===================================
[20180513_132337:2_1.py:188] min, max -----------
max_R = 22, max_G = 83, max_B = 89

===================================
[20180513_132631:2_1.py:193] file : C:/WORKS_2/WS/WS_Others.Art/JVEMV6/46_art/2_image-prog/2_projects/1_sort-out/images/IMG_3171.JPG
[20180513_132631:2_1.py:199] min, max -----------
max_R = 22, max_G = 83, max_B = 89

===================================
[20180516_113639:2_1.py:193] file : C:/WORKS_2/WS/WS_Others.Art/JVEMV6/46_art/2_image-prog/2_projects/1_sort-out/images/IMG_3171.JPG
[20180516_113639:2_1.py:199] min, max -----------
max_R = 22, max_G = 83, max_B = 89

===================================
[20180516_114610:2_1.py:205] result =>
file : C:/WORKS_2/WS/WS_Others.Art/JVEMV6/46_art/2_image-prog/2_projects/1_sort-out/images/IMG_3171.JPG
rows, cells : 280 x 78400
min, max : max_R = 87, max_G = 180, max_B = 179

===================================
[20180516_115518:2_1.py:219] result =>
file : C:/WORKS_2/WS/WS_Others.Art/JVEMV6/46_art/2_image-prog/2_projects/1_sort-out/images/IMG_3171.JPG
rows, cells : 280 x 0
min, max : max_R = 87, max_G = 180, max_B = 179
Rs  16175	7235	8123	8239	7973	6978	5865	4712	3510	2628	1846	1367	951	708	491	387	256	189	131	114	88	87	54	40	35	30	31	21	14	12	11	8	9	5	7	3	3	4	3	4	4	4	2	4	2	1	1	4	3	1	1	3	2	1	2	2	1	2	1	0	2	0	0	3	0	0	0	1	0	0	0	0	0	0	0	0	0	0	0	0	0	1	1	0	2	1	0	1	0	0	0	0	0	0	0	0	0	0	0	0	0	0	0	0	0	0	0	0	0	0	0	0	0	0	0	0	0	0	0	0	0	0	0	0	0	0	0	0	0	0	0	0	0	0	0	0	0	0	0	0	0	0	0	0	0	0	0	0	0	0	0	0	0	0	0	0	0	0	0	0	0	0	0	0	0	0	0	0	0	0	0	0	0	0	0	0	0	0	0	0	0	0	0	0	0	0	0	0	0	0	0	0	0	0	0	0	0	0	0	0	0	0	0	0	0	0	0	0	0	0	0	0	0	0	0	0	0	0	0	0	0	0	0	0	0	0	0	0	0	0	0	0	0	0	0	0	0	0	0	0	0	0	0	0	0	0	0	0	0	0	0	0	0	0	0	

===================================
[20180516_115634:2_1.py:219] result =>
file : C:/WORKS_2/WS/WS_Others.Art/JVEMV6/46_art/2_image-prog/2_projects/1_sort-out/images/IMG_3171.JPG
rows, cells : 280 x 0
min, max : max_R = 87, max_G = 180, max_B = 179
Rs	16175	7235	8123	8239	7973	6978	5865	4712	3510	2628	1846	1367	951	708	491	387	256	189	131	114	88	87	54	40	35	30	31	21	14	12	11	8	9	5	7	3	3	4	3	4	4	4	2	4	2	1	1	4	3	1	1	3	2	1	2	2	1	2	1	0	2	0	0	3	0	0	0	1	0	0	0	0	0	0	0	0	0	0	0	0	0	1	1	0	2	1	0	1	0	0	0	0	0	0	0	0	0	0	0	0	0	0	0	0	0	0	0	0	0	0	0	0	0	0	0	0	0	0	0	0	0	0	0	0	0	0	0	0	0	0	0	0	0	0	0	0	0	0	0	0	0	0	0	0	0	0	0	0	0	0	0	0	0	0	0	0	0	0	0	0	0	0	0	0	0	0	0	0	0	0	0	0	0	0	0	0	0	0	0	0	0	0	0	0	0	0	0	0	0	0	0	0	0	0	0	0	0	0	0	0	0	0	0	0	0	0	0	0	0	0	0	0	0	0	0	0	0	0	0	0	0	0	0	0	0	0	0	0	0	0	0	0	0	0	0	0	0	0	0	0	0	0	0	0	0	0	0	0	0	0	0	0	0	0	0	
Gs	16175	7235	8123	8239	7973	6978	5865	4712	3510	2628	1846	1367	951	708	491	387	256	189	131	114	88	87	54	40	35	30	31	21	14	12	11	8	9	5	7	3	3	4	3	4	4	4	2	4	2	1	1	4	3	1	1	3	2	1	2	2	1	2	1	0	2	0	0	3	0	0	0	1	0	0	0	0	0	0	0	0	0	0	0	0	0	1	1	0	2	1	0	1	0	0	0	0	0	0	0	0	0	0	0	0	0	0	0	0	0	0	0	0	0	0	0	0	0	0	0	0	0	0	0	0	0	0	0	0	0	0	0	0	0	0	0	0	0	0	0	0	0	0	0	0	0	0	0	0	0	0	0	0	0	0	0	0	0	0	0	0	0	0	0	0	0	0	0	0	0	0	0	0	0	0	0	0	0	0	0	0	0	0	0	0	0	0	0	0	0	0	0	0	0	0	0	0	0	0	0	0	0	0	0	0	0	0	0	0	0	0	0	0	0	0	0	0	0	0	0	0	0	0	0	0	0	0	0	0	0	0	0	0	0	0	0	0	0	0	0	0	0	0	0	0	0	0	0	0	0	0	0	0	0	0	0	0	0	0	0	
Bs	16175	7235	8123	8239	7973	6978	5865	4712	3510	2628	1846	1367	951	708	491	387	256	189	131	114	88	87	54	40	35	30	31	21	14	12	11	8	9	5	7	3	3	4	3	4	4	4	2	4	2	1	1	4	3	1	1	3	2	1	2	2	1	2	1	0	2	0	0	3	0	0	0	1	0	0	0	0	0	0	0	0	0	0	0	0	0	1	1	0	2	1	0	1	0	0	0	0	0	0	0	0	0	0	0	0	0	0	0	0	0	0	0	0	0	0	0	0	0	0	0	0	0	0	0	0	0	0	0	0	0	0	0	0	0	0	0	0	0	0	0	0	0	0	0	0	0	0	0	0	0	0	0	0	0	0	0	0	0	0	0	0	0	0	0	0	0	0	0	0	0	0	0	0	0	0	0	0	0	0	0	0	0	0	0	0	0	0	0	0	0	0	0	0	0	0	0	0	0	0	0	0	0	0	0	0	0	0	0	0	0	0	0	0	0	0	0	0	0	0	0	0	0	0	0	0	0	0	0	0	0	0	0	0	0	0	0	0	0	0	0	0	0	0	0	0	0	0	0	0	0	0	0	0	0	0	0	0	0	0	0	

===================================
[20180516_120021:2_1.py:219] result =>
file : C:/WORKS_2/WS/WS_Others.Art/JVEMV6/46_art/2_image-prog/2_projects/1_sort-out/images/IMG_3171.JPG
rows, cells : 280 x 0
min, max : max_R = 87, max_G = 180, max_B = 179
Rs	16175	7235	8123	8239	7973	6978	5865	4712	3510	2628	1846	1367	951	708	491	387	256	189	131	114	88	87	54	40	35	30	31	21	14	12	11	8	9	5	7	3	3	4	3	4	4	4	2	4	2	1	1	4	3	1	1	3	2	1	2	2	1	2	1	0	2	0	0	3	0	0	0	1	0	0	0	0	0	0	0	0	0	0	0	0	0	1	1	0	2	1	0	1	0	0	0	0	0	0	0	0	0	0	0	0	0	0	0	0	0	0	0	0	0	0	0	0	0	0	0	0	0	0	0	0	0	0	0	0	0	0	0	0	0	0	0	0	0	0	0	0	0	0	0	0	0	0	0	0	0	0	0	0	0	0	0	0	0	0	0	0	0	0	0	0	0	0	0	0	0	0	0	0	0	0	0	0	0	0	0	0	0	0	0	0	0	0	0	0	0	0	0	0	0	0	0	0	0	0	0	0	0	0	0	0	0	0	0	0	0	0	0	0	0	0	0	0	0	0	0	0	0	0	0	0	0	0	0	0	0	0	0	0	0	0	0	0	0	0	0	0	0	0	0	0	0	0	0	0	0	0	0	0	0	0	0	0	0	0	0	
Gs	0	0	0	0	0	0	0	0	0	0	0	0	0	0	0	0	0	0	0	0	0	0	0	0	0	0	0	0	0	0	0	0	0	0	0	0	0	1	0	6	10	30	72	130	261	454	736	1106	1490	1900	2388	3047	3515	4010	4333	4596	4817	4830	4746	4310	4124	3765	3298	2994	2540	2291	2040	1576	1402	1192	997	772	685	549	515	390	318	266	230	199	173	163	157	103	83	70	74	77	58	57	42	46	42	39	34	28	31	19	12	16	11	9	12	6	7	3	3	4	7	4	8	3	3	4	3	3	3	1	5	4	3	5	3	2	1	2	2	1	1	3	1	1	1	1	0	0	0	2	0	0	0	0	0	0	0	0	1	1	0	0	0	0	2	1	0	1	0	1	0	0	0	0	0	0	0	0	0	1	0	0	0	0	0	2	0	0	1	0	0	0	2	0	0	0	0	0	0	0	0	0	0	0	0	0	0	0	0	0	0	0	0	0	0	0	0	0	0	0	0	0	0	0	0	0	0	0	0	0	0	0	0	0	0	0	0	0	0	0	0	0	0	0	0	0	0	0	0	0	0	0	0	0	0	0	0	0	0	0	0	0	0	0	0	0	0	
Bs	0	0	0	0	0	0	0	0	0	0	0	0	0	0	0	0	0	0	0	0	0	0	0	0	0	0	0	0	0	0	0	0	0	0	0	0	0	0	0	0	0	1	4	9	20	47	93	170	361	573	898	1324	1844	2436	3009	3577	4086	4724	5002	5017	5057	4950	4426	4108	3704	3149	2758	2510	2099	1822	1543	1335	1163	976	806	693	608	516	404	357	300	253	211	221	158	159	126	90	105	76	65	50	45	38	40	27	22	22	17	18	17	19	10	11	8	3	10	6	4	4	2	7	4	2	8	2	3	4	6	3	2	3	2	3	4	1	1	2	5	0	3	1	1	0	3	0	1	0	0	0	0	0	0	0	0	1	1	0	0	2	0	0	2	0	0	0	1	0	0	0	0	0	0	0	1	0	0	0	0	1	1	0	0	0	0	0	2	0	0	1	0	0	0	0	0	0	0	0	0	0	0	0	0	0	0	0	0	0	0	0	0	0	0	0	0	0	0	0	0	0	0	0	0	0	0	0	0	0	0	0	0	0	0	0	0	0	0	0	0	0	0	0	0	0	0	0	0	0	0	0	0	0	0	0	0	0	0	0	0	0	0	0	0	0	0	

===================================
[20180516_121002:2_1.py:222] result =>
file : C:/WORKS_2/WS/WS_Others.Art/JVEMV6/46_art/2_image-prog/2_projects/1_sort-out/images/IMG_3171.JPG
rows, cells : 280 x 0
index of clips : 0
min, max : max_R = 87, max_G = 180, max_B = 179
Rs	16175	7235	8123	8239	7973	6978	5865	4712	3510	2628	1846	1367	951	708	491	387	256	189	131	114	88	87	54	40	35	30	31	21	14	12	11	8	9	5	7	3	3	4	3	4	4	4	2	4	2	1	1	4	3	1	1	3	2	1	2	2	1	2	1	0	2	0	0	3	0	0	0	1	0	0	0	0	0	0	0	0	0	0	0	0	0	1	1	0	2	1	0	1	0	0	0	0	0	0	0	0	0	0	0	0	0	0	0	0	0	0	0	0	0	0	0	0	0	0	0	0	0	0	0	0	0	0	0	0	0	0	0	0	0	0	0	0	0	0	0	0	0	0	0	0	0	0	0	0	0	0	0	0	0	0	0	0	0	0	0	0	0	0	0	0	0	0	0	0	0	0	0	0	0	0	0	0	0	0	0	0	0	0	0	0	0	0	0	0	0	0	0	0	0	0	0	0	0	0	0	0	0	0	0	0	0	0	0	0	0	0	0	0	0	0	0	0	0	0	0	0	0	0	0	0	0	0	0	0	0	0	0	0	0	0	0	0	0	0	0	0	0	0	0	0	0	0	0	0	0	0	0	0	0	0	0	0	0	0	0	
Gs	0	0	0	0	0	0	0	0	0	0	0	0	0	0	0	0	0	0	0	0	0	0	0	0	0	0	0	0	0	0	0	0	0	0	0	0	0	1	0	6	10	30	72	130	261	454	736	1106	1490	1900	2388	3047	3515	4010	4333	4596	4817	4830	4746	4310	4124	3765	3298	2994	2540	2291	2040	1576	1402	1192	997	772	685	549	515	390	318	266	230	199	173	163	157	103	83	70	74	77	58	57	42	46	42	39	34	28	31	19	12	16	11	9	12	6	7	3	3	4	7	4	8	3	3	4	3	3	3	1	5	4	3	5	3	2	1	2	2	1	1	3	1	1	1	1	0	0	0	2	0	0	0	0	0	0	0	0	1	1	0	0	0	0	2	1	0	1	0	1	0	0	0	0	0	0	0	0	0	1	0	0	0	0	0	2	0	0	1	0	0	0	2	0	0	0	0	0	0	0	0	0	0	0	0	0	0	0	0	0	0	0	0	0	0	0	0	0	0	0	0	0	0	0	0	0	0	0	0	0	0	0	0	0	0	0	0	0	0	0	0	0	0	0	0	0	0	0	0	0	0	0	0	0	0	0	0	0	0	0	0	0	0	0	0	0	0	
Bs	0	0	0	0	0	0	0	0	0	0	0	0	0	0	0	0	0	0	0	0	0	0	0	0	0	0	0	0	0	0	0	0	0	0	0	0	0	0	0	0	0	1	4	9	20	47	93	170	361	573	898	1324	1844	2436	3009	3577	4086	4724	5002	5017	5057	4950	4426	4108	3704	3149	2758	2510	2099	1822	1543	1335	1163	976	806	693	608	516	404	357	300	253	211	221	158	159	126	90	105	76	65	50	45	38	40	27	22	22	17	18	17	19	10	11	8	3	10	6	4	4	2	7	4	2	8	2	3	4	6	3	2	3	2	3	4	1	1	2	5	0	3	1	1	0	3	0	1	0	0	0	0	0	0	0	0	1	1	0	0	2	0	0	2	0	0	0	1	0	0	0	0	0	0	0	1	0	0	0	0	1	1	0	0	0	0	0	2	0	0	1	0	0	0	0	0	0	0	0	0	0	0	0	0	0	0	0	0	0	0	0	0	0	0	0	0	0	0	0	0	0	0	0	0	0	0	0	0	0	0	0	0	0	0	0	0	0	0	0	0	0	0	0	0	0	0	0	0	0	0	0	0	0	0	0	0	0	0	0	0	0	0	0	0	0	0	

===================================
[20180516_121744:2_1.py:223] result =>
file : C:/WORKS_2/WS/WS_Others.Art/JVEMV6/46_art/2_image-prog/2_projects/1_sort-out/images/IMG_3171.JPG
rows, cells : 280 x 0
index of clips : 1 (clp_RB)
min, max : max_R = 169, max_G = 139, max_B = 129
Rs	0	0	0	0	0	0	0	0	0	0	0	0	0	0	0	0	0	0	0	0	0	0	0	0	0	0	0	0	0	0	0	0	0	0	0	0	0	0	0	0	0	0	0	0	1	0	0	0	4	14	19	32	42	75	105	129	206	254	302	394	452	519	500	527	598	580	611	648	657	701	690	687	769	705	738	769	791	816	828	910	909	1022	1037	981	1073	1025	1149	1106	1120	1205	1251	1219	1189	1247	1320	1376	1490	1615	1664	1710	1839	1988	2084	2133	2220	2216	2234	2058	2163	1967	1914	1902	1740	1603	1481	1285	1191	1150	990	832	660	579	471	398	312	234	204	183	117	117	91	57	49	40	25	26	17	13	11	1	4	3	0	7	3	1	1	0	1	0	0	1	0	0	0	0	0	0	0	0	1	0	0	0	0	0	0	1	0	1	0	0	0	0	0	0	0	0	0	0	0	0	0	0	0	0	0	0	0	0	0	0	0	0	0	0	0	0	0	0	0	0	0	0	0	0	0	0	0	0	0	0	0	0	0	0	0	0	0	0	0	0	0	0	0	0	0	0	0	0	0	0	0	0	0	0	0	0	0	0	0	0	0	0	0	0	0	0	0	0	0	0	0	0	0	
Gs	0	0	0	0	0	0	0	0	0	0	0	0	0	0	0	0	0	0	0	0	0	0	0	0	1	0	0	0	0	0	0	3	5	13	20	39	43	99	145	197	278	370	502	554	689	792	826	814	927	960	1006	1026	1073	1091	1088	1149	1197	1303	1358	1327	1461	1519	1547	1589	1687	1774	1875	1947	2044	2249	2340	2441	2604	2615	2715	2673	2490	2446	2389	2230	2085	1879	1794	1649	1457	1288	1155	994	866	772	570	516	376	290	248	200	141	110	103	103	78	46	35	28	21	10	12	10	3	5	1	7	3	7	0	0	2	0	0	2	0	0	1	0	0	0	0	0	1	0	0	0	0	0	0	0	0	1	0	1	0	0	0	0	0	0	0	0	0	0	0	0	0	0	0	0	0	0	0	0	0	0	0	0	0	0	0	0	0	0	0	0	0	0	0	0	0	0	0	0	0	0	0	0	0	0	0	0	0	0	0	0	0	0	0	0	0	0	0	0	0	0	0	0	0	0	0	0	0	0	0	0	0	0	0	0	0	0	0	0	0	0	0	0	0	0	0	0	0	0	0	0	0	0	0	0	0	0	0	0	0	0	0	0	0	0	0	0	0	0	0	0	0	0	0	
Bs	0	0	0	0	0	0	0	0	0	0	0	0	0	0	0	0	0	0	0	0	0	0	0	1	0	0	0	0	0	0	0	1	4	4	4	12	25	54	75	125	198	229	364	490	583	686	776	1035	1078	1231	1338	1518	1538	1662	1821	1860	2117	2289	2429	2798	3107	3250	3460	3671	3562	3602	3441	3351	3299	2919	2675	2421	2198	1898	1607	1411	1201	968	826	674	531	412	346	248	209	173	118	98	82	64	66	37	34	20	13	9	7	4	8	2	5	3	2	4	1	0	0	3	1	0	1	3	0	4	1	0	0	1	0	1	0	0	1	0	0	0	0	1	0	1	0	0	0	0	0	0	0	0	0	0	0	0	0	0	0	0	0	0	0	0	0	0	0	0	0	0	0	0	0	0	0	0	0	0	0	0	0	0	0	0	0	0	0	0	0	0	0	0	0	0	0	0	0	0	0	0	0	0	0	0	0	0	0	0	0	0	0	0	0	0	0	0	0	0	0	0	0	0	0	0	0	0	0	0	0	0	0	0	0	0	0	0	0	0	0	0	0	0	0	0	0	0	0	0	0	0	0	0	0	0	0	0	0	0	0	0	0	0	0	0	0	0	0	0	0	

===================================
[20180516_122103:2_1.py:229] result =>
file : C:/WORKS_2/WS/WS_Others.Art/JVEMV6/46_art/2_image-prog/2_projects/1_sort-out/images/IMG_3171.JPG
rows, cells : 280 x 0
index of clips : 1 (clp_RB)
min, max : max_R = 169, max_G = 139, max_B = 129
color	0	1	2	3	4	5	6	7	8	9	10	11	12	13	14	15	16	17	18	19	20	21	22	23	24	25	26	27	28	29	30	31	32	33	34	35	36	37	38	39	40	41	42	43	44	45	46	47	48	49	50	51	52	53	54	55	56	57	58	59	60	61	62	63	64	65	66	67	68	69	70	71	72	73	74	75	76	77	78	79	80	81	82	83	84	85	86	87	88	89	90	91	92	93	94	95	96	97	98	99	100	101	102	103	104	105	106	107	108	109	110	111	112	113	114	115	116	117	118	119	120	121	122	123	124	125	126	127	128	129	130	131	132	133	134	135	136	137	138	139	140	141	142	143	144	145	146	147	148	149	150	151	152	153	154	155	156	157	158	159	160	161	162	163	164	165	166	167	168	169	170	171	172	173	174	175	176	177	178	179	180	181	182	183	184	185	186	187	188	189	190	191	192	193	194	195	196	197	198	199	200	201	202	203	204	205	206	207	208	209	210	211	212	213	214	215	216	217	218	219	220	221	222	223	224	225	226	227	228	229	230	231	232	233	234	235	236	237	238	239	240	241	242	243	244	245	246	247	248	249	250	251	252	253	254
Rs	0	0	0	0	0	0	0	0	0	0	0	0	0	0	0	0	0	0	0	0	0	0	0	0	0	0	0	0	0	0	0	0	0	0	0	0	0	0	0	0	0	0	0	0	1	0	0	0	4	14	19	32	42	75	105	129	206	254	302	394	452	519	500	527	598	580	611	648	657	701	690	687	769	705	738	769	791	816	828	910	909	1022	1037	981	1073	1025	1149	1106	1120	1205	1251	1219	1189	1247	1320	1376	1490	1615	1664	1710	1839	1988	2084	2133	2220	2216	2234	2058	2163	1967	1914	1902	1740	1603	1481	1285	1191	1150	990	832	660	579	471	398	312	234	204	183	117	117	91	57	49	40	25	26	17	13	11	1	4	3	0	7	3	1	1	0	1	0	0	1	0	0	0	0	0	0	0	0	1	0	0	0	0	0	0	1	0	1	0	0	0	0	0	0	0	0	0	0	0	0	0	0	0	0	0	0	0	0	0	0	0	0	0	0	0	0	0	0	0	0	0	0	0	0	0	0	0	0	0	0	0	0	0	0	0	0	0	0	0	0	0	0	0	0	0	0	0	0	0	0	0	0	0	0	0	0	0	0	0	0	0	0	0	0	0	0	0	0	0	0	0	0	0	
Gs	0	0	0	0	0	0	0	0	0	0	0	0	0	0	0	0	0	0	0	0	0	0	0	0	1	0	0	0	0	0	0	3	5	13	20	39	43	99	145	197	278	370	502	554	689	792	826	814	927	960	1006	1026	1073	1091	1088	1149	1197	1303	1358	1327	1461	1519	1547	1589	1687	1774	1875	1947	2044	2249	2340	2441	2604	2615	2715	2673	2490	2446	2389	2230	2085	1879	1794	1649	1457	1288	1155	994	866	772	570	516	376	290	248	200	141	110	103	103	78	46	35	28	21	10	12	10	3	5	1	7	3	7	0	0	2	0	0	2	0	0	1	0	0	0	0	0	1	0	0	0	0	0	0	0	0	1	0	1	0	0	0	0	0	0	0	0	0	0	0	0	0	0	0	0	0	0	0	0	0	0	0	0	0	0	0	0	0	0	0	0	0	0	0	0	0	0	0	0	0	0	0	0	0	0	0	0	0	0	0	0	0	0	0	0	0	0	0	0	0	0	0	0	0	0	0	0	0	0	0	0	0	0	0	0	0	0	0	0	0	0	0	0	0	0	0	0	0	0	0	0	0	0	0	0	0	0	0	0	0	0	0	0	0	0	0	0	0	0	0	0	0	0	0	
Bs	0	0	0	0	0	0	0	0	0	0	0	0	0	0	0	0	0	0	0	0	0	0	0	1	0	0	0	0	0	0	0	1	4	4	4	12	25	54	75	125	198	229	364	490	583	686	776	1035	1078	1231	1338	1518	1538	1662	1821	1860	2117	2289	2429	2798	3107	3250	3460	3671	3562	3602	3441	3351	3299	2919	2675	2421	2198	1898	1607	1411	1201	968	826	674	531	412	346	248	209	173	118	98	82	64	66	37	34	20	13	9	7	4	8	2	5	3	2	4	1	0	0	3	1	0	1	3	0	4	1	0	0	1	0	1	0	0	1	0	0	0	0	1	0	1	0	0	0	0	0	0	0	0	0	0	0	0	0	0	0	0	0	0	0	0	0	0	0	0	0	0	0	0	0	0	0	0	0	0	0	0	0	0	0	0	0	0	0	0	0	0	0	0	0	0	0	0	0	0	0	0	0	0	0	0	0	0	0	0	0	0	0	0	0	0	0	0	0	0	0	0	0	0	0	0	0	0	0	0	0	0	0	0	0	0	0	0	0	0	0	0	0	0	0	0	0	0	0	0	0	0	0	0	0	0	0	0	0	0	0	0	0	0	0	0	0	0	0	0	0	

