#ref https://github.com/vishnubob/python-midi/issues/119
(env) C:\WORKS_2\WS\WS_Others\JVEMV6\46_art\3_\1_>pip install git+https://github
.com/vishnubob/python-midi@feature/python3
Collecting git+https://github.com/vishnubob/python-midi@feature/python3
  Cloning https://github.com/vishnubob/python-midi (to feature/python3) to c:\us
ers\iwabuc~1\appdata\local\temp\pip-al_w2_qk-build
Installing collected packages: midi
  Running setup.py install for midi ... done
Successfully installed midi-0.2.3
You are using pip version 9.0.1, however version 9.0.2 is available.
You should consider upgrading via the 'python -m pip install --upgrade pip' comm
and.

(env) C:\WORKS_2\WS\WS_Others\JVEMV6\46_art\3_\1_>pip list
DEPRECATION: The default format will switch to columns in the future. You can us
e --format=(legacy|columns) (or define a format=(legacy|columns) in your pip.con
f under the [list] section) to disable this warning.
clipboard (0.0.4)
cycler (0.10.0)
Cython (0.27.3)
Django (1.10)
matplotlib (2.1.2)
midi (0.2.3)
mido (1.2.8)
mpmath (1.0.0)
numpy (1.14.0)
opencv-contrib-python (3.4.0.12)
pandas (0.22.0)
patsy (0.5.0)
pip (9.0.1)
pretty-midi (0.2.8)
pyparsing (2.2.0)
pyperclip (1.6.0)
python-dateutil (2.6.1)
pytz (2017.3)
scikit-learn (0.19.1)
scipy (1.0.0)
setuptools (38.4.0)
six (1.11.0)
statsmodels (0.8.0)
sympy (1.1.1)
wheel (0.30.0)
You are using pip version 9.0.1, however version 9.0.2 is available.
You should consider upgrading via the 'python -m pip install --upgrade pip' comm
and.

(env) C:\WORKS_2\WS\WS_Others\JVEMV6\46_art\3_\1_>python
Python 3.5.1 (v3.5.1:37a07cee5969, Dec  6 2015, 01:54:25) [MSC v.1900 64 bit (AM
D64)] on win32
Type "help", "copyright", "credits" or "license" for more information.
>>> import midi
>>>

