[20180913_065244 / views.py:1573] exec_get_4_corners(request) ================================
[20180913_065246 / lib_ip.py:1960] lo_Color_Names =>
img.20180913_065245.2018-09-12_17-24-22_000.jpg.1.png => other
img.20180913_065245.2018-09-12_17-24-22_000.jpg.2.png => red
img.20180913_065245.2018-09-12_17-24-22_000.jpg.3.png => other
img.20180913_065245.2018-09-12_17-24-22_000.jpg.4.png => other
[20180913_065246 / lib_ip.py:4330] 
2018-09-12_17-24-22_000.jpg 0
[20180913_065246 / lib_ip.py:3794] file = 2018-09-12_17-24-22_000.jpg / val_Average = 107.2775	val_Variance = 1.8437	sd = 1.3578	max = 110	min = 101
[20180913_065247 / lib_ip.py:3877] len(Hs) = 8100, len(Ss) = 8100, len(Vs) = 8100
[20180913_065247 / lib_ip.py:3910] yellow : variance --> out of range (variance = 1.844 / upper = 0.650 / lower = 0.000)
[20180913_065247 / lib_ip.py:3794] file = 2018-09-12_17-24-22_000.jpg / val_Average = 107.2775	val_Variance = 1.8437	sd = 1.3578	max = 110	min = 101
[20180913_065247 / lib_ip.py:3977] len(Hs) = 8100, len(Ss) = 8100, len(Vs) = 8100
[20180913_065247 / lib_ip.py:4023] red : variance --> out of range (variance = 1.844 / upper = 0.430 / lower = 0.000)
[20180913_065247 / lib_ip.py:3794] file = 2018-09-12_17-24-22_000.jpg / val_Average = 107.2775	val_Variance = 1.8437	sd = 1.3578	max = 110	min = 101
[20180913_065247 / lib_ip.py:4090] len(Hs) = 8100, len(Ss) = 8100, len(Vs) = 8100
[20180913_065247 / lib_ip.py:4137] green : variance --> out of range (variance = 1.844 / upper = 0.750 / lower = 0.000)
[20180913_065247 / lib_ip.py:3794] file = 2018-09-12_17-24-22_000.jpg / val_Average = 107.2775	val_Variance = 1.8437	sd = 1.3578	max = 110	min = 101
[20180913_065247 / lib_ip.py:4204] len(Hs) = 8100, len(Ss) = 8100, len(Vs) = 8100
[20180913_065247 / lib_ip.py:4248] black : variance --> out of range (variance = 1.844 / upper = 0.000 / lower = 0.000)
[20180913_065247 / lib_ip.py:4398] file : 2018-09-12_17-24-22_000.jpg 0 (black : variance --> out of range (variance = 1.844 / upper = 0.000 / lower = 0.000))
[20180913_065247 / lib_ip.py:4330] 
2018-09-12_17-24-22_000.jpg 1
[20180913_065247 / lib_ip.py:3794] file = 2018-09-12_17-24-22_000.jpg / val_Average = 120.9238	val_Variance = 0.1202	sd = 0.3468	max = 123	min = 115
[20180913_065247 / lib_ip.py:3877] len(Hs) = 8100, len(Ss) = 8100, len(Vs) = 8100
[20180913_065247 / lib_ip.py:3932] yellow : average --> out of range (average = 120.924 / upper = 99.200 / lower = 88.000)
[20180913_065248 / lib_ip.py:3794] file = 2018-09-12_17-24-22_000.jpg / val_Average = 120.9238	val_Variance = 0.1202	sd = 0.3468	max = 123	min = 115
[20180913_065248 / lib_ip.py:3977] len(Hs) = 8100, len(Ss) = 8100, len(Vs) = 8100
[20180913_065248 / lib_ip.py:4330] 
2018-09-12_17-24-22_000.jpg 2
[20180913_065248 / lib_ip.py:3794] file = 2018-09-12_17-24-22_000.jpg / val_Average = 75.7912	val_Variance = 0.3183	sd = 0.5642	max = 78	min = 74
[20180913_065248 / lib_ip.py:3877] len(Hs) = 8100, len(Ss) = 8100, len(Vs) = 8100
[20180913_065248 / lib_ip.py:3932] yellow : average --> out of range (average = 75.791 / upper = 99.200 / lower = 88.000)
[20180913_065248 / lib_ip.py:3794] file = 2018-09-12_17-24-22_000.jpg / val_Average = 75.7912	val_Variance = 0.3183	sd = 0.5642	max = 78	min = 74
[20180913_065248 / lib_ip.py:3977] len(Hs) = 8100, len(Ss) = 8100, len(Vs) = 8100
[20180913_065248 / lib_ip.py:4048] red : average --> out of range (average = 75.791 / upper = 124.000 / lower = 115.000)
[20180913_065248 / lib_ip.py:3794] file = 2018-09-12_17-24-22_000.jpg / val_Average = 75.7912	val_Variance = 0.3183	sd = 0.5642	max = 78	min = 74
[20180913_065248 / lib_ip.py:4090] len(Hs) = 8100, len(Ss) = 8100, len(Vs) = 8100
[20180913_065248 / lib_ip.py:4330] 
2018-09-12_17-24-22_000.jpg 3
[20180913_065248 / lib_ip.py:3794] file = 2018-09-12_17-24-22_000.jpg / val_Average = 76.5809	val_Variance = 0.2435	sd = 0.4934	max = 77	min = 76
[20180913_065248 / lib_ip.py:3877] len(Hs) = 8100, len(Ss) = 8100, len(Vs) = 8100
[20180913_065249 / lib_ip.py:3932] yellow : average --> out of range (average = 76.581 / upper = 99.200 / lower = 88.000)
[20180913_065249 / lib_ip.py:3794] file = 2018-09-12_17-24-22_000.jpg / val_Average = 76.5809	val_Variance = 0.2435	sd = 0.4934	max = 77	min = 76
[20180913_065249 / lib_ip.py:3977] len(Hs) = 8100, len(Ss) = 8100, len(Vs) = 8100
[20180913_065249 / lib_ip.py:4048] red : average --> out of range (average = 76.581 / upper = 124.000 / lower = 115.000)
[20180913_065249 / lib_ip.py:3794] file = 2018-09-12_17-24-22_000.jpg / val_Average = 76.5809	val_Variance = 0.2435	sd = 0.4934	max = 77	min = 76
[20180913_065249 / lib_ip.py:4090] len(Hs) = 8100, len(Ss) = 8100, len(Vs) = 8100
[20180913_065249 / lib_ip.py:2020] lo_Color_Names_2 =>
file = img.20180913_065245.2018-09-12_17-24-22_000.jpg.1.png / color name = other
file = img.20180913_065245.2018-09-12_17-24-22_000.jpg.2.png / color name = red
file = img.20180913_065245.2018-09-12_17-24-22_000.jpg.3.png / color name = green
file = img.20180913_065245.2018-09-12_17-24-22_000.jpg.4.png / color name = green
