
where pip

C:\WORKS_2\WS\
WS_Others\prog\D-7\2_2\VIRTUAL\env\Scripts\pip.exe

pip install li

brosa
Collecting lib
rosa
  Downloading
librosa-0.6.0.tar.gz (1.5MB)
    100% |####
############################| 1.5MB 393kB/s
Collecting aud
ioread>=2.0.0 (from librosa)
  Downloading
audioread-2.1.5.tar.gz
Requirement al
ready satisfied: numpy>=1.8.0 in c:\works_2\ws\ws_others\prog\d-7\
2_2\virtual\en
v\lib\site-packages (from librosa)

Requirement al
ready satisfied: scipy>=0.14.0 in c:\works_2\ws\ws_others\prog\d-7
\2_2\virtual\e
nv\lib\site-packages (from librosa)

Requirement al
ready satisfied: scikit-learn!=0.19.0,>=0.14.0 in c:\works_2\ws\ws
_others\prog\d
-7\2_2\virtual\env\lib\site-packages (from librosa)

Collecting job
lib>=0.7.0 (from librosa)
  Downloading
joblib-0.11-py2.py3-none-any.whl (176kB)
    100% |####
############################| 184kB 731kB/s
Collecting dec
orator>=3.0.0 (from librosa)
  Downloading
decorator-4.2.1-py2.py3-none-any.whl
Requirement al
ready satisfied: six>=1.3 in c:\works_2\ws\ws_others\prog\d-7\2_2\
virtual\env\li
b\site-packages (from librosa)

Collecting res
ampy>=0.2.0 (from librosa)
  Downloading
resampy-0.2.0.tar.gz (322kB)
    100% |####
############################| 327kB 639kB/s
Collecting num
ba>=0.32 (from resampy>=0.2.0->librosa)
  Downloading
numba-0.37.0-cp35-cp35m-win_amd64.whl (1.5MB)
    100% |####
############################| 1.5MB 242kB/s
Collecting llv
mlite>=0.22.0.dev0 (from numba>=0.32->resampy>=0.2.0->librosa)
  Downloading
llvmlite-0.22.0-cp35-cp35m-win_amd64.whl (9.8MB)
    100% |####
############################| 9.8MB 95kB/s
Building wheel
s for collected packages: librosa, audioread, resampy
  Running setu
p.py bdist_wheel for librosa ... done
  Stored in di
rectory: C:\Users\iwabuchiken\AppData\Local\pip\Cache\wheels\d0\a6
\30\ccafa79ab2
3bc8310b3a2530f26f9fb5eaac87ba558bc4c11c

  Running setu
p.py bdist_wheel for audioread ... done
  Stored in di
rectory: C:\Users\iwabuchiken\AppData\Local\pip\Cache\wheels\47\cc
\d8\e1476000d1
720a72117ef5c0b1a51388b8567ebfface47ede7

  Running setu
p.py bdist_wheel for resampy ... done
  Stored in di
rectory: C:\Users\iwabuchiken\AppData\Local\pip\Cache\wheels\c6\8e
\c0\4c40297278
9ddf6d2d701468417de19d0cad28bd698a867e2d

Successfully b
uilt librosa audioread resampy
Installing col
lected packages: audioread, joblib, decorator, llvmlite, numba, re
sampy, librosa
Successfully i
nstalled audioread-2.1.5 decorator-4.2.1 joblib-0.11 librosa-0.6.0
 llvmlite-0.22
.0 numba-0.37.0 resampy-0.2.0
You are using
pip version 9.0.1, however version 9.0.3 is available.
You should con
sider upgrading via the 'python -m pip install --upgrade pip' comm
and.
