[20190205_150202 / views.py:1878] exec_get_4_corners(request) ================================
[20190205_150205 / lib_ip.py:1961] lo_Color_Names =>
img.20190205_150203.2019-02-04_09-48-36_000.jpg.1.png => other
img.20190205_150203.2019-02-04_09-48-36_000.jpg.2.png => other
img.20190205_150203.2019-02-04_09-48-36_000.jpg.3.png => other
img.20190205_150203.2019-02-04_09-48-36_000.jpg.4.png => other
[20190205_150205 / lib_ip.py:4505] 
2019-02-04_09-48-36_000.jpg 0 ---------------------
[20190205_150205 / lib_ip.py:3753] file = 2019-02-04_09-48-36_000.jpg / val_Average = 130.0647	val_Variance = 0.2704	sd = 0.5200	max = 132	min = 128
[20190205_150205 / lib_ip.py:3836] len(Hs) = 8100, len(Ss) = 8100, len(Vs) = 8100
[20190205_150205 / lib_ip.py:3891] yellow : average --> out of range (average = 130.065 / upper = 99.200 / lower = 85.500)
[20190205_150205 / lib_ip.py:3753] file = 2019-02-04_09-48-36_000.jpg / val_Average = 130.0647	val_Variance = 0.2704	sd = 0.5200	max = 132	min = 128
[20190205_150205 / lib_ip.py:3936] len(Hs) = 8100, len(Ss) = 8100, len(Vs) = 8100
[20190205_150206 / lib_ip.py:4007] red : average --> out of range (average = 130.065 / upper = 124.000 / lower = 115.000)
[20190205_150206 / lib_ip.py:3753] file = 2019-02-04_09-48-36_000.jpg / val_Average = 130.0647	val_Variance = 0.2704	sd = 0.5200	max = 132	min = 128
[20190205_150206 / lib_ip.py:4052] len(Hs) = 8100, len(Ss) = 8100, len(Vs) = 8100
[20190205_150206 / lib_ip.py:4124] green : average --> out of range (average = 130.065 / upper = 85.000 / lower = 58.000)
[20190205_150206 / lib_ip.py:3753] file = 2019-02-04_09-48-36_000.jpg / val_Average = 130.0647	val_Variance = 0.2704	sd = 0.5200	max = 132	min = 128
[20190205_150206 / lib_ip.py:4169] len(Hs) = 8100, len(Ss) = 8100, len(Vs) = 8100
[20190205_150206 / lib_ip.py:4230] blue : average --> out of range (average = 130.065 / upper = 17.000 / lower = 8.850)
[20190205_150206 / lib_ip.py:3753] file = 2019-02-04_09-48-36_000.jpg / val_Average = 130.0647	val_Variance = 0.2704	sd = 0.5200	max = 132	min = 128
[20190205_150206 / lib_ip.py:4275] len(Hs) = 8100, len(Ss) = 8100, len(Vs) = 8100
