[20190322_081231 / views.py:1822] gen_Cake_CSV(request) ==> starting... =======================
[20190322_081232 / lib_ip.py:2274] inspecting ===> img.20190322_081232.2019-03-21_08-08-30_000.jpg.1.png
[20190322_081232 / lib_ip.py:4505] 
img.20190322_081232.2019-03-21_08-08-30_000.jpg.1.png 0 ---------------------
[20190322_081233 / lib_ip.py:3753] file = img.20190322_081232.2019-03-21_08-08-30_000.jpg.1.png / val_Average = 73.3501	val_Variance = 1180.6552	sd = 34.3607	max = 160	min = 0
[20190322_081233 / lib_ip.py:3836] len(Hs) = 8100, len(Ss) = 8100, len(Vs) = 8100
[20190322_081233 / lib_ip.py:3869] yellow : variance --> out of range (variance = 1180.655 / upper = 0.650 / lower = 0.000)
[20190322_081233 / lib_ip.py:3753] file = img.20190322_081232.2019-03-21_08-08-30_000.jpg.1.png / val_Average = 73.3501	val_Variance = 1180.6552	sd = 34.3607	max = 160	min = 0
[20190322_081233 / lib_ip.py:3936] len(Hs) = 8100, len(Ss) = 8100, len(Vs) = 8100
[20190322_081233 / lib_ip.py:3982] red : variance --> out of range (variance = 1180.655 / upper = 0.430 / lower = 0.000)
[20190322_081233 / lib_ip.py:3753] file = img.20190322_081232.2019-03-21_08-08-30_000.jpg.1.png / val_Average = 73.3501	val_Variance = 1180.6552	sd = 34.3607	max = 160	min = 0
[20190322_081233 / lib_ip.py:4052] len(Hs) = 8100, len(Ss) = 8100, len(Vs) = 8100
[20190322_081233 / lib_ip.py:4099] green : variance --> out of range (variance = 1180.655 / upper = 0.760 / lower = 0.000)
[20190322_081233 / lib_ip.py:3753] file = img.20190322_081232.2019-03-21_08-08-30_000.jpg.1.png / val_Average = 73.3501	val_Variance = 1180.6552	sd = 34.3607	max = 160	min = 0
[20190322_081233 / lib_ip.py:4169] len(Hs) = 8100, len(Ss) = 8100, len(Vs) = 8100
[20190322_081233 / lib_ip.py:4208] blue : variance --> out of range (variance = 1180.655 / upper = 0.930 / lower = 0.010)
[20190322_081233 / lib_ip.py:3753] file = img.20190322_081232.2019-03-21_08-08-30_000.jpg.1.png / val_Average = 73.3501	val_Variance = 1180.6552	sd = 34.3607	max = 160	min = 0
[20190322_081233 / lib_ip.py:4275] len(Hs) = 8100, len(Ss) = 8100, len(Vs) = 8100
[20190322_081233 / lib_ip.py:4314] pink : variance --> out of range (variance = 1180.655 / upper = 0.750 / lower = 0.030)
[20190322_081233 / lib_ip.py:3753] file = img.20190322_081232.2019-03-21_08-08-30_000.jpg.1.png / val_Average = 73.3501	val_Variance = 1180.6552	sd = 34.3607	max = 160	min = 0
[20190322_081233 / lib_ip.py:4378] len(Hs) = 8100, len(Ss) = 8100, len(Vs) = 8100
[20190322_081233 / lib_ip.py:4422] black : variance --> out of range (variance = 1180.655 / upper = 0.000 / lower = 0.000)
[20190322_081233 / lib_ip.py:4593] file : img.20190322_081232.2019-03-21_08-08-30_000.jpg.1.png 0 (black : variance --> out of range (variance = 1180.655 / upper = 0.000 / lower = 0.000))
[20190322_081233 / lib_ip.py:2274] inspecting ===> img.20190322_081232.2019-03-21_08-08-30_000.jpg.2.png
[20190322_081233 / lib_ip.py:4505] 
img.20190322_081232.2019-03-21_08-08-30_000.jpg.2.png 1 ---------------------
[20190322_081234 / lib_ip.py:3753] file = img.20190322_081232.2019-03-21_08-08-30_000.jpg.2.png / val_Average = 76.1773	val_Variance = 0.1459	sd = 0.3819	max = 77	min = 76
[20190322_081234 / lib_ip.py:3836] len(Hs) = 8100, len(Ss) = 8100, len(Vs) = 8100
[20190322_081234 / lib_ip.py:3891] yellow : average --> out of range (average = 76.177 / upper = 99.200 / lower = 85.500)
[20190322_081234 / lib_ip.py:3753] file = img.20190322_081232.2019-03-21_08-08-30_000.jpg.2.png / val_Average = 76.1773	val_Variance = 0.1459	sd = 0.3819	max = 77	min = 76
[20190322_081234 / lib_ip.py:3936] len(Hs) = 8100, len(Ss) = 8100, len(Vs) = 8100
[20190322_081234 / lib_ip.py:4007] red : average --> out of range (average = 76.177 / upper = 124.600 / lower = 115.000)
[20190322_081234 / lib_ip.py:3753] file = img.20190322_081232.2019-03-21_08-08-30_000.jpg.2.png / val_Average = 76.1773	val_Variance = 0.1459	sd = 0.3819	max = 77	min = 76
[20190322_081234 / lib_ip.py:4052] len(Hs) = 8100, len(Ss) = 8100, len(Vs) = 8100
[20190322_081234 / lib_ip.py:2274] inspecting ===> img.20190322_081232.2019-03-21_08-08-30_000.jpg.3.png
[20190322_081234 / lib_ip.py:4505] 
img.20190322_081232.2019-03-21_08-08-30_000.jpg.3.png 2 ---------------------
[20190322_081234 / lib_ip.py:3753] file = img.20190322_081232.2019-03-21_08-08-30_000.jpg.3.png / val_Average = 104.6212	val_Variance = 0.3909	sd = 0.6252	max = 107	min = 103
[20190322_081234 / lib_ip.py:3836] len(Hs) = 8100, len(Ss) = 8100, len(Vs) = 8100
[20190322_081234 / lib_ip.py:3891] yellow : average --> out of range (average = 104.621 / upper = 99.200 / lower = 85.500)
[20190322_081234 / lib_ip.py:3753] file = img.20190322_081232.2019-03-21_08-08-30_000.jpg.3.png / val_Average = 104.6212	val_Variance = 0.3909	sd = 0.6252	max = 107	min = 103
[20190322_081234 / lib_ip.py:3936] len(Hs) = 8100, len(Ss) = 8100, len(Vs) = 8100
[20190322_081234 / lib_ip.py:4007] red : average --> out of range (average = 104.621 / upper = 124.600 / lower = 115.000)
[20190322_081235 / lib_ip.py:3753] file = img.20190322_081232.2019-03-21_08-08-30_000.jpg.3.png / val_Average = 104.6212	val_Variance = 0.3909	sd = 0.6252	max = 107	min = 103
[20190322_081235 / lib_ip.py:4052] len(Hs) = 8100, len(Ss) = 8100, len(Vs) = 8100
[20190322_081235 / lib_ip.py:4124] green : average --> out of range (average = 104.621 / upper = 85.000 / lower = 58.000)
[20190322_081235 / lib_ip.py:3753] file = img.20190322_081232.2019-03-21_08-08-30_000.jpg.3.png / val_Average = 104.6212	val_Variance = 0.3909	sd = 0.6252	max = 107	min = 103
[20190322_081235 / lib_ip.py:4169] len(Hs) = 8100, len(Ss) = 8100, len(Vs) = 8100
[20190322_081235 / lib_ip.py:4230] blue : average --> out of range (average = 104.621 / upper = 17.000 / lower = 8.850)
[20190322_081235 / lib_ip.py:3753] file = img.20190322_081232.2019-03-21_08-08-30_000.jpg.3.png / val_Average = 104.6212	val_Variance = 0.3909	sd = 0.6252	max = 107	min = 103
[20190322_081235 / lib_ip.py:4275] len(Hs) = 8100, len(Ss) = 8100, len(Vs) = 8100
[20190322_081235 / lib_ip.py:4336] pink : average --> out of range (average = 104.621 / upper = 141.000 / lower = 127.900)
[20190322_081235 / lib_ip.py:3753] file = img.20190322_081232.2019-03-21_08-08-30_000.jpg.3.png / val_Average = 104.6212	val_Variance = 0.3909	sd = 0.6252	max = 107	min = 103
[20190322_081235 / lib_ip.py:4378] len(Hs) = 8100, len(Ss) = 8100, len(Vs) = 8100
[20190322_081235 / lib_ip.py:4422] black : variance --> out of range (variance = 0.391 / upper = 0.000 / lower = 0.000)
[20190322_081235 / lib_ip.py:4593] file : img.20190322_081232.2019-03-21_08-08-30_000.jpg.3.png 2 (black : variance --> out of range (variance = 0.391 / upper = 0.000 / lower = 0.000))
[20190322_081235 / lib_ip.py:2274] inspecting ===> img.20190322_081232.2019-03-21_08-08-30_000.jpg.4.png
[20190322_081235 / lib_ip.py:4505] 
img.20190322_081232.2019-03-21_08-08-30_000.jpg.4.png 3 ---------------------
[20190322_081236 / lib_ip.py:3753] file = img.20190322_081232.2019-03-21_08-08-30_000.jpg.4.png / val_Average = 75.5747	val_Variance = 0.2447	sd = 0.4946	max = 77	min = 75
[20190322_081236 / lib_ip.py:3836] len(Hs) = 8100, len(Ss) = 8100, len(Vs) = 8100
[20190322_081236 / lib_ip.py:3891] yellow : average --> out of range (average = 75.575 / upper = 99.200 / lower = 85.500)
[20190322_081236 / lib_ip.py:3753] file = img.20190322_081232.2019-03-21_08-08-30_000.jpg.4.png / val_Average = 75.5747	val_Variance = 0.2447	sd = 0.4946	max = 77	min = 75
[20190322_081236 / lib_ip.py:3936] len(Hs) = 8100, len(Ss) = 8100, len(Vs) = 8100
[20190322_081236 / lib_ip.py:4007] red : average --> out of range (average = 75.575 / upper = 124.600 / lower = 115.000)
[20190322_081236 / lib_ip.py:3753] file = img.20190322_081232.2019-03-21_08-08-30_000.jpg.4.png / val_Average = 75.5747	val_Variance = 0.2447	sd = 0.4946	max = 77	min = 75
[20190322_081236 / lib_ip.py:4052] len(Hs) = 8100, len(Ss) = 8100, len(Vs) = 8100
[20190322_081235 / lib_ip.py:2274] inspecting ===> img.20190322_081232.2019-03-21_08-08-30_000.jpg.4.png
img.20190322_081232.2019-03-21_08-08-30_000.jpg.1.png => other
img.20190322_081232.2019-03-21_08-08-30_000.jpg.2.png => other
img.20190322_081232.2019-03-21_08-08-30_000.jpg.3.png => other
img.20190322_081232.2019-03-21_08-08-30_000.jpg.4.png => other
[20190322_081236 lib_ip.py:3301] =============== Get 4 corners
dpath_Images = C:\WORKS_2\WS\WS_Others.Art\JVEMV6\46_art\VIRTUAL\Admin_Projects\ip\images
fname_Image = img.20190322_081232.2019-03-21_08-08-30_000.jpg.4.png

[20190322_081237 / lib_ip.py:2274] inspecting ===> img.20190322_081237.2019-03-21_09-05-19_000.jpg.1.png
[20190322_081237 / lib_ip.py:4505] 
img.20190322_081237.2019-03-21_09-05-19_000.jpg.1.png 0 ---------------------
[20190322_081237 / lib_ip.py:3753] file = img.20190322_081237.2019-03-21_09-05-19_000.jpg.1.png / val_Average = 37.7722	val_Variance = 3101.9090	sd = 55.6948	max = 178	min = 0
[20190322_081237 / lib_ip.py:3836] len(Hs) = 8100, len(Ss) = 8100, len(Vs) = 8100
[20190322_081237 / lib_ip.py:3869] yellow : variance --> out of range (variance = 3101.909 / upper = 0.650 / lower = 0.000)
[20190322_081238 / lib_ip.py:3753] file = img.20190322_081237.2019-03-21_09-05-19_000.jpg.1.png / val_Average = 37.7722	val_Variance = 3101.9090	sd = 55.6948	max = 178	min = 0
[20190322_081238 / lib_ip.py:3936] len(Hs) = 8100, len(Ss) = 8100, len(Vs) = 8100
[20190322_081238 / lib_ip.py:3982] red : variance --> out of range (variance = 3101.909 / upper = 0.430 / lower = 0.000)
[20190322_081238 / lib_ip.py:3753] file = img.20190322_081237.2019-03-21_09-05-19_000.jpg.1.png / val_Average = 37.7722	val_Variance = 3101.9090	sd = 55.6948	max = 178	min = 0
[20190322_081238 / lib_ip.py:4052] len(Hs) = 8100, len(Ss) = 8100, len(Vs) = 8100
[20190322_081238 / lib_ip.py:4099] green : variance --> out of range (variance = 3101.909 / upper = 0.760 / lower = 0.000)
[20190322_081238 / lib_ip.py:3753] file = img.20190322_081237.2019-03-21_09-05-19_000.jpg.1.png / val_Average = 37.7722	val_Variance = 3101.9090	sd = 55.6948	max = 178	min = 0
[20190322_081238 / lib_ip.py:4169] len(Hs) = 8100, len(Ss) = 8100, len(Vs) = 8100
[20190322_081238 / lib_ip.py:4208] blue : variance --> out of range (variance = 3101.909 / upper = 0.930 / lower = 0.010)
[20190322_081238 / lib_ip.py:3753] file = img.20190322_081237.2019-03-21_09-05-19_000.jpg.1.png / val_Average = 37.7722	val_Variance = 3101.9090	sd = 55.6948	max = 178	min = 0
[20190322_081238 / lib_ip.py:4275] len(Hs) = 8100, len(Ss) = 8100, len(Vs) = 8100
[20190322_081238 / lib_ip.py:4314] pink : variance --> out of range (variance = 3101.909 / upper = 0.750 / lower = 0.030)
[20190322_081238 / lib_ip.py:3753] file = img.20190322_081237.2019-03-21_09-05-19_000.jpg.1.png / val_Average = 37.7722	val_Variance = 3101.9090	sd = 55.6948	max = 178	min = 0
[20190322_081238 / lib_ip.py:4378] len(Hs) = 8100, len(Ss) = 8100, len(Vs) = 8100
[20190322_081238 / lib_ip.py:4422] black : variance --> out of range (variance = 3101.909 / upper = 0.000 / lower = 0.000)
[20190322_081239 / lib_ip.py:4593] file : img.20190322_081237.2019-03-21_09-05-19_000.jpg.1.png 0 (black : variance --> out of range (variance = 3101.909 / upper = 0.000 / lower = 0.000))
[20190322_081239 / lib_ip.py:2274] inspecting ===> img.20190322_081237.2019-03-21_09-05-19_000.jpg.2.png
[20190322_081239 / lib_ip.py:4505] 
img.20190322_081237.2019-03-21_09-05-19_000.jpg.2.png 1 ---------------------
[20190322_081239 / lib_ip.py:3753] file = img.20190322_081237.2019-03-21_09-05-19_000.jpg.2.png / val_Average = 99.3521	val_Variance = 1.9466	sd = 1.3952	max = 103	min = 96
[20190322_081239 / lib_ip.py:3836] len(Hs) = 8100, len(Ss) = 8100, len(Vs) = 8100
[20190322_081239 / lib_ip.py:3869] yellow : variance --> out of range (variance = 1.947 / upper = 0.650 / lower = 0.000)
[20190322_081239 / lib_ip.py:3753] file = img.20190322_081237.2019-03-21_09-05-19_000.jpg.2.png / val_Average = 99.3521	val_Variance = 1.9466	sd = 1.3952	max = 103	min = 96
[20190322_081239 / lib_ip.py:3936] len(Hs) = 8100, len(Ss) = 8100, len(Vs) = 8100
[20190322_081239 / lib_ip.py:3982] red : variance --> out of range (variance = 1.947 / upper = 0.430 / lower = 0.000)
[20190322_081239 / lib_ip.py:3753] file = img.20190322_081237.2019-03-21_09-05-19_000.jpg.2.png / val_Average = 99.3521	val_Variance = 1.9466	sd = 1.3952	max = 103	min = 96
[20190322_081239 / lib_ip.py:4052] len(Hs) = 8100, len(Ss) = 8100, len(Vs) = 8100
[20190322_081239 / lib_ip.py:4099] green : variance --> out of range (variance = 1.947 / upper = 0.760 / lower = 0.000)
[20190322_081239 / lib_ip.py:3753] file = img.20190322_081237.2019-03-21_09-05-19_000.jpg.2.png / val_Average = 99.3521	val_Variance = 1.9466	sd = 1.3952	max = 103	min = 96
[20190322_081239 / lib_ip.py:4169] len(Hs) = 8100, len(Ss) = 8100, len(Vs) = 8100
[20190322_081239 / lib_ip.py:4208] blue : variance --> out of range (variance = 1.947 / upper = 0.930 / lower = 0.010)
[20190322_081239 / lib_ip.py:3753] file = img.20190322_081237.2019-03-21_09-05-19_000.jpg.2.png / val_Average = 99.3521	val_Variance = 1.9466	sd = 1.3952	max = 103	min = 96
[20190322_081239 / lib_ip.py:4275] len(Hs) = 8100, len(Ss) = 8100, len(Vs) = 8100
[20190322_081240 / lib_ip.py:4314] pink : variance --> out of range (variance = 1.947 / upper = 0.750 / lower = 0.030)
[20190322_081240 / lib_ip.py:3753] file = img.20190322_081237.2019-03-21_09-05-19_000.jpg.2.png / val_Average = 99.3521	val_Variance = 1.9466	sd = 1.3952	max = 103	min = 96
[20190322_081240 / lib_ip.py:4378] len(Hs) = 8100, len(Ss) = 8100, len(Vs) = 8100
[20190322_081240 / lib_ip.py:4422] black : variance --> out of range (variance = 1.947 / upper = 0.000 / lower = 0.000)
[20190322_081240 / lib_ip.py:4593] file : img.20190322_081237.2019-03-21_09-05-19_000.jpg.2.png 1 (black : variance --> out of range (variance = 1.947 / upper = 0.000 / lower = 0.000))
[20190322_081240 / lib_ip.py:2274] inspecting ===> img.20190322_081237.2019-03-21_09-05-19_000.jpg.3.png
[20190322_081240 / lib_ip.py:4505] 
img.20190322_081237.2019-03-21_09-05-19_000.jpg.3.png 2 ---------------------
[20190322_081240 / lib_ip.py:3753] file = img.20190322_081237.2019-03-21_09-05-19_000.jpg.3.png / val_Average = 112.9327	val_Variance = 7.0763	sd = 2.6601	max = 123	min = 104
[20190322_081240 / lib_ip.py:3836] len(Hs) = 8100, len(Ss) = 8100, len(Vs) = 8100
[20190322_081240 / lib_ip.py:3869] yellow : variance --> out of range (variance = 7.076 / upper = 0.650 / lower = 0.000)
[20190322_081240 / lib_ip.py:3753] file = img.20190322_081237.2019-03-21_09-05-19_000.jpg.3.png / val_Average = 112.9327	val_Variance = 7.0763	sd = 2.6601	max = 123	min = 104
[20190322_081240 / lib_ip.py:3936] len(Hs) = 8100, len(Ss) = 8100, len(Vs) = 8100
[20190322_081240 / lib_ip.py:3982] red : variance --> out of range (variance = 7.076 / upper = 0.430 / lower = 0.000)
[20190322_081240 / lib_ip.py:3753] file = img.20190322_081237.2019-03-21_09-05-19_000.jpg.3.png / val_Average = 112.9327	val_Variance = 7.0763	sd = 2.6601	max = 123	min = 104
[20190322_081240 / lib_ip.py:4052] len(Hs) = 8100, len(Ss) = 8100, len(Vs) = 8100
[20190322_081240 / lib_ip.py:4099] green : variance --> out of range (variance = 7.076 / upper = 0.760 / lower = 0.000)
[20190322_081240 / lib_ip.py:3753] file = img.20190322_081237.2019-03-21_09-05-19_000.jpg.3.png / val_Average = 112.9327	val_Variance = 7.0763	sd = 2.6601	max = 123	min = 104
[20190322_081240 / lib_ip.py:4169] len(Hs) = 8100, len(Ss) = 8100, len(Vs) = 8100
[20190322_081240 / lib_ip.py:4208] blue : variance --> out of range (variance = 7.076 / upper = 0.930 / lower = 0.010)
[20190322_081240 / lib_ip.py:3753] file = img.20190322_081237.2019-03-21_09-05-19_000.jpg.3.png / val_Average = 112.9327	val_Variance = 7.0763	sd = 2.6601	max = 123	min = 104
[20190322_081241 / lib_ip.py:4275] len(Hs) = 8100, len(Ss) = 8100, len(Vs) = 8100
[20190322_081241 / lib_ip.py:4314] pink : variance --> out of range (variance = 7.076 / upper = 0.750 / lower = 0.030)
[20190322_081241 / lib_ip.py:3753] file = img.20190322_081237.2019-03-21_09-05-19_000.jpg.3.png / val_Average = 112.9327	val_Variance = 7.0763	sd = 2.6601	max = 123	min = 104
[20190322_081241 / lib_ip.py:4378] len(Hs) = 8100, len(Ss) = 8100, len(Vs) = 8100
[20190322_081241 / lib_ip.py:4422] black : variance --> out of range (variance = 7.076 / upper = 0.000 / lower = 0.000)
[20190322_081241 / lib_ip.py:4593] file : img.20190322_081237.2019-03-21_09-05-19_000.jpg.3.png 2 (black : variance --> out of range (variance = 7.076 / upper = 0.000 / lower = 0.000))
[20190322_081241 / lib_ip.py:2274] inspecting ===> img.20190322_081237.2019-03-21_09-05-19_000.jpg.4.png
[20190322_081241 / lib_ip.py:4505] 
img.20190322_081237.2019-03-21_09-05-19_000.jpg.4.png 3 ---------------------
[20190322_081241 / lib_ip.py:3753] file = img.20190322_081237.2019-03-21_09-05-19_000.jpg.4.png / val_Average = 94.7098	val_Variance = 19.4875	sd = 4.4145	max = 107	min = 77
[20190322_081241 / lib_ip.py:3836] len(Hs) = 8100, len(Ss) = 8100, len(Vs) = 8100
[20190322_081241 / lib_ip.py:3869] yellow : variance --> out of range (variance = 19.487 / upper = 0.650 / lower = 0.000)
[20190322_081241 / lib_ip.py:3753] file = img.20190322_081237.2019-03-21_09-05-19_000.jpg.4.png / val_Average = 94.7098	val_Variance = 19.4875	sd = 4.4145	max = 107	min = 77
[20190322_081241 / lib_ip.py:3936] len(Hs) = 8100, len(Ss) = 8100, len(Vs) = 8100
[20190322_081241 / lib_ip.py:3982] red : variance --> out of range (variance = 19.487 / upper = 0.430 / lower = 0.000)
[20190322_081241 / lib_ip.py:3753] file = img.20190322_081237.2019-03-21_09-05-19_000.jpg.4.png / val_Average = 94.7098	val_Variance = 19.4875	sd = 4.4145	max = 107	min = 77
[20190322_081241 / lib_ip.py:4052] len(Hs) = 8100, len(Ss) = 8100, len(Vs) = 8100
[20190322_081242 / lib_ip.py:4099] green : variance --> out of range (variance = 19.487 / upper = 0.760 / lower = 0.000)
[20190322_081242 / lib_ip.py:3753] file = img.20190322_081237.2019-03-21_09-05-19_000.jpg.4.png / val_Average = 94.7098	val_Variance = 19.4875	sd = 4.4145	max = 107	min = 77
[20190322_081242 / lib_ip.py:4169] len(Hs) = 8100, len(Ss) = 8100, len(Vs) = 8100
[20190322_081242 / lib_ip.py:4208] blue : variance --> out of range (variance = 19.487 / upper = 0.930 / lower = 0.010)
[20190322_081242 / lib_ip.py:3753] file = img.20190322_081237.2019-03-21_09-05-19_000.jpg.4.png / val_Average = 94.7098	val_Variance = 19.4875	sd = 4.4145	max = 107	min = 77
[20190322_081242 / lib_ip.py:4275] len(Hs) = 8100, len(Ss) = 8100, len(Vs) = 8100
[20190322_081242 / lib_ip.py:4314] pink : variance --> out of range (variance = 19.487 / upper = 0.750 / lower = 0.030)
[20190322_081242 / lib_ip.py:3753] file = img.20190322_081237.2019-03-21_09-05-19_000.jpg.4.png / val_Average = 94.7098	val_Variance = 19.4875	sd = 4.4145	max = 107	min = 77
[20190322_081242 / lib_ip.py:4378] len(Hs) = 8100, len(Ss) = 8100, len(Vs) = 8100
[20190322_081242 / lib_ip.py:4422] black : variance --> out of range (variance = 19.487 / upper = 0.000 / lower = 0.000)
[20190322_081242 / lib_ip.py:4593] file : img.20190322_081237.2019-03-21_09-05-19_000.jpg.4.png 3 (black : variance --> out of range (variance = 19.487 / upper = 0.000 / lower = 0.000))
[20190322_081241 / lib_ip.py:2274] inspecting ===> img.20190322_081237.2019-03-21_09-05-19_000.jpg.4.png
img.20190322_081237.2019-03-21_09-05-19_000.jpg.1.png => other
img.20190322_081237.2019-03-21_09-05-19_000.jpg.2.png => other
img.20190322_081237.2019-03-21_09-05-19_000.jpg.3.png => other
img.20190322_081237.2019-03-21_09-05-19_000.jpg.4.png => other
[20190322_081242 lib_ip.py:3301] =============== Get 4 corners
dpath_Images = C:\WORKS_2\WS\WS_Others.Art\JVEMV6\46_art\VIRTUAL\Admin_Projects\ip\images
fname_Image = img.20190322_081237.2019-03-21_09-05-19_000.jpg.4.png

[20190322_081242 / lib_ip.py:2274] inspecting ===> img.20190322_081242.2019-03-21_10-00-41_000.jpg.1.png
[20190322_081243 / lib_ip.py:4505] 
img.20190322_081242.2019-03-21_10-00-41_000.jpg.1.png 0 ---------------------
[20190322_081243 / lib_ip.py:3753] file = img.20190322_081242.2019-03-21_10-00-41_000.jpg.1.png / val_Average = 126.4493	val_Variance = 933.9748	sd = 30.5610	max = 174	min = 0
[20190322_081243 / lib_ip.py:3836] len(Hs) = 8100, len(Ss) = 8100, len(Vs) = 8100
[20190322_081243 / lib_ip.py:3869] yellow : variance --> out of range (variance = 933.975 / upper = 0.650 / lower = 0.000)
[20190322_081243 / lib_ip.py:3753] file = img.20190322_081242.2019-03-21_10-00-41_000.jpg.1.png / val_Average = 126.4493	val_Variance = 933.9748	sd = 30.5610	max = 174	min = 0
[20190322_081243 / lib_ip.py:3936] len(Hs) = 8100, len(Ss) = 8100, len(Vs) = 8100
[20190322_081243 / lib_ip.py:3982] red : variance --> out of range (variance = 933.975 / upper = 0.430 / lower = 0.000)
[20190322_081243 / lib_ip.py:3753] file = img.20190322_081242.2019-03-21_10-00-41_000.jpg.1.png / val_Average = 126.4493	val_Variance = 933.9748	sd = 30.5610	max = 174	min = 0
[20190322_081243 / lib_ip.py:4052] len(Hs) = 8100, len(Ss) = 8100, len(Vs) = 8100
[20190322_081243 / lib_ip.py:4099] green : variance --> out of range (variance = 933.975 / upper = 0.760 / lower = 0.000)
[20190322_081243 / lib_ip.py:3753] file = img.20190322_081242.2019-03-21_10-00-41_000.jpg.1.png / val_Average = 126.4493	val_Variance = 933.9748	sd = 30.5610	max = 174	min = 0
[20190322_081243 / lib_ip.py:4169] len(Hs) = 8100, len(Ss) = 8100, len(Vs) = 8100
[20190322_081243 / lib_ip.py:4208] blue : variance --> out of range (variance = 933.975 / upper = 0.930 / lower = 0.010)
[20190322_081243 / lib_ip.py:3753] file = img.20190322_081242.2019-03-21_10-00-41_000.jpg.1.png / val_Average = 126.4493	val_Variance = 933.9748	sd = 30.5610	max = 174	min = 0
[20190322_081243 / lib_ip.py:4275] len(Hs) = 8100, len(Ss) = 8100, len(Vs) = 8100
[20190322_081243 / lib_ip.py:4314] pink : variance --> out of range (variance = 933.975 / upper = 0.750 / lower = 0.030)
[20190322_081244 / lib_ip.py:3753] file = img.20190322_081242.2019-03-21_10-00-41_000.jpg.1.png / val_Average = 126.4493	val_Variance = 933.9748	sd = 30.5610	max = 174	min = 0
[20190322_081244 / lib_ip.py:4378] len(Hs) = 8100, len(Ss) = 8100, len(Vs) = 8100
[20190322_081244 / lib_ip.py:4422] black : variance --> out of range (variance = 933.975 / upper = 0.000 / lower = 0.000)
[20190322_081244 / lib_ip.py:4593] file : img.20190322_081242.2019-03-21_10-00-41_000.jpg.1.png 0 (black : variance --> out of range (variance = 933.975 / upper = 0.000 / lower = 0.000))
[20190322_081244 / lib_ip.py:2274] inspecting ===> img.20190322_081242.2019-03-21_10-00-41_000.jpg.2.png
[20190322_081244 / lib_ip.py:4505] 
img.20190322_081242.2019-03-21_10-00-41_000.jpg.2.png 1 ---------------------
[20190322_081244 / lib_ip.py:3753] file = img.20190322_081242.2019-03-21_10-00-41_000.jpg.2.png / val_Average = 13.9899	val_Variance = 0.1122	sd = 0.3350	max = 15	min = 13
[20190322_081244 / lib_ip.py:3836] len(Hs) = 8100, len(Ss) = 8100, len(Vs) = 8100
[20190322_081244 / lib_ip.py:3891] yellow : average --> out of range (average = 13.990 / upper = 99.200 / lower = 85.500)
[20190322_081244 / lib_ip.py:3753] file = img.20190322_081242.2019-03-21_10-00-41_000.jpg.2.png / val_Average = 13.9899	val_Variance = 0.1122	sd = 0.3350	max = 15	min = 13
[20190322_081244 / lib_ip.py:3936] len(Hs) = 8100, len(Ss) = 8100, len(Vs) = 8100
[20190322_081244 / lib_ip.py:4007] red : average --> out of range (average = 13.990 / upper = 124.600 / lower = 115.000)
[20190322_081244 / lib_ip.py:3753] file = img.20190322_081242.2019-03-21_10-00-41_000.jpg.2.png / val_Average = 13.9899	val_Variance = 0.1122	sd = 0.3350	max = 15	min = 13
[20190322_081244 / lib_ip.py:4052] len(Hs) = 8100, len(Ss) = 8100, len(Vs) = 8100
[20190322_081244 / lib_ip.py:4124] green : average --> out of range (average = 13.990 / upper = 85.000 / lower = 58.000)
[20190322_081244 / lib_ip.py:3753] file = img.20190322_081242.2019-03-21_10-00-41_000.jpg.2.png / val_Average = 13.9899	val_Variance = 0.1122	sd = 0.3350	max = 15	min = 13
[20190322_081244 / lib_ip.py:4169] len(Hs) = 8100, len(Ss) = 8100, len(Vs) = 8100
[20190322_081244 / lib_ip.py:2274] inspecting ===> img.20190322_081242.2019-03-21_10-00-41_000.jpg.3.png
[20190322_081244 / lib_ip.py:4505] 
img.20190322_081242.2019-03-21_10-00-41_000.jpg.3.png 2 ---------------------
[20190322_081245 / lib_ip.py:3753] file = img.20190322_081242.2019-03-21_10-00-41_000.jpg.3.png / val_Average = 104.2115	val_Variance = 1.8826	sd = 1.3721	max = 109	min = 98
[20190322_081245 / lib_ip.py:3836] len(Hs) = 8100, len(Ss) = 8100, len(Vs) = 8100
[20190322_081245 / lib_ip.py:3869] yellow : variance --> out of range (variance = 1.883 / upper = 0.650 / lower = 0.000)
[20190322_081245 / lib_ip.py:3753] file = img.20190322_081242.2019-03-21_10-00-41_000.jpg.3.png / val_Average = 104.2115	val_Variance = 1.8826	sd = 1.3721	max = 109	min = 98
[20190322_081245 / lib_ip.py:3936] len(Hs) = 8100, len(Ss) = 8100, len(Vs) = 8100
[20190322_081245 / lib_ip.py:3982] red : variance --> out of range (variance = 1.883 / upper = 0.430 / lower = 0.000)
[20190322_081245 / lib_ip.py:3753] file = img.20190322_081242.2019-03-21_10-00-41_000.jpg.3.png / val_Average = 104.2115	val_Variance = 1.8826	sd = 1.3721	max = 109	min = 98
[20190322_081245 / lib_ip.py:4052] len(Hs) = 8100, len(Ss) = 8100, len(Vs) = 8100
[20190322_081245 / lib_ip.py:4099] green : variance --> out of range (variance = 1.883 / upper = 0.760 / lower = 0.000)
[20190322_081245 / lib_ip.py:3753] file = img.20190322_081242.2019-03-21_10-00-41_000.jpg.3.png / val_Average = 104.2115	val_Variance = 1.8826	sd = 1.3721	max = 109	min = 98
[20190322_081245 / lib_ip.py:4169] len(Hs) = 8100, len(Ss) = 8100, len(Vs) = 8100
[20190322_081245 / lib_ip.py:4208] blue : variance --> out of range (variance = 1.883 / upper = 0.930 / lower = 0.010)
[20190322_081245 / lib_ip.py:3753] file = img.20190322_081242.2019-03-21_10-00-41_000.jpg.3.png / val_Average = 104.2115	val_Variance = 1.8826	sd = 1.3721	max = 109	min = 98
[20190322_081245 / lib_ip.py:4275] len(Hs) = 8100, len(Ss) = 8100, len(Vs) = 8100
[20190322_081245 / lib_ip.py:4314] pink : variance --> out of range (variance = 1.883 / upper = 0.750 / lower = 0.030)
[20190322_081245 / lib_ip.py:3753] file = img.20190322_081242.2019-03-21_10-00-41_000.jpg.3.png / val_Average = 104.2115	val_Variance = 1.8826	sd = 1.3721	max = 109	min = 98
[20190322_081245 / lib_ip.py:4378] len(Hs) = 8100, len(Ss) = 8100, len(Vs) = 8100
[20190322_081245 / lib_ip.py:4422] black : variance --> out of range (variance = 1.883 / upper = 0.000 / lower = 0.000)
[20190322_081245 / lib_ip.py:4593] file : img.20190322_081242.2019-03-21_10-00-41_000.jpg.3.png 2 (black : variance --> out of range (variance = 1.883 / upper = 0.000 / lower = 0.000))
[20190322_081245 / lib_ip.py:2274] inspecting ===> img.20190322_081242.2019-03-21_10-00-41_000.jpg.4.png
[20190322_081246 / lib_ip.py:4505] 
img.20190322_081242.2019-03-21_10-00-41_000.jpg.4.png 3 ---------------------
[20190322_081246 / lib_ip.py:3753] file = img.20190322_081242.2019-03-21_10-00-41_000.jpg.4.png / val_Average = 77.4238	val_Variance = 0.3153	sd = 0.5615	max = 79	min = 77
[20190322_081246 / lib_ip.py:3836] len(Hs) = 8100, len(Ss) = 8100, len(Vs) = 8100
[20190322_081246 / lib_ip.py:3891] yellow : average --> out of range (average = 77.424 / upper = 99.200 / lower = 85.500)
[20190322_081246 / lib_ip.py:3753] file = img.20190322_081242.2019-03-21_10-00-41_000.jpg.4.png / val_Average = 77.4238	val_Variance = 0.3153	sd = 0.5615	max = 79	min = 77
[20190322_081246 / lib_ip.py:3936] len(Hs) = 8100, len(Ss) = 8100, len(Vs) = 8100
[20190322_081246 / lib_ip.py:4007] red : average --> out of range (average = 77.424 / upper = 124.600 / lower = 115.000)
[20190322_081246 / lib_ip.py:3753] file = img.20190322_081242.2019-03-21_10-00-41_000.jpg.4.png / val_Average = 77.4238	val_Variance = 0.3153	sd = 0.5615	max = 79	min = 77
[20190322_081246 / lib_ip.py:4052] len(Hs) = 8100, len(Ss) = 8100, len(Vs) = 8100
[20190322_081245 / lib_ip.py:2274] inspecting ===> img.20190322_081242.2019-03-21_10-00-41_000.jpg.4.png
img.20190322_081242.2019-03-21_10-00-41_000.jpg.1.png => other
img.20190322_081242.2019-03-21_10-00-41_000.jpg.2.png => other
img.20190322_081242.2019-03-21_10-00-41_000.jpg.3.png => other
img.20190322_081242.2019-03-21_10-00-41_000.jpg.4.png => other
[20190322_081246 lib_ip.py:3301] =============== Get 4 corners
dpath_Images = C:\WORKS_2\WS\WS_Others.Art\JVEMV6\46_art\VIRTUAL\Admin_Projects\ip\images
fname_Image = img.20190322_081242.2019-03-21_10-00-41_000.jpg.4.png

[20190322_081246 / views.py:1411] gen csv => complete (20190322_081246)(elapsed = 14.833 sec / 3 files / 4.944 sec per file)
1)	2019-03-21_08-08-30_000.jpg => 	other green other green 
2)	2019-03-21_09-05-19_000.jpg => 	other other other other 
3)	2019-03-21_10-00-41_000.jpg => 	other blue other green 
[20190322_081246 / views.py:1753] lo_ColorName_Set__Modified_2 =>
1)	2019-03-21_08-08-30_000.jpg => 	g g o o 
2)	2019-03-21_09-05-19_000.jpg => 	o o o o 
3)	2019-03-21_10-00-41_000.jpg => 	b g o o 
[20190322_081246 / views.py:1839] gen_Cake_CSV(request) ==> ending... =======================//

