[20190205_152423 / views.py:1878] exec_get_4_corners(request) ================================
[20190205_152426 / lib_ip.py:1961] lo_Color_Names =>
img.20190205_152425.2019-02-04_09-48-47_000.jpg.1.png => other
img.20190205_152425.2019-02-04_09-48-47_000.jpg.2.png => other
img.20190205_152425.2019-02-04_09-48-47_000.jpg.3.png => other
img.20190205_152425.2019-02-04_09-48-47_000.jpg.4.png => other
[20190205_152427 / lib_ip.py:4505] 
2019-02-04_09-48-47_000.jpg 0 ---------------------
[20190205_152427 / lib_ip.py:3753] file = 2019-02-04_09-48-47_000.jpg / val_Average = 95.1304	val_Variance = 15.1630	sd = 3.8940	max = 103	min = 85
[20190205_152427 / lib_ip.py:3836] len(Hs) = 8100, len(Ss) = 8100, len(Vs) = 8100
[20190205_152427 / lib_ip.py:3869] yellow : variance --> out of range (variance = 15.163 / upper = 0.650 / lower = 0.000)
[20190205_152427 / lib_ip.py:3753] file = 2019-02-04_09-48-47_000.jpg / val_Average = 95.1304	val_Variance = 15.1630	sd = 3.8940	max = 103	min = 85
[20190205_152427 / lib_ip.py:3936] len(Hs) = 8100, len(Ss) = 8100, len(Vs) = 8100
[20190205_152427 / lib_ip.py:3982] red : variance --> out of range (variance = 15.163 / upper = 0.430 / lower = 0.000)
[20190205_152427 / lib_ip.py:3753] file = 2019-02-04_09-48-47_000.jpg / val_Average = 95.1304	val_Variance = 15.1630	sd = 3.8940	max = 103	min = 85
[20190205_152427 / lib_ip.py:4052] len(Hs) = 8100, len(Ss) = 8100, len(Vs) = 8100
[20190205_152427 / lib_ip.py:4099] green : variance --> out of range (variance = 15.163 / upper = 0.760 / lower = 0.000)
[20190205_152427 / lib_ip.py:3753] file = 2019-02-04_09-48-47_000.jpg / val_Average = 95.1304	val_Variance = 15.1630	sd = 3.8940	max = 103	min = 85
[20190205_152427 / lib_ip.py:4169] len(Hs) = 8100, len(Ss) = 8100, len(Vs) = 8100
[20190205_152427 / lib_ip.py:4208] blue : variance --> out of range (variance = 15.163 / upper = 0.930 / lower = 0.010)
[20190205_152427 / lib_ip.py:3753] file = 2019-02-04_09-48-47_000.jpg / val_Average = 95.1304	val_Variance = 15.1630	sd = 3.8940	max = 103	min = 85
[20190205_152427 / lib_ip.py:4275] len(Hs) = 8100, len(Ss) = 8100, len(Vs) = 8100
[20190205_152427 / lib_ip.py:4314] pink : variance --> out of range (variance = 15.163 / upper = 0.400 / lower = 0.180)
[20190205_152427 / lib_ip.py:3753] file = 2019-02-04_09-48-47_000.jpg / val_Average = 95.1304	val_Variance = 15.1630	sd = 3.8940	max = 103	min = 85
[20190205_152428 / lib_ip.py:4378] len(Hs) = 8100, len(Ss) = 8100, len(Vs) = 8100
[20190205_152428 / lib_ip.py:4422] black : variance --> out of range (variance = 15.163 / upper = 0.000 / lower = 0.000)
[20190205_152428 / lib_ip.py:4593] file : 2019-02-04_09-48-47_000.jpg 0 (black : variance --> out of range (variance = 15.163 / upper = 0.000 / lower = 0.000))
[20190205_152428 / lib_ip.py:4505] 
2019-02-04_09-48-47_000.jpg 1 ---------------------
[20190205_152428 / lib_ip.py:3753] file = 2019-02-04_09-48-47_000.jpg / val_Average = 103.5540	val_Variance = 1.6076	sd = 1.2679	max = 107	min = 100
[20190205_152428 / lib_ip.py:3836] len(Hs) = 8100, len(Ss) = 8100, len(Vs) = 8100
[20190205_152428 / lib_ip.py:3869] yellow : variance --> out of range (variance = 1.608 / upper = 0.650 / lower = 0.000)
[20190205_152428 / lib_ip.py:3753] file = 2019-02-04_09-48-47_000.jpg / val_Average = 103.5540	val_Variance = 1.6076	sd = 1.2679	max = 107	min = 100
[20190205_152428 / lib_ip.py:3936] len(Hs) = 8100, len(Ss) = 8100, len(Vs) = 8100
[20190205_152428 / lib_ip.py:3982] red : variance --> out of range (variance = 1.608 / upper = 0.430 / lower = 0.000)
[20190205_152428 / lib_ip.py:3753] file = 2019-02-04_09-48-47_000.jpg / val_Average = 103.5540	val_Variance = 1.6076	sd = 1.2679	max = 107	min = 100
[20190205_152428 / lib_ip.py:4052] len(Hs) = 8100, len(Ss) = 8100, len(Vs) = 8100
[20190205_152428 / lib_ip.py:4099] green : variance --> out of range (variance = 1.608 / upper = 0.760 / lower = 0.000)
[20190205_152428 / lib_ip.py:3753] file = 2019-02-04_09-48-47_000.jpg / val_Average = 103.5540	val_Variance = 1.6076	sd = 1.2679	max = 107	min = 100
[20190205_152428 / lib_ip.py:4169] len(Hs) = 8100, len(Ss) = 8100, len(Vs) = 8100
[20190205_152428 / lib_ip.py:4208] blue : variance --> out of range (variance = 1.608 / upper = 0.930 / lower = 0.010)
[20190205_152428 / lib_ip.py:3753] file = 2019-02-04_09-48-47_000.jpg / val_Average = 103.5540	val_Variance = 1.6076	sd = 1.2679	max = 107	min = 100
[20190205_152428 / lib_ip.py:4275] len(Hs) = 8100, len(Ss) = 8100, len(Vs) = 8100
[20190205_152428 / lib_ip.py:4314] pink : variance --> out of range (variance = 1.608 / upper = 0.400 / lower = 0.180)
[20190205_152428 / lib_ip.py:3753] file = 2019-02-04_09-48-47_000.jpg / val_Average = 103.5540	val_Variance = 1.6076	sd = 1.2679	max = 107	min = 100
[20190205_152429 / lib_ip.py:4378] len(Hs) = 8100, len(Ss) = 8100, len(Vs) = 8100
[20190205_152429 / lib_ip.py:4422] black : variance --> out of range (variance = 1.608 / upper = 0.000 / lower = 0.000)
[20190205_152429 / lib_ip.py:4593] file : 2019-02-04_09-48-47_000.jpg 1 (black : variance --> out of range (variance = 1.608 / upper = 0.000 / lower = 0.000))
[20190205_152429 / lib_ip.py:4505] 
2019-02-04_09-48-47_000.jpg 2 ---------------------
[20190205_152429 / lib_ip.py:3753] file = 2019-02-04_09-48-47_000.jpg / val_Average = 75.1414	val_Variance = 66.9135	sd = 8.1801	max = 96	min = 38
[20190205_152429 / lib_ip.py:3836] len(Hs) = 8100, len(Ss) = 8100, len(Vs) = 8100
[20190205_152429 / lib_ip.py:3869] yellow : variance --> out of range (variance = 66.913 / upper = 0.650 / lower = 0.000)
[20190205_152429 / lib_ip.py:3753] file = 2019-02-04_09-48-47_000.jpg / val_Average = 75.1414	val_Variance = 66.9135	sd = 8.1801	max = 96	min = 38
[20190205_152429 / lib_ip.py:3936] len(Hs) = 8100, len(Ss) = 8100, len(Vs) = 8100
[20190205_152429 / lib_ip.py:3982] red : variance --> out of range (variance = 66.913 / upper = 0.430 / lower = 0.000)
[20190205_152429 / lib_ip.py:3753] file = 2019-02-04_09-48-47_000.jpg / val_Average = 75.1414	val_Variance = 66.9135	sd = 8.1801	max = 96	min = 38
[20190205_152429 / lib_ip.py:4052] len(Hs) = 8100, len(Ss) = 8100, len(Vs) = 8100
[20190205_152429 / lib_ip.py:4099] green : variance --> out of range (variance = 66.913 / upper = 0.760 / lower = 0.000)
[20190205_152429 / lib_ip.py:3753] file = 2019-02-04_09-48-47_000.jpg / val_Average = 75.1414	val_Variance = 66.9135	sd = 8.1801	max = 96	min = 38
[20190205_152429 / lib_ip.py:4169] len(Hs) = 8100, len(Ss) = 8100, len(Vs) = 8100
[20190205_152430 / lib_ip.py:4208] blue : variance --> out of range (variance = 66.913 / upper = 0.930 / lower = 0.010)
[20190205_152430 / lib_ip.py:3753] file = 2019-02-04_09-48-47_000.jpg / val_Average = 75.1414	val_Variance = 66.9135	sd = 8.1801	max = 96	min = 38
[20190205_152430 / lib_ip.py:4275] len(Hs) = 8100, len(Ss) = 8100, len(Vs) = 8100
[20190205_152430 / lib_ip.py:4314] pink : variance --> out of range (variance = 66.913 / upper = 0.400 / lower = 0.180)
[20190205_152430 / lib_ip.py:3753] file = 2019-02-04_09-48-47_000.jpg / val_Average = 75.1414	val_Variance = 66.9135	sd = 8.1801	max = 96	min = 38
[20190205_152430 / lib_ip.py:4378] len(Hs) = 8100, len(Ss) = 8100, len(Vs) = 8100
[20190205_152430 / lib_ip.py:4422] black : variance --> out of range (variance = 66.913 / upper = 0.000 / lower = 0.000)
[20190205_152430 / lib_ip.py:4593] file : 2019-02-04_09-48-47_000.jpg 2 (black : variance --> out of range (variance = 66.913 / upper = 0.000 / lower = 0.000))
[20190205_152430 / lib_ip.py:4505] 
2019-02-04_09-48-47_000.jpg 3 ---------------------
[20190205_152430 / lib_ip.py:3753] file = 2019-02-04_09-48-47_000.jpg / val_Average = 135.7647	val_Variance = 0.1888	sd = 0.4345	max = 137	min = 134
[20190205_152430 / lib_ip.py:3836] len(Hs) = 8100, len(Ss) = 8100, len(Vs) = 8100
[20190205_152430 / lib_ip.py:3891] yellow : average --> out of range (average = 135.765 / upper = 99.200 / lower = 85.500)
[20190205_152430 / lib_ip.py:3753] file = 2019-02-04_09-48-47_000.jpg / val_Average = 135.7647	val_Variance = 0.1888	sd = 0.4345	max = 137	min = 134
[20190205_152430 / lib_ip.py:3936] len(Hs) = 8100, len(Ss) = 8100, len(Vs) = 8100
[20190205_152430 / lib_ip.py:4007] red : average --> out of range (average = 135.765 / upper = 124.000 / lower = 115.000)
[20190205_152430 / lib_ip.py:3753] file = 2019-02-04_09-48-47_000.jpg / val_Average = 135.7647	val_Variance = 0.1888	sd = 0.4345	max = 137	min = 134
[20190205_152430 / lib_ip.py:4052] len(Hs) = 8100, len(Ss) = 8100, len(Vs) = 8100
[20190205_152431 / lib_ip.py:4124] green : average --> out of range (average = 135.765 / upper = 85.000 / lower = 58.000)
[20190205_152431 / lib_ip.py:3753] file = 2019-02-04_09-48-47_000.jpg / val_Average = 135.7647	val_Variance = 0.1888	sd = 0.4345	max = 137	min = 134
[20190205_152431 / lib_ip.py:4169] len(Hs) = 8100, len(Ss) = 8100, len(Vs) = 8100
[20190205_152431 / lib_ip.py:4230] blue : average --> out of range (average = 135.765 / upper = 17.000 / lower = 8.850)
[20190205_152431 / lib_ip.py:3753] file = 2019-02-04_09-48-47_000.jpg / val_Average = 135.7647	val_Variance = 0.1888	sd = 0.4345	max = 137	min = 134
[20190205_152431 / lib_ip.py:4275] len(Hs) = 8100, len(Ss) = 8100, len(Vs) = 8100
[20190205_152431 / lib_ip.py:2021] lo_Color_Names_2 =>
file = img.20190205_152425.2019-02-04_09-48-47_000.jpg.1.png / color name = other
file = img.20190205_152425.2019-02-04_09-48-47_000.jpg.2.png / color name = other
file = img.20190205_152425.2019-02-04_09-48-47_000.jpg.3.png / color name = other
file = img.20190205_152425.2019-02-04_09-48-47_000.jpg.4.png / color name = pink
[20190205_152439 / views.py:1878] exec_get_4_corners(request) ================================
[20190205_152441 / lib_ip.py:1961] lo_Color_Names =>
img.20190205_152439.2019-02-04_09-48-47_000.jpg.1.png => other
img.20190205_152439.2019-02-04_09-48-47_000.jpg.2.png => other
img.20190205_152439.2019-02-04_09-48-47_000.jpg.3.png => other
img.20190205_152439.2019-02-04_09-48-47_000.jpg.4.png => other
[20190205_152441 / lib_ip.py:4505] 
2019-02-04_09-48-47_000.jpg 0 ---------------------
[20190205_152441 / lib_ip.py:3753] file = 2019-02-04_09-48-47_000.jpg / val_Average = 95.1304	val_Variance = 15.1630	sd = 3.8940	max = 103	min = 85
[20190205_152441 / lib_ip.py:3836] len(Hs) = 8100, len(Ss) = 8100, len(Vs) = 8100
[20190205_152441 / lib_ip.py:3869] yellow : variance --> out of range (variance = 15.163 / upper = 0.650 / lower = 0.000)
[20190205_152441 / lib_ip.py:3753] file = 2019-02-04_09-48-47_000.jpg / val_Average = 95.1304	val_Variance = 15.1630	sd = 3.8940	max = 103	min = 85
[20190205_152441 / lib_ip.py:3936] len(Hs) = 8100, len(Ss) = 8100, len(Vs) = 8100
[20190205_152441 / lib_ip.py:3982] red : variance --> out of range (variance = 15.163 / upper = 0.430 / lower = 0.000)
[20190205_152441 / lib_ip.py:3753] file = 2019-02-04_09-48-47_000.jpg / val_Average = 95.1304	val_Variance = 15.1630	sd = 3.8940	max = 103	min = 85
[20190205_152441 / lib_ip.py:4052] len(Hs) = 8100, len(Ss) = 8100, len(Vs) = 8100
[20190205_152441 / lib_ip.py:4099] green : variance --> out of range (variance = 15.163 / upper = 0.760 / lower = 0.000)
[20190205_152441 / lib_ip.py:3753] file = 2019-02-04_09-48-47_000.jpg / val_Average = 95.1304	val_Variance = 15.1630	sd = 3.8940	max = 103	min = 85
[20190205_152441 / lib_ip.py:4169] len(Hs) = 8100, len(Ss) = 8100, len(Vs) = 8100
[20190205_152441 / lib_ip.py:4208] blue : variance --> out of range (variance = 15.163 / upper = 0.930 / lower = 0.010)
[20190205_152441 / lib_ip.py:3753] file = 2019-02-04_09-48-47_000.jpg / val_Average = 95.1304	val_Variance = 15.1630	sd = 3.8940	max = 103	min = 85
[20190205_152441 / lib_ip.py:4275] len(Hs) = 8100, len(Ss) = 8100, len(Vs) = 8100
[20190205_152441 / lib_ip.py:4314] pink : variance --> out of range (variance = 15.163 / upper = 0.400 / lower = 0.180)
[20190205_152441 / lib_ip.py:3753] file = 2019-02-04_09-48-47_000.jpg / val_Average = 95.1304	val_Variance = 15.1630	sd = 3.8940	max = 103	min = 85
[20190205_152442 / lib_ip.py:4378] len(Hs) = 8100, len(Ss) = 8100, len(Vs) = 8100
[20190205_152442 / lib_ip.py:4422] black : variance --> out of range (variance = 15.163 / upper = 0.000 / lower = 0.000)
[20190205_152442 / lib_ip.py:4593] file : 2019-02-04_09-48-47_000.jpg 0 (black : variance --> out of range (variance = 15.163 / upper = 0.000 / lower = 0.000))
[20190205_152442 / lib_ip.py:4505] 
2019-02-04_09-48-47_000.jpg 1 ---------------------
[20190205_152442 / lib_ip.py:3753] file = 2019-02-04_09-48-47_000.jpg / val_Average = 103.5540	val_Variance = 1.6076	sd = 1.2679	max = 107	min = 100
[20190205_152442 / lib_ip.py:3836] len(Hs) = 8100, len(Ss) = 8100, len(Vs) = 8100
[20190205_152442 / lib_ip.py:3869] yellow : variance --> out of range (variance = 1.608 / upper = 0.650 / lower = 0.000)
[20190205_152442 / lib_ip.py:3753] file = 2019-02-04_09-48-47_000.jpg / val_Average = 103.5540	val_Variance = 1.6076	sd = 1.2679	max = 107	min = 100
[20190205_152442 / lib_ip.py:3936] len(Hs) = 8100, len(Ss) = 8100, len(Vs) = 8100
[20190205_152442 / lib_ip.py:3982] red : variance --> out of range (variance = 1.608 / upper = 0.430 / lower = 0.000)
[20190205_152442 / lib_ip.py:3753] file = 2019-02-04_09-48-47_000.jpg / val_Average = 103.5540	val_Variance = 1.6076	sd = 1.2679	max = 107	min = 100
[20190205_152442 / lib_ip.py:4052] len(Hs) = 8100, len(Ss) = 8100, len(Vs) = 8100
[20190205_152442 / lib_ip.py:4099] green : variance --> out of range (variance = 1.608 / upper = 0.760 / lower = 0.000)
[20190205_152442 / lib_ip.py:3753] file = 2019-02-04_09-48-47_000.jpg / val_Average = 103.5540	val_Variance = 1.6076	sd = 1.2679	max = 107	min = 100
[20190205_152442 / lib_ip.py:4169] len(Hs) = 8100, len(Ss) = 8100, len(Vs) = 8100
[20190205_152442 / lib_ip.py:4208] blue : variance --> out of range (variance = 1.608 / upper = 0.930 / lower = 0.010)
[20190205_152442 / lib_ip.py:3753] file = 2019-02-04_09-48-47_000.jpg / val_Average = 103.5540	val_Variance = 1.6076	sd = 1.2679	max = 107	min = 100
[20190205_152442 / lib_ip.py:4275] len(Hs) = 8100, len(Ss) = 8100, len(Vs) = 8100
[20190205_152443 / lib_ip.py:4314] pink : variance --> out of range (variance = 1.608 / upper = 0.400 / lower = 0.180)
[20190205_152443 / lib_ip.py:3753] file = 2019-02-04_09-48-47_000.jpg / val_Average = 103.5540	val_Variance = 1.6076	sd = 1.2679	max = 107	min = 100
[20190205_152443 / lib_ip.py:4378] len(Hs) = 8100, len(Ss) = 8100, len(Vs) = 8100
[20190205_152443 / lib_ip.py:4422] black : variance --> out of range (variance = 1.608 / upper = 0.000 / lower = 0.000)
[20190205_152443 / lib_ip.py:4593] file : 2019-02-04_09-48-47_000.jpg 1 (black : variance --> out of range (variance = 1.608 / upper = 0.000 / lower = 0.000))
[20190205_152443 / lib_ip.py:4505] 
2019-02-04_09-48-47_000.jpg 2 ---------------------
[20190205_152443 / lib_ip.py:3753] file = 2019-02-04_09-48-47_000.jpg / val_Average = 75.1414	val_Variance = 66.9135	sd = 8.1801	max = 96	min = 38
[20190205_152443 / lib_ip.py:3836] len(Hs) = 8100, len(Ss) = 8100, len(Vs) = 8100
[20190205_152443 / lib_ip.py:3869] yellow : variance --> out of range (variance = 66.913 / upper = 0.650 / lower = 0.000)
[20190205_152443 / lib_ip.py:3753] file = 2019-02-04_09-48-47_000.jpg / val_Average = 75.1414	val_Variance = 66.9135	sd = 8.1801	max = 96	min = 38
[20190205_152443 / lib_ip.py:3936] len(Hs) = 8100, len(Ss) = 8100, len(Vs) = 8100
[20190205_152443 / lib_ip.py:3982] red : variance --> out of range (variance = 66.913 / upper = 0.430 / lower = 0.000)
[20190205_152443 / lib_ip.py:3753] file = 2019-02-04_09-48-47_000.jpg / val_Average = 75.1414	val_Variance = 66.9135	sd = 8.1801	max = 96	min = 38
[20190205_152443 / lib_ip.py:4052] len(Hs) = 8100, len(Ss) = 8100, len(Vs) = 8100
[20190205_152443 / lib_ip.py:4099] green : variance --> out of range (variance = 66.913 / upper = 0.760 / lower = 0.000)
[20190205_152443 / lib_ip.py:3753] file = 2019-02-04_09-48-47_000.jpg / val_Average = 75.1414	val_Variance = 66.9135	sd = 8.1801	max = 96	min = 38
[20190205_152443 / lib_ip.py:4169] len(Hs) = 8100, len(Ss) = 8100, len(Vs) = 8100
[20190205_152444 / lib_ip.py:4208] blue : variance --> out of range (variance = 66.913 / upper = 0.930 / lower = 0.010)
[20190205_152444 / lib_ip.py:3753] file = 2019-02-04_09-48-47_000.jpg / val_Average = 75.1414	val_Variance = 66.9135	sd = 8.1801	max = 96	min = 38
[20190205_152444 / lib_ip.py:4275] len(Hs) = 8100, len(Ss) = 8100, len(Vs) = 8100
[20190205_152444 / lib_ip.py:4314] pink : variance --> out of range (variance = 66.913 / upper = 0.400 / lower = 0.180)
[20190205_152444 / lib_ip.py:3753] file = 2019-02-04_09-48-47_000.jpg / val_Average = 75.1414	val_Variance = 66.9135	sd = 8.1801	max = 96	min = 38
[20190205_152444 / lib_ip.py:4378] len(Hs) = 8100, len(Ss) = 8100, len(Vs) = 8100
[20190205_152444 / lib_ip.py:4422] black : variance --> out of range (variance = 66.913 / upper = 0.000 / lower = 0.000)
[20190205_152444 / lib_ip.py:4593] file : 2019-02-04_09-48-47_000.jpg 2 (black : variance --> out of range (variance = 66.913 / upper = 0.000 / lower = 0.000))
[20190205_152444 / lib_ip.py:4505] 
2019-02-04_09-48-47_000.jpg 3 ---------------------
[20190205_152444 / lib_ip.py:3753] file = 2019-02-04_09-48-47_000.jpg / val_Average = 135.7647	val_Variance = 0.1888	sd = 0.4345	max = 137	min = 134
[20190205_152444 / lib_ip.py:3836] len(Hs) = 8100, len(Ss) = 8100, len(Vs) = 8100
[20190205_152444 / lib_ip.py:3891] yellow : average --> out of range (average = 135.765 / upper = 99.200 / lower = 85.500)
[20190205_152444 / lib_ip.py:3753] file = 2019-02-04_09-48-47_000.jpg / val_Average = 135.7647	val_Variance = 0.1888	sd = 0.4345	max = 137	min = 134
[20190205_152444 / lib_ip.py:3936] len(Hs) = 8100, len(Ss) = 8100, len(Vs) = 8100
[20190205_152444 / lib_ip.py:4007] red : average --> out of range (average = 135.765 / upper = 124.000 / lower = 115.000)
[20190205_152444 / lib_ip.py:3753] file = 2019-02-04_09-48-47_000.jpg / val_Average = 135.7647	val_Variance = 0.1888	sd = 0.4345	max = 137	min = 134
[20190205_152444 / lib_ip.py:4052] len(Hs) = 8100, len(Ss) = 8100, len(Vs) = 8100
[20190205_152444 / lib_ip.py:4124] green : average --> out of range (average = 135.765 / upper = 85.000 / lower = 58.000)
[20190205_152444 / lib_ip.py:3753] file = 2019-02-04_09-48-47_000.jpg / val_Average = 135.7647	val_Variance = 0.1888	sd = 0.4345	max = 137	min = 134
[20190205_152444 / lib_ip.py:4169] len(Hs) = 8100, len(Ss) = 8100, len(Vs) = 8100
[20190205_152444 / lib_ip.py:4230] blue : average --> out of range (average = 135.765 / upper = 17.000 / lower = 8.850)
[20190205_152445 / lib_ip.py:3753] file = 2019-02-04_09-48-47_000.jpg / val_Average = 135.7647	val_Variance = 0.1888	sd = 0.4345	max = 137	min = 134
[20190205_152445 / lib_ip.py:4275] len(Hs) = 8100, len(Ss) = 8100, len(Vs) = 8100
[20190205_152445 / lib_ip.py:2021] lo_Color_Names_2 =>
file = img.20190205_152439.2019-02-04_09-48-47_000.jpg.1.png / color name = other
file = img.20190205_152439.2019-02-04_09-48-47_000.jpg.2.png / color name = other
file = img.20190205_152439.2019-02-04_09-48-47_000.jpg.3.png / color name = other
file = img.20190205_152439.2019-02-04_09-48-47_000.jpg.4.png / color name = pink
[20190205_152650 / views.py:1878] exec_get_4_corners(request) ================================
[20190205_152652 / lib_ip.py:1961] lo_Color_Names =>
img.20190205_152650.2019-02-04_09-48-50_000.jpg.1.png => other
img.20190205_152650.2019-02-04_09-48-50_000.jpg.2.png => other
img.20190205_152650.2019-02-04_09-48-50_000.jpg.3.png => other
img.20190205_152650.2019-02-04_09-48-50_000.jpg.4.png => other
[20190205_152652 / lib_ip.py:4505] 
2019-02-04_09-48-50_000.jpg 0 ---------------------
[20190205_152652 / lib_ip.py:3753] file = 2019-02-04_09-48-50_000.jpg / val_Average = 131.3807	val_Variance = 0.6965	sd = 0.8346	max = 133	min = 130
[20190205_152652 / lib_ip.py:3836] len(Hs) = 8100, len(Ss) = 8100, len(Vs) = 8100
[20190205_152652 / lib_ip.py:3869] yellow : variance --> out of range (variance = 0.697 / upper = 0.650 / lower = 0.000)
[20190205_152652 / lib_ip.py:3753] file = 2019-02-04_09-48-50_000.jpg / val_Average = 131.3807	val_Variance = 0.6965	sd = 0.8346	max = 133	min = 130
[20190205_152652 / lib_ip.py:3936] len(Hs) = 8100, len(Ss) = 8100, len(Vs) = 8100
[20190205_152652 / lib_ip.py:3982] red : variance --> out of range (variance = 0.697 / upper = 0.430 / lower = 0.000)
[20190205_152652 / lib_ip.py:3753] file = 2019-02-04_09-48-50_000.jpg / val_Average = 131.3807	val_Variance = 0.6965	sd = 0.8346	max = 133	min = 130
[20190205_152652 / lib_ip.py:4052] len(Hs) = 8100, len(Ss) = 8100, len(Vs) = 8100
[20190205_152652 / lib_ip.py:4124] green : average --> out of range (average = 131.381 / upper = 85.000 / lower = 58.000)
[20190205_152653 / lib_ip.py:3753] file = 2019-02-04_09-48-50_000.jpg / val_Average = 131.3807	val_Variance = 0.6965	sd = 0.8346	max = 133	min = 130
[20190205_152653 / lib_ip.py:4169] len(Hs) = 8100, len(Ss) = 8100, len(Vs) = 8100
[20190205_152653 / lib_ip.py:4230] blue : average --> out of range (average = 131.381 / upper = 17.000 / lower = 8.850)
[20190205_152653 / lib_ip.py:3753] file = 2019-02-04_09-48-50_000.jpg / val_Average = 131.3807	val_Variance = 0.6965	sd = 0.8346	max = 133	min = 130
[20190205_152653 / lib_ip.py:4275] len(Hs) = 8100, len(Ss) = 8100, len(Vs) = 8100
[20190205_152653 / lib_ip.py:4314] pink : variance --> out of range (variance = 0.697 / upper = 0.400 / lower = 0.180)
[20190205_152653 / lib_ip.py:3753] file = 2019-02-04_09-48-50_000.jpg / val_Average = 131.3807	val_Variance = 0.6965	sd = 0.8346	max = 133	min = 130
[20190205_152653 / lib_ip.py:4378] len(Hs) = 8100, len(Ss) = 8100, len(Vs) = 8100
[20190205_152653 / lib_ip.py:4422] black : variance --> out of range (variance = 0.697 / upper = 0.000 / lower = 0.000)
[20190205_152653 / lib_ip.py:4593] file : 2019-02-04_09-48-50_000.jpg 0 (black : variance --> out of range (variance = 0.697 / upper = 0.000 / lower = 0.000))
[20190205_152653 / lib_ip.py:4505] 
2019-02-04_09-48-50_000.jpg 1 ---------------------
[20190205_152653 / lib_ip.py:3753] file = 2019-02-04_09-48-50_000.jpg / val_Average = 103.9575	val_Variance = 0.7691	sd = 0.8770	max = 106	min = 100
[20190205_152653 / lib_ip.py:3836] len(Hs) = 8100, len(Ss) = 8100, len(Vs) = 8100
[20190205_152653 / lib_ip.py:3869] yellow : variance --> out of range (variance = 0.769 / upper = 0.650 / lower = 0.000)
[20190205_152653 / lib_ip.py:3753] file = 2019-02-04_09-48-50_000.jpg / val_Average = 103.9575	val_Variance = 0.7691	sd = 0.8770	max = 106	min = 100
[20190205_152653 / lib_ip.py:3936] len(Hs) = 8100, len(Ss) = 8100, len(Vs) = 8100
[20190205_152653 / lib_ip.py:3982] red : variance --> out of range (variance = 0.769 / upper = 0.430 / lower = 0.000)
[20190205_152653 / lib_ip.py:3753] file = 2019-02-04_09-48-50_000.jpg / val_Average = 103.9575	val_Variance = 0.7691	sd = 0.8770	max = 106	min = 100
[20190205_152653 / lib_ip.py:4052] len(Hs) = 8100, len(Ss) = 8100, len(Vs) = 8100
[20190205_152653 / lib_ip.py:4099] green : variance --> out of range (variance = 0.769 / upper = 0.760 / lower = 0.000)
[20190205_152654 / lib_ip.py:3753] file = 2019-02-04_09-48-50_000.jpg / val_Average = 103.9575	val_Variance = 0.7691	sd = 0.8770	max = 106	min = 100
[20190205_152654 / lib_ip.py:4169] len(Hs) = 8100, len(Ss) = 8100, len(Vs) = 8100
[20190205_152654 / lib_ip.py:4230] blue : average --> out of range (average = 103.958 / upper = 17.000 / lower = 8.850)
[20190205_152654 / lib_ip.py:3753] file = 2019-02-04_09-48-50_000.jpg / val_Average = 103.9575	val_Variance = 0.7691	sd = 0.8770	max = 106	min = 100
[20190205_152654 / lib_ip.py:4275] len(Hs) = 8100, len(Ss) = 8100, len(Vs) = 8100
[20190205_152654 / lib_ip.py:4314] pink : variance --> out of range (variance = 0.769 / upper = 0.400 / lower = 0.180)
[20190205_152654 / lib_ip.py:3753] file = 2019-02-04_09-48-50_000.jpg / val_Average = 103.9575	val_Variance = 0.7691	sd = 0.8770	max = 106	min = 100
[20190205_152654 / lib_ip.py:4378] len(Hs) = 8100, len(Ss) = 8100, len(Vs) = 8100
[20190205_152654 / lib_ip.py:4422] black : variance --> out of range (variance = 0.769 / upper = 0.000 / lower = 0.000)
[20190205_152654 / lib_ip.py:4593] file : 2019-02-04_09-48-50_000.jpg 1 (black : variance --> out of range (variance = 0.769 / upper = 0.000 / lower = 0.000))
[20190205_152654 / lib_ip.py:4505] 
2019-02-04_09-48-50_000.jpg 2 ---------------------
[20190205_152654 / lib_ip.py:3753] file = 2019-02-04_09-48-50_000.jpg / val_Average = 79.7190	val_Variance = 38.9650	sd = 6.2422	max = 100	min = 45
[20190205_152654 / lib_ip.py:3836] len(Hs) = 8100, len(Ss) = 8100, len(Vs) = 8100
[20190205_152654 / lib_ip.py:3869] yellow : variance --> out of range (variance = 38.965 / upper = 0.650 / lower = 0.000)
[20190205_152654 / lib_ip.py:3753] file = 2019-02-04_09-48-50_000.jpg / val_Average = 79.7190	val_Variance = 38.9650	sd = 6.2422	max = 100	min = 45
[20190205_152654 / lib_ip.py:3936] len(Hs) = 8100, len(Ss) = 8100, len(Vs) = 8100
[20190205_152654 / lib_ip.py:3982] red : variance --> out of range (variance = 38.965 / upper = 0.430 / lower = 0.000)
[20190205_152655 / lib_ip.py:3753] file = 2019-02-04_09-48-50_000.jpg / val_Average = 79.7190	val_Variance = 38.9650	sd = 6.2422	max = 100	min = 45
[20190205_152655 / lib_ip.py:4052] len(Hs) = 8100, len(Ss) = 8100, len(Vs) = 8100
[20190205_152655 / lib_ip.py:4099] green : variance --> out of range (variance = 38.965 / upper = 0.760 / lower = 0.000)
[20190205_152655 / lib_ip.py:3753] file = 2019-02-04_09-48-50_000.jpg / val_Average = 79.7190	val_Variance = 38.9650	sd = 6.2422	max = 100	min = 45
[20190205_152655 / lib_ip.py:4169] len(Hs) = 8100, len(Ss) = 8100, len(Vs) = 8100
[20190205_152655 / lib_ip.py:4208] blue : variance --> out of range (variance = 38.965 / upper = 0.930 / lower = 0.010)
[20190205_152655 / lib_ip.py:3753] file = 2019-02-04_09-48-50_000.jpg / val_Average = 79.7190	val_Variance = 38.9650	sd = 6.2422	max = 100	min = 45
[20190205_152655 / lib_ip.py:4275] len(Hs) = 8100, len(Ss) = 8100, len(Vs) = 8100
[20190205_152655 / lib_ip.py:4314] pink : variance --> out of range (variance = 38.965 / upper = 0.400 / lower = 0.180)
[20190205_152655 / lib_ip.py:3753] file = 2019-02-04_09-48-50_000.jpg / val_Average = 79.7190	val_Variance = 38.9650	sd = 6.2422	max = 100	min = 45
[20190205_152655 / lib_ip.py:4378] len(Hs) = 8100, len(Ss) = 8100, len(Vs) = 8100
[20190205_152655 / lib_ip.py:4422] black : variance --> out of range (variance = 38.965 / upper = 0.000 / lower = 0.000)
[20190205_152655 / lib_ip.py:4593] file : 2019-02-04_09-48-50_000.jpg 2 (black : variance --> out of range (variance = 38.965 / upper = 0.000 / lower = 0.000))
[20190205_152655 / lib_ip.py:4505] 
2019-02-04_09-48-50_000.jpg 3 ---------------------
[20190205_152655 / lib_ip.py:3753] file = 2019-02-04_09-48-50_000.jpg / val_Average = 89.6640	val_Variance = 21.9846	sd = 4.6888	max = 101	min = 77
[20190205_152655 / lib_ip.py:3836] len(Hs) = 8100, len(Ss) = 8100, len(Vs) = 8100
[20190205_152655 / lib_ip.py:3869] yellow : variance --> out of range (variance = 21.985 / upper = 0.650 / lower = 0.000)
[20190205_152655 / lib_ip.py:3753] file = 2019-02-04_09-48-50_000.jpg / val_Average = 89.6640	val_Variance = 21.9846	sd = 4.6888	max = 101	min = 77
[20190205_152655 / lib_ip.py:3936] len(Hs) = 8100, len(Ss) = 8100, len(Vs) = 8100
[20190205_152655 / lib_ip.py:3982] red : variance --> out of range (variance = 21.985 / upper = 0.430 / lower = 0.000)
[20190205_152656 / lib_ip.py:3753] file = 2019-02-04_09-48-50_000.jpg / val_Average = 89.6640	val_Variance = 21.9846	sd = 4.6888	max = 101	min = 77
[20190205_152656 / lib_ip.py:4052] len(Hs) = 8100, len(Ss) = 8100, len(Vs) = 8100
[20190205_152656 / lib_ip.py:4099] green : variance --> out of range (variance = 21.985 / upper = 0.760 / lower = 0.000)
[20190205_152656 / lib_ip.py:3753] file = 2019-02-04_09-48-50_000.jpg / val_Average = 89.6640	val_Variance = 21.9846	sd = 4.6888	max = 101	min = 77
[20190205_152656 / lib_ip.py:4169] len(Hs) = 8100, len(Ss) = 8100, len(Vs) = 8100
[20190205_152656 / lib_ip.py:4208] blue : variance --> out of range (variance = 21.985 / upper = 0.930 / lower = 0.010)
[20190205_152656 / lib_ip.py:3753] file = 2019-02-04_09-48-50_000.jpg / val_Average = 89.6640	val_Variance = 21.9846	sd = 4.6888	max = 101	min = 77
[20190205_152656 / lib_ip.py:4275] len(Hs) = 8100, len(Ss) = 8100, len(Vs) = 8100
[20190205_152656 / lib_ip.py:4314] pink : variance --> out of range (variance = 21.985 / upper = 0.400 / lower = 0.180)
[20190205_152656 / lib_ip.py:3753] file = 2019-02-04_09-48-50_000.jpg / val_Average = 89.6640	val_Variance = 21.9846	sd = 4.6888	max = 101	min = 77
[20190205_152656 / lib_ip.py:4378] len(Hs) = 8100, len(Ss) = 8100, len(Vs) = 8100
[20190205_152656 / lib_ip.py:4422] black : variance --> out of range (variance = 21.985 / upper = 0.000 / lower = 0.000)
[20190205_152656 / lib_ip.py:4593] file : 2019-02-04_09-48-50_000.jpg 3 (black : variance --> out of range (variance = 21.985 / upper = 0.000 / lower = 0.000))
[20190205_152656 / lib_ip.py:2021] lo_Color_Names_2 =>
file = img.20190205_152650.2019-02-04_09-48-50_000.jpg.1.png / color name = other
file = img.20190205_152650.2019-02-04_09-48-50_000.jpg.2.png / color name = other
file = img.20190205_152650.2019-02-04_09-48-50_000.jpg.3.png / color name = other
file = img.20190205_152650.2019-02-04_09-48-50_000.jpg.4.png / color name = other
