[20190206_100150 / views.py:1880] exec_get_4_corners(request) ================================
[20190206_100153 / lib_ip.py:1961] lo_Color_Names =>
img.20190206_100152.2019-02-06_00-39-09_000.jpg.1.png => other
img.20190206_100152.2019-02-06_00-39-09_000.jpg.2.png => other
img.20190206_100152.2019-02-06_00-39-09_000.jpg.3.png => other
img.20190206_100152.2019-02-06_00-39-09_000.jpg.4.png => other
[20190206_100153 / lib_ip.py:4505] 
2019-02-06_00-39-09_000.jpg 0 ---------------------
[20190206_100154 / lib_ip.py:3753] file = 2019-02-06_00-39-09_000.jpg / val_Average = 134.9507	val_Variance = 0.0525	sd = 0.2292	max = 136	min = 134
[20190206_100154 / lib_ip.py:3836] len(Hs) = 8100, len(Ss) = 8100, len(Vs) = 8100
[20190206_100154 / lib_ip.py:3891] yellow : average --> out of range (average = 134.951 / upper = 99.200 / lower = 85.500)
[20190206_100154 / lib_ip.py:3753] file = 2019-02-06_00-39-09_000.jpg / val_Average = 134.9507	val_Variance = 0.0525	sd = 0.2292	max = 136	min = 134
[20190206_100154 / lib_ip.py:3936] len(Hs) = 8100, len(Ss) = 8100, len(Vs) = 8100
[20190206_100154 / lib_ip.py:4007] red : average --> out of range (average = 134.951 / upper = 124.000 / lower = 115.000)
[20190206_100154 / lib_ip.py:3753] file = 2019-02-06_00-39-09_000.jpg / val_Average = 134.9507	val_Variance = 0.0525	sd = 0.2292	max = 136	min = 134
[20190206_100154 / lib_ip.py:4052] len(Hs) = 8100, len(Ss) = 8100, len(Vs) = 8100
[20190206_100154 / lib_ip.py:4124] green : average --> out of range (average = 134.951 / upper = 85.000 / lower = 58.000)
[20190206_100154 / lib_ip.py:3753] file = 2019-02-06_00-39-09_000.jpg / val_Average = 134.9507	val_Variance = 0.0525	sd = 0.2292	max = 136	min = 134
[20190206_100154 / lib_ip.py:4169] len(Hs) = 8100, len(Ss) = 8100, len(Vs) = 8100
[20190206_100154 / lib_ip.py:4230] blue : average --> out of range (average = 134.951 / upper = 17.000 / lower = 8.850)
[20190206_100154 / lib_ip.py:3753] file = 2019-02-06_00-39-09_000.jpg / val_Average = 134.9507	val_Variance = 0.0525	sd = 0.2292	max = 136	min = 134
[20190206_100154 / lib_ip.py:4275] len(Hs) = 8100, len(Ss) = 8100, len(Vs) = 8100
[20190206_100154 / lib_ip.py:4505] 
2019-02-06_00-39-09_000.jpg 1 ---------------------
[20190206_100154 / lib_ip.py:3753] file = 2019-02-06_00-39-09_000.jpg / val_Average = 112.9754	val_Variance = 0.6230	sd = 0.7893	max = 116	min = 111
[20190206_100154 / lib_ip.py:3836] len(Hs) = 8100, len(Ss) = 8100, len(Vs) = 8100
[20190206_100155 / lib_ip.py:3891] yellow : average --> out of range (average = 112.975 / upper = 99.200 / lower = 85.500)
[20190206_100155 / lib_ip.py:3753] file = 2019-02-06_00-39-09_000.jpg / val_Average = 112.9754	val_Variance = 0.6230	sd = 0.7893	max = 116	min = 111
[20190206_100155 / lib_ip.py:3936] len(Hs) = 8100, len(Ss) = 8100, len(Vs) = 8100
[20190206_100155 / lib_ip.py:3982] red : variance --> out of range (variance = 0.623 / upper = 0.430 / lower = 0.000)
[20190206_100155 / lib_ip.py:3753] file = 2019-02-06_00-39-09_000.jpg / val_Average = 112.9754	val_Variance = 0.6230	sd = 0.7893	max = 116	min = 111
[20190206_100155 / lib_ip.py:4052] len(Hs) = 8100, len(Ss) = 8100, len(Vs) = 8100
[20190206_100155 / lib_ip.py:4124] green : average --> out of range (average = 112.975 / upper = 85.000 / lower = 58.000)
[20190206_100155 / lib_ip.py:3753] file = 2019-02-06_00-39-09_000.jpg / val_Average = 112.9754	val_Variance = 0.6230	sd = 0.7893	max = 116	min = 111
[20190206_100155 / lib_ip.py:4169] len(Hs) = 8100, len(Ss) = 8100, len(Vs) = 8100
[20190206_100155 / lib_ip.py:4230] blue : average --> out of range (average = 112.975 / upper = 17.000 / lower = 8.850)
[20190206_100155 / lib_ip.py:3753] file = 2019-02-06_00-39-09_000.jpg / val_Average = 112.9754	val_Variance = 0.6230	sd = 0.7893	max = 116	min = 111
[20190206_100155 / lib_ip.py:4275] len(Hs) = 8100, len(Ss) = 8100, len(Vs) = 8100
[20190206_100155 / lib_ip.py:4336] pink : average --> out of range (average = 112.975 / upper = 136.000 / lower = 127.900)
[20190206_100155 / lib_ip.py:3753] file = 2019-02-06_00-39-09_000.jpg / val_Average = 112.9754	val_Variance = 0.6230	sd = 0.7893	max = 116	min = 111
[20190206_100155 / lib_ip.py:4378] len(Hs) = 8100, len(Ss) = 8100, len(Vs) = 8100
[20190206_100155 / lib_ip.py:4422] black : variance --> out of range (variance = 0.623 / upper = 0.000 / lower = 0.000)
[20190206_100155 / lib_ip.py:4593] file : 2019-02-06_00-39-09_000.jpg 1 (black : variance --> out of range (variance = 0.623 / upper = 0.000 / lower = 0.000))
[20190206_100155 / lib_ip.py:4505] 
2019-02-06_00-39-09_000.jpg 2 ---------------------
[20190206_100156 / lib_ip.py:3753] file = 2019-02-06_00-39-09_000.jpg / val_Average = 171.1394	val_Variance = 24.3684	sd = 4.9364	max = 178	min = 0
[20190206_100156 / lib_ip.py:3836] len(Hs) = 8100, len(Ss) = 8100, len(Vs) = 8100
[20190206_100156 / lib_ip.py:3869] yellow : variance --> out of range (variance = 24.368 / upper = 0.650 / lower = 0.000)
[20190206_100156 / lib_ip.py:3753] file = 2019-02-06_00-39-09_000.jpg / val_Average = 171.1394	val_Variance = 24.3684	sd = 4.9364	max = 178	min = 0
[20190206_100156 / lib_ip.py:3936] len(Hs) = 8100, len(Ss) = 8100, len(Vs) = 8100
[20190206_100156 / lib_ip.py:3982] red : variance --> out of range (variance = 24.368 / upper = 0.430 / lower = 0.000)
[20190206_100156 / lib_ip.py:3753] file = 2019-02-06_00-39-09_000.jpg / val_Average = 171.1394	val_Variance = 24.3684	sd = 4.9364	max = 178	min = 0
[20190206_100156 / lib_ip.py:4052] len(Hs) = 8100, len(Ss) = 8100, len(Vs) = 8100
[20190206_100156 / lib_ip.py:4099] green : variance --> out of range (variance = 24.368 / upper = 0.760 / lower = 0.000)
[20190206_100156 / lib_ip.py:3753] file = 2019-02-06_00-39-09_000.jpg / val_Average = 171.1394	val_Variance = 24.3684	sd = 4.9364	max = 178	min = 0
[20190206_100156 / lib_ip.py:4169] len(Hs) = 8100, len(Ss) = 8100, len(Vs) = 8100
[20190206_100156 / lib_ip.py:4208] blue : variance --> out of range (variance = 24.368 / upper = 0.930 / lower = 0.010)
[20190206_100156 / lib_ip.py:3753] file = 2019-02-06_00-39-09_000.jpg / val_Average = 171.1394	val_Variance = 24.3684	sd = 4.9364	max = 178	min = 0
[20190206_100156 / lib_ip.py:4275] len(Hs) = 8100, len(Ss) = 8100, len(Vs) = 8100
[20190206_100157 / lib_ip.py:4314] pink : variance --> out of range (variance = 24.368 / upper = 0.750 / lower = 0.030)
[20190206_100157 / lib_ip.py:3753] file = 2019-02-06_00-39-09_000.jpg / val_Average = 171.1394	val_Variance = 24.3684	sd = 4.9364	max = 178	min = 0
[20190206_100157 / lib_ip.py:4378] len(Hs) = 8100, len(Ss) = 8100, len(Vs) = 8100
[20190206_100157 / lib_ip.py:4422] black : variance --> out of range (variance = 24.368 / upper = 0.000 / lower = 0.000)
[20190206_100157 / lib_ip.py:4593] file : 2019-02-06_00-39-09_000.jpg 2 (black : variance --> out of range (variance = 24.368 / upper = 0.000 / lower = 0.000))
[20190206_100157 / lib_ip.py:4505] 
2019-02-06_00-39-09_000.jpg 3 ---------------------
[20190206_100157 / lib_ip.py:3753] file = 2019-02-06_00-39-09_000.jpg / val_Average = 101.1319	val_Variance = 12.6051	sd = 3.5504	max = 115	min = 85
[20190206_100157 / lib_ip.py:3836] len(Hs) = 8100, len(Ss) = 8100, len(Vs) = 8100
[20190206_100157 / lib_ip.py:3869] yellow : variance --> out of range (variance = 12.605 / upper = 0.650 / lower = 0.000)
[20190206_100157 / lib_ip.py:3753] file = 2019-02-06_00-39-09_000.jpg / val_Average = 101.1319	val_Variance = 12.6051	sd = 3.5504	max = 115	min = 85
[20190206_100157 / lib_ip.py:3936] len(Hs) = 8100, len(Ss) = 8100, len(Vs) = 8100
[20190206_100157 / lib_ip.py:3982] red : variance --> out of range (variance = 12.605 / upper = 0.430 / lower = 0.000)
[20190206_100157 / lib_ip.py:3753] file = 2019-02-06_00-39-09_000.jpg / val_Average = 101.1319	val_Variance = 12.6051	sd = 3.5504	max = 115	min = 85
[20190206_100157 / lib_ip.py:4052] len(Hs) = 8100, len(Ss) = 8100, len(Vs) = 8100
[20190206_100157 / lib_ip.py:4099] green : variance --> out of range (variance = 12.605 / upper = 0.760 / lower = 0.000)
[20190206_100157 / lib_ip.py:3753] file = 2019-02-06_00-39-09_000.jpg / val_Average = 101.1319	val_Variance = 12.6051	sd = 3.5504	max = 115	min = 85
[20190206_100157 / lib_ip.py:4169] len(Hs) = 8100, len(Ss) = 8100, len(Vs) = 8100
[20190206_100157 / lib_ip.py:4208] blue : variance --> out of range (variance = 12.605 / upper = 0.930 / lower = 0.010)
[20190206_100158 / lib_ip.py:3753] file = 2019-02-06_00-39-09_000.jpg / val_Average = 101.1319	val_Variance = 12.6051	sd = 3.5504	max = 115	min = 85
[20190206_100158 / lib_ip.py:4275] len(Hs) = 8100, len(Ss) = 8100, len(Vs) = 8100
[20190206_100158 / lib_ip.py:4314] pink : variance --> out of range (variance = 12.605 / upper = 0.750 / lower = 0.030)
[20190206_100158 / lib_ip.py:3753] file = 2019-02-06_00-39-09_000.jpg / val_Average = 101.1319	val_Variance = 12.6051	sd = 3.5504	max = 115	min = 85
[20190206_100158 / lib_ip.py:4378] len(Hs) = 8100, len(Ss) = 8100, len(Vs) = 8100
[20190206_100158 / lib_ip.py:4422] black : variance --> out of range (variance = 12.605 / upper = 0.000 / lower = 0.000)
[20190206_100158 / lib_ip.py:4593] file : 2019-02-06_00-39-09_000.jpg 3 (black : variance --> out of range (variance = 12.605 / upper = 0.000 / lower = 0.000))
[20190206_100158 / lib_ip.py:2021] lo_Color_Names_2 =>
file = img.20190206_100152.2019-02-06_00-39-09_000.jpg.1.png / color name = pink
file = img.20190206_100152.2019-02-06_00-39-09_000.jpg.2.png / color name = other
file = img.20190206_100152.2019-02-06_00-39-09_000.jpg.3.png / color name = other
file = img.20190206_100152.2019-02-06_00-39-09_000.jpg.4.png / color name = other
