[20190325_063707 / views.py:1822] gen_Cake_CSV(request) ==> starting... =======================
[20190325_063709 / lib_ip.py:2274] inspecting ===> img.20190325_063708.2019-03-24_10-34-22_000.jpg.1.png
[20190325_063709 / lib_ip.py:4505] 
img.20190325_063708.2019-03-24_10-34-22_000.jpg.1.png 0 ---------------------
[20190325_063709 / lib_ip.py:3753] file = img.20190325_063708.2019-03-24_10-34-22_000.jpg.1.png / val_Average = 107.9946	val_Variance = 2.4575	sd = 1.5676	max = 116	min = 106
[20190325_063709 / lib_ip.py:3836] len(Hs) = 8100, len(Ss) = 8100, len(Vs) = 8100
[20190325_063709 / lib_ip.py:3869] yellow : variance --> out of range (variance = 2.458 / upper = 0.650 / lower = 0.000)
[20190325_063709 / lib_ip.py:3753] file = img.20190325_063708.2019-03-24_10-34-22_000.jpg.1.png / val_Average = 107.9946	val_Variance = 2.4575	sd = 1.5676	max = 116	min = 106
[20190325_063709 / lib_ip.py:3936] len(Hs) = 8100, len(Ss) = 8100, len(Vs) = 8100
[20190325_063710 / lib_ip.py:3982] red : variance --> out of range (variance = 2.458 / upper = 0.430 / lower = 0.000)
[20190325_063710 / lib_ip.py:3753] file = img.20190325_063708.2019-03-24_10-34-22_000.jpg.1.png / val_Average = 107.9946	val_Variance = 2.4575	sd = 1.5676	max = 116	min = 106
[20190325_063710 / lib_ip.py:4052] len(Hs) = 8100, len(Ss) = 8100, len(Vs) = 8100
[20190325_063710 / lib_ip.py:4099] green : variance --> out of range (variance = 2.458 / upper = 0.760 / lower = 0.000)
[20190325_063710 / lib_ip.py:3753] file = img.20190325_063708.2019-03-24_10-34-22_000.jpg.1.png / val_Average = 107.9946	val_Variance = 2.4575	sd = 1.5676	max = 116	min = 106
[20190325_063710 / lib_ip.py:4169] len(Hs) = 8100, len(Ss) = 8100, len(Vs) = 8100
[20190325_063710 / lib_ip.py:4208] blue : variance --> out of range (variance = 2.458 / upper = 0.930 / lower = 0.010)
[20190325_063710 / lib_ip.py:3753] file = img.20190325_063708.2019-03-24_10-34-22_000.jpg.1.png / val_Average = 107.9946	val_Variance = 2.4575	sd = 1.5676	max = 116	min = 106
[20190325_063710 / lib_ip.py:4275] len(Hs) = 8100, len(Ss) = 8100, len(Vs) = 8100
[20190325_063710 / lib_ip.py:4314] pink : variance --> out of range (variance = 2.458 / upper = 0.750 / lower = 0.030)
[20190325_063710 / lib_ip.py:3753] file = img.20190325_063708.2019-03-24_10-34-22_000.jpg.1.png / val_Average = 107.9946	val_Variance = 2.4575	sd = 1.5676	max = 116	min = 106
[20190325_063710 / lib_ip.py:4378] len(Hs) = 8100, len(Ss) = 8100, len(Vs) = 8100
[20190325_063710 / lib_ip.py:4422] black : variance --> out of range (variance = 2.458 / upper = 0.000 / lower = 0.000)
[20190325_063710 / lib_ip.py:4593] file : img.20190325_063708.2019-03-24_10-34-22_000.jpg.1.png 0 (black : variance --> out of range (variance = 2.458 / upper = 0.000 / lower = 0.000))
[20190325_063710 / lib_ip.py:2274] inspecting ===> img.20190325_063708.2019-03-24_10-34-22_000.jpg.2.png
[20190325_063710 / lib_ip.py:4505] 
img.20190325_063708.2019-03-24_10-34-22_000.jpg.2.png 1 ---------------------
[20190325_063711 / lib_ip.py:3753] file = img.20190325_063708.2019-03-24_10-34-22_000.jpg.2.png / val_Average = 110.3159	val_Variance = 2.9085	sd = 1.7054	max = 115	min = 105
[20190325_063711 / lib_ip.py:3836] len(Hs) = 8100, len(Ss) = 8100, len(Vs) = 8100
[20190325_063711 / lib_ip.py:3869] yellow : variance --> out of range (variance = 2.908 / upper = 0.650 / lower = 0.000)
[20190325_063711 / lib_ip.py:3753] file = img.20190325_063708.2019-03-24_10-34-22_000.jpg.2.png / val_Average = 110.3159	val_Variance = 2.9085	sd = 1.7054	max = 115	min = 105
[20190325_063711 / lib_ip.py:3936] len(Hs) = 8100, len(Ss) = 8100, len(Vs) = 8100
[20190325_063711 / lib_ip.py:3982] red : variance --> out of range (variance = 2.908 / upper = 0.430 / lower = 0.000)
[20190325_063711 / lib_ip.py:3753] file = img.20190325_063708.2019-03-24_10-34-22_000.jpg.2.png / val_Average = 110.3159	val_Variance = 2.9085	sd = 1.7054	max = 115	min = 105
[20190325_063711 / lib_ip.py:4052] len(Hs) = 8100, len(Ss) = 8100, len(Vs) = 8100
[20190325_063711 / lib_ip.py:4099] green : variance --> out of range (variance = 2.908 / upper = 0.760 / lower = 0.000)
[20190325_063711 / lib_ip.py:3753] file = img.20190325_063708.2019-03-24_10-34-22_000.jpg.2.png / val_Average = 110.3159	val_Variance = 2.9085	sd = 1.7054	max = 115	min = 105
[20190325_063711 / lib_ip.py:4169] len(Hs) = 8100, len(Ss) = 8100, len(Vs) = 8100
[20190325_063711 / lib_ip.py:4208] blue : variance --> out of range (variance = 2.908 / upper = 0.930 / lower = 0.010)
[20190325_063711 / lib_ip.py:3753] file = img.20190325_063708.2019-03-24_10-34-22_000.jpg.2.png / val_Average = 110.3159	val_Variance = 2.9085	sd = 1.7054	max = 115	min = 105
[20190325_063711 / lib_ip.py:4275] len(Hs) = 8100, len(Ss) = 8100, len(Vs) = 8100
[20190325_063711 / lib_ip.py:4314] pink : variance --> out of range (variance = 2.908 / upper = 0.750 / lower = 0.030)
[20190325_063711 / lib_ip.py:3753] file = img.20190325_063708.2019-03-24_10-34-22_000.jpg.2.png / val_Average = 110.3159	val_Variance = 2.9085	sd = 1.7054	max = 115	min = 105
[20190325_063711 / lib_ip.py:4378] len(Hs) = 8100, len(Ss) = 8100, len(Vs) = 8100
[20190325_063711 / lib_ip.py:4422] black : variance --> out of range (variance = 2.908 / upper = 0.000 / lower = 0.000)
[20190325_063711 / lib_ip.py:4593] file : img.20190325_063708.2019-03-24_10-34-22_000.jpg.2.png 1 (black : variance --> out of range (variance = 2.908 / upper = 0.000 / lower = 0.000))
[20190325_063711 / lib_ip.py:2274] inspecting ===> img.20190325_063708.2019-03-24_10-34-22_000.jpg.3.png
[20190325_063712 / lib_ip.py:4505] 
img.20190325_063708.2019-03-24_10-34-22_000.jpg.3.png 2 ---------------------
[20190325_063712 / lib_ip.py:3753] file = img.20190325_063708.2019-03-24_10-34-22_000.jpg.3.png / val_Average = 99.7041	val_Variance = 1526.1770	sd = 39.0663	max = 174	min = 0
[20190325_063712 / lib_ip.py:3836] len(Hs) = 8100, len(Ss) = 8100, len(Vs) = 8100
[20190325_063712 / lib_ip.py:3869] yellow : variance --> out of range (variance = 1526.177 / upper = 0.650 / lower = 0.000)
[20190325_063712 / lib_ip.py:3753] file = img.20190325_063708.2019-03-24_10-34-22_000.jpg.3.png / val_Average = 99.7041	val_Variance = 1526.1770	sd = 39.0663	max = 174	min = 0
[20190325_063712 / lib_ip.py:3936] len(Hs) = 8100, len(Ss) = 8100, len(Vs) = 8100
[20190325_063712 / lib_ip.py:3982] red : variance --> out of range (variance = 1526.177 / upper = 0.430 / lower = 0.000)
[20190325_063712 / lib_ip.py:3753] file = img.20190325_063708.2019-03-24_10-34-22_000.jpg.3.png / val_Average = 99.7041	val_Variance = 1526.1770	sd = 39.0663	max = 174	min = 0
[20190325_063712 / lib_ip.py:4052] len(Hs) = 8100, len(Ss) = 8100, len(Vs) = 8100
[20190325_063712 / lib_ip.py:4099] green : variance --> out of range (variance = 1526.177 / upper = 0.760 / lower = 0.000)
[20190325_063712 / lib_ip.py:3753] file = img.20190325_063708.2019-03-24_10-34-22_000.jpg.3.png / val_Average = 99.7041	val_Variance = 1526.1770	sd = 39.0663	max = 174	min = 0
[20190325_063712 / lib_ip.py:4169] len(Hs) = 8100, len(Ss) = 8100, len(Vs) = 8100
[20190325_063712 / lib_ip.py:4208] blue : variance --> out of range (variance = 1526.177 / upper = 0.930 / lower = 0.010)
[20190325_063713 / lib_ip.py:3753] file = img.20190325_063708.2019-03-24_10-34-22_000.jpg.3.png / val_Average = 99.7041	val_Variance = 1526.1770	sd = 39.0663	max = 174	min = 0
[20190325_063713 / lib_ip.py:4275] len(Hs) = 8100, len(Ss) = 8100, len(Vs) = 8100
[20190325_063713 / lib_ip.py:4314] pink : variance --> out of range (variance = 1526.177 / upper = 0.750 / lower = 0.030)
[20190325_063713 / lib_ip.py:3753] file = img.20190325_063708.2019-03-24_10-34-22_000.jpg.3.png / val_Average = 99.7041	val_Variance = 1526.1770	sd = 39.0663	max = 174	min = 0
[20190325_063713 / lib_ip.py:4378] len(Hs) = 8100, len(Ss) = 8100, len(Vs) = 8100
[20190325_063713 / lib_ip.py:4422] black : variance --> out of range (variance = 1526.177 / upper = 0.000 / lower = 0.000)
[20190325_063713 / lib_ip.py:4593] file : img.20190325_063708.2019-03-24_10-34-22_000.jpg.3.png 2 (black : variance --> out of range (variance = 1526.177 / upper = 0.000 / lower = 0.000))
[20190325_063713 / lib_ip.py:2274] inspecting ===> img.20190325_063708.2019-03-24_10-34-22_000.jpg.4.png
[20190325_063713 / lib_ip.py:4505] 
img.20190325_063708.2019-03-24_10-34-22_000.jpg.4.png 3 ---------------------
[20190325_063713 / lib_ip.py:3753] file = img.20190325_063708.2019-03-24_10-34-22_000.jpg.4.png / val_Average = 106.6083	val_Variance = 1.2037	sd = 1.0971	max = 112	min = 102
[20190325_063713 / lib_ip.py:3836] len(Hs) = 8100, len(Ss) = 8100, len(Vs) = 8100
[20190325_063713 / lib_ip.py:3869] yellow : variance --> out of range (variance = 1.204 / upper = 0.650 / lower = 0.000)
[20190325_063713 / lib_ip.py:3753] file = img.20190325_063708.2019-03-24_10-34-22_000.jpg.4.png / val_Average = 106.6083	val_Variance = 1.2037	sd = 1.0971	max = 112	min = 102
[20190325_063713 / lib_ip.py:3936] len(Hs) = 8100, len(Ss) = 8100, len(Vs) = 8100
[20190325_063713 / lib_ip.py:3982] red : variance --> out of range (variance = 1.204 / upper = 0.430 / lower = 0.000)
[20190325_063713 / lib_ip.py:3753] file = img.20190325_063708.2019-03-24_10-34-22_000.jpg.4.png / val_Average = 106.6083	val_Variance = 1.2037	sd = 1.0971	max = 112	min = 102
[20190325_063713 / lib_ip.py:4052] len(Hs) = 8100, len(Ss) = 8100, len(Vs) = 8100
[20190325_063714 / lib_ip.py:4099] green : variance --> out of range (variance = 1.204 / upper = 0.760 / lower = 0.000)
[20190325_063714 / lib_ip.py:3753] file = img.20190325_063708.2019-03-24_10-34-22_000.jpg.4.png / val_Average = 106.6083	val_Variance = 1.2037	sd = 1.0971	max = 112	min = 102
[20190325_063714 / lib_ip.py:4169] len(Hs) = 8100, len(Ss) = 8100, len(Vs) = 8100
[20190325_063714 / lib_ip.py:4208] blue : variance --> out of range (variance = 1.204 / upper = 0.930 / lower = 0.010)
[20190325_063714 / lib_ip.py:3753] file = img.20190325_063708.2019-03-24_10-34-22_000.jpg.4.png / val_Average = 106.6083	val_Variance = 1.2037	sd = 1.0971	max = 112	min = 102
[20190325_063714 / lib_ip.py:4275] len(Hs) = 8100, len(Ss) = 8100, len(Vs) = 8100
[20190325_063714 / lib_ip.py:4314] pink : variance --> out of range (variance = 1.204 / upper = 0.750 / lower = 0.030)
[20190325_063714 / lib_ip.py:3753] file = img.20190325_063708.2019-03-24_10-34-22_000.jpg.4.png / val_Average = 106.6083	val_Variance = 1.2037	sd = 1.0971	max = 112	min = 102
[20190325_063714 / lib_ip.py:4378] len(Hs) = 8100, len(Ss) = 8100, len(Vs) = 8100
[20190325_063714 / lib_ip.py:4422] black : variance --> out of range (variance = 1.204 / upper = 0.000 / lower = 0.000)
[20190325_063714 / lib_ip.py:4593] file : img.20190325_063708.2019-03-24_10-34-22_000.jpg.4.png 3 (black : variance --> out of range (variance = 1.204 / upper = 0.000 / lower = 0.000))
[20190325_063713 / lib_ip.py:2274] inspecting ===> img.20190325_063708.2019-03-24_10-34-22_000.jpg.4.png
img.20190325_063708.2019-03-24_10-34-22_000.jpg.1.png => other
img.20190325_063708.2019-03-24_10-34-22_000.jpg.2.png => other
img.20190325_063708.2019-03-24_10-34-22_000.jpg.3.png => other
img.20190325_063708.2019-03-24_10-34-22_000.jpg.4.png => other
[20190325_063714 lib_ip.py:3301] =============== Get 4 corners
dpath_Images = C:\WORKS_2\WS\WS_Others.Art\JVEMV6\46_art\VIRTUAL\Admin_Projects\ip\images
fname_Image = img.20190325_063708.2019-03-24_10-34-22_000.jpg.4.png

[20190325_063715 / lib_ip.py:2274] inspecting ===> img.20190325_063715.2019-03-24_10-52-24_000.jpg.1.png
[20190325_063716 / lib_ip.py:4505] 
img.20190325_063715.2019-03-24_10-52-24_000.jpg.1.png 0 ---------------------
[20190325_063716 / lib_ip.py:3753] file = img.20190325_063715.2019-03-24_10-52-24_000.jpg.1.png / val_Average = 75.5477	val_Variance = 0.2477	sd = 0.4977	max = 76	min = 75
[20190325_063716 / lib_ip.py:3836] len(Hs) = 8100, len(Ss) = 8100, len(Vs) = 8100
[20190325_063716 / lib_ip.py:3891] yellow : average --> out of range (average = 75.548 / upper = 99.200 / lower = 85.500)
[20190325_063716 / lib_ip.py:3753] file = img.20190325_063715.2019-03-24_10-52-24_000.jpg.1.png / val_Average = 75.5477	val_Variance = 0.2477	sd = 0.4977	max = 76	min = 75
[20190325_063716 / lib_ip.py:3936] len(Hs) = 8100, len(Ss) = 8100, len(Vs) = 8100
[20190325_063716 / lib_ip.py:4007] red : average --> out of range (average = 75.548 / upper = 124.600 / lower = 115.000)
[20190325_063716 / lib_ip.py:3753] file = img.20190325_063715.2019-03-24_10-52-24_000.jpg.1.png / val_Average = 75.5477	val_Variance = 0.2477	sd = 0.4977	max = 76	min = 75
[20190325_063716 / lib_ip.py:4052] len(Hs) = 8100, len(Ss) = 8100, len(Vs) = 8100
[20190325_063716 / lib_ip.py:2274] inspecting ===> img.20190325_063715.2019-03-24_10-52-24_000.jpg.2.png
[20190325_063717 / lib_ip.py:4505] 
img.20190325_063715.2019-03-24_10-52-24_000.jpg.2.png 1 ---------------------
[20190325_063717 / lib_ip.py:3753] file = img.20190325_063715.2019-03-24_10-52-24_000.jpg.2.png / val_Average = 74.1288	val_Variance = 0.1381	sd = 0.3716	max = 75	min = 73
[20190325_063717 / lib_ip.py:3836] len(Hs) = 8100, len(Ss) = 8100, len(Vs) = 8100
[20190325_063717 / lib_ip.py:3891] yellow : average --> out of range (average = 74.129 / upper = 99.200 / lower = 85.500)
[20190325_063717 / lib_ip.py:3753] file = img.20190325_063715.2019-03-24_10-52-24_000.jpg.2.png / val_Average = 74.1288	val_Variance = 0.1381	sd = 0.3716	max = 75	min = 73
[20190325_063717 / lib_ip.py:3936] len(Hs) = 8100, len(Ss) = 8100, len(Vs) = 8100
[20190325_063717 / lib_ip.py:4007] red : average --> out of range (average = 74.129 / upper = 124.600 / lower = 115.000)
[20190325_063717 / lib_ip.py:3753] file = img.20190325_063715.2019-03-24_10-52-24_000.jpg.2.png / val_Average = 74.1288	val_Variance = 0.1381	sd = 0.3716	max = 75	min = 73
[20190325_063717 / lib_ip.py:4052] len(Hs) = 8100, len(Ss) = 8100, len(Vs) = 8100
[20190325_063717 / lib_ip.py:2274] inspecting ===> img.20190325_063715.2019-03-24_10-52-24_000.jpg.3.png
[20190325_063717 / lib_ip.py:4505] 
img.20190325_063715.2019-03-24_10-52-24_000.jpg.3.png 2 ---------------------
[20190325_063718 / lib_ip.py:3753] file = img.20190325_063715.2019-03-24_10-52-24_000.jpg.3.png / val_Average = 59.6149	val_Variance = 470.7886	sd = 21.6977	max = 100	min = 0
[20190325_063718 / lib_ip.py:3836] len(Hs) = 8100, len(Ss) = 8100, len(Vs) = 8100
[20190325_063718 / lib_ip.py:3869] yellow : variance --> out of range (variance = 470.789 / upper = 0.650 / lower = 0.000)
[20190325_063718 / lib_ip.py:3753] file = img.20190325_063715.2019-03-24_10-52-24_000.jpg.3.png / val_Average = 59.6149	val_Variance = 470.7886	sd = 21.6977	max = 100	min = 0
[20190325_063718 / lib_ip.py:3936] len(Hs) = 8100, len(Ss) = 8100, len(Vs) = 8100
[20190325_063718 / lib_ip.py:3982] red : variance --> out of range (variance = 470.789 / upper = 0.430 / lower = 0.000)
[20190325_063718 / lib_ip.py:3753] file = img.20190325_063715.2019-03-24_10-52-24_000.jpg.3.png / val_Average = 59.6149	val_Variance = 470.7886	sd = 21.6977	max = 100	min = 0
[20190325_063718 / lib_ip.py:4052] len(Hs) = 8100, len(Ss) = 8100, len(Vs) = 8100
[20190325_063718 / lib_ip.py:4099] green : variance --> out of range (variance = 470.789 / upper = 0.760 / lower = 0.000)
[20190325_063718 / lib_ip.py:3753] file = img.20190325_063715.2019-03-24_10-52-24_000.jpg.3.png / val_Average = 59.6149	val_Variance = 470.7886	sd = 21.6977	max = 100	min = 0
[20190325_063718 / lib_ip.py:4169] len(Hs) = 8100, len(Ss) = 8100, len(Vs) = 8100
[20190325_063718 / lib_ip.py:4208] blue : variance --> out of range (variance = 470.789 / upper = 0.930 / lower = 0.010)
[20190325_063718 / lib_ip.py:3753] file = img.20190325_063715.2019-03-24_10-52-24_000.jpg.3.png / val_Average = 59.6149	val_Variance = 470.7886	sd = 21.6977	max = 100	min = 0
[20190325_063718 / lib_ip.py:4275] len(Hs) = 8100, len(Ss) = 8100, len(Vs) = 8100
[20190325_063718 / lib_ip.py:4314] pink : variance --> out of range (variance = 470.789 / upper = 0.750 / lower = 0.030)
[20190325_063718 / lib_ip.py:3753] file = img.20190325_063715.2019-03-24_10-52-24_000.jpg.3.png / val_Average = 59.6149	val_Variance = 470.7886	sd = 21.6977	max = 100	min = 0
[20190325_063718 / lib_ip.py:4378] len(Hs) = 8100, len(Ss) = 8100, len(Vs) = 8100
[20190325_063718 / lib_ip.py:4422] black : variance --> out of range (variance = 470.789 / upper = 0.000 / lower = 0.000)
[20190325_063718 / lib_ip.py:4593] file : img.20190325_063715.2019-03-24_10-52-24_000.jpg.3.png 2 (black : variance --> out of range (variance = 470.789 / upper = 0.000 / lower = 0.000))
[20190325_063718 / lib_ip.py:2274] inspecting ===> img.20190325_063715.2019-03-24_10-52-24_000.jpg.4.png
[20190325_063719 / lib_ip.py:4505] 
img.20190325_063715.2019-03-24_10-52-24_000.jpg.4.png 3 ---------------------
[20190325_063719 / lib_ip.py:3753] file = img.20190325_063715.2019-03-24_10-52-24_000.jpg.4.png / val_Average = 111.3490	val_Variance = 8.8897	sd = 2.9816	max = 123	min = 105
[20190325_063719 / lib_ip.py:3836] len(Hs) = 8100, len(Ss) = 8100, len(Vs) = 8100
[20190325_063719 / lib_ip.py:3869] yellow : variance --> out of range (variance = 8.890 / upper = 0.650 / lower = 0.000)
[20190325_063719 / lib_ip.py:3753] file = img.20190325_063715.2019-03-24_10-52-24_000.jpg.4.png / val_Average = 111.3490	val_Variance = 8.8897	sd = 2.9816	max = 123	min = 105
[20190325_063719 / lib_ip.py:3936] len(Hs) = 8100, len(Ss) = 8100, len(Vs) = 8100
[20190325_063719 / lib_ip.py:3982] red : variance --> out of range (variance = 8.890 / upper = 0.430 / lower = 0.000)
[20190325_063719 / lib_ip.py:3753] file = img.20190325_063715.2019-03-24_10-52-24_000.jpg.4.png / val_Average = 111.3490	val_Variance = 8.8897	sd = 2.9816	max = 123	min = 105
[20190325_063719 / lib_ip.py:4052] len(Hs) = 8100, len(Ss) = 8100, len(Vs) = 8100
[20190325_063719 / lib_ip.py:4099] green : variance --> out of range (variance = 8.890 / upper = 0.760 / lower = 0.000)
[20190325_063719 / lib_ip.py:3753] file = img.20190325_063715.2019-03-24_10-52-24_000.jpg.4.png / val_Average = 111.3490	val_Variance = 8.8897	sd = 2.9816	max = 123	min = 105
[20190325_063719 / lib_ip.py:4169] len(Hs) = 8100, len(Ss) = 8100, len(Vs) = 8100
[20190325_063719 / lib_ip.py:4208] blue : variance --> out of range (variance = 8.890 / upper = 0.930 / lower = 0.010)
[20190325_063719 / lib_ip.py:3753] file = img.20190325_063715.2019-03-24_10-52-24_000.jpg.4.png / val_Average = 111.3490	val_Variance = 8.8897	sd = 2.9816	max = 123	min = 105
[20190325_063719 / lib_ip.py:4275] len(Hs) = 8100, len(Ss) = 8100, len(Vs) = 8100
[20190325_063719 / lib_ip.py:4314] pink : variance --> out of range (variance = 8.890 / upper = 0.750 / lower = 0.030)
[20190325_063720 / lib_ip.py:3753] file = img.20190325_063715.2019-03-24_10-52-24_000.jpg.4.png / val_Average = 111.3490	val_Variance = 8.8897	sd = 2.9816	max = 123	min = 105
[20190325_063720 / lib_ip.py:4378] len(Hs) = 8100, len(Ss) = 8100, len(Vs) = 8100
[20190325_063720 / lib_ip.py:4422] black : variance --> out of range (variance = 8.890 / upper = 0.000 / lower = 0.000)
[20190325_063720 / lib_ip.py:4593] file : img.20190325_063715.2019-03-24_10-52-24_000.jpg.4.png 3 (black : variance --> out of range (variance = 8.890 / upper = 0.000 / lower = 0.000))
[20190325_063718 / lib_ip.py:2274] inspecting ===> img.20190325_063715.2019-03-24_10-52-24_000.jpg.4.png
img.20190325_063715.2019-03-24_10-52-24_000.jpg.1.png => other
img.20190325_063715.2019-03-24_10-52-24_000.jpg.2.png => other
img.20190325_063715.2019-03-24_10-52-24_000.jpg.3.png => other
img.20190325_063715.2019-03-24_10-52-24_000.jpg.4.png => other
[20190325_063720 lib_ip.py:3301] =============== Get 4 corners
dpath_Images = C:\WORKS_2\WS\WS_Others.Art\JVEMV6\46_art\VIRTUAL\Admin_Projects\ip\images
fname_Image = img.20190325_063715.2019-03-24_10-52-24_000.jpg.4.png

[20190325_063720 / lib_ip.py:2274] inspecting ===> img.20190325_063720.2019-03-24_12-39-12_000.jpg.1.png
[20190325_063721 / lib_ip.py:4505] 
img.20190325_063720.2019-03-24_12-39-12_000.jpg.1.png 0 ---------------------
[20190325_063721 / lib_ip.py:3753] file = img.20190325_063720.2019-03-24_12-39-12_000.jpg.1.png / val_Average = 2.2889	val_Variance = 210.0943	sd = 14.4946	max = 150	min = 0
[20190325_063721 / lib_ip.py:3836] len(Hs) = 8100, len(Ss) = 8100, len(Vs) = 8100
[20190325_063721 / lib_ip.py:3869] yellow : variance --> out of range (variance = 210.094 / upper = 0.650 / lower = 0.000)
[20190325_063721 / lib_ip.py:3753] file = img.20190325_063720.2019-03-24_12-39-12_000.jpg.1.png / val_Average = 2.2889	val_Variance = 210.0943	sd = 14.4946	max = 150	min = 0
[20190325_063721 / lib_ip.py:3936] len(Hs) = 8100, len(Ss) = 8100, len(Vs) = 8100
[20190325_063721 / lib_ip.py:3982] red : variance --> out of range (variance = 210.094 / upper = 0.430 / lower = 0.000)
[20190325_063721 / lib_ip.py:3753] file = img.20190325_063720.2019-03-24_12-39-12_000.jpg.1.png / val_Average = 2.2889	val_Variance = 210.0943	sd = 14.4946	max = 150	min = 0
[20190325_063721 / lib_ip.py:4052] len(Hs) = 8100, len(Ss) = 8100, len(Vs) = 8100
[20190325_063721 / lib_ip.py:4099] green : variance --> out of range (variance = 210.094 / upper = 0.760 / lower = 0.000)
[20190325_063721 / lib_ip.py:3753] file = img.20190325_063720.2019-03-24_12-39-12_000.jpg.1.png / val_Average = 2.2889	val_Variance = 210.0943	sd = 14.4946	max = 150	min = 0
[20190325_063721 / lib_ip.py:4169] len(Hs) = 8100, len(Ss) = 8100, len(Vs) = 8100
[20190325_063721 / lib_ip.py:4208] blue : variance --> out of range (variance = 210.094 / upper = 0.930 / lower = 0.010)
[20190325_063721 / lib_ip.py:3753] file = img.20190325_063720.2019-03-24_12-39-12_000.jpg.1.png / val_Average = 2.2889	val_Variance = 210.0943	sd = 14.4946	max = 150	min = 0
[20190325_063721 / lib_ip.py:4275] len(Hs) = 8100, len(Ss) = 8100, len(Vs) = 8100
[20190325_063721 / lib_ip.py:4314] pink : variance --> out of range (variance = 210.094 / upper = 0.750 / lower = 0.030)
[20190325_063721 / lib_ip.py:3753] file = img.20190325_063720.2019-03-24_12-39-12_000.jpg.1.png / val_Average = 2.2889	val_Variance = 210.0943	sd = 14.4946	max = 150	min = 0
[20190325_063722 / lib_ip.py:4378] len(Hs) = 8100, len(Ss) = 8100, len(Vs) = 8100
[20190325_063722 / lib_ip.py:4422] black : variance --> out of range (variance = 210.094 / upper = 0.000 / lower = 0.000)
[20190325_063722 / lib_ip.py:4593] file : img.20190325_063720.2019-03-24_12-39-12_000.jpg.1.png 0 (black : variance --> out of range (variance = 210.094 / upper = 0.000 / lower = 0.000))
[20190325_063722 / lib_ip.py:2274] inspecting ===> img.20190325_063720.2019-03-24_12-39-12_000.jpg.2.png
[20190325_063722 / lib_ip.py:4505] 
img.20190325_063720.2019-03-24_12-39-12_000.jpg.2.png 1 ---------------------
[20190325_063722 / lib_ip.py:3753] file = img.20190325_063720.2019-03-24_12-39-12_000.jpg.2.png / val_Average = 117.4263	val_Variance = 353.2559	sd = 18.7951	max = 176	min = 0
[20190325_063722 / lib_ip.py:3836] len(Hs) = 8100, len(Ss) = 8100, len(Vs) = 8100
[20190325_063722 / lib_ip.py:3869] yellow : variance --> out of range (variance = 353.256 / upper = 0.650 / lower = 0.000)
[20190325_063722 / lib_ip.py:3753] file = img.20190325_063720.2019-03-24_12-39-12_000.jpg.2.png / val_Average = 117.4263	val_Variance = 353.2559	sd = 18.7951	max = 176	min = 0
[20190325_063722 / lib_ip.py:3936] len(Hs) = 8100, len(Ss) = 8100, len(Vs) = 8100
[20190325_063722 / lib_ip.py:3982] red : variance --> out of range (variance = 353.256 / upper = 0.430 / lower = 0.000)
[20190325_063722 / lib_ip.py:3753] file = img.20190325_063720.2019-03-24_12-39-12_000.jpg.2.png / val_Average = 117.4263	val_Variance = 353.2559	sd = 18.7951	max = 176	min = 0
[20190325_063722 / lib_ip.py:4052] len(Hs) = 8100, len(Ss) = 8100, len(Vs) = 8100
[20190325_063722 / lib_ip.py:4099] green : variance --> out of range (variance = 353.256 / upper = 0.760 / lower = 0.000)
[20190325_063722 / lib_ip.py:3753] file = img.20190325_063720.2019-03-24_12-39-12_000.jpg.2.png / val_Average = 117.4263	val_Variance = 353.2559	sd = 18.7951	max = 176	min = 0
[20190325_063722 / lib_ip.py:4169] len(Hs) = 8100, len(Ss) = 8100, len(Vs) = 8100
[20190325_063722 / lib_ip.py:4208] blue : variance --> out of range (variance = 353.256 / upper = 0.930 / lower = 0.010)
[20190325_063722 / lib_ip.py:3753] file = img.20190325_063720.2019-03-24_12-39-12_000.jpg.2.png / val_Average = 117.4263	val_Variance = 353.2559	sd = 18.7951	max = 176	min = 0
[20190325_063722 / lib_ip.py:4275] len(Hs) = 8100, len(Ss) = 8100, len(Vs) = 8100
[20190325_063723 / lib_ip.py:4314] pink : variance --> out of range (variance = 353.256 / upper = 0.750 / lower = 0.030)
[20190325_063723 / lib_ip.py:3753] file = img.20190325_063720.2019-03-24_12-39-12_000.jpg.2.png / val_Average = 117.4263	val_Variance = 353.2559	sd = 18.7951	max = 176	min = 0
[20190325_063723 / lib_ip.py:4378] len(Hs) = 8100, len(Ss) = 8100, len(Vs) = 8100
[20190325_063723 / lib_ip.py:4422] black : variance --> out of range (variance = 353.256 / upper = 0.000 / lower = 0.000)
[20190325_063723 / lib_ip.py:4593] file : img.20190325_063720.2019-03-24_12-39-12_000.jpg.2.png 1 (black : variance --> out of range (variance = 353.256 / upper = 0.000 / lower = 0.000))
[20190325_063723 / lib_ip.py:2274] inspecting ===> img.20190325_063720.2019-03-24_12-39-12_000.jpg.3.png
[20190325_063723 / lib_ip.py:4505] 
img.20190325_063720.2019-03-24_12-39-12_000.jpg.3.png 2 ---------------------
[20190325_063723 / lib_ip.py:3753] file = img.20190325_063720.2019-03-24_12-39-12_000.jpg.3.png / val_Average = 93.0385	val_Variance = 0.0533	sd = 0.2309	max = 94	min = 92
[20190325_063723 / lib_ip.py:3836] len(Hs) = 8100, len(Ss) = 8100, len(Vs) = 8100
[20190325_063723 / lib_ip.py:2274] inspecting ===> img.20190325_063720.2019-03-24_12-39-12_000.jpg.4.png
[20190325_063724 / lib_ip.py:4505] 
img.20190325_063720.2019-03-24_12-39-12_000.jpg.4.png 3 ---------------------
[20190325_063724 / lib_ip.py:3753] file = img.20190325_063720.2019-03-24_12-39-12_000.jpg.4.png / val_Average = 38.4468	val_Variance = 1012.9494	sd = 31.8269	max = 135	min = 0
[20190325_063724 / lib_ip.py:3836] len(Hs) = 8100, len(Ss) = 8100, len(Vs) = 8100
[20190325_063724 / lib_ip.py:3869] yellow : variance --> out of range (variance = 1012.949 / upper = 0.650 / lower = 0.000)
[20190325_063724 / lib_ip.py:3753] file = img.20190325_063720.2019-03-24_12-39-12_000.jpg.4.png / val_Average = 38.4468	val_Variance = 1012.9494	sd = 31.8269	max = 135	min = 0
[20190325_063724 / lib_ip.py:3936] len(Hs) = 8100, len(Ss) = 8100, len(Vs) = 8100
[20190325_063724 / lib_ip.py:3982] red : variance --> out of range (variance = 1012.949 / upper = 0.430 / lower = 0.000)
[20190325_063724 / lib_ip.py:3753] file = img.20190325_063720.2019-03-24_12-39-12_000.jpg.4.png / val_Average = 38.4468	val_Variance = 1012.9494	sd = 31.8269	max = 135	min = 0
[20190325_063724 / lib_ip.py:4052] len(Hs) = 8100, len(Ss) = 8100, len(Vs) = 8100
[20190325_063724 / lib_ip.py:4099] green : variance --> out of range (variance = 1012.949 / upper = 0.760 / lower = 0.000)
[20190325_063725 / lib_ip.py:3753] file = img.20190325_063720.2019-03-24_12-39-12_000.jpg.4.png / val_Average = 38.4468	val_Variance = 1012.9494	sd = 31.8269	max = 135	min = 0
[20190325_063725 / lib_ip.py:4169] len(Hs) = 8100, len(Ss) = 8100, len(Vs) = 8100
[20190325_063725 / lib_ip.py:4208] blue : variance --> out of range (variance = 1012.949 / upper = 0.930 / lower = 0.010)
[20190325_063725 / lib_ip.py:3753] file = img.20190325_063720.2019-03-24_12-39-12_000.jpg.4.png / val_Average = 38.4468	val_Variance = 1012.9494	sd = 31.8269	max = 135	min = 0
[20190325_063725 / lib_ip.py:4275] len(Hs) = 8100, len(Ss) = 8100, len(Vs) = 8100
[20190325_063725 / lib_ip.py:4314] pink : variance --> out of range (variance = 1012.949 / upper = 0.750 / lower = 0.030)
[20190325_063725 / lib_ip.py:3753] file = img.20190325_063720.2019-03-24_12-39-12_000.jpg.4.png / val_Average = 38.4468	val_Variance = 1012.9494	sd = 31.8269	max = 135	min = 0
[20190325_063725 / lib_ip.py:4378] len(Hs) = 8100, len(Ss) = 8100, len(Vs) = 8100
[20190325_063725 / lib_ip.py:4422] black : variance --> out of range (variance = 1012.949 / upper = 0.000 / lower = 0.000)
[20190325_063725 / lib_ip.py:4593] file : img.20190325_063720.2019-03-24_12-39-12_000.jpg.4.png 3 (black : variance --> out of range (variance = 1012.949 / upper = 0.000 / lower = 0.000))
[20190325_063723 / lib_ip.py:2274] inspecting ===> img.20190325_063720.2019-03-24_12-39-12_000.jpg.4.png
img.20190325_063720.2019-03-24_12-39-12_000.jpg.1.png => other
img.20190325_063720.2019-03-24_12-39-12_000.jpg.2.png => other
img.20190325_063720.2019-03-24_12-39-12_000.jpg.3.png => yellow
img.20190325_063720.2019-03-24_12-39-12_000.jpg.4.png => other
[20190325_063725 lib_ip.py:3301] =============== Get 4 corners
dpath_Images = C:\WORKS_2\WS\WS_Others.Art\JVEMV6\46_art\VIRTUAL\Admin_Projects\ip\images
fname_Image = img.20190325_063720.2019-03-24_12-39-12_000.jpg.4.png

[20190325_063726 / lib_ip.py:2274] inspecting ===> img.20190325_063725.2019-03-24_14-21-31_000.jpg.1.png
[20190325_063726 / lib_ip.py:4505] 
img.20190325_063725.2019-03-24_14-21-31_000.jpg.1.png 0 ---------------------
[20190325_063726 / lib_ip.py:3753] file = img.20190325_063725.2019-03-24_14-21-31_000.jpg.1.png / val_Average = 111.9435	val_Variance = 155.1650	sd = 12.4565	max = 144	min = 0
[20190325_063726 / lib_ip.py:3836] len(Hs) = 8100, len(Ss) = 8100, len(Vs) = 8100
[20190325_063726 / lib_ip.py:3869] yellow : variance --> out of range (variance = 155.165 / upper = 0.650 / lower = 0.000)
[20190325_063726 / lib_ip.py:3753] file = img.20190325_063725.2019-03-24_14-21-31_000.jpg.1.png / val_Average = 111.9435	val_Variance = 155.1650	sd = 12.4565	max = 144	min = 0
[20190325_063726 / lib_ip.py:3936] len(Hs) = 8100, len(Ss) = 8100, len(Vs) = 8100
[20190325_063726 / lib_ip.py:3982] red : variance --> out of range (variance = 155.165 / upper = 0.430 / lower = 0.000)
[20190325_063726 / lib_ip.py:3753] file = img.20190325_063725.2019-03-24_14-21-31_000.jpg.1.png / val_Average = 111.9435	val_Variance = 155.1650	sd = 12.4565	max = 144	min = 0
[20190325_063727 / lib_ip.py:4052] len(Hs) = 8100, len(Ss) = 8100, len(Vs) = 8100
[20190325_063727 / lib_ip.py:4099] green : variance --> out of range (variance = 155.165 / upper = 0.760 / lower = 0.000)
[20190325_063727 / lib_ip.py:3753] file = img.20190325_063725.2019-03-24_14-21-31_000.jpg.1.png / val_Average = 111.9435	val_Variance = 155.1650	sd = 12.4565	max = 144	min = 0
[20190325_063727 / lib_ip.py:4169] len(Hs) = 8100, len(Ss) = 8100, len(Vs) = 8100
[20190325_063727 / lib_ip.py:4208] blue : variance --> out of range (variance = 155.165 / upper = 0.930 / lower = 0.010)
[20190325_063727 / lib_ip.py:3753] file = img.20190325_063725.2019-03-24_14-21-31_000.jpg.1.png / val_Average = 111.9435	val_Variance = 155.1650	sd = 12.4565	max = 144	min = 0
[20190325_063727 / lib_ip.py:4275] len(Hs) = 8100, len(Ss) = 8100, len(Vs) = 8100
[20190325_063727 / lib_ip.py:4314] pink : variance --> out of range (variance = 155.165 / upper = 0.750 / lower = 0.030)
[20190325_063727 / lib_ip.py:3753] file = img.20190325_063725.2019-03-24_14-21-31_000.jpg.1.png / val_Average = 111.9435	val_Variance = 155.1650	sd = 12.4565	max = 144	min = 0
[20190325_063727 / lib_ip.py:4378] len(Hs) = 8100, len(Ss) = 8100, len(Vs) = 8100
[20190325_063727 / lib_ip.py:4422] black : variance --> out of range (variance = 155.165 / upper = 0.000 / lower = 0.000)
[20190325_063727 / lib_ip.py:4593] file : img.20190325_063725.2019-03-24_14-21-31_000.jpg.1.png 0 (black : variance --> out of range (variance = 155.165 / upper = 0.000 / lower = 0.000))
[20190325_063727 / lib_ip.py:2274] inspecting ===> img.20190325_063725.2019-03-24_14-21-31_000.jpg.2.png
[20190325_063727 / lib_ip.py:4505] 
img.20190325_063725.2019-03-24_14-21-31_000.jpg.2.png 1 ---------------------
[20190325_063727 / lib_ip.py:3753] file = img.20190325_063725.2019-03-24_14-21-31_000.jpg.2.png / val_Average = 12.8819	val_Variance = 0.1918	sd = 0.4380	max = 14	min = 10
[20190325_063728 / lib_ip.py:3836] len(Hs) = 8100, len(Ss) = 8100, len(Vs) = 8100
[20190325_063728 / lib_ip.py:3891] yellow : average --> out of range (average = 12.882 / upper = 99.200 / lower = 85.500)
[20190325_063728 / lib_ip.py:3753] file = img.20190325_063725.2019-03-24_14-21-31_000.jpg.2.png / val_Average = 12.8819	val_Variance = 0.1918	sd = 0.4380	max = 14	min = 10
[20190325_063728 / lib_ip.py:3936] len(Hs) = 8100, len(Ss) = 8100, len(Vs) = 8100
[20190325_063728 / lib_ip.py:4007] red : average --> out of range (average = 12.882 / upper = 124.600 / lower = 115.000)
[20190325_063728 / lib_ip.py:3753] file = img.20190325_063725.2019-03-24_14-21-31_000.jpg.2.png / val_Average = 12.8819	val_Variance = 0.1918	sd = 0.4380	max = 14	min = 10
[20190325_063728 / lib_ip.py:4052] len(Hs) = 8100, len(Ss) = 8100, len(Vs) = 8100
[20190325_063728 / lib_ip.py:4124] green : average --> out of range (average = 12.882 / upper = 85.000 / lower = 58.000)
[20190325_063728 / lib_ip.py:3753] file = img.20190325_063725.2019-03-24_14-21-31_000.jpg.2.png / val_Average = 12.8819	val_Variance = 0.1918	sd = 0.4380	max = 14	min = 10
[20190325_063728 / lib_ip.py:4169] len(Hs) = 8100, len(Ss) = 8100, len(Vs) = 8100
[20190325_063728 / lib_ip.py:2274] inspecting ===> img.20190325_063725.2019-03-24_14-21-31_000.jpg.3.png
[20190325_063728 / lib_ip.py:4505] 
img.20190325_063725.2019-03-24_14-21-31_000.jpg.3.png 2 ---------------------
[20190325_063728 / lib_ip.py:3753] file = img.20190325_063725.2019-03-24_14-21-31_000.jpg.3.png / val_Average = 111.4260	val_Variance = 7.5870	sd = 2.7545	max = 120	min = 99
[20190325_063729 / lib_ip.py:3836] len(Hs) = 8100, len(Ss) = 8100, len(Vs) = 8100
[20190325_063729 / lib_ip.py:3869] yellow : variance --> out of range (variance = 7.587 / upper = 0.650 / lower = 0.000)
[20190325_063729 / lib_ip.py:3753] file = img.20190325_063725.2019-03-24_14-21-31_000.jpg.3.png / val_Average = 111.4260	val_Variance = 7.5870	sd = 2.7545	max = 120	min = 99
[20190325_063729 / lib_ip.py:3936] len(Hs) = 8100, len(Ss) = 8100, len(Vs) = 8100
[20190325_063729 / lib_ip.py:3982] red : variance --> out of range (variance = 7.587 / upper = 0.430 / lower = 0.000)
[20190325_063729 / lib_ip.py:3753] file = img.20190325_063725.2019-03-24_14-21-31_000.jpg.3.png / val_Average = 111.4260	val_Variance = 7.5870	sd = 2.7545	max = 120	min = 99
[20190325_063729 / lib_ip.py:4052] len(Hs) = 8100, len(Ss) = 8100, len(Vs) = 8100
[20190325_063729 / lib_ip.py:4099] green : variance --> out of range (variance = 7.587 / upper = 0.760 / lower = 0.000)
[20190325_063729 / lib_ip.py:3753] file = img.20190325_063725.2019-03-24_14-21-31_000.jpg.3.png / val_Average = 111.4260	val_Variance = 7.5870	sd = 2.7545	max = 120	min = 99
[20190325_063729 / lib_ip.py:4169] len(Hs) = 8100, len(Ss) = 8100, len(Vs) = 8100
[20190325_063729 / lib_ip.py:4208] blue : variance --> out of range (variance = 7.587 / upper = 0.930 / lower = 0.010)
[20190325_063729 / lib_ip.py:3753] file = img.20190325_063725.2019-03-24_14-21-31_000.jpg.3.png / val_Average = 111.4260	val_Variance = 7.5870	sd = 2.7545	max = 120	min = 99
[20190325_063729 / lib_ip.py:4275] len(Hs) = 8100, len(Ss) = 8100, len(Vs) = 8100
[20190325_063729 / lib_ip.py:4314] pink : variance --> out of range (variance = 7.587 / upper = 0.750 / lower = 0.030)
[20190325_063729 / lib_ip.py:3753] file = img.20190325_063725.2019-03-24_14-21-31_000.jpg.3.png / val_Average = 111.4260	val_Variance = 7.5870	sd = 2.7545	max = 120	min = 99
[20190325_063729 / lib_ip.py:4378] len(Hs) = 8100, len(Ss) = 8100, len(Vs) = 8100
[20190325_063729 / lib_ip.py:4422] black : variance --> out of range (variance = 7.587 / upper = 0.000 / lower = 0.000)
[20190325_063729 / lib_ip.py:4593] file : img.20190325_063725.2019-03-24_14-21-31_000.jpg.3.png 2 (black : variance --> out of range (variance = 7.587 / upper = 0.000 / lower = 0.000))
[20190325_063729 / lib_ip.py:2274] inspecting ===> img.20190325_063725.2019-03-24_14-21-31_000.jpg.4.png
[20190325_063730 / lib_ip.py:4505] 
img.20190325_063725.2019-03-24_14-21-31_000.jpg.4.png 3 ---------------------
[20190325_063730 / lib_ip.py:3753] file = img.20190325_063725.2019-03-24_14-21-31_000.jpg.4.png / val_Average = 80.2414	val_Variance = 3168.0636	sd = 56.2856	max = 174	min = 0
[20190325_063730 / lib_ip.py:3836] len(Hs) = 8100, len(Ss) = 8100, len(Vs) = 8100
[20190325_063730 / lib_ip.py:3869] yellow : variance --> out of range (variance = 3168.064 / upper = 0.650 / lower = 0.000)
[20190325_063730 / lib_ip.py:3753] file = img.20190325_063725.2019-03-24_14-21-31_000.jpg.4.png / val_Average = 80.2414	val_Variance = 3168.0636	sd = 56.2856	max = 174	min = 0
[20190325_063730 / lib_ip.py:3936] len(Hs) = 8100, len(Ss) = 8100, len(Vs) = 8100
[20190325_063730 / lib_ip.py:3982] red : variance --> out of range (variance = 3168.064 / upper = 0.430 / lower = 0.000)
[20190325_063730 / lib_ip.py:3753] file = img.20190325_063725.2019-03-24_14-21-31_000.jpg.4.png / val_Average = 80.2414	val_Variance = 3168.0636	sd = 56.2856	max = 174	min = 0
[20190325_063730 / lib_ip.py:4052] len(Hs) = 8100, len(Ss) = 8100, len(Vs) = 8100
[20190325_063730 / lib_ip.py:4099] green : variance --> out of range (variance = 3168.064 / upper = 0.760 / lower = 0.000)
[20190325_063730 / lib_ip.py:3753] file = img.20190325_063725.2019-03-24_14-21-31_000.jpg.4.png / val_Average = 80.2414	val_Variance = 3168.0636	sd = 56.2856	max = 174	min = 0
[20190325_063730 / lib_ip.py:4169] len(Hs) = 8100, len(Ss) = 8100, len(Vs) = 8100
[20190325_063730 / lib_ip.py:4208] blue : variance --> out of range (variance = 3168.064 / upper = 0.930 / lower = 0.010)
[20190325_063730 / lib_ip.py:3753] file = img.20190325_063725.2019-03-24_14-21-31_000.jpg.4.png / val_Average = 80.2414	val_Variance = 3168.0636	sd = 56.2856	max = 174	min = 0
[20190325_063730 / lib_ip.py:4275] len(Hs) = 8100, len(Ss) = 8100, len(Vs) = 8100
[20190325_063730 / lib_ip.py:4314] pink : variance --> out of range (variance = 3168.064 / upper = 0.750 / lower = 0.030)
[20190325_063730 / lib_ip.py:3753] file = img.20190325_063725.2019-03-24_14-21-31_000.jpg.4.png / val_Average = 80.2414	val_Variance = 3168.0636	sd = 56.2856	max = 174	min = 0
[20190325_063730 / lib_ip.py:4378] len(Hs) = 8100, len(Ss) = 8100, len(Vs) = 8100
[20190325_063730 / lib_ip.py:4422] black : variance --> out of range (variance = 3168.064 / upper = 0.000 / lower = 0.000)
[20190325_063731 / lib_ip.py:4593] file : img.20190325_063725.2019-03-24_14-21-31_000.jpg.4.png 3 (black : variance --> out of range (variance = 3168.064 / upper = 0.000 / lower = 0.000))
[20190325_063729 / lib_ip.py:2274] inspecting ===> img.20190325_063725.2019-03-24_14-21-31_000.jpg.4.png
img.20190325_063725.2019-03-24_14-21-31_000.jpg.1.png => other
img.20190325_063725.2019-03-24_14-21-31_000.jpg.2.png => other
img.20190325_063725.2019-03-24_14-21-31_000.jpg.3.png => other
img.20190325_063725.2019-03-24_14-21-31_000.jpg.4.png => other
[20190325_063731 lib_ip.py:3301] =============== Get 4 corners
dpath_Images = C:\WORKS_2\WS\WS_Others.Art\JVEMV6\46_art\VIRTUAL\Admin_Projects\ip\images
fname_Image = img.20190325_063725.2019-03-24_14-21-31_000.jpg.4.png

[20190325_063731 / lib_ip.py:2274] inspecting ===> img.20190325_063731.2019-03-24_17-49-33_000.jpg.1.png
[20190325_063731 / lib_ip.py:4505] 
img.20190325_063731.2019-03-24_17-49-33_000.jpg.1.png 0 ---------------------
[20190325_063732 / lib_ip.py:3753] file = img.20190325_063731.2019-03-24_17-49-33_000.jpg.1.png / val_Average = 110.5781	val_Variance = 1.8232	sd = 1.3502	max = 115	min = 106
[20190325_063732 / lib_ip.py:3836] len(Hs) = 8100, len(Ss) = 8100, len(Vs) = 8100
[20190325_063732 / lib_ip.py:3869] yellow : variance --> out of range (variance = 1.823 / upper = 0.650 / lower = 0.000)
[20190325_063732 / lib_ip.py:3753] file = img.20190325_063731.2019-03-24_17-49-33_000.jpg.1.png / val_Average = 110.5781	val_Variance = 1.8232	sd = 1.3502	max = 115	min = 106
[20190325_063732 / lib_ip.py:3936] len(Hs) = 8100, len(Ss) = 8100, len(Vs) = 8100
[20190325_063732 / lib_ip.py:3982] red : variance --> out of range (variance = 1.823 / upper = 0.430 / lower = 0.000)
[20190325_063732 / lib_ip.py:3753] file = img.20190325_063731.2019-03-24_17-49-33_000.jpg.1.png / val_Average = 110.5781	val_Variance = 1.8232	sd = 1.3502	max = 115	min = 106
[20190325_063732 / lib_ip.py:4052] len(Hs) = 8100, len(Ss) = 8100, len(Vs) = 8100
[20190325_063732 / lib_ip.py:4099] green : variance --> out of range (variance = 1.823 / upper = 0.760 / lower = 0.000)
[20190325_063732 / lib_ip.py:3753] file = img.20190325_063731.2019-03-24_17-49-33_000.jpg.1.png / val_Average = 110.5781	val_Variance = 1.8232	sd = 1.3502	max = 115	min = 106
[20190325_063732 / lib_ip.py:4169] len(Hs) = 8100, len(Ss) = 8100, len(Vs) = 8100
[20190325_063732 / lib_ip.py:4208] blue : variance --> out of range (variance = 1.823 / upper = 0.930 / lower = 0.010)
[20190325_063732 / lib_ip.py:3753] file = img.20190325_063731.2019-03-24_17-49-33_000.jpg.1.png / val_Average = 110.5781	val_Variance = 1.8232	sd = 1.3502	max = 115	min = 106
[20190325_063732 / lib_ip.py:4275] len(Hs) = 8100, len(Ss) = 8100, len(Vs) = 8100
[20190325_063732 / lib_ip.py:4314] pink : variance --> out of range (variance = 1.823 / upper = 0.750 / lower = 0.030)
[20190325_063732 / lib_ip.py:3753] file = img.20190325_063731.2019-03-24_17-49-33_000.jpg.1.png / val_Average = 110.5781	val_Variance = 1.8232	sd = 1.3502	max = 115	min = 106
[20190325_063732 / lib_ip.py:4378] len(Hs) = 8100, len(Ss) = 8100, len(Vs) = 8100
[20190325_063732 / lib_ip.py:4422] black : variance --> out of range (variance = 1.823 / upper = 0.000 / lower = 0.000)
[20190325_063732 / lib_ip.py:4593] file : img.20190325_063731.2019-03-24_17-49-33_000.jpg.1.png 0 (black : variance --> out of range (variance = 1.823 / upper = 0.000 / lower = 0.000))
[20190325_063732 / lib_ip.py:2274] inspecting ===> img.20190325_063731.2019-03-24_17-49-33_000.jpg.2.png
[20190325_063733 / lib_ip.py:4505] 
img.20190325_063731.2019-03-24_17-49-33_000.jpg.2.png 1 ---------------------
[20190325_063733 / lib_ip.py:3753] file = img.20190325_063731.2019-03-24_17-49-33_000.jpg.2.png / val_Average = 77.1481	val_Variance = 0.1361	sd = 0.3689	max = 78	min = 76
[20190325_063733 / lib_ip.py:3836] len(Hs) = 8100, len(Ss) = 8100, len(Vs) = 8100
[20190325_063733 / lib_ip.py:3891] yellow : average --> out of range (average = 77.148 / upper = 99.200 / lower = 85.500)
[20190325_063733 / lib_ip.py:3753] file = img.20190325_063731.2019-03-24_17-49-33_000.jpg.2.png / val_Average = 77.1481	val_Variance = 0.1361	sd = 0.3689	max = 78	min = 76
[20190325_063733 / lib_ip.py:3936] len(Hs) = 8100, len(Ss) = 8100, len(Vs) = 8100
[20190325_063733 / lib_ip.py:4007] red : average --> out of range (average = 77.148 / upper = 124.600 / lower = 115.000)
[20190325_063733 / lib_ip.py:3753] file = img.20190325_063731.2019-03-24_17-49-33_000.jpg.2.png / val_Average = 77.1481	val_Variance = 0.1361	sd = 0.3689	max = 78	min = 76
[20190325_063733 / lib_ip.py:4052] len(Hs) = 8100, len(Ss) = 8100, len(Vs) = 8100
[20190325_063733 / lib_ip.py:2274] inspecting ===> img.20190325_063731.2019-03-24_17-49-33_000.jpg.3.png
[20190325_063733 / lib_ip.py:4505] 
img.20190325_063731.2019-03-24_17-49-33_000.jpg.3.png 2 ---------------------
[20190325_063734 / lib_ip.py:3753] file = img.20190325_063731.2019-03-24_17-49-33_000.jpg.3.png / val_Average = 109.9725	val_Variance = 8.2865	sd = 2.8786	max = 117	min = 102
[20190325_063734 / lib_ip.py:3836] len(Hs) = 8100, len(Ss) = 8100, len(Vs) = 8100
[20190325_063734 / lib_ip.py:3869] yellow : variance --> out of range (variance = 8.287 / upper = 0.650 / lower = 0.000)
[20190325_063734 / lib_ip.py:3753] file = img.20190325_063731.2019-03-24_17-49-33_000.jpg.3.png / val_Average = 109.9725	val_Variance = 8.2865	sd = 2.8786	max = 117	min = 102
[20190325_063734 / lib_ip.py:3936] len(Hs) = 8100, len(Ss) = 8100, len(Vs) = 8100
[20190325_063734 / lib_ip.py:3982] red : variance --> out of range (variance = 8.287 / upper = 0.430 / lower = 0.000)
[20190325_063734 / lib_ip.py:3753] file = img.20190325_063731.2019-03-24_17-49-33_000.jpg.3.png / val_Average = 109.9725	val_Variance = 8.2865	sd = 2.8786	max = 117	min = 102
[20190325_063734 / lib_ip.py:4052] len(Hs) = 8100, len(Ss) = 8100, len(Vs) = 8100
[20190325_063734 / lib_ip.py:4099] green : variance --> out of range (variance = 8.287 / upper = 0.760 / lower = 0.000)
[20190325_063734 / lib_ip.py:3753] file = img.20190325_063731.2019-03-24_17-49-33_000.jpg.3.png / val_Average = 109.9725	val_Variance = 8.2865	sd = 2.8786	max = 117	min = 102
[20190325_063734 / lib_ip.py:4169] len(Hs) = 8100, len(Ss) = 8100, len(Vs) = 8100
[20190325_063734 / lib_ip.py:4208] blue : variance --> out of range (variance = 8.287 / upper = 0.930 / lower = 0.010)
[20190325_063734 / lib_ip.py:3753] file = img.20190325_063731.2019-03-24_17-49-33_000.jpg.3.png / val_Average = 109.9725	val_Variance = 8.2865	sd = 2.8786	max = 117	min = 102
[20190325_063734 / lib_ip.py:4275] len(Hs) = 8100, len(Ss) = 8100, len(Vs) = 8100
[20190325_063734 / lib_ip.py:4314] pink : variance --> out of range (variance = 8.287 / upper = 0.750 / lower = 0.030)
[20190325_063734 / lib_ip.py:3753] file = img.20190325_063731.2019-03-24_17-49-33_000.jpg.3.png / val_Average = 109.9725	val_Variance = 8.2865	sd = 2.8786	max = 117	min = 102
[20190325_063734 / lib_ip.py:4378] len(Hs) = 8100, len(Ss) = 8100, len(Vs) = 8100
[20190325_063734 / lib_ip.py:4422] black : variance --> out of range (variance = 8.287 / upper = 0.000 / lower = 0.000)
[20190325_063734 / lib_ip.py:4593] file : img.20190325_063731.2019-03-24_17-49-33_000.jpg.3.png 2 (black : variance --> out of range (variance = 8.287 / upper = 0.000 / lower = 0.000))
[20190325_063734 / lib_ip.py:2274] inspecting ===> img.20190325_063731.2019-03-24_17-49-33_000.jpg.4.png
[20190325_063735 / lib_ip.py:4505] 
img.20190325_063731.2019-03-24_17-49-33_000.jpg.4.png 3 ---------------------
[20190325_063735 / lib_ip.py:3753] file = img.20190325_063731.2019-03-24_17-49-33_000.jpg.4.png / val_Average = 120.7196	val_Variance = 0.2116	sd = 0.4600	max = 122	min = 119
[20190325_063735 / lib_ip.py:3836] len(Hs) = 8100, len(Ss) = 8100, len(Vs) = 8100
[20190325_063735 / lib_ip.py:3891] yellow : average --> out of range (average = 120.720 / upper = 99.200 / lower = 85.500)
[20190325_063735 / lib_ip.py:3753] file = img.20190325_063731.2019-03-24_17-49-33_000.jpg.4.png / val_Average = 120.7196	val_Variance = 0.2116	sd = 0.4600	max = 122	min = 119
[20190325_063735 / lib_ip.py:3936] len(Hs) = 8100, len(Ss) = 8100, len(Vs) = 8100
[20190325_063734 / lib_ip.py:2274] inspecting ===> img.20190325_063731.2019-03-24_17-49-33_000.jpg.4.png
img.20190325_063731.2019-03-24_17-49-33_000.jpg.1.png => other
img.20190325_063731.2019-03-24_17-49-33_000.jpg.2.png => other
img.20190325_063731.2019-03-24_17-49-33_000.jpg.3.png => other
img.20190325_063731.2019-03-24_17-49-33_000.jpg.4.png => other
[20190325_063735 lib_ip.py:3301] =============== Get 4 corners
dpath_Images = C:\WORKS_2\WS\WS_Others.Art\JVEMV6\46_art\VIRTUAL\Admin_Projects\ip\images
fname_Image = img.20190325_063731.2019-03-24_17-49-33_000.jpg.4.png

[20190325_063736 / lib_ip.py:2274] inspecting ===> img.20190325_063736.2019-03-24_18-50-35_000.jpg.1.png
[20190325_063736 / lib_ip.py:4505] 
img.20190325_063736.2019-03-24_18-50-35_000.jpg.1.png 0 ---------------------
[20190325_063736 / lib_ip.py:3753] file = img.20190325_063736.2019-03-24_18-50-35_000.jpg.1.png / val_Average = 77.9425	val_Variance = 0.1352	sd = 0.3677	max = 79	min = 76
[20190325_063736 / lib_ip.py:3836] len(Hs) = 8100, len(Ss) = 8100, len(Vs) = 8100
[20190325_063736 / lib_ip.py:3891] yellow : average --> out of range (average = 77.942 / upper = 99.200 / lower = 85.500)
[20190325_063736 / lib_ip.py:3753] file = img.20190325_063736.2019-03-24_18-50-35_000.jpg.1.png / val_Average = 77.9425	val_Variance = 0.1352	sd = 0.3677	max = 79	min = 76
[20190325_063736 / lib_ip.py:3936] len(Hs) = 8100, len(Ss) = 8100, len(Vs) = 8100
[20190325_063736 / lib_ip.py:4007] red : average --> out of range (average = 77.942 / upper = 124.600 / lower = 115.000)
[20190325_063736 / lib_ip.py:3753] file = img.20190325_063736.2019-03-24_18-50-35_000.jpg.1.png / val_Average = 77.9425	val_Variance = 0.1352	sd = 0.3677	max = 79	min = 76
[20190325_063736 / lib_ip.py:4052] len(Hs) = 8100, len(Ss) = 8100, len(Vs) = 8100
[20190325_063736 / lib_ip.py:2274] inspecting ===> img.20190325_063736.2019-03-24_18-50-35_000.jpg.2.png
[20190325_063737 / lib_ip.py:4505] 
img.20190325_063736.2019-03-24_18-50-35_000.jpg.2.png 1 ---------------------
[20190325_063737 / lib_ip.py:3753] file = img.20190325_063736.2019-03-24_18-50-35_000.jpg.2.png / val_Average = 120.5954	val_Variance = 0.2409	sd = 0.4908	max = 121	min = 120
[20190325_063737 / lib_ip.py:3836] len(Hs) = 8100, len(Ss) = 8100, len(Vs) = 8100
[20190325_063737 / lib_ip.py:3891] yellow : average --> out of range (average = 120.595 / upper = 99.200 / lower = 85.500)
[20190325_063737 / lib_ip.py:3753] file = img.20190325_063736.2019-03-24_18-50-35_000.jpg.2.png / val_Average = 120.5954	val_Variance = 0.2409	sd = 0.4908	max = 121	min = 120
[20190325_063737 / lib_ip.py:3936] len(Hs) = 8100, len(Ss) = 8100, len(Vs) = 8100
[20190325_063737 / lib_ip.py:2274] inspecting ===> img.20190325_063736.2019-03-24_18-50-35_000.jpg.3.png
[20190325_063737 / lib_ip.py:4505] 
img.20190325_063736.2019-03-24_18-50-35_000.jpg.3.png 2 ---------------------
[20190325_063738 / lib_ip.py:3753] file = img.20190325_063736.2019-03-24_18-50-35_000.jpg.3.png / val_Average = 109.6510	val_Variance = 10.0988	sd = 3.1779	max = 123	min = 94
[20190325_063738 / lib_ip.py:3836] len(Hs) = 8100, len(Ss) = 8100, len(Vs) = 8100
[20190325_063738 / lib_ip.py:3869] yellow : variance --> out of range (variance = 10.099 / upper = 0.650 / lower = 0.000)
[20190325_063738 / lib_ip.py:3753] file = img.20190325_063736.2019-03-24_18-50-35_000.jpg.3.png / val_Average = 109.6510	val_Variance = 10.0988	sd = 3.1779	max = 123	min = 94
[20190325_063738 / lib_ip.py:3936] len(Hs) = 8100, len(Ss) = 8100, len(Vs) = 8100
[20190325_063738 / lib_ip.py:3982] red : variance --> out of range (variance = 10.099 / upper = 0.430 / lower = 0.000)
[20190325_063738 / lib_ip.py:3753] file = img.20190325_063736.2019-03-24_18-50-35_000.jpg.3.png / val_Average = 109.6510	val_Variance = 10.0988	sd = 3.1779	max = 123	min = 94
[20190325_063738 / lib_ip.py:4052] len(Hs) = 8100, len(Ss) = 8100, len(Vs) = 8100
[20190325_063738 / lib_ip.py:4099] green : variance --> out of range (variance = 10.099 / upper = 0.760 / lower = 0.000)
[20190325_063738 / lib_ip.py:3753] file = img.20190325_063736.2019-03-24_18-50-35_000.jpg.3.png / val_Average = 109.6510	val_Variance = 10.0988	sd = 3.1779	max = 123	min = 94
[20190325_063738 / lib_ip.py:4169] len(Hs) = 8100, len(Ss) = 8100, len(Vs) = 8100
[20190325_063738 / lib_ip.py:4208] blue : variance --> out of range (variance = 10.099 / upper = 0.930 / lower = 0.010)
[20190325_063738 / lib_ip.py:3753] file = img.20190325_063736.2019-03-24_18-50-35_000.jpg.3.png / val_Average = 109.6510	val_Variance = 10.0988	sd = 3.1779	max = 123	min = 94
[20190325_063738 / lib_ip.py:4275] len(Hs) = 8100, len(Ss) = 8100, len(Vs) = 8100
[20190325_063738 / lib_ip.py:4314] pink : variance --> out of range (variance = 10.099 / upper = 0.750 / lower = 0.030)
[20190325_063738 / lib_ip.py:3753] file = img.20190325_063736.2019-03-24_18-50-35_000.jpg.3.png / val_Average = 109.6510	val_Variance = 10.0988	sd = 3.1779	max = 123	min = 94
[20190325_063738 / lib_ip.py:4378] len(Hs) = 8100, len(Ss) = 8100, len(Vs) = 8100
[20190325_063739 / lib_ip.py:4422] black : variance --> out of range (variance = 10.099 / upper = 0.000 / lower = 0.000)
[20190325_063739 / lib_ip.py:4593] file : img.20190325_063736.2019-03-24_18-50-35_000.jpg.3.png 2 (black : variance --> out of range (variance = 10.099 / upper = 0.000 / lower = 0.000))
[20190325_063739 / lib_ip.py:2274] inspecting ===> img.20190325_063736.2019-03-24_18-50-35_000.jpg.4.png
[20190325_063739 / lib_ip.py:4505] 
img.20190325_063736.2019-03-24_18-50-35_000.jpg.4.png 3 ---------------------
[20190325_063739 / lib_ip.py:3753] file = img.20190325_063736.2019-03-24_18-50-35_000.jpg.4.png / val_Average = 107.3858	val_Variance = 2.3424	sd = 1.5305	max = 111	min = 101
[20190325_063739 / lib_ip.py:3836] len(Hs) = 8100, len(Ss) = 8100, len(Vs) = 8100
[20190325_063739 / lib_ip.py:3869] yellow : variance --> out of range (variance = 2.342 / upper = 0.650 / lower = 0.000)
[20190325_063739 / lib_ip.py:3753] file = img.20190325_063736.2019-03-24_18-50-35_000.jpg.4.png / val_Average = 107.3858	val_Variance = 2.3424	sd = 1.5305	max = 111	min = 101
[20190325_063739 / lib_ip.py:3936] len(Hs) = 8100, len(Ss) = 8100, len(Vs) = 8100
[20190325_063739 / lib_ip.py:3982] red : variance --> out of range (variance = 2.342 / upper = 0.430 / lower = 0.000)
[20190325_063739 / lib_ip.py:3753] file = img.20190325_063736.2019-03-24_18-50-35_000.jpg.4.png / val_Average = 107.3858	val_Variance = 2.3424	sd = 1.5305	max = 111	min = 101
[20190325_063739 / lib_ip.py:4052] len(Hs) = 8100, len(Ss) = 8100, len(Vs) = 8100
[20190325_063739 / lib_ip.py:4099] green : variance --> out of range (variance = 2.342 / upper = 0.760 / lower = 0.000)
[20190325_063739 / lib_ip.py:3753] file = img.20190325_063736.2019-03-24_18-50-35_000.jpg.4.png / val_Average = 107.3858	val_Variance = 2.3424	sd = 1.5305	max = 111	min = 101
[20190325_063739 / lib_ip.py:4169] len(Hs) = 8100, len(Ss) = 8100, len(Vs) = 8100
[20190325_063739 / lib_ip.py:4208] blue : variance --> out of range (variance = 2.342 / upper = 0.930 / lower = 0.010)
[20190325_063739 / lib_ip.py:3753] file = img.20190325_063736.2019-03-24_18-50-35_000.jpg.4.png / val_Average = 107.3858	val_Variance = 2.3424	sd = 1.5305	max = 111	min = 101
[20190325_063739 / lib_ip.py:4275] len(Hs) = 8100, len(Ss) = 8100, len(Vs) = 8100
[20190325_063740 / lib_ip.py:4314] pink : variance --> out of range (variance = 2.342 / upper = 0.750 / lower = 0.030)
[20190325_063740 / lib_ip.py:3753] file = img.20190325_063736.2019-03-24_18-50-35_000.jpg.4.png / val_Average = 107.3858	val_Variance = 2.3424	sd = 1.5305	max = 111	min = 101
[20190325_063740 / lib_ip.py:4378] len(Hs) = 8100, len(Ss) = 8100, len(Vs) = 8100
[20190325_063740 / lib_ip.py:4422] black : variance --> out of range (variance = 2.342 / upper = 0.000 / lower = 0.000)
[20190325_063740 / lib_ip.py:4593] file : img.20190325_063736.2019-03-24_18-50-35_000.jpg.4.png 3 (black : variance --> out of range (variance = 2.342 / upper = 0.000 / lower = 0.000))
[20190325_063739 / lib_ip.py:2274] inspecting ===> img.20190325_063736.2019-03-24_18-50-35_000.jpg.4.png
img.20190325_063736.2019-03-24_18-50-35_000.jpg.1.png => other
img.20190325_063736.2019-03-24_18-50-35_000.jpg.2.png => other
img.20190325_063736.2019-03-24_18-50-35_000.jpg.3.png => other
img.20190325_063736.2019-03-24_18-50-35_000.jpg.4.png => other
[20190325_063740 lib_ip.py:3301] =============== Get 4 corners
dpath_Images = C:\WORKS_2\WS\WS_Others.Art\JVEMV6\46_art\VIRTUAL\Admin_Projects\ip\images
fname_Image = img.20190325_063736.2019-03-24_18-50-35_000.jpg.4.png

[20190325_063740 / lib_ip.py:2274] inspecting ===> img.20190325_063740.2019-03-24_18-51-13_000.jpg.1.png
[20190325_063741 / lib_ip.py:4505] 
img.20190325_063740.2019-03-24_18-51-13_000.jpg.1.png 0 ---------------------
[20190325_063741 / lib_ip.py:3753] file = img.20190325_063740.2019-03-24_18-51-13_000.jpg.1.png / val_Average = 108.1754	val_Variance = 7.0456	sd = 2.6544	max = 120	min = 98
[20190325_063741 / lib_ip.py:3836] len(Hs) = 8100, len(Ss) = 8100, len(Vs) = 8100
[20190325_063741 / lib_ip.py:3869] yellow : variance --> out of range (variance = 7.046 / upper = 0.650 / lower = 0.000)
[20190325_063741 / lib_ip.py:3753] file = img.20190325_063740.2019-03-24_18-51-13_000.jpg.1.png / val_Average = 108.1754	val_Variance = 7.0456	sd = 2.6544	max = 120	min = 98
[20190325_063741 / lib_ip.py:3936] len(Hs) = 8100, len(Ss) = 8100, len(Vs) = 8100
[20190325_063741 / lib_ip.py:3982] red : variance --> out of range (variance = 7.046 / upper = 0.430 / lower = 0.000)
[20190325_063741 / lib_ip.py:3753] file = img.20190325_063740.2019-03-24_18-51-13_000.jpg.1.png / val_Average = 108.1754	val_Variance = 7.0456	sd = 2.6544	max = 120	min = 98
[20190325_063741 / lib_ip.py:4052] len(Hs) = 8100, len(Ss) = 8100, len(Vs) = 8100
[20190325_063741 / lib_ip.py:4099] green : variance --> out of range (variance = 7.046 / upper = 0.760 / lower = 0.000)
[20190325_063741 / lib_ip.py:3753] file = img.20190325_063740.2019-03-24_18-51-13_000.jpg.1.png / val_Average = 108.1754	val_Variance = 7.0456	sd = 2.6544	max = 120	min = 98
[20190325_063741 / lib_ip.py:4169] len(Hs) = 8100, len(Ss) = 8100, len(Vs) = 8100
[20190325_063741 / lib_ip.py:4208] blue : variance --> out of range (variance = 7.046 / upper = 0.930 / lower = 0.010)
[20190325_063741 / lib_ip.py:3753] file = img.20190325_063740.2019-03-24_18-51-13_000.jpg.1.png / val_Average = 108.1754	val_Variance = 7.0456	sd = 2.6544	max = 120	min = 98
[20190325_063741 / lib_ip.py:4275] len(Hs) = 8100, len(Ss) = 8100, len(Vs) = 8100
[20190325_063741 / lib_ip.py:4314] pink : variance --> out of range (variance = 7.046 / upper = 0.750 / lower = 0.030)
[20190325_063741 / lib_ip.py:3753] file = img.20190325_063740.2019-03-24_18-51-13_000.jpg.1.png / val_Average = 108.1754	val_Variance = 7.0456	sd = 2.6544	max = 120	min = 98
[20190325_063741 / lib_ip.py:4378] len(Hs) = 8100, len(Ss) = 8100, len(Vs) = 8100
[20190325_063741 / lib_ip.py:4422] black : variance --> out of range (variance = 7.046 / upper = 0.000 / lower = 0.000)
[20190325_063741 / lib_ip.py:4593] file : img.20190325_063740.2019-03-24_18-51-13_000.jpg.1.png 0 (black : variance --> out of range (variance = 7.046 / upper = 0.000 / lower = 0.000))
[20190325_063741 / lib_ip.py:2274] inspecting ===> img.20190325_063740.2019-03-24_18-51-13_000.jpg.2.png
[20190325_063742 / lib_ip.py:4505] 
img.20190325_063740.2019-03-24_18-51-13_000.jpg.2.png 1 ---------------------
[20190325_063742 / lib_ip.py:3753] file = img.20190325_063740.2019-03-24_18-51-13_000.jpg.2.png / val_Average = 10.9214	val_Variance = 0.3120	sd = 0.5585	max = 12	min = 7
[20190325_063742 / lib_ip.py:3836] len(Hs) = 8100, len(Ss) = 8100, len(Vs) = 8100
[20190325_063742 / lib_ip.py:3891] yellow : average --> out of range (average = 10.921 / upper = 99.200 / lower = 85.500)
[20190325_063742 / lib_ip.py:3753] file = img.20190325_063740.2019-03-24_18-51-13_000.jpg.2.png / val_Average = 10.9214	val_Variance = 0.3120	sd = 0.5585	max = 12	min = 7
[20190325_063742 / lib_ip.py:3936] len(Hs) = 8100, len(Ss) = 8100, len(Vs) = 8100
[20190325_063742 / lib_ip.py:4007] red : average --> out of range (average = 10.921 / upper = 124.600 / lower = 115.000)
[20190325_063742 / lib_ip.py:3753] file = img.20190325_063740.2019-03-24_18-51-13_000.jpg.2.png / val_Average = 10.9214	val_Variance = 0.3120	sd = 0.5585	max = 12	min = 7
[20190325_063742 / lib_ip.py:4052] len(Hs) = 8100, len(Ss) = 8100, len(Vs) = 8100
[20190325_063742 / lib_ip.py:4124] green : average --> out of range (average = 10.921 / upper = 85.000 / lower = 58.000)
[20190325_063742 / lib_ip.py:3753] file = img.20190325_063740.2019-03-24_18-51-13_000.jpg.2.png / val_Average = 10.9214	val_Variance = 0.3120	sd = 0.5585	max = 12	min = 7
[20190325_063742 / lib_ip.py:4169] len(Hs) = 8100, len(Ss) = 8100, len(Vs) = 8100
[20190325_063742 / lib_ip.py:2274] inspecting ===> img.20190325_063740.2019-03-24_18-51-13_000.jpg.3.png
[20190325_063743 / lib_ip.py:4505] 
img.20190325_063740.2019-03-24_18-51-13_000.jpg.3.png 2 ---------------------
[20190325_063743 / lib_ip.py:3753] file = img.20190325_063740.2019-03-24_18-51-13_000.jpg.3.png / val_Average = 108.9173	val_Variance = 16.1680	sd = 4.0209	max = 144	min = 85
[20190325_063743 / lib_ip.py:3836] len(Hs) = 8100, len(Ss) = 8100, len(Vs) = 8100
[20190325_063743 / lib_ip.py:3869] yellow : variance --> out of range (variance = 16.168 / upper = 0.650 / lower = 0.000)
[20190325_063743 / lib_ip.py:3753] file = img.20190325_063740.2019-03-24_18-51-13_000.jpg.3.png / val_Average = 108.9173	val_Variance = 16.1680	sd = 4.0209	max = 144	min = 85
[20190325_063743 / lib_ip.py:3936] len(Hs) = 8100, len(Ss) = 8100, len(Vs) = 8100
[20190325_063743 / lib_ip.py:3982] red : variance --> out of range (variance = 16.168 / upper = 0.430 / lower = 0.000)
[20190325_063743 / lib_ip.py:3753] file = img.20190325_063740.2019-03-24_18-51-13_000.jpg.3.png / val_Average = 108.9173	val_Variance = 16.1680	sd = 4.0209	max = 144	min = 85
[20190325_063743 / lib_ip.py:4052] len(Hs) = 8100, len(Ss) = 8100, len(Vs) = 8100
[20190325_063743 / lib_ip.py:4099] green : variance --> out of range (variance = 16.168 / upper = 0.760 / lower = 0.000)
[20190325_063743 / lib_ip.py:3753] file = img.20190325_063740.2019-03-24_18-51-13_000.jpg.3.png / val_Average = 108.9173	val_Variance = 16.1680	sd = 4.0209	max = 144	min = 85
[20190325_063743 / lib_ip.py:4169] len(Hs) = 8100, len(Ss) = 8100, len(Vs) = 8100
[20190325_063743 / lib_ip.py:4208] blue : variance --> out of range (variance = 16.168 / upper = 0.930 / lower = 0.010)
[20190325_063743 / lib_ip.py:3753] file = img.20190325_063740.2019-03-24_18-51-13_000.jpg.3.png / val_Average = 108.9173	val_Variance = 16.1680	sd = 4.0209	max = 144	min = 85
[20190325_063743 / lib_ip.py:4275] len(Hs) = 8100, len(Ss) = 8100, len(Vs) = 8100
[20190325_063743 / lib_ip.py:4314] pink : variance --> out of range (variance = 16.168 / upper = 0.750 / lower = 0.030)
[20190325_063743 / lib_ip.py:3753] file = img.20190325_063740.2019-03-24_18-51-13_000.jpg.3.png / val_Average = 108.9173	val_Variance = 16.1680	sd = 4.0209	max = 144	min = 85
[20190325_063743 / lib_ip.py:4378] len(Hs) = 8100, len(Ss) = 8100, len(Vs) = 8100
[20190325_063744 / lib_ip.py:4422] black : variance --> out of range (variance = 16.168 / upper = 0.000 / lower = 0.000)
[20190325_063744 / lib_ip.py:4593] file : img.20190325_063740.2019-03-24_18-51-13_000.jpg.3.png 2 (black : variance --> out of range (variance = 16.168 / upper = 0.000 / lower = 0.000))
[20190325_063744 / lib_ip.py:2274] inspecting ===> img.20190325_063740.2019-03-24_18-51-13_000.jpg.4.png
[20190325_063744 / lib_ip.py:4505] 
img.20190325_063740.2019-03-24_18-51-13_000.jpg.4.png 3 ---------------------
[20190325_063744 / lib_ip.py:3753] file = img.20190325_063740.2019-03-24_18-51-13_000.jpg.4.png / val_Average = 120.6432	val_Variance = 0.2295	sd = 0.4791	max = 121	min = 120
[20190325_063744 / lib_ip.py:3836] len(Hs) = 8100, len(Ss) = 8100, len(Vs) = 8100
[20190325_063744 / lib_ip.py:3891] yellow : average --> out of range (average = 120.643 / upper = 99.200 / lower = 85.500)
[20190325_063744 / lib_ip.py:3753] file = img.20190325_063740.2019-03-24_18-51-13_000.jpg.4.png / val_Average = 120.6432	val_Variance = 0.2295	sd = 0.4791	max = 121	min = 120
[20190325_063744 / lib_ip.py:3936] len(Hs) = 8100, len(Ss) = 8100, len(Vs) = 8100
[20190325_063744 / lib_ip.py:2274] inspecting ===> img.20190325_063740.2019-03-24_18-51-13_000.jpg.4.png
img.20190325_063740.2019-03-24_18-51-13_000.jpg.1.png => other
img.20190325_063740.2019-03-24_18-51-13_000.jpg.2.png => other
img.20190325_063740.2019-03-24_18-51-13_000.jpg.3.png => other
img.20190325_063740.2019-03-24_18-51-13_000.jpg.4.png => other
[20190325_063744 lib_ip.py:3301] =============== Get 4 corners
dpath_Images = C:\WORKS_2\WS\WS_Others.Art\JVEMV6\46_art\VIRTUAL\Admin_Projects\ip\images
fname_Image = img.20190325_063740.2019-03-24_18-51-13_000.jpg.4.png

[20190325_063745 / lib_ip.py:2274] inspecting ===> img.20190325_063745.2019-03-24_20-19-06_000.jpg.1.png
[20190325_063745 / lib_ip.py:4505] 
img.20190325_063745.2019-03-24_20-19-06_000.jpg.1.png 0 ---------------------
[20190325_063745 / lib_ip.py:3753] file = img.20190325_063745.2019-03-24_20-19-06_000.jpg.1.png / val_Average = 92.9657	val_Variance = 0.1230	sd = 0.3507	max = 94	min = 92
[20190325_063745 / lib_ip.py:3836] len(Hs) = 8100, len(Ss) = 8100, len(Vs) = 8100
[20190325_063745 / lib_ip.py:2274] inspecting ===> img.20190325_063745.2019-03-24_20-19-06_000.jpg.2.png
[20190325_063745 / lib_ip.py:4505] 
img.20190325_063745.2019-03-24_20-19-06_000.jpg.2.png 1 ---------------------
[20190325_063745 / lib_ip.py:3753] file = img.20190325_063745.2019-03-24_20-19-06_000.jpg.2.png / val_Average = 45.1515	val_Variance = 1824.1772	sd = 42.7104	max = 160	min = 0
[20190325_063745 / lib_ip.py:3836] len(Hs) = 8100, len(Ss) = 8100, len(Vs) = 8100
[20190325_063745 / lib_ip.py:3869] yellow : variance --> out of range (variance = 1824.177 / upper = 0.650 / lower = 0.000)
[20190325_063745 / lib_ip.py:3753] file = img.20190325_063745.2019-03-24_20-19-06_000.jpg.2.png / val_Average = 45.1515	val_Variance = 1824.1772	sd = 42.7104	max = 160	min = 0
[20190325_063745 / lib_ip.py:3936] len(Hs) = 8100, len(Ss) = 8100, len(Vs) = 8100
[20190325_063746 / lib_ip.py:3982] red : variance --> out of range (variance = 1824.177 / upper = 0.430 / lower = 0.000)
[20190325_063746 / lib_ip.py:3753] file = img.20190325_063745.2019-03-24_20-19-06_000.jpg.2.png / val_Average = 45.1515	val_Variance = 1824.1772	sd = 42.7104	max = 160	min = 0
[20190325_063746 / lib_ip.py:4052] len(Hs) = 8100, len(Ss) = 8100, len(Vs) = 8100
[20190325_063746 / lib_ip.py:4099] green : variance --> out of range (variance = 1824.177 / upper = 0.760 / lower = 0.000)
[20190325_063746 / lib_ip.py:3753] file = img.20190325_063745.2019-03-24_20-19-06_000.jpg.2.png / val_Average = 45.1515	val_Variance = 1824.1772	sd = 42.7104	max = 160	min = 0
[20190325_063746 / lib_ip.py:4169] len(Hs) = 8100, len(Ss) = 8100, len(Vs) = 8100
[20190325_063746 / lib_ip.py:4208] blue : variance --> out of range (variance = 1824.177 / upper = 0.930 / lower = 0.010)
[20190325_063746 / lib_ip.py:3753] file = img.20190325_063745.2019-03-24_20-19-06_000.jpg.2.png / val_Average = 45.1515	val_Variance = 1824.1772	sd = 42.7104	max = 160	min = 0
[20190325_063746 / lib_ip.py:4275] len(Hs) = 8100, len(Ss) = 8100, len(Vs) = 8100
[20190325_063746 / lib_ip.py:4314] pink : variance --> out of range (variance = 1824.177 / upper = 0.750 / lower = 0.030)
[20190325_063746 / lib_ip.py:3753] file = img.20190325_063745.2019-03-24_20-19-06_000.jpg.2.png / val_Average = 45.1515	val_Variance = 1824.1772	sd = 42.7104	max = 160	min = 0
[20190325_063746 / lib_ip.py:4378] len(Hs) = 8100, len(Ss) = 8100, len(Vs) = 8100
[20190325_063746 / lib_ip.py:4422] black : variance --> out of range (variance = 1824.177 / upper = 0.000 / lower = 0.000)
[20190325_063746 / lib_ip.py:4593] file : img.20190325_063745.2019-03-24_20-19-06_000.jpg.2.png 1 (black : variance --> out of range (variance = 1824.177 / upper = 0.000 / lower = 0.000))
[20190325_063746 / lib_ip.py:2274] inspecting ===> img.20190325_063745.2019-03-24_20-19-06_000.jpg.3.png
[20190325_063746 / lib_ip.py:4505] 
img.20190325_063745.2019-03-24_20-19-06_000.jpg.3.png 2 ---------------------
[20190325_063747 / lib_ip.py:3753] file = img.20190325_063745.2019-03-24_20-19-06_000.jpg.3.png / val_Average = 60.8586	val_Variance = 1765.0142	sd = 42.0121	max = 135	min = 0
[20190325_063747 / lib_ip.py:3836] len(Hs) = 8100, len(Ss) = 8100, len(Vs) = 8100
[20190325_063747 / lib_ip.py:3869] yellow : variance --> out of range (variance = 1765.014 / upper = 0.650 / lower = 0.000)
[20190325_063747 / lib_ip.py:3753] file = img.20190325_063745.2019-03-24_20-19-06_000.jpg.3.png / val_Average = 60.8586	val_Variance = 1765.0142	sd = 42.0121	max = 135	min = 0
[20190325_063747 / lib_ip.py:3936] len(Hs) = 8100, len(Ss) = 8100, len(Vs) = 8100
[20190325_063747 / lib_ip.py:3982] red : variance --> out of range (variance = 1765.014 / upper = 0.430 / lower = 0.000)
[20190325_063747 / lib_ip.py:3753] file = img.20190325_063745.2019-03-24_20-19-06_000.jpg.3.png / val_Average = 60.8586	val_Variance = 1765.0142	sd = 42.0121	max = 135	min = 0
[20190325_063747 / lib_ip.py:4052] len(Hs) = 8100, len(Ss) = 8100, len(Vs) = 8100
[20190325_063747 / lib_ip.py:4099] green : variance --> out of range (variance = 1765.014 / upper = 0.760 / lower = 0.000)
[20190325_063747 / lib_ip.py:3753] file = img.20190325_063745.2019-03-24_20-19-06_000.jpg.3.png / val_Average = 60.8586	val_Variance = 1765.0142	sd = 42.0121	max = 135	min = 0
[20190325_063747 / lib_ip.py:4169] len(Hs) = 8100, len(Ss) = 8100, len(Vs) = 8100
[20190325_063747 / lib_ip.py:4208] blue : variance --> out of range (variance = 1765.014 / upper = 0.930 / lower = 0.010)
[20190325_063747 / lib_ip.py:3753] file = img.20190325_063745.2019-03-24_20-19-06_000.jpg.3.png / val_Average = 60.8586	val_Variance = 1765.0142	sd = 42.0121	max = 135	min = 0
[20190325_063747 / lib_ip.py:4275] len(Hs) = 8100, len(Ss) = 8100, len(Vs) = 8100
[20190325_063747 / lib_ip.py:4314] pink : variance --> out of range (variance = 1765.014 / upper = 0.750 / lower = 0.030)
[20190325_063747 / lib_ip.py:3753] file = img.20190325_063745.2019-03-24_20-19-06_000.jpg.3.png / val_Average = 60.8586	val_Variance = 1765.0142	sd = 42.0121	max = 135	min = 0
[20190325_063747 / lib_ip.py:4378] len(Hs) = 8100, len(Ss) = 8100, len(Vs) = 8100
[20190325_063747 / lib_ip.py:4422] black : variance --> out of range (variance = 1765.014 / upper = 0.000 / lower = 0.000)
[20190325_063747 / lib_ip.py:4593] file : img.20190325_063745.2019-03-24_20-19-06_000.jpg.3.png 2 (black : variance --> out of range (variance = 1765.014 / upper = 0.000 / lower = 0.000))
[20190325_063747 / lib_ip.py:2274] inspecting ===> img.20190325_063745.2019-03-24_20-19-06_000.jpg.4.png
[20190325_063748 / lib_ip.py:4505] 
img.20190325_063745.2019-03-24_20-19-06_000.jpg.4.png 3 ---------------------
[20190325_063748 / lib_ip.py:3753] file = img.20190325_063745.2019-03-24_20-19-06_000.jpg.4.png / val_Average = 48.9006	val_Variance = 2383.4191	sd = 48.8203	max = 160	min = 0
[20190325_063748 / lib_ip.py:3836] len(Hs) = 8100, len(Ss) = 8100, len(Vs) = 8100
[20190325_063748 / lib_ip.py:3869] yellow : variance --> out of range (variance = 2383.419 / upper = 0.650 / lower = 0.000)
[20190325_063748 / lib_ip.py:3753] file = img.20190325_063745.2019-03-24_20-19-06_000.jpg.4.png / val_Average = 48.9006	val_Variance = 2383.4191	sd = 48.8203	max = 160	min = 0
[20190325_063748 / lib_ip.py:3936] len(Hs) = 8100, len(Ss) = 8100, len(Vs) = 8100
[20190325_063748 / lib_ip.py:3982] red : variance --> out of range (variance = 2383.419 / upper = 0.430 / lower = 0.000)
[20190325_063748 / lib_ip.py:3753] file = img.20190325_063745.2019-03-24_20-19-06_000.jpg.4.png / val_Average = 48.9006	val_Variance = 2383.4191	sd = 48.8203	max = 160	min = 0
[20190325_063748 / lib_ip.py:4052] len(Hs) = 8100, len(Ss) = 8100, len(Vs) = 8100
[20190325_063748 / lib_ip.py:4099] green : variance --> out of range (variance = 2383.419 / upper = 0.760 / lower = 0.000)
[20190325_063748 / lib_ip.py:3753] file = img.20190325_063745.2019-03-24_20-19-06_000.jpg.4.png / val_Average = 48.9006	val_Variance = 2383.4191	sd = 48.8203	max = 160	min = 0
[20190325_063748 / lib_ip.py:4169] len(Hs) = 8100, len(Ss) = 8100, len(Vs) = 8100
[20190325_063748 / lib_ip.py:4208] blue : variance --> out of range (variance = 2383.419 / upper = 0.930 / lower = 0.010)
[20190325_063748 / lib_ip.py:3753] file = img.20190325_063745.2019-03-24_20-19-06_000.jpg.4.png / val_Average = 48.9006	val_Variance = 2383.4191	sd = 48.8203	max = 160	min = 0
[20190325_063748 / lib_ip.py:4275] len(Hs) = 8100, len(Ss) = 8100, len(Vs) = 8100
[20190325_063748 / lib_ip.py:4314] pink : variance --> out of range (variance = 2383.419 / upper = 0.750 / lower = 0.030)
[20190325_063748 / lib_ip.py:3753] file = img.20190325_063745.2019-03-24_20-19-06_000.jpg.4.png / val_Average = 48.9006	val_Variance = 2383.4191	sd = 48.8203	max = 160	min = 0
[20190325_063748 / lib_ip.py:4378] len(Hs) = 8100, len(Ss) = 8100, len(Vs) = 8100
[20190325_063749 / lib_ip.py:4422] black : variance --> out of range (variance = 2383.419 / upper = 0.000 / lower = 0.000)
[20190325_063749 / lib_ip.py:4593] file : img.20190325_063745.2019-03-24_20-19-06_000.jpg.4.png 3 (black : variance --> out of range (variance = 2383.419 / upper = 0.000 / lower = 0.000))
[20190325_063747 / lib_ip.py:2274] inspecting ===> img.20190325_063745.2019-03-24_20-19-06_000.jpg.4.png
img.20190325_063745.2019-03-24_20-19-06_000.jpg.1.png => yellow
img.20190325_063745.2019-03-24_20-19-06_000.jpg.2.png => other
img.20190325_063745.2019-03-24_20-19-06_000.jpg.3.png => other
img.20190325_063745.2019-03-24_20-19-06_000.jpg.4.png => other
[20190325_063749 lib_ip.py:3301] =============== Get 4 corners
dpath_Images = C:\WORKS_2\WS\WS_Others.Art\JVEMV6\46_art\VIRTUAL\Admin_Projects\ip\images
fname_Image = img.20190325_063745.2019-03-24_20-19-06_000.jpg.4.png

[20190325_063749 / lib_ip.py:2274] inspecting ===> img.20190325_063749.2019-03-25_05-49-18_000.jpg.1.png
[20190325_063749 / lib_ip.py:4505] 
img.20190325_063749.2019-03-25_05-49-18_000.jpg.1.png 0 ---------------------
[20190325_063750 / lib_ip.py:3753] file = img.20190325_063749.2019-03-25_05-49-18_000.jpg.1.png / val_Average = 105.3100	val_Variance = 8.7416	sd = 2.9566	max = 120	min = 98
[20190325_063750 / lib_ip.py:3836] len(Hs) = 8100, len(Ss) = 8100, len(Vs) = 8100
[20190325_063750 / lib_ip.py:3869] yellow : variance --> out of range (variance = 8.742 / upper = 0.650 / lower = 0.000)
[20190325_063750 / lib_ip.py:3753] file = img.20190325_063749.2019-03-25_05-49-18_000.jpg.1.png / val_Average = 105.3100	val_Variance = 8.7416	sd = 2.9566	max = 120	min = 98
[20190325_063750 / lib_ip.py:3936] len(Hs) = 8100, len(Ss) = 8100, len(Vs) = 8100
[20190325_063750 / lib_ip.py:3982] red : variance --> out of range (variance = 8.742 / upper = 0.430 / lower = 0.000)
[20190325_063750 / lib_ip.py:3753] file = img.20190325_063749.2019-03-25_05-49-18_000.jpg.1.png / val_Average = 105.3100	val_Variance = 8.7416	sd = 2.9566	max = 120	min = 98
[20190325_063750 / lib_ip.py:4052] len(Hs) = 8100, len(Ss) = 8100, len(Vs) = 8100
[20190325_063750 / lib_ip.py:4099] green : variance --> out of range (variance = 8.742 / upper = 0.760 / lower = 0.000)
[20190325_063750 / lib_ip.py:3753] file = img.20190325_063749.2019-03-25_05-49-18_000.jpg.1.png / val_Average = 105.3100	val_Variance = 8.7416	sd = 2.9566	max = 120	min = 98
[20190325_063750 / lib_ip.py:4169] len(Hs) = 8100, len(Ss) = 8100, len(Vs) = 8100
[20190325_063750 / lib_ip.py:4208] blue : variance --> out of range (variance = 8.742 / upper = 0.930 / lower = 0.010)
[20190325_063750 / lib_ip.py:3753] file = img.20190325_063749.2019-03-25_05-49-18_000.jpg.1.png / val_Average = 105.3100	val_Variance = 8.7416	sd = 2.9566	max = 120	min = 98
[20190325_063750 / lib_ip.py:4275] len(Hs) = 8100, len(Ss) = 8100, len(Vs) = 8100
[20190325_063750 / lib_ip.py:4314] pink : variance --> out of range (variance = 8.742 / upper = 0.750 / lower = 0.030)
[20190325_063750 / lib_ip.py:3753] file = img.20190325_063749.2019-03-25_05-49-18_000.jpg.1.png / val_Average = 105.3100	val_Variance = 8.7416	sd = 2.9566	max = 120	min = 98
[20190325_063750 / lib_ip.py:4378] len(Hs) = 8100, len(Ss) = 8100, len(Vs) = 8100
[20190325_063750 / lib_ip.py:4422] black : variance --> out of range (variance = 8.742 / upper = 0.000 / lower = 0.000)
[20190325_063750 / lib_ip.py:4593] file : img.20190325_063749.2019-03-25_05-49-18_000.jpg.1.png 0 (black : variance --> out of range (variance = 8.742 / upper = 0.000 / lower = 0.000))
[20190325_063750 / lib_ip.py:2274] inspecting ===> img.20190325_063749.2019-03-25_05-49-18_000.jpg.2.png
[20190325_063751 / lib_ip.py:4505] 
img.20190325_063749.2019-03-25_05-49-18_000.jpg.2.png 1 ---------------------
[20190325_063751 / lib_ip.py:3753] file = img.20190325_063749.2019-03-25_05-49-18_000.jpg.2.png / val_Average = 71.9738	val_Variance = 1236.2055	sd = 35.1597	max = 174	min = 0
[20190325_063751 / lib_ip.py:3836] len(Hs) = 8100, len(Ss) = 8100, len(Vs) = 8100
[20190325_063751 / lib_ip.py:3869] yellow : variance --> out of range (variance = 1236.205 / upper = 0.650 / lower = 0.000)
[20190325_063751 / lib_ip.py:3753] file = img.20190325_063749.2019-03-25_05-49-18_000.jpg.2.png / val_Average = 71.9738	val_Variance = 1236.2055	sd = 35.1597	max = 174	min = 0
[20190325_063751 / lib_ip.py:3936] len(Hs) = 8100, len(Ss) = 8100, len(Vs) = 8100
[20190325_063751 / lib_ip.py:3982] red : variance --> out of range (variance = 1236.205 / upper = 0.430 / lower = 0.000)
[20190325_063751 / lib_ip.py:3753] file = img.20190325_063749.2019-03-25_05-49-18_000.jpg.2.png / val_Average = 71.9738	val_Variance = 1236.2055	sd = 35.1597	max = 174	min = 0
[20190325_063751 / lib_ip.py:4052] len(Hs) = 8100, len(Ss) = 8100, len(Vs) = 8100
[20190325_063751 / lib_ip.py:4099] green : variance --> out of range (variance = 1236.205 / upper = 0.760 / lower = 0.000)
[20190325_063751 / lib_ip.py:3753] file = img.20190325_063749.2019-03-25_05-49-18_000.jpg.2.png / val_Average = 71.9738	val_Variance = 1236.2055	sd = 35.1597	max = 174	min = 0
[20190325_063751 / lib_ip.py:4169] len(Hs) = 8100, len(Ss) = 8100, len(Vs) = 8100
[20190325_063751 / lib_ip.py:4208] blue : variance --> out of range (variance = 1236.205 / upper = 0.930 / lower = 0.010)
[20190325_063751 / lib_ip.py:3753] file = img.20190325_063749.2019-03-25_05-49-18_000.jpg.2.png / val_Average = 71.9738	val_Variance = 1236.2055	sd = 35.1597	max = 174	min = 0
[20190325_063751 / lib_ip.py:4275] len(Hs) = 8100, len(Ss) = 8100, len(Vs) = 8100
[20190325_063751 / lib_ip.py:4314] pink : variance --> out of range (variance = 1236.205 / upper = 0.750 / lower = 0.030)
[20190325_063752 / lib_ip.py:3753] file = img.20190325_063749.2019-03-25_05-49-18_000.jpg.2.png / val_Average = 71.9738	val_Variance = 1236.2055	sd = 35.1597	max = 174	min = 0
[20190325_063752 / lib_ip.py:4378] len(Hs) = 8100, len(Ss) = 8100, len(Vs) = 8100
[20190325_063752 / lib_ip.py:4422] black : variance --> out of range (variance = 1236.205 / upper = 0.000 / lower = 0.000)
[20190325_063752 / lib_ip.py:4593] file : img.20190325_063749.2019-03-25_05-49-18_000.jpg.2.png 1 (black : variance --> out of range (variance = 1236.205 / upper = 0.000 / lower = 0.000))
[20190325_063752 / lib_ip.py:2274] inspecting ===> img.20190325_063749.2019-03-25_05-49-18_000.jpg.3.png
[20190325_063752 / lib_ip.py:4505] 
img.20190325_063749.2019-03-25_05-49-18_000.jpg.3.png 2 ---------------------
[20190325_063752 / lib_ip.py:3753] file = img.20190325_063749.2019-03-25_05-49-18_000.jpg.3.png / val_Average = 104.0919	val_Variance = 3.4044	sd = 1.8451	max = 109	min = 95
[20190325_063752 / lib_ip.py:3836] len(Hs) = 8100, len(Ss) = 8100, len(Vs) = 8100
[20190325_063752 / lib_ip.py:3869] yellow : variance --> out of range (variance = 3.404 / upper = 0.650 / lower = 0.000)
[20190325_063752 / lib_ip.py:3753] file = img.20190325_063749.2019-03-25_05-49-18_000.jpg.3.png / val_Average = 104.0919	val_Variance = 3.4044	sd = 1.8451	max = 109	min = 95
[20190325_063752 / lib_ip.py:3936] len(Hs) = 8100, len(Ss) = 8100, len(Vs) = 8100
[20190325_063752 / lib_ip.py:3982] red : variance --> out of range (variance = 3.404 / upper = 0.430 / lower = 0.000)
[20190325_063752 / lib_ip.py:3753] file = img.20190325_063749.2019-03-25_05-49-18_000.jpg.3.png / val_Average = 104.0919	val_Variance = 3.4044	sd = 1.8451	max = 109	min = 95
[20190325_063752 / lib_ip.py:4052] len(Hs) = 8100, len(Ss) = 8100, len(Vs) = 8100
[20190325_063752 / lib_ip.py:4099] green : variance --> out of range (variance = 3.404 / upper = 0.760 / lower = 0.000)
[20190325_063752 / lib_ip.py:3753] file = img.20190325_063749.2019-03-25_05-49-18_000.jpg.3.png / val_Average = 104.0919	val_Variance = 3.4044	sd = 1.8451	max = 109	min = 95
[20190325_063752 / lib_ip.py:4169] len(Hs) = 8100, len(Ss) = 8100, len(Vs) = 8100
[20190325_063752 / lib_ip.py:4208] blue : variance --> out of range (variance = 3.404 / upper = 0.930 / lower = 0.010)
[20190325_063752 / lib_ip.py:3753] file = img.20190325_063749.2019-03-25_05-49-18_000.jpg.3.png / val_Average = 104.0919	val_Variance = 3.4044	sd = 1.8451	max = 109	min = 95
[20190325_063752 / lib_ip.py:4275] len(Hs) = 8100, len(Ss) = 8100, len(Vs) = 8100
[20190325_063753 / lib_ip.py:4314] pink : variance --> out of range (variance = 3.404 / upper = 0.750 / lower = 0.030)
[20190325_063753 / lib_ip.py:3753] file = img.20190325_063749.2019-03-25_05-49-18_000.jpg.3.png / val_Average = 104.0919	val_Variance = 3.4044	sd = 1.8451	max = 109	min = 95
[20190325_063753 / lib_ip.py:4378] len(Hs) = 8100, len(Ss) = 8100, len(Vs) = 8100
[20190325_063753 / lib_ip.py:4422] black : variance --> out of range (variance = 3.404 / upper = 0.000 / lower = 0.000)
[20190325_063753 / lib_ip.py:4593] file : img.20190325_063749.2019-03-25_05-49-18_000.jpg.3.png 2 (black : variance --> out of range (variance = 3.404 / upper = 0.000 / lower = 0.000))
[20190325_063753 / lib_ip.py:2274] inspecting ===> img.20190325_063749.2019-03-25_05-49-18_000.jpg.4.png
[20190325_063753 / lib_ip.py:4505] 
img.20190325_063749.2019-03-25_05-49-18_000.jpg.4.png 3 ---------------------
[20190325_063753 / lib_ip.py:3753] file = img.20190325_063749.2019-03-25_05-49-18_000.jpg.4.png / val_Average = 104.9015	val_Variance = 2.6871	sd = 1.6392	max = 109	min = 100
[20190325_063753 / lib_ip.py:3836] len(Hs) = 8100, len(Ss) = 8100, len(Vs) = 8100
[20190325_063753 / lib_ip.py:3869] yellow : variance --> out of range (variance = 2.687 / upper = 0.650 / lower = 0.000)
[20190325_063753 / lib_ip.py:3753] file = img.20190325_063749.2019-03-25_05-49-18_000.jpg.4.png / val_Average = 104.9015	val_Variance = 2.6871	sd = 1.6392	max = 109	min = 100
[20190325_063753 / lib_ip.py:3936] len(Hs) = 8100, len(Ss) = 8100, len(Vs) = 8100
[20190325_063754 / lib_ip.py:3982] red : variance --> out of range (variance = 2.687 / upper = 0.430 / lower = 0.000)
[20190325_063754 / lib_ip.py:3753] file = img.20190325_063749.2019-03-25_05-49-18_000.jpg.4.png / val_Average = 104.9015	val_Variance = 2.6871	sd = 1.6392	max = 109	min = 100
[20190325_063754 / lib_ip.py:4052] len(Hs) = 8100, len(Ss) = 8100, len(Vs) = 8100
[20190325_063754 / lib_ip.py:4099] green : variance --> out of range (variance = 2.687 / upper = 0.760 / lower = 0.000)
[20190325_063754 / lib_ip.py:3753] file = img.20190325_063749.2019-03-25_05-49-18_000.jpg.4.png / val_Average = 104.9015	val_Variance = 2.6871	sd = 1.6392	max = 109	min = 100
[20190325_063754 / lib_ip.py:4169] len(Hs) = 8100, len(Ss) = 8100, len(Vs) = 8100
[20190325_063754 / lib_ip.py:4208] blue : variance --> out of range (variance = 2.687 / upper = 0.930 / lower = 0.010)
[20190325_063754 / lib_ip.py:3753] file = img.20190325_063749.2019-03-25_05-49-18_000.jpg.4.png / val_Average = 104.9015	val_Variance = 2.6871	sd = 1.6392	max = 109	min = 100
[20190325_063754 / lib_ip.py:4275] len(Hs) = 8100, len(Ss) = 8100, len(Vs) = 8100
[20190325_063754 / lib_ip.py:4314] pink : variance --> out of range (variance = 2.687 / upper = 0.750 / lower = 0.030)
[20190325_063754 / lib_ip.py:3753] file = img.20190325_063749.2019-03-25_05-49-18_000.jpg.4.png / val_Average = 104.9015	val_Variance = 2.6871	sd = 1.6392	max = 109	min = 100
[20190325_063754 / lib_ip.py:4378] len(Hs) = 8100, len(Ss) = 8100, len(Vs) = 8100
[20190325_063754 / lib_ip.py:4422] black : variance --> out of range (variance = 2.687 / upper = 0.000 / lower = 0.000)
[20190325_063754 / lib_ip.py:4593] file : img.20190325_063749.2019-03-25_05-49-18_000.jpg.4.png 3 (black : variance --> out of range (variance = 2.687 / upper = 0.000 / lower = 0.000))
[20190325_063753 / lib_ip.py:2274] inspecting ===> img.20190325_063749.2019-03-25_05-49-18_000.jpg.4.png
img.20190325_063749.2019-03-25_05-49-18_000.jpg.1.png => other
img.20190325_063749.2019-03-25_05-49-18_000.jpg.2.png => other
img.20190325_063749.2019-03-25_05-49-18_000.jpg.3.png => other
img.20190325_063749.2019-03-25_05-49-18_000.jpg.4.png => other
[20190325_063754 lib_ip.py:3301] =============== Get 4 corners
dpath_Images = C:\WORKS_2\WS\WS_Others.Art\JVEMV6\46_art\VIRTUAL\Admin_Projects\ip\images
fname_Image = img.20190325_063749.2019-03-25_05-49-18_000.jpg.4.png

[20190325_063754 / views.py:1411] gen csv => complete (20190325_063754)(elapsed = 46.689 sec / 9 files / 5.188 sec per file)
1)	2019-03-24_10-34-22_000.jpg => 	other other other other 
2)	2019-03-24_10-52-24_000.jpg => 	green green other other 
3)	2019-03-24_12-39-12_000.jpg => 	other other yellow other 
4)	2019-03-24_14-21-31_000.jpg => 	other blue other other 
5)	2019-03-24_17-49-33_000.jpg => 	other green other red 
6)	2019-03-24_18-50-35_000.jpg => 	green red other other 
7)	2019-03-24_18-51-13_000.jpg => 	other blue other red 
8)	2019-03-24_20-19-06_000.jpg => 	yellow other other other 
9)	2019-03-25_05-49-18_000.jpg => 	other other other other 
[20190325_063754 / views.py:1753] lo_ColorName_Set__Modified_2 =>
1)	2019-03-24_10-34-22_000.jpg => 	o o o o 
2)	2019-03-24_10-52-24_000.jpg => 	g g o o 
3)	2019-03-24_12-39-12_000.jpg => 	o o o y 
4)	2019-03-24_14-21-31_000.jpg => 	b o o o 
5)	2019-03-24_17-49-33_000.jpg => 	g o o r 
6)	2019-03-24_18-50-35_000.jpg => 	g o o r 
7)	2019-03-24_18-51-13_000.jpg => 	b o o r 
8)	2019-03-24_20-19-06_000.jpg => 	o o o y 
9)	2019-03-25_05-49-18_000.jpg => 	o o o o 
[20190325_063755 / views.py:1839] gen_Cake_CSV(request) ==> ending... =======================//

