[20181229_084835 / views.py:1814] gen_Cake_CSV(request) ==> starting... =======================
[20181229_084854 / views.py:1814] gen_Cake_CSV(request) ==> starting... =======================
[20181229_084855 / lib_ip.py:2274] inspecting ===> img.20181229_084855.2018-12-28_12-53-53_000.jpg.1.png
[20181229_084856 / lib_ip.py:4399] 
img.20181229_084855.2018-12-28_12-53-53_000.jpg.1.png 0 ---------------------
[20181229_084856 / lib_ip.py:3753] file = img.20181229_084855.2018-12-28_12-53-53_000.jpg.1.png / val_Average = 94.9978	val_Variance = 0.0027	sd = 0.0521	max = 96	min = 94
[20181229_084856 / lib_ip.py:3836] len(Hs) = 8100, len(Ss) = 8100, len(Vs) = 8100
[20181229_084856 / lib_ip.py:2274] inspecting ===> img.20181229_084855.2018-12-28_12-53-53_000.jpg.2.png
[20181229_084856 / lib_ip.py:4399] 
img.20181229_084855.2018-12-28_12-53-53_000.jpg.2.png 1 ---------------------
[20181229_084857 / lib_ip.py:3753] file = img.20181229_084855.2018-12-28_12-53-53_000.jpg.2.png / val_Average = 119.6322	val_Variance = 4.1765	sd = 2.0436	max = 126	min = 115
[20181229_084857 / lib_ip.py:3836] len(Hs) = 8100, len(Ss) = 8100, len(Vs) = 8100
[20181229_084857 / lib_ip.py:3869] yellow : variance --> out of range (variance = 4.176 / upper = 0.650 / lower = 0.000)
[20181229_084857 / lib_ip.py:3753] file = img.20181229_084855.2018-12-28_12-53-53_000.jpg.2.png / val_Average = 119.6322	val_Variance = 4.1765	sd = 2.0436	max = 126	min = 115
[20181229_084857 / lib_ip.py:3936] len(Hs) = 8100, len(Ss) = 8100, len(Vs) = 8100
[20181229_084857 / lib_ip.py:3982] red : variance --> out of range (variance = 4.176 / upper = 0.430 / lower = 0.000)
[20181229_084857 / lib_ip.py:3753] file = img.20181229_084855.2018-12-28_12-53-53_000.jpg.2.png / val_Average = 119.6322	val_Variance = 4.1765	sd = 2.0436	max = 126	min = 115
[20181229_084857 / lib_ip.py:4052] len(Hs) = 8100, len(Ss) = 8100, len(Vs) = 8100
[20181229_084857 / lib_ip.py:4099] green : variance --> out of range (variance = 4.176 / upper = 0.760 / lower = 0.000)
[20181229_084857 / lib_ip.py:3753] file = img.20181229_084855.2018-12-28_12-53-53_000.jpg.2.png / val_Average = 119.6322	val_Variance = 4.1765	sd = 2.0436	max = 126	min = 115
[20181229_084857 / lib_ip.py:4169] len(Hs) = 8100, len(Ss) = 8100, len(Vs) = 8100
[20181229_084857 / lib_ip.py:4208] blue : variance --> out of range (variance = 4.176 / upper = 0.930 / lower = 0.010)
[20181229_084857 / lib_ip.py:3753] file = img.20181229_084855.2018-12-28_12-53-53_000.jpg.2.png / val_Average = 119.6322	val_Variance = 4.1765	sd = 2.0436	max = 126	min = 115
[20181229_084857 / lib_ip.py:4272] len(Hs) = 8100, len(Ss) = 8100, len(Vs) = 8100
[20181229_084857 / lib_ip.py:4316] black : variance --> out of range (variance = 4.176 / upper = 0.000 / lower = 0.000)
[20181229_084857 / lib_ip.py:4477] file : img.20181229_084855.2018-12-28_12-53-53_000.jpg.2.png 1 (black : variance --> out of range (variance = 4.176 / upper = 0.000 / lower = 0.000))
[20181229_084857 / lib_ip.py:2274] inspecting ===> img.20181229_084855.2018-12-28_12-53-53_000.jpg.3.png
[20181229_084858 / lib_ip.py:4399] 
img.20181229_084855.2018-12-28_12-53-53_000.jpg.3.png 2 ---------------------
[20181229_084858 / lib_ip.py:3753] file = img.20181229_084855.2018-12-28_12-53-53_000.jpg.3.png / val_Average = 120.4278	val_Variance = 0.2448	sd = 0.4948	max = 121	min = 120
[20181229_084858 / lib_ip.py:3836] len(Hs) = 8100, len(Ss) = 8100, len(Vs) = 8100
[20181229_084858 / lib_ip.py:3891] yellow : average --> out of range (average = 120.428 / upper = 99.200 / lower = 85.500)
[20181229_084858 / lib_ip.py:3753] file = img.20181229_084855.2018-12-28_12-53-53_000.jpg.3.png / val_Average = 120.4278	val_Variance = 0.2448	sd = 0.4948	max = 121	min = 120
[20181229_084858 / lib_ip.py:3936] len(Hs) = 8100, len(Ss) = 8100, len(Vs) = 8100
[20181229_084858 / lib_ip.py:2274] inspecting ===> img.20181229_084855.2018-12-28_12-53-53_000.jpg.4.png
[20181229_084858 / lib_ip.py:4399] 
img.20181229_084855.2018-12-28_12-53-53_000.jpg.4.png 3 ---------------------
[20181229_084859 / lib_ip.py:3753] file = img.20181229_084855.2018-12-28_12-53-53_000.jpg.4.png / val_Average = 105.9664	val_Variance = 2.0865	sd = 1.4445	max = 111	min = 103
[20181229_084859 / lib_ip.py:3836] len(Hs) = 8100, len(Ss) = 8100, len(Vs) = 8100
[20181229_084859 / lib_ip.py:3869] yellow : variance --> out of range (variance = 2.087 / upper = 0.650 / lower = 0.000)
[20181229_084859 / lib_ip.py:3753] file = img.20181229_084855.2018-12-28_12-53-53_000.jpg.4.png / val_Average = 105.9664	val_Variance = 2.0865	sd = 1.4445	max = 111	min = 103
[20181229_084859 / lib_ip.py:3936] len(Hs) = 8100, len(Ss) = 8100, len(Vs) = 8100
[20181229_084859 / lib_ip.py:3982] red : variance --> out of range (variance = 2.087 / upper = 0.430 / lower = 0.000)
[20181229_084859 / lib_ip.py:3753] file = img.20181229_084855.2018-12-28_12-53-53_000.jpg.4.png / val_Average = 105.9664	val_Variance = 2.0865	sd = 1.4445	max = 111	min = 103
[20181229_084859 / lib_ip.py:4052] len(Hs) = 8100, len(Ss) = 8100, len(Vs) = 8100
[20181229_084859 / lib_ip.py:4099] green : variance --> out of range (variance = 2.087 / upper = 0.760 / lower = 0.000)
[20181229_084859 / lib_ip.py:3753] file = img.20181229_084855.2018-12-28_12-53-53_000.jpg.4.png / val_Average = 105.9664	val_Variance = 2.0865	sd = 1.4445	max = 111	min = 103
[20181229_084859 / lib_ip.py:4169] len(Hs) = 8100, len(Ss) = 8100, len(Vs) = 8100
[20181229_084859 / lib_ip.py:4208] blue : variance --> out of range (variance = 2.087 / upper = 0.930 / lower = 0.010)
[20181229_084859 / lib_ip.py:3753] file = img.20181229_084855.2018-12-28_12-53-53_000.jpg.4.png / val_Average = 105.9664	val_Variance = 2.0865	sd = 1.4445	max = 111	min = 103
[20181229_084859 / lib_ip.py:4272] len(Hs) = 8100, len(Ss) = 8100, len(Vs) = 8100
[20181229_084859 / lib_ip.py:4316] black : variance --> out of range (variance = 2.087 / upper = 0.000 / lower = 0.000)
[20181229_084900 / lib_ip.py:4477] file : img.20181229_084855.2018-12-28_12-53-53_000.jpg.4.png 3 (black : variance --> out of range (variance = 2.087 / upper = 0.000 / lower = 0.000))
[20181229_084858 / lib_ip.py:2274] inspecting ===> img.20181229_084855.2018-12-28_12-53-53_000.jpg.4.png
img.20181229_084855.2018-12-28_12-53-53_000.jpg.1.png => other
img.20181229_084855.2018-12-28_12-53-53_000.jpg.2.png => other
img.20181229_084855.2018-12-28_12-53-53_000.jpg.3.png => other
img.20181229_084855.2018-12-28_12-53-53_000.jpg.4.png => other
[20181229_084900 lib_ip.py:3301] =============== Get 4 corners
dpath_Images = C:\WORKS_2\WS\WS_Others.Art\JVEMV6\46_art\VIRTUAL\Admin_Projects\ip\images
fname_Image = img.20181229_084855.2018-12-28_12-53-53_000.jpg.4.png

[20181229_084900 / lib_ip.py:2274] inspecting ===> img.20181229_084900.2018-12-28_13-05-42_000.png.1.png
[20181229_084900 / lib_ip.py:4399] 
img.20181229_084900.2018-12-28_13-05-42_000.png.1.png 0 ---------------------
[20181229_084900 / lib_ip.py:3753] file = img.20181229_084900.2018-12-28_13-05-42_000.png.1.png / val_Average = 0.0000	val_Variance = 0.0000	sd = 0.0000	max = 0	min = 0
[20181229_084900 / lib_ip.py:3836] len(Hs) = 8100, len(Ss) = 8100, len(Vs) = 8100
[20181229_084901 / lib_ip.py:3891] yellow : average --> out of range (average = 0.000 / upper = 99.200 / lower = 85.500)
[20181229_084901 / lib_ip.py:3753] file = img.20181229_084900.2018-12-28_13-05-42_000.png.1.png / val_Average = 0.0000	val_Variance = 0.0000	sd = 0.0000	max = 0	min = 0
[20181229_084901 / lib_ip.py:3936] len(Hs) = 8100, len(Ss) = 8100, len(Vs) = 8100
[20181229_084901 / lib_ip.py:4007] red : average --> out of range (average = 0.000 / upper = 124.000 / lower = 115.000)
[20181229_084901 / lib_ip.py:3753] file = img.20181229_084900.2018-12-28_13-05-42_000.png.1.png / val_Average = 0.0000	val_Variance = 0.0000	sd = 0.0000	max = 0	min = 0
[20181229_084901 / lib_ip.py:4052] len(Hs) = 8100, len(Ss) = 8100, len(Vs) = 8100
[20181229_084901 / lib_ip.py:4124] green : average --> out of range (average = 0.000 / upper = 83.000 / lower = 58.000)
[20181229_084901 / lib_ip.py:3753] file = img.20181229_084900.2018-12-28_13-05-42_000.png.1.png / val_Average = 0.0000	val_Variance = 0.0000	sd = 0.0000	max = 0	min = 0
[20181229_084901 / lib_ip.py:4169] len(Hs) = 8100, len(Ss) = 8100, len(Vs) = 8100
[20181229_084901 / lib_ip.py:4208] blue : variance --> out of range (variance = 0.000 / upper = 0.930 / lower = 0.010)
[20181229_084901 / lib_ip.py:3753] file = img.20181229_084900.2018-12-28_13-05-42_000.png.1.png / val_Average = 0.0000	val_Variance = 0.0000	sd = 0.0000	max = 0	min = 0
[20181229_084901 / lib_ip.py:4272] len(Hs) = 8100, len(Ss) = 8100, len(Vs) = 8100
[20181229_084901 / lib_ip.py:2274] inspecting ===> img.20181229_084900.2018-12-28_13-05-42_000.png.2.png
[20181229_084901 / lib_ip.py:4399] 
img.20181229_084900.2018-12-28_13-05-42_000.png.2.png 1 ---------------------
[20181229_084902 / lib_ip.py:3753] file = img.20181229_084900.2018-12-28_13-05-42_000.png.2.png / val_Average = 0.0000	val_Variance = 0.0000	sd = 0.0000	max = 0	min = 0
[20181229_084902 / lib_ip.py:3836] len(Hs) = 8100, len(Ss) = 8100, len(Vs) = 8100
[20181229_084902 / lib_ip.py:3891] yellow : average --> out of range (average = 0.000 / upper = 99.200 / lower = 85.500)
[20181229_084902 / lib_ip.py:3753] file = img.20181229_084900.2018-12-28_13-05-42_000.png.2.png / val_Average = 0.0000	val_Variance = 0.0000	sd = 0.0000	max = 0	min = 0
[20181229_084902 / lib_ip.py:3936] len(Hs) = 8100, len(Ss) = 8100, len(Vs) = 8100
[20181229_084902 / lib_ip.py:4007] red : average --> out of range (average = 0.000 / upper = 124.000 / lower = 115.000)
[20181229_084902 / lib_ip.py:3753] file = img.20181229_084900.2018-12-28_13-05-42_000.png.2.png / val_Average = 0.0000	val_Variance = 0.0000	sd = 0.0000	max = 0	min = 0
[20181229_084902 / lib_ip.py:4052] len(Hs) = 8100, len(Ss) = 8100, len(Vs) = 8100
[20181229_084902 / lib_ip.py:4124] green : average --> out of range (average = 0.000 / upper = 83.000 / lower = 58.000)
[20181229_084902 / lib_ip.py:3753] file = img.20181229_084900.2018-12-28_13-05-42_000.png.2.png / val_Average = 0.0000	val_Variance = 0.0000	sd = 0.0000	max = 0	min = 0
[20181229_084902 / lib_ip.py:4169] len(Hs) = 8100, len(Ss) = 8100, len(Vs) = 8100
[20181229_084902 / lib_ip.py:4208] blue : variance --> out of range (variance = 0.000 / upper = 0.930 / lower = 0.010)
[20181229_084902 / lib_ip.py:3753] file = img.20181229_084900.2018-12-28_13-05-42_000.png.2.png / val_Average = 0.0000	val_Variance = 0.0000	sd = 0.0000	max = 0	min = 0
[20181229_084902 / lib_ip.py:4272] len(Hs) = 8100, len(Ss) = 8100, len(Vs) = 8100
[20181229_084902 / lib_ip.py:2274] inspecting ===> img.20181229_084900.2018-12-28_13-05-42_000.png.3.png
[20181229_084903 / lib_ip.py:4399] 
img.20181229_084900.2018-12-28_13-05-42_000.png.3.png 2 ---------------------
[20181229_084903 / lib_ip.py:3753] file = img.20181229_084900.2018-12-28_13-05-42_000.png.3.png / val_Average = 0.0000	val_Variance = 0.0000	sd = 0.0000	max = 0	min = 0
[20181229_084903 / lib_ip.py:3836] len(Hs) = 8100, len(Ss) = 8100, len(Vs) = 8100
[20181229_084903 / lib_ip.py:3891] yellow : average --> out of range (average = 0.000 / upper = 99.200 / lower = 85.500)
[20181229_084903 / lib_ip.py:3753] file = img.20181229_084900.2018-12-28_13-05-42_000.png.3.png / val_Average = 0.0000	val_Variance = 0.0000	sd = 0.0000	max = 0	min = 0
[20181229_084903 / lib_ip.py:3936] len(Hs) = 8100, len(Ss) = 8100, len(Vs) = 8100
[20181229_084903 / lib_ip.py:4007] red : average --> out of range (average = 0.000 / upper = 124.000 / lower = 115.000)
[20181229_084903 / lib_ip.py:3753] file = img.20181229_084900.2018-12-28_13-05-42_000.png.3.png / val_Average = 0.0000	val_Variance = 0.0000	sd = 0.0000	max = 0	min = 0
[20181229_084903 / lib_ip.py:4052] len(Hs) = 8100, len(Ss) = 8100, len(Vs) = 8100
[20181229_084903 / lib_ip.py:4124] green : average --> out of range (average = 0.000 / upper = 83.000 / lower = 58.000)
[20181229_084903 / lib_ip.py:3753] file = img.20181229_084900.2018-12-28_13-05-42_000.png.3.png / val_Average = 0.0000	val_Variance = 0.0000	sd = 0.0000	max = 0	min = 0
[20181229_084903 / lib_ip.py:4169] len(Hs) = 8100, len(Ss) = 8100, len(Vs) = 8100
[20181229_084903 / lib_ip.py:4208] blue : variance --> out of range (variance = 0.000 / upper = 0.930 / lower = 0.010)
[20181229_084904 / lib_ip.py:3753] file = img.20181229_084900.2018-12-28_13-05-42_000.png.3.png / val_Average = 0.0000	val_Variance = 0.0000	sd = 0.0000	max = 0	min = 0
[20181229_084904 / lib_ip.py:4272] len(Hs) = 8100, len(Ss) = 8100, len(Vs) = 8100
[20181229_084904 / lib_ip.py:2274] inspecting ===> img.20181229_084900.2018-12-28_13-05-42_000.png.4.png
[20181229_084904 / lib_ip.py:4399] 
img.20181229_084900.2018-12-28_13-05-42_000.png.4.png 3 ---------------------
[20181229_084904 / lib_ip.py:3753] file = img.20181229_084900.2018-12-28_13-05-42_000.png.4.png / val_Average = 0.0000	val_Variance = 0.0000	sd = 0.0000	max = 0	min = 0
[20181229_084904 / lib_ip.py:3836] len(Hs) = 8100, len(Ss) = 8100, len(Vs) = 8100
[20181229_084904 / lib_ip.py:3891] yellow : average --> out of range (average = 0.000 / upper = 99.200 / lower = 85.500)
[20181229_084904 / lib_ip.py:3753] file = img.20181229_084900.2018-12-28_13-05-42_000.png.4.png / val_Average = 0.0000	val_Variance = 0.0000	sd = 0.0000	max = 0	min = 0
[20181229_084904 / lib_ip.py:3936] len(Hs) = 8100, len(Ss) = 8100, len(Vs) = 8100
[20181229_084904 / lib_ip.py:4007] red : average --> out of range (average = 0.000 / upper = 124.000 / lower = 115.000)
[20181229_084904 / lib_ip.py:3753] file = img.20181229_084900.2018-12-28_13-05-42_000.png.4.png / val_Average = 0.0000	val_Variance = 0.0000	sd = 0.0000	max = 0	min = 0
[20181229_084904 / lib_ip.py:4052] len(Hs) = 8100, len(Ss) = 8100, len(Vs) = 8100
[20181229_084904 / lib_ip.py:4124] green : average --> out of range (average = 0.000 / upper = 83.000 / lower = 58.000)
[20181229_084905 / lib_ip.py:3753] file = img.20181229_084900.2018-12-28_13-05-42_000.png.4.png / val_Average = 0.0000	val_Variance = 0.0000	sd = 0.0000	max = 0	min = 0
[20181229_084905 / lib_ip.py:4169] len(Hs) = 8100, len(Ss) = 8100, len(Vs) = 8100
[20181229_084905 / lib_ip.py:4208] blue : variance --> out of range (variance = 0.000 / upper = 0.930 / lower = 0.010)
[20181229_084905 / lib_ip.py:3753] file = img.20181229_084900.2018-12-28_13-05-42_000.png.4.png / val_Average = 0.0000	val_Variance = 0.0000	sd = 0.0000	max = 0	min = 0
[20181229_084905 / lib_ip.py:4272] len(Hs) = 8100, len(Ss) = 8100, len(Vs) = 8100
[20181229_084904 / lib_ip.py:2274] inspecting ===> img.20181229_084900.2018-12-28_13-05-42_000.png.4.png
img.20181229_084900.2018-12-28_13-05-42_000.png.1.png => other
img.20181229_084900.2018-12-28_13-05-42_000.png.2.png => other
img.20181229_084900.2018-12-28_13-05-42_000.png.3.png => other
img.20181229_084900.2018-12-28_13-05-42_000.png.4.png => other
[20181229_084905 lib_ip.py:3301] =============== Get 4 corners
dpath_Images = C:\WORKS_2\WS\WS_Others.Art\JVEMV6\46_art\VIRTUAL\Admin_Projects\ip\images
fname_Image = img.20181229_084900.2018-12-28_13-05-42_000.png.4.png

[20181229_084905 / lib_ip.py:2274] inspecting ===> img.20181229_084905.2018-12-28_13-37-46_000.png.1.png
[20181229_084905 / lib_ip.py:4399] 
img.20181229_084905.2018-12-28_13-37-46_000.png.1.png 0 ---------------------
[20181229_084906 / lib_ip.py:3753] file = img.20181229_084905.2018-12-28_13-37-46_000.png.1.png / val_Average = 0.0000	val_Variance = 0.0000	sd = 0.0000	max = 0	min = 0
[20181229_084906 / lib_ip.py:3836] len(Hs) = 8100, len(Ss) = 8100, len(Vs) = 8100
[20181229_084906 / lib_ip.py:3891] yellow : average --> out of range (average = 0.000 / upper = 99.200 / lower = 85.500)
[20181229_084906 / lib_ip.py:3753] file = img.20181229_084905.2018-12-28_13-37-46_000.png.1.png / val_Average = 0.0000	val_Variance = 0.0000	sd = 0.0000	max = 0	min = 0
[20181229_084906 / lib_ip.py:3936] len(Hs) = 8100, len(Ss) = 8100, len(Vs) = 8100
[20181229_084906 / lib_ip.py:4007] red : average --> out of range (average = 0.000 / upper = 124.000 / lower = 115.000)
[20181229_084906 / lib_ip.py:3753] file = img.20181229_084905.2018-12-28_13-37-46_000.png.1.png / val_Average = 0.0000	val_Variance = 0.0000	sd = 0.0000	max = 0	min = 0
[20181229_084906 / lib_ip.py:4052] len(Hs) = 8100, len(Ss) = 8100, len(Vs) = 8100
[20181229_084906 / lib_ip.py:4124] green : average --> out of range (average = 0.000 / upper = 83.000 / lower = 58.000)
[20181229_084906 / lib_ip.py:3753] file = img.20181229_084905.2018-12-28_13-37-46_000.png.1.png / val_Average = 0.0000	val_Variance = 0.0000	sd = 0.0000	max = 0	min = 0
[20181229_084906 / lib_ip.py:4169] len(Hs) = 8100, len(Ss) = 8100, len(Vs) = 8100
[20181229_084906 / lib_ip.py:4208] blue : variance --> out of range (variance = 0.000 / upper = 0.930 / lower = 0.010)
[20181229_084906 / lib_ip.py:3753] file = img.20181229_084905.2018-12-28_13-37-46_000.png.1.png / val_Average = 0.0000	val_Variance = 0.0000	sd = 0.0000	max = 0	min = 0
[20181229_084906 / lib_ip.py:4272] len(Hs) = 8100, len(Ss) = 8100, len(Vs) = 8100
[20181229_084907 / lib_ip.py:2274] inspecting ===> img.20181229_084905.2018-12-28_13-37-46_000.png.2.png
[20181229_084907 / lib_ip.py:4399] 
img.20181229_084905.2018-12-28_13-37-46_000.png.2.png 1 ---------------------
[20181229_084907 / lib_ip.py:3753] file = img.20181229_084905.2018-12-28_13-37-46_000.png.2.png / val_Average = 0.0000	val_Variance = 0.0000	sd = 0.0000	max = 0	min = 0
[20181229_084907 / lib_ip.py:3836] len(Hs) = 8100, len(Ss) = 8100, len(Vs) = 8100
[20181229_084907 / lib_ip.py:3891] yellow : average --> out of range (average = 0.000 / upper = 99.200 / lower = 85.500)
[20181229_084907 / lib_ip.py:3753] file = img.20181229_084905.2018-12-28_13-37-46_000.png.2.png / val_Average = 0.0000	val_Variance = 0.0000	sd = 0.0000	max = 0	min = 0
[20181229_084907 / lib_ip.py:3936] len(Hs) = 8100, len(Ss) = 8100, len(Vs) = 8100
[20181229_084907 / lib_ip.py:4007] red : average --> out of range (average = 0.000 / upper = 124.000 / lower = 115.000)
[20181229_084907 / lib_ip.py:3753] file = img.20181229_084905.2018-12-28_13-37-46_000.png.2.png / val_Average = 0.0000	val_Variance = 0.0000	sd = 0.0000	max = 0	min = 0
[20181229_084907 / lib_ip.py:4052] len(Hs) = 8100, len(Ss) = 8100, len(Vs) = 8100
[20181229_084907 / lib_ip.py:4124] green : average --> out of range (average = 0.000 / upper = 83.000 / lower = 58.000)
[20181229_084907 / lib_ip.py:3753] file = img.20181229_084905.2018-12-28_13-37-46_000.png.2.png / val_Average = 0.0000	val_Variance = 0.0000	sd = 0.0000	max = 0	min = 0
[20181229_084907 / lib_ip.py:4169] len(Hs) = 8100, len(Ss) = 8100, len(Vs) = 8100
[20181229_084907 / lib_ip.py:4208] blue : variance --> out of range (variance = 0.000 / upper = 0.930 / lower = 0.010)
[20181229_084907 / lib_ip.py:3753] file = img.20181229_084905.2018-12-28_13-37-46_000.png.2.png / val_Average = 0.0000	val_Variance = 0.0000	sd = 0.0000	max = 0	min = 0
[20181229_084908 / lib_ip.py:4272] len(Hs) = 8100, len(Ss) = 8100, len(Vs) = 8100
[20181229_084908 / lib_ip.py:2274] inspecting ===> img.20181229_084905.2018-12-28_13-37-46_000.png.3.png
[20181229_084908 / lib_ip.py:4399] 
img.20181229_084905.2018-12-28_13-37-46_000.png.3.png 2 ---------------------
[20181229_084908 / lib_ip.py:3753] file = img.20181229_084905.2018-12-28_13-37-46_000.png.3.png / val_Average = 0.0000	val_Variance = 0.0000	sd = 0.0000	max = 0	min = 0
[20181229_084908 / lib_ip.py:3836] len(Hs) = 8100, len(Ss) = 8100, len(Vs) = 8100
[20181229_084908 / lib_ip.py:3891] yellow : average --> out of range (average = 0.000 / upper = 99.200 / lower = 85.500)
[20181229_084908 / lib_ip.py:3753] file = img.20181229_084905.2018-12-28_13-37-46_000.png.3.png / val_Average = 0.0000	val_Variance = 0.0000	sd = 0.0000	max = 0	min = 0
[20181229_084908 / lib_ip.py:3936] len(Hs) = 8100, len(Ss) = 8100, len(Vs) = 8100
[20181229_084908 / lib_ip.py:4007] red : average --> out of range (average = 0.000 / upper = 124.000 / lower = 115.000)
[20181229_084909 / lib_ip.py:3753] file = img.20181229_084905.2018-12-28_13-37-46_000.png.3.png / val_Average = 0.0000	val_Variance = 0.0000	sd = 0.0000	max = 0	min = 0
[20181229_084909 / lib_ip.py:4052] len(Hs) = 8100, len(Ss) = 8100, len(Vs) = 8100
[20181229_084909 / lib_ip.py:4124] green : average --> out of range (average = 0.000 / upper = 83.000 / lower = 58.000)
[20181229_084909 / lib_ip.py:3753] file = img.20181229_084905.2018-12-28_13-37-46_000.png.3.png / val_Average = 0.0000	val_Variance = 0.0000	sd = 0.0000	max = 0	min = 0
[20181229_084909 / lib_ip.py:4169] len(Hs) = 8100, len(Ss) = 8100, len(Vs) = 8100
[20181229_084909 / lib_ip.py:4208] blue : variance --> out of range (variance = 0.000 / upper = 0.930 / lower = 0.010)
[20181229_084909 / lib_ip.py:3753] file = img.20181229_084905.2018-12-28_13-37-46_000.png.3.png / val_Average = 0.0000	val_Variance = 0.0000	sd = 0.0000	max = 0	min = 0
[20181229_084909 / lib_ip.py:4272] len(Hs) = 8100, len(Ss) = 8100, len(Vs) = 8100
[20181229_084909 / lib_ip.py:2274] inspecting ===> img.20181229_084905.2018-12-28_13-37-46_000.png.4.png
[20181229_084909 / lib_ip.py:4399] 
img.20181229_084905.2018-12-28_13-37-46_000.png.4.png 3 ---------------------
[20181229_084910 / lib_ip.py:3753] file = img.20181229_084905.2018-12-28_13-37-46_000.png.4.png / val_Average = 0.0000	val_Variance = 0.0000	sd = 0.0000	max = 0	min = 0
[20181229_084910 / lib_ip.py:3836] len(Hs) = 8100, len(Ss) = 8100, len(Vs) = 8100
[20181229_084910 / lib_ip.py:3891] yellow : average --> out of range (average = 0.000 / upper = 99.200 / lower = 85.500)
[20181229_084910 / lib_ip.py:3753] file = img.20181229_084905.2018-12-28_13-37-46_000.png.4.png / val_Average = 0.0000	val_Variance = 0.0000	sd = 0.0000	max = 0	min = 0
[20181229_084910 / lib_ip.py:3936] len(Hs) = 8100, len(Ss) = 8100, len(Vs) = 8100
[20181229_084910 / lib_ip.py:4007] red : average --> out of range (average = 0.000 / upper = 124.000 / lower = 115.000)
[20181229_084910 / lib_ip.py:3753] file = img.20181229_084905.2018-12-28_13-37-46_000.png.4.png / val_Average = 0.0000	val_Variance = 0.0000	sd = 0.0000	max = 0	min = 0
[20181229_084910 / lib_ip.py:4052] len(Hs) = 8100, len(Ss) = 8100, len(Vs) = 8100
[20181229_084910 / lib_ip.py:4124] green : average --> out of range (average = 0.000 / upper = 83.000 / lower = 58.000)
[20181229_084910 / lib_ip.py:3753] file = img.20181229_084905.2018-12-28_13-37-46_000.png.4.png / val_Average = 0.0000	val_Variance = 0.0000	sd = 0.0000	max = 0	min = 0
[20181229_084910 / lib_ip.py:4169] len(Hs) = 8100, len(Ss) = 8100, len(Vs) = 8100
[20181229_084910 / lib_ip.py:4208] blue : variance --> out of range (variance = 0.000 / upper = 0.930 / lower = 0.010)
[20181229_084910 / lib_ip.py:3753] file = img.20181229_084905.2018-12-28_13-37-46_000.png.4.png / val_Average = 0.0000	val_Variance = 0.0000	sd = 0.0000	max = 0	min = 0
[20181229_084910 / lib_ip.py:4272] len(Hs) = 8100, len(Ss) = 8100, len(Vs) = 8100
[20181229_084909 / lib_ip.py:2274] inspecting ===> img.20181229_084905.2018-12-28_13-37-46_000.png.4.png
img.20181229_084905.2018-12-28_13-37-46_000.png.1.png => other
img.20181229_084905.2018-12-28_13-37-46_000.png.2.png => other
img.20181229_084905.2018-12-28_13-37-46_000.png.3.png => other
img.20181229_084905.2018-12-28_13-37-46_000.png.4.png => other
[20181229_084910 lib_ip.py:3301] =============== Get 4 corners
dpath_Images = C:\WORKS_2\WS\WS_Others.Art\JVEMV6\46_art\VIRTUAL\Admin_Projects\ip\images
fname_Image = img.20181229_084905.2018-12-28_13-37-46_000.png.4.png

[20181229_084911 / lib_ip.py:2274] inspecting ===> img.20181229_084911.2018-12-28_13-38-07_000.png.1.png
[20181229_084911 / lib_ip.py:4399] 
img.20181229_084911.2018-12-28_13-38-07_000.png.1.png 0 ---------------------
[20181229_084911 / lib_ip.py:3753] file = img.20181229_084911.2018-12-28_13-38-07_000.png.1.png / val_Average = 0.0000	val_Variance = 0.0000	sd = 0.0000	max = 0	min = 0
[20181229_084911 / lib_ip.py:3836] len(Hs) = 8100, len(Ss) = 8100, len(Vs) = 8100
[20181229_084911 / lib_ip.py:3891] yellow : average --> out of range (average = 0.000 / upper = 99.200 / lower = 85.500)
[20181229_084911 / lib_ip.py:3753] file = img.20181229_084911.2018-12-28_13-38-07_000.png.1.png / val_Average = 0.0000	val_Variance = 0.0000	sd = 0.0000	max = 0	min = 0
[20181229_084911 / lib_ip.py:3936] len(Hs) = 8100, len(Ss) = 8100, len(Vs) = 8100
[20181229_084911 / lib_ip.py:4007] red : average --> out of range (average = 0.000 / upper = 124.000 / lower = 115.000)
[20181229_084911 / lib_ip.py:3753] file = img.20181229_084911.2018-12-28_13-38-07_000.png.1.png / val_Average = 0.0000	val_Variance = 0.0000	sd = 0.0000	max = 0	min = 0
[20181229_084911 / lib_ip.py:4052] len(Hs) = 8100, len(Ss) = 8100, len(Vs) = 8100
[20181229_084911 / lib_ip.py:4124] green : average --> out of range (average = 0.000 / upper = 83.000 / lower = 58.000)
[20181229_084912 / lib_ip.py:3753] file = img.20181229_084911.2018-12-28_13-38-07_000.png.1.png / val_Average = 0.0000	val_Variance = 0.0000	sd = 0.0000	max = 0	min = 0
[20181229_084912 / lib_ip.py:4169] len(Hs) = 8100, len(Ss) = 8100, len(Vs) = 8100
[20181229_084912 / lib_ip.py:4208] blue : variance --> out of range (variance = 0.000 / upper = 0.930 / lower = 0.010)
[20181229_084912 / lib_ip.py:3753] file = img.20181229_084911.2018-12-28_13-38-07_000.png.1.png / val_Average = 0.0000	val_Variance = 0.0000	sd = 0.0000	max = 0	min = 0
[20181229_084912 / lib_ip.py:4272] len(Hs) = 8100, len(Ss) = 8100, len(Vs) = 8100
[20181229_084912 / lib_ip.py:2274] inspecting ===> img.20181229_084911.2018-12-28_13-38-07_000.png.2.png
[20181229_084912 / lib_ip.py:4399] 
img.20181229_084911.2018-12-28_13-38-07_000.png.2.png 1 ---------------------
[20181229_084912 / lib_ip.py:3753] file = img.20181229_084911.2018-12-28_13-38-07_000.png.2.png / val_Average = 0.0000	val_Variance = 0.0000	sd = 0.0000	max = 0	min = 0
[20181229_084912 / lib_ip.py:3836] len(Hs) = 8100, len(Ss) = 8100, len(Vs) = 8100
[20181229_084912 / lib_ip.py:3891] yellow : average --> out of range (average = 0.000 / upper = 99.200 / lower = 85.500)
[20181229_084913 / lib_ip.py:3753] file = img.20181229_084911.2018-12-28_13-38-07_000.png.2.png / val_Average = 0.0000	val_Variance = 0.0000	sd = 0.0000	max = 0	min = 0
[20181229_084913 / lib_ip.py:3936] len(Hs) = 8100, len(Ss) = 8100, len(Vs) = 8100
[20181229_084913 / lib_ip.py:4007] red : average --> out of range (average = 0.000 / upper = 124.000 / lower = 115.000)
[20181229_084913 / lib_ip.py:3753] file = img.20181229_084911.2018-12-28_13-38-07_000.png.2.png / val_Average = 0.0000	val_Variance = 0.0000	sd = 0.0000	max = 0	min = 0
[20181229_084913 / lib_ip.py:4052] len(Hs) = 8100, len(Ss) = 8100, len(Vs) = 8100
[20181229_084913 / lib_ip.py:4124] green : average --> out of range (average = 0.000 / upper = 83.000 / lower = 58.000)
[20181229_084913 / lib_ip.py:3753] file = img.20181229_084911.2018-12-28_13-38-07_000.png.2.png / val_Average = 0.0000	val_Variance = 0.0000	sd = 0.0000	max = 0	min = 0
[20181229_084913 / lib_ip.py:4169] len(Hs) = 8100, len(Ss) = 8100, len(Vs) = 8100
[20181229_084913 / lib_ip.py:4208] blue : variance --> out of range (variance = 0.000 / upper = 0.930 / lower = 0.010)
[20181229_084913 / lib_ip.py:3753] file = img.20181229_084911.2018-12-28_13-38-07_000.png.2.png / val_Average = 0.0000	val_Variance = 0.0000	sd = 0.0000	max = 0	min = 0
[20181229_084913 / lib_ip.py:4272] len(Hs) = 8100, len(Ss) = 8100, len(Vs) = 8100
[20181229_084913 / lib_ip.py:2274] inspecting ===> img.20181229_084911.2018-12-28_13-38-07_000.png.3.png
[20181229_084914 / lib_ip.py:4399] 
img.20181229_084911.2018-12-28_13-38-07_000.png.3.png 2 ---------------------
[20181229_084914 / lib_ip.py:3753] file = img.20181229_084911.2018-12-28_13-38-07_000.png.3.png / val_Average = 0.0000	val_Variance = 0.0000	sd = 0.0000	max = 0	min = 0
[20181229_084914 / lib_ip.py:3836] len(Hs) = 8100, len(Ss) = 8100, len(Vs) = 8100
[20181229_084914 / lib_ip.py:3891] yellow : average --> out of range (average = 0.000 / upper = 99.200 / lower = 85.500)
[20181229_084914 / lib_ip.py:3753] file = img.20181229_084911.2018-12-28_13-38-07_000.png.3.png / val_Average = 0.0000	val_Variance = 0.0000	sd = 0.0000	max = 0	min = 0
[20181229_084914 / lib_ip.py:3936] len(Hs) = 8100, len(Ss) = 8100, len(Vs) = 8100
[20181229_084914 / lib_ip.py:4007] red : average --> out of range (average = 0.000 / upper = 124.000 / lower = 115.000)
[20181229_084915 / lib_ip.py:3753] file = img.20181229_084911.2018-12-28_13-38-07_000.png.3.png / val_Average = 0.0000	val_Variance = 0.0000	sd = 0.0000	max = 0	min = 0
[20181229_084915 / lib_ip.py:4052] len(Hs) = 8100, len(Ss) = 8100, len(Vs) = 8100
[20181229_084915 / lib_ip.py:4124] green : average --> out of range (average = 0.000 / upper = 83.000 / lower = 58.000)
[20181229_084915 / lib_ip.py:3753] file = img.20181229_084911.2018-12-28_13-38-07_000.png.3.png / val_Average = 0.0000	val_Variance = 0.0000	sd = 0.0000	max = 0	min = 0
[20181229_084915 / lib_ip.py:4169] len(Hs) = 8100, len(Ss) = 8100, len(Vs) = 8100
[20181229_084915 / lib_ip.py:4208] blue : variance --> out of range (variance = 0.000 / upper = 0.930 / lower = 0.010)
[20181229_084915 / lib_ip.py:3753] file = img.20181229_084911.2018-12-28_13-38-07_000.png.3.png / val_Average = 0.0000	val_Variance = 0.0000	sd = 0.0000	max = 0	min = 0
[20181229_084915 / lib_ip.py:4272] len(Hs) = 8100, len(Ss) = 8100, len(Vs) = 8100
[20181229_084915 / lib_ip.py:2274] inspecting ===> img.20181229_084911.2018-12-28_13-38-07_000.png.4.png
[20181229_084915 / lib_ip.py:4399] 
img.20181229_084911.2018-12-28_13-38-07_000.png.4.png 3 ---------------------
[20181229_084916 / lib_ip.py:3753] file = img.20181229_084911.2018-12-28_13-38-07_000.png.4.png / val_Average = 0.0000	val_Variance = 0.0000	sd = 0.0000	max = 0	min = 0
[20181229_084916 / lib_ip.py:3836] len(Hs) = 8100, len(Ss) = 8100, len(Vs) = 8100
[20181229_084916 / lib_ip.py:3891] yellow : average --> out of range (average = 0.000 / upper = 99.200 / lower = 85.500)
[20181229_084916 / lib_ip.py:3753] file = img.20181229_084911.2018-12-28_13-38-07_000.png.4.png / val_Average = 0.0000	val_Variance = 0.0000	sd = 0.0000	max = 0	min = 0
[20181229_084916 / lib_ip.py:3936] len(Hs) = 8100, len(Ss) = 8100, len(Vs) = 8100
[20181229_084916 / lib_ip.py:4007] red : average --> out of range (average = 0.000 / upper = 124.000 / lower = 115.000)
[20181229_084916 / lib_ip.py:3753] file = img.20181229_084911.2018-12-28_13-38-07_000.png.4.png / val_Average = 0.0000	val_Variance = 0.0000	sd = 0.0000	max = 0	min = 0
[20181229_084916 / lib_ip.py:4052] len(Hs) = 8100, len(Ss) = 8100, len(Vs) = 8100
[20181229_084916 / lib_ip.py:4124] green : average --> out of range (average = 0.000 / upper = 83.000 / lower = 58.000)
[20181229_084916 / lib_ip.py:3753] file = img.20181229_084911.2018-12-28_13-38-07_000.png.4.png / val_Average = 0.0000	val_Variance = 0.0000	sd = 0.0000	max = 0	min = 0
[20181229_084916 / lib_ip.py:4169] len(Hs) = 8100, len(Ss) = 8100, len(Vs) = 8100
[20181229_084916 / lib_ip.py:4208] blue : variance --> out of range (variance = 0.000 / upper = 0.930 / lower = 0.010)
[20181229_084916 / lib_ip.py:3753] file = img.20181229_084911.2018-12-28_13-38-07_000.png.4.png / val_Average = 0.0000	val_Variance = 0.0000	sd = 0.0000	max = 0	min = 0
[20181229_084916 / lib_ip.py:4272] len(Hs) = 8100, len(Ss) = 8100, len(Vs) = 8100
[20181229_084915 / lib_ip.py:2274] inspecting ===> img.20181229_084911.2018-12-28_13-38-07_000.png.4.png
img.20181229_084911.2018-12-28_13-38-07_000.png.1.png => other
img.20181229_084911.2018-12-28_13-38-07_000.png.2.png => other
img.20181229_084911.2018-12-28_13-38-07_000.png.3.png => other
img.20181229_084911.2018-12-28_13-38-07_000.png.4.png => other
[20181229_084916 lib_ip.py:3301] =============== Get 4 corners
dpath_Images = C:\WORKS_2\WS\WS_Others.Art\JVEMV6\46_art\VIRTUAL\Admin_Projects\ip\images
fname_Image = img.20181229_084911.2018-12-28_13-38-07_000.png.4.png

[20181229_084917 / lib_ip.py:2274] inspecting ===> img.20181229_084917.2018-12-28_13-55-13_000.jpg.1.png
[20181229_084917 / lib_ip.py:4399] 
img.20181229_084917.2018-12-28_13-55-13_000.jpg.1.png 0 ---------------------
[20181229_084917 / lib_ip.py:3753] file = img.20181229_084917.2018-12-28_13-55-13_000.jpg.1.png / val_Average = 92.7270	val_Variance = 0.1985	sd = 0.4455	max = 93	min = 92
[20181229_084917 / lib_ip.py:3836] len(Hs) = 8100, len(Ss) = 8100, len(Vs) = 8100
[20181229_084917 / lib_ip.py:2274] inspecting ===> img.20181229_084917.2018-12-28_13-55-13_000.jpg.2.png
[20181229_084918 / lib_ip.py:4399] 
img.20181229_084917.2018-12-28_13-55-13_000.jpg.2.png 1 ---------------------
[20181229_084918 / lib_ip.py:3753] file = img.20181229_084917.2018-12-28_13-55-13_000.jpg.2.png / val_Average = 67.1974	val_Variance = 960.7742	sd = 30.9964	max = 144	min = 0
[20181229_084918 / lib_ip.py:3836] len(Hs) = 8100, len(Ss) = 8100, len(Vs) = 8100
[20181229_084918 / lib_ip.py:3869] yellow : variance --> out of range (variance = 960.774 / upper = 0.650 / lower = 0.000)
[20181229_084918 / lib_ip.py:3753] file = img.20181229_084917.2018-12-28_13-55-13_000.jpg.2.png / val_Average = 67.1974	val_Variance = 960.7742	sd = 30.9964	max = 144	min = 0
[20181229_084918 / lib_ip.py:3936] len(Hs) = 8100, len(Ss) = 8100, len(Vs) = 8100
[20181229_084918 / lib_ip.py:3982] red : variance --> out of range (variance = 960.774 / upper = 0.430 / lower = 0.000)
[20181229_084918 / lib_ip.py:3753] file = img.20181229_084917.2018-12-28_13-55-13_000.jpg.2.png / val_Average = 67.1974	val_Variance = 960.7742	sd = 30.9964	max = 144	min = 0
[20181229_084918 / lib_ip.py:4052] len(Hs) = 8100, len(Ss) = 8100, len(Vs) = 8100
[20181229_084918 / lib_ip.py:4099] green : variance --> out of range (variance = 960.774 / upper = 0.760 / lower = 0.000)
[20181229_084918 / lib_ip.py:3753] file = img.20181229_084917.2018-12-28_13-55-13_000.jpg.2.png / val_Average = 67.1974	val_Variance = 960.7742	sd = 30.9964	max = 144	min = 0
[20181229_084918 / lib_ip.py:4169] len(Hs) = 8100, len(Ss) = 8100, len(Vs) = 8100
[20181229_084919 / lib_ip.py:4208] blue : variance --> out of range (variance = 960.774 / upper = 0.930 / lower = 0.010)
[20181229_084919 / lib_ip.py:3753] file = img.20181229_084917.2018-12-28_13-55-13_000.jpg.2.png / val_Average = 67.1974	val_Variance = 960.7742	sd = 30.9964	max = 144	min = 0
[20181229_084919 / lib_ip.py:4272] len(Hs) = 8100, len(Ss) = 8100, len(Vs) = 8100
[20181229_084919 / lib_ip.py:4316] black : variance --> out of range (variance = 960.774 / upper = 0.000 / lower = 0.000)
[20181229_084919 / lib_ip.py:4477] file : img.20181229_084917.2018-12-28_13-55-13_000.jpg.2.png 1 (black : variance --> out of range (variance = 960.774 / upper = 0.000 / lower = 0.000))
[20181229_084919 / lib_ip.py:2274] inspecting ===> img.20181229_084917.2018-12-28_13-55-13_000.jpg.3.png
[20181229_084919 / lib_ip.py:4399] 
img.20181229_084917.2018-12-28_13-55-13_000.jpg.3.png 2 ---------------------
[20181229_084919 / lib_ip.py:3753] file = img.20181229_084917.2018-12-28_13-55-13_000.jpg.3.png / val_Average = 120.1956	val_Variance = 0.1687	sd = 0.4107	max = 121	min = 119
[20181229_084919 / lib_ip.py:3836] len(Hs) = 8100, len(Ss) = 8100, len(Vs) = 8100
[20181229_084919 / lib_ip.py:3891] yellow : average --> out of range (average = 120.196 / upper = 99.200 / lower = 85.500)
[20181229_084919 / lib_ip.py:3753] file = img.20181229_084917.2018-12-28_13-55-13_000.jpg.3.png / val_Average = 120.1956	val_Variance = 0.1687	sd = 0.4107	max = 121	min = 119
[20181229_084919 / lib_ip.py:3936] len(Hs) = 8100, len(Ss) = 8100, len(Vs) = 8100
[20181229_084919 / lib_ip.py:2274] inspecting ===> img.20181229_084917.2018-12-28_13-55-13_000.jpg.4.png
[20181229_084920 / lib_ip.py:4399] 
img.20181229_084917.2018-12-28_13-55-13_000.jpg.4.png 3 ---------------------
[20181229_084920 / lib_ip.py:3753] file = img.20181229_084917.2018-12-28_13-55-13_000.jpg.4.png / val_Average = 95.1105	val_Variance = 10.8208	sd = 3.2895	max = 107	min = 85
[20181229_084920 / lib_ip.py:3836] len(Hs) = 8100, len(Ss) = 8100, len(Vs) = 8100
[20181229_084920 / lib_ip.py:3869] yellow : variance --> out of range (variance = 10.821 / upper = 0.650 / lower = 0.000)
[20181229_084920 / lib_ip.py:3753] file = img.20181229_084917.2018-12-28_13-55-13_000.jpg.4.png / val_Average = 95.1105	val_Variance = 10.8208	sd = 3.2895	max = 107	min = 85
[20181229_084920 / lib_ip.py:3936] len(Hs) = 8100, len(Ss) = 8100, len(Vs) = 8100
[20181229_084920 / lib_ip.py:3982] red : variance --> out of range (variance = 10.821 / upper = 0.430 / lower = 0.000)
[20181229_084920 / lib_ip.py:3753] file = img.20181229_084917.2018-12-28_13-55-13_000.jpg.4.png / val_Average = 95.1105	val_Variance = 10.8208	sd = 3.2895	max = 107	min = 85
[20181229_084920 / lib_ip.py:4052] len(Hs) = 8100, len(Ss) = 8100, len(Vs) = 8100
[20181229_084920 / lib_ip.py:4099] green : variance --> out of range (variance = 10.821 / upper = 0.760 / lower = 0.000)
[20181229_084920 / lib_ip.py:3753] file = img.20181229_084917.2018-12-28_13-55-13_000.jpg.4.png / val_Average = 95.1105	val_Variance = 10.8208	sd = 3.2895	max = 107	min = 85
[20181229_084921 / lib_ip.py:4169] len(Hs) = 8100, len(Ss) = 8100, len(Vs) = 8100
[20181229_084921 / lib_ip.py:4208] blue : variance --> out of range (variance = 10.821 / upper = 0.930 / lower = 0.010)
[20181229_084921 / lib_ip.py:3753] file = img.20181229_084917.2018-12-28_13-55-13_000.jpg.4.png / val_Average = 95.1105	val_Variance = 10.8208	sd = 3.2895	max = 107	min = 85
[20181229_084921 / lib_ip.py:4272] len(Hs) = 8100, len(Ss) = 8100, len(Vs) = 8100
[20181229_084921 / lib_ip.py:4316] black : variance --> out of range (variance = 10.821 / upper = 0.000 / lower = 0.000)
[20181229_084921 / lib_ip.py:4477] file : img.20181229_084917.2018-12-28_13-55-13_000.jpg.4.png 3 (black : variance --> out of range (variance = 10.821 / upper = 0.000 / lower = 0.000))
[20181229_084919 / lib_ip.py:2274] inspecting ===> img.20181229_084917.2018-12-28_13-55-13_000.jpg.4.png
img.20181229_084917.2018-12-28_13-55-13_000.jpg.1.png => other
img.20181229_084917.2018-12-28_13-55-13_000.jpg.2.png => other
img.20181229_084917.2018-12-28_13-55-13_000.jpg.3.png => other
img.20181229_084917.2018-12-28_13-55-13_000.jpg.4.png => other
[20181229_084921 lib_ip.py:3301] =============== Get 4 corners
dpath_Images = C:\WORKS_2\WS\WS_Others.Art\JVEMV6\46_art\VIRTUAL\Admin_Projects\ip\images
fname_Image = img.20181229_084917.2018-12-28_13-55-13_000.jpg.4.png

[20181229_084921 / lib_ip.py:2274] inspecting ===> img.20181229_084921.2018-12-29_01-06-28_000.jpg.1.png
[20181229_084922 / lib_ip.py:4399] 
img.20181229_084921.2018-12-29_01-06-28_000.jpg.1.png 0 ---------------------
[20181229_084922 / lib_ip.py:3753] file = img.20181229_084921.2018-12-29_01-06-28_000.jpg.1.png / val_Average = 100.5522	val_Variance = 2.0223	sd = 1.4221	max = 106	min = 96
[20181229_084922 / lib_ip.py:3836] len(Hs) = 8100, len(Ss) = 8100, len(Vs) = 8100
[20181229_084922 / lib_ip.py:3869] yellow : variance --> out of range (variance = 2.022 / upper = 0.650 / lower = 0.000)
[20181229_084922 / lib_ip.py:3753] file = img.20181229_084921.2018-12-29_01-06-28_000.jpg.1.png / val_Average = 100.5522	val_Variance = 2.0223	sd = 1.4221	max = 106	min = 96
[20181229_084922 / lib_ip.py:3936] len(Hs) = 8100, len(Ss) = 8100, len(Vs) = 8100
[20181229_084922 / lib_ip.py:3982] red : variance --> out of range (variance = 2.022 / upper = 0.430 / lower = 0.000)
[20181229_084922 / lib_ip.py:3753] file = img.20181229_084921.2018-12-29_01-06-28_000.jpg.1.png / val_Average = 100.5522	val_Variance = 2.0223	sd = 1.4221	max = 106	min = 96
[20181229_084922 / lib_ip.py:4052] len(Hs) = 8100, len(Ss) = 8100, len(Vs) = 8100
[20181229_084922 / lib_ip.py:4099] green : variance --> out of range (variance = 2.022 / upper = 0.760 / lower = 0.000)
[20181229_084922 / lib_ip.py:3753] file = img.20181229_084921.2018-12-29_01-06-28_000.jpg.1.png / val_Average = 100.5522	val_Variance = 2.0223	sd = 1.4221	max = 106	min = 96
[20181229_084922 / lib_ip.py:4169] len(Hs) = 8100, len(Ss) = 8100, len(Vs) = 8100
[20181229_084923 / lib_ip.py:4208] blue : variance --> out of range (variance = 2.022 / upper = 0.930 / lower = 0.010)
[20181229_084923 / lib_ip.py:3753] file = img.20181229_084921.2018-12-29_01-06-28_000.jpg.1.png / val_Average = 100.5522	val_Variance = 2.0223	sd = 1.4221	max = 106	min = 96
[20181229_084923 / lib_ip.py:4272] len(Hs) = 8100, len(Ss) = 8100, len(Vs) = 8100
[20181229_084923 / lib_ip.py:4316] black : variance --> out of range (variance = 2.022 / upper = 0.000 / lower = 0.000)
[20181229_084923 / lib_ip.py:4477] file : img.20181229_084921.2018-12-29_01-06-28_000.jpg.1.png 0 (black : variance --> out of range (variance = 2.022 / upper = 0.000 / lower = 0.000))
[20181229_084923 / lib_ip.py:2274] inspecting ===> img.20181229_084921.2018-12-29_01-06-28_000.jpg.2.png
[20181229_084923 / lib_ip.py:4399] 
img.20181229_084921.2018-12-29_01-06-28_000.jpg.2.png 1 ---------------------
[20181229_084923 / lib_ip.py:3753] file = img.20181229_084921.2018-12-29_01-06-28_000.jpg.2.png / val_Average = 95.2041	val_Variance = 36.0802	sd = 6.0067	max = 135	min = 77
[20181229_084923 / lib_ip.py:3836] len(Hs) = 8100, len(Ss) = 8100, len(Vs) = 8100
[20181229_084923 / lib_ip.py:3869] yellow : variance --> out of range (variance = 36.080 / upper = 0.650 / lower = 0.000)
[20181229_084923 / lib_ip.py:3753] file = img.20181229_084921.2018-12-29_01-06-28_000.jpg.2.png / val_Average = 95.2041	val_Variance = 36.0802	sd = 6.0067	max = 135	min = 77
[20181229_084923 / lib_ip.py:3936] len(Hs) = 8100, len(Ss) = 8100, len(Vs) = 8100
[20181229_084923 / lib_ip.py:3982] red : variance --> out of range (variance = 36.080 / upper = 0.430 / lower = 0.000)
[20181229_084924 / lib_ip.py:3753] file = img.20181229_084921.2018-12-29_01-06-28_000.jpg.2.png / val_Average = 95.2041	val_Variance = 36.0802	sd = 6.0067	max = 135	min = 77
[20181229_084924 / lib_ip.py:4052] len(Hs) = 8100, len(Ss) = 8100, len(Vs) = 8100
[20181229_084924 / lib_ip.py:4099] green : variance --> out of range (variance = 36.080 / upper = 0.760 / lower = 0.000)
[20181229_084924 / lib_ip.py:3753] file = img.20181229_084921.2018-12-29_01-06-28_000.jpg.2.png / val_Average = 95.2041	val_Variance = 36.0802	sd = 6.0067	max = 135	min = 77
[20181229_084924 / lib_ip.py:4169] len(Hs) = 8100, len(Ss) = 8100, len(Vs) = 8100
[20181229_084924 / lib_ip.py:4208] blue : variance --> out of range (variance = 36.080 / upper = 0.930 / lower = 0.010)
[20181229_084924 / lib_ip.py:3753] file = img.20181229_084921.2018-12-29_01-06-28_000.jpg.2.png / val_Average = 95.2041	val_Variance = 36.0802	sd = 6.0067	max = 135	min = 77
[20181229_084924 / lib_ip.py:4272] len(Hs) = 8100, len(Ss) = 8100, len(Vs) = 8100
[20181229_084924 / lib_ip.py:4316] black : variance --> out of range (variance = 36.080 / upper = 0.000 / lower = 0.000)
[20181229_084924 / lib_ip.py:4477] file : img.20181229_084921.2018-12-29_01-06-28_000.jpg.2.png 1 (black : variance --> out of range (variance = 36.080 / upper = 0.000 / lower = 0.000))
[20181229_084924 / lib_ip.py:2274] inspecting ===> img.20181229_084921.2018-12-29_01-06-28_000.jpg.3.png
[20181229_084924 / lib_ip.py:4399] 
img.20181229_084921.2018-12-29_01-06-28_000.jpg.3.png 2 ---------------------
[20181229_084924 / lib_ip.py:3753] file = img.20181229_084921.2018-12-29_01-06-28_000.jpg.3.png / val_Average = 104.7469	val_Variance = 1.0419	sd = 1.0207	max = 108	min = 101
[20181229_084924 / lib_ip.py:3836] len(Hs) = 8100, len(Ss) = 8100, len(Vs) = 8100
[20181229_084924 / lib_ip.py:3869] yellow : variance --> out of range (variance = 1.042 / upper = 0.650 / lower = 0.000)
[20181229_084924 / lib_ip.py:3753] file = img.20181229_084921.2018-12-29_01-06-28_000.jpg.3.png / val_Average = 104.7469	val_Variance = 1.0419	sd = 1.0207	max = 108	min = 101
[20181229_084924 / lib_ip.py:3936] len(Hs) = 8100, len(Ss) = 8100, len(Vs) = 8100
[20181229_084924 / lib_ip.py:3982] red : variance --> out of range (variance = 1.042 / upper = 0.430 / lower = 0.000)
[20181229_084925 / lib_ip.py:3753] file = img.20181229_084921.2018-12-29_01-06-28_000.jpg.3.png / val_Average = 104.7469	val_Variance = 1.0419	sd = 1.0207	max = 108	min = 101
[20181229_084925 / lib_ip.py:4052] len(Hs) = 8100, len(Ss) = 8100, len(Vs) = 8100
[20181229_084925 / lib_ip.py:4099] green : variance --> out of range (variance = 1.042 / upper = 0.760 / lower = 0.000)
[20181229_084925 / lib_ip.py:3753] file = img.20181229_084921.2018-12-29_01-06-28_000.jpg.3.png / val_Average = 104.7469	val_Variance = 1.0419	sd = 1.0207	max = 108	min = 101
[20181229_084925 / lib_ip.py:4169] len(Hs) = 8100, len(Ss) = 8100, len(Vs) = 8100
[20181229_084925 / lib_ip.py:4208] blue : variance --> out of range (variance = 1.042 / upper = 0.930 / lower = 0.010)
[20181229_084925 / lib_ip.py:3753] file = img.20181229_084921.2018-12-29_01-06-28_000.jpg.3.png / val_Average = 104.7469	val_Variance = 1.0419	sd = 1.0207	max = 108	min = 101
[20181229_084925 / lib_ip.py:4272] len(Hs) = 8100, len(Ss) = 8100, len(Vs) = 8100
[20181229_084925 / lib_ip.py:4316] black : variance --> out of range (variance = 1.042 / upper = 0.000 / lower = 0.000)
[20181229_084925 / lib_ip.py:4477] file : img.20181229_084921.2018-12-29_01-06-28_000.jpg.3.png 2 (black : variance --> out of range (variance = 1.042 / upper = 0.000 / lower = 0.000))
[20181229_084925 / lib_ip.py:2274] inspecting ===> img.20181229_084921.2018-12-29_01-06-28_000.jpg.4.png
[20181229_084925 / lib_ip.py:4399] 
img.20181229_084921.2018-12-29_01-06-28_000.jpg.4.png 3 ---------------------
[20181229_084925 / lib_ip.py:3753] file = img.20181229_084921.2018-12-29_01-06-28_000.jpg.4.png / val_Average = 94.9890	val_Variance = 368.7170	sd = 19.2020	max = 160	min = 0
[20181229_084925 / lib_ip.py:3836] len(Hs) = 8100, len(Ss) = 8100, len(Vs) = 8100
[20181229_084926 / lib_ip.py:3869] yellow : variance --> out of range (variance = 368.717 / upper = 0.650 / lower = 0.000)
[20181229_084926 / lib_ip.py:3753] file = img.20181229_084921.2018-12-29_01-06-28_000.jpg.4.png / val_Average = 94.9890	val_Variance = 368.7170	sd = 19.2020	max = 160	min = 0
[20181229_084926 / lib_ip.py:3936] len(Hs) = 8100, len(Ss) = 8100, len(Vs) = 8100
[20181229_084926 / lib_ip.py:3982] red : variance --> out of range (variance = 368.717 / upper = 0.430 / lower = 0.000)
[20181229_084926 / lib_ip.py:3753] file = img.20181229_084921.2018-12-29_01-06-28_000.jpg.4.png / val_Average = 94.9890	val_Variance = 368.7170	sd = 19.2020	max = 160	min = 0
[20181229_084926 / lib_ip.py:4052] len(Hs) = 8100, len(Ss) = 8100, len(Vs) = 8100
[20181229_084926 / lib_ip.py:4099] green : variance --> out of range (variance = 368.717 / upper = 0.760 / lower = 0.000)
[20181229_084926 / lib_ip.py:3753] file = img.20181229_084921.2018-12-29_01-06-28_000.jpg.4.png / val_Average = 94.9890	val_Variance = 368.7170	sd = 19.2020	max = 160	min = 0
[20181229_084926 / lib_ip.py:4169] len(Hs) = 8100, len(Ss) = 8100, len(Vs) = 8100
[20181229_084926 / lib_ip.py:4208] blue : variance --> out of range (variance = 368.717 / upper = 0.930 / lower = 0.010)
[20181229_084926 / lib_ip.py:3753] file = img.20181229_084921.2018-12-29_01-06-28_000.jpg.4.png / val_Average = 94.9890	val_Variance = 368.7170	sd = 19.2020	max = 160	min = 0
[20181229_084926 / lib_ip.py:4272] len(Hs) = 8100, len(Ss) = 8100, len(Vs) = 8100
[20181229_084926 / lib_ip.py:4316] black : variance --> out of range (variance = 368.717 / upper = 0.000 / lower = 0.000)
[20181229_084926 / lib_ip.py:4477] file : img.20181229_084921.2018-12-29_01-06-28_000.jpg.4.png 3 (black : variance --> out of range (variance = 368.717 / upper = 0.000 / lower = 0.000))
[20181229_084925 / lib_ip.py:2274] inspecting ===> img.20181229_084921.2018-12-29_01-06-28_000.jpg.4.png
img.20181229_084921.2018-12-29_01-06-28_000.jpg.1.png => other
img.20181229_084921.2018-12-29_01-06-28_000.jpg.2.png => other
img.20181229_084921.2018-12-29_01-06-28_000.jpg.3.png => other
img.20181229_084921.2018-12-29_01-06-28_000.jpg.4.png => other
[20181229_084926 lib_ip.py:3301] =============== Get 4 corners
dpath_Images = C:\WORKS_2\WS\WS_Others.Art\JVEMV6\46_art\VIRTUAL\Admin_Projects\ip\images
fname_Image = img.20181229_084921.2018-12-29_01-06-28_000.jpg.4.png

[20181229_084927 / lib_ip.py:2274] inspecting ===> img.20181229_084926.2018-12-29_01-37-27_000.png.1.png
[20181229_084927 / lib_ip.py:4399] 
img.20181229_084926.2018-12-29_01-37-27_000.png.1.png 0 ---------------------
[20181229_084927 / lib_ip.py:3753] file = img.20181229_084926.2018-12-29_01-37-27_000.png.1.png / val_Average = 80.1814	val_Variance = 1429.0702	sd = 37.8030	max = 150	min = 0
[20181229_084927 / lib_ip.py:3836] len(Hs) = 8100, len(Ss) = 8100, len(Vs) = 8100
[20181229_084927 / lib_ip.py:3869] yellow : variance --> out of range (variance = 1429.070 / upper = 0.650 / lower = 0.000)
[20181229_084927 / lib_ip.py:3753] file = img.20181229_084926.2018-12-29_01-37-27_000.png.1.png / val_Average = 80.1814	val_Variance = 1429.0702	sd = 37.8030	max = 150	min = 0
[20181229_084927 / lib_ip.py:3936] len(Hs) = 8100, len(Ss) = 8100, len(Vs) = 8100
[20181229_084927 / lib_ip.py:3982] red : variance --> out of range (variance = 1429.070 / upper = 0.430 / lower = 0.000)
[20181229_084927 / lib_ip.py:3753] file = img.20181229_084926.2018-12-29_01-37-27_000.png.1.png / val_Average = 80.1814	val_Variance = 1429.0702	sd = 37.8030	max = 150	min = 0
[20181229_084927 / lib_ip.py:4052] len(Hs) = 8100, len(Ss) = 8100, len(Vs) = 8100
[20181229_084927 / lib_ip.py:4099] green : variance --> out of range (variance = 1429.070 / upper = 0.760 / lower = 0.000)
[20181229_084928 / lib_ip.py:3753] file = img.20181229_084926.2018-12-29_01-37-27_000.png.1.png / val_Average = 80.1814	val_Variance = 1429.0702	sd = 37.8030	max = 150	min = 0
[20181229_084928 / lib_ip.py:4169] len(Hs) = 8100, len(Ss) = 8100, len(Vs) = 8100
[20181229_084928 / lib_ip.py:4208] blue : variance --> out of range (variance = 1429.070 / upper = 0.930 / lower = 0.010)
[20181229_084928 / lib_ip.py:3753] file = img.20181229_084926.2018-12-29_01-37-27_000.png.1.png / val_Average = 80.1814	val_Variance = 1429.0702	sd = 37.8030	max = 150	min = 0
[20181229_084928 / lib_ip.py:4272] len(Hs) = 8100, len(Ss) = 8100, len(Vs) = 8100
[20181229_084928 / lib_ip.py:4316] black : variance --> out of range (variance = 1429.070 / upper = 0.000 / lower = 0.000)
[20181229_084928 / lib_ip.py:4477] file : img.20181229_084926.2018-12-29_01-37-27_000.png.1.png 0 (black : variance --> out of range (variance = 1429.070 / upper = 0.000 / lower = 0.000))
[20181229_084928 / lib_ip.py:2274] inspecting ===> img.20181229_084926.2018-12-29_01-37-27_000.png.2.png
[20181229_084928 / lib_ip.py:4399] 
img.20181229_084926.2018-12-29_01-37-27_000.png.2.png 1 ---------------------
[20181229_084928 / lib_ip.py:3753] file = img.20181229_084926.2018-12-29_01-37-27_000.png.2.png / val_Average = 40.7807	val_Variance = 5509.8095	sd = 74.2281	max = 179	min = 0
[20181229_084928 / lib_ip.py:3836] len(Hs) = 8100, len(Ss) = 8100, len(Vs) = 8100
[20181229_084928 / lib_ip.py:3869] yellow : variance --> out of range (variance = 5509.809 / upper = 0.650 / lower = 0.000)
[20181229_084928 / lib_ip.py:3753] file = img.20181229_084926.2018-12-29_01-37-27_000.png.2.png / val_Average = 40.7807	val_Variance = 5509.8095	sd = 74.2281	max = 179	min = 0
[20181229_084928 / lib_ip.py:3936] len(Hs) = 8100, len(Ss) = 8100, len(Vs) = 8100
[20181229_084928 / lib_ip.py:3982] red : variance --> out of range (variance = 5509.809 / upper = 0.430 / lower = 0.000)
[20181229_084928 / lib_ip.py:3753] file = img.20181229_084926.2018-12-29_01-37-27_000.png.2.png / val_Average = 40.7807	val_Variance = 5509.8095	sd = 74.2281	max = 179	min = 0
[20181229_084928 / lib_ip.py:4052] len(Hs) = 8100, len(Ss) = 8100, len(Vs) = 8100
[20181229_084928 / lib_ip.py:4099] green : variance --> out of range (variance = 5509.809 / upper = 0.760 / lower = 0.000)
[20181229_084928 / lib_ip.py:3753] file = img.20181229_084926.2018-12-29_01-37-27_000.png.2.png / val_Average = 40.7807	val_Variance = 5509.8095	sd = 74.2281	max = 179	min = 0
[20181229_084928 / lib_ip.py:4169] len(Hs) = 8100, len(Ss) = 8100, len(Vs) = 8100
[20181229_084929 / lib_ip.py:4208] blue : variance --> out of range (variance = 5509.809 / upper = 0.930 / lower = 0.010)
[20181229_084929 / lib_ip.py:3753] file = img.20181229_084926.2018-12-29_01-37-27_000.png.2.png / val_Average = 40.7807	val_Variance = 5509.8095	sd = 74.2281	max = 179	min = 0
[20181229_084929 / lib_ip.py:4272] len(Hs) = 8100, len(Ss) = 8100, len(Vs) = 8100
[20181229_084929 / lib_ip.py:4316] black : variance --> out of range (variance = 5509.809 / upper = 0.000 / lower = 0.000)
[20181229_084929 / lib_ip.py:4477] file : img.20181229_084926.2018-12-29_01-37-27_000.png.2.png 1 (black : variance --> out of range (variance = 5509.809 / upper = 0.000 / lower = 0.000))
[20181229_084929 / lib_ip.py:2274] inspecting ===> img.20181229_084926.2018-12-29_01-37-27_000.png.3.png
[20181229_084929 / lib_ip.py:4399] 
img.20181229_084926.2018-12-29_01-37-27_000.png.3.png 2 ---------------------
[20181229_084929 / lib_ip.py:3753] file = img.20181229_084926.2018-12-29_01-37-27_000.png.3.png / val_Average = 100.5575	val_Variance = 478.1748	sd = 21.8672	max = 178	min = 87
[20181229_084929 / lib_ip.py:3836] len(Hs) = 8100, len(Ss) = 8100, len(Vs) = 8100
[20181229_084929 / lib_ip.py:3869] yellow : variance --> out of range (variance = 478.175 / upper = 0.650 / lower = 0.000)
[20181229_084929 / lib_ip.py:3753] file = img.20181229_084926.2018-12-29_01-37-27_000.png.3.png / val_Average = 100.5575	val_Variance = 478.1748	sd = 21.8672	max = 178	min = 87
[20181229_084929 / lib_ip.py:3936] len(Hs) = 8100, len(Ss) = 8100, len(Vs) = 8100
[20181229_084929 / lib_ip.py:3982] red : variance --> out of range (variance = 478.175 / upper = 0.430 / lower = 0.000)
[20181229_084930 / lib_ip.py:3753] file = img.20181229_084926.2018-12-29_01-37-27_000.png.3.png / val_Average = 100.5575	val_Variance = 478.1748	sd = 21.8672	max = 178	min = 87
[20181229_084930 / lib_ip.py:4052] len(Hs) = 8100, len(Ss) = 8100, len(Vs) = 8100
[20181229_084930 / lib_ip.py:4099] green : variance --> out of range (variance = 478.175 / upper = 0.760 / lower = 0.000)
[20181229_084930 / lib_ip.py:3753] file = img.20181229_084926.2018-12-29_01-37-27_000.png.3.png / val_Average = 100.5575	val_Variance = 478.1748	sd = 21.8672	max = 178	min = 87
[20181229_084930 / lib_ip.py:4169] len(Hs) = 8100, len(Ss) = 8100, len(Vs) = 8100
[20181229_084930 / lib_ip.py:4208] blue : variance --> out of range (variance = 478.175 / upper = 0.930 / lower = 0.010)
[20181229_084930 / lib_ip.py:3753] file = img.20181229_084926.2018-12-29_01-37-27_000.png.3.png / val_Average = 100.5575	val_Variance = 478.1748	sd = 21.8672	max = 178	min = 87
[20181229_084930 / lib_ip.py:4272] len(Hs) = 8100, len(Ss) = 8100, len(Vs) = 8100
[20181229_084930 / lib_ip.py:4316] black : variance --> out of range (variance = 478.175 / upper = 0.000 / lower = 0.000)
[20181229_084930 / lib_ip.py:4477] file : img.20181229_084926.2018-12-29_01-37-27_000.png.3.png 2 (black : variance --> out of range (variance = 478.175 / upper = 0.000 / lower = 0.000))
[20181229_084930 / lib_ip.py:2274] inspecting ===> img.20181229_084926.2018-12-29_01-37-27_000.png.4.png
[20181229_084930 / lib_ip.py:4399] 
img.20181229_084926.2018-12-29_01-37-27_000.png.4.png 3 ---------------------
[20181229_084930 / lib_ip.py:3753] file = img.20181229_084926.2018-12-29_01-37-27_000.png.4.png / val_Average = 72.2962	val_Variance = 6571.8993	sd = 81.0673	max = 178	min = 0
[20181229_084930 / lib_ip.py:3836] len(Hs) = 8100, len(Ss) = 8100, len(Vs) = 8100
[20181229_084931 / lib_ip.py:3869] yellow : variance --> out of range (variance = 6571.899 / upper = 0.650 / lower = 0.000)
[20181229_084931 / lib_ip.py:3753] file = img.20181229_084926.2018-12-29_01-37-27_000.png.4.png / val_Average = 72.2962	val_Variance = 6571.8993	sd = 81.0673	max = 178	min = 0
[20181229_084931 / lib_ip.py:3936] len(Hs) = 8100, len(Ss) = 8100, len(Vs) = 8100
[20181229_084931 / lib_ip.py:3982] red : variance --> out of range (variance = 6571.899 / upper = 0.430 / lower = 0.000)
[20181229_084931 / lib_ip.py:3753] file = img.20181229_084926.2018-12-29_01-37-27_000.png.4.png / val_Average = 72.2962	val_Variance = 6571.8993	sd = 81.0673	max = 178	min = 0
[20181229_084931 / lib_ip.py:4052] len(Hs) = 8100, len(Ss) = 8100, len(Vs) = 8100
[20181229_084931 / lib_ip.py:4099] green : variance --> out of range (variance = 6571.899 / upper = 0.760 / lower = 0.000)
[20181229_084931 / lib_ip.py:3753] file = img.20181229_084926.2018-12-29_01-37-27_000.png.4.png / val_Average = 72.2962	val_Variance = 6571.8993	sd = 81.0673	max = 178	min = 0
[20181229_084931 / lib_ip.py:4169] len(Hs) = 8100, len(Ss) = 8100, len(Vs) = 8100
[20181229_084931 / lib_ip.py:4208] blue : variance --> out of range (variance = 6571.899 / upper = 0.930 / lower = 0.010)
[20181229_084931 / lib_ip.py:3753] file = img.20181229_084926.2018-12-29_01-37-27_000.png.4.png / val_Average = 72.2962	val_Variance = 6571.8993	sd = 81.0673	max = 178	min = 0
[20181229_084931 / lib_ip.py:4272] len(Hs) = 8100, len(Ss) = 8100, len(Vs) = 8100
[20181229_084931 / lib_ip.py:4316] black : variance --> out of range (variance = 6571.899 / upper = 0.000 / lower = 0.000)
[20181229_084931 / lib_ip.py:4477] file : img.20181229_084926.2018-12-29_01-37-27_000.png.4.png 3 (black : variance --> out of range (variance = 6571.899 / upper = 0.000 / lower = 0.000))
[20181229_084930 / lib_ip.py:2274] inspecting ===> img.20181229_084926.2018-12-29_01-37-27_000.png.4.png
img.20181229_084926.2018-12-29_01-37-27_000.png.1.png => other
img.20181229_084926.2018-12-29_01-37-27_000.png.2.png => other
img.20181229_084926.2018-12-29_01-37-27_000.png.3.png => other
img.20181229_084926.2018-12-29_01-37-27_000.png.4.png => other
[20181229_084931 lib_ip.py:3301] =============== Get 4 corners
dpath_Images = C:\WORKS_2\WS\WS_Others.Art\JVEMV6\46_art\VIRTUAL\Admin_Projects\ip\images
fname_Image = img.20181229_084926.2018-12-29_01-37-27_000.png.4.png

[20181229_084932 / lib_ip.py:2274] inspecting ===> img.20181229_084932.2018-12-29_08-26-12_000.jpg.1.png
[20181229_084932 / lib_ip.py:4399] 
img.20181229_084932.2018-12-29_08-26-12_000.jpg.1.png 0 ---------------------
[20181229_084932 / lib_ip.py:3753] file = img.20181229_084932.2018-12-29_08-26-12_000.jpg.1.png / val_Average = 60.4247	val_Variance = 1015.5110	sd = 31.8671	max = 160	min = 0
[20181229_084932 / lib_ip.py:3836] len(Hs) = 8100, len(Ss) = 8100, len(Vs) = 8100
[20181229_084932 / lib_ip.py:3869] yellow : variance --> out of range (variance = 1015.511 / upper = 0.650 / lower = 0.000)
[20181229_084932 / lib_ip.py:3753] file = img.20181229_084932.2018-12-29_08-26-12_000.jpg.1.png / val_Average = 60.4247	val_Variance = 1015.5110	sd = 31.8671	max = 160	min = 0
[20181229_084932 / lib_ip.py:3936] len(Hs) = 8100, len(Ss) = 8100, len(Vs) = 8100
[20181229_084932 / lib_ip.py:3982] red : variance --> out of range (variance = 1015.511 / upper = 0.430 / lower = 0.000)
[20181229_084932 / lib_ip.py:3753] file = img.20181229_084932.2018-12-29_08-26-12_000.jpg.1.png / val_Average = 60.4247	val_Variance = 1015.5110	sd = 31.8671	max = 160	min = 0
[20181229_084932 / lib_ip.py:4052] len(Hs) = 8100, len(Ss) = 8100, len(Vs) = 8100
[20181229_084932 / lib_ip.py:4099] green : variance --> out of range (variance = 1015.511 / upper = 0.760 / lower = 0.000)
[20181229_084932 / lib_ip.py:3753] file = img.20181229_084932.2018-12-29_08-26-12_000.jpg.1.png / val_Average = 60.4247	val_Variance = 1015.5110	sd = 31.8671	max = 160	min = 0
[20181229_084933 / lib_ip.py:4169] len(Hs) = 8100, len(Ss) = 8100, len(Vs) = 8100
[20181229_084933 / lib_ip.py:4208] blue : variance --> out of range (variance = 1015.511 / upper = 0.930 / lower = 0.010)
[20181229_084933 / lib_ip.py:3753] file = img.20181229_084932.2018-12-29_08-26-12_000.jpg.1.png / val_Average = 60.4247	val_Variance = 1015.5110	sd = 31.8671	max = 160	min = 0
[20181229_084933 / lib_ip.py:4272] len(Hs) = 8100, len(Ss) = 8100, len(Vs) = 8100
[20181229_084933 / lib_ip.py:4316] black : variance --> out of range (variance = 1015.511 / upper = 0.000 / lower = 0.000)
[20181229_084933 / lib_ip.py:4477] file : img.20181229_084932.2018-12-29_08-26-12_000.jpg.1.png 0 (black : variance --> out of range (variance = 1015.511 / upper = 0.000 / lower = 0.000))
[20181229_084933 / lib_ip.py:2274] inspecting ===> img.20181229_084932.2018-12-29_08-26-12_000.jpg.2.png
[20181229_084933 / lib_ip.py:4399] 
img.20181229_084932.2018-12-29_08-26-12_000.jpg.2.png 1 ---------------------
[20181229_084933 / lib_ip.py:3753] file = img.20181229_084932.2018-12-29_08-26-12_000.jpg.2.png / val_Average = 72.9358	val_Variance = 0.3203	sd = 0.5660	max = 74	min = 71
[20181229_084933 / lib_ip.py:3836] len(Hs) = 8100, len(Ss) = 8100, len(Vs) = 8100
[20181229_084933 / lib_ip.py:3891] yellow : average --> out of range (average = 72.936 / upper = 99.200 / lower = 85.500)
[20181229_084933 / lib_ip.py:3753] file = img.20181229_084932.2018-12-29_08-26-12_000.jpg.2.png / val_Average = 72.9358	val_Variance = 0.3203	sd = 0.5660	max = 74	min = 71
[20181229_084933 / lib_ip.py:3936] len(Hs) = 8100, len(Ss) = 8100, len(Vs) = 8100
[20181229_084933 / lib_ip.py:4007] red : average --> out of range (average = 72.936 / upper = 124.000 / lower = 115.000)
[20181229_084934 / lib_ip.py:3753] file = img.20181229_084932.2018-12-29_08-26-12_000.jpg.2.png / val_Average = 72.9358	val_Variance = 0.3203	sd = 0.5660	max = 74	min = 71
[20181229_084934 / lib_ip.py:4052] len(Hs) = 8100, len(Ss) = 8100, len(Vs) = 8100
[20181229_084934 / lib_ip.py:2274] inspecting ===> img.20181229_084932.2018-12-29_08-26-12_000.jpg.3.png
[20181229_084934 / lib_ip.py:4399] 
img.20181229_084932.2018-12-29_08-26-12_000.jpg.3.png 2 ---------------------
[20181229_084934 / lib_ip.py:3753] file = img.20181229_084932.2018-12-29_08-26-12_000.jpg.3.png / val_Average = 58.4317	val_Variance = 4352.7135	sd = 65.9751	max = 178	min = 0
[20181229_084934 / lib_ip.py:3836] len(Hs) = 8100, len(Ss) = 8100, len(Vs) = 8100
[20181229_084934 / lib_ip.py:3869] yellow : variance --> out of range (variance = 4352.713 / upper = 0.650 / lower = 0.000)
[20181229_084934 / lib_ip.py:3753] file = img.20181229_084932.2018-12-29_08-26-12_000.jpg.3.png / val_Average = 58.4317	val_Variance = 4352.7135	sd = 65.9751	max = 178	min = 0
[20181229_084934 / lib_ip.py:3936] len(Hs) = 8100, len(Ss) = 8100, len(Vs) = 8100
[20181229_084934 / lib_ip.py:3982] red : variance --> out of range (variance = 4352.713 / upper = 0.430 / lower = 0.000)
[20181229_084934 / lib_ip.py:3753] file = img.20181229_084932.2018-12-29_08-26-12_000.jpg.3.png / val_Average = 58.4317	val_Variance = 4352.7135	sd = 65.9751	max = 178	min = 0
[20181229_084934 / lib_ip.py:4052] len(Hs) = 8100, len(Ss) = 8100, len(Vs) = 8100
[20181229_084934 / lib_ip.py:4099] green : variance --> out of range (variance = 4352.713 / upper = 0.760 / lower = 0.000)
[20181229_084935 / lib_ip.py:3753] file = img.20181229_084932.2018-12-29_08-26-12_000.jpg.3.png / val_Average = 58.4317	val_Variance = 4352.7135	sd = 65.9751	max = 178	min = 0
[20181229_084935 / lib_ip.py:4169] len(Hs) = 8100, len(Ss) = 8100, len(Vs) = 8100
[20181229_084935 / lib_ip.py:4208] blue : variance --> out of range (variance = 4352.713 / upper = 0.930 / lower = 0.010)
[20181229_084935 / lib_ip.py:3753] file = img.20181229_084932.2018-12-29_08-26-12_000.jpg.3.png / val_Average = 58.4317	val_Variance = 4352.7135	sd = 65.9751	max = 178	min = 0
[20181229_084935 / lib_ip.py:4272] len(Hs) = 8100, len(Ss) = 8100, len(Vs) = 8100
[20181229_084935 / lib_ip.py:4316] black : variance --> out of range (variance = 4352.713 / upper = 0.000 / lower = 0.000)
[20181229_084935 / lib_ip.py:4477] file : img.20181229_084932.2018-12-29_08-26-12_000.jpg.3.png 2 (black : variance --> out of range (variance = 4352.713 / upper = 0.000 / lower = 0.000))
[20181229_084935 / lib_ip.py:2274] inspecting ===> img.20181229_084932.2018-12-29_08-26-12_000.jpg.4.png
[20181229_084935 / lib_ip.py:4399] 
img.20181229_084932.2018-12-29_08-26-12_000.jpg.4.png 3 ---------------------
[20181229_084935 / lib_ip.py:3753] file = img.20181229_084932.2018-12-29_08-26-12_000.jpg.4.png / val_Average = 72.0001	val_Variance = 0.0446	sd = 0.2111	max = 73	min = 71
[20181229_084935 / lib_ip.py:3836] len(Hs) = 8100, len(Ss) = 8100, len(Vs) = 8100
[20181229_084935 / lib_ip.py:3891] yellow : average --> out of range (average = 72.000 / upper = 99.200 / lower = 85.500)
[20181229_084935 / lib_ip.py:3753] file = img.20181229_084932.2018-12-29_08-26-12_000.jpg.4.png / val_Average = 72.0001	val_Variance = 0.0446	sd = 0.2111	max = 73	min = 71
[20181229_084935 / lib_ip.py:3936] len(Hs) = 8100, len(Ss) = 8100, len(Vs) = 8100
[20181229_084935 / lib_ip.py:4007] red : average --> out of range (average = 72.000 / upper = 124.000 / lower = 115.000)
[20181229_084935 / lib_ip.py:3753] file = img.20181229_084932.2018-12-29_08-26-12_000.jpg.4.png / val_Average = 72.0001	val_Variance = 0.0446	sd = 0.2111	max = 73	min = 71
[20181229_084935 / lib_ip.py:4052] len(Hs) = 8100, len(Ss) = 8100, len(Vs) = 8100
[20181229_084935 / lib_ip.py:2274] inspecting ===> img.20181229_084932.2018-12-29_08-26-12_000.jpg.4.png
img.20181229_084932.2018-12-29_08-26-12_000.jpg.1.png => other
img.20181229_084932.2018-12-29_08-26-12_000.jpg.2.png => other
img.20181229_084932.2018-12-29_08-26-12_000.jpg.3.png => other
img.20181229_084932.2018-12-29_08-26-12_000.jpg.4.png => other
[20181229_084936 lib_ip.py:3301] =============== Get 4 corners
dpath_Images = C:\WORKS_2\WS\WS_Others.Art\JVEMV6\46_art\VIRTUAL\Admin_Projects\ip\images
fname_Image = img.20181229_084932.2018-12-29_08-26-12_000.jpg.4.png

[20181229_084936 / lib_ip.py:2274] inspecting ===> img.20181229_084936.2018-12-29_08-27-23_000.jpg.1.png
[20181229_084936 / lib_ip.py:4399] 
img.20181229_084936.2018-12-29_08-27-23_000.jpg.1.png 0 ---------------------
[20181229_084937 / lib_ip.py:3753] file = img.20181229_084936.2018-12-29_08-27-23_000.jpg.1.png / val_Average = 104.6053	val_Variance = 3.4167	sd = 1.8484	max = 109	min = 98
[20181229_084937 / lib_ip.py:3836] len(Hs) = 8100, len(Ss) = 8100, len(Vs) = 8100
[20181229_084937 / lib_ip.py:3869] yellow : variance --> out of range (variance = 3.417 / upper = 0.650 / lower = 0.000)
[20181229_084937 / lib_ip.py:3753] file = img.20181229_084936.2018-12-29_08-27-23_000.jpg.1.png / val_Average = 104.6053	val_Variance = 3.4167	sd = 1.8484	max = 109	min = 98
[20181229_084937 / lib_ip.py:3936] len(Hs) = 8100, len(Ss) = 8100, len(Vs) = 8100
[20181229_084937 / lib_ip.py:3982] red : variance --> out of range (variance = 3.417 / upper = 0.430 / lower = 0.000)
[20181229_084937 / lib_ip.py:3753] file = img.20181229_084936.2018-12-29_08-27-23_000.jpg.1.png / val_Average = 104.6053	val_Variance = 3.4167	sd = 1.8484	max = 109	min = 98
[20181229_084937 / lib_ip.py:4052] len(Hs) = 8100, len(Ss) = 8100, len(Vs) = 8100
[20181229_084937 / lib_ip.py:4099] green : variance --> out of range (variance = 3.417 / upper = 0.760 / lower = 0.000)
[20181229_084937 / lib_ip.py:3753] file = img.20181229_084936.2018-12-29_08-27-23_000.jpg.1.png / val_Average = 104.6053	val_Variance = 3.4167	sd = 1.8484	max = 109	min = 98
[20181229_084937 / lib_ip.py:4169] len(Hs) = 8100, len(Ss) = 8100, len(Vs) = 8100
[20181229_084937 / lib_ip.py:4208] blue : variance --> out of range (variance = 3.417 / upper = 0.930 / lower = 0.010)
[20181229_084937 / lib_ip.py:3753] file = img.20181229_084936.2018-12-29_08-27-23_000.jpg.1.png / val_Average = 104.6053	val_Variance = 3.4167	sd = 1.8484	max = 109	min = 98
[20181229_084937 / lib_ip.py:4272] len(Hs) = 8100, len(Ss) = 8100, len(Vs) = 8100
[20181229_084937 / lib_ip.py:4316] black : variance --> out of range (variance = 3.417 / upper = 0.000 / lower = 0.000)
[20181229_084937 / lib_ip.py:4477] file : img.20181229_084936.2018-12-29_08-27-23_000.jpg.1.png 0 (black : variance --> out of range (variance = 3.417 / upper = 0.000 / lower = 0.000))
[20181229_084937 / lib_ip.py:2274] inspecting ===> img.20181229_084936.2018-12-29_08-27-23_000.jpg.2.png
[20181229_084938 / lib_ip.py:4399] 
img.20181229_084936.2018-12-29_08-27-23_000.jpg.2.png 1 ---------------------
[20181229_084938 / lib_ip.py:3753] file = img.20181229_084936.2018-12-29_08-27-23_000.jpg.2.png / val_Average = 73.8599	val_Variance = 0.1395	sd = 0.3735	max = 75	min = 73
[20181229_084938 / lib_ip.py:3836] len(Hs) = 8100, len(Ss) = 8100, len(Vs) = 8100
[20181229_084938 / lib_ip.py:3891] yellow : average --> out of range (average = 73.860 / upper = 99.200 / lower = 85.500)
[20181229_084938 / lib_ip.py:3753] file = img.20181229_084936.2018-12-29_08-27-23_000.jpg.2.png / val_Average = 73.8599	val_Variance = 0.1395	sd = 0.3735	max = 75	min = 73
[20181229_084938 / lib_ip.py:3936] len(Hs) = 8100, len(Ss) = 8100, len(Vs) = 8100
[20181229_084938 / lib_ip.py:4007] red : average --> out of range (average = 73.860 / upper = 124.000 / lower = 115.000)
[20181229_084938 / lib_ip.py:3753] file = img.20181229_084936.2018-12-29_08-27-23_000.jpg.2.png / val_Average = 73.8599	val_Variance = 0.1395	sd = 0.3735	max = 75	min = 73
[20181229_084938 / lib_ip.py:4052] len(Hs) = 8100, len(Ss) = 8100, len(Vs) = 8100
[20181229_084938 / lib_ip.py:2274] inspecting ===> img.20181229_084936.2018-12-29_08-27-23_000.jpg.3.png
[20181229_084938 / lib_ip.py:4399] 
img.20181229_084936.2018-12-29_08-27-23_000.jpg.3.png 2 ---------------------
[20181229_084939 / lib_ip.py:3753] file = img.20181229_084936.2018-12-29_08-27-23_000.jpg.3.png / val_Average = 37.7038	val_Variance = 2977.2435	sd = 54.5641	max = 174	min = 0
[20181229_084939 / lib_ip.py:3836] len(Hs) = 8100, len(Ss) = 8100, len(Vs) = 8100
[20181229_084939 / lib_ip.py:3869] yellow : variance --> out of range (variance = 2977.244 / upper = 0.650 / lower = 0.000)
[20181229_084939 / lib_ip.py:3753] file = img.20181229_084936.2018-12-29_08-27-23_000.jpg.3.png / val_Average = 37.7038	val_Variance = 2977.2435	sd = 54.5641	max = 174	min = 0
[20181229_084939 / lib_ip.py:3936] len(Hs) = 8100, len(Ss) = 8100, len(Vs) = 8100
[20181229_084939 / lib_ip.py:3982] red : variance --> out of range (variance = 2977.244 / upper = 0.430 / lower = 0.000)
[20181229_084939 / lib_ip.py:3753] file = img.20181229_084936.2018-12-29_08-27-23_000.jpg.3.png / val_Average = 37.7038	val_Variance = 2977.2435	sd = 54.5641	max = 174	min = 0
[20181229_084939 / lib_ip.py:4052] len(Hs) = 8100, len(Ss) = 8100, len(Vs) = 8100
[20181229_084939 / lib_ip.py:4099] green : variance --> out of range (variance = 2977.244 / upper = 0.760 / lower = 0.000)
[20181229_084939 / lib_ip.py:3753] file = img.20181229_084936.2018-12-29_08-27-23_000.jpg.3.png / val_Average = 37.7038	val_Variance = 2977.2435	sd = 54.5641	max = 174	min = 0
[20181229_084939 / lib_ip.py:4169] len(Hs) = 8100, len(Ss) = 8100, len(Vs) = 8100
[20181229_084939 / lib_ip.py:4208] blue : variance --> out of range (variance = 2977.244 / upper = 0.930 / lower = 0.010)
[20181229_084939 / lib_ip.py:3753] file = img.20181229_084936.2018-12-29_08-27-23_000.jpg.3.png / val_Average = 37.7038	val_Variance = 2977.2435	sd = 54.5641	max = 174	min = 0
[20181229_084939 / lib_ip.py:4272] len(Hs) = 8100, len(Ss) = 8100, len(Vs) = 8100
[20181229_084939 / lib_ip.py:4316] black : variance --> out of range (variance = 2977.244 / upper = 0.000 / lower = 0.000)
[20181229_084939 / lib_ip.py:4477] file : img.20181229_084936.2018-12-29_08-27-23_000.jpg.3.png 2 (black : variance --> out of range (variance = 2977.244 / upper = 0.000 / lower = 0.000))
[20181229_084939 / lib_ip.py:2274] inspecting ===> img.20181229_084936.2018-12-29_08-27-23_000.jpg.4.png
[20181229_084939 / lib_ip.py:4399] 
img.20181229_084936.2018-12-29_08-27-23_000.jpg.4.png 3 ---------------------
[20181229_084940 / lib_ip.py:3753] file = img.20181229_084936.2018-12-29_08-27-23_000.jpg.4.png / val_Average = 122.3106	val_Variance = 0.2141	sd = 0.4627	max = 123	min = 122
[20181229_084940 / lib_ip.py:3836] len(Hs) = 8100, len(Ss) = 8100, len(Vs) = 8100
[20181229_084940 / lib_ip.py:3891] yellow : average --> out of range (average = 122.311 / upper = 99.200 / lower = 85.500)
[20181229_084940 / lib_ip.py:3753] file = img.20181229_084936.2018-12-29_08-27-23_000.jpg.4.png / val_Average = 122.3106	val_Variance = 0.2141	sd = 0.4627	max = 123	min = 122
[20181229_084940 / lib_ip.py:3936] len(Hs) = 8100, len(Ss) = 8100, len(Vs) = 8100
[20181229_084939 / lib_ip.py:2274] inspecting ===> img.20181229_084936.2018-12-29_08-27-23_000.jpg.4.png
img.20181229_084936.2018-12-29_08-27-23_000.jpg.1.png => other
img.20181229_084936.2018-12-29_08-27-23_000.jpg.2.png => other
img.20181229_084936.2018-12-29_08-27-23_000.jpg.3.png => other
img.20181229_084936.2018-12-29_08-27-23_000.jpg.4.png => other
[20181229_084940 lib_ip.py:3301] =============== Get 4 corners
dpath_Images = C:\WORKS_2\WS\WS_Others.Art\JVEMV6\46_art\VIRTUAL\Admin_Projects\ip\images
fname_Image = img.20181229_084936.2018-12-29_08-27-23_000.jpg.4.png

[20181229_084940 / lib_ip.py:2274] inspecting ===> img.20181229_084940.2018-12-29_08-28-11_000.jpg.1.png
[20181229_084941 / lib_ip.py:4399] 
img.20181229_084940.2018-12-29_08-28-11_000.jpg.1.png 0 ---------------------
[20181229_084941 / lib_ip.py:3753] file = img.20181229_084940.2018-12-29_08-28-11_000.jpg.1.png / val_Average = 99.5486	val_Variance = 3.8385	sd = 1.9592	max = 107	min = 90
[20181229_084941 / lib_ip.py:3836] len(Hs) = 8100, len(Ss) = 8100, len(Vs) = 8100
[20181229_084941 / lib_ip.py:3869] yellow : variance --> out of range (variance = 3.838 / upper = 0.650 / lower = 0.000)
[20181229_084941 / lib_ip.py:3753] file = img.20181229_084940.2018-12-29_08-28-11_000.jpg.1.png / val_Average = 99.5486	val_Variance = 3.8385	sd = 1.9592	max = 107	min = 90
[20181229_084941 / lib_ip.py:3936] len(Hs) = 8100, len(Ss) = 8100, len(Vs) = 8100
[20181229_084941 / lib_ip.py:3982] red : variance --> out of range (variance = 3.838 / upper = 0.430 / lower = 0.000)
[20181229_084941 / lib_ip.py:3753] file = img.20181229_084940.2018-12-29_08-28-11_000.jpg.1.png / val_Average = 99.5486	val_Variance = 3.8385	sd = 1.9592	max = 107	min = 90
[20181229_084941 / lib_ip.py:4052] len(Hs) = 8100, len(Ss) = 8100, len(Vs) = 8100
[20181229_084941 / lib_ip.py:4099] green : variance --> out of range (variance = 3.838 / upper = 0.760 / lower = 0.000)
[20181229_084941 / lib_ip.py:3753] file = img.20181229_084940.2018-12-29_08-28-11_000.jpg.1.png / val_Average = 99.5486	val_Variance = 3.8385	sd = 1.9592	max = 107	min = 90
[20181229_084941 / lib_ip.py:4169] len(Hs) = 8100, len(Ss) = 8100, len(Vs) = 8100
[20181229_084941 / lib_ip.py:4208] blue : variance --> out of range (variance = 3.838 / upper = 0.930 / lower = 0.010)
[20181229_084942 / lib_ip.py:3753] file = img.20181229_084940.2018-12-29_08-28-11_000.jpg.1.png / val_Average = 99.5486	val_Variance = 3.8385	sd = 1.9592	max = 107	min = 90
[20181229_084942 / lib_ip.py:4272] len(Hs) = 8100, len(Ss) = 8100, len(Vs) = 8100
[20181229_084942 / lib_ip.py:4316] black : variance --> out of range (variance = 3.838 / upper = 0.000 / lower = 0.000)
[20181229_084942 / lib_ip.py:4477] file : img.20181229_084940.2018-12-29_08-28-11_000.jpg.1.png 0 (black : variance --> out of range (variance = 3.838 / upper = 0.000 / lower = 0.000))
[20181229_084942 / lib_ip.py:2274] inspecting ===> img.20181229_084940.2018-12-29_08-28-11_000.jpg.2.png
[20181229_084942 / lib_ip.py:4399] 
img.20181229_084940.2018-12-29_08-28-11_000.jpg.2.png 1 ---------------------
[20181229_084942 / lib_ip.py:3753] file = img.20181229_084940.2018-12-29_08-28-11_000.jpg.2.png / val_Average = 15.1525	val_Variance = 0.1396	sd = 0.3736	max = 16	min = 14
[20181229_084942 / lib_ip.py:3836] len(Hs) = 8100, len(Ss) = 8100, len(Vs) = 8100
[20181229_084942 / lib_ip.py:3891] yellow : average --> out of range (average = 15.152 / upper = 99.200 / lower = 85.500)
[20181229_084942 / lib_ip.py:3753] file = img.20181229_084940.2018-12-29_08-28-11_000.jpg.2.png / val_Average = 15.1525	val_Variance = 0.1396	sd = 0.3736	max = 16	min = 14
[20181229_084942 / lib_ip.py:3936] len(Hs) = 8100, len(Ss) = 8100, len(Vs) = 8100
[20181229_084942 / lib_ip.py:4007] red : average --> out of range (average = 15.152 / upper = 124.000 / lower = 115.000)
[20181229_084942 / lib_ip.py:3753] file = img.20181229_084940.2018-12-29_08-28-11_000.jpg.2.png / val_Average = 15.1525	val_Variance = 0.1396	sd = 0.3736	max = 16	min = 14
[20181229_084942 / lib_ip.py:4052] len(Hs) = 8100, len(Ss) = 8100, len(Vs) = 8100
[20181229_084942 / lib_ip.py:4124] green : average --> out of range (average = 15.152 / upper = 83.000 / lower = 58.000)
[20181229_084943 / lib_ip.py:3753] file = img.20181229_084940.2018-12-29_08-28-11_000.jpg.2.png / val_Average = 15.1525	val_Variance = 0.1396	sd = 0.3736	max = 16	min = 14
[20181229_084943 / lib_ip.py:4169] len(Hs) = 8100, len(Ss) = 8100, len(Vs) = 8100
[20181229_084943 / lib_ip.py:2274] inspecting ===> img.20181229_084940.2018-12-29_08-28-11_000.jpg.3.png
[20181229_084943 / lib_ip.py:4399] 
img.20181229_084940.2018-12-29_08-28-11_000.jpg.3.png 2 ---------------------
[20181229_084943 / lib_ip.py:3753] file = img.20181229_084940.2018-12-29_08-28-11_000.jpg.3.png / val_Average = 55.3595	val_Variance = 2495.1522	sd = 49.9515	max = 160	min = 0
[20181229_084943 / lib_ip.py:3836] len(Hs) = 8100, len(Ss) = 8100, len(Vs) = 8100
[20181229_084943 / lib_ip.py:3869] yellow : variance --> out of range (variance = 2495.152 / upper = 0.650 / lower = 0.000)
[20181229_084943 / lib_ip.py:3753] file = img.20181229_084940.2018-12-29_08-28-11_000.jpg.3.png / val_Average = 55.3595	val_Variance = 2495.1522	sd = 49.9515	max = 160	min = 0
[20181229_084943 / lib_ip.py:3936] len(Hs) = 8100, len(Ss) = 8100, len(Vs) = 8100
[20181229_084943 / lib_ip.py:3982] red : variance --> out of range (variance = 2495.152 / upper = 0.430 / lower = 0.000)
[20181229_084943 / lib_ip.py:3753] file = img.20181229_084940.2018-12-29_08-28-11_000.jpg.3.png / val_Average = 55.3595	val_Variance = 2495.1522	sd = 49.9515	max = 160	min = 0
[20181229_084943 / lib_ip.py:4052] len(Hs) = 8100, len(Ss) = 8100, len(Vs) = 8100
[20181229_084943 / lib_ip.py:4099] green : variance --> out of range (variance = 2495.152 / upper = 0.760 / lower = 0.000)
[20181229_084943 / lib_ip.py:3753] file = img.20181229_084940.2018-12-29_08-28-11_000.jpg.3.png / val_Average = 55.3595	val_Variance = 2495.1522	sd = 49.9515	max = 160	min = 0
[20181229_084943 / lib_ip.py:4169] len(Hs) = 8100, len(Ss) = 8100, len(Vs) = 8100
[20181229_084943 / lib_ip.py:4208] blue : variance --> out of range (variance = 2495.152 / upper = 0.930 / lower = 0.010)
[20181229_084943 / lib_ip.py:3753] file = img.20181229_084940.2018-12-29_08-28-11_000.jpg.3.png / val_Average = 55.3595	val_Variance = 2495.1522	sd = 49.9515	max = 160	min = 0
[20181229_084943 / lib_ip.py:4272] len(Hs) = 8100, len(Ss) = 8100, len(Vs) = 8100
[20181229_084943 / lib_ip.py:4316] black : variance --> out of range (variance = 2495.152 / upper = 0.000 / lower = 0.000)
[20181229_084944 / lib_ip.py:4477] file : img.20181229_084940.2018-12-29_08-28-11_000.jpg.3.png 2 (black : variance --> out of range (variance = 2495.152 / upper = 0.000 / lower = 0.000))
[20181229_084944 / lib_ip.py:2274] inspecting ===> img.20181229_084940.2018-12-29_08-28-11_000.jpg.4.png
[20181229_084944 / lib_ip.py:4399] 
img.20181229_084940.2018-12-29_08-28-11_000.jpg.4.png 3 ---------------------
[20181229_084944 / lib_ip.py:3753] file = img.20181229_084940.2018-12-29_08-28-11_000.jpg.4.png / val_Average = 122.5023	val_Variance = 0.2500	sd = 0.5000	max = 123	min = 122
[20181229_084944 / lib_ip.py:3836] len(Hs) = 8100, len(Ss) = 8100, len(Vs) = 8100
[20181229_084944 / lib_ip.py:3891] yellow : average --> out of range (average = 122.502 / upper = 99.200 / lower = 85.500)
[20181229_084944 / lib_ip.py:3753] file = img.20181229_084940.2018-12-29_08-28-11_000.jpg.4.png / val_Average = 122.5023	val_Variance = 0.2500	sd = 0.5000	max = 123	min = 122
[20181229_084944 / lib_ip.py:3936] len(Hs) = 8100, len(Ss) = 8100, len(Vs) = 8100
[20181229_084944 / lib_ip.py:2274] inspecting ===> img.20181229_084940.2018-12-29_08-28-11_000.jpg.4.png
img.20181229_084940.2018-12-29_08-28-11_000.jpg.1.png => other
img.20181229_084940.2018-12-29_08-28-11_000.jpg.2.png => other
img.20181229_084940.2018-12-29_08-28-11_000.jpg.3.png => other
img.20181229_084940.2018-12-29_08-28-11_000.jpg.4.png => other
[20181229_084944 lib_ip.py:3301] =============== Get 4 corners
dpath_Images = C:\WORKS_2\WS\WS_Others.Art\JVEMV6\46_art\VIRTUAL\Admin_Projects\ip\images
fname_Image = img.20181229_084940.2018-12-29_08-28-11_000.jpg.4.png

[20181229_084945 / lib_ip.py:2274] inspecting ===> img.20181229_084945.2018-12-29_08-28-54_000.jpg.1.png
[20181229_084945 / lib_ip.py:4399] 
img.20181229_084945.2018-12-29_08-28-54_000.jpg.1.png 0 ---------------------
[20181229_084945 / lib_ip.py:3753] file = img.20181229_084945.2018-12-29_08-28-54_000.jpg.1.png / val_Average = 100.2136	val_Variance = 8.6714	sd = 2.9447	max = 107	min = 85
[20181229_084945 / lib_ip.py:3836] len(Hs) = 8100, len(Ss) = 8100, len(Vs) = 8100
[20181229_084945 / lib_ip.py:3869] yellow : variance --> out of range (variance = 8.671 / upper = 0.650 / lower = 0.000)
[20181229_084946 / lib_ip.py:3753] file = img.20181229_084945.2018-12-29_08-28-54_000.jpg.1.png / val_Average = 100.2136	val_Variance = 8.6714	sd = 2.9447	max = 107	min = 85
[20181229_084946 / lib_ip.py:3936] len(Hs) = 8100, len(Ss) = 8100, len(Vs) = 8100
[20181229_084946 / lib_ip.py:3982] red : variance --> out of range (variance = 8.671 / upper = 0.430 / lower = 0.000)
[20181229_084946 / lib_ip.py:3753] file = img.20181229_084945.2018-12-29_08-28-54_000.jpg.1.png / val_Average = 100.2136	val_Variance = 8.6714	sd = 2.9447	max = 107	min = 85
[20181229_084946 / lib_ip.py:4052] len(Hs) = 8100, len(Ss) = 8100, len(Vs) = 8100
[20181229_084946 / lib_ip.py:4099] green : variance --> out of range (variance = 8.671 / upper = 0.760 / lower = 0.000)
[20181229_084946 / lib_ip.py:3753] file = img.20181229_084945.2018-12-29_08-28-54_000.jpg.1.png / val_Average = 100.2136	val_Variance = 8.6714	sd = 2.9447	max = 107	min = 85
[20181229_084946 / lib_ip.py:4169] len(Hs) = 8100, len(Ss) = 8100, len(Vs) = 8100
[20181229_084946 / lib_ip.py:4208] blue : variance --> out of range (variance = 8.671 / upper = 0.930 / lower = 0.010)
[20181229_084946 / lib_ip.py:3753] file = img.20181229_084945.2018-12-29_08-28-54_000.jpg.1.png / val_Average = 100.2136	val_Variance = 8.6714	sd = 2.9447	max = 107	min = 85
[20181229_084946 / lib_ip.py:4272] len(Hs) = 8100, len(Ss) = 8100, len(Vs) = 8100
[20181229_084946 / lib_ip.py:4316] black : variance --> out of range (variance = 8.671 / upper = 0.000 / lower = 0.000)
[20181229_084946 / lib_ip.py:4477] file : img.20181229_084945.2018-12-29_08-28-54_000.jpg.1.png 0 (black : variance --> out of range (variance = 8.671 / upper = 0.000 / lower = 0.000))
[20181229_084946 / lib_ip.py:2274] inspecting ===> img.20181229_084945.2018-12-29_08-28-54_000.jpg.2.png
[20181229_084946 / lib_ip.py:4399] 
img.20181229_084945.2018-12-29_08-28-54_000.jpg.2.png 1 ---------------------
[20181229_084947 / lib_ip.py:3753] file = img.20181229_084945.2018-12-29_08-28-54_000.jpg.2.png / val_Average = 104.3230	val_Variance = 14.6574	sd = 3.8285	max = 120	min = 90
[20181229_084947 / lib_ip.py:3836] len(Hs) = 8100, len(Ss) = 8100, len(Vs) = 8100
[20181229_084947 / lib_ip.py:3869] yellow : variance --> out of range (variance = 14.657 / upper = 0.650 / lower = 0.000)
[20181229_084947 / lib_ip.py:3753] file = img.20181229_084945.2018-12-29_08-28-54_000.jpg.2.png / val_Average = 104.3230	val_Variance = 14.6574	sd = 3.8285	max = 120	min = 90
[20181229_084947 / lib_ip.py:3936] len(Hs) = 8100, len(Ss) = 8100, len(Vs) = 8100
[20181229_084947 / lib_ip.py:3982] red : variance --> out of range (variance = 14.657 / upper = 0.430 / lower = 0.000)
[20181229_084947 / lib_ip.py:3753] file = img.20181229_084945.2018-12-29_08-28-54_000.jpg.2.png / val_Average = 104.3230	val_Variance = 14.6574	sd = 3.8285	max = 120	min = 90
[20181229_084947 / lib_ip.py:4052] len(Hs) = 8100, len(Ss) = 8100, len(Vs) = 8100
[20181229_084947 / lib_ip.py:4099] green : variance --> out of range (variance = 14.657 / upper = 0.760 / lower = 0.000)
[20181229_084947 / lib_ip.py:3753] file = img.20181229_084945.2018-12-29_08-28-54_000.jpg.2.png / val_Average = 104.3230	val_Variance = 14.6574	sd = 3.8285	max = 120	min = 90
[20181229_084947 / lib_ip.py:4169] len(Hs) = 8100, len(Ss) = 8100, len(Vs) = 8100
[20181229_084947 / lib_ip.py:4208] blue : variance --> out of range (variance = 14.657 / upper = 0.930 / lower = 0.010)
[20181229_084947 / lib_ip.py:3753] file = img.20181229_084945.2018-12-29_08-28-54_000.jpg.2.png / val_Average = 104.3230	val_Variance = 14.6574	sd = 3.8285	max = 120	min = 90
[20181229_084947 / lib_ip.py:4272] len(Hs) = 8100, len(Ss) = 8100, len(Vs) = 8100
[20181229_084947 / lib_ip.py:4316] black : variance --> out of range (variance = 14.657 / upper = 0.000 / lower = 0.000)
[20181229_084947 / lib_ip.py:4477] file : img.20181229_084945.2018-12-29_08-28-54_000.jpg.2.png 1 (black : variance --> out of range (variance = 14.657 / upper = 0.000 / lower = 0.000))
[20181229_084947 / lib_ip.py:2274] inspecting ===> img.20181229_084945.2018-12-29_08-28-54_000.jpg.3.png
[20181229_084947 / lib_ip.py:4399] 
img.20181229_084945.2018-12-29_08-28-54_000.jpg.3.png 2 ---------------------
[20181229_084947 / lib_ip.py:3753] file = img.20181229_084945.2018-12-29_08-28-54_000.jpg.3.png / val_Average = 103.6323	val_Variance = 22.2214	sd = 4.7140	max = 111	min = 90
[20181229_084948 / lib_ip.py:3836] len(Hs) = 8100, len(Ss) = 8100, len(Vs) = 8100
[20181229_084948 / lib_ip.py:3869] yellow : variance --> out of range (variance = 22.221 / upper = 0.650 / lower = 0.000)
[20181229_084948 / lib_ip.py:3753] file = img.20181229_084945.2018-12-29_08-28-54_000.jpg.3.png / val_Average = 103.6323	val_Variance = 22.2214	sd = 4.7140	max = 111	min = 90
[20181229_084948 / lib_ip.py:3936] len(Hs) = 8100, len(Ss) = 8100, len(Vs) = 8100
[20181229_084948 / lib_ip.py:3982] red : variance --> out of range (variance = 22.221 / upper = 0.430 / lower = 0.000)
[20181229_084948 / lib_ip.py:3753] file = img.20181229_084945.2018-12-29_08-28-54_000.jpg.3.png / val_Average = 103.6323	val_Variance = 22.2214	sd = 4.7140	max = 111	min = 90
[20181229_084948 / lib_ip.py:4052] len(Hs) = 8100, len(Ss) = 8100, len(Vs) = 8100
[20181229_084948 / lib_ip.py:4099] green : variance --> out of range (variance = 22.221 / upper = 0.760 / lower = 0.000)
[20181229_084948 / lib_ip.py:3753] file = img.20181229_084945.2018-12-29_08-28-54_000.jpg.3.png / val_Average = 103.6323	val_Variance = 22.2214	sd = 4.7140	max = 111	min = 90
[20181229_084948 / lib_ip.py:4169] len(Hs) = 8100, len(Ss) = 8100, len(Vs) = 8100
[20181229_084948 / lib_ip.py:4208] blue : variance --> out of range (variance = 22.221 / upper = 0.930 / lower = 0.010)
[20181229_084948 / lib_ip.py:3753] file = img.20181229_084945.2018-12-29_08-28-54_000.jpg.3.png / val_Average = 103.6323	val_Variance = 22.2214	sd = 4.7140	max = 111	min = 90
[20181229_084948 / lib_ip.py:4272] len(Hs) = 8100, len(Ss) = 8100, len(Vs) = 8100
[20181229_084948 / lib_ip.py:4316] black : variance --> out of range (variance = 22.221 / upper = 0.000 / lower = 0.000)
[20181229_084948 / lib_ip.py:4477] file : img.20181229_084945.2018-12-29_08-28-54_000.jpg.3.png 2 (black : variance --> out of range (variance = 22.221 / upper = 0.000 / lower = 0.000))
[20181229_084948 / lib_ip.py:2274] inspecting ===> img.20181229_084945.2018-12-29_08-28-54_000.jpg.4.png
[20181229_084949 / lib_ip.py:4399] 
img.20181229_084945.2018-12-29_08-28-54_000.jpg.4.png 3 ---------------------
[20181229_084949 / lib_ip.py:3753] file = img.20181229_084945.2018-12-29_08-28-54_000.jpg.4.png / val_Average = 13.9974	val_Variance = 0.1369	sd = 0.3700	max = 15	min = 13
[20181229_084949 / lib_ip.py:3836] len(Hs) = 8100, len(Ss) = 8100, len(Vs) = 8100
[20181229_084949 / lib_ip.py:3891] yellow : average --> out of range (average = 13.997 / upper = 99.200 / lower = 85.500)
[20181229_084949 / lib_ip.py:3753] file = img.20181229_084945.2018-12-29_08-28-54_000.jpg.4.png / val_Average = 13.9974	val_Variance = 0.1369	sd = 0.3700	max = 15	min = 13
[20181229_084949 / lib_ip.py:3936] len(Hs) = 8100, len(Ss) = 8100, len(Vs) = 8100
[20181229_084949 / lib_ip.py:4007] red : average --> out of range (average = 13.997 / upper = 124.000 / lower = 115.000)
[20181229_084949 / lib_ip.py:3753] file = img.20181229_084945.2018-12-29_08-28-54_000.jpg.4.png / val_Average = 13.9974	val_Variance = 0.1369	sd = 0.3700	max = 15	min = 13
[20181229_084949 / lib_ip.py:4052] len(Hs) = 8100, len(Ss) = 8100, len(Vs) = 8100
[20181229_084949 / lib_ip.py:4124] green : average --> out of range (average = 13.997 / upper = 83.000 / lower = 58.000)
[20181229_084949 / lib_ip.py:3753] file = img.20181229_084945.2018-12-29_08-28-54_000.jpg.4.png / val_Average = 13.9974	val_Variance = 0.1369	sd = 0.3700	max = 15	min = 13
[20181229_084949 / lib_ip.py:4169] len(Hs) = 8100, len(Ss) = 8100, len(Vs) = 8100
[20181229_084948 / lib_ip.py:2274] inspecting ===> img.20181229_084945.2018-12-29_08-28-54_000.jpg.4.png
img.20181229_084945.2018-12-29_08-28-54_000.jpg.1.png => other
img.20181229_084945.2018-12-29_08-28-54_000.jpg.2.png => other
img.20181229_084945.2018-12-29_08-28-54_000.jpg.3.png => other
img.20181229_084945.2018-12-29_08-28-54_000.jpg.4.png => other
[20181229_084949 lib_ip.py:3301] =============== Get 4 corners
dpath_Images = C:\WORKS_2\WS\WS_Others.Art\JVEMV6\46_art\VIRTUAL\Admin_Projects\ip\images
fname_Image = img.20181229_084945.2018-12-29_08-28-54_000.jpg.4.png

[20181229_084949 / views.py:1411] gen csv => complete (20181229_084949)(elapsed = 55.226 sec / 11 files / 5.021 sec per file)
1)	2018-12-28_12-53-53_000.jpg => 	yellow other red other 
2)	2018-12-28_13-05-42_000.png => 	black black black black 
3)	2018-12-28_13-37-46_000.png => 	black black black black 
4)	2018-12-28_13-38-07_000.png => 	black black black black 
5)	2018-12-28_13-55-13_000.jpg => 	yellow other red other 
6)	2018-12-29_01-06-28_000.jpg => 	other other other other 
7)	2018-12-29_01-37-27_000.png => 	other other other other 
8)	2018-12-29_08-26-12_000.jpg => 	other green other green 
9)	2018-12-29_08-27-23_000.jpg => 	other green other red 
10)	2018-12-29_08-28-11_000.jpg => 	other blue other red 
11)	2018-12-29_08-28-54_000.jpg => 	other other other blue 
[20181229_084949 / views.py:1746] lo_ColorName_Set__Modified_2 =>
1)	2018-12-28_12-53-53_000.jpg => 	o o r y 
2)	2018-12-28_13-05-42_000.png => 	a a a a 
3)	2018-12-28_13-37-46_000.png => 	a a a a 
4)	2018-12-28_13-38-07_000.png => 	a a a a 
5)	2018-12-28_13-55-13_000.jpg => 	o o r y 
6)	2018-12-29_01-06-28_000.jpg => 	o o o o 
7)	2018-12-29_01-37-27_000.png => 	o o o o 
8)	2018-12-29_08-26-12_000.jpg => 	g g o o 
9)	2018-12-29_08-27-23_000.jpg => 	g o o r 
10)	2018-12-29_08-28-11_000.jpg => 	b o o r 
11)	2018-12-29_08-28-54_000.jpg => 	b o o o 
[20181229_084950 / lib_ip.py:4673] no key 'GPSInfo' for file : C:\WORKS_2\WS\WS_Others.Art\JVEMV6\46_art\VIRTUAL\Admin_Projects\ip\images\2018-12-28_13-05-42_000.png
[20181229_084950 / lib_ip.py:4673] no key 'GPSInfo' for file : C:\WORKS_2\WS\WS_Others.Art\JVEMV6\46_art\VIRTUAL\Admin_Projects\ip\images\2018-12-28_13-37-46_000.png
[20181229_084950 / lib_ip.py:4673] no key 'GPSInfo' for file : C:\WORKS_2\WS\WS_Others.Art\JVEMV6\46_art\VIRTUAL\Admin_Projects\ip\images\2018-12-28_13-38-07_000.png
[20181229_084950 / lib_ip.py:4673] no key 'GPSInfo' for file : C:\WORKS_2\WS\WS_Others.Art\JVEMV6\46_art\VIRTUAL\Admin_Projects\ip\images\2018-12-29_01-37-27_000.png
[20181229_084951 / views.py:1831] gen_Cake_CSV(request) ==> ending... =======================//

