[20181027_061730 / views.py:1877] gen_Cake_CSV(request) ==> starting... =======================
[20181027_061733 / lib_ip.py:2273] inspecting ===> img.20181027_061733.2018-10-26_09-12-40_000.jpg.1.png
[20181027_061733 / lib_ip.py:4330] 
img.20181027_061733.2018-10-26_09-12-40_000.jpg.1.png 0
[20181027_061734 / lib_ip.py:3794] file = img.20181027_061733.2018-10-26_09-12-40_000.jpg.1.png / val_Average = 172.0325	val_Variance = 5.4322	sd = 2.3307	max = 176	min = 156
[20181027_061734 / lib_ip.py:3877] len(Hs) = 8100, len(Ss) = 8100, len(Vs) = 8100
[20181027_061734 / lib_ip.py:3910] yellow : variance --> out of range (variance = 5.432 / upper = 0.650 / lower = 0.000)
[20181027_061734 / lib_ip.py:3794] file = img.20181027_061733.2018-10-26_09-12-40_000.jpg.1.png / val_Average = 172.0325	val_Variance = 5.4322	sd = 2.3307	max = 176	min = 156
[20181027_061734 / lib_ip.py:3977] len(Hs) = 8100, len(Ss) = 8100, len(Vs) = 8100
[20181027_061734 / lib_ip.py:4023] red : variance --> out of range (variance = 5.432 / upper = 0.430 / lower = 0.000)
[20181027_061734 / lib_ip.py:3794] file = img.20181027_061733.2018-10-26_09-12-40_000.jpg.1.png / val_Average = 172.0325	val_Variance = 5.4322	sd = 2.3307	max = 176	min = 156
[20181027_061734 / lib_ip.py:4090] len(Hs) = 8100, len(Ss) = 8100, len(Vs) = 8100
[20181027_061734 / lib_ip.py:4137] green : variance --> out of range (variance = 5.432 / upper = 0.750 / lower = 0.000)
[20181027_061734 / lib_ip.py:3794] file = img.20181027_061733.2018-10-26_09-12-40_000.jpg.1.png / val_Average = 172.0325	val_Variance = 5.4322	sd = 2.3307	max = 176	min = 156
[20181027_061734 / lib_ip.py:4204] len(Hs) = 8100, len(Ss) = 8100, len(Vs) = 8100
[20181027_061734 / lib_ip.py:4248] black : variance --> out of range (variance = 5.432 / upper = 0.000 / lower = 0.000)
[20181027_061734 / lib_ip.py:4398] file : img.20181027_061733.2018-10-26_09-12-40_000.jpg.1.png 0 (black : variance --> out of range (variance = 5.432 / upper = 0.000 / lower = 0.000))
[20181027_061734 / lib_ip.py:2273] inspecting ===> img.20181027_061733.2018-10-26_09-12-40_000.jpg.2.png
[20181027_061735 / lib_ip.py:4330] 
img.20181027_061733.2018-10-26_09-12-40_000.jpg.2.png 1
[20181027_061735 / lib_ip.py:3794] file = img.20181027_061733.2018-10-26_09-12-40_000.jpg.2.png / val_Average = 80.6557	val_Variance = 852.7811	sd = 29.2024	max = 160	min = 0
[20181027_061735 / lib_ip.py:3877] len(Hs) = 8100, len(Ss) = 8100, len(Vs) = 8100
[20181027_061735 / lib_ip.py:3910] yellow : variance --> out of range (variance = 852.781 / upper = 0.650 / lower = 0.000)
[20181027_061735 / lib_ip.py:3794] file = img.20181027_061733.2018-10-26_09-12-40_000.jpg.2.png / val_Average = 80.6557	val_Variance = 852.7811	sd = 29.2024	max = 160	min = 0
[20181027_061735 / lib_ip.py:3977] len(Hs) = 8100, len(Ss) = 8100, len(Vs) = 8100
[20181027_061735 / lib_ip.py:4023] red : variance --> out of range (variance = 852.781 / upper = 0.430 / lower = 0.000)
[20181027_061735 / lib_ip.py:3794] file = img.20181027_061733.2018-10-26_09-12-40_000.jpg.2.png / val_Average = 80.6557	val_Variance = 852.7811	sd = 29.2024	max = 160	min = 0
[20181027_061735 / lib_ip.py:4090] len(Hs) = 8100, len(Ss) = 8100, len(Vs) = 8100
[20181027_061735 / lib_ip.py:4137] green : variance --> out of range (variance = 852.781 / upper = 0.750 / lower = 0.000)
[20181027_061735 / lib_ip.py:3794] file = img.20181027_061733.2018-10-26_09-12-40_000.jpg.2.png / val_Average = 80.6557	val_Variance = 852.7811	sd = 29.2024	max = 160	min = 0
[20181027_061736 / lib_ip.py:4204] len(Hs) = 8100, len(Ss) = 8100, len(Vs) = 8100
[20181027_061736 / lib_ip.py:4248] black : variance --> out of range (variance = 852.781 / upper = 0.000 / lower = 0.000)
[20181027_061736 / lib_ip.py:4398] file : img.20181027_061733.2018-10-26_09-12-40_000.jpg.2.png 1 (black : variance --> out of range (variance = 852.781 / upper = 0.000 / lower = 0.000))
[20181027_061736 / lib_ip.py:2273] inspecting ===> img.20181027_061733.2018-10-26_09-12-40_000.jpg.3.png
[20181027_061736 / lib_ip.py:4330] 
img.20181027_061733.2018-10-26_09-12-40_000.jpg.3.png 2
[20181027_061737 / lib_ip.py:3794] file = img.20181027_061733.2018-10-26_09-12-40_000.jpg.3.png / val_Average = 74.8665	val_Variance = 0.1208	sd = 0.3476	max = 76	min = 74
[20181027_061737 / lib_ip.py:3877] len(Hs) = 8100, len(Ss) = 8100, len(Vs) = 8100
[20181027_061737 / lib_ip.py:3932] yellow : average --> out of range (average = 74.867 / upper = 99.200 / lower = 88.000)
[20181027_061737 / lib_ip.py:3794] file = img.20181027_061733.2018-10-26_09-12-40_000.jpg.3.png / val_Average = 74.8665	val_Variance = 0.1208	sd = 0.3476	max = 76	min = 74
[20181027_061737 / lib_ip.py:3977] len(Hs) = 8100, len(Ss) = 8100, len(Vs) = 8100
[20181027_061737 / lib_ip.py:4048] red : average --> out of range (average = 74.867 / upper = 124.000 / lower = 115.000)
[20181027_061737 / lib_ip.py:3794] file = img.20181027_061733.2018-10-26_09-12-40_000.jpg.3.png / val_Average = 74.8665	val_Variance = 0.1208	sd = 0.3476	max = 76	min = 74
[20181027_061737 / lib_ip.py:4090] len(Hs) = 8100, len(Ss) = 8100, len(Vs) = 8100
[20181027_061737 / lib_ip.py:2273] inspecting ===> img.20181027_061733.2018-10-26_09-12-40_000.jpg.4.png
[20181027_061738 / lib_ip.py:4330] 
img.20181027_061733.2018-10-26_09-12-40_000.jpg.4.png 3
[20181027_061738 / lib_ip.py:3794] file = img.20181027_061733.2018-10-26_09-12-40_000.jpg.4.png / val_Average = 75.8651	val_Variance = 0.1469	sd = 0.3832	max = 77	min = 75
[20181027_061738 / lib_ip.py:3877] len(Hs) = 8100, len(Ss) = 8100, len(Vs) = 8100
[20181027_061738 / lib_ip.py:3932] yellow : average --> out of range (average = 75.865 / upper = 99.200 / lower = 88.000)
[20181027_061738 / lib_ip.py:3794] file = img.20181027_061733.2018-10-26_09-12-40_000.jpg.4.png / val_Average = 75.8651	val_Variance = 0.1469	sd = 0.3832	max = 77	min = 75
[20181027_061738 / lib_ip.py:3977] len(Hs) = 8100, len(Ss) = 8100, len(Vs) = 8100
[20181027_061738 / lib_ip.py:4048] red : average --> out of range (average = 75.865 / upper = 124.000 / lower = 115.000)
[20181027_061738 / lib_ip.py:3794] file = img.20181027_061733.2018-10-26_09-12-40_000.jpg.4.png / val_Average = 75.8651	val_Variance = 0.1469	sd = 0.3832	max = 77	min = 75
[20181027_061738 / lib_ip.py:4090] len(Hs) = 8100, len(Ss) = 8100, len(Vs) = 8100
[20181027_061737 / lib_ip.py:2273] inspecting ===> img.20181027_061733.2018-10-26_09-12-40_000.jpg.4.png
img.20181027_061733.2018-10-26_09-12-40_000.jpg.1.png => other
img.20181027_061733.2018-10-26_09-12-40_000.jpg.2.png => other
img.20181027_061733.2018-10-26_09-12-40_000.jpg.3.png => other
img.20181027_061733.2018-10-26_09-12-40_000.jpg.4.png => other
[20181027_061738 lib_ip.py:3300] =============== Get 4 corners
dpath_Images = C:\WORKS_2\WS\WS_Others.Art\JVEMV6\46_art\VIRTUAL\Admin_Projects\ip\images
fname_Image = img.20181027_061733.2018-10-26_09-12-40_000.jpg.4.png

[20181027_061739 / lib_ip.py:2273] inspecting ===> img.20181027_061739.2018-10-26_10-11-37_000.jpg.1.png
[20181027_061739 / lib_ip.py:4330] 
img.20181027_061739.2018-10-26_10-11-37_000.jpg.1.png 0
[20181027_061740 / lib_ip.py:3794] file = img.20181027_061739.2018-10-26_10-11-37_000.jpg.1.png / val_Average = 105.0943	val_Variance = 8.2193	sd = 2.8669	max = 128	min = 90
[20181027_061740 / lib_ip.py:3877] len(Hs) = 8100, len(Ss) = 8100, len(Vs) = 8100
[20181027_061740 / lib_ip.py:3910] yellow : variance --> out of range (variance = 8.219 / upper = 0.650 / lower = 0.000)
[20181027_061740 / lib_ip.py:3794] file = img.20181027_061739.2018-10-26_10-11-37_000.jpg.1.png / val_Average = 105.0943	val_Variance = 8.2193	sd = 2.8669	max = 128	min = 90
[20181027_061740 / lib_ip.py:3977] len(Hs) = 8100, len(Ss) = 8100, len(Vs) = 8100
[20181027_061740 / lib_ip.py:4023] red : variance --> out of range (variance = 8.219 / upper = 0.430 / lower = 0.000)
[20181027_061740 / lib_ip.py:3794] file = img.20181027_061739.2018-10-26_10-11-37_000.jpg.1.png / val_Average = 105.0943	val_Variance = 8.2193	sd = 2.8669	max = 128	min = 90
[20181027_061740 / lib_ip.py:4090] len(Hs) = 8100, len(Ss) = 8100, len(Vs) = 8100
[20181027_061740 / lib_ip.py:4137] green : variance --> out of range (variance = 8.219 / upper = 0.750 / lower = 0.000)
[20181027_061740 / lib_ip.py:3794] file = img.20181027_061739.2018-10-26_10-11-37_000.jpg.1.png / val_Average = 105.0943	val_Variance = 8.2193	sd = 2.8669	max = 128	min = 90
[20181027_061740 / lib_ip.py:4204] len(Hs) = 8100, len(Ss) = 8100, len(Vs) = 8100
[20181027_061740 / lib_ip.py:4248] black : variance --> out of range (variance = 8.219 / upper = 0.000 / lower = 0.000)
[20181027_061740 / lib_ip.py:4398] file : img.20181027_061739.2018-10-26_10-11-37_000.jpg.1.png 0 (black : variance --> out of range (variance = 8.219 / upper = 0.000 / lower = 0.000))
[20181027_061740 / lib_ip.py:2273] inspecting ===> img.20181027_061739.2018-10-26_10-11-37_000.jpg.2.png
[20181027_061741 / lib_ip.py:4330] 
img.20181027_061739.2018-10-26_10-11-37_000.jpg.2.png 1
[20181027_061741 / lib_ip.py:3794] file = img.20181027_061739.2018-10-26_10-11-37_000.jpg.2.png / val_Average = 106.7443	val_Variance = 1.3264	sd = 1.1517	max = 111	min = 102
[20181027_061741 / lib_ip.py:3877] len(Hs) = 8100, len(Ss) = 8100, len(Vs) = 8100
[20181027_061741 / lib_ip.py:3910] yellow : variance --> out of range (variance = 1.326 / upper = 0.650 / lower = 0.000)
[20181027_061741 / lib_ip.py:3794] file = img.20181027_061739.2018-10-26_10-11-37_000.jpg.2.png / val_Average = 106.7443	val_Variance = 1.3264	sd = 1.1517	max = 111	min = 102
[20181027_061741 / lib_ip.py:3977] len(Hs) = 8100, len(Ss) = 8100, len(Vs) = 8100
[20181027_061741 / lib_ip.py:4023] red : variance --> out of range (variance = 1.326 / upper = 0.430 / lower = 0.000)
[20181027_061741 / lib_ip.py:3794] file = img.20181027_061739.2018-10-26_10-11-37_000.jpg.2.png / val_Average = 106.7443	val_Variance = 1.3264	sd = 1.1517	max = 111	min = 102
[20181027_061741 / lib_ip.py:4090] len(Hs) = 8100, len(Ss) = 8100, len(Vs) = 8100
[20181027_061741 / lib_ip.py:4137] green : variance --> out of range (variance = 1.326 / upper = 0.750 / lower = 0.000)
[20181027_061741 / lib_ip.py:3794] file = img.20181027_061739.2018-10-26_10-11-37_000.jpg.2.png / val_Average = 106.7443	val_Variance = 1.3264	sd = 1.1517	max = 111	min = 102
[20181027_061741 / lib_ip.py:4204] len(Hs) = 8100, len(Ss) = 8100, len(Vs) = 8100
[20181027_061741 / lib_ip.py:4248] black : variance --> out of range (variance = 1.326 / upper = 0.000 / lower = 0.000)
[20181027_061741 / lib_ip.py:4398] file : img.20181027_061739.2018-10-26_10-11-37_000.jpg.2.png 1 (black : variance --> out of range (variance = 1.326 / upper = 0.000 / lower = 0.000))
[20181027_061742 / lib_ip.py:2273] inspecting ===> img.20181027_061739.2018-10-26_10-11-37_000.jpg.3.png
[20181027_061742 / lib_ip.py:4330] 
img.20181027_061739.2018-10-26_10-11-37_000.jpg.3.png 2
[20181027_061742 / lib_ip.py:3794] file = img.20181027_061739.2018-10-26_10-11-37_000.jpg.3.png / val_Average = 93.1051	val_Variance = 0.0953	sd = 0.3086	max = 94	min = 92
[20181027_061742 / lib_ip.py:3877] len(Hs) = 8100, len(Ss) = 8100, len(Vs) = 8100
[20181027_061742 / lib_ip.py:2273] inspecting ===> img.20181027_061739.2018-10-26_10-11-37_000.jpg.4.png
[20181027_061742 / lib_ip.py:4330] 
img.20181027_061739.2018-10-26_10-11-37_000.jpg.4.png 3
[20181027_061743 / lib_ip.py:3794] file = img.20181027_061739.2018-10-26_10-11-37_000.jpg.4.png / val_Average = 80.5460	val_Variance = 693.7679	sd = 26.3395	max = 114	min = 0
[20181027_061743 / lib_ip.py:3877] len(Hs) = 8100, len(Ss) = 8100, len(Vs) = 8100
[20181027_061743 / lib_ip.py:3910] yellow : variance --> out of range (variance = 693.768 / upper = 0.650 / lower = 0.000)
[20181027_061743 / lib_ip.py:3794] file = img.20181027_061739.2018-10-26_10-11-37_000.jpg.4.png / val_Average = 80.5460	val_Variance = 693.7679	sd = 26.3395	max = 114	min = 0
[20181027_061743 / lib_ip.py:3977] len(Hs) = 8100, len(Ss) = 8100, len(Vs) = 8100
[20181027_061743 / lib_ip.py:4023] red : variance --> out of range (variance = 693.768 / upper = 0.430 / lower = 0.000)
[20181027_061743 / lib_ip.py:3794] file = img.20181027_061739.2018-10-26_10-11-37_000.jpg.4.png / val_Average = 80.5460	val_Variance = 693.7679	sd = 26.3395	max = 114	min = 0
[20181027_061743 / lib_ip.py:4090] len(Hs) = 8100, len(Ss) = 8100, len(Vs) = 8100
[20181027_061743 / lib_ip.py:4137] green : variance --> out of range (variance = 693.768 / upper = 0.750 / lower = 0.000)
[20181027_061743 / lib_ip.py:3794] file = img.20181027_061739.2018-10-26_10-11-37_000.jpg.4.png / val_Average = 80.5460	val_Variance = 693.7679	sd = 26.3395	max = 114	min = 0
[20181027_061743 / lib_ip.py:4204] len(Hs) = 8100, len(Ss) = 8100, len(Vs) = 8100
[20181027_061743 / lib_ip.py:4248] black : variance --> out of range (variance = 693.768 / upper = 0.000 / lower = 0.000)
[20181027_061743 / lib_ip.py:4398] file : img.20181027_061739.2018-10-26_10-11-37_000.jpg.4.png 3 (black : variance --> out of range (variance = 693.768 / upper = 0.000 / lower = 0.000))
[20181027_061742 / lib_ip.py:2273] inspecting ===> img.20181027_061739.2018-10-26_10-11-37_000.jpg.4.png
img.20181027_061739.2018-10-26_10-11-37_000.jpg.1.png => other
img.20181027_061739.2018-10-26_10-11-37_000.jpg.2.png => other
img.20181027_061739.2018-10-26_10-11-37_000.jpg.3.png => other
img.20181027_061739.2018-10-26_10-11-37_000.jpg.4.png => other
[20181027_061743 lib_ip.py:3300] =============== Get 4 corners
dpath_Images = C:\WORKS_2\WS\WS_Others.Art\JVEMV6\46_art\VIRTUAL\Admin_Projects\ip\images
fname_Image = img.20181027_061739.2018-10-26_10-11-37_000.jpg.4.png

[20181027_061744 / lib_ip.py:2273] inspecting ===> img.20181027_061744.2018-10-26_15-17-20_000.jpg.1.png
[20181027_061744 / lib_ip.py:4330] 
img.20181027_061744.2018-10-26_15-17-20_000.jpg.1.png 0
[20181027_061744 / lib_ip.py:3794] file = img.20181027_061744.2018-10-26_15-17-20_000.jpg.1.png / val_Average = 120.1198	val_Variance = 0.1210	sd = 0.3478	max = 121	min = 119
[20181027_061744 / lib_ip.py:3877] len(Hs) = 8100, len(Ss) = 8100, len(Vs) = 8100
[20181027_061744 / lib_ip.py:3932] yellow : average --> out of range (average = 120.120 / upper = 99.200 / lower = 88.000)
[20181027_061744 / lib_ip.py:3794] file = img.20181027_061744.2018-10-26_15-17-20_000.jpg.1.png / val_Average = 120.1198	val_Variance = 0.1210	sd = 0.3478	max = 121	min = 119
[20181027_061744 / lib_ip.py:3977] len(Hs) = 8100, len(Ss) = 8100, len(Vs) = 8100
[20181027_061745 / lib_ip.py:2273] inspecting ===> img.20181027_061744.2018-10-26_15-17-20_000.jpg.2.png
[20181027_061745 / lib_ip.py:4330] 
img.20181027_061744.2018-10-26_15-17-20_000.jpg.2.png 1
[20181027_061745 / lib_ip.py:3794] file = img.20181027_061744.2018-10-26_15-17-20_000.jpg.2.png / val_Average = 89.9710	val_Variance = 0.0282	sd = 0.1678	max = 90	min = 89
[20181027_061745 / lib_ip.py:3877] len(Hs) = 8100, len(Ss) = 8100, len(Vs) = 8100
[20181027_061745 / lib_ip.py:2273] inspecting ===> img.20181027_061744.2018-10-26_15-17-20_000.jpg.3.png
[20181027_061745 / lib_ip.py:4330] 
img.20181027_061744.2018-10-26_15-17-20_000.jpg.3.png 2
[20181027_061745 / lib_ip.py:3794] file = img.20181027_061744.2018-10-26_15-17-20_000.jpg.3.png / val_Average = 93.4337	val_Variance = 4.5061	sd = 2.1228	max = 98	min = 87
[20181027_061745 / lib_ip.py:3877] len(Hs) = 8100, len(Ss) = 8100, len(Vs) = 8100
[20181027_061745 / lib_ip.py:3910] yellow : variance --> out of range (variance = 4.506 / upper = 0.650 / lower = 0.000)
[20181027_061746 / lib_ip.py:3794] file = img.20181027_061744.2018-10-26_15-17-20_000.jpg.3.png / val_Average = 93.4337	val_Variance = 4.5061	sd = 2.1228	max = 98	min = 87
[20181027_061746 / lib_ip.py:3977] len(Hs) = 8100, len(Ss) = 8100, len(Vs) = 8100
[20181027_061746 / lib_ip.py:4023] red : variance --> out of range (variance = 4.506 / upper = 0.430 / lower = 0.000)
[20181027_061746 / lib_ip.py:3794] file = img.20181027_061744.2018-10-26_15-17-20_000.jpg.3.png / val_Average = 93.4337	val_Variance = 4.5061	sd = 2.1228	max = 98	min = 87
[20181027_061746 / lib_ip.py:4090] len(Hs) = 8100, len(Ss) = 8100, len(Vs) = 8100
[20181027_061746 / lib_ip.py:4137] green : variance --> out of range (variance = 4.506 / upper = 0.750 / lower = 0.000)
[20181027_061746 / lib_ip.py:3794] file = img.20181027_061744.2018-10-26_15-17-20_000.jpg.3.png / val_Average = 93.4337	val_Variance = 4.5061	sd = 2.1228	max = 98	min = 87
[20181027_061746 / lib_ip.py:4204] len(Hs) = 8100, len(Ss) = 8100, len(Vs) = 8100
[20181027_061746 / lib_ip.py:4248] black : variance --> out of range (variance = 4.506 / upper = 0.000 / lower = 0.000)
[20181027_061746 / lib_ip.py:4398] file : img.20181027_061744.2018-10-26_15-17-20_000.jpg.3.png 2 (black : variance --> out of range (variance = 4.506 / upper = 0.000 / lower = 0.000))
[20181027_061746 / lib_ip.py:2273] inspecting ===> img.20181027_061744.2018-10-26_15-17-20_000.jpg.4.png
[20181027_061746 / lib_ip.py:4330] 
img.20181027_061744.2018-10-26_15-17-20_000.jpg.4.png 3
[20181027_061746 / lib_ip.py:3794] file = img.20181027_061744.2018-10-26_15-17-20_000.jpg.4.png / val_Average = 34.5731	val_Variance = 977.4844	sd = 31.2647	max = 174	min = 0
[20181027_061746 / lib_ip.py:3877] len(Hs) = 8100, len(Ss) = 8100, len(Vs) = 8100
[20181027_061746 / lib_ip.py:3910] yellow : variance --> out of range (variance = 977.484 / upper = 0.650 / lower = 0.000)
[20181027_061747 / lib_ip.py:3794] file = img.20181027_061744.2018-10-26_15-17-20_000.jpg.4.png / val_Average = 34.5731	val_Variance = 977.4844	sd = 31.2647	max = 174	min = 0
[20181027_061747 / lib_ip.py:3977] len(Hs) = 8100, len(Ss) = 8100, len(Vs) = 8100
[20181027_061747 / lib_ip.py:4023] red : variance --> out of range (variance = 977.484 / upper = 0.430 / lower = 0.000)
[20181027_061747 / lib_ip.py:3794] file = img.20181027_061744.2018-10-26_15-17-20_000.jpg.4.png / val_Average = 34.5731	val_Variance = 977.4844	sd = 31.2647	max = 174	min = 0
[20181027_061747 / lib_ip.py:4090] len(Hs) = 8100, len(Ss) = 8100, len(Vs) = 8100
[20181027_061747 / lib_ip.py:4137] green : variance --> out of range (variance = 977.484 / upper = 0.750 / lower = 0.000)
[20181027_061747 / lib_ip.py:3794] file = img.20181027_061744.2018-10-26_15-17-20_000.jpg.4.png / val_Average = 34.5731	val_Variance = 977.4844	sd = 31.2647	max = 174	min = 0
[20181027_061747 / lib_ip.py:4204] len(Hs) = 8100, len(Ss) = 8100, len(Vs) = 8100
[20181027_061747 / lib_ip.py:4248] black : variance --> out of range (variance = 977.484 / upper = 0.000 / lower = 0.000)
[20181027_061747 / lib_ip.py:4398] file : img.20181027_061744.2018-10-26_15-17-20_000.jpg.4.png 3 (black : variance --> out of range (variance = 977.484 / upper = 0.000 / lower = 0.000))
[20181027_061746 / lib_ip.py:2273] inspecting ===> img.20181027_061744.2018-10-26_15-17-20_000.jpg.4.png
img.20181027_061744.2018-10-26_15-17-20_000.jpg.1.png => other
img.20181027_061744.2018-10-26_15-17-20_000.jpg.2.png => other
img.20181027_061744.2018-10-26_15-17-20_000.jpg.3.png => other
img.20181027_061744.2018-10-26_15-17-20_000.jpg.4.png => other
[20181027_061747 lib_ip.py:3300] =============== Get 4 corners
dpath_Images = C:\WORKS_2\WS\WS_Others.Art\JVEMV6\46_art\VIRTUAL\Admin_Projects\ip\images
fname_Image = img.20181027_061744.2018-10-26_15-17-20_000.jpg.4.png

[20181027_061748 / lib_ip.py:2273] inspecting ===> img.20181027_061748.2018-10-26_15-34-36_000.jpg.1.png
[20181027_061748 / lib_ip.py:4330] 
img.20181027_061748.2018-10-26_15-34-36_000.jpg.1.png 0
[20181027_061748 / lib_ip.py:3794] file = img.20181027_061748.2018-10-26_15-34-36_000.jpg.1.png / val_Average = 76.4148	val_Variance = 0.2427	sd = 0.4927	max = 77	min = 76
[20181027_061748 / lib_ip.py:3877] len(Hs) = 8100, len(Ss) = 8100, len(Vs) = 8100
[20181027_061748 / lib_ip.py:3932] yellow : average --> out of range (average = 76.415 / upper = 99.200 / lower = 88.000)
[20181027_061748 / lib_ip.py:3794] file = img.20181027_061748.2018-10-26_15-34-36_000.jpg.1.png / val_Average = 76.4148	val_Variance = 0.2427	sd = 0.4927	max = 77	min = 76
[20181027_061748 / lib_ip.py:3977] len(Hs) = 8100, len(Ss) = 8100, len(Vs) = 8100
[20181027_061748 / lib_ip.py:4048] red : average --> out of range (average = 76.415 / upper = 124.000 / lower = 115.000)
[20181027_061748 / lib_ip.py:3794] file = img.20181027_061748.2018-10-26_15-34-36_000.jpg.1.png / val_Average = 76.4148	val_Variance = 0.2427	sd = 0.4927	max = 77	min = 76
[20181027_061748 / lib_ip.py:4090] len(Hs) = 8100, len(Ss) = 8100, len(Vs) = 8100
[20181027_061748 / lib_ip.py:2273] inspecting ===> img.20181027_061748.2018-10-26_15-34-36_000.jpg.2.png
[20181027_061749 / lib_ip.py:4330] 
img.20181027_061748.2018-10-26_15-34-36_000.jpg.2.png 1
[20181027_061749 / lib_ip.py:3794] file = img.20181027_061748.2018-10-26_15-34-36_000.jpg.2.png / val_Average = 73.8668	val_Variance = 0.1165	sd = 0.3413	max = 75	min = 73
[20181027_061749 / lib_ip.py:3877] len(Hs) = 8100, len(Ss) = 8100, len(Vs) = 8100
[20181027_061749 / lib_ip.py:3932] yellow : average --> out of range (average = 73.867 / upper = 99.200 / lower = 88.000)
[20181027_061749 / lib_ip.py:3794] file = img.20181027_061748.2018-10-26_15-34-36_000.jpg.2.png / val_Average = 73.8668	val_Variance = 0.1165	sd = 0.3413	max = 75	min = 73
[20181027_061749 / lib_ip.py:3977] len(Hs) = 8100, len(Ss) = 8100, len(Vs) = 8100
[20181027_061749 / lib_ip.py:4048] red : average --> out of range (average = 73.867 / upper = 124.000 / lower = 115.000)
[20181027_061749 / lib_ip.py:3794] file = img.20181027_061748.2018-10-26_15-34-36_000.jpg.2.png / val_Average = 73.8668	val_Variance = 0.1165	sd = 0.3413	max = 75	min = 73
[20181027_061749 / lib_ip.py:4090] len(Hs) = 8100, len(Ss) = 8100, len(Vs) = 8100
[20181027_061749 / lib_ip.py:2273] inspecting ===> img.20181027_061748.2018-10-26_15-34-36_000.jpg.3.png
[20181027_061750 / lib_ip.py:4330] 
img.20181027_061748.2018-10-26_15-34-36_000.jpg.3.png 2
[20181027_061750 / lib_ip.py:3794] file = img.20181027_061748.2018-10-26_15-34-36_000.jpg.3.png / val_Average = 98.7373	val_Variance = 4.2349	sd = 2.0579	max = 105	min = 94
[20181027_061750 / lib_ip.py:3877] len(Hs) = 8100, len(Ss) = 8100, len(Vs) = 8100
[20181027_061750 / lib_ip.py:3910] yellow : variance --> out of range (variance = 4.235 / upper = 0.650 / lower = 0.000)
[20181027_061750 / lib_ip.py:3794] file = img.20181027_061748.2018-10-26_15-34-36_000.jpg.3.png / val_Average = 98.7373	val_Variance = 4.2349	sd = 2.0579	max = 105	min = 94
[20181027_061750 / lib_ip.py:3977] len(Hs) = 8100, len(Ss) = 8100, len(Vs) = 8100
[20181027_061750 / lib_ip.py:4023] red : variance --> out of range (variance = 4.235 / upper = 0.430 / lower = 0.000)
[20181027_061750 / lib_ip.py:3794] file = img.20181027_061748.2018-10-26_15-34-36_000.jpg.3.png / val_Average = 98.7373	val_Variance = 4.2349	sd = 2.0579	max = 105	min = 94
[20181027_061750 / lib_ip.py:4090] len(Hs) = 8100, len(Ss) = 8100, len(Vs) = 8100
[20181027_061750 / lib_ip.py:4137] green : variance --> out of range (variance = 4.235 / upper = 0.750 / lower = 0.000)
[20181027_061750 / lib_ip.py:3794] file = img.20181027_061748.2018-10-26_15-34-36_000.jpg.3.png / val_Average = 98.7373	val_Variance = 4.2349	sd = 2.0579	max = 105	min = 94
[20181027_061750 / lib_ip.py:4204] len(Hs) = 8100, len(Ss) = 8100, len(Vs) = 8100
[20181027_061750 / lib_ip.py:4248] black : variance --> out of range (variance = 4.235 / upper = 0.000 / lower = 0.000)
[20181027_061750 / lib_ip.py:4398] file : img.20181027_061748.2018-10-26_15-34-36_000.jpg.3.png 2 (black : variance --> out of range (variance = 4.235 / upper = 0.000 / lower = 0.000))
[20181027_061750 / lib_ip.py:2273] inspecting ===> img.20181027_061748.2018-10-26_15-34-36_000.jpg.4.png
[20181027_061751 / lib_ip.py:4330] 
img.20181027_061748.2018-10-26_15-34-36_000.jpg.4.png 3
[20181027_061751 / lib_ip.py:3794] file = img.20181027_061748.2018-10-26_15-34-36_000.jpg.4.png / val_Average = 133.5843	val_Variance = 2461.3920	sd = 49.6124	max = 176	min = 0
[20181027_061751 / lib_ip.py:3877] len(Hs) = 8100, len(Ss) = 8100, len(Vs) = 8100
[20181027_061751 / lib_ip.py:3910] yellow : variance --> out of range (variance = 2461.392 / upper = 0.650 / lower = 0.000)
[20181027_061751 / lib_ip.py:3794] file = img.20181027_061748.2018-10-26_15-34-36_000.jpg.4.png / val_Average = 133.5843	val_Variance = 2461.3920	sd = 49.6124	max = 176	min = 0
[20181027_061751 / lib_ip.py:3977] len(Hs) = 8100, len(Ss) = 8100, len(Vs) = 8100
[20181027_061751 / lib_ip.py:4023] red : variance --> out of range (variance = 2461.392 / upper = 0.430 / lower = 0.000)
[20181027_061751 / lib_ip.py:3794] file = img.20181027_061748.2018-10-26_15-34-36_000.jpg.4.png / val_Average = 133.5843	val_Variance = 2461.3920	sd = 49.6124	max = 176	min = 0
[20181027_061751 / lib_ip.py:4090] len(Hs) = 8100, len(Ss) = 8100, len(Vs) = 8100
[20181027_061751 / lib_ip.py:4137] green : variance --> out of range (variance = 2461.392 / upper = 0.750 / lower = 0.000)
[20181027_061751 / lib_ip.py:3794] file = img.20181027_061748.2018-10-26_15-34-36_000.jpg.4.png / val_Average = 133.5843	val_Variance = 2461.3920	sd = 49.6124	max = 176	min = 0
[20181027_061751 / lib_ip.py:4204] len(Hs) = 8100, len(Ss) = 8100, len(Vs) = 8100
[20181027_061751 / lib_ip.py:4248] black : variance --> out of range (variance = 2461.392 / upper = 0.000 / lower = 0.000)
[20181027_061751 / lib_ip.py:4398] file : img.20181027_061748.2018-10-26_15-34-36_000.jpg.4.png 3 (black : variance --> out of range (variance = 2461.392 / upper = 0.000 / lower = 0.000))
[20181027_061750 / lib_ip.py:2273] inspecting ===> img.20181027_061748.2018-10-26_15-34-36_000.jpg.4.png
img.20181027_061748.2018-10-26_15-34-36_000.jpg.1.png => other
img.20181027_061748.2018-10-26_15-34-36_000.jpg.2.png => other
img.20181027_061748.2018-10-26_15-34-36_000.jpg.3.png => other
img.20181027_061748.2018-10-26_15-34-36_000.jpg.4.png => other
[20181027_061751 lib_ip.py:3300] =============== Get 4 corners
dpath_Images = C:\WORKS_2\WS\WS_Others.Art\JVEMV6\46_art\VIRTUAL\Admin_Projects\ip\images
fname_Image = img.20181027_061748.2018-10-26_15-34-36_000.jpg.4.png

[20181027_061752 / lib_ip.py:2273] inspecting ===> img.20181027_061752.2018-10-26_17-15-57_000.jpg.1.png
[20181027_061753 / lib_ip.py:4330] 
img.20181027_061752.2018-10-26_17-15-57_000.jpg.1.png 0
[20181027_061753 / lib_ip.py:3794] file = img.20181027_061752.2018-10-26_17-15-57_000.jpg.1.png / val_Average = 75.5479	val_Variance = 0.3336	sd = 0.5776	max = 77	min = 73
[20181027_061753 / lib_ip.py:3877] len(Hs) = 8100, len(Ss) = 8100, len(Vs) = 8100
[20181027_061753 / lib_ip.py:3932] yellow : average --> out of range (average = 75.548 / upper = 99.200 / lower = 88.000)
[20181027_061753 / lib_ip.py:3794] file = img.20181027_061752.2018-10-26_17-15-57_000.jpg.1.png / val_Average = 75.5479	val_Variance = 0.3336	sd = 0.5776	max = 77	min = 73
[20181027_061753 / lib_ip.py:3977] len(Hs) = 8100, len(Ss) = 8100, len(Vs) = 8100
[20181027_061753 / lib_ip.py:4048] red : average --> out of range (average = 75.548 / upper = 124.000 / lower = 115.000)
[20181027_061753 / lib_ip.py:3794] file = img.20181027_061752.2018-10-26_17-15-57_000.jpg.1.png / val_Average = 75.5479	val_Variance = 0.3336	sd = 0.5776	max = 77	min = 73
[20181027_061753 / lib_ip.py:4090] len(Hs) = 8100, len(Ss) = 8100, len(Vs) = 8100
[20181027_061753 / lib_ip.py:2273] inspecting ===> img.20181027_061752.2018-10-26_17-15-57_000.jpg.2.png
[20181027_061753 / lib_ip.py:4330] 
img.20181027_061752.2018-10-26_17-15-57_000.jpg.2.png 1
[20181027_061754 / lib_ip.py:3794] file = img.20181027_061752.2018-10-26_17-15-57_000.jpg.2.png / val_Average = 105.2346	val_Variance = 2.0605	sd = 1.4355	max = 109	min = 101
[20181027_061754 / lib_ip.py:3877] len(Hs) = 8100, len(Ss) = 8100, len(Vs) = 8100
[20181027_061754 / lib_ip.py:3910] yellow : variance --> out of range (variance = 2.061 / upper = 0.650 / lower = 0.000)
[20181027_061754 / lib_ip.py:3794] file = img.20181027_061752.2018-10-26_17-15-57_000.jpg.2.png / val_Average = 105.2346	val_Variance = 2.0605	sd = 1.4355	max = 109	min = 101
[20181027_061754 / lib_ip.py:3977] len(Hs) = 8100, len(Ss) = 8100, len(Vs) = 8100
[20181027_061754 / lib_ip.py:4023] red : variance --> out of range (variance = 2.061 / upper = 0.430 / lower = 0.000)
[20181027_061754 / lib_ip.py:3794] file = img.20181027_061752.2018-10-26_17-15-57_000.jpg.2.png / val_Average = 105.2346	val_Variance = 2.0605	sd = 1.4355	max = 109	min = 101
[20181027_061754 / lib_ip.py:4090] len(Hs) = 8100, len(Ss) = 8100, len(Vs) = 8100
[20181027_061754 / lib_ip.py:4137] green : variance --> out of range (variance = 2.061 / upper = 0.750 / lower = 0.000)
[20181027_061754 / lib_ip.py:3794] file = img.20181027_061752.2018-10-26_17-15-57_000.jpg.2.png / val_Average = 105.2346	val_Variance = 2.0605	sd = 1.4355	max = 109	min = 101
[20181027_061754 / lib_ip.py:4204] len(Hs) = 8100, len(Ss) = 8100, len(Vs) = 8100
[20181027_061754 / lib_ip.py:4248] black : variance --> out of range (variance = 2.061 / upper = 0.000 / lower = 0.000)
[20181027_061754 / lib_ip.py:4398] file : img.20181027_061752.2018-10-26_17-15-57_000.jpg.2.png 1 (black : variance --> out of range (variance = 2.061 / upper = 0.000 / lower = 0.000))
[20181027_061754 / lib_ip.py:2273] inspecting ===> img.20181027_061752.2018-10-26_17-15-57_000.jpg.3.png
[20181027_061755 / lib_ip.py:4330] 
img.20181027_061752.2018-10-26_17-15-57_000.jpg.3.png 2
[20181027_061755 / lib_ip.py:3794] file = img.20181027_061752.2018-10-26_17-15-57_000.jpg.3.png / val_Average = 121.0235	val_Variance = 0.0977	sd = 0.3126	max = 122	min = 120
[20181027_061755 / lib_ip.py:3877] len(Hs) = 8100, len(Ss) = 8100, len(Vs) = 8100
[20181027_061755 / lib_ip.py:3932] yellow : average --> out of range (average = 121.023 / upper = 99.200 / lower = 88.000)
[20181027_061755 / lib_ip.py:3794] file = img.20181027_061752.2018-10-26_17-15-57_000.jpg.3.png / val_Average = 121.0235	val_Variance = 0.0977	sd = 0.3126	max = 122	min = 120
[20181027_061755 / lib_ip.py:3977] len(Hs) = 8100, len(Ss) = 8100, len(Vs) = 8100
[20181027_061755 / lib_ip.py:2273] inspecting ===> img.20181027_061752.2018-10-26_17-15-57_000.jpg.4.png
[20181027_061755 / lib_ip.py:4330] 
img.20181027_061752.2018-10-26_17-15-57_000.jpg.4.png 3
[20181027_061755 / lib_ip.py:3794] file = img.20181027_061752.2018-10-26_17-15-57_000.jpg.4.png / val_Average = 17.3772	val_Variance = 62.4527	sd = 7.9027	max = 30	min = 6
[20181027_061756 / lib_ip.py:3877] len(Hs) = 8100, len(Ss) = 8100, len(Vs) = 8100
[20181027_061756 / lib_ip.py:3910] yellow : variance --> out of range (variance = 62.453 / upper = 0.650 / lower = 0.000)
[20181027_061756 / lib_ip.py:3794] file = img.20181027_061752.2018-10-26_17-15-57_000.jpg.4.png / val_Average = 17.3772	val_Variance = 62.4527	sd = 7.9027	max = 30	min = 6
[20181027_061756 / lib_ip.py:3977] len(Hs) = 8100, len(Ss) = 8100, len(Vs) = 8100
[20181027_061756 / lib_ip.py:4023] red : variance --> out of range (variance = 62.453 / upper = 0.430 / lower = 0.000)
[20181027_061756 / lib_ip.py:3794] file = img.20181027_061752.2018-10-26_17-15-57_000.jpg.4.png / val_Average = 17.3772	val_Variance = 62.4527	sd = 7.9027	max = 30	min = 6
[20181027_061756 / lib_ip.py:4090] len(Hs) = 8100, len(Ss) = 8100, len(Vs) = 8100
[20181027_061756 / lib_ip.py:4137] green : variance --> out of range (variance = 62.453 / upper = 0.750 / lower = 0.000)
[20181027_061756 / lib_ip.py:3794] file = img.20181027_061752.2018-10-26_17-15-57_000.jpg.4.png / val_Average = 17.3772	val_Variance = 62.4527	sd = 7.9027	max = 30	min = 6
[20181027_061756 / lib_ip.py:4204] len(Hs) = 8100, len(Ss) = 8100, len(Vs) = 8100
[20181027_061756 / lib_ip.py:4248] black : variance --> out of range (variance = 62.453 / upper = 0.000 / lower = 0.000)
[20181027_061756 / lib_ip.py:4398] file : img.20181027_061752.2018-10-26_17-15-57_000.jpg.4.png 3 (black : variance --> out of range (variance = 62.453 / upper = 0.000 / lower = 0.000))
[20181027_061755 / lib_ip.py:2273] inspecting ===> img.20181027_061752.2018-10-26_17-15-57_000.jpg.4.png
img.20181027_061752.2018-10-26_17-15-57_000.jpg.1.png => other
img.20181027_061752.2018-10-26_17-15-57_000.jpg.2.png => other
img.20181027_061752.2018-10-26_17-15-57_000.jpg.3.png => other
img.20181027_061752.2018-10-26_17-15-57_000.jpg.4.png => other
[20181027_061756 lib_ip.py:3300] =============== Get 4 corners
dpath_Images = C:\WORKS_2\WS\WS_Others.Art\JVEMV6\46_art\VIRTUAL\Admin_Projects\ip\images
fname_Image = img.20181027_061752.2018-10-26_17-15-57_000.jpg.4.png

[20181027_061757 / lib_ip.py:2273] inspecting ===> img.20181027_061757.2018-10-26_17-16-05_000.jpg.1.png
[20181027_061757 / lib_ip.py:4330] 
img.20181027_061757.2018-10-26_17-16-05_000.jpg.1.png 0
[20181027_061757 / lib_ip.py:3794] file = img.20181027_061757.2018-10-26_17-16-05_000.jpg.1.png / val_Average = 75.5409	val_Variance = 0.3419	sd = 0.5847	max = 76	min = 74
[20181027_061757 / lib_ip.py:3877] len(Hs) = 8100, len(Ss) = 8100, len(Vs) = 8100
[20181027_061757 / lib_ip.py:3932] yellow : average --> out of range (average = 75.541 / upper = 99.200 / lower = 88.000)
[20181027_061757 / lib_ip.py:3794] file = img.20181027_061757.2018-10-26_17-16-05_000.jpg.1.png / val_Average = 75.5409	val_Variance = 0.3419	sd = 0.5847	max = 76	min = 74
[20181027_061757 / lib_ip.py:3977] len(Hs) = 8100, len(Ss) = 8100, len(Vs) = 8100
[20181027_061758 / lib_ip.py:4048] red : average --> out of range (average = 75.541 / upper = 124.000 / lower = 115.000)
[20181027_061758 / lib_ip.py:3794] file = img.20181027_061757.2018-10-26_17-16-05_000.jpg.1.png / val_Average = 75.5409	val_Variance = 0.3419	sd = 0.5847	max = 76	min = 74
[20181027_061758 / lib_ip.py:4090] len(Hs) = 8100, len(Ss) = 8100, len(Vs) = 8100
[20181027_061758 / lib_ip.py:2273] inspecting ===> img.20181027_061757.2018-10-26_17-16-05_000.jpg.2.png
[20181027_061758 / lib_ip.py:4330] 
img.20181027_061757.2018-10-26_17-16-05_000.jpg.2.png 1
[20181027_061758 / lib_ip.py:3794] file = img.20181027_061757.2018-10-26_17-16-05_000.jpg.2.png / val_Average = 104.6349	val_Variance = 2.8869	sd = 1.6991	max = 109	min = 98
[20181027_061758 / lib_ip.py:3877] len(Hs) = 8100, len(Ss) = 8100, len(Vs) = 8100
[20181027_061758 / lib_ip.py:3910] yellow : variance --> out of range (variance = 2.887 / upper = 0.650 / lower = 0.000)
[20181027_061758 / lib_ip.py:3794] file = img.20181027_061757.2018-10-26_17-16-05_000.jpg.2.png / val_Average = 104.6349	val_Variance = 2.8869	sd = 1.6991	max = 109	min = 98
[20181027_061758 / lib_ip.py:3977] len(Hs) = 8100, len(Ss) = 8100, len(Vs) = 8100
[20181027_061758 / lib_ip.py:4023] red : variance --> out of range (variance = 2.887 / upper = 0.430 / lower = 0.000)
[20181027_061759 / lib_ip.py:3794] file = img.20181027_061757.2018-10-26_17-16-05_000.jpg.2.png / val_Average = 104.6349	val_Variance = 2.8869	sd = 1.6991	max = 109	min = 98
[20181027_061759 / lib_ip.py:4090] len(Hs) = 8100, len(Ss) = 8100, len(Vs) = 8100
[20181027_061759 / lib_ip.py:4137] green : variance --> out of range (variance = 2.887 / upper = 0.750 / lower = 0.000)
[20181027_061759 / lib_ip.py:3794] file = img.20181027_061757.2018-10-26_17-16-05_000.jpg.2.png / val_Average = 104.6349	val_Variance = 2.8869	sd = 1.6991	max = 109	min = 98
[20181027_061759 / lib_ip.py:4204] len(Hs) = 8100, len(Ss) = 8100, len(Vs) = 8100
[20181027_061759 / lib_ip.py:4248] black : variance --> out of range (variance = 2.887 / upper = 0.000 / lower = 0.000)
[20181027_061759 / lib_ip.py:4398] file : img.20181027_061757.2018-10-26_17-16-05_000.jpg.2.png 1 (black : variance --> out of range (variance = 2.887 / upper = 0.000 / lower = 0.000))
[20181027_061759 / lib_ip.py:2273] inspecting ===> img.20181027_061757.2018-10-26_17-16-05_000.jpg.3.png
[20181027_061759 / lib_ip.py:4330] 
img.20181027_061757.2018-10-26_17-16-05_000.jpg.3.png 2
[20181027_061759 / lib_ip.py:3794] file = img.20181027_061757.2018-10-26_17-16-05_000.jpg.3.png / val_Average = 121.1865	val_Variance = 0.2266	sd = 0.4760	max = 122	min = 120
[20181027_061759 / lib_ip.py:3877] len(Hs) = 8100, len(Ss) = 8100, len(Vs) = 8100
[20181027_061759 / lib_ip.py:3932] yellow : average --> out of range (average = 121.187 / upper = 99.200 / lower = 88.000)
[20181027_061759 / lib_ip.py:3794] file = img.20181027_061757.2018-10-26_17-16-05_000.jpg.3.png / val_Average = 121.1865	val_Variance = 0.2266	sd = 0.4760	max = 122	min = 120
[20181027_061759 / lib_ip.py:3977] len(Hs) = 8100, len(Ss) = 8100, len(Vs) = 8100
[20181027_061759 / lib_ip.py:2273] inspecting ===> img.20181027_061757.2018-10-26_17-16-05_000.jpg.4.png
[20181027_061800 / lib_ip.py:4330] 
img.20181027_061757.2018-10-26_17-16-05_000.jpg.4.png 3
[20181027_061800 / lib_ip.py:3794] file = img.20181027_061757.2018-10-26_17-16-05_000.jpg.4.png / val_Average = 24.9823	val_Variance = 1461.4786	sd = 38.2293	max = 176	min = 0
[20181027_061800 / lib_ip.py:3877] len(Hs) = 8100, len(Ss) = 8100, len(Vs) = 8100
[20181027_061800 / lib_ip.py:3910] yellow : variance --> out of range (variance = 1461.479 / upper = 0.650 / lower = 0.000)
[20181027_061800 / lib_ip.py:3794] file = img.20181027_061757.2018-10-26_17-16-05_000.jpg.4.png / val_Average = 24.9823	val_Variance = 1461.4786	sd = 38.2293	max = 176	min = 0
[20181027_061800 / lib_ip.py:3977] len(Hs) = 8100, len(Ss) = 8100, len(Vs) = 8100
[20181027_061800 / lib_ip.py:4023] red : variance --> out of range (variance = 1461.479 / upper = 0.430 / lower = 0.000)
[20181027_061800 / lib_ip.py:3794] file = img.20181027_061757.2018-10-26_17-16-05_000.jpg.4.png / val_Average = 24.9823	val_Variance = 1461.4786	sd = 38.2293	max = 176	min = 0
[20181027_061800 / lib_ip.py:4090] len(Hs) = 8100, len(Ss) = 8100, len(Vs) = 8100
[20181027_061800 / lib_ip.py:4137] green : variance --> out of range (variance = 1461.479 / upper = 0.750 / lower = 0.000)
[20181027_061800 / lib_ip.py:3794] file = img.20181027_061757.2018-10-26_17-16-05_000.jpg.4.png / val_Average = 24.9823	val_Variance = 1461.4786	sd = 38.2293	max = 176	min = 0
[20181027_061800 / lib_ip.py:4204] len(Hs) = 8100, len(Ss) = 8100, len(Vs) = 8100
[20181027_061800 / lib_ip.py:4248] black : variance --> out of range (variance = 1461.479 / upper = 0.000 / lower = 0.000)
[20181027_061800 / lib_ip.py:4398] file : img.20181027_061757.2018-10-26_17-16-05_000.jpg.4.png 3 (black : variance --> out of range (variance = 1461.479 / upper = 0.000 / lower = 0.000))
[20181027_061759 / lib_ip.py:2273] inspecting ===> img.20181027_061757.2018-10-26_17-16-05_000.jpg.4.png
img.20181027_061757.2018-10-26_17-16-05_000.jpg.1.png => other
img.20181027_061757.2018-10-26_17-16-05_000.jpg.2.png => other
img.20181027_061757.2018-10-26_17-16-05_000.jpg.3.png => other
img.20181027_061757.2018-10-26_17-16-05_000.jpg.4.png => other
[20181027_061800 lib_ip.py:3300] =============== Get 4 corners
dpath_Images = C:\WORKS_2\WS\WS_Others.Art\JVEMV6\46_art\VIRTUAL\Admin_Projects\ip\images
fname_Image = img.20181027_061757.2018-10-26_17-16-05_000.jpg.4.png

[20181027_061801 / lib_ip.py:2273] inspecting ===> img.20181027_061801.2018-10-26_17-22-17_000.jpg.1.png
[20181027_061801 / lib_ip.py:4330] 
img.20181027_061801.2018-10-26_17-22-17_000.jpg.1.png 0
[20181027_061802 / lib_ip.py:3794] file = img.20181027_061801.2018-10-26_17-22-17_000.jpg.1.png / val_Average = 108.9421	val_Variance = 4.8847	sd = 2.2101	max = 115	min = 102
[20181027_061802 / lib_ip.py:3877] len(Hs) = 8100, len(Ss) = 8100, len(Vs) = 8100
[20181027_061802 / lib_ip.py:3910] yellow : variance --> out of range (variance = 4.885 / upper = 0.650 / lower = 0.000)
[20181027_061802 / lib_ip.py:3794] file = img.20181027_061801.2018-10-26_17-22-17_000.jpg.1.png / val_Average = 108.9421	val_Variance = 4.8847	sd = 2.2101	max = 115	min = 102
[20181027_061802 / lib_ip.py:3977] len(Hs) = 8100, len(Ss) = 8100, len(Vs) = 8100
[20181027_061802 / lib_ip.py:4023] red : variance --> out of range (variance = 4.885 / upper = 0.430 / lower = 0.000)
[20181027_061802 / lib_ip.py:3794] file = img.20181027_061801.2018-10-26_17-22-17_000.jpg.1.png / val_Average = 108.9421	val_Variance = 4.8847	sd = 2.2101	max = 115	min = 102
[20181027_061802 / lib_ip.py:4090] len(Hs) = 8100, len(Ss) = 8100, len(Vs) = 8100
[20181027_061802 / lib_ip.py:4137] green : variance --> out of range (variance = 4.885 / upper = 0.750 / lower = 0.000)
[20181027_061802 / lib_ip.py:3794] file = img.20181027_061801.2018-10-26_17-22-17_000.jpg.1.png / val_Average = 108.9421	val_Variance = 4.8847	sd = 2.2101	max = 115	min = 102
[20181027_061802 / lib_ip.py:4204] len(Hs) = 8100, len(Ss) = 8100, len(Vs) = 8100
[20181027_061802 / lib_ip.py:4248] black : variance --> out of range (variance = 4.885 / upper = 0.000 / lower = 0.000)
[20181027_061802 / lib_ip.py:4398] file : img.20181027_061801.2018-10-26_17-22-17_000.jpg.1.png 0 (black : variance --> out of range (variance = 4.885 / upper = 0.000 / lower = 0.000))
[20181027_061802 / lib_ip.py:2273] inspecting ===> img.20181027_061801.2018-10-26_17-22-17_000.jpg.2.png
[20181027_061803 / lib_ip.py:4330] 
img.20181027_061801.2018-10-26_17-22-17_000.jpg.2.png 1
[20181027_061803 / lib_ip.py:3794] file = img.20181027_061801.2018-10-26_17-22-17_000.jpg.2.png / val_Average = 82.2793	val_Variance = 263.4699	sd = 16.2318	max = 135	min = 0
[20181027_061803 / lib_ip.py:3877] len(Hs) = 8100, len(Ss) = 8100, len(Vs) = 8100
[20181027_061803 / lib_ip.py:3910] yellow : variance --> out of range (variance = 263.470 / upper = 0.650 / lower = 0.000)
[20181027_061803 / lib_ip.py:3794] file = img.20181027_061801.2018-10-26_17-22-17_000.jpg.2.png / val_Average = 82.2793	val_Variance = 263.4699	sd = 16.2318	max = 135	min = 0
[20181027_061803 / lib_ip.py:3977] len(Hs) = 8100, len(Ss) = 8100, len(Vs) = 8100
[20181027_061803 / lib_ip.py:4023] red : variance --> out of range (variance = 263.470 / upper = 0.430 / lower = 0.000)
[20181027_061803 / lib_ip.py:3794] file = img.20181027_061801.2018-10-26_17-22-17_000.jpg.2.png / val_Average = 82.2793	val_Variance = 263.4699	sd = 16.2318	max = 135	min = 0
[20181027_061803 / lib_ip.py:4090] len(Hs) = 8100, len(Ss) = 8100, len(Vs) = 8100
[20181027_061803 / lib_ip.py:4137] green : variance --> out of range (variance = 263.470 / upper = 0.750 / lower = 0.000)
[20181027_061804 / lib_ip.py:3794] file = img.20181027_061801.2018-10-26_17-22-17_000.jpg.2.png / val_Average = 82.2793	val_Variance = 263.4699	sd = 16.2318	max = 135	min = 0
[20181027_061804 / lib_ip.py:4204] len(Hs) = 8100, len(Ss) = 8100, len(Vs) = 8100
[20181027_061804 / lib_ip.py:4248] black : variance --> out of range (variance = 263.470 / upper = 0.000 / lower = 0.000)
[20181027_061804 / lib_ip.py:4398] file : img.20181027_061801.2018-10-26_17-22-17_000.jpg.2.png 1 (black : variance --> out of range (variance = 263.470 / upper = 0.000 / lower = 0.000))
[20181027_061804 / lib_ip.py:2273] inspecting ===> img.20181027_061801.2018-10-26_17-22-17_000.jpg.3.png
[20181027_061804 / lib_ip.py:4330] 
img.20181027_061801.2018-10-26_17-22-17_000.jpg.3.png 2
[20181027_061804 / lib_ip.py:3794] file = img.20181027_061801.2018-10-26_17-22-17_000.jpg.3.png / val_Average = 74.9600	val_Variance = 0.0396	sd = 0.1991	max = 76	min = 74
[20181027_061804 / lib_ip.py:3877] len(Hs) = 8100, len(Ss) = 8100, len(Vs) = 8100
[20181027_061804 / lib_ip.py:3932] yellow : average --> out of range (average = 74.960 / upper = 99.200 / lower = 88.000)
[20181027_061804 / lib_ip.py:3794] file = img.20181027_061801.2018-10-26_17-22-17_000.jpg.3.png / val_Average = 74.9600	val_Variance = 0.0396	sd = 0.1991	max = 76	min = 74
[20181027_061804 / lib_ip.py:3977] len(Hs) = 8100, len(Ss) = 8100, len(Vs) = 8100
[20181027_061804 / lib_ip.py:4048] red : average --> out of range (average = 74.960 / upper = 124.000 / lower = 115.000)
[20181027_061804 / lib_ip.py:3794] file = img.20181027_061801.2018-10-26_17-22-17_000.jpg.3.png / val_Average = 74.9600	val_Variance = 0.0396	sd = 0.1991	max = 76	min = 74
[20181027_061804 / lib_ip.py:4090] len(Hs) = 8100, len(Ss) = 8100, len(Vs) = 8100
[20181027_061804 / lib_ip.py:2273] inspecting ===> img.20181027_061801.2018-10-26_17-22-17_000.jpg.4.png
[20181027_061805 / lib_ip.py:4330] 
img.20181027_061801.2018-10-26_17-22-17_000.jpg.4.png 3
[20181027_061805 / lib_ip.py:3794] file = img.20181027_061801.2018-10-26_17-22-17_000.jpg.4.png / val_Average = 75.5793	val_Variance = 0.2447	sd = 0.4947	max = 77	min = 75
[20181027_061805 / lib_ip.py:3877] len(Hs) = 8100, len(Ss) = 8100, len(Vs) = 8100
[20181027_061805 / lib_ip.py:3932] yellow : average --> out of range (average = 75.579 / upper = 99.200 / lower = 88.000)
[20181027_061805 / lib_ip.py:3794] file = img.20181027_061801.2018-10-26_17-22-17_000.jpg.4.png / val_Average = 75.5793	val_Variance = 0.2447	sd = 0.4947	max = 77	min = 75
[20181027_061805 / lib_ip.py:3977] len(Hs) = 8100, len(Ss) = 8100, len(Vs) = 8100
[20181027_061805 / lib_ip.py:4048] red : average --> out of range (average = 75.579 / upper = 124.000 / lower = 115.000)
[20181027_061805 / lib_ip.py:3794] file = img.20181027_061801.2018-10-26_17-22-17_000.jpg.4.png / val_Average = 75.5793	val_Variance = 0.2447	sd = 0.4947	max = 77	min = 75
[20181027_061805 / lib_ip.py:4090] len(Hs) = 8100, len(Ss) = 8100, len(Vs) = 8100
[20181027_061804 / lib_ip.py:2273] inspecting ===> img.20181027_061801.2018-10-26_17-22-17_000.jpg.4.png
img.20181027_061801.2018-10-26_17-22-17_000.jpg.1.png => other
img.20181027_061801.2018-10-26_17-22-17_000.jpg.2.png => other
img.20181027_061801.2018-10-26_17-22-17_000.jpg.3.png => other
img.20181027_061801.2018-10-26_17-22-17_000.jpg.4.png => other
[20181027_061805 lib_ip.py:3300] =============== Get 4 corners
dpath_Images = C:\WORKS_2\WS\WS_Others.Art\JVEMV6\46_art\VIRTUAL\Admin_Projects\ip\images
fname_Image = img.20181027_061801.2018-10-26_17-22-17_000.jpg.4.png

[20181027_061806 / lib_ip.py:2273] inspecting ===> img.20181027_061806.2018-10-26_17-51-19_000.jpg.1.png
[20181027_061806 / lib_ip.py:4330] 
img.20181027_061806.2018-10-26_17-51-19_000.jpg.1.png 0
[20181027_061806 / lib_ip.py:3794] file = img.20181027_061806.2018-10-26_17-51-19_000.jpg.1.png / val_Average = 121.7075	val_Variance = 2174.8652	sd = 46.6355	max = 174	min = 0
[20181027_061806 / lib_ip.py:3877] len(Hs) = 8100, len(Ss) = 8100, len(Vs) = 8100
[20181027_061806 / lib_ip.py:3910] yellow : variance --> out of range (variance = 2174.865 / upper = 0.650 / lower = 0.000)
[20181027_061807 / lib_ip.py:3794] file = img.20181027_061806.2018-10-26_17-51-19_000.jpg.1.png / val_Average = 121.7075	val_Variance = 2174.8652	sd = 46.6355	max = 174	min = 0
[20181027_061807 / lib_ip.py:3977] len(Hs) = 8100, len(Ss) = 8100, len(Vs) = 8100
[20181027_061807 / lib_ip.py:4023] red : variance --> out of range (variance = 2174.865 / upper = 0.430 / lower = 0.000)
[20181027_061807 / lib_ip.py:3794] file = img.20181027_061806.2018-10-26_17-51-19_000.jpg.1.png / val_Average = 121.7075	val_Variance = 2174.8652	sd = 46.6355	max = 174	min = 0
[20181027_061807 / lib_ip.py:4090] len(Hs) = 8100, len(Ss) = 8100, len(Vs) = 8100
[20181027_061807 / lib_ip.py:4137] green : variance --> out of range (variance = 2174.865 / upper = 0.750 / lower = 0.000)
[20181027_061807 / lib_ip.py:3794] file = img.20181027_061806.2018-10-26_17-51-19_000.jpg.1.png / val_Average = 121.7075	val_Variance = 2174.8652	sd = 46.6355	max = 174	min = 0
[20181027_061807 / lib_ip.py:4204] len(Hs) = 8100, len(Ss) = 8100, len(Vs) = 8100
[20181027_061807 / lib_ip.py:4248] black : variance --> out of range (variance = 2174.865 / upper = 0.000 / lower = 0.000)
[20181027_061807 / lib_ip.py:4398] file : img.20181027_061806.2018-10-26_17-51-19_000.jpg.1.png 0 (black : variance --> out of range (variance = 2174.865 / upper = 0.000 / lower = 0.000))
[20181027_061807 / lib_ip.py:2273] inspecting ===> img.20181027_061806.2018-10-26_17-51-19_000.jpg.2.png
[20181027_061807 / lib_ip.py:4330] 
img.20181027_061806.2018-10-26_17-51-19_000.jpg.2.png 1
[20181027_061807 / lib_ip.py:3794] file = img.20181027_061806.2018-10-26_17-51-19_000.jpg.2.png / val_Average = 110.7253	val_Variance = 3.5936	sd = 1.8957	max = 116	min = 102
[20181027_061807 / lib_ip.py:3877] len(Hs) = 8100, len(Ss) = 8100, len(Vs) = 8100
[20181027_061807 / lib_ip.py:3910] yellow : variance --> out of range (variance = 3.594 / upper = 0.650 / lower = 0.000)
[20181027_061807 / lib_ip.py:3794] file = img.20181027_061806.2018-10-26_17-51-19_000.jpg.2.png / val_Average = 110.7253	val_Variance = 3.5936	sd = 1.8957	max = 116	min = 102
[20181027_061807 / lib_ip.py:3977] len(Hs) = 8100, len(Ss) = 8100, len(Vs) = 8100
[20181027_061808 / lib_ip.py:4023] red : variance --> out of range (variance = 3.594 / upper = 0.430 / lower = 0.000)
[20181027_061808 / lib_ip.py:3794] file = img.20181027_061806.2018-10-26_17-51-19_000.jpg.2.png / val_Average = 110.7253	val_Variance = 3.5936	sd = 1.8957	max = 116	min = 102
[20181027_061808 / lib_ip.py:4090] len(Hs) = 8100, len(Ss) = 8100, len(Vs) = 8100
[20181027_061808 / lib_ip.py:4137] green : variance --> out of range (variance = 3.594 / upper = 0.750 / lower = 0.000)
[20181027_061808 / lib_ip.py:3794] file = img.20181027_061806.2018-10-26_17-51-19_000.jpg.2.png / val_Average = 110.7253	val_Variance = 3.5936	sd = 1.8957	max = 116	min = 102
[20181027_061808 / lib_ip.py:4204] len(Hs) = 8100, len(Ss) = 8100, len(Vs) = 8100
[20181027_061808 / lib_ip.py:4248] black : variance --> out of range (variance = 3.594 / upper = 0.000 / lower = 0.000)
[20181027_061808 / lib_ip.py:4398] file : img.20181027_061806.2018-10-26_17-51-19_000.jpg.2.png 1 (black : variance --> out of range (variance = 3.594 / upper = 0.000 / lower = 0.000))
[20181027_061808 / lib_ip.py:2273] inspecting ===> img.20181027_061806.2018-10-26_17-51-19_000.jpg.3.png
[20181027_061808 / lib_ip.py:4330] 
img.20181027_061806.2018-10-26_17-51-19_000.jpg.3.png 2
[20181027_061808 / lib_ip.py:3794] file = img.20181027_061806.2018-10-26_17-51-19_000.jpg.3.png / val_Average = 76.4695	val_Variance = 0.5330	sd = 0.7301	max = 78	min = 74
[20181027_061808 / lib_ip.py:3877] len(Hs) = 8100, len(Ss) = 8100, len(Vs) = 8100
[20181027_061809 / lib_ip.py:3932] yellow : average --> out of range (average = 76.470 / upper = 99.200 / lower = 88.000)
[20181027_061809 / lib_ip.py:3794] file = img.20181027_061806.2018-10-26_17-51-19_000.jpg.3.png / val_Average = 76.4695	val_Variance = 0.5330	sd = 0.7301	max = 78	min = 74
[20181027_061809 / lib_ip.py:3977] len(Hs) = 8100, len(Ss) = 8100, len(Vs) = 8100
[20181027_061809 / lib_ip.py:4023] red : variance --> out of range (variance = 0.533 / upper = 0.430 / lower = 0.000)
[20181027_061809 / lib_ip.py:3794] file = img.20181027_061806.2018-10-26_17-51-19_000.jpg.3.png / val_Average = 76.4695	val_Variance = 0.5330	sd = 0.7301	max = 78	min = 74
[20181027_061809 / lib_ip.py:4090] len(Hs) = 8100, len(Ss) = 8100, len(Vs) = 8100
[20181027_061809 / lib_ip.py:2273] inspecting ===> img.20181027_061806.2018-10-26_17-51-19_000.jpg.4.png
[20181027_061809 / lib_ip.py:4330] 
img.20181027_061806.2018-10-26_17-51-19_000.jpg.4.png 3
[20181027_061809 / lib_ip.py:3794] file = img.20181027_061806.2018-10-26_17-51-19_000.jpg.4.png / val_Average = 121.4375	val_Variance = 0.2570	sd = 0.5069	max = 123	min = 120
[20181027_061809 / lib_ip.py:3877] len(Hs) = 8100, len(Ss) = 8100, len(Vs) = 8100
[20181027_061809 / lib_ip.py:3932] yellow : average --> out of range (average = 121.438 / upper = 99.200 / lower = 88.000)
[20181027_061809 / lib_ip.py:3794] file = img.20181027_061806.2018-10-26_17-51-19_000.jpg.4.png / val_Average = 121.4375	val_Variance = 0.2570	sd = 0.5069	max = 123	min = 120
[20181027_061809 / lib_ip.py:3977] len(Hs) = 8100, len(Ss) = 8100, len(Vs) = 8100
[20181027_061809 / lib_ip.py:2273] inspecting ===> img.20181027_061806.2018-10-26_17-51-19_000.jpg.4.png
img.20181027_061806.2018-10-26_17-51-19_000.jpg.1.png => other
img.20181027_061806.2018-10-26_17-51-19_000.jpg.2.png => other
img.20181027_061806.2018-10-26_17-51-19_000.jpg.3.png => other
img.20181027_061806.2018-10-26_17-51-19_000.jpg.4.png => other
[20181027_061809 lib_ip.py:3300] =============== Get 4 corners
dpath_Images = C:\WORKS_2\WS\WS_Others.Art\JVEMV6\46_art\VIRTUAL\Admin_Projects\ip\images
fname_Image = img.20181027_061806.2018-10-26_17-51-19_000.jpg.4.png

[20181027_061810 / lib_ip.py:2273] inspecting ===> img.20181027_061810.2018-10-26_17-51-55_000.jpg.1.png
[20181027_061810 / lib_ip.py:4330] 
img.20181027_061810.2018-10-26_17-51-55_000.jpg.1.png 0
[20181027_061811 / lib_ip.py:3794] file = img.20181027_061810.2018-10-26_17-51-55_000.jpg.1.png / val_Average = 107.0025	val_Variance = 32.4267	sd = 5.6944	max = 135	min = 90
[20181027_061811 / lib_ip.py:3877] len(Hs) = 8100, len(Ss) = 8100, len(Vs) = 8100
[20181027_061811 / lib_ip.py:3910] yellow : variance --> out of range (variance = 32.427 / upper = 0.650 / lower = 0.000)
[20181027_061811 / lib_ip.py:3794] file = img.20181027_061810.2018-10-26_17-51-55_000.jpg.1.png / val_Average = 107.0025	val_Variance = 32.4267	sd = 5.6944	max = 135	min = 90
[20181027_061811 / lib_ip.py:3977] len(Hs) = 8100, len(Ss) = 8100, len(Vs) = 8100
[20181027_061811 / lib_ip.py:4023] red : variance --> out of range (variance = 32.427 / upper = 0.430 / lower = 0.000)
[20181027_061811 / lib_ip.py:3794] file = img.20181027_061810.2018-10-26_17-51-55_000.jpg.1.png / val_Average = 107.0025	val_Variance = 32.4267	sd = 5.6944	max = 135	min = 90
[20181027_061811 / lib_ip.py:4090] len(Hs) = 8100, len(Ss) = 8100, len(Vs) = 8100
[20181027_061811 / lib_ip.py:4137] green : variance --> out of range (variance = 32.427 / upper = 0.750 / lower = 0.000)
[20181027_061811 / lib_ip.py:3794] file = img.20181027_061810.2018-10-26_17-51-55_000.jpg.1.png / val_Average = 107.0025	val_Variance = 32.4267	sd = 5.6944	max = 135	min = 90
[20181027_061811 / lib_ip.py:4204] len(Hs) = 8100, len(Ss) = 8100, len(Vs) = 8100
[20181027_061811 / lib_ip.py:4248] black : variance --> out of range (variance = 32.427 / upper = 0.000 / lower = 0.000)
[20181027_061811 / lib_ip.py:4398] file : img.20181027_061810.2018-10-26_17-51-55_000.jpg.1.png 0 (black : variance --> out of range (variance = 32.427 / upper = 0.000 / lower = 0.000))
[20181027_061811 / lib_ip.py:2273] inspecting ===> img.20181027_061810.2018-10-26_17-51-55_000.jpg.2.png
[20181027_061812 / lib_ip.py:4330] 
img.20181027_061810.2018-10-26_17-51-55_000.jpg.2.png 1
[20181027_061812 / lib_ip.py:3794] file = img.20181027_061810.2018-10-26_17-51-55_000.jpg.2.png / val_Average = 109.1572	val_Variance = 1.4273	sd = 1.1947	max = 115	min = 107
[20181027_061812 / lib_ip.py:3877] len(Hs) = 8100, len(Ss) = 8100, len(Vs) = 8100
[20181027_061812 / lib_ip.py:3910] yellow : variance --> out of range (variance = 1.427 / upper = 0.650 / lower = 0.000)
[20181027_061812 / lib_ip.py:3794] file = img.20181027_061810.2018-10-26_17-51-55_000.jpg.2.png / val_Average = 109.1572	val_Variance = 1.4273	sd = 1.1947	max = 115	min = 107
[20181027_061812 / lib_ip.py:3977] len(Hs) = 8100, len(Ss) = 8100, len(Vs) = 8100
[20181027_061812 / lib_ip.py:4023] red : variance --> out of range (variance = 1.427 / upper = 0.430 / lower = 0.000)
[20181027_061812 / lib_ip.py:3794] file = img.20181027_061810.2018-10-26_17-51-55_000.jpg.2.png / val_Average = 109.1572	val_Variance = 1.4273	sd = 1.1947	max = 115	min = 107
[20181027_061812 / lib_ip.py:4090] len(Hs) = 8100, len(Ss) = 8100, len(Vs) = 8100
[20181027_061812 / lib_ip.py:4137] green : variance --> out of range (variance = 1.427 / upper = 0.750 / lower = 0.000)
[20181027_061812 / lib_ip.py:3794] file = img.20181027_061810.2018-10-26_17-51-55_000.jpg.2.png / val_Average = 109.1572	val_Variance = 1.4273	sd = 1.1947	max = 115	min = 107
[20181027_061812 / lib_ip.py:4204] len(Hs) = 8100, len(Ss) = 8100, len(Vs) = 8100
[20181027_061812 / lib_ip.py:4248] black : variance --> out of range (variance = 1.427 / upper = 0.000 / lower = 0.000)
[20181027_061812 / lib_ip.py:4398] file : img.20181027_061810.2018-10-26_17-51-55_000.jpg.2.png 1 (black : variance --> out of range (variance = 1.427 / upper = 0.000 / lower = 0.000))
[20181027_061812 / lib_ip.py:2273] inspecting ===> img.20181027_061810.2018-10-26_17-51-55_000.jpg.3.png
[20181027_061812 / lib_ip.py:4330] 
img.20181027_061810.2018-10-26_17-51-55_000.jpg.3.png 2
[20181027_061812 / lib_ip.py:3794] file = img.20181027_061810.2018-10-26_17-51-55_000.jpg.3.png / val_Average = 77.5011	val_Variance = 0.3860	sd = 0.6213	max = 79	min = 75
[20181027_061813 / lib_ip.py:3877] len(Hs) = 8100, len(Ss) = 8100, len(Vs) = 8100
[20181027_061813 / lib_ip.py:3932] yellow : average --> out of range (average = 77.501 / upper = 99.200 / lower = 88.000)
[20181027_061813 / lib_ip.py:3794] file = img.20181027_061810.2018-10-26_17-51-55_000.jpg.3.png / val_Average = 77.5011	val_Variance = 0.3860	sd = 0.6213	max = 79	min = 75
[20181027_061813 / lib_ip.py:3977] len(Hs) = 8100, len(Ss) = 8100, len(Vs) = 8100
[20181027_061813 / lib_ip.py:4048] red : average --> out of range (average = 77.501 / upper = 124.000 / lower = 115.000)
[20181027_061813 / lib_ip.py:3794] file = img.20181027_061810.2018-10-26_17-51-55_000.jpg.3.png / val_Average = 77.5011	val_Variance = 0.3860	sd = 0.6213	max = 79	min = 75
[20181027_061813 / lib_ip.py:4090] len(Hs) = 8100, len(Ss) = 8100, len(Vs) = 8100
[20181027_061813 / lib_ip.py:2273] inspecting ===> img.20181027_061810.2018-10-26_17-51-55_000.jpg.4.png
[20181027_061813 / lib_ip.py:4330] 
img.20181027_061810.2018-10-26_17-51-55_000.jpg.4.png 3
[20181027_061813 / lib_ip.py:3794] file = img.20181027_061810.2018-10-26_17-51-55_000.jpg.4.png / val_Average = 121.3023	val_Variance = 0.2825	sd = 0.5315	max = 123	min = 120
[20181027_061813 / lib_ip.py:3877] len(Hs) = 8100, len(Ss) = 8100, len(Vs) = 8100
[20181027_061813 / lib_ip.py:3932] yellow : average --> out of range (average = 121.302 / upper = 99.200 / lower = 88.000)
[20181027_061814 / lib_ip.py:3794] file = img.20181027_061810.2018-10-26_17-51-55_000.jpg.4.png / val_Average = 121.3023	val_Variance = 0.2825	sd = 0.5315	max = 123	min = 120
[20181027_061814 / lib_ip.py:3977] len(Hs) = 8100, len(Ss) = 8100, len(Vs) = 8100
[20181027_061813 / lib_ip.py:2273] inspecting ===> img.20181027_061810.2018-10-26_17-51-55_000.jpg.4.png
img.20181027_061810.2018-10-26_17-51-55_000.jpg.1.png => other
img.20181027_061810.2018-10-26_17-51-55_000.jpg.2.png => other
img.20181027_061810.2018-10-26_17-51-55_000.jpg.3.png => other
img.20181027_061810.2018-10-26_17-51-55_000.jpg.4.png => other
[20181027_061814 lib_ip.py:3300] =============== Get 4 corners
dpath_Images = C:\WORKS_2\WS\WS_Others.Art\JVEMV6\46_art\VIRTUAL\Admin_Projects\ip\images
fname_Image = img.20181027_061810.2018-10-26_17-51-55_000.jpg.4.png

[20181027_061814 / lib_ip.py:2273] inspecting ===> img.20181027_061814.2018-10-26_20-11-40_000.jpg.1.png
[20181027_061815 / lib_ip.py:4330] 
img.20181027_061814.2018-10-26_20-11-40_000.jpg.1.png 0
[20181027_061815 / lib_ip.py:3794] file = img.20181027_061814.2018-10-26_20-11-40_000.jpg.1.png / val_Average = 52.4737	val_Variance = 2071.1745	sd = 45.5102	max = 135	min = 0
[20181027_061815 / lib_ip.py:3877] len(Hs) = 8100, len(Ss) = 8100, len(Vs) = 8100
[20181027_061815 / lib_ip.py:3910] yellow : variance --> out of range (variance = 2071.174 / upper = 0.650 / lower = 0.000)
[20181027_061815 / lib_ip.py:3794] file = img.20181027_061814.2018-10-26_20-11-40_000.jpg.1.png / val_Average = 52.4737	val_Variance = 2071.1745	sd = 45.5102	max = 135	min = 0
[20181027_061815 / lib_ip.py:3977] len(Hs) = 8100, len(Ss) = 8100, len(Vs) = 8100
[20181027_061815 / lib_ip.py:4023] red : variance --> out of range (variance = 2071.174 / upper = 0.430 / lower = 0.000)
[20181027_061815 / lib_ip.py:3794] file = img.20181027_061814.2018-10-26_20-11-40_000.jpg.1.png / val_Average = 52.4737	val_Variance = 2071.1745	sd = 45.5102	max = 135	min = 0
[20181027_061815 / lib_ip.py:4090] len(Hs) = 8100, len(Ss) = 8100, len(Vs) = 8100
[20181027_061815 / lib_ip.py:4137] green : variance --> out of range (variance = 2071.174 / upper = 0.750 / lower = 0.000)
[20181027_061815 / lib_ip.py:3794] file = img.20181027_061814.2018-10-26_20-11-40_000.jpg.1.png / val_Average = 52.4737	val_Variance = 2071.1745	sd = 45.5102	max = 135	min = 0
[20181027_061815 / lib_ip.py:4204] len(Hs) = 8100, len(Ss) = 8100, len(Vs) = 8100
[20181027_061815 / lib_ip.py:4248] black : variance --> out of range (variance = 2071.174 / upper = 0.000 / lower = 0.000)
[20181027_061815 / lib_ip.py:4398] file : img.20181027_061814.2018-10-26_20-11-40_000.jpg.1.png 0 (black : variance --> out of range (variance = 2071.174 / upper = 0.000 / lower = 0.000))
[20181027_061815 / lib_ip.py:2273] inspecting ===> img.20181027_061814.2018-10-26_20-11-40_000.jpg.2.png
[20181027_061816 / lib_ip.py:4330] 
img.20181027_061814.2018-10-26_20-11-40_000.jpg.2.png 1
[20181027_061816 / lib_ip.py:3794] file = img.20181027_061814.2018-10-26_20-11-40_000.jpg.2.png / val_Average = 92.9154	val_Variance = 0.0774	sd = 0.2782	max = 93	min = 92
[20181027_061816 / lib_ip.py:3877] len(Hs) = 8100, len(Ss) = 8100, len(Vs) = 8100
[20181027_061816 / lib_ip.py:2273] inspecting ===> img.20181027_061814.2018-10-26_20-11-40_000.jpg.3.png
[20181027_061816 / lib_ip.py:4330] 
img.20181027_061814.2018-10-26_20-11-40_000.jpg.3.png 2
[20181027_061816 / lib_ip.py:3794] file = img.20181027_061814.2018-10-26_20-11-40_000.jpg.3.png / val_Average = 48.5443	val_Variance = 1856.6414	sd = 43.0888	max = 135	min = 0
[20181027_061816 / lib_ip.py:3877] len(Hs) = 8100, len(Ss) = 8100, len(Vs) = 8100
[20181027_061816 / lib_ip.py:3910] yellow : variance --> out of range (variance = 1856.641 / upper = 0.650 / lower = 0.000)
[20181027_061816 / lib_ip.py:3794] file = img.20181027_061814.2018-10-26_20-11-40_000.jpg.3.png / val_Average = 48.5443	val_Variance = 1856.6414	sd = 43.0888	max = 135	min = 0
[20181027_061817 / lib_ip.py:3977] len(Hs) = 8100, len(Ss) = 8100, len(Vs) = 8100
[20181027_061817 / lib_ip.py:4023] red : variance --> out of range (variance = 1856.641 / upper = 0.430 / lower = 0.000)
[20181027_061817 / lib_ip.py:3794] file = img.20181027_061814.2018-10-26_20-11-40_000.jpg.3.png / val_Average = 48.5443	val_Variance = 1856.6414	sd = 43.0888	max = 135	min = 0
[20181027_061817 / lib_ip.py:4090] len(Hs) = 8100, len(Ss) = 8100, len(Vs) = 8100
[20181027_061817 / lib_ip.py:4137] green : variance --> out of range (variance = 1856.641 / upper = 0.750 / lower = 0.000)
[20181027_061817 / lib_ip.py:3794] file = img.20181027_061814.2018-10-26_20-11-40_000.jpg.3.png / val_Average = 48.5443	val_Variance = 1856.6414	sd = 43.0888	max = 135	min = 0
[20181027_061817 / lib_ip.py:4204] len(Hs) = 8100, len(Ss) = 8100, len(Vs) = 8100
[20181027_061817 / lib_ip.py:4248] black : variance --> out of range (variance = 1856.641 / upper = 0.000 / lower = 0.000)
[20181027_061817 / lib_ip.py:4398] file : img.20181027_061814.2018-10-26_20-11-40_000.jpg.3.png 2 (black : variance --> out of range (variance = 1856.641 / upper = 0.000 / lower = 0.000))
[20181027_061817 / lib_ip.py:2273] inspecting ===> img.20181027_061814.2018-10-26_20-11-40_000.jpg.4.png
[20181027_061817 / lib_ip.py:4330] 
img.20181027_061814.2018-10-26_20-11-40_000.jpg.4.png 3
[20181027_061817 / lib_ip.py:3794] file = img.20181027_061814.2018-10-26_20-11-40_000.jpg.4.png / val_Average = 51.8483	val_Variance = 1530.2218	sd = 39.1180	max = 135	min = 0
[20181027_061817 / lib_ip.py:3877] len(Hs) = 8100, len(Ss) = 8100, len(Vs) = 8100
[20181027_061818 / lib_ip.py:3910] yellow : variance --> out of range (variance = 1530.222 / upper = 0.650 / lower = 0.000)
[20181027_061818 / lib_ip.py:3794] file = img.20181027_061814.2018-10-26_20-11-40_000.jpg.4.png / val_Average = 51.8483	val_Variance = 1530.2218	sd = 39.1180	max = 135	min = 0
[20181027_061818 / lib_ip.py:3977] len(Hs) = 8100, len(Ss) = 8100, len(Vs) = 8100
[20181027_061818 / lib_ip.py:4023] red : variance --> out of range (variance = 1530.222 / upper = 0.430 / lower = 0.000)
[20181027_061818 / lib_ip.py:3794] file = img.20181027_061814.2018-10-26_20-11-40_000.jpg.4.png / val_Average = 51.8483	val_Variance = 1530.2218	sd = 39.1180	max = 135	min = 0
[20181027_061818 / lib_ip.py:4090] len(Hs) = 8100, len(Ss) = 8100, len(Vs) = 8100
[20181027_061818 / lib_ip.py:4137] green : variance --> out of range (variance = 1530.222 / upper = 0.750 / lower = 0.000)
[20181027_061818 / lib_ip.py:3794] file = img.20181027_061814.2018-10-26_20-11-40_000.jpg.4.png / val_Average = 51.8483	val_Variance = 1530.2218	sd = 39.1180	max = 135	min = 0
[20181027_061818 / lib_ip.py:4204] len(Hs) = 8100, len(Ss) = 8100, len(Vs) = 8100
[20181027_061818 / lib_ip.py:4248] black : variance --> out of range (variance = 1530.222 / upper = 0.000 / lower = 0.000)
[20181027_061818 / lib_ip.py:4398] file : img.20181027_061814.2018-10-26_20-11-40_000.jpg.4.png 3 (black : variance --> out of range (variance = 1530.222 / upper = 0.000 / lower = 0.000))
[20181027_061817 / lib_ip.py:2273] inspecting ===> img.20181027_061814.2018-10-26_20-11-40_000.jpg.4.png
img.20181027_061814.2018-10-26_20-11-40_000.jpg.1.png => other
img.20181027_061814.2018-10-26_20-11-40_000.jpg.2.png => other
img.20181027_061814.2018-10-26_20-11-40_000.jpg.3.png => other
img.20181027_061814.2018-10-26_20-11-40_000.jpg.4.png => other
[20181027_061818 lib_ip.py:3300] =============== Get 4 corners
dpath_Images = C:\WORKS_2\WS\WS_Others.Art\JVEMV6\46_art\VIRTUAL\Admin_Projects\ip\images
fname_Image = img.20181027_061814.2018-10-26_20-11-40_000.jpg.4.png

[20181027_061819 / lib_ip.py:2273] inspecting ===> img.20181027_061819.2018-10-26_22-17-49_000.jpg.1.png
[20181027_061819 / lib_ip.py:4330] 
img.20181027_061819.2018-10-26_22-17-49_000.jpg.1.png 0
[20181027_061819 / lib_ip.py:3794] file = img.20181027_061819.2018-10-26_22-17-49_000.jpg.1.png / val_Average = 21.1773	val_Variance = 35.6678	sd = 5.9723	max = 45	min = 6
[20181027_061819 / lib_ip.py:3877] len(Hs) = 8100, len(Ss) = 8100, len(Vs) = 8100
[20181027_061819 / lib_ip.py:3910] yellow : variance --> out of range (variance = 35.668 / upper = 0.650 / lower = 0.000)
[20181027_061819 / lib_ip.py:3794] file = img.20181027_061819.2018-10-26_22-17-49_000.jpg.1.png / val_Average = 21.1773	val_Variance = 35.6678	sd = 5.9723	max = 45	min = 6
[20181027_061819 / lib_ip.py:3977] len(Hs) = 8100, len(Ss) = 8100, len(Vs) = 8100
[20181027_061820 / lib_ip.py:4023] red : variance --> out of range (variance = 35.668 / upper = 0.430 / lower = 0.000)
[20181027_061820 / lib_ip.py:3794] file = img.20181027_061819.2018-10-26_22-17-49_000.jpg.1.png / val_Average = 21.1773	val_Variance = 35.6678	sd = 5.9723	max = 45	min = 6
[20181027_061820 / lib_ip.py:4090] len(Hs) = 8100, len(Ss) = 8100, len(Vs) = 8100
[20181027_061820 / lib_ip.py:4137] green : variance --> out of range (variance = 35.668 / upper = 0.750 / lower = 0.000)
[20181027_061820 / lib_ip.py:3794] file = img.20181027_061819.2018-10-26_22-17-49_000.jpg.1.png / val_Average = 21.1773	val_Variance = 35.6678	sd = 5.9723	max = 45	min = 6
[20181027_061820 / lib_ip.py:4204] len(Hs) = 8100, len(Ss) = 8100, len(Vs) = 8100
[20181027_061820 / lib_ip.py:4248] black : variance --> out of range (variance = 35.668 / upper = 0.000 / lower = 0.000)
[20181027_061820 / lib_ip.py:4398] file : img.20181027_061819.2018-10-26_22-17-49_000.jpg.1.png 0 (black : variance --> out of range (variance = 35.668 / upper = 0.000 / lower = 0.000))
[20181027_061820 / lib_ip.py:2273] inspecting ===> img.20181027_061819.2018-10-26_22-17-49_000.jpg.2.png
[20181027_061820 / lib_ip.py:4330] 
img.20181027_061819.2018-10-26_22-17-49_000.jpg.2.png 1
[20181027_061820 / lib_ip.py:3794] file = img.20181027_061819.2018-10-26_22-17-49_000.jpg.2.png / val_Average = 99.9091	val_Variance = 5.1251	sd = 2.2639	max = 106	min = 94
[20181027_061820 / lib_ip.py:3877] len(Hs) = 8100, len(Ss) = 8100, len(Vs) = 8100
[20181027_061820 / lib_ip.py:3910] yellow : variance --> out of range (variance = 5.125 / upper = 0.650 / lower = 0.000)
[20181027_061820 / lib_ip.py:3794] file = img.20181027_061819.2018-10-26_22-17-49_000.jpg.2.png / val_Average = 99.9091	val_Variance = 5.1251	sd = 2.2639	max = 106	min = 94
[20181027_061820 / lib_ip.py:3977] len(Hs) = 8100, len(Ss) = 8100, len(Vs) = 8100
[20181027_061820 / lib_ip.py:4023] red : variance --> out of range (variance = 5.125 / upper = 0.430 / lower = 0.000)
[20181027_061820 / lib_ip.py:3794] file = img.20181027_061819.2018-10-26_22-17-49_000.jpg.2.png / val_Average = 99.9091	val_Variance = 5.1251	sd = 2.2639	max = 106	min = 94
[20181027_061821 / lib_ip.py:4090] len(Hs) = 8100, len(Ss) = 8100, len(Vs) = 8100
[20181027_061821 / lib_ip.py:4137] green : variance --> out of range (variance = 5.125 / upper = 0.750 / lower = 0.000)
[20181027_061821 / lib_ip.py:3794] file = img.20181027_061819.2018-10-26_22-17-49_000.jpg.2.png / val_Average = 99.9091	val_Variance = 5.1251	sd = 2.2639	max = 106	min = 94
[20181027_061821 / lib_ip.py:4204] len(Hs) = 8100, len(Ss) = 8100, len(Vs) = 8100
[20181027_061821 / lib_ip.py:4248] black : variance --> out of range (variance = 5.125 / upper = 0.000 / lower = 0.000)
[20181027_061821 / lib_ip.py:4398] file : img.20181027_061819.2018-10-26_22-17-49_000.jpg.2.png 1 (black : variance --> out of range (variance = 5.125 / upper = 0.000 / lower = 0.000))
[20181027_061821 / lib_ip.py:2273] inspecting ===> img.20181027_061819.2018-10-26_22-17-49_000.jpg.3.png
[20181027_061821 / lib_ip.py:4330] 
img.20181027_061819.2018-10-26_22-17-49_000.jpg.3.png 2
[20181027_061821 / lib_ip.py:3794] file = img.20181027_061819.2018-10-26_22-17-49_000.jpg.3.png / val_Average = 78.6419	val_Variance = 62.7378	sd = 7.9207	max = 100	min = 0
[20181027_061821 / lib_ip.py:3877] len(Hs) = 8100, len(Ss) = 8100, len(Vs) = 8100
[20181027_061821 / lib_ip.py:3910] yellow : variance --> out of range (variance = 62.738 / upper = 0.650 / lower = 0.000)
[20181027_061821 / lib_ip.py:3794] file = img.20181027_061819.2018-10-26_22-17-49_000.jpg.3.png / val_Average = 78.6419	val_Variance = 62.7378	sd = 7.9207	max = 100	min = 0
[20181027_061821 / lib_ip.py:3977] len(Hs) = 8100, len(Ss) = 8100, len(Vs) = 8100
[20181027_061822 / lib_ip.py:4023] red : variance --> out of range (variance = 62.738 / upper = 0.430 / lower = 0.000)
[20181027_061822 / lib_ip.py:3794] file = img.20181027_061819.2018-10-26_22-17-49_000.jpg.3.png / val_Average = 78.6419	val_Variance = 62.7378	sd = 7.9207	max = 100	min = 0
[20181027_061822 / lib_ip.py:4090] len(Hs) = 8100, len(Ss) = 8100, len(Vs) = 8100
[20181027_061822 / lib_ip.py:4137] green : variance --> out of range (variance = 62.738 / upper = 0.750 / lower = 0.000)
[20181027_061822 / lib_ip.py:3794] file = img.20181027_061819.2018-10-26_22-17-49_000.jpg.3.png / val_Average = 78.6419	val_Variance = 62.7378	sd = 7.9207	max = 100	min = 0
[20181027_061822 / lib_ip.py:4204] len(Hs) = 8100, len(Ss) = 8100, len(Vs) = 8100
[20181027_061822 / lib_ip.py:4248] black : variance --> out of range (variance = 62.738 / upper = 0.000 / lower = 0.000)
[20181027_061822 / lib_ip.py:4398] file : img.20181027_061819.2018-10-26_22-17-49_000.jpg.3.png 2 (black : variance --> out of range (variance = 62.738 / upper = 0.000 / lower = 0.000))
[20181027_061822 / lib_ip.py:2273] inspecting ===> img.20181027_061819.2018-10-26_22-17-49_000.jpg.4.png
[20181027_061822 / lib_ip.py:4330] 
img.20181027_061819.2018-10-26_22-17-49_000.jpg.4.png 3
[20181027_061822 / lib_ip.py:3794] file = img.20181027_061819.2018-10-26_22-17-49_000.jpg.4.png / val_Average = 104.5640	val_Variance = 1.0716	sd = 1.0352	max = 108	min = 101
[20181027_061822 / lib_ip.py:3877] len(Hs) = 8100, len(Ss) = 8100, len(Vs) = 8100
[20181027_061822 / lib_ip.py:3910] yellow : variance --> out of range (variance = 1.072 / upper = 0.650 / lower = 0.000)
[20181027_061823 / lib_ip.py:3794] file = img.20181027_061819.2018-10-26_22-17-49_000.jpg.4.png / val_Average = 104.5640	val_Variance = 1.0716	sd = 1.0352	max = 108	min = 101
[20181027_061823 / lib_ip.py:3977] len(Hs) = 8100, len(Ss) = 8100, len(Vs) = 8100
[20181027_061823 / lib_ip.py:4023] red : variance --> out of range (variance = 1.072 / upper = 0.430 / lower = 0.000)
[20181027_061823 / lib_ip.py:3794] file = img.20181027_061819.2018-10-26_22-17-49_000.jpg.4.png / val_Average = 104.5640	val_Variance = 1.0716	sd = 1.0352	max = 108	min = 101
[20181027_061823 / lib_ip.py:4090] len(Hs) = 8100, len(Ss) = 8100, len(Vs) = 8100
[20181027_061823 / lib_ip.py:4137] green : variance --> out of range (variance = 1.072 / upper = 0.750 / lower = 0.000)
[20181027_061823 / lib_ip.py:3794] file = img.20181027_061819.2018-10-26_22-17-49_000.jpg.4.png / val_Average = 104.5640	val_Variance = 1.0716	sd = 1.0352	max = 108	min = 101
[20181027_061823 / lib_ip.py:4204] len(Hs) = 8100, len(Ss) = 8100, len(Vs) = 8100
[20181027_061823 / lib_ip.py:4248] black : variance --> out of range (variance = 1.072 / upper = 0.000 / lower = 0.000)
[20181027_061823 / lib_ip.py:4398] file : img.20181027_061819.2018-10-26_22-17-49_000.jpg.4.png 3 (black : variance --> out of range (variance = 1.072 / upper = 0.000 / lower = 0.000))
[20181027_061822 / lib_ip.py:2273] inspecting ===> img.20181027_061819.2018-10-26_22-17-49_000.jpg.4.png
img.20181027_061819.2018-10-26_22-17-49_000.jpg.1.png => other
img.20181027_061819.2018-10-26_22-17-49_000.jpg.2.png => other
img.20181027_061819.2018-10-26_22-17-49_000.jpg.3.png => other
img.20181027_061819.2018-10-26_22-17-49_000.jpg.4.png => other
[20181027_061823 lib_ip.py:3300] =============== Get 4 corners
dpath_Images = C:\WORKS_2\WS\WS_Others.Art\JVEMV6\46_art\VIRTUAL\Admin_Projects\ip\images
fname_Image = img.20181027_061819.2018-10-26_22-17-49_000.jpg.4.png

[20181027_061824 / lib_ip.py:2273] inspecting ===> img.20181027_061823.2018-10-27_00-50-42_000.jpg.1.png
[20181027_061824 / lib_ip.py:4330] 
img.20181027_061823.2018-10-27_00-50-42_000.jpg.1.png 0
[20181027_061824 / lib_ip.py:3794] file = img.20181027_061823.2018-10-27_00-50-42_000.jpg.1.png / val_Average = 102.3240	val_Variance = 15.3637	sd = 3.9197	max = 120	min = 83
[20181027_061824 / lib_ip.py:3877] len(Hs) = 8100, len(Ss) = 8100, len(Vs) = 8100
[20181027_061824 / lib_ip.py:3910] yellow : variance --> out of range (variance = 15.364 / upper = 0.650 / lower = 0.000)
[20181027_061824 / lib_ip.py:3794] file = img.20181027_061823.2018-10-27_00-50-42_000.jpg.1.png / val_Average = 102.3240	val_Variance = 15.3637	sd = 3.9197	max = 120	min = 83
[20181027_061824 / lib_ip.py:3977] len(Hs) = 8100, len(Ss) = 8100, len(Vs) = 8100
[20181027_061824 / lib_ip.py:4023] red : variance --> out of range (variance = 15.364 / upper = 0.430 / lower = 0.000)
[20181027_061824 / lib_ip.py:3794] file = img.20181027_061823.2018-10-27_00-50-42_000.jpg.1.png / val_Average = 102.3240	val_Variance = 15.3637	sd = 3.9197	max = 120	min = 83
[20181027_061824 / lib_ip.py:4090] len(Hs) = 8100, len(Ss) = 8100, len(Vs) = 8100
[20181027_061824 / lib_ip.py:4137] green : variance --> out of range (variance = 15.364 / upper = 0.750 / lower = 0.000)
[20181027_061825 / lib_ip.py:3794] file = img.20181027_061823.2018-10-27_00-50-42_000.jpg.1.png / val_Average = 102.3240	val_Variance = 15.3637	sd = 3.9197	max = 120	min = 83
[20181027_061825 / lib_ip.py:4204] len(Hs) = 8100, len(Ss) = 8100, len(Vs) = 8100
[20181027_061825 / lib_ip.py:4248] black : variance --> out of range (variance = 15.364 / upper = 0.000 / lower = 0.000)
[20181027_061825 / lib_ip.py:4398] file : img.20181027_061823.2018-10-27_00-50-42_000.jpg.1.png 0 (black : variance --> out of range (variance = 15.364 / upper = 0.000 / lower = 0.000))
[20181027_061825 / lib_ip.py:2273] inspecting ===> img.20181027_061823.2018-10-27_00-50-42_000.jpg.2.png
[20181027_061825 / lib_ip.py:4330] 
img.20181027_061823.2018-10-27_00-50-42_000.jpg.2.png 1
[20181027_061825 / lib_ip.py:3794] file = img.20181027_061823.2018-10-27_00-50-42_000.jpg.2.png / val_Average = 99.8912	val_Variance = 15.7234	sd = 3.9653	max = 112	min = 82
[20181027_061825 / lib_ip.py:3877] len(Hs) = 8100, len(Ss) = 8100, len(Vs) = 8100
[20181027_061825 / lib_ip.py:3910] yellow : variance --> out of range (variance = 15.723 / upper = 0.650 / lower = 0.000)
[20181027_061825 / lib_ip.py:3794] file = img.20181027_061823.2018-10-27_00-50-42_000.jpg.2.png / val_Average = 99.8912	val_Variance = 15.7234	sd = 3.9653	max = 112	min = 82
[20181027_061825 / lib_ip.py:3977] len(Hs) = 8100, len(Ss) = 8100, len(Vs) = 8100
[20181027_061825 / lib_ip.py:4023] red : variance --> out of range (variance = 15.723 / upper = 0.430 / lower = 0.000)
[20181027_061825 / lib_ip.py:3794] file = img.20181027_061823.2018-10-27_00-50-42_000.jpg.2.png / val_Average = 99.8912	val_Variance = 15.7234	sd = 3.9653	max = 112	min = 82
[20181027_061825 / lib_ip.py:4090] len(Hs) = 8100, len(Ss) = 8100, len(Vs) = 8100
[20181027_061826 / lib_ip.py:4137] green : variance --> out of range (variance = 15.723 / upper = 0.750 / lower = 0.000)
[20181027_061826 / lib_ip.py:3794] file = img.20181027_061823.2018-10-27_00-50-42_000.jpg.2.png / val_Average = 99.8912	val_Variance = 15.7234	sd = 3.9653	max = 112	min = 82
[20181027_061826 / lib_ip.py:4204] len(Hs) = 8100, len(Ss) = 8100, len(Vs) = 8100
[20181027_061826 / lib_ip.py:4248] black : variance --> out of range (variance = 15.723 / upper = 0.000 / lower = 0.000)
[20181027_061826 / lib_ip.py:4398] file : img.20181027_061823.2018-10-27_00-50-42_000.jpg.2.png 1 (black : variance --> out of range (variance = 15.723 / upper = 0.000 / lower = 0.000))
[20181027_061826 / lib_ip.py:2273] inspecting ===> img.20181027_061823.2018-10-27_00-50-42_000.jpg.3.png
[20181027_061826 / lib_ip.py:4330] 
img.20181027_061823.2018-10-27_00-50-42_000.jpg.3.png 2
[20181027_061826 / lib_ip.py:3794] file = img.20181027_061823.2018-10-27_00-50-42_000.jpg.3.png / val_Average = 103.0874	val_Variance = 973.5699	sd = 31.2021	max = 175	min = 0
[20181027_061826 / lib_ip.py:3877] len(Hs) = 8100, len(Ss) = 8100, len(Vs) = 8100
[20181027_061826 / lib_ip.py:3910] yellow : variance --> out of range (variance = 973.570 / upper = 0.650 / lower = 0.000)
[20181027_061826 / lib_ip.py:3794] file = img.20181027_061823.2018-10-27_00-50-42_000.jpg.3.png / val_Average = 103.0874	val_Variance = 973.5699	sd = 31.2021	max = 175	min = 0
[20181027_061826 / lib_ip.py:3977] len(Hs) = 8100, len(Ss) = 8100, len(Vs) = 8100
[20181027_061826 / lib_ip.py:4023] red : variance --> out of range (variance = 973.570 / upper = 0.430 / lower = 0.000)
[20181027_061827 / lib_ip.py:3794] file = img.20181027_061823.2018-10-27_00-50-42_000.jpg.3.png / val_Average = 103.0874	val_Variance = 973.5699	sd = 31.2021	max = 175	min = 0
[20181027_061827 / lib_ip.py:4090] len(Hs) = 8100, len(Ss) = 8100, len(Vs) = 8100
[20181027_061827 / lib_ip.py:4137] green : variance --> out of range (variance = 973.570 / upper = 0.750 / lower = 0.000)
[20181027_061827 / lib_ip.py:3794] file = img.20181027_061823.2018-10-27_00-50-42_000.jpg.3.png / val_Average = 103.0874	val_Variance = 973.5699	sd = 31.2021	max = 175	min = 0
[20181027_061827 / lib_ip.py:4204] len(Hs) = 8100, len(Ss) = 8100, len(Vs) = 8100
[20181027_061827 / lib_ip.py:4248] black : variance --> out of range (variance = 973.570 / upper = 0.000 / lower = 0.000)
[20181027_061827 / lib_ip.py:4398] file : img.20181027_061823.2018-10-27_00-50-42_000.jpg.3.png 2 (black : variance --> out of range (variance = 973.570 / upper = 0.000 / lower = 0.000))
[20181027_061827 / lib_ip.py:2273] inspecting ===> img.20181027_061823.2018-10-27_00-50-42_000.jpg.4.png
[20181027_061827 / lib_ip.py:4330] 
img.20181027_061823.2018-10-27_00-50-42_000.jpg.4.png 3
[20181027_061827 / lib_ip.py:3794] file = img.20181027_061823.2018-10-27_00-50-42_000.jpg.4.png / val_Average = 81.1453	val_Variance = 418.9891	sd = 20.4692	max = 135	min = 0
[20181027_061827 / lib_ip.py:3877] len(Hs) = 8100, len(Ss) = 8100, len(Vs) = 8100
[20181027_061827 / lib_ip.py:3910] yellow : variance --> out of range (variance = 418.989 / upper = 0.650 / lower = 0.000)
[20181027_061827 / lib_ip.py:3794] file = img.20181027_061823.2018-10-27_00-50-42_000.jpg.4.png / val_Average = 81.1453	val_Variance = 418.9891	sd = 20.4692	max = 135	min = 0
[20181027_061828 / lib_ip.py:3977] len(Hs) = 8100, len(Ss) = 8100, len(Vs) = 8100
[20181027_061828 / lib_ip.py:4023] red : variance --> out of range (variance = 418.989 / upper = 0.430 / lower = 0.000)
[20181027_061828 / lib_ip.py:3794] file = img.20181027_061823.2018-10-27_00-50-42_000.jpg.4.png / val_Average = 81.1453	val_Variance = 418.9891	sd = 20.4692	max = 135	min = 0
[20181027_061828 / lib_ip.py:4090] len(Hs) = 8100, len(Ss) = 8100, len(Vs) = 8100
[20181027_061828 / lib_ip.py:4137] green : variance --> out of range (variance = 418.989 / upper = 0.750 / lower = 0.000)
[20181027_061828 / lib_ip.py:3794] file = img.20181027_061823.2018-10-27_00-50-42_000.jpg.4.png / val_Average = 81.1453	val_Variance = 418.9891	sd = 20.4692	max = 135	min = 0
[20181027_061828 / lib_ip.py:4204] len(Hs) = 8100, len(Ss) = 8100, len(Vs) = 8100
[20181027_061828 / lib_ip.py:4248] black : variance --> out of range (variance = 418.989 / upper = 0.000 / lower = 0.000)
[20181027_061828 / lib_ip.py:4398] file : img.20181027_061823.2018-10-27_00-50-42_000.jpg.4.png 3 (black : variance --> out of range (variance = 418.989 / upper = 0.000 / lower = 0.000))
[20181027_061827 / lib_ip.py:2273] inspecting ===> img.20181027_061823.2018-10-27_00-50-42_000.jpg.4.png
img.20181027_061823.2018-10-27_00-50-42_000.jpg.1.png => other
img.20181027_061823.2018-10-27_00-50-42_000.jpg.2.png => other
img.20181027_061823.2018-10-27_00-50-42_000.jpg.3.png => other
img.20181027_061823.2018-10-27_00-50-42_000.jpg.4.png => other
[20181027_061828 lib_ip.py:3300] =============== Get 4 corners
dpath_Images = C:\WORKS_2\WS\WS_Others.Art\JVEMV6\46_art\VIRTUAL\Admin_Projects\ip\images
fname_Image = img.20181027_061823.2018-10-27_00-50-42_000.jpg.4.png

[20181027_061829 / lib_ip.py:2273] inspecting ===> img.20181027_061828.2018-10-27_06-02-31_000.jpg.1.png
[20181027_061829 / lib_ip.py:4330] 
img.20181027_061828.2018-10-27_06-02-31_000.jpg.1.png 0
[20181027_061829 / lib_ip.py:3794] file = img.20181027_061828.2018-10-27_06-02-31_000.jpg.1.png / val_Average = 79.1784	val_Variance = 4349.5651	sd = 65.9512	max = 176	min = 0
[20181027_061829 / lib_ip.py:3877] len(Hs) = 8100, len(Ss) = 8100, len(Vs) = 8100
[20181027_061829 / lib_ip.py:3910] yellow : variance --> out of range (variance = 4349.565 / upper = 0.650 / lower = 0.000)
[20181027_061829 / lib_ip.py:3794] file = img.20181027_061828.2018-10-27_06-02-31_000.jpg.1.png / val_Average = 79.1784	val_Variance = 4349.5651	sd = 65.9512	max = 176	min = 0
[20181027_061829 / lib_ip.py:3977] len(Hs) = 8100, len(Ss) = 8100, len(Vs) = 8100
[20181027_061829 / lib_ip.py:4023] red : variance --> out of range (variance = 4349.565 / upper = 0.430 / lower = 0.000)
[20181027_061829 / lib_ip.py:3794] file = img.20181027_061828.2018-10-27_06-02-31_000.jpg.1.png / val_Average = 79.1784	val_Variance = 4349.5651	sd = 65.9512	max = 176	min = 0
[20181027_061829 / lib_ip.py:4090] len(Hs) = 8100, len(Ss) = 8100, len(Vs) = 8100
[20181027_061829 / lib_ip.py:4137] green : variance --> out of range (variance = 4349.565 / upper = 0.750 / lower = 0.000)
[20181027_061829 / lib_ip.py:3794] file = img.20181027_061828.2018-10-27_06-02-31_000.jpg.1.png / val_Average = 79.1784	val_Variance = 4349.5651	sd = 65.9512	max = 176	min = 0
[20181027_061829 / lib_ip.py:4204] len(Hs) = 8100, len(Ss) = 8100, len(Vs) = 8100
[20181027_061830 / lib_ip.py:4248] black : variance --> out of range (variance = 4349.565 / upper = 0.000 / lower = 0.000)
[20181027_061830 / lib_ip.py:4398] file : img.20181027_061828.2018-10-27_06-02-31_000.jpg.1.png 0 (black : variance --> out of range (variance = 4349.565 / upper = 0.000 / lower = 0.000))
[20181027_061830 / lib_ip.py:2273] inspecting ===> img.20181027_061828.2018-10-27_06-02-31_000.jpg.2.png
[20181027_061830 / lib_ip.py:4330] 
img.20181027_061828.2018-10-27_06-02-31_000.jpg.2.png 1
[20181027_061830 / lib_ip.py:3794] file = img.20181027_061828.2018-10-27_06-02-31_000.jpg.2.png / val_Average = 75.8326	val_Variance = 0.1540	sd = 0.3924	max = 77	min = 75
[20181027_061830 / lib_ip.py:3877] len(Hs) = 8100, len(Ss) = 8100, len(Vs) = 8100
[20181027_061830 / lib_ip.py:3932] yellow : average --> out of range (average = 75.833 / upper = 99.200 / lower = 88.000)
[20181027_061830 / lib_ip.py:3794] file = img.20181027_061828.2018-10-27_06-02-31_000.jpg.2.png / val_Average = 75.8326	val_Variance = 0.1540	sd = 0.3924	max = 77	min = 75
[20181027_061830 / lib_ip.py:3977] len(Hs) = 8100, len(Ss) = 8100, len(Vs) = 8100
[20181027_061830 / lib_ip.py:4048] red : average --> out of range (average = 75.833 / upper = 124.000 / lower = 115.000)
[20181027_061830 / lib_ip.py:3794] file = img.20181027_061828.2018-10-27_06-02-31_000.jpg.2.png / val_Average = 75.8326	val_Variance = 0.1540	sd = 0.3924	max = 77	min = 75
[20181027_061830 / lib_ip.py:4090] len(Hs) = 8100, len(Ss) = 8100, len(Vs) = 8100
[20181027_061830 / lib_ip.py:2273] inspecting ===> img.20181027_061828.2018-10-27_06-02-31_000.jpg.3.png
[20181027_061831 / lib_ip.py:4330] 
img.20181027_061828.2018-10-27_06-02-31_000.jpg.3.png 2
[20181027_061831 / lib_ip.py:3794] file = img.20181027_061828.2018-10-27_06-02-31_000.jpg.3.png / val_Average = 100.3465	val_Variance = 155.0287	sd = 12.4511	max = 135	min = 0
[20181027_061831 / lib_ip.py:3877] len(Hs) = 8100, len(Ss) = 8100, len(Vs) = 8100
[20181027_061831 / lib_ip.py:3910] yellow : variance --> out of range (variance = 155.029 / upper = 0.650 / lower = 0.000)
[20181027_061831 / lib_ip.py:3794] file = img.20181027_061828.2018-10-27_06-02-31_000.jpg.3.png / val_Average = 100.3465	val_Variance = 155.0287	sd = 12.4511	max = 135	min = 0
[20181027_061831 / lib_ip.py:3977] len(Hs) = 8100, len(Ss) = 8100, len(Vs) = 8100
[20181027_061831 / lib_ip.py:4023] red : variance --> out of range (variance = 155.029 / upper = 0.430 / lower = 0.000)
[20181027_061831 / lib_ip.py:3794] file = img.20181027_061828.2018-10-27_06-02-31_000.jpg.3.png / val_Average = 100.3465	val_Variance = 155.0287	sd = 12.4511	max = 135	min = 0
[20181027_061831 / lib_ip.py:4090] len(Hs) = 8100, len(Ss) = 8100, len(Vs) = 8100
[20181027_061831 / lib_ip.py:4137] green : variance --> out of range (variance = 155.029 / upper = 0.750 / lower = 0.000)
[20181027_061831 / lib_ip.py:3794] file = img.20181027_061828.2018-10-27_06-02-31_000.jpg.3.png / val_Average = 100.3465	val_Variance = 155.0287	sd = 12.4511	max = 135	min = 0
[20181027_061831 / lib_ip.py:4204] len(Hs) = 8100, len(Ss) = 8100, len(Vs) = 8100
[20181027_061831 / lib_ip.py:4248] black : variance --> out of range (variance = 155.029 / upper = 0.000 / lower = 0.000)
[20181027_061831 / lib_ip.py:4398] file : img.20181027_061828.2018-10-27_06-02-31_000.jpg.3.png 2 (black : variance --> out of range (variance = 155.029 / upper = 0.000 / lower = 0.000))
[20181027_061832 / lib_ip.py:2273] inspecting ===> img.20181027_061828.2018-10-27_06-02-31_000.jpg.4.png
[20181027_061832 / lib_ip.py:4330] 
img.20181027_061828.2018-10-27_06-02-31_000.jpg.4.png 3
[20181027_061832 / lib_ip.py:3794] file = img.20181027_061828.2018-10-27_06-02-31_000.jpg.4.png / val_Average = 74.4540	val_Variance = 0.3296	sd = 0.5741	max = 76	min = 73
[20181027_061832 / lib_ip.py:3877] len(Hs) = 8100, len(Ss) = 8100, len(Vs) = 8100
[20181027_061832 / lib_ip.py:3932] yellow : average --> out of range (average = 74.454 / upper = 99.200 / lower = 88.000)
[20181027_061832 / lib_ip.py:3794] file = img.20181027_061828.2018-10-27_06-02-31_000.jpg.4.png / val_Average = 74.4540	val_Variance = 0.3296	sd = 0.5741	max = 76	min = 73
[20181027_061832 / lib_ip.py:3977] len(Hs) = 8100, len(Ss) = 8100, len(Vs) = 8100
[20181027_061832 / lib_ip.py:4048] red : average --> out of range (average = 74.454 / upper = 124.000 / lower = 115.000)
[20181027_061832 / lib_ip.py:3794] file = img.20181027_061828.2018-10-27_06-02-31_000.jpg.4.png / val_Average = 74.4540	val_Variance = 0.3296	sd = 0.5741	max = 76	min = 73
[20181027_061832 / lib_ip.py:4090] len(Hs) = 8100, len(Ss) = 8100, len(Vs) = 8100
[20181027_061832 / lib_ip.py:2273] inspecting ===> img.20181027_061828.2018-10-27_06-02-31_000.jpg.4.png
img.20181027_061828.2018-10-27_06-02-31_000.jpg.1.png => other
img.20181027_061828.2018-10-27_06-02-31_000.jpg.2.png => other
img.20181027_061828.2018-10-27_06-02-31_000.jpg.3.png => other
img.20181027_061828.2018-10-27_06-02-31_000.jpg.4.png => other
[20181027_061832 lib_ip.py:3300] =============== Get 4 corners
dpath_Images = C:\WORKS_2\WS\WS_Others.Art\JVEMV6\46_art\VIRTUAL\Admin_Projects\ip\images
fname_Image = img.20181027_061828.2018-10-27_06-02-31_000.jpg.4.png

[20181027_061832 / views.py:1411] gen csv => complete (20181027_061832)(elapsed = 61.724 sec / 13 files / 4.748 sec per file)
1)	2018-10-26_09-12-40_000.jpg => 	other other green green 
2)	2018-10-26_10-11-37_000.jpg => 	other other yellow other 
3)	2018-10-26_15-17-20_000.jpg => 	red yellow other other 
4)	2018-10-26_15-34-36_000.jpg => 	green green other other 
5)	2018-10-26_17-15-57_000.jpg => 	green other red other 
6)	2018-10-26_17-16-05_000.jpg => 	green other red other 
7)	2018-10-26_17-22-17_000.jpg => 	other other green green 
8)	2018-10-26_17-51-19_000.jpg => 	other other green red 
9)	2018-10-26_17-51-55_000.jpg => 	other other green red 
10)	2018-10-26_20-11-40_000.jpg => 	other yellow other other 
11)	2018-10-26_22-17-49_000.jpg => 	other other other other 
12)	2018-10-27_00-50-42_000.jpg => 	other other other other 
13)	2018-10-27_06-02-31_000.jpg => 	other green other green 
[20181027_061833 / views.py:1797] lo_ColorName_Set__Modified_2 =>
1)	2018-10-26_09-12-40_000.jpg => 	g g o o 
2)	2018-10-26_10-11-37_000.jpg => 	o o o y 
3)	2018-10-26_15-17-20_000.jpg => 	o o r y 
4)	2018-10-26_15-34-36_000.jpg => 	g g o o 
5)	2018-10-26_17-15-57_000.jpg => 	g o o r 
6)	2018-10-26_17-16-05_000.jpg => 	g o o r 
7)	2018-10-26_17-22-17_000.jpg => 	g g o o 
8)	2018-10-26_17-51-19_000.jpg => 	g o o r 
9)	2018-10-26_17-51-55_000.jpg => 	g o o r 
10)	2018-10-26_20-11-40_000.jpg => 	o o o y 
11)	2018-10-26_22-17-49_000.jpg => 	o o o o 
12)	2018-10-27_00-50-42_000.jpg => 	o o o o 
13)	2018-10-27_06-02-31_000.jpg => 	g g o o 
[20181027_061834 / views.py:1908] gen_Cake_CSV(request) ==> ending... =======================//

