[20181115_070309 / views.py:1877] gen_Cake_CSV(request) ==> starting... =======================
[20181115_070311 / lib_ip.py:2273] inspecting ===> img.20181115_070311.2018-11-12_13-42-32_000.jpg.1.png
[20181115_070311 / lib_ip.py:4331] 
img.20181115_070311.2018-11-12_13-42-32_000.jpg.1.png 0 ---------------------
[20181115_070311 / lib_ip.py:3794] file = img.20181115_070311.2018-11-12_13-42-32_000.jpg.1.png / val_Average = 90.7804	val_Variance = 35.5724	sd = 5.9643	max = 107	min = 77
[20181115_070311 / lib_ip.py:3877] len(Hs) = 8100, len(Ss) = 8100, len(Vs) = 8100
[20181115_070311 / lib_ip.py:3910] yellow : variance --> out of range (variance = 35.572 / upper = 0.650 / lower = 0.000)
[20181115_070311 / lib_ip.py:3794] file = img.20181115_070311.2018-11-12_13-42-32_000.jpg.1.png / val_Average = 90.7804	val_Variance = 35.5724	sd = 5.9643	max = 107	min = 77
[20181115_070311 / lib_ip.py:3977] len(Hs) = 8100, len(Ss) = 8100, len(Vs) = 8100
[20181115_070312 / lib_ip.py:4023] red : variance --> out of range (variance = 35.572 / upper = 0.430 / lower = 0.000)
[20181115_070312 / lib_ip.py:3794] file = img.20181115_070311.2018-11-12_13-42-32_000.jpg.1.png / val_Average = 90.7804	val_Variance = 35.5724	sd = 5.9643	max = 107	min = 77
[20181115_070312 / lib_ip.py:4090] len(Hs) = 8100, len(Ss) = 8100, len(Vs) = 8100
[20181115_070312 / lib_ip.py:4137] green : variance --> out of range (variance = 35.572 / upper = 0.760 / lower = 0.000)
[20181115_070312 / lib_ip.py:3794] file = img.20181115_070311.2018-11-12_13-42-32_000.jpg.1.png / val_Average = 90.7804	val_Variance = 35.5724	sd = 5.9643	max = 107	min = 77
[20181115_070312 / lib_ip.py:4204] len(Hs) = 8100, len(Ss) = 8100, len(Vs) = 8100
[20181115_070312 / lib_ip.py:4248] black : variance --> out of range (variance = 35.572 / upper = 0.000 / lower = 0.000)
[20181115_070312 / lib_ip.py:4399] file : img.20181115_070311.2018-11-12_13-42-32_000.jpg.1.png 0 (black : variance --> out of range (variance = 35.572 / upper = 0.000 / lower = 0.000))
[20181115_070312 / lib_ip.py:2273] inspecting ===> img.20181115_070311.2018-11-12_13-42-32_000.jpg.2.png
[20181115_070312 / lib_ip.py:4331] 
img.20181115_070311.2018-11-12_13-42-32_000.jpg.2.png 1 ---------------------
[20181115_070312 / lib_ip.py:3794] file = img.20181115_070311.2018-11-12_13-42-32_000.jpg.2.png / val_Average = 92.5800	val_Variance = 0.2483	sd = 0.4983	max = 94	min = 91
[20181115_070312 / lib_ip.py:3877] len(Hs) = 8100, len(Ss) = 8100, len(Vs) = 8100
[20181115_070313 / lib_ip.py:2273] inspecting ===> img.20181115_070311.2018-11-12_13-42-32_000.jpg.3.png
[20181115_070313 / lib_ip.py:4331] 
img.20181115_070311.2018-11-12_13-42-32_000.jpg.3.png 2 ---------------------
[20181115_070313 / lib_ip.py:3794] file = img.20181115_070311.2018-11-12_13-42-32_000.jpg.3.png / val_Average = 105.5598	val_Variance = 0.6161	sd = 0.7849	max = 108	min = 102
[20181115_070313 / lib_ip.py:3877] len(Hs) = 8100, len(Ss) = 8100, len(Vs) = 8100
[20181115_070313 / lib_ip.py:3932] yellow : average --> out of range (average = 105.560 / upper = 99.200 / lower = 88.000)
[20181115_070313 / lib_ip.py:3794] file = img.20181115_070311.2018-11-12_13-42-32_000.jpg.3.png / val_Average = 105.5598	val_Variance = 0.6161	sd = 0.7849	max = 108	min = 102
[20181115_070313 / lib_ip.py:3977] len(Hs) = 8100, len(Ss) = 8100, len(Vs) = 8100
[20181115_070313 / lib_ip.py:4023] red : variance --> out of range (variance = 0.616 / upper = 0.430 / lower = 0.000)
[20181115_070313 / lib_ip.py:3794] file = img.20181115_070311.2018-11-12_13-42-32_000.jpg.3.png / val_Average = 105.5598	val_Variance = 0.6161	sd = 0.7849	max = 108	min = 102
[20181115_070313 / lib_ip.py:4090] len(Hs) = 8100, len(Ss) = 8100, len(Vs) = 8100
[20181115_070313 / lib_ip.py:4162] green : average --> out of range (average = 105.560 / upper = 83.000 / lower = 58.000)
[20181115_070313 / lib_ip.py:3794] file = img.20181115_070311.2018-11-12_13-42-32_000.jpg.3.png / val_Average = 105.5598	val_Variance = 0.6161	sd = 0.7849	max = 108	min = 102
[20181115_070313 / lib_ip.py:4204] len(Hs) = 8100, len(Ss) = 8100, len(Vs) = 8100
[20181115_070314 / lib_ip.py:4248] black : variance --> out of range (variance = 0.616 / upper = 0.000 / lower = 0.000)
[20181115_070314 / lib_ip.py:4399] file : img.20181115_070311.2018-11-12_13-42-32_000.jpg.3.png 2 (black : variance --> out of range (variance = 0.616 / upper = 0.000 / lower = 0.000))
[20181115_070314 / lib_ip.py:2273] inspecting ===> img.20181115_070311.2018-11-12_13-42-32_000.jpg.4.png
[20181115_070314 / lib_ip.py:4331] 
img.20181115_070311.2018-11-12_13-42-32_000.jpg.4.png 3 ---------------------
[20181115_070314 / lib_ip.py:3794] file = img.20181115_070311.2018-11-12_13-42-32_000.jpg.4.png / val_Average = 104.8436	val_Variance = 7.9453	sd = 2.8187	max = 115	min = 98
[20181115_070314 / lib_ip.py:3877] len(Hs) = 8100, len(Ss) = 8100, len(Vs) = 8100
[20181115_070314 / lib_ip.py:3910] yellow : variance --> out of range (variance = 7.945 / upper = 0.650 / lower = 0.000)
[20181115_070314 / lib_ip.py:3794] file = img.20181115_070311.2018-11-12_13-42-32_000.jpg.4.png / val_Average = 104.8436	val_Variance = 7.9453	sd = 2.8187	max = 115	min = 98
[20181115_070314 / lib_ip.py:3977] len(Hs) = 8100, len(Ss) = 8100, len(Vs) = 8100
[20181115_070314 / lib_ip.py:4023] red : variance --> out of range (variance = 7.945 / upper = 0.430 / lower = 0.000)
[20181115_070314 / lib_ip.py:3794] file = img.20181115_070311.2018-11-12_13-42-32_000.jpg.4.png / val_Average = 104.8436	val_Variance = 7.9453	sd = 2.8187	max = 115	min = 98
[20181115_070314 / lib_ip.py:4090] len(Hs) = 8100, len(Ss) = 8100, len(Vs) = 8100
[20181115_070314 / lib_ip.py:4137] green : variance --> out of range (variance = 7.945 / upper = 0.760 / lower = 0.000)
[20181115_070314 / lib_ip.py:3794] file = img.20181115_070311.2018-11-12_13-42-32_000.jpg.4.png / val_Average = 104.8436	val_Variance = 7.9453	sd = 2.8187	max = 115	min = 98
[20181115_070314 / lib_ip.py:4204] len(Hs) = 8100, len(Ss) = 8100, len(Vs) = 8100
[20181115_070314 / lib_ip.py:4248] black : variance --> out of range (variance = 7.945 / upper = 0.000 / lower = 0.000)
[20181115_070314 / lib_ip.py:4399] file : img.20181115_070311.2018-11-12_13-42-32_000.jpg.4.png 3 (black : variance --> out of range (variance = 7.945 / upper = 0.000 / lower = 0.000))
[20181115_070314 / lib_ip.py:2273] inspecting ===> img.20181115_070311.2018-11-12_13-42-32_000.jpg.4.png
img.20181115_070311.2018-11-12_13-42-32_000.jpg.1.png => other
img.20181115_070311.2018-11-12_13-42-32_000.jpg.2.png => other
img.20181115_070311.2018-11-12_13-42-32_000.jpg.3.png => other
img.20181115_070311.2018-11-12_13-42-32_000.jpg.4.png => other
[20181115_070314 lib_ip.py:3300] =============== Get 4 corners
dpath_Images = C:\WORKS_2\WS\WS_Others.Art\JVEMV6\46_art\VIRTUAL\Admin_Projects\ip\images
fname_Image = img.20181115_070311.2018-11-12_13-42-32_000.jpg.4.png

[20181115_070315 / lib_ip.py:2273] inspecting ===> img.20181115_070315.2018-11-12_16-35-52_000.jpg.1.png
[20181115_070315 / lib_ip.py:4331] 
img.20181115_070315.2018-11-12_16-35-52_000.jpg.1.png 0 ---------------------
[20181115_070315 / lib_ip.py:3794] file = img.20181115_070315.2018-11-12_16-35-52_000.jpg.1.png / val_Average = 76.5711	val_Variance = 0.2852	sd = 0.5340	max = 77	min = 75
[20181115_070315 / lib_ip.py:3877] len(Hs) = 8100, len(Ss) = 8100, len(Vs) = 8100
[20181115_070315 / lib_ip.py:3932] yellow : average --> out of range (average = 76.571 / upper = 99.200 / lower = 88.000)
[20181115_070316 / lib_ip.py:3794] file = img.20181115_070315.2018-11-12_16-35-52_000.jpg.1.png / val_Average = 76.5711	val_Variance = 0.2852	sd = 0.5340	max = 77	min = 75
[20181115_070316 / lib_ip.py:3977] len(Hs) = 8100, len(Ss) = 8100, len(Vs) = 8100
[20181115_070316 / lib_ip.py:4048] red : average --> out of range (average = 76.571 / upper = 124.000 / lower = 115.000)
[20181115_070316 / lib_ip.py:3794] file = img.20181115_070315.2018-11-12_16-35-52_000.jpg.1.png / val_Average = 76.5711	val_Variance = 0.2852	sd = 0.5340	max = 77	min = 75
[20181115_070316 / lib_ip.py:4090] len(Hs) = 8100, len(Ss) = 8100, len(Vs) = 8100
[20181115_070316 / lib_ip.py:2273] inspecting ===> img.20181115_070315.2018-11-12_16-35-52_000.jpg.2.png
[20181115_070316 / lib_ip.py:4331] 
img.20181115_070315.2018-11-12_16-35-52_000.jpg.2.png 1 ---------------------
[20181115_070316 / lib_ip.py:3794] file = img.20181115_070315.2018-11-12_16-35-52_000.jpg.2.png / val_Average = 110.0058	val_Variance = 23.7910	sd = 4.8776	max = 123	min = 84
[20181115_070316 / lib_ip.py:3877] len(Hs) = 8100, len(Ss) = 8100, len(Vs) = 8100
[20181115_070316 / lib_ip.py:3910] yellow : variance --> out of range (variance = 23.791 / upper = 0.650 / lower = 0.000)
[20181115_070316 / lib_ip.py:3794] file = img.20181115_070315.2018-11-12_16-35-52_000.jpg.2.png / val_Average = 110.0058	val_Variance = 23.7910	sd = 4.8776	max = 123	min = 84
[20181115_070316 / lib_ip.py:3977] len(Hs) = 8100, len(Ss) = 8100, len(Vs) = 8100
[20181115_070316 / lib_ip.py:4023] red : variance --> out of range (variance = 23.791 / upper = 0.430 / lower = 0.000)
[20181115_070316 / lib_ip.py:3794] file = img.20181115_070315.2018-11-12_16-35-52_000.jpg.2.png / val_Average = 110.0058	val_Variance = 23.7910	sd = 4.8776	max = 123	min = 84
[20181115_070316 / lib_ip.py:4090] len(Hs) = 8100, len(Ss) = 8100, len(Vs) = 8100
[20181115_070316 / lib_ip.py:4137] green : variance --> out of range (variance = 23.791 / upper = 0.760 / lower = 0.000)
[20181115_070317 / lib_ip.py:3794] file = img.20181115_070315.2018-11-12_16-35-52_000.jpg.2.png / val_Average = 110.0058	val_Variance = 23.7910	sd = 4.8776	max = 123	min = 84
[20181115_070317 / lib_ip.py:4204] len(Hs) = 8100, len(Ss) = 8100, len(Vs) = 8100
[20181115_070317 / lib_ip.py:4248] black : variance --> out of range (variance = 23.791 / upper = 0.000 / lower = 0.000)
[20181115_070317 / lib_ip.py:4399] file : img.20181115_070315.2018-11-12_16-35-52_000.jpg.2.png 1 (black : variance --> out of range (variance = 23.791 / upper = 0.000 / lower = 0.000))
[20181115_070317 / lib_ip.py:2273] inspecting ===> img.20181115_070315.2018-11-12_16-35-52_000.jpg.3.png
[20181115_070317 / lib_ip.py:4331] 
img.20181115_070315.2018-11-12_16-35-52_000.jpg.3.png 2 ---------------------
[20181115_070317 / lib_ip.py:3794] file = img.20181115_070315.2018-11-12_16-35-52_000.jpg.3.png / val_Average = 119.9754	val_Variance = 0.0487	sd = 0.2206	max = 121	min = 119
[20181115_070317 / lib_ip.py:3877] len(Hs) = 8100, len(Ss) = 8100, len(Vs) = 8100
[20181115_070317 / lib_ip.py:3932] yellow : average --> out of range (average = 119.975 / upper = 99.200 / lower = 88.000)
[20181115_070317 / lib_ip.py:3794] file = img.20181115_070315.2018-11-12_16-35-52_000.jpg.3.png / val_Average = 119.9754	val_Variance = 0.0487	sd = 0.2206	max = 121	min = 119
[20181115_070317 / lib_ip.py:3977] len(Hs) = 8100, len(Ss) = 8100, len(Vs) = 8100
[20181115_070317 / lib_ip.py:2273] inspecting ===> img.20181115_070315.2018-11-12_16-35-52_000.jpg.4.png
[20181115_070318 / lib_ip.py:4331] 
img.20181115_070315.2018-11-12_16-35-52_000.jpg.4.png 3 ---------------------
[20181115_070318 / lib_ip.py:3794] file = img.20181115_070315.2018-11-12_16-35-52_000.jpg.4.png / val_Average = 127.5488	val_Variance = 82.9908	sd = 9.1099	max = 159	min = 102
[20181115_070318 / lib_ip.py:3877] len(Hs) = 8100, len(Ss) = 8100, len(Vs) = 8100
[20181115_070318 / lib_ip.py:3910] yellow : variance --> out of range (variance = 82.991 / upper = 0.650 / lower = 0.000)
[20181115_070318 / lib_ip.py:3794] file = img.20181115_070315.2018-11-12_16-35-52_000.jpg.4.png / val_Average = 127.5488	val_Variance = 82.9908	sd = 9.1099	max = 159	min = 102
[20181115_070318 / lib_ip.py:3977] len(Hs) = 8100, len(Ss) = 8100, len(Vs) = 8100
[20181115_070318 / lib_ip.py:4023] red : variance --> out of range (variance = 82.991 / upper = 0.430 / lower = 0.000)
[20181115_070318 / lib_ip.py:3794] file = img.20181115_070315.2018-11-12_16-35-52_000.jpg.4.png / val_Average = 127.5488	val_Variance = 82.9908	sd = 9.1099	max = 159	min = 102
[20181115_070318 / lib_ip.py:4090] len(Hs) = 8100, len(Ss) = 8100, len(Vs) = 8100
[20181115_070318 / lib_ip.py:4137] green : variance --> out of range (variance = 82.991 / upper = 0.760 / lower = 0.000)
[20181115_070318 / lib_ip.py:3794] file = img.20181115_070315.2018-11-12_16-35-52_000.jpg.4.png / val_Average = 127.5488	val_Variance = 82.9908	sd = 9.1099	max = 159	min = 102
[20181115_070318 / lib_ip.py:4204] len(Hs) = 8100, len(Ss) = 8100, len(Vs) = 8100
[20181115_070318 / lib_ip.py:4248] black : variance --> out of range (variance = 82.991 / upper = 0.000 / lower = 0.000)
[20181115_070318 / lib_ip.py:4399] file : img.20181115_070315.2018-11-12_16-35-52_000.jpg.4.png 3 (black : variance --> out of range (variance = 82.991 / upper = 0.000 / lower = 0.000))
[20181115_070317 / lib_ip.py:2273] inspecting ===> img.20181115_070315.2018-11-12_16-35-52_000.jpg.4.png
img.20181115_070315.2018-11-12_16-35-52_000.jpg.1.png => other
img.20181115_070315.2018-11-12_16-35-52_000.jpg.2.png => other
img.20181115_070315.2018-11-12_16-35-52_000.jpg.3.png => other
img.20181115_070315.2018-11-12_16-35-52_000.jpg.4.png => other
[20181115_070318 lib_ip.py:3300] =============== Get 4 corners
dpath_Images = C:\WORKS_2\WS\WS_Others.Art\JVEMV6\46_art\VIRTUAL\Admin_Projects\ip\images
fname_Image = img.20181115_070315.2018-11-12_16-35-52_000.jpg.4.png

[20181115_070319 / lib_ip.py:2273] inspecting ===> img.20181115_070319.2018-11-12_18-07-56_000.jpg.1.png
[20181115_070319 / lib_ip.py:4331] 
img.20181115_070319.2018-11-12_18-07-56_000.jpg.1.png 0 ---------------------
[20181115_070319 / lib_ip.py:3794] file = img.20181115_070319.2018-11-12_18-07-56_000.jpg.1.png / val_Average = 108.6715	val_Variance = 175.7342	sd = 13.2565	max = 135	min = 0
[20181115_070319 / lib_ip.py:3877] len(Hs) = 8100, len(Ss) = 8100, len(Vs) = 8100
[20181115_070319 / lib_ip.py:3910] yellow : variance --> out of range (variance = 175.734 / upper = 0.650 / lower = 0.000)
[20181115_070319 / lib_ip.py:3794] file = img.20181115_070319.2018-11-12_18-07-56_000.jpg.1.png / val_Average = 108.6715	val_Variance = 175.7342	sd = 13.2565	max = 135	min = 0
[20181115_070319 / lib_ip.py:3977] len(Hs) = 8100, len(Ss) = 8100, len(Vs) = 8100
[20181115_070319 / lib_ip.py:4023] red : variance --> out of range (variance = 175.734 / upper = 0.430 / lower = 0.000)
[20181115_070320 / lib_ip.py:3794] file = img.20181115_070319.2018-11-12_18-07-56_000.jpg.1.png / val_Average = 108.6715	val_Variance = 175.7342	sd = 13.2565	max = 135	min = 0
[20181115_070320 / lib_ip.py:4090] len(Hs) = 8100, len(Ss) = 8100, len(Vs) = 8100
[20181115_070320 / lib_ip.py:4137] green : variance --> out of range (variance = 175.734 / upper = 0.760 / lower = 0.000)
[20181115_070320 / lib_ip.py:3794] file = img.20181115_070319.2018-11-12_18-07-56_000.jpg.1.png / val_Average = 108.6715	val_Variance = 175.7342	sd = 13.2565	max = 135	min = 0
[20181115_070320 / lib_ip.py:4204] len(Hs) = 8100, len(Ss) = 8100, len(Vs) = 8100
[20181115_070320 / lib_ip.py:4248] black : variance --> out of range (variance = 175.734 / upper = 0.000 / lower = 0.000)
[20181115_070320 / lib_ip.py:4399] file : img.20181115_070319.2018-11-12_18-07-56_000.jpg.1.png 0 (black : variance --> out of range (variance = 175.734 / upper = 0.000 / lower = 0.000))
[20181115_070320 / lib_ip.py:2273] inspecting ===> img.20181115_070319.2018-11-12_18-07-56_000.jpg.2.png
[20181115_070320 / lib_ip.py:4331] 
img.20181115_070319.2018-11-12_18-07-56_000.jpg.2.png 1 ---------------------
[20181115_070320 / lib_ip.py:3794] file = img.20181115_070319.2018-11-12_18-07-56_000.jpg.2.png / val_Average = 107.1844	val_Variance = 2.9593	sd = 1.7203	max = 114	min = 99
[20181115_070320 / lib_ip.py:3877] len(Hs) = 8100, len(Ss) = 8100, len(Vs) = 8100
[20181115_070320 / lib_ip.py:3910] yellow : variance --> out of range (variance = 2.959 / upper = 0.650 / lower = 0.000)
[20181115_070320 / lib_ip.py:3794] file = img.20181115_070319.2018-11-12_18-07-56_000.jpg.2.png / val_Average = 107.1844	val_Variance = 2.9593	sd = 1.7203	max = 114	min = 99
[20181115_070320 / lib_ip.py:3977] len(Hs) = 8100, len(Ss) = 8100, len(Vs) = 8100
[20181115_070320 / lib_ip.py:4023] red : variance --> out of range (variance = 2.959 / upper = 0.430 / lower = 0.000)
[20181115_070320 / lib_ip.py:3794] file = img.20181115_070319.2018-11-12_18-07-56_000.jpg.2.png / val_Average = 107.1844	val_Variance = 2.9593	sd = 1.7203	max = 114	min = 99
[20181115_070320 / lib_ip.py:4090] len(Hs) = 8100, len(Ss) = 8100, len(Vs) = 8100
[20181115_070320 / lib_ip.py:4137] green : variance --> out of range (variance = 2.959 / upper = 0.760 / lower = 0.000)
[20181115_070321 / lib_ip.py:3794] file = img.20181115_070319.2018-11-12_18-07-56_000.jpg.2.png / val_Average = 107.1844	val_Variance = 2.9593	sd = 1.7203	max = 114	min = 99
[20181115_070321 / lib_ip.py:4204] len(Hs) = 8100, len(Ss) = 8100, len(Vs) = 8100
[20181115_070321 / lib_ip.py:4248] black : variance --> out of range (variance = 2.959 / upper = 0.000 / lower = 0.000)
[20181115_070321 / lib_ip.py:4399] file : img.20181115_070319.2018-11-12_18-07-56_000.jpg.2.png 1 (black : variance --> out of range (variance = 2.959 / upper = 0.000 / lower = 0.000))
[20181115_070321 / lib_ip.py:2273] inspecting ===> img.20181115_070319.2018-11-12_18-07-56_000.jpg.3.png
[20181115_070321 / lib_ip.py:4331] 
img.20181115_070319.2018-11-12_18-07-56_000.jpg.3.png 2 ---------------------
[20181115_070321 / lib_ip.py:3794] file = img.20181115_070319.2018-11-12_18-07-56_000.jpg.3.png / val_Average = 120.5179	val_Variance = 0.2613	sd = 0.5112	max = 122	min = 119
[20181115_070321 / lib_ip.py:3877] len(Hs) = 8100, len(Ss) = 8100, len(Vs) = 8100
[20181115_070321 / lib_ip.py:3932] yellow : average --> out of range (average = 120.518 / upper = 99.200 / lower = 88.000)
[20181115_070321 / lib_ip.py:3794] file = img.20181115_070319.2018-11-12_18-07-56_000.jpg.3.png / val_Average = 120.5179	val_Variance = 0.2613	sd = 0.5112	max = 122	min = 119
[20181115_070321 / lib_ip.py:3977] len(Hs) = 8100, len(Ss) = 8100, len(Vs) = 8100
[20181115_070321 / lib_ip.py:2273] inspecting ===> img.20181115_070319.2018-11-12_18-07-56_000.jpg.4.png
[20181115_070322 / lib_ip.py:4331] 
img.20181115_070319.2018-11-12_18-07-56_000.jpg.4.png 3 ---------------------
[20181115_070322 / lib_ip.py:3794] file = img.20181115_070319.2018-11-12_18-07-56_000.jpg.4.png / val_Average = 78.9300	val_Variance = 0.2118	sd = 0.4602	max = 80	min = 78
[20181115_070322 / lib_ip.py:3877] len(Hs) = 8100, len(Ss) = 8100, len(Vs) = 8100
[20181115_070322 / lib_ip.py:3932] yellow : average --> out of range (average = 78.930 / upper = 99.200 / lower = 88.000)
[20181115_070322 / lib_ip.py:3794] file = img.20181115_070319.2018-11-12_18-07-56_000.jpg.4.png / val_Average = 78.9300	val_Variance = 0.2118	sd = 0.4602	max = 80	min = 78
[20181115_070322 / lib_ip.py:3977] len(Hs) = 8100, len(Ss) = 8100, len(Vs) = 8100
[20181115_070322 / lib_ip.py:4048] red : average --> out of range (average = 78.930 / upper = 124.000 / lower = 115.000)
[20181115_070322 / lib_ip.py:3794] file = img.20181115_070319.2018-11-12_18-07-56_000.jpg.4.png / val_Average = 78.9300	val_Variance = 0.2118	sd = 0.4602	max = 80	min = 78
[20181115_070322 / lib_ip.py:4090] len(Hs) = 8100, len(Ss) = 8100, len(Vs) = 8100
[20181115_070321 / lib_ip.py:2273] inspecting ===> img.20181115_070319.2018-11-12_18-07-56_000.jpg.4.png
img.20181115_070319.2018-11-12_18-07-56_000.jpg.1.png => other
img.20181115_070319.2018-11-12_18-07-56_000.jpg.2.png => other
img.20181115_070319.2018-11-12_18-07-56_000.jpg.3.png => other
img.20181115_070319.2018-11-12_18-07-56_000.jpg.4.png => other
[20181115_070322 lib_ip.py:3300] =============== Get 4 corners
dpath_Images = C:\WORKS_2\WS\WS_Others.Art\JVEMV6\46_art\VIRTUAL\Admin_Projects\ip\images
fname_Image = img.20181115_070319.2018-11-12_18-07-56_000.jpg.4.png

[20181115_070323 / lib_ip.py:2273] inspecting ===> img.20181115_070323.2018-11-12_18-08-23_000.jpg.1.png
[20181115_070323 / lib_ip.py:4331] 
img.20181115_070323.2018-11-12_18-08-23_000.jpg.1.png 0 ---------------------
[20181115_070323 / lib_ip.py:3794] file = img.20181115_070323.2018-11-12_18-08-23_000.jpg.1.png / val_Average = 104.6084	val_Variance = 94.1980	sd = 9.7056	max = 135	min = 0
[20181115_070323 / lib_ip.py:3877] len(Hs) = 8100, len(Ss) = 8100, len(Vs) = 8100
[20181115_070323 / lib_ip.py:3910] yellow : variance --> out of range (variance = 94.198 / upper = 0.650 / lower = 0.000)
[20181115_070323 / lib_ip.py:3794] file = img.20181115_070323.2018-11-12_18-08-23_000.jpg.1.png / val_Average = 104.6084	val_Variance = 94.1980	sd = 9.7056	max = 135	min = 0
[20181115_070324 / lib_ip.py:3977] len(Hs) = 8100, len(Ss) = 8100, len(Vs) = 8100
[20181115_070324 / lib_ip.py:4023] red : variance --> out of range (variance = 94.198 / upper = 0.430 / lower = 0.000)
[20181115_070324 / lib_ip.py:3794] file = img.20181115_070323.2018-11-12_18-08-23_000.jpg.1.png / val_Average = 104.6084	val_Variance = 94.1980	sd = 9.7056	max = 135	min = 0
[20181115_070324 / lib_ip.py:4090] len(Hs) = 8100, len(Ss) = 8100, len(Vs) = 8100
[20181115_070324 / lib_ip.py:4137] green : variance --> out of range (variance = 94.198 / upper = 0.760 / lower = 0.000)
[20181115_070324 / lib_ip.py:3794] file = img.20181115_070323.2018-11-12_18-08-23_000.jpg.1.png / val_Average = 104.6084	val_Variance = 94.1980	sd = 9.7056	max = 135	min = 0
[20181115_070324 / lib_ip.py:4204] len(Hs) = 8100, len(Ss) = 8100, len(Vs) = 8100
[20181115_070324 / lib_ip.py:4248] black : variance --> out of range (variance = 94.198 / upper = 0.000 / lower = 0.000)
[20181115_070324 / lib_ip.py:4399] file : img.20181115_070323.2018-11-12_18-08-23_000.jpg.1.png 0 (black : variance --> out of range (variance = 94.198 / upper = 0.000 / lower = 0.000))
[20181115_070324 / lib_ip.py:2273] inspecting ===> img.20181115_070323.2018-11-12_18-08-23_000.jpg.2.png
[20181115_070324 / lib_ip.py:4331] 
img.20181115_070323.2018-11-12_18-08-23_000.jpg.2.png 1 ---------------------
[20181115_070324 / lib_ip.py:3794] file = img.20181115_070323.2018-11-12_18-08-23_000.jpg.2.png / val_Average = 109.5993	val_Variance = 3.1103	sd = 1.7636	max = 118	min = 103
[20181115_070324 / lib_ip.py:3877] len(Hs) = 8100, len(Ss) = 8100, len(Vs) = 8100
[20181115_070324 / lib_ip.py:3910] yellow : variance --> out of range (variance = 3.110 / upper = 0.650 / lower = 0.000)
[20181115_070324 / lib_ip.py:3794] file = img.20181115_070323.2018-11-12_18-08-23_000.jpg.2.png / val_Average = 109.5993	val_Variance = 3.1103	sd = 1.7636	max = 118	min = 103
[20181115_070324 / lib_ip.py:3977] len(Hs) = 8100, len(Ss) = 8100, len(Vs) = 8100
[20181115_070324 / lib_ip.py:4023] red : variance --> out of range (variance = 3.110 / upper = 0.430 / lower = 0.000)
[20181115_070324 / lib_ip.py:3794] file = img.20181115_070323.2018-11-12_18-08-23_000.jpg.2.png / val_Average = 109.5993	val_Variance = 3.1103	sd = 1.7636	max = 118	min = 103
[20181115_070324 / lib_ip.py:4090] len(Hs) = 8100, len(Ss) = 8100, len(Vs) = 8100
[20181115_070325 / lib_ip.py:4137] green : variance --> out of range (variance = 3.110 / upper = 0.760 / lower = 0.000)
[20181115_070325 / lib_ip.py:3794] file = img.20181115_070323.2018-11-12_18-08-23_000.jpg.2.png / val_Average = 109.5993	val_Variance = 3.1103	sd = 1.7636	max = 118	min = 103
[20181115_070325 / lib_ip.py:4204] len(Hs) = 8100, len(Ss) = 8100, len(Vs) = 8100
[20181115_070325 / lib_ip.py:4248] black : variance --> out of range (variance = 3.110 / upper = 0.000 / lower = 0.000)
[20181115_070325 / lib_ip.py:4399] file : img.20181115_070323.2018-11-12_18-08-23_000.jpg.2.png 1 (black : variance --> out of range (variance = 3.110 / upper = 0.000 / lower = 0.000))
[20181115_070325 / lib_ip.py:2273] inspecting ===> img.20181115_070323.2018-11-12_18-08-23_000.jpg.3.png
[20181115_070325 / lib_ip.py:4331] 
img.20181115_070323.2018-11-12_18-08-23_000.jpg.3.png 2 ---------------------
[20181115_070325 / lib_ip.py:3794] file = img.20181115_070323.2018-11-12_18-08-23_000.jpg.3.png / val_Average = 120.2404	val_Variance = 0.2722	sd = 0.5217	max = 121	min = 119
[20181115_070325 / lib_ip.py:3877] len(Hs) = 8100, len(Ss) = 8100, len(Vs) = 8100
[20181115_070325 / lib_ip.py:3932] yellow : average --> out of range (average = 120.240 / upper = 99.200 / lower = 88.000)
[20181115_070325 / lib_ip.py:3794] file = img.20181115_070323.2018-11-12_18-08-23_000.jpg.3.png / val_Average = 120.2404	val_Variance = 0.2722	sd = 0.5217	max = 121	min = 119
[20181115_070325 / lib_ip.py:3977] len(Hs) = 8100, len(Ss) = 8100, len(Vs) = 8100
[20181115_070325 / lib_ip.py:2273] inspecting ===> img.20181115_070323.2018-11-12_18-08-23_000.jpg.4.png
[20181115_070326 / lib_ip.py:4331] 
img.20181115_070323.2018-11-12_18-08-23_000.jpg.4.png 3 ---------------------
[20181115_070326 / lib_ip.py:3794] file = img.20181115_070323.2018-11-12_18-08-23_000.jpg.4.png / val_Average = 78.1884	val_Variance = 0.2090	sd = 0.4571	max = 80	min = 77
[20181115_070326 / lib_ip.py:3877] len(Hs) = 8100, len(Ss) = 8100, len(Vs) = 8100
[20181115_070326 / lib_ip.py:3932] yellow : average --> out of range (average = 78.188 / upper = 99.200 / lower = 88.000)
[20181115_070326 / lib_ip.py:3794] file = img.20181115_070323.2018-11-12_18-08-23_000.jpg.4.png / val_Average = 78.1884	val_Variance = 0.2090	sd = 0.4571	max = 80	min = 77
[20181115_070326 / lib_ip.py:3977] len(Hs) = 8100, len(Ss) = 8100, len(Vs) = 8100
[20181115_070326 / lib_ip.py:4048] red : average --> out of range (average = 78.188 / upper = 124.000 / lower = 115.000)
[20181115_070326 / lib_ip.py:3794] file = img.20181115_070323.2018-11-12_18-08-23_000.jpg.4.png / val_Average = 78.1884	val_Variance = 0.2090	sd = 0.4571	max = 80	min = 77
[20181115_070326 / lib_ip.py:4090] len(Hs) = 8100, len(Ss) = 8100, len(Vs) = 8100
[20181115_070325 / lib_ip.py:2273] inspecting ===> img.20181115_070323.2018-11-12_18-08-23_000.jpg.4.png
img.20181115_070323.2018-11-12_18-08-23_000.jpg.1.png => other
img.20181115_070323.2018-11-12_18-08-23_000.jpg.2.png => other
img.20181115_070323.2018-11-12_18-08-23_000.jpg.3.png => other
img.20181115_070323.2018-11-12_18-08-23_000.jpg.4.png => other
[20181115_070326 lib_ip.py:3300] =============== Get 4 corners
dpath_Images = C:\WORKS_2\WS\WS_Others.Art\JVEMV6\46_art\VIRTUAL\Admin_Projects\ip\images
fname_Image = img.20181115_070323.2018-11-12_18-08-23_000.jpg.4.png

[20181115_070327 / lib_ip.py:2273] inspecting ===> img.20181115_070327.2018-11-12_18-09-11_000.jpg.1.png
[20181115_070327 / lib_ip.py:4331] 
img.20181115_070327.2018-11-12_18-09-11_000.jpg.1.png 0 ---------------------
[20181115_070327 / lib_ip.py:3794] file = img.20181115_070327.2018-11-12_18-09-11_000.jpg.1.png / val_Average = 108.8509	val_Variance = 97.5178	sd = 9.8751	max = 160	min = 84
[20181115_070327 / lib_ip.py:3877] len(Hs) = 8100, len(Ss) = 8100, len(Vs) = 8100
[20181115_070327 / lib_ip.py:3910] yellow : variance --> out of range (variance = 97.518 / upper = 0.650 / lower = 0.000)
[20181115_070327 / lib_ip.py:3794] file = img.20181115_070327.2018-11-12_18-09-11_000.jpg.1.png / val_Average = 108.8509	val_Variance = 97.5178	sd = 9.8751	max = 160	min = 84
[20181115_070327 / lib_ip.py:3977] len(Hs) = 8100, len(Ss) = 8100, len(Vs) = 8100
[20181115_070327 / lib_ip.py:4023] red : variance --> out of range (variance = 97.518 / upper = 0.430 / lower = 0.000)
[20181115_070327 / lib_ip.py:3794] file = img.20181115_070327.2018-11-12_18-09-11_000.jpg.1.png / val_Average = 108.8509	val_Variance = 97.5178	sd = 9.8751	max = 160	min = 84
[20181115_070327 / lib_ip.py:4090] len(Hs) = 8100, len(Ss) = 8100, len(Vs) = 8100
[20181115_070328 / lib_ip.py:4137] green : variance --> out of range (variance = 97.518 / upper = 0.760 / lower = 0.000)
[20181115_070328 / lib_ip.py:3794] file = img.20181115_070327.2018-11-12_18-09-11_000.jpg.1.png / val_Average = 108.8509	val_Variance = 97.5178	sd = 9.8751	max = 160	min = 84
[20181115_070328 / lib_ip.py:4204] len(Hs) = 8100, len(Ss) = 8100, len(Vs) = 8100
[20181115_070328 / lib_ip.py:4248] black : variance --> out of range (variance = 97.518 / upper = 0.000 / lower = 0.000)
[20181115_070328 / lib_ip.py:4399] file : img.20181115_070327.2018-11-12_18-09-11_000.jpg.1.png 0 (black : variance --> out of range (variance = 97.518 / upper = 0.000 / lower = 0.000))
[20181115_070328 / lib_ip.py:2273] inspecting ===> img.20181115_070327.2018-11-12_18-09-11_000.jpg.2.png
[20181115_070328 / lib_ip.py:4331] 
img.20181115_070327.2018-11-12_18-09-11_000.jpg.2.png 1 ---------------------
[20181115_070328 / lib_ip.py:3794] file = img.20181115_070327.2018-11-12_18-09-11_000.jpg.2.png / val_Average = 109.4917	val_Variance = 4.8393	sd = 2.1998	max = 120	min = 103
[20181115_070328 / lib_ip.py:3877] len(Hs) = 8100, len(Ss) = 8100, len(Vs) = 8100
[20181115_070328 / lib_ip.py:3910] yellow : variance --> out of range (variance = 4.839 / upper = 0.650 / lower = 0.000)
[20181115_070328 / lib_ip.py:3794] file = img.20181115_070327.2018-11-12_18-09-11_000.jpg.2.png / val_Average = 109.4917	val_Variance = 4.8393	sd = 2.1998	max = 120	min = 103
[20181115_070328 / lib_ip.py:3977] len(Hs) = 8100, len(Ss) = 8100, len(Vs) = 8100
[20181115_070328 / lib_ip.py:4023] red : variance --> out of range (variance = 4.839 / upper = 0.430 / lower = 0.000)
[20181115_070328 / lib_ip.py:3794] file = img.20181115_070327.2018-11-12_18-09-11_000.jpg.2.png / val_Average = 109.4917	val_Variance = 4.8393	sd = 2.1998	max = 120	min = 103
[20181115_070328 / lib_ip.py:4090] len(Hs) = 8100, len(Ss) = 8100, len(Vs) = 8100
[20181115_070328 / lib_ip.py:4137] green : variance --> out of range (variance = 4.839 / upper = 0.760 / lower = 0.000)
[20181115_070329 / lib_ip.py:3794] file = img.20181115_070327.2018-11-12_18-09-11_000.jpg.2.png / val_Average = 109.4917	val_Variance = 4.8393	sd = 2.1998	max = 120	min = 103
[20181115_070329 / lib_ip.py:4204] len(Hs) = 8100, len(Ss) = 8100, len(Vs) = 8100
[20181115_070329 / lib_ip.py:4248] black : variance --> out of range (variance = 4.839 / upper = 0.000 / lower = 0.000)
[20181115_070329 / lib_ip.py:4399] file : img.20181115_070327.2018-11-12_18-09-11_000.jpg.2.png 1 (black : variance --> out of range (variance = 4.839 / upper = 0.000 / lower = 0.000))
[20181115_070329 / lib_ip.py:2273] inspecting ===> img.20181115_070327.2018-11-12_18-09-11_000.jpg.3.png
[20181115_070329 / lib_ip.py:4331] 
img.20181115_070327.2018-11-12_18-09-11_000.jpg.3.png 2 ---------------------
[20181115_070329 / lib_ip.py:3794] file = img.20181115_070327.2018-11-12_18-09-11_000.jpg.3.png / val_Average = 120.4023	val_Variance = 0.2540	sd = 0.5040	max = 122	min = 119
[20181115_070329 / lib_ip.py:3877] len(Hs) = 8100, len(Ss) = 8100, len(Vs) = 8100
[20181115_070329 / lib_ip.py:3932] yellow : average --> out of range (average = 120.402 / upper = 99.200 / lower = 88.000)
[20181115_070329 / lib_ip.py:3794] file = img.20181115_070327.2018-11-12_18-09-11_000.jpg.3.png / val_Average = 120.4023	val_Variance = 0.2540	sd = 0.5040	max = 122	min = 119
[20181115_070329 / lib_ip.py:3977] len(Hs) = 8100, len(Ss) = 8100, len(Vs) = 8100
[20181115_070329 / lib_ip.py:2273] inspecting ===> img.20181115_070327.2018-11-12_18-09-11_000.jpg.4.png
[20181115_070329 / lib_ip.py:4331] 
img.20181115_070327.2018-11-12_18-09-11_000.jpg.4.png 3 ---------------------
[20181115_070330 / lib_ip.py:3794] file = img.20181115_070327.2018-11-12_18-09-11_000.jpg.4.png / val_Average = 79.0673	val_Variance = 0.2087	sd = 0.4568	max = 81	min = 78
[20181115_070330 / lib_ip.py:3877] len(Hs) = 8100, len(Ss) = 8100, len(Vs) = 8100
[20181115_070330 / lib_ip.py:3932] yellow : average --> out of range (average = 79.067 / upper = 99.200 / lower = 88.000)
[20181115_070330 / lib_ip.py:3794] file = img.20181115_070327.2018-11-12_18-09-11_000.jpg.4.png / val_Average = 79.0673	val_Variance = 0.2087	sd = 0.4568	max = 81	min = 78
[20181115_070330 / lib_ip.py:3977] len(Hs) = 8100, len(Ss) = 8100, len(Vs) = 8100
[20181115_070330 / lib_ip.py:4048] red : average --> out of range (average = 79.067 / upper = 124.000 / lower = 115.000)
[20181115_070330 / lib_ip.py:3794] file = img.20181115_070327.2018-11-12_18-09-11_000.jpg.4.png / val_Average = 79.0673	val_Variance = 0.2087	sd = 0.4568	max = 81	min = 78
[20181115_070330 / lib_ip.py:4090] len(Hs) = 8100, len(Ss) = 8100, len(Vs) = 8100
[20181115_070329 / lib_ip.py:2273] inspecting ===> img.20181115_070327.2018-11-12_18-09-11_000.jpg.4.png
img.20181115_070327.2018-11-12_18-09-11_000.jpg.1.png => other
img.20181115_070327.2018-11-12_18-09-11_000.jpg.2.png => other
img.20181115_070327.2018-11-12_18-09-11_000.jpg.3.png => other
img.20181115_070327.2018-11-12_18-09-11_000.jpg.4.png => other
[20181115_070330 lib_ip.py:3300] =============== Get 4 corners
dpath_Images = C:\WORKS_2\WS\WS_Others.Art\JVEMV6\46_art\VIRTUAL\Admin_Projects\ip\images
fname_Image = img.20181115_070327.2018-11-12_18-09-11_000.jpg.4.png

[20181115_070331 / lib_ip.py:2273] inspecting ===> img.20181115_070330.2018-11-12_18-46-01_000.jpg.1.png
[20181115_070331 / lib_ip.py:4331] 
img.20181115_070330.2018-11-12_18-46-01_000.jpg.1.png 0 ---------------------
[20181115_070331 / lib_ip.py:3794] file = img.20181115_070330.2018-11-12_18-46-01_000.jpg.1.png / val_Average = 106.0323	val_Variance = 1.0903	sd = 1.0442	max = 110	min = 103
[20181115_070331 / lib_ip.py:3877] len(Hs) = 8100, len(Ss) = 8100, len(Vs) = 8100
[20181115_070331 / lib_ip.py:3910] yellow : variance --> out of range (variance = 1.090 / upper = 0.650 / lower = 0.000)
[20181115_070331 / lib_ip.py:3794] file = img.20181115_070330.2018-11-12_18-46-01_000.jpg.1.png / val_Average = 106.0323	val_Variance = 1.0903	sd = 1.0442	max = 110	min = 103
[20181115_070331 / lib_ip.py:3977] len(Hs) = 8100, len(Ss) = 8100, len(Vs) = 8100
[20181115_070331 / lib_ip.py:4023] red : variance --> out of range (variance = 1.090 / upper = 0.430 / lower = 0.000)
[20181115_070331 / lib_ip.py:3794] file = img.20181115_070330.2018-11-12_18-46-01_000.jpg.1.png / val_Average = 106.0323	val_Variance = 1.0903	sd = 1.0442	max = 110	min = 103
[20181115_070331 / lib_ip.py:4090] len(Hs) = 8100, len(Ss) = 8100, len(Vs) = 8100
[20181115_070332 / lib_ip.py:4137] green : variance --> out of range (variance = 1.090 / upper = 0.760 / lower = 0.000)
[20181115_070332 / lib_ip.py:3794] file = img.20181115_070330.2018-11-12_18-46-01_000.jpg.1.png / val_Average = 106.0323	val_Variance = 1.0903	sd = 1.0442	max = 110	min = 103
[20181115_070332 / lib_ip.py:4204] len(Hs) = 8100, len(Ss) = 8100, len(Vs) = 8100
[20181115_070332 / lib_ip.py:4248] black : variance --> out of range (variance = 1.090 / upper = 0.000 / lower = 0.000)
[20181115_070332 / lib_ip.py:4399] file : img.20181115_070330.2018-11-12_18-46-01_000.jpg.1.png 0 (black : variance --> out of range (variance = 1.090 / upper = 0.000 / lower = 0.000))
[20181115_070332 / lib_ip.py:2273] inspecting ===> img.20181115_070330.2018-11-12_18-46-01_000.jpg.2.png
[20181115_070333 / lib_ip.py:4331] 
img.20181115_070330.2018-11-12_18-46-01_000.jpg.2.png 1 ---------------------
[20181115_070333 / lib_ip.py:3794] file = img.20181115_070330.2018-11-12_18-46-01_000.jpg.2.png / val_Average = 119.7530	val_Variance = 0.1860	sd = 0.4313	max = 120	min = 119
[20181115_070333 / lib_ip.py:3877] len(Hs) = 8100, len(Ss) = 8100, len(Vs) = 8100
[20181115_070333 / lib_ip.py:3932] yellow : average --> out of range (average = 119.753 / upper = 99.200 / lower = 88.000)
[20181115_070333 / lib_ip.py:3794] file = img.20181115_070330.2018-11-12_18-46-01_000.jpg.2.png / val_Average = 119.7530	val_Variance = 0.1860	sd = 0.4313	max = 120	min = 119
[20181115_070333 / lib_ip.py:3977] len(Hs) = 8100, len(Ss) = 8100, len(Vs) = 8100
[20181115_070333 / lib_ip.py:2273] inspecting ===> img.20181115_070330.2018-11-12_18-46-01_000.jpg.3.png
[20181115_070334 / lib_ip.py:4331] 
img.20181115_070330.2018-11-12_18-46-01_000.jpg.3.png 2 ---------------------
[20181115_070334 / lib_ip.py:3794] file = img.20181115_070330.2018-11-12_18-46-01_000.jpg.3.png / val_Average = 105.6028	val_Variance = 5.0135	sd = 2.2391	max = 115	min = 98
[20181115_070334 / lib_ip.py:3877] len(Hs) = 8100, len(Ss) = 8100, len(Vs) = 8100
[20181115_070334 / lib_ip.py:3910] yellow : variance --> out of range (variance = 5.013 / upper = 0.650 / lower = 0.000)
[20181115_070334 / lib_ip.py:3794] file = img.20181115_070330.2018-11-12_18-46-01_000.jpg.3.png / val_Average = 105.6028	val_Variance = 5.0135	sd = 2.2391	max = 115	min = 98
[20181115_070334 / lib_ip.py:3977] len(Hs) = 8100, len(Ss) = 8100, len(Vs) = 8100
[20181115_070334 / lib_ip.py:4023] red : variance --> out of range (variance = 5.013 / upper = 0.430 / lower = 0.000)
[20181115_070334 / lib_ip.py:3794] file = img.20181115_070330.2018-11-12_18-46-01_000.jpg.3.png / val_Average = 105.6028	val_Variance = 5.0135	sd = 2.2391	max = 115	min = 98
[20181115_070334 / lib_ip.py:4090] len(Hs) = 8100, len(Ss) = 8100, len(Vs) = 8100
[20181115_070334 / lib_ip.py:4137] green : variance --> out of range (variance = 5.013 / upper = 0.760 / lower = 0.000)
[20181115_070334 / lib_ip.py:3794] file = img.20181115_070330.2018-11-12_18-46-01_000.jpg.3.png / val_Average = 105.6028	val_Variance = 5.0135	sd = 2.2391	max = 115	min = 98
[20181115_070334 / lib_ip.py:4204] len(Hs) = 8100, len(Ss) = 8100, len(Vs) = 8100
[20181115_070334 / lib_ip.py:4248] black : variance --> out of range (variance = 5.013 / upper = 0.000 / lower = 0.000)
[20181115_070334 / lib_ip.py:4399] file : img.20181115_070330.2018-11-12_18-46-01_000.jpg.3.png 2 (black : variance --> out of range (variance = 5.013 / upper = 0.000 / lower = 0.000))
[20181115_070334 / lib_ip.py:2273] inspecting ===> img.20181115_070330.2018-11-12_18-46-01_000.jpg.4.png
[20181115_070335 / lib_ip.py:4331] 
img.20181115_070330.2018-11-12_18-46-01_000.jpg.4.png 3 ---------------------
[20181115_070335 / lib_ip.py:3794] file = img.20181115_070330.2018-11-12_18-46-01_000.jpg.4.png / val_Average = 102.1019	val_Variance = 3.5828	sd = 1.8928	max = 108	min = 98
[20181115_070335 / lib_ip.py:3877] len(Hs) = 8100, len(Ss) = 8100, len(Vs) = 8100
[20181115_070335 / lib_ip.py:3910] yellow : variance --> out of range (variance = 3.583 / upper = 0.650 / lower = 0.000)
[20181115_070335 / lib_ip.py:3794] file = img.20181115_070330.2018-11-12_18-46-01_000.jpg.4.png / val_Average = 102.1019	val_Variance = 3.5828	sd = 1.8928	max = 108	min = 98
[20181115_070335 / lib_ip.py:3977] len(Hs) = 8100, len(Ss) = 8100, len(Vs) = 8100
[20181115_070335 / lib_ip.py:4023] red : variance --> out of range (variance = 3.583 / upper = 0.430 / lower = 0.000)
[20181115_070335 / lib_ip.py:3794] file = img.20181115_070330.2018-11-12_18-46-01_000.jpg.4.png / val_Average = 102.1019	val_Variance = 3.5828	sd = 1.8928	max = 108	min = 98
[20181115_070335 / lib_ip.py:4090] len(Hs) = 8100, len(Ss) = 8100, len(Vs) = 8100
[20181115_070335 / lib_ip.py:4137] green : variance --> out of range (variance = 3.583 / upper = 0.760 / lower = 0.000)
[20181115_070335 / lib_ip.py:3794] file = img.20181115_070330.2018-11-12_18-46-01_000.jpg.4.png / val_Average = 102.1019	val_Variance = 3.5828	sd = 1.8928	max = 108	min = 98
[20181115_070335 / lib_ip.py:4204] len(Hs) = 8100, len(Ss) = 8100, len(Vs) = 8100
[20181115_070335 / lib_ip.py:4248] black : variance --> out of range (variance = 3.583 / upper = 0.000 / lower = 0.000)
[20181115_070335 / lib_ip.py:4399] file : img.20181115_070330.2018-11-12_18-46-01_000.jpg.4.png 3 (black : variance --> out of range (variance = 3.583 / upper = 0.000 / lower = 0.000))
[20181115_070334 / lib_ip.py:2273] inspecting ===> img.20181115_070330.2018-11-12_18-46-01_000.jpg.4.png
img.20181115_070330.2018-11-12_18-46-01_000.jpg.1.png => other
img.20181115_070330.2018-11-12_18-46-01_000.jpg.2.png => other
img.20181115_070330.2018-11-12_18-46-01_000.jpg.3.png => other
img.20181115_070330.2018-11-12_18-46-01_000.jpg.4.png => other
[20181115_070336 lib_ip.py:3300] =============== Get 4 corners
dpath_Images = C:\WORKS_2\WS\WS_Others.Art\JVEMV6\46_art\VIRTUAL\Admin_Projects\ip\images
fname_Image = img.20181115_070330.2018-11-12_18-46-01_000.jpg.4.png

[20181115_070336 / lib_ip.py:2273] inspecting ===> img.20181115_070336.2018-11-12_20-10-54_000.jpg.1.png
[20181115_070337 / lib_ip.py:4331] 
img.20181115_070336.2018-11-12_20-10-54_000.jpg.1.png 0 ---------------------
[20181115_070337 / lib_ip.py:3794] file = img.20181115_070336.2018-11-12_20-10-54_000.jpg.1.png / val_Average = 75.0079	val_Variance = 1355.3550	sd = 36.8151	max = 135	min = 0
[20181115_070337 / lib_ip.py:3877] len(Hs) = 8100, len(Ss) = 8100, len(Vs) = 8100
[20181115_070337 / lib_ip.py:3910] yellow : variance --> out of range (variance = 1355.355 / upper = 0.650 / lower = 0.000)
[20181115_070337 / lib_ip.py:3794] file = img.20181115_070336.2018-11-12_20-10-54_000.jpg.1.png / val_Average = 75.0079	val_Variance = 1355.3550	sd = 36.8151	max = 135	min = 0
[20181115_070337 / lib_ip.py:3977] len(Hs) = 8100, len(Ss) = 8100, len(Vs) = 8100
[20181115_070337 / lib_ip.py:4023] red : variance --> out of range (variance = 1355.355 / upper = 0.430 / lower = 0.000)
[20181115_070337 / lib_ip.py:3794] file = img.20181115_070336.2018-11-12_20-10-54_000.jpg.1.png / val_Average = 75.0079	val_Variance = 1355.3550	sd = 36.8151	max = 135	min = 0
[20181115_070337 / lib_ip.py:4090] len(Hs) = 8100, len(Ss) = 8100, len(Vs) = 8100
[20181115_070337 / lib_ip.py:4137] green : variance --> out of range (variance = 1355.355 / upper = 0.760 / lower = 0.000)
[20181115_070337 / lib_ip.py:3794] file = img.20181115_070336.2018-11-12_20-10-54_000.jpg.1.png / val_Average = 75.0079	val_Variance = 1355.3550	sd = 36.8151	max = 135	min = 0
[20181115_070337 / lib_ip.py:4204] len(Hs) = 8100, len(Ss) = 8100, len(Vs) = 8100
[20181115_070338 / lib_ip.py:4248] black : variance --> out of range (variance = 1355.355 / upper = 0.000 / lower = 0.000)
[20181115_070338 / lib_ip.py:4399] file : img.20181115_070336.2018-11-12_20-10-54_000.jpg.1.png 0 (black : variance --> out of range (variance = 1355.355 / upper = 0.000 / lower = 0.000))
[20181115_070338 / lib_ip.py:2273] inspecting ===> img.20181115_070336.2018-11-12_20-10-54_000.jpg.2.png
[20181115_070338 / lib_ip.py:4331] 
img.20181115_070336.2018-11-12_20-10-54_000.jpg.2.png 1 ---------------------
[20181115_070338 / lib_ip.py:3794] file = img.20181115_070336.2018-11-12_20-10-54_000.jpg.2.png / val_Average = 93.5854	val_Variance = 0.2427	sd = 0.4926	max = 94	min = 93
[20181115_070338 / lib_ip.py:3877] len(Hs) = 8100, len(Ss) = 8100, len(Vs) = 8100
[20181115_070338 / lib_ip.py:2273] inspecting ===> img.20181115_070336.2018-11-12_20-10-54_000.jpg.3.png
[20181115_070338 / lib_ip.py:4331] 
img.20181115_070336.2018-11-12_20-10-54_000.jpg.3.png 2 ---------------------
[20181115_070338 / lib_ip.py:3794] file = img.20181115_070336.2018-11-12_20-10-54_000.jpg.3.png / val_Average = 46.3256	val_Variance = 2238.9356	sd = 47.3174	max = 135	min = 0
[20181115_070338 / lib_ip.py:3877] len(Hs) = 8100, len(Ss) = 8100, len(Vs) = 8100
[20181115_070338 / lib_ip.py:3910] yellow : variance --> out of range (variance = 2238.936 / upper = 0.650 / lower = 0.000)
[20181115_070338 / lib_ip.py:3794] file = img.20181115_070336.2018-11-12_20-10-54_000.jpg.3.png / val_Average = 46.3256	val_Variance = 2238.9356	sd = 47.3174	max = 135	min = 0
[20181115_070338 / lib_ip.py:3977] len(Hs) = 8100, len(Ss) = 8100, len(Vs) = 8100
[20181115_070339 / lib_ip.py:4023] red : variance --> out of range (variance = 2238.936 / upper = 0.430 / lower = 0.000)
[20181115_070339 / lib_ip.py:3794] file = img.20181115_070336.2018-11-12_20-10-54_000.jpg.3.png / val_Average = 46.3256	val_Variance = 2238.9356	sd = 47.3174	max = 135	min = 0
[20181115_070339 / lib_ip.py:4090] len(Hs) = 8100, len(Ss) = 8100, len(Vs) = 8100
[20181115_070339 / lib_ip.py:4137] green : variance --> out of range (variance = 2238.936 / upper = 0.760 / lower = 0.000)
[20181115_070339 / lib_ip.py:3794] file = img.20181115_070336.2018-11-12_20-10-54_000.jpg.3.png / val_Average = 46.3256	val_Variance = 2238.9356	sd = 47.3174	max = 135	min = 0
[20181115_070339 / lib_ip.py:4204] len(Hs) = 8100, len(Ss) = 8100, len(Vs) = 8100
[20181115_070339 / lib_ip.py:4248] black : variance --> out of range (variance = 2238.936 / upper = 0.000 / lower = 0.000)
[20181115_070339 / lib_ip.py:4399] file : img.20181115_070336.2018-11-12_20-10-54_000.jpg.3.png 2 (black : variance --> out of range (variance = 2238.936 / upper = 0.000 / lower = 0.000))
[20181115_070339 / lib_ip.py:2273] inspecting ===> img.20181115_070336.2018-11-12_20-10-54_000.jpg.4.png
[20181115_070339 / lib_ip.py:4331] 
img.20181115_070336.2018-11-12_20-10-54_000.jpg.4.png 3 ---------------------
[20181115_070339 / lib_ip.py:3794] file = img.20181115_070336.2018-11-12_20-10-54_000.jpg.4.png / val_Average = 52.4298	val_Variance = 1637.4117	sd = 40.4649	max = 160	min = 0
[20181115_070339 / lib_ip.py:3877] len(Hs) = 8100, len(Ss) = 8100, len(Vs) = 8100
[20181115_070339 / lib_ip.py:3910] yellow : variance --> out of range (variance = 1637.412 / upper = 0.650 / lower = 0.000)
[20181115_070339 / lib_ip.py:3794] file = img.20181115_070336.2018-11-12_20-10-54_000.jpg.4.png / val_Average = 52.4298	val_Variance = 1637.4117	sd = 40.4649	max = 160	min = 0
[20181115_070340 / lib_ip.py:3977] len(Hs) = 8100, len(Ss) = 8100, len(Vs) = 8100
[20181115_070340 / lib_ip.py:4023] red : variance --> out of range (variance = 1637.412 / upper = 0.430 / lower = 0.000)
[20181115_070340 / lib_ip.py:3794] file = img.20181115_070336.2018-11-12_20-10-54_000.jpg.4.png / val_Average = 52.4298	val_Variance = 1637.4117	sd = 40.4649	max = 160	min = 0
[20181115_070340 / lib_ip.py:4090] len(Hs) = 8100, len(Ss) = 8100, len(Vs) = 8100
[20181115_070340 / lib_ip.py:4137] green : variance --> out of range (variance = 1637.412 / upper = 0.760 / lower = 0.000)
[20181115_070340 / lib_ip.py:3794] file = img.20181115_070336.2018-11-12_20-10-54_000.jpg.4.png / val_Average = 52.4298	val_Variance = 1637.4117	sd = 40.4649	max = 160	min = 0
[20181115_070340 / lib_ip.py:4204] len(Hs) = 8100, len(Ss) = 8100, len(Vs) = 8100
[20181115_070340 / lib_ip.py:4248] black : variance --> out of range (variance = 1637.412 / upper = 0.000 / lower = 0.000)
[20181115_070340 / lib_ip.py:4399] file : img.20181115_070336.2018-11-12_20-10-54_000.jpg.4.png 3 (black : variance --> out of range (variance = 1637.412 / upper = 0.000 / lower = 0.000))
[20181115_070339 / lib_ip.py:2273] inspecting ===> img.20181115_070336.2018-11-12_20-10-54_000.jpg.4.png
img.20181115_070336.2018-11-12_20-10-54_000.jpg.1.png => other
img.20181115_070336.2018-11-12_20-10-54_000.jpg.2.png => other
img.20181115_070336.2018-11-12_20-10-54_000.jpg.3.png => other
img.20181115_070336.2018-11-12_20-10-54_000.jpg.4.png => other
[20181115_070340 lib_ip.py:3300] =============== Get 4 corners
dpath_Images = C:\WORKS_2\WS\WS_Others.Art\JVEMV6\46_art\VIRTUAL\Admin_Projects\ip\images
fname_Image = img.20181115_070336.2018-11-12_20-10-54_000.jpg.4.png

[20181115_070341 / lib_ip.py:2273] inspecting ===> img.20181115_070341.2018-11-12_22-23-32_000.jpg.1.png
[20181115_070342 / lib_ip.py:4331] 
img.20181115_070341.2018-11-12_22-23-32_000.jpg.1.png 0 ---------------------
[20181115_070342 / lib_ip.py:3794] file = img.20181115_070341.2018-11-12_22-23-32_000.jpg.1.png / val_Average = 88.8191	val_Variance = 12.8558	sd = 3.5855	max = 104	min = 77
[20181115_070342 / lib_ip.py:3877] len(Hs) = 8100, len(Ss) = 8100, len(Vs) = 8100
[20181115_070342 / lib_ip.py:3910] yellow : variance --> out of range (variance = 12.856 / upper = 0.650 / lower = 0.000)
[20181115_070342 / lib_ip.py:3794] file = img.20181115_070341.2018-11-12_22-23-32_000.jpg.1.png / val_Average = 88.8191	val_Variance = 12.8558	sd = 3.5855	max = 104	min = 77
[20181115_070342 / lib_ip.py:3977] len(Hs) = 8100, len(Ss) = 8100, len(Vs) = 8100
[20181115_070343 / lib_ip.py:4023] red : variance --> out of range (variance = 12.856 / upper = 0.430 / lower = 0.000)
[20181115_070343 / lib_ip.py:3794] file = img.20181115_070341.2018-11-12_22-23-32_000.jpg.1.png / val_Average = 88.8191	val_Variance = 12.8558	sd = 3.5855	max = 104	min = 77
[20181115_070343 / lib_ip.py:4090] len(Hs) = 8100, len(Ss) = 8100, len(Vs) = 8100
[20181115_070343 / lib_ip.py:4137] green : variance --> out of range (variance = 12.856 / upper = 0.760 / lower = 0.000)
[20181115_070343 / lib_ip.py:3794] file = img.20181115_070341.2018-11-12_22-23-32_000.jpg.1.png / val_Average = 88.8191	val_Variance = 12.8558	sd = 3.5855	max = 104	min = 77
[20181115_070343 / lib_ip.py:4204] len(Hs) = 8100, len(Ss) = 8100, len(Vs) = 8100
[20181115_070343 / lib_ip.py:4248] black : variance --> out of range (variance = 12.856 / upper = 0.000 / lower = 0.000)
[20181115_070344 / lib_ip.py:4399] file : img.20181115_070341.2018-11-12_22-23-32_000.jpg.1.png 0 (black : variance --> out of range (variance = 12.856 / upper = 0.000 / lower = 0.000))
[20181115_070344 / lib_ip.py:2273] inspecting ===> img.20181115_070341.2018-11-12_22-23-32_000.jpg.2.png
[20181115_070344 / lib_ip.py:4331] 
img.20181115_070341.2018-11-12_22-23-32_000.jpg.2.png 1 ---------------------
[20181115_070344 / lib_ip.py:3794] file = img.20181115_070341.2018-11-12_22-23-32_000.jpg.2.png / val_Average = 96.8394	val_Variance = 25.8837	sd = 5.0876	max = 107	min = 84
[20181115_070344 / lib_ip.py:3877] len(Hs) = 8100, len(Ss) = 8100, len(Vs) = 8100
[20181115_070344 / lib_ip.py:3910] yellow : variance --> out of range (variance = 25.884 / upper = 0.650 / lower = 0.000)
[20181115_070345 / lib_ip.py:3794] file = img.20181115_070341.2018-11-12_22-23-32_000.jpg.2.png / val_Average = 96.8394	val_Variance = 25.8837	sd = 5.0876	max = 107	min = 84
[20181115_070345 / lib_ip.py:3977] len(Hs) = 8100, len(Ss) = 8100, len(Vs) = 8100
[20181115_070345 / lib_ip.py:4023] red : variance --> out of range (variance = 25.884 / upper = 0.430 / lower = 0.000)
[20181115_070345 / lib_ip.py:3794] file = img.20181115_070341.2018-11-12_22-23-32_000.jpg.2.png / val_Average = 96.8394	val_Variance = 25.8837	sd = 5.0876	max = 107	min = 84
[20181115_070345 / lib_ip.py:4090] len(Hs) = 8100, len(Ss) = 8100, len(Vs) = 8100
[20181115_070345 / lib_ip.py:4137] green : variance --> out of range (variance = 25.884 / upper = 0.760 / lower = 0.000)
[20181115_070345 / lib_ip.py:3794] file = img.20181115_070341.2018-11-12_22-23-32_000.jpg.2.png / val_Average = 96.8394	val_Variance = 25.8837	sd = 5.0876	max = 107	min = 84
[20181115_070345 / lib_ip.py:4204] len(Hs) = 8100, len(Ss) = 8100, len(Vs) = 8100
[20181115_070345 / lib_ip.py:4248] black : variance --> out of range (variance = 25.884 / upper = 0.000 / lower = 0.000)
[20181115_070345 / lib_ip.py:4399] file : img.20181115_070341.2018-11-12_22-23-32_000.jpg.2.png 1 (black : variance --> out of range (variance = 25.884 / upper = 0.000 / lower = 0.000))
[20181115_070345 / lib_ip.py:2273] inspecting ===> img.20181115_070341.2018-11-12_22-23-32_000.jpg.3.png
[20181115_070345 / lib_ip.py:4331] 
img.20181115_070341.2018-11-12_22-23-32_000.jpg.3.png 2 ---------------------
[20181115_070345 / lib_ip.py:3794] file = img.20181115_070341.2018-11-12_22-23-32_000.jpg.3.png / val_Average = 103.9848	val_Variance = 1.1969	sd = 1.0940	max = 108	min = 101
[20181115_070345 / lib_ip.py:3877] len(Hs) = 8100, len(Ss) = 8100, len(Vs) = 8100
[20181115_070346 / lib_ip.py:3910] yellow : variance --> out of range (variance = 1.197 / upper = 0.650 / lower = 0.000)
[20181115_070346 / lib_ip.py:3794] file = img.20181115_070341.2018-11-12_22-23-32_000.jpg.3.png / val_Average = 103.9848	val_Variance = 1.1969	sd = 1.0940	max = 108	min = 101
[20181115_070346 / lib_ip.py:3977] len(Hs) = 8100, len(Ss) = 8100, len(Vs) = 8100
[20181115_070346 / lib_ip.py:4023] red : variance --> out of range (variance = 1.197 / upper = 0.430 / lower = 0.000)
[20181115_070346 / lib_ip.py:3794] file = img.20181115_070341.2018-11-12_22-23-32_000.jpg.3.png / val_Average = 103.9848	val_Variance = 1.1969	sd = 1.0940	max = 108	min = 101
[20181115_070346 / lib_ip.py:4090] len(Hs) = 8100, len(Ss) = 8100, len(Vs) = 8100
[20181115_070346 / lib_ip.py:4137] green : variance --> out of range (variance = 1.197 / upper = 0.760 / lower = 0.000)
[20181115_070346 / lib_ip.py:3794] file = img.20181115_070341.2018-11-12_22-23-32_000.jpg.3.png / val_Average = 103.9848	val_Variance = 1.1969	sd = 1.0940	max = 108	min = 101
[20181115_070346 / lib_ip.py:4204] len(Hs) = 8100, len(Ss) = 8100, len(Vs) = 8100
[20181115_070346 / lib_ip.py:4248] black : variance --> out of range (variance = 1.197 / upper = 0.000 / lower = 0.000)
[20181115_070346 / lib_ip.py:4399] file : img.20181115_070341.2018-11-12_22-23-32_000.jpg.3.png 2 (black : variance --> out of range (variance = 1.197 / upper = 0.000 / lower = 0.000))
[20181115_070346 / lib_ip.py:2273] inspecting ===> img.20181115_070341.2018-11-12_22-23-32_000.jpg.4.png
[20181115_070346 / lib_ip.py:4331] 
img.20181115_070341.2018-11-12_22-23-32_000.jpg.4.png 3 ---------------------
[20181115_070346 / lib_ip.py:3794] file = img.20181115_070341.2018-11-12_22-23-32_000.jpg.4.png / val_Average = 9.9857	val_Variance = 5.6329	sd = 2.3734	max = 17	min = 0
[20181115_070346 / lib_ip.py:3877] len(Hs) = 8100, len(Ss) = 8100, len(Vs) = 8100
[20181115_070346 / lib_ip.py:3910] yellow : variance --> out of range (variance = 5.633 / upper = 0.650 / lower = 0.000)
[20181115_070347 / lib_ip.py:3794] file = img.20181115_070341.2018-11-12_22-23-32_000.jpg.4.png / val_Average = 9.9857	val_Variance = 5.6329	sd = 2.3734	max = 17	min = 0
[20181115_070347 / lib_ip.py:3977] len(Hs) = 8100, len(Ss) = 8100, len(Vs) = 8100
[20181115_070347 / lib_ip.py:4023] red : variance --> out of range (variance = 5.633 / upper = 0.430 / lower = 0.000)
[20181115_070347 / lib_ip.py:3794] file = img.20181115_070341.2018-11-12_22-23-32_000.jpg.4.png / val_Average = 9.9857	val_Variance = 5.6329	sd = 2.3734	max = 17	min = 0
[20181115_070347 / lib_ip.py:4090] len(Hs) = 8100, len(Ss) = 8100, len(Vs) = 8100
[20181115_070347 / lib_ip.py:4137] green : variance --> out of range (variance = 5.633 / upper = 0.760 / lower = 0.000)
[20181115_070347 / lib_ip.py:3794] file = img.20181115_070341.2018-11-12_22-23-32_000.jpg.4.png / val_Average = 9.9857	val_Variance = 5.6329	sd = 2.3734	max = 17	min = 0
[20181115_070347 / lib_ip.py:4204] len(Hs) = 8100, len(Ss) = 8100, len(Vs) = 8100
[20181115_070347 / lib_ip.py:4248] black : variance --> out of range (variance = 5.633 / upper = 0.000 / lower = 0.000)
[20181115_070347 / lib_ip.py:4399] file : img.20181115_070341.2018-11-12_22-23-32_000.jpg.4.png 3 (black : variance --> out of range (variance = 5.633 / upper = 0.000 / lower = 0.000))
[20181115_070346 / lib_ip.py:2273] inspecting ===> img.20181115_070341.2018-11-12_22-23-32_000.jpg.4.png
img.20181115_070341.2018-11-12_22-23-32_000.jpg.1.png => other
img.20181115_070341.2018-11-12_22-23-32_000.jpg.2.png => other
img.20181115_070341.2018-11-12_22-23-32_000.jpg.3.png => other
img.20181115_070341.2018-11-12_22-23-32_000.jpg.4.png => other
[20181115_070347 lib_ip.py:3300] =============== Get 4 corners
dpath_Images = C:\WORKS_2\WS\WS_Others.Art\JVEMV6\46_art\VIRTUAL\Admin_Projects\ip\images
fname_Image = img.20181115_070341.2018-11-12_22-23-32_000.jpg.4.png

[20181115_070348 / lib_ip.py:2273] inspecting ===> img.20181115_070348.2018-11-13_01-44-38_000.jpg.1.png
[20181115_070348 / lib_ip.py:4331] 
img.20181115_070348.2018-11-13_01-44-38_000.jpg.1.png 0 ---------------------
[20181115_070348 / lib_ip.py:3794] file = img.20181115_070348.2018-11-13_01-44-38_000.jpg.1.png / val_Average = 103.5588	val_Variance = 1.7631	sd = 1.3278	max = 116	min = 100
[20181115_070348 / lib_ip.py:3877] len(Hs) = 8100, len(Ss) = 8100, len(Vs) = 8100
[20181115_070348 / lib_ip.py:3910] yellow : variance --> out of range (variance = 1.763 / upper = 0.650 / lower = 0.000)
[20181115_070348 / lib_ip.py:3794] file = img.20181115_070348.2018-11-13_01-44-38_000.jpg.1.png / val_Average = 103.5588	val_Variance = 1.7631	sd = 1.3278	max = 116	min = 100
[20181115_070348 / lib_ip.py:3977] len(Hs) = 8100, len(Ss) = 8100, len(Vs) = 8100
[20181115_070348 / lib_ip.py:4023] red : variance --> out of range (variance = 1.763 / upper = 0.430 / lower = 0.000)
[20181115_070348 / lib_ip.py:3794] file = img.20181115_070348.2018-11-13_01-44-38_000.jpg.1.png / val_Average = 103.5588	val_Variance = 1.7631	sd = 1.3278	max = 116	min = 100
[20181115_070348 / lib_ip.py:4090] len(Hs) = 8100, len(Ss) = 8100, len(Vs) = 8100
[20181115_070348 / lib_ip.py:4137] green : variance --> out of range (variance = 1.763 / upper = 0.760 / lower = 0.000)
[20181115_070348 / lib_ip.py:3794] file = img.20181115_070348.2018-11-13_01-44-38_000.jpg.1.png / val_Average = 103.5588	val_Variance = 1.7631	sd = 1.3278	max = 116	min = 100
[20181115_070348 / lib_ip.py:4204] len(Hs) = 8100, len(Ss) = 8100, len(Vs) = 8100
[20181115_070348 / lib_ip.py:4248] black : variance --> out of range (variance = 1.763 / upper = 0.000 / lower = 0.000)
[20181115_070349 / lib_ip.py:4399] file : img.20181115_070348.2018-11-13_01-44-38_000.jpg.1.png 0 (black : variance --> out of range (variance = 1.763 / upper = 0.000 / lower = 0.000))
[20181115_070349 / lib_ip.py:2273] inspecting ===> img.20181115_070348.2018-11-13_01-44-38_000.jpg.2.png
[20181115_070349 / lib_ip.py:4331] 
img.20181115_070348.2018-11-13_01-44-38_000.jpg.2.png 1 ---------------------
[20181115_070349 / lib_ip.py:3794] file = img.20181115_070348.2018-11-13_01-44-38_000.jpg.2.png / val_Average = 101.2991	val_Variance = 0.8121	sd = 0.9012	max = 110	min = 98
[20181115_070349 / lib_ip.py:3877] len(Hs) = 8100, len(Ss) = 8100, len(Vs) = 8100
[20181115_070349 / lib_ip.py:3910] yellow : variance --> out of range (variance = 0.812 / upper = 0.650 / lower = 0.000)
[20181115_070349 / lib_ip.py:3794] file = img.20181115_070348.2018-11-13_01-44-38_000.jpg.2.png / val_Average = 101.2991	val_Variance = 0.8121	sd = 0.9012	max = 110	min = 98
[20181115_070349 / lib_ip.py:3977] len(Hs) = 8100, len(Ss) = 8100, len(Vs) = 8100
[20181115_070349 / lib_ip.py:4023] red : variance --> out of range (variance = 0.812 / upper = 0.430 / lower = 0.000)
[20181115_070349 / lib_ip.py:3794] file = img.20181115_070348.2018-11-13_01-44-38_000.jpg.2.png / val_Average = 101.2991	val_Variance = 0.8121	sd = 0.9012	max = 110	min = 98
[20181115_070349 / lib_ip.py:4090] len(Hs) = 8100, len(Ss) = 8100, len(Vs) = 8100
[20181115_070349 / lib_ip.py:4137] green : variance --> out of range (variance = 0.812 / upper = 0.760 / lower = 0.000)
[20181115_070349 / lib_ip.py:3794] file = img.20181115_070348.2018-11-13_01-44-38_000.jpg.2.png / val_Average = 101.2991	val_Variance = 0.8121	sd = 0.9012	max = 110	min = 98
[20181115_070349 / lib_ip.py:4204] len(Hs) = 8100, len(Ss) = 8100, len(Vs) = 8100
[20181115_070350 / lib_ip.py:4248] black : variance --> out of range (variance = 0.812 / upper = 0.000 / lower = 0.000)
[20181115_070350 / lib_ip.py:4399] file : img.20181115_070348.2018-11-13_01-44-38_000.jpg.2.png 1 (black : variance --> out of range (variance = 0.812 / upper = 0.000 / lower = 0.000))
[20181115_070350 / lib_ip.py:2273] inspecting ===> img.20181115_070348.2018-11-13_01-44-38_000.jpg.3.png
[20181115_070350 / lib_ip.py:4331] 
img.20181115_070348.2018-11-13_01-44-38_000.jpg.3.png 2 ---------------------
[20181115_070350 / lib_ip.py:3794] file = img.20181115_070348.2018-11-13_01-44-38_000.jpg.3.png / val_Average = 110.2367	val_Variance = 4.1804	sd = 2.0446	max = 115	min = 104
[20181115_070350 / lib_ip.py:3877] len(Hs) = 8100, len(Ss) = 8100, len(Vs) = 8100
[20181115_070350 / lib_ip.py:3910] yellow : variance --> out of range (variance = 4.180 / upper = 0.650 / lower = 0.000)
[20181115_070350 / lib_ip.py:3794] file = img.20181115_070348.2018-11-13_01-44-38_000.jpg.3.png / val_Average = 110.2367	val_Variance = 4.1804	sd = 2.0446	max = 115	min = 104
[20181115_070350 / lib_ip.py:3977] len(Hs) = 8100, len(Ss) = 8100, len(Vs) = 8100
[20181115_070350 / lib_ip.py:4023] red : variance --> out of range (variance = 4.180 / upper = 0.430 / lower = 0.000)
[20181115_070350 / lib_ip.py:3794] file = img.20181115_070348.2018-11-13_01-44-38_000.jpg.3.png / val_Average = 110.2367	val_Variance = 4.1804	sd = 2.0446	max = 115	min = 104
[20181115_070350 / lib_ip.py:4090] len(Hs) = 8100, len(Ss) = 8100, len(Vs) = 8100
[20181115_070350 / lib_ip.py:4137] green : variance --> out of range (variance = 4.180 / upper = 0.760 / lower = 0.000)
[20181115_070350 / lib_ip.py:3794] file = img.20181115_070348.2018-11-13_01-44-38_000.jpg.3.png / val_Average = 110.2367	val_Variance = 4.1804	sd = 2.0446	max = 115	min = 104
[20181115_070350 / lib_ip.py:4204] len(Hs) = 8100, len(Ss) = 8100, len(Vs) = 8100
[20181115_070350 / lib_ip.py:4248] black : variance --> out of range (variance = 4.180 / upper = 0.000 / lower = 0.000)
[20181115_070350 / lib_ip.py:4399] file : img.20181115_070348.2018-11-13_01-44-38_000.jpg.3.png 2 (black : variance --> out of range (variance = 4.180 / upper = 0.000 / lower = 0.000))
[20181115_070350 / lib_ip.py:2273] inspecting ===> img.20181115_070348.2018-11-13_01-44-38_000.jpg.4.png
[20181115_070351 / lib_ip.py:4331] 
img.20181115_070348.2018-11-13_01-44-38_000.jpg.4.png 3 ---------------------
[20181115_070351 / lib_ip.py:3794] file = img.20181115_070348.2018-11-13_01-44-38_000.jpg.4.png / val_Average = 102.8920	val_Variance = 1.4727	sd = 1.2135	max = 108	min = 99
[20181115_070351 / lib_ip.py:3877] len(Hs) = 8100, len(Ss) = 8100, len(Vs) = 8100
[20181115_070351 / lib_ip.py:3910] yellow : variance --> out of range (variance = 1.473 / upper = 0.650 / lower = 0.000)
[20181115_070351 / lib_ip.py:3794] file = img.20181115_070348.2018-11-13_01-44-38_000.jpg.4.png / val_Average = 102.8920	val_Variance = 1.4727	sd = 1.2135	max = 108	min = 99
[20181115_070351 / lib_ip.py:3977] len(Hs) = 8100, len(Ss) = 8100, len(Vs) = 8100
[20181115_070351 / lib_ip.py:4023] red : variance --> out of range (variance = 1.473 / upper = 0.430 / lower = 0.000)
[20181115_070351 / lib_ip.py:3794] file = img.20181115_070348.2018-11-13_01-44-38_000.jpg.4.png / val_Average = 102.8920	val_Variance = 1.4727	sd = 1.2135	max = 108	min = 99
[20181115_070351 / lib_ip.py:4090] len(Hs) = 8100, len(Ss) = 8100, len(Vs) = 8100
[20181115_070351 / lib_ip.py:4137] green : variance --> out of range (variance = 1.473 / upper = 0.760 / lower = 0.000)
[20181115_070351 / lib_ip.py:3794] file = img.20181115_070348.2018-11-13_01-44-38_000.jpg.4.png / val_Average = 102.8920	val_Variance = 1.4727	sd = 1.2135	max = 108	min = 99
[20181115_070351 / lib_ip.py:4204] len(Hs) = 8100, len(Ss) = 8100, len(Vs) = 8100
[20181115_070351 / lib_ip.py:4248] black : variance --> out of range (variance = 1.473 / upper = 0.000 / lower = 0.000)
[20181115_070351 / lib_ip.py:4399] file : img.20181115_070348.2018-11-13_01-44-38_000.jpg.4.png 3 (black : variance --> out of range (variance = 1.473 / upper = 0.000 / lower = 0.000))
[20181115_070350 / lib_ip.py:2273] inspecting ===> img.20181115_070348.2018-11-13_01-44-38_000.jpg.4.png
img.20181115_070348.2018-11-13_01-44-38_000.jpg.1.png => other
img.20181115_070348.2018-11-13_01-44-38_000.jpg.2.png => other
img.20181115_070348.2018-11-13_01-44-38_000.jpg.3.png => other
img.20181115_070348.2018-11-13_01-44-38_000.jpg.4.png => other
[20181115_070351 lib_ip.py:3300] =============== Get 4 corners
dpath_Images = C:\WORKS_2\WS\WS_Others.Art\JVEMV6\46_art\VIRTUAL\Admin_Projects\ip\images
fname_Image = img.20181115_070348.2018-11-13_01-44-38_000.jpg.4.png

[20181115_070352 / lib_ip.py:2273] inspecting ===> img.20181115_070352.2018-11-13_07-45-00_000.jpg.1.png
[20181115_070353 / lib_ip.py:4331] 
img.20181115_070352.2018-11-13_07-45-00_000.jpg.1.png 0 ---------------------
[20181115_070353 / lib_ip.py:3794] file = img.20181115_070352.2018-11-13_07-45-00_000.jpg.1.png / val_Average = 118.3995	val_Variance = 1883.2569	sd = 43.3965	max = 168	min = 0
[20181115_070353 / lib_ip.py:3877] len(Hs) = 8100, len(Ss) = 8100, len(Vs) = 8100
[20181115_070353 / lib_ip.py:3910] yellow : variance --> out of range (variance = 1883.257 / upper = 0.650 / lower = 0.000)
[20181115_070353 / lib_ip.py:3794] file = img.20181115_070352.2018-11-13_07-45-00_000.jpg.1.png / val_Average = 118.3995	val_Variance = 1883.2569	sd = 43.3965	max = 168	min = 0
[20181115_070353 / lib_ip.py:3977] len(Hs) = 8100, len(Ss) = 8100, len(Vs) = 8100
[20181115_070353 / lib_ip.py:4023] red : variance --> out of range (variance = 1883.257 / upper = 0.430 / lower = 0.000)
[20181115_070353 / lib_ip.py:3794] file = img.20181115_070352.2018-11-13_07-45-00_000.jpg.1.png / val_Average = 118.3995	val_Variance = 1883.2569	sd = 43.3965	max = 168	min = 0
[20181115_070353 / lib_ip.py:4090] len(Hs) = 8100, len(Ss) = 8100, len(Vs) = 8100
[20181115_070353 / lib_ip.py:4137] green : variance --> out of range (variance = 1883.257 / upper = 0.760 / lower = 0.000)
[20181115_070353 / lib_ip.py:3794] file = img.20181115_070352.2018-11-13_07-45-00_000.jpg.1.png / val_Average = 118.3995	val_Variance = 1883.2569	sd = 43.3965	max = 168	min = 0
[20181115_070353 / lib_ip.py:4204] len(Hs) = 8100, len(Ss) = 8100, len(Vs) = 8100
[20181115_070353 / lib_ip.py:4248] black : variance --> out of range (variance = 1883.257 / upper = 0.000 / lower = 0.000)
[20181115_070353 / lib_ip.py:4399] file : img.20181115_070352.2018-11-13_07-45-00_000.jpg.1.png 0 (black : variance --> out of range (variance = 1883.257 / upper = 0.000 / lower = 0.000))
[20181115_070353 / lib_ip.py:2273] inspecting ===> img.20181115_070352.2018-11-13_07-45-00_000.jpg.2.png
[20181115_070354 / lib_ip.py:4331] 
img.20181115_070352.2018-11-13_07-45-00_000.jpg.2.png 1 ---------------------
[20181115_070354 / lib_ip.py:3794] file = img.20181115_070352.2018-11-13_07-45-00_000.jpg.2.png / val_Average = 103.9478	val_Variance = 5.4023	sd = 2.3243	max = 115	min = 90
[20181115_070354 / lib_ip.py:3877] len(Hs) = 8100, len(Ss) = 8100, len(Vs) = 8100
[20181115_070354 / lib_ip.py:3910] yellow : variance --> out of range (variance = 5.402 / upper = 0.650 / lower = 0.000)
[20181115_070354 / lib_ip.py:3794] file = img.20181115_070352.2018-11-13_07-45-00_000.jpg.2.png / val_Average = 103.9478	val_Variance = 5.4023	sd = 2.3243	max = 115	min = 90
[20181115_070354 / lib_ip.py:3977] len(Hs) = 8100, len(Ss) = 8100, len(Vs) = 8100
[20181115_070354 / lib_ip.py:4023] red : variance --> out of range (variance = 5.402 / upper = 0.430 / lower = 0.000)
[20181115_070354 / lib_ip.py:3794] file = img.20181115_070352.2018-11-13_07-45-00_000.jpg.2.png / val_Average = 103.9478	val_Variance = 5.4023	sd = 2.3243	max = 115	min = 90
[20181115_070354 / lib_ip.py:4090] len(Hs) = 8100, len(Ss) = 8100, len(Vs) = 8100
[20181115_070354 / lib_ip.py:4137] green : variance --> out of range (variance = 5.402 / upper = 0.760 / lower = 0.000)
[20181115_070354 / lib_ip.py:3794] file = img.20181115_070352.2018-11-13_07-45-00_000.jpg.2.png / val_Average = 103.9478	val_Variance = 5.4023	sd = 2.3243	max = 115	min = 90
[20181115_070354 / lib_ip.py:4204] len(Hs) = 8100, len(Ss) = 8100, len(Vs) = 8100
[20181115_070355 / lib_ip.py:4248] black : variance --> out of range (variance = 5.402 / upper = 0.000 / lower = 0.000)
[20181115_070355 / lib_ip.py:4399] file : img.20181115_070352.2018-11-13_07-45-00_000.jpg.2.png 1 (black : variance --> out of range (variance = 5.402 / upper = 0.000 / lower = 0.000))
[20181115_070355 / lib_ip.py:2273] inspecting ===> img.20181115_070352.2018-11-13_07-45-00_000.jpg.3.png
[20181115_070355 / lib_ip.py:4331] 
img.20181115_070352.2018-11-13_07-45-00_000.jpg.3.png 2 ---------------------
[20181115_070355 / lib_ip.py:3794] file = img.20181115_070352.2018-11-13_07-45-00_000.jpg.3.png / val_Average = 101.7243	val_Variance = 0.6488	sd = 0.8055	max = 105	min = 98
[20181115_070355 / lib_ip.py:3877] len(Hs) = 8100, len(Ss) = 8100, len(Vs) = 8100
[20181115_070355 / lib_ip.py:3932] yellow : average --> out of range (average = 101.724 / upper = 99.200 / lower = 88.000)
[20181115_070355 / lib_ip.py:3794] file = img.20181115_070352.2018-11-13_07-45-00_000.jpg.3.png / val_Average = 101.7243	val_Variance = 0.6488	sd = 0.8055	max = 105	min = 98
[20181115_070355 / lib_ip.py:3977] len(Hs) = 8100, len(Ss) = 8100, len(Vs) = 8100
[20181115_070355 / lib_ip.py:4023] red : variance --> out of range (variance = 0.649 / upper = 0.430 / lower = 0.000)
[20181115_070355 / lib_ip.py:3794] file = img.20181115_070352.2018-11-13_07-45-00_000.jpg.3.png / val_Average = 101.7243	val_Variance = 0.6488	sd = 0.8055	max = 105	min = 98
[20181115_070355 / lib_ip.py:4090] len(Hs) = 8100, len(Ss) = 8100, len(Vs) = 8100
[20181115_070355 / lib_ip.py:4162] green : average --> out of range (average = 101.724 / upper = 83.000 / lower = 58.000)
[20181115_070355 / lib_ip.py:3794] file = img.20181115_070352.2018-11-13_07-45-00_000.jpg.3.png / val_Average = 101.7243	val_Variance = 0.6488	sd = 0.8055	max = 105	min = 98
[20181115_070355 / lib_ip.py:4204] len(Hs) = 8100, len(Ss) = 8100, len(Vs) = 8100
[20181115_070355 / lib_ip.py:4248] black : variance --> out of range (variance = 0.649 / upper = 0.000 / lower = 0.000)
[20181115_070355 / lib_ip.py:4399] file : img.20181115_070352.2018-11-13_07-45-00_000.jpg.3.png 2 (black : variance --> out of range (variance = 0.649 / upper = 0.000 / lower = 0.000))
[20181115_070355 / lib_ip.py:2273] inspecting ===> img.20181115_070352.2018-11-13_07-45-00_000.jpg.4.png
[20181115_070356 / lib_ip.py:4331] 
img.20181115_070352.2018-11-13_07-45-00_000.jpg.4.png 3 ---------------------
[20181115_070356 / lib_ip.py:3794] file = img.20181115_070352.2018-11-13_07-45-00_000.jpg.4.png / val_Average = 101.0009	val_Variance = 1.1470	sd = 1.0710	max = 104	min = 98
[20181115_070356 / lib_ip.py:3877] len(Hs) = 8100, len(Ss) = 8100, len(Vs) = 8100
[20181115_070356 / lib_ip.py:3910] yellow : variance --> out of range (variance = 1.147 / upper = 0.650 / lower = 0.000)
[20181115_070356 / lib_ip.py:3794] file = img.20181115_070352.2018-11-13_07-45-00_000.jpg.4.png / val_Average = 101.0009	val_Variance = 1.1470	sd = 1.0710	max = 104	min = 98
[20181115_070356 / lib_ip.py:3977] len(Hs) = 8100, len(Ss) = 8100, len(Vs) = 8100
[20181115_070356 / lib_ip.py:4023] red : variance --> out of range (variance = 1.147 / upper = 0.430 / lower = 0.000)
[20181115_070356 / lib_ip.py:3794] file = img.20181115_070352.2018-11-13_07-45-00_000.jpg.4.png / val_Average = 101.0009	val_Variance = 1.1470	sd = 1.0710	max = 104	min = 98
[20181115_070356 / lib_ip.py:4090] len(Hs) = 8100, len(Ss) = 8100, len(Vs) = 8100
[20181115_070356 / lib_ip.py:4137] green : variance --> out of range (variance = 1.147 / upper = 0.760 / lower = 0.000)
[20181115_070356 / lib_ip.py:3794] file = img.20181115_070352.2018-11-13_07-45-00_000.jpg.4.png / val_Average = 101.0009	val_Variance = 1.1470	sd = 1.0710	max = 104	min = 98
[20181115_070356 / lib_ip.py:4204] len(Hs) = 8100, len(Ss) = 8100, len(Vs) = 8100
[20181115_070356 / lib_ip.py:4248] black : variance --> out of range (variance = 1.147 / upper = 0.000 / lower = 0.000)
[20181115_070356 / lib_ip.py:4399] file : img.20181115_070352.2018-11-13_07-45-00_000.jpg.4.png 3 (black : variance --> out of range (variance = 1.147 / upper = 0.000 / lower = 0.000))
[20181115_070355 / lib_ip.py:2273] inspecting ===> img.20181115_070352.2018-11-13_07-45-00_000.jpg.4.png
img.20181115_070352.2018-11-13_07-45-00_000.jpg.1.png => other
img.20181115_070352.2018-11-13_07-45-00_000.jpg.2.png => other
img.20181115_070352.2018-11-13_07-45-00_000.jpg.3.png => other
img.20181115_070352.2018-11-13_07-45-00_000.jpg.4.png => other
[20181115_070357 lib_ip.py:3300] =============== Get 4 corners
dpath_Images = C:\WORKS_2\WS\WS_Others.Art\JVEMV6\46_art\VIRTUAL\Admin_Projects\ip\images
fname_Image = img.20181115_070352.2018-11-13_07-45-00_000.jpg.4.png

[20181115_070357 / lib_ip.py:2273] inspecting ===> img.20181115_070357.2018-11-13_08-01-09_000.jpg.1.png
[20181115_070357 / lib_ip.py:4331] 
img.20181115_070357.2018-11-13_08-01-09_000.jpg.1.png 0 ---------------------
[20181115_070357 / lib_ip.py:3794] file = img.20181115_070357.2018-11-13_08-01-09_000.jpg.1.png / val_Average = 73.8427	val_Variance = 0.1325	sd = 0.3641	max = 74	min = 73
[20181115_070357 / lib_ip.py:3877] len(Hs) = 8100, len(Ss) = 8100, len(Vs) = 8100
[20181115_070357 / lib_ip.py:3932] yellow : average --> out of range (average = 73.843 / upper = 99.200 / lower = 88.000)
[20181115_070358 / lib_ip.py:3794] file = img.20181115_070357.2018-11-13_08-01-09_000.jpg.1.png / val_Average = 73.8427	val_Variance = 0.1325	sd = 0.3641	max = 74	min = 73
[20181115_070358 / lib_ip.py:3977] len(Hs) = 8100, len(Ss) = 8100, len(Vs) = 8100
[20181115_070358 / lib_ip.py:4048] red : average --> out of range (average = 73.843 / upper = 124.000 / lower = 115.000)
[20181115_070358 / lib_ip.py:3794] file = img.20181115_070357.2018-11-13_08-01-09_000.jpg.1.png / val_Average = 73.8427	val_Variance = 0.1325	sd = 0.3641	max = 74	min = 73
[20181115_070358 / lib_ip.py:4090] len(Hs) = 8100, len(Ss) = 8100, len(Vs) = 8100
[20181115_070358 / lib_ip.py:2273] inspecting ===> img.20181115_070357.2018-11-13_08-01-09_000.jpg.2.png
[20181115_070358 / lib_ip.py:4331] 
img.20181115_070357.2018-11-13_08-01-09_000.jpg.2.png 1 ---------------------
[20181115_070358 / lib_ip.py:3794] file = img.20181115_070357.2018-11-13_08-01-09_000.jpg.2.png / val_Average = 107.1402	val_Variance = 0.5816	sd = 0.7626	max = 110	min = 104
[20181115_070358 / lib_ip.py:3877] len(Hs) = 8100, len(Ss) = 8100, len(Vs) = 8100
[20181115_070358 / lib_ip.py:3932] yellow : average --> out of range (average = 107.140 / upper = 99.200 / lower = 88.000)
[20181115_070358 / lib_ip.py:3794] file = img.20181115_070357.2018-11-13_08-01-09_000.jpg.2.png / val_Average = 107.1402	val_Variance = 0.5816	sd = 0.7626	max = 110	min = 104
[20181115_070358 / lib_ip.py:3977] len(Hs) = 8100, len(Ss) = 8100, len(Vs) = 8100
[20181115_070358 / lib_ip.py:4023] red : variance --> out of range (variance = 0.582 / upper = 0.430 / lower = 0.000)
[20181115_070359 / lib_ip.py:3794] file = img.20181115_070357.2018-11-13_08-01-09_000.jpg.2.png / val_Average = 107.1402	val_Variance = 0.5816	sd = 0.7626	max = 110	min = 104
[20181115_070359 / lib_ip.py:4090] len(Hs) = 8100, len(Ss) = 8100, len(Vs) = 8100
[20181115_070359 / lib_ip.py:4162] green : average --> out of range (average = 107.140 / upper = 83.000 / lower = 58.000)
[20181115_070359 / lib_ip.py:3794] file = img.20181115_070357.2018-11-13_08-01-09_000.jpg.2.png / val_Average = 107.1402	val_Variance = 0.5816	sd = 0.7626	max = 110	min = 104
[20181115_070359 / lib_ip.py:4204] len(Hs) = 8100, len(Ss) = 8100, len(Vs) = 8100
[20181115_070359 / lib_ip.py:4248] black : variance --> out of range (variance = 0.582 / upper = 0.000 / lower = 0.000)
[20181115_070359 / lib_ip.py:4399] file : img.20181115_070357.2018-11-13_08-01-09_000.jpg.2.png 1 (black : variance --> out of range (variance = 0.582 / upper = 0.000 / lower = 0.000))
[20181115_070359 / lib_ip.py:2273] inspecting ===> img.20181115_070357.2018-11-13_08-01-09_000.jpg.3.png
[20181115_070359 / lib_ip.py:4331] 
img.20181115_070357.2018-11-13_08-01-09_000.jpg.3.png 2 ---------------------
[20181115_070359 / lib_ip.py:3794] file = img.20181115_070357.2018-11-13_08-01-09_000.jpg.3.png / val_Average = 75.0542	val_Variance = 0.1411	sd = 0.3757	max = 76	min = 74
[20181115_070359 / lib_ip.py:3877] len(Hs) = 8100, len(Ss) = 8100, len(Vs) = 8100
[20181115_070359 / lib_ip.py:3932] yellow : average --> out of range (average = 75.054 / upper = 99.200 / lower = 88.000)
[20181115_070359 / lib_ip.py:3794] file = img.20181115_070357.2018-11-13_08-01-09_000.jpg.3.png / val_Average = 75.0542	val_Variance = 0.1411	sd = 0.3757	max = 76	min = 74
[20181115_070359 / lib_ip.py:3977] len(Hs) = 8100, len(Ss) = 8100, len(Vs) = 8100
[20181115_070359 / lib_ip.py:4048] red : average --> out of range (average = 75.054 / upper = 124.000 / lower = 115.000)
[20181115_070359 / lib_ip.py:3794] file = img.20181115_070357.2018-11-13_08-01-09_000.jpg.3.png / val_Average = 75.0542	val_Variance = 0.1411	sd = 0.3757	max = 76	min = 74
[20181115_070359 / lib_ip.py:4090] len(Hs) = 8100, len(Ss) = 8100, len(Vs) = 8100
[20181115_070400 / lib_ip.py:2273] inspecting ===> img.20181115_070357.2018-11-13_08-01-09_000.jpg.4.png
[20181115_070400 / lib_ip.py:4331] 
img.20181115_070357.2018-11-13_08-01-09_000.jpg.4.png 3 ---------------------
[20181115_070400 / lib_ip.py:3794] file = img.20181115_070357.2018-11-13_08-01-09_000.jpg.4.png / val_Average = 65.2375	val_Variance = 732.6510	sd = 27.0675	max = 135	min = 0
[20181115_070400 / lib_ip.py:3877] len(Hs) = 8100, len(Ss) = 8100, len(Vs) = 8100
[20181115_070400 / lib_ip.py:3910] yellow : variance --> out of range (variance = 732.651 / upper = 0.650 / lower = 0.000)
[20181115_070400 / lib_ip.py:3794] file = img.20181115_070357.2018-11-13_08-01-09_000.jpg.4.png / val_Average = 65.2375	val_Variance = 732.6510	sd = 27.0675	max = 135	min = 0
[20181115_070400 / lib_ip.py:3977] len(Hs) = 8100, len(Ss) = 8100, len(Vs) = 8100
[20181115_070400 / lib_ip.py:4023] red : variance --> out of range (variance = 732.651 / upper = 0.430 / lower = 0.000)
[20181115_070400 / lib_ip.py:3794] file = img.20181115_070357.2018-11-13_08-01-09_000.jpg.4.png / val_Average = 65.2375	val_Variance = 732.6510	sd = 27.0675	max = 135	min = 0
[20181115_070400 / lib_ip.py:4090] len(Hs) = 8100, len(Ss) = 8100, len(Vs) = 8100
[20181115_070400 / lib_ip.py:4137] green : variance --> out of range (variance = 732.651 / upper = 0.760 / lower = 0.000)
[20181115_070400 / lib_ip.py:3794] file = img.20181115_070357.2018-11-13_08-01-09_000.jpg.4.png / val_Average = 65.2375	val_Variance = 732.6510	sd = 27.0675	max = 135	min = 0
[20181115_070400 / lib_ip.py:4204] len(Hs) = 8100, len(Ss) = 8100, len(Vs) = 8100
[20181115_070400 / lib_ip.py:4248] black : variance --> out of range (variance = 732.651 / upper = 0.000 / lower = 0.000)
[20181115_070400 / lib_ip.py:4399] file : img.20181115_070357.2018-11-13_08-01-09_000.jpg.4.png 3 (black : variance --> out of range (variance = 732.651 / upper = 0.000 / lower = 0.000))
[20181115_070400 / lib_ip.py:2273] inspecting ===> img.20181115_070357.2018-11-13_08-01-09_000.jpg.4.png
img.20181115_070357.2018-11-13_08-01-09_000.jpg.1.png => other
img.20181115_070357.2018-11-13_08-01-09_000.jpg.2.png => other
img.20181115_070357.2018-11-13_08-01-09_000.jpg.3.png => other
img.20181115_070357.2018-11-13_08-01-09_000.jpg.4.png => other
[20181115_070400 lib_ip.py:3300] =============== Get 4 corners
dpath_Images = C:\WORKS_2\WS\WS_Others.Art\JVEMV6\46_art\VIRTUAL\Admin_Projects\ip\images
fname_Image = img.20181115_070357.2018-11-13_08-01-09_000.jpg.4.png

[20181115_070400 / views.py:1411] gen csv => complete (20181115_070400)(elapsed = 50.920 sec / 11 files / 4.629 sec per file)
1)	2018-11-12_13-42-32_000.jpg => 	other yellow other other 
2)	2018-11-12_16-35-52_000.jpg => 	green other red other 
3)	2018-11-12_18-07-56_000.jpg => 	other other red green 
4)	2018-11-12_18-08-23_000.jpg => 	other other red green 
5)	2018-11-12_18-09-11_000.jpg => 	other other red green 
6)	2018-11-12_18-46-01_000.jpg => 	other red other other 
7)	2018-11-12_20-10-54_000.jpg => 	other yellow other other 
8)	2018-11-12_22-23-32_000.jpg => 	other other other other 
9)	2018-11-13_01-44-38_000.jpg => 	other other other other 
10)	2018-11-13_07-45-00_000.jpg => 	other other other other 
11)	2018-11-13_08-01-09_000.jpg => 	green other green other 
[20181115_070401 / views.py:1797] lo_ColorName_Set__Modified_2 =>
1)	2018-11-12_13-42-32_000.jpg => 	o o o y 
2)	2018-11-12_16-35-52_000.jpg => 	g o o r 
3)	2018-11-12_18-07-56_000.jpg => 	g o o r 
4)	2018-11-12_18-08-23_000.jpg => 	g o o r 
5)	2018-11-12_18-09-11_000.jpg => 	g o o r 
6)	2018-11-12_18-46-01_000.jpg => 	o o o r 
7)	2018-11-12_20-10-54_000.jpg => 	o o o y 
8)	2018-11-12_22-23-32_000.jpg => 	o o o o 
9)	2018-11-13_01-44-38_000.jpg => 	o o o o 
10)	2018-11-13_07-45-00_000.jpg => 	o o o o 
11)	2018-11-13_08-01-09_000.jpg => 	g g o o 
[20181115_070402 / views.py:1908] gen_Cake_CSV(request) ==> ending... =======================//

