[20181014_091656 / views.py:1877] gen_Cake_CSV(request) ==> starting... =======================
[20181014_091657 / lib_ip.py:2273] inspecting ===> img.20181014_091657.2018-10-13_09-05-44_000.jpg.1.png
[20181014_091657 / lib_ip.py:4330] 
img.20181014_091657.2018-10-13_09-05-44_000.jpg.1.png 0
[20181014_091659 / lib_ip.py:3794] file = img.20181014_091657.2018-10-13_09-05-44_000.jpg.1.png / val_Average = 108.1158	val_Variance = 15.1446	sd = 3.8916	max = 123	min = 95
[20181014_091659 / lib_ip.py:3877] len(Hs) = 8100, len(Ss) = 8100, len(Vs) = 8100
[20181014_091659 / lib_ip.py:3910] yellow : variance --> out of range (variance = 15.145 / upper = 0.650 / lower = 0.000)
[20181014_091659 / lib_ip.py:3794] file = img.20181014_091657.2018-10-13_09-05-44_000.jpg.1.png / val_Average = 108.1158	val_Variance = 15.1446	sd = 3.8916	max = 123	min = 95
[20181014_091659 / lib_ip.py:3977] len(Hs) = 8100, len(Ss) = 8100, len(Vs) = 8100
[20181014_091659 / lib_ip.py:4023] red : variance --> out of range (variance = 15.145 / upper = 0.430 / lower = 0.000)
[20181014_091659 / lib_ip.py:3794] file = img.20181014_091657.2018-10-13_09-05-44_000.jpg.1.png / val_Average = 108.1158	val_Variance = 15.1446	sd = 3.8916	max = 123	min = 95
[20181014_091659 / lib_ip.py:4090] len(Hs) = 8100, len(Ss) = 8100, len(Vs) = 8100
[20181014_091659 / lib_ip.py:4137] green : variance --> out of range (variance = 15.145 / upper = 0.750 / lower = 0.000)
[20181014_091659 / lib_ip.py:3794] file = img.20181014_091657.2018-10-13_09-05-44_000.jpg.1.png / val_Average = 108.1158	val_Variance = 15.1446	sd = 3.8916	max = 123	min = 95
[20181014_091659 / lib_ip.py:4204] len(Hs) = 8100, len(Ss) = 8100, len(Vs) = 8100
[20181014_091659 / lib_ip.py:4248] black : variance --> out of range (variance = 15.145 / upper = 0.000 / lower = 0.000)
[20181014_091659 / lib_ip.py:4398] file : img.20181014_091657.2018-10-13_09-05-44_000.jpg.1.png 0 (black : variance --> out of range (variance = 15.145 / upper = 0.000 / lower = 0.000))
[20181014_091700 / lib_ip.py:2273] inspecting ===> img.20181014_091657.2018-10-13_09-05-44_000.jpg.2.png
[20181014_091700 / lib_ip.py:4330] 
img.20181014_091657.2018-10-13_09-05-44_000.jpg.2.png 1
[20181014_091700 / lib_ip.py:3794] file = img.20181014_091657.2018-10-13_09-05-44_000.jpg.2.png / val_Average = 64.5948	val_Variance = 1363.5119	sd = 36.9258	max = 135	min = 0
[20181014_091700 / lib_ip.py:3877] len(Hs) = 8100, len(Ss) = 8100, len(Vs) = 8100
[20181014_091700 / lib_ip.py:3910] yellow : variance --> out of range (variance = 1363.512 / upper = 0.650 / lower = 0.000)
[20181014_091700 / lib_ip.py:3794] file = img.20181014_091657.2018-10-13_09-05-44_000.jpg.2.png / val_Average = 64.5948	val_Variance = 1363.5119	sd = 36.9258	max = 135	min = 0
[20181014_091700 / lib_ip.py:3977] len(Hs) = 8100, len(Ss) = 8100, len(Vs) = 8100
[20181014_091700 / lib_ip.py:4023] red : variance --> out of range (variance = 1363.512 / upper = 0.430 / lower = 0.000)
[20181014_091700 / lib_ip.py:3794] file = img.20181014_091657.2018-10-13_09-05-44_000.jpg.2.png / val_Average = 64.5948	val_Variance = 1363.5119	sd = 36.9258	max = 135	min = 0
[20181014_091700 / lib_ip.py:4090] len(Hs) = 8100, len(Ss) = 8100, len(Vs) = 8100
[20181014_091700 / lib_ip.py:4137] green : variance --> out of range (variance = 1363.512 / upper = 0.750 / lower = 0.000)
[20181014_091700 / lib_ip.py:3794] file = img.20181014_091657.2018-10-13_09-05-44_000.jpg.2.png / val_Average = 64.5948	val_Variance = 1363.5119	sd = 36.9258	max = 135	min = 0
[20181014_091700 / lib_ip.py:4204] len(Hs) = 8100, len(Ss) = 8100, len(Vs) = 8100
[20181014_091700 / lib_ip.py:4248] black : variance --> out of range (variance = 1363.512 / upper = 0.000 / lower = 0.000)
[20181014_091700 / lib_ip.py:4398] file : img.20181014_091657.2018-10-13_09-05-44_000.jpg.2.png 1 (black : variance --> out of range (variance = 1363.512 / upper = 0.000 / lower = 0.000))
[20181014_091700 / lib_ip.py:2273] inspecting ===> img.20181014_091657.2018-10-13_09-05-44_000.jpg.3.png
[20181014_091701 / lib_ip.py:4330] 
img.20181014_091657.2018-10-13_09-05-44_000.jpg.3.png 2
[20181014_091701 / lib_ip.py:3794] file = img.20181014_091657.2018-10-13_09-05-44_000.jpg.3.png / val_Average = 104.3654	val_Variance = 727.2919	sd = 26.9683	max = 178	min = 0
[20181014_091701 / lib_ip.py:3877] len(Hs) = 8100, len(Ss) = 8100, len(Vs) = 8100
[20181014_091701 / lib_ip.py:3910] yellow : variance --> out of range (variance = 727.292 / upper = 0.650 / lower = 0.000)
[20181014_091701 / lib_ip.py:3794] file = img.20181014_091657.2018-10-13_09-05-44_000.jpg.3.png / val_Average = 104.3654	val_Variance = 727.2919	sd = 26.9683	max = 178	min = 0
[20181014_091701 / lib_ip.py:3977] len(Hs) = 8100, len(Ss) = 8100, len(Vs) = 8100
[20181014_091701 / lib_ip.py:4023] red : variance --> out of range (variance = 727.292 / upper = 0.430 / lower = 0.000)
[20181014_091701 / lib_ip.py:3794] file = img.20181014_091657.2018-10-13_09-05-44_000.jpg.3.png / val_Average = 104.3654	val_Variance = 727.2919	sd = 26.9683	max = 178	min = 0
[20181014_091701 / lib_ip.py:4090] len(Hs) = 8100, len(Ss) = 8100, len(Vs) = 8100
[20181014_091701 / lib_ip.py:4137] green : variance --> out of range (variance = 727.292 / upper = 0.750 / lower = 0.000)
[20181014_091701 / lib_ip.py:3794] file = img.20181014_091657.2018-10-13_09-05-44_000.jpg.3.png / val_Average = 104.3654	val_Variance = 727.2919	sd = 26.9683	max = 178	min = 0
[20181014_091701 / lib_ip.py:4204] len(Hs) = 8100, len(Ss) = 8100, len(Vs) = 8100
[20181014_091702 / lib_ip.py:4248] black : variance --> out of range (variance = 727.292 / upper = 0.000 / lower = 0.000)
[20181014_091702 / lib_ip.py:4398] file : img.20181014_091657.2018-10-13_09-05-44_000.jpg.3.png 2 (black : variance --> out of range (variance = 727.292 / upper = 0.000 / lower = 0.000))
[20181014_091702 / lib_ip.py:2273] inspecting ===> img.20181014_091657.2018-10-13_09-05-44_000.jpg.4.png
[20181014_091702 / lib_ip.py:4330] 
img.20181014_091657.2018-10-13_09-05-44_000.jpg.4.png 3
[20181014_091702 / lib_ip.py:3794] file = img.20181014_091657.2018-10-13_09-05-44_000.jpg.4.png / val_Average = 93.5205	val_Variance = 0.2496	sd = 0.4996	max = 94	min = 93
[20181014_091702 / lib_ip.py:3877] len(Hs) = 8100, len(Ss) = 8100, len(Vs) = 8100
[20181014_091702 / lib_ip.py:2273] inspecting ===> img.20181014_091657.2018-10-13_09-05-44_000.jpg.4.png
img.20181014_091657.2018-10-13_09-05-44_000.jpg.1.png => other
img.20181014_091657.2018-10-13_09-05-44_000.jpg.2.png => other
img.20181014_091657.2018-10-13_09-05-44_000.jpg.3.png => other
img.20181014_091657.2018-10-13_09-05-44_000.jpg.4.png => other
[20181014_091702 lib_ip.py:3300] =============== Get 4 corners
dpath_Images = C:\WORKS_2\WS\WS_Others.Art\JVEMV6\46_art\VIRTUAL\Admin_Projects\ip\images
fname_Image = img.20181014_091657.2018-10-13_09-05-44_000.jpg.4.png

[20181014_091703 / lib_ip.py:2273] inspecting ===> img.20181014_091703.2018-10-13_13-44-53_000.jpg.1.png
[20181014_091703 / lib_ip.py:4330] 
img.20181014_091703.2018-10-13_13-44-53_000.jpg.1.png 0
[20181014_091703 / lib_ip.py:3794] file = img.20181014_091703.2018-10-13_13-44-53_000.jpg.1.png / val_Average = 74.8463	val_Variance = 0.1311	sd = 0.3620	max = 76	min = 74
[20181014_091703 / lib_ip.py:3877] len(Hs) = 8100, len(Ss) = 8100, len(Vs) = 8100
[20181014_091703 / lib_ip.py:3932] yellow : average --> out of range (average = 74.846 / upper = 99.200 / lower = 88.000)
[20181014_091703 / lib_ip.py:3794] file = img.20181014_091703.2018-10-13_13-44-53_000.jpg.1.png / val_Average = 74.8463	val_Variance = 0.1311	sd = 0.3620	max = 76	min = 74
[20181014_091703 / lib_ip.py:3977] len(Hs) = 8100, len(Ss) = 8100, len(Vs) = 8100
[20181014_091703 / lib_ip.py:4048] red : average --> out of range (average = 74.846 / upper = 124.000 / lower = 115.000)
[20181014_091704 / lib_ip.py:3794] file = img.20181014_091703.2018-10-13_13-44-53_000.jpg.1.png / val_Average = 74.8463	val_Variance = 0.1311	sd = 0.3620	max = 76	min = 74
[20181014_091704 / lib_ip.py:4090] len(Hs) = 8100, len(Ss) = 8100, len(Vs) = 8100
[20181014_091704 / lib_ip.py:2273] inspecting ===> img.20181014_091703.2018-10-13_13-44-53_000.jpg.2.png
[20181014_091704 / lib_ip.py:4330] 
img.20181014_091703.2018-10-13_13-44-53_000.jpg.2.png 1
[20181014_091704 / lib_ip.py:3794] file = img.20181014_091703.2018-10-13_13-44-53_000.jpg.2.png / val_Average = 73.8680	val_Variance = 0.1146	sd = 0.3385	max = 74	min = 73
[20181014_091704 / lib_ip.py:3877] len(Hs) = 8100, len(Ss) = 8100, len(Vs) = 8100
[20181014_091704 / lib_ip.py:3932] yellow : average --> out of range (average = 73.868 / upper = 99.200 / lower = 88.000)
[20181014_091704 / lib_ip.py:3794] file = img.20181014_091703.2018-10-13_13-44-53_000.jpg.2.png / val_Average = 73.8680	val_Variance = 0.1146	sd = 0.3385	max = 74	min = 73
[20181014_091704 / lib_ip.py:3977] len(Hs) = 8100, len(Ss) = 8100, len(Vs) = 8100
[20181014_091704 / lib_ip.py:4048] red : average --> out of range (average = 73.868 / upper = 124.000 / lower = 115.000)
[20181014_091705 / lib_ip.py:3794] file = img.20181014_091703.2018-10-13_13-44-53_000.jpg.2.png / val_Average = 73.8680	val_Variance = 0.1146	sd = 0.3385	max = 74	min = 73
[20181014_091705 / lib_ip.py:4090] len(Hs) = 8100, len(Ss) = 8100, len(Vs) = 8100
[20181014_091705 / lib_ip.py:2273] inspecting ===> img.20181014_091703.2018-10-13_13-44-53_000.jpg.3.png
[20181014_091705 / lib_ip.py:4330] 
img.20181014_091703.2018-10-13_13-44-53_000.jpg.3.png 2
[20181014_091705 / lib_ip.py:3794] file = img.20181014_091703.2018-10-13_13-44-53_000.jpg.3.png / val_Average = 99.2091	val_Variance = 1.8908	sd = 1.3751	max = 104	min = 95
[20181014_091705 / lib_ip.py:3877] len(Hs) = 8100, len(Ss) = 8100, len(Vs) = 8100
[20181014_091705 / lib_ip.py:3910] yellow : variance --> out of range (variance = 1.891 / upper = 0.650 / lower = 0.000)
[20181014_091705 / lib_ip.py:3794] file = img.20181014_091703.2018-10-13_13-44-53_000.jpg.3.png / val_Average = 99.2091	val_Variance = 1.8908	sd = 1.3751	max = 104	min = 95
[20181014_091705 / lib_ip.py:3977] len(Hs) = 8100, len(Ss) = 8100, len(Vs) = 8100
[20181014_091705 / lib_ip.py:4023] red : variance --> out of range (variance = 1.891 / upper = 0.430 / lower = 0.000)
[20181014_091705 / lib_ip.py:3794] file = img.20181014_091703.2018-10-13_13-44-53_000.jpg.3.png / val_Average = 99.2091	val_Variance = 1.8908	sd = 1.3751	max = 104	min = 95
[20181014_091705 / lib_ip.py:4090] len(Hs) = 8100, len(Ss) = 8100, len(Vs) = 8100
[20181014_091705 / lib_ip.py:4137] green : variance --> out of range (variance = 1.891 / upper = 0.750 / lower = 0.000)
[20181014_091705 / lib_ip.py:3794] file = img.20181014_091703.2018-10-13_13-44-53_000.jpg.3.png / val_Average = 99.2091	val_Variance = 1.8908	sd = 1.3751	max = 104	min = 95
[20181014_091705 / lib_ip.py:4204] len(Hs) = 8100, len(Ss) = 8100, len(Vs) = 8100
[20181014_091705 / lib_ip.py:4248] black : variance --> out of range (variance = 1.891 / upper = 0.000 / lower = 0.000)
[20181014_091706 / lib_ip.py:4398] file : img.20181014_091703.2018-10-13_13-44-53_000.jpg.3.png 2 (black : variance --> out of range (variance = 1.891 / upper = 0.000 / lower = 0.000))
[20181014_091706 / lib_ip.py:2273] inspecting ===> img.20181014_091703.2018-10-13_13-44-53_000.jpg.4.png
[20181014_091706 / lib_ip.py:4330] 
img.20181014_091703.2018-10-13_13-44-53_000.jpg.4.png 3
[20181014_091706 / lib_ip.py:3794] file = img.20181014_091703.2018-10-13_13-44-53_000.jpg.4.png / val_Average = 102.6352	val_Variance = 3.4752	sd = 1.8642	max = 108	min = 98
[20181014_091706 / lib_ip.py:3877] len(Hs) = 8100, len(Ss) = 8100, len(Vs) = 8100
[20181014_091706 / lib_ip.py:3910] yellow : variance --> out of range (variance = 3.475 / upper = 0.650 / lower = 0.000)
[20181014_091706 / lib_ip.py:3794] file = img.20181014_091703.2018-10-13_13-44-53_000.jpg.4.png / val_Average = 102.6352	val_Variance = 3.4752	sd = 1.8642	max = 108	min = 98
[20181014_091706 / lib_ip.py:3977] len(Hs) = 8100, len(Ss) = 8100, len(Vs) = 8100
[20181014_091706 / lib_ip.py:4023] red : variance --> out of range (variance = 3.475 / upper = 0.430 / lower = 0.000)
[20181014_091706 / lib_ip.py:3794] file = img.20181014_091703.2018-10-13_13-44-53_000.jpg.4.png / val_Average = 102.6352	val_Variance = 3.4752	sd = 1.8642	max = 108	min = 98
[20181014_091706 / lib_ip.py:4090] len(Hs) = 8100, len(Ss) = 8100, len(Vs) = 8100
[20181014_091706 / lib_ip.py:4137] green : variance --> out of range (variance = 3.475 / upper = 0.750 / lower = 0.000)
[20181014_091707 / lib_ip.py:3794] file = img.20181014_091703.2018-10-13_13-44-53_000.jpg.4.png / val_Average = 102.6352	val_Variance = 3.4752	sd = 1.8642	max = 108	min = 98
[20181014_091707 / lib_ip.py:4204] len(Hs) = 8100, len(Ss) = 8100, len(Vs) = 8100
[20181014_091707 / lib_ip.py:4248] black : variance --> out of range (variance = 3.475 / upper = 0.000 / lower = 0.000)
[20181014_091707 / lib_ip.py:4398] file : img.20181014_091703.2018-10-13_13-44-53_000.jpg.4.png 3 (black : variance --> out of range (variance = 3.475 / upper = 0.000 / lower = 0.000))
[20181014_091706 / lib_ip.py:2273] inspecting ===> img.20181014_091703.2018-10-13_13-44-53_000.jpg.4.png
img.20181014_091703.2018-10-13_13-44-53_000.jpg.1.png => other
img.20181014_091703.2018-10-13_13-44-53_000.jpg.2.png => other
img.20181014_091703.2018-10-13_13-44-53_000.jpg.3.png => other
img.20181014_091703.2018-10-13_13-44-53_000.jpg.4.png => other
[20181014_091707 lib_ip.py:3300] =============== Get 4 corners
dpath_Images = C:\WORKS_2\WS\WS_Others.Art\JVEMV6\46_art\VIRTUAL\Admin_Projects\ip\images
fname_Image = img.20181014_091703.2018-10-13_13-44-53_000.jpg.4.png

[20181014_091707 / lib_ip.py:2273] inspecting ===> img.20181014_091707.2018-10-13_16-37-52_000.jpg.1.png
[20181014_091708 / lib_ip.py:4330] 
img.20181014_091707.2018-10-13_16-37-52_000.jpg.1.png 0
[20181014_091708 / lib_ip.py:3794] file = img.20181014_091707.2018-10-13_16-37-52_000.jpg.1.png / val_Average = 75.8621	val_Variance = 0.1214	sd = 0.3484	max = 77	min = 75
[20181014_091708 / lib_ip.py:3877] len(Hs) = 8100, len(Ss) = 8100, len(Vs) = 8100
[20181014_091708 / lib_ip.py:3932] yellow : average --> out of range (average = 75.862 / upper = 99.200 / lower = 88.000)
[20181014_091708 / lib_ip.py:3794] file = img.20181014_091707.2018-10-13_16-37-52_000.jpg.1.png / val_Average = 75.8621	val_Variance = 0.1214	sd = 0.3484	max = 77	min = 75
[20181014_091708 / lib_ip.py:3977] len(Hs) = 8100, len(Ss) = 8100, len(Vs) = 8100
[20181014_091708 / lib_ip.py:4048] red : average --> out of range (average = 75.862 / upper = 124.000 / lower = 115.000)
[20181014_091708 / lib_ip.py:3794] file = img.20181014_091707.2018-10-13_16-37-52_000.jpg.1.png / val_Average = 75.8621	val_Variance = 0.1214	sd = 0.3484	max = 77	min = 75
[20181014_091708 / lib_ip.py:4090] len(Hs) = 8100, len(Ss) = 8100, len(Vs) = 8100
[20181014_091708 / lib_ip.py:2273] inspecting ===> img.20181014_091707.2018-10-13_16-37-52_000.jpg.2.png
[20181014_091708 / lib_ip.py:4330] 
img.20181014_091707.2018-10-13_16-37-52_000.jpg.2.png 1
[20181014_091709 / lib_ip.py:3794] file = img.20181014_091707.2018-10-13_16-37-52_000.jpg.2.png / val_Average = 75.2079	val_Variance = 0.1931	sd = 0.4394	max = 76	min = 74
[20181014_091709 / lib_ip.py:3877] len(Hs) = 8100, len(Ss) = 8100, len(Vs) = 8100
[20181014_091709 / lib_ip.py:3932] yellow : average --> out of range (average = 75.208 / upper = 99.200 / lower = 88.000)
[20181014_091709 / lib_ip.py:3794] file = img.20181014_091707.2018-10-13_16-37-52_000.jpg.2.png / val_Average = 75.2079	val_Variance = 0.1931	sd = 0.4394	max = 76	min = 74
[20181014_091709 / lib_ip.py:3977] len(Hs) = 8100, len(Ss) = 8100, len(Vs) = 8100
[20181014_091709 / lib_ip.py:4048] red : average --> out of range (average = 75.208 / upper = 124.000 / lower = 115.000)
[20181014_091709 / lib_ip.py:3794] file = img.20181014_091707.2018-10-13_16-37-52_000.jpg.2.png / val_Average = 75.2079	val_Variance = 0.1931	sd = 0.4394	max = 76	min = 74
[20181014_091709 / lib_ip.py:4090] len(Hs) = 8100, len(Ss) = 8100, len(Vs) = 8100
[20181014_091709 / lib_ip.py:2273] inspecting ===> img.20181014_091707.2018-10-13_16-37-52_000.jpg.3.png
[20181014_091709 / lib_ip.py:4330] 
img.20181014_091707.2018-10-13_16-37-52_000.jpg.3.png 2
[20181014_091710 / lib_ip.py:3794] file = img.20181014_091707.2018-10-13_16-37-52_000.jpg.3.png / val_Average = 95.0060	val_Variance = 1782.1196	sd = 42.2152	max = 160	min = 0
[20181014_091710 / lib_ip.py:3877] len(Hs) = 8100, len(Ss) = 8100, len(Vs) = 8100
[20181014_091710 / lib_ip.py:3910] yellow : variance --> out of range (variance = 1782.120 / upper = 0.650 / lower = 0.000)
[20181014_091710 / lib_ip.py:3794] file = img.20181014_091707.2018-10-13_16-37-52_000.jpg.3.png / val_Average = 95.0060	val_Variance = 1782.1196	sd = 42.2152	max = 160	min = 0
[20181014_091710 / lib_ip.py:3977] len(Hs) = 8100, len(Ss) = 8100, len(Vs) = 8100
[20181014_091710 / lib_ip.py:4023] red : variance --> out of range (variance = 1782.120 / upper = 0.430 / lower = 0.000)
[20181014_091710 / lib_ip.py:3794] file = img.20181014_091707.2018-10-13_16-37-52_000.jpg.3.png / val_Average = 95.0060	val_Variance = 1782.1196	sd = 42.2152	max = 160	min = 0
[20181014_091710 / lib_ip.py:4090] len(Hs) = 8100, len(Ss) = 8100, len(Vs) = 8100
[20181014_091710 / lib_ip.py:4137] green : variance --> out of range (variance = 1782.120 / upper = 0.750 / lower = 0.000)
[20181014_091710 / lib_ip.py:3794] file = img.20181014_091707.2018-10-13_16-37-52_000.jpg.3.png / val_Average = 95.0060	val_Variance = 1782.1196	sd = 42.2152	max = 160	min = 0
[20181014_091710 / lib_ip.py:4204] len(Hs) = 8100, len(Ss) = 8100, len(Vs) = 8100
[20181014_091710 / lib_ip.py:4248] black : variance --> out of range (variance = 1782.120 / upper = 0.000 / lower = 0.000)
[20181014_091710 / lib_ip.py:4398] file : img.20181014_091707.2018-10-13_16-37-52_000.jpg.3.png 2 (black : variance --> out of range (variance = 1782.120 / upper = 0.000 / lower = 0.000))
[20181014_091710 / lib_ip.py:2273] inspecting ===> img.20181014_091707.2018-10-13_16-37-52_000.jpg.4.png
[20181014_091710 / lib_ip.py:4330] 
img.20181014_091707.2018-10-13_16-37-52_000.jpg.4.png 3
[20181014_091710 / lib_ip.py:3794] file = img.20181014_091707.2018-10-13_16-37-52_000.jpg.4.png / val_Average = 133.9015	val_Variance = 42.6044	sd = 6.5272	max = 143	min = 112
[20181014_091710 / lib_ip.py:3877] len(Hs) = 8100, len(Ss) = 8100, len(Vs) = 8100
[20181014_091710 / lib_ip.py:3910] yellow : variance --> out of range (variance = 42.604 / upper = 0.650 / lower = 0.000)
[20181014_091711 / lib_ip.py:3794] file = img.20181014_091707.2018-10-13_16-37-52_000.jpg.4.png / val_Average = 133.9015	val_Variance = 42.6044	sd = 6.5272	max = 143	min = 112
[20181014_091711 / lib_ip.py:3977] len(Hs) = 8100, len(Ss) = 8100, len(Vs) = 8100
[20181014_091711 / lib_ip.py:4023] red : variance --> out of range (variance = 42.604 / upper = 0.430 / lower = 0.000)
[20181014_091711 / lib_ip.py:3794] file = img.20181014_091707.2018-10-13_16-37-52_000.jpg.4.png / val_Average = 133.9015	val_Variance = 42.6044	sd = 6.5272	max = 143	min = 112
[20181014_091711 / lib_ip.py:4090] len(Hs) = 8100, len(Ss) = 8100, len(Vs) = 8100
[20181014_091711 / lib_ip.py:4137] green : variance --> out of range (variance = 42.604 / upper = 0.750 / lower = 0.000)
[20181014_091711 / lib_ip.py:3794] file = img.20181014_091707.2018-10-13_16-37-52_000.jpg.4.png / val_Average = 133.9015	val_Variance = 42.6044	sd = 6.5272	max = 143	min = 112
[20181014_091711 / lib_ip.py:4204] len(Hs) = 8100, len(Ss) = 8100, len(Vs) = 8100
[20181014_091711 / lib_ip.py:4248] black : variance --> out of range (variance = 42.604 / upper = 0.000 / lower = 0.000)
[20181014_091711 / lib_ip.py:4398] file : img.20181014_091707.2018-10-13_16-37-52_000.jpg.4.png 3 (black : variance --> out of range (variance = 42.604 / upper = 0.000 / lower = 0.000))
[20181014_091710 / lib_ip.py:2273] inspecting ===> img.20181014_091707.2018-10-13_16-37-52_000.jpg.4.png
img.20181014_091707.2018-10-13_16-37-52_000.jpg.1.png => other
img.20181014_091707.2018-10-13_16-37-52_000.jpg.2.png => other
img.20181014_091707.2018-10-13_16-37-52_000.jpg.3.png => other
img.20181014_091707.2018-10-13_16-37-52_000.jpg.4.png => other
[20181014_091711 lib_ip.py:3300] =============== Get 4 corners
dpath_Images = C:\WORKS_2\WS\WS_Others.Art\JVEMV6\46_art\VIRTUAL\Admin_Projects\ip\images
fname_Image = img.20181014_091707.2018-10-13_16-37-52_000.jpg.4.png

[20181014_091712 / lib_ip.py:2273] inspecting ===> img.20181014_091712.2018-10-13_17-58-35_000.jpg.1.png
[20181014_091712 / lib_ip.py:4330] 
img.20181014_091712.2018-10-13_17-58-35_000.jpg.1.png 0
[20181014_091712 / lib_ip.py:3794] file = img.20181014_091712.2018-10-13_17-58-35_000.jpg.1.png / val_Average = 102.1430	val_Variance = 3.9536	sd = 1.9884	max = 107	min = 94
[20181014_091712 / lib_ip.py:3877] len(Hs) = 8100, len(Ss) = 8100, len(Vs) = 8100
[20181014_091712 / lib_ip.py:3910] yellow : variance --> out of range (variance = 3.954 / upper = 0.650 / lower = 0.000)
[20181014_091712 / lib_ip.py:3794] file = img.20181014_091712.2018-10-13_17-58-35_000.jpg.1.png / val_Average = 102.1430	val_Variance = 3.9536	sd = 1.9884	max = 107	min = 94
[20181014_091712 / lib_ip.py:3977] len(Hs) = 8100, len(Ss) = 8100, len(Vs) = 8100
[20181014_091712 / lib_ip.py:4023] red : variance --> out of range (variance = 3.954 / upper = 0.430 / lower = 0.000)
[20181014_091712 / lib_ip.py:3794] file = img.20181014_091712.2018-10-13_17-58-35_000.jpg.1.png / val_Average = 102.1430	val_Variance = 3.9536	sd = 1.9884	max = 107	min = 94
[20181014_091712 / lib_ip.py:4090] len(Hs) = 8100, len(Ss) = 8100, len(Vs) = 8100
[20181014_091712 / lib_ip.py:4137] green : variance --> out of range (variance = 3.954 / upper = 0.750 / lower = 0.000)
[20181014_091713 / lib_ip.py:3794] file = img.20181014_091712.2018-10-13_17-58-35_000.jpg.1.png / val_Average = 102.1430	val_Variance = 3.9536	sd = 1.9884	max = 107	min = 94
[20181014_091713 / lib_ip.py:4204] len(Hs) = 8100, len(Ss) = 8100, len(Vs) = 8100
[20181014_091713 / lib_ip.py:4248] black : variance --> out of range (variance = 3.954 / upper = 0.000 / lower = 0.000)
[20181014_091713 / lib_ip.py:4398] file : img.20181014_091712.2018-10-13_17-58-35_000.jpg.1.png 0 (black : variance --> out of range (variance = 3.954 / upper = 0.000 / lower = 0.000))
[20181014_091713 / lib_ip.py:2273] inspecting ===> img.20181014_091712.2018-10-13_17-58-35_000.jpg.2.png
[20181014_091713 / lib_ip.py:4330] 
img.20181014_091712.2018-10-13_17-58-35_000.jpg.2.png 1
[20181014_091713 / lib_ip.py:3794] file = img.20181014_091712.2018-10-13_17-58-35_000.jpg.2.png / val_Average = 120.9809	val_Variance = 0.0627	sd = 0.2504	max = 122	min = 120
[20181014_091713 / lib_ip.py:3877] len(Hs) = 8100, len(Ss) = 8100, len(Vs) = 8100
[20181014_091713 / lib_ip.py:3932] yellow : average --> out of range (average = 120.981 / upper = 99.200 / lower = 88.000)
[20181014_091713 / lib_ip.py:3794] file = img.20181014_091712.2018-10-13_17-58-35_000.jpg.2.png / val_Average = 120.9809	val_Variance = 0.0627	sd = 0.2504	max = 122	min = 120
[20181014_091713 / lib_ip.py:3977] len(Hs) = 8100, len(Ss) = 8100, len(Vs) = 8100
[20181014_091713 / lib_ip.py:2273] inspecting ===> img.20181014_091712.2018-10-13_17-58-35_000.jpg.3.png
[20181014_091714 / lib_ip.py:4330] 
img.20181014_091712.2018-10-13_17-58-35_000.jpg.3.png 2
[20181014_091714 / lib_ip.py:3794] file = img.20181014_091712.2018-10-13_17-58-35_000.jpg.3.png / val_Average = 115.2596	val_Variance = 1.8026	sd = 1.3426	max = 124	min = 107
[20181014_091714 / lib_ip.py:3877] len(Hs) = 8100, len(Ss) = 8100, len(Vs) = 8100
[20181014_091714 / lib_ip.py:3910] yellow : variance --> out of range (variance = 1.803 / upper = 0.650 / lower = 0.000)
[20181014_091714 / lib_ip.py:3794] file = img.20181014_091712.2018-10-13_17-58-35_000.jpg.3.png / val_Average = 115.2596	val_Variance = 1.8026	sd = 1.3426	max = 124	min = 107
[20181014_091714 / lib_ip.py:3977] len(Hs) = 8100, len(Ss) = 8100, len(Vs) = 8100
[20181014_091714 / lib_ip.py:4023] red : variance --> out of range (variance = 1.803 / upper = 0.430 / lower = 0.000)
[20181014_091714 / lib_ip.py:3794] file = img.20181014_091712.2018-10-13_17-58-35_000.jpg.3.png / val_Average = 115.2596	val_Variance = 1.8026	sd = 1.3426	max = 124	min = 107
[20181014_091714 / lib_ip.py:4090] len(Hs) = 8100, len(Ss) = 8100, len(Vs) = 8100
[20181014_091715 / lib_ip.py:4137] green : variance --> out of range (variance = 1.803 / upper = 0.750 / lower = 0.000)
[20181014_091715 / lib_ip.py:3794] file = img.20181014_091712.2018-10-13_17-58-35_000.jpg.3.png / val_Average = 115.2596	val_Variance = 1.8026	sd = 1.3426	max = 124	min = 107
[20181014_091715 / lib_ip.py:4204] len(Hs) = 8100, len(Ss) = 8100, len(Vs) = 8100
[20181014_091715 / lib_ip.py:4248] black : variance --> out of range (variance = 1.803 / upper = 0.000 / lower = 0.000)
[20181014_091715 / lib_ip.py:4398] file : img.20181014_091712.2018-10-13_17-58-35_000.jpg.3.png 2 (black : variance --> out of range (variance = 1.803 / upper = 0.000 / lower = 0.000))
[20181014_091715 / lib_ip.py:2273] inspecting ===> img.20181014_091712.2018-10-13_17-58-35_000.jpg.4.png
[20181014_091715 / lib_ip.py:4330] 
img.20181014_091712.2018-10-13_17-58-35_000.jpg.4.png 3
[20181014_091715 / lib_ip.py:3794] file = img.20181014_091712.2018-10-13_17-58-35_000.jpg.4.png / val_Average = 75.3523	val_Variance = 0.2791	sd = 0.5283	max = 77	min = 74
[20181014_091715 / lib_ip.py:3877] len(Hs) = 8100, len(Ss) = 8100, len(Vs) = 8100
[20181014_091715 / lib_ip.py:3932] yellow : average --> out of range (average = 75.352 / upper = 99.200 / lower = 88.000)
[20181014_091715 / lib_ip.py:3794] file = img.20181014_091712.2018-10-13_17-58-35_000.jpg.4.png / val_Average = 75.3523	val_Variance = 0.2791	sd = 0.5283	max = 77	min = 74
[20181014_091715 / lib_ip.py:3977] len(Hs) = 8100, len(Ss) = 8100, len(Vs) = 8100
[20181014_091715 / lib_ip.py:4048] red : average --> out of range (average = 75.352 / upper = 124.000 / lower = 115.000)
[20181014_091715 / lib_ip.py:3794] file = img.20181014_091712.2018-10-13_17-58-35_000.jpg.4.png / val_Average = 75.3523	val_Variance = 0.2791	sd = 0.5283	max = 77	min = 74
[20181014_091715 / lib_ip.py:4090] len(Hs) = 8100, len(Ss) = 8100, len(Vs) = 8100
[20181014_091715 / lib_ip.py:2273] inspecting ===> img.20181014_091712.2018-10-13_17-58-35_000.jpg.4.png
img.20181014_091712.2018-10-13_17-58-35_000.jpg.1.png => other
img.20181014_091712.2018-10-13_17-58-35_000.jpg.2.png => other
img.20181014_091712.2018-10-13_17-58-35_000.jpg.3.png => other
img.20181014_091712.2018-10-13_17-58-35_000.jpg.4.png => other
[20181014_091716 lib_ip.py:3300] =============== Get 4 corners
dpath_Images = C:\WORKS_2\WS\WS_Others.Art\JVEMV6\46_art\VIRTUAL\Admin_Projects\ip\images
fname_Image = img.20181014_091712.2018-10-13_17-58-35_000.jpg.4.png

[20181014_091716 / lib_ip.py:2273] inspecting ===> img.20181014_091716.2018-10-13_18-44-36_000.jpg.1.png
[20181014_091717 / lib_ip.py:4330] 
img.20181014_091716.2018-10-13_18-44-36_000.jpg.1.png 0
[20181014_091717 / lib_ip.py:3794] file = img.20181014_091716.2018-10-13_18-44-36_000.jpg.1.png / val_Average = 103.9407	val_Variance = 3.9478	sd = 1.9869	max = 115	min = 98
[20181014_091717 / lib_ip.py:3877] len(Hs) = 8100, len(Ss) = 8100, len(Vs) = 8100
[20181014_091717 / lib_ip.py:3910] yellow : variance --> out of range (variance = 3.948 / upper = 0.650 / lower = 0.000)
[20181014_091717 / lib_ip.py:3794] file = img.20181014_091716.2018-10-13_18-44-36_000.jpg.1.png / val_Average = 103.9407	val_Variance = 3.9478	sd = 1.9869	max = 115	min = 98
[20181014_091717 / lib_ip.py:3977] len(Hs) = 8100, len(Ss) = 8100, len(Vs) = 8100
[20181014_091717 / lib_ip.py:4023] red : variance --> out of range (variance = 3.948 / upper = 0.430 / lower = 0.000)
[20181014_091717 / lib_ip.py:3794] file = img.20181014_091716.2018-10-13_18-44-36_000.jpg.1.png / val_Average = 103.9407	val_Variance = 3.9478	sd = 1.9869	max = 115	min = 98
[20181014_091717 / lib_ip.py:4090] len(Hs) = 8100, len(Ss) = 8100, len(Vs) = 8100
[20181014_091717 / lib_ip.py:4137] green : variance --> out of range (variance = 3.948 / upper = 0.750 / lower = 0.000)
[20181014_091717 / lib_ip.py:3794] file = img.20181014_091716.2018-10-13_18-44-36_000.jpg.1.png / val_Average = 103.9407	val_Variance = 3.9478	sd = 1.9869	max = 115	min = 98
[20181014_091717 / lib_ip.py:4204] len(Hs) = 8100, len(Ss) = 8100, len(Vs) = 8100
[20181014_091717 / lib_ip.py:4248] black : variance --> out of range (variance = 3.948 / upper = 0.000 / lower = 0.000)
[20181014_091718 / lib_ip.py:4398] file : img.20181014_091716.2018-10-13_18-44-36_000.jpg.1.png 0 (black : variance --> out of range (variance = 3.948 / upper = 0.000 / lower = 0.000))
[20181014_091718 / lib_ip.py:2273] inspecting ===> img.20181014_091716.2018-10-13_18-44-36_000.jpg.2.png
[20181014_091718 / lib_ip.py:4330] 
img.20181014_091716.2018-10-13_18-44-36_000.jpg.2.png 1
[20181014_091718 / lib_ip.py:3794] file = img.20181014_091716.2018-10-13_18-44-36_000.jpg.2.png / val_Average = 107.4633	val_Variance = 8.2148	sd = 2.8662	max = 120	min = 103
[20181014_091718 / lib_ip.py:3877] len(Hs) = 8100, len(Ss) = 8100, len(Vs) = 8100
[20181014_091718 / lib_ip.py:3910] yellow : variance --> out of range (variance = 8.215 / upper = 0.650 / lower = 0.000)
[20181014_091718 / lib_ip.py:3794] file = img.20181014_091716.2018-10-13_18-44-36_000.jpg.2.png / val_Average = 107.4633	val_Variance = 8.2148	sd = 2.8662	max = 120	min = 103
[20181014_091718 / lib_ip.py:3977] len(Hs) = 8100, len(Ss) = 8100, len(Vs) = 8100
[20181014_091718 / lib_ip.py:4023] red : variance --> out of range (variance = 8.215 / upper = 0.430 / lower = 0.000)
[20181014_091718 / lib_ip.py:3794] file = img.20181014_091716.2018-10-13_18-44-36_000.jpg.2.png / val_Average = 107.4633	val_Variance = 8.2148	sd = 2.8662	max = 120	min = 103
[20181014_091718 / lib_ip.py:4090] len(Hs) = 8100, len(Ss) = 8100, len(Vs) = 8100
[20181014_091718 / lib_ip.py:4137] green : variance --> out of range (variance = 8.215 / upper = 0.750 / lower = 0.000)
[20181014_091719 / lib_ip.py:3794] file = img.20181014_091716.2018-10-13_18-44-36_000.jpg.2.png / val_Average = 107.4633	val_Variance = 8.2148	sd = 2.8662	max = 120	min = 103
[20181014_091719 / lib_ip.py:4204] len(Hs) = 8100, len(Ss) = 8100, len(Vs) = 8100
[20181014_091719 / lib_ip.py:4248] black : variance --> out of range (variance = 8.215 / upper = 0.000 / lower = 0.000)
[20181014_091719 / lib_ip.py:4398] file : img.20181014_091716.2018-10-13_18-44-36_000.jpg.2.png 1 (black : variance --> out of range (variance = 8.215 / upper = 0.000 / lower = 0.000))
[20181014_091719 / lib_ip.py:2273] inspecting ===> img.20181014_091716.2018-10-13_18-44-36_000.jpg.3.png
[20181014_091719 / lib_ip.py:4330] 
img.20181014_091716.2018-10-13_18-44-36_000.jpg.3.png 2
[20181014_091719 / lib_ip.py:3794] file = img.20181014_091716.2018-10-13_18-44-36_000.jpg.3.png / val_Average = 120.9007	val_Variance = 0.0971	sd = 0.3115	max = 122	min = 120
[20181014_091719 / lib_ip.py:3877] len(Hs) = 8100, len(Ss) = 8100, len(Vs) = 8100
[20181014_091719 / lib_ip.py:3932] yellow : average --> out of range (average = 120.901 / upper = 99.200 / lower = 88.000)
[20181014_091719 / lib_ip.py:3794] file = img.20181014_091716.2018-10-13_18-44-36_000.jpg.3.png / val_Average = 120.9007	val_Variance = 0.0971	sd = 0.3115	max = 122	min = 120
[20181014_091719 / lib_ip.py:3977] len(Hs) = 8100, len(Ss) = 8100, len(Vs) = 8100
[20181014_091719 / lib_ip.py:2273] inspecting ===> img.20181014_091716.2018-10-13_18-44-36_000.jpg.4.png
[20181014_091720 / lib_ip.py:4330] 
img.20181014_091716.2018-10-13_18-44-36_000.jpg.4.png 3
[20181014_091720 / lib_ip.py:3794] file = img.20181014_091716.2018-10-13_18-44-36_000.jpg.4.png / val_Average = 121.5859	val_Variance = 10.3947	sd = 3.2241	max = 131	min = 112
[20181014_091720 / lib_ip.py:3877] len(Hs) = 8100, len(Ss) = 8100, len(Vs) = 8100
[20181014_091720 / lib_ip.py:3910] yellow : variance --> out of range (variance = 10.395 / upper = 0.650 / lower = 0.000)
[20181014_091720 / lib_ip.py:3794] file = img.20181014_091716.2018-10-13_18-44-36_000.jpg.4.png / val_Average = 121.5859	val_Variance = 10.3947	sd = 3.2241	max = 131	min = 112
[20181014_091720 / lib_ip.py:3977] len(Hs) = 8100, len(Ss) = 8100, len(Vs) = 8100
[20181014_091720 / lib_ip.py:4023] red : variance --> out of range (variance = 10.395 / upper = 0.430 / lower = 0.000)
[20181014_091720 / lib_ip.py:3794] file = img.20181014_091716.2018-10-13_18-44-36_000.jpg.4.png / val_Average = 121.5859	val_Variance = 10.3947	sd = 3.2241	max = 131	min = 112
[20181014_091720 / lib_ip.py:4090] len(Hs) = 8100, len(Ss) = 8100, len(Vs) = 8100
[20181014_091720 / lib_ip.py:4137] green : variance --> out of range (variance = 10.395 / upper = 0.750 / lower = 0.000)
[20181014_091720 / lib_ip.py:3794] file = img.20181014_091716.2018-10-13_18-44-36_000.jpg.4.png / val_Average = 121.5859	val_Variance = 10.3947	sd = 3.2241	max = 131	min = 112
[20181014_091721 / lib_ip.py:4204] len(Hs) = 8100, len(Ss) = 8100, len(Vs) = 8100
[20181014_091721 / lib_ip.py:4248] black : variance --> out of range (variance = 10.395 / upper = 0.000 / lower = 0.000)
[20181014_091721 / lib_ip.py:4398] file : img.20181014_091716.2018-10-13_18-44-36_000.jpg.4.png 3 (black : variance --> out of range (variance = 10.395 / upper = 0.000 / lower = 0.000))
[20181014_091719 / lib_ip.py:2273] inspecting ===> img.20181014_091716.2018-10-13_18-44-36_000.jpg.4.png
img.20181014_091716.2018-10-13_18-44-36_000.jpg.1.png => other
img.20181014_091716.2018-10-13_18-44-36_000.jpg.2.png => other
img.20181014_091716.2018-10-13_18-44-36_000.jpg.3.png => other
img.20181014_091716.2018-10-13_18-44-36_000.jpg.4.png => other
[20181014_091721 lib_ip.py:3300] =============== Get 4 corners
dpath_Images = C:\WORKS_2\WS\WS_Others.Art\JVEMV6\46_art\VIRTUAL\Admin_Projects\ip\images
fname_Image = img.20181014_091716.2018-10-13_18-44-36_000.jpg.4.png

[20181014_091722 / lib_ip.py:2273] inspecting ===> img.20181014_091721.2018-10-13_20-15-01_000.jpg.1.png
[20181014_091722 / lib_ip.py:4330] 
img.20181014_091721.2018-10-13_20-15-01_000.jpg.1.png 0
[20181014_091722 / lib_ip.py:3794] file = img.20181014_091721.2018-10-13_20-15-01_000.jpg.1.png / val_Average = 52.1802	val_Variance = 1403.3964	sd = 37.4619	max = 135	min = 0
[20181014_091722 / lib_ip.py:3877] len(Hs) = 8100, len(Ss) = 8100, len(Vs) = 8100
[20181014_091722 / lib_ip.py:3910] yellow : variance --> out of range (variance = 1403.396 / upper = 0.650 / lower = 0.000)
[20181014_091722 / lib_ip.py:3794] file = img.20181014_091721.2018-10-13_20-15-01_000.jpg.1.png / val_Average = 52.1802	val_Variance = 1403.3964	sd = 37.4619	max = 135	min = 0
[20181014_091722 / lib_ip.py:3977] len(Hs) = 8100, len(Ss) = 8100, len(Vs) = 8100
[20181014_091722 / lib_ip.py:4023] red : variance --> out of range (variance = 1403.396 / upper = 0.430 / lower = 0.000)
[20181014_091722 / lib_ip.py:3794] file = img.20181014_091721.2018-10-13_20-15-01_000.jpg.1.png / val_Average = 52.1802	val_Variance = 1403.3964	sd = 37.4619	max = 135	min = 0
[20181014_091722 / lib_ip.py:4090] len(Hs) = 8100, len(Ss) = 8100, len(Vs) = 8100
[20181014_091722 / lib_ip.py:4137] green : variance --> out of range (variance = 1403.396 / upper = 0.750 / lower = 0.000)
[20181014_091723 / lib_ip.py:3794] file = img.20181014_091721.2018-10-13_20-15-01_000.jpg.1.png / val_Average = 52.1802	val_Variance = 1403.3964	sd = 37.4619	max = 135	min = 0
[20181014_091723 / lib_ip.py:4204] len(Hs) = 8100, len(Ss) = 8100, len(Vs) = 8100
[20181014_091723 / lib_ip.py:4248] black : variance --> out of range (variance = 1403.396 / upper = 0.000 / lower = 0.000)
[20181014_091723 / lib_ip.py:4398] file : img.20181014_091721.2018-10-13_20-15-01_000.jpg.1.png 0 (black : variance --> out of range (variance = 1403.396 / upper = 0.000 / lower = 0.000))
[20181014_091723 / lib_ip.py:2273] inspecting ===> img.20181014_091721.2018-10-13_20-15-01_000.jpg.2.png
[20181014_091723 / lib_ip.py:4330] 
img.20181014_091721.2018-10-13_20-15-01_000.jpg.2.png 1
[20181014_091723 / lib_ip.py:3794] file = img.20181014_091721.2018-10-13_20-15-01_000.jpg.2.png / val_Average = 48.9643	val_Variance = 1846.4707	sd = 42.9706	max = 135	min = 0
[20181014_091723 / lib_ip.py:3877] len(Hs) = 8100, len(Ss) = 8100, len(Vs) = 8100
[20181014_091723 / lib_ip.py:3910] yellow : variance --> out of range (variance = 1846.471 / upper = 0.650 / lower = 0.000)
[20181014_091723 / lib_ip.py:3794] file = img.20181014_091721.2018-10-13_20-15-01_000.jpg.2.png / val_Average = 48.9643	val_Variance = 1846.4707	sd = 42.9706	max = 135	min = 0
[20181014_091723 / lib_ip.py:3977] len(Hs) = 8100, len(Ss) = 8100, len(Vs) = 8100
[20181014_091723 / lib_ip.py:4023] red : variance --> out of range (variance = 1846.471 / upper = 0.430 / lower = 0.000)
[20181014_091723 / lib_ip.py:3794] file = img.20181014_091721.2018-10-13_20-15-01_000.jpg.2.png / val_Average = 48.9643	val_Variance = 1846.4707	sd = 42.9706	max = 135	min = 0
[20181014_091723 / lib_ip.py:4090] len(Hs) = 8100, len(Ss) = 8100, len(Vs) = 8100
[20181014_091724 / lib_ip.py:4137] green : variance --> out of range (variance = 1846.471 / upper = 0.750 / lower = 0.000)
[20181014_091724 / lib_ip.py:3794] file = img.20181014_091721.2018-10-13_20-15-01_000.jpg.2.png / val_Average = 48.9643	val_Variance = 1846.4707	sd = 42.9706	max = 135	min = 0
[20181014_091724 / lib_ip.py:4204] len(Hs) = 8100, len(Ss) = 8100, len(Vs) = 8100
[20181014_091724 / lib_ip.py:4248] black : variance --> out of range (variance = 1846.471 / upper = 0.000 / lower = 0.000)
[20181014_091724 / lib_ip.py:4398] file : img.20181014_091721.2018-10-13_20-15-01_000.jpg.2.png 1 (black : variance --> out of range (variance = 1846.471 / upper = 0.000 / lower = 0.000))
[20181014_091724 / lib_ip.py:2273] inspecting ===> img.20181014_091721.2018-10-13_20-15-01_000.jpg.3.png
[20181014_091724 / lib_ip.py:4330] 
img.20181014_091721.2018-10-13_20-15-01_000.jpg.3.png 2
[20181014_091724 / lib_ip.py:3794] file = img.20181014_091721.2018-10-13_20-15-01_000.jpg.3.png / val_Average = 91.9920	val_Variance = 0.0099	sd = 0.0997	max = 93	min = 91
[20181014_091724 / lib_ip.py:3877] len(Hs) = 8100, len(Ss) = 8100, len(Vs) = 8100
[20181014_091724 / lib_ip.py:2273] inspecting ===> img.20181014_091721.2018-10-13_20-15-01_000.jpg.4.png
[20181014_091725 / lib_ip.py:4330] 
img.20181014_091721.2018-10-13_20-15-01_000.jpg.4.png 3
[20181014_091725 / lib_ip.py:3794] file = img.20181014_091721.2018-10-13_20-15-01_000.jpg.4.png / val_Average = 51.5589	val_Variance = 1551.5451	sd = 39.3897	max = 135	min = 0
[20181014_091725 / lib_ip.py:3877] len(Hs) = 8100, len(Ss) = 8100, len(Vs) = 8100
[20181014_091725 / lib_ip.py:3910] yellow : variance --> out of range (variance = 1551.545 / upper = 0.650 / lower = 0.000)
[20181014_091725 / lib_ip.py:3794] file = img.20181014_091721.2018-10-13_20-15-01_000.jpg.4.png / val_Average = 51.5589	val_Variance = 1551.5451	sd = 39.3897	max = 135	min = 0
[20181014_091725 / lib_ip.py:3977] len(Hs) = 8100, len(Ss) = 8100, len(Vs) = 8100
[20181014_091725 / lib_ip.py:4023] red : variance --> out of range (variance = 1551.545 / upper = 0.430 / lower = 0.000)
[20181014_091725 / lib_ip.py:3794] file = img.20181014_091721.2018-10-13_20-15-01_000.jpg.4.png / val_Average = 51.5589	val_Variance = 1551.5451	sd = 39.3897	max = 135	min = 0
[20181014_091725 / lib_ip.py:4090] len(Hs) = 8100, len(Ss) = 8100, len(Vs) = 8100
[20181014_091725 / lib_ip.py:4137] green : variance --> out of range (variance = 1551.545 / upper = 0.750 / lower = 0.000)
[20181014_091725 / lib_ip.py:3794] file = img.20181014_091721.2018-10-13_20-15-01_000.jpg.4.png / val_Average = 51.5589	val_Variance = 1551.5451	sd = 39.3897	max = 135	min = 0
[20181014_091725 / lib_ip.py:4204] len(Hs) = 8100, len(Ss) = 8100, len(Vs) = 8100
[20181014_091725 / lib_ip.py:4248] black : variance --> out of range (variance = 1551.545 / upper = 0.000 / lower = 0.000)
[20181014_091725 / lib_ip.py:4398] file : img.20181014_091721.2018-10-13_20-15-01_000.jpg.4.png 3 (black : variance --> out of range (variance = 1551.545 / upper = 0.000 / lower = 0.000))
[20181014_091724 / lib_ip.py:2273] inspecting ===> img.20181014_091721.2018-10-13_20-15-01_000.jpg.4.png
img.20181014_091721.2018-10-13_20-15-01_000.jpg.1.png => other
img.20181014_091721.2018-10-13_20-15-01_000.jpg.2.png => other
img.20181014_091721.2018-10-13_20-15-01_000.jpg.3.png => other
img.20181014_091721.2018-10-13_20-15-01_000.jpg.4.png => other
[20181014_091725 lib_ip.py:3300] =============== Get 4 corners
dpath_Images = C:\WORKS_2\WS\WS_Others.Art\JVEMV6\46_art\VIRTUAL\Admin_Projects\ip\images
fname_Image = img.20181014_091721.2018-10-13_20-15-01_000.jpg.4.png

[20181014_091726 / lib_ip.py:2273] inspecting ===> img.20181014_091726.2018-10-13_22-17-35_000.jpg.1.png
[20181014_091726 / lib_ip.py:4330] 
img.20181014_091726.2018-10-13_22-17-35_000.jpg.1.png 0
[20181014_091726 / lib_ip.py:3794] file = img.20181014_091726.2018-10-13_22-17-35_000.jpg.1.png / val_Average = 70.4751	val_Variance = 451.1990	sd = 21.2414	max = 90	min = 8
[20181014_091726 / lib_ip.py:3877] len(Hs) = 8100, len(Ss) = 8100, len(Vs) = 8100
[20181014_091726 / lib_ip.py:3910] yellow : variance --> out of range (variance = 451.199 / upper = 0.650 / lower = 0.000)
[20181014_091726 / lib_ip.py:3794] file = img.20181014_091726.2018-10-13_22-17-35_000.jpg.1.png / val_Average = 70.4751	val_Variance = 451.1990	sd = 21.2414	max = 90	min = 8
[20181014_091726 / lib_ip.py:3977] len(Hs) = 8100, len(Ss) = 8100, len(Vs) = 8100
[20181014_091727 / lib_ip.py:4023] red : variance --> out of range (variance = 451.199 / upper = 0.430 / lower = 0.000)
[20181014_091727 / lib_ip.py:3794] file = img.20181014_091726.2018-10-13_22-17-35_000.jpg.1.png / val_Average = 70.4751	val_Variance = 451.1990	sd = 21.2414	max = 90	min = 8
[20181014_091727 / lib_ip.py:4090] len(Hs) = 8100, len(Ss) = 8100, len(Vs) = 8100
[20181014_091727 / lib_ip.py:4137] green : variance --> out of range (variance = 451.199 / upper = 0.750 / lower = 0.000)
[20181014_091727 / lib_ip.py:3794] file = img.20181014_091726.2018-10-13_22-17-35_000.jpg.1.png / val_Average = 70.4751	val_Variance = 451.1990	sd = 21.2414	max = 90	min = 8
[20181014_091727 / lib_ip.py:4204] len(Hs) = 8100, len(Ss) = 8100, len(Vs) = 8100
[20181014_091727 / lib_ip.py:4248] black : variance --> out of range (variance = 451.199 / upper = 0.000 / lower = 0.000)
[20181014_091727 / lib_ip.py:4398] file : img.20181014_091726.2018-10-13_22-17-35_000.jpg.1.png 0 (black : variance --> out of range (variance = 451.199 / upper = 0.000 / lower = 0.000))
[20181014_091727 / lib_ip.py:2273] inspecting ===> img.20181014_091726.2018-10-13_22-17-35_000.jpg.2.png
[20181014_091727 / lib_ip.py:4330] 
img.20181014_091726.2018-10-13_22-17-35_000.jpg.2.png 1
[20181014_091727 / lib_ip.py:3794] file = img.20181014_091726.2018-10-13_22-17-35_000.jpg.2.png / val_Average = 103.0988	val_Variance = 11.1648	sd = 3.3414	max = 112	min = 90
[20181014_091727 / lib_ip.py:3877] len(Hs) = 8100, len(Ss) = 8100, len(Vs) = 8100
[20181014_091727 / lib_ip.py:3910] yellow : variance --> out of range (variance = 11.165 / upper = 0.650 / lower = 0.000)
[20181014_091728 / lib_ip.py:3794] file = img.20181014_091726.2018-10-13_22-17-35_000.jpg.2.png / val_Average = 103.0988	val_Variance = 11.1648	sd = 3.3414	max = 112	min = 90
[20181014_091728 / lib_ip.py:3977] len(Hs) = 8100, len(Ss) = 8100, len(Vs) = 8100
[20181014_091728 / lib_ip.py:4023] red : variance --> out of range (variance = 11.165 / upper = 0.430 / lower = 0.000)
[20181014_091728 / lib_ip.py:3794] file = img.20181014_091726.2018-10-13_22-17-35_000.jpg.2.png / val_Average = 103.0988	val_Variance = 11.1648	sd = 3.3414	max = 112	min = 90
[20181014_091728 / lib_ip.py:4090] len(Hs) = 8100, len(Ss) = 8100, len(Vs) = 8100
[20181014_091728 / lib_ip.py:4137] green : variance --> out of range (variance = 11.165 / upper = 0.750 / lower = 0.000)
[20181014_091728 / lib_ip.py:3794] file = img.20181014_091726.2018-10-13_22-17-35_000.jpg.2.png / val_Average = 103.0988	val_Variance = 11.1648	sd = 3.3414	max = 112	min = 90
[20181014_091728 / lib_ip.py:4204] len(Hs) = 8100, len(Ss) = 8100, len(Vs) = 8100
[20181014_091728 / lib_ip.py:4248] black : variance --> out of range (variance = 11.165 / upper = 0.000 / lower = 0.000)
[20181014_091728 / lib_ip.py:4398] file : img.20181014_091726.2018-10-13_22-17-35_000.jpg.2.png 1 (black : variance --> out of range (variance = 11.165 / upper = 0.000 / lower = 0.000))
[20181014_091728 / lib_ip.py:2273] inspecting ===> img.20181014_091726.2018-10-13_22-17-35_000.jpg.3.png
[20181014_091728 / lib_ip.py:4330] 
img.20181014_091726.2018-10-13_22-17-35_000.jpg.3.png 2
[20181014_091728 / lib_ip.py:3794] file = img.20181014_091726.2018-10-13_22-17-35_000.jpg.3.png / val_Average = 44.0081	val_Variance = 1046.7209	sd = 32.3531	max = 90	min = 4
[20181014_091729 / lib_ip.py:3877] len(Hs) = 8100, len(Ss) = 8100, len(Vs) = 8100
[20181014_091729 / lib_ip.py:3910] yellow : variance --> out of range (variance = 1046.721 / upper = 0.650 / lower = 0.000)
[20181014_091729 / lib_ip.py:3794] file = img.20181014_091726.2018-10-13_22-17-35_000.jpg.3.png / val_Average = 44.0081	val_Variance = 1046.7209	sd = 32.3531	max = 90	min = 4
[20181014_091729 / lib_ip.py:3977] len(Hs) = 8100, len(Ss) = 8100, len(Vs) = 8100
[20181014_091729 / lib_ip.py:4023] red : variance --> out of range (variance = 1046.721 / upper = 0.430 / lower = 0.000)
[20181014_091729 / lib_ip.py:3794] file = img.20181014_091726.2018-10-13_22-17-35_000.jpg.3.png / val_Average = 44.0081	val_Variance = 1046.7209	sd = 32.3531	max = 90	min = 4
[20181014_091729 / lib_ip.py:4090] len(Hs) = 8100, len(Ss) = 8100, len(Vs) = 8100
[20181014_091729 / lib_ip.py:4137] green : variance --> out of range (variance = 1046.721 / upper = 0.750 / lower = 0.000)
[20181014_091729 / lib_ip.py:3794] file = img.20181014_091726.2018-10-13_22-17-35_000.jpg.3.png / val_Average = 44.0081	val_Variance = 1046.7209	sd = 32.3531	max = 90	min = 4
[20181014_091729 / lib_ip.py:4204] len(Hs) = 8100, len(Ss) = 8100, len(Vs) = 8100
[20181014_091729 / lib_ip.py:4248] black : variance --> out of range (variance = 1046.721 / upper = 0.000 / lower = 0.000)
[20181014_091729 / lib_ip.py:4398] file : img.20181014_091726.2018-10-13_22-17-35_000.jpg.3.png 2 (black : variance --> out of range (variance = 1046.721 / upper = 0.000 / lower = 0.000))
[20181014_091729 / lib_ip.py:2273] inspecting ===> img.20181014_091726.2018-10-13_22-17-35_000.jpg.4.png
[20181014_091729 / lib_ip.py:4330] 
img.20181014_091726.2018-10-13_22-17-35_000.jpg.4.png 3
[20181014_091729 / lib_ip.py:3794] file = img.20181014_091726.2018-10-13_22-17-35_000.jpg.4.png / val_Average = 9.6663	val_Variance = 7.4226	sd = 2.7244	max = 22	min = 4
[20181014_091729 / lib_ip.py:3877] len(Hs) = 8100, len(Ss) = 8100, len(Vs) = 8100
[20181014_091730 / lib_ip.py:3910] yellow : variance --> out of range (variance = 7.423 / upper = 0.650 / lower = 0.000)
[20181014_091730 / lib_ip.py:3794] file = img.20181014_091726.2018-10-13_22-17-35_000.jpg.4.png / val_Average = 9.6663	val_Variance = 7.4226	sd = 2.7244	max = 22	min = 4
[20181014_091730 / lib_ip.py:3977] len(Hs) = 8100, len(Ss) = 8100, len(Vs) = 8100
[20181014_091730 / lib_ip.py:4023] red : variance --> out of range (variance = 7.423 / upper = 0.430 / lower = 0.000)
[20181014_091730 / lib_ip.py:3794] file = img.20181014_091726.2018-10-13_22-17-35_000.jpg.4.png / val_Average = 9.6663	val_Variance = 7.4226	sd = 2.7244	max = 22	min = 4
[20181014_091730 / lib_ip.py:4090] len(Hs) = 8100, len(Ss) = 8100, len(Vs) = 8100
[20181014_091730 / lib_ip.py:4137] green : variance --> out of range (variance = 7.423 / upper = 0.750 / lower = 0.000)
[20181014_091730 / lib_ip.py:3794] file = img.20181014_091726.2018-10-13_22-17-35_000.jpg.4.png / val_Average = 9.6663	val_Variance = 7.4226	sd = 2.7244	max = 22	min = 4
[20181014_091730 / lib_ip.py:4204] len(Hs) = 8100, len(Ss) = 8100, len(Vs) = 8100
[20181014_091730 / lib_ip.py:4248] black : variance --> out of range (variance = 7.423 / upper = 0.000 / lower = 0.000)
[20181014_091730 / lib_ip.py:4398] file : img.20181014_091726.2018-10-13_22-17-35_000.jpg.4.png 3 (black : variance --> out of range (variance = 7.423 / upper = 0.000 / lower = 0.000))
[20181014_091729 / lib_ip.py:2273] inspecting ===> img.20181014_091726.2018-10-13_22-17-35_000.jpg.4.png
img.20181014_091726.2018-10-13_22-17-35_000.jpg.1.png => other
img.20181014_091726.2018-10-13_22-17-35_000.jpg.2.png => other
img.20181014_091726.2018-10-13_22-17-35_000.jpg.3.png => other
img.20181014_091726.2018-10-13_22-17-35_000.jpg.4.png => other
[20181014_091730 lib_ip.py:3300] =============== Get 4 corners
dpath_Images = C:\WORKS_2\WS\WS_Others.Art\JVEMV6\46_art\VIRTUAL\Admin_Projects\ip\images
fname_Image = img.20181014_091726.2018-10-13_22-17-35_000.jpg.4.png

[20181014_091731 / lib_ip.py:2273] inspecting ===> img.20181014_091731.2018-10-13_23-17-15_000.jpg.1.png
[20181014_091731 / lib_ip.py:4330] 
img.20181014_091731.2018-10-13_23-17-15_000.jpg.1.png 0
[20181014_091731 / lib_ip.py:3794] file = img.20181014_091731.2018-10-13_23-17-15_000.jpg.1.png / val_Average = 59.6791	val_Variance = 909.3853	sd = 30.1560	max = 175	min = 0
[20181014_091731 / lib_ip.py:3877] len(Hs) = 8100, len(Ss) = 8100, len(Vs) = 8100
[20181014_091731 / lib_ip.py:3910] yellow : variance --> out of range (variance = 909.385 / upper = 0.650 / lower = 0.000)
[20181014_091731 / lib_ip.py:3794] file = img.20181014_091731.2018-10-13_23-17-15_000.jpg.1.png / val_Average = 59.6791	val_Variance = 909.3853	sd = 30.1560	max = 175	min = 0
[20181014_091731 / lib_ip.py:3977] len(Hs) = 8100, len(Ss) = 8100, len(Vs) = 8100
[20181014_091731 / lib_ip.py:4023] red : variance --> out of range (variance = 909.385 / upper = 0.430 / lower = 0.000)
[20181014_091732 / lib_ip.py:3794] file = img.20181014_091731.2018-10-13_23-17-15_000.jpg.1.png / val_Average = 59.6791	val_Variance = 909.3853	sd = 30.1560	max = 175	min = 0
[20181014_091732 / lib_ip.py:4090] len(Hs) = 8100, len(Ss) = 8100, len(Vs) = 8100
[20181014_091732 / lib_ip.py:4137] green : variance --> out of range (variance = 909.385 / upper = 0.750 / lower = 0.000)
[20181014_091732 / lib_ip.py:3794] file = img.20181014_091731.2018-10-13_23-17-15_000.jpg.1.png / val_Average = 59.6791	val_Variance = 909.3853	sd = 30.1560	max = 175	min = 0
[20181014_091732 / lib_ip.py:4204] len(Hs) = 8100, len(Ss) = 8100, len(Vs) = 8100
[20181014_091732 / lib_ip.py:4248] black : variance --> out of range (variance = 909.385 / upper = 0.000 / lower = 0.000)
[20181014_091732 / lib_ip.py:4398] file : img.20181014_091731.2018-10-13_23-17-15_000.jpg.1.png 0 (black : variance --> out of range (variance = 909.385 / upper = 0.000 / lower = 0.000))
[20181014_091732 / lib_ip.py:2273] inspecting ===> img.20181014_091731.2018-10-13_23-17-15_000.jpg.2.png
[20181014_091732 / lib_ip.py:4330] 
img.20181014_091731.2018-10-13_23-17-15_000.jpg.2.png 1
[20181014_091732 / lib_ip.py:3794] file = img.20181014_091731.2018-10-13_23-17-15_000.jpg.2.png / val_Average = 94.6222	val_Variance = 29.5207	sd = 5.4333	max = 114	min = 77
[20181014_091732 / lib_ip.py:3877] len(Hs) = 8100, len(Ss) = 8100, len(Vs) = 8100
[20181014_091732 / lib_ip.py:3910] yellow : variance --> out of range (variance = 29.521 / upper = 0.650 / lower = 0.000)
[20181014_091732 / lib_ip.py:3794] file = img.20181014_091731.2018-10-13_23-17-15_000.jpg.2.png / val_Average = 94.6222	val_Variance = 29.5207	sd = 5.4333	max = 114	min = 77
[20181014_091732 / lib_ip.py:3977] len(Hs) = 8100, len(Ss) = 8100, len(Vs) = 8100
[20181014_091732 / lib_ip.py:4023] red : variance --> out of range (variance = 29.521 / upper = 0.430 / lower = 0.000)
[20181014_091733 / lib_ip.py:3794] file = img.20181014_091731.2018-10-13_23-17-15_000.jpg.2.png / val_Average = 94.6222	val_Variance = 29.5207	sd = 5.4333	max = 114	min = 77
[20181014_091733 / lib_ip.py:4090] len(Hs) = 8100, len(Ss) = 8100, len(Vs) = 8100
[20181014_091733 / lib_ip.py:4137] green : variance --> out of range (variance = 29.521 / upper = 0.750 / lower = 0.000)
[20181014_091733 / lib_ip.py:3794] file = img.20181014_091731.2018-10-13_23-17-15_000.jpg.2.png / val_Average = 94.6222	val_Variance = 29.5207	sd = 5.4333	max = 114	min = 77
[20181014_091733 / lib_ip.py:4204] len(Hs) = 8100, len(Ss) = 8100, len(Vs) = 8100
[20181014_091733 / lib_ip.py:4248] black : variance --> out of range (variance = 29.521 / upper = 0.000 / lower = 0.000)
[20181014_091733 / lib_ip.py:4398] file : img.20181014_091731.2018-10-13_23-17-15_000.jpg.2.png 1 (black : variance --> out of range (variance = 29.521 / upper = 0.000 / lower = 0.000))
[20181014_091733 / lib_ip.py:2273] inspecting ===> img.20181014_091731.2018-10-13_23-17-15_000.jpg.3.png
[20181014_091733 / lib_ip.py:4330] 
img.20181014_091731.2018-10-13_23-17-15_000.jpg.3.png 2
[20181014_091733 / lib_ip.py:3794] file = img.20181014_091731.2018-10-13_23-17-15_000.jpg.3.png / val_Average = 92.3825	val_Variance = 69.7952	sd = 8.3544	max = 107	min = 0
[20181014_091733 / lib_ip.py:3877] len(Hs) = 8100, len(Ss) = 8100, len(Vs) = 8100
[20181014_091733 / lib_ip.py:3910] yellow : variance --> out of range (variance = 69.795 / upper = 0.650 / lower = 0.000)
[20181014_091733 / lib_ip.py:3794] file = img.20181014_091731.2018-10-13_23-17-15_000.jpg.3.png / val_Average = 92.3825	val_Variance = 69.7952	sd = 8.3544	max = 107	min = 0
[20181014_091733 / lib_ip.py:3977] len(Hs) = 8100, len(Ss) = 8100, len(Vs) = 8100
[20181014_091734 / lib_ip.py:4023] red : variance --> out of range (variance = 69.795 / upper = 0.430 / lower = 0.000)
[20181014_091734 / lib_ip.py:3794] file = img.20181014_091731.2018-10-13_23-17-15_000.jpg.3.png / val_Average = 92.3825	val_Variance = 69.7952	sd = 8.3544	max = 107	min = 0
[20181014_091734 / lib_ip.py:4090] len(Hs) = 8100, len(Ss) = 8100, len(Vs) = 8100
[20181014_091734 / lib_ip.py:4137] green : variance --> out of range (variance = 69.795 / upper = 0.750 / lower = 0.000)
[20181014_091734 / lib_ip.py:3794] file = img.20181014_091731.2018-10-13_23-17-15_000.jpg.3.png / val_Average = 92.3825	val_Variance = 69.7952	sd = 8.3544	max = 107	min = 0
[20181014_091734 / lib_ip.py:4204] len(Hs) = 8100, len(Ss) = 8100, len(Vs) = 8100
[20181014_091734 / lib_ip.py:4248] black : variance --> out of range (variance = 69.795 / upper = 0.000 / lower = 0.000)
[20181014_091734 / lib_ip.py:4398] file : img.20181014_091731.2018-10-13_23-17-15_000.jpg.3.png 2 (black : variance --> out of range (variance = 69.795 / upper = 0.000 / lower = 0.000))
[20181014_091734 / lib_ip.py:2273] inspecting ===> img.20181014_091731.2018-10-13_23-17-15_000.jpg.4.png
[20181014_091734 / lib_ip.py:4330] 
img.20181014_091731.2018-10-13_23-17-15_000.jpg.4.png 3
[20181014_091734 / lib_ip.py:3794] file = img.20181014_091731.2018-10-13_23-17-15_000.jpg.4.png / val_Average = 88.2738	val_Variance = 197.5258	sd = 14.0544	max = 170	min = 0
[20181014_091734 / lib_ip.py:3877] len(Hs) = 8100, len(Ss) = 8100, len(Vs) = 8100
[20181014_091734 / lib_ip.py:3910] yellow : variance --> out of range (variance = 197.526 / upper = 0.650 / lower = 0.000)
[20181014_091734 / lib_ip.py:3794] file = img.20181014_091731.2018-10-13_23-17-15_000.jpg.4.png / val_Average = 88.2738	val_Variance = 197.5258	sd = 14.0544	max = 170	min = 0
[20181014_091734 / lib_ip.py:3977] len(Hs) = 8100, len(Ss) = 8100, len(Vs) = 8100
[20181014_091734 / lib_ip.py:4023] red : variance --> out of range (variance = 197.526 / upper = 0.430 / lower = 0.000)
[20181014_091734 / lib_ip.py:3794] file = img.20181014_091731.2018-10-13_23-17-15_000.jpg.4.png / val_Average = 88.2738	val_Variance = 197.5258	sd = 14.0544	max = 170	min = 0
[20181014_091735 / lib_ip.py:4090] len(Hs) = 8100, len(Ss) = 8100, len(Vs) = 8100
[20181014_091735 / lib_ip.py:4137] green : variance --> out of range (variance = 197.526 / upper = 0.750 / lower = 0.000)
[20181014_091735 / lib_ip.py:3794] file = img.20181014_091731.2018-10-13_23-17-15_000.jpg.4.png / val_Average = 88.2738	val_Variance = 197.5258	sd = 14.0544	max = 170	min = 0
[20181014_091735 / lib_ip.py:4204] len(Hs) = 8100, len(Ss) = 8100, len(Vs) = 8100
[20181014_091735 / lib_ip.py:4248] black : variance --> out of range (variance = 197.526 / upper = 0.000 / lower = 0.000)
[20181014_091735 / lib_ip.py:4398] file : img.20181014_091731.2018-10-13_23-17-15_000.jpg.4.png 3 (black : variance --> out of range (variance = 197.526 / upper = 0.000 / lower = 0.000))
[20181014_091734 / lib_ip.py:2273] inspecting ===> img.20181014_091731.2018-10-13_23-17-15_000.jpg.4.png
img.20181014_091731.2018-10-13_23-17-15_000.jpg.1.png => other
img.20181014_091731.2018-10-13_23-17-15_000.jpg.2.png => other
img.20181014_091731.2018-10-13_23-17-15_000.jpg.3.png => other
img.20181014_091731.2018-10-13_23-17-15_000.jpg.4.png => other
[20181014_091735 lib_ip.py:3300] =============== Get 4 corners
dpath_Images = C:\WORKS_2\WS\WS_Others.Art\JVEMV6\46_art\VIRTUAL\Admin_Projects\ip\images
fname_Image = img.20181014_091731.2018-10-13_23-17-15_000.jpg.4.png

[20181014_091736 / lib_ip.py:2273] inspecting ===> img.20181014_091736.2018-10-14_08-48-26_000.png.1.png
[20181014_091736 / lib_ip.py:4330] 
img.20181014_091736.2018-10-14_08-48-26_000.png.1.png 0
[20181014_091736 / lib_ip.py:3794] file = img.20181014_091736.2018-10-14_08-48-26_000.png.1.png / val_Average = 9.2311	val_Variance = 875.2725	sd = 29.5850	max = 150	min = 0
[20181014_091737 / lib_ip.py:3877] len(Hs) = 8100, len(Ss) = 8100, len(Vs) = 8100
[20181014_091737 / lib_ip.py:3910] yellow : variance --> out of range (variance = 875.273 / upper = 0.650 / lower = 0.000)
[20181014_091737 / lib_ip.py:3794] file = img.20181014_091736.2018-10-14_08-48-26_000.png.1.png / val_Average = 9.2311	val_Variance = 875.2725	sd = 29.5850	max = 150	min = 0
[20181014_091737 / lib_ip.py:3977] len(Hs) = 8100, len(Ss) = 8100, len(Vs) = 8100
[20181014_091737 / lib_ip.py:4023] red : variance --> out of range (variance = 875.273 / upper = 0.430 / lower = 0.000)
[20181014_091737 / lib_ip.py:3794] file = img.20181014_091736.2018-10-14_08-48-26_000.png.1.png / val_Average = 9.2311	val_Variance = 875.2725	sd = 29.5850	max = 150	min = 0
[20181014_091737 / lib_ip.py:4090] len(Hs) = 8100, len(Ss) = 8100, len(Vs) = 8100
[20181014_091737 / lib_ip.py:4137] green : variance --> out of range (variance = 875.273 / upper = 0.750 / lower = 0.000)
[20181014_091737 / lib_ip.py:3794] file = img.20181014_091736.2018-10-14_08-48-26_000.png.1.png / val_Average = 9.2311	val_Variance = 875.2725	sd = 29.5850	max = 150	min = 0
[20181014_091737 / lib_ip.py:4204] len(Hs) = 8100, len(Ss) = 8100, len(Vs) = 8100
[20181014_091737 / lib_ip.py:4248] black : variance --> out of range (variance = 875.273 / upper = 0.000 / lower = 0.000)
[20181014_091737 / lib_ip.py:4398] file : img.20181014_091736.2018-10-14_08-48-26_000.png.1.png 0 (black : variance --> out of range (variance = 875.273 / upper = 0.000 / lower = 0.000))
[20181014_091737 / lib_ip.py:2273] inspecting ===> img.20181014_091736.2018-10-14_08-48-26_000.png.2.png
[20181014_091738 / lib_ip.py:4330] 
img.20181014_091736.2018-10-14_08-48-26_000.png.2.png 1
[20181014_091738 / lib_ip.py:3794] file = img.20181014_091736.2018-10-14_08-48-26_000.png.2.png / val_Average = 4.7654	val_Variance = 650.7551	sd = 25.5099	max = 178	min = 0
[20181014_091738 / lib_ip.py:3877] len(Hs) = 8100, len(Ss) = 8100, len(Vs) = 8100
[20181014_091738 / lib_ip.py:3910] yellow : variance --> out of range (variance = 650.755 / upper = 0.650 / lower = 0.000)
[20181014_091738 / lib_ip.py:3794] file = img.20181014_091736.2018-10-14_08-48-26_000.png.2.png / val_Average = 4.7654	val_Variance = 650.7551	sd = 25.5099	max = 178	min = 0
[20181014_091738 / lib_ip.py:3977] len(Hs) = 8100, len(Ss) = 8100, len(Vs) = 8100
[20181014_091738 / lib_ip.py:4023] red : variance --> out of range (variance = 650.755 / upper = 0.430 / lower = 0.000)
[20181014_091738 / lib_ip.py:3794] file = img.20181014_091736.2018-10-14_08-48-26_000.png.2.png / val_Average = 4.7654	val_Variance = 650.7551	sd = 25.5099	max = 178	min = 0
[20181014_091738 / lib_ip.py:4090] len(Hs) = 8100, len(Ss) = 8100, len(Vs) = 8100
[20181014_091738 / lib_ip.py:4137] green : variance --> out of range (variance = 650.755 / upper = 0.750 / lower = 0.000)
[20181014_091738 / lib_ip.py:3794] file = img.20181014_091736.2018-10-14_08-48-26_000.png.2.png / val_Average = 4.7654	val_Variance = 650.7551	sd = 25.5099	max = 178	min = 0
[20181014_091738 / lib_ip.py:4204] len(Hs) = 8100, len(Ss) = 8100, len(Vs) = 8100
[20181014_091738 / lib_ip.py:4248] black : variance --> out of range (variance = 650.755 / upper = 0.000 / lower = 0.000)
[20181014_091738 / lib_ip.py:4398] file : img.20181014_091736.2018-10-14_08-48-26_000.png.2.png 1 (black : variance --> out of range (variance = 650.755 / upper = 0.000 / lower = 0.000))
[20181014_091738 / lib_ip.py:2273] inspecting ===> img.20181014_091736.2018-10-14_08-48-26_000.png.3.png
[20181014_091739 / lib_ip.py:4330] 
img.20181014_091736.2018-10-14_08-48-26_000.png.3.png 2
[20181014_091739 / lib_ip.py:3794] file = img.20181014_091736.2018-10-14_08-48-26_000.png.3.png / val_Average = 100.5575	val_Variance = 478.1748	sd = 21.8672	max = 178	min = 87
[20181014_091739 / lib_ip.py:3877] len(Hs) = 8100, len(Ss) = 8100, len(Vs) = 8100
[20181014_091739 / lib_ip.py:3910] yellow : variance --> out of range (variance = 478.175 / upper = 0.650 / lower = 0.000)
[20181014_091739 / lib_ip.py:3794] file = img.20181014_091736.2018-10-14_08-48-26_000.png.3.png / val_Average = 100.5575	val_Variance = 478.1748	sd = 21.8672	max = 178	min = 87
[20181014_091739 / lib_ip.py:3977] len(Hs) = 8100, len(Ss) = 8100, len(Vs) = 8100
[20181014_091739 / lib_ip.py:4023] red : variance --> out of range (variance = 478.175 / upper = 0.430 / lower = 0.000)
[20181014_091740 / lib_ip.py:3794] file = img.20181014_091736.2018-10-14_08-48-26_000.png.3.png / val_Average = 100.5575	val_Variance = 478.1748	sd = 21.8672	max = 178	min = 87
[20181014_091740 / lib_ip.py:4090] len(Hs) = 8100, len(Ss) = 8100, len(Vs) = 8100
[20181014_091740 / lib_ip.py:4137] green : variance --> out of range (variance = 478.175 / upper = 0.750 / lower = 0.000)
[20181014_091740 / lib_ip.py:3794] file = img.20181014_091736.2018-10-14_08-48-26_000.png.3.png / val_Average = 100.5575	val_Variance = 478.1748	sd = 21.8672	max = 178	min = 87
[20181014_091740 / lib_ip.py:4204] len(Hs) = 8100, len(Ss) = 8100, len(Vs) = 8100
[20181014_091740 / lib_ip.py:4248] black : variance --> out of range (variance = 478.175 / upper = 0.000 / lower = 0.000)
[20181014_091740 / lib_ip.py:4398] file : img.20181014_091736.2018-10-14_08-48-26_000.png.3.png 2 (black : variance --> out of range (variance = 478.175 / upper = 0.000 / lower = 0.000))
[20181014_091740 / lib_ip.py:2273] inspecting ===> img.20181014_091736.2018-10-14_08-48-26_000.png.4.png
[20181014_091741 / lib_ip.py:4330] 
img.20181014_091736.2018-10-14_08-48-26_000.png.4.png 3
[20181014_091741 / lib_ip.py:3794] file = img.20181014_091736.2018-10-14_08-48-26_000.png.4.png / val_Average = 66.5636	val_Variance = 6353.4371	sd = 79.7085	max = 178	min = 0
[20181014_091741 / lib_ip.py:3877] len(Hs) = 8100, len(Ss) = 8100, len(Vs) = 8100
[20181014_091741 / lib_ip.py:3910] yellow : variance --> out of range (variance = 6353.437 / upper = 0.650 / lower = 0.000)
[20181014_091741 / lib_ip.py:3794] file = img.20181014_091736.2018-10-14_08-48-26_000.png.4.png / val_Average = 66.5636	val_Variance = 6353.4371	sd = 79.7085	max = 178	min = 0
[20181014_091741 / lib_ip.py:3977] len(Hs) = 8100, len(Ss) = 8100, len(Vs) = 8100
[20181014_091741 / lib_ip.py:4023] red : variance --> out of range (variance = 6353.437 / upper = 0.430 / lower = 0.000)
[20181014_091741 / lib_ip.py:3794] file = img.20181014_091736.2018-10-14_08-48-26_000.png.4.png / val_Average = 66.5636	val_Variance = 6353.4371	sd = 79.7085	max = 178	min = 0
[20181014_091741 / lib_ip.py:4090] len(Hs) = 8100, len(Ss) = 8100, len(Vs) = 8100
[20181014_091741 / lib_ip.py:4137] green : variance --> out of range (variance = 6353.437 / upper = 0.750 / lower = 0.000)
[20181014_091741 / lib_ip.py:3794] file = img.20181014_091736.2018-10-14_08-48-26_000.png.4.png / val_Average = 66.5636	val_Variance = 6353.4371	sd = 79.7085	max = 178	min = 0
[20181014_091741 / lib_ip.py:4204] len(Hs) = 8100, len(Ss) = 8100, len(Vs) = 8100
[20181014_091741 / lib_ip.py:4248] black : variance --> out of range (variance = 6353.437 / upper = 0.000 / lower = 0.000)
[20181014_091741 / lib_ip.py:4398] file : img.20181014_091736.2018-10-14_08-48-26_000.png.4.png 3 (black : variance --> out of range (variance = 6353.437 / upper = 0.000 / lower = 0.000))
[20181014_091740 / lib_ip.py:2273] inspecting ===> img.20181014_091736.2018-10-14_08-48-26_000.png.4.png
img.20181014_091736.2018-10-14_08-48-26_000.png.1.png => other
img.20181014_091736.2018-10-14_08-48-26_000.png.2.png => other
img.20181014_091736.2018-10-14_08-48-26_000.png.3.png => other
img.20181014_091736.2018-10-14_08-48-26_000.png.4.png => other
[20181014_091741 lib_ip.py:3300] =============== Get 4 corners
dpath_Images = C:\WORKS_2\WS\WS_Others.Art\JVEMV6\46_art\VIRTUAL\Admin_Projects\ip\images
fname_Image = img.20181014_091736.2018-10-14_08-48-26_000.png.4.png

[20181014_091742 / lib_ip.py:2273] inspecting ===> img.20181014_091742.2018-10-14_09-04-42_000.jpg.1.png
[20181014_091742 / lib_ip.py:4330] 
img.20181014_091742.2018-10-14_09-04-42_000.jpg.1.png 0
[20181014_091742 / lib_ip.py:3794] file = img.20181014_091742.2018-10-14_09-04-42_000.jpg.1.png / val_Average = 75.9768	val_Variance = 983.0197	sd = 31.3531	max = 160	min = 0
[20181014_091742 / lib_ip.py:3877] len(Hs) = 8100, len(Ss) = 8100, len(Vs) = 8100
[20181014_091743 / lib_ip.py:3910] yellow : variance --> out of range (variance = 983.020 / upper = 0.650 / lower = 0.000)
[20181014_091743 / lib_ip.py:3794] file = img.20181014_091742.2018-10-14_09-04-42_000.jpg.1.png / val_Average = 75.9768	val_Variance = 983.0197	sd = 31.3531	max = 160	min = 0
[20181014_091743 / lib_ip.py:3977] len(Hs) = 8100, len(Ss) = 8100, len(Vs) = 8100
[20181014_091743 / lib_ip.py:4023] red : variance --> out of range (variance = 983.020 / upper = 0.430 / lower = 0.000)
[20181014_091743 / lib_ip.py:3794] file = img.20181014_091742.2018-10-14_09-04-42_000.jpg.1.png / val_Average = 75.9768	val_Variance = 983.0197	sd = 31.3531	max = 160	min = 0
[20181014_091743 / lib_ip.py:4090] len(Hs) = 8100, len(Ss) = 8100, len(Vs) = 8100
[20181014_091743 / lib_ip.py:4137] green : variance --> out of range (variance = 983.020 / upper = 0.750 / lower = 0.000)
[20181014_091743 / lib_ip.py:3794] file = img.20181014_091742.2018-10-14_09-04-42_000.jpg.1.png / val_Average = 75.9768	val_Variance = 983.0197	sd = 31.3531	max = 160	min = 0
[20181014_091743 / lib_ip.py:4204] len(Hs) = 8100, len(Ss) = 8100, len(Vs) = 8100
[20181014_091743 / lib_ip.py:4248] black : variance --> out of range (variance = 983.020 / upper = 0.000 / lower = 0.000)
[20181014_091743 / lib_ip.py:4398] file : img.20181014_091742.2018-10-14_09-04-42_000.jpg.1.png 0 (black : variance --> out of range (variance = 983.020 / upper = 0.000 / lower = 0.000))
[20181014_091743 / lib_ip.py:2273] inspecting ===> img.20181014_091742.2018-10-14_09-04-42_000.jpg.2.png
[20181014_091743 / lib_ip.py:4330] 
img.20181014_091742.2018-10-14_09-04-42_000.jpg.2.png 1
[20181014_091743 / lib_ip.py:3794] file = img.20181014_091742.2018-10-14_09-04-42_000.jpg.2.png / val_Average = 74.1557	val_Variance = 0.2018	sd = 0.4492	max = 75	min = 73
[20181014_091743 / lib_ip.py:3877] len(Hs) = 8100, len(Ss) = 8100, len(Vs) = 8100
[20181014_091744 / lib_ip.py:3932] yellow : average --> out of range (average = 74.156 / upper = 99.200 / lower = 88.000)
[20181014_091744 / lib_ip.py:3794] file = img.20181014_091742.2018-10-14_09-04-42_000.jpg.2.png / val_Average = 74.1557	val_Variance = 0.2018	sd = 0.4492	max = 75	min = 73
[20181014_091744 / lib_ip.py:3977] len(Hs) = 8100, len(Ss) = 8100, len(Vs) = 8100
[20181014_091744 / lib_ip.py:4048] red : average --> out of range (average = 74.156 / upper = 124.000 / lower = 115.000)
[20181014_091744 / lib_ip.py:3794] file = img.20181014_091742.2018-10-14_09-04-42_000.jpg.2.png / val_Average = 74.1557	val_Variance = 0.2018	sd = 0.4492	max = 75	min = 73
[20181014_091744 / lib_ip.py:4090] len(Hs) = 8100, len(Ss) = 8100, len(Vs) = 8100
[20181014_091744 / lib_ip.py:2273] inspecting ===> img.20181014_091742.2018-10-14_09-04-42_000.jpg.3.png
[20181014_091744 / lib_ip.py:4330] 
img.20181014_091742.2018-10-14_09-04-42_000.jpg.3.png 2
[20181014_091744 / lib_ip.py:3794] file = img.20181014_091742.2018-10-14_09-04-42_000.jpg.3.png / val_Average = 110.0523	val_Variance = 6.1326	sd = 2.4764	max = 118	min = 106
[20181014_091744 / lib_ip.py:3877] len(Hs) = 8100, len(Ss) = 8100, len(Vs) = 8100
[20181014_091744 / lib_ip.py:3910] yellow : variance --> out of range (variance = 6.133 / upper = 0.650 / lower = 0.000)
[20181014_091744 / lib_ip.py:3794] file = img.20181014_091742.2018-10-14_09-04-42_000.jpg.3.png / val_Average = 110.0523	val_Variance = 6.1326	sd = 2.4764	max = 118	min = 106
[20181014_091744 / lib_ip.py:3977] len(Hs) = 8100, len(Ss) = 8100, len(Vs) = 8100
[20181014_091745 / lib_ip.py:4023] red : variance --> out of range (variance = 6.133 / upper = 0.430 / lower = 0.000)
[20181014_091745 / lib_ip.py:3794] file = img.20181014_091742.2018-10-14_09-04-42_000.jpg.3.png / val_Average = 110.0523	val_Variance = 6.1326	sd = 2.4764	max = 118	min = 106
[20181014_091745 / lib_ip.py:4090] len(Hs) = 8100, len(Ss) = 8100, len(Vs) = 8100
[20181014_091745 / lib_ip.py:4137] green : variance --> out of range (variance = 6.133 / upper = 0.750 / lower = 0.000)
[20181014_091745 / lib_ip.py:3794] file = img.20181014_091742.2018-10-14_09-04-42_000.jpg.3.png / val_Average = 110.0523	val_Variance = 6.1326	sd = 2.4764	max = 118	min = 106
[20181014_091745 / lib_ip.py:4204] len(Hs) = 8100, len(Ss) = 8100, len(Vs) = 8100
[20181014_091745 / lib_ip.py:4248] black : variance --> out of range (variance = 6.133 / upper = 0.000 / lower = 0.000)
[20181014_091745 / lib_ip.py:4398] file : img.20181014_091742.2018-10-14_09-04-42_000.jpg.3.png 2 (black : variance --> out of range (variance = 6.133 / upper = 0.000 / lower = 0.000))
[20181014_091745 / lib_ip.py:2273] inspecting ===> img.20181014_091742.2018-10-14_09-04-42_000.jpg.4.png
[20181014_091745 / lib_ip.py:4330] 
img.20181014_091742.2018-10-14_09-04-42_000.jpg.4.png 3
[20181014_091745 / lib_ip.py:3794] file = img.20181014_091742.2018-10-14_09-04-42_000.jpg.4.png / val_Average = 73.8810	val_Variance = 0.1221	sd = 0.3495	max = 75	min = 73
[20181014_091745 / lib_ip.py:3877] len(Hs) = 8100, len(Ss) = 8100, len(Vs) = 8100
[20181014_091745 / lib_ip.py:3932] yellow : average --> out of range (average = 73.881 / upper = 99.200 / lower = 88.000)
[20181014_091745 / lib_ip.py:3794] file = img.20181014_091742.2018-10-14_09-04-42_000.jpg.4.png / val_Average = 73.8810	val_Variance = 0.1221	sd = 0.3495	max = 75	min = 73
[20181014_091745 / lib_ip.py:3977] len(Hs) = 8100, len(Ss) = 8100, len(Vs) = 8100
[20181014_091745 / lib_ip.py:4048] red : average --> out of range (average = 73.881 / upper = 124.000 / lower = 115.000)
[20181014_091746 / lib_ip.py:3794] file = img.20181014_091742.2018-10-14_09-04-42_000.jpg.4.png / val_Average = 73.8810	val_Variance = 0.1221	sd = 0.3495	max = 75	min = 73
[20181014_091746 / lib_ip.py:4090] len(Hs) = 8100, len(Ss) = 8100, len(Vs) = 8100
[20181014_091745 / lib_ip.py:2273] inspecting ===> img.20181014_091742.2018-10-14_09-04-42_000.jpg.4.png
img.20181014_091742.2018-10-14_09-04-42_000.jpg.1.png => other
img.20181014_091742.2018-10-14_09-04-42_000.jpg.2.png => other
img.20181014_091742.2018-10-14_09-04-42_000.jpg.3.png => other
img.20181014_091742.2018-10-14_09-04-42_000.jpg.4.png => other
[20181014_091746 lib_ip.py:3300] =============== Get 4 corners
dpath_Images = C:\WORKS_2\WS\WS_Others.Art\JVEMV6\46_art\VIRTUAL\Admin_Projects\ip\images
fname_Image = img.20181014_091742.2018-10-14_09-04-42_000.jpg.4.png

[20181014_091746 / views.py:1411] gen csv => complete (20181014_091746)(elapsed = 49.852 sec / 10 files / 4.985 sec per file)
1)	2018-10-13_09-05-44_000.jpg => 	other other other yellow 
2)	2018-10-13_13-44-53_000.jpg => 	green green other other 
3)	2018-10-13_16-37-52_000.jpg => 	green green other other 
4)	2018-10-13_17-58-35_000.jpg => 	other red other green 
5)	2018-10-13_18-44-36_000.jpg => 	other other red other 
6)	2018-10-13_20-15-01_000.jpg => 	other other yellow other 
7)	2018-10-13_22-17-35_000.jpg => 	other other other other 
8)	2018-10-13_23-17-15_000.jpg => 	other other other other 
9)	2018-10-14_08-48-26_000.png => 	other other other other 
10)	2018-10-14_09-04-42_000.jpg => 	other green other green 
[20181014_091746 / views.py:1797] lo_ColorName_Set__Modified_2 =>
1)	2018-10-13_09-05-44_000.jpg => 	o o o y 
2)	2018-10-13_13-44-53_000.jpg => 	g g o o 
3)	2018-10-13_16-37-52_000.jpg => 	g g o o 
4)	2018-10-13_17-58-35_000.jpg => 	g o o r 
5)	2018-10-13_18-44-36_000.jpg => 	o o o r 
6)	2018-10-13_20-15-01_000.jpg => 	o o o y 
7)	2018-10-13_22-17-35_000.jpg => 	o o o o 
8)	2018-10-13_23-17-15_000.jpg => 	o o o o 
9)	2018-10-14_08-48-26_000.png => 	o o o o 
10)	2018-10-14_09-04-42_000.jpg => 	g g o o 
[20181014_091747 / lib_ip.py:4594] no key 'GPSInfo' for file : C:\WORKS_2\WS\WS_Others.Art\JVEMV6\46_art\VIRTUAL\Admin_Projects\ip\images\2018-10-14_08-48-26_000.png
[20181014_091747 / views.py:1908] gen_Cake_CSV(request) ==> ending... =======================//

