[20180910_063825 / views.py:1495] gen_Cake_CSV(request) ==> starting... =======================
[20180910_063826 / lib_ip.py:2273] inspecting ===> img.20180910_063826.2018-09-09_18-37-09_000.jpg.1.png
[20180910_063827 / lib_ip.py:4330] 
img.20180910_063826.2018-09-09_18-37-09_000.jpg.1.png 0
[20180910_063827 / lib_ip.py:3794] file = img.20180910_063826.2018-09-09_18-37-09_000.jpg.1.png / val_Average = 84.4272	val_Variance = 124.5279	sd = 11.1592	max = 150	min = 0
[20180910_063827 / lib_ip.py:3877] len(Hs) = 8100, len(Ss) = 8100, len(Vs) = 8100
[20180910_063827 / lib_ip.py:3910] yellow : variance --> out of range (variance = 124.528 / upper = 0.650 / lower = 0.000)
[20180910_063827 / lib_ip.py:3794] file = img.20180910_063826.2018-09-09_18-37-09_000.jpg.1.png / val_Average = 84.4272	val_Variance = 124.5279	sd = 11.1592	max = 150	min = 0
[20180910_063827 / lib_ip.py:3977] len(Hs) = 8100, len(Ss) = 8100, len(Vs) = 8100
[20180910_063827 / lib_ip.py:4023] red : variance --> out of range (variance = 124.528 / upper = 0.430 / lower = 0.000)
[20180910_063827 / lib_ip.py:3794] file = img.20180910_063826.2018-09-09_18-37-09_000.jpg.1.png / val_Average = 84.4272	val_Variance = 124.5279	sd = 11.1592	max = 150	min = 0
[20180910_063827 / lib_ip.py:4090] len(Hs) = 8100, len(Ss) = 8100, len(Vs) = 8100
[20180910_063827 / lib_ip.py:4137] green : variance --> out of range (variance = 124.528 / upper = 0.750 / lower = 0.000)
[20180910_063827 / lib_ip.py:3794] file = img.20180910_063826.2018-09-09_18-37-09_000.jpg.1.png / val_Average = 84.4272	val_Variance = 124.5279	sd = 11.1592	max = 150	min = 0
[20180910_063827 / lib_ip.py:4204] len(Hs) = 8100, len(Ss) = 8100, len(Vs) = 8100
[20180910_063828 / lib_ip.py:4248] black : variance --> out of range (variance = 124.528 / upper = 0.000 / lower = 0.000)
[20180910_063828 / lib_ip.py:4398] file : img.20180910_063826.2018-09-09_18-37-09_000.jpg.1.png 0 (black : variance --> out of range (variance = 124.528 / upper = 0.000 / lower = 0.000))
[20180910_063828 / lib_ip.py:2273] inspecting ===> img.20180910_063826.2018-09-09_18-37-09_000.jpg.2.png
[20180910_063828 / lib_ip.py:4330] 
img.20180910_063826.2018-09-09_18-37-09_000.jpg.2.png 1
[20180910_063828 / lib_ip.py:3794] file = img.20180910_063826.2018-09-09_18-37-09_000.jpg.2.png / val_Average = 93.3788	val_Variance = 134.9410	sd = 11.6164	max = 150	min = 0
[20180910_063828 / lib_ip.py:3877] len(Hs) = 8100, len(Ss) = 8100, len(Vs) = 8100
[20180910_063828 / lib_ip.py:3910] yellow : variance --> out of range (variance = 134.941 / upper = 0.650 / lower = 0.000)
[20180910_063828 / lib_ip.py:3794] file = img.20180910_063826.2018-09-09_18-37-09_000.jpg.2.png / val_Average = 93.3788	val_Variance = 134.9410	sd = 11.6164	max = 150	min = 0
[20180910_063828 / lib_ip.py:3977] len(Hs) = 8100, len(Ss) = 8100, len(Vs) = 8100
[20180910_063828 / lib_ip.py:4023] red : variance --> out of range (variance = 134.941 / upper = 0.430 / lower = 0.000)
[20180910_063828 / lib_ip.py:3794] file = img.20180910_063826.2018-09-09_18-37-09_000.jpg.2.png / val_Average = 93.3788	val_Variance = 134.9410	sd = 11.6164	max = 150	min = 0
[20180910_063828 / lib_ip.py:4090] len(Hs) = 8100, len(Ss) = 8100, len(Vs) = 8100
[20180910_063828 / lib_ip.py:4137] green : variance --> out of range (variance = 134.941 / upper = 0.750 / lower = 0.000)
[20180910_063828 / lib_ip.py:3794] file = img.20180910_063826.2018-09-09_18-37-09_000.jpg.2.png / val_Average = 93.3788	val_Variance = 134.9410	sd = 11.6164	max = 150	min = 0
[20180910_063828 / lib_ip.py:4204] len(Hs) = 8100, len(Ss) = 8100, len(Vs) = 8100
[20180910_063828 / lib_ip.py:4248] black : variance --> out of range (variance = 134.941 / upper = 0.000 / lower = 0.000)
[20180910_063828 / lib_ip.py:4398] file : img.20180910_063826.2018-09-09_18-37-09_000.jpg.2.png 1 (black : variance --> out of range (variance = 134.941 / upper = 0.000 / lower = 0.000))
[20180910_063828 / lib_ip.py:2273] inspecting ===> img.20180910_063826.2018-09-09_18-37-09_000.jpg.3.png
[20180910_063829 / lib_ip.py:4330] 
img.20180910_063826.2018-09-09_18-37-09_000.jpg.3.png 2
[20180910_063829 / lib_ip.py:3794] file = img.20180910_063826.2018-09-09_18-37-09_000.jpg.3.png / val_Average = 78.0000	val_Variance = 0.0000	sd = 0.0000	max = 78	min = 78
[20180910_063829 / lib_ip.py:3877] len(Hs) = 8100, len(Ss) = 8100, len(Vs) = 8100
[20180910_063829 / lib_ip.py:3932] yellow : average --> out of range (average = 78.000 / upper = 99.200 / lower = 88.000)
[20180910_063829 / lib_ip.py:3794] file = img.20180910_063826.2018-09-09_18-37-09_000.jpg.3.png / val_Average = 78.0000	val_Variance = 0.0000	sd = 0.0000	max = 78	min = 78
[20180910_063829 / lib_ip.py:3977] len(Hs) = 8100, len(Ss) = 8100, len(Vs) = 8100
[20180910_063829 / lib_ip.py:4048] red : average --> out of range (average = 78.000 / upper = 124.000 / lower = 115.000)
[20180910_063829 / lib_ip.py:3794] file = img.20180910_063826.2018-09-09_18-37-09_000.jpg.3.png / val_Average = 78.0000	val_Variance = 0.0000	sd = 0.0000	max = 78	min = 78
[20180910_063829 / lib_ip.py:4090] len(Hs) = 8100, len(Ss) = 8100, len(Vs) = 8100
[20180910_063829 / lib_ip.py:2273] inspecting ===> img.20180910_063826.2018-09-09_18-37-09_000.jpg.4.png
[20180910_063829 / lib_ip.py:4330] 
img.20180910_063826.2018-09-09_18-37-09_000.jpg.4.png 3
[20180910_063829 / lib_ip.py:3794] file = img.20180910_063826.2018-09-09_18-37-09_000.jpg.4.png / val_Average = 117.0000	val_Variance = 0.0000	sd = 0.0000	max = 117	min = 117
[20180910_063829 / lib_ip.py:3877] len(Hs) = 8100, len(Ss) = 8100, len(Vs) = 8100
[20180910_063829 / lib_ip.py:3932] yellow : average --> out of range (average = 117.000 / upper = 99.200 / lower = 88.000)
[20180910_063830 / lib_ip.py:3794] file = img.20180910_063826.2018-09-09_18-37-09_000.jpg.4.png / val_Average = 117.0000	val_Variance = 0.0000	sd = 0.0000	max = 117	min = 117
[20180910_063830 / lib_ip.py:3977] len(Hs) = 8100, len(Ss) = 8100, len(Vs) = 8100
[20180910_063829 / lib_ip.py:2273] inspecting ===> img.20180910_063826.2018-09-09_18-37-09_000.jpg.4.png
img.20180910_063826.2018-09-09_18-37-09_000.jpg.1.png => other
img.20180910_063826.2018-09-09_18-37-09_000.jpg.2.png => other
img.20180910_063826.2018-09-09_18-37-09_000.jpg.3.png => other
img.20180910_063826.2018-09-09_18-37-09_000.jpg.4.png => other
[20180910_063830 lib_ip.py:3300] =============== Get 4 corners
dpath_Images = C:\WORKS_2\WS\WS_Others.Art\JVEMV6\46_art\VIRTUAL\Admin_Projects\ip\images
fname_Image = img.20180910_063826.2018-09-09_18-37-09_000.jpg.4.png

[20180910_063830 / lib_ip.py:2273] inspecting ===> img.20180910_063830.2018-09-09_20-09-41_000.jpg.1.png
[20180910_063830 / lib_ip.py:4330] 
img.20180910_063830.2018-09-09_20-09-41_000.jpg.1.png 0
[20180910_063830 / lib_ip.py:3794] file = img.20180910_063830.2018-09-09_20-09-41_000.jpg.1.png / val_Average = 53.0342	val_Variance = 1763.7772	sd = 41.9973	max = 135	min = 0
[20180910_063831 / lib_ip.py:3877] len(Hs) = 8100, len(Ss) = 8100, len(Vs) = 8100
[20180910_063831 / lib_ip.py:3910] yellow : variance --> out of range (variance = 1763.777 / upper = 0.650 / lower = 0.000)
[20180910_063831 / lib_ip.py:3794] file = img.20180910_063830.2018-09-09_20-09-41_000.jpg.1.png / val_Average = 53.0342	val_Variance = 1763.7772	sd = 41.9973	max = 135	min = 0
[20180910_063831 / lib_ip.py:3977] len(Hs) = 8100, len(Ss) = 8100, len(Vs) = 8100
[20180910_063831 / lib_ip.py:4023] red : variance --> out of range (variance = 1763.777 / upper = 0.430 / lower = 0.000)
[20180910_063831 / lib_ip.py:3794] file = img.20180910_063830.2018-09-09_20-09-41_000.jpg.1.png / val_Average = 53.0342	val_Variance = 1763.7772	sd = 41.9973	max = 135	min = 0
[20180910_063831 / lib_ip.py:4090] len(Hs) = 8100, len(Ss) = 8100, len(Vs) = 8100
[20180910_063831 / lib_ip.py:4137] green : variance --> out of range (variance = 1763.777 / upper = 0.750 / lower = 0.000)
[20180910_063831 / lib_ip.py:3794] file = img.20180910_063830.2018-09-09_20-09-41_000.jpg.1.png / val_Average = 53.0342	val_Variance = 1763.7772	sd = 41.9973	max = 135	min = 0
[20180910_063831 / lib_ip.py:4204] len(Hs) = 8100, len(Ss) = 8100, len(Vs) = 8100
[20180910_063831 / lib_ip.py:4248] black : variance --> out of range (variance = 1763.777 / upper = 0.000 / lower = 0.000)
[20180910_063831 / lib_ip.py:4398] file : img.20180910_063830.2018-09-09_20-09-41_000.jpg.1.png 0 (black : variance --> out of range (variance = 1763.777 / upper = 0.000 / lower = 0.000))
[20180910_063831 / lib_ip.py:2273] inspecting ===> img.20180910_063830.2018-09-09_20-09-41_000.jpg.2.png
[20180910_063831 / lib_ip.py:4330] 
img.20180910_063830.2018-09-09_20-09-41_000.jpg.2.png 1
[20180910_063831 / lib_ip.py:3794] file = img.20180910_063830.2018-09-09_20-09-41_000.jpg.2.png / val_Average = 44.5111	val_Variance = 1908.1726	sd = 43.6826	max = 135	min = 0
[20180910_063831 / lib_ip.py:3877] len(Hs) = 8100, len(Ss) = 8100, len(Vs) = 8100
[20180910_063831 / lib_ip.py:3910] yellow : variance --> out of range (variance = 1908.173 / upper = 0.650 / lower = 0.000)
[20180910_063832 / lib_ip.py:3794] file = img.20180910_063830.2018-09-09_20-09-41_000.jpg.2.png / val_Average = 44.5111	val_Variance = 1908.1726	sd = 43.6826	max = 135	min = 0
[20180910_063832 / lib_ip.py:3977] len(Hs) = 8100, len(Ss) = 8100, len(Vs) = 8100
[20180910_063832 / lib_ip.py:4023] red : variance --> out of range (variance = 1908.173 / upper = 0.430 / lower = 0.000)
[20180910_063832 / lib_ip.py:3794] file = img.20180910_063830.2018-09-09_20-09-41_000.jpg.2.png / val_Average = 44.5111	val_Variance = 1908.1726	sd = 43.6826	max = 135	min = 0
[20180910_063832 / lib_ip.py:4090] len(Hs) = 8100, len(Ss) = 8100, len(Vs) = 8100
[20180910_063832 / lib_ip.py:4137] green : variance --> out of range (variance = 1908.173 / upper = 0.750 / lower = 0.000)
[20180910_063832 / lib_ip.py:3794] file = img.20180910_063830.2018-09-09_20-09-41_000.jpg.2.png / val_Average = 44.5111	val_Variance = 1908.1726	sd = 43.6826	max = 135	min = 0
[20180910_063832 / lib_ip.py:4204] len(Hs) = 8100, len(Ss) = 8100, len(Vs) = 8100
[20180910_063832 / lib_ip.py:4248] black : variance --> out of range (variance = 1908.173 / upper = 0.000 / lower = 0.000)
[20180910_063832 / lib_ip.py:4398] file : img.20180910_063830.2018-09-09_20-09-41_000.jpg.2.png 1 (black : variance --> out of range (variance = 1908.173 / upper = 0.000 / lower = 0.000))
[20180910_063832 / lib_ip.py:2273] inspecting ===> img.20180910_063830.2018-09-09_20-09-41_000.jpg.3.png
[20180910_063832 / lib_ip.py:4330] 
img.20180910_063830.2018-09-09_20-09-41_000.jpg.3.png 2
[20180910_063832 / lib_ip.py:3794] file = img.20180910_063830.2018-09-09_20-09-41_000.jpg.3.png / val_Average = 91.6022	val_Variance = 0.2472	sd = 0.4972	max = 93	min = 90
[20180910_063832 / lib_ip.py:3877] len(Hs) = 8100, len(Ss) = 8100, len(Vs) = 8100
[20180910_063832 / lib_ip.py:2273] inspecting ===> img.20180910_063830.2018-09-09_20-09-41_000.jpg.4.png
[20180910_063832 / lib_ip.py:4330] 
img.20180910_063830.2018-09-09_20-09-41_000.jpg.4.png 3
[20180910_063833 / lib_ip.py:3794] file = img.20180910_063830.2018-09-09_20-09-41_000.jpg.4.png / val_Average = 60.0332	val_Variance = 1746.5240	sd = 41.7914	max = 135	min = 0
[20180910_063833 / lib_ip.py:3877] len(Hs) = 8100, len(Ss) = 8100, len(Vs) = 8100
[20180910_063833 / lib_ip.py:3910] yellow : variance --> out of range (variance = 1746.524 / upper = 0.650 / lower = 0.000)
[20180910_063833 / lib_ip.py:3794] file = img.20180910_063830.2018-09-09_20-09-41_000.jpg.4.png / val_Average = 60.0332	val_Variance = 1746.5240	sd = 41.7914	max = 135	min = 0
[20180910_063833 / lib_ip.py:3977] len(Hs) = 8100, len(Ss) = 8100, len(Vs) = 8100
[20180910_063833 / lib_ip.py:4023] red : variance --> out of range (variance = 1746.524 / upper = 0.430 / lower = 0.000)
[20180910_063833 / lib_ip.py:3794] file = img.20180910_063830.2018-09-09_20-09-41_000.jpg.4.png / val_Average = 60.0332	val_Variance = 1746.5240	sd = 41.7914	max = 135	min = 0
[20180910_063833 / lib_ip.py:4090] len(Hs) = 8100, len(Ss) = 8100, len(Vs) = 8100
[20180910_063833 / lib_ip.py:4137] green : variance --> out of range (variance = 1746.524 / upper = 0.750 / lower = 0.000)
[20180910_063833 / lib_ip.py:3794] file = img.20180910_063830.2018-09-09_20-09-41_000.jpg.4.png / val_Average = 60.0332	val_Variance = 1746.5240	sd = 41.7914	max = 135	min = 0
[20180910_063833 / lib_ip.py:4204] len(Hs) = 8100, len(Ss) = 8100, len(Vs) = 8100
[20180910_063833 / lib_ip.py:4248] black : variance --> out of range (variance = 1746.524 / upper = 0.000 / lower = 0.000)
[20180910_063833 / lib_ip.py:4398] file : img.20180910_063830.2018-09-09_20-09-41_000.jpg.4.png 3 (black : variance --> out of range (variance = 1746.524 / upper = 0.000 / lower = 0.000))
[20180910_063832 / lib_ip.py:2273] inspecting ===> img.20180910_063830.2018-09-09_20-09-41_000.jpg.4.png
img.20180910_063830.2018-09-09_20-09-41_000.jpg.1.png => other
img.20180910_063830.2018-09-09_20-09-41_000.jpg.2.png => other
img.20180910_063830.2018-09-09_20-09-41_000.jpg.3.png => other
img.20180910_063830.2018-09-09_20-09-41_000.jpg.4.png => other
[20180910_063833 lib_ip.py:3300] =============== Get 4 corners
dpath_Images = C:\WORKS_2\WS\WS_Others.Art\JVEMV6\46_art\VIRTUAL\Admin_Projects\ip\images
fname_Image = img.20180910_063830.2018-09-09_20-09-41_000.jpg.4.png

[20180910_063834 / lib_ip.py:2273] inspecting ===> img.20180910_063833.2018-09-09_22-19-43_000.jpg.1.png
[20180910_063834 / lib_ip.py:4330] 
img.20180910_063833.2018-09-09_22-19-43_000.jpg.1.png 0
[20180910_063834 / lib_ip.py:3794] file = img.20180910_063833.2018-09-09_22-19-43_000.jpg.1.png / val_Average = 106.4585	val_Variance = 3.4137	sd = 1.8476	max = 113	min = 100
[20180910_063834 / lib_ip.py:3877] len(Hs) = 8100, len(Ss) = 8100, len(Vs) = 8100
[20180910_063834 / lib_ip.py:3910] yellow : variance --> out of range (variance = 3.414 / upper = 0.650 / lower = 0.000)
[20180910_063834 / lib_ip.py:3794] file = img.20180910_063833.2018-09-09_22-19-43_000.jpg.1.png / val_Average = 106.4585	val_Variance = 3.4137	sd = 1.8476	max = 113	min = 100
[20180910_063834 / lib_ip.py:3977] len(Hs) = 8100, len(Ss) = 8100, len(Vs) = 8100
[20180910_063834 / lib_ip.py:4023] red : variance --> out of range (variance = 3.414 / upper = 0.430 / lower = 0.000)
[20180910_063834 / lib_ip.py:3794] file = img.20180910_063833.2018-09-09_22-19-43_000.jpg.1.png / val_Average = 106.4585	val_Variance = 3.4137	sd = 1.8476	max = 113	min = 100
[20180910_063834 / lib_ip.py:4090] len(Hs) = 8100, len(Ss) = 8100, len(Vs) = 8100
[20180910_063834 / lib_ip.py:4137] green : variance --> out of range (variance = 3.414 / upper = 0.750 / lower = 0.000)
[20180910_063834 / lib_ip.py:3794] file = img.20180910_063833.2018-09-09_22-19-43_000.jpg.1.png / val_Average = 106.4585	val_Variance = 3.4137	sd = 1.8476	max = 113	min = 100
[20180910_063834 / lib_ip.py:4204] len(Hs) = 8100, len(Ss) = 8100, len(Vs) = 8100
[20180910_063834 / lib_ip.py:4248] black : variance --> out of range (variance = 3.414 / upper = 0.000 / lower = 0.000)
[20180910_063834 / lib_ip.py:4398] file : img.20180910_063833.2018-09-09_22-19-43_000.jpg.1.png 0 (black : variance --> out of range (variance = 3.414 / upper = 0.000 / lower = 0.000))
[20180910_063834 / lib_ip.py:2273] inspecting ===> img.20180910_063833.2018-09-09_22-19-43_000.jpg.2.png
[20180910_063835 / lib_ip.py:4330] 
img.20180910_063833.2018-09-09_22-19-43_000.jpg.2.png 1
[20180910_063835 / lib_ip.py:3794] file = img.20180910_063833.2018-09-09_22-19-43_000.jpg.2.png / val_Average = 104.1798	val_Variance = 0.6586	sd = 0.8115	max = 106	min = 101
[20180910_063835 / lib_ip.py:3877] len(Hs) = 8100, len(Ss) = 8100, len(Vs) = 8100
[20180910_063835 / lib_ip.py:3910] yellow : variance --> out of range (variance = 0.659 / upper = 0.650 / lower = 0.000)
[20180910_063835 / lib_ip.py:3794] file = img.20180910_063833.2018-09-09_22-19-43_000.jpg.2.png / val_Average = 104.1798	val_Variance = 0.6586	sd = 0.8115	max = 106	min = 101
[20180910_063835 / lib_ip.py:3977] len(Hs) = 8100, len(Ss) = 8100, len(Vs) = 8100
[20180910_063835 / lib_ip.py:4023] red : variance --> out of range (variance = 0.659 / upper = 0.430 / lower = 0.000)
[20180910_063835 / lib_ip.py:3794] file = img.20180910_063833.2018-09-09_22-19-43_000.jpg.2.png / val_Average = 104.1798	val_Variance = 0.6586	sd = 0.8115	max = 106	min = 101
[20180910_063835 / lib_ip.py:4090] len(Hs) = 8100, len(Ss) = 8100, len(Vs) = 8100
[20180910_063835 / lib_ip.py:4162] green : average --> out of range (average = 104.180 / upper = 83.000 / lower = 58.000)
[20180910_063835 / lib_ip.py:3794] file = img.20180910_063833.2018-09-09_22-19-43_000.jpg.2.png / val_Average = 104.1798	val_Variance = 0.6586	sd = 0.8115	max = 106	min = 101
[20180910_063835 / lib_ip.py:4204] len(Hs) = 8100, len(Ss) = 8100, len(Vs) = 8100
[20180910_063835 / lib_ip.py:4248] black : variance --> out of range (variance = 0.659 / upper = 0.000 / lower = 0.000)
[20180910_063835 / lib_ip.py:4398] file : img.20180910_063833.2018-09-09_22-19-43_000.jpg.2.png 1 (black : variance --> out of range (variance = 0.659 / upper = 0.000 / lower = 0.000))
[20180910_063835 / lib_ip.py:2273] inspecting ===> img.20180910_063833.2018-09-09_22-19-43_000.jpg.3.png
[20180910_063835 / lib_ip.py:4330] 
img.20180910_063833.2018-09-09_22-19-43_000.jpg.3.png 2
[20180910_063835 / lib_ip.py:3794] file = img.20180910_063833.2018-09-09_22-19-43_000.jpg.3.png / val_Average = 110.1580	val_Variance = 6.9829	sd = 2.6425	max = 123	min = 99
[20180910_063836 / lib_ip.py:3877] len(Hs) = 8100, len(Ss) = 8100, len(Vs) = 8100
[20180910_063836 / lib_ip.py:3910] yellow : variance --> out of range (variance = 6.983 / upper = 0.650 / lower = 0.000)
[20180910_063836 / lib_ip.py:3794] file = img.20180910_063833.2018-09-09_22-19-43_000.jpg.3.png / val_Average = 110.1580	val_Variance = 6.9829	sd = 2.6425	max = 123	min = 99
[20180910_063836 / lib_ip.py:3977] len(Hs) = 8100, len(Ss) = 8100, len(Vs) = 8100
[20180910_063836 / lib_ip.py:4023] red : variance --> out of range (variance = 6.983 / upper = 0.430 / lower = 0.000)
[20180910_063836 / lib_ip.py:3794] file = img.20180910_063833.2018-09-09_22-19-43_000.jpg.3.png / val_Average = 110.1580	val_Variance = 6.9829	sd = 2.6425	max = 123	min = 99
[20180910_063836 / lib_ip.py:4090] len(Hs) = 8100, len(Ss) = 8100, len(Vs) = 8100
[20180910_063836 / lib_ip.py:4137] green : variance --> out of range (variance = 6.983 / upper = 0.750 / lower = 0.000)
[20180910_063836 / lib_ip.py:3794] file = img.20180910_063833.2018-09-09_22-19-43_000.jpg.3.png / val_Average = 110.1580	val_Variance = 6.9829	sd = 2.6425	max = 123	min = 99
[20180910_063836 / lib_ip.py:4204] len(Hs) = 8100, len(Ss) = 8100, len(Vs) = 8100
[20180910_063836 / lib_ip.py:4248] black : variance --> out of range (variance = 6.983 / upper = 0.000 / lower = 0.000)
[20180910_063836 / lib_ip.py:4398] file : img.20180910_063833.2018-09-09_22-19-43_000.jpg.3.png 2 (black : variance --> out of range (variance = 6.983 / upper = 0.000 / lower = 0.000))
[20180910_063836 / lib_ip.py:2273] inspecting ===> img.20180910_063833.2018-09-09_22-19-43_000.jpg.4.png
[20180910_063836 / lib_ip.py:4330] 
img.20180910_063833.2018-09-09_22-19-43_000.jpg.4.png 3
[20180910_063836 / lib_ip.py:3794] file = img.20180910_063833.2018-09-09_22-19-43_000.jpg.4.png / val_Average = 102.7059	val_Variance = 3.6399	sd = 1.9079	max = 107	min = 95
[20180910_063836 / lib_ip.py:3877] len(Hs) = 8100, len(Ss) = 8100, len(Vs) = 8100
[20180910_063836 / lib_ip.py:3910] yellow : variance --> out of range (variance = 3.640 / upper = 0.650 / lower = 0.000)
[20180910_063836 / lib_ip.py:3794] file = img.20180910_063833.2018-09-09_22-19-43_000.jpg.4.png / val_Average = 102.7059	val_Variance = 3.6399	sd = 1.9079	max = 107	min = 95
[20180910_063837 / lib_ip.py:3977] len(Hs) = 8100, len(Ss) = 8100, len(Vs) = 8100
[20180910_063837 / lib_ip.py:4023] red : variance --> out of range (variance = 3.640 / upper = 0.430 / lower = 0.000)
[20180910_063837 / lib_ip.py:3794] file = img.20180910_063833.2018-09-09_22-19-43_000.jpg.4.png / val_Average = 102.7059	val_Variance = 3.6399	sd = 1.9079	max = 107	min = 95
[20180910_063837 / lib_ip.py:4090] len(Hs) = 8100, len(Ss) = 8100, len(Vs) = 8100
[20180910_063837 / lib_ip.py:4137] green : variance --> out of range (variance = 3.640 / upper = 0.750 / lower = 0.000)
[20180910_063837 / lib_ip.py:3794] file = img.20180910_063833.2018-09-09_22-19-43_000.jpg.4.png / val_Average = 102.7059	val_Variance = 3.6399	sd = 1.9079	max = 107	min = 95
[20180910_063837 / lib_ip.py:4204] len(Hs) = 8100, len(Ss) = 8100, len(Vs) = 8100
[20180910_063837 / lib_ip.py:4248] black : variance --> out of range (variance = 3.640 / upper = 0.000 / lower = 0.000)
[20180910_063837 / lib_ip.py:4398] file : img.20180910_063833.2018-09-09_22-19-43_000.jpg.4.png 3 (black : variance --> out of range (variance = 3.640 / upper = 0.000 / lower = 0.000))
[20180910_063836 / lib_ip.py:2273] inspecting ===> img.20180910_063833.2018-09-09_22-19-43_000.jpg.4.png
img.20180910_063833.2018-09-09_22-19-43_000.jpg.1.png => other
img.20180910_063833.2018-09-09_22-19-43_000.jpg.2.png => other
img.20180910_063833.2018-09-09_22-19-43_000.jpg.3.png => other
img.20180910_063833.2018-09-09_22-19-43_000.jpg.4.png => other
[20180910_063837 lib_ip.py:3300] =============== Get 4 corners
dpath_Images = C:\WORKS_2\WS\WS_Others.Art\JVEMV6\46_art\VIRTUAL\Admin_Projects\ip\images
fname_Image = img.20180910_063833.2018-09-09_22-19-43_000.jpg.4.png

[20180910_063837 / views.py:1029] gen csv => complete (20180910_063837)(elapsed = 10.843 sec / 3 files / 3.614 sec per file)
1)	2018-09-09_18-37-09_000.jpg => 	other other green red 
2)	2018-09-09_20-09-41_000.jpg => 	other other yellow other 
3)	2018-09-09_22-19-43_000.jpg => 	other other other other 
[20180910_063837 / views.py:1415] lo_ColorName_Set__Modified_2 =>
1)	2018-09-09_18-37-09_000.jpg => 	g o o r 
2)	2018-09-09_20-09-41_000.jpg => 	o o o y 
3)	2018-09-09_22-19-43_000.jpg => 	o o o o 
[20180910_063837 / lib_ip.py:4594] no key 'GPSInfo' for file : C:\WORKS_2\WS\WS_Others.Art\JVEMV6\46_art\VIRTUAL\Admin_Projects\ip\images\2018-09-09_18-37-09_000.jpg
[20180910_063837 / views.py:1526] gen_Cake_CSV(request) ==> ending... =======================//

