[20181016_061548 / views.py:1877] gen_Cake_CSV(request) ==> starting... =======================
[20181016_061550 / lib_ip.py:2273] inspecting ===> img.20181016_061550.2018-10-15_07-28-41_000.jpg.1.png
[20181016_061550 / lib_ip.py:4330] 
img.20181016_061550.2018-10-15_07-28-41_000.jpg.1.png 0
[20181016_061551 / lib_ip.py:3794] file = img.20181016_061550.2018-10-15_07-28-41_000.jpg.1.png / val_Average = 115.3854	val_Variance = 5.3366	sd = 2.3101	max = 123	min = 110
[20181016_061551 / lib_ip.py:3877] len(Hs) = 8100, len(Ss) = 8100, len(Vs) = 8100
[20181016_061551 / lib_ip.py:3910] yellow : variance --> out of range (variance = 5.337 / upper = 0.650 / lower = 0.000)
[20181016_061551 / lib_ip.py:3794] file = img.20181016_061550.2018-10-15_07-28-41_000.jpg.1.png / val_Average = 115.3854	val_Variance = 5.3366	sd = 2.3101	max = 123	min = 110
[20181016_061551 / lib_ip.py:3977] len(Hs) = 8100, len(Ss) = 8100, len(Vs) = 8100
[20181016_061551 / lib_ip.py:4023] red : variance --> out of range (variance = 5.337 / upper = 0.430 / lower = 0.000)
[20181016_061551 / lib_ip.py:3794] file = img.20181016_061550.2018-10-15_07-28-41_000.jpg.1.png / val_Average = 115.3854	val_Variance = 5.3366	sd = 2.3101	max = 123	min = 110
[20181016_061551 / lib_ip.py:4090] len(Hs) = 8100, len(Ss) = 8100, len(Vs) = 8100
[20181016_061551 / lib_ip.py:4137] green : variance --> out of range (variance = 5.337 / upper = 0.750 / lower = 0.000)
[20181016_061551 / lib_ip.py:3794] file = img.20181016_061550.2018-10-15_07-28-41_000.jpg.1.png / val_Average = 115.3854	val_Variance = 5.3366	sd = 2.3101	max = 123	min = 110
[20181016_061551 / lib_ip.py:4204] len(Hs) = 8100, len(Ss) = 8100, len(Vs) = 8100
[20181016_061551 / lib_ip.py:4248] black : variance --> out of range (variance = 5.337 / upper = 0.000 / lower = 0.000)
[20181016_061551 / lib_ip.py:4398] file : img.20181016_061550.2018-10-15_07-28-41_000.jpg.1.png 0 (black : variance --> out of range (variance = 5.337 / upper = 0.000 / lower = 0.000))
[20181016_061551 / lib_ip.py:2273] inspecting ===> img.20181016_061550.2018-10-15_07-28-41_000.jpg.2.png
[20181016_061551 / lib_ip.py:4330] 
img.20181016_061550.2018-10-15_07-28-41_000.jpg.2.png 1
[20181016_061551 / lib_ip.py:3794] file = img.20181016_061550.2018-10-15_07-28-41_000.jpg.2.png / val_Average = 53.2432	val_Variance = 4361.7433	sd = 66.0435	max = 174	min = 0
[20181016_061551 / lib_ip.py:3877] len(Hs) = 8100, len(Ss) = 8100, len(Vs) = 8100
[20181016_061551 / lib_ip.py:3910] yellow : variance --> out of range (variance = 4361.743 / upper = 0.650 / lower = 0.000)
[20181016_061552 / lib_ip.py:3794] file = img.20181016_061550.2018-10-15_07-28-41_000.jpg.2.png / val_Average = 53.2432	val_Variance = 4361.7433	sd = 66.0435	max = 174	min = 0
[20181016_061552 / lib_ip.py:3977] len(Hs) = 8100, len(Ss) = 8100, len(Vs) = 8100
[20181016_061552 / lib_ip.py:4023] red : variance --> out of range (variance = 4361.743 / upper = 0.430 / lower = 0.000)
[20181016_061552 / lib_ip.py:3794] file = img.20181016_061550.2018-10-15_07-28-41_000.jpg.2.png / val_Average = 53.2432	val_Variance = 4361.7433	sd = 66.0435	max = 174	min = 0
[20181016_061552 / lib_ip.py:4090] len(Hs) = 8100, len(Ss) = 8100, len(Vs) = 8100
[20181016_061552 / lib_ip.py:4137] green : variance --> out of range (variance = 4361.743 / upper = 0.750 / lower = 0.000)
[20181016_061552 / lib_ip.py:3794] file = img.20181016_061550.2018-10-15_07-28-41_000.jpg.2.png / val_Average = 53.2432	val_Variance = 4361.7433	sd = 66.0435	max = 174	min = 0
[20181016_061552 / lib_ip.py:4204] len(Hs) = 8100, len(Ss) = 8100, len(Vs) = 8100
[20181016_061552 / lib_ip.py:4248] black : variance --> out of range (variance = 4361.743 / upper = 0.000 / lower = 0.000)
[20181016_061552 / lib_ip.py:4398] file : img.20181016_061550.2018-10-15_07-28-41_000.jpg.2.png 1 (black : variance --> out of range (variance = 4361.743 / upper = 0.000 / lower = 0.000))
[20181016_061552 / lib_ip.py:2273] inspecting ===> img.20181016_061550.2018-10-15_07-28-41_000.jpg.3.png
[20181016_061552 / lib_ip.py:4330] 
img.20181016_061550.2018-10-15_07-28-41_000.jpg.3.png 2
[20181016_061552 / lib_ip.py:3794] file = img.20181016_061550.2018-10-15_07-28-41_000.jpg.3.png / val_Average = 75.0326	val_Variance = 0.2824	sd = 0.5314	max = 76	min = 74
[20181016_061552 / lib_ip.py:3877] len(Hs) = 8100, len(Ss) = 8100, len(Vs) = 8100
[20181016_061553 / lib_ip.py:3932] yellow : average --> out of range (average = 75.033 / upper = 99.200 / lower = 88.000)
[20181016_061553 / lib_ip.py:3794] file = img.20181016_061550.2018-10-15_07-28-41_000.jpg.3.png / val_Average = 75.0326	val_Variance = 0.2824	sd = 0.5314	max = 76	min = 74
[20181016_061553 / lib_ip.py:3977] len(Hs) = 8100, len(Ss) = 8100, len(Vs) = 8100
[20181016_061553 / lib_ip.py:4048] red : average --> out of range (average = 75.033 / upper = 124.000 / lower = 115.000)
[20181016_061553 / lib_ip.py:3794] file = img.20181016_061550.2018-10-15_07-28-41_000.jpg.3.png / val_Average = 75.0326	val_Variance = 0.2824	sd = 0.5314	max = 76	min = 74
[20181016_061553 / lib_ip.py:4090] len(Hs) = 8100, len(Ss) = 8100, len(Vs) = 8100
[20181016_061553 / lib_ip.py:2273] inspecting ===> img.20181016_061550.2018-10-15_07-28-41_000.jpg.4.png
[20181016_061553 / lib_ip.py:4330] 
img.20181016_061550.2018-10-15_07-28-41_000.jpg.4.png 3
[20181016_061553 / lib_ip.py:3794] file = img.20181016_061550.2018-10-15_07-28-41_000.jpg.4.png / val_Average = 76.4010	val_Variance = 0.2429	sd = 0.4929	max = 77	min = 75
[20181016_061553 / lib_ip.py:3877] len(Hs) = 8100, len(Ss) = 8100, len(Vs) = 8100
[20181016_061553 / lib_ip.py:3932] yellow : average --> out of range (average = 76.401 / upper = 99.200 / lower = 88.000)
[20181016_061553 / lib_ip.py:3794] file = img.20181016_061550.2018-10-15_07-28-41_000.jpg.4.png / val_Average = 76.4010	val_Variance = 0.2429	sd = 0.4929	max = 77	min = 75
[20181016_061553 / lib_ip.py:3977] len(Hs) = 8100, len(Ss) = 8100, len(Vs) = 8100
[20181016_061553 / lib_ip.py:4048] red : average --> out of range (average = 76.401 / upper = 124.000 / lower = 115.000)
[20181016_061553 / lib_ip.py:3794] file = img.20181016_061550.2018-10-15_07-28-41_000.jpg.4.png / val_Average = 76.4010	val_Variance = 0.2429	sd = 0.4929	max = 77	min = 75
[20181016_061553 / lib_ip.py:4090] len(Hs) = 8100, len(Ss) = 8100, len(Vs) = 8100
[20181016_061553 / lib_ip.py:2273] inspecting ===> img.20181016_061550.2018-10-15_07-28-41_000.jpg.4.png
img.20181016_061550.2018-10-15_07-28-41_000.jpg.1.png => other
img.20181016_061550.2018-10-15_07-28-41_000.jpg.2.png => other
img.20181016_061550.2018-10-15_07-28-41_000.jpg.3.png => other
img.20181016_061550.2018-10-15_07-28-41_000.jpg.4.png => other
[20181016_061553 lib_ip.py:3300] =============== Get 4 corners
dpath_Images = C:\WORKS_2\WS\WS_Others.Art\JVEMV6\46_art\VIRTUAL\Admin_Projects\ip\images
fname_Image = img.20181016_061550.2018-10-15_07-28-41_000.jpg.4.png

[20181016_061554 / lib_ip.py:2273] inspecting ===> img.20181016_061554.2018-10-15_09-35-48_000.jpg.1.png
[20181016_061554 / lib_ip.py:4330] 
img.20181016_061554.2018-10-15_09-35-48_000.jpg.1.png 0
[20181016_061554 / lib_ip.py:3794] file = img.20181016_061554.2018-10-15_09-35-48_000.jpg.1.png / val_Average = 13.2300	val_Variance = 766.1112	sd = 27.6787	max = 135	min = 0
[20181016_061554 / lib_ip.py:3877] len(Hs) = 8100, len(Ss) = 8100, len(Vs) = 8100
[20181016_061555 / lib_ip.py:3910] yellow : variance --> out of range (variance = 766.111 / upper = 0.650 / lower = 0.000)
[20181016_061555 / lib_ip.py:3794] file = img.20181016_061554.2018-10-15_09-35-48_000.jpg.1.png / val_Average = 13.2300	val_Variance = 766.1112	sd = 27.6787	max = 135	min = 0
[20181016_061555 / lib_ip.py:3977] len(Hs) = 8100, len(Ss) = 8100, len(Vs) = 8100
[20181016_061555 / lib_ip.py:4023] red : variance --> out of range (variance = 766.111 / upper = 0.430 / lower = 0.000)
[20181016_061555 / lib_ip.py:3794] file = img.20181016_061554.2018-10-15_09-35-48_000.jpg.1.png / val_Average = 13.2300	val_Variance = 766.1112	sd = 27.6787	max = 135	min = 0
[20181016_061555 / lib_ip.py:4090] len(Hs) = 8100, len(Ss) = 8100, len(Vs) = 8100
[20181016_061555 / lib_ip.py:4137] green : variance --> out of range (variance = 766.111 / upper = 0.750 / lower = 0.000)
[20181016_061555 / lib_ip.py:3794] file = img.20181016_061554.2018-10-15_09-35-48_000.jpg.1.png / val_Average = 13.2300	val_Variance = 766.1112	sd = 27.6787	max = 135	min = 0
[20181016_061555 / lib_ip.py:4204] len(Hs) = 8100, len(Ss) = 8100, len(Vs) = 8100
[20181016_061555 / lib_ip.py:4248] black : variance --> out of range (variance = 766.111 / upper = 0.000 / lower = 0.000)
[20181016_061555 / lib_ip.py:4398] file : img.20181016_061554.2018-10-15_09-35-48_000.jpg.1.png 0 (black : variance --> out of range (variance = 766.111 / upper = 0.000 / lower = 0.000))
[20181016_061555 / lib_ip.py:2273] inspecting ===> img.20181016_061554.2018-10-15_09-35-48_000.jpg.2.png
[20181016_061555 / lib_ip.py:4330] 
img.20181016_061554.2018-10-15_09-35-48_000.jpg.2.png 1
[20181016_061555 / lib_ip.py:3794] file = img.20181016_061554.2018-10-15_09-35-48_000.jpg.2.png / val_Average = 108.2369	val_Variance = 6.5391	sd = 2.5572	max = 120	min = 101
[20181016_061555 / lib_ip.py:3877] len(Hs) = 8100, len(Ss) = 8100, len(Vs) = 8100
[20181016_061555 / lib_ip.py:3910] yellow : variance --> out of range (variance = 6.539 / upper = 0.650 / lower = 0.000)
[20181016_061555 / lib_ip.py:3794] file = img.20181016_061554.2018-10-15_09-35-48_000.jpg.2.png / val_Average = 108.2369	val_Variance = 6.5391	sd = 2.5572	max = 120	min = 101
[20181016_061555 / lib_ip.py:3977] len(Hs) = 8100, len(Ss) = 8100, len(Vs) = 8100
[20181016_061556 / lib_ip.py:4023] red : variance --> out of range (variance = 6.539 / upper = 0.430 / lower = 0.000)
[20181016_061556 / lib_ip.py:3794] file = img.20181016_061554.2018-10-15_09-35-48_000.jpg.2.png / val_Average = 108.2369	val_Variance = 6.5391	sd = 2.5572	max = 120	min = 101
[20181016_061556 / lib_ip.py:4090] len(Hs) = 8100, len(Ss) = 8100, len(Vs) = 8100
[20181016_061556 / lib_ip.py:4137] green : variance --> out of range (variance = 6.539 / upper = 0.750 / lower = 0.000)
[20181016_061556 / lib_ip.py:3794] file = img.20181016_061554.2018-10-15_09-35-48_000.jpg.2.png / val_Average = 108.2369	val_Variance = 6.5391	sd = 2.5572	max = 120	min = 101
[20181016_061556 / lib_ip.py:4204] len(Hs) = 8100, len(Ss) = 8100, len(Vs) = 8100
[20181016_061556 / lib_ip.py:4248] black : variance --> out of range (variance = 6.539 / upper = 0.000 / lower = 0.000)
[20181016_061556 / lib_ip.py:4398] file : img.20181016_061554.2018-10-15_09-35-48_000.jpg.2.png 1 (black : variance --> out of range (variance = 6.539 / upper = 0.000 / lower = 0.000))
[20181016_061556 / lib_ip.py:2273] inspecting ===> img.20181016_061554.2018-10-15_09-35-48_000.jpg.3.png
[20181016_061556 / lib_ip.py:4330] 
img.20181016_061554.2018-10-15_09-35-48_000.jpg.3.png 2
[20181016_061556 / lib_ip.py:3794] file = img.20181016_061554.2018-10-15_09-35-48_000.jpg.3.png / val_Average = 93.0026	val_Variance = 0.0095	sd = 0.0975	max = 94	min = 92
[20181016_061556 / lib_ip.py:3877] len(Hs) = 8100, len(Ss) = 8100, len(Vs) = 8100
[20181016_061556 / lib_ip.py:2273] inspecting ===> img.20181016_061554.2018-10-15_09-35-48_000.jpg.4.png
[20181016_061557 / lib_ip.py:4330] 
img.20181016_061554.2018-10-15_09-35-48_000.jpg.4.png 3
[20181016_061557 / lib_ip.py:3794] file = img.20181016_061554.2018-10-15_09-35-48_000.jpg.4.png / val_Average = 77.0912	val_Variance = 1676.6449	sd = 40.9469	max = 160	min = 0
[20181016_061557 / lib_ip.py:3877] len(Hs) = 8100, len(Ss) = 8100, len(Vs) = 8100
[20181016_061557 / lib_ip.py:3910] yellow : variance --> out of range (variance = 1676.645 / upper = 0.650 / lower = 0.000)
[20181016_061557 / lib_ip.py:3794] file = img.20181016_061554.2018-10-15_09-35-48_000.jpg.4.png / val_Average = 77.0912	val_Variance = 1676.6449	sd = 40.9469	max = 160	min = 0
[20181016_061557 / lib_ip.py:3977] len(Hs) = 8100, len(Ss) = 8100, len(Vs) = 8100
[20181016_061557 / lib_ip.py:4023] red : variance --> out of range (variance = 1676.645 / upper = 0.430 / lower = 0.000)
[20181016_061557 / lib_ip.py:3794] file = img.20181016_061554.2018-10-15_09-35-48_000.jpg.4.png / val_Average = 77.0912	val_Variance = 1676.6449	sd = 40.9469	max = 160	min = 0
[20181016_061557 / lib_ip.py:4090] len(Hs) = 8100, len(Ss) = 8100, len(Vs) = 8100
[20181016_061557 / lib_ip.py:4137] green : variance --> out of range (variance = 1676.645 / upper = 0.750 / lower = 0.000)
[20181016_061557 / lib_ip.py:3794] file = img.20181016_061554.2018-10-15_09-35-48_000.jpg.4.png / val_Average = 77.0912	val_Variance = 1676.6449	sd = 40.9469	max = 160	min = 0
[20181016_061557 / lib_ip.py:4204] len(Hs) = 8100, len(Ss) = 8100, len(Vs) = 8100
[20181016_061557 / lib_ip.py:4248] black : variance --> out of range (variance = 1676.645 / upper = 0.000 / lower = 0.000)
[20181016_061557 / lib_ip.py:4398] file : img.20181016_061554.2018-10-15_09-35-48_000.jpg.4.png 3 (black : variance --> out of range (variance = 1676.645 / upper = 0.000 / lower = 0.000))
[20181016_061556 / lib_ip.py:2273] inspecting ===> img.20181016_061554.2018-10-15_09-35-48_000.jpg.4.png
img.20181016_061554.2018-10-15_09-35-48_000.jpg.1.png => other
img.20181016_061554.2018-10-15_09-35-48_000.jpg.2.png => other
img.20181016_061554.2018-10-15_09-35-48_000.jpg.3.png => yellow
img.20181016_061554.2018-10-15_09-35-48_000.jpg.4.png => other
[20181016_061557 lib_ip.py:3300] =============== Get 4 corners
dpath_Images = C:\WORKS_2\WS\WS_Others.Art\JVEMV6\46_art\VIRTUAL\Admin_Projects\ip\images
fname_Image = img.20181016_061554.2018-10-15_09-35-48_000.jpg.4.png

[20181016_061558 / lib_ip.py:2273] inspecting ===> img.20181016_061558.2018-10-15_12-06-06_000.jpg.1.png
[20181016_061558 / lib_ip.py:4330] 
img.20181016_061558.2018-10-15_12-06-06_000.jpg.1.png 0
[20181016_061558 / lib_ip.py:3794] file = img.20181016_061558.2018-10-15_12-06-06_000.jpg.1.png / val_Average = 100.6781	val_Variance = 674.4501	sd = 25.9702	max = 160	min = 0
[20181016_061558 / lib_ip.py:3877] len(Hs) = 8100, len(Ss) = 8100, len(Vs) = 8100
[20181016_061558 / lib_ip.py:3910] yellow : variance --> out of range (variance = 674.450 / upper = 0.650 / lower = 0.000)
[20181016_061558 / lib_ip.py:3794] file = img.20181016_061558.2018-10-15_12-06-06_000.jpg.1.png / val_Average = 100.6781	val_Variance = 674.4501	sd = 25.9702	max = 160	min = 0
[20181016_061558 / lib_ip.py:3977] len(Hs) = 8100, len(Ss) = 8100, len(Vs) = 8100
[20181016_061558 / lib_ip.py:4023] red : variance --> out of range (variance = 674.450 / upper = 0.430 / lower = 0.000)
[20181016_061558 / lib_ip.py:3794] file = img.20181016_061558.2018-10-15_12-06-06_000.jpg.1.png / val_Average = 100.6781	val_Variance = 674.4501	sd = 25.9702	max = 160	min = 0
[20181016_061559 / lib_ip.py:4090] len(Hs) = 8100, len(Ss) = 8100, len(Vs) = 8100
[20181016_061559 / lib_ip.py:4137] green : variance --> out of range (variance = 674.450 / upper = 0.750 / lower = 0.000)
[20181016_061559 / lib_ip.py:3794] file = img.20181016_061558.2018-10-15_12-06-06_000.jpg.1.png / val_Average = 100.6781	val_Variance = 674.4501	sd = 25.9702	max = 160	min = 0
[20181016_061559 / lib_ip.py:4204] len(Hs) = 8100, len(Ss) = 8100, len(Vs) = 8100
[20181016_061559 / lib_ip.py:4248] black : variance --> out of range (variance = 674.450 / upper = 0.000 / lower = 0.000)
[20181016_061559 / lib_ip.py:4398] file : img.20181016_061558.2018-10-15_12-06-06_000.jpg.1.png 0 (black : variance --> out of range (variance = 674.450 / upper = 0.000 / lower = 0.000))
[20181016_061559 / lib_ip.py:2273] inspecting ===> img.20181016_061558.2018-10-15_12-06-06_000.jpg.2.png
[20181016_061559 / lib_ip.py:4330] 
img.20181016_061558.2018-10-15_12-06-06_000.jpg.2.png 1
[20181016_061559 / lib_ip.py:3794] file = img.20181016_061558.2018-10-15_12-06-06_000.jpg.2.png / val_Average = 105.5258	val_Variance = 4.8009	sd = 2.1911	max = 117	min = 90
[20181016_061559 / lib_ip.py:3877] len(Hs) = 8100, len(Ss) = 8100, len(Vs) = 8100
[20181016_061559 / lib_ip.py:3910] yellow : variance --> out of range (variance = 4.801 / upper = 0.650 / lower = 0.000)
[20181016_061559 / lib_ip.py:3794] file = img.20181016_061558.2018-10-15_12-06-06_000.jpg.2.png / val_Average = 105.5258	val_Variance = 4.8009	sd = 2.1911	max = 117	min = 90
[20181016_061559 / lib_ip.py:3977] len(Hs) = 8100, len(Ss) = 8100, len(Vs) = 8100
[20181016_061559 / lib_ip.py:4023] red : variance --> out of range (variance = 4.801 / upper = 0.430 / lower = 0.000)
[20181016_061559 / lib_ip.py:3794] file = img.20181016_061558.2018-10-15_12-06-06_000.jpg.2.png / val_Average = 105.5258	val_Variance = 4.8009	sd = 2.1911	max = 117	min = 90
[20181016_061559 / lib_ip.py:4090] len(Hs) = 8100, len(Ss) = 8100, len(Vs) = 8100
[20181016_061559 / lib_ip.py:4137] green : variance --> out of range (variance = 4.801 / upper = 0.750 / lower = 0.000)
[20181016_061559 / lib_ip.py:3794] file = img.20181016_061558.2018-10-15_12-06-06_000.jpg.2.png / val_Average = 105.5258	val_Variance = 4.8009	sd = 2.1911	max = 117	min = 90
[20181016_061559 / lib_ip.py:4204] len(Hs) = 8100, len(Ss) = 8100, len(Vs) = 8100
[20181016_061600 / lib_ip.py:4248] black : variance --> out of range (variance = 4.801 / upper = 0.000 / lower = 0.000)
[20181016_061600 / lib_ip.py:4398] file : img.20181016_061558.2018-10-15_12-06-06_000.jpg.2.png 1 (black : variance --> out of range (variance = 4.801 / upper = 0.000 / lower = 0.000))
[20181016_061600 / lib_ip.py:2273] inspecting ===> img.20181016_061558.2018-10-15_12-06-06_000.jpg.3.png
[20181016_061600 / lib_ip.py:4330] 
img.20181016_061558.2018-10-15_12-06-06_000.jpg.3.png 2
[20181016_061600 / lib_ip.py:3794] file = img.20181016_061558.2018-10-15_12-06-06_000.jpg.3.png / val_Average = 76.0974	val_Variance = 0.0968	sd = 0.3111	max = 77	min = 75
[20181016_061600 / lib_ip.py:3877] len(Hs) = 8100, len(Ss) = 8100, len(Vs) = 8100
[20181016_061600 / lib_ip.py:3932] yellow : average --> out of range (average = 76.097 / upper = 99.200 / lower = 88.000)
[20181016_061600 / lib_ip.py:3794] file = img.20181016_061558.2018-10-15_12-06-06_000.jpg.3.png / val_Average = 76.0974	val_Variance = 0.0968	sd = 0.3111	max = 77	min = 75
[20181016_061600 / lib_ip.py:3977] len(Hs) = 8100, len(Ss) = 8100, len(Vs) = 8100
[20181016_061600 / lib_ip.py:4048] red : average --> out of range (average = 76.097 / upper = 124.000 / lower = 115.000)
[20181016_061600 / lib_ip.py:3794] file = img.20181016_061558.2018-10-15_12-06-06_000.jpg.3.png / val_Average = 76.0974	val_Variance = 0.0968	sd = 0.3111	max = 77	min = 75
[20181016_061600 / lib_ip.py:4090] len(Hs) = 8100, len(Ss) = 8100, len(Vs) = 8100
[20181016_061600 / lib_ip.py:2273] inspecting ===> img.20181016_061558.2018-10-15_12-06-06_000.jpg.4.png
[20181016_061601 / lib_ip.py:4330] 
img.20181016_061558.2018-10-15_12-06-06_000.jpg.4.png 3
[20181016_061601 / lib_ip.py:3794] file = img.20181016_061558.2018-10-15_12-06-06_000.jpg.4.png / val_Average = 120.0337	val_Variance = 0.0778	sd = 0.2788	max = 121	min = 119
[20181016_061601 / lib_ip.py:3877] len(Hs) = 8100, len(Ss) = 8100, len(Vs) = 8100
[20181016_061601 / lib_ip.py:3932] yellow : average --> out of range (average = 120.034 / upper = 99.200 / lower = 88.000)
[20181016_061601 / lib_ip.py:3794] file = img.20181016_061558.2018-10-15_12-06-06_000.jpg.4.png / val_Average = 120.0337	val_Variance = 0.0778	sd = 0.2788	max = 121	min = 119
[20181016_061601 / lib_ip.py:3977] len(Hs) = 8100, len(Ss) = 8100, len(Vs) = 8100
[20181016_061600 / lib_ip.py:2273] inspecting ===> img.20181016_061558.2018-10-15_12-06-06_000.jpg.4.png
img.20181016_061558.2018-10-15_12-06-06_000.jpg.1.png => other
img.20181016_061558.2018-10-15_12-06-06_000.jpg.2.png => other
img.20181016_061558.2018-10-15_12-06-06_000.jpg.3.png => other
img.20181016_061558.2018-10-15_12-06-06_000.jpg.4.png => other
[20181016_061601 lib_ip.py:3300] =============== Get 4 corners
dpath_Images = C:\WORKS_2\WS\WS_Others.Art\JVEMV6\46_art\VIRTUAL\Admin_Projects\ip\images
fname_Image = img.20181016_061558.2018-10-15_12-06-06_000.jpg.4.png

[20181016_061601 / lib_ip.py:2273] inspecting ===> img.20181016_061601.2018-10-15_13-11-54_000.jpg.1.png
[20181016_061602 / lib_ip.py:4330] 
img.20181016_061601.2018-10-15_13-11-54_000.jpg.1.png 0
[20181016_061602 / lib_ip.py:3794] file = img.20181016_061601.2018-10-15_13-11-54_000.jpg.1.png / val_Average = 76.5119	val_Variance = 0.2504	sd = 0.5004	max = 77	min = 75
[20181016_061602 / lib_ip.py:3877] len(Hs) = 8100, len(Ss) = 8100, len(Vs) = 8100
[20181016_061602 / lib_ip.py:3932] yellow : average --> out of range (average = 76.512 / upper = 99.200 / lower = 88.000)
[20181016_061602 / lib_ip.py:3794] file = img.20181016_061601.2018-10-15_13-11-54_000.jpg.1.png / val_Average = 76.5119	val_Variance = 0.2504	sd = 0.5004	max = 77	min = 75
[20181016_061602 / lib_ip.py:3977] len(Hs) = 8100, len(Ss) = 8100, len(Vs) = 8100
[20181016_061602 / lib_ip.py:4048] red : average --> out of range (average = 76.512 / upper = 124.000 / lower = 115.000)
[20181016_061602 / lib_ip.py:3794] file = img.20181016_061601.2018-10-15_13-11-54_000.jpg.1.png / val_Average = 76.5119	val_Variance = 0.2504	sd = 0.5004	max = 77	min = 75
[20181016_061602 / lib_ip.py:4090] len(Hs) = 8100, len(Ss) = 8100, len(Vs) = 8100
[20181016_061602 / lib_ip.py:2273] inspecting ===> img.20181016_061601.2018-10-15_13-11-54_000.jpg.2.png
[20181016_061602 / lib_ip.py:4330] 
img.20181016_061601.2018-10-15_13-11-54_000.jpg.2.png 1
[20181016_061602 / lib_ip.py:3794] file = img.20181016_061601.2018-10-15_13-11-54_000.jpg.2.png / val_Average = 155.5365	val_Variance = 13.5136	sd = 3.6761	max = 170	min = 140
[20181016_061602 / lib_ip.py:3877] len(Hs) = 8100, len(Ss) = 8100, len(Vs) = 8100
[20181016_061602 / lib_ip.py:3910] yellow : variance --> out of range (variance = 13.514 / upper = 0.650 / lower = 0.000)
[20181016_061603 / lib_ip.py:3794] file = img.20181016_061601.2018-10-15_13-11-54_000.jpg.2.png / val_Average = 155.5365	val_Variance = 13.5136	sd = 3.6761	max = 170	min = 140
[20181016_061603 / lib_ip.py:3977] len(Hs) = 8100, len(Ss) = 8100, len(Vs) = 8100
[20181016_061603 / lib_ip.py:4023] red : variance --> out of range (variance = 13.514 / upper = 0.430 / lower = 0.000)
[20181016_061603 / lib_ip.py:3794] file = img.20181016_061601.2018-10-15_13-11-54_000.jpg.2.png / val_Average = 155.5365	val_Variance = 13.5136	sd = 3.6761	max = 170	min = 140
[20181016_061603 / lib_ip.py:4090] len(Hs) = 8100, len(Ss) = 8100, len(Vs) = 8100
[20181016_061603 / lib_ip.py:4137] green : variance --> out of range (variance = 13.514 / upper = 0.750 / lower = 0.000)
[20181016_061603 / lib_ip.py:3794] file = img.20181016_061601.2018-10-15_13-11-54_000.jpg.2.png / val_Average = 155.5365	val_Variance = 13.5136	sd = 3.6761	max = 170	min = 140
[20181016_061603 / lib_ip.py:4204] len(Hs) = 8100, len(Ss) = 8100, len(Vs) = 8100
[20181016_061603 / lib_ip.py:4248] black : variance --> out of range (variance = 13.514 / upper = 0.000 / lower = 0.000)
[20181016_061603 / lib_ip.py:4398] file : img.20181016_061601.2018-10-15_13-11-54_000.jpg.2.png 1 (black : variance --> out of range (variance = 13.514 / upper = 0.000 / lower = 0.000))
[20181016_061603 / lib_ip.py:2273] inspecting ===> img.20181016_061601.2018-10-15_13-11-54_000.jpg.3.png
[20181016_061603 / lib_ip.py:4330] 
img.20181016_061601.2018-10-15_13-11-54_000.jpg.3.png 2
[20181016_061603 / lib_ip.py:3794] file = img.20181016_061601.2018-10-15_13-11-54_000.jpg.3.png / val_Average = 120.4715	val_Variance = 0.2497	sd = 0.4997	max = 121	min = 119
[20181016_061603 / lib_ip.py:3877] len(Hs) = 8100, len(Ss) = 8100, len(Vs) = 8100
[20181016_061603 / lib_ip.py:3932] yellow : average --> out of range (average = 120.471 / upper = 99.200 / lower = 88.000)
[20181016_061603 / lib_ip.py:3794] file = img.20181016_061601.2018-10-15_13-11-54_000.jpg.3.png / val_Average = 120.4715	val_Variance = 0.2497	sd = 0.4997	max = 121	min = 119
[20181016_061603 / lib_ip.py:3977] len(Hs) = 8100, len(Ss) = 8100, len(Vs) = 8100
[20181016_061604 / lib_ip.py:2273] inspecting ===> img.20181016_061601.2018-10-15_13-11-54_000.jpg.4.png
[20181016_061604 / lib_ip.py:4330] 
img.20181016_061601.2018-10-15_13-11-54_000.jpg.4.png 3
[20181016_061604 / lib_ip.py:3794] file = img.20181016_061601.2018-10-15_13-11-54_000.jpg.4.png / val_Average = 104.7078	val_Variance = 4.0910	sd = 2.0226	max = 112	min = 98
[20181016_061604 / lib_ip.py:3877] len(Hs) = 8100, len(Ss) = 8100, len(Vs) = 8100
[20181016_061604 / lib_ip.py:3910] yellow : variance --> out of range (variance = 4.091 / upper = 0.650 / lower = 0.000)
[20181016_061604 / lib_ip.py:3794] file = img.20181016_061601.2018-10-15_13-11-54_000.jpg.4.png / val_Average = 104.7078	val_Variance = 4.0910	sd = 2.0226	max = 112	min = 98
[20181016_061604 / lib_ip.py:3977] len(Hs) = 8100, len(Ss) = 8100, len(Vs) = 8100
[20181016_061604 / lib_ip.py:4023] red : variance --> out of range (variance = 4.091 / upper = 0.430 / lower = 0.000)
[20181016_061604 / lib_ip.py:3794] file = img.20181016_061601.2018-10-15_13-11-54_000.jpg.4.png / val_Average = 104.7078	val_Variance = 4.0910	sd = 2.0226	max = 112	min = 98
[20181016_061604 / lib_ip.py:4090] len(Hs) = 8100, len(Ss) = 8100, len(Vs) = 8100
[20181016_061604 / lib_ip.py:4137] green : variance --> out of range (variance = 4.091 / upper = 0.750 / lower = 0.000)
[20181016_061604 / lib_ip.py:3794] file = img.20181016_061601.2018-10-15_13-11-54_000.jpg.4.png / val_Average = 104.7078	val_Variance = 4.0910	sd = 2.0226	max = 112	min = 98
[20181016_061604 / lib_ip.py:4204] len(Hs) = 8100, len(Ss) = 8100, len(Vs) = 8100
[20181016_061604 / lib_ip.py:4248] black : variance --> out of range (variance = 4.091 / upper = 0.000 / lower = 0.000)
[20181016_061604 / lib_ip.py:4398] file : img.20181016_061601.2018-10-15_13-11-54_000.jpg.4.png 3 (black : variance --> out of range (variance = 4.091 / upper = 0.000 / lower = 0.000))
[20181016_061604 / lib_ip.py:2273] inspecting ===> img.20181016_061601.2018-10-15_13-11-54_000.jpg.4.png
img.20181016_061601.2018-10-15_13-11-54_000.jpg.1.png => other
img.20181016_061601.2018-10-15_13-11-54_000.jpg.2.png => other
img.20181016_061601.2018-10-15_13-11-54_000.jpg.3.png => other
img.20181016_061601.2018-10-15_13-11-54_000.jpg.4.png => other
[20181016_061604 lib_ip.py:3300] =============== Get 4 corners
dpath_Images = C:\WORKS_2\WS\WS_Others.Art\JVEMV6\46_art\VIRTUAL\Admin_Projects\ip\images
fname_Image = img.20181016_061601.2018-10-15_13-11-54_000.jpg.4.png

[20181016_061605 / lib_ip.py:2273] inspecting ===> img.20181016_061605.2018-10-15_14-14-38_000.jpg.1.png
[20181016_061605 / lib_ip.py:4330] 
img.20181016_061605.2018-10-15_14-14-38_000.jpg.1.png 0
[20181016_061605 / lib_ip.py:3794] file = img.20181016_061605.2018-10-15_14-14-38_000.jpg.1.png / val_Average = 75.5533	val_Variance = 0.2472	sd = 0.4971	max = 76	min = 75
[20181016_061605 / lib_ip.py:3877] len(Hs) = 8100, len(Ss) = 8100, len(Vs) = 8100
[20181016_061605 / lib_ip.py:3932] yellow : average --> out of range (average = 75.553 / upper = 99.200 / lower = 88.000)
[20181016_061605 / lib_ip.py:3794] file = img.20181016_061605.2018-10-15_14-14-38_000.jpg.1.png / val_Average = 75.5533	val_Variance = 0.2472	sd = 0.4971	max = 76	min = 75
[20181016_061605 / lib_ip.py:3977] len(Hs) = 8100, len(Ss) = 8100, len(Vs) = 8100
[20181016_061605 / lib_ip.py:4048] red : average --> out of range (average = 75.553 / upper = 124.000 / lower = 115.000)
[20181016_061606 / lib_ip.py:3794] file = img.20181016_061605.2018-10-15_14-14-38_000.jpg.1.png / val_Average = 75.5533	val_Variance = 0.2472	sd = 0.4971	max = 76	min = 75
[20181016_061606 / lib_ip.py:4090] len(Hs) = 8100, len(Ss) = 8100, len(Vs) = 8100
[20181016_061606 / lib_ip.py:2273] inspecting ===> img.20181016_061605.2018-10-15_14-14-38_000.jpg.2.png
[20181016_061606 / lib_ip.py:4330] 
img.20181016_061605.2018-10-15_14-14-38_000.jpg.2.png 1
[20181016_061606 / lib_ip.py:3794] file = img.20181016_061605.2018-10-15_14-14-38_000.jpg.2.png / val_Average = 112.3852	val_Variance = 6664.3709	sd = 81.6356	max = 178	min = 0
[20181016_061606 / lib_ip.py:3877] len(Hs) = 8100, len(Ss) = 8100, len(Vs) = 8100
[20181016_061606 / lib_ip.py:3910] yellow : variance --> out of range (variance = 6664.371 / upper = 0.650 / lower = 0.000)
[20181016_061606 / lib_ip.py:3794] file = img.20181016_061605.2018-10-15_14-14-38_000.jpg.2.png / val_Average = 112.3852	val_Variance = 6664.3709	sd = 81.6356	max = 178	min = 0
[20181016_061606 / lib_ip.py:3977] len(Hs) = 8100, len(Ss) = 8100, len(Vs) = 8100
[20181016_061606 / lib_ip.py:4023] red : variance --> out of range (variance = 6664.371 / upper = 0.430 / lower = 0.000)
[20181016_061606 / lib_ip.py:3794] file = img.20181016_061605.2018-10-15_14-14-38_000.jpg.2.png / val_Average = 112.3852	val_Variance = 6664.3709	sd = 81.6356	max = 178	min = 0
[20181016_061606 / lib_ip.py:4090] len(Hs) = 8100, len(Ss) = 8100, len(Vs) = 8100
[20181016_061606 / lib_ip.py:4137] green : variance --> out of range (variance = 6664.371 / upper = 0.750 / lower = 0.000)
[20181016_061606 / lib_ip.py:3794] file = img.20181016_061605.2018-10-15_14-14-38_000.jpg.2.png / val_Average = 112.3852	val_Variance = 6664.3709	sd = 81.6356	max = 178	min = 0
[20181016_061606 / lib_ip.py:4204] len(Hs) = 8100, len(Ss) = 8100, len(Vs) = 8100
[20181016_061606 / lib_ip.py:4248] black : variance --> out of range (variance = 6664.371 / upper = 0.000 / lower = 0.000)
[20181016_061606 / lib_ip.py:4398] file : img.20181016_061605.2018-10-15_14-14-38_000.jpg.2.png 1 (black : variance --> out of range (variance = 6664.371 / upper = 0.000 / lower = 0.000))
[20181016_061606 / lib_ip.py:2273] inspecting ===> img.20181016_061605.2018-10-15_14-14-38_000.jpg.3.png
[20181016_061607 / lib_ip.py:4330] 
img.20181016_061605.2018-10-15_14-14-38_000.jpg.3.png 2
[20181016_061607 / lib_ip.py:3794] file = img.20181016_061605.2018-10-15_14-14-38_000.jpg.3.png / val_Average = 76.7181	val_Variance = 0.2024	sd = 0.4499	max = 77	min = 76
[20181016_061607 / lib_ip.py:3877] len(Hs) = 8100, len(Ss) = 8100, len(Vs) = 8100
[20181016_061607 / lib_ip.py:3932] yellow : average --> out of range (average = 76.718 / upper = 99.200 / lower = 88.000)
[20181016_061607 / lib_ip.py:3794] file = img.20181016_061605.2018-10-15_14-14-38_000.jpg.3.png / val_Average = 76.7181	val_Variance = 0.2024	sd = 0.4499	max = 77	min = 76
[20181016_061607 / lib_ip.py:3977] len(Hs) = 8100, len(Ss) = 8100, len(Vs) = 8100
[20181016_061607 / lib_ip.py:4048] red : average --> out of range (average = 76.718 / upper = 124.000 / lower = 115.000)
[20181016_061607 / lib_ip.py:3794] file = img.20181016_061605.2018-10-15_14-14-38_000.jpg.3.png / val_Average = 76.7181	val_Variance = 0.2024	sd = 0.4499	max = 77	min = 76
[20181016_061607 / lib_ip.py:4090] len(Hs) = 8100, len(Ss) = 8100, len(Vs) = 8100
[20181016_061607 / lib_ip.py:2273] inspecting ===> img.20181016_061605.2018-10-15_14-14-38_000.jpg.4.png
[20181016_061607 / lib_ip.py:4330] 
img.20181016_061605.2018-10-15_14-14-38_000.jpg.4.png 3
[20181016_061608 / lib_ip.py:3794] file = img.20181016_061605.2018-10-15_14-14-38_000.jpg.4.png / val_Average = 102.5546	val_Variance = 1.4939	sd = 1.2223	max = 112	min = 98
[20181016_061608 / lib_ip.py:3877] len(Hs) = 8100, len(Ss) = 8100, len(Vs) = 8100
[20181016_061608 / lib_ip.py:3910] yellow : variance --> out of range (variance = 1.494 / upper = 0.650 / lower = 0.000)
[20181016_061608 / lib_ip.py:3794] file = img.20181016_061605.2018-10-15_14-14-38_000.jpg.4.png / val_Average = 102.5546	val_Variance = 1.4939	sd = 1.2223	max = 112	min = 98
[20181016_061608 / lib_ip.py:3977] len(Hs) = 8100, len(Ss) = 8100, len(Vs) = 8100
[20181016_061608 / lib_ip.py:4023] red : variance --> out of range (variance = 1.494 / upper = 0.430 / lower = 0.000)
[20181016_061608 / lib_ip.py:3794] file = img.20181016_061605.2018-10-15_14-14-38_000.jpg.4.png / val_Average = 102.5546	val_Variance = 1.4939	sd = 1.2223	max = 112	min = 98
[20181016_061608 / lib_ip.py:4090] len(Hs) = 8100, len(Ss) = 8100, len(Vs) = 8100
[20181016_061608 / lib_ip.py:4137] green : variance --> out of range (variance = 1.494 / upper = 0.750 / lower = 0.000)
[20181016_061608 / lib_ip.py:3794] file = img.20181016_061605.2018-10-15_14-14-38_000.jpg.4.png / val_Average = 102.5546	val_Variance = 1.4939	sd = 1.2223	max = 112	min = 98
[20181016_061608 / lib_ip.py:4204] len(Hs) = 8100, len(Ss) = 8100, len(Vs) = 8100
[20181016_061608 / lib_ip.py:4248] black : variance --> out of range (variance = 1.494 / upper = 0.000 / lower = 0.000)
[20181016_061608 / lib_ip.py:4398] file : img.20181016_061605.2018-10-15_14-14-38_000.jpg.4.png 3 (black : variance --> out of range (variance = 1.494 / upper = 0.000 / lower = 0.000))
[20181016_061607 / lib_ip.py:2273] inspecting ===> img.20181016_061605.2018-10-15_14-14-38_000.jpg.4.png
img.20181016_061605.2018-10-15_14-14-38_000.jpg.1.png => other
img.20181016_061605.2018-10-15_14-14-38_000.jpg.2.png => other
img.20181016_061605.2018-10-15_14-14-38_000.jpg.3.png => other
img.20181016_061605.2018-10-15_14-14-38_000.jpg.4.png => other
[20181016_061608 lib_ip.py:3300] =============== Get 4 corners
dpath_Images = C:\WORKS_2\WS\WS_Others.Art\JVEMV6\46_art\VIRTUAL\Admin_Projects\ip\images
fname_Image = img.20181016_061605.2018-10-15_14-14-38_000.jpg.4.png

[20181016_061609 / lib_ip.py:2273] inspecting ===> img.20181016_061608.2018-10-15_15-14-40_000.jpg.1.png
[20181016_061609 / lib_ip.py:4330] 
img.20181016_061608.2018-10-15_15-14-40_000.jpg.1.png 0
[20181016_061609 / lib_ip.py:3794] file = img.20181016_061608.2018-10-15_15-14-40_000.jpg.1.png / val_Average = 107.4284	val_Variance = 33.2794	sd = 5.7688	max = 135	min = 84
[20181016_061609 / lib_ip.py:3877] len(Hs) = 8100, len(Ss) = 8100, len(Vs) = 8100
[20181016_061609 / lib_ip.py:3910] yellow : variance --> out of range (variance = 33.279 / upper = 0.650 / lower = 0.000)
[20181016_061609 / lib_ip.py:3794] file = img.20181016_061608.2018-10-15_15-14-40_000.jpg.1.png / val_Average = 107.4284	val_Variance = 33.2794	sd = 5.7688	max = 135	min = 84
[20181016_061609 / lib_ip.py:3977] len(Hs) = 8100, len(Ss) = 8100, len(Vs) = 8100
[20181016_061609 / lib_ip.py:4023] red : variance --> out of range (variance = 33.279 / upper = 0.430 / lower = 0.000)
[20181016_061609 / lib_ip.py:3794] file = img.20181016_061608.2018-10-15_15-14-40_000.jpg.1.png / val_Average = 107.4284	val_Variance = 33.2794	sd = 5.7688	max = 135	min = 84
[20181016_061609 / lib_ip.py:4090] len(Hs) = 8100, len(Ss) = 8100, len(Vs) = 8100
[20181016_061609 / lib_ip.py:4137] green : variance --> out of range (variance = 33.279 / upper = 0.750 / lower = 0.000)
[20181016_061609 / lib_ip.py:3794] file = img.20181016_061608.2018-10-15_15-14-40_000.jpg.1.png / val_Average = 107.4284	val_Variance = 33.2794	sd = 5.7688	max = 135	min = 84
[20181016_061610 / lib_ip.py:4204] len(Hs) = 8100, len(Ss) = 8100, len(Vs) = 8100
[20181016_061610 / lib_ip.py:4248] black : variance --> out of range (variance = 33.279 / upper = 0.000 / lower = 0.000)
[20181016_061610 / lib_ip.py:4398] file : img.20181016_061608.2018-10-15_15-14-40_000.jpg.1.png 0 (black : variance --> out of range (variance = 33.279 / upper = 0.000 / lower = 0.000))
[20181016_061610 / lib_ip.py:2273] inspecting ===> img.20181016_061608.2018-10-15_15-14-40_000.jpg.2.png
[20181016_061610 / lib_ip.py:4330] 
img.20181016_061608.2018-10-15_15-14-40_000.jpg.2.png 1
[20181016_061610 / lib_ip.py:3794] file = img.20181016_061608.2018-10-15_15-14-40_000.jpg.2.png / val_Average = 106.9090	val_Variance = 5.0625	sd = 2.2500	max = 116	min = 99
[20181016_061610 / lib_ip.py:3877] len(Hs) = 8100, len(Ss) = 8100, len(Vs) = 8100
[20181016_061610 / lib_ip.py:3910] yellow : variance --> out of range (variance = 5.062 / upper = 0.650 / lower = 0.000)
[20181016_061610 / lib_ip.py:3794] file = img.20181016_061608.2018-10-15_15-14-40_000.jpg.2.png / val_Average = 106.9090	val_Variance = 5.0625	sd = 2.2500	max = 116	min = 99
[20181016_061610 / lib_ip.py:3977] len(Hs) = 8100, len(Ss) = 8100, len(Vs) = 8100
[20181016_061610 / lib_ip.py:4023] red : variance --> out of range (variance = 5.062 / upper = 0.430 / lower = 0.000)
[20181016_061610 / lib_ip.py:3794] file = img.20181016_061608.2018-10-15_15-14-40_000.jpg.2.png / val_Average = 106.9090	val_Variance = 5.0625	sd = 2.2500	max = 116	min = 99
[20181016_061610 / lib_ip.py:4090] len(Hs) = 8100, len(Ss) = 8100, len(Vs) = 8100
[20181016_061610 / lib_ip.py:4137] green : variance --> out of range (variance = 5.062 / upper = 0.750 / lower = 0.000)
[20181016_061610 / lib_ip.py:3794] file = img.20181016_061608.2018-10-15_15-14-40_000.jpg.2.png / val_Average = 106.9090	val_Variance = 5.0625	sd = 2.2500	max = 116	min = 99
[20181016_061610 / lib_ip.py:4204] len(Hs) = 8100, len(Ss) = 8100, len(Vs) = 8100
[20181016_061610 / lib_ip.py:4248] black : variance --> out of range (variance = 5.062 / upper = 0.000 / lower = 0.000)
[20181016_061610 / lib_ip.py:4398] file : img.20181016_061608.2018-10-15_15-14-40_000.jpg.2.png 1 (black : variance --> out of range (variance = 5.062 / upper = 0.000 / lower = 0.000))
[20181016_061610 / lib_ip.py:2273] inspecting ===> img.20181016_061608.2018-10-15_15-14-40_000.jpg.3.png
[20181016_061611 / lib_ip.py:4330] 
img.20181016_061608.2018-10-15_15-14-40_000.jpg.3.png 2
[20181016_061611 / lib_ip.py:3794] file = img.20181016_061608.2018-10-15_15-14-40_000.jpg.3.png / val_Average = 77.1152	val_Variance = 0.2854	sd = 0.5342	max = 78	min = 76
[20181016_061611 / lib_ip.py:3877] len(Hs) = 8100, len(Ss) = 8100, len(Vs) = 8100
[20181016_061611 / lib_ip.py:3932] yellow : average --> out of range (average = 77.115 / upper = 99.200 / lower = 88.000)
[20181016_061611 / lib_ip.py:3794] file = img.20181016_061608.2018-10-15_15-14-40_000.jpg.3.png / val_Average = 77.1152	val_Variance = 0.2854	sd = 0.5342	max = 78	min = 76
[20181016_061611 / lib_ip.py:3977] len(Hs) = 8100, len(Ss) = 8100, len(Vs) = 8100
[20181016_061611 / lib_ip.py:4048] red : average --> out of range (average = 77.115 / upper = 124.000 / lower = 115.000)
[20181016_061611 / lib_ip.py:3794] file = img.20181016_061608.2018-10-15_15-14-40_000.jpg.3.png / val_Average = 77.1152	val_Variance = 0.2854	sd = 0.5342	max = 78	min = 76
[20181016_061611 / lib_ip.py:4090] len(Hs) = 8100, len(Ss) = 8100, len(Vs) = 8100
[20181016_061611 / lib_ip.py:2273] inspecting ===> img.20181016_061608.2018-10-15_15-14-40_000.jpg.4.png
[20181016_061612 / lib_ip.py:4330] 
img.20181016_061608.2018-10-15_15-14-40_000.jpg.4.png 3
[20181016_061612 / lib_ip.py:3794] file = img.20181016_061608.2018-10-15_15-14-40_000.jpg.4.png / val_Average = 120.0536	val_Variance = 0.0737	sd = 0.2714	max = 121	min = 119
[20181016_061612 / lib_ip.py:3877] len(Hs) = 8100, len(Ss) = 8100, len(Vs) = 8100
[20181016_061612 / lib_ip.py:3932] yellow : average --> out of range (average = 120.054 / upper = 99.200 / lower = 88.000)
[20181016_061612 / lib_ip.py:3794] file = img.20181016_061608.2018-10-15_15-14-40_000.jpg.4.png / val_Average = 120.0536	val_Variance = 0.0737	sd = 0.2714	max = 121	min = 119
[20181016_061612 / lib_ip.py:3977] len(Hs) = 8100, len(Ss) = 8100, len(Vs) = 8100
[20181016_061611 / lib_ip.py:2273] inspecting ===> img.20181016_061608.2018-10-15_15-14-40_000.jpg.4.png
img.20181016_061608.2018-10-15_15-14-40_000.jpg.1.png => other
img.20181016_061608.2018-10-15_15-14-40_000.jpg.2.png => other
img.20181016_061608.2018-10-15_15-14-40_000.jpg.3.png => other
img.20181016_061608.2018-10-15_15-14-40_000.jpg.4.png => other
[20181016_061612 lib_ip.py:3300] =============== Get 4 corners
dpath_Images = C:\WORKS_2\WS\WS_Others.Art\JVEMV6\46_art\VIRTUAL\Admin_Projects\ip\images
fname_Image = img.20181016_061608.2018-10-15_15-14-40_000.jpg.4.png

[20181016_061612 / lib_ip.py:2273] inspecting ===> img.20181016_061612.2018-10-15_15-46-11_000.png.1.png
[20181016_061612 / lib_ip.py:4330] 
img.20181016_061612.2018-10-15_15-46-11_000.png.1.png 0
[20181016_061612 / lib_ip.py:3794] file = img.20181016_061612.2018-10-15_15-46-11_000.png.1.png / val_Average = 0.0000	val_Variance = 0.0000	sd = 0.0000	max = 0	min = 0
[20181016_061612 / lib_ip.py:3877] len(Hs) = 8100, len(Ss) = 8100, len(Vs) = 8100
[20181016_061612 / lib_ip.py:3932] yellow : average --> out of range (average = 0.000 / upper = 99.200 / lower = 88.000)
[20181016_061612 / lib_ip.py:3794] file = img.20181016_061612.2018-10-15_15-46-11_000.png.1.png / val_Average = 0.0000	val_Variance = 0.0000	sd = 0.0000	max = 0	min = 0
[20181016_061612 / lib_ip.py:3977] len(Hs) = 8100, len(Ss) = 8100, len(Vs) = 8100
[20181016_061613 / lib_ip.py:4048] red : average --> out of range (average = 0.000 / upper = 124.000 / lower = 115.000)
[20181016_061613 / lib_ip.py:3794] file = img.20181016_061612.2018-10-15_15-46-11_000.png.1.png / val_Average = 0.0000	val_Variance = 0.0000	sd = 0.0000	max = 0	min = 0
[20181016_061613 / lib_ip.py:4090] len(Hs) = 8100, len(Ss) = 8100, len(Vs) = 8100
[20181016_061613 / lib_ip.py:4162] green : average --> out of range (average = 0.000 / upper = 83.000 / lower = 58.000)
[20181016_061613 / lib_ip.py:3794] file = img.20181016_061612.2018-10-15_15-46-11_000.png.1.png / val_Average = 0.0000	val_Variance = 0.0000	sd = 0.0000	max = 0	min = 0
[20181016_061613 / lib_ip.py:4204] len(Hs) = 8100, len(Ss) = 8100, len(Vs) = 8100
[20181016_061613 / lib_ip.py:2273] inspecting ===> img.20181016_061612.2018-10-15_15-46-11_000.png.2.png
[20181016_061613 / lib_ip.py:4330] 
img.20181016_061612.2018-10-15_15-46-11_000.png.2.png 1
[20181016_061613 / lib_ip.py:3794] file = img.20181016_061612.2018-10-15_15-46-11_000.png.2.png / val_Average = 0.0000	val_Variance = 0.0000	sd = 0.0000	max = 0	min = 0
[20181016_061613 / lib_ip.py:3877] len(Hs) = 8100, len(Ss) = 8100, len(Vs) = 8100
[20181016_061613 / lib_ip.py:3932] yellow : average --> out of range (average = 0.000 / upper = 99.200 / lower = 88.000)
[20181016_061613 / lib_ip.py:3794] file = img.20181016_061612.2018-10-15_15-46-11_000.png.2.png / val_Average = 0.0000	val_Variance = 0.0000	sd = 0.0000	max = 0	min = 0
[20181016_061613 / lib_ip.py:3977] len(Hs) = 8100, len(Ss) = 8100, len(Vs) = 8100
[20181016_061613 / lib_ip.py:4048] red : average --> out of range (average = 0.000 / upper = 124.000 / lower = 115.000)
[20181016_061614 / lib_ip.py:3794] file = img.20181016_061612.2018-10-15_15-46-11_000.png.2.png / val_Average = 0.0000	val_Variance = 0.0000	sd = 0.0000	max = 0	min = 0
[20181016_061614 / lib_ip.py:4090] len(Hs) = 8100, len(Ss) = 8100, len(Vs) = 8100
[20181016_061614 / lib_ip.py:4162] green : average --> out of range (average = 0.000 / upper = 83.000 / lower = 58.000)
[20181016_061614 / lib_ip.py:3794] file = img.20181016_061612.2018-10-15_15-46-11_000.png.2.png / val_Average = 0.0000	val_Variance = 0.0000	sd = 0.0000	max = 0	min = 0
[20181016_061614 / lib_ip.py:4204] len(Hs) = 8100, len(Ss) = 8100, len(Vs) = 8100
[20181016_061614 / lib_ip.py:2273] inspecting ===> img.20181016_061612.2018-10-15_15-46-11_000.png.3.png
[20181016_061614 / lib_ip.py:4330] 
img.20181016_061612.2018-10-15_15-46-11_000.png.3.png 2
[20181016_061614 / lib_ip.py:3794] file = img.20181016_061612.2018-10-15_15-46-11_000.png.3.png / val_Average = 0.0000	val_Variance = 0.0000	sd = 0.0000	max = 0	min = 0
[20181016_061614 / lib_ip.py:3877] len(Hs) = 8100, len(Ss) = 8100, len(Vs) = 8100
[20181016_061614 / lib_ip.py:3932] yellow : average --> out of range (average = 0.000 / upper = 99.200 / lower = 88.000)
[20181016_061614 / lib_ip.py:3794] file = img.20181016_061612.2018-10-15_15-46-11_000.png.3.png / val_Average = 0.0000	val_Variance = 0.0000	sd = 0.0000	max = 0	min = 0
[20181016_061614 / lib_ip.py:3977] len(Hs) = 8100, len(Ss) = 8100, len(Vs) = 8100
[20181016_061614 / lib_ip.py:4048] red : average --> out of range (average = 0.000 / upper = 124.000 / lower = 115.000)
[20181016_061614 / lib_ip.py:3794] file = img.20181016_061612.2018-10-15_15-46-11_000.png.3.png / val_Average = 0.0000	val_Variance = 0.0000	sd = 0.0000	max = 0	min = 0
[20181016_061614 / lib_ip.py:4090] len(Hs) = 8100, len(Ss) = 8100, len(Vs) = 8100
[20181016_061614 / lib_ip.py:4162] green : average --> out of range (average = 0.000 / upper = 83.000 / lower = 58.000)
[20181016_061614 / lib_ip.py:3794] file = img.20181016_061612.2018-10-15_15-46-11_000.png.3.png / val_Average = 0.0000	val_Variance = 0.0000	sd = 0.0000	max = 0	min = 0
[20181016_061614 / lib_ip.py:4204] len(Hs) = 8100, len(Ss) = 8100, len(Vs) = 8100
[20181016_061615 / lib_ip.py:2273] inspecting ===> img.20181016_061612.2018-10-15_15-46-11_000.png.4.png
[20181016_061615 / lib_ip.py:4330] 
img.20181016_061612.2018-10-15_15-46-11_000.png.4.png 3
[20181016_061615 / lib_ip.py:3794] file = img.20181016_061612.2018-10-15_15-46-11_000.png.4.png / val_Average = 0.0000	val_Variance = 0.0000	sd = 0.0000	max = 0	min = 0
[20181016_061615 / lib_ip.py:3877] len(Hs) = 8100, len(Ss) = 8100, len(Vs) = 8100
[20181016_061615 / lib_ip.py:3932] yellow : average --> out of range (average = 0.000 / upper = 99.200 / lower = 88.000)
[20181016_061615 / lib_ip.py:3794] file = img.20181016_061612.2018-10-15_15-46-11_000.png.4.png / val_Average = 0.0000	val_Variance = 0.0000	sd = 0.0000	max = 0	min = 0
[20181016_061615 / lib_ip.py:3977] len(Hs) = 8100, len(Ss) = 8100, len(Vs) = 8100
[20181016_061615 / lib_ip.py:4048] red : average --> out of range (average = 0.000 / upper = 124.000 / lower = 115.000)
[20181016_061615 / lib_ip.py:3794] file = img.20181016_061612.2018-10-15_15-46-11_000.png.4.png / val_Average = 0.0000	val_Variance = 0.0000	sd = 0.0000	max = 0	min = 0
[20181016_061615 / lib_ip.py:4090] len(Hs) = 8100, len(Ss) = 8100, len(Vs) = 8100
[20181016_061615 / lib_ip.py:4162] green : average --> out of range (average = 0.000 / upper = 83.000 / lower = 58.000)
[20181016_061615 / lib_ip.py:3794] file = img.20181016_061612.2018-10-15_15-46-11_000.png.4.png / val_Average = 0.0000	val_Variance = 0.0000	sd = 0.0000	max = 0	min = 0
[20181016_061615 / lib_ip.py:4204] len(Hs) = 8100, len(Ss) = 8100, len(Vs) = 8100
[20181016_061615 / lib_ip.py:2273] inspecting ===> img.20181016_061612.2018-10-15_15-46-11_000.png.4.png
img.20181016_061612.2018-10-15_15-46-11_000.png.1.png => other
img.20181016_061612.2018-10-15_15-46-11_000.png.2.png => other
img.20181016_061612.2018-10-15_15-46-11_000.png.3.png => other
img.20181016_061612.2018-10-15_15-46-11_000.png.4.png => other
[20181016_061615 lib_ip.py:3300] =============== Get 4 corners
dpath_Images = C:\WORKS_2\WS\WS_Others.Art\JVEMV6\46_art\VIRTUAL\Admin_Projects\ip\images
fname_Image = img.20181016_061612.2018-10-15_15-46-11_000.png.4.png

[20181016_061616 / lib_ip.py:2273] inspecting ===> img.20181016_061616.2018-10-15_15-57-31_000.jpg.1.png
[20181016_061616 / lib_ip.py:4330] 
img.20181016_061616.2018-10-15_15-57-31_000.jpg.1.png 0
[20181016_061616 / lib_ip.py:3794] file = img.20181016_061616.2018-10-15_15-57-31_000.jpg.1.png / val_Average = 75.9521	val_Variance = 0.6705	sd = 0.8189	max = 77	min = 63
[20181016_061616 / lib_ip.py:3877] len(Hs) = 8100, len(Ss) = 8100, len(Vs) = 8100
[20181016_061616 / lib_ip.py:3910] yellow : variance --> out of range (variance = 0.671 / upper = 0.650 / lower = 0.000)
[20181016_061616 / lib_ip.py:3794] file = img.20181016_061616.2018-10-15_15-57-31_000.jpg.1.png / val_Average = 75.9521	val_Variance = 0.6705	sd = 0.8189	max = 77	min = 63
[20181016_061616 / lib_ip.py:3977] len(Hs) = 8100, len(Ss) = 8100, len(Vs) = 8100
[20181016_061616 / lib_ip.py:4023] red : variance --> out of range (variance = 0.671 / upper = 0.430 / lower = 0.000)
[20181016_061617 / lib_ip.py:3794] file = img.20181016_061616.2018-10-15_15-57-31_000.jpg.1.png / val_Average = 75.9521	val_Variance = 0.6705	sd = 0.8189	max = 77	min = 63
[20181016_061617 / lib_ip.py:4090] len(Hs) = 8100, len(Ss) = 8100, len(Vs) = 8100
[20181016_061617 / lib_ip.py:2273] inspecting ===> img.20181016_061616.2018-10-15_15-57-31_000.jpg.2.png
[20181016_061617 / lib_ip.py:4330] 
img.20181016_061616.2018-10-15_15-57-31_000.jpg.2.png 1
[20181016_061617 / lib_ip.py:3794] file = img.20181016_061616.2018-10-15_15-57-31_000.jpg.2.png / val_Average = 117.1758	val_Variance = 24.6116	sd = 4.9610	max = 140	min = 107
[20181016_061617 / lib_ip.py:3877] len(Hs) = 8100, len(Ss) = 8100, len(Vs) = 8100
[20181016_061617 / lib_ip.py:3910] yellow : variance --> out of range (variance = 24.612 / upper = 0.650 / lower = 0.000)
[20181016_061617 / lib_ip.py:3794] file = img.20181016_061616.2018-10-15_15-57-31_000.jpg.2.png / val_Average = 117.1758	val_Variance = 24.6116	sd = 4.9610	max = 140	min = 107
[20181016_061617 / lib_ip.py:3977] len(Hs) = 8100, len(Ss) = 8100, len(Vs) = 8100
[20181016_061617 / lib_ip.py:4023] red : variance --> out of range (variance = 24.612 / upper = 0.430 / lower = 0.000)
[20181016_061617 / lib_ip.py:3794] file = img.20181016_061616.2018-10-15_15-57-31_000.jpg.2.png / val_Average = 117.1758	val_Variance = 24.6116	sd = 4.9610	max = 140	min = 107
[20181016_061617 / lib_ip.py:4090] len(Hs) = 8100, len(Ss) = 8100, len(Vs) = 8100
[20181016_061617 / lib_ip.py:4137] green : variance --> out of range (variance = 24.612 / upper = 0.750 / lower = 0.000)
[20181016_061617 / lib_ip.py:3794] file = img.20181016_061616.2018-10-15_15-57-31_000.jpg.2.png / val_Average = 117.1758	val_Variance = 24.6116	sd = 4.9610	max = 140	min = 107
[20181016_061617 / lib_ip.py:4204] len(Hs) = 8100, len(Ss) = 8100, len(Vs) = 8100
[20181016_061617 / lib_ip.py:4248] black : variance --> out of range (variance = 24.612 / upper = 0.000 / lower = 0.000)
[20181016_061618 / lib_ip.py:4398] file : img.20181016_061616.2018-10-15_15-57-31_000.jpg.2.png 1 (black : variance --> out of range (variance = 24.612 / upper = 0.000 / lower = 0.000))
[20181016_061618 / lib_ip.py:2273] inspecting ===> img.20181016_061616.2018-10-15_15-57-31_000.jpg.3.png
[20181016_061618 / lib_ip.py:4330] 
img.20181016_061616.2018-10-15_15-57-31_000.jpg.3.png 2
[20181016_061618 / lib_ip.py:3794] file = img.20181016_061616.2018-10-15_15-57-31_000.jpg.3.png / val_Average = 120.6365	val_Variance = 0.2380	sd = 0.4879	max = 122	min = 119
[20181016_061618 / lib_ip.py:3877] len(Hs) = 8100, len(Ss) = 8100, len(Vs) = 8100
[20181016_061618 / lib_ip.py:3932] yellow : average --> out of range (average = 120.637 / upper = 99.200 / lower = 88.000)
[20181016_061618 / lib_ip.py:3794] file = img.20181016_061616.2018-10-15_15-57-31_000.jpg.3.png / val_Average = 120.6365	val_Variance = 0.2380	sd = 0.4879	max = 122	min = 119
[20181016_061618 / lib_ip.py:3977] len(Hs) = 8100, len(Ss) = 8100, len(Vs) = 8100
[20181016_061618 / lib_ip.py:2273] inspecting ===> img.20181016_061616.2018-10-15_15-57-31_000.jpg.4.png
[20181016_061618 / lib_ip.py:4330] 
img.20181016_061616.2018-10-15_15-57-31_000.jpg.4.png 3
[20181016_061618 / lib_ip.py:3794] file = img.20181016_061616.2018-10-15_15-57-31_000.jpg.4.png / val_Average = 100.2643	val_Variance = 0.6826	sd = 0.8262	max = 103	min = 98
[20181016_061619 / lib_ip.py:3877] len(Hs) = 8100, len(Ss) = 8100, len(Vs) = 8100
[20181016_061619 / lib_ip.py:3910] yellow : variance --> out of range (variance = 0.683 / upper = 0.650 / lower = 0.000)
[20181016_061619 / lib_ip.py:3794] file = img.20181016_061616.2018-10-15_15-57-31_000.jpg.4.png / val_Average = 100.2643	val_Variance = 0.6826	sd = 0.8262	max = 103	min = 98
[20181016_061619 / lib_ip.py:3977] len(Hs) = 8100, len(Ss) = 8100, len(Vs) = 8100
[20181016_061619 / lib_ip.py:4023] red : variance --> out of range (variance = 0.683 / upper = 0.430 / lower = 0.000)
[20181016_061619 / lib_ip.py:3794] file = img.20181016_061616.2018-10-15_15-57-31_000.jpg.4.png / val_Average = 100.2643	val_Variance = 0.6826	sd = 0.8262	max = 103	min = 98
[20181016_061619 / lib_ip.py:4090] len(Hs) = 8100, len(Ss) = 8100, len(Vs) = 8100
[20181016_061619 / lib_ip.py:4162] green : average --> out of range (average = 100.264 / upper = 83.000 / lower = 58.000)
[20181016_061619 / lib_ip.py:3794] file = img.20181016_061616.2018-10-15_15-57-31_000.jpg.4.png / val_Average = 100.2643	val_Variance = 0.6826	sd = 0.8262	max = 103	min = 98
[20181016_061619 / lib_ip.py:4204] len(Hs) = 8100, len(Ss) = 8100, len(Vs) = 8100
[20181016_061619 / lib_ip.py:4248] black : variance --> out of range (variance = 0.683 / upper = 0.000 / lower = 0.000)
[20181016_061619 / lib_ip.py:4398] file : img.20181016_061616.2018-10-15_15-57-31_000.jpg.4.png 3 (black : variance --> out of range (variance = 0.683 / upper = 0.000 / lower = 0.000))
[20181016_061618 / lib_ip.py:2273] inspecting ===> img.20181016_061616.2018-10-15_15-57-31_000.jpg.4.png
img.20181016_061616.2018-10-15_15-57-31_000.jpg.1.png => other
img.20181016_061616.2018-10-15_15-57-31_000.jpg.2.png => other
img.20181016_061616.2018-10-15_15-57-31_000.jpg.3.png => other
img.20181016_061616.2018-10-15_15-57-31_000.jpg.4.png => other
[20181016_061619 lib_ip.py:3300] =============== Get 4 corners
dpath_Images = C:\WORKS_2\WS\WS_Others.Art\JVEMV6\46_art\VIRTUAL\Admin_Projects\ip\images
fname_Image = img.20181016_061616.2018-10-15_15-57-31_000.jpg.4.png

[20181016_061620 / lib_ip.py:2273] inspecting ===> img.20181016_061620.2018-10-15_16-05-40_000.jpg.1.png
[20181016_061620 / lib_ip.py:4330] 
img.20181016_061620.2018-10-15_16-05-40_000.jpg.1.png 0
[20181016_061620 / lib_ip.py:3794] file = img.20181016_061620.2018-10-15_16-05-40_000.jpg.1.png / val_Average = 164.8938	val_Variance = 231.0917	sd = 15.2017	max = 176	min = 0
[20181016_061620 / lib_ip.py:3877] len(Hs) = 8100, len(Ss) = 8100, len(Vs) = 8100
[20181016_061620 / lib_ip.py:3910] yellow : variance --> out of range (variance = 231.092 / upper = 0.650 / lower = 0.000)
[20181016_061620 / lib_ip.py:3794] file = img.20181016_061620.2018-10-15_16-05-40_000.jpg.1.png / val_Average = 164.8938	val_Variance = 231.0917	sd = 15.2017	max = 176	min = 0
[20181016_061620 / lib_ip.py:3977] len(Hs) = 8100, len(Ss) = 8100, len(Vs) = 8100
[20181016_061620 / lib_ip.py:4023] red : variance --> out of range (variance = 231.092 / upper = 0.430 / lower = 0.000)
[20181016_061620 / lib_ip.py:3794] file = img.20181016_061620.2018-10-15_16-05-40_000.jpg.1.png / val_Average = 164.8938	val_Variance = 231.0917	sd = 15.2017	max = 176	min = 0
[20181016_061620 / lib_ip.py:4090] len(Hs) = 8100, len(Ss) = 8100, len(Vs) = 8100
[20181016_061620 / lib_ip.py:4137] green : variance --> out of range (variance = 231.092 / upper = 0.750 / lower = 0.000)
[20181016_061620 / lib_ip.py:3794] file = img.20181016_061620.2018-10-15_16-05-40_000.jpg.1.png / val_Average = 164.8938	val_Variance = 231.0917	sd = 15.2017	max = 176	min = 0
[20181016_061620 / lib_ip.py:4204] len(Hs) = 8100, len(Ss) = 8100, len(Vs) = 8100
[20181016_061621 / lib_ip.py:4248] black : variance --> out of range (variance = 231.092 / upper = 0.000 / lower = 0.000)
[20181016_061621 / lib_ip.py:4398] file : img.20181016_061620.2018-10-15_16-05-40_000.jpg.1.png 0 (black : variance --> out of range (variance = 231.092 / upper = 0.000 / lower = 0.000))
[20181016_061621 / lib_ip.py:2273] inspecting ===> img.20181016_061620.2018-10-15_16-05-40_000.jpg.2.png
[20181016_061621 / lib_ip.py:4330] 
img.20181016_061620.2018-10-15_16-05-40_000.jpg.2.png 1
[20181016_061621 / lib_ip.py:3794] file = img.20181016_061620.2018-10-15_16-05-40_000.jpg.2.png / val_Average = 111.5375	val_Variance = 5.2661	sd = 2.2948	max = 120	min = 106
[20181016_061621 / lib_ip.py:3877] len(Hs) = 8100, len(Ss) = 8100, len(Vs) = 8100
[20181016_061621 / lib_ip.py:3910] yellow : variance --> out of range (variance = 5.266 / upper = 0.650 / lower = 0.000)
[20181016_061621 / lib_ip.py:3794] file = img.20181016_061620.2018-10-15_16-05-40_000.jpg.2.png / val_Average = 111.5375	val_Variance = 5.2661	sd = 2.2948	max = 120	min = 106
[20181016_061621 / lib_ip.py:3977] len(Hs) = 8100, len(Ss) = 8100, len(Vs) = 8100
[20181016_061621 / lib_ip.py:4023] red : variance --> out of range (variance = 5.266 / upper = 0.430 / lower = 0.000)
[20181016_061621 / lib_ip.py:3794] file = img.20181016_061620.2018-10-15_16-05-40_000.jpg.2.png / val_Average = 111.5375	val_Variance = 5.2661	sd = 2.2948	max = 120	min = 106
[20181016_061621 / lib_ip.py:4090] len(Hs) = 8100, len(Ss) = 8100, len(Vs) = 8100
[20181016_061621 / lib_ip.py:4137] green : variance --> out of range (variance = 5.266 / upper = 0.750 / lower = 0.000)
[20181016_061621 / lib_ip.py:3794] file = img.20181016_061620.2018-10-15_16-05-40_000.jpg.2.png / val_Average = 111.5375	val_Variance = 5.2661	sd = 2.2948	max = 120	min = 106
[20181016_061621 / lib_ip.py:4204] len(Hs) = 8100, len(Ss) = 8100, len(Vs) = 8100
[20181016_061621 / lib_ip.py:4248] black : variance --> out of range (variance = 5.266 / upper = 0.000 / lower = 0.000)
[20181016_061621 / lib_ip.py:4398] file : img.20181016_061620.2018-10-15_16-05-40_000.jpg.2.png 1 (black : variance --> out of range (variance = 5.266 / upper = 0.000 / lower = 0.000))
[20181016_061621 / lib_ip.py:2273] inspecting ===> img.20181016_061620.2018-10-15_16-05-40_000.jpg.3.png
[20181016_061622 / lib_ip.py:4330] 
img.20181016_061620.2018-10-15_16-05-40_000.jpg.3.png 2
[20181016_061622 / lib_ip.py:3794] file = img.20181016_061620.2018-10-15_16-05-40_000.jpg.3.png / val_Average = 75.4183	val_Variance = 0.2433	sd = 0.4933	max = 76	min = 75
[20181016_061622 / lib_ip.py:3877] len(Hs) = 8100, len(Ss) = 8100, len(Vs) = 8100
[20181016_061622 / lib_ip.py:3932] yellow : average --> out of range (average = 75.418 / upper = 99.200 / lower = 88.000)
[20181016_061622 / lib_ip.py:3794] file = img.20181016_061620.2018-10-15_16-05-40_000.jpg.3.png / val_Average = 75.4183	val_Variance = 0.2433	sd = 0.4933	max = 76	min = 75
[20181016_061622 / lib_ip.py:3977] len(Hs) = 8100, len(Ss) = 8100, len(Vs) = 8100
[20181016_061622 / lib_ip.py:4048] red : average --> out of range (average = 75.418 / upper = 124.000 / lower = 115.000)
[20181016_061622 / lib_ip.py:3794] file = img.20181016_061620.2018-10-15_16-05-40_000.jpg.3.png / val_Average = 75.4183	val_Variance = 0.2433	sd = 0.4933	max = 76	min = 75
[20181016_061622 / lib_ip.py:4090] len(Hs) = 8100, len(Ss) = 8100, len(Vs) = 8100
[20181016_061622 / lib_ip.py:2273] inspecting ===> img.20181016_061620.2018-10-15_16-05-40_000.jpg.4.png
[20181016_061622 / lib_ip.py:4330] 
img.20181016_061620.2018-10-15_16-05-40_000.jpg.4.png 3
[20181016_061623 / lib_ip.py:3794] file = img.20181016_061620.2018-10-15_16-05-40_000.jpg.4.png / val_Average = 121.0256	val_Variance = 0.0407	sd = 0.2018	max = 122	min = 120
[20181016_061623 / lib_ip.py:3877] len(Hs) = 8100, len(Ss) = 8100, len(Vs) = 8100
[20181016_061623 / lib_ip.py:3932] yellow : average --> out of range (average = 121.026 / upper = 99.200 / lower = 88.000)
[20181016_061623 / lib_ip.py:3794] file = img.20181016_061620.2018-10-15_16-05-40_000.jpg.4.png / val_Average = 121.0256	val_Variance = 0.0407	sd = 0.2018	max = 122	min = 120
[20181016_061623 / lib_ip.py:3977] len(Hs) = 8100, len(Ss) = 8100, len(Vs) = 8100
[20181016_061622 / lib_ip.py:2273] inspecting ===> img.20181016_061620.2018-10-15_16-05-40_000.jpg.4.png
img.20181016_061620.2018-10-15_16-05-40_000.jpg.1.png => other
img.20181016_061620.2018-10-15_16-05-40_000.jpg.2.png => other
img.20181016_061620.2018-10-15_16-05-40_000.jpg.3.png => other
img.20181016_061620.2018-10-15_16-05-40_000.jpg.4.png => other
[20181016_061623 lib_ip.py:3300] =============== Get 4 corners
dpath_Images = C:\WORKS_2\WS\WS_Others.Art\JVEMV6\46_art\VIRTUAL\Admin_Projects\ip\images
fname_Image = img.20181016_061620.2018-10-15_16-05-40_000.jpg.4.png

[20181016_061623 / lib_ip.py:2273] inspecting ===> img.20181016_061623.2018-10-15_18-12-26_000.jpg.1.png
[20181016_061624 / lib_ip.py:4330] 
img.20181016_061623.2018-10-15_18-12-26_000.jpg.1.png 0
[20181016_061624 / lib_ip.py:3794] file = img.20181016_061623.2018-10-15_18-12-26_000.jpg.1.png / val_Average = 108.1236	val_Variance = 1.9498	sd = 1.3963	max = 113	min = 101
[20181016_061624 / lib_ip.py:3877] len(Hs) = 8100, len(Ss) = 8100, len(Vs) = 8100
[20181016_061624 / lib_ip.py:3910] yellow : variance --> out of range (variance = 1.950 / upper = 0.650 / lower = 0.000)
[20181016_061624 / lib_ip.py:3794] file = img.20181016_061623.2018-10-15_18-12-26_000.jpg.1.png / val_Average = 108.1236	val_Variance = 1.9498	sd = 1.3963	max = 113	min = 101
[20181016_061624 / lib_ip.py:3977] len(Hs) = 8100, len(Ss) = 8100, len(Vs) = 8100
[20181016_061624 / lib_ip.py:4023] red : variance --> out of range (variance = 1.950 / upper = 0.430 / lower = 0.000)
[20181016_061624 / lib_ip.py:3794] file = img.20181016_061623.2018-10-15_18-12-26_000.jpg.1.png / val_Average = 108.1236	val_Variance = 1.9498	sd = 1.3963	max = 113	min = 101
[20181016_061624 / lib_ip.py:4090] len(Hs) = 8100, len(Ss) = 8100, len(Vs) = 8100
[20181016_061624 / lib_ip.py:4137] green : variance --> out of range (variance = 1.950 / upper = 0.750 / lower = 0.000)
[20181016_061624 / lib_ip.py:3794] file = img.20181016_061623.2018-10-15_18-12-26_000.jpg.1.png / val_Average = 108.1236	val_Variance = 1.9498	sd = 1.3963	max = 113	min = 101
[20181016_061624 / lib_ip.py:4204] len(Hs) = 8100, len(Ss) = 8100, len(Vs) = 8100
[20181016_061624 / lib_ip.py:4248] black : variance --> out of range (variance = 1.950 / upper = 0.000 / lower = 0.000)
[20181016_061624 / lib_ip.py:4398] file : img.20181016_061623.2018-10-15_18-12-26_000.jpg.1.png 0 (black : variance --> out of range (variance = 1.950 / upper = 0.000 / lower = 0.000))
[20181016_061624 / lib_ip.py:2273] inspecting ===> img.20181016_061623.2018-10-15_18-12-26_000.jpg.2.png
[20181016_061625 / lib_ip.py:4330] 
img.20181016_061623.2018-10-15_18-12-26_000.jpg.2.png 1
[20181016_061625 / lib_ip.py:3794] file = img.20181016_061623.2018-10-15_18-12-26_000.jpg.2.png / val_Average = 104.1784	val_Variance = 126.7715	sd = 11.2593	max = 135	min = 0
[20181016_061625 / lib_ip.py:3877] len(Hs) = 8100, len(Ss) = 8100, len(Vs) = 8100
[20181016_061625 / lib_ip.py:3910] yellow : variance --> out of range (variance = 126.772 / upper = 0.650 / lower = 0.000)
[20181016_061625 / lib_ip.py:3794] file = img.20181016_061623.2018-10-15_18-12-26_000.jpg.2.png / val_Average = 104.1784	val_Variance = 126.7715	sd = 11.2593	max = 135	min = 0
[20181016_061625 / lib_ip.py:3977] len(Hs) = 8100, len(Ss) = 8100, len(Vs) = 8100
[20181016_061625 / lib_ip.py:4023] red : variance --> out of range (variance = 126.772 / upper = 0.430 / lower = 0.000)
[20181016_061625 / lib_ip.py:3794] file = img.20181016_061623.2018-10-15_18-12-26_000.jpg.2.png / val_Average = 104.1784	val_Variance = 126.7715	sd = 11.2593	max = 135	min = 0
[20181016_061625 / lib_ip.py:4090] len(Hs) = 8100, len(Ss) = 8100, len(Vs) = 8100
[20181016_061625 / lib_ip.py:4137] green : variance --> out of range (variance = 126.772 / upper = 0.750 / lower = 0.000)
[20181016_061625 / lib_ip.py:3794] file = img.20181016_061623.2018-10-15_18-12-26_000.jpg.2.png / val_Average = 104.1784	val_Variance = 126.7715	sd = 11.2593	max = 135	min = 0
[20181016_061625 / lib_ip.py:4204] len(Hs) = 8100, len(Ss) = 8100, len(Vs) = 8100
[20181016_061625 / lib_ip.py:4248] black : variance --> out of range (variance = 126.772 / upper = 0.000 / lower = 0.000)
[20181016_061625 / lib_ip.py:4398] file : img.20181016_061623.2018-10-15_18-12-26_000.jpg.2.png 1 (black : variance --> out of range (variance = 126.772 / upper = 0.000 / lower = 0.000))
[20181016_061625 / lib_ip.py:2273] inspecting ===> img.20181016_061623.2018-10-15_18-12-26_000.jpg.3.png
[20181016_061625 / lib_ip.py:4330] 
img.20181016_061623.2018-10-15_18-12-26_000.jpg.3.png 2
[20181016_061625 / lib_ip.py:3794] file = img.20181016_061623.2018-10-15_18-12-26_000.jpg.3.png / val_Average = 104.4183	val_Variance = 1.6878	sd = 1.2991	max = 108	min = 98
[20181016_061625 / lib_ip.py:3877] len(Hs) = 8100, len(Ss) = 8100, len(Vs) = 8100
[20181016_061626 / lib_ip.py:3910] yellow : variance --> out of range (variance = 1.688 / upper = 0.650 / lower = 0.000)
[20181016_061626 / lib_ip.py:3794] file = img.20181016_061623.2018-10-15_18-12-26_000.jpg.3.png / val_Average = 104.4183	val_Variance = 1.6878	sd = 1.2991	max = 108	min = 98
[20181016_061626 / lib_ip.py:3977] len(Hs) = 8100, len(Ss) = 8100, len(Vs) = 8100
[20181016_061626 / lib_ip.py:4023] red : variance --> out of range (variance = 1.688 / upper = 0.430 / lower = 0.000)
[20181016_061626 / lib_ip.py:3794] file = img.20181016_061623.2018-10-15_18-12-26_000.jpg.3.png / val_Average = 104.4183	val_Variance = 1.6878	sd = 1.2991	max = 108	min = 98
[20181016_061626 / lib_ip.py:4090] len(Hs) = 8100, len(Ss) = 8100, len(Vs) = 8100
[20181016_061626 / lib_ip.py:4137] green : variance --> out of range (variance = 1.688 / upper = 0.750 / lower = 0.000)
[20181016_061626 / lib_ip.py:3794] file = img.20181016_061623.2018-10-15_18-12-26_000.jpg.3.png / val_Average = 104.4183	val_Variance = 1.6878	sd = 1.2991	max = 108	min = 98
[20181016_061626 / lib_ip.py:4204] len(Hs) = 8100, len(Ss) = 8100, len(Vs) = 8100
[20181016_061626 / lib_ip.py:4248] black : variance --> out of range (variance = 1.688 / upper = 0.000 / lower = 0.000)
[20181016_061626 / lib_ip.py:4398] file : img.20181016_061623.2018-10-15_18-12-26_000.jpg.3.png 2 (black : variance --> out of range (variance = 1.688 / upper = 0.000 / lower = 0.000))
[20181016_061626 / lib_ip.py:2273] inspecting ===> img.20181016_061623.2018-10-15_18-12-26_000.jpg.4.png
[20181016_061626 / lib_ip.py:4330] 
img.20181016_061623.2018-10-15_18-12-26_000.jpg.4.png 3
[20181016_061627 / lib_ip.py:3794] file = img.20181016_061623.2018-10-15_18-12-26_000.jpg.4.png / val_Average = 120.6486	val_Variance = 0.2279	sd = 0.4774	max = 121	min = 120
[20181016_061627 / lib_ip.py:3877] len(Hs) = 8100, len(Ss) = 8100, len(Vs) = 8100
[20181016_061627 / lib_ip.py:3932] yellow : average --> out of range (average = 120.649 / upper = 99.200 / lower = 88.000)
[20181016_061627 / lib_ip.py:3794] file = img.20181016_061623.2018-10-15_18-12-26_000.jpg.4.png / val_Average = 120.6486	val_Variance = 0.2279	sd = 0.4774	max = 121	min = 120
[20181016_061627 / lib_ip.py:3977] len(Hs) = 8100, len(Ss) = 8100, len(Vs) = 8100
[20181016_061626 / lib_ip.py:2273] inspecting ===> img.20181016_061623.2018-10-15_18-12-26_000.jpg.4.png
img.20181016_061623.2018-10-15_18-12-26_000.jpg.1.png => other
img.20181016_061623.2018-10-15_18-12-26_000.jpg.2.png => other
img.20181016_061623.2018-10-15_18-12-26_000.jpg.3.png => other
img.20181016_061623.2018-10-15_18-12-26_000.jpg.4.png => other
[20181016_061627 lib_ip.py:3300] =============== Get 4 corners
dpath_Images = C:\WORKS_2\WS\WS_Others.Art\JVEMV6\46_art\VIRTUAL\Admin_Projects\ip\images
fname_Image = img.20181016_061623.2018-10-15_18-12-26_000.jpg.4.png

[20181016_061627 / lib_ip.py:2273] inspecting ===> img.20181016_061627.2018-10-15_19-22-56_000.png.1.png
[20181016_061627 / lib_ip.py:4330] 
img.20181016_061627.2018-10-15_19-22-56_000.png.1.png 0
[20181016_061627 / lib_ip.py:3794] file = img.20181016_061627.2018-10-15_19-22-56_000.png.1.png / val_Average = 0.0000	val_Variance = 0.0000	sd = 0.0000	max = 0	min = 0
[20181016_061627 / lib_ip.py:3877] len(Hs) = 8100, len(Ss) = 8100, len(Vs) = 8100
[20181016_061627 / lib_ip.py:3932] yellow : average --> out of range (average = 0.000 / upper = 99.200 / lower = 88.000)
[20181016_061628 / lib_ip.py:3794] file = img.20181016_061627.2018-10-15_19-22-56_000.png.1.png / val_Average = 0.0000	val_Variance = 0.0000	sd = 0.0000	max = 0	min = 0
[20181016_061628 / lib_ip.py:3977] len(Hs) = 8100, len(Ss) = 8100, len(Vs) = 8100
[20181016_061628 / lib_ip.py:4048] red : average --> out of range (average = 0.000 / upper = 124.000 / lower = 115.000)
[20181016_061628 / lib_ip.py:3794] file = img.20181016_061627.2018-10-15_19-22-56_000.png.1.png / val_Average = 0.0000	val_Variance = 0.0000	sd = 0.0000	max = 0	min = 0
[20181016_061628 / lib_ip.py:4090] len(Hs) = 8100, len(Ss) = 8100, len(Vs) = 8100
[20181016_061628 / lib_ip.py:4162] green : average --> out of range (average = 0.000 / upper = 83.000 / lower = 58.000)
[20181016_061628 / lib_ip.py:3794] file = img.20181016_061627.2018-10-15_19-22-56_000.png.1.png / val_Average = 0.0000	val_Variance = 0.0000	sd = 0.0000	max = 0	min = 0
[20181016_061628 / lib_ip.py:4204] len(Hs) = 8100, len(Ss) = 8100, len(Vs) = 8100
[20181016_061628 / lib_ip.py:2273] inspecting ===> img.20181016_061627.2018-10-15_19-22-56_000.png.2.png
[20181016_061628 / lib_ip.py:4330] 
img.20181016_061627.2018-10-15_19-22-56_000.png.2.png 1
[20181016_061628 / lib_ip.py:3794] file = img.20181016_061627.2018-10-15_19-22-56_000.png.2.png / val_Average = 0.0000	val_Variance = 0.0000	sd = 0.0000	max = 0	min = 0
[20181016_061628 / lib_ip.py:3877] len(Hs) = 8100, len(Ss) = 8100, len(Vs) = 8100
[20181016_061628 / lib_ip.py:3932] yellow : average --> out of range (average = 0.000 / upper = 99.200 / lower = 88.000)
[20181016_061628 / lib_ip.py:3794] file = img.20181016_061627.2018-10-15_19-22-56_000.png.2.png / val_Average = 0.0000	val_Variance = 0.0000	sd = 0.0000	max = 0	min = 0
[20181016_061628 / lib_ip.py:3977] len(Hs) = 8100, len(Ss) = 8100, len(Vs) = 8100
[20181016_061629 / lib_ip.py:4048] red : average --> out of range (average = 0.000 / upper = 124.000 / lower = 115.000)
[20181016_061629 / lib_ip.py:3794] file = img.20181016_061627.2018-10-15_19-22-56_000.png.2.png / val_Average = 0.0000	val_Variance = 0.0000	sd = 0.0000	max = 0	min = 0
[20181016_061629 / lib_ip.py:4090] len(Hs) = 8100, len(Ss) = 8100, len(Vs) = 8100
[20181016_061629 / lib_ip.py:4162] green : average --> out of range (average = 0.000 / upper = 83.000 / lower = 58.000)
[20181016_061629 / lib_ip.py:3794] file = img.20181016_061627.2018-10-15_19-22-56_000.png.2.png / val_Average = 0.0000	val_Variance = 0.0000	sd = 0.0000	max = 0	min = 0
[20181016_061629 / lib_ip.py:4204] len(Hs) = 8100, len(Ss) = 8100, len(Vs) = 8100
[20181016_061629 / lib_ip.py:2273] inspecting ===> img.20181016_061627.2018-10-15_19-22-56_000.png.3.png
[20181016_061629 / lib_ip.py:4330] 
img.20181016_061627.2018-10-15_19-22-56_000.png.3.png 2
[20181016_061629 / lib_ip.py:3794] file = img.20181016_061627.2018-10-15_19-22-56_000.png.3.png / val_Average = 0.0000	val_Variance = 0.0000	sd = 0.0000	max = 0	min = 0
[20181016_061629 / lib_ip.py:3877] len(Hs) = 8100, len(Ss) = 8100, len(Vs) = 8100
[20181016_061629 / lib_ip.py:3932] yellow : average --> out of range (average = 0.000 / upper = 99.200 / lower = 88.000)
[20181016_061629 / lib_ip.py:3794] file = img.20181016_061627.2018-10-15_19-22-56_000.png.3.png / val_Average = 0.0000	val_Variance = 0.0000	sd = 0.0000	max = 0	min = 0
[20181016_061629 / lib_ip.py:3977] len(Hs) = 8100, len(Ss) = 8100, len(Vs) = 8100
[20181016_061629 / lib_ip.py:4048] red : average --> out of range (average = 0.000 / upper = 124.000 / lower = 115.000)
[20181016_061629 / lib_ip.py:3794] file = img.20181016_061627.2018-10-15_19-22-56_000.png.3.png / val_Average = 0.0000	val_Variance = 0.0000	sd = 0.0000	max = 0	min = 0
[20181016_061629 / lib_ip.py:4090] len(Hs) = 8100, len(Ss) = 8100, len(Vs) = 8100
[20181016_061629 / lib_ip.py:4162] green : average --> out of range (average = 0.000 / upper = 83.000 / lower = 58.000)
[20181016_061630 / lib_ip.py:3794] file = img.20181016_061627.2018-10-15_19-22-56_000.png.3.png / val_Average = 0.0000	val_Variance = 0.0000	sd = 0.0000	max = 0	min = 0
[20181016_061630 / lib_ip.py:4204] len(Hs) = 8100, len(Ss) = 8100, len(Vs) = 8100
[20181016_061630 / lib_ip.py:2273] inspecting ===> img.20181016_061627.2018-10-15_19-22-56_000.png.4.png
[20181016_061630 / lib_ip.py:4330] 
img.20181016_061627.2018-10-15_19-22-56_000.png.4.png 3
[20181016_061630 / lib_ip.py:3794] file = img.20181016_061627.2018-10-15_19-22-56_000.png.4.png / val_Average = 0.0000	val_Variance = 0.0000	sd = 0.0000	max = 0	min = 0
[20181016_061630 / lib_ip.py:3877] len(Hs) = 8100, len(Ss) = 8100, len(Vs) = 8100
[20181016_061630 / lib_ip.py:3932] yellow : average --> out of range (average = 0.000 / upper = 99.200 / lower = 88.000)
[20181016_061630 / lib_ip.py:3794] file = img.20181016_061627.2018-10-15_19-22-56_000.png.4.png / val_Average = 0.0000	val_Variance = 0.0000	sd = 0.0000	max = 0	min = 0
[20181016_061630 / lib_ip.py:3977] len(Hs) = 8100, len(Ss) = 8100, len(Vs) = 8100
[20181016_061630 / lib_ip.py:4048] red : average --> out of range (average = 0.000 / upper = 124.000 / lower = 115.000)
[20181016_061630 / lib_ip.py:3794] file = img.20181016_061627.2018-10-15_19-22-56_000.png.4.png / val_Average = 0.0000	val_Variance = 0.0000	sd = 0.0000	max = 0	min = 0
[20181016_061630 / lib_ip.py:4090] len(Hs) = 8100, len(Ss) = 8100, len(Vs) = 8100
[20181016_061630 / lib_ip.py:4162] green : average --> out of range (average = 0.000 / upper = 83.000 / lower = 58.000)
[20181016_061630 / lib_ip.py:3794] file = img.20181016_061627.2018-10-15_19-22-56_000.png.4.png / val_Average = 0.0000	val_Variance = 0.0000	sd = 0.0000	max = 0	min = 0
[20181016_061630 / lib_ip.py:4204] len(Hs) = 8100, len(Ss) = 8100, len(Vs) = 8100
[20181016_061630 / lib_ip.py:2273] inspecting ===> img.20181016_061627.2018-10-15_19-22-56_000.png.4.png
img.20181016_061627.2018-10-15_19-22-56_000.png.1.png => other
img.20181016_061627.2018-10-15_19-22-56_000.png.2.png => other
img.20181016_061627.2018-10-15_19-22-56_000.png.3.png => other
img.20181016_061627.2018-10-15_19-22-56_000.png.4.png => other
[20181016_061630 lib_ip.py:3300] =============== Get 4 corners
dpath_Images = C:\WORKS_2\WS\WS_Others.Art\JVEMV6\46_art\VIRTUAL\Admin_Projects\ip\images
fname_Image = img.20181016_061627.2018-10-15_19-22-56_000.png.4.png

[20181016_061631 / lib_ip.py:2273] inspecting ===> img.20181016_061631.2018-10-15_19-50-42_000.jpg.1.png
[20181016_061631 / lib_ip.py:4330] 
img.20181016_061631.2018-10-15_19-50-42_000.jpg.1.png 0
[20181016_061631 / lib_ip.py:3794] file = img.20181016_061631.2018-10-15_19-50-42_000.jpg.1.png / val_Average = 46.3525	val_Variance = 2009.8761	sd = 44.8316	max = 160	min = 0
[20181016_061631 / lib_ip.py:3877] len(Hs) = 8100, len(Ss) = 8100, len(Vs) = 8100
[20181016_061631 / lib_ip.py:3910] yellow : variance --> out of range (variance = 2009.876 / upper = 0.650 / lower = 0.000)
[20181016_061631 / lib_ip.py:3794] file = img.20181016_061631.2018-10-15_19-50-42_000.jpg.1.png / val_Average = 46.3525	val_Variance = 2009.8761	sd = 44.8316	max = 160	min = 0
[20181016_061631 / lib_ip.py:3977] len(Hs) = 8100, len(Ss) = 8100, len(Vs) = 8100
[20181016_061631 / lib_ip.py:4023] red : variance --> out of range (variance = 2009.876 / upper = 0.430 / lower = 0.000)
[20181016_061632 / lib_ip.py:3794] file = img.20181016_061631.2018-10-15_19-50-42_000.jpg.1.png / val_Average = 46.3525	val_Variance = 2009.8761	sd = 44.8316	max = 160	min = 0
[20181016_061632 / lib_ip.py:4090] len(Hs) = 8100, len(Ss) = 8100, len(Vs) = 8100
[20181016_061632 / lib_ip.py:4137] green : variance --> out of range (variance = 2009.876 / upper = 0.750 / lower = 0.000)
[20181016_061632 / lib_ip.py:3794] file = img.20181016_061631.2018-10-15_19-50-42_000.jpg.1.png / val_Average = 46.3525	val_Variance = 2009.8761	sd = 44.8316	max = 160	min = 0
[20181016_061632 / lib_ip.py:4204] len(Hs) = 8100, len(Ss) = 8100, len(Vs) = 8100
[20181016_061632 / lib_ip.py:4248] black : variance --> out of range (variance = 2009.876 / upper = 0.000 / lower = 0.000)
[20181016_061632 / lib_ip.py:4398] file : img.20181016_061631.2018-10-15_19-50-42_000.jpg.1.png 0 (black : variance --> out of range (variance = 2009.876 / upper = 0.000 / lower = 0.000))
[20181016_061632 / lib_ip.py:2273] inspecting ===> img.20181016_061631.2018-10-15_19-50-42_000.jpg.2.png
[20181016_061632 / lib_ip.py:4330] 
img.20181016_061631.2018-10-15_19-50-42_000.jpg.2.png 1
[20181016_061632 / lib_ip.py:3794] file = img.20181016_061631.2018-10-15_19-50-42_000.jpg.2.png / val_Average = 74.5064	val_Variance = 1587.4413	sd = 39.8427	max = 160	min = 0
[20181016_061632 / lib_ip.py:3877] len(Hs) = 8100, len(Ss) = 8100, len(Vs) = 8100
[20181016_061632 / lib_ip.py:3910] yellow : variance --> out of range (variance = 1587.441 / upper = 0.650 / lower = 0.000)
[20181016_061632 / lib_ip.py:3794] file = img.20181016_061631.2018-10-15_19-50-42_000.jpg.2.png / val_Average = 74.5064	val_Variance = 1587.4413	sd = 39.8427	max = 160	min = 0
[20181016_061632 / lib_ip.py:3977] len(Hs) = 8100, len(Ss) = 8100, len(Vs) = 8100
[20181016_061632 / lib_ip.py:4023] red : variance --> out of range (variance = 1587.441 / upper = 0.430 / lower = 0.000)
[20181016_061632 / lib_ip.py:3794] file = img.20181016_061631.2018-10-15_19-50-42_000.jpg.2.png / val_Average = 74.5064	val_Variance = 1587.4413	sd = 39.8427	max = 160	min = 0
[20181016_061632 / lib_ip.py:4090] len(Hs) = 8100, len(Ss) = 8100, len(Vs) = 8100
[20181016_061632 / lib_ip.py:4137] green : variance --> out of range (variance = 1587.441 / upper = 0.750 / lower = 0.000)
[20181016_061633 / lib_ip.py:3794] file = img.20181016_061631.2018-10-15_19-50-42_000.jpg.2.png / val_Average = 74.5064	val_Variance = 1587.4413	sd = 39.8427	max = 160	min = 0
[20181016_061633 / lib_ip.py:4204] len(Hs) = 8100, len(Ss) = 8100, len(Vs) = 8100
[20181016_061633 / lib_ip.py:4248] black : variance --> out of range (variance = 1587.441 / upper = 0.000 / lower = 0.000)
[20181016_061633 / lib_ip.py:4398] file : img.20181016_061631.2018-10-15_19-50-42_000.jpg.2.png 1 (black : variance --> out of range (variance = 1587.441 / upper = 0.000 / lower = 0.000))
[20181016_061633 / lib_ip.py:2273] inspecting ===> img.20181016_061631.2018-10-15_19-50-42_000.jpg.3.png
[20181016_061633 / lib_ip.py:4330] 
img.20181016_061631.2018-10-15_19-50-42_000.jpg.3.png 2
[20181016_061633 / lib_ip.py:3794] file = img.20181016_061631.2018-10-15_19-50-42_000.jpg.3.png / val_Average = 57.8225	val_Variance = 1094.0544	sd = 33.0765	max = 135	min = 0
[20181016_061633 / lib_ip.py:3877] len(Hs) = 8100, len(Ss) = 8100, len(Vs) = 8100
[20181016_061633 / lib_ip.py:3910] yellow : variance --> out of range (variance = 1094.054 / upper = 0.650 / lower = 0.000)
[20181016_061633 / lib_ip.py:3794] file = img.20181016_061631.2018-10-15_19-50-42_000.jpg.3.png / val_Average = 57.8225	val_Variance = 1094.0544	sd = 33.0765	max = 135	min = 0
[20181016_061633 / lib_ip.py:3977] len(Hs) = 8100, len(Ss) = 8100, len(Vs) = 8100
[20181016_061633 / lib_ip.py:4023] red : variance --> out of range (variance = 1094.054 / upper = 0.430 / lower = 0.000)
[20181016_061633 / lib_ip.py:3794] file = img.20181016_061631.2018-10-15_19-50-42_000.jpg.3.png / val_Average = 57.8225	val_Variance = 1094.0544	sd = 33.0765	max = 135	min = 0
[20181016_061633 / lib_ip.py:4090] len(Hs) = 8100, len(Ss) = 8100, len(Vs) = 8100
[20181016_061633 / lib_ip.py:4137] green : variance --> out of range (variance = 1094.054 / upper = 0.750 / lower = 0.000)
[20181016_061633 / lib_ip.py:3794] file = img.20181016_061631.2018-10-15_19-50-42_000.jpg.3.png / val_Average = 57.8225	val_Variance = 1094.0544	sd = 33.0765	max = 135	min = 0
[20181016_061634 / lib_ip.py:4204] len(Hs) = 8100, len(Ss) = 8100, len(Vs) = 8100
[20181016_061634 / lib_ip.py:4248] black : variance --> out of range (variance = 1094.054 / upper = 0.000 / lower = 0.000)
[20181016_061634 / lib_ip.py:4398] file : img.20181016_061631.2018-10-15_19-50-42_000.jpg.3.png 2 (black : variance --> out of range (variance = 1094.054 / upper = 0.000 / lower = 0.000))
[20181016_061634 / lib_ip.py:2273] inspecting ===> img.20181016_061631.2018-10-15_19-50-42_000.jpg.4.png
[20181016_061634 / lib_ip.py:4330] 
img.20181016_061631.2018-10-15_19-50-42_000.jpg.4.png 3
[20181016_061634 / lib_ip.py:3794] file = img.20181016_061631.2018-10-15_19-50-42_000.jpg.4.png / val_Average = 93.0717	val_Variance = 0.0666	sd = 0.2580	max = 94	min = 93
[20181016_061634 / lib_ip.py:3877] len(Hs) = 8100, len(Ss) = 8100, len(Vs) = 8100
[20181016_061634 / lib_ip.py:2273] inspecting ===> img.20181016_061631.2018-10-15_19-50-42_000.jpg.4.png
img.20181016_061631.2018-10-15_19-50-42_000.jpg.1.png => other
img.20181016_061631.2018-10-15_19-50-42_000.jpg.2.png => other
img.20181016_061631.2018-10-15_19-50-42_000.jpg.3.png => other
img.20181016_061631.2018-10-15_19-50-42_000.jpg.4.png => yellow
[20181016_061634 lib_ip.py:3300] =============== Get 4 corners
dpath_Images = C:\WORKS_2\WS\WS_Others.Art\JVEMV6\46_art\VIRTUAL\Admin_Projects\ip\images
fname_Image = img.20181016_061631.2018-10-15_19-50-42_000.jpg.4.png

[20181016_061634 / lib_ip.py:2273] inspecting ===> img.20181016_061634.2018-10-15_22-40-06_000.jpg.1.png
[20181016_061635 / lib_ip.py:4330] 
img.20181016_061634.2018-10-15_22-40-06_000.jpg.1.png 0
[20181016_061635 / lib_ip.py:3794] file = img.20181016_061634.2018-10-15_22-40-06_000.jpg.1.png / val_Average = 112.8681	val_Variance = 11.8315	sd = 3.4397	max = 125	min = 103
[20181016_061635 / lib_ip.py:3877] len(Hs) = 8100, len(Ss) = 8100, len(Vs) = 8100
[20181016_061635 / lib_ip.py:3910] yellow : variance --> out of range (variance = 11.832 / upper = 0.650 / lower = 0.000)
[20181016_061635 / lib_ip.py:3794] file = img.20181016_061634.2018-10-15_22-40-06_000.jpg.1.png / val_Average = 112.8681	val_Variance = 11.8315	sd = 3.4397	max = 125	min = 103
[20181016_061635 / lib_ip.py:3977] len(Hs) = 8100, len(Ss) = 8100, len(Vs) = 8100
[20181016_061635 / lib_ip.py:4023] red : variance --> out of range (variance = 11.832 / upper = 0.430 / lower = 0.000)
[20181016_061635 / lib_ip.py:3794] file = img.20181016_061634.2018-10-15_22-40-06_000.jpg.1.png / val_Average = 112.8681	val_Variance = 11.8315	sd = 3.4397	max = 125	min = 103
[20181016_061635 / lib_ip.py:4090] len(Hs) = 8100, len(Ss) = 8100, len(Vs) = 8100
[20181016_061635 / lib_ip.py:4137] green : variance --> out of range (variance = 11.832 / upper = 0.750 / lower = 0.000)
[20181016_061635 / lib_ip.py:3794] file = img.20181016_061634.2018-10-15_22-40-06_000.jpg.1.png / val_Average = 112.8681	val_Variance = 11.8315	sd = 3.4397	max = 125	min = 103
[20181016_061635 / lib_ip.py:4204] len(Hs) = 8100, len(Ss) = 8100, len(Vs) = 8100
[20181016_061635 / lib_ip.py:4248] black : variance --> out of range (variance = 11.832 / upper = 0.000 / lower = 0.000)
[20181016_061635 / lib_ip.py:4398] file : img.20181016_061634.2018-10-15_22-40-06_000.jpg.1.png 0 (black : variance --> out of range (variance = 11.832 / upper = 0.000 / lower = 0.000))
[20181016_061635 / lib_ip.py:2273] inspecting ===> img.20181016_061634.2018-10-15_22-40-06_000.jpg.2.png
[20181016_061636 / lib_ip.py:4330] 
img.20181016_061634.2018-10-15_22-40-06_000.jpg.2.png 1
[20181016_061636 / lib_ip.py:3794] file = img.20181016_061634.2018-10-15_22-40-06_000.jpg.2.png / val_Average = 101.7489	val_Variance = 9.0678	sd = 3.0113	max = 112	min = 90
[20181016_061636 / lib_ip.py:3877] len(Hs) = 8100, len(Ss) = 8100, len(Vs) = 8100
[20181016_061636 / lib_ip.py:3910] yellow : variance --> out of range (variance = 9.068 / upper = 0.650 / lower = 0.000)
[20181016_061636 / lib_ip.py:3794] file = img.20181016_061634.2018-10-15_22-40-06_000.jpg.2.png / val_Average = 101.7489	val_Variance = 9.0678	sd = 3.0113	max = 112	min = 90
[20181016_061636 / lib_ip.py:3977] len(Hs) = 8100, len(Ss) = 8100, len(Vs) = 8100
[20181016_061636 / lib_ip.py:4023] red : variance --> out of range (variance = 9.068 / upper = 0.430 / lower = 0.000)
[20181016_061636 / lib_ip.py:3794] file = img.20181016_061634.2018-10-15_22-40-06_000.jpg.2.png / val_Average = 101.7489	val_Variance = 9.0678	sd = 3.0113	max = 112	min = 90
[20181016_061636 / lib_ip.py:4090] len(Hs) = 8100, len(Ss) = 8100, len(Vs) = 8100
[20181016_061636 / lib_ip.py:4137] green : variance --> out of range (variance = 9.068 / upper = 0.750 / lower = 0.000)
[20181016_061636 / lib_ip.py:3794] file = img.20181016_061634.2018-10-15_22-40-06_000.jpg.2.png / val_Average = 101.7489	val_Variance = 9.0678	sd = 3.0113	max = 112	min = 90
[20181016_061636 / lib_ip.py:4204] len(Hs) = 8100, len(Ss) = 8100, len(Vs) = 8100
[20181016_061636 / lib_ip.py:4248] black : variance --> out of range (variance = 9.068 / upper = 0.000 / lower = 0.000)
[20181016_061636 / lib_ip.py:4398] file : img.20181016_061634.2018-10-15_22-40-06_000.jpg.2.png 1 (black : variance --> out of range (variance = 9.068 / upper = 0.000 / lower = 0.000))
[20181016_061636 / lib_ip.py:2273] inspecting ===> img.20181016_061634.2018-10-15_22-40-06_000.jpg.3.png
[20181016_061636 / lib_ip.py:4330] 
img.20181016_061634.2018-10-15_22-40-06_000.jpg.3.png 2
[20181016_061636 / lib_ip.py:3794] file = img.20181016_061634.2018-10-15_22-40-06_000.jpg.3.png / val_Average = 97.7809	val_Variance = 5.7321	sd = 2.3942	max = 105	min = 90
[20181016_061636 / lib_ip.py:3877] len(Hs) = 8100, len(Ss) = 8100, len(Vs) = 8100
[20181016_061637 / lib_ip.py:3910] yellow : variance --> out of range (variance = 5.732 / upper = 0.650 / lower = 0.000)
[20181016_061637 / lib_ip.py:3794] file = img.20181016_061634.2018-10-15_22-40-06_000.jpg.3.png / val_Average = 97.7809	val_Variance = 5.7321	sd = 2.3942	max = 105	min = 90
[20181016_061637 / lib_ip.py:3977] len(Hs) = 8100, len(Ss) = 8100, len(Vs) = 8100
[20181016_061637 / lib_ip.py:4023] red : variance --> out of range (variance = 5.732 / upper = 0.430 / lower = 0.000)
[20181016_061637 / lib_ip.py:3794] file = img.20181016_061634.2018-10-15_22-40-06_000.jpg.3.png / val_Average = 97.7809	val_Variance = 5.7321	sd = 2.3942	max = 105	min = 90
[20181016_061637 / lib_ip.py:4090] len(Hs) = 8100, len(Ss) = 8100, len(Vs) = 8100
[20181016_061637 / lib_ip.py:4137] green : variance --> out of range (variance = 5.732 / upper = 0.750 / lower = 0.000)
[20181016_061637 / lib_ip.py:3794] file = img.20181016_061634.2018-10-15_22-40-06_000.jpg.3.png / val_Average = 97.7809	val_Variance = 5.7321	sd = 2.3942	max = 105	min = 90
[20181016_061637 / lib_ip.py:4204] len(Hs) = 8100, len(Ss) = 8100, len(Vs) = 8100
[20181016_061637 / lib_ip.py:4248] black : variance --> out of range (variance = 5.732 / upper = 0.000 / lower = 0.000)
[20181016_061637 / lib_ip.py:4398] file : img.20181016_061634.2018-10-15_22-40-06_000.jpg.3.png 2 (black : variance --> out of range (variance = 5.732 / upper = 0.000 / lower = 0.000))
[20181016_061637 / lib_ip.py:2273] inspecting ===> img.20181016_061634.2018-10-15_22-40-06_000.jpg.4.png
[20181016_061637 / lib_ip.py:4330] 
img.20181016_061634.2018-10-15_22-40-06_000.jpg.4.png 3
[20181016_061638 / lib_ip.py:3794] file = img.20181016_061634.2018-10-15_22-40-06_000.jpg.4.png / val_Average = 112.5886	val_Variance = 36.4360	sd = 6.0362	max = 130	min = 90
[20181016_061638 / lib_ip.py:3877] len(Hs) = 8100, len(Ss) = 8100, len(Vs) = 8100
[20181016_061638 / lib_ip.py:3910] yellow : variance --> out of range (variance = 36.436 / upper = 0.650 / lower = 0.000)
[20181016_061638 / lib_ip.py:3794] file = img.20181016_061634.2018-10-15_22-40-06_000.jpg.4.png / val_Average = 112.5886	val_Variance = 36.4360	sd = 6.0362	max = 130	min = 90
[20181016_061638 / lib_ip.py:3977] len(Hs) = 8100, len(Ss) = 8100, len(Vs) = 8100
[20181016_061638 / lib_ip.py:4023] red : variance --> out of range (variance = 36.436 / upper = 0.430 / lower = 0.000)
[20181016_061638 / lib_ip.py:3794] file = img.20181016_061634.2018-10-15_22-40-06_000.jpg.4.png / val_Average = 112.5886	val_Variance = 36.4360	sd = 6.0362	max = 130	min = 90
[20181016_061638 / lib_ip.py:4090] len(Hs) = 8100, len(Ss) = 8100, len(Vs) = 8100
[20181016_061638 / lib_ip.py:4137] green : variance --> out of range (variance = 36.436 / upper = 0.750 / lower = 0.000)
[20181016_061638 / lib_ip.py:3794] file = img.20181016_061634.2018-10-15_22-40-06_000.jpg.4.png / val_Average = 112.5886	val_Variance = 36.4360	sd = 6.0362	max = 130	min = 90
[20181016_061638 / lib_ip.py:4204] len(Hs) = 8100, len(Ss) = 8100, len(Vs) = 8100
[20181016_061638 / lib_ip.py:4248] black : variance --> out of range (variance = 36.436 / upper = 0.000 / lower = 0.000)
[20181016_061638 / lib_ip.py:4398] file : img.20181016_061634.2018-10-15_22-40-06_000.jpg.4.png 3 (black : variance --> out of range (variance = 36.436 / upper = 0.000 / lower = 0.000))
[20181016_061637 / lib_ip.py:2273] inspecting ===> img.20181016_061634.2018-10-15_22-40-06_000.jpg.4.png
img.20181016_061634.2018-10-15_22-40-06_000.jpg.1.png => other
img.20181016_061634.2018-10-15_22-40-06_000.jpg.2.png => other
img.20181016_061634.2018-10-15_22-40-06_000.jpg.3.png => other
img.20181016_061634.2018-10-15_22-40-06_000.jpg.4.png => other
[20181016_061638 lib_ip.py:3300] =============== Get 4 corners
dpath_Images = C:\WORKS_2\WS\WS_Others.Art\JVEMV6\46_art\VIRTUAL\Admin_Projects\ip\images
fname_Image = img.20181016_061634.2018-10-15_22-40-06_000.jpg.4.png

[20181016_061639 / lib_ip.py:2273] inspecting ===> img.20181016_061638.2018-10-16_00-24-25_000.jpg.1.png
[20181016_061639 / lib_ip.py:4330] 
img.20181016_061638.2018-10-16_00-24-25_000.jpg.1.png 0
[20181016_061639 / lib_ip.py:3794] file = img.20181016_061638.2018-10-16_00-24-25_000.jpg.1.png / val_Average = 100.0251	val_Variance = 33.8442	sd = 5.8176	max = 128	min = 75
[20181016_061639 / lib_ip.py:3877] len(Hs) = 8100, len(Ss) = 8100, len(Vs) = 8100
[20181016_061639 / lib_ip.py:3910] yellow : variance --> out of range (variance = 33.844 / upper = 0.650 / lower = 0.000)
[20181016_061639 / lib_ip.py:3794] file = img.20181016_061638.2018-10-16_00-24-25_000.jpg.1.png / val_Average = 100.0251	val_Variance = 33.8442	sd = 5.8176	max = 128	min = 75
[20181016_061639 / lib_ip.py:3977] len(Hs) = 8100, len(Ss) = 8100, len(Vs) = 8100
[20181016_061639 / lib_ip.py:4023] red : variance --> out of range (variance = 33.844 / upper = 0.430 / lower = 0.000)
[20181016_061639 / lib_ip.py:3794] file = img.20181016_061638.2018-10-16_00-24-25_000.jpg.1.png / val_Average = 100.0251	val_Variance = 33.8442	sd = 5.8176	max = 128	min = 75
[20181016_061639 / lib_ip.py:4090] len(Hs) = 8100, len(Ss) = 8100, len(Vs) = 8100
[20181016_061639 / lib_ip.py:4137] green : variance --> out of range (variance = 33.844 / upper = 0.750 / lower = 0.000)
[20181016_061639 / lib_ip.py:3794] file = img.20181016_061638.2018-10-16_00-24-25_000.jpg.1.png / val_Average = 100.0251	val_Variance = 33.8442	sd = 5.8176	max = 128	min = 75
[20181016_061639 / lib_ip.py:4204] len(Hs) = 8100, len(Ss) = 8100, len(Vs) = 8100
[20181016_061640 / lib_ip.py:4248] black : variance --> out of range (variance = 33.844 / upper = 0.000 / lower = 0.000)
[20181016_061640 / lib_ip.py:4398] file : img.20181016_061638.2018-10-16_00-24-25_000.jpg.1.png 0 (black : variance --> out of range (variance = 33.844 / upper = 0.000 / lower = 0.000))
[20181016_061640 / lib_ip.py:2273] inspecting ===> img.20181016_061638.2018-10-16_00-24-25_000.jpg.2.png
[20181016_061640 / lib_ip.py:4330] 
img.20181016_061638.2018-10-16_00-24-25_000.jpg.2.png 1
[20181016_061640 / lib_ip.py:3794] file = img.20181016_061638.2018-10-16_00-24-25_000.jpg.2.png / val_Average = 80.3240	val_Variance = 2048.7933	sd = 45.2636	max = 178	min = 0
[20181016_061640 / lib_ip.py:3877] len(Hs) = 8100, len(Ss) = 8100, len(Vs) = 8100
[20181016_061640 / lib_ip.py:3910] yellow : variance --> out of range (variance = 2048.793 / upper = 0.650 / lower = 0.000)
[20181016_061640 / lib_ip.py:3794] file = img.20181016_061638.2018-10-16_00-24-25_000.jpg.2.png / val_Average = 80.3240	val_Variance = 2048.7933	sd = 45.2636	max = 178	min = 0
[20181016_061640 / lib_ip.py:3977] len(Hs) = 8100, len(Ss) = 8100, len(Vs) = 8100
[20181016_061640 / lib_ip.py:4023] red : variance --> out of range (variance = 2048.793 / upper = 0.430 / lower = 0.000)
[20181016_061640 / lib_ip.py:3794] file = img.20181016_061638.2018-10-16_00-24-25_000.jpg.2.png / val_Average = 80.3240	val_Variance = 2048.7933	sd = 45.2636	max = 178	min = 0
[20181016_061640 / lib_ip.py:4090] len(Hs) = 8100, len(Ss) = 8100, len(Vs) = 8100
[20181016_061640 / lib_ip.py:4137] green : variance --> out of range (variance = 2048.793 / upper = 0.750 / lower = 0.000)
[20181016_061640 / lib_ip.py:3794] file = img.20181016_061638.2018-10-16_00-24-25_000.jpg.2.png / val_Average = 80.3240	val_Variance = 2048.7933	sd = 45.2636	max = 178	min = 0
[20181016_061640 / lib_ip.py:4204] len(Hs) = 8100, len(Ss) = 8100, len(Vs) = 8100
[20181016_061640 / lib_ip.py:4248] black : variance --> out of range (variance = 2048.793 / upper = 0.000 / lower = 0.000)
[20181016_061640 / lib_ip.py:4398] file : img.20181016_061638.2018-10-16_00-24-25_000.jpg.2.png 1 (black : variance --> out of range (variance = 2048.793 / upper = 0.000 / lower = 0.000))
[20181016_061640 / lib_ip.py:2273] inspecting ===> img.20181016_061638.2018-10-16_00-24-25_000.jpg.3.png
[20181016_061641 / lib_ip.py:4330] 
img.20181016_061638.2018-10-16_00-24-25_000.jpg.3.png 2
[20181016_061641 / lib_ip.py:3794] file = img.20181016_061638.2018-10-16_00-24-25_000.jpg.3.png / val_Average = 95.4940	val_Variance = 66.9040	sd = 8.1795	max = 120	min = 0
[20181016_061641 / lib_ip.py:3877] len(Hs) = 8100, len(Ss) = 8100, len(Vs) = 8100
[20181016_061641 / lib_ip.py:3910] yellow : variance --> out of range (variance = 66.904 / upper = 0.650 / lower = 0.000)
[20181016_061641 / lib_ip.py:3794] file = img.20181016_061638.2018-10-16_00-24-25_000.jpg.3.png / val_Average = 95.4940	val_Variance = 66.9040	sd = 8.1795	max = 120	min = 0
[20181016_061641 / lib_ip.py:3977] len(Hs) = 8100, len(Ss) = 8100, len(Vs) = 8100
[20181016_061641 / lib_ip.py:4023] red : variance --> out of range (variance = 66.904 / upper = 0.430 / lower = 0.000)
[20181016_061641 / lib_ip.py:3794] file = img.20181016_061638.2018-10-16_00-24-25_000.jpg.3.png / val_Average = 95.4940	val_Variance = 66.9040	sd = 8.1795	max = 120	min = 0
[20181016_061641 / lib_ip.py:4090] len(Hs) = 8100, len(Ss) = 8100, len(Vs) = 8100
[20181016_061641 / lib_ip.py:4137] green : variance --> out of range (variance = 66.904 / upper = 0.750 / lower = 0.000)
[20181016_061641 / lib_ip.py:3794] file = img.20181016_061638.2018-10-16_00-24-25_000.jpg.3.png / val_Average = 95.4940	val_Variance = 66.9040	sd = 8.1795	max = 120	min = 0
[20181016_061641 / lib_ip.py:4204] len(Hs) = 8100, len(Ss) = 8100, len(Vs) = 8100
[20181016_061641 / lib_ip.py:4248] black : variance --> out of range (variance = 66.904 / upper = 0.000 / lower = 0.000)
[20181016_061641 / lib_ip.py:4398] file : img.20181016_061638.2018-10-16_00-24-25_000.jpg.3.png 2 (black : variance --> out of range (variance = 66.904 / upper = 0.000 / lower = 0.000))
[20181016_061641 / lib_ip.py:2273] inspecting ===> img.20181016_061638.2018-10-16_00-24-25_000.jpg.4.png
[20181016_061642 / lib_ip.py:4330] 
img.20181016_061638.2018-10-16_00-24-25_000.jpg.4.png 3
[20181016_061642 / lib_ip.py:3794] file = img.20181016_061638.2018-10-16_00-24-25_000.jpg.4.png / val_Average = 99.8804	val_Variance = 10.2209	sd = 3.1970	max = 114	min = 90
[20181016_061642 / lib_ip.py:3877] len(Hs) = 8100, len(Ss) = 8100, len(Vs) = 8100
[20181016_061642 / lib_ip.py:3910] yellow : variance --> out of range (variance = 10.221 / upper = 0.650 / lower = 0.000)
[20181016_061642 / lib_ip.py:3794] file = img.20181016_061638.2018-10-16_00-24-25_000.jpg.4.png / val_Average = 99.8804	val_Variance = 10.2209	sd = 3.1970	max = 114	min = 90
[20181016_061642 / lib_ip.py:3977] len(Hs) = 8100, len(Ss) = 8100, len(Vs) = 8100
[20181016_061642 / lib_ip.py:4023] red : variance --> out of range (variance = 10.221 / upper = 0.430 / lower = 0.000)
[20181016_061642 / lib_ip.py:3794] file = img.20181016_061638.2018-10-16_00-24-25_000.jpg.4.png / val_Average = 99.8804	val_Variance = 10.2209	sd = 3.1970	max = 114	min = 90
[20181016_061642 / lib_ip.py:4090] len(Hs) = 8100, len(Ss) = 8100, len(Vs) = 8100
[20181016_061642 / lib_ip.py:4137] green : variance --> out of range (variance = 10.221 / upper = 0.750 / lower = 0.000)
[20181016_061642 / lib_ip.py:3794] file = img.20181016_061638.2018-10-16_00-24-25_000.jpg.4.png / val_Average = 99.8804	val_Variance = 10.2209	sd = 3.1970	max = 114	min = 90
[20181016_061642 / lib_ip.py:4204] len(Hs) = 8100, len(Ss) = 8100, len(Vs) = 8100
[20181016_061642 / lib_ip.py:4248] black : variance --> out of range (variance = 10.221 / upper = 0.000 / lower = 0.000)
[20181016_061642 / lib_ip.py:4398] file : img.20181016_061638.2018-10-16_00-24-25_000.jpg.4.png 3 (black : variance --> out of range (variance = 10.221 / upper = 0.000 / lower = 0.000))
[20181016_061641 / lib_ip.py:2273] inspecting ===> img.20181016_061638.2018-10-16_00-24-25_000.jpg.4.png
img.20181016_061638.2018-10-16_00-24-25_000.jpg.1.png => other
img.20181016_061638.2018-10-16_00-24-25_000.jpg.2.png => other
img.20181016_061638.2018-10-16_00-24-25_000.jpg.3.png => other
img.20181016_061638.2018-10-16_00-24-25_000.jpg.4.png => other
[20181016_061642 lib_ip.py:3300] =============== Get 4 corners
dpath_Images = C:\WORKS_2\WS\WS_Others.Art\JVEMV6\46_art\VIRTUAL\Admin_Projects\ip\images
fname_Image = img.20181016_061638.2018-10-16_00-24-25_000.jpg.4.png

[20181016_061642 / views.py:1411] gen csv => complete (20181016_061642)(elapsed = 53.426 sec / 14 files / 3.816 sec per file)
1)	2018-10-15_07-28-41_000.jpg => 	other other green green 
2)	2018-10-15_09-35-48_000.jpg => 	other other yellow other 
3)	2018-10-15_12-06-06_000.jpg => 	other other green red 
4)	2018-10-15_13-11-54_000.jpg => 	green other red other 
5)	2018-10-15_14-14-38_000.jpg => 	green other green other 
6)	2018-10-15_15-14-40_000.jpg => 	other other green red 
7)	2018-10-15_15-46-11_000.png => 	black black black black 
8)	2018-10-15_15-57-31_000.jpg => 	green other red other 
9)	2018-10-15_16-05-40_000.jpg => 	other other green red 
10)	2018-10-15_18-12-26_000.jpg => 	other other other red 
11)	2018-10-15_19-22-56_000.png => 	black black black black 
12)	2018-10-15_19-50-42_000.jpg => 	other other other yellow 
13)	2018-10-15_22-40-06_000.jpg => 	other other other other 
14)	2018-10-16_00-24-25_000.jpg => 	other other other other 
[20181016_061642 / views.py:1797] lo_ColorName_Set__Modified_2 =>
1)	2018-10-15_07-28-41_000.jpg => 	g g o o 
2)	2018-10-15_09-35-48_000.jpg => 	o o o y 
3)	2018-10-15_12-06-06_000.jpg => 	g o o r 
4)	2018-10-15_13-11-54_000.jpg => 	g o o r 
5)	2018-10-15_14-14-38_000.jpg => 	g g o o 
6)	2018-10-15_15-14-40_000.jpg => 	g o o r 
7)	2018-10-15_15-46-11_000.png => 	a a a a 
8)	2018-10-15_15-57-31_000.jpg => 	g o o r 
9)	2018-10-15_16-05-40_000.jpg => 	g o o r 
10)	2018-10-15_18-12-26_000.jpg => 	o o o r 
11)	2018-10-15_19-22-56_000.png => 	a a a a 
12)	2018-10-15_19-50-42_000.jpg => 	o o o y 
13)	2018-10-15_22-40-06_000.jpg => 	o o o o 
14)	2018-10-16_00-24-25_000.jpg => 	o o o o 
[20181016_061643 / lib_ip.py:4594] no key 'GPSInfo' for file : C:\WORKS_2\WS\WS_Others.Art\JVEMV6\46_art\VIRTUAL\Admin_Projects\ip\images\2018-10-15_15-46-11_000.png
[20181016_061643 / lib_ip.py:4594] no key 'GPSInfo' for file : C:\WORKS_2\WS\WS_Others.Art\JVEMV6\46_art\VIRTUAL\Admin_Projects\ip\images\2018-10-15_19-22-56_000.png
[20181016_061644 / views.py:1908] gen_Cake_CSV(request) ==> ending... =======================//

