[20181115_070705 / views.py:1877] gen_Cake_CSV(request) ==> starting... =======================
[20181115_070706 / lib_ip.py:2273] inspecting ===> img.20181115_070706.2018-11-13_09-46-50_000.jpg.1.png
[20181115_070707 / lib_ip.py:4331] 
img.20181115_070706.2018-11-13_09-46-50_000.jpg.1.png 0 ---------------------
[20181115_070707 / lib_ip.py:3794] file = img.20181115_070706.2018-11-13_09-46-50_000.jpg.1.png / val_Average = 47.7485	val_Variance = 2209.2877	sd = 47.0031	max = 150	min = 0
[20181115_070707 / lib_ip.py:3877] len(Hs) = 8100, len(Ss) = 8100, len(Vs) = 8100
[20181115_070707 / lib_ip.py:3910] yellow : variance --> out of range (variance = 2209.288 / upper = 0.650 / lower = 0.000)
[20181115_070707 / lib_ip.py:3794] file = img.20181115_070706.2018-11-13_09-46-50_000.jpg.1.png / val_Average = 47.7485	val_Variance = 2209.2877	sd = 47.0031	max = 150	min = 0
[20181115_070707 / lib_ip.py:3977] len(Hs) = 8100, len(Ss) = 8100, len(Vs) = 8100
[20181115_070707 / lib_ip.py:4023] red : variance --> out of range (variance = 2209.288 / upper = 0.430 / lower = 0.000)
[20181115_070707 / lib_ip.py:3794] file = img.20181115_070706.2018-11-13_09-46-50_000.jpg.1.png / val_Average = 47.7485	val_Variance = 2209.2877	sd = 47.0031	max = 150	min = 0
[20181115_070707 / lib_ip.py:4090] len(Hs) = 8100, len(Ss) = 8100, len(Vs) = 8100
[20181115_070707 / lib_ip.py:4137] green : variance --> out of range (variance = 2209.288 / upper = 0.760 / lower = 0.000)
[20181115_070707 / lib_ip.py:3794] file = img.20181115_070706.2018-11-13_09-46-50_000.jpg.1.png / val_Average = 47.7485	val_Variance = 2209.2877	sd = 47.0031	max = 150	min = 0
[20181115_070707 / lib_ip.py:4204] len(Hs) = 8100, len(Ss) = 8100, len(Vs) = 8100
[20181115_070707 / lib_ip.py:4248] black : variance --> out of range (variance = 2209.288 / upper = 0.000 / lower = 0.000)
[20181115_070707 / lib_ip.py:4399] file : img.20181115_070706.2018-11-13_09-46-50_000.jpg.1.png 0 (black : variance --> out of range (variance = 2209.288 / upper = 0.000 / lower = 0.000))
[20181115_070707 / lib_ip.py:2273] inspecting ===> img.20181115_070706.2018-11-13_09-46-50_000.jpg.2.png
[20181115_070708 / lib_ip.py:4331] 
img.20181115_070706.2018-11-13_09-46-50_000.jpg.2.png 1 ---------------------
[20181115_070708 / lib_ip.py:3794] file = img.20181115_070706.2018-11-13_09-46-50_000.jpg.2.png / val_Average = 106.0090	val_Variance = 0.7907	sd = 0.8892	max = 108	min = 102
[20181115_070708 / lib_ip.py:3877] len(Hs) = 8100, len(Ss) = 8100, len(Vs) = 8100
[20181115_070708 / lib_ip.py:3910] yellow : variance --> out of range (variance = 0.791 / upper = 0.650 / lower = 0.000)
[20181115_070708 / lib_ip.py:3794] file = img.20181115_070706.2018-11-13_09-46-50_000.jpg.2.png / val_Average = 106.0090	val_Variance = 0.7907	sd = 0.8892	max = 108	min = 102
[20181115_070708 / lib_ip.py:3977] len(Hs) = 8100, len(Ss) = 8100, len(Vs) = 8100
[20181115_070708 / lib_ip.py:4023] red : variance --> out of range (variance = 0.791 / upper = 0.430 / lower = 0.000)
[20181115_070708 / lib_ip.py:3794] file = img.20181115_070706.2018-11-13_09-46-50_000.jpg.2.png / val_Average = 106.0090	val_Variance = 0.7907	sd = 0.8892	max = 108	min = 102
[20181115_070708 / lib_ip.py:4090] len(Hs) = 8100, len(Ss) = 8100, len(Vs) = 8100
[20181115_070708 / lib_ip.py:4137] green : variance --> out of range (variance = 0.791 / upper = 0.760 / lower = 0.000)
[20181115_070708 / lib_ip.py:3794] file = img.20181115_070706.2018-11-13_09-46-50_000.jpg.2.png / val_Average = 106.0090	val_Variance = 0.7907	sd = 0.8892	max = 108	min = 102
[20181115_070708 / lib_ip.py:4204] len(Hs) = 8100, len(Ss) = 8100, len(Vs) = 8100
[20181115_070708 / lib_ip.py:4248] black : variance --> out of range (variance = 0.791 / upper = 0.000 / lower = 0.000)
[20181115_070708 / lib_ip.py:4399] file : img.20181115_070706.2018-11-13_09-46-50_000.jpg.2.png 1 (black : variance --> out of range (variance = 0.791 / upper = 0.000 / lower = 0.000))
[20181115_070708 / lib_ip.py:2273] inspecting ===> img.20181115_070706.2018-11-13_09-46-50_000.jpg.3.png
[20181115_070708 / lib_ip.py:4331] 
img.20181115_070706.2018-11-13_09-46-50_000.jpg.3.png 2 ---------------------
[20181115_070708 / lib_ip.py:3794] file = img.20181115_070706.2018-11-13_09-46-50_000.jpg.3.png / val_Average = 93.5698	val_Variance = 0.2451	sd = 0.4951	max = 94	min = 93
[20181115_070708 / lib_ip.py:3877] len(Hs) = 8100, len(Ss) = 8100, len(Vs) = 8100
[20181115_070709 / lib_ip.py:2273] inspecting ===> img.20181115_070706.2018-11-13_09-46-50_000.jpg.4.png
[20181115_070709 / lib_ip.py:4331] 
img.20181115_070706.2018-11-13_09-46-50_000.jpg.4.png 3 ---------------------
[20181115_070709 / lib_ip.py:3794] file = img.20181115_070706.2018-11-13_09-46-50_000.jpg.4.png / val_Average = 80.3531	val_Variance = 879.0264	sd = 29.6484	max = 135	min = 0
[20181115_070709 / lib_ip.py:3877] len(Hs) = 8100, len(Ss) = 8100, len(Vs) = 8100
[20181115_070709 / lib_ip.py:3910] yellow : variance --> out of range (variance = 879.026 / upper = 0.650 / lower = 0.000)
[20181115_070709 / lib_ip.py:3794] file = img.20181115_070706.2018-11-13_09-46-50_000.jpg.4.png / val_Average = 80.3531	val_Variance = 879.0264	sd = 29.6484	max = 135	min = 0
[20181115_070709 / lib_ip.py:3977] len(Hs) = 8100, len(Ss) = 8100, len(Vs) = 8100
[20181115_070709 / lib_ip.py:4023] red : variance --> out of range (variance = 879.026 / upper = 0.430 / lower = 0.000)
[20181115_070709 / lib_ip.py:3794] file = img.20181115_070706.2018-11-13_09-46-50_000.jpg.4.png / val_Average = 80.3531	val_Variance = 879.0264	sd = 29.6484	max = 135	min = 0
[20181115_070709 / lib_ip.py:4090] len(Hs) = 8100, len(Ss) = 8100, len(Vs) = 8100
[20181115_070709 / lib_ip.py:4137] green : variance --> out of range (variance = 879.026 / upper = 0.760 / lower = 0.000)
[20181115_070709 / lib_ip.py:3794] file = img.20181115_070706.2018-11-13_09-46-50_000.jpg.4.png / val_Average = 80.3531	val_Variance = 879.0264	sd = 29.6484	max = 135	min = 0
[20181115_070709 / lib_ip.py:4204] len(Hs) = 8100, len(Ss) = 8100, len(Vs) = 8100
[20181115_070709 / lib_ip.py:4248] black : variance --> out of range (variance = 879.026 / upper = 0.000 / lower = 0.000)
[20181115_070710 / lib_ip.py:4399] file : img.20181115_070706.2018-11-13_09-46-50_000.jpg.4.png 3 (black : variance --> out of range (variance = 879.026 / upper = 0.000 / lower = 0.000))
[20181115_070709 / lib_ip.py:2273] inspecting ===> img.20181115_070706.2018-11-13_09-46-50_000.jpg.4.png
img.20181115_070706.2018-11-13_09-46-50_000.jpg.1.png => other
img.20181115_070706.2018-11-13_09-46-50_000.jpg.2.png => other
img.20181115_070706.2018-11-13_09-46-50_000.jpg.3.png => other
img.20181115_070706.2018-11-13_09-46-50_000.jpg.4.png => other
[20181115_070710 lib_ip.py:3300] =============== Get 4 corners
dpath_Images = C:\WORKS_2\WS\WS_Others.Art\JVEMV6\46_art\VIRTUAL\Admin_Projects\ip\images
fname_Image = img.20181115_070706.2018-11-13_09-46-50_000.jpg.4.png

[20181115_070710 / lib_ip.py:2273] inspecting ===> img.20181115_070710.2018-11-13_20-08-50_000.jpg.1.png
[20181115_070710 / lib_ip.py:4331] 
img.20181115_070710.2018-11-13_20-08-50_000.jpg.1.png 0 ---------------------
[20181115_070710 / lib_ip.py:3794] file = img.20181115_070710.2018-11-13_20-08-50_000.jpg.1.png / val_Average = 80.6065	val_Variance = 724.4774	sd = 26.9161	max = 135	min = 0
[20181115_070710 / lib_ip.py:3877] len(Hs) = 8100, len(Ss) = 8100, len(Vs) = 8100
[20181115_070711 / lib_ip.py:3910] yellow : variance --> out of range (variance = 724.477 / upper = 0.650 / lower = 0.000)
[20181115_070711 / lib_ip.py:3794] file = img.20181115_070710.2018-11-13_20-08-50_000.jpg.1.png / val_Average = 80.6065	val_Variance = 724.4774	sd = 26.9161	max = 135	min = 0
[20181115_070711 / lib_ip.py:3977] len(Hs) = 8100, len(Ss) = 8100, len(Vs) = 8100
[20181115_070711 / lib_ip.py:4023] red : variance --> out of range (variance = 724.477 / upper = 0.430 / lower = 0.000)
[20181115_070711 / lib_ip.py:3794] file = img.20181115_070710.2018-11-13_20-08-50_000.jpg.1.png / val_Average = 80.6065	val_Variance = 724.4774	sd = 26.9161	max = 135	min = 0
[20181115_070711 / lib_ip.py:4090] len(Hs) = 8100, len(Ss) = 8100, len(Vs) = 8100
[20181115_070711 / lib_ip.py:4137] green : variance --> out of range (variance = 724.477 / upper = 0.760 / lower = 0.000)
[20181115_070711 / lib_ip.py:3794] file = img.20181115_070710.2018-11-13_20-08-50_000.jpg.1.png / val_Average = 80.6065	val_Variance = 724.4774	sd = 26.9161	max = 135	min = 0
[20181115_070711 / lib_ip.py:4204] len(Hs) = 8100, len(Ss) = 8100, len(Vs) = 8100
[20181115_070711 / lib_ip.py:4248] black : variance --> out of range (variance = 724.477 / upper = 0.000 / lower = 0.000)
[20181115_070711 / lib_ip.py:4399] file : img.20181115_070710.2018-11-13_20-08-50_000.jpg.1.png 0 (black : variance --> out of range (variance = 724.477 / upper = 0.000 / lower = 0.000))
[20181115_070711 / lib_ip.py:2273] inspecting ===> img.20181115_070710.2018-11-13_20-08-50_000.jpg.2.png
[20181115_070711 / lib_ip.py:4331] 
img.20181115_070710.2018-11-13_20-08-50_000.jpg.2.png 1 ---------------------
[20181115_070711 / lib_ip.py:3794] file = img.20181115_070710.2018-11-13_20-08-50_000.jpg.2.png / val_Average = 92.9889	val_Variance = 0.0305	sd = 0.1746	max = 94	min = 92
[20181115_070711 / lib_ip.py:3877] len(Hs) = 8100, len(Ss) = 8100, len(Vs) = 8100
[20181115_070711 / lib_ip.py:2273] inspecting ===> img.20181115_070710.2018-11-13_20-08-50_000.jpg.3.png
[20181115_070712 / lib_ip.py:4331] 
img.20181115_070710.2018-11-13_20-08-50_000.jpg.3.png 2 ---------------------
[20181115_070712 / lib_ip.py:3794] file = img.20181115_070710.2018-11-13_20-08-50_000.jpg.3.png / val_Average = 46.6237	val_Variance = 2131.4100	sd = 46.1672	max = 135	min = 0
[20181115_070712 / lib_ip.py:3877] len(Hs) = 8100, len(Ss) = 8100, len(Vs) = 8100
[20181115_070712 / lib_ip.py:3910] yellow : variance --> out of range (variance = 2131.410 / upper = 0.650 / lower = 0.000)
[20181115_070712 / lib_ip.py:3794] file = img.20181115_070710.2018-11-13_20-08-50_000.jpg.3.png / val_Average = 46.6237	val_Variance = 2131.4100	sd = 46.1672	max = 135	min = 0
[20181115_070712 / lib_ip.py:3977] len(Hs) = 8100, len(Ss) = 8100, len(Vs) = 8100
[20181115_070712 / lib_ip.py:4023] red : variance --> out of range (variance = 2131.410 / upper = 0.430 / lower = 0.000)
[20181115_070712 / lib_ip.py:3794] file = img.20181115_070710.2018-11-13_20-08-50_000.jpg.3.png / val_Average = 46.6237	val_Variance = 2131.4100	sd = 46.1672	max = 135	min = 0
[20181115_070712 / lib_ip.py:4090] len(Hs) = 8100, len(Ss) = 8100, len(Vs) = 8100
[20181115_070712 / lib_ip.py:4137] green : variance --> out of range (variance = 2131.410 / upper = 0.760 / lower = 0.000)
[20181115_070712 / lib_ip.py:3794] file = img.20181115_070710.2018-11-13_20-08-50_000.jpg.3.png / val_Average = 46.6237	val_Variance = 2131.4100	sd = 46.1672	max = 135	min = 0
[20181115_070712 / lib_ip.py:4204] len(Hs) = 8100, len(Ss) = 8100, len(Vs) = 8100
[20181115_070712 / lib_ip.py:4248] black : variance --> out of range (variance = 2131.410 / upper = 0.000 / lower = 0.000)
[20181115_070712 / lib_ip.py:4399] file : img.20181115_070710.2018-11-13_20-08-50_000.jpg.3.png 2 (black : variance --> out of range (variance = 2131.410 / upper = 0.000 / lower = 0.000))
[20181115_070712 / lib_ip.py:2273] inspecting ===> img.20181115_070710.2018-11-13_20-08-50_000.jpg.4.png
[20181115_070713 / lib_ip.py:4331] 
img.20181115_070710.2018-11-13_20-08-50_000.jpg.4.png 3 ---------------------
[20181115_070713 / lib_ip.py:3794] file = img.20181115_070710.2018-11-13_20-08-50_000.jpg.4.png / val_Average = 57.0073	val_Variance = 1803.0154	sd = 42.4619	max = 135	min = 0
[20181115_070713 / lib_ip.py:3877] len(Hs) = 8100, len(Ss) = 8100, len(Vs) = 8100
[20181115_070713 / lib_ip.py:3910] yellow : variance --> out of range (variance = 1803.015 / upper = 0.650 / lower = 0.000)
[20181115_070713 / lib_ip.py:3794] file = img.20181115_070710.2018-11-13_20-08-50_000.jpg.4.png / val_Average = 57.0073	val_Variance = 1803.0154	sd = 42.4619	max = 135	min = 0
[20181115_070713 / lib_ip.py:3977] len(Hs) = 8100, len(Ss) = 8100, len(Vs) = 8100
[20181115_070713 / lib_ip.py:4023] red : variance --> out of range (variance = 1803.015 / upper = 0.430 / lower = 0.000)
[20181115_070713 / lib_ip.py:3794] file = img.20181115_070710.2018-11-13_20-08-50_000.jpg.4.png / val_Average = 57.0073	val_Variance = 1803.0154	sd = 42.4619	max = 135	min = 0
[20181115_070713 / lib_ip.py:4090] len(Hs) = 8100, len(Ss) = 8100, len(Vs) = 8100
[20181115_070713 / lib_ip.py:4137] green : variance --> out of range (variance = 1803.015 / upper = 0.760 / lower = 0.000)
[20181115_070713 / lib_ip.py:3794] file = img.20181115_070710.2018-11-13_20-08-50_000.jpg.4.png / val_Average = 57.0073	val_Variance = 1803.0154	sd = 42.4619	max = 135	min = 0
[20181115_070713 / lib_ip.py:4204] len(Hs) = 8100, len(Ss) = 8100, len(Vs) = 8100
[20181115_070713 / lib_ip.py:4248] black : variance --> out of range (variance = 1803.015 / upper = 0.000 / lower = 0.000)
[20181115_070713 / lib_ip.py:4399] file : img.20181115_070710.2018-11-13_20-08-50_000.jpg.4.png 3 (black : variance --> out of range (variance = 1803.015 / upper = 0.000 / lower = 0.000))
[20181115_070712 / lib_ip.py:2273] inspecting ===> img.20181115_070710.2018-11-13_20-08-50_000.jpg.4.png
img.20181115_070710.2018-11-13_20-08-50_000.jpg.1.png => other
img.20181115_070710.2018-11-13_20-08-50_000.jpg.2.png => other
img.20181115_070710.2018-11-13_20-08-50_000.jpg.3.png => other
img.20181115_070710.2018-11-13_20-08-50_000.jpg.4.png => other
[20181115_070713 lib_ip.py:3300] =============== Get 4 corners
dpath_Images = C:\WORKS_2\WS\WS_Others.Art\JVEMV6\46_art\VIRTUAL\Admin_Projects\ip\images
fname_Image = img.20181115_070710.2018-11-13_20-08-50_000.jpg.4.png

[20181115_070714 / lib_ip.py:2273] inspecting ===> img.20181115_070713.2018-11-13_21-58-09_000.png.1.png
[20181115_070714 / lib_ip.py:4331] 
img.20181115_070713.2018-11-13_21-58-09_000.png.1.png 0 ---------------------
[20181115_070714 / lib_ip.py:3794] file = img.20181115_070713.2018-11-13_21-58-09_000.png.1.png / val_Average = 0.0000	val_Variance = 0.0000	sd = 0.0000	max = 0	min = 0
[20181115_070714 / lib_ip.py:3877] len(Hs) = 8100, len(Ss) = 8100, len(Vs) = 8100
[20181115_070714 / lib_ip.py:3932] yellow : average --> out of range (average = 0.000 / upper = 99.200 / lower = 88.000)
[20181115_070714 / lib_ip.py:3794] file = img.20181115_070713.2018-11-13_21-58-09_000.png.1.png / val_Average = 0.0000	val_Variance = 0.0000	sd = 0.0000	max = 0	min = 0
[20181115_070714 / lib_ip.py:3977] len(Hs) = 8100, len(Ss) = 8100, len(Vs) = 8100
[20181115_070714 / lib_ip.py:4048] red : average --> out of range (average = 0.000 / upper = 124.000 / lower = 115.000)
[20181115_070714 / lib_ip.py:3794] file = img.20181115_070713.2018-11-13_21-58-09_000.png.1.png / val_Average = 0.0000	val_Variance = 0.0000	sd = 0.0000	max = 0	min = 0
[20181115_070714 / lib_ip.py:4090] len(Hs) = 8100, len(Ss) = 8100, len(Vs) = 8100
[20181115_070714 / lib_ip.py:4162] green : average --> out of range (average = 0.000 / upper = 83.000 / lower = 58.000)
[20181115_070714 / lib_ip.py:3794] file = img.20181115_070713.2018-11-13_21-58-09_000.png.1.png / val_Average = 0.0000	val_Variance = 0.0000	sd = 0.0000	max = 0	min = 0
[20181115_070714 / lib_ip.py:4204] len(Hs) = 8100, len(Ss) = 8100, len(Vs) = 8100
[20181115_070714 / lib_ip.py:2273] inspecting ===> img.20181115_070713.2018-11-13_21-58-09_000.png.2.png
[20181115_070715 / lib_ip.py:4331] 
img.20181115_070713.2018-11-13_21-58-09_000.png.2.png 1 ---------------------
[20181115_070715 / lib_ip.py:3794] file = img.20181115_070713.2018-11-13_21-58-09_000.png.2.png / val_Average = 0.0000	val_Variance = 0.0000	sd = 0.0000	max = 0	min = 0
[20181115_070715 / lib_ip.py:3877] len(Hs) = 8100, len(Ss) = 8100, len(Vs) = 8100
[20181115_070715 / lib_ip.py:3932] yellow : average --> out of range (average = 0.000 / upper = 99.200 / lower = 88.000)
[20181115_070715 / lib_ip.py:3794] file = img.20181115_070713.2018-11-13_21-58-09_000.png.2.png / val_Average = 0.0000	val_Variance = 0.0000	sd = 0.0000	max = 0	min = 0
[20181115_070715 / lib_ip.py:3977] len(Hs) = 8100, len(Ss) = 8100, len(Vs) = 8100
[20181115_070715 / lib_ip.py:4048] red : average --> out of range (average = 0.000 / upper = 124.000 / lower = 115.000)
[20181115_070715 / lib_ip.py:3794] file = img.20181115_070713.2018-11-13_21-58-09_000.png.2.png / val_Average = 0.0000	val_Variance = 0.0000	sd = 0.0000	max = 0	min = 0
[20181115_070715 / lib_ip.py:4090] len(Hs) = 8100, len(Ss) = 8100, len(Vs) = 8100
[20181115_070715 / lib_ip.py:4162] green : average --> out of range (average = 0.000 / upper = 83.000 / lower = 58.000)
[20181115_070715 / lib_ip.py:3794] file = img.20181115_070713.2018-11-13_21-58-09_000.png.2.png / val_Average = 0.0000	val_Variance = 0.0000	sd = 0.0000	max = 0	min = 0
[20181115_070715 / lib_ip.py:4204] len(Hs) = 8100, len(Ss) = 8100, len(Vs) = 8100
[20181115_070715 / lib_ip.py:2273] inspecting ===> img.20181115_070713.2018-11-13_21-58-09_000.png.3.png
[20181115_070716 / lib_ip.py:4331] 
img.20181115_070713.2018-11-13_21-58-09_000.png.3.png 2 ---------------------
[20181115_070716 / lib_ip.py:3794] file = img.20181115_070713.2018-11-13_21-58-09_000.png.3.png / val_Average = 0.0000	val_Variance = 0.0000	sd = 0.0000	max = 0	min = 0
[20181115_070716 / lib_ip.py:3877] len(Hs) = 8100, len(Ss) = 8100, len(Vs) = 8100
[20181115_070716 / lib_ip.py:3932] yellow : average --> out of range (average = 0.000 / upper = 99.200 / lower = 88.000)
[20181115_070716 / lib_ip.py:3794] file = img.20181115_070713.2018-11-13_21-58-09_000.png.3.png / val_Average = 0.0000	val_Variance = 0.0000	sd = 0.0000	max = 0	min = 0
[20181115_070716 / lib_ip.py:3977] len(Hs) = 8100, len(Ss) = 8100, len(Vs) = 8100
[20181115_070716 / lib_ip.py:4048] red : average --> out of range (average = 0.000 / upper = 124.000 / lower = 115.000)
[20181115_070716 / lib_ip.py:3794] file = img.20181115_070713.2018-11-13_21-58-09_000.png.3.png / val_Average = 0.0000	val_Variance = 0.0000	sd = 0.0000	max = 0	min = 0
[20181115_070716 / lib_ip.py:4090] len(Hs) = 8100, len(Ss) = 8100, len(Vs) = 8100
[20181115_070716 / lib_ip.py:4162] green : average --> out of range (average = 0.000 / upper = 83.000 / lower = 58.000)
[20181115_070716 / lib_ip.py:3794] file = img.20181115_070713.2018-11-13_21-58-09_000.png.3.png / val_Average = 0.0000	val_Variance = 0.0000	sd = 0.0000	max = 0	min = 0
[20181115_070716 / lib_ip.py:4204] len(Hs) = 8100, len(Ss) = 8100, len(Vs) = 8100
[20181115_070716 / lib_ip.py:2273] inspecting ===> img.20181115_070713.2018-11-13_21-58-09_000.png.4.png
[20181115_070716 / lib_ip.py:4331] 
img.20181115_070713.2018-11-13_21-58-09_000.png.4.png 3 ---------------------
[20181115_070717 / lib_ip.py:3794] file = img.20181115_070713.2018-11-13_21-58-09_000.png.4.png / val_Average = 0.0000	val_Variance = 0.0000	sd = 0.0000	max = 0	min = 0
[20181115_070717 / lib_ip.py:3877] len(Hs) = 8100, len(Ss) = 8100, len(Vs) = 8100
[20181115_070717 / lib_ip.py:3932] yellow : average --> out of range (average = 0.000 / upper = 99.200 / lower = 88.000)
[20181115_070717 / lib_ip.py:3794] file = img.20181115_070713.2018-11-13_21-58-09_000.png.4.png / val_Average = 0.0000	val_Variance = 0.0000	sd = 0.0000	max = 0	min = 0
[20181115_070717 / lib_ip.py:3977] len(Hs) = 8100, len(Ss) = 8100, len(Vs) = 8100
[20181115_070717 / lib_ip.py:4048] red : average --> out of range (average = 0.000 / upper = 124.000 / lower = 115.000)
[20181115_070717 / lib_ip.py:3794] file = img.20181115_070713.2018-11-13_21-58-09_000.png.4.png / val_Average = 0.0000	val_Variance = 0.0000	sd = 0.0000	max = 0	min = 0
[20181115_070717 / lib_ip.py:4090] len(Hs) = 8100, len(Ss) = 8100, len(Vs) = 8100
[20181115_070717 / lib_ip.py:4162] green : average --> out of range (average = 0.000 / upper = 83.000 / lower = 58.000)
[20181115_070717 / lib_ip.py:3794] file = img.20181115_070713.2018-11-13_21-58-09_000.png.4.png / val_Average = 0.0000	val_Variance = 0.0000	sd = 0.0000	max = 0	min = 0
[20181115_070717 / lib_ip.py:4204] len(Hs) = 8100, len(Ss) = 8100, len(Vs) = 8100
[20181115_070716 / lib_ip.py:2273] inspecting ===> img.20181115_070713.2018-11-13_21-58-09_000.png.4.png
img.20181115_070713.2018-11-13_21-58-09_000.png.1.png => other
img.20181115_070713.2018-11-13_21-58-09_000.png.2.png => other
img.20181115_070713.2018-11-13_21-58-09_000.png.3.png => other
img.20181115_070713.2018-11-13_21-58-09_000.png.4.png => other
[20181115_070717 lib_ip.py:3300] =============== Get 4 corners
dpath_Images = C:\WORKS_2\WS\WS_Others.Art\JVEMV6\46_art\VIRTUAL\Admin_Projects\ip\images
fname_Image = img.20181115_070713.2018-11-13_21-58-09_000.png.4.png

[20181115_070717 / lib_ip.py:2273] inspecting ===> img.20181115_070717.2018-11-13_22-06-41_000.jpg.1.png
[20181115_070718 / lib_ip.py:4331] 
img.20181115_070717.2018-11-13_22-06-41_000.jpg.1.png 0 ---------------------
[20181115_070718 / lib_ip.py:3794] file = img.20181115_070717.2018-11-13_22-06-41_000.jpg.1.png / val_Average = 40.5125	val_Variance = 321.0064	sd = 17.9167	max = 90	min = 0
[20181115_070718 / lib_ip.py:3877] len(Hs) = 8100, len(Ss) = 8100, len(Vs) = 8100
[20181115_070718 / lib_ip.py:3910] yellow : variance --> out of range (variance = 321.006 / upper = 0.650 / lower = 0.000)
[20181115_070718 / lib_ip.py:3794] file = img.20181115_070717.2018-11-13_22-06-41_000.jpg.1.png / val_Average = 40.5125	val_Variance = 321.0064	sd = 17.9167	max = 90	min = 0
[20181115_070718 / lib_ip.py:3977] len(Hs) = 8100, len(Ss) = 8100, len(Vs) = 8100
[20181115_070718 / lib_ip.py:4023] red : variance --> out of range (variance = 321.006 / upper = 0.430 / lower = 0.000)
[20181115_070718 / lib_ip.py:3794] file = img.20181115_070717.2018-11-13_22-06-41_000.jpg.1.png / val_Average = 40.5125	val_Variance = 321.0064	sd = 17.9167	max = 90	min = 0
[20181115_070718 / lib_ip.py:4090] len(Hs) = 8100, len(Ss) = 8100, len(Vs) = 8100
[20181115_070718 / lib_ip.py:4137] green : variance --> out of range (variance = 321.006 / upper = 0.760 / lower = 0.000)
[20181115_070718 / lib_ip.py:3794] file = img.20181115_070717.2018-11-13_22-06-41_000.jpg.1.png / val_Average = 40.5125	val_Variance = 321.0064	sd = 17.9167	max = 90	min = 0
[20181115_070718 / lib_ip.py:4204] len(Hs) = 8100, len(Ss) = 8100, len(Vs) = 8100
[20181115_070718 / lib_ip.py:4248] black : variance --> out of range (variance = 321.006 / upper = 0.000 / lower = 0.000)
[20181115_070718 / lib_ip.py:4399] file : img.20181115_070717.2018-11-13_22-06-41_000.jpg.1.png 0 (black : variance --> out of range (variance = 321.006 / upper = 0.000 / lower = 0.000))
[20181115_070718 / lib_ip.py:2273] inspecting ===> img.20181115_070717.2018-11-13_22-06-41_000.jpg.2.png
[20181115_070719 / lib_ip.py:4331] 
img.20181115_070717.2018-11-13_22-06-41_000.jpg.2.png 1 ---------------------
[20181115_070719 / lib_ip.py:3794] file = img.20181115_070717.2018-11-13_22-06-41_000.jpg.2.png / val_Average = 96.3620	val_Variance = 24.8248	sd = 4.9824	max = 109	min = 78
[20181115_070719 / lib_ip.py:3877] len(Hs) = 8100, len(Ss) = 8100, len(Vs) = 8100
[20181115_070719 / lib_ip.py:3910] yellow : variance --> out of range (variance = 24.825 / upper = 0.650 / lower = 0.000)
[20181115_070719 / lib_ip.py:3794] file = img.20181115_070717.2018-11-13_22-06-41_000.jpg.2.png / val_Average = 96.3620	val_Variance = 24.8248	sd = 4.9824	max = 109	min = 78
[20181115_070719 / lib_ip.py:3977] len(Hs) = 8100, len(Ss) = 8100, len(Vs) = 8100
[20181115_070719 / lib_ip.py:4023] red : variance --> out of range (variance = 24.825 / upper = 0.430 / lower = 0.000)
[20181115_070719 / lib_ip.py:3794] file = img.20181115_070717.2018-11-13_22-06-41_000.jpg.2.png / val_Average = 96.3620	val_Variance = 24.8248	sd = 4.9824	max = 109	min = 78
[20181115_070719 / lib_ip.py:4090] len(Hs) = 8100, len(Ss) = 8100, len(Vs) = 8100
[20181115_070719 / lib_ip.py:4137] green : variance --> out of range (variance = 24.825 / upper = 0.760 / lower = 0.000)
[20181115_070719 / lib_ip.py:3794] file = img.20181115_070717.2018-11-13_22-06-41_000.jpg.2.png / val_Average = 96.3620	val_Variance = 24.8248	sd = 4.9824	max = 109	min = 78
[20181115_070719 / lib_ip.py:4204] len(Hs) = 8100, len(Ss) = 8100, len(Vs) = 8100
[20181115_070719 / lib_ip.py:4248] black : variance --> out of range (variance = 24.825 / upper = 0.000 / lower = 0.000)
[20181115_070719 / lib_ip.py:4399] file : img.20181115_070717.2018-11-13_22-06-41_000.jpg.2.png 1 (black : variance --> out of range (variance = 24.825 / upper = 0.000 / lower = 0.000))
[20181115_070719 / lib_ip.py:2273] inspecting ===> img.20181115_070717.2018-11-13_22-06-41_000.jpg.3.png
[20181115_070719 / lib_ip.py:4331] 
img.20181115_070717.2018-11-13_22-06-41_000.jpg.3.png 2 ---------------------
[20181115_070720 / lib_ip.py:3794] file = img.20181115_070717.2018-11-13_22-06-41_000.jpg.3.png / val_Average = 81.9333	val_Variance = 185.5109	sd = 13.6202	max = 107	min = 0
[20181115_070720 / lib_ip.py:3877] len(Hs) = 8100, len(Ss) = 8100, len(Vs) = 8100
[20181115_070720 / lib_ip.py:3910] yellow : variance --> out of range (variance = 185.511 / upper = 0.650 / lower = 0.000)
[20181115_070720 / lib_ip.py:3794] file = img.20181115_070717.2018-11-13_22-06-41_000.jpg.3.png / val_Average = 81.9333	val_Variance = 185.5109	sd = 13.6202	max = 107	min = 0
[20181115_070720 / lib_ip.py:3977] len(Hs) = 8100, len(Ss) = 8100, len(Vs) = 8100
[20181115_070720 / lib_ip.py:4023] red : variance --> out of range (variance = 185.511 / upper = 0.430 / lower = 0.000)
[20181115_070720 / lib_ip.py:3794] file = img.20181115_070717.2018-11-13_22-06-41_000.jpg.3.png / val_Average = 81.9333	val_Variance = 185.5109	sd = 13.6202	max = 107	min = 0
[20181115_070720 / lib_ip.py:4090] len(Hs) = 8100, len(Ss) = 8100, len(Vs) = 8100
[20181115_070720 / lib_ip.py:4137] green : variance --> out of range (variance = 185.511 / upper = 0.760 / lower = 0.000)
[20181115_070720 / lib_ip.py:3794] file = img.20181115_070717.2018-11-13_22-06-41_000.jpg.3.png / val_Average = 81.9333	val_Variance = 185.5109	sd = 13.6202	max = 107	min = 0
[20181115_070720 / lib_ip.py:4204] len(Hs) = 8100, len(Ss) = 8100, len(Vs) = 8100
[20181115_070720 / lib_ip.py:4248] black : variance --> out of range (variance = 185.511 / upper = 0.000 / lower = 0.000)
[20181115_070720 / lib_ip.py:4399] file : img.20181115_070717.2018-11-13_22-06-41_000.jpg.3.png 2 (black : variance --> out of range (variance = 185.511 / upper = 0.000 / lower = 0.000))
[20181115_070720 / lib_ip.py:2273] inspecting ===> img.20181115_070717.2018-11-13_22-06-41_000.jpg.4.png
[20181115_070720 / lib_ip.py:4331] 
img.20181115_070717.2018-11-13_22-06-41_000.jpg.4.png 3 ---------------------
[20181115_070721 / lib_ip.py:3794] file = img.20181115_070717.2018-11-13_22-06-41_000.jpg.4.png / val_Average = 62.8554	val_Variance = 488.7464	sd = 22.1076	max = 86	min = 14
[20181115_070721 / lib_ip.py:3877] len(Hs) = 8100, len(Ss) = 8100, len(Vs) = 8100
[20181115_070721 / lib_ip.py:3910] yellow : variance --> out of range (variance = 488.746 / upper = 0.650 / lower = 0.000)
[20181115_070721 / lib_ip.py:3794] file = img.20181115_070717.2018-11-13_22-06-41_000.jpg.4.png / val_Average = 62.8554	val_Variance = 488.7464	sd = 22.1076	max = 86	min = 14
[20181115_070721 / lib_ip.py:3977] len(Hs) = 8100, len(Ss) = 8100, len(Vs) = 8100
[20181115_070721 / lib_ip.py:4023] red : variance --> out of range (variance = 488.746 / upper = 0.430 / lower = 0.000)
[20181115_070721 / lib_ip.py:3794] file = img.20181115_070717.2018-11-13_22-06-41_000.jpg.4.png / val_Average = 62.8554	val_Variance = 488.7464	sd = 22.1076	max = 86	min = 14
[20181115_070721 / lib_ip.py:4090] len(Hs) = 8100, len(Ss) = 8100, len(Vs) = 8100
[20181115_070721 / lib_ip.py:4137] green : variance --> out of range (variance = 488.746 / upper = 0.760 / lower = 0.000)
[20181115_070721 / lib_ip.py:3794] file = img.20181115_070717.2018-11-13_22-06-41_000.jpg.4.png / val_Average = 62.8554	val_Variance = 488.7464	sd = 22.1076	max = 86	min = 14
[20181115_070721 / lib_ip.py:4204] len(Hs) = 8100, len(Ss) = 8100, len(Vs) = 8100
[20181115_070721 / lib_ip.py:4248] black : variance --> out of range (variance = 488.746 / upper = 0.000 / lower = 0.000)
[20181115_070721 / lib_ip.py:4399] file : img.20181115_070717.2018-11-13_22-06-41_000.jpg.4.png 3 (black : variance --> out of range (variance = 488.746 / upper = 0.000 / lower = 0.000))
[20181115_070720 / lib_ip.py:2273] inspecting ===> img.20181115_070717.2018-11-13_22-06-41_000.jpg.4.png
img.20181115_070717.2018-11-13_22-06-41_000.jpg.1.png => other
img.20181115_070717.2018-11-13_22-06-41_000.jpg.2.png => other
img.20181115_070717.2018-11-13_22-06-41_000.jpg.3.png => other
img.20181115_070717.2018-11-13_22-06-41_000.jpg.4.png => other
[20181115_070721 lib_ip.py:3300] =============== Get 4 corners
dpath_Images = C:\WORKS_2\WS\WS_Others.Art\JVEMV6\46_art\VIRTUAL\Admin_Projects\ip\images
fname_Image = img.20181115_070717.2018-11-13_22-06-41_000.jpg.4.png

[20181115_070722 / lib_ip.py:2273] inspecting ===> img.20181115_070722.2018-11-14_04-58-45_000.jpg.1.png
[20181115_070722 / lib_ip.py:4331] 
img.20181115_070722.2018-11-14_04-58-45_000.jpg.1.png 0 ---------------------
[20181115_070722 / lib_ip.py:3794] file = img.20181115_070722.2018-11-14_04-58-45_000.jpg.1.png / val_Average = 75.2056	val_Variance = 0.1774	sd = 0.4212	max = 76	min = 74
[20181115_070722 / lib_ip.py:3877] len(Hs) = 8100, len(Ss) = 8100, len(Vs) = 8100
[20181115_070722 / lib_ip.py:3932] yellow : average --> out of range (average = 75.206 / upper = 99.200 / lower = 88.000)
[20181115_070722 / lib_ip.py:3794] file = img.20181115_070722.2018-11-14_04-58-45_000.jpg.1.png / val_Average = 75.2056	val_Variance = 0.1774	sd = 0.4212	max = 76	min = 74
[20181115_070722 / lib_ip.py:3977] len(Hs) = 8100, len(Ss) = 8100, len(Vs) = 8100
[20181115_070722 / lib_ip.py:4048] red : average --> out of range (average = 75.206 / upper = 124.000 / lower = 115.000)
[20181115_070722 / lib_ip.py:3794] file = img.20181115_070722.2018-11-14_04-58-45_000.jpg.1.png / val_Average = 75.2056	val_Variance = 0.1774	sd = 0.4212	max = 76	min = 74
[20181115_070722 / lib_ip.py:4090] len(Hs) = 8100, len(Ss) = 8100, len(Vs) = 8100
[20181115_070722 / lib_ip.py:2273] inspecting ===> img.20181115_070722.2018-11-14_04-58-45_000.jpg.2.png
[20181115_070723 / lib_ip.py:4331] 
img.20181115_070722.2018-11-14_04-58-45_000.jpg.2.png 1 ---------------------
[20181115_070723 / lib_ip.py:3794] file = img.20181115_070722.2018-11-14_04-58-45_000.jpg.2.png / val_Average = 73.9281	val_Variance = 0.0748	sd = 0.2736	max = 76	min = 72
[20181115_070723 / lib_ip.py:3877] len(Hs) = 8100, len(Ss) = 8100, len(Vs) = 8100
[20181115_070723 / lib_ip.py:3932] yellow : average --> out of range (average = 73.928 / upper = 99.200 / lower = 88.000)
[20181115_070723 / lib_ip.py:3794] file = img.20181115_070722.2018-11-14_04-58-45_000.jpg.2.png / val_Average = 73.9281	val_Variance = 0.0748	sd = 0.2736	max = 76	min = 72
[20181115_070723 / lib_ip.py:3977] len(Hs) = 8100, len(Ss) = 8100, len(Vs) = 8100
[20181115_070723 / lib_ip.py:4048] red : average --> out of range (average = 73.928 / upper = 124.000 / lower = 115.000)
[20181115_070723 / lib_ip.py:3794] file = img.20181115_070722.2018-11-14_04-58-45_000.jpg.2.png / val_Average = 73.9281	val_Variance = 0.0748	sd = 0.2736	max = 76	min = 72
[20181115_070723 / lib_ip.py:4090] len(Hs) = 8100, len(Ss) = 8100, len(Vs) = 8100
[20181115_070723 / lib_ip.py:2273] inspecting ===> img.20181115_070722.2018-11-14_04-58-45_000.jpg.3.png
[20181115_070723 / lib_ip.py:4331] 
img.20181115_070722.2018-11-14_04-58-45_000.jpg.3.png 2 ---------------------
[20181115_070723 / lib_ip.py:3794] file = img.20181115_070722.2018-11-14_04-58-45_000.jpg.3.png / val_Average = 69.1352	val_Variance = 2309.3335	sd = 48.0555	max = 135	min = 0
[20181115_070724 / lib_ip.py:3877] len(Hs) = 8100, len(Ss) = 8100, len(Vs) = 8100
[20181115_070724 / lib_ip.py:3910] yellow : variance --> out of range (variance = 2309.333 / upper = 0.650 / lower = 0.000)
[20181115_070724 / lib_ip.py:3794] file = img.20181115_070722.2018-11-14_04-58-45_000.jpg.3.png / val_Average = 69.1352	val_Variance = 2309.3335	sd = 48.0555	max = 135	min = 0
[20181115_070724 / lib_ip.py:3977] len(Hs) = 8100, len(Ss) = 8100, len(Vs) = 8100
[20181115_070724 / lib_ip.py:4023] red : variance --> out of range (variance = 2309.333 / upper = 0.430 / lower = 0.000)
[20181115_070724 / lib_ip.py:3794] file = img.20181115_070722.2018-11-14_04-58-45_000.jpg.3.png / val_Average = 69.1352	val_Variance = 2309.3335	sd = 48.0555	max = 135	min = 0
[20181115_070724 / lib_ip.py:4090] len(Hs) = 8100, len(Ss) = 8100, len(Vs) = 8100
[20181115_070724 / lib_ip.py:4137] green : variance --> out of range (variance = 2309.333 / upper = 0.760 / lower = 0.000)
[20181115_070724 / lib_ip.py:3794] file = img.20181115_070722.2018-11-14_04-58-45_000.jpg.3.png / val_Average = 69.1352	val_Variance = 2309.3335	sd = 48.0555	max = 135	min = 0
[20181115_070724 / lib_ip.py:4204] len(Hs) = 8100, len(Ss) = 8100, len(Vs) = 8100
[20181115_070724 / lib_ip.py:4248] black : variance --> out of range (variance = 2309.333 / upper = 0.000 / lower = 0.000)
[20181115_070724 / lib_ip.py:4399] file : img.20181115_070722.2018-11-14_04-58-45_000.jpg.3.png 2 (black : variance --> out of range (variance = 2309.333 / upper = 0.000 / lower = 0.000))
[20181115_070724 / lib_ip.py:2273] inspecting ===> img.20181115_070722.2018-11-14_04-58-45_000.jpg.4.png
[20181115_070724 / lib_ip.py:4331] 
img.20181115_070722.2018-11-14_04-58-45_000.jpg.4.png 3 ---------------------
[20181115_070724 / lib_ip.py:3794] file = img.20181115_070722.2018-11-14_04-58-45_000.jpg.4.png / val_Average = 107.6357	val_Variance = 0.6585	sd = 0.8115	max = 110	min = 105
[20181115_070724 / lib_ip.py:3877] len(Hs) = 8100, len(Ss) = 8100, len(Vs) = 8100
[20181115_070724 / lib_ip.py:3910] yellow : variance --> out of range (variance = 0.659 / upper = 0.650 / lower = 0.000)
[20181115_070724 / lib_ip.py:3794] file = img.20181115_070722.2018-11-14_04-58-45_000.jpg.4.png / val_Average = 107.6357	val_Variance = 0.6585	sd = 0.8115	max = 110	min = 105
[20181115_070724 / lib_ip.py:3977] len(Hs) = 8100, len(Ss) = 8100, len(Vs) = 8100
[20181115_070724 / lib_ip.py:4023] red : variance --> out of range (variance = 0.659 / upper = 0.430 / lower = 0.000)
[20181115_070725 / lib_ip.py:3794] file = img.20181115_070722.2018-11-14_04-58-45_000.jpg.4.png / val_Average = 107.6357	val_Variance = 0.6585	sd = 0.8115	max = 110	min = 105
[20181115_070725 / lib_ip.py:4090] len(Hs) = 8100, len(Ss) = 8100, len(Vs) = 8100
[20181115_070725 / lib_ip.py:4162] green : average --> out of range (average = 107.636 / upper = 83.000 / lower = 58.000)
[20181115_070725 / lib_ip.py:3794] file = img.20181115_070722.2018-11-14_04-58-45_000.jpg.4.png / val_Average = 107.6357	val_Variance = 0.6585	sd = 0.8115	max = 110	min = 105
[20181115_070725 / lib_ip.py:4204] len(Hs) = 8100, len(Ss) = 8100, len(Vs) = 8100
[20181115_070725 / lib_ip.py:4248] black : variance --> out of range (variance = 0.659 / upper = 0.000 / lower = 0.000)
[20181115_070725 / lib_ip.py:4399] file : img.20181115_070722.2018-11-14_04-58-45_000.jpg.4.png 3 (black : variance --> out of range (variance = 0.659 / upper = 0.000 / lower = 0.000))
[20181115_070724 / lib_ip.py:2273] inspecting ===> img.20181115_070722.2018-11-14_04-58-45_000.jpg.4.png
img.20181115_070722.2018-11-14_04-58-45_000.jpg.1.png => other
img.20181115_070722.2018-11-14_04-58-45_000.jpg.2.png => other
img.20181115_070722.2018-11-14_04-58-45_000.jpg.3.png => other
img.20181115_070722.2018-11-14_04-58-45_000.jpg.4.png => other
[20181115_070725 lib_ip.py:3300] =============== Get 4 corners
dpath_Images = C:\WORKS_2\WS\WS_Others.Art\JVEMV6\46_art\VIRTUAL\Admin_Projects\ip\images
fname_Image = img.20181115_070722.2018-11-14_04-58-45_000.jpg.4.png

[20181115_070725 / lib_ip.py:2273] inspecting ===> img.20181115_070725.2018-11-14_05-28-25_000.jpg.1.png
[20181115_070726 / lib_ip.py:4331] 
img.20181115_070725.2018-11-14_05-28-25_000.jpg.1.png 0 ---------------------
[20181115_070726 / lib_ip.py:3794] file = img.20181115_070725.2018-11-14_05-28-25_000.jpg.1.png / val_Average = 60.7590	val_Variance = 1261.5664	sd = 35.5185	max = 160	min = 0
[20181115_070726 / lib_ip.py:3877] len(Hs) = 8100, len(Ss) = 8100, len(Vs) = 8100
[20181115_070726 / lib_ip.py:3910] yellow : variance --> out of range (variance = 1261.566 / upper = 0.650 / lower = 0.000)
[20181115_070726 / lib_ip.py:3794] file = img.20181115_070725.2018-11-14_05-28-25_000.jpg.1.png / val_Average = 60.7590	val_Variance = 1261.5664	sd = 35.5185	max = 160	min = 0
[20181115_070726 / lib_ip.py:3977] len(Hs) = 8100, len(Ss) = 8100, len(Vs) = 8100
[20181115_070726 / lib_ip.py:4023] red : variance --> out of range (variance = 1261.566 / upper = 0.430 / lower = 0.000)
[20181115_070726 / lib_ip.py:3794] file = img.20181115_070725.2018-11-14_05-28-25_000.jpg.1.png / val_Average = 60.7590	val_Variance = 1261.5664	sd = 35.5185	max = 160	min = 0
[20181115_070726 / lib_ip.py:4090] len(Hs) = 8100, len(Ss) = 8100, len(Vs) = 8100
[20181115_070726 / lib_ip.py:4137] green : variance --> out of range (variance = 1261.566 / upper = 0.760 / lower = 0.000)
[20181115_070726 / lib_ip.py:3794] file = img.20181115_070725.2018-11-14_05-28-25_000.jpg.1.png / val_Average = 60.7590	val_Variance = 1261.5664	sd = 35.5185	max = 160	min = 0
[20181115_070726 / lib_ip.py:4204] len(Hs) = 8100, len(Ss) = 8100, len(Vs) = 8100
[20181115_070726 / lib_ip.py:4248] black : variance --> out of range (variance = 1261.566 / upper = 0.000 / lower = 0.000)
[20181115_070726 / lib_ip.py:4399] file : img.20181115_070725.2018-11-14_05-28-25_000.jpg.1.png 0 (black : variance --> out of range (variance = 1261.566 / upper = 0.000 / lower = 0.000))
[20181115_070726 / lib_ip.py:2273] inspecting ===> img.20181115_070725.2018-11-14_05-28-25_000.jpg.2.png
[20181115_070726 / lib_ip.py:4331] 
img.20181115_070725.2018-11-14_05-28-25_000.jpg.2.png 1 ---------------------
[20181115_070727 / lib_ip.py:3794] file = img.20181115_070725.2018-11-14_05-28-25_000.jpg.2.png / val_Average = 91.6938	val_Variance = 54.2223	sd = 7.3636	max = 114	min = 0
[20181115_070727 / lib_ip.py:3877] len(Hs) = 8100, len(Ss) = 8100, len(Vs) = 8100
[20181115_070727 / lib_ip.py:3910] yellow : variance --> out of range (variance = 54.222 / upper = 0.650 / lower = 0.000)
[20181115_070727 / lib_ip.py:3794] file = img.20181115_070725.2018-11-14_05-28-25_000.jpg.2.png / val_Average = 91.6938	val_Variance = 54.2223	sd = 7.3636	max = 114	min = 0
[20181115_070727 / lib_ip.py:3977] len(Hs) = 8100, len(Ss) = 8100, len(Vs) = 8100
[20181115_070727 / lib_ip.py:4023] red : variance --> out of range (variance = 54.222 / upper = 0.430 / lower = 0.000)
[20181115_070727 / lib_ip.py:3794] file = img.20181115_070725.2018-11-14_05-28-25_000.jpg.2.png / val_Average = 91.6938	val_Variance = 54.2223	sd = 7.3636	max = 114	min = 0
[20181115_070727 / lib_ip.py:4090] len(Hs) = 8100, len(Ss) = 8100, len(Vs) = 8100
[20181115_070727 / lib_ip.py:4137] green : variance --> out of range (variance = 54.222 / upper = 0.760 / lower = 0.000)
[20181115_070727 / lib_ip.py:3794] file = img.20181115_070725.2018-11-14_05-28-25_000.jpg.2.png / val_Average = 91.6938	val_Variance = 54.2223	sd = 7.3636	max = 114	min = 0
[20181115_070727 / lib_ip.py:4204] len(Hs) = 8100, len(Ss) = 8100, len(Vs) = 8100
[20181115_070727 / lib_ip.py:4248] black : variance --> out of range (variance = 54.222 / upper = 0.000 / lower = 0.000)
[20181115_070727 / lib_ip.py:4399] file : img.20181115_070725.2018-11-14_05-28-25_000.jpg.2.png 1 (black : variance --> out of range (variance = 54.222 / upper = 0.000 / lower = 0.000))
[20181115_070727 / lib_ip.py:2273] inspecting ===> img.20181115_070725.2018-11-14_05-28-25_000.jpg.3.png
[20181115_070727 / lib_ip.py:4331] 
img.20181115_070725.2018-11-14_05-28-25_000.jpg.3.png 2 ---------------------
[20181115_070728 / lib_ip.py:3794] file = img.20181115_070725.2018-11-14_05-28-25_000.jpg.3.png / val_Average = 37.3128	val_Variance = 2357.1078	sd = 48.5501	max = 160	min = 0
[20181115_070728 / lib_ip.py:3877] len(Hs) = 8100, len(Ss) = 8100, len(Vs) = 8100
[20181115_070728 / lib_ip.py:3910] yellow : variance --> out of range (variance = 2357.108 / upper = 0.650 / lower = 0.000)
[20181115_070728 / lib_ip.py:3794] file = img.20181115_070725.2018-11-14_05-28-25_000.jpg.3.png / val_Average = 37.3128	val_Variance = 2357.1078	sd = 48.5501	max = 160	min = 0
[20181115_070728 / lib_ip.py:3977] len(Hs) = 8100, len(Ss) = 8100, len(Vs) = 8100
[20181115_070728 / lib_ip.py:4023] red : variance --> out of range (variance = 2357.108 / upper = 0.430 / lower = 0.000)
[20181115_070728 / lib_ip.py:3794] file = img.20181115_070725.2018-11-14_05-28-25_000.jpg.3.png / val_Average = 37.3128	val_Variance = 2357.1078	sd = 48.5501	max = 160	min = 0
[20181115_070728 / lib_ip.py:4090] len(Hs) = 8100, len(Ss) = 8100, len(Vs) = 8100
[20181115_070728 / lib_ip.py:4137] green : variance --> out of range (variance = 2357.108 / upper = 0.760 / lower = 0.000)
[20181115_070728 / lib_ip.py:3794] file = img.20181115_070725.2018-11-14_05-28-25_000.jpg.3.png / val_Average = 37.3128	val_Variance = 2357.1078	sd = 48.5501	max = 160	min = 0
[20181115_070728 / lib_ip.py:4204] len(Hs) = 8100, len(Ss) = 8100, len(Vs) = 8100
[20181115_070728 / lib_ip.py:4248] black : variance --> out of range (variance = 2357.108 / upper = 0.000 / lower = 0.000)
[20181115_070728 / lib_ip.py:4399] file : img.20181115_070725.2018-11-14_05-28-25_000.jpg.3.png 2 (black : variance --> out of range (variance = 2357.108 / upper = 0.000 / lower = 0.000))
[20181115_070728 / lib_ip.py:2273] inspecting ===> img.20181115_070725.2018-11-14_05-28-25_000.jpg.4.png
[20181115_070728 / lib_ip.py:4331] 
img.20181115_070725.2018-11-14_05-28-25_000.jpg.4.png 3 ---------------------
[20181115_070728 / lib_ip.py:3794] file = img.20181115_070725.2018-11-14_05-28-25_000.jpg.4.png / val_Average = 63.1470	val_Variance = 1487.1931	sd = 38.5641	max = 135	min = 0
[20181115_070728 / lib_ip.py:3877] len(Hs) = 8100, len(Ss) = 8100, len(Vs) = 8100
[20181115_070728 / lib_ip.py:3910] yellow : variance --> out of range (variance = 1487.193 / upper = 0.650 / lower = 0.000)
[20181115_070728 / lib_ip.py:3794] file = img.20181115_070725.2018-11-14_05-28-25_000.jpg.4.png / val_Average = 63.1470	val_Variance = 1487.1931	sd = 38.5641	max = 135	min = 0
[20181115_070729 / lib_ip.py:3977] len(Hs) = 8100, len(Ss) = 8100, len(Vs) = 8100
[20181115_070729 / lib_ip.py:4023] red : variance --> out of range (variance = 1487.193 / upper = 0.430 / lower = 0.000)
[20181115_070729 / lib_ip.py:3794] file = img.20181115_070725.2018-11-14_05-28-25_000.jpg.4.png / val_Average = 63.1470	val_Variance = 1487.1931	sd = 38.5641	max = 135	min = 0
[20181115_070729 / lib_ip.py:4090] len(Hs) = 8100, len(Ss) = 8100, len(Vs) = 8100
[20181115_070729 / lib_ip.py:4137] green : variance --> out of range (variance = 1487.193 / upper = 0.760 / lower = 0.000)
[20181115_070729 / lib_ip.py:3794] file = img.20181115_070725.2018-11-14_05-28-25_000.jpg.4.png / val_Average = 63.1470	val_Variance = 1487.1931	sd = 38.5641	max = 135	min = 0
[20181115_070729 / lib_ip.py:4204] len(Hs) = 8100, len(Ss) = 8100, len(Vs) = 8100
[20181115_070729 / lib_ip.py:4248] black : variance --> out of range (variance = 1487.193 / upper = 0.000 / lower = 0.000)
[20181115_070729 / lib_ip.py:4399] file : img.20181115_070725.2018-11-14_05-28-25_000.jpg.4.png 3 (black : variance --> out of range (variance = 1487.193 / upper = 0.000 / lower = 0.000))
[20181115_070728 / lib_ip.py:2273] inspecting ===> img.20181115_070725.2018-11-14_05-28-25_000.jpg.4.png
img.20181115_070725.2018-11-14_05-28-25_000.jpg.1.png => other
img.20181115_070725.2018-11-14_05-28-25_000.jpg.2.png => other
img.20181115_070725.2018-11-14_05-28-25_000.jpg.3.png => other
img.20181115_070725.2018-11-14_05-28-25_000.jpg.4.png => other
[20181115_070729 lib_ip.py:3300] =============== Get 4 corners
dpath_Images = C:\WORKS_2\WS\WS_Others.Art\JVEMV6\46_art\VIRTUAL\Admin_Projects\ip\images
fname_Image = img.20181115_070725.2018-11-14_05-28-25_000.jpg.4.png

[20181115_070729 / lib_ip.py:2273] inspecting ===> img.20181115_070729.2018-11-14_22-40-18_000.jpg.1.png
[20181115_070730 / lib_ip.py:4331] 
img.20181115_070729.2018-11-14_22-40-18_000.jpg.1.png 0 ---------------------
[20181115_070730 / lib_ip.py:3794] file = img.20181115_070729.2018-11-14_22-40-18_000.jpg.1.png / val_Average = 33.8001	val_Variance = 18.2528	sd = 4.2723	max = 49	min = 22
[20181115_070730 / lib_ip.py:3877] len(Hs) = 8100, len(Ss) = 8100, len(Vs) = 8100
[20181115_070730 / lib_ip.py:3910] yellow : variance --> out of range (variance = 18.253 / upper = 0.650 / lower = 0.000)
[20181115_070730 / lib_ip.py:3794] file = img.20181115_070729.2018-11-14_22-40-18_000.jpg.1.png / val_Average = 33.8001	val_Variance = 18.2528	sd = 4.2723	max = 49	min = 22
[20181115_070730 / lib_ip.py:3977] len(Hs) = 8100, len(Ss) = 8100, len(Vs) = 8100
[20181115_070730 / lib_ip.py:4023] red : variance --> out of range (variance = 18.253 / upper = 0.430 / lower = 0.000)
[20181115_070730 / lib_ip.py:3794] file = img.20181115_070729.2018-11-14_22-40-18_000.jpg.1.png / val_Average = 33.8001	val_Variance = 18.2528	sd = 4.2723	max = 49	min = 22
[20181115_070730 / lib_ip.py:4090] len(Hs) = 8100, len(Ss) = 8100, len(Vs) = 8100
[20181115_070730 / lib_ip.py:4137] green : variance --> out of range (variance = 18.253 / upper = 0.760 / lower = 0.000)
[20181115_070730 / lib_ip.py:3794] file = img.20181115_070729.2018-11-14_22-40-18_000.jpg.1.png / val_Average = 33.8001	val_Variance = 18.2528	sd = 4.2723	max = 49	min = 22
[20181115_070730 / lib_ip.py:4204] len(Hs) = 8100, len(Ss) = 8100, len(Vs) = 8100
[20181115_070730 / lib_ip.py:4248] black : variance --> out of range (variance = 18.253 / upper = 0.000 / lower = 0.000)
[20181115_070730 / lib_ip.py:4399] file : img.20181115_070729.2018-11-14_22-40-18_000.jpg.1.png 0 (black : variance --> out of range (variance = 18.253 / upper = 0.000 / lower = 0.000))
[20181115_070730 / lib_ip.py:2273] inspecting ===> img.20181115_070729.2018-11-14_22-40-18_000.jpg.2.png
[20181115_070731 / lib_ip.py:4331] 
img.20181115_070729.2018-11-14_22-40-18_000.jpg.2.png 1 ---------------------
[20181115_070731 / lib_ip.py:3794] file = img.20181115_070729.2018-11-14_22-40-18_000.jpg.2.png / val_Average = 83.0206	val_Variance = 41.1955	sd = 6.4184	max = 100	min = 0
[20181115_070731 / lib_ip.py:3877] len(Hs) = 8100, len(Ss) = 8100, len(Vs) = 8100
[20181115_070731 / lib_ip.py:3910] yellow : variance --> out of range (variance = 41.196 / upper = 0.650 / lower = 0.000)
[20181115_070731 / lib_ip.py:3794] file = img.20181115_070729.2018-11-14_22-40-18_000.jpg.2.png / val_Average = 83.0206	val_Variance = 41.1955	sd = 6.4184	max = 100	min = 0
[20181115_070731 / lib_ip.py:3977] len(Hs) = 8100, len(Ss) = 8100, len(Vs) = 8100
[20181115_070731 / lib_ip.py:4023] red : variance --> out of range (variance = 41.196 / upper = 0.430 / lower = 0.000)
[20181115_070731 / lib_ip.py:3794] file = img.20181115_070729.2018-11-14_22-40-18_000.jpg.2.png / val_Average = 83.0206	val_Variance = 41.1955	sd = 6.4184	max = 100	min = 0
[20181115_070731 / lib_ip.py:4090] len(Hs) = 8100, len(Ss) = 8100, len(Vs) = 8100
[20181115_070731 / lib_ip.py:4137] green : variance --> out of range (variance = 41.196 / upper = 0.760 / lower = 0.000)
[20181115_070731 / lib_ip.py:3794] file = img.20181115_070729.2018-11-14_22-40-18_000.jpg.2.png / val_Average = 83.0206	val_Variance = 41.1955	sd = 6.4184	max = 100	min = 0
[20181115_070731 / lib_ip.py:4204] len(Hs) = 8100, len(Ss) = 8100, len(Vs) = 8100
[20181115_070731 / lib_ip.py:4248] black : variance --> out of range (variance = 41.196 / upper = 0.000 / lower = 0.000)
[20181115_070731 / lib_ip.py:4399] file : img.20181115_070729.2018-11-14_22-40-18_000.jpg.2.png 1 (black : variance --> out of range (variance = 41.196 / upper = 0.000 / lower = 0.000))
[20181115_070731 / lib_ip.py:2273] inspecting ===> img.20181115_070729.2018-11-14_22-40-18_000.jpg.3.png
[20181115_070731 / lib_ip.py:4331] 
img.20181115_070729.2018-11-14_22-40-18_000.jpg.3.png 2 ---------------------
[20181115_070732 / lib_ip.py:3794] file = img.20181115_070729.2018-11-14_22-40-18_000.jpg.3.png / val_Average = 45.0954	val_Variance = 101.6774	sd = 10.0835	max = 69	min = 24
[20181115_070732 / lib_ip.py:3877] len(Hs) = 8100, len(Ss) = 8100, len(Vs) = 8100
[20181115_070732 / lib_ip.py:3910] yellow : variance --> out of range (variance = 101.677 / upper = 0.650 / lower = 0.000)
[20181115_070732 / lib_ip.py:3794] file = img.20181115_070729.2018-11-14_22-40-18_000.jpg.3.png / val_Average = 45.0954	val_Variance = 101.6774	sd = 10.0835	max = 69	min = 24
[20181115_070732 / lib_ip.py:3977] len(Hs) = 8100, len(Ss) = 8100, len(Vs) = 8100
[20181115_070732 / lib_ip.py:4023] red : variance --> out of range (variance = 101.677 / upper = 0.430 / lower = 0.000)
[20181115_070732 / lib_ip.py:3794] file = img.20181115_070729.2018-11-14_22-40-18_000.jpg.3.png / val_Average = 45.0954	val_Variance = 101.6774	sd = 10.0835	max = 69	min = 24
[20181115_070732 / lib_ip.py:4090] len(Hs) = 8100, len(Ss) = 8100, len(Vs) = 8100
[20181115_070732 / lib_ip.py:4137] green : variance --> out of range (variance = 101.677 / upper = 0.760 / lower = 0.000)
[20181115_070732 / lib_ip.py:3794] file = img.20181115_070729.2018-11-14_22-40-18_000.jpg.3.png / val_Average = 45.0954	val_Variance = 101.6774	sd = 10.0835	max = 69	min = 24
[20181115_070732 / lib_ip.py:4204] len(Hs) = 8100, len(Ss) = 8100, len(Vs) = 8100
[20181115_070732 / lib_ip.py:4248] black : variance --> out of range (variance = 101.677 / upper = 0.000 / lower = 0.000)
[20181115_070732 / lib_ip.py:4399] file : img.20181115_070729.2018-11-14_22-40-18_000.jpg.3.png 2 (black : variance --> out of range (variance = 101.677 / upper = 0.000 / lower = 0.000))
[20181115_070732 / lib_ip.py:2273] inspecting ===> img.20181115_070729.2018-11-14_22-40-18_000.jpg.4.png
[20181115_070732 / lib_ip.py:4331] 
img.20181115_070729.2018-11-14_22-40-18_000.jpg.4.png 3 ---------------------
[20181115_070732 / lib_ip.py:3794] file = img.20181115_070729.2018-11-14_22-40-18_000.jpg.4.png / val_Average = 26.8562	val_Variance = 23.5834	sd = 4.8563	max = 44	min = 19
[20181115_070732 / lib_ip.py:3877] len(Hs) = 8100, len(Ss) = 8100, len(Vs) = 8100
[20181115_070733 / lib_ip.py:3910] yellow : variance --> out of range (variance = 23.583 / upper = 0.650 / lower = 0.000)
[20181115_070733 / lib_ip.py:3794] file = img.20181115_070729.2018-11-14_22-40-18_000.jpg.4.png / val_Average = 26.8562	val_Variance = 23.5834	sd = 4.8563	max = 44	min = 19
[20181115_070733 / lib_ip.py:3977] len(Hs) = 8100, len(Ss) = 8100, len(Vs) = 8100
[20181115_070733 / lib_ip.py:4023] red : variance --> out of range (variance = 23.583 / upper = 0.430 / lower = 0.000)
[20181115_070733 / lib_ip.py:3794] file = img.20181115_070729.2018-11-14_22-40-18_000.jpg.4.png / val_Average = 26.8562	val_Variance = 23.5834	sd = 4.8563	max = 44	min = 19
[20181115_070733 / lib_ip.py:4090] len(Hs) = 8100, len(Ss) = 8100, len(Vs) = 8100
[20181115_070733 / lib_ip.py:4137] green : variance --> out of range (variance = 23.583 / upper = 0.760 / lower = 0.000)
[20181115_070733 / lib_ip.py:3794] file = img.20181115_070729.2018-11-14_22-40-18_000.jpg.4.png / val_Average = 26.8562	val_Variance = 23.5834	sd = 4.8563	max = 44	min = 19
[20181115_070733 / lib_ip.py:4204] len(Hs) = 8100, len(Ss) = 8100, len(Vs) = 8100
[20181115_070733 / lib_ip.py:4248] black : variance --> out of range (variance = 23.583 / upper = 0.000 / lower = 0.000)
[20181115_070733 / lib_ip.py:4399] file : img.20181115_070729.2018-11-14_22-40-18_000.jpg.4.png 3 (black : variance --> out of range (variance = 23.583 / upper = 0.000 / lower = 0.000))
[20181115_070732 / lib_ip.py:2273] inspecting ===> img.20181115_070729.2018-11-14_22-40-18_000.jpg.4.png
img.20181115_070729.2018-11-14_22-40-18_000.jpg.1.png => other
img.20181115_070729.2018-11-14_22-40-18_000.jpg.2.png => other
img.20181115_070729.2018-11-14_22-40-18_000.jpg.3.png => other
img.20181115_070729.2018-11-14_22-40-18_000.jpg.4.png => other
[20181115_070733 lib_ip.py:3300] =============== Get 4 corners
dpath_Images = C:\WORKS_2\WS\WS_Others.Art\JVEMV6\46_art\VIRTUAL\Admin_Projects\ip\images
fname_Image = img.20181115_070729.2018-11-14_22-40-18_000.jpg.4.png

[20181115_070733 / lib_ip.py:2273] inspecting ===> img.20181115_070733.2018-11-14_23-42-54_000.jpg.1.png
[20181115_070734 / lib_ip.py:4331] 
img.20181115_070733.2018-11-14_23-42-54_000.jpg.1.png 0 ---------------------
[20181115_070734 / lib_ip.py:3794] file = img.20181115_070733.2018-11-14_23-42-54_000.jpg.1.png / val_Average = 83.4048	val_Variance = 2444.6859	sd = 49.4438	max = 160	min = 0
[20181115_070734 / lib_ip.py:3877] len(Hs) = 8100, len(Ss) = 8100, len(Vs) = 8100
[20181115_070734 / lib_ip.py:3910] yellow : variance --> out of range (variance = 2444.686 / upper = 0.650 / lower = 0.000)
[20181115_070734 / lib_ip.py:3794] file = img.20181115_070733.2018-11-14_23-42-54_000.jpg.1.png / val_Average = 83.4048	val_Variance = 2444.6859	sd = 49.4438	max = 160	min = 0
[20181115_070734 / lib_ip.py:3977] len(Hs) = 8100, len(Ss) = 8100, len(Vs) = 8100
[20181115_070734 / lib_ip.py:4023] red : variance --> out of range (variance = 2444.686 / upper = 0.430 / lower = 0.000)
[20181115_070734 / lib_ip.py:3794] file = img.20181115_070733.2018-11-14_23-42-54_000.jpg.1.png / val_Average = 83.4048	val_Variance = 2444.6859	sd = 49.4438	max = 160	min = 0
[20181115_070734 / lib_ip.py:4090] len(Hs) = 8100, len(Ss) = 8100, len(Vs) = 8100
[20181115_070734 / lib_ip.py:4137] green : variance --> out of range (variance = 2444.686 / upper = 0.760 / lower = 0.000)
[20181115_070734 / lib_ip.py:3794] file = img.20181115_070733.2018-11-14_23-42-54_000.jpg.1.png / val_Average = 83.4048	val_Variance = 2444.6859	sd = 49.4438	max = 160	min = 0
[20181115_070734 / lib_ip.py:4204] len(Hs) = 8100, len(Ss) = 8100, len(Vs) = 8100
[20181115_070734 / lib_ip.py:4248] black : variance --> out of range (variance = 2444.686 / upper = 0.000 / lower = 0.000)
[20181115_070734 / lib_ip.py:4399] file : img.20181115_070733.2018-11-14_23-42-54_000.jpg.1.png 0 (black : variance --> out of range (variance = 2444.686 / upper = 0.000 / lower = 0.000))
[20181115_070735 / lib_ip.py:2273] inspecting ===> img.20181115_070733.2018-11-14_23-42-54_000.jpg.2.png
[20181115_070735 / lib_ip.py:4331] 
img.20181115_070733.2018-11-14_23-42-54_000.jpg.2.png 1 ---------------------
[20181115_070735 / lib_ip.py:3794] file = img.20181115_070733.2018-11-14_23-42-54_000.jpg.2.png / val_Average = 77.8288	val_Variance = 2783.5301	sd = 52.7592	max = 160	min = 0
[20181115_070735 / lib_ip.py:3877] len(Hs) = 8100, len(Ss) = 8100, len(Vs) = 8100
[20181115_070735 / lib_ip.py:3910] yellow : variance --> out of range (variance = 2783.530 / upper = 0.650 / lower = 0.000)
[20181115_070735 / lib_ip.py:3794] file = img.20181115_070733.2018-11-14_23-42-54_000.jpg.2.png / val_Average = 77.8288	val_Variance = 2783.5301	sd = 52.7592	max = 160	min = 0
[20181115_070735 / lib_ip.py:3977] len(Hs) = 8100, len(Ss) = 8100, len(Vs) = 8100
[20181115_070735 / lib_ip.py:4023] red : variance --> out of range (variance = 2783.530 / upper = 0.430 / lower = 0.000)
[20181115_070735 / lib_ip.py:3794] file = img.20181115_070733.2018-11-14_23-42-54_000.jpg.2.png / val_Average = 77.8288	val_Variance = 2783.5301	sd = 52.7592	max = 160	min = 0
[20181115_070735 / lib_ip.py:4090] len(Hs) = 8100, len(Ss) = 8100, len(Vs) = 8100
[20181115_070735 / lib_ip.py:4137] green : variance --> out of range (variance = 2783.530 / upper = 0.760 / lower = 0.000)
[20181115_070735 / lib_ip.py:3794] file = img.20181115_070733.2018-11-14_23-42-54_000.jpg.2.png / val_Average = 77.8288	val_Variance = 2783.5301	sd = 52.7592	max = 160	min = 0
[20181115_070735 / lib_ip.py:4204] len(Hs) = 8100, len(Ss) = 8100, len(Vs) = 8100
[20181115_070735 / lib_ip.py:4248] black : variance --> out of range (variance = 2783.530 / upper = 0.000 / lower = 0.000)
[20181115_070735 / lib_ip.py:4399] file : img.20181115_070733.2018-11-14_23-42-54_000.jpg.2.png 1 (black : variance --> out of range (variance = 2783.530 / upper = 0.000 / lower = 0.000))
[20181115_070735 / lib_ip.py:2273] inspecting ===> img.20181115_070733.2018-11-14_23-42-54_000.jpg.3.png
[20181115_070735 / lib_ip.py:4331] 
img.20181115_070733.2018-11-14_23-42-54_000.jpg.3.png 2 ---------------------
[20181115_070736 / lib_ip.py:3794] file = img.20181115_070733.2018-11-14_23-42-54_000.jpg.3.png / val_Average = 80.6830	val_Variance = 2279.9723	sd = 47.7491	max = 160	min = 0
[20181115_070736 / lib_ip.py:3877] len(Hs) = 8100, len(Ss) = 8100, len(Vs) = 8100
[20181115_070736 / lib_ip.py:3910] yellow : variance --> out of range (variance = 2279.972 / upper = 0.650 / lower = 0.000)
[20181115_070736 / lib_ip.py:3794] file = img.20181115_070733.2018-11-14_23-42-54_000.jpg.3.png / val_Average = 80.6830	val_Variance = 2279.9723	sd = 47.7491	max = 160	min = 0
[20181115_070736 / lib_ip.py:3977] len(Hs) = 8100, len(Ss) = 8100, len(Vs) = 8100
[20181115_070736 / lib_ip.py:4023] red : variance --> out of range (variance = 2279.972 / upper = 0.430 / lower = 0.000)
[20181115_070736 / lib_ip.py:3794] file = img.20181115_070733.2018-11-14_23-42-54_000.jpg.3.png / val_Average = 80.6830	val_Variance = 2279.9723	sd = 47.7491	max = 160	min = 0
[20181115_070736 / lib_ip.py:4090] len(Hs) = 8100, len(Ss) = 8100, len(Vs) = 8100
[20181115_070736 / lib_ip.py:4137] green : variance --> out of range (variance = 2279.972 / upper = 0.760 / lower = 0.000)
[20181115_070736 / lib_ip.py:3794] file = img.20181115_070733.2018-11-14_23-42-54_000.jpg.3.png / val_Average = 80.6830	val_Variance = 2279.9723	sd = 47.7491	max = 160	min = 0
[20181115_070736 / lib_ip.py:4204] len(Hs) = 8100, len(Ss) = 8100, len(Vs) = 8100
[20181115_070736 / lib_ip.py:4248] black : variance --> out of range (variance = 2279.972 / upper = 0.000 / lower = 0.000)
[20181115_070736 / lib_ip.py:4399] file : img.20181115_070733.2018-11-14_23-42-54_000.jpg.3.png 2 (black : variance --> out of range (variance = 2279.972 / upper = 0.000 / lower = 0.000))
[20181115_070736 / lib_ip.py:2273] inspecting ===> img.20181115_070733.2018-11-14_23-42-54_000.jpg.4.png
[20181115_070737 / lib_ip.py:4331] 
img.20181115_070733.2018-11-14_23-42-54_000.jpg.4.png 3 ---------------------
[20181115_070737 / lib_ip.py:3794] file = img.20181115_070733.2018-11-14_23-42-54_000.jpg.4.png / val_Average = 51.5821	val_Variance = 2227.6586	sd = 47.1981	max = 175	min = 0
[20181115_070737 / lib_ip.py:3877] len(Hs) = 8100, len(Ss) = 8100, len(Vs) = 8100
[20181115_070737 / lib_ip.py:3910] yellow : variance --> out of range (variance = 2227.659 / upper = 0.650 / lower = 0.000)
[20181115_070737 / lib_ip.py:3794] file = img.20181115_070733.2018-11-14_23-42-54_000.jpg.4.png / val_Average = 51.5821	val_Variance = 2227.6586	sd = 47.1981	max = 175	min = 0
[20181115_070737 / lib_ip.py:3977] len(Hs) = 8100, len(Ss) = 8100, len(Vs) = 8100
[20181115_070737 / lib_ip.py:4023] red : variance --> out of range (variance = 2227.659 / upper = 0.430 / lower = 0.000)
[20181115_070737 / lib_ip.py:3794] file = img.20181115_070733.2018-11-14_23-42-54_000.jpg.4.png / val_Average = 51.5821	val_Variance = 2227.6586	sd = 47.1981	max = 175	min = 0
[20181115_070737 / lib_ip.py:4090] len(Hs) = 8100, len(Ss) = 8100, len(Vs) = 8100
[20181115_070737 / lib_ip.py:4137] green : variance --> out of range (variance = 2227.659 / upper = 0.760 / lower = 0.000)
[20181115_070737 / lib_ip.py:3794] file = img.20181115_070733.2018-11-14_23-42-54_000.jpg.4.png / val_Average = 51.5821	val_Variance = 2227.6586	sd = 47.1981	max = 175	min = 0
[20181115_070737 / lib_ip.py:4204] len(Hs) = 8100, len(Ss) = 8100, len(Vs) = 8100
[20181115_070737 / lib_ip.py:4248] black : variance --> out of range (variance = 2227.659 / upper = 0.000 / lower = 0.000)
[20181115_070737 / lib_ip.py:4399] file : img.20181115_070733.2018-11-14_23-42-54_000.jpg.4.png 3 (black : variance --> out of range (variance = 2227.659 / upper = 0.000 / lower = 0.000))
[20181115_070736 / lib_ip.py:2273] inspecting ===> img.20181115_070733.2018-11-14_23-42-54_000.jpg.4.png
img.20181115_070733.2018-11-14_23-42-54_000.jpg.1.png => other
img.20181115_070733.2018-11-14_23-42-54_000.jpg.2.png => other
img.20181115_070733.2018-11-14_23-42-54_000.jpg.3.png => other
img.20181115_070733.2018-11-14_23-42-54_000.jpg.4.png => other
[20181115_070737 lib_ip.py:3300] =============== Get 4 corners
dpath_Images = C:\WORKS_2\WS\WS_Others.Art\JVEMV6\46_art\VIRTUAL\Admin_Projects\ip\images
fname_Image = img.20181115_070733.2018-11-14_23-42-54_000.jpg.4.png

[20181115_070738 / lib_ip.py:2273] inspecting ===> img.20181115_070738.2018-11-15_06-33-56_000.jpg.1.png
[20181115_070738 / lib_ip.py:4331] 
img.20181115_070738.2018-11-15_06-33-56_000.jpg.1.png 0 ---------------------
[20181115_070738 / lib_ip.py:3794] file = img.20181115_070738.2018-11-15_06-33-56_000.jpg.1.png / val_Average = 109.6580	val_Variance = 2.8110	sd = 1.6766	max = 120	min = 105
[20181115_070738 / lib_ip.py:3877] len(Hs) = 8100, len(Ss) = 8100, len(Vs) = 8100
[20181115_070738 / lib_ip.py:3910] yellow : variance --> out of range (variance = 2.811 / upper = 0.650 / lower = 0.000)
[20181115_070738 / lib_ip.py:3794] file = img.20181115_070738.2018-11-15_06-33-56_000.jpg.1.png / val_Average = 109.6580	val_Variance = 2.8110	sd = 1.6766	max = 120	min = 105
[20181115_070738 / lib_ip.py:3977] len(Hs) = 8100, len(Ss) = 8100, len(Vs) = 8100
[20181115_070738 / lib_ip.py:4023] red : variance --> out of range (variance = 2.811 / upper = 0.430 / lower = 0.000)
[20181115_070738 / lib_ip.py:3794] file = img.20181115_070738.2018-11-15_06-33-56_000.jpg.1.png / val_Average = 109.6580	val_Variance = 2.8110	sd = 1.6766	max = 120	min = 105
[20181115_070738 / lib_ip.py:4090] len(Hs) = 8100, len(Ss) = 8100, len(Vs) = 8100
[20181115_070738 / lib_ip.py:4137] green : variance --> out of range (variance = 2.811 / upper = 0.760 / lower = 0.000)
[20181115_070738 / lib_ip.py:3794] file = img.20181115_070738.2018-11-15_06-33-56_000.jpg.1.png / val_Average = 109.6580	val_Variance = 2.8110	sd = 1.6766	max = 120	min = 105
[20181115_070738 / lib_ip.py:4204] len(Hs) = 8100, len(Ss) = 8100, len(Vs) = 8100
[20181115_070739 / lib_ip.py:4248] black : variance --> out of range (variance = 2.811 / upper = 0.000 / lower = 0.000)
[20181115_070739 / lib_ip.py:4399] file : img.20181115_070738.2018-11-15_06-33-56_000.jpg.1.png 0 (black : variance --> out of range (variance = 2.811 / upper = 0.000 / lower = 0.000))
[20181115_070739 / lib_ip.py:2273] inspecting ===> img.20181115_070738.2018-11-15_06-33-56_000.jpg.2.png
[20181115_070739 / lib_ip.py:4331] 
img.20181115_070738.2018-11-15_06-33-56_000.jpg.2.png 1 ---------------------
[20181115_070739 / lib_ip.py:3794] file = img.20181115_070738.2018-11-15_06-33-56_000.jpg.2.png / val_Average = 117.3196	val_Variance = 17.0738	sd = 4.1320	max = 131	min = 108
[20181115_070739 / lib_ip.py:3877] len(Hs) = 8100, len(Ss) = 8100, len(Vs) = 8100
[20181115_070739 / lib_ip.py:3910] yellow : variance --> out of range (variance = 17.074 / upper = 0.650 / lower = 0.000)
[20181115_070739 / lib_ip.py:3794] file = img.20181115_070738.2018-11-15_06-33-56_000.jpg.2.png / val_Average = 117.3196	val_Variance = 17.0738	sd = 4.1320	max = 131	min = 108
[20181115_070739 / lib_ip.py:3977] len(Hs) = 8100, len(Ss) = 8100, len(Vs) = 8100
[20181115_070739 / lib_ip.py:4023] red : variance --> out of range (variance = 17.074 / upper = 0.430 / lower = 0.000)
[20181115_070739 / lib_ip.py:3794] file = img.20181115_070738.2018-11-15_06-33-56_000.jpg.2.png / val_Average = 117.3196	val_Variance = 17.0738	sd = 4.1320	max = 131	min = 108
[20181115_070739 / lib_ip.py:4090] len(Hs) = 8100, len(Ss) = 8100, len(Vs) = 8100
[20181115_070739 / lib_ip.py:4137] green : variance --> out of range (variance = 17.074 / upper = 0.760 / lower = 0.000)
[20181115_070739 / lib_ip.py:3794] file = img.20181115_070738.2018-11-15_06-33-56_000.jpg.2.png / val_Average = 117.3196	val_Variance = 17.0738	sd = 4.1320	max = 131	min = 108
[20181115_070739 / lib_ip.py:4204] len(Hs) = 8100, len(Ss) = 8100, len(Vs) = 8100
[20181115_070739 / lib_ip.py:4248] black : variance --> out of range (variance = 17.074 / upper = 0.000 / lower = 0.000)
[20181115_070739 / lib_ip.py:4399] file : img.20181115_070738.2018-11-15_06-33-56_000.jpg.2.png 1 (black : variance --> out of range (variance = 17.074 / upper = 0.000 / lower = 0.000))
[20181115_070739 / lib_ip.py:2273] inspecting ===> img.20181115_070738.2018-11-15_06-33-56_000.jpg.3.png
[20181115_070740 / lib_ip.py:4331] 
img.20181115_070738.2018-11-15_06-33-56_000.jpg.3.png 2 ---------------------
[20181115_070740 / lib_ip.py:3794] file = img.20181115_070738.2018-11-15_06-33-56_000.jpg.3.png / val_Average = 110.5377	val_Variance = 2.8861	sd = 1.6989	max = 119	min = 105
[20181115_070740 / lib_ip.py:3877] len(Hs) = 8100, len(Ss) = 8100, len(Vs) = 8100
[20181115_070740 / lib_ip.py:3910] yellow : variance --> out of range (variance = 2.886 / upper = 0.650 / lower = 0.000)
[20181115_070740 / lib_ip.py:3794] file = img.20181115_070738.2018-11-15_06-33-56_000.jpg.3.png / val_Average = 110.5377	val_Variance = 2.8861	sd = 1.6989	max = 119	min = 105
[20181115_070740 / lib_ip.py:3977] len(Hs) = 8100, len(Ss) = 8100, len(Vs) = 8100
[20181115_070740 / lib_ip.py:4023] red : variance --> out of range (variance = 2.886 / upper = 0.430 / lower = 0.000)
[20181115_070740 / lib_ip.py:3794] file = img.20181115_070738.2018-11-15_06-33-56_000.jpg.3.png / val_Average = 110.5377	val_Variance = 2.8861	sd = 1.6989	max = 119	min = 105
[20181115_070740 / lib_ip.py:4090] len(Hs) = 8100, len(Ss) = 8100, len(Vs) = 8100
[20181115_070740 / lib_ip.py:4137] green : variance --> out of range (variance = 2.886 / upper = 0.760 / lower = 0.000)
[20181115_070740 / lib_ip.py:3794] file = img.20181115_070738.2018-11-15_06-33-56_000.jpg.3.png / val_Average = 110.5377	val_Variance = 2.8861	sd = 1.6989	max = 119	min = 105
[20181115_070740 / lib_ip.py:4204] len(Hs) = 8100, len(Ss) = 8100, len(Vs) = 8100
[20181115_070740 / lib_ip.py:4248] black : variance --> out of range (variance = 2.886 / upper = 0.000 / lower = 0.000)
[20181115_070740 / lib_ip.py:4399] file : img.20181115_070738.2018-11-15_06-33-56_000.jpg.3.png 2 (black : variance --> out of range (variance = 2.886 / upper = 0.000 / lower = 0.000))
[20181115_070740 / lib_ip.py:2273] inspecting ===> img.20181115_070738.2018-11-15_06-33-56_000.jpg.4.png
[20181115_070741 / lib_ip.py:4331] 
img.20181115_070738.2018-11-15_06-33-56_000.jpg.4.png 3 ---------------------
[20181115_070741 / lib_ip.py:3794] file = img.20181115_070738.2018-11-15_06-33-56_000.jpg.4.png / val_Average = 107.3663	val_Variance = 0.7479	sd = 0.8648	max = 111	min = 105
[20181115_070741 / lib_ip.py:3877] len(Hs) = 8100, len(Ss) = 8100, len(Vs) = 8100
[20181115_070741 / lib_ip.py:3910] yellow : variance --> out of range (variance = 0.748 / upper = 0.650 / lower = 0.000)
[20181115_070741 / lib_ip.py:3794] file = img.20181115_070738.2018-11-15_06-33-56_000.jpg.4.png / val_Average = 107.3663	val_Variance = 0.7479	sd = 0.8648	max = 111	min = 105
[20181115_070741 / lib_ip.py:3977] len(Hs) = 8100, len(Ss) = 8100, len(Vs) = 8100
[20181115_070741 / lib_ip.py:4023] red : variance --> out of range (variance = 0.748 / upper = 0.430 / lower = 0.000)
[20181115_070741 / lib_ip.py:3794] file = img.20181115_070738.2018-11-15_06-33-56_000.jpg.4.png / val_Average = 107.3663	val_Variance = 0.7479	sd = 0.8648	max = 111	min = 105
[20181115_070741 / lib_ip.py:4090] len(Hs) = 8100, len(Ss) = 8100, len(Vs) = 8100
[20181115_070741 / lib_ip.py:4162] green : average --> out of range (average = 107.366 / upper = 83.000 / lower = 58.000)
[20181115_070741 / lib_ip.py:3794] file = img.20181115_070738.2018-11-15_06-33-56_000.jpg.4.png / val_Average = 107.3663	val_Variance = 0.7479	sd = 0.8648	max = 111	min = 105
[20181115_070741 / lib_ip.py:4204] len(Hs) = 8100, len(Ss) = 8100, len(Vs) = 8100
[20181115_070741 / lib_ip.py:4248] black : variance --> out of range (variance = 0.748 / upper = 0.000 / lower = 0.000)
[20181115_070741 / lib_ip.py:4399] file : img.20181115_070738.2018-11-15_06-33-56_000.jpg.4.png 3 (black : variance --> out of range (variance = 0.748 / upper = 0.000 / lower = 0.000))
[20181115_070740 / lib_ip.py:2273] inspecting ===> img.20181115_070738.2018-11-15_06-33-56_000.jpg.4.png
img.20181115_070738.2018-11-15_06-33-56_000.jpg.1.png => other
img.20181115_070738.2018-11-15_06-33-56_000.jpg.2.png => other
img.20181115_070738.2018-11-15_06-33-56_000.jpg.3.png => other
img.20181115_070738.2018-11-15_06-33-56_000.jpg.4.png => other
[20181115_070741 lib_ip.py:3300] =============== Get 4 corners
dpath_Images = C:\WORKS_2\WS\WS_Others.Art\JVEMV6\46_art\VIRTUAL\Admin_Projects\ip\images
fname_Image = img.20181115_070738.2018-11-15_06-33-56_000.jpg.4.png

[20181115_070741 / views.py:1411] gen csv => complete (20181115_070741)(elapsed = 36.127 sec / 9 files / 4.014 sec per file)
1)	2018-11-13_09-46-50_000.jpg => 	other other yellow other 
2)	2018-11-13_20-08-50_000.jpg => 	other yellow other other 
3)	2018-11-13_21-58-09_000.png => 	black black black black 
4)	2018-11-13_22-06-41_000.jpg => 	other other other other 
5)	2018-11-14_04-58-45_000.jpg => 	green green other other 
6)	2018-11-14_05-28-25_000.jpg => 	other other other other 
7)	2018-11-14_22-40-18_000.jpg => 	other other other other 
8)	2018-11-14_23-42-54_000.jpg => 	other other other other 
9)	2018-11-15_06-33-56_000.jpg => 	other other other other 
[20181115_070741 / views.py:1797] lo_ColorName_Set__Modified_2 =>
1)	2018-11-13_09-46-50_000.jpg => 	o o o y 
2)	2018-11-13_20-08-50_000.jpg => 	o o o y 
3)	2018-11-13_21-58-09_000.png => 	a a a a 
4)	2018-11-13_22-06-41_000.jpg => 	o o o o 
5)	2018-11-14_04-58-45_000.jpg => 	g g o o 
6)	2018-11-14_05-28-25_000.jpg => 	o o o o 
7)	2018-11-14_22-40-18_000.jpg => 	o o o o 
8)	2018-11-14_23-42-54_000.jpg => 	o o o o 
9)	2018-11-15_06-33-56_000.jpg => 	o o o o 
[20181115_070742 / lib_ip.py:4595] no key 'GPSInfo' for file : C:\WORKS_2\WS\WS_Others.Art\JVEMV6\46_art\VIRTUAL\Admin_Projects\ip\images\2018-11-13_21-58-09_000.png
[20181115_070742 / views.py:1908] gen_Cake_CSV(request) ==> ending... =======================//

