[20181225_103950 / views.py:1878] exec_get_4_corners(request) ================================
[20181225_103952 / lib_ip.py:1961] lo_Color_Names =>
img.20181225_103951.2018-12-25_09-14-21_000.jpg.1.png => other
img.20181225_103951.2018-12-25_09-14-21_000.jpg.2.png => other
img.20181225_103951.2018-12-25_09-14-21_000.jpg.3.png => other
img.20181225_103951.2018-12-25_09-14-21_000.jpg.4.png => other
[20181225_103952 / lib_ip.py:4399] 
2018-12-25_09-14-21_000.jpg 0 ---------------------
[20181225_103952 / lib_ip.py:3753] file = 2018-12-25_09-14-21_000.jpg / val_Average = 11.2873	val_Variance = 0.7203	sd = 0.8487	max = 15	min = 9
[20181225_103953 / lib_ip.py:3836] len(Hs) = 8100, len(Ss) = 8100, len(Vs) = 8100
[20181225_103953 / lib_ip.py:3869] yellow : variance --> out of range (variance = 0.720 / upper = 0.650 / lower = 0.000)
[20181225_103953 / lib_ip.py:3753] file = 2018-12-25_09-14-21_000.jpg / val_Average = 11.2873	val_Variance = 0.7203	sd = 0.8487	max = 15	min = 9
[20181225_103953 / lib_ip.py:3936] len(Hs) = 8100, len(Ss) = 8100, len(Vs) = 8100
[20181225_103953 / lib_ip.py:3982] red : variance --> out of range (variance = 0.720 / upper = 0.430 / lower = 0.000)
[20181225_103953 / lib_ip.py:3753] file = 2018-12-25_09-14-21_000.jpg / val_Average = 11.2873	val_Variance = 0.7203	sd = 0.8487	max = 15	min = 9
[20181225_103953 / lib_ip.py:4052] len(Hs) = 8100, len(Ss) = 8100, len(Vs) = 8100
[20181225_103953 / lib_ip.py:4124] green : average --> out of range (average = 11.287 / upper = 83.000 / lower = 58.000)
[20181225_103953 / lib_ip.py:3753] file = 2018-12-25_09-14-21_000.jpg / val_Average = 11.2873	val_Variance = 0.7203	sd = 0.8487	max = 15	min = 9
[20181225_103953 / lib_ip.py:4169] len(Hs) = 8100, len(Ss) = 8100, len(Vs) = 8100
[20181225_103953 / lib_ip.py:4399] 
2018-12-25_09-14-21_000.jpg 1 ---------------------
[20181225_103953 / lib_ip.py:3753] file = 2018-12-25_09-14-21_000.jpg / val_Average = 20.3937	val_Variance = 917.5498	sd = 30.2911	max = 176	min = 0
[20181225_103954 / lib_ip.py:3836] len(Hs) = 8100, len(Ss) = 8100, len(Vs) = 8100
[20181225_103954 / lib_ip.py:3869] yellow : variance --> out of range (variance = 917.550 / upper = 0.650 / lower = 0.000)
[20181225_103954 / lib_ip.py:3753] file = 2018-12-25_09-14-21_000.jpg / val_Average = 20.3937	val_Variance = 917.5498	sd = 30.2911	max = 176	min = 0
[20181225_103954 / lib_ip.py:3936] len(Hs) = 8100, len(Ss) = 8100, len(Vs) = 8100
[20181225_103954 / lib_ip.py:3982] red : variance --> out of range (variance = 917.550 / upper = 0.430 / lower = 0.000)
[20181225_103954 / lib_ip.py:3753] file = 2018-12-25_09-14-21_000.jpg / val_Average = 20.3937	val_Variance = 917.5498	sd = 30.2911	max = 176	min = 0
[20181225_103954 / lib_ip.py:4052] len(Hs) = 8100, len(Ss) = 8100, len(Vs) = 8100
[20181225_103954 / lib_ip.py:4099] green : variance --> out of range (variance = 917.550 / upper = 0.760 / lower = 0.000)
[20181225_103955 / lib_ip.py:3753] file = 2018-12-25_09-14-21_000.jpg / val_Average = 20.3937	val_Variance = 917.5498	sd = 30.2911	max = 176	min = 0
[20181225_103955 / lib_ip.py:4169] len(Hs) = 8100, len(Ss) = 8100, len(Vs) = 8100
[20181225_103955 / lib_ip.py:4208] blue : variance --> out of range (variance = 917.550 / upper = 0.930 / lower = 0.010)
[20181225_103955 / lib_ip.py:3753] file = 2018-12-25_09-14-21_000.jpg / val_Average = 20.3937	val_Variance = 917.5498	sd = 30.2911	max = 176	min = 0
[20181225_103955 / lib_ip.py:4272] len(Hs) = 8100, len(Ss) = 8100, len(Vs) = 8100
[20181225_103955 / lib_ip.py:4316] black : variance --> out of range (variance = 917.550 / upper = 0.000 / lower = 0.000)
[20181225_103955 / lib_ip.py:4477] file : 2018-12-25_09-14-21_000.jpg 1 (black : variance --> out of range (variance = 917.550 / upper = 0.000 / lower = 0.000))
[20181225_103955 / lib_ip.py:4399] 
2018-12-25_09-14-21_000.jpg 2 ---------------------
[20181225_103955 / lib_ip.py:3753] file = 2018-12-25_09-14-21_000.jpg / val_Average = 100.3752	val_Variance = 1.2480	sd = 1.1171	max = 102	min = 97
[20181225_103955 / lib_ip.py:3836] len(Hs) = 8100, len(Ss) = 8100, len(Vs) = 8100
[20181225_103955 / lib_ip.py:3869] yellow : variance --> out of range (variance = 1.248 / upper = 0.650 / lower = 0.000)
[20181225_103955 / lib_ip.py:3753] file = 2018-12-25_09-14-21_000.jpg / val_Average = 100.3752	val_Variance = 1.2480	sd = 1.1171	max = 102	min = 97
[20181225_103955 / lib_ip.py:3936] len(Hs) = 8100, len(Ss) = 8100, len(Vs) = 8100
[20181225_103955 / lib_ip.py:3982] red : variance --> out of range (variance = 1.248 / upper = 0.430 / lower = 0.000)
[20181225_103955 / lib_ip.py:3753] file = 2018-12-25_09-14-21_000.jpg / val_Average = 100.3752	val_Variance = 1.2480	sd = 1.1171	max = 102	min = 97
[20181225_103955 / lib_ip.py:4052] len(Hs) = 8100, len(Ss) = 8100, len(Vs) = 8100
[20181225_103956 / lib_ip.py:4099] green : variance --> out of range (variance = 1.248 / upper = 0.760 / lower = 0.000)
[20181225_103956 / lib_ip.py:3753] file = 2018-12-25_09-14-21_000.jpg / val_Average = 100.3752	val_Variance = 1.2480	sd = 1.1171	max = 102	min = 97
[20181225_103956 / lib_ip.py:4169] len(Hs) = 8100, len(Ss) = 8100, len(Vs) = 8100
[20181225_103956 / lib_ip.py:4208] blue : variance --> out of range (variance = 1.248 / upper = 0.930 / lower = 0.010)
[20181225_103956 / lib_ip.py:3753] file = 2018-12-25_09-14-21_000.jpg / val_Average = 100.3752	val_Variance = 1.2480	sd = 1.1171	max = 102	min = 97
[20181225_103956 / lib_ip.py:4272] len(Hs) = 8100, len(Ss) = 8100, len(Vs) = 8100
[20181225_103956 / lib_ip.py:4316] black : variance --> out of range (variance = 1.248 / upper = 0.000 / lower = 0.000)
[20181225_103956 / lib_ip.py:4477] file : 2018-12-25_09-14-21_000.jpg 2 (black : variance --> out of range (variance = 1.248 / upper = 0.000 / lower = 0.000))
[20181225_103956 / lib_ip.py:4399] 
2018-12-25_09-14-21_000.jpg 3 ---------------------
[20181225_103957 / lib_ip.py:3753] file = 2018-12-25_09-14-21_000.jpg / val_Average = 101.5383	val_Variance = 0.5303	sd = 0.7282	max = 104	min = 98
[20181225_103957 / lib_ip.py:3836] len(Hs) = 8100, len(Ss) = 8100, len(Vs) = 8100
[20181225_103957 / lib_ip.py:3891] yellow : average --> out of range (average = 101.538 / upper = 99.200 / lower = 85.500)
[20181225_103957 / lib_ip.py:3753] file = 2018-12-25_09-14-21_000.jpg / val_Average = 101.5383	val_Variance = 0.5303	sd = 0.7282	max = 104	min = 98
[20181225_103957 / lib_ip.py:3936] len(Hs) = 8100, len(Ss) = 8100, len(Vs) = 8100
[20181225_103957 / lib_ip.py:3982] red : variance --> out of range (variance = 0.530 / upper = 0.430 / lower = 0.000)
[20181225_103957 / lib_ip.py:3753] file = 2018-12-25_09-14-21_000.jpg / val_Average = 101.5383	val_Variance = 0.5303	sd = 0.7282	max = 104	min = 98
[20181225_103957 / lib_ip.py:4052] len(Hs) = 8100, len(Ss) = 8100, len(Vs) = 8100
[20181225_103957 / lib_ip.py:4124] green : average --> out of range (average = 101.538 / upper = 83.000 / lower = 58.000)
[20181225_103957 / lib_ip.py:3753] file = 2018-12-25_09-14-21_000.jpg / val_Average = 101.5383	val_Variance = 0.5303	sd = 0.7282	max = 104	min = 98
[20181225_103958 / lib_ip.py:4169] len(Hs) = 8100, len(Ss) = 8100, len(Vs) = 8100
[20181225_103958 / lib_ip.py:4230] blue : average --> out of range (average = 101.538 / upper = 17.000 / lower = 8.850)
[20181225_103958 / lib_ip.py:3753] file = 2018-12-25_09-14-21_000.jpg / val_Average = 101.5383	val_Variance = 0.5303	sd = 0.7282	max = 104	min = 98
[20181225_103958 / lib_ip.py:4272] len(Hs) = 8100, len(Ss) = 8100, len(Vs) = 8100
[20181225_103958 / lib_ip.py:4316] black : variance --> out of range (variance = 0.530 / upper = 0.000 / lower = 0.000)
[20181225_103958 / lib_ip.py:4477] file : 2018-12-25_09-14-21_000.jpg 3 (black : variance --> out of range (variance = 0.530 / upper = 0.000 / lower = 0.000))
[20181225_103958 / lib_ip.py:2021] lo_Color_Names_2 =>
file = img.20181225_103951.2018-12-25_09-14-21_000.jpg.1.png / color name = blue
file = img.20181225_103951.2018-12-25_09-14-21_000.jpg.2.png / color name = other
file = img.20181225_103951.2018-12-25_09-14-21_000.jpg.3.png / color name = other
file = img.20181225_103951.2018-12-25_09-14-21_000.jpg.4.png / color name = other
