[20180910_063610 / views.py:1495] gen_Cake_CSV(request) ==> starting... =======================
[20180910_063612 / lib_ip.py:2273] inspecting ===> img.20180910_063612.2018-09-09_18-37-09_000.jpg.1.png
[20180910_063612 / lib_ip.py:4330] 
img.20180910_063612.2018-09-09_18-37-09_000.jpg.1.png 0
[20180910_063612 / lib_ip.py:3794] file = img.20180910_063612.2018-09-09_18-37-09_000.jpg.1.png / val_Average = 84.4272	val_Variance = 124.5279	sd = 11.1592	max = 150	min = 0
[20180910_063612 / lib_ip.py:3877] len(Hs) = 8100, len(Ss) = 8100, len(Vs) = 8100
[20180910_063612 / lib_ip.py:3910] yellow : variance --> out of range (variance = 124.528 / upper = 0.650 / lower = 0.000)
[20180910_063612 / lib_ip.py:3794] file = img.20180910_063612.2018-09-09_18-37-09_000.jpg.1.png / val_Average = 84.4272	val_Variance = 124.5279	sd = 11.1592	max = 150	min = 0
[20180910_063613 / lib_ip.py:3977] len(Hs) = 8100, len(Ss) = 8100, len(Vs) = 8100
[20180910_063613 / lib_ip.py:4023] red : variance --> out of range (variance = 124.528 / upper = 0.430 / lower = 0.000)
[20180910_063613 / lib_ip.py:3794] file = img.20180910_063612.2018-09-09_18-37-09_000.jpg.1.png / val_Average = 84.4272	val_Variance = 124.5279	sd = 11.1592	max = 150	min = 0
[20180910_063613 / lib_ip.py:4090] len(Hs) = 8100, len(Ss) = 8100, len(Vs) = 8100
[20180910_063613 / lib_ip.py:4137] green : variance --> out of range (variance = 124.528 / upper = 0.750 / lower = 0.000)
[20180910_063613 / lib_ip.py:3794] file = img.20180910_063612.2018-09-09_18-37-09_000.jpg.1.png / val_Average = 84.4272	val_Variance = 124.5279	sd = 11.1592	max = 150	min = 0
[20180910_063613 / lib_ip.py:4204] len(Hs) = 8100, len(Ss) = 8100, len(Vs) = 8100
[20180910_063613 / lib_ip.py:4248] black : variance --> out of range (variance = 124.528 / upper = 0.000 / lower = 0.000)
[20180910_063613 / lib_ip.py:4398] file : img.20180910_063612.2018-09-09_18-37-09_000.jpg.1.png 0 (black : variance --> out of range (variance = 124.528 / upper = 0.000 / lower = 0.000))
[20180910_063613 / lib_ip.py:2273] inspecting ===> img.20180910_063612.2018-09-09_18-37-09_000.jpg.2.png
[20180910_063613 / lib_ip.py:4330] 
img.20180910_063612.2018-09-09_18-37-09_000.jpg.2.png 1
[20180910_063613 / lib_ip.py:3794] file = img.20180910_063612.2018-09-09_18-37-09_000.jpg.2.png / val_Average = 93.3788	val_Variance = 134.9410	sd = 11.6164	max = 150	min = 0
[20180910_063613 / lib_ip.py:3877] len(Hs) = 8100, len(Ss) = 8100, len(Vs) = 8100
[20180910_063613 / lib_ip.py:3910] yellow : variance --> out of range (variance = 134.941 / upper = 0.650 / lower = 0.000)
[20180910_063614 / lib_ip.py:3794] file = img.20180910_063612.2018-09-09_18-37-09_000.jpg.2.png / val_Average = 93.3788	val_Variance = 134.9410	sd = 11.6164	max = 150	min = 0
[20180910_063614 / lib_ip.py:3977] len(Hs) = 8100, len(Ss) = 8100, len(Vs) = 8100
[20180910_063614 / lib_ip.py:4023] red : variance --> out of range (variance = 134.941 / upper = 0.430 / lower = 0.000)
[20180910_063614 / lib_ip.py:3794] file = img.20180910_063612.2018-09-09_18-37-09_000.jpg.2.png / val_Average = 93.3788	val_Variance = 134.9410	sd = 11.6164	max = 150	min = 0
[20180910_063614 / lib_ip.py:4090] len(Hs) = 8100, len(Ss) = 8100, len(Vs) = 8100
[20180910_063614 / lib_ip.py:4137] green : variance --> out of range (variance = 134.941 / upper = 0.750 / lower = 0.000)
[20180910_063614 / lib_ip.py:3794] file = img.20180910_063612.2018-09-09_18-37-09_000.jpg.2.png / val_Average = 93.3788	val_Variance = 134.9410	sd = 11.6164	max = 150	min = 0
[20180910_063614 / lib_ip.py:4204] len(Hs) = 8100, len(Ss) = 8100, len(Vs) = 8100
[20180910_063614 / lib_ip.py:4248] black : variance --> out of range (variance = 134.941 / upper = 0.000 / lower = 0.000)
[20180910_063614 / lib_ip.py:4398] file : img.20180910_063612.2018-09-09_18-37-09_000.jpg.2.png 1 (black : variance --> out of range (variance = 134.941 / upper = 0.000 / lower = 0.000))
[20180910_063614 / lib_ip.py:2273] inspecting ===> img.20180910_063612.2018-09-09_18-37-09_000.jpg.3.png
[20180910_063614 / lib_ip.py:4330] 
img.20180910_063612.2018-09-09_18-37-09_000.jpg.3.png 2
[20180910_063614 / lib_ip.py:3794] file = img.20180910_063612.2018-09-09_18-37-09_000.jpg.3.png / val_Average = 78.0000	val_Variance = 0.0000	sd = 0.0000	max = 78	min = 78
[20180910_063614 / lib_ip.py:3877] len(Hs) = 8100, len(Ss) = 8100, len(Vs) = 8100
[20180910_063614 / lib_ip.py:3932] yellow : average --> out of range (average = 78.000 / upper = 99.200 / lower = 88.000)
[20180910_063614 / lib_ip.py:3794] file = img.20180910_063612.2018-09-09_18-37-09_000.jpg.3.png / val_Average = 78.0000	val_Variance = 0.0000	sd = 0.0000	max = 78	min = 78
[20180910_063614 / lib_ip.py:3977] len(Hs) = 8100, len(Ss) = 8100, len(Vs) = 8100
[20180910_063614 / lib_ip.py:4048] red : average --> out of range (average = 78.000 / upper = 124.000 / lower = 115.000)
[20180910_063614 / lib_ip.py:3794] file = img.20180910_063612.2018-09-09_18-37-09_000.jpg.3.png / val_Average = 78.0000	val_Variance = 0.0000	sd = 0.0000	max = 78	min = 78
[20180910_063614 / lib_ip.py:4090] len(Hs) = 8100, len(Ss) = 8100, len(Vs) = 8100
[20180910_063614 / lib_ip.py:2273] inspecting ===> img.20180910_063612.2018-09-09_18-37-09_000.jpg.4.png
[20180910_063615 / lib_ip.py:4330] 
img.20180910_063612.2018-09-09_18-37-09_000.jpg.4.png 3
[20180910_063615 / lib_ip.py:3794] file = img.20180910_063612.2018-09-09_18-37-09_000.jpg.4.png / val_Average = 117.0000	val_Variance = 0.0000	sd = 0.0000	max = 117	min = 117
[20180910_063615 / lib_ip.py:3877] len(Hs) = 8100, len(Ss) = 8100, len(Vs) = 8100
[20180910_063615 / lib_ip.py:3932] yellow : average --> out of range (average = 117.000 / upper = 99.200 / lower = 88.000)
[20180910_063615 / lib_ip.py:3794] file = img.20180910_063612.2018-09-09_18-37-09_000.jpg.4.png / val_Average = 117.0000	val_Variance = 0.0000	sd = 0.0000	max = 117	min = 117
[20180910_063615 / lib_ip.py:3977] len(Hs) = 8100, len(Ss) = 8100, len(Vs) = 8100
[20180910_063614 / lib_ip.py:2273] inspecting ===> img.20180910_063612.2018-09-09_18-37-09_000.jpg.4.png
img.20180910_063612.2018-09-09_18-37-09_000.jpg.1.png => other
img.20180910_063612.2018-09-09_18-37-09_000.jpg.2.png => other
img.20180910_063612.2018-09-09_18-37-09_000.jpg.3.png => other
img.20180910_063612.2018-09-09_18-37-09_000.jpg.4.png => other
