[20181214_063556 / views.py:1878] exec_get_4_corners(request) ================================
[20181214_063559 / lib_ip.py:1961] lo_Color_Names =>
img.20181214_063558.2018-12-13_21-12-55_000.jpg.1.png => other
img.20181214_063558.2018-12-13_21-12-55_000.jpg.2.png => other
img.20181214_063558.2018-12-13_21-12-55_000.jpg.3.png => other
img.20181214_063558.2018-12-13_21-12-55_000.jpg.4.png => other
[20181214_063559 / lib_ip.py:4399] 
2018-12-13_21-12-55_000.jpg 0 ---------------------
[20181214_063559 / lib_ip.py:3753] file = 2018-12-13_21-12-55_000.jpg / val_Average = 8.8869	val_Variance = 0.8578	sd = 0.9262	max = 11	min = 5
[20181214_063559 / lib_ip.py:3836] len(Hs) = 8100, len(Ss) = 8100, len(Vs) = 8100
[20181214_063559 / lib_ip.py:3869] yellow : variance --> out of range (variance = 0.858 / upper = 0.650 / lower = 0.000)
[20181214_063600 / lib_ip.py:3753] file = 2018-12-13_21-12-55_000.jpg / val_Average = 8.8869	val_Variance = 0.8578	sd = 0.9262	max = 11	min = 5
[20181214_063600 / lib_ip.py:3936] len(Hs) = 8100, len(Ss) = 8100, len(Vs) = 8100
[20181214_063600 / lib_ip.py:3982] red : variance --> out of range (variance = 0.858 / upper = 0.430 / lower = 0.000)
[20181214_063600 / lib_ip.py:3753] file = 2018-12-13_21-12-55_000.jpg / val_Average = 8.8869	val_Variance = 0.8578	sd = 0.9262	max = 11	min = 5
[20181214_063600 / lib_ip.py:4052] len(Hs) = 8100, len(Ss) = 8100, len(Vs) = 8100
[20181214_063600 / lib_ip.py:4099] green : variance --> out of range (variance = 0.858 / upper = 0.760 / lower = 0.000)
[20181214_063600 / lib_ip.py:3753] file = 2018-12-13_21-12-55_000.jpg / val_Average = 8.8869	val_Variance = 0.8578	sd = 0.9262	max = 11	min = 5
[20181214_063600 / lib_ip.py:4169] len(Hs) = 8100, len(Ss) = 8100, len(Vs) = 8100
[20181214_063600 / lib_ip.py:4230] blue : average --> out of range (average = 8.887 / upper = 17.000 / lower = 9.500)
[20181214_063600 / lib_ip.py:3753] file = 2018-12-13_21-12-55_000.jpg / val_Average = 8.8869	val_Variance = 0.8578	sd = 0.9262	max = 11	min = 5
[20181214_063600 / lib_ip.py:4272] len(Hs) = 8100, len(Ss) = 8100, len(Vs) = 8100
[20181214_063600 / lib_ip.py:4316] black : variance --> out of range (variance = 0.858 / upper = 0.000 / lower = 0.000)
[20181214_063600 / lib_ip.py:4477] file : 2018-12-13_21-12-55_000.jpg 0 (black : variance --> out of range (variance = 0.858 / upper = 0.000 / lower = 0.000))
[20181214_063600 / lib_ip.py:4399] 
2018-12-13_21-12-55_000.jpg 1 ---------------------
[20181214_063600 / lib_ip.py:3753] file = 2018-12-13_21-12-55_000.jpg / val_Average = 106.3589	val_Variance = 2.5155	sd = 1.5860	max = 112	min = 100
[20181214_063600 / lib_ip.py:3836] len(Hs) = 8100, len(Ss) = 8100, len(Vs) = 8100
[20181214_063600 / lib_ip.py:3869] yellow : variance --> out of range (variance = 2.516 / upper = 0.650 / lower = 0.000)
[20181214_063600 / lib_ip.py:3753] file = 2018-12-13_21-12-55_000.jpg / val_Average = 106.3589	val_Variance = 2.5155	sd = 1.5860	max = 112	min = 100
[20181214_063601 / lib_ip.py:3936] len(Hs) = 8100, len(Ss) = 8100, len(Vs) = 8100
[20181214_063601 / lib_ip.py:3982] red : variance --> out of range (variance = 2.516 / upper = 0.430 / lower = 0.000)
[20181214_063601 / lib_ip.py:3753] file = 2018-12-13_21-12-55_000.jpg / val_Average = 106.3589	val_Variance = 2.5155	sd = 1.5860	max = 112	min = 100
[20181214_063601 / lib_ip.py:4052] len(Hs) = 8100, len(Ss) = 8100, len(Vs) = 8100
[20181214_063601 / lib_ip.py:4099] green : variance --> out of range (variance = 2.516 / upper = 0.760 / lower = 0.000)
[20181214_063601 / lib_ip.py:3753] file = 2018-12-13_21-12-55_000.jpg / val_Average = 106.3589	val_Variance = 2.5155	sd = 1.5860	max = 112	min = 100
[20181214_063601 / lib_ip.py:4169] len(Hs) = 8100, len(Ss) = 8100, len(Vs) = 8100
[20181214_063601 / lib_ip.py:4208] blue : variance --> out of range (variance = 2.516 / upper = 0.930 / lower = 0.010)
[20181214_063601 / lib_ip.py:3753] file = 2018-12-13_21-12-55_000.jpg / val_Average = 106.3589	val_Variance = 2.5155	sd = 1.5860	max = 112	min = 100
[20181214_063601 / lib_ip.py:4272] len(Hs) = 8100, len(Ss) = 8100, len(Vs) = 8100
[20181214_063601 / lib_ip.py:4316] black : variance --> out of range (variance = 2.516 / upper = 0.000 / lower = 0.000)
[20181214_063601 / lib_ip.py:4477] file : 2018-12-13_21-12-55_000.jpg 1 (black : variance --> out of range (variance = 2.516 / upper = 0.000 / lower = 0.000))
[20181214_063601 / lib_ip.py:4399] 
2018-12-13_21-12-55_000.jpg 2 ---------------------
[20181214_063601 / lib_ip.py:3753] file = 2018-12-13_21-12-55_000.jpg / val_Average = 120.1772	val_Variance = 0.1458	sd = 0.3818	max = 121	min = 120
[20181214_063601 / lib_ip.py:3836] len(Hs) = 8100, len(Ss) = 8100, len(Vs) = 8100
[20181214_063601 / lib_ip.py:3891] yellow : average --> out of range (average = 120.177 / upper = 99.200 / lower = 88.000)
[20181214_063602 / lib_ip.py:3753] file = 2018-12-13_21-12-55_000.jpg / val_Average = 120.1772	val_Variance = 0.1458	sd = 0.3818	max = 121	min = 120
[20181214_063602 / lib_ip.py:3936] len(Hs) = 8100, len(Ss) = 8100, len(Vs) = 8100
[20181214_063602 / lib_ip.py:4399] 
2018-12-13_21-12-55_000.jpg 3 ---------------------
[20181214_063602 / lib_ip.py:3753] file = 2018-12-13_21-12-55_000.jpg / val_Average = 71.3791	val_Variance = 452.5937	sd = 21.2742	max = 160	min = 0
[20181214_063602 / lib_ip.py:3836] len(Hs) = 8100, len(Ss) = 8100, len(Vs) = 8100
[20181214_063602 / lib_ip.py:3869] yellow : variance --> out of range (variance = 452.594 / upper = 0.650 / lower = 0.000)
[20181214_063602 / lib_ip.py:3753] file = 2018-12-13_21-12-55_000.jpg / val_Average = 71.3791	val_Variance = 452.5937	sd = 21.2742	max = 160	min = 0
[20181214_063602 / lib_ip.py:3936] len(Hs) = 8100, len(Ss) = 8100, len(Vs) = 8100
[20181214_063602 / lib_ip.py:3982] red : variance --> out of range (variance = 452.594 / upper = 0.430 / lower = 0.000)
[20181214_063602 / lib_ip.py:3753] file = 2018-12-13_21-12-55_000.jpg / val_Average = 71.3791	val_Variance = 452.5937	sd = 21.2742	max = 160	min = 0
[20181214_063602 / lib_ip.py:4052] len(Hs) = 8100, len(Ss) = 8100, len(Vs) = 8100
[20181214_063602 / lib_ip.py:4099] green : variance --> out of range (variance = 452.594 / upper = 0.760 / lower = 0.000)
[20181214_063602 / lib_ip.py:3753] file = 2018-12-13_21-12-55_000.jpg / val_Average = 71.3791	val_Variance = 452.5937	sd = 21.2742	max = 160	min = 0
[20181214_063602 / lib_ip.py:4169] len(Hs) = 8100, len(Ss) = 8100, len(Vs) = 8100
[20181214_063602 / lib_ip.py:4208] blue : variance --> out of range (variance = 452.594 / upper = 0.930 / lower = 0.010)
[20181214_063603 / lib_ip.py:3753] file = 2018-12-13_21-12-55_000.jpg / val_Average = 71.3791	val_Variance = 452.5937	sd = 21.2742	max = 160	min = 0
[20181214_063603 / lib_ip.py:4272] len(Hs) = 8100, len(Ss) = 8100, len(Vs) = 8100
[20181214_063603 / lib_ip.py:4316] black : variance --> out of range (variance = 452.594 / upper = 0.000 / lower = 0.000)
[20181214_063603 / lib_ip.py:4477] file : 2018-12-13_21-12-55_000.jpg 3 (black : variance --> out of range (variance = 452.594 / upper = 0.000 / lower = 0.000))
[20181214_063603 / lib_ip.py:2021] lo_Color_Names_2 =>
file = img.20181214_063558.2018-12-13_21-12-55_000.jpg.1.png / color name = other
file = img.20181214_063558.2018-12-13_21-12-55_000.jpg.2.png / color name = other
file = img.20181214_063558.2018-12-13_21-12-55_000.jpg.3.png / color name = red
file = img.20181214_063558.2018-12-13_21-12-55_000.jpg.4.png / color name = other
