[20181203_092630 / views.py:1877] gen_Cake_CSV(request) ==> starting... =======================
[20181203_092632 / lib_ip.py:2273] inspecting ===> img.20181203_092632.2018-12-02_11-36-33_000.jpg.1.png
[20181203_092632 / lib_ip.py:4331] 
img.20181203_092632.2018-12-02_11-36-33_000.jpg.1.png 0 ---------------------
[20181203_092632 / lib_ip.py:3794] file = img.20181203_092632.2018-12-02_11-36-33_000.jpg.1.png / val_Average = 103.4390	val_Variance = 42.5685	sd = 6.5245	max = 135	min = 70
[20181203_092633 / lib_ip.py:3877] len(Hs) = 8100, len(Ss) = 8100, len(Vs) = 8100
[20181203_092633 / lib_ip.py:3910] yellow : variance --> out of range (variance = 42.569 / upper = 0.650 / lower = 0.000)
[20181203_092633 / lib_ip.py:3794] file = img.20181203_092632.2018-12-02_11-36-33_000.jpg.1.png / val_Average = 103.4390	val_Variance = 42.5685	sd = 6.5245	max = 135	min = 70
[20181203_092633 / lib_ip.py:3977] len(Hs) = 8100, len(Ss) = 8100, len(Vs) = 8100
[20181203_092633 / lib_ip.py:4023] red : variance --> out of range (variance = 42.569 / upper = 0.430 / lower = 0.000)
[20181203_092633 / lib_ip.py:3794] file = img.20181203_092632.2018-12-02_11-36-33_000.jpg.1.png / val_Average = 103.4390	val_Variance = 42.5685	sd = 6.5245	max = 135	min = 70
[20181203_092633 / lib_ip.py:4090] len(Hs) = 8100, len(Ss) = 8100, len(Vs) = 8100
[20181203_092633 / lib_ip.py:4137] green : variance --> out of range (variance = 42.569 / upper = 0.760 / lower = 0.000)
[20181203_092633 / lib_ip.py:3794] file = img.20181203_092632.2018-12-02_11-36-33_000.jpg.1.png / val_Average = 103.4390	val_Variance = 42.5685	sd = 6.5245	max = 135	min = 70
[20181203_092633 / lib_ip.py:4204] len(Hs) = 8100, len(Ss) = 8100, len(Vs) = 8100
[20181203_092633 / lib_ip.py:4248] black : variance --> out of range (variance = 42.569 / upper = 0.000 / lower = 0.000)
[20181203_092633 / lib_ip.py:4399] file : img.20181203_092632.2018-12-02_11-36-33_000.jpg.1.png 0 (black : variance --> out of range (variance = 42.569 / upper = 0.000 / lower = 0.000))
[20181203_092633 / lib_ip.py:2273] inspecting ===> img.20181203_092632.2018-12-02_11-36-33_000.jpg.2.png
[20181203_092633 / lib_ip.py:4331] 
img.20181203_092632.2018-12-02_11-36-33_000.jpg.2.png 1 ---------------------
[20181203_092633 / lib_ip.py:3794] file = img.20181203_092632.2018-12-02_11-36-33_000.jpg.2.png / val_Average = 103.1857	val_Variance = 5.5302	sd = 2.3516	max = 112	min = 86
[20181203_092633 / lib_ip.py:3877] len(Hs) = 8100, len(Ss) = 8100, len(Vs) = 8100
[20181203_092633 / lib_ip.py:3910] yellow : variance --> out of range (variance = 5.530 / upper = 0.650 / lower = 0.000)
[20181203_092633 / lib_ip.py:3794] file = img.20181203_092632.2018-12-02_11-36-33_000.jpg.2.png / val_Average = 103.1857	val_Variance = 5.5302	sd = 2.3516	max = 112	min = 86
[20181203_092633 / lib_ip.py:3977] len(Hs) = 8100, len(Ss) = 8100, len(Vs) = 8100
[20181203_092634 / lib_ip.py:4023] red : variance --> out of range (variance = 5.530 / upper = 0.430 / lower = 0.000)
[20181203_092634 / lib_ip.py:3794] file = img.20181203_092632.2018-12-02_11-36-33_000.jpg.2.png / val_Average = 103.1857	val_Variance = 5.5302	sd = 2.3516	max = 112	min = 86
[20181203_092634 / lib_ip.py:4090] len(Hs) = 8100, len(Ss) = 8100, len(Vs) = 8100
[20181203_092634 / lib_ip.py:4137] green : variance --> out of range (variance = 5.530 / upper = 0.760 / lower = 0.000)
[20181203_092634 / lib_ip.py:3794] file = img.20181203_092632.2018-12-02_11-36-33_000.jpg.2.png / val_Average = 103.1857	val_Variance = 5.5302	sd = 2.3516	max = 112	min = 86
[20181203_092634 / lib_ip.py:4204] len(Hs) = 8100, len(Ss) = 8100, len(Vs) = 8100
[20181203_092634 / lib_ip.py:4248] black : variance --> out of range (variance = 5.530 / upper = 0.000 / lower = 0.000)
[20181203_092634 / lib_ip.py:4399] file : img.20181203_092632.2018-12-02_11-36-33_000.jpg.2.png 1 (black : variance --> out of range (variance = 5.530 / upper = 0.000 / lower = 0.000))
[20181203_092634 / lib_ip.py:2273] inspecting ===> img.20181203_092632.2018-12-02_11-36-33_000.jpg.3.png
[20181203_092634 / lib_ip.py:4331] 
img.20181203_092632.2018-12-02_11-36-33_000.jpg.3.png 2 ---------------------
[20181203_092634 / lib_ip.py:3794] file = img.20181203_092632.2018-12-02_11-36-33_000.jpg.3.png / val_Average = 76.0641	val_Variance = 0.0854	sd = 0.2922	max = 77	min = 75
[20181203_092634 / lib_ip.py:3877] len(Hs) = 8100, len(Ss) = 8100, len(Vs) = 8100
[20181203_092635 / lib_ip.py:3932] yellow : average --> out of range (average = 76.064 / upper = 99.200 / lower = 88.000)
[20181203_092635 / lib_ip.py:3794] file = img.20181203_092632.2018-12-02_11-36-33_000.jpg.3.png / val_Average = 76.0641	val_Variance = 0.0854	sd = 0.2922	max = 77	min = 75
[20181203_092635 / lib_ip.py:3977] len(Hs) = 8100, len(Ss) = 8100, len(Vs) = 8100
[20181203_092635 / lib_ip.py:4048] red : average --> out of range (average = 76.064 / upper = 124.000 / lower = 115.000)
[20181203_092635 / lib_ip.py:3794] file = img.20181203_092632.2018-12-02_11-36-33_000.jpg.3.png / val_Average = 76.0641	val_Variance = 0.0854	sd = 0.2922	max = 77	min = 75
[20181203_092635 / lib_ip.py:4090] len(Hs) = 8100, len(Ss) = 8100, len(Vs) = 8100
[20181203_092635 / lib_ip.py:2273] inspecting ===> img.20181203_092632.2018-12-02_11-36-33_000.jpg.4.png
[20181203_092635 / lib_ip.py:4331] 
img.20181203_092632.2018-12-02_11-36-33_000.jpg.4.png 3 ---------------------
[20181203_092635 / lib_ip.py:3794] file = img.20181203_092632.2018-12-02_11-36-33_000.jpg.4.png / val_Average = 120.2517	val_Variance = 0.1903	sd = 0.4363	max = 121	min = 119
[20181203_092635 / lib_ip.py:3877] len(Hs) = 8100, len(Ss) = 8100, len(Vs) = 8100
[20181203_092635 / lib_ip.py:3932] yellow : average --> out of range (average = 120.252 / upper = 99.200 / lower = 88.000)
[20181203_092635 / lib_ip.py:3794] file = img.20181203_092632.2018-12-02_11-36-33_000.jpg.4.png / val_Average = 120.2517	val_Variance = 0.1903	sd = 0.4363	max = 121	min = 119
[20181203_092635 / lib_ip.py:3977] len(Hs) = 8100, len(Ss) = 8100, len(Vs) = 8100
[20181203_092635 / lib_ip.py:2273] inspecting ===> img.20181203_092632.2018-12-02_11-36-33_000.jpg.4.png
img.20181203_092632.2018-12-02_11-36-33_000.jpg.1.png => other
img.20181203_092632.2018-12-02_11-36-33_000.jpg.2.png => other
img.20181203_092632.2018-12-02_11-36-33_000.jpg.3.png => other
img.20181203_092632.2018-12-02_11-36-33_000.jpg.4.png => other
[20181203_092635 lib_ip.py:3300] =============== Get 4 corners
dpath_Images = C:\WORKS_2\WS\WS_Others.Art\JVEMV6\46_art\VIRTUAL\Admin_Projects\ip\images
fname_Image = img.20181203_092632.2018-12-02_11-36-33_000.jpg.4.png

[20181203_092636 / lib_ip.py:2273] inspecting ===> img.20181203_092636.2018-12-02_11-43-06_000.jpg.1.png
[20181203_092636 / lib_ip.py:4331] 
img.20181203_092636.2018-12-02_11-43-06_000.jpg.1.png 0 ---------------------
[20181203_092636 / lib_ip.py:3794] file = img.20181203_092636.2018-12-02_11-43-06_000.jpg.1.png / val_Average = 120.8716	val_Variance = 17.5635	sd = 4.1909	max = 137	min = 106
[20181203_092636 / lib_ip.py:3877] len(Hs) = 8100, len(Ss) = 8100, len(Vs) = 8100
[20181203_092636 / lib_ip.py:3910] yellow : variance --> out of range (variance = 17.564 / upper = 0.650 / lower = 0.000)
[20181203_092636 / lib_ip.py:3794] file = img.20181203_092636.2018-12-02_11-43-06_000.jpg.1.png / val_Average = 120.8716	val_Variance = 17.5635	sd = 4.1909	max = 137	min = 106
[20181203_092636 / lib_ip.py:3977] len(Hs) = 8100, len(Ss) = 8100, len(Vs) = 8100
[20181203_092637 / lib_ip.py:4023] red : variance --> out of range (variance = 17.564 / upper = 0.430 / lower = 0.000)
[20181203_092637 / lib_ip.py:3794] file = img.20181203_092636.2018-12-02_11-43-06_000.jpg.1.png / val_Average = 120.8716	val_Variance = 17.5635	sd = 4.1909	max = 137	min = 106
[20181203_092637 / lib_ip.py:4090] len(Hs) = 8100, len(Ss) = 8100, len(Vs) = 8100
[20181203_092637 / lib_ip.py:4137] green : variance --> out of range (variance = 17.564 / upper = 0.760 / lower = 0.000)
[20181203_092637 / lib_ip.py:3794] file = img.20181203_092636.2018-12-02_11-43-06_000.jpg.1.png / val_Average = 120.8716	val_Variance = 17.5635	sd = 4.1909	max = 137	min = 106
[20181203_092637 / lib_ip.py:4204] len(Hs) = 8100, len(Ss) = 8100, len(Vs) = 8100
[20181203_092637 / lib_ip.py:4248] black : variance --> out of range (variance = 17.564 / upper = 0.000 / lower = 0.000)
[20181203_092637 / lib_ip.py:4399] file : img.20181203_092636.2018-12-02_11-43-06_000.jpg.1.png 0 (black : variance --> out of range (variance = 17.564 / upper = 0.000 / lower = 0.000))
[20181203_092637 / lib_ip.py:2273] inspecting ===> img.20181203_092636.2018-12-02_11-43-06_000.jpg.2.png
[20181203_092637 / lib_ip.py:4331] 
img.20181203_092636.2018-12-02_11-43-06_000.jpg.2.png 1 ---------------------
[20181203_092637 / lib_ip.py:3794] file = img.20181203_092636.2018-12-02_11-43-06_000.jpg.2.png / val_Average = 96.1369	val_Variance = 3.8577	sd = 1.9641	max = 103	min = 88
[20181203_092637 / lib_ip.py:3877] len(Hs) = 8100, len(Ss) = 8100, len(Vs) = 8100
[20181203_092637 / lib_ip.py:3910] yellow : variance --> out of range (variance = 3.858 / upper = 0.650 / lower = 0.000)
[20181203_092637 / lib_ip.py:3794] file = img.20181203_092636.2018-12-02_11-43-06_000.jpg.2.png / val_Average = 96.1369	val_Variance = 3.8577	sd = 1.9641	max = 103	min = 88
[20181203_092637 / lib_ip.py:3977] len(Hs) = 8100, len(Ss) = 8100, len(Vs) = 8100
[20181203_092637 / lib_ip.py:4023] red : variance --> out of range (variance = 3.858 / upper = 0.430 / lower = 0.000)
[20181203_092637 / lib_ip.py:3794] file = img.20181203_092636.2018-12-02_11-43-06_000.jpg.2.png / val_Average = 96.1369	val_Variance = 3.8577	sd = 1.9641	max = 103	min = 88
[20181203_092637 / lib_ip.py:4090] len(Hs) = 8100, len(Ss) = 8100, len(Vs) = 8100
[20181203_092638 / lib_ip.py:4137] green : variance --> out of range (variance = 3.858 / upper = 0.760 / lower = 0.000)
[20181203_092638 / lib_ip.py:3794] file = img.20181203_092636.2018-12-02_11-43-06_000.jpg.2.png / val_Average = 96.1369	val_Variance = 3.8577	sd = 1.9641	max = 103	min = 88
[20181203_092638 / lib_ip.py:4204] len(Hs) = 8100, len(Ss) = 8100, len(Vs) = 8100
[20181203_092638 / lib_ip.py:4248] black : variance --> out of range (variance = 3.858 / upper = 0.000 / lower = 0.000)
[20181203_092638 / lib_ip.py:4399] file : img.20181203_092636.2018-12-02_11-43-06_000.jpg.2.png 1 (black : variance --> out of range (variance = 3.858 / upper = 0.000 / lower = 0.000))
[20181203_092638 / lib_ip.py:2273] inspecting ===> img.20181203_092636.2018-12-02_11-43-06_000.jpg.3.png
[20181203_092638 / lib_ip.py:4331] 
img.20181203_092636.2018-12-02_11-43-06_000.jpg.3.png 2 ---------------------
[20181203_092638 / lib_ip.py:3794] file = img.20181203_092636.2018-12-02_11-43-06_000.jpg.3.png / val_Average = 120.1542	val_Variance = 0.1894	sd = 0.4352	max = 121	min = 119
[20181203_092638 / lib_ip.py:3877] len(Hs) = 8100, len(Ss) = 8100, len(Vs) = 8100
[20181203_092638 / lib_ip.py:3932] yellow : average --> out of range (average = 120.154 / upper = 99.200 / lower = 88.000)
[20181203_092638 / lib_ip.py:3794] file = img.20181203_092636.2018-12-02_11-43-06_000.jpg.3.png / val_Average = 120.1542	val_Variance = 0.1894	sd = 0.4352	max = 121	min = 119
[20181203_092638 / lib_ip.py:3977] len(Hs) = 8100, len(Ss) = 8100, len(Vs) = 8100
[20181203_092638 / lib_ip.py:2273] inspecting ===> img.20181203_092636.2018-12-02_11-43-06_000.jpg.4.png
[20181203_092639 / lib_ip.py:4331] 
img.20181203_092636.2018-12-02_11-43-06_000.jpg.4.png 3 ---------------------
[20181203_092639 / lib_ip.py:3794] file = img.20181203_092636.2018-12-02_11-43-06_000.jpg.4.png / val_Average = 76.1759	val_Variance = 0.1521	sd = 0.3900	max = 78	min = 75
[20181203_092639 / lib_ip.py:3877] len(Hs) = 8100, len(Ss) = 8100, len(Vs) = 8100
[20181203_092639 / lib_ip.py:3932] yellow : average --> out of range (average = 76.176 / upper = 99.200 / lower = 88.000)
[20181203_092639 / lib_ip.py:3794] file = img.20181203_092636.2018-12-02_11-43-06_000.jpg.4.png / val_Average = 76.1759	val_Variance = 0.1521	sd = 0.3900	max = 78	min = 75
[20181203_092639 / lib_ip.py:3977] len(Hs) = 8100, len(Ss) = 8100, len(Vs) = 8100
[20181203_092639 / lib_ip.py:4048] red : average --> out of range (average = 76.176 / upper = 124.000 / lower = 115.000)
[20181203_092639 / lib_ip.py:3794] file = img.20181203_092636.2018-12-02_11-43-06_000.jpg.4.png / val_Average = 76.1759	val_Variance = 0.1521	sd = 0.3900	max = 78	min = 75
[20181203_092639 / lib_ip.py:4090] len(Hs) = 8100, len(Ss) = 8100, len(Vs) = 8100
[20181203_092638 / lib_ip.py:2273] inspecting ===> img.20181203_092636.2018-12-02_11-43-06_000.jpg.4.png
img.20181203_092636.2018-12-02_11-43-06_000.jpg.1.png => other
img.20181203_092636.2018-12-02_11-43-06_000.jpg.2.png => other
img.20181203_092636.2018-12-02_11-43-06_000.jpg.3.png => other
img.20181203_092636.2018-12-02_11-43-06_000.jpg.4.png => other
[20181203_092639 lib_ip.py:3300] =============== Get 4 corners
dpath_Images = C:\WORKS_2\WS\WS_Others.Art\JVEMV6\46_art\VIRTUAL\Admin_Projects\ip\images
fname_Image = img.20181203_092636.2018-12-02_11-43-06_000.jpg.4.png

[20181203_092640 / lib_ip.py:2273] inspecting ===> img.20181203_092640.2018-12-02_16-54-45_000.jpg.1.png
[20181203_092640 / lib_ip.py:4331] 
img.20181203_092640.2018-12-02_16-54-45_000.jpg.1.png 0 ---------------------
[20181203_092640 / lib_ip.py:3794] file = img.20181203_092640.2018-12-02_16-54-45_000.jpg.1.png / val_Average = 75.3004	val_Variance = 0.2166	sd = 0.4654	max = 76	min = 74
[20181203_092640 / lib_ip.py:3877] len(Hs) = 8100, len(Ss) = 8100, len(Vs) = 8100
[20181203_092640 / lib_ip.py:3932] yellow : average --> out of range (average = 75.300 / upper = 99.200 / lower = 88.000)
[20181203_092640 / lib_ip.py:3794] file = img.20181203_092640.2018-12-02_16-54-45_000.jpg.1.png / val_Average = 75.3004	val_Variance = 0.2166	sd = 0.4654	max = 76	min = 74
[20181203_092640 / lib_ip.py:3977] len(Hs) = 8100, len(Ss) = 8100, len(Vs) = 8100
[20181203_092640 / lib_ip.py:4048] red : average --> out of range (average = 75.300 / upper = 124.000 / lower = 115.000)
[20181203_092640 / lib_ip.py:3794] file = img.20181203_092640.2018-12-02_16-54-45_000.jpg.1.png / val_Average = 75.3004	val_Variance = 0.2166	sd = 0.4654	max = 76	min = 74
[20181203_092640 / lib_ip.py:4090] len(Hs) = 8100, len(Ss) = 8100, len(Vs) = 8100
[20181203_092640 / lib_ip.py:2273] inspecting ===> img.20181203_092640.2018-12-02_16-54-45_000.jpg.2.png
[20181203_092641 / lib_ip.py:4331] 
img.20181203_092640.2018-12-02_16-54-45_000.jpg.2.png 1 ---------------------
[20181203_092641 / lib_ip.py:3794] file = img.20181203_092640.2018-12-02_16-54-45_000.jpg.2.png / val_Average = 75.7286	val_Variance = 0.3113	sd = 0.5579	max = 77	min = 73
[20181203_092641 / lib_ip.py:3877] len(Hs) = 8100, len(Ss) = 8100, len(Vs) = 8100
[20181203_092641 / lib_ip.py:3932] yellow : average --> out of range (average = 75.729 / upper = 99.200 / lower = 88.000)
[20181203_092641 / lib_ip.py:3794] file = img.20181203_092640.2018-12-02_16-54-45_000.jpg.2.png / val_Average = 75.7286	val_Variance = 0.3113	sd = 0.5579	max = 77	min = 73
[20181203_092641 / lib_ip.py:3977] len(Hs) = 8100, len(Ss) = 8100, len(Vs) = 8100
[20181203_092641 / lib_ip.py:4048] red : average --> out of range (average = 75.729 / upper = 124.000 / lower = 115.000)
[20181203_092641 / lib_ip.py:3794] file = img.20181203_092640.2018-12-02_16-54-45_000.jpg.2.png / val_Average = 75.7286	val_Variance = 0.3113	sd = 0.5579	max = 77	min = 73
[20181203_092641 / lib_ip.py:4090] len(Hs) = 8100, len(Ss) = 8100, len(Vs) = 8100
[20181203_092641 / lib_ip.py:2273] inspecting ===> img.20181203_092640.2018-12-02_16-54-45_000.jpg.3.png
[20181203_092641 / lib_ip.py:4331] 
img.20181203_092640.2018-12-02_16-54-45_000.jpg.3.png 2 ---------------------
[20181203_092641 / lib_ip.py:3794] file = img.20181203_092640.2018-12-02_16-54-45_000.jpg.3.png / val_Average = 96.4168	val_Variance = 32.2880	sd = 5.6823	max = 128	min = 84
[20181203_092641 / lib_ip.py:3877] len(Hs) = 8100, len(Ss) = 8100, len(Vs) = 8100
[20181203_092642 / lib_ip.py:3910] yellow : variance --> out of range (variance = 32.288 / upper = 0.650 / lower = 0.000)
[20181203_092642 / lib_ip.py:3794] file = img.20181203_092640.2018-12-02_16-54-45_000.jpg.3.png / val_Average = 96.4168	val_Variance = 32.2880	sd = 5.6823	max = 128	min = 84
[20181203_092642 / lib_ip.py:3977] len(Hs) = 8100, len(Ss) = 8100, len(Vs) = 8100
[20181203_092642 / lib_ip.py:4023] red : variance --> out of range (variance = 32.288 / upper = 0.430 / lower = 0.000)
[20181203_092642 / lib_ip.py:3794] file = img.20181203_092640.2018-12-02_16-54-45_000.jpg.3.png / val_Average = 96.4168	val_Variance = 32.2880	sd = 5.6823	max = 128	min = 84
[20181203_092642 / lib_ip.py:4090] len(Hs) = 8100, len(Ss) = 8100, len(Vs) = 8100
[20181203_092642 / lib_ip.py:4137] green : variance --> out of range (variance = 32.288 / upper = 0.760 / lower = 0.000)
[20181203_092642 / lib_ip.py:3794] file = img.20181203_092640.2018-12-02_16-54-45_000.jpg.3.png / val_Average = 96.4168	val_Variance = 32.2880	sd = 5.6823	max = 128	min = 84
[20181203_092642 / lib_ip.py:4204] len(Hs) = 8100, len(Ss) = 8100, len(Vs) = 8100
[20181203_092642 / lib_ip.py:4248] black : variance --> out of range (variance = 32.288 / upper = 0.000 / lower = 0.000)
[20181203_092642 / lib_ip.py:4399] file : img.20181203_092640.2018-12-02_16-54-45_000.jpg.3.png 2 (black : variance --> out of range (variance = 32.288 / upper = 0.000 / lower = 0.000))
[20181203_092642 / lib_ip.py:2273] inspecting ===> img.20181203_092640.2018-12-02_16-54-45_000.jpg.4.png
[20181203_092642 / lib_ip.py:4331] 
img.20181203_092640.2018-12-02_16-54-45_000.jpg.4.png 3 ---------------------
[20181203_092642 / lib_ip.py:3794] file = img.20181203_092640.2018-12-02_16-54-45_000.jpg.4.png / val_Average = 124.7380	val_Variance = 452.2272	sd = 21.2656	max = 168	min = 0
[20181203_092642 / lib_ip.py:3877] len(Hs) = 8100, len(Ss) = 8100, len(Vs) = 8100
[20181203_092642 / lib_ip.py:3910] yellow : variance --> out of range (variance = 452.227 / upper = 0.650 / lower = 0.000)
[20181203_092642 / lib_ip.py:3794] file = img.20181203_092640.2018-12-02_16-54-45_000.jpg.4.png / val_Average = 124.7380	val_Variance = 452.2272	sd = 21.2656	max = 168	min = 0
[20181203_092642 / lib_ip.py:3977] len(Hs) = 8100, len(Ss) = 8100, len(Vs) = 8100
[20181203_092642 / lib_ip.py:4023] red : variance --> out of range (variance = 452.227 / upper = 0.430 / lower = 0.000)
[20181203_092643 / lib_ip.py:3794] file = img.20181203_092640.2018-12-02_16-54-45_000.jpg.4.png / val_Average = 124.7380	val_Variance = 452.2272	sd = 21.2656	max = 168	min = 0
[20181203_092643 / lib_ip.py:4090] len(Hs) = 8100, len(Ss) = 8100, len(Vs) = 8100
[20181203_092643 / lib_ip.py:4137] green : variance --> out of range (variance = 452.227 / upper = 0.760 / lower = 0.000)
[20181203_092643 / lib_ip.py:3794] file = img.20181203_092640.2018-12-02_16-54-45_000.jpg.4.png / val_Average = 124.7380	val_Variance = 452.2272	sd = 21.2656	max = 168	min = 0
[20181203_092643 / lib_ip.py:4204] len(Hs) = 8100, len(Ss) = 8100, len(Vs) = 8100
[20181203_092643 / lib_ip.py:4248] black : variance --> out of range (variance = 452.227 / upper = 0.000 / lower = 0.000)
[20181203_092643 / lib_ip.py:4399] file : img.20181203_092640.2018-12-02_16-54-45_000.jpg.4.png 3 (black : variance --> out of range (variance = 452.227 / upper = 0.000 / lower = 0.000))
[20181203_092642 / lib_ip.py:2273] inspecting ===> img.20181203_092640.2018-12-02_16-54-45_000.jpg.4.png
img.20181203_092640.2018-12-02_16-54-45_000.jpg.1.png => other
img.20181203_092640.2018-12-02_16-54-45_000.jpg.2.png => other
img.20181203_092640.2018-12-02_16-54-45_000.jpg.3.png => other
img.20181203_092640.2018-12-02_16-54-45_000.jpg.4.png => other
[20181203_092643 lib_ip.py:3300] =============== Get 4 corners
dpath_Images = C:\WORKS_2\WS\WS_Others.Art\JVEMV6\46_art\VIRTUAL\Admin_Projects\ip\images
fname_Image = img.20181203_092640.2018-12-02_16-54-45_000.jpg.4.png

[20181203_092643 / lib_ip.py:2273] inspecting ===> img.20181203_092643.2018-12-02_18-56-47_000.jpg.1.png
[20181203_092644 / lib_ip.py:4331] 
img.20181203_092643.2018-12-02_18-56-47_000.jpg.1.png 0 ---------------------
[20181203_092644 / lib_ip.py:3794] file = img.20181203_092643.2018-12-02_18-56-47_000.jpg.1.png / val_Average = 105.9365	val_Variance = 1.8310	sd = 1.3532	max = 115	min = 100
[20181203_092644 / lib_ip.py:3877] len(Hs) = 8100, len(Ss) = 8100, len(Vs) = 8100
[20181203_092644 / lib_ip.py:3910] yellow : variance --> out of range (variance = 1.831 / upper = 0.650 / lower = 0.000)
[20181203_092644 / lib_ip.py:3794] file = img.20181203_092643.2018-12-02_18-56-47_000.jpg.1.png / val_Average = 105.9365	val_Variance = 1.8310	sd = 1.3532	max = 115	min = 100
[20181203_092644 / lib_ip.py:3977] len(Hs) = 8100, len(Ss) = 8100, len(Vs) = 8100
[20181203_092644 / lib_ip.py:4023] red : variance --> out of range (variance = 1.831 / upper = 0.430 / lower = 0.000)
[20181203_092644 / lib_ip.py:3794] file = img.20181203_092643.2018-12-02_18-56-47_000.jpg.1.png / val_Average = 105.9365	val_Variance = 1.8310	sd = 1.3532	max = 115	min = 100
[20181203_092644 / lib_ip.py:4090] len(Hs) = 8100, len(Ss) = 8100, len(Vs) = 8100
[20181203_092644 / lib_ip.py:4137] green : variance --> out of range (variance = 1.831 / upper = 0.760 / lower = 0.000)
[20181203_092644 / lib_ip.py:3794] file = img.20181203_092643.2018-12-02_18-56-47_000.jpg.1.png / val_Average = 105.9365	val_Variance = 1.8310	sd = 1.3532	max = 115	min = 100
[20181203_092644 / lib_ip.py:4204] len(Hs) = 8100, len(Ss) = 8100, len(Vs) = 8100
[20181203_092644 / lib_ip.py:4248] black : variance --> out of range (variance = 1.831 / upper = 0.000 / lower = 0.000)
[20181203_092644 / lib_ip.py:4399] file : img.20181203_092643.2018-12-02_18-56-47_000.jpg.1.png 0 (black : variance --> out of range (variance = 1.831 / upper = 0.000 / lower = 0.000))
[20181203_092644 / lib_ip.py:2273] inspecting ===> img.20181203_092643.2018-12-02_18-56-47_000.jpg.2.png
[20181203_092644 / lib_ip.py:4331] 
img.20181203_092643.2018-12-02_18-56-47_000.jpg.2.png 1 ---------------------
[20181203_092645 / lib_ip.py:3794] file = img.20181203_092643.2018-12-02_18-56-47_000.jpg.2.png / val_Average = 102.3380	val_Variance = 3.6652	sd = 1.9145	max = 107	min = 98
[20181203_092645 / lib_ip.py:3877] len(Hs) = 8100, len(Ss) = 8100, len(Vs) = 8100
[20181203_092645 / lib_ip.py:3910] yellow : variance --> out of range (variance = 3.665 / upper = 0.650 / lower = 0.000)
[20181203_092645 / lib_ip.py:3794] file = img.20181203_092643.2018-12-02_18-56-47_000.jpg.2.png / val_Average = 102.3380	val_Variance = 3.6652	sd = 1.9145	max = 107	min = 98
[20181203_092645 / lib_ip.py:3977] len(Hs) = 8100, len(Ss) = 8100, len(Vs) = 8100
[20181203_092645 / lib_ip.py:4023] red : variance --> out of range (variance = 3.665 / upper = 0.430 / lower = 0.000)
[20181203_092645 / lib_ip.py:3794] file = img.20181203_092643.2018-12-02_18-56-47_000.jpg.2.png / val_Average = 102.3380	val_Variance = 3.6652	sd = 1.9145	max = 107	min = 98
[20181203_092645 / lib_ip.py:4090] len(Hs) = 8100, len(Ss) = 8100, len(Vs) = 8100
[20181203_092645 / lib_ip.py:4137] green : variance --> out of range (variance = 3.665 / upper = 0.760 / lower = 0.000)
[20181203_092645 / lib_ip.py:3794] file = img.20181203_092643.2018-12-02_18-56-47_000.jpg.2.png / val_Average = 102.3380	val_Variance = 3.6652	sd = 1.9145	max = 107	min = 98
[20181203_092645 / lib_ip.py:4204] len(Hs) = 8100, len(Ss) = 8100, len(Vs) = 8100
[20181203_092645 / lib_ip.py:4248] black : variance --> out of range (variance = 3.665 / upper = 0.000 / lower = 0.000)
[20181203_092645 / lib_ip.py:4399] file : img.20181203_092643.2018-12-02_18-56-47_000.jpg.2.png 1 (black : variance --> out of range (variance = 3.665 / upper = 0.000 / lower = 0.000))
[20181203_092645 / lib_ip.py:2273] inspecting ===> img.20181203_092643.2018-12-02_18-56-47_000.jpg.3.png
[20181203_092645 / lib_ip.py:4331] 
img.20181203_092643.2018-12-02_18-56-47_000.jpg.3.png 2 ---------------------
[20181203_092646 / lib_ip.py:3794] file = img.20181203_092643.2018-12-02_18-56-47_000.jpg.3.png / val_Average = 76.7236	val_Variance = 0.2425	sd = 0.4924	max = 79	min = 74
[20181203_092646 / lib_ip.py:3877] len(Hs) = 8100, len(Ss) = 8100, len(Vs) = 8100
[20181203_092646 / lib_ip.py:3932] yellow : average --> out of range (average = 76.724 / upper = 99.200 / lower = 88.000)
[20181203_092646 / lib_ip.py:3794] file = img.20181203_092643.2018-12-02_18-56-47_000.jpg.3.png / val_Average = 76.7236	val_Variance = 0.2425	sd = 0.4924	max = 79	min = 74
[20181203_092646 / lib_ip.py:3977] len(Hs) = 8100, len(Ss) = 8100, len(Vs) = 8100
[20181203_092646 / lib_ip.py:4048] red : average --> out of range (average = 76.724 / upper = 124.000 / lower = 115.000)
[20181203_092646 / lib_ip.py:3794] file = img.20181203_092643.2018-12-02_18-56-47_000.jpg.3.png / val_Average = 76.7236	val_Variance = 0.2425	sd = 0.4924	max = 79	min = 74
[20181203_092646 / lib_ip.py:4090] len(Hs) = 8100, len(Ss) = 8100, len(Vs) = 8100
[20181203_092646 / lib_ip.py:2273] inspecting ===> img.20181203_092643.2018-12-02_18-56-47_000.jpg.4.png
[20181203_092646 / lib_ip.py:4331] 
img.20181203_092643.2018-12-02_18-56-47_000.jpg.4.png 3 ---------------------
[20181203_092646 / lib_ip.py:3794] file = img.20181203_092643.2018-12-02_18-56-47_000.jpg.4.png / val_Average = 120.2298	val_Variance = 0.2296	sd = 0.4791	max = 122	min = 119
[20181203_092646 / lib_ip.py:3877] len(Hs) = 8100, len(Ss) = 8100, len(Vs) = 8100
[20181203_092646 / lib_ip.py:3932] yellow : average --> out of range (average = 120.230 / upper = 99.200 / lower = 88.000)
[20181203_092646 / lib_ip.py:3794] file = img.20181203_092643.2018-12-02_18-56-47_000.jpg.4.png / val_Average = 120.2298	val_Variance = 0.2296	sd = 0.4791	max = 122	min = 119
[20181203_092646 / lib_ip.py:3977] len(Hs) = 8100, len(Ss) = 8100, len(Vs) = 8100
[20181203_092646 / lib_ip.py:2273] inspecting ===> img.20181203_092643.2018-12-02_18-56-47_000.jpg.4.png
img.20181203_092643.2018-12-02_18-56-47_000.jpg.1.png => other
img.20181203_092643.2018-12-02_18-56-47_000.jpg.2.png => other
img.20181203_092643.2018-12-02_18-56-47_000.jpg.3.png => other
img.20181203_092643.2018-12-02_18-56-47_000.jpg.4.png => other
[20181203_092646 lib_ip.py:3300] =============== Get 4 corners
dpath_Images = C:\WORKS_2\WS\WS_Others.Art\JVEMV6\46_art\VIRTUAL\Admin_Projects\ip\images
fname_Image = img.20181203_092643.2018-12-02_18-56-47_000.jpg.4.png

[20181203_092647 / lib_ip.py:2273] inspecting ===> img.20181203_092647.2018-12-02_18-57-28_000.jpg.1.png
[20181203_092647 / lib_ip.py:4331] 
img.20181203_092647.2018-12-02_18-57-28_000.jpg.1.png 0 ---------------------
[20181203_092647 / lib_ip.py:3794] file = img.20181203_092647.2018-12-02_18-57-28_000.jpg.1.png / val_Average = 90.2967	val_Variance = 47.7847	sd = 6.9126	max = 135	min = 0
[20181203_092647 / lib_ip.py:3877] len(Hs) = 8100, len(Ss) = 8100, len(Vs) = 8100
[20181203_092647 / lib_ip.py:3910] yellow : variance --> out of range (variance = 47.785 / upper = 0.650 / lower = 0.000)
[20181203_092648 / lib_ip.py:3794] file = img.20181203_092647.2018-12-02_18-57-28_000.jpg.1.png / val_Average = 90.2967	val_Variance = 47.7847	sd = 6.9126	max = 135	min = 0
[20181203_092648 / lib_ip.py:3977] len(Hs) = 8100, len(Ss) = 8100, len(Vs) = 8100
[20181203_092648 / lib_ip.py:4023] red : variance --> out of range (variance = 47.785 / upper = 0.430 / lower = 0.000)
[20181203_092648 / lib_ip.py:3794] file = img.20181203_092647.2018-12-02_18-57-28_000.jpg.1.png / val_Average = 90.2967	val_Variance = 47.7847	sd = 6.9126	max = 135	min = 0
[20181203_092648 / lib_ip.py:4090] len(Hs) = 8100, len(Ss) = 8100, len(Vs) = 8100
[20181203_092648 / lib_ip.py:4137] green : variance --> out of range (variance = 47.785 / upper = 0.760 / lower = 0.000)
[20181203_092648 / lib_ip.py:3794] file = img.20181203_092647.2018-12-02_18-57-28_000.jpg.1.png / val_Average = 90.2967	val_Variance = 47.7847	sd = 6.9126	max = 135	min = 0
[20181203_092648 / lib_ip.py:4204] len(Hs) = 8100, len(Ss) = 8100, len(Vs) = 8100
[20181203_092648 / lib_ip.py:4248] black : variance --> out of range (variance = 47.785 / upper = 0.000 / lower = 0.000)
[20181203_092648 / lib_ip.py:4399] file : img.20181203_092647.2018-12-02_18-57-28_000.jpg.1.png 0 (black : variance --> out of range (variance = 47.785 / upper = 0.000 / lower = 0.000))
[20181203_092648 / lib_ip.py:2273] inspecting ===> img.20181203_092647.2018-12-02_18-57-28_000.jpg.2.png
[20181203_092648 / lib_ip.py:4331] 
img.20181203_092647.2018-12-02_18-57-28_000.jpg.2.png 1 ---------------------
[20181203_092648 / lib_ip.py:3794] file = img.20181203_092647.2018-12-02_18-57-28_000.jpg.2.png / val_Average = 48.2911	val_Variance = 1399.6217	sd = 37.4115	max = 135	min = 0
[20181203_092648 / lib_ip.py:3877] len(Hs) = 8100, len(Ss) = 8100, len(Vs) = 8100
[20181203_092648 / lib_ip.py:3910] yellow : variance --> out of range (variance = 1399.622 / upper = 0.650 / lower = 0.000)
[20181203_092648 / lib_ip.py:3794] file = img.20181203_092647.2018-12-02_18-57-28_000.jpg.2.png / val_Average = 48.2911	val_Variance = 1399.6217	sd = 37.4115	max = 135	min = 0
[20181203_092648 / lib_ip.py:3977] len(Hs) = 8100, len(Ss) = 8100, len(Vs) = 8100
[20181203_092649 / lib_ip.py:4023] red : variance --> out of range (variance = 1399.622 / upper = 0.430 / lower = 0.000)
[20181203_092649 / lib_ip.py:3794] file = img.20181203_092647.2018-12-02_18-57-28_000.jpg.2.png / val_Average = 48.2911	val_Variance = 1399.6217	sd = 37.4115	max = 135	min = 0
[20181203_092649 / lib_ip.py:4090] len(Hs) = 8100, len(Ss) = 8100, len(Vs) = 8100
[20181203_092649 / lib_ip.py:4137] green : variance --> out of range (variance = 1399.622 / upper = 0.760 / lower = 0.000)
[20181203_092649 / lib_ip.py:3794] file = img.20181203_092647.2018-12-02_18-57-28_000.jpg.2.png / val_Average = 48.2911	val_Variance = 1399.6217	sd = 37.4115	max = 135	min = 0
[20181203_092649 / lib_ip.py:4204] len(Hs) = 8100, len(Ss) = 8100, len(Vs) = 8100
[20181203_092649 / lib_ip.py:4248] black : variance --> out of range (variance = 1399.622 / upper = 0.000 / lower = 0.000)
[20181203_092649 / lib_ip.py:4399] file : img.20181203_092647.2018-12-02_18-57-28_000.jpg.2.png 1 (black : variance --> out of range (variance = 1399.622 / upper = 0.000 / lower = 0.000))
[20181203_092649 / lib_ip.py:2273] inspecting ===> img.20181203_092647.2018-12-02_18-57-28_000.jpg.3.png
[20181203_092649 / lib_ip.py:4331] 
img.20181203_092647.2018-12-02_18-57-28_000.jpg.3.png 2 ---------------------
[20181203_092649 / lib_ip.py:3794] file = img.20181203_092647.2018-12-02_18-57-28_000.jpg.3.png / val_Average = 76.9012	val_Variance = 0.1920	sd = 0.4381	max = 79	min = 75
[20181203_092649 / lib_ip.py:3877] len(Hs) = 8100, len(Ss) = 8100, len(Vs) = 8100
[20181203_092649 / lib_ip.py:3932] yellow : average --> out of range (average = 76.901 / upper = 99.200 / lower = 88.000)
[20181203_092649 / lib_ip.py:3794] file = img.20181203_092647.2018-12-02_18-57-28_000.jpg.3.png / val_Average = 76.9012	val_Variance = 0.1920	sd = 0.4381	max = 79	min = 75
[20181203_092649 / lib_ip.py:3977] len(Hs) = 8100, len(Ss) = 8100, len(Vs) = 8100
[20181203_092649 / lib_ip.py:4048] red : average --> out of range (average = 76.901 / upper = 124.000 / lower = 115.000)
[20181203_092649 / lib_ip.py:3794] file = img.20181203_092647.2018-12-02_18-57-28_000.jpg.3.png / val_Average = 76.9012	val_Variance = 0.1920	sd = 0.4381	max = 79	min = 75
[20181203_092649 / lib_ip.py:4090] len(Hs) = 8100, len(Ss) = 8100, len(Vs) = 8100
[20181203_092649 / lib_ip.py:2273] inspecting ===> img.20181203_092647.2018-12-02_18-57-28_000.jpg.4.png
[20181203_092650 / lib_ip.py:4331] 
img.20181203_092647.2018-12-02_18-57-28_000.jpg.4.png 3 ---------------------
[20181203_092650 / lib_ip.py:3794] file = img.20181203_092647.2018-12-02_18-57-28_000.jpg.4.png / val_Average = 120.3880	val_Variance = 0.2392	sd = 0.4891	max = 121	min = 119
[20181203_092650 / lib_ip.py:3877] len(Hs) = 8100, len(Ss) = 8100, len(Vs) = 8100
[20181203_092650 / lib_ip.py:3932] yellow : average --> out of range (average = 120.388 / upper = 99.200 / lower = 88.000)
[20181203_092650 / lib_ip.py:3794] file = img.20181203_092647.2018-12-02_18-57-28_000.jpg.4.png / val_Average = 120.3880	val_Variance = 0.2392	sd = 0.4891	max = 121	min = 119
[20181203_092650 / lib_ip.py:3977] len(Hs) = 8100, len(Ss) = 8100, len(Vs) = 8100
[20181203_092649 / lib_ip.py:2273] inspecting ===> img.20181203_092647.2018-12-02_18-57-28_000.jpg.4.png
img.20181203_092647.2018-12-02_18-57-28_000.jpg.1.png => other
img.20181203_092647.2018-12-02_18-57-28_000.jpg.2.png => other
img.20181203_092647.2018-12-02_18-57-28_000.jpg.3.png => other
img.20181203_092647.2018-12-02_18-57-28_000.jpg.4.png => other
[20181203_092650 lib_ip.py:3300] =============== Get 4 corners
dpath_Images = C:\WORKS_2\WS\WS_Others.Art\JVEMV6\46_art\VIRTUAL\Admin_Projects\ip\images
fname_Image = img.20181203_092647.2018-12-02_18-57-28_000.jpg.4.png

[20181203_092651 / lib_ip.py:2273] inspecting ===> img.20181203_092651.2018-12-02_20-09-47_000.jpg.1.png
[20181203_092651 / lib_ip.py:4331] 
img.20181203_092651.2018-12-02_20-09-47_000.jpg.1.png 0 ---------------------
[20181203_092651 / lib_ip.py:3794] file = img.20181203_092651.2018-12-02_20-09-47_000.jpg.1.png / val_Average = 85.5386	val_Variance = 892.2201	sd = 29.8701	max = 160	min = 0
[20181203_092651 / lib_ip.py:3877] len(Hs) = 8100, len(Ss) = 8100, len(Vs) = 8100
[20181203_092651 / lib_ip.py:3910] yellow : variance --> out of range (variance = 892.220 / upper = 0.650 / lower = 0.000)
[20181203_092651 / lib_ip.py:3794] file = img.20181203_092651.2018-12-02_20-09-47_000.jpg.1.png / val_Average = 85.5386	val_Variance = 892.2201	sd = 29.8701	max = 160	min = 0
[20181203_092651 / lib_ip.py:3977] len(Hs) = 8100, len(Ss) = 8100, len(Vs) = 8100
[20181203_092651 / lib_ip.py:4023] red : variance --> out of range (variance = 892.220 / upper = 0.430 / lower = 0.000)
[20181203_092651 / lib_ip.py:3794] file = img.20181203_092651.2018-12-02_20-09-47_000.jpg.1.png / val_Average = 85.5386	val_Variance = 892.2201	sd = 29.8701	max = 160	min = 0
[20181203_092651 / lib_ip.py:4090] len(Hs) = 8100, len(Ss) = 8100, len(Vs) = 8100
[20181203_092651 / lib_ip.py:4137] green : variance --> out of range (variance = 892.220 / upper = 0.760 / lower = 0.000)
[20181203_092651 / lib_ip.py:3794] file = img.20181203_092651.2018-12-02_20-09-47_000.jpg.1.png / val_Average = 85.5386	val_Variance = 892.2201	sd = 29.8701	max = 160	min = 0
[20181203_092651 / lib_ip.py:4204] len(Hs) = 8100, len(Ss) = 8100, len(Vs) = 8100
[20181203_092652 / lib_ip.py:4248] black : variance --> out of range (variance = 892.220 / upper = 0.000 / lower = 0.000)
[20181203_092652 / lib_ip.py:4399] file : img.20181203_092651.2018-12-02_20-09-47_000.jpg.1.png 0 (black : variance --> out of range (variance = 892.220 / upper = 0.000 / lower = 0.000))
[20181203_092652 / lib_ip.py:2273] inspecting ===> img.20181203_092651.2018-12-02_20-09-47_000.jpg.2.png
[20181203_092652 / lib_ip.py:4331] 
img.20181203_092651.2018-12-02_20-09-47_000.jpg.2.png 1 ---------------------
[20181203_092652 / lib_ip.py:3794] file = img.20181203_092651.2018-12-02_20-09-47_000.jpg.2.png / val_Average = 48.9775	val_Variance = 1297.8106	sd = 36.0251	max = 135	min = 0
[20181203_092652 / lib_ip.py:3877] len(Hs) = 8100, len(Ss) = 8100, len(Vs) = 8100
[20181203_092652 / lib_ip.py:3910] yellow : variance --> out of range (variance = 1297.811 / upper = 0.650 / lower = 0.000)
[20181203_092652 / lib_ip.py:3794] file = img.20181203_092651.2018-12-02_20-09-47_000.jpg.2.png / val_Average = 48.9775	val_Variance = 1297.8106	sd = 36.0251	max = 135	min = 0
[20181203_092652 / lib_ip.py:3977] len(Hs) = 8100, len(Ss) = 8100, len(Vs) = 8100
[20181203_092652 / lib_ip.py:4023] red : variance --> out of range (variance = 1297.811 / upper = 0.430 / lower = 0.000)
[20181203_092652 / lib_ip.py:3794] file = img.20181203_092651.2018-12-02_20-09-47_000.jpg.2.png / val_Average = 48.9775	val_Variance = 1297.8106	sd = 36.0251	max = 135	min = 0
[20181203_092652 / lib_ip.py:4090] len(Hs) = 8100, len(Ss) = 8100, len(Vs) = 8100
[20181203_092652 / lib_ip.py:4137] green : variance --> out of range (variance = 1297.811 / upper = 0.760 / lower = 0.000)
[20181203_092653 / lib_ip.py:3794] file = img.20181203_092651.2018-12-02_20-09-47_000.jpg.2.png / val_Average = 48.9775	val_Variance = 1297.8106	sd = 36.0251	max = 135	min = 0
[20181203_092653 / lib_ip.py:4204] len(Hs) = 8100, len(Ss) = 8100, len(Vs) = 8100
[20181203_092653 / lib_ip.py:4248] black : variance --> out of range (variance = 1297.811 / upper = 0.000 / lower = 0.000)
[20181203_092653 / lib_ip.py:4399] file : img.20181203_092651.2018-12-02_20-09-47_000.jpg.2.png 1 (black : variance --> out of range (variance = 1297.811 / upper = 0.000 / lower = 0.000))
[20181203_092653 / lib_ip.py:2273] inspecting ===> img.20181203_092651.2018-12-02_20-09-47_000.jpg.3.png
[20181203_092653 / lib_ip.py:4331] 
img.20181203_092651.2018-12-02_20-09-47_000.jpg.3.png 2 ---------------------
[20181203_092653 / lib_ip.py:3794] file = img.20181203_092651.2018-12-02_20-09-47_000.jpg.3.png / val_Average = 93.9919	val_Variance = 0.0234	sd = 0.1529	max = 95	min = 93
[20181203_092653 / lib_ip.py:3877] len(Hs) = 8100, len(Ss) = 8100, len(Vs) = 8100
[20181203_092653 / lib_ip.py:2273] inspecting ===> img.20181203_092651.2018-12-02_20-09-47_000.jpg.4.png
[20181203_092653 / lib_ip.py:4331] 
img.20181203_092651.2018-12-02_20-09-47_000.jpg.4.png 3 ---------------------
[20181203_092653 / lib_ip.py:3794] file = img.20181203_092651.2018-12-02_20-09-47_000.jpg.4.png / val_Average = 65.9184	val_Variance = 1644.4920	sd = 40.5523	max = 160	min = 0
[20181203_092653 / lib_ip.py:3877] len(Hs) = 8100, len(Ss) = 8100, len(Vs) = 8100
[20181203_092653 / lib_ip.py:3910] yellow : variance --> out of range (variance = 1644.492 / upper = 0.650 / lower = 0.000)
[20181203_092653 / lib_ip.py:3794] file = img.20181203_092651.2018-12-02_20-09-47_000.jpg.4.png / val_Average = 65.9184	val_Variance = 1644.4920	sd = 40.5523	max = 160	min = 0
[20181203_092653 / lib_ip.py:3977] len(Hs) = 8100, len(Ss) = 8100, len(Vs) = 8100
[20181203_092653 / lib_ip.py:4023] red : variance --> out of range (variance = 1644.492 / upper = 0.430 / lower = 0.000)
[20181203_092653 / lib_ip.py:3794] file = img.20181203_092651.2018-12-02_20-09-47_000.jpg.4.png / val_Average = 65.9184	val_Variance = 1644.4920	sd = 40.5523	max = 160	min = 0
[20181203_092653 / lib_ip.py:4090] len(Hs) = 8100, len(Ss) = 8100, len(Vs) = 8100
[20181203_092653 / lib_ip.py:4137] green : variance --> out of range (variance = 1644.492 / upper = 0.760 / lower = 0.000)
[20181203_092654 / lib_ip.py:3794] file = img.20181203_092651.2018-12-02_20-09-47_000.jpg.4.png / val_Average = 65.9184	val_Variance = 1644.4920	sd = 40.5523	max = 160	min = 0
[20181203_092654 / lib_ip.py:4204] len(Hs) = 8100, len(Ss) = 8100, len(Vs) = 8100
[20181203_092654 / lib_ip.py:4248] black : variance --> out of range (variance = 1644.492 / upper = 0.000 / lower = 0.000)
[20181203_092654 / lib_ip.py:4399] file : img.20181203_092651.2018-12-02_20-09-47_000.jpg.4.png 3 (black : variance --> out of range (variance = 1644.492 / upper = 0.000 / lower = 0.000))
[20181203_092653 / lib_ip.py:2273] inspecting ===> img.20181203_092651.2018-12-02_20-09-47_000.jpg.4.png
img.20181203_092651.2018-12-02_20-09-47_000.jpg.1.png => other
img.20181203_092651.2018-12-02_20-09-47_000.jpg.2.png => other
img.20181203_092651.2018-12-02_20-09-47_000.jpg.3.png => yellow
img.20181203_092651.2018-12-02_20-09-47_000.jpg.4.png => other
[20181203_092654 lib_ip.py:3300] =============== Get 4 corners
dpath_Images = C:\WORKS_2\WS\WS_Others.Art\JVEMV6\46_art\VIRTUAL\Admin_Projects\ip\images
fname_Image = img.20181203_092651.2018-12-02_20-09-47_000.jpg.4.png

[20181203_092654 / lib_ip.py:2273] inspecting ===> img.20181203_092654.2018-12-03_08-43-37_000.jpg.1.png
[20181203_092655 / lib_ip.py:4331] 
img.20181203_092654.2018-12-03_08-43-37_000.jpg.1.png 0 ---------------------
[20181203_092655 / lib_ip.py:3794] file = img.20181203_092654.2018-12-03_08-43-37_000.jpg.1.png / val_Average = 29.8884	val_Variance = 1200.8345	sd = 34.6531	max = 175	min = 0
[20181203_092655 / lib_ip.py:3877] len(Hs) = 8100, len(Ss) = 8100, len(Vs) = 8100
[20181203_092655 / lib_ip.py:3910] yellow : variance --> out of range (variance = 1200.834 / upper = 0.650 / lower = 0.000)
[20181203_092655 / lib_ip.py:3794] file = img.20181203_092654.2018-12-03_08-43-37_000.jpg.1.png / val_Average = 29.8884	val_Variance = 1200.8345	sd = 34.6531	max = 175	min = 0
[20181203_092655 / lib_ip.py:3977] len(Hs) = 8100, len(Ss) = 8100, len(Vs) = 8100
[20181203_092655 / lib_ip.py:4023] red : variance --> out of range (variance = 1200.834 / upper = 0.430 / lower = 0.000)
[20181203_092655 / lib_ip.py:3794] file = img.20181203_092654.2018-12-03_08-43-37_000.jpg.1.png / val_Average = 29.8884	val_Variance = 1200.8345	sd = 34.6531	max = 175	min = 0
[20181203_092655 / lib_ip.py:4090] len(Hs) = 8100, len(Ss) = 8100, len(Vs) = 8100
[20181203_092655 / lib_ip.py:4137] green : variance --> out of range (variance = 1200.834 / upper = 0.760 / lower = 0.000)
[20181203_092655 / lib_ip.py:3794] file = img.20181203_092654.2018-12-03_08-43-37_000.jpg.1.png / val_Average = 29.8884	val_Variance = 1200.8345	sd = 34.6531	max = 175	min = 0
[20181203_092655 / lib_ip.py:4204] len(Hs) = 8100, len(Ss) = 8100, len(Vs) = 8100
[20181203_092655 / lib_ip.py:4248] black : variance --> out of range (variance = 1200.834 / upper = 0.000 / lower = 0.000)
[20181203_092655 / lib_ip.py:4399] file : img.20181203_092654.2018-12-03_08-43-37_000.jpg.1.png 0 (black : variance --> out of range (variance = 1200.834 / upper = 0.000 / lower = 0.000))
[20181203_092655 / lib_ip.py:2273] inspecting ===> img.20181203_092654.2018-12-03_08-43-37_000.jpg.2.png
[20181203_092655 / lib_ip.py:4331] 
img.20181203_092654.2018-12-03_08-43-37_000.jpg.2.png 1 ---------------------
[20181203_092655 / lib_ip.py:3794] file = img.20181203_092654.2018-12-03_08-43-37_000.jpg.2.png / val_Average = 100.6827	val_Variance = 0.4754	sd = 0.6895	max = 103	min = 99
[20181203_092655 / lib_ip.py:3877] len(Hs) = 8100, len(Ss) = 8100, len(Vs) = 8100
[20181203_092656 / lib_ip.py:3932] yellow : average --> out of range (average = 100.683 / upper = 99.200 / lower = 88.000)
[20181203_092656 / lib_ip.py:3794] file = img.20181203_092654.2018-12-03_08-43-37_000.jpg.2.png / val_Average = 100.6827	val_Variance = 0.4754	sd = 0.6895	max = 103	min = 99
[20181203_092656 / lib_ip.py:3977] len(Hs) = 8100, len(Ss) = 8100, len(Vs) = 8100
[20181203_092656 / lib_ip.py:4023] red : variance --> out of range (variance = 0.475 / upper = 0.430 / lower = 0.000)
[20181203_092656 / lib_ip.py:3794] file = img.20181203_092654.2018-12-03_08-43-37_000.jpg.2.png / val_Average = 100.6827	val_Variance = 0.4754	sd = 0.6895	max = 103	min = 99
[20181203_092656 / lib_ip.py:4090] len(Hs) = 8100, len(Ss) = 8100, len(Vs) = 8100
[20181203_092656 / lib_ip.py:4162] green : average --> out of range (average = 100.683 / upper = 83.000 / lower = 58.000)
[20181203_092656 / lib_ip.py:3794] file = img.20181203_092654.2018-12-03_08-43-37_000.jpg.2.png / val_Average = 100.6827	val_Variance = 0.4754	sd = 0.6895	max = 103	min = 99
[20181203_092656 / lib_ip.py:4204] len(Hs) = 8100, len(Ss) = 8100, len(Vs) = 8100
[20181203_092656 / lib_ip.py:4248] black : variance --> out of range (variance = 0.475 / upper = 0.000 / lower = 0.000)
[20181203_092656 / lib_ip.py:4399] file : img.20181203_092654.2018-12-03_08-43-37_000.jpg.2.png 1 (black : variance --> out of range (variance = 0.475 / upper = 0.000 / lower = 0.000))
[20181203_092656 / lib_ip.py:2273] inspecting ===> img.20181203_092654.2018-12-03_08-43-37_000.jpg.3.png
[20181203_092656 / lib_ip.py:4331] 
img.20181203_092654.2018-12-03_08-43-37_000.jpg.3.png 2 ---------------------
[20181203_092656 / lib_ip.py:3794] file = img.20181203_092654.2018-12-03_08-43-37_000.jpg.3.png / val_Average = 100.2859	val_Variance = 0.8978	sd = 0.9475	max = 104	min = 96
[20181203_092657 / lib_ip.py:3877] len(Hs) = 8100, len(Ss) = 8100, len(Vs) = 8100
[20181203_092657 / lib_ip.py:3910] yellow : variance --> out of range (variance = 0.898 / upper = 0.650 / lower = 0.000)
[20181203_092657 / lib_ip.py:3794] file = img.20181203_092654.2018-12-03_08-43-37_000.jpg.3.png / val_Average = 100.2859	val_Variance = 0.8978	sd = 0.9475	max = 104	min = 96
[20181203_092657 / lib_ip.py:3977] len(Hs) = 8100, len(Ss) = 8100, len(Vs) = 8100
[20181203_092657 / lib_ip.py:4023] red : variance --> out of range (variance = 0.898 / upper = 0.430 / lower = 0.000)
[20181203_092657 / lib_ip.py:3794] file = img.20181203_092654.2018-12-03_08-43-37_000.jpg.3.png / val_Average = 100.2859	val_Variance = 0.8978	sd = 0.9475	max = 104	min = 96
[20181203_092657 / lib_ip.py:4090] len(Hs) = 8100, len(Ss) = 8100, len(Vs) = 8100
[20181203_092657 / lib_ip.py:4137] green : variance --> out of range (variance = 0.898 / upper = 0.760 / lower = 0.000)
[20181203_092657 / lib_ip.py:3794] file = img.20181203_092654.2018-12-03_08-43-37_000.jpg.3.png / val_Average = 100.2859	val_Variance = 0.8978	sd = 0.9475	max = 104	min = 96
[20181203_092657 / lib_ip.py:4204] len(Hs) = 8100, len(Ss) = 8100, len(Vs) = 8100
[20181203_092657 / lib_ip.py:4248] black : variance --> out of range (variance = 0.898 / upper = 0.000 / lower = 0.000)
[20181203_092657 / lib_ip.py:4399] file : img.20181203_092654.2018-12-03_08-43-37_000.jpg.3.png 2 (black : variance --> out of range (variance = 0.898 / upper = 0.000 / lower = 0.000))
[20181203_092657 / lib_ip.py:2273] inspecting ===> img.20181203_092654.2018-12-03_08-43-37_000.jpg.4.png
[20181203_092657 / lib_ip.py:4331] 
img.20181203_092654.2018-12-03_08-43-37_000.jpg.4.png 3 ---------------------
[20181203_092657 / lib_ip.py:3794] file = img.20181203_092654.2018-12-03_08-43-37_000.jpg.4.png / val_Average = 98.7069	val_Variance = 1.2793	sd = 1.1311	max = 101	min = 96
[20181203_092657 / lib_ip.py:3877] len(Hs) = 8100, len(Ss) = 8100, len(Vs) = 8100
[20181203_092657 / lib_ip.py:3910] yellow : variance --> out of range (variance = 1.279 / upper = 0.650 / lower = 0.000)
[20181203_092657 / lib_ip.py:3794] file = img.20181203_092654.2018-12-03_08-43-37_000.jpg.4.png / val_Average = 98.7069	val_Variance = 1.2793	sd = 1.1311	max = 101	min = 96
[20181203_092657 / lib_ip.py:3977] len(Hs) = 8100, len(Ss) = 8100, len(Vs) = 8100
[20181203_092658 / lib_ip.py:4023] red : variance --> out of range (variance = 1.279 / upper = 0.430 / lower = 0.000)
[20181203_092658 / lib_ip.py:3794] file = img.20181203_092654.2018-12-03_08-43-37_000.jpg.4.png / val_Average = 98.7069	val_Variance = 1.2793	sd = 1.1311	max = 101	min = 96
[20181203_092658 / lib_ip.py:4090] len(Hs) = 8100, len(Ss) = 8100, len(Vs) = 8100
[20181203_092658 / lib_ip.py:4137] green : variance --> out of range (variance = 1.279 / upper = 0.760 / lower = 0.000)
[20181203_092658 / lib_ip.py:3794] file = img.20181203_092654.2018-12-03_08-43-37_000.jpg.4.png / val_Average = 98.7069	val_Variance = 1.2793	sd = 1.1311	max = 101	min = 96
[20181203_092658 / lib_ip.py:4204] len(Hs) = 8100, len(Ss) = 8100, len(Vs) = 8100
[20181203_092658 / lib_ip.py:4248] black : variance --> out of range (variance = 1.279 / upper = 0.000 / lower = 0.000)
[20181203_092658 / lib_ip.py:4399] file : img.20181203_092654.2018-12-03_08-43-37_000.jpg.4.png 3 (black : variance --> out of range (variance = 1.279 / upper = 0.000 / lower = 0.000))
[20181203_092657 / lib_ip.py:2273] inspecting ===> img.20181203_092654.2018-12-03_08-43-37_000.jpg.4.png
img.20181203_092654.2018-12-03_08-43-37_000.jpg.1.png => other
img.20181203_092654.2018-12-03_08-43-37_000.jpg.2.png => other
img.20181203_092654.2018-12-03_08-43-37_000.jpg.3.png => other
img.20181203_092654.2018-12-03_08-43-37_000.jpg.4.png => other
[20181203_092658 lib_ip.py:3300] =============== Get 4 corners
dpath_Images = C:\WORKS_2\WS\WS_Others.Art\JVEMV6\46_art\VIRTUAL\Admin_Projects\ip\images
fname_Image = img.20181203_092654.2018-12-03_08-43-37_000.jpg.4.png

[20181203_092658 / views.py:1411] gen csv => complete (20181203_092658)(elapsed = 27.214 sec / 7 files / 3.888 sec per file)
1)	2018-12-02_11-36-33_000.jpg => 	other other green red 
2)	2018-12-02_11-43-06_000.jpg => 	other other red green 
3)	2018-12-02_16-54-45_000.jpg => 	green green other other 
4)	2018-12-02_18-56-47_000.jpg => 	other other green red 
5)	2018-12-02_18-57-28_000.jpg => 	other other green red 
6)	2018-12-02_20-09-47_000.jpg => 	other other yellow other 
7)	2018-12-03_08-43-37_000.jpg => 	other other other other 
[20181203_092658 / views.py:1797] lo_ColorName_Set__Modified_2 =>
1)	2018-12-02_11-36-33_000.jpg => 	g o o r 
2)	2018-12-02_11-43-06_000.jpg => 	g o o r 
3)	2018-12-02_16-54-45_000.jpg => 	g g o o 
4)	2018-12-02_18-56-47_000.jpg => 	g o o r 
5)	2018-12-02_18-57-28_000.jpg => 	g o o r 
6)	2018-12-02_20-09-47_000.jpg => 	o o o y 
7)	2018-12-03_08-43-37_000.jpg => 	o o o o 
[20181203_092659 / views.py:1908] gen_Cake_CSV(request) ==> ending... =======================//

