[20181207_053640 / views.py:1877] gen_Cake_CSV(request) ==> starting... =======================
[20181207_053642 / lib_ip.py:2273] inspecting ===> img.20181207_053641.2018-12-06_10-49-07_000.jpg.1.png
[20181207_053642 / lib_ip.py:4331] 
img.20181207_053641.2018-12-06_10-49-07_000.jpg.1.png 0 ---------------------
[20181207_053642 / lib_ip.py:3794] file = img.20181207_053641.2018-12-06_10-49-07_000.jpg.1.png / val_Average = 55.4133	val_Variance = 6533.2568	sd = 80.8286	max = 178	min = 1
[20181207_053642 / lib_ip.py:3877] len(Hs) = 8100, len(Ss) = 8100, len(Vs) = 8100
[20181207_053642 / lib_ip.py:3910] yellow : variance --> out of range (variance = 6533.257 / upper = 0.650 / lower = 0.000)
[20181207_053642 / lib_ip.py:3794] file = img.20181207_053641.2018-12-06_10-49-07_000.jpg.1.png / val_Average = 55.4133	val_Variance = 6533.2568	sd = 80.8286	max = 178	min = 1
[20181207_053642 / lib_ip.py:3977] len(Hs) = 8100, len(Ss) = 8100, len(Vs) = 8100
[20181207_053642 / lib_ip.py:4023] red : variance --> out of range (variance = 6533.257 / upper = 0.430 / lower = 0.000)
[20181207_053642 / lib_ip.py:3794] file = img.20181207_053641.2018-12-06_10-49-07_000.jpg.1.png / val_Average = 55.4133	val_Variance = 6533.2568	sd = 80.8286	max = 178	min = 1
[20181207_053642 / lib_ip.py:4090] len(Hs) = 8100, len(Ss) = 8100, len(Vs) = 8100
[20181207_053643 / lib_ip.py:4137] green : variance --> out of range (variance = 6533.257 / upper = 0.760 / lower = 0.000)
[20181207_053643 / lib_ip.py:3794] file = img.20181207_053641.2018-12-06_10-49-07_000.jpg.1.png / val_Average = 55.4133	val_Variance = 6533.2568	sd = 80.8286	max = 178	min = 1
[20181207_053643 / lib_ip.py:4204] len(Hs) = 8100, len(Ss) = 8100, len(Vs) = 8100
[20181207_053643 / lib_ip.py:4248] black : variance --> out of range (variance = 6533.257 / upper = 0.000 / lower = 0.000)
[20181207_053643 / lib_ip.py:4399] file : img.20181207_053641.2018-12-06_10-49-07_000.jpg.1.png 0 (black : variance --> out of range (variance = 6533.257 / upper = 0.000 / lower = 0.000))
[20181207_053643 / lib_ip.py:2273] inspecting ===> img.20181207_053641.2018-12-06_10-49-07_000.jpg.2.png
[20181207_053643 / lib_ip.py:4331] 
img.20181207_053641.2018-12-06_10-49-07_000.jpg.2.png 1 ---------------------
[20181207_053643 / lib_ip.py:3794] file = img.20181207_053641.2018-12-06_10-49-07_000.jpg.2.png / val_Average = 99.1072	val_Variance = 716.3752	sd = 26.7652	max = 135	min = 0
[20181207_053643 / lib_ip.py:3877] len(Hs) = 8100, len(Ss) = 8100, len(Vs) = 8100
[20181207_053643 / lib_ip.py:3910] yellow : variance --> out of range (variance = 716.375 / upper = 0.650 / lower = 0.000)
[20181207_053644 / lib_ip.py:3794] file = img.20181207_053641.2018-12-06_10-49-07_000.jpg.2.png / val_Average = 99.1072	val_Variance = 716.3752	sd = 26.7652	max = 135	min = 0
[20181207_053644 / lib_ip.py:3977] len(Hs) = 8100, len(Ss) = 8100, len(Vs) = 8100
[20181207_053644 / lib_ip.py:4023] red : variance --> out of range (variance = 716.375 / upper = 0.430 / lower = 0.000)
[20181207_053644 / lib_ip.py:3794] file = img.20181207_053641.2018-12-06_10-49-07_000.jpg.2.png / val_Average = 99.1072	val_Variance = 716.3752	sd = 26.7652	max = 135	min = 0
[20181207_053644 / lib_ip.py:4090] len(Hs) = 8100, len(Ss) = 8100, len(Vs) = 8100
[20181207_053644 / lib_ip.py:4137] green : variance --> out of range (variance = 716.375 / upper = 0.760 / lower = 0.000)
[20181207_053644 / lib_ip.py:3794] file = img.20181207_053641.2018-12-06_10-49-07_000.jpg.2.png / val_Average = 99.1072	val_Variance = 716.3752	sd = 26.7652	max = 135	min = 0
[20181207_053644 / lib_ip.py:4204] len(Hs) = 8100, len(Ss) = 8100, len(Vs) = 8100
[20181207_053644 / lib_ip.py:4248] black : variance --> out of range (variance = 716.375 / upper = 0.000 / lower = 0.000)
[20181207_053644 / lib_ip.py:4399] file : img.20181207_053641.2018-12-06_10-49-07_000.jpg.2.png 1 (black : variance --> out of range (variance = 716.375 / upper = 0.000 / lower = 0.000))
[20181207_053644 / lib_ip.py:2273] inspecting ===> img.20181207_053641.2018-12-06_10-49-07_000.jpg.3.png
[20181207_053644 / lib_ip.py:4331] 
img.20181207_053641.2018-12-06_10-49-07_000.jpg.3.png 2 ---------------------
[20181207_053644 / lib_ip.py:3794] file = img.20181207_053641.2018-12-06_10-49-07_000.jpg.3.png / val_Average = 93.8407	val_Variance = 0.1339	sd = 0.3659	max = 94	min = 93
[20181207_053645 / lib_ip.py:3877] len(Hs) = 8100, len(Ss) = 8100, len(Vs) = 8100
[20181207_053645 / lib_ip.py:2273] inspecting ===> img.20181207_053641.2018-12-06_10-49-07_000.jpg.4.png
[20181207_053645 / lib_ip.py:4331] 
img.20181207_053641.2018-12-06_10-49-07_000.jpg.4.png 3 ---------------------
[20181207_053645 / lib_ip.py:3794] file = img.20181207_053641.2018-12-06_10-49-07_000.jpg.4.png / val_Average = 60.7080	val_Variance = 1971.0065	sd = 44.3960	max = 135	min = 0
[20181207_053645 / lib_ip.py:3877] len(Hs) = 8100, len(Ss) = 8100, len(Vs) = 8100
[20181207_053645 / lib_ip.py:3910] yellow : variance --> out of range (variance = 1971.006 / upper = 0.650 / lower = 0.000)
[20181207_053645 / lib_ip.py:3794] file = img.20181207_053641.2018-12-06_10-49-07_000.jpg.4.png / val_Average = 60.7080	val_Variance = 1971.0065	sd = 44.3960	max = 135	min = 0
[20181207_053646 / lib_ip.py:3977] len(Hs) = 8100, len(Ss) = 8100, len(Vs) = 8100
[20181207_053646 / lib_ip.py:4023] red : variance --> out of range (variance = 1971.006 / upper = 0.430 / lower = 0.000)
[20181207_053646 / lib_ip.py:3794] file = img.20181207_053641.2018-12-06_10-49-07_000.jpg.4.png / val_Average = 60.7080	val_Variance = 1971.0065	sd = 44.3960	max = 135	min = 0
[20181207_053646 / lib_ip.py:4090] len(Hs) = 8100, len(Ss) = 8100, len(Vs) = 8100
[20181207_053646 / lib_ip.py:4137] green : variance --> out of range (variance = 1971.006 / upper = 0.760 / lower = 0.000)
[20181207_053646 / lib_ip.py:3794] file = img.20181207_053641.2018-12-06_10-49-07_000.jpg.4.png / val_Average = 60.7080	val_Variance = 1971.0065	sd = 44.3960	max = 135	min = 0
[20181207_053646 / lib_ip.py:4204] len(Hs) = 8100, len(Ss) = 8100, len(Vs) = 8100
[20181207_053646 / lib_ip.py:4248] black : variance --> out of range (variance = 1971.006 / upper = 0.000 / lower = 0.000)
[20181207_053646 / lib_ip.py:4399] file : img.20181207_053641.2018-12-06_10-49-07_000.jpg.4.png 3 (black : variance --> out of range (variance = 1971.006 / upper = 0.000 / lower = 0.000))
[20181207_053645 / lib_ip.py:2273] inspecting ===> img.20181207_053641.2018-12-06_10-49-07_000.jpg.4.png
img.20181207_053641.2018-12-06_10-49-07_000.jpg.1.png => other
img.20181207_053641.2018-12-06_10-49-07_000.jpg.2.png => other
img.20181207_053641.2018-12-06_10-49-07_000.jpg.3.png => other
img.20181207_053641.2018-12-06_10-49-07_000.jpg.4.png => other
[20181207_053646 lib_ip.py:3300] =============== Get 4 corners
dpath_Images = C:\WORKS_2\WS\WS_Others.Art\JVEMV6\46_art\VIRTUAL\Admin_Projects\ip\images
fname_Image = img.20181207_053641.2018-12-06_10-49-07_000.jpg.4.png

[20181207_053647 / lib_ip.py:2273] inspecting ===> img.20181207_053646.2018-12-06_14-10-44_000.jpg.1.png
[20181207_053648 / lib_ip.py:4331] 
img.20181207_053646.2018-12-06_14-10-44_000.jpg.1.png 0 ---------------------
[20181207_053648 / lib_ip.py:3794] file = img.20181207_053646.2018-12-06_14-10-44_000.jpg.1.png / val_Average = 106.3106	val_Variance = 1.3324	sd = 1.1543	max = 115	min = 102
[20181207_053648 / lib_ip.py:3877] len(Hs) = 8100, len(Ss) = 8100, len(Vs) = 8100
[20181207_053648 / lib_ip.py:3910] yellow : variance --> out of range (variance = 1.332 / upper = 0.650 / lower = 0.000)
[20181207_053648 / lib_ip.py:3794] file = img.20181207_053646.2018-12-06_14-10-44_000.jpg.1.png / val_Average = 106.3106	val_Variance = 1.3324	sd = 1.1543	max = 115	min = 102
[20181207_053648 / lib_ip.py:3977] len(Hs) = 8100, len(Ss) = 8100, len(Vs) = 8100
[20181207_053648 / lib_ip.py:4023] red : variance --> out of range (variance = 1.332 / upper = 0.430 / lower = 0.000)
[20181207_053648 / lib_ip.py:3794] file = img.20181207_053646.2018-12-06_14-10-44_000.jpg.1.png / val_Average = 106.3106	val_Variance = 1.3324	sd = 1.1543	max = 115	min = 102
[20181207_053648 / lib_ip.py:4090] len(Hs) = 8100, len(Ss) = 8100, len(Vs) = 8100
[20181207_053648 / lib_ip.py:4137] green : variance --> out of range (variance = 1.332 / upper = 0.760 / lower = 0.000)
[20181207_053648 / lib_ip.py:3794] file = img.20181207_053646.2018-12-06_14-10-44_000.jpg.1.png / val_Average = 106.3106	val_Variance = 1.3324	sd = 1.1543	max = 115	min = 102
[20181207_053648 / lib_ip.py:4204] len(Hs) = 8100, len(Ss) = 8100, len(Vs) = 8100
[20181207_053648 / lib_ip.py:4248] black : variance --> out of range (variance = 1.332 / upper = 0.000 / lower = 0.000)
[20181207_053648 / lib_ip.py:4399] file : img.20181207_053646.2018-12-06_14-10-44_000.jpg.1.png 0 (black : variance --> out of range (variance = 1.332 / upper = 0.000 / lower = 0.000))
[20181207_053648 / lib_ip.py:2273] inspecting ===> img.20181207_053646.2018-12-06_14-10-44_000.jpg.2.png
[20181207_053648 / lib_ip.py:4331] 
img.20181207_053646.2018-12-06_14-10-44_000.jpg.2.png 1 ---------------------
[20181207_053648 / lib_ip.py:3794] file = img.20181207_053646.2018-12-06_14-10-44_000.jpg.2.png / val_Average = 106.7785	val_Variance = 2.3030	sd = 1.5176	max = 115	min = 101
[20181207_053648 / lib_ip.py:3877] len(Hs) = 8100, len(Ss) = 8100, len(Vs) = 8100
[20181207_053649 / lib_ip.py:3910] yellow : variance --> out of range (variance = 2.303 / upper = 0.650 / lower = 0.000)
[20181207_053649 / lib_ip.py:3794] file = img.20181207_053646.2018-12-06_14-10-44_000.jpg.2.png / val_Average = 106.7785	val_Variance = 2.3030	sd = 1.5176	max = 115	min = 101
[20181207_053649 / lib_ip.py:3977] len(Hs) = 8100, len(Ss) = 8100, len(Vs) = 8100
[20181207_053649 / lib_ip.py:4023] red : variance --> out of range (variance = 2.303 / upper = 0.430 / lower = 0.000)
[20181207_053649 / lib_ip.py:3794] file = img.20181207_053646.2018-12-06_14-10-44_000.jpg.2.png / val_Average = 106.7785	val_Variance = 2.3030	sd = 1.5176	max = 115	min = 101
[20181207_053649 / lib_ip.py:4090] len(Hs) = 8100, len(Ss) = 8100, len(Vs) = 8100
[20181207_053649 / lib_ip.py:4137] green : variance --> out of range (variance = 2.303 / upper = 0.760 / lower = 0.000)
[20181207_053649 / lib_ip.py:3794] file = img.20181207_053646.2018-12-06_14-10-44_000.jpg.2.png / val_Average = 106.7785	val_Variance = 2.3030	sd = 1.5176	max = 115	min = 101
[20181207_053650 / lib_ip.py:4204] len(Hs) = 8100, len(Ss) = 8100, len(Vs) = 8100
[20181207_053650 / lib_ip.py:4248] black : variance --> out of range (variance = 2.303 / upper = 0.000 / lower = 0.000)
[20181207_053650 / lib_ip.py:4399] file : img.20181207_053646.2018-12-06_14-10-44_000.jpg.2.png 1 (black : variance --> out of range (variance = 2.303 / upper = 0.000 / lower = 0.000))
[20181207_053650 / lib_ip.py:2273] inspecting ===> img.20181207_053646.2018-12-06_14-10-44_000.jpg.3.png
[20181207_053650 / lib_ip.py:4331] 
img.20181207_053646.2018-12-06_14-10-44_000.jpg.3.png 2 ---------------------
[20181207_053650 / lib_ip.py:3794] file = img.20181207_053646.2018-12-06_14-10-44_000.jpg.3.png / val_Average = 84.2177	val_Variance = 133.3589	sd = 11.5481	max = 108	min = 74
[20181207_053650 / lib_ip.py:3877] len(Hs) = 8100, len(Ss) = 8100, len(Vs) = 8100
[20181207_053650 / lib_ip.py:3910] yellow : variance --> out of range (variance = 133.359 / upper = 0.650 / lower = 0.000)
[20181207_053650 / lib_ip.py:3794] file = img.20181207_053646.2018-12-06_14-10-44_000.jpg.3.png / val_Average = 84.2177	val_Variance = 133.3589	sd = 11.5481	max = 108	min = 74
[20181207_053650 / lib_ip.py:3977] len(Hs) = 8100, len(Ss) = 8100, len(Vs) = 8100
[20181207_053650 / lib_ip.py:4023] red : variance --> out of range (variance = 133.359 / upper = 0.430 / lower = 0.000)
[20181207_053650 / lib_ip.py:3794] file = img.20181207_053646.2018-12-06_14-10-44_000.jpg.3.png / val_Average = 84.2177	val_Variance = 133.3589	sd = 11.5481	max = 108	min = 74
[20181207_053650 / lib_ip.py:4090] len(Hs) = 8100, len(Ss) = 8100, len(Vs) = 8100
[20181207_053650 / lib_ip.py:4137] green : variance --> out of range (variance = 133.359 / upper = 0.760 / lower = 0.000)
[20181207_053650 / lib_ip.py:3794] file = img.20181207_053646.2018-12-06_14-10-44_000.jpg.3.png / val_Average = 84.2177	val_Variance = 133.3589	sd = 11.5481	max = 108	min = 74
[20181207_053650 / lib_ip.py:4204] len(Hs) = 8100, len(Ss) = 8100, len(Vs) = 8100
[20181207_053650 / lib_ip.py:4248] black : variance --> out of range (variance = 133.359 / upper = 0.000 / lower = 0.000)
[20181207_053650 / lib_ip.py:4399] file : img.20181207_053646.2018-12-06_14-10-44_000.jpg.3.png 2 (black : variance --> out of range (variance = 133.359 / upper = 0.000 / lower = 0.000))
[20181207_053650 / lib_ip.py:2273] inspecting ===> img.20181207_053646.2018-12-06_14-10-44_000.jpg.4.png
[20181207_053651 / lib_ip.py:4331] 
img.20181207_053646.2018-12-06_14-10-44_000.jpg.4.png 3 ---------------------
[20181207_053651 / lib_ip.py:3794] file = img.20181207_053646.2018-12-06_14-10-44_000.jpg.4.png / val_Average = 120.7300	val_Variance = 0.2196	sd = 0.4686	max = 122	min = 120
[20181207_053651 / lib_ip.py:3877] len(Hs) = 8100, len(Ss) = 8100, len(Vs) = 8100
[20181207_053651 / lib_ip.py:3932] yellow : average --> out of range (average = 120.730 / upper = 99.200 / lower = 88.000)
[20181207_053652 / lib_ip.py:3794] file = img.20181207_053646.2018-12-06_14-10-44_000.jpg.4.png / val_Average = 120.7300	val_Variance = 0.2196	sd = 0.4686	max = 122	min = 120
[20181207_053652 / lib_ip.py:3977] len(Hs) = 8100, len(Ss) = 8100, len(Vs) = 8100
[20181207_053650 / lib_ip.py:2273] inspecting ===> img.20181207_053646.2018-12-06_14-10-44_000.jpg.4.png
img.20181207_053646.2018-12-06_14-10-44_000.jpg.1.png => other
img.20181207_053646.2018-12-06_14-10-44_000.jpg.2.png => other
img.20181207_053646.2018-12-06_14-10-44_000.jpg.3.png => other
img.20181207_053646.2018-12-06_14-10-44_000.jpg.4.png => other
[20181207_053652 lib_ip.py:3300] =============== Get 4 corners
dpath_Images = C:\WORKS_2\WS\WS_Others.Art\JVEMV6\46_art\VIRTUAL\Admin_Projects\ip\images
fname_Image = img.20181207_053646.2018-12-06_14-10-44_000.jpg.4.png

[20181207_053652 / lib_ip.py:2273] inspecting ===> img.20181207_053652.2018-12-06_14-11-23_000.jpg.1.png
[20181207_053652 / lib_ip.py:4331] 
img.20181207_053652.2018-12-06_14-11-23_000.jpg.1.png 0 ---------------------
[20181207_053653 / lib_ip.py:3794] file = img.20181207_053652.2018-12-06_14-11-23_000.jpg.1.png / val_Average = 107.7960	val_Variance = 31.4327	sd = 5.6065	max = 131	min = 84
[20181207_053653 / lib_ip.py:3877] len(Hs) = 8100, len(Ss) = 8100, len(Vs) = 8100
[20181207_053653 / lib_ip.py:3910] yellow : variance --> out of range (variance = 31.433 / upper = 0.650 / lower = 0.000)
[20181207_053653 / lib_ip.py:3794] file = img.20181207_053652.2018-12-06_14-11-23_000.jpg.1.png / val_Average = 107.7960	val_Variance = 31.4327	sd = 5.6065	max = 131	min = 84
[20181207_053653 / lib_ip.py:3977] len(Hs) = 8100, len(Ss) = 8100, len(Vs) = 8100
[20181207_053653 / lib_ip.py:4023] red : variance --> out of range (variance = 31.433 / upper = 0.430 / lower = 0.000)
[20181207_053653 / lib_ip.py:3794] file = img.20181207_053652.2018-12-06_14-11-23_000.jpg.1.png / val_Average = 107.7960	val_Variance = 31.4327	sd = 5.6065	max = 131	min = 84
[20181207_053653 / lib_ip.py:4090] len(Hs) = 8100, len(Ss) = 8100, len(Vs) = 8100
[20181207_053653 / lib_ip.py:4137] green : variance --> out of range (variance = 31.433 / upper = 0.760 / lower = 0.000)
[20181207_053653 / lib_ip.py:3794] file = img.20181207_053652.2018-12-06_14-11-23_000.jpg.1.png / val_Average = 107.7960	val_Variance = 31.4327	sd = 5.6065	max = 131	min = 84
[20181207_053653 / lib_ip.py:4204] len(Hs) = 8100, len(Ss) = 8100, len(Vs) = 8100
[20181207_053653 / lib_ip.py:4248] black : variance --> out of range (variance = 31.433 / upper = 0.000 / lower = 0.000)
[20181207_053653 / lib_ip.py:4399] file : img.20181207_053652.2018-12-06_14-11-23_000.jpg.1.png 0 (black : variance --> out of range (variance = 31.433 / upper = 0.000 / lower = 0.000))
[20181207_053653 / lib_ip.py:2273] inspecting ===> img.20181207_053652.2018-12-06_14-11-23_000.jpg.2.png
[20181207_053654 / lib_ip.py:4331] 
img.20181207_053652.2018-12-06_14-11-23_000.jpg.2.png 1 ---------------------
[20181207_053654 / lib_ip.py:3794] file = img.20181207_053652.2018-12-06_14-11-23_000.jpg.2.png / val_Average = 107.0394	val_Variance = 3.3845	sd = 1.8397	max = 113	min = 102
[20181207_053654 / lib_ip.py:3877] len(Hs) = 8100, len(Ss) = 8100, len(Vs) = 8100
[20181207_053654 / lib_ip.py:3910] yellow : variance --> out of range (variance = 3.384 / upper = 0.650 / lower = 0.000)
[20181207_053654 / lib_ip.py:3794] file = img.20181207_053652.2018-12-06_14-11-23_000.jpg.2.png / val_Average = 107.0394	val_Variance = 3.3845	sd = 1.8397	max = 113	min = 102
[20181207_053654 / lib_ip.py:3977] len(Hs) = 8100, len(Ss) = 8100, len(Vs) = 8100
[20181207_053654 / lib_ip.py:4023] red : variance --> out of range (variance = 3.384 / upper = 0.430 / lower = 0.000)
[20181207_053654 / lib_ip.py:3794] file = img.20181207_053652.2018-12-06_14-11-23_000.jpg.2.png / val_Average = 107.0394	val_Variance = 3.3845	sd = 1.8397	max = 113	min = 102
[20181207_053654 / lib_ip.py:4090] len(Hs) = 8100, len(Ss) = 8100, len(Vs) = 8100
[20181207_053654 / lib_ip.py:4137] green : variance --> out of range (variance = 3.384 / upper = 0.760 / lower = 0.000)
[20181207_053654 / lib_ip.py:3794] file = img.20181207_053652.2018-12-06_14-11-23_000.jpg.2.png / val_Average = 107.0394	val_Variance = 3.3845	sd = 1.8397	max = 113	min = 102
[20181207_053654 / lib_ip.py:4204] len(Hs) = 8100, len(Ss) = 8100, len(Vs) = 8100
[20181207_053655 / lib_ip.py:4248] black : variance --> out of range (variance = 3.384 / upper = 0.000 / lower = 0.000)
[20181207_053655 / lib_ip.py:4399] file : img.20181207_053652.2018-12-06_14-11-23_000.jpg.2.png 1 (black : variance --> out of range (variance = 3.384 / upper = 0.000 / lower = 0.000))
[20181207_053655 / lib_ip.py:2273] inspecting ===> img.20181207_053652.2018-12-06_14-11-23_000.jpg.3.png
[20181207_053655 / lib_ip.py:4331] 
img.20181207_053652.2018-12-06_14-11-23_000.jpg.3.png 2 ---------------------
[20181207_053655 / lib_ip.py:3794] file = img.20181207_053652.2018-12-06_14-11-23_000.jpg.3.png / val_Average = 75.9365	val_Variance = 0.1871	sd = 0.4325	max = 77	min = 74
[20181207_053655 / lib_ip.py:3877] len(Hs) = 8100, len(Ss) = 8100, len(Vs) = 8100
[20181207_053655 / lib_ip.py:3932] yellow : average --> out of range (average = 75.937 / upper = 99.200 / lower = 88.000)
[20181207_053655 / lib_ip.py:3794] file = img.20181207_053652.2018-12-06_14-11-23_000.jpg.3.png / val_Average = 75.9365	val_Variance = 0.1871	sd = 0.4325	max = 77	min = 74
[20181207_053655 / lib_ip.py:3977] len(Hs) = 8100, len(Ss) = 8100, len(Vs) = 8100
[20181207_053655 / lib_ip.py:4048] red : average --> out of range (average = 75.937 / upper = 124.000 / lower = 115.000)
[20181207_053655 / lib_ip.py:3794] file = img.20181207_053652.2018-12-06_14-11-23_000.jpg.3.png / val_Average = 75.9365	val_Variance = 0.1871	sd = 0.4325	max = 77	min = 74
[20181207_053655 / lib_ip.py:4090] len(Hs) = 8100, len(Ss) = 8100, len(Vs) = 8100
[20181207_053655 / lib_ip.py:2273] inspecting ===> img.20181207_053652.2018-12-06_14-11-23_000.jpg.4.png
[20181207_053656 / lib_ip.py:4331] 
img.20181207_053652.2018-12-06_14-11-23_000.jpg.4.png 3 ---------------------
[20181207_053656 / lib_ip.py:3794] file = img.20181207_053652.2018-12-06_14-11-23_000.jpg.4.png / val_Average = 120.9663	val_Variance = 0.1466	sd = 0.3829	max = 123	min = 120
[20181207_053656 / lib_ip.py:3877] len(Hs) = 8100, len(Ss) = 8100, len(Vs) = 8100
[20181207_053656 / lib_ip.py:3932] yellow : average --> out of range (average = 120.966 / upper = 99.200 / lower = 88.000)
[20181207_053656 / lib_ip.py:3794] file = img.20181207_053652.2018-12-06_14-11-23_000.jpg.4.png / val_Average = 120.9663	val_Variance = 0.1466	sd = 0.3829	max = 123	min = 120
[20181207_053656 / lib_ip.py:3977] len(Hs) = 8100, len(Ss) = 8100, len(Vs) = 8100
[20181207_053655 / lib_ip.py:2273] inspecting ===> img.20181207_053652.2018-12-06_14-11-23_000.jpg.4.png
img.20181207_053652.2018-12-06_14-11-23_000.jpg.1.png => other
img.20181207_053652.2018-12-06_14-11-23_000.jpg.2.png => other
img.20181207_053652.2018-12-06_14-11-23_000.jpg.3.png => other
img.20181207_053652.2018-12-06_14-11-23_000.jpg.4.png => other
[20181207_053656 lib_ip.py:3300] =============== Get 4 corners
dpath_Images = C:\WORKS_2\WS\WS_Others.Art\JVEMV6\46_art\VIRTUAL\Admin_Projects\ip\images
fname_Image = img.20181207_053652.2018-12-06_14-11-23_000.jpg.4.png

[20181207_053657 / lib_ip.py:2273] inspecting ===> img.20181207_053657.2018-12-06_14-12-32_000.jpg.1.png
[20181207_053657 / lib_ip.py:4331] 
img.20181207_053657.2018-12-06_14-12-32_000.jpg.1.png 0 ---------------------
[20181207_053657 / lib_ip.py:3794] file = img.20181207_053657.2018-12-06_14-12-32_000.jpg.1.png / val_Average = 76.6588	val_Variance = 0.3048	sd = 0.5521	max = 78	min = 75
[20181207_053657 / lib_ip.py:3877] len(Hs) = 8100, len(Ss) = 8100, len(Vs) = 8100
[20181207_053657 / lib_ip.py:3932] yellow : average --> out of range (average = 76.659 / upper = 99.200 / lower = 88.000)
[20181207_053657 / lib_ip.py:3794] file = img.20181207_053657.2018-12-06_14-12-32_000.jpg.1.png / val_Average = 76.6588	val_Variance = 0.3048	sd = 0.5521	max = 78	min = 75
[20181207_053657 / lib_ip.py:3977] len(Hs) = 8100, len(Ss) = 8100, len(Vs) = 8100
[20181207_053657 / lib_ip.py:4048] red : average --> out of range (average = 76.659 / upper = 124.000 / lower = 115.000)
[20181207_053657 / lib_ip.py:3794] file = img.20181207_053657.2018-12-06_14-12-32_000.jpg.1.png / val_Average = 76.6588	val_Variance = 0.3048	sd = 0.5521	max = 78	min = 75
[20181207_053658 / lib_ip.py:4090] len(Hs) = 8100, len(Ss) = 8100, len(Vs) = 8100
[20181207_053658 / lib_ip.py:2273] inspecting ===> img.20181207_053657.2018-12-06_14-12-32_000.jpg.2.png
[20181207_053658 / lib_ip.py:4331] 
img.20181207_053657.2018-12-06_14-12-32_000.jpg.2.png 1 ---------------------
[20181207_053659 / lib_ip.py:3794] file = img.20181207_053657.2018-12-06_14-12-32_000.jpg.2.png / val_Average = 116.0685	val_Variance = 18.0312	sd = 4.2463	max = 131	min = 96
[20181207_053659 / lib_ip.py:3877] len(Hs) = 8100, len(Ss) = 8100, len(Vs) = 8100
[20181207_053659 / lib_ip.py:3910] yellow : variance --> out of range (variance = 18.031 / upper = 0.650 / lower = 0.000)
[20181207_053659 / lib_ip.py:3794] file = img.20181207_053657.2018-12-06_14-12-32_000.jpg.2.png / val_Average = 116.0685	val_Variance = 18.0312	sd = 4.2463	max = 131	min = 96
[20181207_053659 / lib_ip.py:3977] len(Hs) = 8100, len(Ss) = 8100, len(Vs) = 8100
[20181207_053659 / lib_ip.py:4023] red : variance --> out of range (variance = 18.031 / upper = 0.430 / lower = 0.000)
[20181207_053659 / lib_ip.py:3794] file = img.20181207_053657.2018-12-06_14-12-32_000.jpg.2.png / val_Average = 116.0685	val_Variance = 18.0312	sd = 4.2463	max = 131	min = 96
[20181207_053659 / lib_ip.py:4090] len(Hs) = 8100, len(Ss) = 8100, len(Vs) = 8100
[20181207_053659 / lib_ip.py:4137] green : variance --> out of range (variance = 18.031 / upper = 0.760 / lower = 0.000)
[20181207_053659 / lib_ip.py:3794] file = img.20181207_053657.2018-12-06_14-12-32_000.jpg.2.png / val_Average = 116.0685	val_Variance = 18.0312	sd = 4.2463	max = 131	min = 96
[20181207_053659 / lib_ip.py:4204] len(Hs) = 8100, len(Ss) = 8100, len(Vs) = 8100
[20181207_053659 / lib_ip.py:4248] black : variance --> out of range (variance = 18.031 / upper = 0.000 / lower = 0.000)
[20181207_053659 / lib_ip.py:4399] file : img.20181207_053657.2018-12-06_14-12-32_000.jpg.2.png 1 (black : variance --> out of range (variance = 18.031 / upper = 0.000 / lower = 0.000))
[20181207_053659 / lib_ip.py:2273] inspecting ===> img.20181207_053657.2018-12-06_14-12-32_000.jpg.3.png
[20181207_053700 / lib_ip.py:4331] 
img.20181207_053657.2018-12-06_14-12-32_000.jpg.3.png 2 ---------------------
[20181207_053700 / lib_ip.py:3794] file = img.20181207_053657.2018-12-06_14-12-32_000.jpg.3.png / val_Average = 120.1801	val_Variance = 0.2704	sd = 0.5200	max = 122	min = 119
[20181207_053700 / lib_ip.py:3877] len(Hs) = 8100, len(Ss) = 8100, len(Vs) = 8100
[20181207_053700 / lib_ip.py:3932] yellow : average --> out of range (average = 120.180 / upper = 99.200 / lower = 88.000)
[20181207_053700 / lib_ip.py:3794] file = img.20181207_053657.2018-12-06_14-12-32_000.jpg.3.png / val_Average = 120.1801	val_Variance = 0.2704	sd = 0.5200	max = 122	min = 119
[20181207_053700 / lib_ip.py:3977] len(Hs) = 8100, len(Ss) = 8100, len(Vs) = 8100
[20181207_053700 / lib_ip.py:2273] inspecting ===> img.20181207_053657.2018-12-06_14-12-32_000.jpg.4.png
[20181207_053701 / lib_ip.py:4331] 
img.20181207_053657.2018-12-06_14-12-32_000.jpg.4.png 3 ---------------------
[20181207_053701 / lib_ip.py:3794] file = img.20181207_053657.2018-12-06_14-12-32_000.jpg.4.png / val_Average = 102.7462	val_Variance = 1.1610	sd = 1.0775	max = 107	min = 98
[20181207_053701 / lib_ip.py:3877] len(Hs) = 8100, len(Ss) = 8100, len(Vs) = 8100
[20181207_053701 / lib_ip.py:3910] yellow : variance --> out of range (variance = 1.161 / upper = 0.650 / lower = 0.000)
[20181207_053701 / lib_ip.py:3794] file = img.20181207_053657.2018-12-06_14-12-32_000.jpg.4.png / val_Average = 102.7462	val_Variance = 1.1610	sd = 1.0775	max = 107	min = 98
[20181207_053701 / lib_ip.py:3977] len(Hs) = 8100, len(Ss) = 8100, len(Vs) = 8100
[20181207_053701 / lib_ip.py:4023] red : variance --> out of range (variance = 1.161 / upper = 0.430 / lower = 0.000)
[20181207_053701 / lib_ip.py:3794] file = img.20181207_053657.2018-12-06_14-12-32_000.jpg.4.png / val_Average = 102.7462	val_Variance = 1.1610	sd = 1.0775	max = 107	min = 98
[20181207_053701 / lib_ip.py:4090] len(Hs) = 8100, len(Ss) = 8100, len(Vs) = 8100
[20181207_053701 / lib_ip.py:4137] green : variance --> out of range (variance = 1.161 / upper = 0.760 / lower = 0.000)
[20181207_053701 / lib_ip.py:3794] file = img.20181207_053657.2018-12-06_14-12-32_000.jpg.4.png / val_Average = 102.7462	val_Variance = 1.1610	sd = 1.0775	max = 107	min = 98
[20181207_053701 / lib_ip.py:4204] len(Hs) = 8100, len(Ss) = 8100, len(Vs) = 8100
[20181207_053701 / lib_ip.py:4248] black : variance --> out of range (variance = 1.161 / upper = 0.000 / lower = 0.000)
[20181207_053702 / lib_ip.py:4399] file : img.20181207_053657.2018-12-06_14-12-32_000.jpg.4.png 3 (black : variance --> out of range (variance = 1.161 / upper = 0.000 / lower = 0.000))
[20181207_053700 / lib_ip.py:2273] inspecting ===> img.20181207_053657.2018-12-06_14-12-32_000.jpg.4.png
img.20181207_053657.2018-12-06_14-12-32_000.jpg.1.png => other
img.20181207_053657.2018-12-06_14-12-32_000.jpg.2.png => other
img.20181207_053657.2018-12-06_14-12-32_000.jpg.3.png => other
img.20181207_053657.2018-12-06_14-12-32_000.jpg.4.png => other
[20181207_053702 lib_ip.py:3300] =============== Get 4 corners
dpath_Images = C:\WORKS_2\WS\WS_Others.Art\JVEMV6\46_art\VIRTUAL\Admin_Projects\ip\images
fname_Image = img.20181207_053657.2018-12-06_14-12-32_000.jpg.4.png

[20181207_053702 / lib_ip.py:2273] inspecting ===> img.20181207_053702.2018-12-06_14-13-22_000.jpg.1.png
[20181207_053703 / lib_ip.py:4331] 
img.20181207_053702.2018-12-06_14-13-22_000.jpg.1.png 0 ---------------------
[20181207_053703 / lib_ip.py:3794] file = img.20181207_053702.2018-12-06_14-13-22_000.jpg.1.png / val_Average = 76.7233	val_Variance = 0.2685	sd = 0.5182	max = 78	min = 74
[20181207_053703 / lib_ip.py:3877] len(Hs) = 8100, len(Ss) = 8100, len(Vs) = 8100
[20181207_053703 / lib_ip.py:3932] yellow : average --> out of range (average = 76.723 / upper = 99.200 / lower = 88.000)
[20181207_053703 / lib_ip.py:3794] file = img.20181207_053702.2018-12-06_14-13-22_000.jpg.1.png / val_Average = 76.7233	val_Variance = 0.2685	sd = 0.5182	max = 78	min = 74
[20181207_053703 / lib_ip.py:3977] len(Hs) = 8100, len(Ss) = 8100, len(Vs) = 8100
[20181207_053703 / lib_ip.py:4048] red : average --> out of range (average = 76.723 / upper = 124.000 / lower = 115.000)
[20181207_053703 / lib_ip.py:3794] file = img.20181207_053702.2018-12-06_14-13-22_000.jpg.1.png / val_Average = 76.7233	val_Variance = 0.2685	sd = 0.5182	max = 78	min = 74
[20181207_053703 / lib_ip.py:4090] len(Hs) = 8100, len(Ss) = 8100, len(Vs) = 8100
[20181207_053703 / lib_ip.py:2273] inspecting ===> img.20181207_053702.2018-12-06_14-13-22_000.jpg.2.png
[20181207_053704 / lib_ip.py:4331] 
img.20181207_053702.2018-12-06_14-13-22_000.jpg.2.png 1 ---------------------
[20181207_053704 / lib_ip.py:3794] file = img.20181207_053702.2018-12-06_14-13-22_000.jpg.2.png / val_Average = 121.7194	val_Variance = 144.3871	sd = 12.0161	max = 176	min = 0
[20181207_053704 / lib_ip.py:3877] len(Hs) = 8100, len(Ss) = 8100, len(Vs) = 8100
[20181207_053704 / lib_ip.py:3910] yellow : variance --> out of range (variance = 144.387 / upper = 0.650 / lower = 0.000)
[20181207_053704 / lib_ip.py:3794] file = img.20181207_053702.2018-12-06_14-13-22_000.jpg.2.png / val_Average = 121.7194	val_Variance = 144.3871	sd = 12.0161	max = 176	min = 0
[20181207_053704 / lib_ip.py:3977] len(Hs) = 8100, len(Ss) = 8100, len(Vs) = 8100
[20181207_053704 / lib_ip.py:4023] red : variance --> out of range (variance = 144.387 / upper = 0.430 / lower = 0.000)
[20181207_053704 / lib_ip.py:3794] file = img.20181207_053702.2018-12-06_14-13-22_000.jpg.2.png / val_Average = 121.7194	val_Variance = 144.3871	sd = 12.0161	max = 176	min = 0
[20181207_053704 / lib_ip.py:4090] len(Hs) = 8100, len(Ss) = 8100, len(Vs) = 8100
[20181207_053704 / lib_ip.py:4137] green : variance --> out of range (variance = 144.387 / upper = 0.760 / lower = 0.000)
[20181207_053704 / lib_ip.py:3794] file = img.20181207_053702.2018-12-06_14-13-22_000.jpg.2.png / val_Average = 121.7194	val_Variance = 144.3871	sd = 12.0161	max = 176	min = 0
[20181207_053704 / lib_ip.py:4204] len(Hs) = 8100, len(Ss) = 8100, len(Vs) = 8100
[20181207_053704 / lib_ip.py:4248] black : variance --> out of range (variance = 144.387 / upper = 0.000 / lower = 0.000)
[20181207_053705 / lib_ip.py:4399] file : img.20181207_053702.2018-12-06_14-13-22_000.jpg.2.png 1 (black : variance --> out of range (variance = 144.387 / upper = 0.000 / lower = 0.000))
[20181207_053705 / lib_ip.py:2273] inspecting ===> img.20181207_053702.2018-12-06_14-13-22_000.jpg.3.png
[20181207_053705 / lib_ip.py:4331] 
img.20181207_053702.2018-12-06_14-13-22_000.jpg.3.png 2 ---------------------
[20181207_053705 / lib_ip.py:3794] file = img.20181207_053702.2018-12-06_14-13-22_000.jpg.3.png / val_Average = 120.5854	val_Variance = 0.2755	sd = 0.5249	max = 122	min = 120
[20181207_053705 / lib_ip.py:3877] len(Hs) = 8100, len(Ss) = 8100, len(Vs) = 8100
[20181207_053705 / lib_ip.py:3932] yellow : average --> out of range (average = 120.585 / upper = 99.200 / lower = 88.000)
[20181207_053705 / lib_ip.py:3794] file = img.20181207_053702.2018-12-06_14-13-22_000.jpg.3.png / val_Average = 120.5854	val_Variance = 0.2755	sd = 0.5249	max = 122	min = 120
[20181207_053705 / lib_ip.py:3977] len(Hs) = 8100, len(Ss) = 8100, len(Vs) = 8100
[20181207_053705 / lib_ip.py:2273] inspecting ===> img.20181207_053702.2018-12-06_14-13-22_000.jpg.4.png
[20181207_053706 / lib_ip.py:4331] 
img.20181207_053702.2018-12-06_14-13-22_000.jpg.4.png 3 ---------------------
[20181207_053706 / lib_ip.py:3794] file = img.20181207_053702.2018-12-06_14-13-22_000.jpg.4.png / val_Average = 103.1930	val_Variance = 3.6644	sd = 1.9143	max = 109	min = 98
[20181207_053706 / lib_ip.py:3877] len(Hs) = 8100, len(Ss) = 8100, len(Vs) = 8100
[20181207_053706 / lib_ip.py:3910] yellow : variance --> out of range (variance = 3.664 / upper = 0.650 / lower = 0.000)
[20181207_053706 / lib_ip.py:3794] file = img.20181207_053702.2018-12-06_14-13-22_000.jpg.4.png / val_Average = 103.1930	val_Variance = 3.6644	sd = 1.9143	max = 109	min = 98
[20181207_053706 / lib_ip.py:3977] len(Hs) = 8100, len(Ss) = 8100, len(Vs) = 8100
[20181207_053706 / lib_ip.py:4023] red : variance --> out of range (variance = 3.664 / upper = 0.430 / lower = 0.000)
[20181207_053706 / lib_ip.py:3794] file = img.20181207_053702.2018-12-06_14-13-22_000.jpg.4.png / val_Average = 103.1930	val_Variance = 3.6644	sd = 1.9143	max = 109	min = 98
[20181207_053706 / lib_ip.py:4090] len(Hs) = 8100, len(Ss) = 8100, len(Vs) = 8100
[20181207_053706 / lib_ip.py:4137] green : variance --> out of range (variance = 3.664 / upper = 0.760 / lower = 0.000)
[20181207_053706 / lib_ip.py:3794] file = img.20181207_053702.2018-12-06_14-13-22_000.jpg.4.png / val_Average = 103.1930	val_Variance = 3.6644	sd = 1.9143	max = 109	min = 98
[20181207_053706 / lib_ip.py:4204] len(Hs) = 8100, len(Ss) = 8100, len(Vs) = 8100
[20181207_053706 / lib_ip.py:4248] black : variance --> out of range (variance = 3.664 / upper = 0.000 / lower = 0.000)
[20181207_053706 / lib_ip.py:4399] file : img.20181207_053702.2018-12-06_14-13-22_000.jpg.4.png 3 (black : variance --> out of range (variance = 3.664 / upper = 0.000 / lower = 0.000))
[20181207_053705 / lib_ip.py:2273] inspecting ===> img.20181207_053702.2018-12-06_14-13-22_000.jpg.4.png
img.20181207_053702.2018-12-06_14-13-22_000.jpg.1.png => other
img.20181207_053702.2018-12-06_14-13-22_000.jpg.2.png => other
img.20181207_053702.2018-12-06_14-13-22_000.jpg.3.png => other
img.20181207_053702.2018-12-06_14-13-22_000.jpg.4.png => other
[20181207_053706 lib_ip.py:3300] =============== Get 4 corners
dpath_Images = C:\WORKS_2\WS\WS_Others.Art\JVEMV6\46_art\VIRTUAL\Admin_Projects\ip\images
fname_Image = img.20181207_053702.2018-12-06_14-13-22_000.jpg.4.png

[20181207_053707 / lib_ip.py:2273] inspecting ===> img.20181207_053707.2018-12-06_14-31-13_000.jpg.1.png
[20181207_053707 / lib_ip.py:4331] 
img.20181207_053707.2018-12-06_14-31-13_000.jpg.1.png 0 ---------------------
[20181207_053708 / lib_ip.py:3794] file = img.20181207_053707.2018-12-06_14-31-13_000.jpg.1.png / val_Average = 32.5278	val_Variance = 500.1900	sd = 22.3649	max = 135	min = 0
[20181207_053708 / lib_ip.py:3877] len(Hs) = 8100, len(Ss) = 8100, len(Vs) = 8100
[20181207_053708 / lib_ip.py:3910] yellow : variance --> out of range (variance = 500.190 / upper = 0.650 / lower = 0.000)
[20181207_053708 / lib_ip.py:3794] file = img.20181207_053707.2018-12-06_14-31-13_000.jpg.1.png / val_Average = 32.5278	val_Variance = 500.1900	sd = 22.3649	max = 135	min = 0
[20181207_053708 / lib_ip.py:3977] len(Hs) = 8100, len(Ss) = 8100, len(Vs) = 8100
[20181207_053708 / lib_ip.py:4023] red : variance --> out of range (variance = 500.190 / upper = 0.430 / lower = 0.000)
[20181207_053708 / lib_ip.py:3794] file = img.20181207_053707.2018-12-06_14-31-13_000.jpg.1.png / val_Average = 32.5278	val_Variance = 500.1900	sd = 22.3649	max = 135	min = 0
[20181207_053708 / lib_ip.py:4090] len(Hs) = 8100, len(Ss) = 8100, len(Vs) = 8100
[20181207_053708 / lib_ip.py:4137] green : variance --> out of range (variance = 500.190 / upper = 0.760 / lower = 0.000)
[20181207_053708 / lib_ip.py:3794] file = img.20181207_053707.2018-12-06_14-31-13_000.jpg.1.png / val_Average = 32.5278	val_Variance = 500.1900	sd = 22.3649	max = 135	min = 0
[20181207_053708 / lib_ip.py:4204] len(Hs) = 8100, len(Ss) = 8100, len(Vs) = 8100
[20181207_053708 / lib_ip.py:4248] black : variance --> out of range (variance = 500.190 / upper = 0.000 / lower = 0.000)
[20181207_053708 / lib_ip.py:4399] file : img.20181207_053707.2018-12-06_14-31-13_000.jpg.1.png 0 (black : variance --> out of range (variance = 500.190 / upper = 0.000 / lower = 0.000))
[20181207_053708 / lib_ip.py:2273] inspecting ===> img.20181207_053707.2018-12-06_14-31-13_000.jpg.2.png
[20181207_053709 / lib_ip.py:4331] 
img.20181207_053707.2018-12-06_14-31-13_000.jpg.2.png 1 ---------------------
[20181207_053709 / lib_ip.py:3794] file = img.20181207_053707.2018-12-06_14-31-13_000.jpg.2.png / val_Average = 73.7695	val_Variance = 0.1793	sd = 0.4235	max = 75	min = 73
[20181207_053709 / lib_ip.py:3877] len(Hs) = 8100, len(Ss) = 8100, len(Vs) = 8100
[20181207_053709 / lib_ip.py:3932] yellow : average --> out of range (average = 73.770 / upper = 99.200 / lower = 88.000)
[20181207_053709 / lib_ip.py:3794] file = img.20181207_053707.2018-12-06_14-31-13_000.jpg.2.png / val_Average = 73.7695	val_Variance = 0.1793	sd = 0.4235	max = 75	min = 73
[20181207_053709 / lib_ip.py:3977] len(Hs) = 8100, len(Ss) = 8100, len(Vs) = 8100
[20181207_053709 / lib_ip.py:4048] red : average --> out of range (average = 73.770 / upper = 124.000 / lower = 115.000)
[20181207_053709 / lib_ip.py:3794] file = img.20181207_053707.2018-12-06_14-31-13_000.jpg.2.png / val_Average = 73.7695	val_Variance = 0.1793	sd = 0.4235	max = 75	min = 73
[20181207_053709 / lib_ip.py:4090] len(Hs) = 8100, len(Ss) = 8100, len(Vs) = 8100
[20181207_053709 / lib_ip.py:2273] inspecting ===> img.20181207_053707.2018-12-06_14-31-13_000.jpg.3.png
[20181207_053709 / lib_ip.py:4331] 
img.20181207_053707.2018-12-06_14-31-13_000.jpg.3.png 2 ---------------------
[20181207_053710 / lib_ip.py:3794] file = img.20181207_053707.2018-12-06_14-31-13_000.jpg.3.png / val_Average = 79.9638	val_Variance = 1288.1067	sd = 35.8902	max = 135	min = 0
[20181207_053710 / lib_ip.py:3877] len(Hs) = 8100, len(Ss) = 8100, len(Vs) = 8100
[20181207_053710 / lib_ip.py:3910] yellow : variance --> out of range (variance = 1288.107 / upper = 0.650 / lower = 0.000)
[20181207_053710 / lib_ip.py:3794] file = img.20181207_053707.2018-12-06_14-31-13_000.jpg.3.png / val_Average = 79.9638	val_Variance = 1288.1067	sd = 35.8902	max = 135	min = 0
[20181207_053710 / lib_ip.py:3977] len(Hs) = 8100, len(Ss) = 8100, len(Vs) = 8100
[20181207_053710 / lib_ip.py:4023] red : variance --> out of range (variance = 1288.107 / upper = 0.430 / lower = 0.000)
[20181207_053710 / lib_ip.py:3794] file = img.20181207_053707.2018-12-06_14-31-13_000.jpg.3.png / val_Average = 79.9638	val_Variance = 1288.1067	sd = 35.8902	max = 135	min = 0
[20181207_053710 / lib_ip.py:4090] len(Hs) = 8100, len(Ss) = 8100, len(Vs) = 8100
[20181207_053710 / lib_ip.py:4137] green : variance --> out of range (variance = 1288.107 / upper = 0.760 / lower = 0.000)
[20181207_053710 / lib_ip.py:3794] file = img.20181207_053707.2018-12-06_14-31-13_000.jpg.3.png / val_Average = 79.9638	val_Variance = 1288.1067	sd = 35.8902	max = 135	min = 0
[20181207_053710 / lib_ip.py:4204] len(Hs) = 8100, len(Ss) = 8100, len(Vs) = 8100
[20181207_053710 / lib_ip.py:4248] black : variance --> out of range (variance = 1288.107 / upper = 0.000 / lower = 0.000)
[20181207_053710 / lib_ip.py:4399] file : img.20181207_053707.2018-12-06_14-31-13_000.jpg.3.png 2 (black : variance --> out of range (variance = 1288.107 / upper = 0.000 / lower = 0.000))
[20181207_053710 / lib_ip.py:2273] inspecting ===> img.20181207_053707.2018-12-06_14-31-13_000.jpg.4.png
[20181207_053711 / lib_ip.py:4331] 
img.20181207_053707.2018-12-06_14-31-13_000.jpg.4.png 3 ---------------------
[20181207_053711 / lib_ip.py:3794] file = img.20181207_053707.2018-12-06_14-31-13_000.jpg.4.png / val_Average = 73.1358	val_Variance = 0.2253	sd = 0.4746	max = 74	min = 72
[20181207_053711 / lib_ip.py:3877] len(Hs) = 8100, len(Ss) = 8100, len(Vs) = 8100
[20181207_053711 / lib_ip.py:3932] yellow : average --> out of range (average = 73.136 / upper = 99.200 / lower = 88.000)
[20181207_053711 / lib_ip.py:3794] file = img.20181207_053707.2018-12-06_14-31-13_000.jpg.4.png / val_Average = 73.1358	val_Variance = 0.2253	sd = 0.4746	max = 74	min = 72
[20181207_053711 / lib_ip.py:3977] len(Hs) = 8100, len(Ss) = 8100, len(Vs) = 8100
[20181207_053711 / lib_ip.py:4048] red : average --> out of range (average = 73.136 / upper = 124.000 / lower = 115.000)
[20181207_053711 / lib_ip.py:3794] file = img.20181207_053707.2018-12-06_14-31-13_000.jpg.4.png / val_Average = 73.1358	val_Variance = 0.2253	sd = 0.4746	max = 74	min = 72
[20181207_053711 / lib_ip.py:4090] len(Hs) = 8100, len(Ss) = 8100, len(Vs) = 8100
[20181207_053710 / lib_ip.py:2273] inspecting ===> img.20181207_053707.2018-12-06_14-31-13_000.jpg.4.png
img.20181207_053707.2018-12-06_14-31-13_000.jpg.1.png => other
img.20181207_053707.2018-12-06_14-31-13_000.jpg.2.png => other
img.20181207_053707.2018-12-06_14-31-13_000.jpg.3.png => other
img.20181207_053707.2018-12-06_14-31-13_000.jpg.4.png => other
[20181207_053711 lib_ip.py:3300] =============== Get 4 corners
dpath_Images = C:\WORKS_2\WS\WS_Others.Art\JVEMV6\46_art\VIRTUAL\Admin_Projects\ip\images
fname_Image = img.20181207_053707.2018-12-06_14-31-13_000.jpg.4.png

[20181207_053712 / lib_ip.py:2273] inspecting ===> img.20181207_053712.2018-12-06_17-49-44_000.jpg.1.png
[20181207_053713 / lib_ip.py:4331] 
img.20181207_053712.2018-12-06_17-49-44_000.jpg.1.png 0 ---------------------
[20181207_053713 / lib_ip.py:3794] file = img.20181207_053712.2018-12-06_17-49-44_000.jpg.1.png / val_Average = 111.1011	val_Variance = 6.7351	sd = 2.5952	max = 120	min = 102
[20181207_053713 / lib_ip.py:3877] len(Hs) = 8100, len(Ss) = 8100, len(Vs) = 8100
[20181207_053713 / lib_ip.py:3910] yellow : variance --> out of range (variance = 6.735 / upper = 0.650 / lower = 0.000)
[20181207_053713 / lib_ip.py:3794] file = img.20181207_053712.2018-12-06_17-49-44_000.jpg.1.png / val_Average = 111.1011	val_Variance = 6.7351	sd = 2.5952	max = 120	min = 102
[20181207_053713 / lib_ip.py:3977] len(Hs) = 8100, len(Ss) = 8100, len(Vs) = 8100
[20181207_053713 / lib_ip.py:4023] red : variance --> out of range (variance = 6.735 / upper = 0.430 / lower = 0.000)
[20181207_053713 / lib_ip.py:3794] file = img.20181207_053712.2018-12-06_17-49-44_000.jpg.1.png / val_Average = 111.1011	val_Variance = 6.7351	sd = 2.5952	max = 120	min = 102
[20181207_053713 / lib_ip.py:4090] len(Hs) = 8100, len(Ss) = 8100, len(Vs) = 8100
[20181207_053713 / lib_ip.py:4137] green : variance --> out of range (variance = 6.735 / upper = 0.760 / lower = 0.000)
[20181207_053713 / lib_ip.py:3794] file = img.20181207_053712.2018-12-06_17-49-44_000.jpg.1.png / val_Average = 111.1011	val_Variance = 6.7351	sd = 2.5952	max = 120	min = 102
[20181207_053713 / lib_ip.py:4204] len(Hs) = 8100, len(Ss) = 8100, len(Vs) = 8100
[20181207_053713 / lib_ip.py:4248] black : variance --> out of range (variance = 6.735 / upper = 0.000 / lower = 0.000)
[20181207_053713 / lib_ip.py:4399] file : img.20181207_053712.2018-12-06_17-49-44_000.jpg.1.png 0 (black : variance --> out of range (variance = 6.735 / upper = 0.000 / lower = 0.000))
[20181207_053713 / lib_ip.py:2273] inspecting ===> img.20181207_053712.2018-12-06_17-49-44_000.jpg.2.png
[20181207_053714 / lib_ip.py:4331] 
img.20181207_053712.2018-12-06_17-49-44_000.jpg.2.png 1 ---------------------
[20181207_053714 / lib_ip.py:3794] file = img.20181207_053712.2018-12-06_17-49-44_000.jpg.2.png / val_Average = 108.7149	val_Variance = 3.5875	sd = 1.8941	max = 120	min = 103
[20181207_053714 / lib_ip.py:3877] len(Hs) = 8100, len(Ss) = 8100, len(Vs) = 8100
[20181207_053714 / lib_ip.py:3910] yellow : variance --> out of range (variance = 3.588 / upper = 0.650 / lower = 0.000)
[20181207_053714 / lib_ip.py:3794] file = img.20181207_053712.2018-12-06_17-49-44_000.jpg.2.png / val_Average = 108.7149	val_Variance = 3.5875	sd = 1.8941	max = 120	min = 103
[20181207_053714 / lib_ip.py:3977] len(Hs) = 8100, len(Ss) = 8100, len(Vs) = 8100
[20181207_053714 / lib_ip.py:4023] red : variance --> out of range (variance = 3.588 / upper = 0.430 / lower = 0.000)
[20181207_053715 / lib_ip.py:3794] file = img.20181207_053712.2018-12-06_17-49-44_000.jpg.2.png / val_Average = 108.7149	val_Variance = 3.5875	sd = 1.8941	max = 120	min = 103
[20181207_053715 / lib_ip.py:4090] len(Hs) = 8100, len(Ss) = 8100, len(Vs) = 8100
[20181207_053715 / lib_ip.py:4137] green : variance --> out of range (variance = 3.588 / upper = 0.760 / lower = 0.000)
[20181207_053715 / lib_ip.py:3794] file = img.20181207_053712.2018-12-06_17-49-44_000.jpg.2.png / val_Average = 108.7149	val_Variance = 3.5875	sd = 1.8941	max = 120	min = 103
[20181207_053715 / lib_ip.py:4204] len(Hs) = 8100, len(Ss) = 8100, len(Vs) = 8100
[20181207_053715 / lib_ip.py:4248] black : variance --> out of range (variance = 3.588 / upper = 0.000 / lower = 0.000)
[20181207_053715 / lib_ip.py:4399] file : img.20181207_053712.2018-12-06_17-49-44_000.jpg.2.png 1 (black : variance --> out of range (variance = 3.588 / upper = 0.000 / lower = 0.000))
[20181207_053715 / lib_ip.py:2273] inspecting ===> img.20181207_053712.2018-12-06_17-49-44_000.jpg.3.png
[20181207_053715 / lib_ip.py:4331] 
img.20181207_053712.2018-12-06_17-49-44_000.jpg.3.png 2 ---------------------
[20181207_053715 / lib_ip.py:3794] file = img.20181207_053712.2018-12-06_17-49-44_000.jpg.3.png / val_Average = 119.9801	val_Variance = 0.1017	sd = 0.3189	max = 121	min = 119
[20181207_053715 / lib_ip.py:3877] len(Hs) = 8100, len(Ss) = 8100, len(Vs) = 8100
[20181207_053715 / lib_ip.py:3932] yellow : average --> out of range (average = 119.980 / upper = 99.200 / lower = 88.000)
[20181207_053715 / lib_ip.py:3794] file = img.20181207_053712.2018-12-06_17-49-44_000.jpg.3.png / val_Average = 119.9801	val_Variance = 0.1017	sd = 0.3189	max = 121	min = 119
[20181207_053715 / lib_ip.py:3977] len(Hs) = 8100, len(Ss) = 8100, len(Vs) = 8100
[20181207_053715 / lib_ip.py:2273] inspecting ===> img.20181207_053712.2018-12-06_17-49-44_000.jpg.4.png
[20181207_053716 / lib_ip.py:4331] 
img.20181207_053712.2018-12-06_17-49-44_000.jpg.4.png 3 ---------------------
[20181207_053716 / lib_ip.py:3794] file = img.20181207_053712.2018-12-06_17-49-44_000.jpg.4.png / val_Average = 105.9877	val_Variance = 1.6408	sd = 1.2810	max = 111	min = 102
[20181207_053716 / lib_ip.py:3877] len(Hs) = 8100, len(Ss) = 8100, len(Vs) = 8100
[20181207_053716 / lib_ip.py:3910] yellow : variance --> out of range (variance = 1.641 / upper = 0.650 / lower = 0.000)
[20181207_053716 / lib_ip.py:3794] file = img.20181207_053712.2018-12-06_17-49-44_000.jpg.4.png / val_Average = 105.9877	val_Variance = 1.6408	sd = 1.2810	max = 111	min = 102
[20181207_053716 / lib_ip.py:3977] len(Hs) = 8100, len(Ss) = 8100, len(Vs) = 8100
[20181207_053716 / lib_ip.py:4023] red : variance --> out of range (variance = 1.641 / upper = 0.430 / lower = 0.000)
[20181207_053716 / lib_ip.py:3794] file = img.20181207_053712.2018-12-06_17-49-44_000.jpg.4.png / val_Average = 105.9877	val_Variance = 1.6408	sd = 1.2810	max = 111	min = 102
[20181207_053716 / lib_ip.py:4090] len(Hs) = 8100, len(Ss) = 8100, len(Vs) = 8100
[20181207_053716 / lib_ip.py:4137] green : variance --> out of range (variance = 1.641 / upper = 0.760 / lower = 0.000)
[20181207_053716 / lib_ip.py:3794] file = img.20181207_053712.2018-12-06_17-49-44_000.jpg.4.png / val_Average = 105.9877	val_Variance = 1.6408	sd = 1.2810	max = 111	min = 102
[20181207_053716 / lib_ip.py:4204] len(Hs) = 8100, len(Ss) = 8100, len(Vs) = 8100
[20181207_053717 / lib_ip.py:4248] black : variance --> out of range (variance = 1.641 / upper = 0.000 / lower = 0.000)
[20181207_053717 / lib_ip.py:4399] file : img.20181207_053712.2018-12-06_17-49-44_000.jpg.4.png 3 (black : variance --> out of range (variance = 1.641 / upper = 0.000 / lower = 0.000))
[20181207_053715 / lib_ip.py:2273] inspecting ===> img.20181207_053712.2018-12-06_17-49-44_000.jpg.4.png
img.20181207_053712.2018-12-06_17-49-44_000.jpg.1.png => other
img.20181207_053712.2018-12-06_17-49-44_000.jpg.2.png => other
img.20181207_053712.2018-12-06_17-49-44_000.jpg.3.png => other
img.20181207_053712.2018-12-06_17-49-44_000.jpg.4.png => other
[20181207_053717 lib_ip.py:3300] =============== Get 4 corners
dpath_Images = C:\WORKS_2\WS\WS_Others.Art\JVEMV6\46_art\VIRTUAL\Admin_Projects\ip\images
fname_Image = img.20181207_053712.2018-12-06_17-49-44_000.jpg.4.png

[20181207_053717 / lib_ip.py:2273] inspecting ===> img.20181207_053717.2018-12-06_20-32-04_000.jpg.1.png
[20181207_053718 / lib_ip.py:4331] 
img.20181207_053717.2018-12-06_20-32-04_000.jpg.1.png 0 ---------------------
[20181207_053718 / lib_ip.py:3794] file = img.20181207_053717.2018-12-06_20-32-04_000.jpg.1.png / val_Average = 54.3898	val_Variance = 1780.5522	sd = 42.1966	max = 135	min = 0
[20181207_053718 / lib_ip.py:3877] len(Hs) = 8100, len(Ss) = 8100, len(Vs) = 8100
[20181207_053718 / lib_ip.py:3910] yellow : variance --> out of range (variance = 1780.552 / upper = 0.650 / lower = 0.000)
[20181207_053718 / lib_ip.py:3794] file = img.20181207_053717.2018-12-06_20-32-04_000.jpg.1.png / val_Average = 54.3898	val_Variance = 1780.5522	sd = 42.1966	max = 135	min = 0
[20181207_053718 / lib_ip.py:3977] len(Hs) = 8100, len(Ss) = 8100, len(Vs) = 8100
[20181207_053718 / lib_ip.py:4023] red : variance --> out of range (variance = 1780.552 / upper = 0.430 / lower = 0.000)
[20181207_053718 / lib_ip.py:3794] file = img.20181207_053717.2018-12-06_20-32-04_000.jpg.1.png / val_Average = 54.3898	val_Variance = 1780.5522	sd = 42.1966	max = 135	min = 0
[20181207_053718 / lib_ip.py:4090] len(Hs) = 8100, len(Ss) = 8100, len(Vs) = 8100
[20181207_053718 / lib_ip.py:4137] green : variance --> out of range (variance = 1780.552 / upper = 0.760 / lower = 0.000)
[20181207_053718 / lib_ip.py:3794] file = img.20181207_053717.2018-12-06_20-32-04_000.jpg.1.png / val_Average = 54.3898	val_Variance = 1780.5522	sd = 42.1966	max = 135	min = 0
[20181207_053718 / lib_ip.py:4204] len(Hs) = 8100, len(Ss) = 8100, len(Vs) = 8100
[20181207_053718 / lib_ip.py:4248] black : variance --> out of range (variance = 1780.552 / upper = 0.000 / lower = 0.000)
[20181207_053718 / lib_ip.py:4399] file : img.20181207_053717.2018-12-06_20-32-04_000.jpg.1.png 0 (black : variance --> out of range (variance = 1780.552 / upper = 0.000 / lower = 0.000))
[20181207_053718 / lib_ip.py:2273] inspecting ===> img.20181207_053717.2018-12-06_20-32-04_000.jpg.2.png
[20181207_053719 / lib_ip.py:4331] 
img.20181207_053717.2018-12-06_20-32-04_000.jpg.2.png 1 ---------------------
[20181207_053719 / lib_ip.py:3794] file = img.20181207_053717.2018-12-06_20-32-04_000.jpg.2.png / val_Average = 67.1568	val_Variance = 2141.8374	sd = 46.2800	max = 160	min = 0
[20181207_053719 / lib_ip.py:3877] len(Hs) = 8100, len(Ss) = 8100, len(Vs) = 8100
[20181207_053719 / lib_ip.py:3910] yellow : variance --> out of range (variance = 2141.837 / upper = 0.650 / lower = 0.000)
[20181207_053719 / lib_ip.py:3794] file = img.20181207_053717.2018-12-06_20-32-04_000.jpg.2.png / val_Average = 67.1568	val_Variance = 2141.8374	sd = 46.2800	max = 160	min = 0
[20181207_053719 / lib_ip.py:3977] len(Hs) = 8100, len(Ss) = 8100, len(Vs) = 8100
[20181207_053719 / lib_ip.py:4023] red : variance --> out of range (variance = 2141.837 / upper = 0.430 / lower = 0.000)
[20181207_053719 / lib_ip.py:3794] file = img.20181207_053717.2018-12-06_20-32-04_000.jpg.2.png / val_Average = 67.1568	val_Variance = 2141.8374	sd = 46.2800	max = 160	min = 0
[20181207_053719 / lib_ip.py:4090] len(Hs) = 8100, len(Ss) = 8100, len(Vs) = 8100
[20181207_053719 / lib_ip.py:4137] green : variance --> out of range (variance = 2141.837 / upper = 0.760 / lower = 0.000)
[20181207_053720 / lib_ip.py:3794] file = img.20181207_053717.2018-12-06_20-32-04_000.jpg.2.png / val_Average = 67.1568	val_Variance = 2141.8374	sd = 46.2800	max = 160	min = 0
[20181207_053720 / lib_ip.py:4204] len(Hs) = 8100, len(Ss) = 8100, len(Vs) = 8100
[20181207_053720 / lib_ip.py:4248] black : variance --> out of range (variance = 2141.837 / upper = 0.000 / lower = 0.000)
[20181207_053720 / lib_ip.py:4399] file : img.20181207_053717.2018-12-06_20-32-04_000.jpg.2.png 1 (black : variance --> out of range (variance = 2141.837 / upper = 0.000 / lower = 0.000))
[20181207_053720 / lib_ip.py:2273] inspecting ===> img.20181207_053717.2018-12-06_20-32-04_000.jpg.3.png
[20181207_053720 / lib_ip.py:4331] 
img.20181207_053717.2018-12-06_20-32-04_000.jpg.3.png 2 ---------------------
[20181207_053720 / lib_ip.py:3794] file = img.20181207_053717.2018-12-06_20-32-04_000.jpg.3.png / val_Average = 93.0432	val_Variance = 0.0413	sd = 0.2033	max = 94	min = 93
[20181207_053720 / lib_ip.py:3877] len(Hs) = 8100, len(Ss) = 8100, len(Vs) = 8100
[20181207_053720 / lib_ip.py:2273] inspecting ===> img.20181207_053717.2018-12-06_20-32-04_000.jpg.4.png
[20181207_053720 / lib_ip.py:4331] 
img.20181207_053717.2018-12-06_20-32-04_000.jpg.4.png 3 ---------------------
[20181207_053720 / lib_ip.py:3794] file = img.20181207_053717.2018-12-06_20-32-04_000.jpg.4.png / val_Average = 52.0798	val_Variance = 2296.3077	sd = 47.9198	max = 135	min = 0
[20181207_053720 / lib_ip.py:3877] len(Hs) = 8100, len(Ss) = 8100, len(Vs) = 8100
[20181207_053720 / lib_ip.py:3910] yellow : variance --> out of range (variance = 2296.308 / upper = 0.650 / lower = 0.000)
[20181207_053720 / lib_ip.py:3794] file = img.20181207_053717.2018-12-06_20-32-04_000.jpg.4.png / val_Average = 52.0798	val_Variance = 2296.3077	sd = 47.9198	max = 135	min = 0
[20181207_053720 / lib_ip.py:3977] len(Hs) = 8100, len(Ss) = 8100, len(Vs) = 8100
[20181207_053720 / lib_ip.py:4023] red : variance --> out of range (variance = 2296.308 / upper = 0.430 / lower = 0.000)
[20181207_053721 / lib_ip.py:3794] file = img.20181207_053717.2018-12-06_20-32-04_000.jpg.4.png / val_Average = 52.0798	val_Variance = 2296.3077	sd = 47.9198	max = 135	min = 0
[20181207_053721 / lib_ip.py:4090] len(Hs) = 8100, len(Ss) = 8100, len(Vs) = 8100
[20181207_053721 / lib_ip.py:4137] green : variance --> out of range (variance = 2296.308 / upper = 0.760 / lower = 0.000)
[20181207_053721 / lib_ip.py:3794] file = img.20181207_053717.2018-12-06_20-32-04_000.jpg.4.png / val_Average = 52.0798	val_Variance = 2296.3077	sd = 47.9198	max = 135	min = 0
[20181207_053721 / lib_ip.py:4204] len(Hs) = 8100, len(Ss) = 8100, len(Vs) = 8100
[20181207_053721 / lib_ip.py:4248] black : variance --> out of range (variance = 2296.308 / upper = 0.000 / lower = 0.000)
[20181207_053721 / lib_ip.py:4399] file : img.20181207_053717.2018-12-06_20-32-04_000.jpg.4.png 3 (black : variance --> out of range (variance = 2296.308 / upper = 0.000 / lower = 0.000))
[20181207_053720 / lib_ip.py:2273] inspecting ===> img.20181207_053717.2018-12-06_20-32-04_000.jpg.4.png
img.20181207_053717.2018-12-06_20-32-04_000.jpg.1.png => other
img.20181207_053717.2018-12-06_20-32-04_000.jpg.2.png => other
img.20181207_053717.2018-12-06_20-32-04_000.jpg.3.png => yellow
img.20181207_053717.2018-12-06_20-32-04_000.jpg.4.png => other
[20181207_053721 lib_ip.py:3300] =============== Get 4 corners
dpath_Images = C:\WORKS_2\WS\WS_Others.Art\JVEMV6\46_art\VIRTUAL\Admin_Projects\ip\images
fname_Image = img.20181207_053717.2018-12-06_20-32-04_000.jpg.4.png

[20181207_053722 / lib_ip.py:2273] inspecting ===> img.20181207_053722.2018-12-06_22-38-37_000.jpg.1.png
[20181207_053722 / lib_ip.py:4331] 
img.20181207_053722.2018-12-06_22-38-37_000.jpg.1.png 0 ---------------------
[20181207_053722 / lib_ip.py:3794] file = img.20181207_053722.2018-12-06_22-38-37_000.jpg.1.png / val_Average = 41.6468	val_Variance = 27.6734	sd = 5.2606	max = 65	min = 33
[20181207_053722 / lib_ip.py:3877] len(Hs) = 8100, len(Ss) = 8100, len(Vs) = 8100
[20181207_053722 / lib_ip.py:3910] yellow : variance --> out of range (variance = 27.673 / upper = 0.650 / lower = 0.000)
[20181207_053722 / lib_ip.py:3794] file = img.20181207_053722.2018-12-06_22-38-37_000.jpg.1.png / val_Average = 41.6468	val_Variance = 27.6734	sd = 5.2606	max = 65	min = 33
[20181207_053722 / lib_ip.py:3977] len(Hs) = 8100, len(Ss) = 8100, len(Vs) = 8100
[20181207_053722 / lib_ip.py:4023] red : variance --> out of range (variance = 27.673 / upper = 0.430 / lower = 0.000)
[20181207_053722 / lib_ip.py:3794] file = img.20181207_053722.2018-12-06_22-38-37_000.jpg.1.png / val_Average = 41.6468	val_Variance = 27.6734	sd = 5.2606	max = 65	min = 33
[20181207_053722 / lib_ip.py:4090] len(Hs) = 8100, len(Ss) = 8100, len(Vs) = 8100
[20181207_053722 / lib_ip.py:4137] green : variance --> out of range (variance = 27.673 / upper = 0.760 / lower = 0.000)
[20181207_053722 / lib_ip.py:3794] file = img.20181207_053722.2018-12-06_22-38-37_000.jpg.1.png / val_Average = 41.6468	val_Variance = 27.6734	sd = 5.2606	max = 65	min = 33
[20181207_053722 / lib_ip.py:4204] len(Hs) = 8100, len(Ss) = 8100, len(Vs) = 8100
[20181207_053723 / lib_ip.py:4248] black : variance --> out of range (variance = 27.673 / upper = 0.000 / lower = 0.000)
[20181207_053723 / lib_ip.py:4399] file : img.20181207_053722.2018-12-06_22-38-37_000.jpg.1.png 0 (black : variance --> out of range (variance = 27.673 / upper = 0.000 / lower = 0.000))
[20181207_053723 / lib_ip.py:2273] inspecting ===> img.20181207_053722.2018-12-06_22-38-37_000.jpg.2.png
[20181207_053723 / lib_ip.py:4331] 
img.20181207_053722.2018-12-06_22-38-37_000.jpg.2.png 1 ---------------------
[20181207_053723 / lib_ip.py:3794] file = img.20181207_053722.2018-12-06_22-38-37_000.jpg.2.png / val_Average = 102.8110	val_Variance = 13.3367	sd = 3.6520	max = 120	min = 90
[20181207_053723 / lib_ip.py:3877] len(Hs) = 8100, len(Ss) = 8100, len(Vs) = 8100
[20181207_053723 / lib_ip.py:3910] yellow : variance --> out of range (variance = 13.337 / upper = 0.650 / lower = 0.000)
[20181207_053723 / lib_ip.py:3794] file = img.20181207_053722.2018-12-06_22-38-37_000.jpg.2.png / val_Average = 102.8110	val_Variance = 13.3367	sd = 3.6520	max = 120	min = 90
[20181207_053723 / lib_ip.py:3977] len(Hs) = 8100, len(Ss) = 8100, len(Vs) = 8100
[20181207_053723 / lib_ip.py:4023] red : variance --> out of range (variance = 13.337 / upper = 0.430 / lower = 0.000)
[20181207_053723 / lib_ip.py:3794] file = img.20181207_053722.2018-12-06_22-38-37_000.jpg.2.png / val_Average = 102.8110	val_Variance = 13.3367	sd = 3.6520	max = 120	min = 90
[20181207_053724 / lib_ip.py:4090] len(Hs) = 8100, len(Ss) = 8100, len(Vs) = 8100
[20181207_053724 / lib_ip.py:4137] green : variance --> out of range (variance = 13.337 / upper = 0.760 / lower = 0.000)
[20181207_053724 / lib_ip.py:3794] file = img.20181207_053722.2018-12-06_22-38-37_000.jpg.2.png / val_Average = 102.8110	val_Variance = 13.3367	sd = 3.6520	max = 120	min = 90
[20181207_053724 / lib_ip.py:4204] len(Hs) = 8100, len(Ss) = 8100, len(Vs) = 8100
[20181207_053724 / lib_ip.py:4248] black : variance --> out of range (variance = 13.337 / upper = 0.000 / lower = 0.000)
[20181207_053724 / lib_ip.py:4399] file : img.20181207_053722.2018-12-06_22-38-37_000.jpg.2.png 1 (black : variance --> out of range (variance = 13.337 / upper = 0.000 / lower = 0.000))
[20181207_053724 / lib_ip.py:2273] inspecting ===> img.20181207_053722.2018-12-06_22-38-37_000.jpg.3.png
[20181207_053724 / lib_ip.py:4331] 
img.20181207_053722.2018-12-06_22-38-37_000.jpg.3.png 2 ---------------------
[20181207_053724 / lib_ip.py:3794] file = img.20181207_053722.2018-12-06_22-38-37_000.jpg.3.png / val_Average = 76.8599	val_Variance = 75.2835	sd = 8.6766	max = 96	min = 38
[20181207_053724 / lib_ip.py:3877] len(Hs) = 8100, len(Ss) = 8100, len(Vs) = 8100
[20181207_053724 / lib_ip.py:3910] yellow : variance --> out of range (variance = 75.283 / upper = 0.650 / lower = 0.000)
[20181207_053724 / lib_ip.py:3794] file = img.20181207_053722.2018-12-06_22-38-37_000.jpg.3.png / val_Average = 76.8599	val_Variance = 75.2835	sd = 8.6766	max = 96	min = 38
[20181207_053724 / lib_ip.py:3977] len(Hs) = 8100, len(Ss) = 8100, len(Vs) = 8100
[20181207_053725 / lib_ip.py:4023] red : variance --> out of range (variance = 75.283 / upper = 0.430 / lower = 0.000)
[20181207_053725 / lib_ip.py:3794] file = img.20181207_053722.2018-12-06_22-38-37_000.jpg.3.png / val_Average = 76.8599	val_Variance = 75.2835	sd = 8.6766	max = 96	min = 38
[20181207_053725 / lib_ip.py:4090] len(Hs) = 8100, len(Ss) = 8100, len(Vs) = 8100
[20181207_053725 / lib_ip.py:4137] green : variance --> out of range (variance = 75.283 / upper = 0.760 / lower = 0.000)
[20181207_053725 / lib_ip.py:3794] file = img.20181207_053722.2018-12-06_22-38-37_000.jpg.3.png / val_Average = 76.8599	val_Variance = 75.2835	sd = 8.6766	max = 96	min = 38
[20181207_053725 / lib_ip.py:4204] len(Hs) = 8100, len(Ss) = 8100, len(Vs) = 8100
[20181207_053725 / lib_ip.py:4248] black : variance --> out of range (variance = 75.283 / upper = 0.000 / lower = 0.000)
[20181207_053725 / lib_ip.py:4399] file : img.20181207_053722.2018-12-06_22-38-37_000.jpg.3.png 2 (black : variance --> out of range (variance = 75.283 / upper = 0.000 / lower = 0.000))
[20181207_053725 / lib_ip.py:2273] inspecting ===> img.20181207_053722.2018-12-06_22-38-37_000.jpg.4.png
[20181207_053725 / lib_ip.py:4331] 
img.20181207_053722.2018-12-06_22-38-37_000.jpg.4.png 3 ---------------------
[20181207_053725 / lib_ip.py:3794] file = img.20181207_053722.2018-12-06_22-38-37_000.jpg.4.png / val_Average = 28.6669	val_Variance = 944.3402	sd = 30.7301	max = 174	min = 0
[20181207_053725 / lib_ip.py:3877] len(Hs) = 8100, len(Ss) = 8100, len(Vs) = 8100
[20181207_053725 / lib_ip.py:3910] yellow : variance --> out of range (variance = 944.340 / upper = 0.650 / lower = 0.000)
[20181207_053725 / lib_ip.py:3794] file = img.20181207_053722.2018-12-06_22-38-37_000.jpg.4.png / val_Average = 28.6669	val_Variance = 944.3402	sd = 30.7301	max = 174	min = 0
[20181207_053725 / lib_ip.py:3977] len(Hs) = 8100, len(Ss) = 8100, len(Vs) = 8100
[20181207_053725 / lib_ip.py:4023] red : variance --> out of range (variance = 944.340 / upper = 0.430 / lower = 0.000)
[20181207_053726 / lib_ip.py:3794] file = img.20181207_053722.2018-12-06_22-38-37_000.jpg.4.png / val_Average = 28.6669	val_Variance = 944.3402	sd = 30.7301	max = 174	min = 0
[20181207_053726 / lib_ip.py:4090] len(Hs) = 8100, len(Ss) = 8100, len(Vs) = 8100
[20181207_053726 / lib_ip.py:4137] green : variance --> out of range (variance = 944.340 / upper = 0.760 / lower = 0.000)
[20181207_053726 / lib_ip.py:3794] file = img.20181207_053722.2018-12-06_22-38-37_000.jpg.4.png / val_Average = 28.6669	val_Variance = 944.3402	sd = 30.7301	max = 174	min = 0
[20181207_053726 / lib_ip.py:4204] len(Hs) = 8100, len(Ss) = 8100, len(Vs) = 8100
[20181207_053726 / lib_ip.py:4248] black : variance --> out of range (variance = 944.340 / upper = 0.000 / lower = 0.000)
[20181207_053726 / lib_ip.py:4399] file : img.20181207_053722.2018-12-06_22-38-37_000.jpg.4.png 3 (black : variance --> out of range (variance = 944.340 / upper = 0.000 / lower = 0.000))
[20181207_053725 / lib_ip.py:2273] inspecting ===> img.20181207_053722.2018-12-06_22-38-37_000.jpg.4.png
img.20181207_053722.2018-12-06_22-38-37_000.jpg.1.png => other
img.20181207_053722.2018-12-06_22-38-37_000.jpg.2.png => other
img.20181207_053722.2018-12-06_22-38-37_000.jpg.3.png => other
img.20181207_053722.2018-12-06_22-38-37_000.jpg.4.png => other
[20181207_053726 lib_ip.py:3300] =============== Get 4 corners
dpath_Images = C:\WORKS_2\WS\WS_Others.Art\JVEMV6\46_art\VIRTUAL\Admin_Projects\ip\images
fname_Image = img.20181207_053722.2018-12-06_22-38-37_000.jpg.4.png

[20181207_053727 / lib_ip.py:2273] inspecting ===> img.20181207_053726.2018-12-06_23-41-37_000.png.1.png
[20181207_053727 / lib_ip.py:4331] 
img.20181207_053726.2018-12-06_23-41-37_000.png.1.png 0 ---------------------
[20181207_053727 / lib_ip.py:3794] file = img.20181207_053726.2018-12-06_23-41-37_000.png.1.png / val_Average = 80.1814	val_Variance = 1429.0702	sd = 37.8030	max = 150	min = 0
[20181207_053727 / lib_ip.py:3877] len(Hs) = 8100, len(Ss) = 8100, len(Vs) = 8100
[20181207_053727 / lib_ip.py:3910] yellow : variance --> out of range (variance = 1429.070 / upper = 0.650 / lower = 0.000)
[20181207_053727 / lib_ip.py:3794] file = img.20181207_053726.2018-12-06_23-41-37_000.png.1.png / val_Average = 80.1814	val_Variance = 1429.0702	sd = 37.8030	max = 150	min = 0
[20181207_053727 / lib_ip.py:3977] len(Hs) = 8100, len(Ss) = 8100, len(Vs) = 8100
[20181207_053727 / lib_ip.py:4023] red : variance --> out of range (variance = 1429.070 / upper = 0.430 / lower = 0.000)
[20181207_053727 / lib_ip.py:3794] file = img.20181207_053726.2018-12-06_23-41-37_000.png.1.png / val_Average = 80.1814	val_Variance = 1429.0702	sd = 37.8030	max = 150	min = 0
[20181207_053727 / lib_ip.py:4090] len(Hs) = 8100, len(Ss) = 8100, len(Vs) = 8100
[20181207_053727 / lib_ip.py:4137] green : variance --> out of range (variance = 1429.070 / upper = 0.760 / lower = 0.000)
[20181207_053727 / lib_ip.py:3794] file = img.20181207_053726.2018-12-06_23-41-37_000.png.1.png / val_Average = 80.1814	val_Variance = 1429.0702	sd = 37.8030	max = 150	min = 0
[20181207_053727 / lib_ip.py:4204] len(Hs) = 8100, len(Ss) = 8100, len(Vs) = 8100
[20181207_053727 / lib_ip.py:4248] black : variance --> out of range (variance = 1429.070 / upper = 0.000 / lower = 0.000)
[20181207_053727 / lib_ip.py:4399] file : img.20181207_053726.2018-12-06_23-41-37_000.png.1.png 0 (black : variance --> out of range (variance = 1429.070 / upper = 0.000 / lower = 0.000))
[20181207_053727 / lib_ip.py:2273] inspecting ===> img.20181207_053726.2018-12-06_23-41-37_000.png.2.png
[20181207_053728 / lib_ip.py:4331] 
img.20181207_053726.2018-12-06_23-41-37_000.png.2.png 1 ---------------------
[20181207_053728 / lib_ip.py:3794] file = img.20181207_053726.2018-12-06_23-41-37_000.png.2.png / val_Average = 40.7807	val_Variance = 5509.8095	sd = 74.2281	max = 179	min = 0
[20181207_053728 / lib_ip.py:3877] len(Hs) = 8100, len(Ss) = 8100, len(Vs) = 8100
[20181207_053729 / lib_ip.py:3910] yellow : variance --> out of range (variance = 5509.809 / upper = 0.650 / lower = 0.000)
[20181207_053729 / lib_ip.py:3794] file = img.20181207_053726.2018-12-06_23-41-37_000.png.2.png / val_Average = 40.7807	val_Variance = 5509.8095	sd = 74.2281	max = 179	min = 0
[20181207_053729 / lib_ip.py:3977] len(Hs) = 8100, len(Ss) = 8100, len(Vs) = 8100
[20181207_053729 / lib_ip.py:4023] red : variance --> out of range (variance = 5509.809 / upper = 0.430 / lower = 0.000)
[20181207_053729 / lib_ip.py:3794] file = img.20181207_053726.2018-12-06_23-41-37_000.png.2.png / val_Average = 40.7807	val_Variance = 5509.8095	sd = 74.2281	max = 179	min = 0
[20181207_053729 / lib_ip.py:4090] len(Hs) = 8100, len(Ss) = 8100, len(Vs) = 8100
[20181207_053729 / lib_ip.py:4137] green : variance --> out of range (variance = 5509.809 / upper = 0.760 / lower = 0.000)
[20181207_053729 / lib_ip.py:3794] file = img.20181207_053726.2018-12-06_23-41-37_000.png.2.png / val_Average = 40.7807	val_Variance = 5509.8095	sd = 74.2281	max = 179	min = 0
[20181207_053729 / lib_ip.py:4204] len(Hs) = 8100, len(Ss) = 8100, len(Vs) = 8100
[20181207_053729 / lib_ip.py:4248] black : variance --> out of range (variance = 5509.809 / upper = 0.000 / lower = 0.000)
[20181207_053729 / lib_ip.py:4399] file : img.20181207_053726.2018-12-06_23-41-37_000.png.2.png 1 (black : variance --> out of range (variance = 5509.809 / upper = 0.000 / lower = 0.000))
[20181207_053729 / lib_ip.py:2273] inspecting ===> img.20181207_053726.2018-12-06_23-41-37_000.png.3.png
[20181207_053729 / lib_ip.py:4331] 
img.20181207_053726.2018-12-06_23-41-37_000.png.3.png 2 ---------------------
[20181207_053729 / lib_ip.py:3794] file = img.20181207_053726.2018-12-06_23-41-37_000.png.3.png / val_Average = 100.5575	val_Variance = 478.1748	sd = 21.8672	max = 178	min = 87
[20181207_053729 / lib_ip.py:3877] len(Hs) = 8100, len(Ss) = 8100, len(Vs) = 8100
[20181207_053729 / lib_ip.py:3910] yellow : variance --> out of range (variance = 478.175 / upper = 0.650 / lower = 0.000)
[20181207_053729 / lib_ip.py:3794] file = img.20181207_053726.2018-12-06_23-41-37_000.png.3.png / val_Average = 100.5575	val_Variance = 478.1748	sd = 21.8672	max = 178	min = 87
[20181207_053729 / lib_ip.py:3977] len(Hs) = 8100, len(Ss) = 8100, len(Vs) = 8100
[20181207_053729 / lib_ip.py:4023] red : variance --> out of range (variance = 478.175 / upper = 0.430 / lower = 0.000)
[20181207_053730 / lib_ip.py:3794] file = img.20181207_053726.2018-12-06_23-41-37_000.png.3.png / val_Average = 100.5575	val_Variance = 478.1748	sd = 21.8672	max = 178	min = 87
[20181207_053730 / lib_ip.py:4090] len(Hs) = 8100, len(Ss) = 8100, len(Vs) = 8100
[20181207_053730 / lib_ip.py:4137] green : variance --> out of range (variance = 478.175 / upper = 0.760 / lower = 0.000)
[20181207_053730 / lib_ip.py:3794] file = img.20181207_053726.2018-12-06_23-41-37_000.png.3.png / val_Average = 100.5575	val_Variance = 478.1748	sd = 21.8672	max = 178	min = 87
[20181207_053730 / lib_ip.py:4204] len(Hs) = 8100, len(Ss) = 8100, len(Vs) = 8100
[20181207_053730 / lib_ip.py:4248] black : variance --> out of range (variance = 478.175 / upper = 0.000 / lower = 0.000)
[20181207_053730 / lib_ip.py:4399] file : img.20181207_053726.2018-12-06_23-41-37_000.png.3.png 2 (black : variance --> out of range (variance = 478.175 / upper = 0.000 / lower = 0.000))
[20181207_053730 / lib_ip.py:2273] inspecting ===> img.20181207_053726.2018-12-06_23-41-37_000.png.4.png
[20181207_053731 / lib_ip.py:4331] 
img.20181207_053726.2018-12-06_23-41-37_000.png.4.png 3 ---------------------
[20181207_053731 / lib_ip.py:3794] file = img.20181207_053726.2018-12-06_23-41-37_000.png.4.png / val_Average = 67.0930	val_Variance = 6403.8505	sd = 80.0241	max = 178	min = 0
[20181207_053731 / lib_ip.py:3877] len(Hs) = 8100, len(Ss) = 8100, len(Vs) = 8100
[20181207_053731 / lib_ip.py:3910] yellow : variance --> out of range (variance = 6403.850 / upper = 0.650 / lower = 0.000)
[20181207_053731 / lib_ip.py:3794] file = img.20181207_053726.2018-12-06_23-41-37_000.png.4.png / val_Average = 67.0930	val_Variance = 6403.8505	sd = 80.0241	max = 178	min = 0
[20181207_053731 / lib_ip.py:3977] len(Hs) = 8100, len(Ss) = 8100, len(Vs) = 8100
[20181207_053731 / lib_ip.py:4023] red : variance --> out of range (variance = 6403.850 / upper = 0.430 / lower = 0.000)
[20181207_053731 / lib_ip.py:3794] file = img.20181207_053726.2018-12-06_23-41-37_000.png.4.png / val_Average = 67.0930	val_Variance = 6403.8505	sd = 80.0241	max = 178	min = 0
[20181207_053731 / lib_ip.py:4090] len(Hs) = 8100, len(Ss) = 8100, len(Vs) = 8100
[20181207_053731 / lib_ip.py:4137] green : variance --> out of range (variance = 6403.850 / upper = 0.760 / lower = 0.000)
[20181207_053731 / lib_ip.py:3794] file = img.20181207_053726.2018-12-06_23-41-37_000.png.4.png / val_Average = 67.0930	val_Variance = 6403.8505	sd = 80.0241	max = 178	min = 0
[20181207_053731 / lib_ip.py:4204] len(Hs) = 8100, len(Ss) = 8100, len(Vs) = 8100
[20181207_053731 / lib_ip.py:4248] black : variance --> out of range (variance = 6403.850 / upper = 0.000 / lower = 0.000)
[20181207_053731 / lib_ip.py:4399] file : img.20181207_053726.2018-12-06_23-41-37_000.png.4.png 3 (black : variance --> out of range (variance = 6403.850 / upper = 0.000 / lower = 0.000))
[20181207_053730 / lib_ip.py:2273] inspecting ===> img.20181207_053726.2018-12-06_23-41-37_000.png.4.png
img.20181207_053726.2018-12-06_23-41-37_000.png.1.png => other
img.20181207_053726.2018-12-06_23-41-37_000.png.2.png => other
img.20181207_053726.2018-12-06_23-41-37_000.png.3.png => other
img.20181207_053726.2018-12-06_23-41-37_000.png.4.png => other
[20181207_053731 lib_ip.py:3300] =============== Get 4 corners
dpath_Images = C:\WORKS_2\WS\WS_Others.Art\JVEMV6\46_art\VIRTUAL\Admin_Projects\ip\images
fname_Image = img.20181207_053726.2018-12-06_23-41-37_000.png.4.png

[20181207_053732 / lib_ip.py:2273] inspecting ===> img.20181207_053732.2018-12-07_04-59-43_000.jpg.1.png
[20181207_053733 / lib_ip.py:4331] 
img.20181207_053732.2018-12-07_04-59-43_000.jpg.1.png 0 ---------------------
[20181207_053733 / lib_ip.py:3794] file = img.20181207_053732.2018-12-07_04-59-43_000.jpg.1.png / val_Average = 139.3474	val_Variance = 1631.4709	sd = 40.3915	max = 176	min = 0
[20181207_053733 / lib_ip.py:3877] len(Hs) = 8100, len(Ss) = 8100, len(Vs) = 8100
[20181207_053733 / lib_ip.py:3910] yellow : variance --> out of range (variance = 1631.471 / upper = 0.650 / lower = 0.000)
[20181207_053733 / lib_ip.py:3794] file = img.20181207_053732.2018-12-07_04-59-43_000.jpg.1.png / val_Average = 139.3474	val_Variance = 1631.4709	sd = 40.3915	max = 176	min = 0
[20181207_053733 / lib_ip.py:3977] len(Hs) = 8100, len(Ss) = 8100, len(Vs) = 8100
[20181207_053733 / lib_ip.py:4023] red : variance --> out of range (variance = 1631.471 / upper = 0.430 / lower = 0.000)
[20181207_053733 / lib_ip.py:3794] file = img.20181207_053732.2018-12-07_04-59-43_000.jpg.1.png / val_Average = 139.3474	val_Variance = 1631.4709	sd = 40.3915	max = 176	min = 0
[20181207_053733 / lib_ip.py:4090] len(Hs) = 8100, len(Ss) = 8100, len(Vs) = 8100
[20181207_053733 / lib_ip.py:4137] green : variance --> out of range (variance = 1631.471 / upper = 0.760 / lower = 0.000)
[20181207_053733 / lib_ip.py:3794] file = img.20181207_053732.2018-12-07_04-59-43_000.jpg.1.png / val_Average = 139.3474	val_Variance = 1631.4709	sd = 40.3915	max = 176	min = 0
[20181207_053733 / lib_ip.py:4204] len(Hs) = 8100, len(Ss) = 8100, len(Vs) = 8100
[20181207_053733 / lib_ip.py:4248] black : variance --> out of range (variance = 1631.471 / upper = 0.000 / lower = 0.000)
[20181207_053733 / lib_ip.py:4399] file : img.20181207_053732.2018-12-07_04-59-43_000.jpg.1.png 0 (black : variance --> out of range (variance = 1631.471 / upper = 0.000 / lower = 0.000))
[20181207_053733 / lib_ip.py:2273] inspecting ===> img.20181207_053732.2018-12-07_04-59-43_000.jpg.2.png
[20181207_053734 / lib_ip.py:4331] 
img.20181207_053732.2018-12-07_04-59-43_000.jpg.2.png 1 ---------------------
[20181207_053734 / lib_ip.py:3794] file = img.20181207_053732.2018-12-07_04-59-43_000.jpg.2.png / val_Average = 110.9772	val_Variance = 29.5695	sd = 5.4378	max = 140	min = 84
[20181207_053734 / lib_ip.py:3877] len(Hs) = 8100, len(Ss) = 8100, len(Vs) = 8100
[20181207_053734 / lib_ip.py:3910] yellow : variance --> out of range (variance = 29.569 / upper = 0.650 / lower = 0.000)
[20181207_053734 / lib_ip.py:3794] file = img.20181207_053732.2018-12-07_04-59-43_000.jpg.2.png / val_Average = 110.9772	val_Variance = 29.5695	sd = 5.4378	max = 140	min = 84
[20181207_053734 / lib_ip.py:3977] len(Hs) = 8100, len(Ss) = 8100, len(Vs) = 8100
[20181207_053734 / lib_ip.py:4023] red : variance --> out of range (variance = 29.569 / upper = 0.430 / lower = 0.000)
[20181207_053734 / lib_ip.py:3794] file = img.20181207_053732.2018-12-07_04-59-43_000.jpg.2.png / val_Average = 110.9772	val_Variance = 29.5695	sd = 5.4378	max = 140	min = 84
[20181207_053735 / lib_ip.py:4090] len(Hs) = 8100, len(Ss) = 8100, len(Vs) = 8100
[20181207_053735 / lib_ip.py:4137] green : variance --> out of range (variance = 29.569 / upper = 0.760 / lower = 0.000)
[20181207_053735 / lib_ip.py:3794] file = img.20181207_053732.2018-12-07_04-59-43_000.jpg.2.png / val_Average = 110.9772	val_Variance = 29.5695	sd = 5.4378	max = 140	min = 84
[20181207_053735 / lib_ip.py:4204] len(Hs) = 8100, len(Ss) = 8100, len(Vs) = 8100
[20181207_053735 / lib_ip.py:4248] black : variance --> out of range (variance = 29.569 / upper = 0.000 / lower = 0.000)
[20181207_053735 / lib_ip.py:4399] file : img.20181207_053732.2018-12-07_04-59-43_000.jpg.2.png 1 (black : variance --> out of range (variance = 29.569 / upper = 0.000 / lower = 0.000))
[20181207_053735 / lib_ip.py:2273] inspecting ===> img.20181207_053732.2018-12-07_04-59-43_000.jpg.3.png
[20181207_053735 / lib_ip.py:4331] 
img.20181207_053732.2018-12-07_04-59-43_000.jpg.3.png 2 ---------------------
[20181207_053735 / lib_ip.py:3794] file = img.20181207_053732.2018-12-07_04-59-43_000.jpg.3.png / val_Average = 105.8370	val_Variance = 5.2100	sd = 2.2825	max = 113	min = 98
[20181207_053735 / lib_ip.py:3877] len(Hs) = 8100, len(Ss) = 8100, len(Vs) = 8100
[20181207_053735 / lib_ip.py:3910] yellow : variance --> out of range (variance = 5.210 / upper = 0.650 / lower = 0.000)
[20181207_053736 / lib_ip.py:3794] file = img.20181207_053732.2018-12-07_04-59-43_000.jpg.3.png / val_Average = 105.8370	val_Variance = 5.2100	sd = 2.2825	max = 113	min = 98
[20181207_053736 / lib_ip.py:3977] len(Hs) = 8100, len(Ss) = 8100, len(Vs) = 8100
[20181207_053736 / lib_ip.py:4023] red : variance --> out of range (variance = 5.210 / upper = 0.430 / lower = 0.000)
[20181207_053736 / lib_ip.py:3794] file = img.20181207_053732.2018-12-07_04-59-43_000.jpg.3.png / val_Average = 105.8370	val_Variance = 5.2100	sd = 2.2825	max = 113	min = 98
[20181207_053736 / lib_ip.py:4090] len(Hs) = 8100, len(Ss) = 8100, len(Vs) = 8100
[20181207_053736 / lib_ip.py:4137] green : variance --> out of range (variance = 5.210 / upper = 0.760 / lower = 0.000)
[20181207_053736 / lib_ip.py:3794] file = img.20181207_053732.2018-12-07_04-59-43_000.jpg.3.png / val_Average = 105.8370	val_Variance = 5.2100	sd = 2.2825	max = 113	min = 98
[20181207_053737 / lib_ip.py:4204] len(Hs) = 8100, len(Ss) = 8100, len(Vs) = 8100
[20181207_053737 / lib_ip.py:4248] black : variance --> out of range (variance = 5.210 / upper = 0.000 / lower = 0.000)
[20181207_053737 / lib_ip.py:4399] file : img.20181207_053732.2018-12-07_04-59-43_000.jpg.3.png 2 (black : variance --> out of range (variance = 5.210 / upper = 0.000 / lower = 0.000))
[20181207_053737 / lib_ip.py:2273] inspecting ===> img.20181207_053732.2018-12-07_04-59-43_000.jpg.4.png
[20181207_053737 / lib_ip.py:4331] 
img.20181207_053732.2018-12-07_04-59-43_000.jpg.4.png 3 ---------------------
[20181207_053737 / lib_ip.py:3794] file = img.20181207_053732.2018-12-07_04-59-43_000.jpg.4.png / val_Average = 105.0749	val_Variance = 3.8590	sd = 1.9644	max = 110	min = 99
[20181207_053737 / lib_ip.py:3877] len(Hs) = 8100, len(Ss) = 8100, len(Vs) = 8100
[20181207_053737 / lib_ip.py:3910] yellow : variance --> out of range (variance = 3.859 / upper = 0.650 / lower = 0.000)
[20181207_053738 / lib_ip.py:3794] file = img.20181207_053732.2018-12-07_04-59-43_000.jpg.4.png / val_Average = 105.0749	val_Variance = 3.8590	sd = 1.9644	max = 110	min = 99
[20181207_053738 / lib_ip.py:3977] len(Hs) = 8100, len(Ss) = 8100, len(Vs) = 8100
[20181207_053738 / lib_ip.py:4023] red : variance --> out of range (variance = 3.859 / upper = 0.430 / lower = 0.000)
[20181207_053738 / lib_ip.py:3794] file = img.20181207_053732.2018-12-07_04-59-43_000.jpg.4.png / val_Average = 105.0749	val_Variance = 3.8590	sd = 1.9644	max = 110	min = 99
[20181207_053738 / lib_ip.py:4090] len(Hs) = 8100, len(Ss) = 8100, len(Vs) = 8100
[20181207_053738 / lib_ip.py:4137] green : variance --> out of range (variance = 3.859 / upper = 0.760 / lower = 0.000)
[20181207_053738 / lib_ip.py:3794] file = img.20181207_053732.2018-12-07_04-59-43_000.jpg.4.png / val_Average = 105.0749	val_Variance = 3.8590	sd = 1.9644	max = 110	min = 99
[20181207_053738 / lib_ip.py:4204] len(Hs) = 8100, len(Ss) = 8100, len(Vs) = 8100
[20181207_053738 / lib_ip.py:4248] black : variance --> out of range (variance = 3.859 / upper = 0.000 / lower = 0.000)
[20181207_053738 / lib_ip.py:4399] file : img.20181207_053732.2018-12-07_04-59-43_000.jpg.4.png 3 (black : variance --> out of range (variance = 3.859 / upper = 0.000 / lower = 0.000))
[20181207_053737 / lib_ip.py:2273] inspecting ===> img.20181207_053732.2018-12-07_04-59-43_000.jpg.4.png
img.20181207_053732.2018-12-07_04-59-43_000.jpg.1.png => other
img.20181207_053732.2018-12-07_04-59-43_000.jpg.2.png => other
img.20181207_053732.2018-12-07_04-59-43_000.jpg.3.png => other
img.20181207_053732.2018-12-07_04-59-43_000.jpg.4.png => other
[20181207_053738 lib_ip.py:3300] =============== Get 4 corners
dpath_Images = C:\WORKS_2\WS\WS_Others.Art\JVEMV6\46_art\VIRTUAL\Admin_Projects\ip\images
fname_Image = img.20181207_053732.2018-12-07_04-59-43_000.jpg.4.png

[20181207_053740 / lib_ip.py:2273] inspecting ===> img.20181207_053739.2018-12-07_05-17-53_000.jpg.1.png
[20181207_053740 / lib_ip.py:4331] 
img.20181207_053739.2018-12-07_05-17-53_000.jpg.1.png 0 ---------------------
[20181207_053740 / lib_ip.py:3794] file = img.20181207_053739.2018-12-07_05-17-53_000.jpg.1.png / val_Average = 74.5342	val_Variance = 0.2829	sd = 0.5319	max = 76	min = 74
[20181207_053740 / lib_ip.py:3877] len(Hs) = 8100, len(Ss) = 8100, len(Vs) = 8100
[20181207_053740 / lib_ip.py:3932] yellow : average --> out of range (average = 74.534 / upper = 99.200 / lower = 88.000)
[20181207_053740 / lib_ip.py:3794] file = img.20181207_053739.2018-12-07_05-17-53_000.jpg.1.png / val_Average = 74.5342	val_Variance = 0.2829	sd = 0.5319	max = 76	min = 74
[20181207_053740 / lib_ip.py:3977] len(Hs) = 8100, len(Ss) = 8100, len(Vs) = 8100
[20181207_053740 / lib_ip.py:4048] red : average --> out of range (average = 74.534 / upper = 124.000 / lower = 115.000)
[20181207_053740 / lib_ip.py:3794] file = img.20181207_053739.2018-12-07_05-17-53_000.jpg.1.png / val_Average = 74.5342	val_Variance = 0.2829	sd = 0.5319	max = 76	min = 74
[20181207_053740 / lib_ip.py:4090] len(Hs) = 8100, len(Ss) = 8100, len(Vs) = 8100
[20181207_053740 / lib_ip.py:2273] inspecting ===> img.20181207_053739.2018-12-07_05-17-53_000.jpg.2.png
[20181207_053741 / lib_ip.py:4331] 
img.20181207_053739.2018-12-07_05-17-53_000.jpg.2.png 1 ---------------------
[20181207_053741 / lib_ip.py:3794] file = img.20181207_053739.2018-12-07_05-17-53_000.jpg.2.png / val_Average = 114.6777	val_Variance = 15.3083	sd = 3.9126	max = 126	min = 109
[20181207_053741 / lib_ip.py:3877] len(Hs) = 8100, len(Ss) = 8100, len(Vs) = 8100
[20181207_053741 / lib_ip.py:3910] yellow : variance --> out of range (variance = 15.308 / upper = 0.650 / lower = 0.000)
[20181207_053741 / lib_ip.py:3794] file = img.20181207_053739.2018-12-07_05-17-53_000.jpg.2.png / val_Average = 114.6777	val_Variance = 15.3083	sd = 3.9126	max = 126	min = 109
[20181207_053741 / lib_ip.py:3977] len(Hs) = 8100, len(Ss) = 8100, len(Vs) = 8100
[20181207_053741 / lib_ip.py:4023] red : variance --> out of range (variance = 15.308 / upper = 0.430 / lower = 0.000)
[20181207_053741 / lib_ip.py:3794] file = img.20181207_053739.2018-12-07_05-17-53_000.jpg.2.png / val_Average = 114.6777	val_Variance = 15.3083	sd = 3.9126	max = 126	min = 109
[20181207_053741 / lib_ip.py:4090] len(Hs) = 8100, len(Ss) = 8100, len(Vs) = 8100
[20181207_053741 / lib_ip.py:4137] green : variance --> out of range (variance = 15.308 / upper = 0.760 / lower = 0.000)
[20181207_053742 / lib_ip.py:3794] file = img.20181207_053739.2018-12-07_05-17-53_000.jpg.2.png / val_Average = 114.6777	val_Variance = 15.3083	sd = 3.9126	max = 126	min = 109
[20181207_053742 / lib_ip.py:4204] len(Hs) = 8100, len(Ss) = 8100, len(Vs) = 8100
[20181207_053742 / lib_ip.py:4248] black : variance --> out of range (variance = 15.308 / upper = 0.000 / lower = 0.000)
[20181207_053742 / lib_ip.py:4399] file : img.20181207_053739.2018-12-07_05-17-53_000.jpg.2.png 1 (black : variance --> out of range (variance = 15.308 / upper = 0.000 / lower = 0.000))
[20181207_053742 / lib_ip.py:2273] inspecting ===> img.20181207_053739.2018-12-07_05-17-53_000.jpg.3.png
[20181207_053742 / lib_ip.py:4331] 
img.20181207_053739.2018-12-07_05-17-53_000.jpg.3.png 2 ---------------------
[20181207_053742 / lib_ip.py:3794] file = img.20181207_053739.2018-12-07_05-17-53_000.jpg.3.png / val_Average = 75.7815	val_Variance = 0.2690	sd = 0.5187	max = 77	min = 75
[20181207_053742 / lib_ip.py:3877] len(Hs) = 8100, len(Ss) = 8100, len(Vs) = 8100
[20181207_053742 / lib_ip.py:3932] yellow : average --> out of range (average = 75.781 / upper = 99.200 / lower = 88.000)
[20181207_053742 / lib_ip.py:3794] file = img.20181207_053739.2018-12-07_05-17-53_000.jpg.3.png / val_Average = 75.7815	val_Variance = 0.2690	sd = 0.5187	max = 77	min = 75
[20181207_053742 / lib_ip.py:3977] len(Hs) = 8100, len(Ss) = 8100, len(Vs) = 8100
[20181207_053742 / lib_ip.py:4048] red : average --> out of range (average = 75.781 / upper = 124.000 / lower = 115.000)
[20181207_053742 / lib_ip.py:3794] file = img.20181207_053739.2018-12-07_05-17-53_000.jpg.3.png / val_Average = 75.7815	val_Variance = 0.2690	sd = 0.5187	max = 77	min = 75
[20181207_053742 / lib_ip.py:4090] len(Hs) = 8100, len(Ss) = 8100, len(Vs) = 8100
[20181207_053742 / lib_ip.py:2273] inspecting ===> img.20181207_053739.2018-12-07_05-17-53_000.jpg.4.png
[20181207_053743 / lib_ip.py:4331] 
img.20181207_053739.2018-12-07_05-17-53_000.jpg.4.png 3 ---------------------
[20181207_053743 / lib_ip.py:3794] file = img.20181207_053739.2018-12-07_05-17-53_000.jpg.4.png / val_Average = 39.8517	val_Variance = 4779.6110	sd = 69.1347	max = 178	min = 0
[20181207_053743 / lib_ip.py:3877] len(Hs) = 8100, len(Ss) = 8100, len(Vs) = 8100
[20181207_053743 / lib_ip.py:3910] yellow : variance --> out of range (variance = 4779.611 / upper = 0.650 / lower = 0.000)
[20181207_053743 / lib_ip.py:3794] file = img.20181207_053739.2018-12-07_05-17-53_000.jpg.4.png / val_Average = 39.8517	val_Variance = 4779.6110	sd = 69.1347	max = 178	min = 0
[20181207_053743 / lib_ip.py:3977] len(Hs) = 8100, len(Ss) = 8100, len(Vs) = 8100
[20181207_053743 / lib_ip.py:4023] red : variance --> out of range (variance = 4779.611 / upper = 0.430 / lower = 0.000)
[20181207_053744 / lib_ip.py:3794] file = img.20181207_053739.2018-12-07_05-17-53_000.jpg.4.png / val_Average = 39.8517	val_Variance = 4779.6110	sd = 69.1347	max = 178	min = 0
[20181207_053744 / lib_ip.py:4090] len(Hs) = 8100, len(Ss) = 8100, len(Vs) = 8100
[20181207_053744 / lib_ip.py:4137] green : variance --> out of range (variance = 4779.611 / upper = 0.760 / lower = 0.000)
[20181207_053744 / lib_ip.py:3794] file = img.20181207_053739.2018-12-07_05-17-53_000.jpg.4.png / val_Average = 39.8517	val_Variance = 4779.6110	sd = 69.1347	max = 178	min = 0
[20181207_053744 / lib_ip.py:4204] len(Hs) = 8100, len(Ss) = 8100, len(Vs) = 8100
[20181207_053744 / lib_ip.py:4248] black : variance --> out of range (variance = 4779.611 / upper = 0.000 / lower = 0.000)
[20181207_053744 / lib_ip.py:4399] file : img.20181207_053739.2018-12-07_05-17-53_000.jpg.4.png 3 (black : variance --> out of range (variance = 4779.611 / upper = 0.000 / lower = 0.000))
[20181207_053742 / lib_ip.py:2273] inspecting ===> img.20181207_053739.2018-12-07_05-17-53_000.jpg.4.png
img.20181207_053739.2018-12-07_05-17-53_000.jpg.1.png => other
img.20181207_053739.2018-12-07_05-17-53_000.jpg.2.png => other
img.20181207_053739.2018-12-07_05-17-53_000.jpg.3.png => other
img.20181207_053739.2018-12-07_05-17-53_000.jpg.4.png => other
[20181207_053744 lib_ip.py:3300] =============== Get 4 corners
dpath_Images = C:\WORKS_2\WS\WS_Others.Art\JVEMV6\46_art\VIRTUAL\Admin_Projects\ip\images
fname_Image = img.20181207_053739.2018-12-07_05-17-53_000.jpg.4.png

[20181207_053744 / views.py:1411] gen csv => complete (20181207_053744)(elapsed = 63.695 sec / 12 files / 5.308 sec per file)
1)	2018-12-06_10-49-07_000.jpg => 	other other yellow other 
2)	2018-12-06_14-10-44_000.jpg => 	other other other red 
3)	2018-12-06_14-11-23_000.jpg => 	other other green red 
4)	2018-12-06_14-12-32_000.jpg => 	green other red other 
5)	2018-12-06_14-13-22_000.jpg => 	green other red other 
6)	2018-12-06_14-31-13_000.jpg => 	other green other green 
7)	2018-12-06_17-49-44_000.jpg => 	other other red other 
8)	2018-12-06_20-32-04_000.jpg => 	other other yellow other 
9)	2018-12-06_22-38-37_000.jpg => 	other other other other 
10)	2018-12-06_23-41-37_000.png => 	other other other other 
11)	2018-12-07_04-59-43_000.jpg => 	other other other other 
12)	2018-12-07_05-17-53_000.jpg => 	green other green other 
[20181207_053744 / views.py:1797] lo_ColorName_Set__Modified_2 =>
1)	2018-12-06_10-49-07_000.jpg => 	o o o y 
2)	2018-12-06_14-10-44_000.jpg => 	o o o r 
3)	2018-12-06_14-11-23_000.jpg => 	g o o r 
4)	2018-12-06_14-12-32_000.jpg => 	g o o r 
5)	2018-12-06_14-13-22_000.jpg => 	g o o r 
6)	2018-12-06_14-31-13_000.jpg => 	g g o o 
7)	2018-12-06_17-49-44_000.jpg => 	o o o r 
8)	2018-12-06_20-32-04_000.jpg => 	o o o y 
9)	2018-12-06_22-38-37_000.jpg => 	o o o o 
10)	2018-12-06_23-41-37_000.png => 	o o o o 
11)	2018-12-07_04-59-43_000.jpg => 	o o o o 
12)	2018-12-07_05-17-53_000.jpg => 	g g o o 
[20181207_053745 / lib_ip.py:4595] no key 'GPSInfo' for file : C:\WORKS_2\WS\WS_Others.Art\JVEMV6\46_art\VIRTUAL\Admin_Projects\ip\images\2018-12-06_23-41-37_000.png
[20181207_053745 / views.py:1908] gen_Cake_CSV(request) ==> ending... =======================//

