[20181124_062151 / views.py:1877] gen_Cake_CSV(request) ==> starting... =======================
[20181124_062153 / lib_ip.py:2273] inspecting ===> img.20181124_062153.2018-11-23_10-06-54_000.jpg.1.png
[20181124_062153 / lib_ip.py:4331] 
img.20181124_062153.2018-11-23_10-06-54_000.jpg.1.png 0 ---------------------
[20181124_062153 / lib_ip.py:3794] file = img.20181124_062153.2018-11-23_10-06-54_000.jpg.1.png / val_Average = 110.4195	val_Variance = 3.8023	sd = 1.9499	max = 120	min = 100
[20181124_062153 / lib_ip.py:3877] len(Hs) = 8100, len(Ss) = 8100, len(Vs) = 8100
[20181124_062153 / lib_ip.py:3910] yellow : variance --> out of range (variance = 3.802 / upper = 0.650 / lower = 0.000)
[20181124_062153 / lib_ip.py:3794] file = img.20181124_062153.2018-11-23_10-06-54_000.jpg.1.png / val_Average = 110.4195	val_Variance = 3.8023	sd = 1.9499	max = 120	min = 100
[20181124_062153 / lib_ip.py:3977] len(Hs) = 8100, len(Ss) = 8100, len(Vs) = 8100
[20181124_062154 / lib_ip.py:4023] red : variance --> out of range (variance = 3.802 / upper = 0.430 / lower = 0.000)
[20181124_062154 / lib_ip.py:3794] file = img.20181124_062153.2018-11-23_10-06-54_000.jpg.1.png / val_Average = 110.4195	val_Variance = 3.8023	sd = 1.9499	max = 120	min = 100
[20181124_062154 / lib_ip.py:4090] len(Hs) = 8100, len(Ss) = 8100, len(Vs) = 8100
[20181124_062154 / lib_ip.py:4137] green : variance --> out of range (variance = 3.802 / upper = 0.760 / lower = 0.000)
[20181124_062154 / lib_ip.py:3794] file = img.20181124_062153.2018-11-23_10-06-54_000.jpg.1.png / val_Average = 110.4195	val_Variance = 3.8023	sd = 1.9499	max = 120	min = 100
[20181124_062154 / lib_ip.py:4204] len(Hs) = 8100, len(Ss) = 8100, len(Vs) = 8100
[20181124_062154 / lib_ip.py:4248] black : variance --> out of range (variance = 3.802 / upper = 0.000 / lower = 0.000)
[20181124_062154 / lib_ip.py:4399] file : img.20181124_062153.2018-11-23_10-06-54_000.jpg.1.png 0 (black : variance --> out of range (variance = 3.802 / upper = 0.000 / lower = 0.000))
[20181124_062154 / lib_ip.py:2273] inspecting ===> img.20181124_062153.2018-11-23_10-06-54_000.jpg.2.png
[20181124_062154 / lib_ip.py:4331] 
img.20181124_062153.2018-11-23_10-06-54_000.jpg.2.png 1 ---------------------
[20181124_062154 / lib_ip.py:3794] file = img.20181124_062153.2018-11-23_10-06-54_000.jpg.2.png / val_Average = 93.5837	val_Variance = 911.8608	sd = 30.1970	max = 165	min = 0
[20181124_062154 / lib_ip.py:3877] len(Hs) = 8100, len(Ss) = 8100, len(Vs) = 8100
[20181124_062154 / lib_ip.py:3910] yellow : variance --> out of range (variance = 911.861 / upper = 0.650 / lower = 0.000)
[20181124_062155 / lib_ip.py:3794] file = img.20181124_062153.2018-11-23_10-06-54_000.jpg.2.png / val_Average = 93.5837	val_Variance = 911.8608	sd = 30.1970	max = 165	min = 0
[20181124_062155 / lib_ip.py:3977] len(Hs) = 8100, len(Ss) = 8100, len(Vs) = 8100
[20181124_062155 / lib_ip.py:4023] red : variance --> out of range (variance = 911.861 / upper = 0.430 / lower = 0.000)
[20181124_062155 / lib_ip.py:3794] file = img.20181124_062153.2018-11-23_10-06-54_000.jpg.2.png / val_Average = 93.5837	val_Variance = 911.8608	sd = 30.1970	max = 165	min = 0
[20181124_062155 / lib_ip.py:4090] len(Hs) = 8100, len(Ss) = 8100, len(Vs) = 8100
[20181124_062155 / lib_ip.py:4137] green : variance --> out of range (variance = 911.861 / upper = 0.760 / lower = 0.000)
[20181124_062155 / lib_ip.py:3794] file = img.20181124_062153.2018-11-23_10-06-54_000.jpg.2.png / val_Average = 93.5837	val_Variance = 911.8608	sd = 30.1970	max = 165	min = 0
[20181124_062155 / lib_ip.py:4204] len(Hs) = 8100, len(Ss) = 8100, len(Vs) = 8100
[20181124_062155 / lib_ip.py:4248] black : variance --> out of range (variance = 911.861 / upper = 0.000 / lower = 0.000)
[20181124_062155 / lib_ip.py:4399] file : img.20181124_062153.2018-11-23_10-06-54_000.jpg.2.png 1 (black : variance --> out of range (variance = 911.861 / upper = 0.000 / lower = 0.000))
[20181124_062155 / lib_ip.py:2273] inspecting ===> img.20181124_062153.2018-11-23_10-06-54_000.jpg.3.png
[20181124_062155 / lib_ip.py:4331] 
img.20181124_062153.2018-11-23_10-06-54_000.jpg.3.png 2 ---------------------
[20181124_062155 / lib_ip.py:3794] file = img.20181124_062153.2018-11-23_10-06-54_000.jpg.3.png / val_Average = 91.2353	val_Variance = 0.1807	sd = 0.4251	max = 92	min = 90
[20181124_062155 / lib_ip.py:3877] len(Hs) = 8100, len(Ss) = 8100, len(Vs) = 8100
[20181124_062155 / lib_ip.py:2273] inspecting ===> img.20181124_062153.2018-11-23_10-06-54_000.jpg.4.png
[20181124_062156 / lib_ip.py:4331] 
img.20181124_062153.2018-11-23_10-06-54_000.jpg.4.png 3 ---------------------
[20181124_062156 / lib_ip.py:3794] file = img.20181124_062153.2018-11-23_10-06-54_000.jpg.4.png / val_Average = 73.7551	val_Variance = 1219.2844	sd = 34.9183	max = 160	min = 0
[20181124_062156 / lib_ip.py:3877] len(Hs) = 8100, len(Ss) = 8100, len(Vs) = 8100
[20181124_062156 / lib_ip.py:3910] yellow : variance --> out of range (variance = 1219.284 / upper = 0.650 / lower = 0.000)
[20181124_062156 / lib_ip.py:3794] file = img.20181124_062153.2018-11-23_10-06-54_000.jpg.4.png / val_Average = 73.7551	val_Variance = 1219.2844	sd = 34.9183	max = 160	min = 0
[20181124_062156 / lib_ip.py:3977] len(Hs) = 8100, len(Ss) = 8100, len(Vs) = 8100
[20181124_062156 / lib_ip.py:4023] red : variance --> out of range (variance = 1219.284 / upper = 0.430 / lower = 0.000)
[20181124_062156 / lib_ip.py:3794] file = img.20181124_062153.2018-11-23_10-06-54_000.jpg.4.png / val_Average = 73.7551	val_Variance = 1219.2844	sd = 34.9183	max = 160	min = 0
[20181124_062156 / lib_ip.py:4090] len(Hs) = 8100, len(Ss) = 8100, len(Vs) = 8100
[20181124_062156 / lib_ip.py:4137] green : variance --> out of range (variance = 1219.284 / upper = 0.760 / lower = 0.000)
[20181124_062156 / lib_ip.py:3794] file = img.20181124_062153.2018-11-23_10-06-54_000.jpg.4.png / val_Average = 73.7551	val_Variance = 1219.2844	sd = 34.9183	max = 160	min = 0
[20181124_062156 / lib_ip.py:4204] len(Hs) = 8100, len(Ss) = 8100, len(Vs) = 8100
[20181124_062156 / lib_ip.py:4248] black : variance --> out of range (variance = 1219.284 / upper = 0.000 / lower = 0.000)
[20181124_062156 / lib_ip.py:4399] file : img.20181124_062153.2018-11-23_10-06-54_000.jpg.4.png 3 (black : variance --> out of range (variance = 1219.284 / upper = 0.000 / lower = 0.000))
[20181124_062155 / lib_ip.py:2273] inspecting ===> img.20181124_062153.2018-11-23_10-06-54_000.jpg.4.png
img.20181124_062153.2018-11-23_10-06-54_000.jpg.1.png => other
img.20181124_062153.2018-11-23_10-06-54_000.jpg.2.png => other
img.20181124_062153.2018-11-23_10-06-54_000.jpg.3.png => other
img.20181124_062153.2018-11-23_10-06-54_000.jpg.4.png => other
[20181124_062156 lib_ip.py:3300] =============== Get 4 corners
dpath_Images = C:\WORKS_2\WS\WS_Others.Art\JVEMV6\46_art\VIRTUAL\Admin_Projects\ip\images
fname_Image = img.20181124_062153.2018-11-23_10-06-54_000.jpg.4.png

[20181124_062157 / lib_ip.py:2273] inspecting ===> img.20181124_062157.2018-11-23_14-09-32_000.jpg.1.png
[20181124_062157 / lib_ip.py:4331] 
img.20181124_062157.2018-11-23_14-09-32_000.jpg.1.png 0 ---------------------
[20181124_062157 / lib_ip.py:3794] file = img.20181124_062157.2018-11-23_14-09-32_000.jpg.1.png / val_Average = 74.9621	val_Variance = 0.0377	sd = 0.1942	max = 76	min = 74
[20181124_062157 / lib_ip.py:3877] len(Hs) = 8100, len(Ss) = 8100, len(Vs) = 8100
[20181124_062157 / lib_ip.py:3932] yellow : average --> out of range (average = 74.962 / upper = 99.200 / lower = 88.000)
[20181124_062157 / lib_ip.py:3794] file = img.20181124_062157.2018-11-23_14-09-32_000.jpg.1.png / val_Average = 74.9621	val_Variance = 0.0377	sd = 0.1942	max = 76	min = 74
[20181124_062157 / lib_ip.py:3977] len(Hs) = 8100, len(Ss) = 8100, len(Vs) = 8100
[20181124_062158 / lib_ip.py:4048] red : average --> out of range (average = 74.962 / upper = 124.000 / lower = 115.000)
[20181124_062158 / lib_ip.py:3794] file = img.20181124_062157.2018-11-23_14-09-32_000.jpg.1.png / val_Average = 74.9621	val_Variance = 0.0377	sd = 0.1942	max = 76	min = 74
[20181124_062158 / lib_ip.py:4090] len(Hs) = 8100, len(Ss) = 8100, len(Vs) = 8100
[20181124_062158 / lib_ip.py:2273] inspecting ===> img.20181124_062157.2018-11-23_14-09-32_000.jpg.2.png
[20181124_062158 / lib_ip.py:4331] 
img.20181124_062157.2018-11-23_14-09-32_000.jpg.2.png 1 ---------------------
[20181124_062158 / lib_ip.py:3794] file = img.20181124_062157.2018-11-23_14-09-32_000.jpg.2.png / val_Average = 72.9783	val_Variance = 0.0353	sd = 0.1880	max = 74	min = 72
[20181124_062158 / lib_ip.py:3877] len(Hs) = 8100, len(Ss) = 8100, len(Vs) = 8100
[20181124_062158 / lib_ip.py:3932] yellow : average --> out of range (average = 72.978 / upper = 99.200 / lower = 88.000)
[20181124_062158 / lib_ip.py:3794] file = img.20181124_062157.2018-11-23_14-09-32_000.jpg.2.png / val_Average = 72.9783	val_Variance = 0.0353	sd = 0.1880	max = 74	min = 72
[20181124_062158 / lib_ip.py:3977] len(Hs) = 8100, len(Ss) = 8100, len(Vs) = 8100
[20181124_062158 / lib_ip.py:4048] red : average --> out of range (average = 72.978 / upper = 124.000 / lower = 115.000)
[20181124_062158 / lib_ip.py:3794] file = img.20181124_062157.2018-11-23_14-09-32_000.jpg.2.png / val_Average = 72.9783	val_Variance = 0.0353	sd = 0.1880	max = 74	min = 72
[20181124_062158 / lib_ip.py:4090] len(Hs) = 8100, len(Ss) = 8100, len(Vs) = 8100
[20181124_062158 / lib_ip.py:2273] inspecting ===> img.20181124_062157.2018-11-23_14-09-32_000.jpg.3.png
[20181124_062159 / lib_ip.py:4331] 
img.20181124_062157.2018-11-23_14-09-32_000.jpg.3.png 2 ---------------------
[20181124_062159 / lib_ip.py:3794] file = img.20181124_062157.2018-11-23_14-09-32_000.jpg.3.png / val_Average = 76.0451	val_Variance = 63.8509	sd = 7.9907	max = 96	min = 45
[20181124_062159 / lib_ip.py:3877] len(Hs) = 8100, len(Ss) = 8100, len(Vs) = 8100
[20181124_062159 / lib_ip.py:3910] yellow : variance --> out of range (variance = 63.851 / upper = 0.650 / lower = 0.000)
[20181124_062159 / lib_ip.py:3794] file = img.20181124_062157.2018-11-23_14-09-32_000.jpg.3.png / val_Average = 76.0451	val_Variance = 63.8509	sd = 7.9907	max = 96	min = 45
[20181124_062159 / lib_ip.py:3977] len(Hs) = 8100, len(Ss) = 8100, len(Vs) = 8100
[20181124_062159 / lib_ip.py:4023] red : variance --> out of range (variance = 63.851 / upper = 0.430 / lower = 0.000)
[20181124_062159 / lib_ip.py:3794] file = img.20181124_062157.2018-11-23_14-09-32_000.jpg.3.png / val_Average = 76.0451	val_Variance = 63.8509	sd = 7.9907	max = 96	min = 45
[20181124_062159 / lib_ip.py:4090] len(Hs) = 8100, len(Ss) = 8100, len(Vs) = 8100
[20181124_062159 / lib_ip.py:4137] green : variance --> out of range (variance = 63.851 / upper = 0.760 / lower = 0.000)
[20181124_062159 / lib_ip.py:3794] file = img.20181124_062157.2018-11-23_14-09-32_000.jpg.3.png / val_Average = 76.0451	val_Variance = 63.8509	sd = 7.9907	max = 96	min = 45
[20181124_062159 / lib_ip.py:4204] len(Hs) = 8100, len(Ss) = 8100, len(Vs) = 8100
[20181124_062159 / lib_ip.py:4248] black : variance --> out of range (variance = 63.851 / upper = 0.000 / lower = 0.000)
[20181124_062159 / lib_ip.py:4399] file : img.20181124_062157.2018-11-23_14-09-32_000.jpg.3.png 2 (black : variance --> out of range (variance = 63.851 / upper = 0.000 / lower = 0.000))
[20181124_062159 / lib_ip.py:2273] inspecting ===> img.20181124_062157.2018-11-23_14-09-32_000.jpg.4.png
[20181124_062200 / lib_ip.py:4331] 
img.20181124_062157.2018-11-23_14-09-32_000.jpg.4.png 3 ---------------------
[20181124_062200 / lib_ip.py:3794] file = img.20181124_062157.2018-11-23_14-09-32_000.jpg.4.png / val_Average = 96.4712	val_Variance = 193.6119	sd = 13.9144	max = 120	min = 0
[20181124_062200 / lib_ip.py:3877] len(Hs) = 8100, len(Ss) = 8100, len(Vs) = 8100
[20181124_062200 / lib_ip.py:3910] yellow : variance --> out of range (variance = 193.612 / upper = 0.650 / lower = 0.000)
[20181124_062200 / lib_ip.py:3794] file = img.20181124_062157.2018-11-23_14-09-32_000.jpg.4.png / val_Average = 96.4712	val_Variance = 193.6119	sd = 13.9144	max = 120	min = 0
[20181124_062200 / lib_ip.py:3977] len(Hs) = 8100, len(Ss) = 8100, len(Vs) = 8100
[20181124_062200 / lib_ip.py:4023] red : variance --> out of range (variance = 193.612 / upper = 0.430 / lower = 0.000)
[20181124_062200 / lib_ip.py:3794] file = img.20181124_062157.2018-11-23_14-09-32_000.jpg.4.png / val_Average = 96.4712	val_Variance = 193.6119	sd = 13.9144	max = 120	min = 0
[20181124_062200 / lib_ip.py:4090] len(Hs) = 8100, len(Ss) = 8100, len(Vs) = 8100
[20181124_062200 / lib_ip.py:4137] green : variance --> out of range (variance = 193.612 / upper = 0.760 / lower = 0.000)
[20181124_062200 / lib_ip.py:3794] file = img.20181124_062157.2018-11-23_14-09-32_000.jpg.4.png / val_Average = 96.4712	val_Variance = 193.6119	sd = 13.9144	max = 120	min = 0
[20181124_062200 / lib_ip.py:4204] len(Hs) = 8100, len(Ss) = 8100, len(Vs) = 8100
[20181124_062200 / lib_ip.py:4248] black : variance --> out of range (variance = 193.612 / upper = 0.000 / lower = 0.000)
[20181124_062200 / lib_ip.py:4399] file : img.20181124_062157.2018-11-23_14-09-32_000.jpg.4.png 3 (black : variance --> out of range (variance = 193.612 / upper = 0.000 / lower = 0.000))
[20181124_062159 / lib_ip.py:2273] inspecting ===> img.20181124_062157.2018-11-23_14-09-32_000.jpg.4.png
img.20181124_062157.2018-11-23_14-09-32_000.jpg.1.png => other
img.20181124_062157.2018-11-23_14-09-32_000.jpg.2.png => other
img.20181124_062157.2018-11-23_14-09-32_000.jpg.3.png => other
img.20181124_062157.2018-11-23_14-09-32_000.jpg.4.png => other
[20181124_062200 lib_ip.py:3300] =============== Get 4 corners
dpath_Images = C:\WORKS_2\WS\WS_Others.Art\JVEMV6\46_art\VIRTUAL\Admin_Projects\ip\images
fname_Image = img.20181124_062157.2018-11-23_14-09-32_000.jpg.4.png

[20181124_062201 / lib_ip.py:2273] inspecting ===> img.20181124_062201.2018-11-23_14-52-10_000.jpg.1.png
[20181124_062201 / lib_ip.py:4331] 
img.20181124_062201.2018-11-23_14-52-10_000.jpg.1.png 0 ---------------------
[20181124_062201 / lib_ip.py:3794] file = img.20181124_062201.2018-11-23_14-52-10_000.jpg.1.png / val_Average = 103.2346	val_Variance = 2.9284	sd = 1.7113	max = 109	min = 98
[20181124_062201 / lib_ip.py:3877] len(Hs) = 8100, len(Ss) = 8100, len(Vs) = 8100
[20181124_062201 / lib_ip.py:3910] yellow : variance --> out of range (variance = 2.928 / upper = 0.650 / lower = 0.000)
[20181124_062201 / lib_ip.py:3794] file = img.20181124_062201.2018-11-23_14-52-10_000.jpg.1.png / val_Average = 103.2346	val_Variance = 2.9284	sd = 1.7113	max = 109	min = 98
[20181124_062201 / lib_ip.py:3977] len(Hs) = 8100, len(Ss) = 8100, len(Vs) = 8100
[20181124_062201 / lib_ip.py:4023] red : variance --> out of range (variance = 2.928 / upper = 0.430 / lower = 0.000)
[20181124_062201 / lib_ip.py:3794] file = img.20181124_062201.2018-11-23_14-52-10_000.jpg.1.png / val_Average = 103.2346	val_Variance = 2.9284	sd = 1.7113	max = 109	min = 98
[20181124_062201 / lib_ip.py:4090] len(Hs) = 8100, len(Ss) = 8100, len(Vs) = 8100
[20181124_062202 / lib_ip.py:4137] green : variance --> out of range (variance = 2.928 / upper = 0.760 / lower = 0.000)
[20181124_062202 / lib_ip.py:3794] file = img.20181124_062201.2018-11-23_14-52-10_000.jpg.1.png / val_Average = 103.2346	val_Variance = 2.9284	sd = 1.7113	max = 109	min = 98
[20181124_062202 / lib_ip.py:4204] len(Hs) = 8100, len(Ss) = 8100, len(Vs) = 8100
[20181124_062202 / lib_ip.py:4248] black : variance --> out of range (variance = 2.928 / upper = 0.000 / lower = 0.000)
[20181124_062202 / lib_ip.py:4399] file : img.20181124_062201.2018-11-23_14-52-10_000.jpg.1.png 0 (black : variance --> out of range (variance = 2.928 / upper = 0.000 / lower = 0.000))
[20181124_062202 / lib_ip.py:2273] inspecting ===> img.20181124_062201.2018-11-23_14-52-10_000.jpg.2.png
[20181124_062202 / lib_ip.py:4331] 
img.20181124_062201.2018-11-23_14-52-10_000.jpg.2.png 1 ---------------------
[20181124_062202 / lib_ip.py:3794] file = img.20181124_062201.2018-11-23_14-52-10_000.jpg.2.png / val_Average = 106.2680	val_Variance = 4.1520	sd = 2.0376	max = 120	min = 98
[20181124_062202 / lib_ip.py:3877] len(Hs) = 8100, len(Ss) = 8100, len(Vs) = 8100
[20181124_062202 / lib_ip.py:3910] yellow : variance --> out of range (variance = 4.152 / upper = 0.650 / lower = 0.000)
[20181124_062202 / lib_ip.py:3794] file = img.20181124_062201.2018-11-23_14-52-10_000.jpg.2.png / val_Average = 106.2680	val_Variance = 4.1520	sd = 2.0376	max = 120	min = 98
[20181124_062202 / lib_ip.py:3977] len(Hs) = 8100, len(Ss) = 8100, len(Vs) = 8100
[20181124_062202 / lib_ip.py:4023] red : variance --> out of range (variance = 4.152 / upper = 0.430 / lower = 0.000)
[20181124_062202 / lib_ip.py:3794] file = img.20181124_062201.2018-11-23_14-52-10_000.jpg.2.png / val_Average = 106.2680	val_Variance = 4.1520	sd = 2.0376	max = 120	min = 98
[20181124_062202 / lib_ip.py:4090] len(Hs) = 8100, len(Ss) = 8100, len(Vs) = 8100
[20181124_062202 / lib_ip.py:4137] green : variance --> out of range (variance = 4.152 / upper = 0.760 / lower = 0.000)
[20181124_062203 / lib_ip.py:3794] file = img.20181124_062201.2018-11-23_14-52-10_000.jpg.2.png / val_Average = 106.2680	val_Variance = 4.1520	sd = 2.0376	max = 120	min = 98
[20181124_062203 / lib_ip.py:4204] len(Hs) = 8100, len(Ss) = 8100, len(Vs) = 8100
[20181124_062203 / lib_ip.py:4248] black : variance --> out of range (variance = 4.152 / upper = 0.000 / lower = 0.000)
[20181124_062203 / lib_ip.py:4399] file : img.20181124_062201.2018-11-23_14-52-10_000.jpg.2.png 1 (black : variance --> out of range (variance = 4.152 / upper = 0.000 / lower = 0.000))
[20181124_062203 / lib_ip.py:2273] inspecting ===> img.20181124_062201.2018-11-23_14-52-10_000.jpg.3.png
[20181124_062203 / lib_ip.py:4331] 
img.20181124_062201.2018-11-23_14-52-10_000.jpg.3.png 2 ---------------------
[20181124_062203 / lib_ip.py:3794] file = img.20181124_062201.2018-11-23_14-52-10_000.jpg.3.png / val_Average = 75.0272	val_Variance = 0.0738	sd = 0.2717	max = 76	min = 74
[20181124_062203 / lib_ip.py:3877] len(Hs) = 8100, len(Ss) = 8100, len(Vs) = 8100
[20181124_062203 / lib_ip.py:3932] yellow : average --> out of range (average = 75.027 / upper = 99.200 / lower = 88.000)
[20181124_062203 / lib_ip.py:3794] file = img.20181124_062201.2018-11-23_14-52-10_000.jpg.3.png / val_Average = 75.0272	val_Variance = 0.0738	sd = 0.2717	max = 76	min = 74
[20181124_062203 / lib_ip.py:3977] len(Hs) = 8100, len(Ss) = 8100, len(Vs) = 8100
[20181124_062203 / lib_ip.py:4048] red : average --> out of range (average = 75.027 / upper = 124.000 / lower = 115.000)
[20181124_062203 / lib_ip.py:3794] file = img.20181124_062201.2018-11-23_14-52-10_000.jpg.3.png / val_Average = 75.0272	val_Variance = 0.0738	sd = 0.2717	max = 76	min = 74
[20181124_062203 / lib_ip.py:4090] len(Hs) = 8100, len(Ss) = 8100, len(Vs) = 8100
[20181124_062203 / lib_ip.py:2273] inspecting ===> img.20181124_062201.2018-11-23_14-52-10_000.jpg.4.png
[20181124_062204 / lib_ip.py:4331] 
img.20181124_062201.2018-11-23_14-52-10_000.jpg.4.png 3 ---------------------
[20181124_062204 / lib_ip.py:3794] file = img.20181124_062201.2018-11-23_14-52-10_000.jpg.4.png / val_Average = 120.9148	val_Variance = 0.1700	sd = 0.4123	max = 122	min = 120
[20181124_062204 / lib_ip.py:3877] len(Hs) = 8100, len(Ss) = 8100, len(Vs) = 8100
[20181124_062204 / lib_ip.py:3932] yellow : average --> out of range (average = 120.915 / upper = 99.200 / lower = 88.000)
[20181124_062204 / lib_ip.py:3794] file = img.20181124_062201.2018-11-23_14-52-10_000.jpg.4.png / val_Average = 120.9148	val_Variance = 0.1700	sd = 0.4123	max = 122	min = 120
[20181124_062204 / lib_ip.py:3977] len(Hs) = 8100, len(Ss) = 8100, len(Vs) = 8100
[20181124_062203 / lib_ip.py:2273] inspecting ===> img.20181124_062201.2018-11-23_14-52-10_000.jpg.4.png
img.20181124_062201.2018-11-23_14-52-10_000.jpg.1.png => other
img.20181124_062201.2018-11-23_14-52-10_000.jpg.2.png => other
img.20181124_062201.2018-11-23_14-52-10_000.jpg.3.png => other
img.20181124_062201.2018-11-23_14-52-10_000.jpg.4.png => other
[20181124_062204 lib_ip.py:3300] =============== Get 4 corners
dpath_Images = C:\WORKS_2\WS\WS_Others.Art\JVEMV6\46_art\VIRTUAL\Admin_Projects\ip\images
fname_Image = img.20181124_062201.2018-11-23_14-52-10_000.jpg.4.png

[20181124_062205 / lib_ip.py:2273] inspecting ===> img.20181124_062204.2018-11-23_15-45-53_000.jpg.1.png
[20181124_062205 / lib_ip.py:4331] 
img.20181124_062204.2018-11-23_15-45-53_000.jpg.1.png 0 ---------------------
[20181124_062205 / lib_ip.py:3794] file = img.20181124_062204.2018-11-23_15-45-53_000.jpg.1.png / val_Average = 111.3046	val_Variance = 74.3187	sd = 8.6208	max = 144	min = 0
[20181124_062205 / lib_ip.py:3877] len(Hs) = 8100, len(Ss) = 8100, len(Vs) = 8100
[20181124_062205 / lib_ip.py:3910] yellow : variance --> out of range (variance = 74.319 / upper = 0.650 / lower = 0.000)
[20181124_062205 / lib_ip.py:3794] file = img.20181124_062204.2018-11-23_15-45-53_000.jpg.1.png / val_Average = 111.3046	val_Variance = 74.3187	sd = 8.6208	max = 144	min = 0
[20181124_062205 / lib_ip.py:3977] len(Hs) = 8100, len(Ss) = 8100, len(Vs) = 8100
[20181124_062205 / lib_ip.py:4023] red : variance --> out of range (variance = 74.319 / upper = 0.430 / lower = 0.000)
[20181124_062205 / lib_ip.py:3794] file = img.20181124_062204.2018-11-23_15-45-53_000.jpg.1.png / val_Average = 111.3046	val_Variance = 74.3187	sd = 8.6208	max = 144	min = 0
[20181124_062205 / lib_ip.py:4090] len(Hs) = 8100, len(Ss) = 8100, len(Vs) = 8100
[20181124_062205 / lib_ip.py:4137] green : variance --> out of range (variance = 74.319 / upper = 0.760 / lower = 0.000)
[20181124_062205 / lib_ip.py:3794] file = img.20181124_062204.2018-11-23_15-45-53_000.jpg.1.png / val_Average = 111.3046	val_Variance = 74.3187	sd = 8.6208	max = 144	min = 0
[20181124_062205 / lib_ip.py:4204] len(Hs) = 8100, len(Ss) = 8100, len(Vs) = 8100
[20181124_062205 / lib_ip.py:4248] black : variance --> out of range (variance = 74.319 / upper = 0.000 / lower = 0.000)
[20181124_062205 / lib_ip.py:4399] file : img.20181124_062204.2018-11-23_15-45-53_000.jpg.1.png 0 (black : variance --> out of range (variance = 74.319 / upper = 0.000 / lower = 0.000))
[20181124_062205 / lib_ip.py:2273] inspecting ===> img.20181124_062204.2018-11-23_15-45-53_000.jpg.2.png
[20181124_062206 / lib_ip.py:4331] 
img.20181124_062204.2018-11-23_15-45-53_000.jpg.2.png 1 ---------------------
[20181124_062206 / lib_ip.py:3794] file = img.20181124_062204.2018-11-23_15-45-53_000.jpg.2.png / val_Average = 107.8960	val_Variance = 4.5408	sd = 2.1309	max = 116	min = 100
[20181124_062206 / lib_ip.py:3877] len(Hs) = 8100, len(Ss) = 8100, len(Vs) = 8100
[20181124_062206 / lib_ip.py:3910] yellow : variance --> out of range (variance = 4.541 / upper = 0.650 / lower = 0.000)
[20181124_062206 / lib_ip.py:3794] file = img.20181124_062204.2018-11-23_15-45-53_000.jpg.2.png / val_Average = 107.8960	val_Variance = 4.5408	sd = 2.1309	max = 116	min = 100
[20181124_062206 / lib_ip.py:3977] len(Hs) = 8100, len(Ss) = 8100, len(Vs) = 8100
[20181124_062206 / lib_ip.py:4023] red : variance --> out of range (variance = 4.541 / upper = 0.430 / lower = 0.000)
[20181124_062206 / lib_ip.py:3794] file = img.20181124_062204.2018-11-23_15-45-53_000.jpg.2.png / val_Average = 107.8960	val_Variance = 4.5408	sd = 2.1309	max = 116	min = 100
[20181124_062206 / lib_ip.py:4090] len(Hs) = 8100, len(Ss) = 8100, len(Vs) = 8100
[20181124_062206 / lib_ip.py:4137] green : variance --> out of range (variance = 4.541 / upper = 0.760 / lower = 0.000)
[20181124_062206 / lib_ip.py:3794] file = img.20181124_062204.2018-11-23_15-45-53_000.jpg.2.png / val_Average = 107.8960	val_Variance = 4.5408	sd = 2.1309	max = 116	min = 100
[20181124_062206 / lib_ip.py:4204] len(Hs) = 8100, len(Ss) = 8100, len(Vs) = 8100
[20181124_062206 / lib_ip.py:4248] black : variance --> out of range (variance = 4.541 / upper = 0.000 / lower = 0.000)
[20181124_062206 / lib_ip.py:4399] file : img.20181124_062204.2018-11-23_15-45-53_000.jpg.2.png 1 (black : variance --> out of range (variance = 4.541 / upper = 0.000 / lower = 0.000))
[20181124_062206 / lib_ip.py:2273] inspecting ===> img.20181124_062204.2018-11-23_15-45-53_000.jpg.3.png
[20181124_062207 / lib_ip.py:4331] 
img.20181124_062204.2018-11-23_15-45-53_000.jpg.3.png 2 ---------------------
[20181124_062207 / lib_ip.py:3794] file = img.20181124_062204.2018-11-23_15-45-53_000.jpg.3.png / val_Average = 76.6377	val_Variance = 0.4214	sd = 0.6492	max = 77	min = 73
[20181124_062207 / lib_ip.py:3877] len(Hs) = 8100, len(Ss) = 8100, len(Vs) = 8100
[20181124_062207 / lib_ip.py:3932] yellow : average --> out of range (average = 76.638 / upper = 99.200 / lower = 88.000)
[20181124_062207 / lib_ip.py:3794] file = img.20181124_062204.2018-11-23_15-45-53_000.jpg.3.png / val_Average = 76.6377	val_Variance = 0.4214	sd = 0.6492	max = 77	min = 73
[20181124_062207 / lib_ip.py:3977] len(Hs) = 8100, len(Ss) = 8100, len(Vs) = 8100
[20181124_062207 / lib_ip.py:4048] red : average --> out of range (average = 76.638 / upper = 124.000 / lower = 115.000)
[20181124_062207 / lib_ip.py:3794] file = img.20181124_062204.2018-11-23_15-45-53_000.jpg.3.png / val_Average = 76.6377	val_Variance = 0.4214	sd = 0.6492	max = 77	min = 73
[20181124_062207 / lib_ip.py:4090] len(Hs) = 8100, len(Ss) = 8100, len(Vs) = 8100
[20181124_062207 / lib_ip.py:2273] inspecting ===> img.20181124_062204.2018-11-23_15-45-53_000.jpg.4.png
[20181124_062207 / lib_ip.py:4331] 
img.20181124_062204.2018-11-23_15-45-53_000.jpg.4.png 3 ---------------------
[20181124_062207 / lib_ip.py:3794] file = img.20181124_062204.2018-11-23_15-45-53_000.jpg.4.png / val_Average = 121.0936	val_Variance = 0.2732	sd = 0.5227	max = 123	min = 119
[20181124_062207 / lib_ip.py:3877] len(Hs) = 8100, len(Ss) = 8100, len(Vs) = 8100
[20181124_062207 / lib_ip.py:3932] yellow : average --> out of range (average = 121.094 / upper = 99.200 / lower = 88.000)
[20181124_062207 / lib_ip.py:3794] file = img.20181124_062204.2018-11-23_15-45-53_000.jpg.4.png / val_Average = 121.0936	val_Variance = 0.2732	sd = 0.5227	max = 123	min = 119
[20181124_062207 / lib_ip.py:3977] len(Hs) = 8100, len(Ss) = 8100, len(Vs) = 8100
[20181124_062207 / lib_ip.py:2273] inspecting ===> img.20181124_062204.2018-11-23_15-45-53_000.jpg.4.png
img.20181124_062204.2018-11-23_15-45-53_000.jpg.1.png => other
img.20181124_062204.2018-11-23_15-45-53_000.jpg.2.png => other
img.20181124_062204.2018-11-23_15-45-53_000.jpg.3.png => other
img.20181124_062204.2018-11-23_15-45-53_000.jpg.4.png => other
[20181124_062208 lib_ip.py:3300] =============== Get 4 corners
dpath_Images = C:\WORKS_2\WS\WS_Others.Art\JVEMV6\46_art\VIRTUAL\Admin_Projects\ip\images
fname_Image = img.20181124_062204.2018-11-23_15-45-53_000.jpg.4.png

[20181124_062208 / lib_ip.py:2273] inspecting ===> img.20181124_062208.2018-11-23_15-46-10_000.jpg.1.png
[20181124_062208 / lib_ip.py:4331] 
img.20181124_062208.2018-11-23_15-46-10_000.jpg.1.png 0 ---------------------
[20181124_062209 / lib_ip.py:3794] file = img.20181124_062208.2018-11-23_15-46-10_000.jpg.1.png / val_Average = 75.2742	val_Variance = 0.4625	sd = 0.6801	max = 77	min = 74
[20181124_062209 / lib_ip.py:3877] len(Hs) = 8100, len(Ss) = 8100, len(Vs) = 8100
[20181124_062209 / lib_ip.py:3932] yellow : average --> out of range (average = 75.274 / upper = 99.200 / lower = 88.000)
[20181124_062209 / lib_ip.py:3794] file = img.20181124_062208.2018-11-23_15-46-10_000.jpg.1.png / val_Average = 75.2742	val_Variance = 0.4625	sd = 0.6801	max = 77	min = 74
[20181124_062209 / lib_ip.py:3977] len(Hs) = 8100, len(Ss) = 8100, len(Vs) = 8100
[20181124_062209 / lib_ip.py:4023] red : variance --> out of range (variance = 0.462 / upper = 0.430 / lower = 0.000)
[20181124_062209 / lib_ip.py:3794] file = img.20181124_062208.2018-11-23_15-46-10_000.jpg.1.png / val_Average = 75.2742	val_Variance = 0.4625	sd = 0.6801	max = 77	min = 74
[20181124_062209 / lib_ip.py:4090] len(Hs) = 8100, len(Ss) = 8100, len(Vs) = 8100
[20181124_062209 / lib_ip.py:2273] inspecting ===> img.20181124_062208.2018-11-23_15-46-10_000.jpg.2.png
[20181124_062209 / lib_ip.py:4331] 
img.20181124_062208.2018-11-23_15-46-10_000.jpg.2.png 1 ---------------------
[20181124_062209 / lib_ip.py:3794] file = img.20181124_062208.2018-11-23_15-46-10_000.jpg.2.png / val_Average = 106.2669	val_Variance = 0.9154	sd = 0.9568	max = 108	min = 104
[20181124_062209 / lib_ip.py:3877] len(Hs) = 8100, len(Ss) = 8100, len(Vs) = 8100
[20181124_062210 / lib_ip.py:3910] yellow : variance --> out of range (variance = 0.915 / upper = 0.650 / lower = 0.000)
[20181124_062210 / lib_ip.py:3794] file = img.20181124_062208.2018-11-23_15-46-10_000.jpg.2.png / val_Average = 106.2669	val_Variance = 0.9154	sd = 0.9568	max = 108	min = 104
[20181124_062210 / lib_ip.py:3977] len(Hs) = 8100, len(Ss) = 8100, len(Vs) = 8100
[20181124_062210 / lib_ip.py:4023] red : variance --> out of range (variance = 0.915 / upper = 0.430 / lower = 0.000)
[20181124_062210 / lib_ip.py:3794] file = img.20181124_062208.2018-11-23_15-46-10_000.jpg.2.png / val_Average = 106.2669	val_Variance = 0.9154	sd = 0.9568	max = 108	min = 104
[20181124_062210 / lib_ip.py:4090] len(Hs) = 8100, len(Ss) = 8100, len(Vs) = 8100
[20181124_062210 / lib_ip.py:4137] green : variance --> out of range (variance = 0.915 / upper = 0.760 / lower = 0.000)
[20181124_062210 / lib_ip.py:3794] file = img.20181124_062208.2018-11-23_15-46-10_000.jpg.2.png / val_Average = 106.2669	val_Variance = 0.9154	sd = 0.9568	max = 108	min = 104
[20181124_062210 / lib_ip.py:4204] len(Hs) = 8100, len(Ss) = 8100, len(Vs) = 8100
[20181124_062210 / lib_ip.py:4248] black : variance --> out of range (variance = 0.915 / upper = 0.000 / lower = 0.000)
[20181124_062210 / lib_ip.py:4399] file : img.20181124_062208.2018-11-23_15-46-10_000.jpg.2.png 1 (black : variance --> out of range (variance = 0.915 / upper = 0.000 / lower = 0.000))
[20181124_062210 / lib_ip.py:2273] inspecting ===> img.20181124_062208.2018-11-23_15-46-10_000.jpg.3.png
[20181124_062211 / lib_ip.py:4331] 
img.20181124_062208.2018-11-23_15-46-10_000.jpg.3.png 2 ---------------------
[20181124_062211 / lib_ip.py:3794] file = img.20181124_062208.2018-11-23_15-46-10_000.jpg.3.png / val_Average = 120.9701	val_Variance = 0.1112	sd = 0.3335	max = 122	min = 120
[20181124_062211 / lib_ip.py:3877] len(Hs) = 8100, len(Ss) = 8100, len(Vs) = 8100
[20181124_062211 / lib_ip.py:3932] yellow : average --> out of range (average = 120.970 / upper = 99.200 / lower = 88.000)
[20181124_062211 / lib_ip.py:3794] file = img.20181124_062208.2018-11-23_15-46-10_000.jpg.3.png / val_Average = 120.9701	val_Variance = 0.1112	sd = 0.3335	max = 122	min = 120
[20181124_062211 / lib_ip.py:3977] len(Hs) = 8100, len(Ss) = 8100, len(Vs) = 8100
[20181124_062211 / lib_ip.py:2273] inspecting ===> img.20181124_062208.2018-11-23_15-46-10_000.jpg.4.png
[20181124_062212 / lib_ip.py:4331] 
img.20181124_062208.2018-11-23_15-46-10_000.jpg.4.png 3 ---------------------
[20181124_062212 / lib_ip.py:3794] file = img.20181124_062208.2018-11-23_15-46-10_000.jpg.4.png / val_Average = 29.0272	val_Variance = 144.1563	sd = 12.0065	max = 90	min = 0
[20181124_062212 / lib_ip.py:3877] len(Hs) = 8100, len(Ss) = 8100, len(Vs) = 8100
[20181124_062212 / lib_ip.py:3910] yellow : variance --> out of range (variance = 144.156 / upper = 0.650 / lower = 0.000)
[20181124_062212 / lib_ip.py:3794] file = img.20181124_062208.2018-11-23_15-46-10_000.jpg.4.png / val_Average = 29.0272	val_Variance = 144.1563	sd = 12.0065	max = 90	min = 0
[20181124_062212 / lib_ip.py:3977] len(Hs) = 8100, len(Ss) = 8100, len(Vs) = 8100
[20181124_062212 / lib_ip.py:4023] red : variance --> out of range (variance = 144.156 / upper = 0.430 / lower = 0.000)
[20181124_062212 / lib_ip.py:3794] file = img.20181124_062208.2018-11-23_15-46-10_000.jpg.4.png / val_Average = 29.0272	val_Variance = 144.1563	sd = 12.0065	max = 90	min = 0
[20181124_062212 / lib_ip.py:4090] len(Hs) = 8100, len(Ss) = 8100, len(Vs) = 8100
[20181124_062212 / lib_ip.py:4137] green : variance --> out of range (variance = 144.156 / upper = 0.760 / lower = 0.000)
[20181124_062212 / lib_ip.py:3794] file = img.20181124_062208.2018-11-23_15-46-10_000.jpg.4.png / val_Average = 29.0272	val_Variance = 144.1563	sd = 12.0065	max = 90	min = 0
[20181124_062212 / lib_ip.py:4204] len(Hs) = 8100, len(Ss) = 8100, len(Vs) = 8100
[20181124_062212 / lib_ip.py:4248] black : variance --> out of range (variance = 144.156 / upper = 0.000 / lower = 0.000)
[20181124_062213 / lib_ip.py:4399] file : img.20181124_062208.2018-11-23_15-46-10_000.jpg.4.png 3 (black : variance --> out of range (variance = 144.156 / upper = 0.000 / lower = 0.000))
[20181124_062211 / lib_ip.py:2273] inspecting ===> img.20181124_062208.2018-11-23_15-46-10_000.jpg.4.png
img.20181124_062208.2018-11-23_15-46-10_000.jpg.1.png => other
img.20181124_062208.2018-11-23_15-46-10_000.jpg.2.png => other
img.20181124_062208.2018-11-23_15-46-10_000.jpg.3.png => other
img.20181124_062208.2018-11-23_15-46-10_000.jpg.4.png => other
[20181124_062213 lib_ip.py:3300] =============== Get 4 corners
dpath_Images = C:\WORKS_2\WS\WS_Others.Art\JVEMV6\46_art\VIRTUAL\Admin_Projects\ip\images
fname_Image = img.20181124_062208.2018-11-23_15-46-10_000.jpg.4.png

[20181124_062213 / lib_ip.py:2273] inspecting ===> img.20181124_062213.2018-11-23_16-11-12_000.jpg.1.png
[20181124_062213 / lib_ip.py:4331] 
img.20181124_062213.2018-11-23_16-11-12_000.jpg.1.png 0 ---------------------
[20181124_062214 / lib_ip.py:3794] file = img.20181124_062213.2018-11-23_16-11-12_000.jpg.1.png / val_Average = 8.3467	val_Variance = 466.6717	sd = 21.6026	max = 178	min = 0
[20181124_062214 / lib_ip.py:3877] len(Hs) = 8100, len(Ss) = 8100, len(Vs) = 8100
[20181124_062214 / lib_ip.py:3910] yellow : variance --> out of range (variance = 466.672 / upper = 0.650 / lower = 0.000)
[20181124_062214 / lib_ip.py:3794] file = img.20181124_062213.2018-11-23_16-11-12_000.jpg.1.png / val_Average = 8.3467	val_Variance = 466.6717	sd = 21.6026	max = 178	min = 0
[20181124_062214 / lib_ip.py:3977] len(Hs) = 8100, len(Ss) = 8100, len(Vs) = 8100
[20181124_062214 / lib_ip.py:4023] red : variance --> out of range (variance = 466.672 / upper = 0.430 / lower = 0.000)
[20181124_062214 / lib_ip.py:3794] file = img.20181124_062213.2018-11-23_16-11-12_000.jpg.1.png / val_Average = 8.3467	val_Variance = 466.6717	sd = 21.6026	max = 178	min = 0
[20181124_062214 / lib_ip.py:4090] len(Hs) = 8100, len(Ss) = 8100, len(Vs) = 8100
[20181124_062214 / lib_ip.py:4137] green : variance --> out of range (variance = 466.672 / upper = 0.760 / lower = 0.000)
[20181124_062214 / lib_ip.py:3794] file = img.20181124_062213.2018-11-23_16-11-12_000.jpg.1.png / val_Average = 8.3467	val_Variance = 466.6717	sd = 21.6026	max = 178	min = 0
[20181124_062214 / lib_ip.py:4204] len(Hs) = 8100, len(Ss) = 8100, len(Vs) = 8100
[20181124_062214 / lib_ip.py:4248] black : variance --> out of range (variance = 466.672 / upper = 0.000 / lower = 0.000)
[20181124_062214 / lib_ip.py:4399] file : img.20181124_062213.2018-11-23_16-11-12_000.jpg.1.png 0 (black : variance --> out of range (variance = 466.672 / upper = 0.000 / lower = 0.000))
[20181124_062214 / lib_ip.py:2273] inspecting ===> img.20181124_062213.2018-11-23_16-11-12_000.jpg.2.png
[20181124_062214 / lib_ip.py:4331] 
img.20181124_062213.2018-11-23_16-11-12_000.jpg.2.png 1 ---------------------
[20181124_062215 / lib_ip.py:3794] file = img.20181124_062213.2018-11-23_16-11-12_000.jpg.2.png / val_Average = 8.1322	val_Variance = 23.4868	sd = 4.8463	max = 178	min = 0
[20181124_062215 / lib_ip.py:3877] len(Hs) = 8100, len(Ss) = 8100, len(Vs) = 8100
[20181124_062215 / lib_ip.py:3910] yellow : variance --> out of range (variance = 23.487 / upper = 0.650 / lower = 0.000)
[20181124_062215 / lib_ip.py:3794] file = img.20181124_062213.2018-11-23_16-11-12_000.jpg.2.png / val_Average = 8.1322	val_Variance = 23.4868	sd = 4.8463	max = 178	min = 0
[20181124_062215 / lib_ip.py:3977] len(Hs) = 8100, len(Ss) = 8100, len(Vs) = 8100
[20181124_062215 / lib_ip.py:4023] red : variance --> out of range (variance = 23.487 / upper = 0.430 / lower = 0.000)
[20181124_062215 / lib_ip.py:3794] file = img.20181124_062213.2018-11-23_16-11-12_000.jpg.2.png / val_Average = 8.1322	val_Variance = 23.4868	sd = 4.8463	max = 178	min = 0
[20181124_062215 / lib_ip.py:4090] len(Hs) = 8100, len(Ss) = 8100, len(Vs) = 8100
[20181124_062215 / lib_ip.py:4137] green : variance --> out of range (variance = 23.487 / upper = 0.760 / lower = 0.000)
[20181124_062215 / lib_ip.py:3794] file = img.20181124_062213.2018-11-23_16-11-12_000.jpg.2.png / val_Average = 8.1322	val_Variance = 23.4868	sd = 4.8463	max = 178	min = 0
[20181124_062215 / lib_ip.py:4204] len(Hs) = 8100, len(Ss) = 8100, len(Vs) = 8100
[20181124_062215 / lib_ip.py:4248] black : variance --> out of range (variance = 23.487 / upper = 0.000 / lower = 0.000)
[20181124_062215 / lib_ip.py:4399] file : img.20181124_062213.2018-11-23_16-11-12_000.jpg.2.png 1 (black : variance --> out of range (variance = 23.487 / upper = 0.000 / lower = 0.000))
[20181124_062215 / lib_ip.py:2273] inspecting ===> img.20181124_062213.2018-11-23_16-11-12_000.jpg.3.png
[20181124_062215 / lib_ip.py:4331] 
img.20181124_062213.2018-11-23_16-11-12_000.jpg.3.png 2 ---------------------
[20181124_062215 / lib_ip.py:3794] file = img.20181124_062213.2018-11-23_16-11-12_000.jpg.3.png / val_Average = 8.5088	val_Variance = 0.8136	sd = 0.9020	max = 11	min = 7
[20181124_062215 / lib_ip.py:3877] len(Hs) = 8100, len(Ss) = 8100, len(Vs) = 8100
[20181124_062215 / lib_ip.py:3910] yellow : variance --> out of range (variance = 0.814 / upper = 0.650 / lower = 0.000)
[20181124_062215 / lib_ip.py:3794] file = img.20181124_062213.2018-11-23_16-11-12_000.jpg.3.png / val_Average = 8.5088	val_Variance = 0.8136	sd = 0.9020	max = 11	min = 7
[20181124_062215 / lib_ip.py:3977] len(Hs) = 8100, len(Ss) = 8100, len(Vs) = 8100
[20181124_062216 / lib_ip.py:4023] red : variance --> out of range (variance = 0.814 / upper = 0.430 / lower = 0.000)
[20181124_062216 / lib_ip.py:3794] file = img.20181124_062213.2018-11-23_16-11-12_000.jpg.3.png / val_Average = 8.5088	val_Variance = 0.8136	sd = 0.9020	max = 11	min = 7
[20181124_062216 / lib_ip.py:4090] len(Hs) = 8100, len(Ss) = 8100, len(Vs) = 8100
[20181124_062216 / lib_ip.py:4137] green : variance --> out of range (variance = 0.814 / upper = 0.760 / lower = 0.000)
[20181124_062216 / lib_ip.py:3794] file = img.20181124_062213.2018-11-23_16-11-12_000.jpg.3.png / val_Average = 8.5088	val_Variance = 0.8136	sd = 0.9020	max = 11	min = 7
[20181124_062216 / lib_ip.py:4204] len(Hs) = 8100, len(Ss) = 8100, len(Vs) = 8100
[20181124_062216 / lib_ip.py:4248] black : variance --> out of range (variance = 0.814 / upper = 0.000 / lower = 0.000)
[20181124_062216 / lib_ip.py:4399] file : img.20181124_062213.2018-11-23_16-11-12_000.jpg.3.png 2 (black : variance --> out of range (variance = 0.814 / upper = 0.000 / lower = 0.000))
[20181124_062216 / lib_ip.py:2273] inspecting ===> img.20181124_062213.2018-11-23_16-11-12_000.jpg.4.png
[20181124_062216 / lib_ip.py:4331] 
img.20181124_062213.2018-11-23_16-11-12_000.jpg.4.png 3 ---------------------
[20181124_062216 / lib_ip.py:3794] file = img.20181124_062213.2018-11-23_16-11-12_000.jpg.4.png / val_Average = 72.1723	val_Variance = 5525.0592	sd = 74.3307	max = 179	min = 0
[20181124_062216 / lib_ip.py:3877] len(Hs) = 8100, len(Ss) = 8100, len(Vs) = 8100
[20181124_062216 / lib_ip.py:3910] yellow : variance --> out of range (variance = 5525.059 / upper = 0.650 / lower = 0.000)
[20181124_062217 / lib_ip.py:3794] file = img.20181124_062213.2018-11-23_16-11-12_000.jpg.4.png / val_Average = 72.1723	val_Variance = 5525.0592	sd = 74.3307	max = 179	min = 0
[20181124_062217 / lib_ip.py:3977] len(Hs) = 8100, len(Ss) = 8100, len(Vs) = 8100
[20181124_062217 / lib_ip.py:4023] red : variance --> out of range (variance = 5525.059 / upper = 0.430 / lower = 0.000)
[20181124_062217 / lib_ip.py:3794] file = img.20181124_062213.2018-11-23_16-11-12_000.jpg.4.png / val_Average = 72.1723	val_Variance = 5525.0592	sd = 74.3307	max = 179	min = 0
[20181124_062217 / lib_ip.py:4090] len(Hs) = 8100, len(Ss) = 8100, len(Vs) = 8100
[20181124_062217 / lib_ip.py:4137] green : variance --> out of range (variance = 5525.059 / upper = 0.760 / lower = 0.000)
[20181124_062217 / lib_ip.py:3794] file = img.20181124_062213.2018-11-23_16-11-12_000.jpg.4.png / val_Average = 72.1723	val_Variance = 5525.0592	sd = 74.3307	max = 179	min = 0
[20181124_062217 / lib_ip.py:4204] len(Hs) = 8100, len(Ss) = 8100, len(Vs) = 8100
[20181124_062217 / lib_ip.py:4248] black : variance --> out of range (variance = 5525.059 / upper = 0.000 / lower = 0.000)
[20181124_062217 / lib_ip.py:4399] file : img.20181124_062213.2018-11-23_16-11-12_000.jpg.4.png 3 (black : variance --> out of range (variance = 5525.059 / upper = 0.000 / lower = 0.000))
[20181124_062216 / lib_ip.py:2273] inspecting ===> img.20181124_062213.2018-11-23_16-11-12_000.jpg.4.png
img.20181124_062213.2018-11-23_16-11-12_000.jpg.1.png => other
img.20181124_062213.2018-11-23_16-11-12_000.jpg.2.png => other
img.20181124_062213.2018-11-23_16-11-12_000.jpg.3.png => other
img.20181124_062213.2018-11-23_16-11-12_000.jpg.4.png => other
[20181124_062217 lib_ip.py:3300] =============== Get 4 corners
dpath_Images = C:\WORKS_2\WS\WS_Others.Art\JVEMV6\46_art\VIRTUAL\Admin_Projects\ip\images
fname_Image = img.20181124_062213.2018-11-23_16-11-12_000.jpg.4.png

[20181124_062217 / lib_ip.py:2273] inspecting ===> img.20181124_062217.2018-11-23_16-11-13_000.jpg.1.png
[20181124_062218 / lib_ip.py:4331] 
img.20181124_062217.2018-11-23_16-11-13_000.jpg.1.png 0 ---------------------
[20181124_062218 / lib_ip.py:3794] file = img.20181124_062217.2018-11-23_16-11-13_000.jpg.1.png / val_Average = 8.1836	val_Variance = 180.3758	sd = 13.4304	max = 178	min = 0
[20181124_062218 / lib_ip.py:3877] len(Hs) = 8100, len(Ss) = 8100, len(Vs) = 8100
[20181124_062218 / lib_ip.py:3910] yellow : variance --> out of range (variance = 180.376 / upper = 0.650 / lower = 0.000)
[20181124_062218 / lib_ip.py:3794] file = img.20181124_062217.2018-11-23_16-11-13_000.jpg.1.png / val_Average = 8.1836	val_Variance = 180.3758	sd = 13.4304	max = 178	min = 0
[20181124_062218 / lib_ip.py:3977] len(Hs) = 8100, len(Ss) = 8100, len(Vs) = 8100
[20181124_062218 / lib_ip.py:4023] red : variance --> out of range (variance = 180.376 / upper = 0.430 / lower = 0.000)
[20181124_062218 / lib_ip.py:3794] file = img.20181124_062217.2018-11-23_16-11-13_000.jpg.1.png / val_Average = 8.1836	val_Variance = 180.3758	sd = 13.4304	max = 178	min = 0
[20181124_062218 / lib_ip.py:4090] len(Hs) = 8100, len(Ss) = 8100, len(Vs) = 8100
[20181124_062218 / lib_ip.py:4137] green : variance --> out of range (variance = 180.376 / upper = 0.760 / lower = 0.000)
[20181124_062218 / lib_ip.py:3794] file = img.20181124_062217.2018-11-23_16-11-13_000.jpg.1.png / val_Average = 8.1836	val_Variance = 180.3758	sd = 13.4304	max = 178	min = 0
[20181124_062218 / lib_ip.py:4204] len(Hs) = 8100, len(Ss) = 8100, len(Vs) = 8100
[20181124_062218 / lib_ip.py:4248] black : variance --> out of range (variance = 180.376 / upper = 0.000 / lower = 0.000)
[20181124_062218 / lib_ip.py:4399] file : img.20181124_062217.2018-11-23_16-11-13_000.jpg.1.png 0 (black : variance --> out of range (variance = 180.376 / upper = 0.000 / lower = 0.000))
[20181124_062218 / lib_ip.py:2273] inspecting ===> img.20181124_062217.2018-11-23_16-11-13_000.jpg.2.png
[20181124_062219 / lib_ip.py:4331] 
img.20181124_062217.2018-11-23_16-11-13_000.jpg.2.png 1 ---------------------
[20181124_062219 / lib_ip.py:3794] file = img.20181124_062217.2018-11-23_16-11-13_000.jpg.2.png / val_Average = 31.5179	val_Variance = 3353.5359	sd = 57.9097	max = 176	min = 0
[20181124_062219 / lib_ip.py:3877] len(Hs) = 8100, len(Ss) = 8100, len(Vs) = 8100
[20181124_062219 / lib_ip.py:3910] yellow : variance --> out of range (variance = 3353.536 / upper = 0.650 / lower = 0.000)
[20181124_062219 / lib_ip.py:3794] file = img.20181124_062217.2018-11-23_16-11-13_000.jpg.2.png / val_Average = 31.5179	val_Variance = 3353.5359	sd = 57.9097	max = 176	min = 0
[20181124_062219 / lib_ip.py:3977] len(Hs) = 8100, len(Ss) = 8100, len(Vs) = 8100
[20181124_062219 / lib_ip.py:4023] red : variance --> out of range (variance = 3353.536 / upper = 0.430 / lower = 0.000)
[20181124_062219 / lib_ip.py:3794] file = img.20181124_062217.2018-11-23_16-11-13_000.jpg.2.png / val_Average = 31.5179	val_Variance = 3353.5359	sd = 57.9097	max = 176	min = 0
[20181124_062219 / lib_ip.py:4090] len(Hs) = 8100, len(Ss) = 8100, len(Vs) = 8100
[20181124_062219 / lib_ip.py:4137] green : variance --> out of range (variance = 3353.536 / upper = 0.760 / lower = 0.000)
[20181124_062219 / lib_ip.py:3794] file = img.20181124_062217.2018-11-23_16-11-13_000.jpg.2.png / val_Average = 31.5179	val_Variance = 3353.5359	sd = 57.9097	max = 176	min = 0
[20181124_062219 / lib_ip.py:4204] len(Hs) = 8100, len(Ss) = 8100, len(Vs) = 8100
[20181124_062219 / lib_ip.py:4248] black : variance --> out of range (variance = 3353.536 / upper = 0.000 / lower = 0.000)
[20181124_062219 / lib_ip.py:4399] file : img.20181124_062217.2018-11-23_16-11-13_000.jpg.2.png 1 (black : variance --> out of range (variance = 3353.536 / upper = 0.000 / lower = 0.000))
[20181124_062219 / lib_ip.py:2273] inspecting ===> img.20181124_062217.2018-11-23_16-11-13_000.jpg.3.png
[20181124_062220 / lib_ip.py:4331] 
img.20181124_062217.2018-11-23_16-11-13_000.jpg.3.png 2 ---------------------
[20181124_062220 / lib_ip.py:3794] file = img.20181124_062217.2018-11-23_16-11-13_000.jpg.3.png / val_Average = 11.0886	val_Variance = 12.8815	sd = 3.5891	max = 21	min = 5
[20181124_062220 / lib_ip.py:3877] len(Hs) = 8100, len(Ss) = 8100, len(Vs) = 8100
[20181124_062220 / lib_ip.py:3910] yellow : variance --> out of range (variance = 12.882 / upper = 0.650 / lower = 0.000)
[20181124_062220 / lib_ip.py:3794] file = img.20181124_062217.2018-11-23_16-11-13_000.jpg.3.png / val_Average = 11.0886	val_Variance = 12.8815	sd = 3.5891	max = 21	min = 5
[20181124_062220 / lib_ip.py:3977] len(Hs) = 8100, len(Ss) = 8100, len(Vs) = 8100
[20181124_062220 / lib_ip.py:4023] red : variance --> out of range (variance = 12.882 / upper = 0.430 / lower = 0.000)
[20181124_062220 / lib_ip.py:3794] file = img.20181124_062217.2018-11-23_16-11-13_000.jpg.3.png / val_Average = 11.0886	val_Variance = 12.8815	sd = 3.5891	max = 21	min = 5
[20181124_062220 / lib_ip.py:4090] len(Hs) = 8100, len(Ss) = 8100, len(Vs) = 8100
[20181124_062220 / lib_ip.py:4137] green : variance --> out of range (variance = 12.882 / upper = 0.760 / lower = 0.000)
[20181124_062220 / lib_ip.py:3794] file = img.20181124_062217.2018-11-23_16-11-13_000.jpg.3.png / val_Average = 11.0886	val_Variance = 12.8815	sd = 3.5891	max = 21	min = 5
[20181124_062220 / lib_ip.py:4204] len(Hs) = 8100, len(Ss) = 8100, len(Vs) = 8100
[20181124_062220 / lib_ip.py:4248] black : variance --> out of range (variance = 12.882 / upper = 0.000 / lower = 0.000)
[20181124_062220 / lib_ip.py:4399] file : img.20181124_062217.2018-11-23_16-11-13_000.jpg.3.png 2 (black : variance --> out of range (variance = 12.882 / upper = 0.000 / lower = 0.000))
[20181124_062220 / lib_ip.py:2273] inspecting ===> img.20181124_062217.2018-11-23_16-11-13_000.jpg.4.png
[20181124_062220 / lib_ip.py:4331] 
img.20181124_062217.2018-11-23_16-11-13_000.jpg.4.png 3 ---------------------
[20181124_062221 / lib_ip.py:3794] file = img.20181124_062217.2018-11-23_16-11-13_000.jpg.4.png / val_Average = 10.2754	val_Variance = 3.9665	sd = 1.9916	max = 15	min = 5
[20181124_062221 / lib_ip.py:3877] len(Hs) = 8100, len(Ss) = 8100, len(Vs) = 8100
[20181124_062221 / lib_ip.py:3910] yellow : variance --> out of range (variance = 3.966 / upper = 0.650 / lower = 0.000)
[20181124_062221 / lib_ip.py:3794] file = img.20181124_062217.2018-11-23_16-11-13_000.jpg.4.png / val_Average = 10.2754	val_Variance = 3.9665	sd = 1.9916	max = 15	min = 5
[20181124_062221 / lib_ip.py:3977] len(Hs) = 8100, len(Ss) = 8100, len(Vs) = 8100
[20181124_062221 / lib_ip.py:4023] red : variance --> out of range (variance = 3.966 / upper = 0.430 / lower = 0.000)
[20181124_062221 / lib_ip.py:3794] file = img.20181124_062217.2018-11-23_16-11-13_000.jpg.4.png / val_Average = 10.2754	val_Variance = 3.9665	sd = 1.9916	max = 15	min = 5
[20181124_062221 / lib_ip.py:4090] len(Hs) = 8100, len(Ss) = 8100, len(Vs) = 8100
[20181124_062221 / lib_ip.py:4137] green : variance --> out of range (variance = 3.966 / upper = 0.760 / lower = 0.000)
[20181124_062221 / lib_ip.py:3794] file = img.20181124_062217.2018-11-23_16-11-13_000.jpg.4.png / val_Average = 10.2754	val_Variance = 3.9665	sd = 1.9916	max = 15	min = 5
[20181124_062221 / lib_ip.py:4204] len(Hs) = 8100, len(Ss) = 8100, len(Vs) = 8100
[20181124_062221 / lib_ip.py:4248] black : variance --> out of range (variance = 3.966 / upper = 0.000 / lower = 0.000)
[20181124_062221 / lib_ip.py:4399] file : img.20181124_062217.2018-11-23_16-11-13_000.jpg.4.png 3 (black : variance --> out of range (variance = 3.966 / upper = 0.000 / lower = 0.000))
[20181124_062220 / lib_ip.py:2273] inspecting ===> img.20181124_062217.2018-11-23_16-11-13_000.jpg.4.png
img.20181124_062217.2018-11-23_16-11-13_000.jpg.1.png => other
img.20181124_062217.2018-11-23_16-11-13_000.jpg.2.png => other
img.20181124_062217.2018-11-23_16-11-13_000.jpg.3.png => other
img.20181124_062217.2018-11-23_16-11-13_000.jpg.4.png => other
[20181124_062221 lib_ip.py:3300] =============== Get 4 corners
dpath_Images = C:\WORKS_2\WS\WS_Others.Art\JVEMV6\46_art\VIRTUAL\Admin_Projects\ip\images
fname_Image = img.20181124_062217.2018-11-23_16-11-13_000.jpg.4.png

[20181124_062222 / lib_ip.py:2273] inspecting ===> img.20181124_062222.2018-11-23_16-11-14_000.jpg.1.png
[20181124_062222 / lib_ip.py:4331] 
img.20181124_062222.2018-11-23_16-11-14_000.jpg.1.png 0 ---------------------
[20181124_062222 / lib_ip.py:3794] file = img.20181124_062222.2018-11-23_16-11-14_000.jpg.1.png / val_Average = 9.0385	val_Variance = 5.9109	sd = 2.4312	max = 19	min = 0
[20181124_062222 / lib_ip.py:3877] len(Hs) = 8100, len(Ss) = 8100, len(Vs) = 8100
[20181124_062222 / lib_ip.py:3910] yellow : variance --> out of range (variance = 5.911 / upper = 0.650 / lower = 0.000)
[20181124_062222 / lib_ip.py:3794] file = img.20181124_062222.2018-11-23_16-11-14_000.jpg.1.png / val_Average = 9.0385	val_Variance = 5.9109	sd = 2.4312	max = 19	min = 0
[20181124_062222 / lib_ip.py:3977] len(Hs) = 8100, len(Ss) = 8100, len(Vs) = 8100
[20181124_062222 / lib_ip.py:4023] red : variance --> out of range (variance = 5.911 / upper = 0.430 / lower = 0.000)
[20181124_062222 / lib_ip.py:3794] file = img.20181124_062222.2018-11-23_16-11-14_000.jpg.1.png / val_Average = 9.0385	val_Variance = 5.9109	sd = 2.4312	max = 19	min = 0
[20181124_062222 / lib_ip.py:4090] len(Hs) = 8100, len(Ss) = 8100, len(Vs) = 8100
[20181124_062222 / lib_ip.py:4137] green : variance --> out of range (variance = 5.911 / upper = 0.760 / lower = 0.000)
[20181124_062222 / lib_ip.py:3794] file = img.20181124_062222.2018-11-23_16-11-14_000.jpg.1.png / val_Average = 9.0385	val_Variance = 5.9109	sd = 2.4312	max = 19	min = 0
[20181124_062222 / lib_ip.py:4204] len(Hs) = 8100, len(Ss) = 8100, len(Vs) = 8100
[20181124_062222 / lib_ip.py:4248] black : variance --> out of range (variance = 5.911 / upper = 0.000 / lower = 0.000)
[20181124_062223 / lib_ip.py:4399] file : img.20181124_062222.2018-11-23_16-11-14_000.jpg.1.png 0 (black : variance --> out of range (variance = 5.911 / upper = 0.000 / lower = 0.000))
[20181124_062223 / lib_ip.py:2273] inspecting ===> img.20181124_062222.2018-11-23_16-11-14_000.jpg.2.png
[20181124_062223 / lib_ip.py:4331] 
img.20181124_062222.2018-11-23_16-11-14_000.jpg.2.png 1 ---------------------
[20181124_062223 / lib_ip.py:3794] file = img.20181124_062222.2018-11-23_16-11-14_000.jpg.2.png / val_Average = 106.7033	val_Variance = 9.5691	sd = 3.0934	max = 120	min = 86
[20181124_062223 / lib_ip.py:3877] len(Hs) = 8100, len(Ss) = 8100, len(Vs) = 8100
[20181124_062223 / lib_ip.py:3910] yellow : variance --> out of range (variance = 9.569 / upper = 0.650 / lower = 0.000)
[20181124_062223 / lib_ip.py:3794] file = img.20181124_062222.2018-11-23_16-11-14_000.jpg.2.png / val_Average = 106.7033	val_Variance = 9.5691	sd = 3.0934	max = 120	min = 86
[20181124_062223 / lib_ip.py:3977] len(Hs) = 8100, len(Ss) = 8100, len(Vs) = 8100
[20181124_062223 / lib_ip.py:4023] red : variance --> out of range (variance = 9.569 / upper = 0.430 / lower = 0.000)
[20181124_062223 / lib_ip.py:3794] file = img.20181124_062222.2018-11-23_16-11-14_000.jpg.2.png / val_Average = 106.7033	val_Variance = 9.5691	sd = 3.0934	max = 120	min = 86
[20181124_062223 / lib_ip.py:4090] len(Hs) = 8100, len(Ss) = 8100, len(Vs) = 8100
[20181124_062223 / lib_ip.py:4137] green : variance --> out of range (variance = 9.569 / upper = 0.760 / lower = 0.000)
[20181124_062223 / lib_ip.py:3794] file = img.20181124_062222.2018-11-23_16-11-14_000.jpg.2.png / val_Average = 106.7033	val_Variance = 9.5691	sd = 3.0934	max = 120	min = 86
[20181124_062223 / lib_ip.py:4204] len(Hs) = 8100, len(Ss) = 8100, len(Vs) = 8100
[20181124_062224 / lib_ip.py:4248] black : variance --> out of range (variance = 9.569 / upper = 0.000 / lower = 0.000)
[20181124_062224 / lib_ip.py:4399] file : img.20181124_062222.2018-11-23_16-11-14_000.jpg.2.png 1 (black : variance --> out of range (variance = 9.569 / upper = 0.000 / lower = 0.000))
[20181124_062224 / lib_ip.py:2273] inspecting ===> img.20181124_062222.2018-11-23_16-11-14_000.jpg.3.png
[20181124_062224 / lib_ip.py:4331] 
img.20181124_062222.2018-11-23_16-11-14_000.jpg.3.png 2 ---------------------
[20181124_062224 / lib_ip.py:3794] file = img.20181124_062222.2018-11-23_16-11-14_000.jpg.3.png / val_Average = 12.1707	val_Variance = 0.4613	sd = 0.6792	max = 15	min = 9
[20181124_062224 / lib_ip.py:3877] len(Hs) = 8100, len(Ss) = 8100, len(Vs) = 8100
[20181124_062224 / lib_ip.py:3932] yellow : average --> out of range (average = 12.171 / upper = 99.200 / lower = 88.000)
[20181124_062224 / lib_ip.py:3794] file = img.20181124_062222.2018-11-23_16-11-14_000.jpg.3.png / val_Average = 12.1707	val_Variance = 0.4613	sd = 0.6792	max = 15	min = 9
[20181124_062224 / lib_ip.py:3977] len(Hs) = 8100, len(Ss) = 8100, len(Vs) = 8100
[20181124_062224 / lib_ip.py:4023] red : variance --> out of range (variance = 0.461 / upper = 0.430 / lower = 0.000)
[20181124_062224 / lib_ip.py:3794] file = img.20181124_062222.2018-11-23_16-11-14_000.jpg.3.png / val_Average = 12.1707	val_Variance = 0.4613	sd = 0.6792	max = 15	min = 9
[20181124_062224 / lib_ip.py:4090] len(Hs) = 8100, len(Ss) = 8100, len(Vs) = 8100
[20181124_062224 / lib_ip.py:4162] green : average --> out of range (average = 12.171 / upper = 83.000 / lower = 58.000)
[20181124_062224 / lib_ip.py:3794] file = img.20181124_062222.2018-11-23_16-11-14_000.jpg.3.png / val_Average = 12.1707	val_Variance = 0.4613	sd = 0.6792	max = 15	min = 9
[20181124_062224 / lib_ip.py:4204] len(Hs) = 8100, len(Ss) = 8100, len(Vs) = 8100
[20181124_062224 / lib_ip.py:4248] black : variance --> out of range (variance = 0.461 / upper = 0.000 / lower = 0.000)
[20181124_062224 / lib_ip.py:4399] file : img.20181124_062222.2018-11-23_16-11-14_000.jpg.3.png 2 (black : variance --> out of range (variance = 0.461 / upper = 0.000 / lower = 0.000))
[20181124_062224 / lib_ip.py:2273] inspecting ===> img.20181124_062222.2018-11-23_16-11-14_000.jpg.4.png
[20181124_062225 / lib_ip.py:4331] 
img.20181124_062222.2018-11-23_16-11-14_000.jpg.4.png 3 ---------------------
[20181124_062225 / lib_ip.py:3794] file = img.20181124_062222.2018-11-23_16-11-14_000.jpg.4.png / val_Average = 10.3347	val_Variance = 0.7975	sd = 0.8930	max = 12	min = 9
[20181124_062225 / lib_ip.py:3877] len(Hs) = 8100, len(Ss) = 8100, len(Vs) = 8100
[20181124_062225 / lib_ip.py:3910] yellow : variance --> out of range (variance = 0.797 / upper = 0.650 / lower = 0.000)
[20181124_062225 / lib_ip.py:3794] file = img.20181124_062222.2018-11-23_16-11-14_000.jpg.4.png / val_Average = 10.3347	val_Variance = 0.7975	sd = 0.8930	max = 12	min = 9
[20181124_062225 / lib_ip.py:3977] len(Hs) = 8100, len(Ss) = 8100, len(Vs) = 8100
[20181124_062225 / lib_ip.py:4023] red : variance --> out of range (variance = 0.797 / upper = 0.430 / lower = 0.000)
[20181124_062225 / lib_ip.py:3794] file = img.20181124_062222.2018-11-23_16-11-14_000.jpg.4.png / val_Average = 10.3347	val_Variance = 0.7975	sd = 0.8930	max = 12	min = 9
[20181124_062225 / lib_ip.py:4090] len(Hs) = 8100, len(Ss) = 8100, len(Vs) = 8100
[20181124_062225 / lib_ip.py:4137] green : variance --> out of range (variance = 0.797 / upper = 0.760 / lower = 0.000)
[20181124_062225 / lib_ip.py:3794] file = img.20181124_062222.2018-11-23_16-11-14_000.jpg.4.png / val_Average = 10.3347	val_Variance = 0.7975	sd = 0.8930	max = 12	min = 9
[20181124_062225 / lib_ip.py:4204] len(Hs) = 8100, len(Ss) = 8100, len(Vs) = 8100
[20181124_062225 / lib_ip.py:4248] black : variance --> out of range (variance = 0.797 / upper = 0.000 / lower = 0.000)
[20181124_062225 / lib_ip.py:4399] file : img.20181124_062222.2018-11-23_16-11-14_000.jpg.4.png 3 (black : variance --> out of range (variance = 0.797 / upper = 0.000 / lower = 0.000))
[20181124_062224 / lib_ip.py:2273] inspecting ===> img.20181124_062222.2018-11-23_16-11-14_000.jpg.4.png
img.20181124_062222.2018-11-23_16-11-14_000.jpg.1.png => other
img.20181124_062222.2018-11-23_16-11-14_000.jpg.2.png => other
img.20181124_062222.2018-11-23_16-11-14_000.jpg.3.png => other
img.20181124_062222.2018-11-23_16-11-14_000.jpg.4.png => other
[20181124_062225 lib_ip.py:3300] =============== Get 4 corners
dpath_Images = C:\WORKS_2\WS\WS_Others.Art\JVEMV6\46_art\VIRTUAL\Admin_Projects\ip\images
fname_Image = img.20181124_062222.2018-11-23_16-11-14_000.jpg.4.png

[20181124_062226 / lib_ip.py:2273] inspecting ===> img.20181124_062226.2018-11-23_16-11-15_000.jpg.1.png
[20181124_062226 / lib_ip.py:4331] 
img.20181124_062226.2018-11-23_16-11-15_000.jpg.1.png 0 ---------------------
[20181124_062226 / lib_ip.py:3794] file = img.20181124_062226.2018-11-23_16-11-15_000.jpg.1.png / val_Average = 118.4336	val_Variance = 5.1039	sd = 2.2592	max = 126	min = 109
[20181124_062226 / lib_ip.py:3877] len(Hs) = 8100, len(Ss) = 8100, len(Vs) = 8100
[20181124_062226 / lib_ip.py:3910] yellow : variance --> out of range (variance = 5.104 / upper = 0.650 / lower = 0.000)
[20181124_062226 / lib_ip.py:3794] file = img.20181124_062226.2018-11-23_16-11-15_000.jpg.1.png / val_Average = 118.4336	val_Variance = 5.1039	sd = 2.2592	max = 126	min = 109
[20181124_062227 / lib_ip.py:3977] len(Hs) = 8100, len(Ss) = 8100, len(Vs) = 8100
[20181124_062227 / lib_ip.py:4023] red : variance --> out of range (variance = 5.104 / upper = 0.430 / lower = 0.000)
[20181124_062227 / lib_ip.py:3794] file = img.20181124_062226.2018-11-23_16-11-15_000.jpg.1.png / val_Average = 118.4336	val_Variance = 5.1039	sd = 2.2592	max = 126	min = 109
[20181124_062227 / lib_ip.py:4090] len(Hs) = 8100, len(Ss) = 8100, len(Vs) = 8100
[20181124_062227 / lib_ip.py:4137] green : variance --> out of range (variance = 5.104 / upper = 0.760 / lower = 0.000)
[20181124_062227 / lib_ip.py:3794] file = img.20181124_062226.2018-11-23_16-11-15_000.jpg.1.png / val_Average = 118.4336	val_Variance = 5.1039	sd = 2.2592	max = 126	min = 109
[20181124_062227 / lib_ip.py:4204] len(Hs) = 8100, len(Ss) = 8100, len(Vs) = 8100
[20181124_062227 / lib_ip.py:4248] black : variance --> out of range (variance = 5.104 / upper = 0.000 / lower = 0.000)
[20181124_062227 / lib_ip.py:4399] file : img.20181124_062226.2018-11-23_16-11-15_000.jpg.1.png 0 (black : variance --> out of range (variance = 5.104 / upper = 0.000 / lower = 0.000))
[20181124_062227 / lib_ip.py:2273] inspecting ===> img.20181124_062226.2018-11-23_16-11-15_000.jpg.2.png
[20181124_062227 / lib_ip.py:4331] 
img.20181124_062226.2018-11-23_16-11-15_000.jpg.2.png 1 ---------------------
[20181124_062227 / lib_ip.py:3794] file = img.20181124_062226.2018-11-23_16-11-15_000.jpg.2.png / val_Average = 45.7898	val_Variance = 5157.1038	sd = 71.8130	max = 178	min = 0
[20181124_062227 / lib_ip.py:3877] len(Hs) = 8100, len(Ss) = 8100, len(Vs) = 8100
[20181124_062227 / lib_ip.py:3910] yellow : variance --> out of range (variance = 5157.104 / upper = 0.650 / lower = 0.000)
[20181124_062227 / lib_ip.py:3794] file = img.20181124_062226.2018-11-23_16-11-15_000.jpg.2.png / val_Average = 45.7898	val_Variance = 5157.1038	sd = 71.8130	max = 178	min = 0
[20181124_062227 / lib_ip.py:3977] len(Hs) = 8100, len(Ss) = 8100, len(Vs) = 8100
[20181124_062227 / lib_ip.py:4023] red : variance --> out of range (variance = 5157.104 / upper = 0.430 / lower = 0.000)
[20181124_062227 / lib_ip.py:3794] file = img.20181124_062226.2018-11-23_16-11-15_000.jpg.2.png / val_Average = 45.7898	val_Variance = 5157.1038	sd = 71.8130	max = 178	min = 0
[20181124_062227 / lib_ip.py:4090] len(Hs) = 8100, len(Ss) = 8100, len(Vs) = 8100
[20181124_062228 / lib_ip.py:4137] green : variance --> out of range (variance = 5157.104 / upper = 0.760 / lower = 0.000)
[20181124_062228 / lib_ip.py:3794] file = img.20181124_062226.2018-11-23_16-11-15_000.jpg.2.png / val_Average = 45.7898	val_Variance = 5157.1038	sd = 71.8130	max = 178	min = 0
[20181124_062228 / lib_ip.py:4204] len(Hs) = 8100, len(Ss) = 8100, len(Vs) = 8100
[20181124_062228 / lib_ip.py:4248] black : variance --> out of range (variance = 5157.104 / upper = 0.000 / lower = 0.000)
[20181124_062228 / lib_ip.py:4399] file : img.20181124_062226.2018-11-23_16-11-15_000.jpg.2.png 1 (black : variance --> out of range (variance = 5157.104 / upper = 0.000 / lower = 0.000))
[20181124_062228 / lib_ip.py:2273] inspecting ===> img.20181124_062226.2018-11-23_16-11-15_000.jpg.3.png
[20181124_062228 / lib_ip.py:4331] 
img.20181124_062226.2018-11-23_16-11-15_000.jpg.3.png 2 ---------------------
[20181124_062228 / lib_ip.py:3794] file = img.20181124_062226.2018-11-23_16-11-15_000.jpg.3.png / val_Average = 7.9222	val_Variance = 6.7473	sd = 2.5976	max = 12	min = 2
[20181124_062228 / lib_ip.py:3877] len(Hs) = 8100, len(Ss) = 8100, len(Vs) = 8100
[20181124_062228 / lib_ip.py:3910] yellow : variance --> out of range (variance = 6.747 / upper = 0.650 / lower = 0.000)
[20181124_062228 / lib_ip.py:3794] file = img.20181124_062226.2018-11-23_16-11-15_000.jpg.3.png / val_Average = 7.9222	val_Variance = 6.7473	sd = 2.5976	max = 12	min = 2
[20181124_062228 / lib_ip.py:3977] len(Hs) = 8100, len(Ss) = 8100, len(Vs) = 8100
[20181124_062228 / lib_ip.py:4023] red : variance --> out of range (variance = 6.747 / upper = 0.430 / lower = 0.000)
[20181124_062229 / lib_ip.py:3794] file = img.20181124_062226.2018-11-23_16-11-15_000.jpg.3.png / val_Average = 7.9222	val_Variance = 6.7473	sd = 2.5976	max = 12	min = 2
[20181124_062229 / lib_ip.py:4090] len(Hs) = 8100, len(Ss) = 8100, len(Vs) = 8100
[20181124_062229 / lib_ip.py:4137] green : variance --> out of range (variance = 6.747 / upper = 0.760 / lower = 0.000)
[20181124_062229 / lib_ip.py:3794] file = img.20181124_062226.2018-11-23_16-11-15_000.jpg.3.png / val_Average = 7.9222	val_Variance = 6.7473	sd = 2.5976	max = 12	min = 2
[20181124_062229 / lib_ip.py:4204] len(Hs) = 8100, len(Ss) = 8100, len(Vs) = 8100
[20181124_062229 / lib_ip.py:4248] black : variance --> out of range (variance = 6.747 / upper = 0.000 / lower = 0.000)
[20181124_062229 / lib_ip.py:4399] file : img.20181124_062226.2018-11-23_16-11-15_000.jpg.3.png 2 (black : variance --> out of range (variance = 6.747 / upper = 0.000 / lower = 0.000))
[20181124_062229 / lib_ip.py:2273] inspecting ===> img.20181124_062226.2018-11-23_16-11-15_000.jpg.4.png
[20181124_062229 / lib_ip.py:4331] 
img.20181124_062226.2018-11-23_16-11-15_000.jpg.4.png 3 ---------------------
[20181124_062229 / lib_ip.py:3794] file = img.20181124_062226.2018-11-23_16-11-15_000.jpg.4.png / val_Average = 10.3183	val_Variance = 0.3397	sd = 0.5828	max = 12	min = 9
[20181124_062229 / lib_ip.py:3877] len(Hs) = 8100, len(Ss) = 8100, len(Vs) = 8100
[20181124_062229 / lib_ip.py:3932] yellow : average --> out of range (average = 10.318 / upper = 99.200 / lower = 88.000)
[20181124_062229 / lib_ip.py:3794] file = img.20181124_062226.2018-11-23_16-11-15_000.jpg.4.png / val_Average = 10.3183	val_Variance = 0.3397	sd = 0.5828	max = 12	min = 9
[20181124_062229 / lib_ip.py:3977] len(Hs) = 8100, len(Ss) = 8100, len(Vs) = 8100
[20181124_062229 / lib_ip.py:4048] red : average --> out of range (average = 10.318 / upper = 124.000 / lower = 115.000)
[20181124_062229 / lib_ip.py:3794] file = img.20181124_062226.2018-11-23_16-11-15_000.jpg.4.png / val_Average = 10.3183	val_Variance = 0.3397	sd = 0.5828	max = 12	min = 9
[20181124_062229 / lib_ip.py:4090] len(Hs) = 8100, len(Ss) = 8100, len(Vs) = 8100
[20181124_062229 / lib_ip.py:4162] green : average --> out of range (average = 10.318 / upper = 83.000 / lower = 58.000)
[20181124_062229 / lib_ip.py:3794] file = img.20181124_062226.2018-11-23_16-11-15_000.jpg.4.png / val_Average = 10.3183	val_Variance = 0.3397	sd = 0.5828	max = 12	min = 9
[20181124_062229 / lib_ip.py:4204] len(Hs) = 8100, len(Ss) = 8100, len(Vs) = 8100
[20181124_062230 / lib_ip.py:4248] black : variance --> out of range (variance = 0.340 / upper = 0.000 / lower = 0.000)
[20181124_062230 / lib_ip.py:4399] file : img.20181124_062226.2018-11-23_16-11-15_000.jpg.4.png 3 (black : variance --> out of range (variance = 0.340 / upper = 0.000 / lower = 0.000))
[20181124_062229 / lib_ip.py:2273] inspecting ===> img.20181124_062226.2018-11-23_16-11-15_000.jpg.4.png
img.20181124_062226.2018-11-23_16-11-15_000.jpg.1.png => other
img.20181124_062226.2018-11-23_16-11-15_000.jpg.2.png => other
img.20181124_062226.2018-11-23_16-11-15_000.jpg.3.png => other
img.20181124_062226.2018-11-23_16-11-15_000.jpg.4.png => other
[20181124_062230 lib_ip.py:3300] =============== Get 4 corners
dpath_Images = C:\WORKS_2\WS\WS_Others.Art\JVEMV6\46_art\VIRTUAL\Admin_Projects\ip\images
fname_Image = img.20181124_062226.2018-11-23_16-11-15_000.jpg.4.png

[20181124_062230 / lib_ip.py:2273] inspecting ===> img.20181124_062230.2018-11-24_02-33-13_000.jpg.1.png
[20181124_062230 / lib_ip.py:4331] 
img.20181124_062230.2018-11-24_02-33-13_000.jpg.1.png 0 ---------------------
[20181124_062231 / lib_ip.py:3794] file = img.20181124_062230.2018-11-24_02-33-13_000.jpg.1.png / val_Average = 104.3869	val_Variance = 3.5614	sd = 1.8872	max = 111	min = 98
[20181124_062231 / lib_ip.py:3877] len(Hs) = 8100, len(Ss) = 8100, len(Vs) = 8100
[20181124_062231 / lib_ip.py:3910] yellow : variance --> out of range (variance = 3.561 / upper = 0.650 / lower = 0.000)
[20181124_062231 / lib_ip.py:3794] file = img.20181124_062230.2018-11-24_02-33-13_000.jpg.1.png / val_Average = 104.3869	val_Variance = 3.5614	sd = 1.8872	max = 111	min = 98
[20181124_062231 / lib_ip.py:3977] len(Hs) = 8100, len(Ss) = 8100, len(Vs) = 8100
[20181124_062231 / lib_ip.py:4023] red : variance --> out of range (variance = 3.561 / upper = 0.430 / lower = 0.000)
[20181124_062231 / lib_ip.py:3794] file = img.20181124_062230.2018-11-24_02-33-13_000.jpg.1.png / val_Average = 104.3869	val_Variance = 3.5614	sd = 1.8872	max = 111	min = 98
[20181124_062231 / lib_ip.py:4090] len(Hs) = 8100, len(Ss) = 8100, len(Vs) = 8100
[20181124_062231 / lib_ip.py:4137] green : variance --> out of range (variance = 3.561 / upper = 0.760 / lower = 0.000)
[20181124_062231 / lib_ip.py:3794] file = img.20181124_062230.2018-11-24_02-33-13_000.jpg.1.png / val_Average = 104.3869	val_Variance = 3.5614	sd = 1.8872	max = 111	min = 98
[20181124_062231 / lib_ip.py:4204] len(Hs) = 8100, len(Ss) = 8100, len(Vs) = 8100
[20181124_062231 / lib_ip.py:4248] black : variance --> out of range (variance = 3.561 / upper = 0.000 / lower = 0.000)
[20181124_062231 / lib_ip.py:4399] file : img.20181124_062230.2018-11-24_02-33-13_000.jpg.1.png 0 (black : variance --> out of range (variance = 3.561 / upper = 0.000 / lower = 0.000))
[20181124_062231 / lib_ip.py:2273] inspecting ===> img.20181124_062230.2018-11-24_02-33-13_000.jpg.2.png
[20181124_062231 / lib_ip.py:4331] 
img.20181124_062230.2018-11-24_02-33-13_000.jpg.2.png 1 ---------------------
[20181124_062231 / lib_ip.py:3794] file = img.20181124_062230.2018-11-24_02-33-13_000.jpg.2.png / val_Average = 58.8060	val_Variance = 122.2331	sd = 11.0559	max = 112	min = 10
[20181124_062231 / lib_ip.py:3877] len(Hs) = 8100, len(Ss) = 8100, len(Vs) = 8100
[20181124_062232 / lib_ip.py:3910] yellow : variance --> out of range (variance = 122.233 / upper = 0.650 / lower = 0.000)
[20181124_062232 / lib_ip.py:3794] file = img.20181124_062230.2018-11-24_02-33-13_000.jpg.2.png / val_Average = 58.8060	val_Variance = 122.2331	sd = 11.0559	max = 112	min = 10
[20181124_062232 / lib_ip.py:3977] len(Hs) = 8100, len(Ss) = 8100, len(Vs) = 8100
[20181124_062232 / lib_ip.py:4023] red : variance --> out of range (variance = 122.233 / upper = 0.430 / lower = 0.000)
[20181124_062232 / lib_ip.py:3794] file = img.20181124_062230.2018-11-24_02-33-13_000.jpg.2.png / val_Average = 58.8060	val_Variance = 122.2331	sd = 11.0559	max = 112	min = 10
[20181124_062232 / lib_ip.py:4090] len(Hs) = 8100, len(Ss) = 8100, len(Vs) = 8100
[20181124_062232 / lib_ip.py:4137] green : variance --> out of range (variance = 122.233 / upper = 0.760 / lower = 0.000)
[20181124_062232 / lib_ip.py:3794] file = img.20181124_062230.2018-11-24_02-33-13_000.jpg.2.png / val_Average = 58.8060	val_Variance = 122.2331	sd = 11.0559	max = 112	min = 10
[20181124_062232 / lib_ip.py:4204] len(Hs) = 8100, len(Ss) = 8100, len(Vs) = 8100
[20181124_062232 / lib_ip.py:4248] black : variance --> out of range (variance = 122.233 / upper = 0.000 / lower = 0.000)
[20181124_062232 / lib_ip.py:4399] file : img.20181124_062230.2018-11-24_02-33-13_000.jpg.2.png 1 (black : variance --> out of range (variance = 122.233 / upper = 0.000 / lower = 0.000))
[20181124_062232 / lib_ip.py:2273] inspecting ===> img.20181124_062230.2018-11-24_02-33-13_000.jpg.3.png
[20181124_062232 / lib_ip.py:4331] 
img.20181124_062230.2018-11-24_02-33-13_000.jpg.3.png 2 ---------------------
[20181124_062232 / lib_ip.py:3794] file = img.20181124_062230.2018-11-24_02-33-13_000.jpg.3.png / val_Average = 66.1204	val_Variance = 1844.6639	sd = 42.9496	max = 135	min = 0
[20181124_062232 / lib_ip.py:3877] len(Hs) = 8100, len(Ss) = 8100, len(Vs) = 8100
[20181124_062232 / lib_ip.py:3910] yellow : variance --> out of range (variance = 1844.664 / upper = 0.650 / lower = 0.000)
[20181124_062233 / lib_ip.py:3794] file = img.20181124_062230.2018-11-24_02-33-13_000.jpg.3.png / val_Average = 66.1204	val_Variance = 1844.6639	sd = 42.9496	max = 135	min = 0
[20181124_062233 / lib_ip.py:3977] len(Hs) = 8100, len(Ss) = 8100, len(Vs) = 8100
[20181124_062233 / lib_ip.py:4023] red : variance --> out of range (variance = 1844.664 / upper = 0.430 / lower = 0.000)
[20181124_062233 / lib_ip.py:3794] file = img.20181124_062230.2018-11-24_02-33-13_000.jpg.3.png / val_Average = 66.1204	val_Variance = 1844.6639	sd = 42.9496	max = 135	min = 0
[20181124_062233 / lib_ip.py:4090] len(Hs) = 8100, len(Ss) = 8100, len(Vs) = 8100
[20181124_062233 / lib_ip.py:4137] green : variance --> out of range (variance = 1844.664 / upper = 0.760 / lower = 0.000)
[20181124_062233 / lib_ip.py:3794] file = img.20181124_062230.2018-11-24_02-33-13_000.jpg.3.png / val_Average = 66.1204	val_Variance = 1844.6639	sd = 42.9496	max = 135	min = 0
[20181124_062233 / lib_ip.py:4204] len(Hs) = 8100, len(Ss) = 8100, len(Vs) = 8100
[20181124_062233 / lib_ip.py:4248] black : variance --> out of range (variance = 1844.664 / upper = 0.000 / lower = 0.000)
[20181124_062233 / lib_ip.py:4399] file : img.20181124_062230.2018-11-24_02-33-13_000.jpg.3.png 2 (black : variance --> out of range (variance = 1844.664 / upper = 0.000 / lower = 0.000))
[20181124_062233 / lib_ip.py:2273] inspecting ===> img.20181124_062230.2018-11-24_02-33-13_000.jpg.4.png
[20181124_062233 / lib_ip.py:4331] 
img.20181124_062230.2018-11-24_02-33-13_000.jpg.4.png 3 ---------------------
[20181124_062233 / lib_ip.py:3794] file = img.20181124_062230.2018-11-24_02-33-13_000.jpg.4.png / val_Average = 85.4391	val_Variance = 290.1772	sd = 17.0346	max = 135	min = 0
[20181124_062233 / lib_ip.py:3877] len(Hs) = 8100, len(Ss) = 8100, len(Vs) = 8100
[20181124_062233 / lib_ip.py:3910] yellow : variance --> out of range (variance = 290.177 / upper = 0.650 / lower = 0.000)
[20181124_062233 / lib_ip.py:3794] file = img.20181124_062230.2018-11-24_02-33-13_000.jpg.4.png / val_Average = 85.4391	val_Variance = 290.1772	sd = 17.0346	max = 135	min = 0
[20181124_062234 / lib_ip.py:3977] len(Hs) = 8100, len(Ss) = 8100, len(Vs) = 8100
[20181124_062234 / lib_ip.py:4023] red : variance --> out of range (variance = 290.177 / upper = 0.430 / lower = 0.000)
[20181124_062234 / lib_ip.py:3794] file = img.20181124_062230.2018-11-24_02-33-13_000.jpg.4.png / val_Average = 85.4391	val_Variance = 290.1772	sd = 17.0346	max = 135	min = 0
[20181124_062234 / lib_ip.py:4090] len(Hs) = 8100, len(Ss) = 8100, len(Vs) = 8100
[20181124_062234 / lib_ip.py:4137] green : variance --> out of range (variance = 290.177 / upper = 0.760 / lower = 0.000)
[20181124_062234 / lib_ip.py:3794] file = img.20181124_062230.2018-11-24_02-33-13_000.jpg.4.png / val_Average = 85.4391	val_Variance = 290.1772	sd = 17.0346	max = 135	min = 0
[20181124_062234 / lib_ip.py:4204] len(Hs) = 8100, len(Ss) = 8100, len(Vs) = 8100
[20181124_062234 / lib_ip.py:4248] black : variance --> out of range (variance = 290.177 / upper = 0.000 / lower = 0.000)
[20181124_062234 / lib_ip.py:4399] file : img.20181124_062230.2018-11-24_02-33-13_000.jpg.4.png 3 (black : variance --> out of range (variance = 290.177 / upper = 0.000 / lower = 0.000))
[20181124_062233 / lib_ip.py:2273] inspecting ===> img.20181124_062230.2018-11-24_02-33-13_000.jpg.4.png
img.20181124_062230.2018-11-24_02-33-13_000.jpg.1.png => other
img.20181124_062230.2018-11-24_02-33-13_000.jpg.2.png => other
img.20181124_062230.2018-11-24_02-33-13_000.jpg.3.png => other
img.20181124_062230.2018-11-24_02-33-13_000.jpg.4.png => other
[20181124_062234 lib_ip.py:3300] =============== Get 4 corners
dpath_Images = C:\WORKS_2\WS\WS_Others.Art\JVEMV6\46_art\VIRTUAL\Admin_Projects\ip\images
fname_Image = img.20181124_062230.2018-11-24_02-33-13_000.jpg.4.png

[20181124_062234 / lib_ip.py:2273] inspecting ===> img.20181124_062234.2018-11-24_06-16-17_000.jpg.1.png
[20181124_062235 / lib_ip.py:4331] 
img.20181124_062234.2018-11-24_06-16-17_000.jpg.1.png 0 ---------------------
[20181124_062235 / lib_ip.py:3794] file = img.20181124_062234.2018-11-24_06-16-17_000.jpg.1.png / val_Average = 122.3094	val_Variance = 21.4048	sd = 4.6265	max = 140	min = 109
[20181124_062235 / lib_ip.py:3877] len(Hs) = 8100, len(Ss) = 8100, len(Vs) = 8100
[20181124_062235 / lib_ip.py:3910] yellow : variance --> out of range (variance = 21.405 / upper = 0.650 / lower = 0.000)
[20181124_062236 / lib_ip.py:3794] file = img.20181124_062234.2018-11-24_06-16-17_000.jpg.1.png / val_Average = 122.3094	val_Variance = 21.4048	sd = 4.6265	max = 140	min = 109
[20181124_062236 / lib_ip.py:3977] len(Hs) = 8100, len(Ss) = 8100, len(Vs) = 8100
[20181124_062236 / lib_ip.py:4023] red : variance --> out of range (variance = 21.405 / upper = 0.430 / lower = 0.000)
[20181124_062236 / lib_ip.py:3794] file = img.20181124_062234.2018-11-24_06-16-17_000.jpg.1.png / val_Average = 122.3094	val_Variance = 21.4048	sd = 4.6265	max = 140	min = 109
[20181124_062236 / lib_ip.py:4090] len(Hs) = 8100, len(Ss) = 8100, len(Vs) = 8100
[20181124_062236 / lib_ip.py:4137] green : variance --> out of range (variance = 21.405 / upper = 0.760 / lower = 0.000)
[20181124_062237 / lib_ip.py:3794] file = img.20181124_062234.2018-11-24_06-16-17_000.jpg.1.png / val_Average = 122.3094	val_Variance = 21.4048	sd = 4.6265	max = 140	min = 109
[20181124_062237 / lib_ip.py:4204] len(Hs) = 8100, len(Ss) = 8100, len(Vs) = 8100
[20181124_062237 / lib_ip.py:4248] black : variance --> out of range (variance = 21.405 / upper = 0.000 / lower = 0.000)
[20181124_062237 / lib_ip.py:4399] file : img.20181124_062234.2018-11-24_06-16-17_000.jpg.1.png 0 (black : variance --> out of range (variance = 21.405 / upper = 0.000 / lower = 0.000))
[20181124_062237 / lib_ip.py:2273] inspecting ===> img.20181124_062234.2018-11-24_06-16-17_000.jpg.2.png
[20181124_062237 / lib_ip.py:4331] 
img.20181124_062234.2018-11-24_06-16-17_000.jpg.2.png 1 ---------------------
[20181124_062237 / lib_ip.py:3794] file = img.20181124_062234.2018-11-24_06-16-17_000.jpg.2.png / val_Average = 27.2121	val_Variance = 2292.0661	sd = 47.8755	max = 174	min = 0
[20181124_062237 / lib_ip.py:3877] len(Hs) = 8100, len(Ss) = 8100, len(Vs) = 8100
[20181124_062237 / lib_ip.py:3910] yellow : variance --> out of range (variance = 2292.066 / upper = 0.650 / lower = 0.000)
[20181124_062237 / lib_ip.py:3794] file = img.20181124_062234.2018-11-24_06-16-17_000.jpg.2.png / val_Average = 27.2121	val_Variance = 2292.0661	sd = 47.8755	max = 174	min = 0
[20181124_062237 / lib_ip.py:3977] len(Hs) = 8100, len(Ss) = 8100, len(Vs) = 8100
[20181124_062237 / lib_ip.py:4023] red : variance --> out of range (variance = 2292.066 / upper = 0.430 / lower = 0.000)
[20181124_062237 / lib_ip.py:3794] file = img.20181124_062234.2018-11-24_06-16-17_000.jpg.2.png / val_Average = 27.2121	val_Variance = 2292.0661	sd = 47.8755	max = 174	min = 0
[20181124_062237 / lib_ip.py:4090] len(Hs) = 8100, len(Ss) = 8100, len(Vs) = 8100
[20181124_062237 / lib_ip.py:4137] green : variance --> out of range (variance = 2292.066 / upper = 0.760 / lower = 0.000)
[20181124_062237 / lib_ip.py:3794] file = img.20181124_062234.2018-11-24_06-16-17_000.jpg.2.png / val_Average = 27.2121	val_Variance = 2292.0661	sd = 47.8755	max = 174	min = 0
[20181124_062237 / lib_ip.py:4204] len(Hs) = 8100, len(Ss) = 8100, len(Vs) = 8100
[20181124_062237 / lib_ip.py:4248] black : variance --> out of range (variance = 2292.066 / upper = 0.000 / lower = 0.000)
[20181124_062238 / lib_ip.py:4399] file : img.20181124_062234.2018-11-24_06-16-17_000.jpg.2.png 1 (black : variance --> out of range (variance = 2292.066 / upper = 0.000 / lower = 0.000))
[20181124_062238 / lib_ip.py:2273] inspecting ===> img.20181124_062234.2018-11-24_06-16-17_000.jpg.3.png
[20181124_062238 / lib_ip.py:4331] 
img.20181124_062234.2018-11-24_06-16-17_000.jpg.3.png 2 ---------------------
[20181124_062238 / lib_ip.py:3794] file = img.20181124_062234.2018-11-24_06-16-17_000.jpg.3.png / val_Average = 75.1777	val_Variance = 0.3439	sd = 0.5864	max = 77	min = 74
[20181124_062238 / lib_ip.py:3877] len(Hs) = 8100, len(Ss) = 8100, len(Vs) = 8100
[20181124_062238 / lib_ip.py:3932] yellow : average --> out of range (average = 75.178 / upper = 99.200 / lower = 88.000)
[20181124_062238 / lib_ip.py:3794] file = img.20181124_062234.2018-11-24_06-16-17_000.jpg.3.png / val_Average = 75.1777	val_Variance = 0.3439	sd = 0.5864	max = 77	min = 74
[20181124_062238 / lib_ip.py:3977] len(Hs) = 8100, len(Ss) = 8100, len(Vs) = 8100
[20181124_062238 / lib_ip.py:4048] red : average --> out of range (average = 75.178 / upper = 124.000 / lower = 115.000)
[20181124_062238 / lib_ip.py:3794] file = img.20181124_062234.2018-11-24_06-16-17_000.jpg.3.png / val_Average = 75.1777	val_Variance = 0.3439	sd = 0.5864	max = 77	min = 74
[20181124_062238 / lib_ip.py:4090] len(Hs) = 8100, len(Ss) = 8100, len(Vs) = 8100
[20181124_062238 / lib_ip.py:2273] inspecting ===> img.20181124_062234.2018-11-24_06-16-17_000.jpg.4.png
[20181124_062239 / lib_ip.py:4331] 
img.20181124_062234.2018-11-24_06-16-17_000.jpg.4.png 3 ---------------------
[20181124_062239 / lib_ip.py:3794] file = img.20181124_062234.2018-11-24_06-16-17_000.jpg.4.png / val_Average = 75.3235	val_Variance = 0.4028	sd = 0.6347	max = 76	min = 74
[20181124_062239 / lib_ip.py:3877] len(Hs) = 8100, len(Ss) = 8100, len(Vs) = 8100
[20181124_062239 / lib_ip.py:3932] yellow : average --> out of range (average = 75.323 / upper = 99.200 / lower = 88.000)
[20181124_062239 / lib_ip.py:3794] file = img.20181124_062234.2018-11-24_06-16-17_000.jpg.4.png / val_Average = 75.3235	val_Variance = 0.4028	sd = 0.6347	max = 76	min = 74
[20181124_062239 / lib_ip.py:3977] len(Hs) = 8100, len(Ss) = 8100, len(Vs) = 8100
[20181124_062239 / lib_ip.py:4048] red : average --> out of range (average = 75.323 / upper = 124.000 / lower = 115.000)
[20181124_062239 / lib_ip.py:3794] file = img.20181124_062234.2018-11-24_06-16-17_000.jpg.4.png / val_Average = 75.3235	val_Variance = 0.4028	sd = 0.6347	max = 76	min = 74
[20181124_062239 / lib_ip.py:4090] len(Hs) = 8100, len(Ss) = 8100, len(Vs) = 8100
[20181124_062238 / lib_ip.py:2273] inspecting ===> img.20181124_062234.2018-11-24_06-16-17_000.jpg.4.png
img.20181124_062234.2018-11-24_06-16-17_000.jpg.1.png => other
img.20181124_062234.2018-11-24_06-16-17_000.jpg.2.png => other
img.20181124_062234.2018-11-24_06-16-17_000.jpg.3.png => other
img.20181124_062234.2018-11-24_06-16-17_000.jpg.4.png => other
[20181124_062239 lib_ip.py:3300] =============== Get 4 corners
dpath_Images = C:\WORKS_2\WS\WS_Others.Art\JVEMV6\46_art\VIRTUAL\Admin_Projects\ip\images
fname_Image = img.20181124_062234.2018-11-24_06-16-17_000.jpg.4.png

[20181124_062239 / views.py:1411] gen csv => complete (20181124_062239)(elapsed = 47.540 sec / 11 files / 4.322 sec per file)
1)	2018-11-23_10-06-54_000.jpg => 	other other yellow other 
2)	2018-11-23_14-09-32_000.jpg => 	green green other other 
3)	2018-11-23_14-52-10_000.jpg => 	other other green red 
4)	2018-11-23_15-45-53_000.jpg => 	other other green red 
5)	2018-11-23_15-46-10_000.jpg => 	green other red other 
6)	2018-11-23_16-11-12_000.jpg => 	other other other other 
7)	2018-11-23_16-11-13_000.jpg => 	other other other other 
8)	2018-11-23_16-11-14_000.jpg => 	other other other other 
9)	2018-11-23_16-11-15_000.jpg => 	other other other other 
10)	2018-11-24_02-33-13_000.jpg => 	other other other other 
11)	2018-11-24_06-16-17_000.jpg => 	other other green green 
[20181124_062239 / views.py:1797] lo_ColorName_Set__Modified_2 =>
1)	2018-11-23_10-06-54_000.jpg => 	o o o y 
2)	2018-11-23_14-09-32_000.jpg => 	g g o o 
3)	2018-11-23_14-52-10_000.jpg => 	g o o r 
4)	2018-11-23_15-45-53_000.jpg => 	g o o r 
5)	2018-11-23_15-46-10_000.jpg => 	g o o r 
6)	2018-11-23_16-11-12_000.jpg => 	o o o o 
7)	2018-11-23_16-11-13_000.jpg => 	o o o o 
8)	2018-11-23_16-11-14_000.jpg => 	o o o o 
9)	2018-11-23_16-11-15_000.jpg => 	o o o o 
10)	2018-11-24_02-33-13_000.jpg => 	o o o o 
11)	2018-11-24_06-16-17_000.jpg => 	g g o o 
[20181124_062242 / views.py:1908] gen_Cake_CSV(request) ==> ending... =======================//

