[20180924_074556 / views.py:1495] gen_Cake_CSV(request) ==> starting... =======================
[20180924_074558 / lib_ip.py:2273] inspecting ===> img.20180924_074558.2018-09-23_07-33-43_000.jpg.1.png
[20180924_074558 / lib_ip.py:4330] 
img.20180924_074558.2018-09-23_07-33-43_000.jpg.1.png 0
[20180924_074558 / lib_ip.py:3794] file = img.20180924_074558.2018-09-23_07-33-43_000.jpg.1.png / val_Average = 20.9890	val_Variance = 2893.5220	sd = 53.7915	max = 179	min = 0
[20180924_074558 / lib_ip.py:3877] len(Hs) = 8100, len(Ss) = 8100, len(Vs) = 8100
[20180924_074559 / lib_ip.py:3910] yellow : variance --> out of range (variance = 2893.522 / upper = 0.650 / lower = 0.000)
[20180924_074559 / lib_ip.py:3794] file = img.20180924_074558.2018-09-23_07-33-43_000.jpg.1.png / val_Average = 20.9890	val_Variance = 2893.5220	sd = 53.7915	max = 179	min = 0
[20180924_074559 / lib_ip.py:3977] len(Hs) = 8100, len(Ss) = 8100, len(Vs) = 8100
[20180924_074559 / lib_ip.py:4023] red : variance --> out of range (variance = 2893.522 / upper = 0.430 / lower = 0.000)
[20180924_074559 / lib_ip.py:3794] file = img.20180924_074558.2018-09-23_07-33-43_000.jpg.1.png / val_Average = 20.9890	val_Variance = 2893.5220	sd = 53.7915	max = 179	min = 0
[20180924_074559 / lib_ip.py:4090] len(Hs) = 8100, len(Ss) = 8100, len(Vs) = 8100
[20180924_074559 / lib_ip.py:4137] green : variance --> out of range (variance = 2893.522 / upper = 0.750 / lower = 0.000)
[20180924_074559 / lib_ip.py:3794] file = img.20180924_074558.2018-09-23_07-33-43_000.jpg.1.png / val_Average = 20.9890	val_Variance = 2893.5220	sd = 53.7915	max = 179	min = 0
[20180924_074559 / lib_ip.py:4204] len(Hs) = 8100, len(Ss) = 8100, len(Vs) = 8100
[20180924_074559 / lib_ip.py:4248] black : variance --> out of range (variance = 2893.522 / upper = 0.000 / lower = 0.000)
[20180924_074559 / lib_ip.py:4398] file : img.20180924_074558.2018-09-23_07-33-43_000.jpg.1.png 0 (black : variance --> out of range (variance = 2893.522 / upper = 0.000 / lower = 0.000))
[20180924_074559 / lib_ip.py:2273] inspecting ===> img.20180924_074558.2018-09-23_07-33-43_000.jpg.2.png
[20180924_074600 / lib_ip.py:4330] 
img.20180924_074558.2018-09-23_07-33-43_000.jpg.2.png 1
[20180924_074600 / lib_ip.py:3794] file = img.20180924_074558.2018-09-23_07-33-43_000.jpg.2.png / val_Average = 75.2746	val_Variance = 0.1992	sd = 0.4463	max = 76	min = 75
[20180924_074600 / lib_ip.py:3877] len(Hs) = 8100, len(Ss) = 8100, len(Vs) = 8100
[20180924_074600 / lib_ip.py:3932] yellow : average --> out of range (average = 75.275 / upper = 99.200 / lower = 88.000)
[20180924_074600 / lib_ip.py:3794] file = img.20180924_074558.2018-09-23_07-33-43_000.jpg.2.png / val_Average = 75.2746	val_Variance = 0.1992	sd = 0.4463	max = 76	min = 75
[20180924_074600 / lib_ip.py:3977] len(Hs) = 8100, len(Ss) = 8100, len(Vs) = 8100
[20180924_074600 / lib_ip.py:4048] red : average --> out of range (average = 75.275 / upper = 124.000 / lower = 115.000)
[20180924_074600 / lib_ip.py:3794] file = img.20180924_074558.2018-09-23_07-33-43_000.jpg.2.png / val_Average = 75.2746	val_Variance = 0.1992	sd = 0.4463	max = 76	min = 75
[20180924_074600 / lib_ip.py:4090] len(Hs) = 8100, len(Ss) = 8100, len(Vs) = 8100
[20180924_074600 / lib_ip.py:2273] inspecting ===> img.20180924_074558.2018-09-23_07-33-43_000.jpg.3.png
[20180924_074600 / lib_ip.py:4330] 
img.20180924_074558.2018-09-23_07-33-43_000.jpg.3.png 2
[20180924_074601 / lib_ip.py:3794] file = img.20180924_074558.2018-09-23_07-33-43_000.jpg.3.png / val_Average = 70.6798	val_Variance = 1861.1207	sd = 43.1407	max = 160	min = 0
[20180924_074601 / lib_ip.py:3877] len(Hs) = 8100, len(Ss) = 8100, len(Vs) = 8100
[20180924_074601 / lib_ip.py:3910] yellow : variance --> out of range (variance = 1861.121 / upper = 0.650 / lower = 0.000)
[20180924_074601 / lib_ip.py:3794] file = img.20180924_074558.2018-09-23_07-33-43_000.jpg.3.png / val_Average = 70.6798	val_Variance = 1861.1207	sd = 43.1407	max = 160	min = 0
[20180924_074601 / lib_ip.py:3977] len(Hs) = 8100, len(Ss) = 8100, len(Vs) = 8100
[20180924_074601 / lib_ip.py:4023] red : variance --> out of range (variance = 1861.121 / upper = 0.430 / lower = 0.000)
[20180924_074601 / lib_ip.py:3794] file = img.20180924_074558.2018-09-23_07-33-43_000.jpg.3.png / val_Average = 70.6798	val_Variance = 1861.1207	sd = 43.1407	max = 160	min = 0
[20180924_074601 / lib_ip.py:4090] len(Hs) = 8100, len(Ss) = 8100, len(Vs) = 8100
[20180924_074601 / lib_ip.py:4137] green : variance --> out of range (variance = 1861.121 / upper = 0.750 / lower = 0.000)
[20180924_074601 / lib_ip.py:3794] file = img.20180924_074558.2018-09-23_07-33-43_000.jpg.3.png / val_Average = 70.6798	val_Variance = 1861.1207	sd = 43.1407	max = 160	min = 0
[20180924_074601 / lib_ip.py:4204] len(Hs) = 8100, len(Ss) = 8100, len(Vs) = 8100
[20180924_074601 / lib_ip.py:4248] black : variance --> out of range (variance = 1861.121 / upper = 0.000 / lower = 0.000)
[20180924_074601 / lib_ip.py:4398] file : img.20180924_074558.2018-09-23_07-33-43_000.jpg.3.png 2 (black : variance --> out of range (variance = 1861.121 / upper = 0.000 / lower = 0.000))
[20180924_074601 / lib_ip.py:2273] inspecting ===> img.20180924_074558.2018-09-23_07-33-43_000.jpg.4.png
[20180924_074602 / lib_ip.py:4330] 
img.20180924_074558.2018-09-23_07-33-43_000.jpg.4.png 3
[20180924_074602 / lib_ip.py:3794] file = img.20180924_074558.2018-09-23_07-33-43_000.jpg.4.png / val_Average = 74.5865	val_Variance = 0.2460	sd = 0.4960	max = 76	min = 74
[20180924_074602 / lib_ip.py:3877] len(Hs) = 8100, len(Ss) = 8100, len(Vs) = 8100
[20180924_074602 / lib_ip.py:3932] yellow : average --> out of range (average = 74.587 / upper = 99.200 / lower = 88.000)
[20180924_074602 / lib_ip.py:3794] file = img.20180924_074558.2018-09-23_07-33-43_000.jpg.4.png / val_Average = 74.5865	val_Variance = 0.2460	sd = 0.4960	max = 76	min = 74
[20180924_074602 / lib_ip.py:3977] len(Hs) = 8100, len(Ss) = 8100, len(Vs) = 8100
[20180924_074602 / lib_ip.py:4048] red : average --> out of range (average = 74.587 / upper = 124.000 / lower = 115.000)
[20180924_074602 / lib_ip.py:3794] file = img.20180924_074558.2018-09-23_07-33-43_000.jpg.4.png / val_Average = 74.5865	val_Variance = 0.2460	sd = 0.4960	max = 76	min = 74
[20180924_074602 / lib_ip.py:4090] len(Hs) = 8100, len(Ss) = 8100, len(Vs) = 8100
[20180924_074601 / lib_ip.py:2273] inspecting ===> img.20180924_074558.2018-09-23_07-33-43_000.jpg.4.png
img.20180924_074558.2018-09-23_07-33-43_000.jpg.1.png => other
img.20180924_074558.2018-09-23_07-33-43_000.jpg.2.png => other
img.20180924_074558.2018-09-23_07-33-43_000.jpg.3.png => other
img.20180924_074558.2018-09-23_07-33-43_000.jpg.4.png => other
[20180924_074602 lib_ip.py:3300] =============== Get 4 corners
dpath_Images = C:\WORKS_2\WS\WS_Others.Art\JVEMV6\46_art\VIRTUAL\Admin_Projects\ip\images
fname_Image = img.20180924_074558.2018-09-23_07-33-43_000.jpg.4.png

[20180924_074603 / lib_ip.py:2273] inspecting ===> img.20180924_074603.2018-09-23_13-57-22_000.jpg.1.png
[20180924_074603 / lib_ip.py:4330] 
img.20180924_074603.2018-09-23_13-57-22_000.jpg.1.png 0
[20180924_074603 / lib_ip.py:3794] file = img.20180924_074603.2018-09-23_13-57-22_000.jpg.1.png / val_Average = 100.9536	val_Variance = 60.4754	sd = 7.7766	max = 120	min = 70
[20180924_074603 / lib_ip.py:3877] len(Hs) = 8100, len(Ss) = 8100, len(Vs) = 8100
[20180924_074603 / lib_ip.py:3910] yellow : variance --> out of range (variance = 60.475 / upper = 0.650 / lower = 0.000)
[20180924_074603 / lib_ip.py:3794] file = img.20180924_074603.2018-09-23_13-57-22_000.jpg.1.png / val_Average = 100.9536	val_Variance = 60.4754	sd = 7.7766	max = 120	min = 70
[20180924_074603 / lib_ip.py:3977] len(Hs) = 8100, len(Ss) = 8100, len(Vs) = 8100
[20180924_074603 / lib_ip.py:4023] red : variance --> out of range (variance = 60.475 / upper = 0.430 / lower = 0.000)
[20180924_074603 / lib_ip.py:3794] file = img.20180924_074603.2018-09-23_13-57-22_000.jpg.1.png / val_Average = 100.9536	val_Variance = 60.4754	sd = 7.7766	max = 120	min = 70
[20180924_074603 / lib_ip.py:4090] len(Hs) = 8100, len(Ss) = 8100, len(Vs) = 8100
[20180924_074604 / lib_ip.py:4137] green : variance --> out of range (variance = 60.475 / upper = 0.750 / lower = 0.000)
[20180924_074604 / lib_ip.py:3794] file = img.20180924_074603.2018-09-23_13-57-22_000.jpg.1.png / val_Average = 100.9536	val_Variance = 60.4754	sd = 7.7766	max = 120	min = 70
[20180924_074604 / lib_ip.py:4204] len(Hs) = 8100, len(Ss) = 8100, len(Vs) = 8100
[20180924_074604 / lib_ip.py:4248] black : variance --> out of range (variance = 60.475 / upper = 0.000 / lower = 0.000)
[20180924_074604 / lib_ip.py:4398] file : img.20180924_074603.2018-09-23_13-57-22_000.jpg.1.png 0 (black : variance --> out of range (variance = 60.475 / upper = 0.000 / lower = 0.000))
[20180924_074604 / lib_ip.py:2273] inspecting ===> img.20180924_074603.2018-09-23_13-57-22_000.jpg.2.png
[20180924_074604 / lib_ip.py:4330] 
img.20180924_074603.2018-09-23_13-57-22_000.jpg.2.png 1
[20180924_074604 / lib_ip.py:3794] file = img.20180924_074603.2018-09-23_13-57-22_000.jpg.2.png / val_Average = 99.3149	val_Variance = 2.1229	sd = 1.4570	max = 104	min = 93
[20180924_074604 / lib_ip.py:3877] len(Hs) = 8100, len(Ss) = 8100, len(Vs) = 8100
[20180924_074604 / lib_ip.py:3910] yellow : variance --> out of range (variance = 2.123 / upper = 0.650 / lower = 0.000)
[20180924_074604 / lib_ip.py:3794] file = img.20180924_074603.2018-09-23_13-57-22_000.jpg.2.png / val_Average = 99.3149	val_Variance = 2.1229	sd = 1.4570	max = 104	min = 93
[20180924_074604 / lib_ip.py:3977] len(Hs) = 8100, len(Ss) = 8100, len(Vs) = 8100
[20180924_074605 / lib_ip.py:4023] red : variance --> out of range (variance = 2.123 / upper = 0.430 / lower = 0.000)
[20180924_074605 / lib_ip.py:3794] file = img.20180924_074603.2018-09-23_13-57-22_000.jpg.2.png / val_Average = 99.3149	val_Variance = 2.1229	sd = 1.4570	max = 104	min = 93
[20180924_074605 / lib_ip.py:4090] len(Hs) = 8100, len(Ss) = 8100, len(Vs) = 8100
[20180924_074605 / lib_ip.py:4137] green : variance --> out of range (variance = 2.123 / upper = 0.750 / lower = 0.000)
[20180924_074605 / lib_ip.py:3794] file = img.20180924_074603.2018-09-23_13-57-22_000.jpg.2.png / val_Average = 99.3149	val_Variance = 2.1229	sd = 1.4570	max = 104	min = 93
[20180924_074605 / lib_ip.py:4204] len(Hs) = 8100, len(Ss) = 8100, len(Vs) = 8100
[20180924_074605 / lib_ip.py:4248] black : variance --> out of range (variance = 2.123 / upper = 0.000 / lower = 0.000)
[20180924_074605 / lib_ip.py:4398] file : img.20180924_074603.2018-09-23_13-57-22_000.jpg.2.png 1 (black : variance --> out of range (variance = 2.123 / upper = 0.000 / lower = 0.000))
[20180924_074605 / lib_ip.py:2273] inspecting ===> img.20180924_074603.2018-09-23_13-57-22_000.jpg.3.png
[20180924_074605 / lib_ip.py:4330] 
img.20180924_074603.2018-09-23_13-57-22_000.jpg.3.png 2
[20180924_074605 / lib_ip.py:3794] file = img.20180924_074603.2018-09-23_13-57-22_000.jpg.3.png / val_Average = 97.0431	val_Variance = 5.3128	sd = 2.3050	max = 106	min = 90
[20180924_074605 / lib_ip.py:3877] len(Hs) = 8100, len(Ss) = 8100, len(Vs) = 8100
[20180924_074605 / lib_ip.py:3910] yellow : variance --> out of range (variance = 5.313 / upper = 0.650 / lower = 0.000)
[20180924_074605 / lib_ip.py:3794] file = img.20180924_074603.2018-09-23_13-57-22_000.jpg.3.png / val_Average = 97.0431	val_Variance = 5.3128	sd = 2.3050	max = 106	min = 90
[20180924_074606 / lib_ip.py:3977] len(Hs) = 8100, len(Ss) = 8100, len(Vs) = 8100
[20180924_074606 / lib_ip.py:4023] red : variance --> out of range (variance = 5.313 / upper = 0.430 / lower = 0.000)
[20180924_074606 / lib_ip.py:3794] file = img.20180924_074603.2018-09-23_13-57-22_000.jpg.3.png / val_Average = 97.0431	val_Variance = 5.3128	sd = 2.3050	max = 106	min = 90
[20180924_074606 / lib_ip.py:4090] len(Hs) = 8100, len(Ss) = 8100, len(Vs) = 8100
[20180924_074606 / lib_ip.py:4137] green : variance --> out of range (variance = 5.313 / upper = 0.750 / lower = 0.000)
[20180924_074606 / lib_ip.py:3794] file = img.20180924_074603.2018-09-23_13-57-22_000.jpg.3.png / val_Average = 97.0431	val_Variance = 5.3128	sd = 2.3050	max = 106	min = 90
[20180924_074606 / lib_ip.py:4204] len(Hs) = 8100, len(Ss) = 8100, len(Vs) = 8100
[20180924_074606 / lib_ip.py:4248] black : variance --> out of range (variance = 5.313 / upper = 0.000 / lower = 0.000)
[20180924_074606 / lib_ip.py:4398] file : img.20180924_074603.2018-09-23_13-57-22_000.jpg.3.png 2 (black : variance --> out of range (variance = 5.313 / upper = 0.000 / lower = 0.000))
[20180924_074606 / lib_ip.py:2273] inspecting ===> img.20180924_074603.2018-09-23_13-57-22_000.jpg.4.png
[20180924_074606 / lib_ip.py:4330] 
img.20180924_074603.2018-09-23_13-57-22_000.jpg.4.png 3
[20180924_074606 / lib_ip.py:3794] file = img.20180924_074603.2018-09-23_13-57-22_000.jpg.4.png / val_Average = 118.2116	val_Variance = 0.2829	sd = 0.5319	max = 119	min = 117
[20180924_074606 / lib_ip.py:3877] len(Hs) = 8100, len(Ss) = 8100, len(Vs) = 8100
[20180924_074606 / lib_ip.py:3932] yellow : average --> out of range (average = 118.212 / upper = 99.200 / lower = 88.000)
[20180924_074607 / lib_ip.py:3794] file = img.20180924_074603.2018-09-23_13-57-22_000.jpg.4.png / val_Average = 118.2116	val_Variance = 0.2829	sd = 0.5319	max = 119	min = 117
[20180924_074607 / lib_ip.py:3977] len(Hs) = 8100, len(Ss) = 8100, len(Vs) = 8100
[20180924_074606 / lib_ip.py:2273] inspecting ===> img.20180924_074603.2018-09-23_13-57-22_000.jpg.4.png
img.20180924_074603.2018-09-23_13-57-22_000.jpg.1.png => other
img.20180924_074603.2018-09-23_13-57-22_000.jpg.2.png => other
img.20180924_074603.2018-09-23_13-57-22_000.jpg.3.png => other
img.20180924_074603.2018-09-23_13-57-22_000.jpg.4.png => other
[20180924_074607 lib_ip.py:3300] =============== Get 4 corners
dpath_Images = C:\WORKS_2\WS\WS_Others.Art\JVEMV6\46_art\VIRTUAL\Admin_Projects\ip\images
fname_Image = img.20180924_074603.2018-09-23_13-57-22_000.jpg.4.png

[20180924_074607 / lib_ip.py:2273] inspecting ===> img.20180924_074607.2018-09-23_14-11-30_000.jpg.1.png
[20180924_074608 / lib_ip.py:4330] 
img.20180924_074607.2018-09-23_14-11-30_000.jpg.1.png 0
[20180924_074608 / lib_ip.py:3794] file = img.20180924_074607.2018-09-23_14-11-30_000.jpg.1.png / val_Average = 111.5535	val_Variance = 21.2336	sd = 4.6080	max = 130	min = 96
[20180924_074608 / lib_ip.py:3877] len(Hs) = 8100, len(Ss) = 8100, len(Vs) = 8100
[20180924_074608 / lib_ip.py:3910] yellow : variance --> out of range (variance = 21.234 / upper = 0.650 / lower = 0.000)
[20180924_074608 / lib_ip.py:3794] file = img.20180924_074607.2018-09-23_14-11-30_000.jpg.1.png / val_Average = 111.5535	val_Variance = 21.2336	sd = 4.6080	max = 130	min = 96
[20180924_074608 / lib_ip.py:3977] len(Hs) = 8100, len(Ss) = 8100, len(Vs) = 8100
[20180924_074608 / lib_ip.py:4023] red : variance --> out of range (variance = 21.234 / upper = 0.430 / lower = 0.000)
[20180924_074608 / lib_ip.py:3794] file = img.20180924_074607.2018-09-23_14-11-30_000.jpg.1.png / val_Average = 111.5535	val_Variance = 21.2336	sd = 4.6080	max = 130	min = 96
[20180924_074608 / lib_ip.py:4090] len(Hs) = 8100, len(Ss) = 8100, len(Vs) = 8100
[20180924_074608 / lib_ip.py:4137] green : variance --> out of range (variance = 21.234 / upper = 0.750 / lower = 0.000)
[20180924_074608 / lib_ip.py:3794] file = img.20180924_074607.2018-09-23_14-11-30_000.jpg.1.png / val_Average = 111.5535	val_Variance = 21.2336	sd = 4.6080	max = 130	min = 96
[20180924_074608 / lib_ip.py:4204] len(Hs) = 8100, len(Ss) = 8100, len(Vs) = 8100
[20180924_074608 / lib_ip.py:4248] black : variance --> out of range (variance = 21.234 / upper = 0.000 / lower = 0.000)
[20180924_074608 / lib_ip.py:4398] file : img.20180924_074607.2018-09-23_14-11-30_000.jpg.1.png 0 (black : variance --> out of range (variance = 21.234 / upper = 0.000 / lower = 0.000))
[20180924_074608 / lib_ip.py:2273] inspecting ===> img.20180924_074607.2018-09-23_14-11-30_000.jpg.2.png
[20180924_074609 / lib_ip.py:4330] 
img.20180924_074607.2018-09-23_14-11-30_000.jpg.2.png 1
[20180924_074609 / lib_ip.py:3794] file = img.20180924_074607.2018-09-23_14-11-30_000.jpg.2.png / val_Average = 112.7304	val_Variance = 10.5831	sd = 3.2532	max = 122	min = 107
[20180924_074609 / lib_ip.py:3877] len(Hs) = 8100, len(Ss) = 8100, len(Vs) = 8100
[20180924_074609 / lib_ip.py:3910] yellow : variance --> out of range (variance = 10.583 / upper = 0.650 / lower = 0.000)
[20180924_074609 / lib_ip.py:3794] file = img.20180924_074607.2018-09-23_14-11-30_000.jpg.2.png / val_Average = 112.7304	val_Variance = 10.5831	sd = 3.2532	max = 122	min = 107
[20180924_074609 / lib_ip.py:3977] len(Hs) = 8100, len(Ss) = 8100, len(Vs) = 8100
[20180924_074609 / lib_ip.py:4023] red : variance --> out of range (variance = 10.583 / upper = 0.430 / lower = 0.000)
[20180924_074609 / lib_ip.py:3794] file = img.20180924_074607.2018-09-23_14-11-30_000.jpg.2.png / val_Average = 112.7304	val_Variance = 10.5831	sd = 3.2532	max = 122	min = 107
[20180924_074609 / lib_ip.py:4090] len(Hs) = 8100, len(Ss) = 8100, len(Vs) = 8100
[20180924_074609 / lib_ip.py:4137] green : variance --> out of range (variance = 10.583 / upper = 0.750 / lower = 0.000)
[20180924_074609 / lib_ip.py:3794] file = img.20180924_074607.2018-09-23_14-11-30_000.jpg.2.png / val_Average = 112.7304	val_Variance = 10.5831	sd = 3.2532	max = 122	min = 107
[20180924_074609 / lib_ip.py:4204] len(Hs) = 8100, len(Ss) = 8100, len(Vs) = 8100
[20180924_074610 / lib_ip.py:4248] black : variance --> out of range (variance = 10.583 / upper = 0.000 / lower = 0.000)
[20180924_074610 / lib_ip.py:4398] file : img.20180924_074607.2018-09-23_14-11-30_000.jpg.2.png 1 (black : variance --> out of range (variance = 10.583 / upper = 0.000 / lower = 0.000))
[20180924_074610 / lib_ip.py:2273] inspecting ===> img.20180924_074607.2018-09-23_14-11-30_000.jpg.3.png
[20180924_074610 / lib_ip.py:4330] 
img.20180924_074607.2018-09-23_14-11-30_000.jpg.3.png 2
[20180924_074610 / lib_ip.py:3794] file = img.20180924_074607.2018-09-23_14-11-30_000.jpg.3.png / val_Average = 76.0104	val_Variance = 0.0132	sd = 0.1150	max = 77	min = 75
[20180924_074610 / lib_ip.py:3877] len(Hs) = 8100, len(Ss) = 8100, len(Vs) = 8100
[20180924_074610 / lib_ip.py:3932] yellow : average --> out of range (average = 76.010 / upper = 99.200 / lower = 88.000)
[20180924_074610 / lib_ip.py:3794] file = img.20180924_074607.2018-09-23_14-11-30_000.jpg.3.png / val_Average = 76.0104	val_Variance = 0.0132	sd = 0.1150	max = 77	min = 75
[20180924_074610 / lib_ip.py:3977] len(Hs) = 8100, len(Ss) = 8100, len(Vs) = 8100
[20180924_074610 / lib_ip.py:4048] red : average --> out of range (average = 76.010 / upper = 124.000 / lower = 115.000)
[20180924_074610 / lib_ip.py:3794] file = img.20180924_074607.2018-09-23_14-11-30_000.jpg.3.png / val_Average = 76.0104	val_Variance = 0.0132	sd = 0.1150	max = 77	min = 75
[20180924_074611 / lib_ip.py:4090] len(Hs) = 8100, len(Ss) = 8100, len(Vs) = 8100
[20180924_074611 / lib_ip.py:2273] inspecting ===> img.20180924_074607.2018-09-23_14-11-30_000.jpg.4.png
[20180924_074611 / lib_ip.py:4330] 
img.20180924_074607.2018-09-23_14-11-30_000.jpg.4.png 3
[20180924_074611 / lib_ip.py:3794] file = img.20180924_074607.2018-09-23_14-11-30_000.jpg.4.png / val_Average = 78.0037	val_Variance = 0.0069	sd = 0.0831	max = 79	min = 77
[20180924_074611 / lib_ip.py:3877] len(Hs) = 8100, len(Ss) = 8100, len(Vs) = 8100
[20180924_074611 / lib_ip.py:3932] yellow : average --> out of range (average = 78.004 / upper = 99.200 / lower = 88.000)
[20180924_074611 / lib_ip.py:3794] file = img.20180924_074607.2018-09-23_14-11-30_000.jpg.4.png / val_Average = 78.0037	val_Variance = 0.0069	sd = 0.0831	max = 79	min = 77
[20180924_074611 / lib_ip.py:3977] len(Hs) = 8100, len(Ss) = 8100, len(Vs) = 8100
[20180924_074611 / lib_ip.py:4048] red : average --> out of range (average = 78.004 / upper = 124.000 / lower = 115.000)
[20180924_074611 / lib_ip.py:3794] file = img.20180924_074607.2018-09-23_14-11-30_000.jpg.4.png / val_Average = 78.0037	val_Variance = 0.0069	sd = 0.0831	max = 79	min = 77
[20180924_074612 / lib_ip.py:4090] len(Hs) = 8100, len(Ss) = 8100, len(Vs) = 8100
[20180924_074611 / lib_ip.py:2273] inspecting ===> img.20180924_074607.2018-09-23_14-11-30_000.jpg.4.png
img.20180924_074607.2018-09-23_14-11-30_000.jpg.1.png => other
img.20180924_074607.2018-09-23_14-11-30_000.jpg.2.png => other
img.20180924_074607.2018-09-23_14-11-30_000.jpg.3.png => other
img.20180924_074607.2018-09-23_14-11-30_000.jpg.4.png => other
[20180924_074612 lib_ip.py:3300] =============== Get 4 corners
dpath_Images = C:\WORKS_2\WS\WS_Others.Art\JVEMV6\46_art\VIRTUAL\Admin_Projects\ip\images
fname_Image = img.20180924_074607.2018-09-23_14-11-30_000.jpg.4.png

[20180924_074613 / lib_ip.py:2273] inspecting ===> img.20180924_074612.2018-09-23_18-07-27_000.jpg.1.png
[20180924_074613 / lib_ip.py:4330] 
img.20180924_074612.2018-09-23_18-07-27_000.jpg.1.png 0
[20180924_074613 / lib_ip.py:3794] file = img.20180924_074612.2018-09-23_18-07-27_000.jpg.1.png / val_Average = 116.8407	val_Variance = 535.2124	sd = 23.1347	max = 160	min = 0
[20180924_074613 / lib_ip.py:3877] len(Hs) = 8100, len(Ss) = 8100, len(Vs) = 8100
[20180924_074613 / lib_ip.py:3910] yellow : variance --> out of range (variance = 535.212 / upper = 0.650 / lower = 0.000)
[20180924_074613 / lib_ip.py:3794] file = img.20180924_074612.2018-09-23_18-07-27_000.jpg.1.png / val_Average = 116.8407	val_Variance = 535.2124	sd = 23.1347	max = 160	min = 0
[20180924_074613 / lib_ip.py:3977] len(Hs) = 8100, len(Ss) = 8100, len(Vs) = 8100
[20180924_074613 / lib_ip.py:4023] red : variance --> out of range (variance = 535.212 / upper = 0.430 / lower = 0.000)
[20180924_074613 / lib_ip.py:3794] file = img.20180924_074612.2018-09-23_18-07-27_000.jpg.1.png / val_Average = 116.8407	val_Variance = 535.2124	sd = 23.1347	max = 160	min = 0
[20180924_074613 / lib_ip.py:4090] len(Hs) = 8100, len(Ss) = 8100, len(Vs) = 8100
[20180924_074613 / lib_ip.py:4137] green : variance --> out of range (variance = 535.212 / upper = 0.750 / lower = 0.000)
[20180924_074613 / lib_ip.py:3794] file = img.20180924_074612.2018-09-23_18-07-27_000.jpg.1.png / val_Average = 116.8407	val_Variance = 535.2124	sd = 23.1347	max = 160	min = 0
[20180924_074613 / lib_ip.py:4204] len(Hs) = 8100, len(Ss) = 8100, len(Vs) = 8100
[20180924_074614 / lib_ip.py:4248] black : variance --> out of range (variance = 535.212 / upper = 0.000 / lower = 0.000)
[20180924_074614 / lib_ip.py:4398] file : img.20180924_074612.2018-09-23_18-07-27_000.jpg.1.png 0 (black : variance --> out of range (variance = 535.212 / upper = 0.000 / lower = 0.000))
[20180924_074614 / lib_ip.py:2273] inspecting ===> img.20180924_074612.2018-09-23_18-07-27_000.jpg.2.png
[20180924_074614 / lib_ip.py:4330] 
img.20180924_074612.2018-09-23_18-07-27_000.jpg.2.png 1
[20180924_074614 / lib_ip.py:3794] file = img.20180924_074612.2018-09-23_18-07-27_000.jpg.2.png / val_Average = 109.0427	val_Variance = 4.8979	sd = 2.2131	max = 118	min = 103
[20180924_074614 / lib_ip.py:3877] len(Hs) = 8100, len(Ss) = 8100, len(Vs) = 8100
[20180924_074614 / lib_ip.py:3910] yellow : variance --> out of range (variance = 4.898 / upper = 0.650 / lower = 0.000)
[20180924_074614 / lib_ip.py:3794] file = img.20180924_074612.2018-09-23_18-07-27_000.jpg.2.png / val_Average = 109.0427	val_Variance = 4.8979	sd = 2.2131	max = 118	min = 103
[20180924_074614 / lib_ip.py:3977] len(Hs) = 8100, len(Ss) = 8100, len(Vs) = 8100
[20180924_074614 / lib_ip.py:4023] red : variance --> out of range (variance = 4.898 / upper = 0.430 / lower = 0.000)
[20180924_074614 / lib_ip.py:3794] file = img.20180924_074612.2018-09-23_18-07-27_000.jpg.2.png / val_Average = 109.0427	val_Variance = 4.8979	sd = 2.2131	max = 118	min = 103
[20180924_074615 / lib_ip.py:4090] len(Hs) = 8100, len(Ss) = 8100, len(Vs) = 8100
[20180924_074615 / lib_ip.py:4137] green : variance --> out of range (variance = 4.898 / upper = 0.750 / lower = 0.000)
[20180924_074615 / lib_ip.py:3794] file = img.20180924_074612.2018-09-23_18-07-27_000.jpg.2.png / val_Average = 109.0427	val_Variance = 4.8979	sd = 2.2131	max = 118	min = 103
[20180924_074615 / lib_ip.py:4204] len(Hs) = 8100, len(Ss) = 8100, len(Vs) = 8100
[20180924_074615 / lib_ip.py:4248] black : variance --> out of range (variance = 4.898 / upper = 0.000 / lower = 0.000)
[20180924_074615 / lib_ip.py:4398] file : img.20180924_074612.2018-09-23_18-07-27_000.jpg.2.png 1 (black : variance --> out of range (variance = 4.898 / upper = 0.000 / lower = 0.000))
[20180924_074615 / lib_ip.py:2273] inspecting ===> img.20180924_074612.2018-09-23_18-07-27_000.jpg.3.png
[20180924_074615 / lib_ip.py:4330] 
img.20180924_074612.2018-09-23_18-07-27_000.jpg.3.png 2
[20180924_074615 / lib_ip.py:3794] file = img.20180924_074612.2018-09-23_18-07-27_000.jpg.3.png / val_Average = 77.1402	val_Variance = 0.1463	sd = 0.3824	max = 79	min = 76
[20180924_074615 / lib_ip.py:3877] len(Hs) = 8100, len(Ss) = 8100, len(Vs) = 8100
[20180924_074616 / lib_ip.py:3932] yellow : average --> out of range (average = 77.140 / upper = 99.200 / lower = 88.000)
[20180924_074616 / lib_ip.py:3794] file = img.20180924_074612.2018-09-23_18-07-27_000.jpg.3.png / val_Average = 77.1402	val_Variance = 0.1463	sd = 0.3824	max = 79	min = 76
[20180924_074616 / lib_ip.py:3977] len(Hs) = 8100, len(Ss) = 8100, len(Vs) = 8100
[20180924_074616 / lib_ip.py:4048] red : average --> out of range (average = 77.140 / upper = 124.000 / lower = 115.000)
[20180924_074616 / lib_ip.py:3794] file = img.20180924_074612.2018-09-23_18-07-27_000.jpg.3.png / val_Average = 77.1402	val_Variance = 0.1463	sd = 0.3824	max = 79	min = 76
[20180924_074616 / lib_ip.py:4090] len(Hs) = 8100, len(Ss) = 8100, len(Vs) = 8100
[20180924_074616 / lib_ip.py:2273] inspecting ===> img.20180924_074612.2018-09-23_18-07-27_000.jpg.4.png
[20180924_074616 / lib_ip.py:4330] 
img.20180924_074612.2018-09-23_18-07-27_000.jpg.4.png 3
[20180924_074616 / lib_ip.py:3794] file = img.20180924_074612.2018-09-23_18-07-27_000.jpg.4.png / val_Average = 120.9288	val_Variance = 0.0859	sd = 0.2931	max = 122	min = 120
[20180924_074616 / lib_ip.py:3877] len(Hs) = 8100, len(Ss) = 8100, len(Vs) = 8100
[20180924_074616 / lib_ip.py:3932] yellow : average --> out of range (average = 120.929 / upper = 99.200 / lower = 88.000)
[20180924_074616 / lib_ip.py:3794] file = img.20180924_074612.2018-09-23_18-07-27_000.jpg.4.png / val_Average = 120.9288	val_Variance = 0.0859	sd = 0.2931	max = 122	min = 120
[20180924_074616 / lib_ip.py:3977] len(Hs) = 8100, len(Ss) = 8100, len(Vs) = 8100
[20180924_074616 / lib_ip.py:2273] inspecting ===> img.20180924_074612.2018-09-23_18-07-27_000.jpg.4.png
img.20180924_074612.2018-09-23_18-07-27_000.jpg.1.png => other
img.20180924_074612.2018-09-23_18-07-27_000.jpg.2.png => other
img.20180924_074612.2018-09-23_18-07-27_000.jpg.3.png => other
img.20180924_074612.2018-09-23_18-07-27_000.jpg.4.png => other
[20180924_074616 lib_ip.py:3300] =============== Get 4 corners
dpath_Images = C:\WORKS_2\WS\WS_Others.Art\JVEMV6\46_art\VIRTUAL\Admin_Projects\ip\images
fname_Image = img.20180924_074612.2018-09-23_18-07-27_000.jpg.4.png

[20180924_074617 / lib_ip.py:2273] inspecting ===> img.20180924_074617.2018-09-23_18-07-56_000.jpg.1.png
[20180924_074617 / lib_ip.py:4330] 
img.20180924_074617.2018-09-23_18-07-56_000.jpg.1.png 0
[20180924_074618 / lib_ip.py:3794] file = img.20180924_074617.2018-09-23_18-07-56_000.jpg.1.png / val_Average = 127.4243	val_Variance = 745.0904	sd = 27.2963	max = 174	min = 0
[20180924_074618 / lib_ip.py:3877] len(Hs) = 8100, len(Ss) = 8100, len(Vs) = 8100
[20180924_074618 / lib_ip.py:3910] yellow : variance --> out of range (variance = 745.090 / upper = 0.650 / lower = 0.000)
[20180924_074618 / lib_ip.py:3794] file = img.20180924_074617.2018-09-23_18-07-56_000.jpg.1.png / val_Average = 127.4243	val_Variance = 745.0904	sd = 27.2963	max = 174	min = 0
[20180924_074618 / lib_ip.py:3977] len(Hs) = 8100, len(Ss) = 8100, len(Vs) = 8100
[20180924_074618 / lib_ip.py:4023] red : variance --> out of range (variance = 745.090 / upper = 0.430 / lower = 0.000)
[20180924_074618 / lib_ip.py:3794] file = img.20180924_074617.2018-09-23_18-07-56_000.jpg.1.png / val_Average = 127.4243	val_Variance = 745.0904	sd = 27.2963	max = 174	min = 0
[20180924_074618 / lib_ip.py:4090] len(Hs) = 8100, len(Ss) = 8100, len(Vs) = 8100
[20180924_074618 / lib_ip.py:4137] green : variance --> out of range (variance = 745.090 / upper = 0.750 / lower = 0.000)
[20180924_074618 / lib_ip.py:3794] file = img.20180924_074617.2018-09-23_18-07-56_000.jpg.1.png / val_Average = 127.4243	val_Variance = 745.0904	sd = 27.2963	max = 174	min = 0
[20180924_074618 / lib_ip.py:4204] len(Hs) = 8100, len(Ss) = 8100, len(Vs) = 8100
[20180924_074618 / lib_ip.py:4248] black : variance --> out of range (variance = 745.090 / upper = 0.000 / lower = 0.000)
[20180924_074618 / lib_ip.py:4398] file : img.20180924_074617.2018-09-23_18-07-56_000.jpg.1.png 0 (black : variance --> out of range (variance = 745.090 / upper = 0.000 / lower = 0.000))
[20180924_074618 / lib_ip.py:2273] inspecting ===> img.20180924_074617.2018-09-23_18-07-56_000.jpg.2.png
[20180924_074618 / lib_ip.py:4330] 
img.20180924_074617.2018-09-23_18-07-56_000.jpg.2.png 1
[20180924_074619 / lib_ip.py:3794] file = img.20180924_074617.2018-09-23_18-07-56_000.jpg.2.png / val_Average = 109.7212	val_Variance = 7.0149	sd = 2.6486	max = 120	min = 103
[20180924_074619 / lib_ip.py:3877] len(Hs) = 8100, len(Ss) = 8100, len(Vs) = 8100
[20180924_074619 / lib_ip.py:3910] yellow : variance --> out of range (variance = 7.015 / upper = 0.650 / lower = 0.000)
[20180924_074619 / lib_ip.py:3794] file = img.20180924_074617.2018-09-23_18-07-56_000.jpg.2.png / val_Average = 109.7212	val_Variance = 7.0149	sd = 2.6486	max = 120	min = 103
[20180924_074619 / lib_ip.py:3977] len(Hs) = 8100, len(Ss) = 8100, len(Vs) = 8100
[20180924_074619 / lib_ip.py:4023] red : variance --> out of range (variance = 7.015 / upper = 0.430 / lower = 0.000)
[20180924_074619 / lib_ip.py:3794] file = img.20180924_074617.2018-09-23_18-07-56_000.jpg.2.png / val_Average = 109.7212	val_Variance = 7.0149	sd = 2.6486	max = 120	min = 103
[20180924_074619 / lib_ip.py:4090] len(Hs) = 8100, len(Ss) = 8100, len(Vs) = 8100
[20180924_074619 / lib_ip.py:4137] green : variance --> out of range (variance = 7.015 / upper = 0.750 / lower = 0.000)
[20180924_074619 / lib_ip.py:3794] file = img.20180924_074617.2018-09-23_18-07-56_000.jpg.2.png / val_Average = 109.7212	val_Variance = 7.0149	sd = 2.6486	max = 120	min = 103
[20180924_074619 / lib_ip.py:4204] len(Hs) = 8100, len(Ss) = 8100, len(Vs) = 8100
[20180924_074619 / lib_ip.py:4248] black : variance --> out of range (variance = 7.015 / upper = 0.000 / lower = 0.000)
[20180924_074619 / lib_ip.py:4398] file : img.20180924_074617.2018-09-23_18-07-56_000.jpg.2.png 1 (black : variance --> out of range (variance = 7.015 / upper = 0.000 / lower = 0.000))
[20180924_074619 / lib_ip.py:2273] inspecting ===> img.20180924_074617.2018-09-23_18-07-56_000.jpg.3.png
[20180924_074620 / lib_ip.py:4330] 
img.20180924_074617.2018-09-23_18-07-56_000.jpg.3.png 2
[20180924_074620 / lib_ip.py:3794] file = img.20180924_074617.2018-09-23_18-07-56_000.jpg.3.png / val_Average = 76.6744	val_Variance = 0.6499	sd = 0.8062	max = 79	min = 74
[20180924_074620 / lib_ip.py:3877] len(Hs) = 8100, len(Ss) = 8100, len(Vs) = 8100
[20180924_074620 / lib_ip.py:3932] yellow : average --> out of range (average = 76.674 / upper = 99.200 / lower = 88.000)
[20180924_074621 / lib_ip.py:3794] file = img.20180924_074617.2018-09-23_18-07-56_000.jpg.3.png / val_Average = 76.6744	val_Variance = 0.6499	sd = 0.8062	max = 79	min = 74
[20180924_074621 / lib_ip.py:3977] len(Hs) = 8100, len(Ss) = 8100, len(Vs) = 8100
[20180924_074621 / lib_ip.py:4023] red : variance --> out of range (variance = 0.650 / upper = 0.430 / lower = 0.000)
[20180924_074621 / lib_ip.py:3794] file = img.20180924_074617.2018-09-23_18-07-56_000.jpg.3.png / val_Average = 76.6744	val_Variance = 0.6499	sd = 0.8062	max = 79	min = 74
[20180924_074621 / lib_ip.py:4090] len(Hs) = 8100, len(Ss) = 8100, len(Vs) = 8100
[20180924_074621 / lib_ip.py:2273] inspecting ===> img.20180924_074617.2018-09-23_18-07-56_000.jpg.4.png
[20180924_074622 / lib_ip.py:4330] 
img.20180924_074617.2018-09-23_18-07-56_000.jpg.4.png 3
[20180924_074622 / lib_ip.py:3794] file = img.20180924_074617.2018-09-23_18-07-56_000.jpg.4.png / val_Average = 121.0089	val_Variance = 0.1172	sd = 0.3424	max = 122	min = 120
[20180924_074622 / lib_ip.py:3877] len(Hs) = 8100, len(Ss) = 8100, len(Vs) = 8100
[20180924_074622 / lib_ip.py:3932] yellow : average --> out of range (average = 121.009 / upper = 99.200 / lower = 88.000)
[20180924_074622 / lib_ip.py:3794] file = img.20180924_074617.2018-09-23_18-07-56_000.jpg.4.png / val_Average = 121.0089	val_Variance = 0.1172	sd = 0.3424	max = 122	min = 120
[20180924_074622 / lib_ip.py:3977] len(Hs) = 8100, len(Ss) = 8100, len(Vs) = 8100
[20180924_074621 / lib_ip.py:2273] inspecting ===> img.20180924_074617.2018-09-23_18-07-56_000.jpg.4.png
img.20180924_074617.2018-09-23_18-07-56_000.jpg.1.png => other
img.20180924_074617.2018-09-23_18-07-56_000.jpg.2.png => other
img.20180924_074617.2018-09-23_18-07-56_000.jpg.3.png => other
img.20180924_074617.2018-09-23_18-07-56_000.jpg.4.png => other
[20180924_074622 lib_ip.py:3300] =============== Get 4 corners
dpath_Images = C:\WORKS_2\WS\WS_Others.Art\JVEMV6\46_art\VIRTUAL\Admin_Projects\ip\images
fname_Image = img.20180924_074617.2018-09-23_18-07-56_000.jpg.4.png

[20180924_074623 / lib_ip.py:2273] inspecting ===> img.20180924_074623.2018-09-23_18-08-37_000.jpg.1.png
[20180924_074623 / lib_ip.py:4330] 
img.20180924_074623.2018-09-23_18-08-37_000.jpg.1.png 0
[20180924_074623 / lib_ip.py:3794] file = img.20180924_074623.2018-09-23_18-08-37_000.jpg.1.png / val_Average = 113.8575	val_Variance = 145.8782	sd = 12.0780	max = 160	min = 0
[20180924_074623 / lib_ip.py:3877] len(Hs) = 8100, len(Ss) = 8100, len(Vs) = 8100
[20180924_074623 / lib_ip.py:3910] yellow : variance --> out of range (variance = 145.878 / upper = 0.650 / lower = 0.000)
[20180924_074623 / lib_ip.py:3794] file = img.20180924_074623.2018-09-23_18-08-37_000.jpg.1.png / val_Average = 113.8575	val_Variance = 145.8782	sd = 12.0780	max = 160	min = 0
[20180924_074623 / lib_ip.py:3977] len(Hs) = 8100, len(Ss) = 8100, len(Vs) = 8100
[20180924_074624 / lib_ip.py:4023] red : variance --> out of range (variance = 145.878 / upper = 0.430 / lower = 0.000)
[20180924_074624 / lib_ip.py:3794] file = img.20180924_074623.2018-09-23_18-08-37_000.jpg.1.png / val_Average = 113.8575	val_Variance = 145.8782	sd = 12.0780	max = 160	min = 0
[20180924_074624 / lib_ip.py:4090] len(Hs) = 8100, len(Ss) = 8100, len(Vs) = 8100
[20180924_074624 / lib_ip.py:4137] green : variance --> out of range (variance = 145.878 / upper = 0.750 / lower = 0.000)
[20180924_074624 / lib_ip.py:3794] file = img.20180924_074623.2018-09-23_18-08-37_000.jpg.1.png / val_Average = 113.8575	val_Variance = 145.8782	sd = 12.0780	max = 160	min = 0
[20180924_074624 / lib_ip.py:4204] len(Hs) = 8100, len(Ss) = 8100, len(Vs) = 8100
[20180924_074624 / lib_ip.py:4248] black : variance --> out of range (variance = 145.878 / upper = 0.000 / lower = 0.000)
[20180924_074624 / lib_ip.py:4398] file : img.20180924_074623.2018-09-23_18-08-37_000.jpg.1.png 0 (black : variance --> out of range (variance = 145.878 / upper = 0.000 / lower = 0.000))
[20180924_074624 / lib_ip.py:2273] inspecting ===> img.20180924_074623.2018-09-23_18-08-37_000.jpg.2.png
[20180924_074624 / lib_ip.py:4330] 
img.20180924_074623.2018-09-23_18-08-37_000.jpg.2.png 1
[20180924_074624 / lib_ip.py:3794] file = img.20180924_074623.2018-09-23_18-08-37_000.jpg.2.png / val_Average = 108.8516	val_Variance = 2.2432	sd = 1.4977	max = 117	min = 101
[20180924_074625 / lib_ip.py:3877] len(Hs) = 8100, len(Ss) = 8100, len(Vs) = 8100
[20180924_074625 / lib_ip.py:3910] yellow : variance --> out of range (variance = 2.243 / upper = 0.650 / lower = 0.000)
[20180924_074625 / lib_ip.py:3794] file = img.20180924_074623.2018-09-23_18-08-37_000.jpg.2.png / val_Average = 108.8516	val_Variance = 2.2432	sd = 1.4977	max = 117	min = 101
[20180924_074625 / lib_ip.py:3977] len(Hs) = 8100, len(Ss) = 8100, len(Vs) = 8100
[20180924_074625 / lib_ip.py:4023] red : variance --> out of range (variance = 2.243 / upper = 0.430 / lower = 0.000)
[20180924_074625 / lib_ip.py:3794] file = img.20180924_074623.2018-09-23_18-08-37_000.jpg.2.png / val_Average = 108.8516	val_Variance = 2.2432	sd = 1.4977	max = 117	min = 101
[20180924_074625 / lib_ip.py:4090] len(Hs) = 8100, len(Ss) = 8100, len(Vs) = 8100
[20180924_074625 / lib_ip.py:4137] green : variance --> out of range (variance = 2.243 / upper = 0.750 / lower = 0.000)
[20180924_074625 / lib_ip.py:3794] file = img.20180924_074623.2018-09-23_18-08-37_000.jpg.2.png / val_Average = 108.8516	val_Variance = 2.2432	sd = 1.4977	max = 117	min = 101
[20180924_074625 / lib_ip.py:4204] len(Hs) = 8100, len(Ss) = 8100, len(Vs) = 8100
[20180924_074625 / lib_ip.py:4248] black : variance --> out of range (variance = 2.243 / upper = 0.000 / lower = 0.000)
[20180924_074625 / lib_ip.py:4398] file : img.20180924_074623.2018-09-23_18-08-37_000.jpg.2.png 1 (black : variance --> out of range (variance = 2.243 / upper = 0.000 / lower = 0.000))
[20180924_074625 / lib_ip.py:2273] inspecting ===> img.20180924_074623.2018-09-23_18-08-37_000.jpg.3.png
[20180924_074626 / lib_ip.py:4330] 
img.20180924_074623.2018-09-23_18-08-37_000.jpg.3.png 2
[20180924_074626 / lib_ip.py:3794] file = img.20180924_074623.2018-09-23_18-08-37_000.jpg.3.png / val_Average = 77.4754	val_Variance = 0.2662	sd = 0.5159	max = 78	min = 76
[20180924_074626 / lib_ip.py:3877] len(Hs) = 8100, len(Ss) = 8100, len(Vs) = 8100
[20180924_074626 / lib_ip.py:3932] yellow : average --> out of range (average = 77.475 / upper = 99.200 / lower = 88.000)
[20180924_074626 / lib_ip.py:3794] file = img.20180924_074623.2018-09-23_18-08-37_000.jpg.3.png / val_Average = 77.4754	val_Variance = 0.2662	sd = 0.5159	max = 78	min = 76
[20180924_074626 / lib_ip.py:3977] len(Hs) = 8100, len(Ss) = 8100, len(Vs) = 8100
[20180924_074626 / lib_ip.py:4048] red : average --> out of range (average = 77.475 / upper = 124.000 / lower = 115.000)
[20180924_074626 / lib_ip.py:3794] file = img.20180924_074623.2018-09-23_18-08-37_000.jpg.3.png / val_Average = 77.4754	val_Variance = 0.2662	sd = 0.5159	max = 78	min = 76
[20180924_074626 / lib_ip.py:4090] len(Hs) = 8100, len(Ss) = 8100, len(Vs) = 8100
[20180924_074627 / lib_ip.py:2273] inspecting ===> img.20180924_074623.2018-09-23_18-08-37_000.jpg.4.png
[20180924_074627 / lib_ip.py:4330] 
img.20180924_074623.2018-09-23_18-08-37_000.jpg.4.png 3
[20180924_074627 / lib_ip.py:3794] file = img.20180924_074623.2018-09-23_18-08-37_000.jpg.4.png / val_Average = 121.1107	val_Variance = 0.1190	sd = 0.3449	max = 123	min = 120
[20180924_074627 / lib_ip.py:3877] len(Hs) = 8100, len(Ss) = 8100, len(Vs) = 8100
[20180924_074627 / lib_ip.py:3932] yellow : average --> out of range (average = 121.111 / upper = 99.200 / lower = 88.000)
[20180924_074627 / lib_ip.py:3794] file = img.20180924_074623.2018-09-23_18-08-37_000.jpg.4.png / val_Average = 121.1107	val_Variance = 0.1190	sd = 0.3449	max = 123	min = 120
[20180924_074627 / lib_ip.py:3977] len(Hs) = 8100, len(Ss) = 8100, len(Vs) = 8100
[20180924_074627 / lib_ip.py:2273] inspecting ===> img.20180924_074623.2018-09-23_18-08-37_000.jpg.4.png
img.20180924_074623.2018-09-23_18-08-37_000.jpg.1.png => other
img.20180924_074623.2018-09-23_18-08-37_000.jpg.2.png => other
img.20180924_074623.2018-09-23_18-08-37_000.jpg.3.png => other
img.20180924_074623.2018-09-23_18-08-37_000.jpg.4.png => other
[20180924_074627 lib_ip.py:3300] =============== Get 4 corners
dpath_Images = C:\WORKS_2\WS\WS_Others.Art\JVEMV6\46_art\VIRTUAL\Admin_Projects\ip\images
fname_Image = img.20180924_074623.2018-09-23_18-08-37_000.jpg.4.png

[20180924_074628 / lib_ip.py:2273] inspecting ===> img.20180924_074628.2018-09-23_18-09-00_000.jpg.1.png
[20180924_074629 / lib_ip.py:4330] 
img.20180924_074628.2018-09-23_18-09-00_000.jpg.1.png 0
[20180924_074629 / lib_ip.py:3794] file = img.20180924_074628.2018-09-23_18-09-00_000.jpg.1.png / val_Average = 119.3952	val_Variance = 450.6173	sd = 21.2277	max = 160	min = 0
[20180924_074629 / lib_ip.py:3877] len(Hs) = 8100, len(Ss) = 8100, len(Vs) = 8100
[20180924_074629 / lib_ip.py:3910] yellow : variance --> out of range (variance = 450.617 / upper = 0.650 / lower = 0.000)
[20180924_074629 / lib_ip.py:3794] file = img.20180924_074628.2018-09-23_18-09-00_000.jpg.1.png / val_Average = 119.3952	val_Variance = 450.6173	sd = 21.2277	max = 160	min = 0
[20180924_074629 / lib_ip.py:3977] len(Hs) = 8100, len(Ss) = 8100, len(Vs) = 8100
[20180924_074629 / lib_ip.py:4023] red : variance --> out of range (variance = 450.617 / upper = 0.430 / lower = 0.000)
[20180924_074629 / lib_ip.py:3794] file = img.20180924_074628.2018-09-23_18-09-00_000.jpg.1.png / val_Average = 119.3952	val_Variance = 450.6173	sd = 21.2277	max = 160	min = 0
[20180924_074629 / lib_ip.py:4090] len(Hs) = 8100, len(Ss) = 8100, len(Vs) = 8100
[20180924_074629 / lib_ip.py:4137] green : variance --> out of range (variance = 450.617 / upper = 0.750 / lower = 0.000)
[20180924_074629 / lib_ip.py:3794] file = img.20180924_074628.2018-09-23_18-09-00_000.jpg.1.png / val_Average = 119.3952	val_Variance = 450.6173	sd = 21.2277	max = 160	min = 0
[20180924_074629 / lib_ip.py:4204] len(Hs) = 8100, len(Ss) = 8100, len(Vs) = 8100
[20180924_074629 / lib_ip.py:4248] black : variance --> out of range (variance = 450.617 / upper = 0.000 / lower = 0.000)
[20180924_074629 / lib_ip.py:4398] file : img.20180924_074628.2018-09-23_18-09-00_000.jpg.1.png 0 (black : variance --> out of range (variance = 450.617 / upper = 0.000 / lower = 0.000))
[20180924_074630 / lib_ip.py:2273] inspecting ===> img.20180924_074628.2018-09-23_18-09-00_000.jpg.2.png
[20180924_074630 / lib_ip.py:4330] 
img.20180924_074628.2018-09-23_18-09-00_000.jpg.2.png 1
[20180924_074630 / lib_ip.py:3794] file = img.20180924_074628.2018-09-23_18-09-00_000.jpg.2.png / val_Average = 107.5451	val_Variance = 3.0146	sd = 1.7363	max = 117	min = 103
[20180924_074630 / lib_ip.py:3877] len(Hs) = 8100, len(Ss) = 8100, len(Vs) = 8100
[20180924_074630 / lib_ip.py:3910] yellow : variance --> out of range (variance = 3.015 / upper = 0.650 / lower = 0.000)
[20180924_074630 / lib_ip.py:3794] file = img.20180924_074628.2018-09-23_18-09-00_000.jpg.2.png / val_Average = 107.5451	val_Variance = 3.0146	sd = 1.7363	max = 117	min = 103
[20180924_074630 / lib_ip.py:3977] len(Hs) = 8100, len(Ss) = 8100, len(Vs) = 8100
[20180924_074630 / lib_ip.py:4023] red : variance --> out of range (variance = 3.015 / upper = 0.430 / lower = 0.000)
[20180924_074630 / lib_ip.py:3794] file = img.20180924_074628.2018-09-23_18-09-00_000.jpg.2.png / val_Average = 107.5451	val_Variance = 3.0146	sd = 1.7363	max = 117	min = 103
[20180924_074630 / lib_ip.py:4090] len(Hs) = 8100, len(Ss) = 8100, len(Vs) = 8100
[20180924_074631 / lib_ip.py:4137] green : variance --> out of range (variance = 3.015 / upper = 0.750 / lower = 0.000)
[20180924_074631 / lib_ip.py:3794] file = img.20180924_074628.2018-09-23_18-09-00_000.jpg.2.png / val_Average = 107.5451	val_Variance = 3.0146	sd = 1.7363	max = 117	min = 103
[20180924_074631 / lib_ip.py:4204] len(Hs) = 8100, len(Ss) = 8100, len(Vs) = 8100
[20180924_074631 / lib_ip.py:4248] black : variance --> out of range (variance = 3.015 / upper = 0.000 / lower = 0.000)
[20180924_074631 / lib_ip.py:4398] file : img.20180924_074628.2018-09-23_18-09-00_000.jpg.2.png 1 (black : variance --> out of range (variance = 3.015 / upper = 0.000 / lower = 0.000))
[20180924_074631 / lib_ip.py:2273] inspecting ===> img.20180924_074628.2018-09-23_18-09-00_000.jpg.3.png
[20180924_074631 / lib_ip.py:4330] 
img.20180924_074628.2018-09-23_18-09-00_000.jpg.3.png 2
[20180924_074631 / lib_ip.py:3794] file = img.20180924_074628.2018-09-23_18-09-00_000.jpg.3.png / val_Average = 76.9769	val_Variance = 0.1124	sd = 0.3353	max = 78	min = 76
[20180924_074631 / lib_ip.py:3877] len(Hs) = 8100, len(Ss) = 8100, len(Vs) = 8100
[20180924_074631 / lib_ip.py:3932] yellow : average --> out of range (average = 76.977 / upper = 99.200 / lower = 88.000)
[20180924_074632 / lib_ip.py:3794] file = img.20180924_074628.2018-09-23_18-09-00_000.jpg.3.png / val_Average = 76.9769	val_Variance = 0.1124	sd = 0.3353	max = 78	min = 76
[20180924_074632 / lib_ip.py:3977] len(Hs) = 8100, len(Ss) = 8100, len(Vs) = 8100
[20180924_074632 / lib_ip.py:4048] red : average --> out of range (average = 76.977 / upper = 124.000 / lower = 115.000)
[20180924_074632 / lib_ip.py:3794] file = img.20180924_074628.2018-09-23_18-09-00_000.jpg.3.png / val_Average = 76.9769	val_Variance = 0.1124	sd = 0.3353	max = 78	min = 76
[20180924_074632 / lib_ip.py:4090] len(Hs) = 8100, len(Ss) = 8100, len(Vs) = 8100
[20180924_074632 / lib_ip.py:2273] inspecting ===> img.20180924_074628.2018-09-23_18-09-00_000.jpg.4.png
[20180924_074632 / lib_ip.py:4330] 
img.20180924_074628.2018-09-23_18-09-00_000.jpg.4.png 3
[20180924_074632 / lib_ip.py:3794] file = img.20180924_074628.2018-09-23_18-09-00_000.jpg.4.png / val_Average = 121.0026	val_Variance = 0.1895	sd = 0.4353	max = 122	min = 120
[20180924_074633 / lib_ip.py:3877] len(Hs) = 8100, len(Ss) = 8100, len(Vs) = 8100
[20180924_074633 / lib_ip.py:3932] yellow : average --> out of range (average = 121.003 / upper = 99.200 / lower = 88.000)
[20180924_074633 / lib_ip.py:3794] file = img.20180924_074628.2018-09-23_18-09-00_000.jpg.4.png / val_Average = 121.0026	val_Variance = 0.1895	sd = 0.4353	max = 122	min = 120
[20180924_074633 / lib_ip.py:3977] len(Hs) = 8100, len(Ss) = 8100, len(Vs) = 8100
[20180924_074632 / lib_ip.py:2273] inspecting ===> img.20180924_074628.2018-09-23_18-09-00_000.jpg.4.png
img.20180924_074628.2018-09-23_18-09-00_000.jpg.1.png => other
img.20180924_074628.2018-09-23_18-09-00_000.jpg.2.png => other
img.20180924_074628.2018-09-23_18-09-00_000.jpg.3.png => other
img.20180924_074628.2018-09-23_18-09-00_000.jpg.4.png => other
[20180924_074633 lib_ip.py:3300] =============== Get 4 corners
dpath_Images = C:\WORKS_2\WS\WS_Others.Art\JVEMV6\46_art\VIRTUAL\Admin_Projects\ip\images
fname_Image = img.20180924_074628.2018-09-23_18-09-00_000.jpg.4.png

[20180924_074634 / lib_ip.py:2273] inspecting ===> img.20180924_074633.2018-09-23_18-09-19_000.jpg.1.png
[20180924_074634 / lib_ip.py:4330] 
img.20180924_074633.2018-09-23_18-09-19_000.jpg.1.png 0
[20180924_074634 / lib_ip.py:3794] file = img.20180924_074633.2018-09-23_18-09-19_000.jpg.1.png / val_Average = 77.2694	val_Variance = 0.2667	sd = 0.5164	max = 78	min = 75
[20180924_074634 / lib_ip.py:3877] len(Hs) = 8100, len(Ss) = 8100, len(Vs) = 8100
[20180924_074634 / lib_ip.py:3932] yellow : average --> out of range (average = 77.269 / upper = 99.200 / lower = 88.000)
[20180924_074634 / lib_ip.py:3794] file = img.20180924_074633.2018-09-23_18-09-19_000.jpg.1.png / val_Average = 77.2694	val_Variance = 0.2667	sd = 0.5164	max = 78	min = 75
[20180924_074634 / lib_ip.py:3977] len(Hs) = 8100, len(Ss) = 8100, len(Vs) = 8100
[20180924_074634 / lib_ip.py:4048] red : average --> out of range (average = 77.269 / upper = 124.000 / lower = 115.000)
[20180924_074634 / lib_ip.py:3794] file = img.20180924_074633.2018-09-23_18-09-19_000.jpg.1.png / val_Average = 77.2694	val_Variance = 0.2667	sd = 0.5164	max = 78	min = 75
[20180924_074634 / lib_ip.py:4090] len(Hs) = 8100, len(Ss) = 8100, len(Vs) = 8100
[20180924_074635 / lib_ip.py:2273] inspecting ===> img.20180924_074633.2018-09-23_18-09-19_000.jpg.2.png
[20180924_074635 / lib_ip.py:4330] 
img.20180924_074633.2018-09-23_18-09-19_000.jpg.2.png 1
[20180924_074635 / lib_ip.py:3794] file = img.20180924_074633.2018-09-23_18-09-19_000.jpg.2.png / val_Average = 107.1716	val_Variance = 1.2459	sd = 1.1162	max = 111	min = 103
[20180924_074635 / lib_ip.py:3877] len(Hs) = 8100, len(Ss) = 8100, len(Vs) = 8100
[20180924_074636 / lib_ip.py:3910] yellow : variance --> out of range (variance = 1.246 / upper = 0.650 / lower = 0.000)
[20180924_074636 / lib_ip.py:3794] file = img.20180924_074633.2018-09-23_18-09-19_000.jpg.2.png / val_Average = 107.1716	val_Variance = 1.2459	sd = 1.1162	max = 111	min = 103
[20180924_074636 / lib_ip.py:3977] len(Hs) = 8100, len(Ss) = 8100, len(Vs) = 8100
[20180924_074636 / lib_ip.py:4023] red : variance --> out of range (variance = 1.246 / upper = 0.430 / lower = 0.000)
[20180924_074636 / lib_ip.py:3794] file = img.20180924_074633.2018-09-23_18-09-19_000.jpg.2.png / val_Average = 107.1716	val_Variance = 1.2459	sd = 1.1162	max = 111	min = 103
[20180924_074636 / lib_ip.py:4090] len(Hs) = 8100, len(Ss) = 8100, len(Vs) = 8100
[20180924_074636 / lib_ip.py:4137] green : variance --> out of range (variance = 1.246 / upper = 0.750 / lower = 0.000)
[20180924_074636 / lib_ip.py:3794] file = img.20180924_074633.2018-09-23_18-09-19_000.jpg.2.png / val_Average = 107.1716	val_Variance = 1.2459	sd = 1.1162	max = 111	min = 103
[20180924_074636 / lib_ip.py:4204] len(Hs) = 8100, len(Ss) = 8100, len(Vs) = 8100
[20180924_074636 / lib_ip.py:4248] black : variance --> out of range (variance = 1.246 / upper = 0.000 / lower = 0.000)
[20180924_074636 / lib_ip.py:4398] file : img.20180924_074633.2018-09-23_18-09-19_000.jpg.2.png 1 (black : variance --> out of range (variance = 1.246 / upper = 0.000 / lower = 0.000))
[20180924_074636 / lib_ip.py:2273] inspecting ===> img.20180924_074633.2018-09-23_18-09-19_000.jpg.3.png
[20180924_074637 / lib_ip.py:4330] 
img.20180924_074633.2018-09-23_18-09-19_000.jpg.3.png 2
[20180924_074637 / lib_ip.py:3794] file = img.20180924_074633.2018-09-23_18-09-19_000.jpg.3.png / val_Average = 121.0404	val_Variance = 0.0718	sd = 0.2680	max = 122	min = 120
[20180924_074637 / lib_ip.py:3877] len(Hs) = 8100, len(Ss) = 8100, len(Vs) = 8100
[20180924_074637 / lib_ip.py:3932] yellow : average --> out of range (average = 121.040 / upper = 99.200 / lower = 88.000)
[20180924_074637 / lib_ip.py:3794] file = img.20180924_074633.2018-09-23_18-09-19_000.jpg.3.png / val_Average = 121.0404	val_Variance = 0.0718	sd = 0.2680	max = 122	min = 120
[20180924_074637 / lib_ip.py:3977] len(Hs) = 8100, len(Ss) = 8100, len(Vs) = 8100
[20180924_074637 / lib_ip.py:2273] inspecting ===> img.20180924_074633.2018-09-23_18-09-19_000.jpg.4.png
[20180924_074638 / lib_ip.py:4330] 
img.20180924_074633.2018-09-23_18-09-19_000.jpg.4.png 3
[20180924_074638 / lib_ip.py:3794] file = img.20180924_074633.2018-09-23_18-09-19_000.jpg.4.png / val_Average = 108.1430	val_Variance = 4.6285	sd = 2.1514	max = 115	min = 102
[20180924_074638 / lib_ip.py:3877] len(Hs) = 8100, len(Ss) = 8100, len(Vs) = 8100
[20180924_074638 / lib_ip.py:3910] yellow : variance --> out of range (variance = 4.628 / upper = 0.650 / lower = 0.000)
[20180924_074638 / lib_ip.py:3794] file = img.20180924_074633.2018-09-23_18-09-19_000.jpg.4.png / val_Average = 108.1430	val_Variance = 4.6285	sd = 2.1514	max = 115	min = 102
[20180924_074638 / lib_ip.py:3977] len(Hs) = 8100, len(Ss) = 8100, len(Vs) = 8100
[20180924_074639 / lib_ip.py:4023] red : variance --> out of range (variance = 4.628 / upper = 0.430 / lower = 0.000)
[20180924_074639 / lib_ip.py:3794] file = img.20180924_074633.2018-09-23_18-09-19_000.jpg.4.png / val_Average = 108.1430	val_Variance = 4.6285	sd = 2.1514	max = 115	min = 102
[20180924_074639 / lib_ip.py:4090] len(Hs) = 8100, len(Ss) = 8100, len(Vs) = 8100
[20180924_074639 / lib_ip.py:4137] green : variance --> out of range (variance = 4.628 / upper = 0.750 / lower = 0.000)
[20180924_074639 / lib_ip.py:3794] file = img.20180924_074633.2018-09-23_18-09-19_000.jpg.4.png / val_Average = 108.1430	val_Variance = 4.6285	sd = 2.1514	max = 115	min = 102
[20180924_074639 / lib_ip.py:4204] len(Hs) = 8100, len(Ss) = 8100, len(Vs) = 8100
[20180924_074639 / lib_ip.py:4248] black : variance --> out of range (variance = 4.628 / upper = 0.000 / lower = 0.000)
[20180924_074639 / lib_ip.py:4398] file : img.20180924_074633.2018-09-23_18-09-19_000.jpg.4.png 3 (black : variance --> out of range (variance = 4.628 / upper = 0.000 / lower = 0.000))
[20180924_074637 / lib_ip.py:2273] inspecting ===> img.20180924_074633.2018-09-23_18-09-19_000.jpg.4.png
img.20180924_074633.2018-09-23_18-09-19_000.jpg.1.png => other
img.20180924_074633.2018-09-23_18-09-19_000.jpg.2.png => other
img.20180924_074633.2018-09-23_18-09-19_000.jpg.3.png => other
img.20180924_074633.2018-09-23_18-09-19_000.jpg.4.png => other
[20180924_074639 lib_ip.py:3300] =============== Get 4 corners
dpath_Images = C:\WORKS_2\WS\WS_Others.Art\JVEMV6\46_art\VIRTUAL\Admin_Projects\ip\images
fname_Image = img.20180924_074633.2018-09-23_18-09-19_000.jpg.4.png

[20180924_074641 / lib_ip.py:2273] inspecting ===> img.20180924_074640.2018-09-23_19-58-15_000.jpg.1.png
[20180924_074641 / lib_ip.py:4330] 
img.20180924_074640.2018-09-23_19-58-15_000.jpg.1.png 0
[20180924_074641 / lib_ip.py:3794] file = img.20180924_074640.2018-09-23_19-58-15_000.jpg.1.png / val_Average = 58.2728	val_Variance = 1717.2307	sd = 41.4395	max = 135	min = 0
[20180924_074641 / lib_ip.py:3877] len(Hs) = 8100, len(Ss) = 8100, len(Vs) = 8100
[20180924_074641 / lib_ip.py:3910] yellow : variance --> out of range (variance = 1717.231 / upper = 0.650 / lower = 0.000)
[20180924_074641 / lib_ip.py:3794] file = img.20180924_074640.2018-09-23_19-58-15_000.jpg.1.png / val_Average = 58.2728	val_Variance = 1717.2307	sd = 41.4395	max = 135	min = 0
[20180924_074642 / lib_ip.py:3977] len(Hs) = 8100, len(Ss) = 8100, len(Vs) = 8100
[20180924_074642 / lib_ip.py:4023] red : variance --> out of range (variance = 1717.231 / upper = 0.430 / lower = 0.000)
[20180924_074642 / lib_ip.py:3794] file = img.20180924_074640.2018-09-23_19-58-15_000.jpg.1.png / val_Average = 58.2728	val_Variance = 1717.2307	sd = 41.4395	max = 135	min = 0
[20180924_074642 / lib_ip.py:4090] len(Hs) = 8100, len(Ss) = 8100, len(Vs) = 8100
[20180924_074642 / lib_ip.py:4137] green : variance --> out of range (variance = 1717.231 / upper = 0.750 / lower = 0.000)
[20180924_074642 / lib_ip.py:3794] file = img.20180924_074640.2018-09-23_19-58-15_000.jpg.1.png / val_Average = 58.2728	val_Variance = 1717.2307	sd = 41.4395	max = 135	min = 0
[20180924_074642 / lib_ip.py:4204] len(Hs) = 8100, len(Ss) = 8100, len(Vs) = 8100
[20180924_074642 / lib_ip.py:4248] black : variance --> out of range (variance = 1717.231 / upper = 0.000 / lower = 0.000)
[20180924_074642 / lib_ip.py:4398] file : img.20180924_074640.2018-09-23_19-58-15_000.jpg.1.png 0 (black : variance --> out of range (variance = 1717.231 / upper = 0.000 / lower = 0.000))
[20180924_074642 / lib_ip.py:2273] inspecting ===> img.20180924_074640.2018-09-23_19-58-15_000.jpg.2.png
[20180924_074643 / lib_ip.py:4330] 
img.20180924_074640.2018-09-23_19-58-15_000.jpg.2.png 1
[20180924_074643 / lib_ip.py:3794] file = img.20180924_074640.2018-09-23_19-58-15_000.jpg.2.png / val_Average = 65.1036	val_Variance = 1364.8726	sd = 36.9442	max = 160	min = 0
[20180924_074643 / lib_ip.py:3877] len(Hs) = 8100, len(Ss) = 8100, len(Vs) = 8100
[20180924_074643 / lib_ip.py:3910] yellow : variance --> out of range (variance = 1364.873 / upper = 0.650 / lower = 0.000)
[20180924_074643 / lib_ip.py:3794] file = img.20180924_074640.2018-09-23_19-58-15_000.jpg.2.png / val_Average = 65.1036	val_Variance = 1364.8726	sd = 36.9442	max = 160	min = 0
[20180924_074643 / lib_ip.py:3977] len(Hs) = 8100, len(Ss) = 8100, len(Vs) = 8100
[20180924_074643 / lib_ip.py:4023] red : variance --> out of range (variance = 1364.873 / upper = 0.430 / lower = 0.000)
[20180924_074643 / lib_ip.py:3794] file = img.20180924_074640.2018-09-23_19-58-15_000.jpg.2.png / val_Average = 65.1036	val_Variance = 1364.8726	sd = 36.9442	max = 160	min = 0
[20180924_074643 / lib_ip.py:4090] len(Hs) = 8100, len(Ss) = 8100, len(Vs) = 8100
[20180924_074643 / lib_ip.py:4137] green : variance --> out of range (variance = 1364.873 / upper = 0.750 / lower = 0.000)
[20180924_074644 / lib_ip.py:3794] file = img.20180924_074640.2018-09-23_19-58-15_000.jpg.2.png / val_Average = 65.1036	val_Variance = 1364.8726	sd = 36.9442	max = 160	min = 0
[20180924_074644 / lib_ip.py:4204] len(Hs) = 8100, len(Ss) = 8100, len(Vs) = 8100
[20180924_074644 / lib_ip.py:4248] black : variance --> out of range (variance = 1364.873 / upper = 0.000 / lower = 0.000)
[20180924_074644 / lib_ip.py:4398] file : img.20180924_074640.2018-09-23_19-58-15_000.jpg.2.png 1 (black : variance --> out of range (variance = 1364.873 / upper = 0.000 / lower = 0.000))
[20180924_074644 / lib_ip.py:2273] inspecting ===> img.20180924_074640.2018-09-23_19-58-15_000.jpg.3.png
[20180924_074644 / lib_ip.py:4330] 
img.20180924_074640.2018-09-23_19-58-15_000.jpg.3.png 2
[20180924_074644 / lib_ip.py:3794] file = img.20180924_074640.2018-09-23_19-58-15_000.jpg.3.png / val_Average = 60.5222	val_Variance = 1430.6530	sd = 37.8240	max = 135	min = 0
[20180924_074644 / lib_ip.py:3877] len(Hs) = 8100, len(Ss) = 8100, len(Vs) = 8100
[20180924_074644 / lib_ip.py:3910] yellow : variance --> out of range (variance = 1430.653 / upper = 0.650 / lower = 0.000)
[20180924_074644 / lib_ip.py:3794] file = img.20180924_074640.2018-09-23_19-58-15_000.jpg.3.png / val_Average = 60.5222	val_Variance = 1430.6530	sd = 37.8240	max = 135	min = 0
[20180924_074644 / lib_ip.py:3977] len(Hs) = 8100, len(Ss) = 8100, len(Vs) = 8100
[20180924_074644 / lib_ip.py:4023] red : variance --> out of range (variance = 1430.653 / upper = 0.430 / lower = 0.000)
[20180924_074645 / lib_ip.py:3794] file = img.20180924_074640.2018-09-23_19-58-15_000.jpg.3.png / val_Average = 60.5222	val_Variance = 1430.6530	sd = 37.8240	max = 135	min = 0
[20180924_074645 / lib_ip.py:4090] len(Hs) = 8100, len(Ss) = 8100, len(Vs) = 8100
[20180924_074645 / lib_ip.py:4137] green : variance --> out of range (variance = 1430.653 / upper = 0.750 / lower = 0.000)
[20180924_074645 / lib_ip.py:3794] file = img.20180924_074640.2018-09-23_19-58-15_000.jpg.3.png / val_Average = 60.5222	val_Variance = 1430.6530	sd = 37.8240	max = 135	min = 0
[20180924_074645 / lib_ip.py:4204] len(Hs) = 8100, len(Ss) = 8100, len(Vs) = 8100
[20180924_074645 / lib_ip.py:4248] black : variance --> out of range (variance = 1430.653 / upper = 0.000 / lower = 0.000)
[20180924_074645 / lib_ip.py:4398] file : img.20180924_074640.2018-09-23_19-58-15_000.jpg.3.png 2 (black : variance --> out of range (variance = 1430.653 / upper = 0.000 / lower = 0.000))
[20180924_074645 / lib_ip.py:2273] inspecting ===> img.20180924_074640.2018-09-23_19-58-15_000.jpg.4.png
[20180924_074645 / lib_ip.py:4330] 
img.20180924_074640.2018-09-23_19-58-15_000.jpg.4.png 3
[20180924_074645 / lib_ip.py:3794] file = img.20180924_074640.2018-09-23_19-58-15_000.jpg.4.png / val_Average = 93.0598	val_Variance = 0.0562	sd = 0.2370	max = 94	min = 93
[20180924_074645 / lib_ip.py:3877] len(Hs) = 8100, len(Ss) = 8100, len(Vs) = 8100
[20180924_074645 / lib_ip.py:2273] inspecting ===> img.20180924_074640.2018-09-23_19-58-15_000.jpg.4.png
img.20180924_074640.2018-09-23_19-58-15_000.jpg.1.png => other
img.20180924_074640.2018-09-23_19-58-15_000.jpg.2.png => other
img.20180924_074640.2018-09-23_19-58-15_000.jpg.3.png => other
img.20180924_074640.2018-09-23_19-58-15_000.jpg.4.png => yellow
[20180924_074645 lib_ip.py:3300] =============== Get 4 corners
dpath_Images = C:\WORKS_2\WS\WS_Others.Art\JVEMV6\46_art\VIRTUAL\Admin_Projects\ip\images
fname_Image = img.20180924_074640.2018-09-23_19-58-15_000.jpg.4.png

[20180924_074646 / lib_ip.py:2273] inspecting ===> img.20180924_074646.2018-09-23_22-21-06_000.jpg.1.png
[20180924_074647 / lib_ip.py:4330] 
img.20180924_074646.2018-09-23_22-21-06_000.jpg.1.png 0
[20180924_074647 / lib_ip.py:3794] file = img.20180924_074646.2018-09-23_22-21-06_000.jpg.1.png / val_Average = 75.0559	val_Variance = 386.3459	sd = 19.6557	max = 135	min = 0
[20180924_074647 / lib_ip.py:3877] len(Hs) = 8100, len(Ss) = 8100, len(Vs) = 8100
[20180924_074647 / lib_ip.py:3910] yellow : variance --> out of range (variance = 386.346 / upper = 0.650 / lower = 0.000)
[20180924_074647 / lib_ip.py:3794] file = img.20180924_074646.2018-09-23_22-21-06_000.jpg.1.png / val_Average = 75.0559	val_Variance = 386.3459	sd = 19.6557	max = 135	min = 0
[20180924_074647 / lib_ip.py:3977] len(Hs) = 8100, len(Ss) = 8100, len(Vs) = 8100
[20180924_074647 / lib_ip.py:4023] red : variance --> out of range (variance = 386.346 / upper = 0.430 / lower = 0.000)
[20180924_074647 / lib_ip.py:3794] file = img.20180924_074646.2018-09-23_22-21-06_000.jpg.1.png / val_Average = 75.0559	val_Variance = 386.3459	sd = 19.6557	max = 135	min = 0
[20180924_074647 / lib_ip.py:4090] len(Hs) = 8100, len(Ss) = 8100, len(Vs) = 8100
[20180924_074648 / lib_ip.py:4137] green : variance --> out of range (variance = 386.346 / upper = 0.750 / lower = 0.000)
[20180924_074648 / lib_ip.py:3794] file = img.20180924_074646.2018-09-23_22-21-06_000.jpg.1.png / val_Average = 75.0559	val_Variance = 386.3459	sd = 19.6557	max = 135	min = 0
[20180924_074648 / lib_ip.py:4204] len(Hs) = 8100, len(Ss) = 8100, len(Vs) = 8100
[20180924_074648 / lib_ip.py:4248] black : variance --> out of range (variance = 386.346 / upper = 0.000 / lower = 0.000)
[20180924_074648 / lib_ip.py:4398] file : img.20180924_074646.2018-09-23_22-21-06_000.jpg.1.png 0 (black : variance --> out of range (variance = 386.346 / upper = 0.000 / lower = 0.000))
[20180924_074648 / lib_ip.py:2273] inspecting ===> img.20180924_074646.2018-09-23_22-21-06_000.jpg.2.png
[20180924_074648 / lib_ip.py:4330] 
img.20180924_074646.2018-09-23_22-21-06_000.jpg.2.png 1
[20180924_074648 / lib_ip.py:3794] file = img.20180924_074646.2018-09-23_22-21-06_000.jpg.2.png / val_Average = 105.3056	val_Variance = 12.4628	sd = 3.5303	max = 114	min = 95
[20180924_074648 / lib_ip.py:3877] len(Hs) = 8100, len(Ss) = 8100, len(Vs) = 8100
[20180924_074648 / lib_ip.py:3910] yellow : variance --> out of range (variance = 12.463 / upper = 0.650 / lower = 0.000)
[20180924_074648 / lib_ip.py:3794] file = img.20180924_074646.2018-09-23_22-21-06_000.jpg.2.png / val_Average = 105.3056	val_Variance = 12.4628	sd = 3.5303	max = 114	min = 95
[20180924_074649 / lib_ip.py:3977] len(Hs) = 8100, len(Ss) = 8100, len(Vs) = 8100
[20180924_074649 / lib_ip.py:4023] red : variance --> out of range (variance = 12.463 / upper = 0.430 / lower = 0.000)
[20180924_074649 / lib_ip.py:3794] file = img.20180924_074646.2018-09-23_22-21-06_000.jpg.2.png / val_Average = 105.3056	val_Variance = 12.4628	sd = 3.5303	max = 114	min = 95
[20180924_074649 / lib_ip.py:4090] len(Hs) = 8100, len(Ss) = 8100, len(Vs) = 8100
[20180924_074649 / lib_ip.py:4137] green : variance --> out of range (variance = 12.463 / upper = 0.750 / lower = 0.000)
[20180924_074649 / lib_ip.py:3794] file = img.20180924_074646.2018-09-23_22-21-06_000.jpg.2.png / val_Average = 105.3056	val_Variance = 12.4628	sd = 3.5303	max = 114	min = 95
[20180924_074649 / lib_ip.py:4204] len(Hs) = 8100, len(Ss) = 8100, len(Vs) = 8100
[20180924_074649 / lib_ip.py:4248] black : variance --> out of range (variance = 12.463 / upper = 0.000 / lower = 0.000)
[20180924_074649 / lib_ip.py:4398] file : img.20180924_074646.2018-09-23_22-21-06_000.jpg.2.png 1 (black : variance --> out of range (variance = 12.463 / upper = 0.000 / lower = 0.000))
[20180924_074649 / lib_ip.py:2273] inspecting ===> img.20180924_074646.2018-09-23_22-21-06_000.jpg.3.png
[20180924_074649 / lib_ip.py:4330] 
img.20180924_074646.2018-09-23_22-21-06_000.jpg.3.png 2
[20180924_074650 / lib_ip.py:3794] file = img.20180924_074646.2018-09-23_22-21-06_000.jpg.3.png / val_Average = 86.7910	val_Variance = 10.4498	sd = 3.2326	max = 96	min = 77
[20180924_074650 / lib_ip.py:3877] len(Hs) = 8100, len(Ss) = 8100, len(Vs) = 8100
[20180924_074650 / lib_ip.py:3910] yellow : variance --> out of range (variance = 10.450 / upper = 0.650 / lower = 0.000)
[20180924_074650 / lib_ip.py:3794] file = img.20180924_074646.2018-09-23_22-21-06_000.jpg.3.png / val_Average = 86.7910	val_Variance = 10.4498	sd = 3.2326	max = 96	min = 77
[20180924_074650 / lib_ip.py:3977] len(Hs) = 8100, len(Ss) = 8100, len(Vs) = 8100
[20180924_074650 / lib_ip.py:4023] red : variance --> out of range (variance = 10.450 / upper = 0.430 / lower = 0.000)
[20180924_074650 / lib_ip.py:3794] file = img.20180924_074646.2018-09-23_22-21-06_000.jpg.3.png / val_Average = 86.7910	val_Variance = 10.4498	sd = 3.2326	max = 96	min = 77
[20180924_074650 / lib_ip.py:4090] len(Hs) = 8100, len(Ss) = 8100, len(Vs) = 8100
[20180924_074650 / lib_ip.py:4137] green : variance --> out of range (variance = 10.450 / upper = 0.750 / lower = 0.000)
[20180924_074650 / lib_ip.py:3794] file = img.20180924_074646.2018-09-23_22-21-06_000.jpg.3.png / val_Average = 86.7910	val_Variance = 10.4498	sd = 3.2326	max = 96	min = 77
[20180924_074650 / lib_ip.py:4204] len(Hs) = 8100, len(Ss) = 8100, len(Vs) = 8100
[20180924_074650 / lib_ip.py:4248] black : variance --> out of range (variance = 10.450 / upper = 0.000 / lower = 0.000)
[20180924_074650 / lib_ip.py:4398] file : img.20180924_074646.2018-09-23_22-21-06_000.jpg.3.png 2 (black : variance --> out of range (variance = 10.450 / upper = 0.000 / lower = 0.000))
[20180924_074650 / lib_ip.py:2273] inspecting ===> img.20180924_074646.2018-09-23_22-21-06_000.jpg.4.png
[20180924_074651 / lib_ip.py:4330] 
img.20180924_074646.2018-09-23_22-21-06_000.jpg.4.png 3
[20180924_074651 / lib_ip.py:3794] file = img.20180924_074646.2018-09-23_22-21-06_000.jpg.4.png / val_Average = 92.9480	val_Variance = 293.4952	sd = 17.1317	max = 114	min = 0
[20180924_074651 / lib_ip.py:3877] len(Hs) = 8100, len(Ss) = 8100, len(Vs) = 8100
[20180924_074651 / lib_ip.py:3910] yellow : variance --> out of range (variance = 293.495 / upper = 0.650 / lower = 0.000)
[20180924_074651 / lib_ip.py:3794] file = img.20180924_074646.2018-09-23_22-21-06_000.jpg.4.png / val_Average = 92.9480	val_Variance = 293.4952	sd = 17.1317	max = 114	min = 0
[20180924_074651 / lib_ip.py:3977] len(Hs) = 8100, len(Ss) = 8100, len(Vs) = 8100
[20180924_074651 / lib_ip.py:4023] red : variance --> out of range (variance = 293.495 / upper = 0.430 / lower = 0.000)
[20180924_074651 / lib_ip.py:3794] file = img.20180924_074646.2018-09-23_22-21-06_000.jpg.4.png / val_Average = 92.9480	val_Variance = 293.4952	sd = 17.1317	max = 114	min = 0
[20180924_074651 / lib_ip.py:4090] len(Hs) = 8100, len(Ss) = 8100, len(Vs) = 8100
[20180924_074651 / lib_ip.py:4137] green : variance --> out of range (variance = 293.495 / upper = 0.750 / lower = 0.000)
[20180924_074652 / lib_ip.py:3794] file = img.20180924_074646.2018-09-23_22-21-06_000.jpg.4.png / val_Average = 92.9480	val_Variance = 293.4952	sd = 17.1317	max = 114	min = 0
[20180924_074652 / lib_ip.py:4204] len(Hs) = 8100, len(Ss) = 8100, len(Vs) = 8100
[20180924_074652 / lib_ip.py:4248] black : variance --> out of range (variance = 293.495 / upper = 0.000 / lower = 0.000)
[20180924_074652 / lib_ip.py:4398] file : img.20180924_074646.2018-09-23_22-21-06_000.jpg.4.png 3 (black : variance --> out of range (variance = 293.495 / upper = 0.000 / lower = 0.000))
[20180924_074650 / lib_ip.py:2273] inspecting ===> img.20180924_074646.2018-09-23_22-21-06_000.jpg.4.png
img.20180924_074646.2018-09-23_22-21-06_000.jpg.1.png => other
img.20180924_074646.2018-09-23_22-21-06_000.jpg.2.png => other
img.20180924_074646.2018-09-23_22-21-06_000.jpg.3.png => other
img.20180924_074646.2018-09-23_22-21-06_000.jpg.4.png => other
[20180924_074652 lib_ip.py:3300] =============== Get 4 corners
dpath_Images = C:\WORKS_2\WS\WS_Others.Art\JVEMV6\46_art\VIRTUAL\Admin_Projects\ip\images
fname_Image = img.20180924_074646.2018-09-23_22-21-06_000.jpg.4.png

[20180924_074653 / lib_ip.py:2273] inspecting ===> img.20180924_074652.2018-09-23_22-21-17_000.jpg.1.png
[20180924_074653 / lib_ip.py:4330] 
img.20180924_074652.2018-09-23_22-21-17_000.jpg.1.png 0
[20180924_074653 / lib_ip.py:3794] file = img.20180924_074652.2018-09-23_22-21-17_000.jpg.1.png / val_Average = 95.7640	val_Variance = 31.9423	sd = 5.6518	max = 135	min = 78
[20180924_074653 / lib_ip.py:3877] len(Hs) = 8100, len(Ss) = 8100, len(Vs) = 8100
[20180924_074653 / lib_ip.py:3910] yellow : variance --> out of range (variance = 31.942 / upper = 0.650 / lower = 0.000)
[20180924_074653 / lib_ip.py:3794] file = img.20180924_074652.2018-09-23_22-21-17_000.jpg.1.png / val_Average = 95.7640	val_Variance = 31.9423	sd = 5.6518	max = 135	min = 78
[20180924_074653 / lib_ip.py:3977] len(Hs) = 8100, len(Ss) = 8100, len(Vs) = 8100
[20180924_074654 / lib_ip.py:4023] red : variance --> out of range (variance = 31.942 / upper = 0.430 / lower = 0.000)
[20180924_074654 / lib_ip.py:3794] file = img.20180924_074652.2018-09-23_22-21-17_000.jpg.1.png / val_Average = 95.7640	val_Variance = 31.9423	sd = 5.6518	max = 135	min = 78
[20180924_074654 / lib_ip.py:4090] len(Hs) = 8100, len(Ss) = 8100, len(Vs) = 8100
[20180924_074654 / lib_ip.py:4137] green : variance --> out of range (variance = 31.942 / upper = 0.750 / lower = 0.000)
[20180924_074654 / lib_ip.py:3794] file = img.20180924_074652.2018-09-23_22-21-17_000.jpg.1.png / val_Average = 95.7640	val_Variance = 31.9423	sd = 5.6518	max = 135	min = 78
[20180924_074654 / lib_ip.py:4204] len(Hs) = 8100, len(Ss) = 8100, len(Vs) = 8100
[20180924_074654 / lib_ip.py:4248] black : variance --> out of range (variance = 31.942 / upper = 0.000 / lower = 0.000)
[20180924_074654 / lib_ip.py:4398] file : img.20180924_074652.2018-09-23_22-21-17_000.jpg.1.png 0 (black : variance --> out of range (variance = 31.942 / upper = 0.000 / lower = 0.000))
[20180924_074654 / lib_ip.py:2273] inspecting ===> img.20180924_074652.2018-09-23_22-21-17_000.jpg.2.png
[20180924_074654 / lib_ip.py:4330] 
img.20180924_074652.2018-09-23_22-21-17_000.jpg.2.png 1
[20180924_074654 / lib_ip.py:3794] file = img.20180924_074652.2018-09-23_22-21-17_000.jpg.2.png / val_Average = 97.6562	val_Variance = 8.9402	sd = 2.9900	max = 109	min = 85
[20180924_074654 / lib_ip.py:3877] len(Hs) = 8100, len(Ss) = 8100, len(Vs) = 8100
[20180924_074655 / lib_ip.py:3910] yellow : variance --> out of range (variance = 8.940 / upper = 0.650 / lower = 0.000)
[20180924_074655 / lib_ip.py:3794] file = img.20180924_074652.2018-09-23_22-21-17_000.jpg.2.png / val_Average = 97.6562	val_Variance = 8.9402	sd = 2.9900	max = 109	min = 85
[20180924_074655 / lib_ip.py:3977] len(Hs) = 8100, len(Ss) = 8100, len(Vs) = 8100
[20180924_074655 / lib_ip.py:4023] red : variance --> out of range (variance = 8.940 / upper = 0.430 / lower = 0.000)
[20180924_074655 / lib_ip.py:3794] file = img.20180924_074652.2018-09-23_22-21-17_000.jpg.2.png / val_Average = 97.6562	val_Variance = 8.9402	sd = 2.9900	max = 109	min = 85
[20180924_074655 / lib_ip.py:4090] len(Hs) = 8100, len(Ss) = 8100, len(Vs) = 8100
[20180924_074655 / lib_ip.py:4137] green : variance --> out of range (variance = 8.940 / upper = 0.750 / lower = 0.000)
[20180924_074655 / lib_ip.py:3794] file = img.20180924_074652.2018-09-23_22-21-17_000.jpg.2.png / val_Average = 97.6562	val_Variance = 8.9402	sd = 2.9900	max = 109	min = 85
[20180924_074655 / lib_ip.py:4204] len(Hs) = 8100, len(Ss) = 8100, len(Vs) = 8100
[20180924_074655 / lib_ip.py:4248] black : variance --> out of range (variance = 8.940 / upper = 0.000 / lower = 0.000)
[20180924_074655 / lib_ip.py:4398] file : img.20180924_074652.2018-09-23_22-21-17_000.jpg.2.png 1 (black : variance --> out of range (variance = 8.940 / upper = 0.000 / lower = 0.000))
[20180924_074655 / lib_ip.py:2273] inspecting ===> img.20180924_074652.2018-09-23_22-21-17_000.jpg.3.png
[20180924_074656 / lib_ip.py:4330] 
img.20180924_074652.2018-09-23_22-21-17_000.jpg.3.png 2
[20180924_074656 / lib_ip.py:3794] file = img.20180924_074652.2018-09-23_22-21-17_000.jpg.3.png / val_Average = 92.0032	val_Variance = 42.5958	sd = 6.5265	max = 107	min = 54
[20180924_074656 / lib_ip.py:3877] len(Hs) = 8100, len(Ss) = 8100, len(Vs) = 8100
[20180924_074656 / lib_ip.py:3910] yellow : variance --> out of range (variance = 42.596 / upper = 0.650 / lower = 0.000)
[20180924_074656 / lib_ip.py:3794] file = img.20180924_074652.2018-09-23_22-21-17_000.jpg.3.png / val_Average = 92.0032	val_Variance = 42.5958	sd = 6.5265	max = 107	min = 54
[20180924_074656 / lib_ip.py:3977] len(Hs) = 8100, len(Ss) = 8100, len(Vs) = 8100
[20180924_074656 / lib_ip.py:4023] red : variance --> out of range (variance = 42.596 / upper = 0.430 / lower = 0.000)
[20180924_074656 / lib_ip.py:3794] file = img.20180924_074652.2018-09-23_22-21-17_000.jpg.3.png / val_Average = 92.0032	val_Variance = 42.5958	sd = 6.5265	max = 107	min = 54
[20180924_074656 / lib_ip.py:4090] len(Hs) = 8100, len(Ss) = 8100, len(Vs) = 8100
[20180924_074656 / lib_ip.py:4137] green : variance --> out of range (variance = 42.596 / upper = 0.750 / lower = 0.000)
[20180924_074656 / lib_ip.py:3794] file = img.20180924_074652.2018-09-23_22-21-17_000.jpg.3.png / val_Average = 92.0032	val_Variance = 42.5958	sd = 6.5265	max = 107	min = 54
[20180924_074656 / lib_ip.py:4204] len(Hs) = 8100, len(Ss) = 8100, len(Vs) = 8100
[20180924_074656 / lib_ip.py:4248] black : variance --> out of range (variance = 42.596 / upper = 0.000 / lower = 0.000)
[20180924_074656 / lib_ip.py:4398] file : img.20180924_074652.2018-09-23_22-21-17_000.jpg.3.png 2 (black : variance --> out of range (variance = 42.596 / upper = 0.000 / lower = 0.000))
[20180924_074657 / lib_ip.py:2273] inspecting ===> img.20180924_074652.2018-09-23_22-21-17_000.jpg.4.png
[20180924_074657 / lib_ip.py:4330] 
img.20180924_074652.2018-09-23_22-21-17_000.jpg.4.png 3
[20180924_074657 / lib_ip.py:3794] file = img.20180924_074652.2018-09-23_22-21-17_000.jpg.4.png / val_Average = 92.1805	val_Variance = 29.4808	sd = 5.4296	max = 104	min = 77
[20180924_074657 / lib_ip.py:3877] len(Hs) = 8100, len(Ss) = 8100, len(Vs) = 8100
[20180924_074657 / lib_ip.py:3910] yellow : variance --> out of range (variance = 29.481 / upper = 0.650 / lower = 0.000)
[20180924_074657 / lib_ip.py:3794] file = img.20180924_074652.2018-09-23_22-21-17_000.jpg.4.png / val_Average = 92.1805	val_Variance = 29.4808	sd = 5.4296	max = 104	min = 77
[20180924_074657 / lib_ip.py:3977] len(Hs) = 8100, len(Ss) = 8100, len(Vs) = 8100
[20180924_074658 / lib_ip.py:4023] red : variance --> out of range (variance = 29.481 / upper = 0.430 / lower = 0.000)
[20180924_074658 / lib_ip.py:3794] file = img.20180924_074652.2018-09-23_22-21-17_000.jpg.4.png / val_Average = 92.1805	val_Variance = 29.4808	sd = 5.4296	max = 104	min = 77
[20180924_074658 / lib_ip.py:4090] len(Hs) = 8100, len(Ss) = 8100, len(Vs) = 8100
[20180924_074658 / lib_ip.py:4137] green : variance --> out of range (variance = 29.481 / upper = 0.750 / lower = 0.000)
[20180924_074658 / lib_ip.py:3794] file = img.20180924_074652.2018-09-23_22-21-17_000.jpg.4.png / val_Average = 92.1805	val_Variance = 29.4808	sd = 5.4296	max = 104	min = 77
[20180924_074658 / lib_ip.py:4204] len(Hs) = 8100, len(Ss) = 8100, len(Vs) = 8100
[20180924_074658 / lib_ip.py:4248] black : variance --> out of range (variance = 29.481 / upper = 0.000 / lower = 0.000)
[20180924_074658 / lib_ip.py:4398] file : img.20180924_074652.2018-09-23_22-21-17_000.jpg.4.png 3 (black : variance --> out of range (variance = 29.481 / upper = 0.000 / lower = 0.000))
[20180924_074657 / lib_ip.py:2273] inspecting ===> img.20180924_074652.2018-09-23_22-21-17_000.jpg.4.png
img.20180924_074652.2018-09-23_22-21-17_000.jpg.1.png => other
img.20180924_074652.2018-09-23_22-21-17_000.jpg.2.png => other
img.20180924_074652.2018-09-23_22-21-17_000.jpg.3.png => other
img.20180924_074652.2018-09-23_22-21-17_000.jpg.4.png => other
[20180924_074658 lib_ip.py:3300] =============== Get 4 corners
dpath_Images = C:\WORKS_2\WS\WS_Others.Art\JVEMV6\46_art\VIRTUAL\Admin_Projects\ip\images
fname_Image = img.20180924_074652.2018-09-23_22-21-17_000.jpg.4.png

[20180924_074659 / lib_ip.py:2273] inspecting ===> img.20180924_074659.2018-09-23_22-21-25_000.jpg.1.png
[20180924_074700 / lib_ip.py:4330] 
img.20180924_074659.2018-09-23_22-21-25_000.jpg.1.png 0
[20180924_074700 / lib_ip.py:3794] file = img.20180924_074659.2018-09-23_22-21-25_000.jpg.1.png / val_Average = 100.1075	val_Variance = 24.4118	sd = 4.9408	max = 114	min = 84
[20180924_074700 / lib_ip.py:3877] len(Hs) = 8100, len(Ss) = 8100, len(Vs) = 8100
[20180924_074700 / lib_ip.py:3910] yellow : variance --> out of range (variance = 24.412 / upper = 0.650 / lower = 0.000)
[20180924_074700 / lib_ip.py:3794] file = img.20180924_074659.2018-09-23_22-21-25_000.jpg.1.png / val_Average = 100.1075	val_Variance = 24.4118	sd = 4.9408	max = 114	min = 84
[20180924_074700 / lib_ip.py:3977] len(Hs) = 8100, len(Ss) = 8100, len(Vs) = 8100
[20180924_074700 / lib_ip.py:4023] red : variance --> out of range (variance = 24.412 / upper = 0.430 / lower = 0.000)
[20180924_074700 / lib_ip.py:3794] file = img.20180924_074659.2018-09-23_22-21-25_000.jpg.1.png / val_Average = 100.1075	val_Variance = 24.4118	sd = 4.9408	max = 114	min = 84
[20180924_074700 / lib_ip.py:4090] len(Hs) = 8100, len(Ss) = 8100, len(Vs) = 8100
[20180924_074700 / lib_ip.py:4137] green : variance --> out of range (variance = 24.412 / upper = 0.750 / lower = 0.000)
[20180924_074701 / lib_ip.py:3794] file = img.20180924_074659.2018-09-23_22-21-25_000.jpg.1.png / val_Average = 100.1075	val_Variance = 24.4118	sd = 4.9408	max = 114	min = 84
[20180924_074701 / lib_ip.py:4204] len(Hs) = 8100, len(Ss) = 8100, len(Vs) = 8100
[20180924_074701 / lib_ip.py:4248] black : variance --> out of range (variance = 24.412 / upper = 0.000 / lower = 0.000)
[20180924_074701 / lib_ip.py:4398] file : img.20180924_074659.2018-09-23_22-21-25_000.jpg.1.png 0 (black : variance --> out of range (variance = 24.412 / upper = 0.000 / lower = 0.000))
[20180924_074701 / lib_ip.py:2273] inspecting ===> img.20180924_074659.2018-09-23_22-21-25_000.jpg.2.png
[20180924_074701 / lib_ip.py:4330] 
img.20180924_074659.2018-09-23_22-21-25_000.jpg.2.png 1
[20180924_074701 / lib_ip.py:3794] file = img.20180924_074659.2018-09-23_22-21-25_000.jpg.2.png / val_Average = 95.2852	val_Variance = 23.3224	sd = 4.8293	max = 114	min = 77
[20180924_074701 / lib_ip.py:3877] len(Hs) = 8100, len(Ss) = 8100, len(Vs) = 8100
[20180924_074702 / lib_ip.py:3910] yellow : variance --> out of range (variance = 23.322 / upper = 0.650 / lower = 0.000)
[20180924_074702 / lib_ip.py:3794] file = img.20180924_074659.2018-09-23_22-21-25_000.jpg.2.png / val_Average = 95.2852	val_Variance = 23.3224	sd = 4.8293	max = 114	min = 77
[20180924_074702 / lib_ip.py:3977] len(Hs) = 8100, len(Ss) = 8100, len(Vs) = 8100
[20180924_074702 / lib_ip.py:4023] red : variance --> out of range (variance = 23.322 / upper = 0.430 / lower = 0.000)
[20180924_074702 / lib_ip.py:3794] file = img.20180924_074659.2018-09-23_22-21-25_000.jpg.2.png / val_Average = 95.2852	val_Variance = 23.3224	sd = 4.8293	max = 114	min = 77
[20180924_074702 / lib_ip.py:4090] len(Hs) = 8100, len(Ss) = 8100, len(Vs) = 8100
[20180924_074702 / lib_ip.py:4137] green : variance --> out of range (variance = 23.322 / upper = 0.750 / lower = 0.000)
[20180924_074702 / lib_ip.py:3794] file = img.20180924_074659.2018-09-23_22-21-25_000.jpg.2.png / val_Average = 95.2852	val_Variance = 23.3224	sd = 4.8293	max = 114	min = 77
[20180924_074702 / lib_ip.py:4204] len(Hs) = 8100, len(Ss) = 8100, len(Vs) = 8100
[20180924_074702 / lib_ip.py:4248] black : variance --> out of range (variance = 23.322 / upper = 0.000 / lower = 0.000)
[20180924_074702 / lib_ip.py:4398] file : img.20180924_074659.2018-09-23_22-21-25_000.jpg.2.png 1 (black : variance --> out of range (variance = 23.322 / upper = 0.000 / lower = 0.000))
[20180924_074702 / lib_ip.py:2273] inspecting ===> img.20180924_074659.2018-09-23_22-21-25_000.jpg.3.png
[20180924_074702 / lib_ip.py:4330] 
img.20180924_074659.2018-09-23_22-21-25_000.jpg.3.png 2
[20180924_074702 / lib_ip.py:3794] file = img.20180924_074659.2018-09-23_22-21-25_000.jpg.3.png / val_Average = 102.6214	val_Variance = 7.6503	sd = 2.7659	max = 109	min = 90
[20180924_074702 / lib_ip.py:3877] len(Hs) = 8100, len(Ss) = 8100, len(Vs) = 8100
[20180924_074702 / lib_ip.py:3910] yellow : variance --> out of range (variance = 7.650 / upper = 0.650 / lower = 0.000)
[20180924_074703 / lib_ip.py:3794] file = img.20180924_074659.2018-09-23_22-21-25_000.jpg.3.png / val_Average = 102.6214	val_Variance = 7.6503	sd = 2.7659	max = 109	min = 90
[20180924_074703 / lib_ip.py:3977] len(Hs) = 8100, len(Ss) = 8100, len(Vs) = 8100
[20180924_074703 / lib_ip.py:4023] red : variance --> out of range (variance = 7.650 / upper = 0.430 / lower = 0.000)
[20180924_074703 / lib_ip.py:3794] file = img.20180924_074659.2018-09-23_22-21-25_000.jpg.3.png / val_Average = 102.6214	val_Variance = 7.6503	sd = 2.7659	max = 109	min = 90
[20180924_074703 / lib_ip.py:4090] len(Hs) = 8100, len(Ss) = 8100, len(Vs) = 8100
[20180924_074703 / lib_ip.py:4137] green : variance --> out of range (variance = 7.650 / upper = 0.750 / lower = 0.000)
[20180924_074704 / lib_ip.py:3794] file = img.20180924_074659.2018-09-23_22-21-25_000.jpg.3.png / val_Average = 102.6214	val_Variance = 7.6503	sd = 2.7659	max = 109	min = 90
[20180924_074704 / lib_ip.py:4204] len(Hs) = 8100, len(Ss) = 8100, len(Vs) = 8100
[20180924_074704 / lib_ip.py:4248] black : variance --> out of range (variance = 7.650 / upper = 0.000 / lower = 0.000)
[20180924_074704 / lib_ip.py:4398] file : img.20180924_074659.2018-09-23_22-21-25_000.jpg.3.png 2 (black : variance --> out of range (variance = 7.650 / upper = 0.000 / lower = 0.000))
[20180924_074704 / lib_ip.py:2273] inspecting ===> img.20180924_074659.2018-09-23_22-21-25_000.jpg.4.png
[20180924_074704 / lib_ip.py:4330] 
img.20180924_074659.2018-09-23_22-21-25_000.jpg.4.png 3
[20180924_074704 / lib_ip.py:3794] file = img.20180924_074659.2018-09-23_22-21-25_000.jpg.4.png / val_Average = 100.0569	val_Variance = 311.1532	sd = 17.6395	max = 135	min = 0
[20180924_074704 / lib_ip.py:3877] len(Hs) = 8100, len(Ss) = 8100, len(Vs) = 8100
[20180924_074705 / lib_ip.py:3910] yellow : variance --> out of range (variance = 311.153 / upper = 0.650 / lower = 0.000)
[20180924_074705 / lib_ip.py:3794] file = img.20180924_074659.2018-09-23_22-21-25_000.jpg.4.png / val_Average = 100.0569	val_Variance = 311.1532	sd = 17.6395	max = 135	min = 0
[20180924_074705 / lib_ip.py:3977] len(Hs) = 8100, len(Ss) = 8100, len(Vs) = 8100
[20180924_074705 / lib_ip.py:4023] red : variance --> out of range (variance = 311.153 / upper = 0.430 / lower = 0.000)
[20180924_074705 / lib_ip.py:3794] file = img.20180924_074659.2018-09-23_22-21-25_000.jpg.4.png / val_Average = 100.0569	val_Variance = 311.1532	sd = 17.6395	max = 135	min = 0
[20180924_074705 / lib_ip.py:4090] len(Hs) = 8100, len(Ss) = 8100, len(Vs) = 8100
[20180924_074705 / lib_ip.py:4137] green : variance --> out of range (variance = 311.153 / upper = 0.750 / lower = 0.000)
[20180924_074705 / lib_ip.py:3794] file = img.20180924_074659.2018-09-23_22-21-25_000.jpg.4.png / val_Average = 100.0569	val_Variance = 311.1532	sd = 17.6395	max = 135	min = 0
[20180924_074705 / lib_ip.py:4204] len(Hs) = 8100, len(Ss) = 8100, len(Vs) = 8100
[20180924_074705 / lib_ip.py:4248] black : variance --> out of range (variance = 311.153 / upper = 0.000 / lower = 0.000)
[20180924_074705 / lib_ip.py:4398] file : img.20180924_074659.2018-09-23_22-21-25_000.jpg.4.png 3 (black : variance --> out of range (variance = 311.153 / upper = 0.000 / lower = 0.000))
[20180924_074704 / lib_ip.py:2273] inspecting ===> img.20180924_074659.2018-09-23_22-21-25_000.jpg.4.png
img.20180924_074659.2018-09-23_22-21-25_000.jpg.1.png => other
img.20180924_074659.2018-09-23_22-21-25_000.jpg.2.png => other
img.20180924_074659.2018-09-23_22-21-25_000.jpg.3.png => other
img.20180924_074659.2018-09-23_22-21-25_000.jpg.4.png => other
[20180924_074705 lib_ip.py:3300] =============== Get 4 corners
dpath_Images = C:\WORKS_2\WS\WS_Others.Art\JVEMV6\46_art\VIRTUAL\Admin_Projects\ip\images
fname_Image = img.20180924_074659.2018-09-23_22-21-25_000.jpg.4.png

[20180924_074706 / lib_ip.py:2273] inspecting ===> img.20180924_074706.2018-09-24_07-15-39_000.png.1.png
[20180924_074707 / lib_ip.py:4330] 
img.20180924_074706.2018-09-24_07-15-39_000.png.1.png 0
[20180924_074707 / lib_ip.py:3794] file = img.20180924_074706.2018-09-24_07-15-39_000.png.1.png / val_Average = 80.1814	val_Variance = 1429.0702	sd = 37.8030	max = 150	min = 0
[20180924_074707 / lib_ip.py:3877] len(Hs) = 8100, len(Ss) = 8100, len(Vs) = 8100
[20180924_074707 / lib_ip.py:3910] yellow : variance --> out of range (variance = 1429.070 / upper = 0.650 / lower = 0.000)
[20180924_074707 / lib_ip.py:3794] file = img.20180924_074706.2018-09-24_07-15-39_000.png.1.png / val_Average = 80.1814	val_Variance = 1429.0702	sd = 37.8030	max = 150	min = 0
[20180924_074707 / lib_ip.py:3977] len(Hs) = 8100, len(Ss) = 8100, len(Vs) = 8100
[20180924_074707 / lib_ip.py:4023] red : variance --> out of range (variance = 1429.070 / upper = 0.430 / lower = 0.000)
[20180924_074707 / lib_ip.py:3794] file = img.20180924_074706.2018-09-24_07-15-39_000.png.1.png / val_Average = 80.1814	val_Variance = 1429.0702	sd = 37.8030	max = 150	min = 0
[20180924_074707 / lib_ip.py:4090] len(Hs) = 8100, len(Ss) = 8100, len(Vs) = 8100
[20180924_074708 / lib_ip.py:4137] green : variance --> out of range (variance = 1429.070 / upper = 0.750 / lower = 0.000)
[20180924_074708 / lib_ip.py:3794] file = img.20180924_074706.2018-09-24_07-15-39_000.png.1.png / val_Average = 80.1814	val_Variance = 1429.0702	sd = 37.8030	max = 150	min = 0
[20180924_074708 / lib_ip.py:4204] len(Hs) = 8100, len(Ss) = 8100, len(Vs) = 8100
[20180924_074708 / lib_ip.py:4248] black : variance --> out of range (variance = 1429.070 / upper = 0.000 / lower = 0.000)
[20180924_074708 / lib_ip.py:4398] file : img.20180924_074706.2018-09-24_07-15-39_000.png.1.png 0 (black : variance --> out of range (variance = 1429.070 / upper = 0.000 / lower = 0.000))
[20180924_074708 / lib_ip.py:2273] inspecting ===> img.20180924_074706.2018-09-24_07-15-39_000.png.2.png
[20180924_074708 / lib_ip.py:4330] 
img.20180924_074706.2018-09-24_07-15-39_000.png.2.png 1
[20180924_074708 / lib_ip.py:3794] file = img.20180924_074706.2018-09-24_07-15-39_000.png.2.png / val_Average = 40.7807	val_Variance = 5509.8095	sd = 74.2281	max = 179	min = 0
[20180924_074708 / lib_ip.py:3877] len(Hs) = 8100, len(Ss) = 8100, len(Vs) = 8100
[20180924_074709 / lib_ip.py:3910] yellow : variance --> out of range (variance = 5509.809 / upper = 0.650 / lower = 0.000)
[20180924_074709 / lib_ip.py:3794] file = img.20180924_074706.2018-09-24_07-15-39_000.png.2.png / val_Average = 40.7807	val_Variance = 5509.8095	sd = 74.2281	max = 179	min = 0
[20180924_074709 / lib_ip.py:3977] len(Hs) = 8100, len(Ss) = 8100, len(Vs) = 8100
[20180924_074709 / lib_ip.py:4023] red : variance --> out of range (variance = 5509.809 / upper = 0.430 / lower = 0.000)
[20180924_074709 / lib_ip.py:3794] file = img.20180924_074706.2018-09-24_07-15-39_000.png.2.png / val_Average = 40.7807	val_Variance = 5509.8095	sd = 74.2281	max = 179	min = 0
[20180924_074709 / lib_ip.py:4090] len(Hs) = 8100, len(Ss) = 8100, len(Vs) = 8100
[20180924_074709 / lib_ip.py:4137] green : variance --> out of range (variance = 5509.809 / upper = 0.750 / lower = 0.000)
[20180924_074709 / lib_ip.py:3794] file = img.20180924_074706.2018-09-24_07-15-39_000.png.2.png / val_Average = 40.7807	val_Variance = 5509.8095	sd = 74.2281	max = 179	min = 0
[20180924_074709 / lib_ip.py:4204] len(Hs) = 8100, len(Ss) = 8100, len(Vs) = 8100
[20180924_074709 / lib_ip.py:4248] black : variance --> out of range (variance = 5509.809 / upper = 0.000 / lower = 0.000)
[20180924_074709 / lib_ip.py:4398] file : img.20180924_074706.2018-09-24_07-15-39_000.png.2.png 1 (black : variance --> out of range (variance = 5509.809 / upper = 0.000 / lower = 0.000))
[20180924_074709 / lib_ip.py:2273] inspecting ===> img.20180924_074706.2018-09-24_07-15-39_000.png.3.png
[20180924_074710 / lib_ip.py:4330] 
img.20180924_074706.2018-09-24_07-15-39_000.png.3.png 2
[20180924_074710 / lib_ip.py:3794] file = img.20180924_074706.2018-09-24_07-15-39_000.png.3.png / val_Average = 100.5019	val_Variance = 472.5515	sd = 21.7382	max = 177	min = 87
[20180924_074710 / lib_ip.py:3877] len(Hs) = 8100, len(Ss) = 8100, len(Vs) = 8100
[20180924_074710 / lib_ip.py:3910] yellow : variance --> out of range (variance = 472.551 / upper = 0.650 / lower = 0.000)
[20180924_074710 / lib_ip.py:3794] file = img.20180924_074706.2018-09-24_07-15-39_000.png.3.png / val_Average = 100.5019	val_Variance = 472.5515	sd = 21.7382	max = 177	min = 87
[20180924_074710 / lib_ip.py:3977] len(Hs) = 8100, len(Ss) = 8100, len(Vs) = 8100
[20180924_074710 / lib_ip.py:4023] red : variance --> out of range (variance = 472.551 / upper = 0.430 / lower = 0.000)
[20180924_074710 / lib_ip.py:3794] file = img.20180924_074706.2018-09-24_07-15-39_000.png.3.png / val_Average = 100.5019	val_Variance = 472.5515	sd = 21.7382	max = 177	min = 87
[20180924_074710 / lib_ip.py:4090] len(Hs) = 8100, len(Ss) = 8100, len(Vs) = 8100
[20180924_074710 / lib_ip.py:4137] green : variance --> out of range (variance = 472.551 / upper = 0.750 / lower = 0.000)
[20180924_074711 / lib_ip.py:3794] file = img.20180924_074706.2018-09-24_07-15-39_000.png.3.png / val_Average = 100.5019	val_Variance = 472.5515	sd = 21.7382	max = 177	min = 87
[20180924_074711 / lib_ip.py:4204] len(Hs) = 8100, len(Ss) = 8100, len(Vs) = 8100
[20180924_074711 / lib_ip.py:4248] black : variance --> out of range (variance = 472.551 / upper = 0.000 / lower = 0.000)
[20180924_074711 / lib_ip.py:4398] file : img.20180924_074706.2018-09-24_07-15-39_000.png.3.png 2 (black : variance --> out of range (variance = 472.551 / upper = 0.000 / lower = 0.000))
[20180924_074711 / lib_ip.py:2273] inspecting ===> img.20180924_074706.2018-09-24_07-15-39_000.png.4.png
[20180924_074711 / lib_ip.py:4330] 
img.20180924_074706.2018-09-24_07-15-39_000.png.4.png 3
[20180924_074711 / lib_ip.py:3794] file = img.20180924_074706.2018-09-24_07-15-39_000.png.4.png / val_Average = 66.7569	val_Variance = 6361.3119	sd = 79.7578	max = 178	min = 0
[20180924_074711 / lib_ip.py:3877] len(Hs) = 8100, len(Ss) = 8100, len(Vs) = 8100
[20180924_074711 / lib_ip.py:3910] yellow : variance --> out of range (variance = 6361.312 / upper = 0.650 / lower = 0.000)
[20180924_074711 / lib_ip.py:3794] file = img.20180924_074706.2018-09-24_07-15-39_000.png.4.png / val_Average = 66.7569	val_Variance = 6361.3119	sd = 79.7578	max = 178	min = 0
[20180924_074712 / lib_ip.py:3977] len(Hs) = 8100, len(Ss) = 8100, len(Vs) = 8100
[20180924_074712 / lib_ip.py:4023] red : variance --> out of range (variance = 6361.312 / upper = 0.430 / lower = 0.000)
[20180924_074712 / lib_ip.py:3794] file = img.20180924_074706.2018-09-24_07-15-39_000.png.4.png / val_Average = 66.7569	val_Variance = 6361.3119	sd = 79.7578	max = 178	min = 0
[20180924_074712 / lib_ip.py:4090] len(Hs) = 8100, len(Ss) = 8100, len(Vs) = 8100
[20180924_074712 / lib_ip.py:4137] green : variance --> out of range (variance = 6361.312 / upper = 0.750 / lower = 0.000)
[20180924_074712 / lib_ip.py:3794] file = img.20180924_074706.2018-09-24_07-15-39_000.png.4.png / val_Average = 66.7569	val_Variance = 6361.3119	sd = 79.7578	max = 178	min = 0
[20180924_074712 / lib_ip.py:4204] len(Hs) = 8100, len(Ss) = 8100, len(Vs) = 8100
[20180924_074712 / lib_ip.py:4248] black : variance --> out of range (variance = 6361.312 / upper = 0.000 / lower = 0.000)
[20180924_074712 / lib_ip.py:4398] file : img.20180924_074706.2018-09-24_07-15-39_000.png.4.png 3 (black : variance --> out of range (variance = 6361.312 / upper = 0.000 / lower = 0.000))
[20180924_074711 / lib_ip.py:2273] inspecting ===> img.20180924_074706.2018-09-24_07-15-39_000.png.4.png
img.20180924_074706.2018-09-24_07-15-39_000.png.1.png => other
img.20180924_074706.2018-09-24_07-15-39_000.png.2.png => other
img.20180924_074706.2018-09-24_07-15-39_000.png.3.png => other
img.20180924_074706.2018-09-24_07-15-39_000.png.4.png => other
[20180924_074712 lib_ip.py:3300] =============== Get 4 corners
dpath_Images = C:\WORKS_2\WS\WS_Others.Art\JVEMV6\46_art\VIRTUAL\Admin_Projects\ip\images
fname_Image = img.20180924_074706.2018-09-24_07-15-39_000.png.4.png

[20180924_074713 / views.py:1029] gen csv => complete (20180924_074713)(elapsed = 76.415 sec / 13 files / 5.878 sec per file)
1)	2018-09-23_07-33-43_000.jpg => 	other green other green 
2)	2018-09-23_13-57-22_000.jpg => 	other other other red 
3)	2018-09-23_14-11-30_000.jpg => 	other other green green 
4)	2018-09-23_18-07-27_000.jpg => 	other other green red 
5)	2018-09-23_18-07-56_000.jpg => 	other other green red 
6)	2018-09-23_18-08-37_000.jpg => 	other other green red 
7)	2018-09-23_18-09-00_000.jpg => 	other other green red 
8)	2018-09-23_18-09-19_000.jpg => 	green other red other 
9)	2018-09-23_19-58-15_000.jpg => 	other other other yellow 
10)	2018-09-23_22-21-06_000.jpg => 	other other other other 
11)	2018-09-23_22-21-17_000.jpg => 	other other other other 
12)	2018-09-23_22-21-25_000.jpg => 	other other other other 
13)	2018-09-24_07-15-39_000.png => 	other other other other 
[20180924_074713 / views.py:1415] lo_ColorName_Set__Modified_2 =>
1)	2018-09-23_07-33-43_000.jpg => 	g g o o 
2)	2018-09-23_13-57-22_000.jpg => 	o o o r 
3)	2018-09-23_14-11-30_000.jpg => 	g g o o 
4)	2018-09-23_18-07-27_000.jpg => 	g o o r 
5)	2018-09-23_18-07-56_000.jpg => 	g o o r 
6)	2018-09-23_18-08-37_000.jpg => 	g o o r 
7)	2018-09-23_18-09-00_000.jpg => 	g o o r 
8)	2018-09-23_18-09-19_000.jpg => 	g o o r 
9)	2018-09-23_19-58-15_000.jpg => 	o o o y 
10)	2018-09-23_22-21-06_000.jpg => 	o o o o 
11)	2018-09-23_22-21-17_000.jpg => 	o o o o 
12)	2018-09-23_22-21-25_000.jpg => 	o o o o 
13)	2018-09-24_07-15-39_000.png => 	o o o o 
[20180924_074716 / lib_ip.py:4594] no key 'GPSInfo' for file : C:\WORKS_2\WS\WS_Others.Art\JVEMV6\46_art\VIRTUAL\Admin_Projects\ip\images\2018-09-24_07-15-39_000.png
[20180924_074716 / views.py:1526] gen_Cake_CSV(request) ==> ending... =======================//

