[20180922_075449 / views.py:1495] gen_Cake_CSV(request) ==> starting... =======================
[20180922_075451 / lib_ip.py:2273] inspecting ===> img.20180922_075451.2018-09-21_11-14-25_000.jpg.1.png
[20180922_075451 / lib_ip.py:4330] 
img.20180922_075451.2018-09-21_11-14-25_000.jpg.1.png 0
[20180922_075452 / lib_ip.py:3794] file = img.20180922_075451.2018-09-21_11-14-25_000.jpg.1.png / val_Average = 53.4085	val_Variance = 1235.6429	sd = 35.1517	max = 135	min = 0
[20180922_075452 / lib_ip.py:3877] len(Hs) = 8100, len(Ss) = 8100, len(Vs) = 8100
[20180922_075452 / lib_ip.py:3910] yellow : variance --> out of range (variance = 1235.643 / upper = 0.650 / lower = 0.000)
[20180922_075452 / lib_ip.py:3794] file = img.20180922_075451.2018-09-21_11-14-25_000.jpg.1.png / val_Average = 53.4085	val_Variance = 1235.6429	sd = 35.1517	max = 135	min = 0
[20180922_075452 / lib_ip.py:3977] len(Hs) = 8100, len(Ss) = 8100, len(Vs) = 8100
[20180922_075452 / lib_ip.py:4023] red : variance --> out of range (variance = 1235.643 / upper = 0.430 / lower = 0.000)
[20180922_075452 / lib_ip.py:3794] file = img.20180922_075451.2018-09-21_11-14-25_000.jpg.1.png / val_Average = 53.4085	val_Variance = 1235.6429	sd = 35.1517	max = 135	min = 0
[20180922_075452 / lib_ip.py:4090] len(Hs) = 8100, len(Ss) = 8100, len(Vs) = 8100
[20180922_075452 / lib_ip.py:4137] green : variance --> out of range (variance = 1235.643 / upper = 0.750 / lower = 0.000)
[20180922_075452 / lib_ip.py:3794] file = img.20180922_075451.2018-09-21_11-14-25_000.jpg.1.png / val_Average = 53.4085	val_Variance = 1235.6429	sd = 35.1517	max = 135	min = 0
[20180922_075452 / lib_ip.py:4204] len(Hs) = 8100, len(Ss) = 8100, len(Vs) = 8100
[20180922_075452 / lib_ip.py:4248] black : variance --> out of range (variance = 1235.643 / upper = 0.000 / lower = 0.000)
[20180922_075452 / lib_ip.py:4398] file : img.20180922_075451.2018-09-21_11-14-25_000.jpg.1.png 0 (black : variance --> out of range (variance = 1235.643 / upper = 0.000 / lower = 0.000))
[20180922_075452 / lib_ip.py:2273] inspecting ===> img.20180922_075451.2018-09-21_11-14-25_000.jpg.2.png
[20180922_075453 / lib_ip.py:4330] 
img.20180922_075451.2018-09-21_11-14-25_000.jpg.2.png 1
[20180922_075453 / lib_ip.py:3794] file = img.20180922_075451.2018-09-21_11-14-25_000.jpg.2.png / val_Average = 92.7809	val_Variance = 0.1711	sd = 0.4137	max = 93	min = 92
[20180922_075453 / lib_ip.py:3877] len(Hs) = 8100, len(Ss) = 8100, len(Vs) = 8100
[20180922_075453 / lib_ip.py:2273] inspecting ===> img.20180922_075451.2018-09-21_11-14-25_000.jpg.3.png
[20180922_075453 / lib_ip.py:4330] 
img.20180922_075451.2018-09-21_11-14-25_000.jpg.3.png 2
[20180922_075453 / lib_ip.py:3794] file = img.20180922_075451.2018-09-21_11-14-25_000.jpg.3.png / val_Average = 76.8391	val_Variance = 2027.5431	sd = 45.0282	max = 160	min = 0
[20180922_075453 / lib_ip.py:3877] len(Hs) = 8100, len(Ss) = 8100, len(Vs) = 8100
[20180922_075453 / lib_ip.py:3910] yellow : variance --> out of range (variance = 2027.543 / upper = 0.650 / lower = 0.000)
[20180922_075453 / lib_ip.py:3794] file = img.20180922_075451.2018-09-21_11-14-25_000.jpg.3.png / val_Average = 76.8391	val_Variance = 2027.5431	sd = 45.0282	max = 160	min = 0
[20180922_075453 / lib_ip.py:3977] len(Hs) = 8100, len(Ss) = 8100, len(Vs) = 8100
[20180922_075453 / lib_ip.py:4023] red : variance --> out of range (variance = 2027.543 / upper = 0.430 / lower = 0.000)
[20180922_075454 / lib_ip.py:3794] file = img.20180922_075451.2018-09-21_11-14-25_000.jpg.3.png / val_Average = 76.8391	val_Variance = 2027.5431	sd = 45.0282	max = 160	min = 0
[20180922_075454 / lib_ip.py:4090] len(Hs) = 8100, len(Ss) = 8100, len(Vs) = 8100
[20180922_075454 / lib_ip.py:4137] green : variance --> out of range (variance = 2027.543 / upper = 0.750 / lower = 0.000)
[20180922_075454 / lib_ip.py:3794] file = img.20180922_075451.2018-09-21_11-14-25_000.jpg.3.png / val_Average = 76.8391	val_Variance = 2027.5431	sd = 45.0282	max = 160	min = 0
[20180922_075454 / lib_ip.py:4204] len(Hs) = 8100, len(Ss) = 8100, len(Vs) = 8100
[20180922_075454 / lib_ip.py:4248] black : variance --> out of range (variance = 2027.543 / upper = 0.000 / lower = 0.000)
[20180922_075454 / lib_ip.py:4398] file : img.20180922_075451.2018-09-21_11-14-25_000.jpg.3.png 2 (black : variance --> out of range (variance = 2027.543 / upper = 0.000 / lower = 0.000))
[20180922_075454 / lib_ip.py:2273] inspecting ===> img.20180922_075451.2018-09-21_11-14-25_000.jpg.4.png
[20180922_075454 / lib_ip.py:4330] 
img.20180922_075451.2018-09-21_11-14-25_000.jpg.4.png 3
[20180922_075454 / lib_ip.py:3794] file = img.20180922_075451.2018-09-21_11-14-25_000.jpg.4.png / val_Average = 118.3781	val_Variance = 27.7305	sd = 5.2660	max = 135	min = 100
[20180922_075454 / lib_ip.py:3877] len(Hs) = 8100, len(Ss) = 8100, len(Vs) = 8100
[20180922_075454 / lib_ip.py:3910] yellow : variance --> out of range (variance = 27.730 / upper = 0.650 / lower = 0.000)
[20180922_075454 / lib_ip.py:3794] file = img.20180922_075451.2018-09-21_11-14-25_000.jpg.4.png / val_Average = 118.3781	val_Variance = 27.7305	sd = 5.2660	max = 135	min = 100
[20180922_075454 / lib_ip.py:3977] len(Hs) = 8100, len(Ss) = 8100, len(Vs) = 8100
[20180922_075454 / lib_ip.py:4023] red : variance --> out of range (variance = 27.730 / upper = 0.430 / lower = 0.000)
[20180922_075454 / lib_ip.py:3794] file = img.20180922_075451.2018-09-21_11-14-25_000.jpg.4.png / val_Average = 118.3781	val_Variance = 27.7305	sd = 5.2660	max = 135	min = 100
[20180922_075454 / lib_ip.py:4090] len(Hs) = 8100, len(Ss) = 8100, len(Vs) = 8100
[20180922_075455 / lib_ip.py:4137] green : variance --> out of range (variance = 27.730 / upper = 0.750 / lower = 0.000)
[20180922_075455 / lib_ip.py:3794] file = img.20180922_075451.2018-09-21_11-14-25_000.jpg.4.png / val_Average = 118.3781	val_Variance = 27.7305	sd = 5.2660	max = 135	min = 100
[20180922_075455 / lib_ip.py:4204] len(Hs) = 8100, len(Ss) = 8100, len(Vs) = 8100
[20180922_075455 / lib_ip.py:4248] black : variance --> out of range (variance = 27.730 / upper = 0.000 / lower = 0.000)
[20180922_075455 / lib_ip.py:4398] file : img.20180922_075451.2018-09-21_11-14-25_000.jpg.4.png 3 (black : variance --> out of range (variance = 27.730 / upper = 0.000 / lower = 0.000))
[20180922_075454 / lib_ip.py:2273] inspecting ===> img.20180922_075451.2018-09-21_11-14-25_000.jpg.4.png
img.20180922_075451.2018-09-21_11-14-25_000.jpg.1.png => other
img.20180922_075451.2018-09-21_11-14-25_000.jpg.2.png => yellow
img.20180922_075451.2018-09-21_11-14-25_000.jpg.3.png => other
img.20180922_075451.2018-09-21_11-14-25_000.jpg.4.png => other
[20180922_075455 lib_ip.py:3300] =============== Get 4 corners
dpath_Images = C:\WORKS_2\WS\WS_Others.Art\JVEMV6\46_art\VIRTUAL\Admin_Projects\ip\images
fname_Image = img.20180922_075451.2018-09-21_11-14-25_000.jpg.4.png

[20180922_075456 / lib_ip.py:2273] inspecting ===> img.20180922_075456.2018-09-21_16-18-51_000.jpg.1.png
[20180922_075456 / lib_ip.py:4330] 
img.20180922_075456.2018-09-21_16-18-51_000.jpg.1.png 0
[20180922_075456 / lib_ip.py:3794] file = img.20180922_075456.2018-09-21_16-18-51_000.jpg.1.png / val_Average = 76.8701	val_Variance = 0.1505	sd = 0.3880	max = 78	min = 76
[20180922_075457 / lib_ip.py:3877] len(Hs) = 8100, len(Ss) = 8100, len(Vs) = 8100
[20180922_075457 / lib_ip.py:3932] yellow : average --> out of range (average = 76.870 / upper = 99.200 / lower = 88.000)
[20180922_075457 / lib_ip.py:3794] file = img.20180922_075456.2018-09-21_16-18-51_000.jpg.1.png / val_Average = 76.8701	val_Variance = 0.1505	sd = 0.3880	max = 78	min = 76
[20180922_075457 / lib_ip.py:3977] len(Hs) = 8100, len(Ss) = 8100, len(Vs) = 8100
[20180922_075457 / lib_ip.py:4048] red : average --> out of range (average = 76.870 / upper = 124.000 / lower = 115.000)
[20180922_075457 / lib_ip.py:3794] file = img.20180922_075456.2018-09-21_16-18-51_000.jpg.1.png / val_Average = 76.8701	val_Variance = 0.1505	sd = 0.3880	max = 78	min = 76
[20180922_075457 / lib_ip.py:4090] len(Hs) = 8100, len(Ss) = 8100, len(Vs) = 8100
[20180922_075457 / lib_ip.py:2273] inspecting ===> img.20180922_075456.2018-09-21_16-18-51_000.jpg.2.png
[20180922_075457 / lib_ip.py:4330] 
img.20180922_075456.2018-09-21_16-18-51_000.jpg.2.png 1
[20180922_075457 / lib_ip.py:3794] file = img.20180922_075456.2018-09-21_16-18-51_000.jpg.2.png / val_Average = 75.9433	val_Variance = 0.2507	sd = 0.5007	max = 78	min = 74
[20180922_075458 / lib_ip.py:3877] len(Hs) = 8100, len(Ss) = 8100, len(Vs) = 8100
[20180922_075458 / lib_ip.py:3932] yellow : average --> out of range (average = 75.943 / upper = 99.200 / lower = 88.000)
[20180922_075458 / lib_ip.py:3794] file = img.20180922_075456.2018-09-21_16-18-51_000.jpg.2.png / val_Average = 75.9433	val_Variance = 0.2507	sd = 0.5007	max = 78	min = 74
[20180922_075458 / lib_ip.py:3977] len(Hs) = 8100, len(Ss) = 8100, len(Vs) = 8100
[20180922_075458 / lib_ip.py:4048] red : average --> out of range (average = 75.943 / upper = 124.000 / lower = 115.000)
[20180922_075458 / lib_ip.py:3794] file = img.20180922_075456.2018-09-21_16-18-51_000.jpg.2.png / val_Average = 75.9433	val_Variance = 0.2507	sd = 0.5007	max = 78	min = 74
[20180922_075458 / lib_ip.py:4090] len(Hs) = 8100, len(Ss) = 8100, len(Vs) = 8100
[20180922_075458 / lib_ip.py:2273] inspecting ===> img.20180922_075456.2018-09-21_16-18-51_000.jpg.3.png
[20180922_075458 / lib_ip.py:4330] 
img.20180922_075456.2018-09-21_16-18-51_000.jpg.3.png 2
[20180922_075458 / lib_ip.py:3794] file = img.20180922_075456.2018-09-21_16-18-51_000.jpg.3.png / val_Average = 150.7615	val_Variance = 95.5488	sd = 9.7749	max = 164	min = 126
[20180922_075458 / lib_ip.py:3877] len(Hs) = 8100, len(Ss) = 8100, len(Vs) = 8100
[20180922_075458 / lib_ip.py:3910] yellow : variance --> out of range (variance = 95.549 / upper = 0.650 / lower = 0.000)
[20180922_075458 / lib_ip.py:3794] file = img.20180922_075456.2018-09-21_16-18-51_000.jpg.3.png / val_Average = 150.7615	val_Variance = 95.5488	sd = 9.7749	max = 164	min = 126
[20180922_075458 / lib_ip.py:3977] len(Hs) = 8100, len(Ss) = 8100, len(Vs) = 8100
[20180922_075459 / lib_ip.py:4023] red : variance --> out of range (variance = 95.549 / upper = 0.430 / lower = 0.000)
[20180922_075459 / lib_ip.py:3794] file = img.20180922_075456.2018-09-21_16-18-51_000.jpg.3.png / val_Average = 150.7615	val_Variance = 95.5488	sd = 9.7749	max = 164	min = 126
[20180922_075459 / lib_ip.py:4090] len(Hs) = 8100, len(Ss) = 8100, len(Vs) = 8100
[20180922_075459 / lib_ip.py:4137] green : variance --> out of range (variance = 95.549 / upper = 0.750 / lower = 0.000)
[20180922_075459 / lib_ip.py:3794] file = img.20180922_075456.2018-09-21_16-18-51_000.jpg.3.png / val_Average = 150.7615	val_Variance = 95.5488	sd = 9.7749	max = 164	min = 126
[20180922_075459 / lib_ip.py:4204] len(Hs) = 8100, len(Ss) = 8100, len(Vs) = 8100
[20180922_075459 / lib_ip.py:4248] black : variance --> out of range (variance = 95.549 / upper = 0.000 / lower = 0.000)
[20180922_075459 / lib_ip.py:4398] file : img.20180922_075456.2018-09-21_16-18-51_000.jpg.3.png 2 (black : variance --> out of range (variance = 95.549 / upper = 0.000 / lower = 0.000))
[20180922_075459 / lib_ip.py:2273] inspecting ===> img.20180922_075456.2018-09-21_16-18-51_000.jpg.4.png
[20180922_075459 / lib_ip.py:4330] 
img.20180922_075456.2018-09-21_16-18-51_000.jpg.4.png 3
[20180922_075459 / lib_ip.py:3794] file = img.20180922_075456.2018-09-21_16-18-51_000.jpg.4.png / val_Average = 72.1586	val_Variance = 5273.0794	sd = 72.6160	max = 178	min = 0
[20180922_075459 / lib_ip.py:3877] len(Hs) = 8100, len(Ss) = 8100, len(Vs) = 8100
[20180922_075459 / lib_ip.py:3910] yellow : variance --> out of range (variance = 5273.079 / upper = 0.650 / lower = 0.000)
[20180922_075459 / lib_ip.py:3794] file = img.20180922_075456.2018-09-21_16-18-51_000.jpg.4.png / val_Average = 72.1586	val_Variance = 5273.0794	sd = 72.6160	max = 178	min = 0
[20180922_075459 / lib_ip.py:3977] len(Hs) = 8100, len(Ss) = 8100, len(Vs) = 8100
[20180922_075500 / lib_ip.py:4023] red : variance --> out of range (variance = 5273.079 / upper = 0.430 / lower = 0.000)
[20180922_075500 / lib_ip.py:3794] file = img.20180922_075456.2018-09-21_16-18-51_000.jpg.4.png / val_Average = 72.1586	val_Variance = 5273.0794	sd = 72.6160	max = 178	min = 0
[20180922_075500 / lib_ip.py:4090] len(Hs) = 8100, len(Ss) = 8100, len(Vs) = 8100
[20180922_075500 / lib_ip.py:4137] green : variance --> out of range (variance = 5273.079 / upper = 0.750 / lower = 0.000)
[20180922_075500 / lib_ip.py:3794] file = img.20180922_075456.2018-09-21_16-18-51_000.jpg.4.png / val_Average = 72.1586	val_Variance = 5273.0794	sd = 72.6160	max = 178	min = 0
[20180922_075500 / lib_ip.py:4204] len(Hs) = 8100, len(Ss) = 8100, len(Vs) = 8100
[20180922_075500 / lib_ip.py:4248] black : variance --> out of range (variance = 5273.079 / upper = 0.000 / lower = 0.000)
[20180922_075500 / lib_ip.py:4398] file : img.20180922_075456.2018-09-21_16-18-51_000.jpg.4.png 3 (black : variance --> out of range (variance = 5273.079 / upper = 0.000 / lower = 0.000))
[20180922_075459 / lib_ip.py:2273] inspecting ===> img.20180922_075456.2018-09-21_16-18-51_000.jpg.4.png
img.20180922_075456.2018-09-21_16-18-51_000.jpg.1.png => other
img.20180922_075456.2018-09-21_16-18-51_000.jpg.2.png => other
img.20180922_075456.2018-09-21_16-18-51_000.jpg.3.png => other
img.20180922_075456.2018-09-21_16-18-51_000.jpg.4.png => other
[20180922_075500 lib_ip.py:3300] =============== Get 4 corners
dpath_Images = C:\WORKS_2\WS\WS_Others.Art\JVEMV6\46_art\VIRTUAL\Admin_Projects\ip\images
fname_Image = img.20180922_075456.2018-09-21_16-18-51_000.jpg.4.png

[20180922_075501 / lib_ip.py:2273] inspecting ===> img.20180922_075501.2018-09-21_18-27-55_000.jpg.1.png
[20180922_075501 / lib_ip.py:4330] 
img.20180922_075501.2018-09-21_18-27-55_000.jpg.1.png 0
[20180922_075501 / lib_ip.py:3794] file = img.20180922_075501.2018-09-21_18-27-55_000.jpg.1.png / val_Average = 106.5921	val_Variance = 4.9894	sd = 2.2337	max = 123	min = 95
[20180922_075501 / lib_ip.py:3877] len(Hs) = 8100, len(Ss) = 8100, len(Vs) = 8100
[20180922_075501 / lib_ip.py:3910] yellow : variance --> out of range (variance = 4.989 / upper = 0.650 / lower = 0.000)
[20180922_075501 / lib_ip.py:3794] file = img.20180922_075501.2018-09-21_18-27-55_000.jpg.1.png / val_Average = 106.5921	val_Variance = 4.9894	sd = 2.2337	max = 123	min = 95
[20180922_075501 / lib_ip.py:3977] len(Hs) = 8100, len(Ss) = 8100, len(Vs) = 8100
[20180922_075501 / lib_ip.py:4023] red : variance --> out of range (variance = 4.989 / upper = 0.430 / lower = 0.000)
[20180922_075501 / lib_ip.py:3794] file = img.20180922_075501.2018-09-21_18-27-55_000.jpg.1.png / val_Average = 106.5921	val_Variance = 4.9894	sd = 2.2337	max = 123	min = 95
[20180922_075501 / lib_ip.py:4090] len(Hs) = 8100, len(Ss) = 8100, len(Vs) = 8100
[20180922_075501 / lib_ip.py:4137] green : variance --> out of range (variance = 4.989 / upper = 0.750 / lower = 0.000)
[20180922_075502 / lib_ip.py:3794] file = img.20180922_075501.2018-09-21_18-27-55_000.jpg.1.png / val_Average = 106.5921	val_Variance = 4.9894	sd = 2.2337	max = 123	min = 95
[20180922_075502 / lib_ip.py:4204] len(Hs) = 8100, len(Ss) = 8100, len(Vs) = 8100
[20180922_075502 / lib_ip.py:4248] black : variance --> out of range (variance = 4.989 / upper = 0.000 / lower = 0.000)
[20180922_075502 / lib_ip.py:4398] file : img.20180922_075501.2018-09-21_18-27-55_000.jpg.1.png 0 (black : variance --> out of range (variance = 4.989 / upper = 0.000 / lower = 0.000))
[20180922_075502 / lib_ip.py:2273] inspecting ===> img.20180922_075501.2018-09-21_18-27-55_000.jpg.2.png
[20180922_075502 / lib_ip.py:4330] 
img.20180922_075501.2018-09-21_18-27-55_000.jpg.2.png 1
[20180922_075502 / lib_ip.py:3794] file = img.20180922_075501.2018-09-21_18-27-55_000.jpg.2.png / val_Average = 106.4142	val_Variance = 3.6552	sd = 1.9119	max = 120	min = 102
[20180922_075502 / lib_ip.py:3877] len(Hs) = 8100, len(Ss) = 8100, len(Vs) = 8100
[20180922_075502 / lib_ip.py:3910] yellow : variance --> out of range (variance = 3.655 / upper = 0.650 / lower = 0.000)
[20180922_075502 / lib_ip.py:3794] file = img.20180922_075501.2018-09-21_18-27-55_000.jpg.2.png / val_Average = 106.4142	val_Variance = 3.6552	sd = 1.9119	max = 120	min = 102
[20180922_075502 / lib_ip.py:3977] len(Hs) = 8100, len(Ss) = 8100, len(Vs) = 8100
[20180922_075502 / lib_ip.py:4023] red : variance --> out of range (variance = 3.655 / upper = 0.430 / lower = 0.000)
[20180922_075503 / lib_ip.py:3794] file = img.20180922_075501.2018-09-21_18-27-55_000.jpg.2.png / val_Average = 106.4142	val_Variance = 3.6552	sd = 1.9119	max = 120	min = 102
[20180922_075503 / lib_ip.py:4090] len(Hs) = 8100, len(Ss) = 8100, len(Vs) = 8100
[20180922_075503 / lib_ip.py:4137] green : variance --> out of range (variance = 3.655 / upper = 0.750 / lower = 0.000)
[20180922_075503 / lib_ip.py:3794] file = img.20180922_075501.2018-09-21_18-27-55_000.jpg.2.png / val_Average = 106.4142	val_Variance = 3.6552	sd = 1.9119	max = 120	min = 102
[20180922_075503 / lib_ip.py:4204] len(Hs) = 8100, len(Ss) = 8100, len(Vs) = 8100
[20180922_075503 / lib_ip.py:4248] black : variance --> out of range (variance = 3.655 / upper = 0.000 / lower = 0.000)
[20180922_075503 / lib_ip.py:4398] file : img.20180922_075501.2018-09-21_18-27-55_000.jpg.2.png 1 (black : variance --> out of range (variance = 3.655 / upper = 0.000 / lower = 0.000))
[20180922_075503 / lib_ip.py:2273] inspecting ===> img.20180922_075501.2018-09-21_18-27-55_000.jpg.3.png
[20180922_075503 / lib_ip.py:4330] 
img.20180922_075501.2018-09-21_18-27-55_000.jpg.3.png 2
[20180922_075503 / lib_ip.py:3794] file = img.20180922_075501.2018-09-21_18-27-55_000.jpg.3.png / val_Average = 110.0620	val_Variance = 2.2848	sd = 1.5116	max = 115	min = 106
[20180922_075503 / lib_ip.py:3877] len(Hs) = 8100, len(Ss) = 8100, len(Vs) = 8100
[20180922_075503 / lib_ip.py:3910] yellow : variance --> out of range (variance = 2.285 / upper = 0.650 / lower = 0.000)
[20180922_075503 / lib_ip.py:3794] file = img.20180922_075501.2018-09-21_18-27-55_000.jpg.3.png / val_Average = 110.0620	val_Variance = 2.2848	sd = 1.5116	max = 115	min = 106
[20180922_075503 / lib_ip.py:3977] len(Hs) = 8100, len(Ss) = 8100, len(Vs) = 8100
[20180922_075504 / lib_ip.py:4023] red : variance --> out of range (variance = 2.285 / upper = 0.430 / lower = 0.000)
[20180922_075504 / lib_ip.py:3794] file = img.20180922_075501.2018-09-21_18-27-55_000.jpg.3.png / val_Average = 110.0620	val_Variance = 2.2848	sd = 1.5116	max = 115	min = 106
[20180922_075504 / lib_ip.py:4090] len(Hs) = 8100, len(Ss) = 8100, len(Vs) = 8100
[20180922_075504 / lib_ip.py:4137] green : variance --> out of range (variance = 2.285 / upper = 0.750 / lower = 0.000)
[20180922_075504 / lib_ip.py:3794] file = img.20180922_075501.2018-09-21_18-27-55_000.jpg.3.png / val_Average = 110.0620	val_Variance = 2.2848	sd = 1.5116	max = 115	min = 106
[20180922_075504 / lib_ip.py:4204] len(Hs) = 8100, len(Ss) = 8100, len(Vs) = 8100
[20180922_075504 / lib_ip.py:4248] black : variance --> out of range (variance = 2.285 / upper = 0.000 / lower = 0.000)
[20180922_075504 / lib_ip.py:4398] file : img.20180922_075501.2018-09-21_18-27-55_000.jpg.3.png 2 (black : variance --> out of range (variance = 2.285 / upper = 0.000 / lower = 0.000))
[20180922_075504 / lib_ip.py:2273] inspecting ===> img.20180922_075501.2018-09-21_18-27-55_000.jpg.4.png
[20180922_075504 / lib_ip.py:4330] 
img.20180922_075501.2018-09-21_18-27-55_000.jpg.4.png 3
[20180922_075504 / lib_ip.py:3794] file = img.20180922_075501.2018-09-21_18-27-55_000.jpg.4.png / val_Average = 121.8665	val_Variance = 11.2670	sd = 3.3566	max = 131	min = 112
[20180922_075504 / lib_ip.py:3877] len(Hs) = 8100, len(Ss) = 8100, len(Vs) = 8100
[20180922_075504 / lib_ip.py:3910] yellow : variance --> out of range (variance = 11.267 / upper = 0.650 / lower = 0.000)
[20180922_075505 / lib_ip.py:3794] file = img.20180922_075501.2018-09-21_18-27-55_000.jpg.4.png / val_Average = 121.8665	val_Variance = 11.2670	sd = 3.3566	max = 131	min = 112
[20180922_075505 / lib_ip.py:3977] len(Hs) = 8100, len(Ss) = 8100, len(Vs) = 8100
[20180922_075505 / lib_ip.py:4023] red : variance --> out of range (variance = 11.267 / upper = 0.430 / lower = 0.000)
[20180922_075505 / lib_ip.py:3794] file = img.20180922_075501.2018-09-21_18-27-55_000.jpg.4.png / val_Average = 121.8665	val_Variance = 11.2670	sd = 3.3566	max = 131	min = 112
[20180922_075505 / lib_ip.py:4090] len(Hs) = 8100, len(Ss) = 8100, len(Vs) = 8100
[20180922_075505 / lib_ip.py:4137] green : variance --> out of range (variance = 11.267 / upper = 0.750 / lower = 0.000)
[20180922_075505 / lib_ip.py:3794] file = img.20180922_075501.2018-09-21_18-27-55_000.jpg.4.png / val_Average = 121.8665	val_Variance = 11.2670	sd = 3.3566	max = 131	min = 112
[20180922_075505 / lib_ip.py:4204] len(Hs) = 8100, len(Ss) = 8100, len(Vs) = 8100
[20180922_075505 / lib_ip.py:4248] black : variance --> out of range (variance = 11.267 / upper = 0.000 / lower = 0.000)
[20180922_075505 / lib_ip.py:4398] file : img.20180922_075501.2018-09-21_18-27-55_000.jpg.4.png 3 (black : variance --> out of range (variance = 11.267 / upper = 0.000 / lower = 0.000))
[20180922_075504 / lib_ip.py:2273] inspecting ===> img.20180922_075501.2018-09-21_18-27-55_000.jpg.4.png
img.20180922_075501.2018-09-21_18-27-55_000.jpg.1.png => other
img.20180922_075501.2018-09-21_18-27-55_000.jpg.2.png => other
img.20180922_075501.2018-09-21_18-27-55_000.jpg.3.png => other
img.20180922_075501.2018-09-21_18-27-55_000.jpg.4.png => other
[20180922_075505 lib_ip.py:3300] =============== Get 4 corners
dpath_Images = C:\WORKS_2\WS\WS_Others.Art\JVEMV6\46_art\VIRTUAL\Admin_Projects\ip\images
fname_Image = img.20180922_075501.2018-09-21_18-27-55_000.jpg.4.png

[20180922_075506 / lib_ip.py:2273] inspecting ===> img.20180922_075506.2018-09-21_19-01-26_000.jpg.1.png
[20180922_075506 / lib_ip.py:4330] 
img.20180922_075506.2018-09-21_19-01-26_000.jpg.1.png 0
[20180922_075506 / lib_ip.py:3794] file = img.20180922_075506.2018-09-21_19-01-26_000.jpg.1.png / val_Average = 106.0756	val_Variance = 5.0066	sd = 2.2376	max = 112	min = 98
[20180922_075506 / lib_ip.py:3877] len(Hs) = 8100, len(Ss) = 8100, len(Vs) = 8100
[20180922_075506 / lib_ip.py:3910] yellow : variance --> out of range (variance = 5.007 / upper = 0.650 / lower = 0.000)
[20180922_075506 / lib_ip.py:3794] file = img.20180922_075506.2018-09-21_19-01-26_000.jpg.1.png / val_Average = 106.0756	val_Variance = 5.0066	sd = 2.2376	max = 112	min = 98
[20180922_075506 / lib_ip.py:3977] len(Hs) = 8100, len(Ss) = 8100, len(Vs) = 8100
[20180922_075506 / lib_ip.py:4023] red : variance --> out of range (variance = 5.007 / upper = 0.430 / lower = 0.000)
[20180922_075506 / lib_ip.py:3794] file = img.20180922_075506.2018-09-21_19-01-26_000.jpg.1.png / val_Average = 106.0756	val_Variance = 5.0066	sd = 2.2376	max = 112	min = 98
[20180922_075506 / lib_ip.py:4090] len(Hs) = 8100, len(Ss) = 8100, len(Vs) = 8100
[20180922_075507 / lib_ip.py:4137] green : variance --> out of range (variance = 5.007 / upper = 0.750 / lower = 0.000)
[20180922_075507 / lib_ip.py:3794] file = img.20180922_075506.2018-09-21_19-01-26_000.jpg.1.png / val_Average = 106.0756	val_Variance = 5.0066	sd = 2.2376	max = 112	min = 98
[20180922_075507 / lib_ip.py:4204] len(Hs) = 8100, len(Ss) = 8100, len(Vs) = 8100
[20180922_075507 / lib_ip.py:4248] black : variance --> out of range (variance = 5.007 / upper = 0.000 / lower = 0.000)
[20180922_075507 / lib_ip.py:4398] file : img.20180922_075506.2018-09-21_19-01-26_000.jpg.1.png 0 (black : variance --> out of range (variance = 5.007 / upper = 0.000 / lower = 0.000))
[20180922_075507 / lib_ip.py:2273] inspecting ===> img.20180922_075506.2018-09-21_19-01-26_000.jpg.2.png
[20180922_075507 / lib_ip.py:4330] 
img.20180922_075506.2018-09-21_19-01-26_000.jpg.2.png 1
[20180922_075507 / lib_ip.py:3794] file = img.20180922_075506.2018-09-21_19-01-26_000.jpg.2.png / val_Average = 110.1641	val_Variance = 7.4122	sd = 2.7225	max = 120	min = 100
[20180922_075507 / lib_ip.py:3877] len(Hs) = 8100, len(Ss) = 8100, len(Vs) = 8100
[20180922_075507 / lib_ip.py:3910] yellow : variance --> out of range (variance = 7.412 / upper = 0.650 / lower = 0.000)
[20180922_075508 / lib_ip.py:3794] file = img.20180922_075506.2018-09-21_19-01-26_000.jpg.2.png / val_Average = 110.1641	val_Variance = 7.4122	sd = 2.7225	max = 120	min = 100
[20180922_075508 / lib_ip.py:3977] len(Hs) = 8100, len(Ss) = 8100, len(Vs) = 8100
[20180922_075508 / lib_ip.py:4023] red : variance --> out of range (variance = 7.412 / upper = 0.430 / lower = 0.000)
[20180922_075508 / lib_ip.py:3794] file = img.20180922_075506.2018-09-21_19-01-26_000.jpg.2.png / val_Average = 110.1641	val_Variance = 7.4122	sd = 2.7225	max = 120	min = 100
[20180922_075508 / lib_ip.py:4090] len(Hs) = 8100, len(Ss) = 8100, len(Vs) = 8100
[20180922_075508 / lib_ip.py:4137] green : variance --> out of range (variance = 7.412 / upper = 0.750 / lower = 0.000)
[20180922_075508 / lib_ip.py:3794] file = img.20180922_075506.2018-09-21_19-01-26_000.jpg.2.png / val_Average = 110.1641	val_Variance = 7.4122	sd = 2.7225	max = 120	min = 100
[20180922_075508 / lib_ip.py:4204] len(Hs) = 8100, len(Ss) = 8100, len(Vs) = 8100
[20180922_075508 / lib_ip.py:4248] black : variance --> out of range (variance = 7.412 / upper = 0.000 / lower = 0.000)
[20180922_075508 / lib_ip.py:4398] file : img.20180922_075506.2018-09-21_19-01-26_000.jpg.2.png 1 (black : variance --> out of range (variance = 7.412 / upper = 0.000 / lower = 0.000))
[20180922_075508 / lib_ip.py:2273] inspecting ===> img.20180922_075506.2018-09-21_19-01-26_000.jpg.3.png
[20180922_075508 / lib_ip.py:4330] 
img.20180922_075506.2018-09-21_19-01-26_000.jpg.3.png 2
[20180922_075508 / lib_ip.py:3794] file = img.20180922_075506.2018-09-21_19-01-26_000.jpg.3.png / val_Average = 120.8290	val_Variance = 0.1499	sd = 0.3872	max = 122	min = 120
[20180922_075508 / lib_ip.py:3877] len(Hs) = 8100, len(Ss) = 8100, len(Vs) = 8100
[20180922_075508 / lib_ip.py:3932] yellow : average --> out of range (average = 120.829 / upper = 99.200 / lower = 88.000)
[20180922_075508 / lib_ip.py:3794] file = img.20180922_075506.2018-09-21_19-01-26_000.jpg.3.png / val_Average = 120.8290	val_Variance = 0.1499	sd = 0.3872	max = 122	min = 120
[20180922_075508 / lib_ip.py:3977] len(Hs) = 8100, len(Ss) = 8100, len(Vs) = 8100
[20180922_075509 / lib_ip.py:2273] inspecting ===> img.20180922_075506.2018-09-21_19-01-26_000.jpg.4.png
[20180922_075509 / lib_ip.py:4330] 
img.20180922_075506.2018-09-21_19-01-26_000.jpg.4.png 3
[20180922_075509 / lib_ip.py:3794] file = img.20180922_075506.2018-09-21_19-01-26_000.jpg.4.png / val_Average = 166.2311	val_Variance = 227.7249	sd = 15.0906	max = 179	min = 0
[20180922_075509 / lib_ip.py:3877] len(Hs) = 8100, len(Ss) = 8100, len(Vs) = 8100
[20180922_075509 / lib_ip.py:3910] yellow : variance --> out of range (variance = 227.725 / upper = 0.650 / lower = 0.000)
[20180922_075509 / lib_ip.py:3794] file = img.20180922_075506.2018-09-21_19-01-26_000.jpg.4.png / val_Average = 166.2311	val_Variance = 227.7249	sd = 15.0906	max = 179	min = 0
[20180922_075509 / lib_ip.py:3977] len(Hs) = 8100, len(Ss) = 8100, len(Vs) = 8100
[20180922_075509 / lib_ip.py:4023] red : variance --> out of range (variance = 227.725 / upper = 0.430 / lower = 0.000)
[20180922_075509 / lib_ip.py:3794] file = img.20180922_075506.2018-09-21_19-01-26_000.jpg.4.png / val_Average = 166.2311	val_Variance = 227.7249	sd = 15.0906	max = 179	min = 0
[20180922_075509 / lib_ip.py:4090] len(Hs) = 8100, len(Ss) = 8100, len(Vs) = 8100
[20180922_075509 / lib_ip.py:4137] green : variance --> out of range (variance = 227.725 / upper = 0.750 / lower = 0.000)
[20180922_075509 / lib_ip.py:3794] file = img.20180922_075506.2018-09-21_19-01-26_000.jpg.4.png / val_Average = 166.2311	val_Variance = 227.7249	sd = 15.0906	max = 179	min = 0
[20180922_075509 / lib_ip.py:4204] len(Hs) = 8100, len(Ss) = 8100, len(Vs) = 8100
[20180922_075510 / lib_ip.py:4248] black : variance --> out of range (variance = 227.725 / upper = 0.000 / lower = 0.000)
[20180922_075510 / lib_ip.py:4398] file : img.20180922_075506.2018-09-21_19-01-26_000.jpg.4.png 3 (black : variance --> out of range (variance = 227.725 / upper = 0.000 / lower = 0.000))
[20180922_075509 / lib_ip.py:2273] inspecting ===> img.20180922_075506.2018-09-21_19-01-26_000.jpg.4.png
img.20180922_075506.2018-09-21_19-01-26_000.jpg.1.png => other
img.20180922_075506.2018-09-21_19-01-26_000.jpg.2.png => other
img.20180922_075506.2018-09-21_19-01-26_000.jpg.3.png => other
img.20180922_075506.2018-09-21_19-01-26_000.jpg.4.png => other
[20180922_075510 lib_ip.py:3300] =============== Get 4 corners
dpath_Images = C:\WORKS_2\WS\WS_Others.Art\JVEMV6\46_art\VIRTUAL\Admin_Projects\ip\images
fname_Image = img.20180922_075506.2018-09-21_19-01-26_000.jpg.4.png

[20180922_075510 / lib_ip.py:2273] inspecting ===> img.20180922_075510.2018-09-21_20-18-22_000.jpg.1.png
[20180922_075511 / lib_ip.py:4330] 
img.20180922_075510.2018-09-21_20-18-22_000.jpg.1.png 0
[20180922_075511 / lib_ip.py:3794] file = img.20180922_075510.2018-09-21_20-18-22_000.jpg.1.png / val_Average = 46.2219	val_Variance = 1330.8329	sd = 36.4806	max = 135	min = 0
[20180922_075511 / lib_ip.py:3877] len(Hs) = 8100, len(Ss) = 8100, len(Vs) = 8100
[20180922_075511 / lib_ip.py:3910] yellow : variance --> out of range (variance = 1330.833 / upper = 0.650 / lower = 0.000)
[20180922_075511 / lib_ip.py:3794] file = img.20180922_075510.2018-09-21_20-18-22_000.jpg.1.png / val_Average = 46.2219	val_Variance = 1330.8329	sd = 36.4806	max = 135	min = 0
[20180922_075511 / lib_ip.py:3977] len(Hs) = 8100, len(Ss) = 8100, len(Vs) = 8100
[20180922_075511 / lib_ip.py:4023] red : variance --> out of range (variance = 1330.833 / upper = 0.430 / lower = 0.000)
[20180922_075511 / lib_ip.py:3794] file = img.20180922_075510.2018-09-21_20-18-22_000.jpg.1.png / val_Average = 46.2219	val_Variance = 1330.8329	sd = 36.4806	max = 135	min = 0
[20180922_075511 / lib_ip.py:4090] len(Hs) = 8100, len(Ss) = 8100, len(Vs) = 8100
[20180922_075511 / lib_ip.py:4137] green : variance --> out of range (variance = 1330.833 / upper = 0.750 / lower = 0.000)
[20180922_075511 / lib_ip.py:3794] file = img.20180922_075510.2018-09-21_20-18-22_000.jpg.1.png / val_Average = 46.2219	val_Variance = 1330.8329	sd = 36.4806	max = 135	min = 0
[20180922_075511 / lib_ip.py:4204] len(Hs) = 8100, len(Ss) = 8100, len(Vs) = 8100
[20180922_075511 / lib_ip.py:4248] black : variance --> out of range (variance = 1330.833 / upper = 0.000 / lower = 0.000)
[20180922_075511 / lib_ip.py:4398] file : img.20180922_075510.2018-09-21_20-18-22_000.jpg.1.png 0 (black : variance --> out of range (variance = 1330.833 / upper = 0.000 / lower = 0.000))
[20180922_075511 / lib_ip.py:2273] inspecting ===> img.20180922_075510.2018-09-21_20-18-22_000.jpg.2.png
[20180922_075512 / lib_ip.py:4330] 
img.20180922_075510.2018-09-21_20-18-22_000.jpg.2.png 1
[20180922_075512 / lib_ip.py:3794] file = img.20180922_075510.2018-09-21_20-18-22_000.jpg.2.png / val_Average = 55.5786	val_Variance = 1687.8838	sd = 41.0839	max = 135	min = 0
[20180922_075512 / lib_ip.py:3877] len(Hs) = 8100, len(Ss) = 8100, len(Vs) = 8100
[20180922_075512 / lib_ip.py:3910] yellow : variance --> out of range (variance = 1687.884 / upper = 0.650 / lower = 0.000)
[20180922_075512 / lib_ip.py:3794] file = img.20180922_075510.2018-09-21_20-18-22_000.jpg.2.png / val_Average = 55.5786	val_Variance = 1687.8838	sd = 41.0839	max = 135	min = 0
[20180922_075512 / lib_ip.py:3977] len(Hs) = 8100, len(Ss) = 8100, len(Vs) = 8100
[20180922_075512 / lib_ip.py:4023] red : variance --> out of range (variance = 1687.884 / upper = 0.430 / lower = 0.000)
[20180922_075512 / lib_ip.py:3794] file = img.20180922_075510.2018-09-21_20-18-22_000.jpg.2.png / val_Average = 55.5786	val_Variance = 1687.8838	sd = 41.0839	max = 135	min = 0
[20180922_075512 / lib_ip.py:4090] len(Hs) = 8100, len(Ss) = 8100, len(Vs) = 8100
[20180922_075512 / lib_ip.py:4137] green : variance --> out of range (variance = 1687.884 / upper = 0.750 / lower = 0.000)
[20180922_075512 / lib_ip.py:3794] file = img.20180922_075510.2018-09-21_20-18-22_000.jpg.2.png / val_Average = 55.5786	val_Variance = 1687.8838	sd = 41.0839	max = 135	min = 0
[20180922_075512 / lib_ip.py:4204] len(Hs) = 8100, len(Ss) = 8100, len(Vs) = 8100
[20180922_075513 / lib_ip.py:4248] black : variance --> out of range (variance = 1687.884 / upper = 0.000 / lower = 0.000)
[20180922_075513 / lib_ip.py:4398] file : img.20180922_075510.2018-09-21_20-18-22_000.jpg.2.png 1 (black : variance --> out of range (variance = 1687.884 / upper = 0.000 / lower = 0.000))
[20180922_075513 / lib_ip.py:2273] inspecting ===> img.20180922_075510.2018-09-21_20-18-22_000.jpg.3.png
[20180922_075513 / lib_ip.py:4330] 
img.20180922_075510.2018-09-21_20-18-22_000.jpg.3.png 2
[20180922_075513 / lib_ip.py:3794] file = img.20180922_075510.2018-09-21_20-18-22_000.jpg.3.png / val_Average = 89.8146	val_Variance = 0.1676	sd = 0.4094	max = 91	min = 89
[20180922_075513 / lib_ip.py:3877] len(Hs) = 8100, len(Ss) = 8100, len(Vs) = 8100
[20180922_075513 / lib_ip.py:2273] inspecting ===> img.20180922_075510.2018-09-21_20-18-22_000.jpg.4.png
[20180922_075513 / lib_ip.py:4330] 
img.20180922_075510.2018-09-21_20-18-22_000.jpg.4.png 3
[20180922_075513 / lib_ip.py:3794] file = img.20180922_075510.2018-09-21_20-18-22_000.jpg.4.png / val_Average = 60.4946	val_Variance = 1690.7342	sd = 41.1185	max = 135	min = 0
[20180922_075513 / lib_ip.py:3877] len(Hs) = 8100, len(Ss) = 8100, len(Vs) = 8100
[20180922_075513 / lib_ip.py:3910] yellow : variance --> out of range (variance = 1690.734 / upper = 0.650 / lower = 0.000)
[20180922_075513 / lib_ip.py:3794] file = img.20180922_075510.2018-09-21_20-18-22_000.jpg.4.png / val_Average = 60.4946	val_Variance = 1690.7342	sd = 41.1185	max = 135	min = 0
[20180922_075513 / lib_ip.py:3977] len(Hs) = 8100, len(Ss) = 8100, len(Vs) = 8100
[20180922_075514 / lib_ip.py:4023] red : variance --> out of range (variance = 1690.734 / upper = 0.430 / lower = 0.000)
[20180922_075514 / lib_ip.py:3794] file = img.20180922_075510.2018-09-21_20-18-22_000.jpg.4.png / val_Average = 60.4946	val_Variance = 1690.7342	sd = 41.1185	max = 135	min = 0
[20180922_075514 / lib_ip.py:4090] len(Hs) = 8100, len(Ss) = 8100, len(Vs) = 8100
[20180922_075514 / lib_ip.py:4137] green : variance --> out of range (variance = 1690.734 / upper = 0.750 / lower = 0.000)
[20180922_075514 / lib_ip.py:3794] file = img.20180922_075510.2018-09-21_20-18-22_000.jpg.4.png / val_Average = 60.4946	val_Variance = 1690.7342	sd = 41.1185	max = 135	min = 0
[20180922_075514 / lib_ip.py:4204] len(Hs) = 8100, len(Ss) = 8100, len(Vs) = 8100
[20180922_075514 / lib_ip.py:4248] black : variance --> out of range (variance = 1690.734 / upper = 0.000 / lower = 0.000)
[20180922_075514 / lib_ip.py:4398] file : img.20180922_075510.2018-09-21_20-18-22_000.jpg.4.png 3 (black : variance --> out of range (variance = 1690.734 / upper = 0.000 / lower = 0.000))
[20180922_075513 / lib_ip.py:2273] inspecting ===> img.20180922_075510.2018-09-21_20-18-22_000.jpg.4.png
img.20180922_075510.2018-09-21_20-18-22_000.jpg.1.png => other
img.20180922_075510.2018-09-21_20-18-22_000.jpg.2.png => other
img.20180922_075510.2018-09-21_20-18-22_000.jpg.3.png => other
img.20180922_075510.2018-09-21_20-18-22_000.jpg.4.png => other
[20180922_075514 lib_ip.py:3300] =============== Get 4 corners
dpath_Images = C:\WORKS_2\WS\WS_Others.Art\JVEMV6\46_art\VIRTUAL\Admin_Projects\ip\images
fname_Image = img.20180922_075510.2018-09-21_20-18-22_000.jpg.4.png

[20180922_075515 / lib_ip.py:2273] inspecting ===> img.20180922_075515.2018-09-22_01-12-21_000.jpg.1.png
[20180922_075515 / lib_ip.py:4330] 
img.20180922_075515.2018-09-22_01-12-21_000.jpg.1.png 0
[20180922_075515 / lib_ip.py:3794] file = img.20180922_075515.2018-09-22_01-12-21_000.jpg.1.png / val_Average = 9.2719	val_Variance = 0.6565	sd = 0.8102	max = 12	min = 7
[20180922_075515 / lib_ip.py:3877] len(Hs) = 8100, len(Ss) = 8100, len(Vs) = 8100
[20180922_075515 / lib_ip.py:3910] yellow : variance --> out of range (variance = 0.656 / upper = 0.650 / lower = 0.000)
[20180922_075515 / lib_ip.py:3794] file = img.20180922_075515.2018-09-22_01-12-21_000.jpg.1.png / val_Average = 9.2719	val_Variance = 0.6565	sd = 0.8102	max = 12	min = 7
[20180922_075515 / lib_ip.py:3977] len(Hs) = 8100, len(Ss) = 8100, len(Vs) = 8100
[20180922_075515 / lib_ip.py:4023] red : variance --> out of range (variance = 0.656 / upper = 0.430 / lower = 0.000)
[20180922_075515 / lib_ip.py:3794] file = img.20180922_075515.2018-09-22_01-12-21_000.jpg.1.png / val_Average = 9.2719	val_Variance = 0.6565	sd = 0.8102	max = 12	min = 7
[20180922_075515 / lib_ip.py:4090] len(Hs) = 8100, len(Ss) = 8100, len(Vs) = 8100
[20180922_075516 / lib_ip.py:4162] green : average --> out of range (average = 9.272 / upper = 83.000 / lower = 58.000)
[20180922_075516 / lib_ip.py:3794] file = img.20180922_075515.2018-09-22_01-12-21_000.jpg.1.png / val_Average = 9.2719	val_Variance = 0.6565	sd = 0.8102	max = 12	min = 7
[20180922_075516 / lib_ip.py:4204] len(Hs) = 8100, len(Ss) = 8100, len(Vs) = 8100
[20180922_075516 / lib_ip.py:4248] black : variance --> out of range (variance = 0.656 / upper = 0.000 / lower = 0.000)
[20180922_075516 / lib_ip.py:4398] file : img.20180922_075515.2018-09-22_01-12-21_000.jpg.1.png 0 (black : variance --> out of range (variance = 0.656 / upper = 0.000 / lower = 0.000))
[20180922_075516 / lib_ip.py:2273] inspecting ===> img.20180922_075515.2018-09-22_01-12-21_000.jpg.2.png
[20180922_075516 / lib_ip.py:4330] 
img.20180922_075515.2018-09-22_01-12-21_000.jpg.2.png 1
[20180922_075516 / lib_ip.py:3794] file = img.20180922_075515.2018-09-22_01-12-21_000.jpg.2.png / val_Average = 55.2443	val_Variance = 196.8009	sd = 14.0286	max = 103	min = 43
[20180922_075516 / lib_ip.py:3877] len(Hs) = 8100, len(Ss) = 8100, len(Vs) = 8100
[20180922_075516 / lib_ip.py:3910] yellow : variance --> out of range (variance = 196.801 / upper = 0.650 / lower = 0.000)
[20180922_075517 / lib_ip.py:3794] file = img.20180922_075515.2018-09-22_01-12-21_000.jpg.2.png / val_Average = 55.2443	val_Variance = 196.8009	sd = 14.0286	max = 103	min = 43
[20180922_075517 / lib_ip.py:3977] len(Hs) = 8100, len(Ss) = 8100, len(Vs) = 8100
[20180922_075517 / lib_ip.py:4023] red : variance --> out of range (variance = 196.801 / upper = 0.430 / lower = 0.000)
[20180922_075517 / lib_ip.py:3794] file = img.20180922_075515.2018-09-22_01-12-21_000.jpg.2.png / val_Average = 55.2443	val_Variance = 196.8009	sd = 14.0286	max = 103	min = 43
[20180922_075517 / lib_ip.py:4090] len(Hs) = 8100, len(Ss) = 8100, len(Vs) = 8100
[20180922_075517 / lib_ip.py:4137] green : variance --> out of range (variance = 196.801 / upper = 0.750 / lower = 0.000)
[20180922_075517 / lib_ip.py:3794] file = img.20180922_075515.2018-09-22_01-12-21_000.jpg.2.png / val_Average = 55.2443	val_Variance = 196.8009	sd = 14.0286	max = 103	min = 43
[20180922_075517 / lib_ip.py:4204] len(Hs) = 8100, len(Ss) = 8100, len(Vs) = 8100
[20180922_075517 / lib_ip.py:4248] black : variance --> out of range (variance = 196.801 / upper = 0.000 / lower = 0.000)
[20180922_075517 / lib_ip.py:4398] file : img.20180922_075515.2018-09-22_01-12-21_000.jpg.2.png 1 (black : variance --> out of range (variance = 196.801 / upper = 0.000 / lower = 0.000))
[20180922_075517 / lib_ip.py:2273] inspecting ===> img.20180922_075515.2018-09-22_01-12-21_000.jpg.3.png
[20180922_075517 / lib_ip.py:4330] 
img.20180922_075515.2018-09-22_01-12-21_000.jpg.3.png 2
[20180922_075517 / lib_ip.py:3794] file = img.20180922_075515.2018-09-22_01-12-21_000.jpg.3.png / val_Average = 64.4200	val_Variance = 1484.5515	sd = 38.5299	max = 160	min = 0
[20180922_075518 / lib_ip.py:3877] len(Hs) = 8100, len(Ss) = 8100, len(Vs) = 8100
[20180922_075518 / lib_ip.py:3910] yellow : variance --> out of range (variance = 1484.552 / upper = 0.650 / lower = 0.000)
[20180922_075518 / lib_ip.py:3794] file = img.20180922_075515.2018-09-22_01-12-21_000.jpg.3.png / val_Average = 64.4200	val_Variance = 1484.5515	sd = 38.5299	max = 160	min = 0
[20180922_075518 / lib_ip.py:3977] len(Hs) = 8100, len(Ss) = 8100, len(Vs) = 8100
[20180922_075518 / lib_ip.py:4023] red : variance --> out of range (variance = 1484.552 / upper = 0.430 / lower = 0.000)
[20180922_075518 / lib_ip.py:3794] file = img.20180922_075515.2018-09-22_01-12-21_000.jpg.3.png / val_Average = 64.4200	val_Variance = 1484.5515	sd = 38.5299	max = 160	min = 0
[20180922_075518 / lib_ip.py:4090] len(Hs) = 8100, len(Ss) = 8100, len(Vs) = 8100
[20180922_075518 / lib_ip.py:4137] green : variance --> out of range (variance = 1484.552 / upper = 0.750 / lower = 0.000)
[20180922_075518 / lib_ip.py:3794] file = img.20180922_075515.2018-09-22_01-12-21_000.jpg.3.png / val_Average = 64.4200	val_Variance = 1484.5515	sd = 38.5299	max = 160	min = 0
[20180922_075518 / lib_ip.py:4204] len(Hs) = 8100, len(Ss) = 8100, len(Vs) = 8100
[20180922_075518 / lib_ip.py:4248] black : variance --> out of range (variance = 1484.552 / upper = 0.000 / lower = 0.000)
[20180922_075518 / lib_ip.py:4398] file : img.20180922_075515.2018-09-22_01-12-21_000.jpg.3.png 2 (black : variance --> out of range (variance = 1484.552 / upper = 0.000 / lower = 0.000))
[20180922_075518 / lib_ip.py:2273] inspecting ===> img.20180922_075515.2018-09-22_01-12-21_000.jpg.4.png
[20180922_075518 / lib_ip.py:4330] 
img.20180922_075515.2018-09-22_01-12-21_000.jpg.4.png 3
[20180922_075519 / lib_ip.py:3794] file = img.20180922_075515.2018-09-22_01-12-21_000.jpg.4.png / val_Average = 99.4630	val_Variance = 27.4736	sd = 5.2415	max = 114	min = 84
[20180922_075519 / lib_ip.py:3877] len(Hs) = 8100, len(Ss) = 8100, len(Vs) = 8100
[20180922_075519 / lib_ip.py:3910] yellow : variance --> out of range (variance = 27.474 / upper = 0.650 / lower = 0.000)
[20180922_075519 / lib_ip.py:3794] file = img.20180922_075515.2018-09-22_01-12-21_000.jpg.4.png / val_Average = 99.4630	val_Variance = 27.4736	sd = 5.2415	max = 114	min = 84
[20180922_075519 / lib_ip.py:3977] len(Hs) = 8100, len(Ss) = 8100, len(Vs) = 8100
[20180922_075519 / lib_ip.py:4023] red : variance --> out of range (variance = 27.474 / upper = 0.430 / lower = 0.000)
[20180922_075519 / lib_ip.py:3794] file = img.20180922_075515.2018-09-22_01-12-21_000.jpg.4.png / val_Average = 99.4630	val_Variance = 27.4736	sd = 5.2415	max = 114	min = 84
[20180922_075519 / lib_ip.py:4090] len(Hs) = 8100, len(Ss) = 8100, len(Vs) = 8100
[20180922_075519 / lib_ip.py:4137] green : variance --> out of range (variance = 27.474 / upper = 0.750 / lower = 0.000)
[20180922_075519 / lib_ip.py:3794] file = img.20180922_075515.2018-09-22_01-12-21_000.jpg.4.png / val_Average = 99.4630	val_Variance = 27.4736	sd = 5.2415	max = 114	min = 84
[20180922_075519 / lib_ip.py:4204] len(Hs) = 8100, len(Ss) = 8100, len(Vs) = 8100
[20180922_075519 / lib_ip.py:4248] black : variance --> out of range (variance = 27.474 / upper = 0.000 / lower = 0.000)
[20180922_075519 / lib_ip.py:4398] file : img.20180922_075515.2018-09-22_01-12-21_000.jpg.4.png 3 (black : variance --> out of range (variance = 27.474 / upper = 0.000 / lower = 0.000))
[20180922_075518 / lib_ip.py:2273] inspecting ===> img.20180922_075515.2018-09-22_01-12-21_000.jpg.4.png
img.20180922_075515.2018-09-22_01-12-21_000.jpg.1.png => other
img.20180922_075515.2018-09-22_01-12-21_000.jpg.2.png => other
img.20180922_075515.2018-09-22_01-12-21_000.jpg.3.png => other
img.20180922_075515.2018-09-22_01-12-21_000.jpg.4.png => other
[20180922_075519 lib_ip.py:3300] =============== Get 4 corners
dpath_Images = C:\WORKS_2\WS\WS_Others.Art\JVEMV6\46_art\VIRTUAL\Admin_Projects\ip\images
fname_Image = img.20180922_075515.2018-09-22_01-12-21_000.jpg.4.png

[20180922_075520 / lib_ip.py:2273] inspecting ===> img.20180922_075520.2018-09-22_07-36-20_000.jpg.1.png
[20180922_075520 / lib_ip.py:4330] 
img.20180922_075520.2018-09-22_07-36-20_000.jpg.1.png 0
[20180922_075520 / lib_ip.py:3794] file = img.20180922_075520.2018-09-22_07-36-20_000.jpg.1.png / val_Average = 75.9646	val_Variance = 0.0527	sd = 0.2296	max = 77	min = 75
[20180922_075521 / lib_ip.py:3877] len(Hs) = 8100, len(Ss) = 8100, len(Vs) = 8100
[20180922_075521 / lib_ip.py:3932] yellow : average --> out of range (average = 75.965 / upper = 99.200 / lower = 88.000)
[20180922_075521 / lib_ip.py:3794] file = img.20180922_075520.2018-09-22_07-36-20_000.jpg.1.png / val_Average = 75.9646	val_Variance = 0.0527	sd = 0.2296	max = 77	min = 75
[20180922_075521 / lib_ip.py:3977] len(Hs) = 8100, len(Ss) = 8100, len(Vs) = 8100
[20180922_075521 / lib_ip.py:4048] red : average --> out of range (average = 75.965 / upper = 124.000 / lower = 115.000)
[20180922_075521 / lib_ip.py:3794] file = img.20180922_075520.2018-09-22_07-36-20_000.jpg.1.png / val_Average = 75.9646	val_Variance = 0.0527	sd = 0.2296	max = 77	min = 75
[20180922_075521 / lib_ip.py:4090] len(Hs) = 8100, len(Ss) = 8100, len(Vs) = 8100
[20180922_075521 / lib_ip.py:2273] inspecting ===> img.20180922_075520.2018-09-22_07-36-20_000.jpg.2.png
[20180922_075521 / lib_ip.py:4330] 
img.20180922_075520.2018-09-22_07-36-20_000.jpg.2.png 1
[20180922_075522 / lib_ip.py:3794] file = img.20180922_075520.2018-09-22_07-36-20_000.jpg.2.png / val_Average = 75.3872	val_Variance = 0.2402	sd = 0.4901	max = 76	min = 74
[20180922_075522 / lib_ip.py:3877] len(Hs) = 8100, len(Ss) = 8100, len(Vs) = 8100
[20180922_075522 / lib_ip.py:3932] yellow : average --> out of range (average = 75.387 / upper = 99.200 / lower = 88.000)
[20180922_075522 / lib_ip.py:3794] file = img.20180922_075520.2018-09-22_07-36-20_000.jpg.2.png / val_Average = 75.3872	val_Variance = 0.2402	sd = 0.4901	max = 76	min = 74
[20180922_075522 / lib_ip.py:3977] len(Hs) = 8100, len(Ss) = 8100, len(Vs) = 8100
[20180922_075522 / lib_ip.py:4048] red : average --> out of range (average = 75.387 / upper = 124.000 / lower = 115.000)
[20180922_075522 / lib_ip.py:3794] file = img.20180922_075520.2018-09-22_07-36-20_000.jpg.2.png / val_Average = 75.3872	val_Variance = 0.2402	sd = 0.4901	max = 76	min = 74
[20180922_075522 / lib_ip.py:4090] len(Hs) = 8100, len(Ss) = 8100, len(Vs) = 8100
[20180922_075522 / lib_ip.py:2273] inspecting ===> img.20180922_075520.2018-09-22_07-36-20_000.jpg.3.png
[20180922_075522 / lib_ip.py:4330] 
img.20180922_075520.2018-09-22_07-36-20_000.jpg.3.png 2
[20180922_075522 / lib_ip.py:3794] file = img.20180922_075520.2018-09-22_07-36-20_000.jpg.3.png / val_Average = 36.6996	val_Variance = 938.6013	sd = 30.6366	max = 160	min = 0
[20180922_075522 / lib_ip.py:3877] len(Hs) = 8100, len(Ss) = 8100, len(Vs) = 8100
[20180922_075522 / lib_ip.py:3910] yellow : variance --> out of range (variance = 938.601 / upper = 0.650 / lower = 0.000)
[20180922_075523 / lib_ip.py:3794] file = img.20180922_075520.2018-09-22_07-36-20_000.jpg.3.png / val_Average = 36.6996	val_Variance = 938.6013	sd = 30.6366	max = 160	min = 0
[20180922_075523 / lib_ip.py:3977] len(Hs) = 8100, len(Ss) = 8100, len(Vs) = 8100
[20180922_075523 / lib_ip.py:4023] red : variance --> out of range (variance = 938.601 / upper = 0.430 / lower = 0.000)
[20180922_075523 / lib_ip.py:3794] file = img.20180922_075520.2018-09-22_07-36-20_000.jpg.3.png / val_Average = 36.6996	val_Variance = 938.6013	sd = 30.6366	max = 160	min = 0
[20180922_075523 / lib_ip.py:4090] len(Hs) = 8100, len(Ss) = 8100, len(Vs) = 8100
[20180922_075523 / lib_ip.py:4137] green : variance --> out of range (variance = 938.601 / upper = 0.750 / lower = 0.000)
[20180922_075523 / lib_ip.py:3794] file = img.20180922_075520.2018-09-22_07-36-20_000.jpg.3.png / val_Average = 36.6996	val_Variance = 938.6013	sd = 30.6366	max = 160	min = 0
[20180922_075523 / lib_ip.py:4204] len(Hs) = 8100, len(Ss) = 8100, len(Vs) = 8100
[20180922_075523 / lib_ip.py:4248] black : variance --> out of range (variance = 938.601 / upper = 0.000 / lower = 0.000)
[20180922_075523 / lib_ip.py:4398] file : img.20180922_075520.2018-09-22_07-36-20_000.jpg.3.png 2 (black : variance --> out of range (variance = 938.601 / upper = 0.000 / lower = 0.000))
[20180922_075523 / lib_ip.py:2273] inspecting ===> img.20180922_075520.2018-09-22_07-36-20_000.jpg.4.png
[20180922_075523 / lib_ip.py:4330] 
img.20180922_075520.2018-09-22_07-36-20_000.jpg.4.png 3
[20180922_075523 / lib_ip.py:3794] file = img.20180922_075520.2018-09-22_07-36-20_000.jpg.4.png / val_Average = 105.8900	val_Variance = 4.2806	sd = 2.0690	max = 112	min = 102
[20180922_075523 / lib_ip.py:3877] len(Hs) = 8100, len(Ss) = 8100, len(Vs) = 8100
[20180922_075524 / lib_ip.py:3910] yellow : variance --> out of range (variance = 4.281 / upper = 0.650 / lower = 0.000)
[20180922_075524 / lib_ip.py:3794] file = img.20180922_075520.2018-09-22_07-36-20_000.jpg.4.png / val_Average = 105.8900	val_Variance = 4.2806	sd = 2.0690	max = 112	min = 102
[20180922_075524 / lib_ip.py:3977] len(Hs) = 8100, len(Ss) = 8100, len(Vs) = 8100
[20180922_075524 / lib_ip.py:4023] red : variance --> out of range (variance = 4.281 / upper = 0.430 / lower = 0.000)
[20180922_075524 / lib_ip.py:3794] file = img.20180922_075520.2018-09-22_07-36-20_000.jpg.4.png / val_Average = 105.8900	val_Variance = 4.2806	sd = 2.0690	max = 112	min = 102
[20180922_075524 / lib_ip.py:4090] len(Hs) = 8100, len(Ss) = 8100, len(Vs) = 8100
[20180922_075524 / lib_ip.py:4137] green : variance --> out of range (variance = 4.281 / upper = 0.750 / lower = 0.000)
[20180922_075524 / lib_ip.py:3794] file = img.20180922_075520.2018-09-22_07-36-20_000.jpg.4.png / val_Average = 105.8900	val_Variance = 4.2806	sd = 2.0690	max = 112	min = 102
[20180922_075524 / lib_ip.py:4204] len(Hs) = 8100, len(Ss) = 8100, len(Vs) = 8100
[20180922_075524 / lib_ip.py:4248] black : variance --> out of range (variance = 4.281 / upper = 0.000 / lower = 0.000)
[20180922_075524 / lib_ip.py:4398] file : img.20180922_075520.2018-09-22_07-36-20_000.jpg.4.png 3 (black : variance --> out of range (variance = 4.281 / upper = 0.000 / lower = 0.000))
[20180922_075523 / lib_ip.py:2273] inspecting ===> img.20180922_075520.2018-09-22_07-36-20_000.jpg.4.png
img.20180922_075520.2018-09-22_07-36-20_000.jpg.1.png => other
img.20180922_075520.2018-09-22_07-36-20_000.jpg.2.png => other
img.20180922_075520.2018-09-22_07-36-20_000.jpg.3.png => other
img.20180922_075520.2018-09-22_07-36-20_000.jpg.4.png => other
[20180922_075524 lib_ip.py:3300] =============== Get 4 corners
dpath_Images = C:\WORKS_2\WS\WS_Others.Art\JVEMV6\46_art\VIRTUAL\Admin_Projects\ip\images
fname_Image = img.20180922_075520.2018-09-22_07-36-20_000.jpg.4.png

[20180922_075524 / views.py:1029] gen csv => complete (20180922_075524)(elapsed = 35.530 sec / 7 files / 5.076 sec per file)
1)	2018-09-21_11-14-25_000.jpg => 	other yellow other other 
2)	2018-09-21_16-18-51_000.jpg => 	green green other other 
3)	2018-09-21_18-27-55_000.jpg => 	other other other other 
4)	2018-09-21_19-01-26_000.jpg => 	other other red other 
5)	2018-09-21_20-18-22_000.jpg => 	other other yellow other 
6)	2018-09-22_01-12-21_000.jpg => 	other other other other 
7)	2018-09-22_07-36-20_000.jpg => 	green green other other 
[20180922_075524 / views.py:1415] lo_ColorName_Set__Modified_2 =>
1)	2018-09-21_11-14-25_000.jpg => 	o o o y 
2)	2018-09-21_16-18-51_000.jpg => 	g g o o 
3)	2018-09-21_18-27-55_000.jpg => 	o o o o 
4)	2018-09-21_19-01-26_000.jpg => 	o o o r 
5)	2018-09-21_20-18-22_000.jpg => 	o o o y 
6)	2018-09-22_01-12-21_000.jpg => 	o o o o 
7)	2018-09-22_07-36-20_000.jpg => 	g g o o 
[20180922_075526 / views.py:1526] gen_Cake_CSV(request) ==> ending... =======================//

