[20181217_112715 / views.py:1878] exec_get_4_corners(request) ================================
[20181217_112718 / lib_ip.py:1961] lo_Color_Names =>
img.20181217_112716.2018-12-16_16-23-26_000.jpg.1.png => other
img.20181217_112716.2018-12-16_16-23-26_000.jpg.2.png => other
img.20181217_112716.2018-12-16_16-23-26_000.jpg.3.png => other
img.20181217_112716.2018-12-16_16-23-26_000.jpg.4.png => other
[20181217_112718 / lib_ip.py:4399] 
2018-12-16_16-23-26_000.jpg 0 ---------------------
[20181217_112718 / lib_ip.py:3753] file = 2018-12-16_16-23-26_000.jpg / val_Average = 86.0478	val_Variance = 0.3391	sd = 0.5823	max = 87	min = 85
[20181217_112718 / lib_ip.py:3836] len(Hs) = 8100, len(Ss) = 8100, len(Vs) = 8100
[20181217_112718 / lib_ip.py:4399] 
2018-12-16_16-23-26_000.jpg 1 ---------------------
[20181217_112718 / lib_ip.py:3753] file = 2018-12-16_16-23-26_000.jpg / val_Average = 13.3631	val_Variance = 0.6021	sd = 0.7760	max = 15	min = 11
[20181217_112718 / lib_ip.py:3836] len(Hs) = 8100, len(Ss) = 8100, len(Vs) = 8100
[20181217_112718 / lib_ip.py:3891] yellow : average --> out of range (average = 13.363 / upper = 99.200 / lower = 85.500)
[20181217_112718 / lib_ip.py:3753] file = 2018-12-16_16-23-26_000.jpg / val_Average = 13.3631	val_Variance = 0.6021	sd = 0.7760	max = 15	min = 11
[20181217_112718 / lib_ip.py:3936] len(Hs) = 8100, len(Ss) = 8100, len(Vs) = 8100
[20181217_112719 / lib_ip.py:3982] red : variance --> out of range (variance = 0.602 / upper = 0.430 / lower = 0.000)
[20181217_112719 / lib_ip.py:3753] file = 2018-12-16_16-23-26_000.jpg / val_Average = 13.3631	val_Variance = 0.6021	sd = 0.7760	max = 15	min = 11
[20181217_112719 / lib_ip.py:4052] len(Hs) = 8100, len(Ss) = 8100, len(Vs) = 8100
[20181217_112719 / lib_ip.py:4124] green : average --> out of range (average = 13.363 / upper = 83.000 / lower = 58.000)
[20181217_112719 / lib_ip.py:3753] file = 2018-12-16_16-23-26_000.jpg / val_Average = 13.3631	val_Variance = 0.6021	sd = 0.7760	max = 15	min = 11
[20181217_112719 / lib_ip.py:4169] len(Hs) = 8100, len(Ss) = 8100, len(Vs) = 8100
[20181217_112719 / lib_ip.py:4399] 
2018-12-16_16-23-26_000.jpg 2 ---------------------
[20181217_112719 / lib_ip.py:3753] file = 2018-12-16_16-23-26_000.jpg / val_Average = 121.6083	val_Variance = 0.2803	sd = 0.5294	max = 123	min = 121
[20181217_112719 / lib_ip.py:3836] len(Hs) = 8100, len(Ss) = 8100, len(Vs) = 8100
[20181217_112719 / lib_ip.py:3891] yellow : average --> out of range (average = 121.608 / upper = 99.200 / lower = 85.500)
[20181217_112719 / lib_ip.py:3753] file = 2018-12-16_16-23-26_000.jpg / val_Average = 121.6083	val_Variance = 0.2803	sd = 0.5294	max = 123	min = 121
[20181217_112719 / lib_ip.py:3936] len(Hs) = 8100, len(Ss) = 8100, len(Vs) = 8100
[20181217_112719 / lib_ip.py:4399] 
2018-12-16_16-23-26_000.jpg 3 ---------------------
[20181217_112719 / lib_ip.py:3753] file = 2018-12-16_16-23-26_000.jpg / val_Average = 75.0000	val_Variance = 0.0000	sd = 0.0000	max = 75	min = 75
[20181217_112719 / lib_ip.py:3836] len(Hs) = 8100, len(Ss) = 8100, len(Vs) = 8100
[20181217_112719 / lib_ip.py:3891] yellow : average --> out of range (average = 75.000 / upper = 99.200 / lower = 85.500)
[20181217_112719 / lib_ip.py:3753] file = 2018-12-16_16-23-26_000.jpg / val_Average = 75.0000	val_Variance = 0.0000	sd = 0.0000	max = 75	min = 75
[20181217_112719 / lib_ip.py:3936] len(Hs) = 8100, len(Ss) = 8100, len(Vs) = 8100
[20181217_112719 / lib_ip.py:4007] red : average --> out of range (average = 75.000 / upper = 124.000 / lower = 115.000)
[20181217_112720 / lib_ip.py:3753] file = 2018-12-16_16-23-26_000.jpg / val_Average = 75.0000	val_Variance = 0.0000	sd = 0.0000	max = 75	min = 75
[20181217_112720 / lib_ip.py:4052] len(Hs) = 8100, len(Ss) = 8100, len(Vs) = 8100
[20181217_112720 / lib_ip.py:2021] lo_Color_Names_2 =>
file = img.20181217_112716.2018-12-16_16-23-26_000.jpg.1.png / color name = yellow
file = img.20181217_112716.2018-12-16_16-23-26_000.jpg.2.png / color name = blue
file = img.20181217_112716.2018-12-16_16-23-26_000.jpg.3.png / color name = red
file = img.20181217_112716.2018-12-16_16-23-26_000.jpg.4.png / color name = green
