[20181206_145622 / views.py:1955] exec_get_4_corners(request) ================================
[20181206_145626 / lib_ip.py:1960] lo_Color_Names =>
img.20181206_145624.IMG_0984.JPG.1.png => other
img.20181206_145624.IMG_0984.JPG.2.png => other
img.20181206_145624.IMG_0984.JPG.3.png => other
img.20181206_145624.IMG_0984.JPG.4.png => other
[20181206_145626 / lib_ip.py:4331] 
IMG_0984.JPG 0 ---------------------
[20181206_145628 / lib_ip.py:3794] file = IMG_0984.JPG / val_Average = 13.0620	val_Variance = 0.0964	sd = 0.3105	max = 14	min = 12
[20181206_145628 / lib_ip.py:3877] len(Hs) = 8100, len(Ss) = 8100, len(Vs) = 8100
[20181206_145628 / lib_ip.py:3932] yellow : average --> out of range (average = 13.062 / upper = 99.200 / lower = 88.000)
[20181206_145628 / lib_ip.py:3794] file = IMG_0984.JPG / val_Average = 13.0620	val_Variance = 0.0964	sd = 0.3105	max = 14	min = 12
[20181206_145628 / lib_ip.py:3977] len(Hs) = 8100, len(Ss) = 8100, len(Vs) = 8100
[20181206_145628 / lib_ip.py:4048] red : average --> out of range (average = 13.062 / upper = 124.000 / lower = 115.000)
[20181206_145628 / lib_ip.py:3794] file = IMG_0984.JPG / val_Average = 13.0620	val_Variance = 0.0964	sd = 0.3105	max = 14	min = 12
[20181206_145628 / lib_ip.py:4090] len(Hs) = 8100, len(Ss) = 8100, len(Vs) = 8100
[20181206_145628 / lib_ip.py:4162] green : average --> out of range (average = 13.062 / upper = 83.000 / lower = 58.000)
[20181206_145628 / lib_ip.py:3794] file = IMG_0984.JPG / val_Average = 13.0620	val_Variance = 0.0964	sd = 0.3105	max = 14	min = 12
[20181206_145629 / lib_ip.py:4204] len(Hs) = 8100, len(Ss) = 8100, len(Vs) = 8100
[20181206_145629 / lib_ip.py:4248] black : variance --> out of range (variance = 0.096 / upper = 0.000 / lower = 0.000)
[20181206_145629 / lib_ip.py:4399] file : IMG_0984.JPG 0 (black : variance --> out of range (variance = 0.096 / upper = 0.000 / lower = 0.000))
[20181206_145629 / lib_ip.py:4331] 
IMG_0984.JPG 1 ---------------------
[20181206_145629 / lib_ip.py:3794] file = IMG_0984.JPG / val_Average = 133.5567	val_Variance = 0.3651	sd = 0.6042	max = 135	min = 132
[20181206_145629 / lib_ip.py:3877] len(Hs) = 8100, len(Ss) = 8100, len(Vs) = 8100
[20181206_145629 / lib_ip.py:3932] yellow : average --> out of range (average = 133.557 / upper = 99.200 / lower = 88.000)
[20181206_145630 / lib_ip.py:3794] file = IMG_0984.JPG / val_Average = 133.5567	val_Variance = 0.3651	sd = 0.6042	max = 135	min = 132
[20181206_145630 / lib_ip.py:3977] len(Hs) = 8100, len(Ss) = 8100, len(Vs) = 8100
[20181206_145630 / lib_ip.py:4048] red : average --> out of range (average = 133.557 / upper = 124.000 / lower = 115.000)
[20181206_145630 / lib_ip.py:3794] file = IMG_0984.JPG / val_Average = 133.5567	val_Variance = 0.3651	sd = 0.6042	max = 135	min = 132
[20181206_145630 / lib_ip.py:4090] len(Hs) = 8100, len(Ss) = 8100, len(Vs) = 8100
[20181206_145630 / lib_ip.py:4162] green : average --> out of range (average = 133.557 / upper = 83.000 / lower = 58.000)
[20181206_145630 / lib_ip.py:3794] file = IMG_0984.JPG / val_Average = 133.5567	val_Variance = 0.3651	sd = 0.6042	max = 135	min = 132
[20181206_145630 / lib_ip.py:4204] len(Hs) = 8100, len(Ss) = 8100, len(Vs) = 8100
[20181206_145630 / lib_ip.py:4248] black : variance --> out of range (variance = 0.365 / upper = 0.000 / lower = 0.000)
[20181206_145630 / lib_ip.py:4399] file : IMG_0984.JPG 1 (black : variance --> out of range (variance = 0.365 / upper = 0.000 / lower = 0.000))
[20181206_145630 / lib_ip.py:4331] 
IMG_0984.JPG 2 ---------------------
[20181206_145630 / lib_ip.py:3794] file = IMG_0984.JPG / val_Average = 105.6960	val_Variance = 18.0012	sd = 4.2428	max = 135	min = 84
[20181206_145630 / lib_ip.py:3877] len(Hs) = 8100, len(Ss) = 8100, len(Vs) = 8100
[20181206_145630 / lib_ip.py:3910] yellow : variance --> out of range (variance = 18.001 / upper = 0.650 / lower = 0.000)
[20181206_145631 / lib_ip.py:3794] file = IMG_0984.JPG / val_Average = 105.6960	val_Variance = 18.0012	sd = 4.2428	max = 135	min = 84
[20181206_145631 / lib_ip.py:3977] len(Hs) = 8100, len(Ss) = 8100, len(Vs) = 8100
[20181206_145631 / lib_ip.py:4023] red : variance --> out of range (variance = 18.001 / upper = 0.430 / lower = 0.000)
[20181206_145631 / lib_ip.py:3794] file = IMG_0984.JPG / val_Average = 105.6960	val_Variance = 18.0012	sd = 4.2428	max = 135	min = 84
[20181206_145631 / lib_ip.py:4090] len(Hs) = 8100, len(Ss) = 8100, len(Vs) = 8100
[20181206_145631 / lib_ip.py:4137] green : variance --> out of range (variance = 18.001 / upper = 0.760 / lower = 0.000)
[20181206_145631 / lib_ip.py:3794] file = IMG_0984.JPG / val_Average = 105.6960	val_Variance = 18.0012	sd = 4.2428	max = 135	min = 84
[20181206_145631 / lib_ip.py:4204] len(Hs) = 8100, len(Ss) = 8100, len(Vs) = 8100
[20181206_145631 / lib_ip.py:4248] black : variance --> out of range (variance = 18.001 / upper = 0.000 / lower = 0.000)
[20181206_145631 / lib_ip.py:4399] file : IMG_0984.JPG 2 (black : variance --> out of range (variance = 18.001 / upper = 0.000 / lower = 0.000))
[20181206_145631 / lib_ip.py:4331] 
IMG_0984.JPG 3 ---------------------
[20181206_145632 / lib_ip.py:3794] file = IMG_0984.JPG / val_Average = 109.9478	val_Variance = 4.3922	sd = 2.0958	max = 122	min = 104
[20181206_145632 / lib_ip.py:3877] len(Hs) = 8100, len(Ss) = 8100, len(Vs) = 8100
[20181206_145632 / lib_ip.py:3910] yellow : variance --> out of range (variance = 4.392 / upper = 0.650 / lower = 0.000)
[20181206_145632 / lib_ip.py:3794] file = IMG_0984.JPG / val_Average = 109.9478	val_Variance = 4.3922	sd = 2.0958	max = 122	min = 104
[20181206_145632 / lib_ip.py:3977] len(Hs) = 8100, len(Ss) = 8100, len(Vs) = 8100
[20181206_145632 / lib_ip.py:4023] red : variance --> out of range (variance = 4.392 / upper = 0.430 / lower = 0.000)
[20181206_145632 / lib_ip.py:3794] file = IMG_0984.JPG / val_Average = 109.9478	val_Variance = 4.3922	sd = 2.0958	max = 122	min = 104
[20181206_145632 / lib_ip.py:4090] len(Hs) = 8100, len(Ss) = 8100, len(Vs) = 8100
[20181206_145632 / lib_ip.py:4137] green : variance --> out of range (variance = 4.392 / upper = 0.760 / lower = 0.000)
[20181206_145632 / lib_ip.py:3794] file = IMG_0984.JPG / val_Average = 109.9478	val_Variance = 4.3922	sd = 2.0958	max = 122	min = 104
[20181206_145632 / lib_ip.py:4204] len(Hs) = 8100, len(Ss) = 8100, len(Vs) = 8100
[20181206_145633 / lib_ip.py:4248] black : variance --> out of range (variance = 4.392 / upper = 0.000 / lower = 0.000)
[20181206_145633 / lib_ip.py:4399] file : IMG_0984.JPG 3 (black : variance --> out of range (variance = 4.392 / upper = 0.000 / lower = 0.000))
[20181206_145633 / lib_ip.py:2020] lo_Color_Names_2 =>
file = img.20181206_145624.IMG_0984.JPG.1.png / color name = other
file = img.20181206_145624.IMG_0984.JPG.2.png / color name = other
file = img.20181206_145624.IMG_0984.JPG.3.png / color name = other
file = img.20181206_145624.IMG_0984.JPG.4.png / color name = other
[20181206_150030 / views.py:1955] exec_get_4_corners(request) ================================
[20181206_150032 / lib_ip.py:1960] lo_Color_Names =>
img.20181206_150031.IMG_0985.JPG.1.png => other
img.20181206_150031.IMG_0985.JPG.2.png => other
img.20181206_150031.IMG_0985.JPG.3.png => other
img.20181206_150031.IMG_0985.JPG.4.png => other
[20181206_150032 / lib_ip.py:4331] 
IMG_0985.JPG 0 ---------------------
[20181206_150032 / lib_ip.py:3794] file = IMG_0985.JPG / val_Average = 11.2185	val_Variance = 0.1708	sd = 0.4132	max = 12	min = 11
[20181206_150032 / lib_ip.py:3877] len(Hs) = 8100, len(Ss) = 8100, len(Vs) = 8100
[20181206_150032 / lib_ip.py:3932] yellow : average --> out of range (average = 11.219 / upper = 99.200 / lower = 88.000)
[20181206_150033 / lib_ip.py:3794] file = IMG_0985.JPG / val_Average = 11.2185	val_Variance = 0.1708	sd = 0.4132	max = 12	min = 11
[20181206_150033 / lib_ip.py:3977] len(Hs) = 8100, len(Ss) = 8100, len(Vs) = 8100
[20181206_150033 / lib_ip.py:4048] red : average --> out of range (average = 11.219 / upper = 124.000 / lower = 115.000)
[20181206_150033 / lib_ip.py:3794] file = IMG_0985.JPG / val_Average = 11.2185	val_Variance = 0.1708	sd = 0.4132	max = 12	min = 11
[20181206_150033 / lib_ip.py:4090] len(Hs) = 8100, len(Ss) = 8100, len(Vs) = 8100
[20181206_150033 / lib_ip.py:4162] green : average --> out of range (average = 11.219 / upper = 83.000 / lower = 58.000)
[20181206_150033 / lib_ip.py:3794] file = IMG_0985.JPG / val_Average = 11.2185	val_Variance = 0.1708	sd = 0.4132	max = 12	min = 11
[20181206_150033 / lib_ip.py:4204] len(Hs) = 8100, len(Ss) = 8100, len(Vs) = 8100
[20181206_150033 / lib_ip.py:4248] black : variance --> out of range (variance = 0.171 / upper = 0.000 / lower = 0.000)
[20181206_150033 / lib_ip.py:4399] file : IMG_0985.JPG 0 (black : variance --> out of range (variance = 0.171 / upper = 0.000 / lower = 0.000))
[20181206_150033 / lib_ip.py:4331] 
IMG_0985.JPG 1 ---------------------
[20181206_150033 / lib_ip.py:3794] file = IMG_0985.JPG / val_Average = 131.1086	val_Variance = 0.2257	sd = 0.4751	max = 132	min = 129
[20181206_150033 / lib_ip.py:3877] len(Hs) = 8100, len(Ss) = 8100, len(Vs) = 8100
[20181206_150033 / lib_ip.py:3932] yellow : average --> out of range (average = 131.109 / upper = 99.200 / lower = 88.000)
[20181206_150033 / lib_ip.py:3794] file = IMG_0985.JPG / val_Average = 131.1086	val_Variance = 0.2257	sd = 0.4751	max = 132	min = 129
[20181206_150033 / lib_ip.py:3977] len(Hs) = 8100, len(Ss) = 8100, len(Vs) = 8100
[20181206_150033 / lib_ip.py:4048] red : average --> out of range (average = 131.109 / upper = 124.000 / lower = 115.000)
[20181206_150033 / lib_ip.py:3794] file = IMG_0985.JPG / val_Average = 131.1086	val_Variance = 0.2257	sd = 0.4751	max = 132	min = 129
[20181206_150033 / lib_ip.py:4090] len(Hs) = 8100, len(Ss) = 8100, len(Vs) = 8100
[20181206_150034 / lib_ip.py:4162] green : average --> out of range (average = 131.109 / upper = 83.000 / lower = 58.000)
[20181206_150034 / lib_ip.py:3794] file = IMG_0985.JPG / val_Average = 131.1086	val_Variance = 0.2257	sd = 0.4751	max = 132	min = 129
[20181206_150034 / lib_ip.py:4204] len(Hs) = 8100, len(Ss) = 8100, len(Vs) = 8100
[20181206_150034 / lib_ip.py:4248] black : variance --> out of range (variance = 0.226 / upper = 0.000 / lower = 0.000)
[20181206_150034 / lib_ip.py:4399] file : IMG_0985.JPG 1 (black : variance --> out of range (variance = 0.226 / upper = 0.000 / lower = 0.000))
[20181206_150034 / lib_ip.py:4331] 
IMG_0985.JPG 2 ---------------------
[20181206_150034 / lib_ip.py:3794] file = IMG_0985.JPG / val_Average = 91.8186	val_Variance = 626.3420	sd = 25.0268	max = 135	min = 0
[20181206_150034 / lib_ip.py:3877] len(Hs) = 8100, len(Ss) = 8100, len(Vs) = 8100
[20181206_150034 / lib_ip.py:3910] yellow : variance --> out of range (variance = 626.342 / upper = 0.650 / lower = 0.000)
[20181206_150034 / lib_ip.py:3794] file = IMG_0985.JPG / val_Average = 91.8186	val_Variance = 626.3420	sd = 25.0268	max = 135	min = 0
[20181206_150034 / lib_ip.py:3977] len(Hs) = 8100, len(Ss) = 8100, len(Vs) = 8100
[20181206_150034 / lib_ip.py:4023] red : variance --> out of range (variance = 626.342 / upper = 0.430 / lower = 0.000)
[20181206_150034 / lib_ip.py:3794] file = IMG_0985.JPG / val_Average = 91.8186	val_Variance = 626.3420	sd = 25.0268	max = 135	min = 0
[20181206_150034 / lib_ip.py:4090] len(Hs) = 8100, len(Ss) = 8100, len(Vs) = 8100
[20181206_150034 / lib_ip.py:4137] green : variance --> out of range (variance = 626.342 / upper = 0.760 / lower = 0.000)
[20181206_150034 / lib_ip.py:3794] file = IMG_0985.JPG / val_Average = 91.8186	val_Variance = 626.3420	sd = 25.0268	max = 135	min = 0
[20181206_150034 / lib_ip.py:4204] len(Hs) = 8100, len(Ss) = 8100, len(Vs) = 8100
[20181206_150034 / lib_ip.py:4248] black : variance --> out of range (variance = 626.342 / upper = 0.000 / lower = 0.000)
[20181206_150034 / lib_ip.py:4399] file : IMG_0985.JPG 2 (black : variance --> out of range (variance = 626.342 / upper = 0.000 / lower = 0.000))
[20181206_150034 / lib_ip.py:4331] 
IMG_0985.JPG 3 ---------------------
[20181206_150035 / lib_ip.py:3794] file = IMG_0985.JPG / val_Average = 103.4263	val_Variance = 237.9016	sd = 15.4241	max = 135	min = 0
[20181206_150035 / lib_ip.py:3877] len(Hs) = 8100, len(Ss) = 8100, len(Vs) = 8100
[20181206_150035 / lib_ip.py:3910] yellow : variance --> out of range (variance = 237.902 / upper = 0.650 / lower = 0.000)
[20181206_150035 / lib_ip.py:3794] file = IMG_0985.JPG / val_Average = 103.4263	val_Variance = 237.9016	sd = 15.4241	max = 135	min = 0
[20181206_150035 / lib_ip.py:3977] len(Hs) = 8100, len(Ss) = 8100, len(Vs) = 8100
[20181206_150035 / lib_ip.py:4023] red : variance --> out of range (variance = 237.902 / upper = 0.430 / lower = 0.000)
[20181206_150035 / lib_ip.py:3794] file = IMG_0985.JPG / val_Average = 103.4263	val_Variance = 237.9016	sd = 15.4241	max = 135	min = 0
[20181206_150035 / lib_ip.py:4090] len(Hs) = 8100, len(Ss) = 8100, len(Vs) = 8100
[20181206_150035 / lib_ip.py:4137] green : variance --> out of range (variance = 237.902 / upper = 0.760 / lower = 0.000)
[20181206_150035 / lib_ip.py:3794] file = IMG_0985.JPG / val_Average = 103.4263	val_Variance = 237.9016	sd = 15.4241	max = 135	min = 0
[20181206_150035 / lib_ip.py:4204] len(Hs) = 8100, len(Ss) = 8100, len(Vs) = 8100
[20181206_150035 / lib_ip.py:4248] black : variance --> out of range (variance = 237.902 / upper = 0.000 / lower = 0.000)
[20181206_150035 / lib_ip.py:4399] file : IMG_0985.JPG 3 (black : variance --> out of range (variance = 237.902 / upper = 0.000 / lower = 0.000))
[20181206_150035 / lib_ip.py:2020] lo_Color_Names_2 =>
file = img.20181206_150031.IMG_0985.JPG.1.png / color name = other
file = img.20181206_150031.IMG_0985.JPG.2.png / color name = other
file = img.20181206_150031.IMG_0985.JPG.3.png / color name = other
file = img.20181206_150031.IMG_0985.JPG.4.png / color name = other
[20181206_150355 / views.py:1955] exec_get_4_corners(request) ================================
[20181206_150357 / lib_ip.py:1960] lo_Color_Names =>
img.20181206_150356.IMG_0986.JPG.1.png => other
img.20181206_150356.IMG_0986.JPG.2.png => other
img.20181206_150356.IMG_0986.JPG.3.png => other
img.20181206_150356.IMG_0986.JPG.4.png => other
[20181206_150357 / lib_ip.py:4331] 
IMG_0986.JPG 0 ---------------------
[20181206_150357 / lib_ip.py:3794] file = IMG_0986.JPG / val_Average = 12.3542	val_Variance = 0.2287	sd = 0.4783	max = 13	min = 12
[20181206_150357 / lib_ip.py:3877] len(Hs) = 8100, len(Ss) = 8100, len(Vs) = 8100
[20181206_150357 / lib_ip.py:3932] yellow : average --> out of range (average = 12.354 / upper = 99.200 / lower = 88.000)
[20181206_150357 / lib_ip.py:3794] file = IMG_0986.JPG / val_Average = 12.3542	val_Variance = 0.2287	sd = 0.4783	max = 13	min = 12
[20181206_150357 / lib_ip.py:3977] len(Hs) = 8100, len(Ss) = 8100, len(Vs) = 8100
[20181206_150357 / lib_ip.py:4048] red : average --> out of range (average = 12.354 / upper = 124.000 / lower = 115.000)
[20181206_150358 / lib_ip.py:3794] file = IMG_0986.JPG / val_Average = 12.3542	val_Variance = 0.2287	sd = 0.4783	max = 13	min = 12
[20181206_150358 / lib_ip.py:4090] len(Hs) = 8100, len(Ss) = 8100, len(Vs) = 8100
[20181206_150358 / lib_ip.py:4162] green : average --> out of range (average = 12.354 / upper = 83.000 / lower = 58.000)
[20181206_150358 / lib_ip.py:3794] file = IMG_0986.JPG / val_Average = 12.3542	val_Variance = 0.2287	sd = 0.4783	max = 13	min = 12
[20181206_150358 / lib_ip.py:4204] len(Hs) = 8100, len(Ss) = 8100, len(Vs) = 8100
[20181206_150358 / lib_ip.py:4248] black : variance --> out of range (variance = 0.229 / upper = 0.000 / lower = 0.000)
[20181206_150358 / lib_ip.py:4399] file : IMG_0986.JPG 0 (black : variance --> out of range (variance = 0.229 / upper = 0.000 / lower = 0.000))
[20181206_150358 / lib_ip.py:4331] 
IMG_0986.JPG 1 ---------------------
[20181206_150358 / lib_ip.py:3794] file = IMG_0986.JPG / val_Average = 134.2407	val_Variance = 0.3114	sd = 0.5581	max = 136	min = 133
[20181206_150358 / lib_ip.py:3877] len(Hs) = 8100, len(Ss) = 8100, len(Vs) = 8100
[20181206_150358 / lib_ip.py:3932] yellow : average --> out of range (average = 134.241 / upper = 99.200 / lower = 88.000)
[20181206_150358 / lib_ip.py:3794] file = IMG_0986.JPG / val_Average = 134.2407	val_Variance = 0.3114	sd = 0.5581	max = 136	min = 133
[20181206_150358 / lib_ip.py:3977] len(Hs) = 8100, len(Ss) = 8100, len(Vs) = 8100
[20181206_150358 / lib_ip.py:4048] red : average --> out of range (average = 134.241 / upper = 124.000 / lower = 115.000)
[20181206_150358 / lib_ip.py:3794] file = IMG_0986.JPG / val_Average = 134.2407	val_Variance = 0.3114	sd = 0.5581	max = 136	min = 133
[20181206_150358 / lib_ip.py:4090] len(Hs) = 8100, len(Ss) = 8100, len(Vs) = 8100
[20181206_150358 / lib_ip.py:4162] green : average --> out of range (average = 134.241 / upper = 83.000 / lower = 58.000)
[20181206_150358 / lib_ip.py:3794] file = IMG_0986.JPG / val_Average = 134.2407	val_Variance = 0.3114	sd = 0.5581	max = 136	min = 133
[20181206_150358 / lib_ip.py:4204] len(Hs) = 8100, len(Ss) = 8100, len(Vs) = 8100
[20181206_150358 / lib_ip.py:4248] black : variance --> out of range (variance = 0.311 / upper = 0.000 / lower = 0.000)
[20181206_150358 / lib_ip.py:4399] file : IMG_0986.JPG 1 (black : variance --> out of range (variance = 0.311 / upper = 0.000 / lower = 0.000))
[20181206_150358 / lib_ip.py:4331] 
IMG_0986.JPG 2 ---------------------
[20181206_150359 / lib_ip.py:3794] file = IMG_0986.JPG / val_Average = 104.3664	val_Variance = 21.1887	sd = 4.6031	max = 120	min = 85
[20181206_150359 / lib_ip.py:3877] len(Hs) = 8100, len(Ss) = 8100, len(Vs) = 8100
[20181206_150359 / lib_ip.py:3910] yellow : variance --> out of range (variance = 21.189 / upper = 0.650 / lower = 0.000)
[20181206_150359 / lib_ip.py:3794] file = IMG_0986.JPG / val_Average = 104.3664	val_Variance = 21.1887	sd = 4.6031	max = 120	min = 85
[20181206_150359 / lib_ip.py:3977] len(Hs) = 8100, len(Ss) = 8100, len(Vs) = 8100
[20181206_150359 / lib_ip.py:4023] red : variance --> out of range (variance = 21.189 / upper = 0.430 / lower = 0.000)
[20181206_150359 / lib_ip.py:3794] file = IMG_0986.JPG / val_Average = 104.3664	val_Variance = 21.1887	sd = 4.6031	max = 120	min = 85
[20181206_150359 / lib_ip.py:4090] len(Hs) = 8100, len(Ss) = 8100, len(Vs) = 8100
[20181206_150359 / lib_ip.py:4137] green : variance --> out of range (variance = 21.189 / upper = 0.760 / lower = 0.000)
[20181206_150359 / lib_ip.py:3794] file = IMG_0986.JPG / val_Average = 104.3664	val_Variance = 21.1887	sd = 4.6031	max = 120	min = 85
[20181206_150359 / lib_ip.py:4204] len(Hs) = 8100, len(Ss) = 8100, len(Vs) = 8100
[20181206_150359 / lib_ip.py:4248] black : variance --> out of range (variance = 21.189 / upper = 0.000 / lower = 0.000)
[20181206_150359 / lib_ip.py:4399] file : IMG_0986.JPG 2 (black : variance --> out of range (variance = 21.189 / upper = 0.000 / lower = 0.000))
[20181206_150359 / lib_ip.py:4331] 
IMG_0986.JPG 3 ---------------------
[20181206_150359 / lib_ip.py:3794] file = IMG_0986.JPG / val_Average = 107.1077	val_Variance = 2.8501	sd = 1.6882	max = 120	min = 103
[20181206_150359 / lib_ip.py:3877] len(Hs) = 8100, len(Ss) = 8100, len(Vs) = 8100
[20181206_150359 / lib_ip.py:3910] yellow : variance --> out of range (variance = 2.850 / upper = 0.650 / lower = 0.000)
[20181206_150359 / lib_ip.py:3794] file = IMG_0986.JPG / val_Average = 107.1077	val_Variance = 2.8501	sd = 1.6882	max = 120	min = 103
[20181206_150400 / lib_ip.py:3977] len(Hs) = 8100, len(Ss) = 8100, len(Vs) = 8100
[20181206_150400 / lib_ip.py:4023] red : variance --> out of range (variance = 2.850 / upper = 0.430 / lower = 0.000)
[20181206_150400 / lib_ip.py:3794] file = IMG_0986.JPG / val_Average = 107.1077	val_Variance = 2.8501	sd = 1.6882	max = 120	min = 103
[20181206_150400 / lib_ip.py:4090] len(Hs) = 8100, len(Ss) = 8100, len(Vs) = 8100
[20181206_150400 / lib_ip.py:4137] green : variance --> out of range (variance = 2.850 / upper = 0.760 / lower = 0.000)
[20181206_150400 / lib_ip.py:3794] file = IMG_0986.JPG / val_Average = 107.1077	val_Variance = 2.8501	sd = 1.6882	max = 120	min = 103
[20181206_150400 / lib_ip.py:4204] len(Hs) = 8100, len(Ss) = 8100, len(Vs) = 8100
[20181206_150400 / lib_ip.py:4248] black : variance --> out of range (variance = 2.850 / upper = 0.000 / lower = 0.000)
[20181206_150400 / lib_ip.py:4399] file : IMG_0986.JPG 3 (black : variance --> out of range (variance = 2.850 / upper = 0.000 / lower = 0.000))
[20181206_150400 / lib_ip.py:2020] lo_Color_Names_2 =>
file = img.20181206_150356.IMG_0986.JPG.1.png / color name = other
file = img.20181206_150356.IMG_0986.JPG.2.png / color name = other
file = img.20181206_150356.IMG_0986.JPG.3.png / color name = other
file = img.20181206_150356.IMG_0986.JPG.4.png / color name = other
