[20181206_145126 / views.py:1877] gen_Cake_CSV(request) ==> starting... =======================
[20181206_145128 / lib_ip.py:2273] inspecting ===> img.20181206_145128.IMG_0984.JPG.1.png
[20181206_145128 / lib_ip.py:4331] 
img.20181206_145128.IMG_0984.JPG.1.png 0 ---------------------
[20181206_145128 / lib_ip.py:3794] file = img.20181206_145128.IMG_0984.JPG.1.png / val_Average = 13.0620	val_Variance = 0.0964	sd = 0.3105	max = 14	min = 12
[20181206_145128 / lib_ip.py:3877] len(Hs) = 8100, len(Ss) = 8100, len(Vs) = 8100
[20181206_145128 / lib_ip.py:3932] yellow : average --> out of range (average = 13.062 / upper = 99.200 / lower = 88.000)
[20181206_145128 / lib_ip.py:3794] file = img.20181206_145128.IMG_0984.JPG.1.png / val_Average = 13.0620	val_Variance = 0.0964	sd = 0.3105	max = 14	min = 12
[20181206_145129 / lib_ip.py:3977] len(Hs) = 8100, len(Ss) = 8100, len(Vs) = 8100
[20181206_145129 / lib_ip.py:4048] red : average --> out of range (average = 13.062 / upper = 124.000 / lower = 115.000)
[20181206_145129 / lib_ip.py:3794] file = img.20181206_145128.IMG_0984.JPG.1.png / val_Average = 13.0620	val_Variance = 0.0964	sd = 0.3105	max = 14	min = 12
[20181206_145129 / lib_ip.py:4090] len(Hs) = 8100, len(Ss) = 8100, len(Vs) = 8100
[20181206_145129 / lib_ip.py:4162] green : average --> out of range (average = 13.062 / upper = 83.000 / lower = 58.000)
[20181206_145129 / lib_ip.py:3794] file = img.20181206_145128.IMG_0984.JPG.1.png / val_Average = 13.0620	val_Variance = 0.0964	sd = 0.3105	max = 14	min = 12
[20181206_145129 / lib_ip.py:4204] len(Hs) = 8100, len(Ss) = 8100, len(Vs) = 8100
[20181206_145129 / lib_ip.py:4248] black : variance --> out of range (variance = 0.096 / upper = 0.000 / lower = 0.000)
[20181206_145129 / lib_ip.py:4399] file : img.20181206_145128.IMG_0984.JPG.1.png 0 (black : variance --> out of range (variance = 0.096 / upper = 0.000 / lower = 0.000))
[20181206_145129 / lib_ip.py:2273] inspecting ===> img.20181206_145128.IMG_0984.JPG.2.png
[20181206_145129 / lib_ip.py:4331] 
img.20181206_145128.IMG_0984.JPG.2.png 1 ---------------------
[20181206_145129 / lib_ip.py:3794] file = img.20181206_145128.IMG_0984.JPG.2.png / val_Average = 133.5567	val_Variance = 0.3651	sd = 0.6042	max = 135	min = 132
[20181206_145129 / lib_ip.py:3877] len(Hs) = 8100, len(Ss) = 8100, len(Vs) = 8100
[20181206_145129 / lib_ip.py:3932] yellow : average --> out of range (average = 133.557 / upper = 99.200 / lower = 88.000)
[20181206_145129 / lib_ip.py:3794] file = img.20181206_145128.IMG_0984.JPG.2.png / val_Average = 133.5567	val_Variance = 0.3651	sd = 0.6042	max = 135	min = 132
[20181206_145129 / lib_ip.py:3977] len(Hs) = 8100, len(Ss) = 8100, len(Vs) = 8100
[20181206_145130 / lib_ip.py:4048] red : average --> out of range (average = 133.557 / upper = 124.000 / lower = 115.000)
[20181206_145130 / lib_ip.py:3794] file = img.20181206_145128.IMG_0984.JPG.2.png / val_Average = 133.5567	val_Variance = 0.3651	sd = 0.6042	max = 135	min = 132
[20181206_145130 / lib_ip.py:4090] len(Hs) = 8100, len(Ss) = 8100, len(Vs) = 8100
[20181206_145130 / lib_ip.py:4162] green : average --> out of range (average = 133.557 / upper = 83.000 / lower = 58.000)
[20181206_145130 / lib_ip.py:3794] file = img.20181206_145128.IMG_0984.JPG.2.png / val_Average = 133.5567	val_Variance = 0.3651	sd = 0.6042	max = 135	min = 132
[20181206_145130 / lib_ip.py:4204] len(Hs) = 8100, len(Ss) = 8100, len(Vs) = 8100
[20181206_145130 / lib_ip.py:4248] black : variance --> out of range (variance = 0.365 / upper = 0.000 / lower = 0.000)
[20181206_145130 / lib_ip.py:4399] file : img.20181206_145128.IMG_0984.JPG.2.png 1 (black : variance --> out of range (variance = 0.365 / upper = 0.000 / lower = 0.000))
[20181206_145130 / lib_ip.py:2273] inspecting ===> img.20181206_145128.IMG_0984.JPG.3.png
[20181206_145130 / lib_ip.py:4331] 
img.20181206_145128.IMG_0984.JPG.3.png 2 ---------------------
[20181206_145130 / lib_ip.py:3794] file = img.20181206_145128.IMG_0984.JPG.3.png / val_Average = 105.6960	val_Variance = 18.0012	sd = 4.2428	max = 135	min = 84
[20181206_145130 / lib_ip.py:3877] len(Hs) = 8100, len(Ss) = 8100, len(Vs) = 8100
[20181206_145130 / lib_ip.py:3910] yellow : variance --> out of range (variance = 18.001 / upper = 0.650 / lower = 0.000)
[20181206_145130 / lib_ip.py:3794] file = img.20181206_145128.IMG_0984.JPG.3.png / val_Average = 105.6960	val_Variance = 18.0012	sd = 4.2428	max = 135	min = 84
[20181206_145130 / lib_ip.py:3977] len(Hs) = 8100, len(Ss) = 8100, len(Vs) = 8100
[20181206_145130 / lib_ip.py:4023] red : variance --> out of range (variance = 18.001 / upper = 0.430 / lower = 0.000)
[20181206_145130 / lib_ip.py:3794] file = img.20181206_145128.IMG_0984.JPG.3.png / val_Average = 105.6960	val_Variance = 18.0012	sd = 4.2428	max = 135	min = 84
[20181206_145130 / lib_ip.py:4090] len(Hs) = 8100, len(Ss) = 8100, len(Vs) = 8100
[20181206_145131 / lib_ip.py:4137] green : variance --> out of range (variance = 18.001 / upper = 0.760 / lower = 0.000)
[20181206_145131 / lib_ip.py:3794] file = img.20181206_145128.IMG_0984.JPG.3.png / val_Average = 105.6960	val_Variance = 18.0012	sd = 4.2428	max = 135	min = 84
[20181206_145131 / lib_ip.py:4204] len(Hs) = 8100, len(Ss) = 8100, len(Vs) = 8100
[20181206_145131 / lib_ip.py:4248] black : variance --> out of range (variance = 18.001 / upper = 0.000 / lower = 0.000)
[20181206_145131 / lib_ip.py:4399] file : img.20181206_145128.IMG_0984.JPG.3.png 2 (black : variance --> out of range (variance = 18.001 / upper = 0.000 / lower = 0.000))
[20181206_145131 / lib_ip.py:2273] inspecting ===> img.20181206_145128.IMG_0984.JPG.4.png
[20181206_145131 / lib_ip.py:4331] 
img.20181206_145128.IMG_0984.JPG.4.png 3 ---------------------
[20181206_145131 / lib_ip.py:3794] file = img.20181206_145128.IMG_0984.JPG.4.png / val_Average = 109.9478	val_Variance = 4.3922	sd = 2.0958	max = 122	min = 104
[20181206_145131 / lib_ip.py:3877] len(Hs) = 8100, len(Ss) = 8100, len(Vs) = 8100
[20181206_145131 / lib_ip.py:3910] yellow : variance --> out of range (variance = 4.392 / upper = 0.650 / lower = 0.000)
[20181206_145131 / lib_ip.py:3794] file = img.20181206_145128.IMG_0984.JPG.4.png / val_Average = 109.9478	val_Variance = 4.3922	sd = 2.0958	max = 122	min = 104
[20181206_145131 / lib_ip.py:3977] len(Hs) = 8100, len(Ss) = 8100, len(Vs) = 8100
[20181206_145131 / lib_ip.py:4023] red : variance --> out of range (variance = 4.392 / upper = 0.430 / lower = 0.000)
[20181206_145131 / lib_ip.py:3794] file = img.20181206_145128.IMG_0984.JPG.4.png / val_Average = 109.9478	val_Variance = 4.3922	sd = 2.0958	max = 122	min = 104
[20181206_145131 / lib_ip.py:4090] len(Hs) = 8100, len(Ss) = 8100, len(Vs) = 8100
[20181206_145132 / lib_ip.py:4137] green : variance --> out of range (variance = 4.392 / upper = 0.760 / lower = 0.000)
[20181206_145132 / lib_ip.py:3794] file = img.20181206_145128.IMG_0984.JPG.4.png / val_Average = 109.9478	val_Variance = 4.3922	sd = 2.0958	max = 122	min = 104
[20181206_145132 / lib_ip.py:4204] len(Hs) = 8100, len(Ss) = 8100, len(Vs) = 8100
[20181206_145132 / lib_ip.py:4248] black : variance --> out of range (variance = 4.392 / upper = 0.000 / lower = 0.000)
[20181206_145132 / lib_ip.py:4399] file : img.20181206_145128.IMG_0984.JPG.4.png 3 (black : variance --> out of range (variance = 4.392 / upper = 0.000 / lower = 0.000))
[20181206_145131 / lib_ip.py:2273] inspecting ===> img.20181206_145128.IMG_0984.JPG.4.png
img.20181206_145128.IMG_0984.JPG.1.png => other
img.20181206_145128.IMG_0984.JPG.2.png => other
img.20181206_145128.IMG_0984.JPG.3.png => other
img.20181206_145128.IMG_0984.JPG.4.png => other
[20181206_145132 lib_ip.py:3300] =============== Get 4 corners
dpath_Images = C:\WORKS_2\WS\WS_Others.Art\JVEMV6\46_art\VIRTUAL\Admin_Projects\ip\images
fname_Image = img.20181206_145128.IMG_0984.JPG.4.png

[20181206_145132 / lib_ip.py:2273] inspecting ===> img.20181206_145132.IMG_0985.JPG.1.png
[20181206_145133 / lib_ip.py:4331] 
img.20181206_145132.IMG_0985.JPG.1.png 0 ---------------------
[20181206_145133 / lib_ip.py:3794] file = img.20181206_145132.IMG_0985.JPG.1.png / val_Average = 11.2185	val_Variance = 0.1708	sd = 0.4132	max = 12	min = 11
[20181206_145133 / lib_ip.py:3877] len(Hs) = 8100, len(Ss) = 8100, len(Vs) = 8100
[20181206_145133 / lib_ip.py:3932] yellow : average --> out of range (average = 11.219 / upper = 99.200 / lower = 88.000)
[20181206_145133 / lib_ip.py:3794] file = img.20181206_145132.IMG_0985.JPG.1.png / val_Average = 11.2185	val_Variance = 0.1708	sd = 0.4132	max = 12	min = 11
[20181206_145133 / lib_ip.py:3977] len(Hs) = 8100, len(Ss) = 8100, len(Vs) = 8100
[20181206_145133 / lib_ip.py:4048] red : average --> out of range (average = 11.219 / upper = 124.000 / lower = 115.000)
[20181206_145133 / lib_ip.py:3794] file = img.20181206_145132.IMG_0985.JPG.1.png / val_Average = 11.2185	val_Variance = 0.1708	sd = 0.4132	max = 12	min = 11
[20181206_145133 / lib_ip.py:4090] len(Hs) = 8100, len(Ss) = 8100, len(Vs) = 8100
[20181206_145133 / lib_ip.py:4162] green : average --> out of range (average = 11.219 / upper = 83.000 / lower = 58.000)
[20181206_145133 / lib_ip.py:3794] file = img.20181206_145132.IMG_0985.JPG.1.png / val_Average = 11.2185	val_Variance = 0.1708	sd = 0.4132	max = 12	min = 11
[20181206_145133 / lib_ip.py:4204] len(Hs) = 8100, len(Ss) = 8100, len(Vs) = 8100
[20181206_145133 / lib_ip.py:4248] black : variance --> out of range (variance = 0.171 / upper = 0.000 / lower = 0.000)
[20181206_145133 / lib_ip.py:4399] file : img.20181206_145132.IMG_0985.JPG.1.png 0 (black : variance --> out of range (variance = 0.171 / upper = 0.000 / lower = 0.000))
[20181206_145133 / lib_ip.py:2273] inspecting ===> img.20181206_145132.IMG_0985.JPG.2.png
[20181206_145134 / lib_ip.py:4331] 
img.20181206_145132.IMG_0985.JPG.2.png 1 ---------------------
[20181206_145134 / lib_ip.py:3794] file = img.20181206_145132.IMG_0985.JPG.2.png / val_Average = 131.1086	val_Variance = 0.2257	sd = 0.4751	max = 132	min = 129
[20181206_145134 / lib_ip.py:3877] len(Hs) = 8100, len(Ss) = 8100, len(Vs) = 8100
[20181206_145134 / lib_ip.py:3932] yellow : average --> out of range (average = 131.109 / upper = 99.200 / lower = 88.000)
[20181206_145134 / lib_ip.py:3794] file = img.20181206_145132.IMG_0985.JPG.2.png / val_Average = 131.1086	val_Variance = 0.2257	sd = 0.4751	max = 132	min = 129
[20181206_145134 / lib_ip.py:3977] len(Hs) = 8100, len(Ss) = 8100, len(Vs) = 8100
[20181206_145134 / lib_ip.py:4048] red : average --> out of range (average = 131.109 / upper = 124.000 / lower = 115.000)
[20181206_145134 / lib_ip.py:3794] file = img.20181206_145132.IMG_0985.JPG.2.png / val_Average = 131.1086	val_Variance = 0.2257	sd = 0.4751	max = 132	min = 129
[20181206_145134 / lib_ip.py:4090] len(Hs) = 8100, len(Ss) = 8100, len(Vs) = 8100
[20181206_145134 / lib_ip.py:4162] green : average --> out of range (average = 131.109 / upper = 83.000 / lower = 58.000)
[20181206_145134 / lib_ip.py:3794] file = img.20181206_145132.IMG_0985.JPG.2.png / val_Average = 131.1086	val_Variance = 0.2257	sd = 0.4751	max = 132	min = 129
[20181206_145134 / lib_ip.py:4204] len(Hs) = 8100, len(Ss) = 8100, len(Vs) = 8100
[20181206_145134 / lib_ip.py:4248] black : variance --> out of range (variance = 0.226 / upper = 0.000 / lower = 0.000)
[20181206_145134 / lib_ip.py:4399] file : img.20181206_145132.IMG_0985.JPG.2.png 1 (black : variance --> out of range (variance = 0.226 / upper = 0.000 / lower = 0.000))
[20181206_145134 / lib_ip.py:2273] inspecting ===> img.20181206_145132.IMG_0985.JPG.3.png
[20181206_145134 / lib_ip.py:4331] 
img.20181206_145132.IMG_0985.JPG.3.png 2 ---------------------
[20181206_145135 / lib_ip.py:3794] file = img.20181206_145132.IMG_0985.JPG.3.png / val_Average = 91.8186	val_Variance = 626.3420	sd = 25.0268	max = 135	min = 0
[20181206_145135 / lib_ip.py:3877] len(Hs) = 8100, len(Ss) = 8100, len(Vs) = 8100
[20181206_145135 / lib_ip.py:3910] yellow : variance --> out of range (variance = 626.342 / upper = 0.650 / lower = 0.000)
[20181206_145135 / lib_ip.py:3794] file = img.20181206_145132.IMG_0985.JPG.3.png / val_Average = 91.8186	val_Variance = 626.3420	sd = 25.0268	max = 135	min = 0
[20181206_145135 / lib_ip.py:3977] len(Hs) = 8100, len(Ss) = 8100, len(Vs) = 8100
[20181206_145135 / lib_ip.py:4023] red : variance --> out of range (variance = 626.342 / upper = 0.430 / lower = 0.000)
[20181206_145135 / lib_ip.py:3794] file = img.20181206_145132.IMG_0985.JPG.3.png / val_Average = 91.8186	val_Variance = 626.3420	sd = 25.0268	max = 135	min = 0
[20181206_145135 / lib_ip.py:4090] len(Hs) = 8100, len(Ss) = 8100, len(Vs) = 8100
[20181206_145135 / lib_ip.py:4137] green : variance --> out of range (variance = 626.342 / upper = 0.760 / lower = 0.000)
[20181206_145135 / lib_ip.py:3794] file = img.20181206_145132.IMG_0985.JPG.3.png / val_Average = 91.8186	val_Variance = 626.3420	sd = 25.0268	max = 135	min = 0
[20181206_145135 / lib_ip.py:4204] len(Hs) = 8100, len(Ss) = 8100, len(Vs) = 8100
[20181206_145135 / lib_ip.py:4248] black : variance --> out of range (variance = 626.342 / upper = 0.000 / lower = 0.000)
[20181206_145135 / lib_ip.py:4399] file : img.20181206_145132.IMG_0985.JPG.3.png 2 (black : variance --> out of range (variance = 626.342 / upper = 0.000 / lower = 0.000))
[20181206_145135 / lib_ip.py:2273] inspecting ===> img.20181206_145132.IMG_0985.JPG.4.png
[20181206_145136 / lib_ip.py:4331] 
img.20181206_145132.IMG_0985.JPG.4.png 3 ---------------------
[20181206_145136 / lib_ip.py:3794] file = img.20181206_145132.IMG_0985.JPG.4.png / val_Average = 103.4263	val_Variance = 237.9016	sd = 15.4241	max = 135	min = 0
[20181206_145136 / lib_ip.py:3877] len(Hs) = 8100, len(Ss) = 8100, len(Vs) = 8100
[20181206_145136 / lib_ip.py:3910] yellow : variance --> out of range (variance = 237.902 / upper = 0.650 / lower = 0.000)
[20181206_145136 / lib_ip.py:3794] file = img.20181206_145132.IMG_0985.JPG.4.png / val_Average = 103.4263	val_Variance = 237.9016	sd = 15.4241	max = 135	min = 0
[20181206_145136 / lib_ip.py:3977] len(Hs) = 8100, len(Ss) = 8100, len(Vs) = 8100
[20181206_145136 / lib_ip.py:4023] red : variance --> out of range (variance = 237.902 / upper = 0.430 / lower = 0.000)
[20181206_145136 / lib_ip.py:3794] file = img.20181206_145132.IMG_0985.JPG.4.png / val_Average = 103.4263	val_Variance = 237.9016	sd = 15.4241	max = 135	min = 0
[20181206_145136 / lib_ip.py:4090] len(Hs) = 8100, len(Ss) = 8100, len(Vs) = 8100
[20181206_145136 / lib_ip.py:4137] green : variance --> out of range (variance = 237.902 / upper = 0.760 / lower = 0.000)
[20181206_145136 / lib_ip.py:3794] file = img.20181206_145132.IMG_0985.JPG.4.png / val_Average = 103.4263	val_Variance = 237.9016	sd = 15.4241	max = 135	min = 0
[20181206_145136 / lib_ip.py:4204] len(Hs) = 8100, len(Ss) = 8100, len(Vs) = 8100
[20181206_145136 / lib_ip.py:4248] black : variance --> out of range (variance = 237.902 / upper = 0.000 / lower = 0.000)
[20181206_145136 / lib_ip.py:4399] file : img.20181206_145132.IMG_0985.JPG.4.png 3 (black : variance --> out of range (variance = 237.902 / upper = 0.000 / lower = 0.000))
[20181206_145135 / lib_ip.py:2273] inspecting ===> img.20181206_145132.IMG_0985.JPG.4.png
img.20181206_145132.IMG_0985.JPG.1.png => other
img.20181206_145132.IMG_0985.JPG.2.png => other
img.20181206_145132.IMG_0985.JPG.3.png => other
img.20181206_145132.IMG_0985.JPG.4.png => other
[20181206_145136 lib_ip.py:3300] =============== Get 4 corners
dpath_Images = C:\WORKS_2\WS\WS_Others.Art\JVEMV6\46_art\VIRTUAL\Admin_Projects\ip\images
fname_Image = img.20181206_145132.IMG_0985.JPG.4.png

[20181206_145137 / lib_ip.py:2273] inspecting ===> img.20181206_145137.IMG_0986.JPG.1.png
[20181206_145137 / lib_ip.py:4331] 
img.20181206_145137.IMG_0986.JPG.1.png 0 ---------------------
[20181206_145137 / lib_ip.py:3794] file = img.20181206_145137.IMG_0986.JPG.1.png / val_Average = 12.3542	val_Variance = 0.2287	sd = 0.4783	max = 13	min = 12
[20181206_145137 / lib_ip.py:3877] len(Hs) = 8100, len(Ss) = 8100, len(Vs) = 8100
[20181206_145137 / lib_ip.py:3932] yellow : average --> out of range (average = 12.354 / upper = 99.200 / lower = 88.000)
[20181206_145137 / lib_ip.py:3794] file = img.20181206_145137.IMG_0986.JPG.1.png / val_Average = 12.3542	val_Variance = 0.2287	sd = 0.4783	max = 13	min = 12
[20181206_145137 / lib_ip.py:3977] len(Hs) = 8100, len(Ss) = 8100, len(Vs) = 8100
[20181206_145137 / lib_ip.py:4048] red : average --> out of range (average = 12.354 / upper = 124.000 / lower = 115.000)
[20181206_145137 / lib_ip.py:3794] file = img.20181206_145137.IMG_0986.JPG.1.png / val_Average = 12.3542	val_Variance = 0.2287	sd = 0.4783	max = 13	min = 12
[20181206_145137 / lib_ip.py:4090] len(Hs) = 8100, len(Ss) = 8100, len(Vs) = 8100
[20181206_145137 / lib_ip.py:4162] green : average --> out of range (average = 12.354 / upper = 83.000 / lower = 58.000)
[20181206_145138 / lib_ip.py:3794] file = img.20181206_145137.IMG_0986.JPG.1.png / val_Average = 12.3542	val_Variance = 0.2287	sd = 0.4783	max = 13	min = 12
[20181206_145138 / lib_ip.py:4204] len(Hs) = 8100, len(Ss) = 8100, len(Vs) = 8100
[20181206_145138 / lib_ip.py:4248] black : variance --> out of range (variance = 0.229 / upper = 0.000 / lower = 0.000)
[20181206_145138 / lib_ip.py:4399] file : img.20181206_145137.IMG_0986.JPG.1.png 0 (black : variance --> out of range (variance = 0.229 / upper = 0.000 / lower = 0.000))
[20181206_145138 / lib_ip.py:2273] inspecting ===> img.20181206_145137.IMG_0986.JPG.2.png
[20181206_145138 / lib_ip.py:4331] 
img.20181206_145137.IMG_0986.JPG.2.png 1 ---------------------
[20181206_145138 / lib_ip.py:3794] file = img.20181206_145137.IMG_0986.JPG.2.png / val_Average = 134.2407	val_Variance = 0.3114	sd = 0.5581	max = 136	min = 133
[20181206_145138 / lib_ip.py:3877] len(Hs) = 8100, len(Ss) = 8100, len(Vs) = 8100
[20181206_145138 / lib_ip.py:3932] yellow : average --> out of range (average = 134.241 / upper = 99.200 / lower = 88.000)
[20181206_145138 / lib_ip.py:3794] file = img.20181206_145137.IMG_0986.JPG.2.png / val_Average = 134.2407	val_Variance = 0.3114	sd = 0.5581	max = 136	min = 133
[20181206_145138 / lib_ip.py:3977] len(Hs) = 8100, len(Ss) = 8100, len(Vs) = 8100
[20181206_145138 / lib_ip.py:4048] red : average --> out of range (average = 134.241 / upper = 124.000 / lower = 115.000)
[20181206_145138 / lib_ip.py:3794] file = img.20181206_145137.IMG_0986.JPG.2.png / val_Average = 134.2407	val_Variance = 0.3114	sd = 0.5581	max = 136	min = 133
[20181206_145138 / lib_ip.py:4090] len(Hs) = 8100, len(Ss) = 8100, len(Vs) = 8100
[20181206_145138 / lib_ip.py:4162] green : average --> out of range (average = 134.241 / upper = 83.000 / lower = 58.000)
[20181206_145139 / lib_ip.py:3794] file = img.20181206_145137.IMG_0986.JPG.2.png / val_Average = 134.2407	val_Variance = 0.3114	sd = 0.5581	max = 136	min = 133
[20181206_145139 / lib_ip.py:4204] len(Hs) = 8100, len(Ss) = 8100, len(Vs) = 8100
[20181206_145139 / lib_ip.py:4248] black : variance --> out of range (variance = 0.311 / upper = 0.000 / lower = 0.000)
[20181206_145139 / lib_ip.py:4399] file : img.20181206_145137.IMG_0986.JPG.2.png 1 (black : variance --> out of range (variance = 0.311 / upper = 0.000 / lower = 0.000))
[20181206_145139 / lib_ip.py:2273] inspecting ===> img.20181206_145137.IMG_0986.JPG.3.png
[20181206_145139 / lib_ip.py:4331] 
img.20181206_145137.IMG_0986.JPG.3.png 2 ---------------------
[20181206_145139 / lib_ip.py:3794] file = img.20181206_145137.IMG_0986.JPG.3.png / val_Average = 104.3664	val_Variance = 21.1887	sd = 4.6031	max = 120	min = 85
[20181206_145139 / lib_ip.py:3877] len(Hs) = 8100, len(Ss) = 8100, len(Vs) = 8100
[20181206_145139 / lib_ip.py:3910] yellow : variance --> out of range (variance = 21.189 / upper = 0.650 / lower = 0.000)
[20181206_145139 / lib_ip.py:3794] file = img.20181206_145137.IMG_0986.JPG.3.png / val_Average = 104.3664	val_Variance = 21.1887	sd = 4.6031	max = 120	min = 85
[20181206_145139 / lib_ip.py:3977] len(Hs) = 8100, len(Ss) = 8100, len(Vs) = 8100
[20181206_145139 / lib_ip.py:4023] red : variance --> out of range (variance = 21.189 / upper = 0.430 / lower = 0.000)
[20181206_145139 / lib_ip.py:3794] file = img.20181206_145137.IMG_0986.JPG.3.png / val_Average = 104.3664	val_Variance = 21.1887	sd = 4.6031	max = 120	min = 85
[20181206_145139 / lib_ip.py:4090] len(Hs) = 8100, len(Ss) = 8100, len(Vs) = 8100
[20181206_145140 / lib_ip.py:4137] green : variance --> out of range (variance = 21.189 / upper = 0.760 / lower = 0.000)
[20181206_145140 / lib_ip.py:3794] file = img.20181206_145137.IMG_0986.JPG.3.png / val_Average = 104.3664	val_Variance = 21.1887	sd = 4.6031	max = 120	min = 85
[20181206_145140 / lib_ip.py:4204] len(Hs) = 8100, len(Ss) = 8100, len(Vs) = 8100
[20181206_145140 / lib_ip.py:4248] black : variance --> out of range (variance = 21.189 / upper = 0.000 / lower = 0.000)
[20181206_145140 / lib_ip.py:4399] file : img.20181206_145137.IMG_0986.JPG.3.png 2 (black : variance --> out of range (variance = 21.189 / upper = 0.000 / lower = 0.000))
[20181206_145140 / lib_ip.py:2273] inspecting ===> img.20181206_145137.IMG_0986.JPG.4.png
[20181206_145140 / lib_ip.py:4331] 
img.20181206_145137.IMG_0986.JPG.4.png 3 ---------------------
[20181206_145140 / lib_ip.py:3794] file = img.20181206_145137.IMG_0986.JPG.4.png / val_Average = 107.1077	val_Variance = 2.8501	sd = 1.6882	max = 120	min = 103
[20181206_145140 / lib_ip.py:3877] len(Hs) = 8100, len(Ss) = 8100, len(Vs) = 8100
[20181206_145140 / lib_ip.py:3910] yellow : variance --> out of range (variance = 2.850 / upper = 0.650 / lower = 0.000)
[20181206_145140 / lib_ip.py:3794] file = img.20181206_145137.IMG_0986.JPG.4.png / val_Average = 107.1077	val_Variance = 2.8501	sd = 1.6882	max = 120	min = 103
[20181206_145140 / lib_ip.py:3977] len(Hs) = 8100, len(Ss) = 8100, len(Vs) = 8100
[20181206_145140 / lib_ip.py:4023] red : variance --> out of range (variance = 2.850 / upper = 0.430 / lower = 0.000)
[20181206_145140 / lib_ip.py:3794] file = img.20181206_145137.IMG_0986.JPG.4.png / val_Average = 107.1077	val_Variance = 2.8501	sd = 1.6882	max = 120	min = 103
[20181206_145140 / lib_ip.py:4090] len(Hs) = 8100, len(Ss) = 8100, len(Vs) = 8100
[20181206_145140 / lib_ip.py:4137] green : variance --> out of range (variance = 2.850 / upper = 0.760 / lower = 0.000)
[20181206_145141 / lib_ip.py:3794] file = img.20181206_145137.IMG_0986.JPG.4.png / val_Average = 107.1077	val_Variance = 2.8501	sd = 1.6882	max = 120	min = 103
[20181206_145141 / lib_ip.py:4204] len(Hs) = 8100, len(Ss) = 8100, len(Vs) = 8100
[20181206_145141 / lib_ip.py:4248] black : variance --> out of range (variance = 2.850 / upper = 0.000 / lower = 0.000)
[20181206_145141 / lib_ip.py:4399] file : img.20181206_145137.IMG_0986.JPG.4.png 3 (black : variance --> out of range (variance = 2.850 / upper = 0.000 / lower = 0.000))
[20181206_145140 / lib_ip.py:2273] inspecting ===> img.20181206_145137.IMG_0986.JPG.4.png
img.20181206_145137.IMG_0986.JPG.1.png => other
img.20181206_145137.IMG_0986.JPG.2.png => other
img.20181206_145137.IMG_0986.JPG.3.png => other
img.20181206_145137.IMG_0986.JPG.4.png => other
[20181206_145141 lib_ip.py:3300] =============== Get 4 corners
dpath_Images = C:\WORKS_2\WS\WS_Others.Art\JVEMV6\46_art\VIRTUAL\Admin_Projects\ip\images
fname_Image = img.20181206_145137.IMG_0986.JPG.4.png

[20181206_145141 / lib_ip.py:2273] inspecting ===> img.20181206_145141.IMG_0987.JPG.1.png
[20181206_145141 / lib_ip.py:4331] 
img.20181206_145141.IMG_0987.JPG.1.png 0 ---------------------
[20181206_145142 / lib_ip.py:3794] file = img.20181206_145141.IMG_0987.JPG.1.png / val_Average = 12.1886	val_Variance = 0.1531	sd = 0.3912	max = 13	min = 12
[20181206_145142 / lib_ip.py:3877] len(Hs) = 8100, len(Ss) = 8100, len(Vs) = 8100
[20181206_145142 / lib_ip.py:3932] yellow : average --> out of range (average = 12.189 / upper = 99.200 / lower = 88.000)
[20181206_145142 / lib_ip.py:3794] file = img.20181206_145141.IMG_0987.JPG.1.png / val_Average = 12.1886	val_Variance = 0.1531	sd = 0.3912	max = 13	min = 12
[20181206_145142 / lib_ip.py:3977] len(Hs) = 8100, len(Ss) = 8100, len(Vs) = 8100
[20181206_145142 / lib_ip.py:4048] red : average --> out of range (average = 12.189 / upper = 124.000 / lower = 115.000)
[20181206_145142 / lib_ip.py:3794] file = img.20181206_145141.IMG_0987.JPG.1.png / val_Average = 12.1886	val_Variance = 0.1531	sd = 0.3912	max = 13	min = 12
[20181206_145142 / lib_ip.py:4090] len(Hs) = 8100, len(Ss) = 8100, len(Vs) = 8100
[20181206_145142 / lib_ip.py:4162] green : average --> out of range (average = 12.189 / upper = 83.000 / lower = 58.000)
[20181206_145142 / lib_ip.py:3794] file = img.20181206_145141.IMG_0987.JPG.1.png / val_Average = 12.1886	val_Variance = 0.1531	sd = 0.3912	max = 13	min = 12
[20181206_145142 / lib_ip.py:4204] len(Hs) = 8100, len(Ss) = 8100, len(Vs) = 8100
[20181206_145142 / lib_ip.py:4248] black : variance --> out of range (variance = 0.153 / upper = 0.000 / lower = 0.000)
[20181206_145142 / lib_ip.py:4399] file : img.20181206_145141.IMG_0987.JPG.1.png 0 (black : variance --> out of range (variance = 0.153 / upper = 0.000 / lower = 0.000))
[20181206_145142 / lib_ip.py:2273] inspecting ===> img.20181206_145141.IMG_0987.JPG.2.png
[20181206_145142 / lib_ip.py:4331] 
img.20181206_145141.IMG_0987.JPG.2.png 1 ---------------------
[20181206_145143 / lib_ip.py:3794] file = img.20181206_145141.IMG_0987.JPG.2.png / val_Average = 116.9964	val_Variance = 8.7947	sd = 2.9656	max = 126	min = 110
[20181206_145143 / lib_ip.py:3877] len(Hs) = 8100, len(Ss) = 8100, len(Vs) = 8100
[20181206_145143 / lib_ip.py:3910] yellow : variance --> out of range (variance = 8.795 / upper = 0.650 / lower = 0.000)
[20181206_145143 / lib_ip.py:3794] file = img.20181206_145141.IMG_0987.JPG.2.png / val_Average = 116.9964	val_Variance = 8.7947	sd = 2.9656	max = 126	min = 110
[20181206_145143 / lib_ip.py:3977] len(Hs) = 8100, len(Ss) = 8100, len(Vs) = 8100
[20181206_145143 / lib_ip.py:4023] red : variance --> out of range (variance = 8.795 / upper = 0.430 / lower = 0.000)
[20181206_145143 / lib_ip.py:3794] file = img.20181206_145141.IMG_0987.JPG.2.png / val_Average = 116.9964	val_Variance = 8.7947	sd = 2.9656	max = 126	min = 110
[20181206_145143 / lib_ip.py:4090] len(Hs) = 8100, len(Ss) = 8100, len(Vs) = 8100
[20181206_145143 / lib_ip.py:4137] green : variance --> out of range (variance = 8.795 / upper = 0.760 / lower = 0.000)
[20181206_145143 / lib_ip.py:3794] file = img.20181206_145141.IMG_0987.JPG.2.png / val_Average = 116.9964	val_Variance = 8.7947	sd = 2.9656	max = 126	min = 110
[20181206_145143 / lib_ip.py:4204] len(Hs) = 8100, len(Ss) = 8100, len(Vs) = 8100
[20181206_145143 / lib_ip.py:4248] black : variance --> out of range (variance = 8.795 / upper = 0.000 / lower = 0.000)
[20181206_145143 / lib_ip.py:4399] file : img.20181206_145141.IMG_0987.JPG.2.png 1 (black : variance --> out of range (variance = 8.795 / upper = 0.000 / lower = 0.000))
[20181206_145143 / lib_ip.py:2273] inspecting ===> img.20181206_145141.IMG_0987.JPG.3.png
[20181206_145144 / lib_ip.py:4331] 
img.20181206_145141.IMG_0987.JPG.3.png 2 ---------------------
[20181206_145144 / lib_ip.py:3794] file = img.20181206_145141.IMG_0987.JPG.3.png / val_Average = 105.3956	val_Variance = 0.5477	sd = 0.7401	max = 110	min = 103
[20181206_145144 / lib_ip.py:3877] len(Hs) = 8100, len(Ss) = 8100, len(Vs) = 8100
[20181206_145144 / lib_ip.py:3932] yellow : average --> out of range (average = 105.396 / upper = 99.200 / lower = 88.000)
[20181206_145144 / lib_ip.py:3794] file = img.20181206_145141.IMG_0987.JPG.3.png / val_Average = 105.3956	val_Variance = 0.5477	sd = 0.7401	max = 110	min = 103
[20181206_145144 / lib_ip.py:3977] len(Hs) = 8100, len(Ss) = 8100, len(Vs) = 8100
[20181206_145144 / lib_ip.py:4023] red : variance --> out of range (variance = 0.548 / upper = 0.430 / lower = 0.000)
[20181206_145144 / lib_ip.py:3794] file = img.20181206_145141.IMG_0987.JPG.3.png / val_Average = 105.3956	val_Variance = 0.5477	sd = 0.7401	max = 110	min = 103
[20181206_145144 / lib_ip.py:4090] len(Hs) = 8100, len(Ss) = 8100, len(Vs) = 8100
[20181206_145144 / lib_ip.py:4162] green : average --> out of range (average = 105.396 / upper = 83.000 / lower = 58.000)
[20181206_145144 / lib_ip.py:3794] file = img.20181206_145141.IMG_0987.JPG.3.png / val_Average = 105.3956	val_Variance = 0.5477	sd = 0.7401	max = 110	min = 103
[20181206_145144 / lib_ip.py:4204] len(Hs) = 8100, len(Ss) = 8100, len(Vs) = 8100
[20181206_145144 / lib_ip.py:4248] black : variance --> out of range (variance = 0.548 / upper = 0.000 / lower = 0.000)
[20181206_145144 / lib_ip.py:4399] file : img.20181206_145141.IMG_0987.JPG.3.png 2 (black : variance --> out of range (variance = 0.548 / upper = 0.000 / lower = 0.000))
[20181206_145144 / lib_ip.py:2273] inspecting ===> img.20181206_145141.IMG_0987.JPG.4.png
[20181206_145144 / lib_ip.py:4331] 
img.20181206_145141.IMG_0987.JPG.4.png 3 ---------------------
[20181206_145144 / lib_ip.py:3794] file = img.20181206_145141.IMG_0987.JPG.4.png / val_Average = 136.4447	val_Variance = 0.2679	sd = 0.5176	max = 138	min = 135
[20181206_145144 / lib_ip.py:3877] len(Hs) = 8100, len(Ss) = 8100, len(Vs) = 8100
[20181206_145144 / lib_ip.py:3932] yellow : average --> out of range (average = 136.445 / upper = 99.200 / lower = 88.000)
[20181206_145145 / lib_ip.py:3794] file = img.20181206_145141.IMG_0987.JPG.4.png / val_Average = 136.4447	val_Variance = 0.2679	sd = 0.5176	max = 138	min = 135
[20181206_145145 / lib_ip.py:3977] len(Hs) = 8100, len(Ss) = 8100, len(Vs) = 8100
[20181206_145145 / lib_ip.py:4048] red : average --> out of range (average = 136.445 / upper = 124.000 / lower = 115.000)
[20181206_145145 / lib_ip.py:3794] file = img.20181206_145141.IMG_0987.JPG.4.png / val_Average = 136.4447	val_Variance = 0.2679	sd = 0.5176	max = 138	min = 135
[20181206_145145 / lib_ip.py:4090] len(Hs) = 8100, len(Ss) = 8100, len(Vs) = 8100
[20181206_145145 / lib_ip.py:4162] green : average --> out of range (average = 136.445 / upper = 83.000 / lower = 58.000)
[20181206_145145 / lib_ip.py:3794] file = img.20181206_145141.IMG_0987.JPG.4.png / val_Average = 136.4447	val_Variance = 0.2679	sd = 0.5176	max = 138	min = 135
[20181206_145145 / lib_ip.py:4204] len(Hs) = 8100, len(Ss) = 8100, len(Vs) = 8100
[20181206_145145 / lib_ip.py:4248] black : variance --> out of range (variance = 0.268 / upper = 0.000 / lower = 0.000)
[20181206_145145 / lib_ip.py:4399] file : img.20181206_145141.IMG_0987.JPG.4.png 3 (black : variance --> out of range (variance = 0.268 / upper = 0.000 / lower = 0.000))
[20181206_145144 / lib_ip.py:2273] inspecting ===> img.20181206_145141.IMG_0987.JPG.4.png
img.20181206_145141.IMG_0987.JPG.1.png => other
img.20181206_145141.IMG_0987.JPG.2.png => other
img.20181206_145141.IMG_0987.JPG.3.png => other
img.20181206_145141.IMG_0987.JPG.4.png => other
[20181206_145145 lib_ip.py:3300] =============== Get 4 corners
dpath_Images = C:\WORKS_2\WS\WS_Others.Art\JVEMV6\46_art\VIRTUAL\Admin_Projects\ip\images
fname_Image = img.20181206_145141.IMG_0987.JPG.4.png

[20181206_145145 / views.py:1411] gen csv => complete (20181206_145145)(elapsed = 18.379 sec / 4 files / 4.595 sec per file)
1)	IMG_0984.JPG => 	other other other other 
2)	IMG_0985.JPG => 	other other other other 
3)	IMG_0986.JPG => 	other other other other 
4)	IMG_0987.JPG => 	other other other other 
[20181206_145145 / views.py:1797] lo_ColorName_Set__Modified_2 =>
1)	IMG_0984.JPG => 	o o o o 
2)	IMG_0985.JPG => 	o o o o 
3)	IMG_0986.JPG => 	o o o o 
4)	IMG_0987.JPG => 	o o o o 
[20181206_145146 / views.py:1908] gen_Cake_CSV(request) ==> ending... =======================//

