[20181208_094945 / views.py:1878] exec_get_4_corners(request) ================================
[20181208_094948 / lib_ip.py:1961] lo_Color_Names =>
img.20181208_094946.2018-12-07_10-50-22_000.jpg.1.png => other
img.20181208_094946.2018-12-07_10-50-22_000.jpg.2.png => other
img.20181208_094946.2018-12-07_10-50-22_000.jpg.3.png => other
img.20181208_094946.2018-12-07_10-50-22_000.jpg.4.png => other
[20181208_094948 / lib_ip.py:4399] 
2018-12-07_10-50-22_000.jpg 0 ---------------------
[20181208_094948 / lib_ip.py:3753] file = 2018-12-07_10-50-22_000.jpg / val_Average = 95.7664	val_Variance = 37.1724	sd = 6.0969	max = 135	min = 0
[20181208_094948 / lib_ip.py:3836] len(Hs) = 8100, len(Ss) = 8100, len(Vs) = 8100
[20181208_094948 / lib_ip.py:3869] yellow : variance --> out of range (variance = 37.172 / upper = 0.650 / lower = 0.000)
[20181208_094948 / lib_ip.py:3753] file = 2018-12-07_10-50-22_000.jpg / val_Average = 95.7664	val_Variance = 37.1724	sd = 6.0969	max = 135	min = 0
[20181208_094948 / lib_ip.py:3936] len(Hs) = 8100, len(Ss) = 8100, len(Vs) = 8100
[20181208_094948 / lib_ip.py:3982] red : variance --> out of range (variance = 37.172 / upper = 0.430 / lower = 0.000)
[20181208_094948 / lib_ip.py:3753] file = 2018-12-07_10-50-22_000.jpg / val_Average = 95.7664	val_Variance = 37.1724	sd = 6.0969	max = 135	min = 0
[20181208_094948 / lib_ip.py:4052] len(Hs) = 8100, len(Ss) = 8100, len(Vs) = 8100
[20181208_094948 / lib_ip.py:4099] green : variance --> out of range (variance = 37.172 / upper = 0.760 / lower = 0.000)
[20181208_094949 / lib_ip.py:3753] file = 2018-12-07_10-50-22_000.jpg / val_Average = 95.7664	val_Variance = 37.1724	sd = 6.0969	max = 135	min = 0
[20181208_094949 / lib_ip.py:4169] len(Hs) = 8100, len(Ss) = 8100, len(Vs) = 8100
[20181208_094949 / lib_ip.py:4208] blue : variance --> out of range (variance = 37.172 / upper = 0.270 / lower = 0.010)
[20181208_094949 / lib_ip.py:3753] file = 2018-12-07_10-50-22_000.jpg / val_Average = 95.7664	val_Variance = 37.1724	sd = 6.0969	max = 135	min = 0
[20181208_094949 / lib_ip.py:4272] len(Hs) = 8100, len(Ss) = 8100, len(Vs) = 8100
[20181208_094949 / lib_ip.py:4316] black : variance --> out of range (variance = 37.172 / upper = 0.000 / lower = 0.000)
[20181208_094949 / lib_ip.py:4477] file : 2018-12-07_10-50-22_000.jpg 0 (black : variance --> out of range (variance = 37.172 / upper = 0.000 / lower = 0.000))
[20181208_094949 / lib_ip.py:4399] 
2018-12-07_10-50-22_000.jpg 1 ---------------------
[20181208_094949 / lib_ip.py:3753] file = 2018-12-07_10-50-22_000.jpg / val_Average = 105.1886	val_Variance = 3.2301	sd = 1.7972	max = 115	min = 98
[20181208_094949 / lib_ip.py:3836] len(Hs) = 8100, len(Ss) = 8100, len(Vs) = 8100
[20181208_094949 / lib_ip.py:3869] yellow : variance --> out of range (variance = 3.230 / upper = 0.650 / lower = 0.000)
[20181208_094949 / lib_ip.py:3753] file = 2018-12-07_10-50-22_000.jpg / val_Average = 105.1886	val_Variance = 3.2301	sd = 1.7972	max = 115	min = 98
[20181208_094949 / lib_ip.py:3936] len(Hs) = 8100, len(Ss) = 8100, len(Vs) = 8100
[20181208_094949 / lib_ip.py:3982] red : variance --> out of range (variance = 3.230 / upper = 0.430 / lower = 0.000)
[20181208_094949 / lib_ip.py:3753] file = 2018-12-07_10-50-22_000.jpg / val_Average = 105.1886	val_Variance = 3.2301	sd = 1.7972	max = 115	min = 98
[20181208_094949 / lib_ip.py:4052] len(Hs) = 8100, len(Ss) = 8100, len(Vs) = 8100
[20181208_094949 / lib_ip.py:4099] green : variance --> out of range (variance = 3.230 / upper = 0.760 / lower = 0.000)
[20181208_094949 / lib_ip.py:3753] file = 2018-12-07_10-50-22_000.jpg / val_Average = 105.1886	val_Variance = 3.2301	sd = 1.7972	max = 115	min = 98
[20181208_094949 / lib_ip.py:4169] len(Hs) = 8100, len(Ss) = 8100, len(Vs) = 8100
[20181208_094949 / lib_ip.py:4208] blue : variance --> out of range (variance = 3.230 / upper = 0.270 / lower = 0.010)
[20181208_094950 / lib_ip.py:3753] file = 2018-12-07_10-50-22_000.jpg / val_Average = 105.1886	val_Variance = 3.2301	sd = 1.7972	max = 115	min = 98
[20181208_094950 / lib_ip.py:4272] len(Hs) = 8100, len(Ss) = 8100, len(Vs) = 8100
[20181208_094950 / lib_ip.py:4316] black : variance --> out of range (variance = 3.230 / upper = 0.000 / lower = 0.000)
[20181208_094950 / lib_ip.py:4477] file : 2018-12-07_10-50-22_000.jpg 1 (black : variance --> out of range (variance = 3.230 / upper = 0.000 / lower = 0.000))
[20181208_094950 / lib_ip.py:4399] 
2018-12-07_10-50-22_000.jpg 2 ---------------------
[20181208_094950 / lib_ip.py:3753] file = 2018-12-07_10-50-22_000.jpg / val_Average = 104.0527	val_Variance = 0.0902	sd = 0.3003	max = 105	min = 103
[20181208_094950 / lib_ip.py:3836] len(Hs) = 8100, len(Ss) = 8100, len(Vs) = 8100
[20181208_094950 / lib_ip.py:3891] yellow : average --> out of range (average = 104.053 / upper = 99.200 / lower = 88.000)
[20181208_094950 / lib_ip.py:3753] file = 2018-12-07_10-50-22_000.jpg / val_Average = 104.0527	val_Variance = 0.0902	sd = 0.3003	max = 105	min = 103
[20181208_094950 / lib_ip.py:3936] len(Hs) = 8100, len(Ss) = 8100, len(Vs) = 8100
[20181208_094950 / lib_ip.py:4007] red : average --> out of range (average = 104.053 / upper = 124.000 / lower = 115.000)
[20181208_094950 / lib_ip.py:3753] file = 2018-12-07_10-50-22_000.jpg / val_Average = 104.0527	val_Variance = 0.0902	sd = 0.3003	max = 105	min = 103
[20181208_094950 / lib_ip.py:4052] len(Hs) = 8100, len(Ss) = 8100, len(Vs) = 8100
[20181208_094950 / lib_ip.py:4124] green : average --> out of range (average = 104.053 / upper = 83.000 / lower = 58.000)
[20181208_094950 / lib_ip.py:3753] file = 2018-12-07_10-50-22_000.jpg / val_Average = 104.0527	val_Variance = 0.0902	sd = 0.3003	max = 105	min = 103
[20181208_094950 / lib_ip.py:4169] len(Hs) = 8100, len(Ss) = 8100, len(Vs) = 8100
[20181208_094950 / lib_ip.py:4230] blue : average --> out of range (average = 104.053 / upper = 17.000 / lower = 11.000)
[20181208_094950 / lib_ip.py:3753] file = 2018-12-07_10-50-22_000.jpg / val_Average = 104.0527	val_Variance = 0.0902	sd = 0.3003	max = 105	min = 103
[20181208_094950 / lib_ip.py:4272] len(Hs) = 8100, len(Ss) = 8100, len(Vs) = 8100
[20181208_094950 / lib_ip.py:4316] black : variance --> out of range (variance = 0.090 / upper = 0.000 / lower = 0.000)
[20181208_094950 / lib_ip.py:4477] file : 2018-12-07_10-50-22_000.jpg 2 (black : variance --> out of range (variance = 0.090 / upper = 0.000 / lower = 0.000))
[20181208_094950 / lib_ip.py:4399] 
2018-12-07_10-50-22_000.jpg 3 ---------------------
[20181208_094951 / lib_ip.py:3753] file = 2018-12-07_10-50-22_000.jpg / val_Average = 15.4504	val_Variance = 0.2554	sd = 0.5054	max = 17	min = 15
[20181208_094951 / lib_ip.py:3836] len(Hs) = 8100, len(Ss) = 8100, len(Vs) = 8100
[20181208_094951 / lib_ip.py:3891] yellow : average --> out of range (average = 15.450 / upper = 99.200 / lower = 88.000)
[20181208_094951 / lib_ip.py:3753] file = 2018-12-07_10-50-22_000.jpg / val_Average = 15.4504	val_Variance = 0.2554	sd = 0.5054	max = 17	min = 15
[20181208_094951 / lib_ip.py:3936] len(Hs) = 8100, len(Ss) = 8100, len(Vs) = 8100
[20181208_094951 / lib_ip.py:4007] red : average --> out of range (average = 15.450 / upper = 124.000 / lower = 115.000)
[20181208_094951 / lib_ip.py:3753] file = 2018-12-07_10-50-22_000.jpg / val_Average = 15.4504	val_Variance = 0.2554	sd = 0.5054	max = 17	min = 15
[20181208_094951 / lib_ip.py:4052] len(Hs) = 8100, len(Ss) = 8100, len(Vs) = 8100
[20181208_094951 / lib_ip.py:4124] green : average --> out of range (average = 15.450 / upper = 83.000 / lower = 58.000)
[20181208_094951 / lib_ip.py:3753] file = 2018-12-07_10-50-22_000.jpg / val_Average = 15.4504	val_Variance = 0.2554	sd = 0.5054	max = 17	min = 15
[20181208_094951 / lib_ip.py:4169] len(Hs) = 8100, len(Ss) = 8100, len(Vs) = 8100
[20181208_094951 / lib_ip.py:2021] lo_Color_Names_2 =>
file = img.20181208_094946.2018-12-07_10-50-22_000.jpg.1.png / color name = other
file = img.20181208_094946.2018-12-07_10-50-22_000.jpg.2.png / color name = other
file = img.20181208_094946.2018-12-07_10-50-22_000.jpg.3.png / color name = other
file = img.20181208_094946.2018-12-07_10-50-22_000.jpg.4.png / color name = blue
