[20181015_062642 / views.py:1877] gen_Cake_CSV(request) ==> starting... =======================
[20181015_062644 / lib_ip.py:2273] inspecting ===> img.20181015_062644.2018-10-14_09-59-41_000.jpg.1.png
[20181015_062644 / lib_ip.py:4330] 
img.20181015_062644.2018-10-14_09-59-41_000.jpg.1.png 0
[20181015_062644 / lib_ip.py:3794] file = img.20181015_062644.2018-10-14_09-59-41_000.jpg.1.png / val_Average = 32.4258	val_Variance = 2233.7840	sd = 47.2629	max = 150	min = 0
[20181015_062644 / lib_ip.py:3877] len(Hs) = 8100, len(Ss) = 8100, len(Vs) = 8100
[20181015_062644 / lib_ip.py:3910] yellow : variance --> out of range (variance = 2233.784 / upper = 0.650 / lower = 0.000)
[20181015_062644 / lib_ip.py:3794] file = img.20181015_062644.2018-10-14_09-59-41_000.jpg.1.png / val_Average = 32.4258	val_Variance = 2233.7840	sd = 47.2629	max = 150	min = 0
[20181015_062644 / lib_ip.py:3977] len(Hs) = 8100, len(Ss) = 8100, len(Vs) = 8100
[20181015_062645 / lib_ip.py:4023] red : variance --> out of range (variance = 2233.784 / upper = 0.430 / lower = 0.000)
[20181015_062645 / lib_ip.py:3794] file = img.20181015_062644.2018-10-14_09-59-41_000.jpg.1.png / val_Average = 32.4258	val_Variance = 2233.7840	sd = 47.2629	max = 150	min = 0
[20181015_062645 / lib_ip.py:4090] len(Hs) = 8100, len(Ss) = 8100, len(Vs) = 8100
[20181015_062645 / lib_ip.py:4137] green : variance --> out of range (variance = 2233.784 / upper = 0.750 / lower = 0.000)
[20181015_062645 / lib_ip.py:3794] file = img.20181015_062644.2018-10-14_09-59-41_000.jpg.1.png / val_Average = 32.4258	val_Variance = 2233.7840	sd = 47.2629	max = 150	min = 0
[20181015_062645 / lib_ip.py:4204] len(Hs) = 8100, len(Ss) = 8100, len(Vs) = 8100
[20181015_062645 / lib_ip.py:4248] black : variance --> out of range (variance = 2233.784 / upper = 0.000 / lower = 0.000)
[20181015_062645 / lib_ip.py:4398] file : img.20181015_062644.2018-10-14_09-59-41_000.jpg.1.png 0 (black : variance --> out of range (variance = 2233.784 / upper = 0.000 / lower = 0.000))
[20181015_062645 / lib_ip.py:2273] inspecting ===> img.20181015_062644.2018-10-14_09-59-41_000.jpg.2.png
[20181015_062645 / lib_ip.py:4330] 
img.20181015_062644.2018-10-14_09-59-41_000.jpg.2.png 1
[20181015_062645 / lib_ip.py:3794] file = img.20181015_062644.2018-10-14_09-59-41_000.jpg.2.png / val_Average = 107.6774	val_Variance = 1.1928	sd = 1.0922	max = 115	min = 105
[20181015_062645 / lib_ip.py:3877] len(Hs) = 8100, len(Ss) = 8100, len(Vs) = 8100
[20181015_062645 / lib_ip.py:3910] yellow : variance --> out of range (variance = 1.193 / upper = 0.650 / lower = 0.000)
[20181015_062645 / lib_ip.py:3794] file = img.20181015_062644.2018-10-14_09-59-41_000.jpg.2.png / val_Average = 107.6774	val_Variance = 1.1928	sd = 1.0922	max = 115	min = 105
[20181015_062645 / lib_ip.py:3977] len(Hs) = 8100, len(Ss) = 8100, len(Vs) = 8100
[20181015_062645 / lib_ip.py:4023] red : variance --> out of range (variance = 1.193 / upper = 0.430 / lower = 0.000)
[20181015_062645 / lib_ip.py:3794] file = img.20181015_062644.2018-10-14_09-59-41_000.jpg.2.png / val_Average = 107.6774	val_Variance = 1.1928	sd = 1.0922	max = 115	min = 105
[20181015_062645 / lib_ip.py:4090] len(Hs) = 8100, len(Ss) = 8100, len(Vs) = 8100
[20181015_062646 / lib_ip.py:4137] green : variance --> out of range (variance = 1.193 / upper = 0.750 / lower = 0.000)
[20181015_062646 / lib_ip.py:3794] file = img.20181015_062644.2018-10-14_09-59-41_000.jpg.2.png / val_Average = 107.6774	val_Variance = 1.1928	sd = 1.0922	max = 115	min = 105
[20181015_062646 / lib_ip.py:4204] len(Hs) = 8100, len(Ss) = 8100, len(Vs) = 8100
[20181015_062646 / lib_ip.py:4248] black : variance --> out of range (variance = 1.193 / upper = 0.000 / lower = 0.000)
[20181015_062646 / lib_ip.py:4398] file : img.20181015_062644.2018-10-14_09-59-41_000.jpg.2.png 1 (black : variance --> out of range (variance = 1.193 / upper = 0.000 / lower = 0.000))
[20181015_062646 / lib_ip.py:2273] inspecting ===> img.20181015_062644.2018-10-14_09-59-41_000.jpg.3.png
[20181015_062646 / lib_ip.py:4330] 
img.20181015_062644.2018-10-14_09-59-41_000.jpg.3.png 2
[20181015_062646 / lib_ip.py:3794] file = img.20181015_062644.2018-10-14_09-59-41_000.jpg.3.png / val_Average = 93.9856	val_Variance = 0.0142	sd = 0.1193	max = 94	min = 93
[20181015_062646 / lib_ip.py:3877] len(Hs) = 8100, len(Ss) = 8100, len(Vs) = 8100
[20181015_062646 / lib_ip.py:2273] inspecting ===> img.20181015_062644.2018-10-14_09-59-41_000.jpg.4.png
[20181015_062646 / lib_ip.py:4330] 
img.20181015_062644.2018-10-14_09-59-41_000.jpg.4.png 3
[20181015_062647 / lib_ip.py:3794] file = img.20181015_062644.2018-10-14_09-59-41_000.jpg.4.png / val_Average = 94.2791	val_Variance = 157.5062	sd = 12.5501	max = 135	min = 0
[20181015_062647 / lib_ip.py:3877] len(Hs) = 8100, len(Ss) = 8100, len(Vs) = 8100
[20181015_062647 / lib_ip.py:3910] yellow : variance --> out of range (variance = 157.506 / upper = 0.650 / lower = 0.000)
[20181015_062647 / lib_ip.py:3794] file = img.20181015_062644.2018-10-14_09-59-41_000.jpg.4.png / val_Average = 94.2791	val_Variance = 157.5062	sd = 12.5501	max = 135	min = 0
[20181015_062647 / lib_ip.py:3977] len(Hs) = 8100, len(Ss) = 8100, len(Vs) = 8100
[20181015_062647 / lib_ip.py:4023] red : variance --> out of range (variance = 157.506 / upper = 0.430 / lower = 0.000)
[20181015_062647 / lib_ip.py:3794] file = img.20181015_062644.2018-10-14_09-59-41_000.jpg.4.png / val_Average = 94.2791	val_Variance = 157.5062	sd = 12.5501	max = 135	min = 0
[20181015_062647 / lib_ip.py:4090] len(Hs) = 8100, len(Ss) = 8100, len(Vs) = 8100
[20181015_062647 / lib_ip.py:4137] green : variance --> out of range (variance = 157.506 / upper = 0.750 / lower = 0.000)
[20181015_062647 / lib_ip.py:3794] file = img.20181015_062644.2018-10-14_09-59-41_000.jpg.4.png / val_Average = 94.2791	val_Variance = 157.5062	sd = 12.5501	max = 135	min = 0
[20181015_062647 / lib_ip.py:4204] len(Hs) = 8100, len(Ss) = 8100, len(Vs) = 8100
[20181015_062647 / lib_ip.py:4248] black : variance --> out of range (variance = 157.506 / upper = 0.000 / lower = 0.000)
[20181015_062647 / lib_ip.py:4398] file : img.20181015_062644.2018-10-14_09-59-41_000.jpg.4.png 3 (black : variance --> out of range (variance = 157.506 / upper = 0.000 / lower = 0.000))
[20181015_062646 / lib_ip.py:2273] inspecting ===> img.20181015_062644.2018-10-14_09-59-41_000.jpg.4.png
img.20181015_062644.2018-10-14_09-59-41_000.jpg.1.png => other
img.20181015_062644.2018-10-14_09-59-41_000.jpg.2.png => other
img.20181015_062644.2018-10-14_09-59-41_000.jpg.3.png => other
img.20181015_062644.2018-10-14_09-59-41_000.jpg.4.png => other
[20181015_062647 lib_ip.py:3300] =============== Get 4 corners
dpath_Images = C:\WORKS_2\WS\WS_Others.Art\JVEMV6\46_art\VIRTUAL\Admin_Projects\ip\images
fname_Image = img.20181015_062644.2018-10-14_09-59-41_000.jpg.4.png

[20181015_062648 / lib_ip.py:2273] inspecting ===> img.20181015_062648.2018-10-14_14-15-30_000.jpg.1.png
[20181015_062648 / lib_ip.py:4330] 
img.20181015_062648.2018-10-14_14-15-30_000.jpg.1.png 0
[20181015_062648 / lib_ip.py:3794] file = img.20181015_062648.2018-10-14_14-15-30_000.jpg.1.png / val_Average = 111.9278	val_Variance = 15.7986	sd = 3.9747	max = 123	min = 95
[20181015_062648 / lib_ip.py:3877] len(Hs) = 8100, len(Ss) = 8100, len(Vs) = 8100
[20181015_062648 / lib_ip.py:3910] yellow : variance --> out of range (variance = 15.799 / upper = 0.650 / lower = 0.000)
[20181015_062648 / lib_ip.py:3794] file = img.20181015_062648.2018-10-14_14-15-30_000.jpg.1.png / val_Average = 111.9278	val_Variance = 15.7986	sd = 3.9747	max = 123	min = 95
[20181015_062648 / lib_ip.py:3977] len(Hs) = 8100, len(Ss) = 8100, len(Vs) = 8100
[20181015_062648 / lib_ip.py:4023] red : variance --> out of range (variance = 15.799 / upper = 0.430 / lower = 0.000)
[20181015_062648 / lib_ip.py:3794] file = img.20181015_062648.2018-10-14_14-15-30_000.jpg.1.png / val_Average = 111.9278	val_Variance = 15.7986	sd = 3.9747	max = 123	min = 95
[20181015_062648 / lib_ip.py:4090] len(Hs) = 8100, len(Ss) = 8100, len(Vs) = 8100
[20181015_062648 / lib_ip.py:4137] green : variance --> out of range (variance = 15.799 / upper = 0.750 / lower = 0.000)
[20181015_062648 / lib_ip.py:3794] file = img.20181015_062648.2018-10-14_14-15-30_000.jpg.1.png / val_Average = 111.9278	val_Variance = 15.7986	sd = 3.9747	max = 123	min = 95
[20181015_062648 / lib_ip.py:4204] len(Hs) = 8100, len(Ss) = 8100, len(Vs) = 8100
[20181015_062649 / lib_ip.py:4248] black : variance --> out of range (variance = 15.799 / upper = 0.000 / lower = 0.000)
[20181015_062649 / lib_ip.py:4398] file : img.20181015_062648.2018-10-14_14-15-30_000.jpg.1.png 0 (black : variance --> out of range (variance = 15.799 / upper = 0.000 / lower = 0.000))
[20181015_062649 / lib_ip.py:2273] inspecting ===> img.20181015_062648.2018-10-14_14-15-30_000.jpg.2.png
[20181015_062649 / lib_ip.py:4330] 
img.20181015_062648.2018-10-14_14-15-30_000.jpg.2.png 1
[20181015_062649 / lib_ip.py:3794] file = img.20181015_062648.2018-10-14_14-15-30_000.jpg.2.png / val_Average = 106.2173	val_Variance = 4.9762	sd = 2.2307	max = 112	min = 100
[20181015_062649 / lib_ip.py:3877] len(Hs) = 8100, len(Ss) = 8100, len(Vs) = 8100
[20181015_062649 / lib_ip.py:3910] yellow : variance --> out of range (variance = 4.976 / upper = 0.650 / lower = 0.000)
[20181015_062649 / lib_ip.py:3794] file = img.20181015_062648.2018-10-14_14-15-30_000.jpg.2.png / val_Average = 106.2173	val_Variance = 4.9762	sd = 2.2307	max = 112	min = 100
[20181015_062649 / lib_ip.py:3977] len(Hs) = 8100, len(Ss) = 8100, len(Vs) = 8100
[20181015_062649 / lib_ip.py:4023] red : variance --> out of range (variance = 4.976 / upper = 0.430 / lower = 0.000)
[20181015_062649 / lib_ip.py:3794] file = img.20181015_062648.2018-10-14_14-15-30_000.jpg.2.png / val_Average = 106.2173	val_Variance = 4.9762	sd = 2.2307	max = 112	min = 100
[20181015_062649 / lib_ip.py:4090] len(Hs) = 8100, len(Ss) = 8100, len(Vs) = 8100
[20181015_062649 / lib_ip.py:4137] green : variance --> out of range (variance = 4.976 / upper = 0.750 / lower = 0.000)
[20181015_062649 / lib_ip.py:3794] file = img.20181015_062648.2018-10-14_14-15-30_000.jpg.2.png / val_Average = 106.2173	val_Variance = 4.9762	sd = 2.2307	max = 112	min = 100
[20181015_062650 / lib_ip.py:4204] len(Hs) = 8100, len(Ss) = 8100, len(Vs) = 8100
[20181015_062650 / lib_ip.py:4248] black : variance --> out of range (variance = 4.976 / upper = 0.000 / lower = 0.000)
[20181015_062650 / lib_ip.py:4398] file : img.20181015_062648.2018-10-14_14-15-30_000.jpg.2.png 1 (black : variance --> out of range (variance = 4.976 / upper = 0.000 / lower = 0.000))
[20181015_062650 / lib_ip.py:2273] inspecting ===> img.20181015_062648.2018-10-14_14-15-30_000.jpg.3.png
[20181015_062650 / lib_ip.py:4330] 
img.20181015_062648.2018-10-14_14-15-30_000.jpg.3.png 2
[20181015_062650 / lib_ip.py:3794] file = img.20181015_062648.2018-10-14_14-15-30_000.jpg.3.png / val_Average = 74.5681	val_Variance = 0.2476	sd = 0.4976	max = 76	min = 74
[20181015_062650 / lib_ip.py:3877] len(Hs) = 8100, len(Ss) = 8100, len(Vs) = 8100
[20181015_062650 / lib_ip.py:3932] yellow : average --> out of range (average = 74.568 / upper = 99.200 / lower = 88.000)
[20181015_062650 / lib_ip.py:3794] file = img.20181015_062648.2018-10-14_14-15-30_000.jpg.3.png / val_Average = 74.5681	val_Variance = 0.2476	sd = 0.4976	max = 76	min = 74
[20181015_062650 / lib_ip.py:3977] len(Hs) = 8100, len(Ss) = 8100, len(Vs) = 8100
[20181015_062650 / lib_ip.py:4048] red : average --> out of range (average = 74.568 / upper = 124.000 / lower = 115.000)
[20181015_062650 / lib_ip.py:3794] file = img.20181015_062648.2018-10-14_14-15-30_000.jpg.3.png / val_Average = 74.5681	val_Variance = 0.2476	sd = 0.4976	max = 76	min = 74
[20181015_062650 / lib_ip.py:4090] len(Hs) = 8100, len(Ss) = 8100, len(Vs) = 8100
[20181015_062650 / lib_ip.py:2273] inspecting ===> img.20181015_062648.2018-10-14_14-15-30_000.jpg.4.png
[20181015_062650 / lib_ip.py:4330] 
img.20181015_062648.2018-10-14_14-15-30_000.jpg.4.png 3
[20181015_062650 / lib_ip.py:3794] file = img.20181015_062648.2018-10-14_14-15-30_000.jpg.4.png / val_Average = 75.9502	val_Variance = 0.1218	sd = 0.3491	max = 77	min = 75
[20181015_062651 / lib_ip.py:3877] len(Hs) = 8100, len(Ss) = 8100, len(Vs) = 8100
[20181015_062651 / lib_ip.py:3932] yellow : average --> out of range (average = 75.950 / upper = 99.200 / lower = 88.000)
[20181015_062651 / lib_ip.py:3794] file = img.20181015_062648.2018-10-14_14-15-30_000.jpg.4.png / val_Average = 75.9502	val_Variance = 0.1218	sd = 0.3491	max = 77	min = 75
[20181015_062651 / lib_ip.py:3977] len(Hs) = 8100, len(Ss) = 8100, len(Vs) = 8100
[20181015_062651 / lib_ip.py:4048] red : average --> out of range (average = 75.950 / upper = 124.000 / lower = 115.000)
[20181015_062651 / lib_ip.py:3794] file = img.20181015_062648.2018-10-14_14-15-30_000.jpg.4.png / val_Average = 75.9502	val_Variance = 0.1218	sd = 0.3491	max = 77	min = 75
[20181015_062651 / lib_ip.py:4090] len(Hs) = 8100, len(Ss) = 8100, len(Vs) = 8100
[20181015_062650 / lib_ip.py:2273] inspecting ===> img.20181015_062648.2018-10-14_14-15-30_000.jpg.4.png
img.20181015_062648.2018-10-14_14-15-30_000.jpg.1.png => other
img.20181015_062648.2018-10-14_14-15-30_000.jpg.2.png => other
img.20181015_062648.2018-10-14_14-15-30_000.jpg.3.png => other
img.20181015_062648.2018-10-14_14-15-30_000.jpg.4.png => other
[20181015_062651 lib_ip.py:3300] =============== Get 4 corners
dpath_Images = C:\WORKS_2\WS\WS_Others.Art\JVEMV6\46_art\VIRTUAL\Admin_Projects\ip\images
fname_Image = img.20181015_062648.2018-10-14_14-15-30_000.jpg.4.png

[20181015_062652 / lib_ip.py:2273] inspecting ===> img.20181015_062651.2018-10-14_16-33-17_000.jpg.1.png
[20181015_062652 / lib_ip.py:4330] 
img.20181015_062651.2018-10-14_16-33-17_000.jpg.1.png 0
[20181015_062652 / lib_ip.py:3794] file = img.20181015_062651.2018-10-14_16-33-17_000.jpg.1.png / val_Average = 115.7149	val_Variance = 169.8031	sd = 13.0309	max = 140	min = 0
[20181015_062652 / lib_ip.py:3877] len(Hs) = 8100, len(Ss) = 8100, len(Vs) = 8100
[20181015_062652 / lib_ip.py:3910] yellow : variance --> out of range (variance = 169.803 / upper = 0.650 / lower = 0.000)
[20181015_062652 / lib_ip.py:3794] file = img.20181015_062651.2018-10-14_16-33-17_000.jpg.1.png / val_Average = 115.7149	val_Variance = 169.8031	sd = 13.0309	max = 140	min = 0
[20181015_062652 / lib_ip.py:3977] len(Hs) = 8100, len(Ss) = 8100, len(Vs) = 8100
[20181015_062652 / lib_ip.py:4023] red : variance --> out of range (variance = 169.803 / upper = 0.430 / lower = 0.000)
[20181015_062652 / lib_ip.py:3794] file = img.20181015_062651.2018-10-14_16-33-17_000.jpg.1.png / val_Average = 115.7149	val_Variance = 169.8031	sd = 13.0309	max = 140	min = 0
[20181015_062652 / lib_ip.py:4090] len(Hs) = 8100, len(Ss) = 8100, len(Vs) = 8100
[20181015_062652 / lib_ip.py:4137] green : variance --> out of range (variance = 169.803 / upper = 0.750 / lower = 0.000)
[20181015_062652 / lib_ip.py:3794] file = img.20181015_062651.2018-10-14_16-33-17_000.jpg.1.png / val_Average = 115.7149	val_Variance = 169.8031	sd = 13.0309	max = 140	min = 0
[20181015_062652 / lib_ip.py:4204] len(Hs) = 8100, len(Ss) = 8100, len(Vs) = 8100
[20181015_062652 / lib_ip.py:4248] black : variance --> out of range (variance = 169.803 / upper = 0.000 / lower = 0.000)
[20181015_062652 / lib_ip.py:4398] file : img.20181015_062651.2018-10-14_16-33-17_000.jpg.1.png 0 (black : variance --> out of range (variance = 169.803 / upper = 0.000 / lower = 0.000))
[20181015_062652 / lib_ip.py:2273] inspecting ===> img.20181015_062651.2018-10-14_16-33-17_000.jpg.2.png
[20181015_062653 / lib_ip.py:4330] 
img.20181015_062651.2018-10-14_16-33-17_000.jpg.2.png 1
[20181015_062653 / lib_ip.py:3794] file = img.20181015_062651.2018-10-14_16-33-17_000.jpg.2.png / val_Average = 105.6669	val_Variance = 2.1829	sd = 1.4775	max = 111	min = 96
[20181015_062653 / lib_ip.py:3877] len(Hs) = 8100, len(Ss) = 8100, len(Vs) = 8100
[20181015_062653 / lib_ip.py:3910] yellow : variance --> out of range (variance = 2.183 / upper = 0.650 / lower = 0.000)
[20181015_062653 / lib_ip.py:3794] file = img.20181015_062651.2018-10-14_16-33-17_000.jpg.2.png / val_Average = 105.6669	val_Variance = 2.1829	sd = 1.4775	max = 111	min = 96
[20181015_062653 / lib_ip.py:3977] len(Hs) = 8100, len(Ss) = 8100, len(Vs) = 8100
[20181015_062653 / lib_ip.py:4023] red : variance --> out of range (variance = 2.183 / upper = 0.430 / lower = 0.000)
[20181015_062653 / lib_ip.py:3794] file = img.20181015_062651.2018-10-14_16-33-17_000.jpg.2.png / val_Average = 105.6669	val_Variance = 2.1829	sd = 1.4775	max = 111	min = 96
[20181015_062653 / lib_ip.py:4090] len(Hs) = 8100, len(Ss) = 8100, len(Vs) = 8100
[20181015_062653 / lib_ip.py:4137] green : variance --> out of range (variance = 2.183 / upper = 0.750 / lower = 0.000)
[20181015_062653 / lib_ip.py:3794] file = img.20181015_062651.2018-10-14_16-33-17_000.jpg.2.png / val_Average = 105.6669	val_Variance = 2.1829	sd = 1.4775	max = 111	min = 96
[20181015_062653 / lib_ip.py:4204] len(Hs) = 8100, len(Ss) = 8100, len(Vs) = 8100
[20181015_062653 / lib_ip.py:4248] black : variance --> out of range (variance = 2.183 / upper = 0.000 / lower = 0.000)
[20181015_062653 / lib_ip.py:4398] file : img.20181015_062651.2018-10-14_16-33-17_000.jpg.2.png 1 (black : variance --> out of range (variance = 2.183 / upper = 0.000 / lower = 0.000))
[20181015_062653 / lib_ip.py:2273] inspecting ===> img.20181015_062651.2018-10-14_16-33-17_000.jpg.3.png
[20181015_062654 / lib_ip.py:4330] 
img.20181015_062651.2018-10-14_16-33-17_000.jpg.3.png 2
[20181015_062654 / lib_ip.py:3794] file = img.20181015_062651.2018-10-14_16-33-17_000.jpg.3.png / val_Average = 78.1153	val_Variance = 0.1679	sd = 0.4098	max = 80	min = 77
[20181015_062654 / lib_ip.py:3877] len(Hs) = 8100, len(Ss) = 8100, len(Vs) = 8100
[20181015_062654 / lib_ip.py:3932] yellow : average --> out of range (average = 78.115 / upper = 99.200 / lower = 88.000)
[20181015_062654 / lib_ip.py:3794] file = img.20181015_062651.2018-10-14_16-33-17_000.jpg.3.png / val_Average = 78.1153	val_Variance = 0.1679	sd = 0.4098	max = 80	min = 77
[20181015_062654 / lib_ip.py:3977] len(Hs) = 8100, len(Ss) = 8100, len(Vs) = 8100
[20181015_062654 / lib_ip.py:4048] red : average --> out of range (average = 78.115 / upper = 124.000 / lower = 115.000)
[20181015_062654 / lib_ip.py:3794] file = img.20181015_062651.2018-10-14_16-33-17_000.jpg.3.png / val_Average = 78.1153	val_Variance = 0.1679	sd = 0.4098	max = 80	min = 77
[20181015_062654 / lib_ip.py:4090] len(Hs) = 8100, len(Ss) = 8100, len(Vs) = 8100
[20181015_062654 / lib_ip.py:2273] inspecting ===> img.20181015_062651.2018-10-14_16-33-17_000.jpg.4.png
[20181015_062654 / lib_ip.py:4330] 
img.20181015_062651.2018-10-14_16-33-17_000.jpg.4.png 3
[20181015_062654 / lib_ip.py:3794] file = img.20181015_062651.2018-10-14_16-33-17_000.jpg.4.png / val_Average = 119.6665	val_Variance = 0.2245	sd = 0.4738	max = 121	min = 118
[20181015_062655 / lib_ip.py:3877] len(Hs) = 8100, len(Ss) = 8100, len(Vs) = 8100
[20181015_062655 / lib_ip.py:3932] yellow : average --> out of range (average = 119.667 / upper = 99.200 / lower = 88.000)
[20181015_062655 / lib_ip.py:3794] file = img.20181015_062651.2018-10-14_16-33-17_000.jpg.4.png / val_Average = 119.6665	val_Variance = 0.2245	sd = 0.4738	max = 121	min = 118
[20181015_062655 / lib_ip.py:3977] len(Hs) = 8100, len(Ss) = 8100, len(Vs) = 8100
[20181015_062654 / lib_ip.py:2273] inspecting ===> img.20181015_062651.2018-10-14_16-33-17_000.jpg.4.png
img.20181015_062651.2018-10-14_16-33-17_000.jpg.1.png => other
img.20181015_062651.2018-10-14_16-33-17_000.jpg.2.png => other
img.20181015_062651.2018-10-14_16-33-17_000.jpg.3.png => other
img.20181015_062651.2018-10-14_16-33-17_000.jpg.4.png => other
[20181015_062655 lib_ip.py:3300] =============== Get 4 corners
dpath_Images = C:\WORKS_2\WS\WS_Others.Art\JVEMV6\46_art\VIRTUAL\Admin_Projects\ip\images
fname_Image = img.20181015_062651.2018-10-14_16-33-17_000.jpg.4.png

[20181015_062655 / lib_ip.py:2273] inspecting ===> img.20181015_062655.2018-10-14_17-17-33_000.jpg.1.png
[20181015_062656 / lib_ip.py:4330] 
img.20181015_062655.2018-10-14_17-17-33_000.jpg.1.png 0
[20181015_062656 / lib_ip.py:3794] file = img.20181015_062655.2018-10-14_17-17-33_000.jpg.1.png / val_Average = 77.6791	val_Variance = 0.2199	sd = 0.4689	max = 79	min = 76
[20181015_062656 / lib_ip.py:3877] len(Hs) = 8100, len(Ss) = 8100, len(Vs) = 8100
[20181015_062656 / lib_ip.py:3932] yellow : average --> out of range (average = 77.679 / upper = 99.200 / lower = 88.000)
[20181015_062656 / lib_ip.py:3794] file = img.20181015_062655.2018-10-14_17-17-33_000.jpg.1.png / val_Average = 77.6791	val_Variance = 0.2199	sd = 0.4689	max = 79	min = 76
[20181015_062656 / lib_ip.py:3977] len(Hs) = 8100, len(Ss) = 8100, len(Vs) = 8100
[20181015_062656 / lib_ip.py:4048] red : average --> out of range (average = 77.679 / upper = 124.000 / lower = 115.000)
[20181015_062656 / lib_ip.py:3794] file = img.20181015_062655.2018-10-14_17-17-33_000.jpg.1.png / val_Average = 77.6791	val_Variance = 0.2199	sd = 0.4689	max = 79	min = 76
[20181015_062656 / lib_ip.py:4090] len(Hs) = 8100, len(Ss) = 8100, len(Vs) = 8100
[20181015_062656 / lib_ip.py:2273] inspecting ===> img.20181015_062655.2018-10-14_17-17-33_000.jpg.2.png
[20181015_062656 / lib_ip.py:4330] 
img.20181015_062655.2018-10-14_17-17-33_000.jpg.2.png 1
[20181015_062657 / lib_ip.py:3794] file = img.20181015_062655.2018-10-14_17-17-33_000.jpg.2.png / val_Average = 74.9240	val_Variance = 0.4387	sd = 0.6623	max = 77	min = 74
[20181015_062657 / lib_ip.py:3877] len(Hs) = 8100, len(Ss) = 8100, len(Vs) = 8100
[20181015_062657 / lib_ip.py:3932] yellow : average --> out of range (average = 74.924 / upper = 99.200 / lower = 88.000)
[20181015_062657 / lib_ip.py:3794] file = img.20181015_062655.2018-10-14_17-17-33_000.jpg.2.png / val_Average = 74.9240	val_Variance = 0.4387	sd = 0.6623	max = 77	min = 74
[20181015_062657 / lib_ip.py:3977] len(Hs) = 8100, len(Ss) = 8100, len(Vs) = 8100
[20181015_062657 / lib_ip.py:4023] red : variance --> out of range (variance = 0.439 / upper = 0.430 / lower = 0.000)
[20181015_062657 / lib_ip.py:3794] file = img.20181015_062655.2018-10-14_17-17-33_000.jpg.2.png / val_Average = 74.9240	val_Variance = 0.4387	sd = 0.6623	max = 77	min = 74
[20181015_062657 / lib_ip.py:4090] len(Hs) = 8100, len(Ss) = 8100, len(Vs) = 8100
[20181015_062657 / lib_ip.py:2273] inspecting ===> img.20181015_062655.2018-10-14_17-17-33_000.jpg.3.png
[20181015_062657 / lib_ip.py:4330] 
img.20181015_062655.2018-10-14_17-17-33_000.jpg.3.png 2
[20181015_062657 / lib_ip.py:3794] file = img.20181015_062655.2018-10-14_17-17-33_000.jpg.3.png / val_Average = 106.8527	val_Variance = 1177.4602	sd = 34.3141	max = 168	min = 0
[20181015_062657 / lib_ip.py:3877] len(Hs) = 8100, len(Ss) = 8100, len(Vs) = 8100
[20181015_062657 / lib_ip.py:3910] yellow : variance --> out of range (variance = 1177.460 / upper = 0.650 / lower = 0.000)
[20181015_062657 / lib_ip.py:3794] file = img.20181015_062655.2018-10-14_17-17-33_000.jpg.3.png / val_Average = 106.8527	val_Variance = 1177.4602	sd = 34.3141	max = 168	min = 0
[20181015_062657 / lib_ip.py:3977] len(Hs) = 8100, len(Ss) = 8100, len(Vs) = 8100
[20181015_062657 / lib_ip.py:4023] red : variance --> out of range (variance = 1177.460 / upper = 0.430 / lower = 0.000)
[20181015_062657 / lib_ip.py:3794] file = img.20181015_062655.2018-10-14_17-17-33_000.jpg.3.png / val_Average = 106.8527	val_Variance = 1177.4602	sd = 34.3141	max = 168	min = 0
[20181015_062658 / lib_ip.py:4090] len(Hs) = 8100, len(Ss) = 8100, len(Vs) = 8100
[20181015_062658 / lib_ip.py:4137] green : variance --> out of range (variance = 1177.460 / upper = 0.750 / lower = 0.000)
[20181015_062658 / lib_ip.py:3794] file = img.20181015_062655.2018-10-14_17-17-33_000.jpg.3.png / val_Average = 106.8527	val_Variance = 1177.4602	sd = 34.3141	max = 168	min = 0
[20181015_062658 / lib_ip.py:4204] len(Hs) = 8100, len(Ss) = 8100, len(Vs) = 8100
[20181015_062658 / lib_ip.py:4248] black : variance --> out of range (variance = 1177.460 / upper = 0.000 / lower = 0.000)
[20181015_062658 / lib_ip.py:4398] file : img.20181015_062655.2018-10-14_17-17-33_000.jpg.3.png 2 (black : variance --> out of range (variance = 1177.460 / upper = 0.000 / lower = 0.000))
[20181015_062658 / lib_ip.py:2273] inspecting ===> img.20181015_062655.2018-10-14_17-17-33_000.jpg.4.png
[20181015_062658 / lib_ip.py:4330] 
img.20181015_062655.2018-10-14_17-17-33_000.jpg.4.png 3
[20181015_062658 / lib_ip.py:3794] file = img.20181015_062655.2018-10-14_17-17-33_000.jpg.4.png / val_Average = 114.8900	val_Variance = 3.7532	sd = 1.9373	max = 122	min = 110
[20181015_062658 / lib_ip.py:3877] len(Hs) = 8100, len(Ss) = 8100, len(Vs) = 8100
[20181015_062658 / lib_ip.py:3910] yellow : variance --> out of range (variance = 3.753 / upper = 0.650 / lower = 0.000)
[20181015_062658 / lib_ip.py:3794] file = img.20181015_062655.2018-10-14_17-17-33_000.jpg.4.png / val_Average = 114.8900	val_Variance = 3.7532	sd = 1.9373	max = 122	min = 110
[20181015_062658 / lib_ip.py:3977] len(Hs) = 8100, len(Ss) = 8100, len(Vs) = 8100
[20181015_062658 / lib_ip.py:4023] red : variance --> out of range (variance = 3.753 / upper = 0.430 / lower = 0.000)
[20181015_062659 / lib_ip.py:3794] file = img.20181015_062655.2018-10-14_17-17-33_000.jpg.4.png / val_Average = 114.8900	val_Variance = 3.7532	sd = 1.9373	max = 122	min = 110
[20181015_062659 / lib_ip.py:4090] len(Hs) = 8100, len(Ss) = 8100, len(Vs) = 8100
[20181015_062659 / lib_ip.py:4137] green : variance --> out of range (variance = 3.753 / upper = 0.750 / lower = 0.000)
[20181015_062659 / lib_ip.py:3794] file = img.20181015_062655.2018-10-14_17-17-33_000.jpg.4.png / val_Average = 114.8900	val_Variance = 3.7532	sd = 1.9373	max = 122	min = 110
[20181015_062659 / lib_ip.py:4204] len(Hs) = 8100, len(Ss) = 8100, len(Vs) = 8100
[20181015_062659 / lib_ip.py:4248] black : variance --> out of range (variance = 3.753 / upper = 0.000 / lower = 0.000)
[20181015_062659 / lib_ip.py:4398] file : img.20181015_062655.2018-10-14_17-17-33_000.jpg.4.png 3 (black : variance --> out of range (variance = 3.753 / upper = 0.000 / lower = 0.000))
[20181015_062658 / lib_ip.py:2273] inspecting ===> img.20181015_062655.2018-10-14_17-17-33_000.jpg.4.png
img.20181015_062655.2018-10-14_17-17-33_000.jpg.1.png => other
img.20181015_062655.2018-10-14_17-17-33_000.jpg.2.png => other
img.20181015_062655.2018-10-14_17-17-33_000.jpg.3.png => other
img.20181015_062655.2018-10-14_17-17-33_000.jpg.4.png => other
[20181015_062659 lib_ip.py:3300] =============== Get 4 corners
dpath_Images = C:\WORKS_2\WS\WS_Others.Art\JVEMV6\46_art\VIRTUAL\Admin_Projects\ip\images
fname_Image = img.20181015_062655.2018-10-14_17-17-33_000.jpg.4.png

[20181015_062659 / lib_ip.py:2273] inspecting ===> img.20181015_062659.2018-10-14_18-56-50_000.jpg.1.png
[20181015_062700 / lib_ip.py:4330] 
img.20181015_062659.2018-10-14_18-56-50_000.jpg.1.png 0
[20181015_062700 / lib_ip.py:3794] file = img.20181015_062659.2018-10-14_18-56-50_000.jpg.1.png / val_Average = 93.0912	val_Variance = 0.0992	sd = 0.3150	max = 94	min = 92
[20181015_062700 / lib_ip.py:3877] len(Hs) = 8100, len(Ss) = 8100, len(Vs) = 8100
[20181015_062700 / lib_ip.py:2273] inspecting ===> img.20181015_062659.2018-10-14_18-56-50_000.jpg.2.png
[20181015_062700 / lib_ip.py:4330] 
img.20181015_062659.2018-10-14_18-56-50_000.jpg.2.png 1
[20181015_062700 / lib_ip.py:3794] file = img.20181015_062659.2018-10-14_18-56-50_000.jpg.2.png / val_Average = 122.2837	val_Variance = 0.2032	sd = 0.4508	max = 123	min = 122
[20181015_062700 / lib_ip.py:3877] len(Hs) = 8100, len(Ss) = 8100, len(Vs) = 8100
[20181015_062700 / lib_ip.py:3932] yellow : average --> out of range (average = 122.284 / upper = 99.200 / lower = 88.000)
[20181015_062700 / lib_ip.py:3794] file = img.20181015_062659.2018-10-14_18-56-50_000.jpg.2.png / val_Average = 122.2837	val_Variance = 0.2032	sd = 0.4508	max = 123	min = 122
[20181015_062700 / lib_ip.py:3977] len(Hs) = 8100, len(Ss) = 8100, len(Vs) = 8100
[20181015_062700 / lib_ip.py:2273] inspecting ===> img.20181015_062659.2018-10-14_18-56-50_000.jpg.3.png
[20181015_062701 / lib_ip.py:4330] 
img.20181015_062659.2018-10-14_18-56-50_000.jpg.3.png 2
[20181015_062701 / lib_ip.py:3794] file = img.20181015_062659.2018-10-14_18-56-50_000.jpg.3.png / val_Average = 115.7495	val_Variance = 849.8265	sd = 29.1518	max = 160	min = 0
[20181015_062701 / lib_ip.py:3877] len(Hs) = 8100, len(Ss) = 8100, len(Vs) = 8100
[20181015_062701 / lib_ip.py:3910] yellow : variance --> out of range (variance = 849.827 / upper = 0.650 / lower = 0.000)
[20181015_062701 / lib_ip.py:3794] file = img.20181015_062659.2018-10-14_18-56-50_000.jpg.3.png / val_Average = 115.7495	val_Variance = 849.8265	sd = 29.1518	max = 160	min = 0
[20181015_062701 / lib_ip.py:3977] len(Hs) = 8100, len(Ss) = 8100, len(Vs) = 8100
[20181015_062701 / lib_ip.py:4023] red : variance --> out of range (variance = 849.827 / upper = 0.430 / lower = 0.000)
[20181015_062701 / lib_ip.py:3794] file = img.20181015_062659.2018-10-14_18-56-50_000.jpg.3.png / val_Average = 115.7495	val_Variance = 849.8265	sd = 29.1518	max = 160	min = 0
[20181015_062701 / lib_ip.py:4090] len(Hs) = 8100, len(Ss) = 8100, len(Vs) = 8100
[20181015_062701 / lib_ip.py:4137] green : variance --> out of range (variance = 849.827 / upper = 0.750 / lower = 0.000)
[20181015_062701 / lib_ip.py:3794] file = img.20181015_062659.2018-10-14_18-56-50_000.jpg.3.png / val_Average = 115.7495	val_Variance = 849.8265	sd = 29.1518	max = 160	min = 0
[20181015_062701 / lib_ip.py:4204] len(Hs) = 8100, len(Ss) = 8100, len(Vs) = 8100
[20181015_062701 / lib_ip.py:4248] black : variance --> out of range (variance = 849.827 / upper = 0.000 / lower = 0.000)
[20181015_062701 / lib_ip.py:4398] file : img.20181015_062659.2018-10-14_18-56-50_000.jpg.3.png 2 (black : variance --> out of range (variance = 849.827 / upper = 0.000 / lower = 0.000))
[20181015_062701 / lib_ip.py:2273] inspecting ===> img.20181015_062659.2018-10-14_18-56-50_000.jpg.4.png
[20181015_062701 / lib_ip.py:4330] 
img.20181015_062659.2018-10-14_18-56-50_000.jpg.4.png 3
[20181015_062702 / lib_ip.py:3794] file = img.20181015_062659.2018-10-14_18-56-50_000.jpg.4.png / val_Average = 113.3919	val_Variance = 17.0793	sd = 4.1327	max = 122	min = 105
[20181015_062702 / lib_ip.py:3877] len(Hs) = 8100, len(Ss) = 8100, len(Vs) = 8100
[20181015_062702 / lib_ip.py:3910] yellow : variance --> out of range (variance = 17.079 / upper = 0.650 / lower = 0.000)
[20181015_062702 / lib_ip.py:3794] file = img.20181015_062659.2018-10-14_18-56-50_000.jpg.4.png / val_Average = 113.3919	val_Variance = 17.0793	sd = 4.1327	max = 122	min = 105
[20181015_062702 / lib_ip.py:3977] len(Hs) = 8100, len(Ss) = 8100, len(Vs) = 8100
[20181015_062702 / lib_ip.py:4023] red : variance --> out of range (variance = 17.079 / upper = 0.430 / lower = 0.000)
[20181015_062702 / lib_ip.py:3794] file = img.20181015_062659.2018-10-14_18-56-50_000.jpg.4.png / val_Average = 113.3919	val_Variance = 17.0793	sd = 4.1327	max = 122	min = 105
[20181015_062702 / lib_ip.py:4090] len(Hs) = 8100, len(Ss) = 8100, len(Vs) = 8100
[20181015_062702 / lib_ip.py:4137] green : variance --> out of range (variance = 17.079 / upper = 0.750 / lower = 0.000)
[20181015_062702 / lib_ip.py:3794] file = img.20181015_062659.2018-10-14_18-56-50_000.jpg.4.png / val_Average = 113.3919	val_Variance = 17.0793	sd = 4.1327	max = 122	min = 105
[20181015_062702 / lib_ip.py:4204] len(Hs) = 8100, len(Ss) = 8100, len(Vs) = 8100
[20181015_062702 / lib_ip.py:4248] black : variance --> out of range (variance = 17.079 / upper = 0.000 / lower = 0.000)
[20181015_062702 / lib_ip.py:4398] file : img.20181015_062659.2018-10-14_18-56-50_000.jpg.4.png 3 (black : variance --> out of range (variance = 17.079 / upper = 0.000 / lower = 0.000))
[20181015_062701 / lib_ip.py:2273] inspecting ===> img.20181015_062659.2018-10-14_18-56-50_000.jpg.4.png
img.20181015_062659.2018-10-14_18-56-50_000.jpg.1.png => other
img.20181015_062659.2018-10-14_18-56-50_000.jpg.2.png => other
img.20181015_062659.2018-10-14_18-56-50_000.jpg.3.png => other
img.20181015_062659.2018-10-14_18-56-50_000.jpg.4.png => other
[20181015_062702 lib_ip.py:3300] =============== Get 4 corners
dpath_Images = C:\WORKS_2\WS\WS_Others.Art\JVEMV6\46_art\VIRTUAL\Admin_Projects\ip\images
fname_Image = img.20181015_062659.2018-10-14_18-56-50_000.jpg.4.png

[20181015_062703 / lib_ip.py:2273] inspecting ===> img.20181015_062703.2018-10-14_18-56-57_000.jpg.1.png
[20181015_062703 / lib_ip.py:4330] 
img.20181015_062703.2018-10-14_18-56-57_000.jpg.1.png 0
[20181015_062703 / lib_ip.py:3794] file = img.20181015_062703.2018-10-14_18-56-57_000.jpg.1.png / val_Average = 94.5773	val_Variance = 0.2440	sd = 0.4940	max = 95	min = 94
[20181015_062703 / lib_ip.py:3877] len(Hs) = 8100, len(Ss) = 8100, len(Vs) = 8100
[20181015_062703 / lib_ip.py:2273] inspecting ===> img.20181015_062703.2018-10-14_18-56-57_000.jpg.2.png
[20181015_062703 / lib_ip.py:4330] 
img.20181015_062703.2018-10-14_18-56-57_000.jpg.2.png 1
[20181015_062703 / lib_ip.py:3794] file = img.20181015_062703.2018-10-14_18-56-57_000.jpg.2.png / val_Average = 120.9884	val_Variance = 0.0125	sd = 0.1116	max = 122	min = 120
[20181015_062703 / lib_ip.py:3877] len(Hs) = 8100, len(Ss) = 8100, len(Vs) = 8100
[20181015_062704 / lib_ip.py:3932] yellow : average --> out of range (average = 120.988 / upper = 99.200 / lower = 88.000)
[20181015_062704 / lib_ip.py:3794] file = img.20181015_062703.2018-10-14_18-56-57_000.jpg.2.png / val_Average = 120.9884	val_Variance = 0.0125	sd = 0.1116	max = 122	min = 120
[20181015_062704 / lib_ip.py:3977] len(Hs) = 8100, len(Ss) = 8100, len(Vs) = 8100
[20181015_062704 / lib_ip.py:2273] inspecting ===> img.20181015_062703.2018-10-14_18-56-57_000.jpg.3.png
[20181015_062704 / lib_ip.py:4330] 
img.20181015_062703.2018-10-14_18-56-57_000.jpg.3.png 2
[20181015_062704 / lib_ip.py:3794] file = img.20181015_062703.2018-10-14_18-56-57_000.jpg.3.png / val_Average = 102.1228	val_Variance = 463.5986	sd = 21.5313	max = 135	min = 0
[20181015_062704 / lib_ip.py:3877] len(Hs) = 8100, len(Ss) = 8100, len(Vs) = 8100
[20181015_062704 / lib_ip.py:3910] yellow : variance --> out of range (variance = 463.599 / upper = 0.650 / lower = 0.000)
[20181015_062704 / lib_ip.py:3794] file = img.20181015_062703.2018-10-14_18-56-57_000.jpg.3.png / val_Average = 102.1228	val_Variance = 463.5986	sd = 21.5313	max = 135	min = 0
[20181015_062704 / lib_ip.py:3977] len(Hs) = 8100, len(Ss) = 8100, len(Vs) = 8100
[20181015_062704 / lib_ip.py:4023] red : variance --> out of range (variance = 463.599 / upper = 0.430 / lower = 0.000)
[20181015_062704 / lib_ip.py:3794] file = img.20181015_062703.2018-10-14_18-56-57_000.jpg.3.png / val_Average = 102.1228	val_Variance = 463.5986	sd = 21.5313	max = 135	min = 0
[20181015_062704 / lib_ip.py:4090] len(Hs) = 8100, len(Ss) = 8100, len(Vs) = 8100
[20181015_062704 / lib_ip.py:4137] green : variance --> out of range (variance = 463.599 / upper = 0.750 / lower = 0.000)
[20181015_062705 / lib_ip.py:3794] file = img.20181015_062703.2018-10-14_18-56-57_000.jpg.3.png / val_Average = 102.1228	val_Variance = 463.5986	sd = 21.5313	max = 135	min = 0
[20181015_062705 / lib_ip.py:4204] len(Hs) = 8100, len(Ss) = 8100, len(Vs) = 8100
[20181015_062705 / lib_ip.py:4248] black : variance --> out of range (variance = 463.599 / upper = 0.000 / lower = 0.000)
[20181015_062705 / lib_ip.py:4398] file : img.20181015_062703.2018-10-14_18-56-57_000.jpg.3.png 2 (black : variance --> out of range (variance = 463.599 / upper = 0.000 / lower = 0.000))
[20181015_062705 / lib_ip.py:2273] inspecting ===> img.20181015_062703.2018-10-14_18-56-57_000.jpg.4.png
[20181015_062705 / lib_ip.py:4330] 
img.20181015_062703.2018-10-14_18-56-57_000.jpg.4.png 3
[20181015_062705 / lib_ip.py:3794] file = img.20181015_062703.2018-10-14_18-56-57_000.jpg.4.png / val_Average = 109.1095	val_Variance = 1.0034	sd = 1.0017	max = 112	min = 106
[20181015_062705 / lib_ip.py:3877] len(Hs) = 8100, len(Ss) = 8100, len(Vs) = 8100
[20181015_062705 / lib_ip.py:3910] yellow : variance --> out of range (variance = 1.003 / upper = 0.650 / lower = 0.000)
[20181015_062705 / lib_ip.py:3794] file = img.20181015_062703.2018-10-14_18-56-57_000.jpg.4.png / val_Average = 109.1095	val_Variance = 1.0034	sd = 1.0017	max = 112	min = 106
[20181015_062705 / lib_ip.py:3977] len(Hs) = 8100, len(Ss) = 8100, len(Vs) = 8100
[20181015_062705 / lib_ip.py:4023] red : variance --> out of range (variance = 1.003 / upper = 0.430 / lower = 0.000)
[20181015_062705 / lib_ip.py:3794] file = img.20181015_062703.2018-10-14_18-56-57_000.jpg.4.png / val_Average = 109.1095	val_Variance = 1.0034	sd = 1.0017	max = 112	min = 106
[20181015_062705 / lib_ip.py:4090] len(Hs) = 8100, len(Ss) = 8100, len(Vs) = 8100
[20181015_062705 / lib_ip.py:4137] green : variance --> out of range (variance = 1.003 / upper = 0.750 / lower = 0.000)
[20181015_062705 / lib_ip.py:3794] file = img.20181015_062703.2018-10-14_18-56-57_000.jpg.4.png / val_Average = 109.1095	val_Variance = 1.0034	sd = 1.0017	max = 112	min = 106
[20181015_062705 / lib_ip.py:4204] len(Hs) = 8100, len(Ss) = 8100, len(Vs) = 8100
[20181015_062706 / lib_ip.py:4248] black : variance --> out of range (variance = 1.003 / upper = 0.000 / lower = 0.000)
[20181015_062706 / lib_ip.py:4398] file : img.20181015_062703.2018-10-14_18-56-57_000.jpg.4.png 3 (black : variance --> out of range (variance = 1.003 / upper = 0.000 / lower = 0.000))
[20181015_062705 / lib_ip.py:2273] inspecting ===> img.20181015_062703.2018-10-14_18-56-57_000.jpg.4.png
img.20181015_062703.2018-10-14_18-56-57_000.jpg.1.png => other
img.20181015_062703.2018-10-14_18-56-57_000.jpg.2.png => other
img.20181015_062703.2018-10-14_18-56-57_000.jpg.3.png => other
img.20181015_062703.2018-10-14_18-56-57_000.jpg.4.png => other
[20181015_062706 lib_ip.py:3300] =============== Get 4 corners
dpath_Images = C:\WORKS_2\WS\WS_Others.Art\JVEMV6\46_art\VIRTUAL\Admin_Projects\ip\images
fname_Image = img.20181015_062703.2018-10-14_18-56-57_000.jpg.4.png

[20181015_062706 / lib_ip.py:2273] inspecting ===> img.20181015_062706.2018-10-14_20-23-53_000.jpg.1.png
[20181015_062706 / lib_ip.py:4330] 
img.20181015_062706.2018-10-14_20-23-53_000.jpg.1.png 0
[20181015_062707 / lib_ip.py:3794] file = img.20181015_062706.2018-10-14_20-23-53_000.jpg.1.png / val_Average = 96.3956	val_Variance = 1429.2695	sd = 37.8057	max = 160	min = 0
[20181015_062707 / lib_ip.py:3877] len(Hs) = 8100, len(Ss) = 8100, len(Vs) = 8100
[20181015_062707 / lib_ip.py:3910] yellow : variance --> out of range (variance = 1429.269 / upper = 0.650 / lower = 0.000)
[20181015_062707 / lib_ip.py:3794] file = img.20181015_062706.2018-10-14_20-23-53_000.jpg.1.png / val_Average = 96.3956	val_Variance = 1429.2695	sd = 37.8057	max = 160	min = 0
[20181015_062707 / lib_ip.py:3977] len(Hs) = 8100, len(Ss) = 8100, len(Vs) = 8100
[20181015_062707 / lib_ip.py:4023] red : variance --> out of range (variance = 1429.269 / upper = 0.430 / lower = 0.000)
[20181015_062707 / lib_ip.py:3794] file = img.20181015_062706.2018-10-14_20-23-53_000.jpg.1.png / val_Average = 96.3956	val_Variance = 1429.2695	sd = 37.8057	max = 160	min = 0
[20181015_062707 / lib_ip.py:4090] len(Hs) = 8100, len(Ss) = 8100, len(Vs) = 8100
[20181015_062707 / lib_ip.py:4137] green : variance --> out of range (variance = 1429.269 / upper = 0.750 / lower = 0.000)
[20181015_062707 / lib_ip.py:3794] file = img.20181015_062706.2018-10-14_20-23-53_000.jpg.1.png / val_Average = 96.3956	val_Variance = 1429.2695	sd = 37.8057	max = 160	min = 0
[20181015_062707 / lib_ip.py:4204] len(Hs) = 8100, len(Ss) = 8100, len(Vs) = 8100
[20181015_062707 / lib_ip.py:4248] black : variance --> out of range (variance = 1429.269 / upper = 0.000 / lower = 0.000)
[20181015_062707 / lib_ip.py:4398] file : img.20181015_062706.2018-10-14_20-23-53_000.jpg.1.png 0 (black : variance --> out of range (variance = 1429.269 / upper = 0.000 / lower = 0.000))
[20181015_062707 / lib_ip.py:2273] inspecting ===> img.20181015_062706.2018-10-14_20-23-53_000.jpg.2.png
[20181015_062707 / lib_ip.py:4330] 
img.20181015_062706.2018-10-14_20-23-53_000.jpg.2.png 1
[20181015_062708 / lib_ip.py:3794] file = img.20181015_062706.2018-10-14_20-23-53_000.jpg.2.png / val_Average = 120.7278	val_Variance = 116.2979	sd = 10.7841	max = 160	min = 0
[20181015_062708 / lib_ip.py:3877] len(Hs) = 8100, len(Ss) = 8100, len(Vs) = 8100
[20181015_062708 / lib_ip.py:3910] yellow : variance --> out of range (variance = 116.298 / upper = 0.650 / lower = 0.000)
[20181015_062708 / lib_ip.py:3794] file = img.20181015_062706.2018-10-14_20-23-53_000.jpg.2.png / val_Average = 120.7278	val_Variance = 116.2979	sd = 10.7841	max = 160	min = 0
[20181015_062708 / lib_ip.py:3977] len(Hs) = 8100, len(Ss) = 8100, len(Vs) = 8100
[20181015_062708 / lib_ip.py:4023] red : variance --> out of range (variance = 116.298 / upper = 0.430 / lower = 0.000)
[20181015_062708 / lib_ip.py:3794] file = img.20181015_062706.2018-10-14_20-23-53_000.jpg.2.png / val_Average = 120.7278	val_Variance = 116.2979	sd = 10.7841	max = 160	min = 0
[20181015_062708 / lib_ip.py:4090] len(Hs) = 8100, len(Ss) = 8100, len(Vs) = 8100
[20181015_062708 / lib_ip.py:4137] green : variance --> out of range (variance = 116.298 / upper = 0.750 / lower = 0.000)
[20181015_062708 / lib_ip.py:3794] file = img.20181015_062706.2018-10-14_20-23-53_000.jpg.2.png / val_Average = 120.7278	val_Variance = 116.2979	sd = 10.7841	max = 160	min = 0
[20181015_062708 / lib_ip.py:4204] len(Hs) = 8100, len(Ss) = 8100, len(Vs) = 8100
[20181015_062708 / lib_ip.py:4248] black : variance --> out of range (variance = 116.298 / upper = 0.000 / lower = 0.000)
[20181015_062708 / lib_ip.py:4398] file : img.20181015_062706.2018-10-14_20-23-53_000.jpg.2.png 1 (black : variance --> out of range (variance = 116.298 / upper = 0.000 / lower = 0.000))
[20181015_062708 / lib_ip.py:2273] inspecting ===> img.20181015_062706.2018-10-14_20-23-53_000.jpg.3.png
[20181015_062708 / lib_ip.py:4330] 
img.20181015_062706.2018-10-14_20-23-53_000.jpg.3.png 2
[20181015_062708 / lib_ip.py:3794] file = img.20181015_062706.2018-10-14_20-23-53_000.jpg.3.png / val_Average = 92.0142	val_Variance = 0.0915	sd = 0.3025	max = 93	min = 91
[20181015_062708 / lib_ip.py:3877] len(Hs) = 8100, len(Ss) = 8100, len(Vs) = 8100
[20181015_062708 / lib_ip.py:2273] inspecting ===> img.20181015_062706.2018-10-14_20-23-53_000.jpg.4.png
[20181015_062709 / lib_ip.py:4330] 
img.20181015_062706.2018-10-14_20-23-53_000.jpg.4.png 3
[20181015_062709 / lib_ip.py:3794] file = img.20181015_062706.2018-10-14_20-23-53_000.jpg.4.png / val_Average = 12.8458	val_Variance = 722.3810	sd = 26.8771	max = 174	min = 0
[20181015_062709 / lib_ip.py:3877] len(Hs) = 8100, len(Ss) = 8100, len(Vs) = 8100
[20181015_062709 / lib_ip.py:3910] yellow : variance --> out of range (variance = 722.381 / upper = 0.650 / lower = 0.000)
[20181015_062709 / lib_ip.py:3794] file = img.20181015_062706.2018-10-14_20-23-53_000.jpg.4.png / val_Average = 12.8458	val_Variance = 722.3810	sd = 26.8771	max = 174	min = 0
[20181015_062709 / lib_ip.py:3977] len(Hs) = 8100, len(Ss) = 8100, len(Vs) = 8100
[20181015_062709 / lib_ip.py:4023] red : variance --> out of range (variance = 722.381 / upper = 0.430 / lower = 0.000)
[20181015_062709 / lib_ip.py:3794] file = img.20181015_062706.2018-10-14_20-23-53_000.jpg.4.png / val_Average = 12.8458	val_Variance = 722.3810	sd = 26.8771	max = 174	min = 0
[20181015_062709 / lib_ip.py:4090] len(Hs) = 8100, len(Ss) = 8100, len(Vs) = 8100
[20181015_062709 / lib_ip.py:4137] green : variance --> out of range (variance = 722.381 / upper = 0.750 / lower = 0.000)
[20181015_062709 / lib_ip.py:3794] file = img.20181015_062706.2018-10-14_20-23-53_000.jpg.4.png / val_Average = 12.8458	val_Variance = 722.3810	sd = 26.8771	max = 174	min = 0
[20181015_062709 / lib_ip.py:4204] len(Hs) = 8100, len(Ss) = 8100, len(Vs) = 8100
[20181015_062710 / lib_ip.py:4248] black : variance --> out of range (variance = 722.381 / upper = 0.000 / lower = 0.000)
[20181015_062710 / lib_ip.py:4398] file : img.20181015_062706.2018-10-14_20-23-53_000.jpg.4.png 3 (black : variance --> out of range (variance = 722.381 / upper = 0.000 / lower = 0.000))
[20181015_062708 / lib_ip.py:2273] inspecting ===> img.20181015_062706.2018-10-14_20-23-53_000.jpg.4.png
img.20181015_062706.2018-10-14_20-23-53_000.jpg.1.png => other
img.20181015_062706.2018-10-14_20-23-53_000.jpg.2.png => other
img.20181015_062706.2018-10-14_20-23-53_000.jpg.3.png => other
img.20181015_062706.2018-10-14_20-23-53_000.jpg.4.png => other
[20181015_062710 lib_ip.py:3300] =============== Get 4 corners
dpath_Images = C:\WORKS_2\WS\WS_Others.Art\JVEMV6\46_art\VIRTUAL\Admin_Projects\ip\images
fname_Image = img.20181015_062706.2018-10-14_20-23-53_000.jpg.4.png

[20181015_062710 / lib_ip.py:2273] inspecting ===> img.20181015_062710.2018-10-14_22-20-05_000.jpg.1.png
[20181015_062710 / lib_ip.py:4330] 
img.20181015_062710.2018-10-14_22-20-05_000.jpg.1.png 0
[20181015_062710 / lib_ip.py:3794] file = img.20181015_062710.2018-10-14_22-20-05_000.jpg.1.png / val_Average = 39.6504	val_Variance = 12.4469	sd = 3.5280	max = 51	min = 27
[20181015_062710 / lib_ip.py:3877] len(Hs) = 8100, len(Ss) = 8100, len(Vs) = 8100
[20181015_062710 / lib_ip.py:3910] yellow : variance --> out of range (variance = 12.447 / upper = 0.650 / lower = 0.000)
[20181015_062710 / lib_ip.py:3794] file = img.20181015_062710.2018-10-14_22-20-05_000.jpg.1.png / val_Average = 39.6504	val_Variance = 12.4469	sd = 3.5280	max = 51	min = 27
[20181015_062710 / lib_ip.py:3977] len(Hs) = 8100, len(Ss) = 8100, len(Vs) = 8100
[20181015_062711 / lib_ip.py:4023] red : variance --> out of range (variance = 12.447 / upper = 0.430 / lower = 0.000)
[20181015_062711 / lib_ip.py:3794] file = img.20181015_062710.2018-10-14_22-20-05_000.jpg.1.png / val_Average = 39.6504	val_Variance = 12.4469	sd = 3.5280	max = 51	min = 27
[20181015_062711 / lib_ip.py:4090] len(Hs) = 8100, len(Ss) = 8100, len(Vs) = 8100
[20181015_062711 / lib_ip.py:4137] green : variance --> out of range (variance = 12.447 / upper = 0.750 / lower = 0.000)
[20181015_062711 / lib_ip.py:3794] file = img.20181015_062710.2018-10-14_22-20-05_000.jpg.1.png / val_Average = 39.6504	val_Variance = 12.4469	sd = 3.5280	max = 51	min = 27
[20181015_062711 / lib_ip.py:4204] len(Hs) = 8100, len(Ss) = 8100, len(Vs) = 8100
[20181015_062711 / lib_ip.py:4248] black : variance --> out of range (variance = 12.447 / upper = 0.000 / lower = 0.000)
[20181015_062711 / lib_ip.py:4398] file : img.20181015_062710.2018-10-14_22-20-05_000.jpg.1.png 0 (black : variance --> out of range (variance = 12.447 / upper = 0.000 / lower = 0.000))
[20181015_062711 / lib_ip.py:2273] inspecting ===> img.20181015_062710.2018-10-14_22-20-05_000.jpg.2.png
[20181015_062711 / lib_ip.py:4330] 
img.20181015_062710.2018-10-14_22-20-05_000.jpg.2.png 1
[20181015_062711 / lib_ip.py:3794] file = img.20181015_062710.2018-10-14_22-20-05_000.jpg.2.png / val_Average = 95.3380	val_Variance = 32.3569	sd = 5.6883	max = 120	min = 70
[20181015_062711 / lib_ip.py:3877] len(Hs) = 8100, len(Ss) = 8100, len(Vs) = 8100
[20181015_062711 / lib_ip.py:3910] yellow : variance --> out of range (variance = 32.357 / upper = 0.650 / lower = 0.000)
[20181015_062712 / lib_ip.py:3794] file = img.20181015_062710.2018-10-14_22-20-05_000.jpg.2.png / val_Average = 95.3380	val_Variance = 32.3569	sd = 5.6883	max = 120	min = 70
[20181015_062712 / lib_ip.py:3977] len(Hs) = 8100, len(Ss) = 8100, len(Vs) = 8100
[20181015_062712 / lib_ip.py:4023] red : variance --> out of range (variance = 32.357 / upper = 0.430 / lower = 0.000)
[20181015_062712 / lib_ip.py:3794] file = img.20181015_062710.2018-10-14_22-20-05_000.jpg.2.png / val_Average = 95.3380	val_Variance = 32.3569	sd = 5.6883	max = 120	min = 70
[20181015_062712 / lib_ip.py:4090] len(Hs) = 8100, len(Ss) = 8100, len(Vs) = 8100
[20181015_062712 / lib_ip.py:4137] green : variance --> out of range (variance = 32.357 / upper = 0.750 / lower = 0.000)
[20181015_062712 / lib_ip.py:3794] file = img.20181015_062710.2018-10-14_22-20-05_000.jpg.2.png / val_Average = 95.3380	val_Variance = 32.3569	sd = 5.6883	max = 120	min = 70
[20181015_062712 / lib_ip.py:4204] len(Hs) = 8100, len(Ss) = 8100, len(Vs) = 8100
[20181015_062712 / lib_ip.py:4248] black : variance --> out of range (variance = 32.357 / upper = 0.000 / lower = 0.000)
[20181015_062712 / lib_ip.py:4398] file : img.20181015_062710.2018-10-14_22-20-05_000.jpg.2.png 1 (black : variance --> out of range (variance = 32.357 / upper = 0.000 / lower = 0.000))
[20181015_062712 / lib_ip.py:2273] inspecting ===> img.20181015_062710.2018-10-14_22-20-05_000.jpg.3.png
[20181015_062712 / lib_ip.py:4330] 
img.20181015_062710.2018-10-14_22-20-05_000.jpg.3.png 2
[20181015_062712 / lib_ip.py:3794] file = img.20181015_062710.2018-10-14_22-20-05_000.jpg.3.png / val_Average = 97.1936	val_Variance = 5.2062	sd = 2.2817	max = 103	min = 88
[20181015_062712 / lib_ip.py:3877] len(Hs) = 8100, len(Ss) = 8100, len(Vs) = 8100
[20181015_062712 / lib_ip.py:3910] yellow : variance --> out of range (variance = 5.206 / upper = 0.650 / lower = 0.000)
[20181015_062712 / lib_ip.py:3794] file = img.20181015_062710.2018-10-14_22-20-05_000.jpg.3.png / val_Average = 97.1936	val_Variance = 5.2062	sd = 2.2817	max = 103	min = 88
[20181015_062712 / lib_ip.py:3977] len(Hs) = 8100, len(Ss) = 8100, len(Vs) = 8100
[20181015_062712 / lib_ip.py:4023] red : variance --> out of range (variance = 5.206 / upper = 0.430 / lower = 0.000)
[20181015_062713 / lib_ip.py:3794] file = img.20181015_062710.2018-10-14_22-20-05_000.jpg.3.png / val_Average = 97.1936	val_Variance = 5.2062	sd = 2.2817	max = 103	min = 88
[20181015_062713 / lib_ip.py:4090] len(Hs) = 8100, len(Ss) = 8100, len(Vs) = 8100
[20181015_062713 / lib_ip.py:4137] green : variance --> out of range (variance = 5.206 / upper = 0.750 / lower = 0.000)
[20181015_062713 / lib_ip.py:3794] file = img.20181015_062710.2018-10-14_22-20-05_000.jpg.3.png / val_Average = 97.1936	val_Variance = 5.2062	sd = 2.2817	max = 103	min = 88
[20181015_062713 / lib_ip.py:4204] len(Hs) = 8100, len(Ss) = 8100, len(Vs) = 8100
[20181015_062713 / lib_ip.py:4248] black : variance --> out of range (variance = 5.206 / upper = 0.000 / lower = 0.000)
[20181015_062713 / lib_ip.py:4398] file : img.20181015_062710.2018-10-14_22-20-05_000.jpg.3.png 2 (black : variance --> out of range (variance = 5.206 / upper = 0.000 / lower = 0.000))
[20181015_062713 / lib_ip.py:2273] inspecting ===> img.20181015_062710.2018-10-14_22-20-05_000.jpg.4.png
[20181015_062713 / lib_ip.py:4330] 
img.20181015_062710.2018-10-14_22-20-05_000.jpg.4.png 3
[20181015_062713 / lib_ip.py:3794] file = img.20181015_062710.2018-10-14_22-20-05_000.jpg.4.png / val_Average = 103.7677	val_Variance = 0.9719	sd = 0.9859	max = 107	min = 100
[20181015_062713 / lib_ip.py:3877] len(Hs) = 8100, len(Ss) = 8100, len(Vs) = 8100
[20181015_062713 / lib_ip.py:3910] yellow : variance --> out of range (variance = 0.972 / upper = 0.650 / lower = 0.000)
[20181015_062713 / lib_ip.py:3794] file = img.20181015_062710.2018-10-14_22-20-05_000.jpg.4.png / val_Average = 103.7677	val_Variance = 0.9719	sd = 0.9859	max = 107	min = 100
[20181015_062713 / lib_ip.py:3977] len(Hs) = 8100, len(Ss) = 8100, len(Vs) = 8100
[20181015_062713 / lib_ip.py:4023] red : variance --> out of range (variance = 0.972 / upper = 0.430 / lower = 0.000)
[20181015_062713 / lib_ip.py:3794] file = img.20181015_062710.2018-10-14_22-20-05_000.jpg.4.png / val_Average = 103.7677	val_Variance = 0.9719	sd = 0.9859	max = 107	min = 100
[20181015_062714 / lib_ip.py:4090] len(Hs) = 8100, len(Ss) = 8100, len(Vs) = 8100
[20181015_062714 / lib_ip.py:4137] green : variance --> out of range (variance = 0.972 / upper = 0.750 / lower = 0.000)
[20181015_062714 / lib_ip.py:3794] file = img.20181015_062710.2018-10-14_22-20-05_000.jpg.4.png / val_Average = 103.7677	val_Variance = 0.9719	sd = 0.9859	max = 107	min = 100
[20181015_062714 / lib_ip.py:4204] len(Hs) = 8100, len(Ss) = 8100, len(Vs) = 8100
[20181015_062714 / lib_ip.py:4248] black : variance --> out of range (variance = 0.972 / upper = 0.000 / lower = 0.000)
[20181015_062714 / lib_ip.py:4398] file : img.20181015_062710.2018-10-14_22-20-05_000.jpg.4.png 3 (black : variance --> out of range (variance = 0.972 / upper = 0.000 / lower = 0.000))
[20181015_062713 / lib_ip.py:2273] inspecting ===> img.20181015_062710.2018-10-14_22-20-05_000.jpg.4.png
img.20181015_062710.2018-10-14_22-20-05_000.jpg.1.png => other
img.20181015_062710.2018-10-14_22-20-05_000.jpg.2.png => other
img.20181015_062710.2018-10-14_22-20-05_000.jpg.3.png => other
img.20181015_062710.2018-10-14_22-20-05_000.jpg.4.png => other
[20181015_062714 lib_ip.py:3300] =============== Get 4 corners
dpath_Images = C:\WORKS_2\WS\WS_Others.Art\JVEMV6\46_art\VIRTUAL\Admin_Projects\ip\images
fname_Image = img.20181015_062710.2018-10-14_22-20-05_000.jpg.4.png

[20181015_062714 / lib_ip.py:2273] inspecting ===> img.20181015_062714.2018-10-14_22-54-05_000.jpg.1.png
[20181015_062715 / lib_ip.py:4330] 
img.20181015_062714.2018-10-14_22-54-05_000.jpg.1.png 0
[20181015_062715 / lib_ip.py:3794] file = img.20181015_062714.2018-10-14_22-54-05_000.jpg.1.png / val_Average = 107.2783	val_Variance = 1.1510	sd = 1.0728	max = 111	min = 104
[20181015_062715 / lib_ip.py:3877] len(Hs) = 8100, len(Ss) = 8100, len(Vs) = 8100
[20181015_062715 / lib_ip.py:3910] yellow : variance --> out of range (variance = 1.151 / upper = 0.650 / lower = 0.000)
[20181015_062715 / lib_ip.py:3794] file = img.20181015_062714.2018-10-14_22-54-05_000.jpg.1.png / val_Average = 107.2783	val_Variance = 1.1510	sd = 1.0728	max = 111	min = 104
[20181015_062715 / lib_ip.py:3977] len(Hs) = 8100, len(Ss) = 8100, len(Vs) = 8100
[20181015_062715 / lib_ip.py:4023] red : variance --> out of range (variance = 1.151 / upper = 0.430 / lower = 0.000)
[20181015_062715 / lib_ip.py:3794] file = img.20181015_062714.2018-10-14_22-54-05_000.jpg.1.png / val_Average = 107.2783	val_Variance = 1.1510	sd = 1.0728	max = 111	min = 104
[20181015_062715 / lib_ip.py:4090] len(Hs) = 8100, len(Ss) = 8100, len(Vs) = 8100
[20181015_062715 / lib_ip.py:4137] green : variance --> out of range (variance = 1.151 / upper = 0.750 / lower = 0.000)
[20181015_062715 / lib_ip.py:3794] file = img.20181015_062714.2018-10-14_22-54-05_000.jpg.1.png / val_Average = 107.2783	val_Variance = 1.1510	sd = 1.0728	max = 111	min = 104
[20181015_062715 / lib_ip.py:4204] len(Hs) = 8100, len(Ss) = 8100, len(Vs) = 8100
[20181015_062715 / lib_ip.py:4248] black : variance --> out of range (variance = 1.151 / upper = 0.000 / lower = 0.000)
[20181015_062715 / lib_ip.py:4398] file : img.20181015_062714.2018-10-14_22-54-05_000.jpg.1.png 0 (black : variance --> out of range (variance = 1.151 / upper = 0.000 / lower = 0.000))
[20181015_062715 / lib_ip.py:2273] inspecting ===> img.20181015_062714.2018-10-14_22-54-05_000.jpg.2.png
[20181015_062716 / lib_ip.py:4330] 
img.20181015_062714.2018-10-14_22-54-05_000.jpg.2.png 1
[20181015_062716 / lib_ip.py:3794] file = img.20181015_062714.2018-10-14_22-54-05_000.jpg.2.png / val_Average = 6.1370	val_Variance = 446.2257	sd = 21.1241	max = 150	min = 0
[20181015_062716 / lib_ip.py:3877] len(Hs) = 8100, len(Ss) = 8100, len(Vs) = 8100
[20181015_062716 / lib_ip.py:3910] yellow : variance --> out of range (variance = 446.226 / upper = 0.650 / lower = 0.000)
[20181015_062716 / lib_ip.py:3794] file = img.20181015_062714.2018-10-14_22-54-05_000.jpg.2.png / val_Average = 6.1370	val_Variance = 446.2257	sd = 21.1241	max = 150	min = 0
[20181015_062716 / lib_ip.py:3977] len(Hs) = 8100, len(Ss) = 8100, len(Vs) = 8100
[20181015_062716 / lib_ip.py:4023] red : variance --> out of range (variance = 446.226 / upper = 0.430 / lower = 0.000)
[20181015_062716 / lib_ip.py:3794] file = img.20181015_062714.2018-10-14_22-54-05_000.jpg.2.png / val_Average = 6.1370	val_Variance = 446.2257	sd = 21.1241	max = 150	min = 0
[20181015_062716 / lib_ip.py:4090] len(Hs) = 8100, len(Ss) = 8100, len(Vs) = 8100
[20181015_062716 / lib_ip.py:4137] green : variance --> out of range (variance = 446.226 / upper = 0.750 / lower = 0.000)
[20181015_062716 / lib_ip.py:3794] file = img.20181015_062714.2018-10-14_22-54-05_000.jpg.2.png / val_Average = 6.1370	val_Variance = 446.2257	sd = 21.1241	max = 150	min = 0
[20181015_062716 / lib_ip.py:4204] len(Hs) = 8100, len(Ss) = 8100, len(Vs) = 8100
[20181015_062716 / lib_ip.py:4248] black : variance --> out of range (variance = 446.226 / upper = 0.000 / lower = 0.000)
[20181015_062716 / lib_ip.py:4398] file : img.20181015_062714.2018-10-14_22-54-05_000.jpg.2.png 1 (black : variance --> out of range (variance = 446.226 / upper = 0.000 / lower = 0.000))
[20181015_062716 / lib_ip.py:2273] inspecting ===> img.20181015_062714.2018-10-14_22-54-05_000.jpg.3.png
[20181015_062717 / lib_ip.py:4330] 
img.20181015_062714.2018-10-14_22-54-05_000.jpg.3.png 2
[20181015_062717 / lib_ip.py:3794] file = img.20181015_062714.2018-10-14_22-54-05_000.jpg.3.png / val_Average = 120.1268	val_Variance = 0.2275	sd = 0.4770	max = 121	min = 118
[20181015_062717 / lib_ip.py:3877] len(Hs) = 8100, len(Ss) = 8100, len(Vs) = 8100
[20181015_062717 / lib_ip.py:3932] yellow : average --> out of range (average = 120.127 / upper = 99.200 / lower = 88.000)
[20181015_062717 / lib_ip.py:3794] file = img.20181015_062714.2018-10-14_22-54-05_000.jpg.3.png / val_Average = 120.1268	val_Variance = 0.2275	sd = 0.4770	max = 121	min = 118
[20181015_062717 / lib_ip.py:3977] len(Hs) = 8100, len(Ss) = 8100, len(Vs) = 8100
[20181015_062717 / lib_ip.py:2273] inspecting ===> img.20181015_062714.2018-10-14_22-54-05_000.jpg.4.png
[20181015_062717 / lib_ip.py:4330] 
img.20181015_062714.2018-10-14_22-54-05_000.jpg.4.png 3
[20181015_062717 / lib_ip.py:3794] file = img.20181015_062714.2018-10-14_22-54-05_000.jpg.4.png / val_Average = 105.0991	val_Variance = 6.7342	sd = 2.5950	max = 115	min = 88
[20181015_062717 / lib_ip.py:3877] len(Hs) = 8100, len(Ss) = 8100, len(Vs) = 8100
[20181015_062717 / lib_ip.py:3910] yellow : variance --> out of range (variance = 6.734 / upper = 0.650 / lower = 0.000)
[20181015_062717 / lib_ip.py:3794] file = img.20181015_062714.2018-10-14_22-54-05_000.jpg.4.png / val_Average = 105.0991	val_Variance = 6.7342	sd = 2.5950	max = 115	min = 88
[20181015_062717 / lib_ip.py:3977] len(Hs) = 8100, len(Ss) = 8100, len(Vs) = 8100
[20181015_062717 / lib_ip.py:4023] red : variance --> out of range (variance = 6.734 / upper = 0.430 / lower = 0.000)
[20181015_062718 / lib_ip.py:3794] file = img.20181015_062714.2018-10-14_22-54-05_000.jpg.4.png / val_Average = 105.0991	val_Variance = 6.7342	sd = 2.5950	max = 115	min = 88
[20181015_062718 / lib_ip.py:4090] len(Hs) = 8100, len(Ss) = 8100, len(Vs) = 8100
[20181015_062718 / lib_ip.py:4137] green : variance --> out of range (variance = 6.734 / upper = 0.750 / lower = 0.000)
[20181015_062718 / lib_ip.py:3794] file = img.20181015_062714.2018-10-14_22-54-05_000.jpg.4.png / val_Average = 105.0991	val_Variance = 6.7342	sd = 2.5950	max = 115	min = 88
[20181015_062718 / lib_ip.py:4204] len(Hs) = 8100, len(Ss) = 8100, len(Vs) = 8100
[20181015_062718 / lib_ip.py:4248] black : variance --> out of range (variance = 6.734 / upper = 0.000 / lower = 0.000)
[20181015_062718 / lib_ip.py:4398] file : img.20181015_062714.2018-10-14_22-54-05_000.jpg.4.png 3 (black : variance --> out of range (variance = 6.734 / upper = 0.000 / lower = 0.000))
[20181015_062717 / lib_ip.py:2273] inspecting ===> img.20181015_062714.2018-10-14_22-54-05_000.jpg.4.png
img.20181015_062714.2018-10-14_22-54-05_000.jpg.1.png => other
img.20181015_062714.2018-10-14_22-54-05_000.jpg.2.png => other
img.20181015_062714.2018-10-14_22-54-05_000.jpg.3.png => other
img.20181015_062714.2018-10-14_22-54-05_000.jpg.4.png => other
[20181015_062718 lib_ip.py:3300] =============== Get 4 corners
dpath_Images = C:\WORKS_2\WS\WS_Others.Art\JVEMV6\46_art\VIRTUAL\Admin_Projects\ip\images
fname_Image = img.20181015_062714.2018-10-14_22-54-05_000.jpg.4.png

[20181015_062719 / lib_ip.py:2273] inspecting ===> img.20181015_062719.2018-10-14_22-54-16_000.jpg.1.png
[20181015_062719 / lib_ip.py:4330] 
img.20181015_062719.2018-10-14_22-54-16_000.jpg.1.png 0
[20181015_062719 / lib_ip.py:3794] file = img.20181015_062719.2018-10-14_22-54-16_000.jpg.1.png / val_Average = 107.0748	val_Variance = 7.1991	sd = 2.6831	max = 117	min = 98
[20181015_062719 / lib_ip.py:3877] len(Hs) = 8100, len(Ss) = 8100, len(Vs) = 8100
[20181015_062719 / lib_ip.py:3910] yellow : variance --> out of range (variance = 7.199 / upper = 0.650 / lower = 0.000)
[20181015_062719 / lib_ip.py:3794] file = img.20181015_062719.2018-10-14_22-54-16_000.jpg.1.png / val_Average = 107.0748	val_Variance = 7.1991	sd = 2.6831	max = 117	min = 98
[20181015_062719 / lib_ip.py:3977] len(Hs) = 8100, len(Ss) = 8100, len(Vs) = 8100
[20181015_062719 / lib_ip.py:4023] red : variance --> out of range (variance = 7.199 / upper = 0.430 / lower = 0.000)
[20181015_062719 / lib_ip.py:3794] file = img.20181015_062719.2018-10-14_22-54-16_000.jpg.1.png / val_Average = 107.0748	val_Variance = 7.1991	sd = 2.6831	max = 117	min = 98
[20181015_062719 / lib_ip.py:4090] len(Hs) = 8100, len(Ss) = 8100, len(Vs) = 8100
[20181015_062719 / lib_ip.py:4137] green : variance --> out of range (variance = 7.199 / upper = 0.750 / lower = 0.000)
[20181015_062719 / lib_ip.py:3794] file = img.20181015_062719.2018-10-14_22-54-16_000.jpg.1.png / val_Average = 107.0748	val_Variance = 7.1991	sd = 2.6831	max = 117	min = 98
[20181015_062719 / lib_ip.py:4204] len(Hs) = 8100, len(Ss) = 8100, len(Vs) = 8100
[20181015_062719 / lib_ip.py:4248] black : variance --> out of range (variance = 7.199 / upper = 0.000 / lower = 0.000)
[20181015_062720 / lib_ip.py:4398] file : img.20181015_062719.2018-10-14_22-54-16_000.jpg.1.png 0 (black : variance --> out of range (variance = 7.199 / upper = 0.000 / lower = 0.000))
[20181015_062720 / lib_ip.py:2273] inspecting ===> img.20181015_062719.2018-10-14_22-54-16_000.jpg.2.png
[20181015_062720 / lib_ip.py:4330] 
img.20181015_062719.2018-10-14_22-54-16_000.jpg.2.png 1
[20181015_062720 / lib_ip.py:3794] file = img.20181015_062719.2018-10-14_22-54-16_000.jpg.2.png / val_Average = 129.6100	val_Variance = 18.4406	sd = 4.2943	max = 150	min = 114
[20181015_062720 / lib_ip.py:3877] len(Hs) = 8100, len(Ss) = 8100, len(Vs) = 8100
[20181015_062720 / lib_ip.py:3910] yellow : variance --> out of range (variance = 18.441 / upper = 0.650 / lower = 0.000)
[20181015_062720 / lib_ip.py:3794] file = img.20181015_062719.2018-10-14_22-54-16_000.jpg.2.png / val_Average = 129.6100	val_Variance = 18.4406	sd = 4.2943	max = 150	min = 114
[20181015_062720 / lib_ip.py:3977] len(Hs) = 8100, len(Ss) = 8100, len(Vs) = 8100
[20181015_062720 / lib_ip.py:4023] red : variance --> out of range (variance = 18.441 / upper = 0.430 / lower = 0.000)
[20181015_062720 / lib_ip.py:3794] file = img.20181015_062719.2018-10-14_22-54-16_000.jpg.2.png / val_Average = 129.6100	val_Variance = 18.4406	sd = 4.2943	max = 150	min = 114
[20181015_062720 / lib_ip.py:4090] len(Hs) = 8100, len(Ss) = 8100, len(Vs) = 8100
[20181015_062720 / lib_ip.py:4137] green : variance --> out of range (variance = 18.441 / upper = 0.750 / lower = 0.000)
[20181015_062720 / lib_ip.py:3794] file = img.20181015_062719.2018-10-14_22-54-16_000.jpg.2.png / val_Average = 129.6100	val_Variance = 18.4406	sd = 4.2943	max = 150	min = 114
[20181015_062720 / lib_ip.py:4204] len(Hs) = 8100, len(Ss) = 8100, len(Vs) = 8100
[20181015_062721 / lib_ip.py:4248] black : variance --> out of range (variance = 18.441 / upper = 0.000 / lower = 0.000)
[20181015_062721 / lib_ip.py:4398] file : img.20181015_062719.2018-10-14_22-54-16_000.jpg.2.png 1 (black : variance --> out of range (variance = 18.441 / upper = 0.000 / lower = 0.000))
[20181015_062721 / lib_ip.py:2273] inspecting ===> img.20181015_062719.2018-10-14_22-54-16_000.jpg.3.png
[20181015_062721 / lib_ip.py:4330] 
img.20181015_062719.2018-10-14_22-54-16_000.jpg.3.png 2
[20181015_062721 / lib_ip.py:3794] file = img.20181015_062719.2018-10-14_22-54-16_000.jpg.3.png / val_Average = 120.2369	val_Variance = 0.2363	sd = 0.4861	max = 122	min = 119
[20181015_062721 / lib_ip.py:3877] len(Hs) = 8100, len(Ss) = 8100, len(Vs) = 8100
[20181015_062721 / lib_ip.py:3932] yellow : average --> out of range (average = 120.237 / upper = 99.200 / lower = 88.000)
[20181015_062721 / lib_ip.py:3794] file = img.20181015_062719.2018-10-14_22-54-16_000.jpg.3.png / val_Average = 120.2369	val_Variance = 0.2363	sd = 0.4861	max = 122	min = 119
[20181015_062721 / lib_ip.py:3977] len(Hs) = 8100, len(Ss) = 8100, len(Vs) = 8100
[20181015_062721 / lib_ip.py:2273] inspecting ===> img.20181015_062719.2018-10-14_22-54-16_000.jpg.4.png
[20181015_062722 / lib_ip.py:4330] 
img.20181015_062719.2018-10-14_22-54-16_000.jpg.4.png 3
[20181015_062722 / lib_ip.py:3794] file = img.20181015_062719.2018-10-14_22-54-16_000.jpg.4.png / val_Average = 106.4505	val_Variance = 2.6140	sd = 1.6168	max = 111	min = 103
[20181015_062722 / lib_ip.py:3877] len(Hs) = 8100, len(Ss) = 8100, len(Vs) = 8100
[20181015_062722 / lib_ip.py:3910] yellow : variance --> out of range (variance = 2.614 / upper = 0.650 / lower = 0.000)
[20181015_062722 / lib_ip.py:3794] file = img.20181015_062719.2018-10-14_22-54-16_000.jpg.4.png / val_Average = 106.4505	val_Variance = 2.6140	sd = 1.6168	max = 111	min = 103
[20181015_062722 / lib_ip.py:3977] len(Hs) = 8100, len(Ss) = 8100, len(Vs) = 8100
[20181015_062722 / lib_ip.py:4023] red : variance --> out of range (variance = 2.614 / upper = 0.430 / lower = 0.000)
[20181015_062722 / lib_ip.py:3794] file = img.20181015_062719.2018-10-14_22-54-16_000.jpg.4.png / val_Average = 106.4505	val_Variance = 2.6140	sd = 1.6168	max = 111	min = 103
[20181015_062722 / lib_ip.py:4090] len(Hs) = 8100, len(Ss) = 8100, len(Vs) = 8100
[20181015_062722 / lib_ip.py:4137] green : variance --> out of range (variance = 2.614 / upper = 0.750 / lower = 0.000)
[20181015_062722 / lib_ip.py:3794] file = img.20181015_062719.2018-10-14_22-54-16_000.jpg.4.png / val_Average = 106.4505	val_Variance = 2.6140	sd = 1.6168	max = 111	min = 103
[20181015_062722 / lib_ip.py:4204] len(Hs) = 8100, len(Ss) = 8100, len(Vs) = 8100
[20181015_062722 / lib_ip.py:4248] black : variance --> out of range (variance = 2.614 / upper = 0.000 / lower = 0.000)
[20181015_062722 / lib_ip.py:4398] file : img.20181015_062719.2018-10-14_22-54-16_000.jpg.4.png 3 (black : variance --> out of range (variance = 2.614 / upper = 0.000 / lower = 0.000))
[20181015_062721 / lib_ip.py:2273] inspecting ===> img.20181015_062719.2018-10-14_22-54-16_000.jpg.4.png
img.20181015_062719.2018-10-14_22-54-16_000.jpg.1.png => other
img.20181015_062719.2018-10-14_22-54-16_000.jpg.2.png => other
img.20181015_062719.2018-10-14_22-54-16_000.jpg.3.png => other
img.20181015_062719.2018-10-14_22-54-16_000.jpg.4.png => other
[20181015_062722 lib_ip.py:3300] =============== Get 4 corners
dpath_Images = C:\WORKS_2\WS\WS_Others.Art\JVEMV6\46_art\VIRTUAL\Admin_Projects\ip\images
fname_Image = img.20181015_062719.2018-10-14_22-54-16_000.jpg.4.png

[20181015_062723 / lib_ip.py:2273] inspecting ===> img.20181015_062723.2018-10-15_00-54-56_000.jpg.1.png
[20181015_062723 / lib_ip.py:4330] 
img.20181015_062723.2018-10-15_00-54-56_000.jpg.1.png 0
[20181015_062723 / lib_ip.py:3794] file = img.20181015_062723.2018-10-15_00-54-56_000.jpg.1.png / val_Average = 117.9377	val_Variance = 0.1148	sd = 0.3388	max = 119	min = 117
[20181015_062723 / lib_ip.py:3877] len(Hs) = 8100, len(Ss) = 8100, len(Vs) = 8100
[20181015_062723 / lib_ip.py:3932] yellow : average --> out of range (average = 117.938 / upper = 99.200 / lower = 88.000)
[20181015_062723 / lib_ip.py:3794] file = img.20181015_062723.2018-10-15_00-54-56_000.jpg.1.png / val_Average = 117.9377	val_Variance = 0.1148	sd = 0.3388	max = 119	min = 117
[20181015_062723 / lib_ip.py:3977] len(Hs) = 8100, len(Ss) = 8100, len(Vs) = 8100
[20181015_062723 / lib_ip.py:2273] inspecting ===> img.20181015_062723.2018-10-15_00-54-56_000.jpg.2.png
[20181015_062724 / lib_ip.py:4330] 
img.20181015_062723.2018-10-15_00-54-56_000.jpg.2.png 1
[20181015_062724 / lib_ip.py:3794] file = img.20181015_062723.2018-10-15_00-54-56_000.jpg.2.png / val_Average = 117.6716	val_Variance = 0.2206	sd = 0.4696	max = 118	min = 117
[20181015_062724 / lib_ip.py:3877] len(Hs) = 8100, len(Ss) = 8100, len(Vs) = 8100
[20181015_062724 / lib_ip.py:3932] yellow : average --> out of range (average = 117.672 / upper = 99.200 / lower = 88.000)
[20181015_062724 / lib_ip.py:3794] file = img.20181015_062723.2018-10-15_00-54-56_000.jpg.2.png / val_Average = 117.6716	val_Variance = 0.2206	sd = 0.4696	max = 118	min = 117
[20181015_062724 / lib_ip.py:3977] len(Hs) = 8100, len(Ss) = 8100, len(Vs) = 8100
[20181015_062724 / lib_ip.py:2273] inspecting ===> img.20181015_062723.2018-10-15_00-54-56_000.jpg.3.png
[20181015_062724 / lib_ip.py:4330] 
img.20181015_062723.2018-10-15_00-54-56_000.jpg.3.png 2
[20181015_062724 / lib_ip.py:3794] file = img.20181015_062723.2018-10-15_00-54-56_000.jpg.3.png / val_Average = 87.8374	val_Variance = 976.3821	sd = 31.2471	max = 135	min = 0
[20181015_062724 / lib_ip.py:3877] len(Hs) = 8100, len(Ss) = 8100, len(Vs) = 8100
[20181015_062724 / lib_ip.py:3910] yellow : variance --> out of range (variance = 976.382 / upper = 0.650 / lower = 0.000)
[20181015_062724 / lib_ip.py:3794] file = img.20181015_062723.2018-10-15_00-54-56_000.jpg.3.png / val_Average = 87.8374	val_Variance = 976.3821	sd = 31.2471	max = 135	min = 0
[20181015_062724 / lib_ip.py:3977] len(Hs) = 8100, len(Ss) = 8100, len(Vs) = 8100
[20181015_062724 / lib_ip.py:4023] red : variance --> out of range (variance = 976.382 / upper = 0.430 / lower = 0.000)
[20181015_062725 / lib_ip.py:3794] file = img.20181015_062723.2018-10-15_00-54-56_000.jpg.3.png / val_Average = 87.8374	val_Variance = 976.3821	sd = 31.2471	max = 135	min = 0
[20181015_062725 / lib_ip.py:4090] len(Hs) = 8100, len(Ss) = 8100, len(Vs) = 8100
[20181015_062725 / lib_ip.py:4137] green : variance --> out of range (variance = 976.382 / upper = 0.750 / lower = 0.000)
[20181015_062725 / lib_ip.py:3794] file = img.20181015_062723.2018-10-15_00-54-56_000.jpg.3.png / val_Average = 87.8374	val_Variance = 976.3821	sd = 31.2471	max = 135	min = 0
[20181015_062725 / lib_ip.py:4204] len(Hs) = 8100, len(Ss) = 8100, len(Vs) = 8100
[20181015_062725 / lib_ip.py:4248] black : variance --> out of range (variance = 976.382 / upper = 0.000 / lower = 0.000)
[20181015_062725 / lib_ip.py:4398] file : img.20181015_062723.2018-10-15_00-54-56_000.jpg.3.png 2 (black : variance --> out of range (variance = 976.382 / upper = 0.000 / lower = 0.000))
[20181015_062725 / lib_ip.py:2273] inspecting ===> img.20181015_062723.2018-10-15_00-54-56_000.jpg.4.png
[20181015_062725 / lib_ip.py:4330] 
img.20181015_062723.2018-10-15_00-54-56_000.jpg.4.png 3
[20181015_062725 / lib_ip.py:3794] file = img.20181015_062723.2018-10-15_00-54-56_000.jpg.4.png / val_Average = 112.7360	val_Variance = 47.9456	sd = 6.9243	max = 119	min = 96
[20181015_062725 / lib_ip.py:3877] len(Hs) = 8100, len(Ss) = 8100, len(Vs) = 8100
[20181015_062725 / lib_ip.py:3910] yellow : variance --> out of range (variance = 47.946 / upper = 0.650 / lower = 0.000)
[20181015_062725 / lib_ip.py:3794] file = img.20181015_062723.2018-10-15_00-54-56_000.jpg.4.png / val_Average = 112.7360	val_Variance = 47.9456	sd = 6.9243	max = 119	min = 96
[20181015_062725 / lib_ip.py:3977] len(Hs) = 8100, len(Ss) = 8100, len(Vs) = 8100
[20181015_062725 / lib_ip.py:4023] red : variance --> out of range (variance = 47.946 / upper = 0.430 / lower = 0.000)
[20181015_062726 / lib_ip.py:3794] file = img.20181015_062723.2018-10-15_00-54-56_000.jpg.4.png / val_Average = 112.7360	val_Variance = 47.9456	sd = 6.9243	max = 119	min = 96
[20181015_062726 / lib_ip.py:4090] len(Hs) = 8100, len(Ss) = 8100, len(Vs) = 8100
[20181015_062726 / lib_ip.py:4137] green : variance --> out of range (variance = 47.946 / upper = 0.750 / lower = 0.000)
[20181015_062726 / lib_ip.py:3794] file = img.20181015_062723.2018-10-15_00-54-56_000.jpg.4.png / val_Average = 112.7360	val_Variance = 47.9456	sd = 6.9243	max = 119	min = 96
[20181015_062726 / lib_ip.py:4204] len(Hs) = 8100, len(Ss) = 8100, len(Vs) = 8100
[20181015_062726 / lib_ip.py:4248] black : variance --> out of range (variance = 47.946 / upper = 0.000 / lower = 0.000)
[20181015_062726 / lib_ip.py:4398] file : img.20181015_062723.2018-10-15_00-54-56_000.jpg.4.png 3 (black : variance --> out of range (variance = 47.946 / upper = 0.000 / lower = 0.000))
[20181015_062725 / lib_ip.py:2273] inspecting ===> img.20181015_062723.2018-10-15_00-54-56_000.jpg.4.png
img.20181015_062723.2018-10-15_00-54-56_000.jpg.1.png => other
img.20181015_062723.2018-10-15_00-54-56_000.jpg.2.png => other
img.20181015_062723.2018-10-15_00-54-56_000.jpg.3.png => other
img.20181015_062723.2018-10-15_00-54-56_000.jpg.4.png => other
[20181015_062726 lib_ip.py:3300] =============== Get 4 corners
dpath_Images = C:\WORKS_2\WS\WS_Others.Art\JVEMV6\46_art\VIRTUAL\Admin_Projects\ip\images
fname_Image = img.20181015_062723.2018-10-15_00-54-56_000.jpg.4.png

[20181015_062726 / lib_ip.py:2273] inspecting ===> img.20181015_062726.2018-10-15_04-06-34_000.png.1.png
[20181015_062726 / lib_ip.py:4330] 
img.20181015_062726.2018-10-15_04-06-34_000.png.1.png 0
[20181015_062726 / lib_ip.py:3794] file = img.20181015_062726.2018-10-15_04-06-34_000.png.1.png / val_Average = 0.0000	val_Variance = 0.0000	sd = 0.0000	max = 0	min = 0
[20181015_062726 / lib_ip.py:3877] len(Hs) = 8100, len(Ss) = 8100, len(Vs) = 8100
[20181015_062727 / lib_ip.py:3932] yellow : average --> out of range (average = 0.000 / upper = 99.200 / lower = 88.000)
[20181015_062727 / lib_ip.py:3794] file = img.20181015_062726.2018-10-15_04-06-34_000.png.1.png / val_Average = 0.0000	val_Variance = 0.0000	sd = 0.0000	max = 0	min = 0
[20181015_062727 / lib_ip.py:3977] len(Hs) = 8100, len(Ss) = 8100, len(Vs) = 8100
[20181015_062727 / lib_ip.py:4048] red : average --> out of range (average = 0.000 / upper = 124.000 / lower = 115.000)
[20181015_062727 / lib_ip.py:3794] file = img.20181015_062726.2018-10-15_04-06-34_000.png.1.png / val_Average = 0.0000	val_Variance = 0.0000	sd = 0.0000	max = 0	min = 0
[20181015_062727 / lib_ip.py:4090] len(Hs) = 8100, len(Ss) = 8100, len(Vs) = 8100
[20181015_062727 / lib_ip.py:4162] green : average --> out of range (average = 0.000 / upper = 83.000 / lower = 58.000)
[20181015_062727 / lib_ip.py:3794] file = img.20181015_062726.2018-10-15_04-06-34_000.png.1.png / val_Average = 0.0000	val_Variance = 0.0000	sd = 0.0000	max = 0	min = 0
[20181015_062727 / lib_ip.py:4204] len(Hs) = 8100, len(Ss) = 8100, len(Vs) = 8100
[20181015_062727 / lib_ip.py:2273] inspecting ===> img.20181015_062726.2018-10-15_04-06-34_000.png.2.png
[20181015_062727 / lib_ip.py:4330] 
img.20181015_062726.2018-10-15_04-06-34_000.png.2.png 1
[20181015_062727 / lib_ip.py:3794] file = img.20181015_062726.2018-10-15_04-06-34_000.png.2.png / val_Average = 0.0000	val_Variance = 0.0000	sd = 0.0000	max = 0	min = 0
[20181015_062727 / lib_ip.py:3877] len(Hs) = 8100, len(Ss) = 8100, len(Vs) = 8100
[20181015_062727 / lib_ip.py:3932] yellow : average --> out of range (average = 0.000 / upper = 99.200 / lower = 88.000)
[20181015_062728 / lib_ip.py:3794] file = img.20181015_062726.2018-10-15_04-06-34_000.png.2.png / val_Average = 0.0000	val_Variance = 0.0000	sd = 0.0000	max = 0	min = 0
[20181015_062728 / lib_ip.py:3977] len(Hs) = 8100, len(Ss) = 8100, len(Vs) = 8100
[20181015_062728 / lib_ip.py:4048] red : average --> out of range (average = 0.000 / upper = 124.000 / lower = 115.000)
[20181015_062728 / lib_ip.py:3794] file = img.20181015_062726.2018-10-15_04-06-34_000.png.2.png / val_Average = 0.0000	val_Variance = 0.0000	sd = 0.0000	max = 0	min = 0
[20181015_062728 / lib_ip.py:4090] len(Hs) = 8100, len(Ss) = 8100, len(Vs) = 8100
[20181015_062728 / lib_ip.py:4162] green : average --> out of range (average = 0.000 / upper = 83.000 / lower = 58.000)
[20181015_062728 / lib_ip.py:3794] file = img.20181015_062726.2018-10-15_04-06-34_000.png.2.png / val_Average = 0.0000	val_Variance = 0.0000	sd = 0.0000	max = 0	min = 0
[20181015_062728 / lib_ip.py:4204] len(Hs) = 8100, len(Ss) = 8100, len(Vs) = 8100
[20181015_062728 / lib_ip.py:2273] inspecting ===> img.20181015_062726.2018-10-15_04-06-34_000.png.3.png
[20181015_062728 / lib_ip.py:4330] 
img.20181015_062726.2018-10-15_04-06-34_000.png.3.png 2
[20181015_062728 / lib_ip.py:3794] file = img.20181015_062726.2018-10-15_04-06-34_000.png.3.png / val_Average = 0.0000	val_Variance = 0.0000	sd = 0.0000	max = 0	min = 0
[20181015_062728 / lib_ip.py:3877] len(Hs) = 8100, len(Ss) = 8100, len(Vs) = 8100
[20181015_062728 / lib_ip.py:3932] yellow : average --> out of range (average = 0.000 / upper = 99.200 / lower = 88.000)
[20181015_062728 / lib_ip.py:3794] file = img.20181015_062726.2018-10-15_04-06-34_000.png.3.png / val_Average = 0.0000	val_Variance = 0.0000	sd = 0.0000	max = 0	min = 0
[20181015_062728 / lib_ip.py:3977] len(Hs) = 8100, len(Ss) = 8100, len(Vs) = 8100
[20181015_062728 / lib_ip.py:4048] red : average --> out of range (average = 0.000 / upper = 124.000 / lower = 115.000)
[20181015_062729 / lib_ip.py:3794] file = img.20181015_062726.2018-10-15_04-06-34_000.png.3.png / val_Average = 0.0000	val_Variance = 0.0000	sd = 0.0000	max = 0	min = 0
[20181015_062729 / lib_ip.py:4090] len(Hs) = 8100, len(Ss) = 8100, len(Vs) = 8100
[20181015_062729 / lib_ip.py:4162] green : average --> out of range (average = 0.000 / upper = 83.000 / lower = 58.000)
[20181015_062729 / lib_ip.py:3794] file = img.20181015_062726.2018-10-15_04-06-34_000.png.3.png / val_Average = 0.0000	val_Variance = 0.0000	sd = 0.0000	max = 0	min = 0
[20181015_062729 / lib_ip.py:4204] len(Hs) = 8100, len(Ss) = 8100, len(Vs) = 8100
[20181015_062729 / lib_ip.py:2273] inspecting ===> img.20181015_062726.2018-10-15_04-06-34_000.png.4.png
[20181015_062729 / lib_ip.py:4330] 
img.20181015_062726.2018-10-15_04-06-34_000.png.4.png 3
[20181015_062729 / lib_ip.py:3794] file = img.20181015_062726.2018-10-15_04-06-34_000.png.4.png / val_Average = 0.0000	val_Variance = 0.0000	sd = 0.0000	max = 0	min = 0
[20181015_062729 / lib_ip.py:3877] len(Hs) = 8100, len(Ss) = 8100, len(Vs) = 8100
[20181015_062729 / lib_ip.py:3932] yellow : average --> out of range (average = 0.000 / upper = 99.200 / lower = 88.000)
[20181015_062729 / lib_ip.py:3794] file = img.20181015_062726.2018-10-15_04-06-34_000.png.4.png / val_Average = 0.0000	val_Variance = 0.0000	sd = 0.0000	max = 0	min = 0
[20181015_062729 / lib_ip.py:3977] len(Hs) = 8100, len(Ss) = 8100, len(Vs) = 8100
[20181015_062729 / lib_ip.py:4048] red : average --> out of range (average = 0.000 / upper = 124.000 / lower = 115.000)
[20181015_062729 / lib_ip.py:3794] file = img.20181015_062726.2018-10-15_04-06-34_000.png.4.png / val_Average = 0.0000	val_Variance = 0.0000	sd = 0.0000	max = 0	min = 0
[20181015_062729 / lib_ip.py:4090] len(Hs) = 8100, len(Ss) = 8100, len(Vs) = 8100
[20181015_062729 / lib_ip.py:4162] green : average --> out of range (average = 0.000 / upper = 83.000 / lower = 58.000)
[20181015_062729 / lib_ip.py:3794] file = img.20181015_062726.2018-10-15_04-06-34_000.png.4.png / val_Average = 0.0000	val_Variance = 0.0000	sd = 0.0000	max = 0	min = 0
[20181015_062729 / lib_ip.py:4204] len(Hs) = 8100, len(Ss) = 8100, len(Vs) = 8100
[20181015_062729 / lib_ip.py:2273] inspecting ===> img.20181015_062726.2018-10-15_04-06-34_000.png.4.png
img.20181015_062726.2018-10-15_04-06-34_000.png.1.png => other
img.20181015_062726.2018-10-15_04-06-34_000.png.2.png => other
img.20181015_062726.2018-10-15_04-06-34_000.png.3.png => other
img.20181015_062726.2018-10-15_04-06-34_000.png.4.png => other
[20181015_062730 lib_ip.py:3300] =============== Get 4 corners
dpath_Images = C:\WORKS_2\WS\WS_Others.Art\JVEMV6\46_art\VIRTUAL\Admin_Projects\ip\images
fname_Image = img.20181015_062726.2018-10-15_04-06-34_000.png.4.png

[20181015_062730 / views.py:1411] gen csv => complete (20181015_062730)(elapsed = 47.178 sec / 12 files / 3.932 sec per file)
1)	2018-10-14_09-59-41_000.jpg => 	other other yellow other 
2)	2018-10-14_14-15-30_000.jpg => 	other other green green 
3)	2018-10-14_16-33-17_000.jpg => 	other other green red 
4)	2018-10-14_17-17-33_000.jpg => 	green green other other 
5)	2018-10-14_18-56-50_000.jpg => 	yellow red other other 
6)	2018-10-14_18-56-57_000.jpg => 	yellow red other other 
7)	2018-10-14_20-23-53_000.jpg => 	other other yellow other 
8)	2018-10-14_22-20-05_000.jpg => 	other other other other 
9)	2018-10-14_22-54-05_000.jpg => 	other other red other 
10)	2018-10-14_22-54-16_000.jpg => 	other other red other 
11)	2018-10-15_00-54-56_000.jpg => 	red red other other 
12)	2018-10-15_04-06-34_000.png => 	black black black black 
[20181015_062730 / views.py:1797] lo_ColorName_Set__Modified_2 =>
1)	2018-10-14_09-59-41_000.jpg => 	o o o y 
2)	2018-10-14_14-15-30_000.jpg => 	g g o o 
3)	2018-10-14_16-33-17_000.jpg => 	g o o r 
4)	2018-10-14_17-17-33_000.jpg => 	g g o o 
5)	2018-10-14_18-56-50_000.jpg => 	o o r y 
6)	2018-10-14_18-56-57_000.jpg => 	o o r y 
7)	2018-10-14_20-23-53_000.jpg => 	o o o y 
8)	2018-10-14_22-20-05_000.jpg => 	o o o o 
9)	2018-10-14_22-54-05_000.jpg => 	o o o r 
10)	2018-10-14_22-54-16_000.jpg => 	o o o r 
11)	2018-10-15_00-54-56_000.jpg => 	o o r r 
12)	2018-10-15_04-06-34_000.png => 	a a a a 
[20181015_062731 / lib_ip.py:4594] no key 'GPSInfo' for file : C:\WORKS_2\WS\WS_Others.Art\JVEMV6\46_art\VIRTUAL\Admin_Projects\ip\images\2018-10-15_04-06-34_000.png
[20181015_062731 / views.py:1908] gen_Cake_CSV(request) ==> ending... =======================//

