[20190606_111003 / views.py:1822] gen_Cake_CSV(request) ==> starting... =======================
[20190606_111006 / lib_ip.py:2274] inspecting ===> img.20190606_111006.2019-06-05_13-46-16_000.jpg.1.png
[20190606_111007 / lib_ip.py:4505] 
img.20190606_111006.2019-06-05_13-46-16_000.jpg.1.png 0 ---------------------
[20190606_111007 / lib_ip.py:3753] file = img.20190606_111006.2019-06-05_13-46-16_000.jpg.1.png / val_Average = 75.8807	val_Variance = 0.1571	sd = 0.3964	max = 77	min = 75
[20190606_111007 / lib_ip.py:3836] len(Hs) = 8100, len(Ss) = 8100, len(Vs) = 8100
[20190606_111007 / lib_ip.py:3891] yellow : average --> out of range (average = 75.881 / upper = 99.200 / lower = 85.500)
[20190606_111007 / lib_ip.py:3753] file = img.20190606_111006.2019-06-05_13-46-16_000.jpg.1.png / val_Average = 75.8807	val_Variance = 0.1571	sd = 0.3964	max = 77	min = 75
[20190606_111007 / lib_ip.py:3936] len(Hs) = 8100, len(Ss) = 8100, len(Vs) = 8100
[20190606_111007 / lib_ip.py:4007] red : average --> out of range (average = 75.881 / upper = 124.600 / lower = 115.000)
[20190606_111008 / lib_ip.py:3753] file = img.20190606_111006.2019-06-05_13-46-16_000.jpg.1.png / val_Average = 75.8807	val_Variance = 0.1571	sd = 0.3964	max = 77	min = 75
[20190606_111008 / lib_ip.py:4052] len(Hs) = 8100, len(Ss) = 8100, len(Vs) = 8100
[20190606_111008 / lib_ip.py:2274] inspecting ===> img.20190606_111006.2019-06-05_13-46-16_000.jpg.2.png
[20190606_111008 / lib_ip.py:4505] 
img.20190606_111006.2019-06-05_13-46-16_000.jpg.2.png 1 ---------------------
[20190606_111008 / lib_ip.py:3753] file = img.20190606_111006.2019-06-05_13-46-16_000.jpg.2.png / val_Average = 78.0256	val_Variance = 0.0249	sd = 0.1578	max = 79	min = 78
[20190606_111008 / lib_ip.py:3836] len(Hs) = 8100, len(Ss) = 8100, len(Vs) = 8100
[20190606_111009 / lib_ip.py:3891] yellow : average --> out of range (average = 78.026 / upper = 99.200 / lower = 85.500)
[20190606_111009 / lib_ip.py:3753] file = img.20190606_111006.2019-06-05_13-46-16_000.jpg.2.png / val_Average = 78.0256	val_Variance = 0.0249	sd = 0.1578	max = 79	min = 78
[20190606_111009 / lib_ip.py:3936] len(Hs) = 8100, len(Ss) = 8100, len(Vs) = 8100
[20190606_111009 / lib_ip.py:4007] red : average --> out of range (average = 78.026 / upper = 124.600 / lower = 115.000)
[20190606_111009 / lib_ip.py:3753] file = img.20190606_111006.2019-06-05_13-46-16_000.jpg.2.png / val_Average = 78.0256	val_Variance = 0.0249	sd = 0.1578	max = 79	min = 78
[20190606_111009 / lib_ip.py:4052] len(Hs) = 8100, len(Ss) = 8100, len(Vs) = 8100
[20190606_111009 / lib_ip.py:2274] inspecting ===> img.20190606_111006.2019-06-05_13-46-16_000.jpg.3.png
[20190606_111010 / lib_ip.py:4505] 
img.20190606_111006.2019-06-05_13-46-16_000.jpg.3.png 2 ---------------------
[20190606_111010 / lib_ip.py:3753] file = img.20190606_111006.2019-06-05_13-46-16_000.jpg.3.png / val_Average = 105.0416	val_Variance = 0.5483	sd = 0.7405	max = 107	min = 102
[20190606_111010 / lib_ip.py:3836] len(Hs) = 8100, len(Ss) = 8100, len(Vs) = 8100
[20190606_111010 / lib_ip.py:3891] yellow : average --> out of range (average = 105.042 / upper = 99.200 / lower = 85.500)
[20190606_111010 / lib_ip.py:3753] file = img.20190606_111006.2019-06-05_13-46-16_000.jpg.3.png / val_Average = 105.0416	val_Variance = 0.5483	sd = 0.7405	max = 107	min = 102
[20190606_111010 / lib_ip.py:3936] len(Hs) = 8100, len(Ss) = 8100, len(Vs) = 8100
[20190606_111010 / lib_ip.py:3982] red : variance --> out of range (variance = 0.548 / upper = 0.430 / lower = 0.000)
[20190606_111010 / lib_ip.py:3753] file = img.20190606_111006.2019-06-05_13-46-16_000.jpg.3.png / val_Average = 105.0416	val_Variance = 0.5483	sd = 0.7405	max = 107	min = 102
[20190606_111011 / lib_ip.py:4052] len(Hs) = 8100, len(Ss) = 8100, len(Vs) = 8100
[20190606_111011 / lib_ip.py:4124] green : average --> out of range (average = 105.042 / upper = 85.000 / lower = 58.000)
[20190606_111011 / lib_ip.py:3753] file = img.20190606_111006.2019-06-05_13-46-16_000.jpg.3.png / val_Average = 105.0416	val_Variance = 0.5483	sd = 0.7405	max = 107	min = 102
[20190606_111011 / lib_ip.py:4169] len(Hs) = 8100, len(Ss) = 8100, len(Vs) = 8100
[20190606_111011 / lib_ip.py:4230] blue : average --> out of range (average = 105.042 / upper = 17.000 / lower = 8.850)
[20190606_111011 / lib_ip.py:3753] file = img.20190606_111006.2019-06-05_13-46-16_000.jpg.3.png / val_Average = 105.0416	val_Variance = 0.5483	sd = 0.7405	max = 107	min = 102
[20190606_111011 / lib_ip.py:4275] len(Hs) = 8100, len(Ss) = 8100, len(Vs) = 8100
[20190606_111011 / lib_ip.py:4336] pink : average --> out of range (average = 105.042 / upper = 141.000 / lower = 127.900)
[20190606_111011 / lib_ip.py:3753] file = img.20190606_111006.2019-06-05_13-46-16_000.jpg.3.png / val_Average = 105.0416	val_Variance = 0.5483	sd = 0.7405	max = 107	min = 102
[20190606_111011 / lib_ip.py:4378] len(Hs) = 8100, len(Ss) = 8100, len(Vs) = 8100
[20190606_111011 / lib_ip.py:4422] black : variance --> out of range (variance = 0.548 / upper = 0.000 / lower = 0.000)
[20190606_111011 / lib_ip.py:4593] file : img.20190606_111006.2019-06-05_13-46-16_000.jpg.3.png 2 (black : variance --> out of range (variance = 0.548 / upper = 0.000 / lower = 0.000))
[20190606_111011 / lib_ip.py:2274] inspecting ===> img.20190606_111006.2019-06-05_13-46-16_000.jpg.4.png
[20190606_111011 / lib_ip.py:4505] 
img.20190606_111006.2019-06-05_13-46-16_000.jpg.4.png 3 ---------------------
[20190606_111012 / lib_ip.py:3753] file = img.20190606_111006.2019-06-05_13-46-16_000.jpg.4.png / val_Average = 104.7295	val_Variance = 1.7828	sd = 1.3352	max = 108	min = 101
[20190606_111012 / lib_ip.py:3836] len(Hs) = 8100, len(Ss) = 8100, len(Vs) = 8100
[20190606_111012 / lib_ip.py:3869] yellow : variance --> out of range (variance = 1.783 / upper = 0.650 / lower = 0.000)
[20190606_111012 / lib_ip.py:3753] file = img.20190606_111006.2019-06-05_13-46-16_000.jpg.4.png / val_Average = 104.7295	val_Variance = 1.7828	sd = 1.3352	max = 108	min = 101
[20190606_111012 / lib_ip.py:3936] len(Hs) = 8100, len(Ss) = 8100, len(Vs) = 8100
[20190606_111012 / lib_ip.py:3982] red : variance --> out of range (variance = 1.783 / upper = 0.430 / lower = 0.000)
[20190606_111012 / lib_ip.py:3753] file = img.20190606_111006.2019-06-05_13-46-16_000.jpg.4.png / val_Average = 104.7295	val_Variance = 1.7828	sd = 1.3352	max = 108	min = 101
[20190606_111012 / lib_ip.py:4052] len(Hs) = 8100, len(Ss) = 8100, len(Vs) = 8100
[20190606_111012 / lib_ip.py:4099] green : variance --> out of range (variance = 1.783 / upper = 0.760 / lower = 0.000)
[20190606_111012 / lib_ip.py:3753] file = img.20190606_111006.2019-06-05_13-46-16_000.jpg.4.png / val_Average = 104.7295	val_Variance = 1.7828	sd = 1.3352	max = 108	min = 101
[20190606_111012 / lib_ip.py:4169] len(Hs) = 8100, len(Ss) = 8100, len(Vs) = 8100
[20190606_111012 / lib_ip.py:4208] blue : variance --> out of range (variance = 1.783 / upper = 0.930 / lower = 0.010)
[20190606_111012 / lib_ip.py:3753] file = img.20190606_111006.2019-06-05_13-46-16_000.jpg.4.png / val_Average = 104.7295	val_Variance = 1.7828	sd = 1.3352	max = 108	min = 101
[20190606_111012 / lib_ip.py:4275] len(Hs) = 8100, len(Ss) = 8100, len(Vs) = 8100
[20190606_111012 / lib_ip.py:4314] pink : variance --> out of range (variance = 1.783 / upper = 0.750 / lower = 0.030)
[20190606_111013 / lib_ip.py:3753] file = img.20190606_111006.2019-06-05_13-46-16_000.jpg.4.png / val_Average = 104.7295	val_Variance = 1.7828	sd = 1.3352	max = 108	min = 101
[20190606_111013 / lib_ip.py:4378] len(Hs) = 8100, len(Ss) = 8100, len(Vs) = 8100
[20190606_111013 / lib_ip.py:4422] black : variance --> out of range (variance = 1.783 / upper = 0.000 / lower = 0.000)
[20190606_111013 / lib_ip.py:4593] file : img.20190606_111006.2019-06-05_13-46-16_000.jpg.4.png 3 (black : variance --> out of range (variance = 1.783 / upper = 0.000 / lower = 0.000))
[20190606_111011 / lib_ip.py:2274] inspecting ===> img.20190606_111006.2019-06-05_13-46-16_000.jpg.4.png
img.20190606_111006.2019-06-05_13-46-16_000.jpg.1.png => other
img.20190606_111006.2019-06-05_13-46-16_000.jpg.2.png => other
img.20190606_111006.2019-06-05_13-46-16_000.jpg.3.png => other
img.20190606_111006.2019-06-05_13-46-16_000.jpg.4.png => other
[20190606_111013 lib_ip.py:3301] =============== Get 4 corners
dpath_Images = C:\WORKS_2\WS\WS_Others.Art\JVEMV6\46_art\VIRTUAL\Admin_Projects\ip\images
fname_Image = img.20190606_111006.2019-06-05_13-46-16_000.jpg.4.png

[20190606_111014 / lib_ip.py:2274] inspecting ===> img.20190606_111014.2019-06-05_14-38-17_000.jpg.1.png
[20190606_111014 / lib_ip.py:4505] 
img.20190606_111014.2019-06-05_14-38-17_000.jpg.1.png 0 ---------------------
[20190606_111014 / lib_ip.py:3753] file = img.20190606_111014.2019-06-05_14-38-17_000.jpg.1.png / val_Average = 101.5875	val_Variance = 51.7863	sd = 7.1963	max = 135	min = 84
[20190606_111015 / lib_ip.py:3836] len(Hs) = 8100, len(Ss) = 8100, len(Vs) = 8100
[20190606_111015 / lib_ip.py:3869] yellow : variance --> out of range (variance = 51.786 / upper = 0.650 / lower = 0.000)
[20190606_111015 / lib_ip.py:3753] file = img.20190606_111014.2019-06-05_14-38-17_000.jpg.1.png / val_Average = 101.5875	val_Variance = 51.7863	sd = 7.1963	max = 135	min = 84
[20190606_111015 / lib_ip.py:3936] len(Hs) = 8100, len(Ss) = 8100, len(Vs) = 8100
[20190606_111015 / lib_ip.py:3982] red : variance --> out of range (variance = 51.786 / upper = 0.430 / lower = 0.000)
[20190606_111015 / lib_ip.py:3753] file = img.20190606_111014.2019-06-05_14-38-17_000.jpg.1.png / val_Average = 101.5875	val_Variance = 51.7863	sd = 7.1963	max = 135	min = 84
[20190606_111015 / lib_ip.py:4052] len(Hs) = 8100, len(Ss) = 8100, len(Vs) = 8100
[20190606_111015 / lib_ip.py:4099] green : variance --> out of range (variance = 51.786 / upper = 0.760 / lower = 0.000)
[20190606_111015 / lib_ip.py:3753] file = img.20190606_111014.2019-06-05_14-38-17_000.jpg.1.png / val_Average = 101.5875	val_Variance = 51.7863	sd = 7.1963	max = 135	min = 84
[20190606_111015 / lib_ip.py:4169] len(Hs) = 8100, len(Ss) = 8100, len(Vs) = 8100
[20190606_111016 / lib_ip.py:4208] blue : variance --> out of range (variance = 51.786 / upper = 0.930 / lower = 0.010)
[20190606_111016 / lib_ip.py:3753] file = img.20190606_111014.2019-06-05_14-38-17_000.jpg.1.png / val_Average = 101.5875	val_Variance = 51.7863	sd = 7.1963	max = 135	min = 84
[20190606_111016 / lib_ip.py:4275] len(Hs) = 8100, len(Ss) = 8100, len(Vs) = 8100
[20190606_111016 / lib_ip.py:4314] pink : variance --> out of range (variance = 51.786 / upper = 0.750 / lower = 0.030)
[20190606_111016 / lib_ip.py:3753] file = img.20190606_111014.2019-06-05_14-38-17_000.jpg.1.png / val_Average = 101.5875	val_Variance = 51.7863	sd = 7.1963	max = 135	min = 84
[20190606_111016 / lib_ip.py:4378] len(Hs) = 8100, len(Ss) = 8100, len(Vs) = 8100
[20190606_111016 / lib_ip.py:4422] black : variance --> out of range (variance = 51.786 / upper = 0.000 / lower = 0.000)
[20190606_111016 / lib_ip.py:4593] file : img.20190606_111014.2019-06-05_14-38-17_000.jpg.1.png 0 (black : variance --> out of range (variance = 51.786 / upper = 0.000 / lower = 0.000))
[20190606_111016 / lib_ip.py:2274] inspecting ===> img.20190606_111014.2019-06-05_14-38-17_000.jpg.2.png
[20190606_111017 / lib_ip.py:4505] 
img.20190606_111014.2019-06-05_14-38-17_000.jpg.2.png 1 ---------------------
[20190606_111017 / lib_ip.py:3753] file = img.20190606_111014.2019-06-05_14-38-17_000.jpg.2.png / val_Average = 92.8242	val_Variance = 0.1449	sd = 0.3807	max = 93	min = 92
[20190606_111017 / lib_ip.py:3836] len(Hs) = 8100, len(Ss) = 8100, len(Vs) = 8100
[20190606_111017 / lib_ip.py:2274] inspecting ===> img.20190606_111014.2019-06-05_14-38-17_000.jpg.3.png
[20190606_111017 / lib_ip.py:4505] 
img.20190606_111014.2019-06-05_14-38-17_000.jpg.3.png 2 ---------------------
[20190606_111017 / lib_ip.py:3753] file = img.20190606_111014.2019-06-05_14-38-17_000.jpg.3.png / val_Average = 101.8580	val_Variance = 37.9095	sd = 6.1571	max = 128	min = 80
[20190606_111017 / lib_ip.py:3836] len(Hs) = 8100, len(Ss) = 8100, len(Vs) = 8100
[20190606_111017 / lib_ip.py:3869] yellow : variance --> out of range (variance = 37.909 / upper = 0.650 / lower = 0.000)
[20190606_111017 / lib_ip.py:3753] file = img.20190606_111014.2019-06-05_14-38-17_000.jpg.3.png / val_Average = 101.8580	val_Variance = 37.9095	sd = 6.1571	max = 128	min = 80
[20190606_111017 / lib_ip.py:3936] len(Hs) = 8100, len(Ss) = 8100, len(Vs) = 8100
[20190606_111017 / lib_ip.py:3982] red : variance --> out of range (variance = 37.909 / upper = 0.430 / lower = 0.000)
[20190606_111018 / lib_ip.py:3753] file = img.20190606_111014.2019-06-05_14-38-17_000.jpg.3.png / val_Average = 101.8580	val_Variance = 37.9095	sd = 6.1571	max = 128	min = 80
[20190606_111018 / lib_ip.py:4052] len(Hs) = 8100, len(Ss) = 8100, len(Vs) = 8100
[20190606_111018 / lib_ip.py:4099] green : variance --> out of range (variance = 37.909 / upper = 0.760 / lower = 0.000)
[20190606_111018 / lib_ip.py:3753] file = img.20190606_111014.2019-06-05_14-38-17_000.jpg.3.png / val_Average = 101.8580	val_Variance = 37.9095	sd = 6.1571	max = 128	min = 80
[20190606_111018 / lib_ip.py:4169] len(Hs) = 8100, len(Ss) = 8100, len(Vs) = 8100
[20190606_111018 / lib_ip.py:4208] blue : variance --> out of range (variance = 37.909 / upper = 0.930 / lower = 0.010)
[20190606_111018 / lib_ip.py:3753] file = img.20190606_111014.2019-06-05_14-38-17_000.jpg.3.png / val_Average = 101.8580	val_Variance = 37.9095	sd = 6.1571	max = 128	min = 80
[20190606_111018 / lib_ip.py:4275] len(Hs) = 8100, len(Ss) = 8100, len(Vs) = 8100
[20190606_111018 / lib_ip.py:4314] pink : variance --> out of range (variance = 37.909 / upper = 0.750 / lower = 0.030)
[20190606_111018 / lib_ip.py:3753] file = img.20190606_111014.2019-06-05_14-38-17_000.jpg.3.png / val_Average = 101.8580	val_Variance = 37.9095	sd = 6.1571	max = 128	min = 80
[20190606_111018 / lib_ip.py:4378] len(Hs) = 8100, len(Ss) = 8100, len(Vs) = 8100
[20190606_111018 / lib_ip.py:4422] black : variance --> out of range (variance = 37.909 / upper = 0.000 / lower = 0.000)
[20190606_111019 / lib_ip.py:4593] file : img.20190606_111014.2019-06-05_14-38-17_000.jpg.3.png 2 (black : variance --> out of range (variance = 37.909 / upper = 0.000 / lower = 0.000))
[20190606_111019 / lib_ip.py:2274] inspecting ===> img.20190606_111014.2019-06-05_14-38-17_000.jpg.4.png
[20190606_111019 / lib_ip.py:4505] 
img.20190606_111014.2019-06-05_14-38-17_000.jpg.4.png 3 ---------------------
[20190606_111019 / lib_ip.py:3753] file = img.20190606_111014.2019-06-05_14-38-17_000.jpg.4.png / val_Average = 106.7579	val_Variance = 2.7121	sd = 1.6469	max = 112	min = 99
[20190606_111019 / lib_ip.py:3836] len(Hs) = 8100, len(Ss) = 8100, len(Vs) = 8100
[20190606_111019 / lib_ip.py:3869] yellow : variance --> out of range (variance = 2.712 / upper = 0.650 / lower = 0.000)
[20190606_111020 / lib_ip.py:3753] file = img.20190606_111014.2019-06-05_14-38-17_000.jpg.4.png / val_Average = 106.7579	val_Variance = 2.7121	sd = 1.6469	max = 112	min = 99
[20190606_111020 / lib_ip.py:3936] len(Hs) = 8100, len(Ss) = 8100, len(Vs) = 8100
[20190606_111020 / lib_ip.py:3982] red : variance --> out of range (variance = 2.712 / upper = 0.430 / lower = 0.000)
[20190606_111020 / lib_ip.py:3753] file = img.20190606_111014.2019-06-05_14-38-17_000.jpg.4.png / val_Average = 106.7579	val_Variance = 2.7121	sd = 1.6469	max = 112	min = 99
[20190606_111020 / lib_ip.py:4052] len(Hs) = 8100, len(Ss) = 8100, len(Vs) = 8100
[20190606_111020 / lib_ip.py:4099] green : variance --> out of range (variance = 2.712 / upper = 0.760 / lower = 0.000)
[20190606_111020 / lib_ip.py:3753] file = img.20190606_111014.2019-06-05_14-38-17_000.jpg.4.png / val_Average = 106.7579	val_Variance = 2.7121	sd = 1.6469	max = 112	min = 99
[20190606_111020 / lib_ip.py:4169] len(Hs) = 8100, len(Ss) = 8100, len(Vs) = 8100
[20190606_111020 / lib_ip.py:4208] blue : variance --> out of range (variance = 2.712 / upper = 0.930 / lower = 0.010)
[20190606_111020 / lib_ip.py:3753] file = img.20190606_111014.2019-06-05_14-38-17_000.jpg.4.png / val_Average = 106.7579	val_Variance = 2.7121	sd = 1.6469	max = 112	min = 99
[20190606_111020 / lib_ip.py:4275] len(Hs) = 8100, len(Ss) = 8100, len(Vs) = 8100
[20190606_111020 / lib_ip.py:4314] pink : variance --> out of range (variance = 2.712 / upper = 0.750 / lower = 0.030)
[20190606_111020 / lib_ip.py:3753] file = img.20190606_111014.2019-06-05_14-38-17_000.jpg.4.png / val_Average = 106.7579	val_Variance = 2.7121	sd = 1.6469	max = 112	min = 99
[20190606_111020 / lib_ip.py:4378] len(Hs) = 8100, len(Ss) = 8100, len(Vs) = 8100
[20190606_111020 / lib_ip.py:4422] black : variance --> out of range (variance = 2.712 / upper = 0.000 / lower = 0.000)
[20190606_111020 / lib_ip.py:4593] file : img.20190606_111014.2019-06-05_14-38-17_000.jpg.4.png 3 (black : variance --> out of range (variance = 2.712 / upper = 0.000 / lower = 0.000))
[20190606_111019 / lib_ip.py:2274] inspecting ===> img.20190606_111014.2019-06-05_14-38-17_000.jpg.4.png
img.20190606_111014.2019-06-05_14-38-17_000.jpg.1.png => other
img.20190606_111014.2019-06-05_14-38-17_000.jpg.2.png => other
img.20190606_111014.2019-06-05_14-38-17_000.jpg.3.png => other
img.20190606_111014.2019-06-05_14-38-17_000.jpg.4.png => other
[20190606_111020 lib_ip.py:3301] =============== Get 4 corners
dpath_Images = C:\WORKS_2\WS\WS_Others.Art\JVEMV6\46_art\VIRTUAL\Admin_Projects\ip\images
fname_Image = img.20190606_111014.2019-06-05_14-38-17_000.jpg.4.png

[20190606_111021 / lib_ip.py:2274] inspecting ===> img.20190606_111021.2019-06-05_20-49-29_000.jpg.1.png
[20190606_111022 / lib_ip.py:4505] 
img.20190606_111021.2019-06-05_20-49-29_000.jpg.1.png 0 ---------------------
[20190606_111022 / lib_ip.py:3753] file = img.20190606_111021.2019-06-05_20-49-29_000.jpg.1.png / val_Average = 90.3620	val_Variance = 0.2332	sd = 0.4829	max = 92	min = 90
[20190606_111022 / lib_ip.py:3836] len(Hs) = 8100, len(Ss) = 8100, len(Vs) = 8100
[20190606_111022 / lib_ip.py:2274] inspecting ===> img.20190606_111021.2019-06-05_20-49-29_000.jpg.2.png
[20190606_111023 / lib_ip.py:4505] 
img.20190606_111021.2019-06-05_20-49-29_000.jpg.2.png 1 ---------------------
[20190606_111023 / lib_ip.py:3753] file = img.20190606_111021.2019-06-05_20-49-29_000.jpg.2.png / val_Average = 64.6511	val_Variance = 1345.3425	sd = 36.6789	max = 135	min = 0
[20190606_111023 / lib_ip.py:3836] len(Hs) = 8100, len(Ss) = 8100, len(Vs) = 8100
[20190606_111023 / lib_ip.py:3869] yellow : variance --> out of range (variance = 1345.342 / upper = 0.650 / lower = 0.000)
[20190606_111023 / lib_ip.py:3753] file = img.20190606_111021.2019-06-05_20-49-29_000.jpg.2.png / val_Average = 64.6511	val_Variance = 1345.3425	sd = 36.6789	max = 135	min = 0
[20190606_111023 / lib_ip.py:3936] len(Hs) = 8100, len(Ss) = 8100, len(Vs) = 8100
[20190606_111023 / lib_ip.py:3982] red : variance --> out of range (variance = 1345.342 / upper = 0.430 / lower = 0.000)
[20190606_111023 / lib_ip.py:3753] file = img.20190606_111021.2019-06-05_20-49-29_000.jpg.2.png / val_Average = 64.6511	val_Variance = 1345.3425	sd = 36.6789	max = 135	min = 0
[20190606_111024 / lib_ip.py:4052] len(Hs) = 8100, len(Ss) = 8100, len(Vs) = 8100
[20190606_111024 / lib_ip.py:4099] green : variance --> out of range (variance = 1345.342 / upper = 0.760 / lower = 0.000)
[20190606_111024 / lib_ip.py:3753] file = img.20190606_111021.2019-06-05_20-49-29_000.jpg.2.png / val_Average = 64.6511	val_Variance = 1345.3425	sd = 36.6789	max = 135	min = 0
[20190606_111024 / lib_ip.py:4169] len(Hs) = 8100, len(Ss) = 8100, len(Vs) = 8100
[20190606_111024 / lib_ip.py:4208] blue : variance --> out of range (variance = 1345.342 / upper = 0.930 / lower = 0.010)
[20190606_111024 / lib_ip.py:3753] file = img.20190606_111021.2019-06-05_20-49-29_000.jpg.2.png / val_Average = 64.6511	val_Variance = 1345.3425	sd = 36.6789	max = 135	min = 0
[20190606_111024 / lib_ip.py:4275] len(Hs) = 8100, len(Ss) = 8100, len(Vs) = 8100
[20190606_111024 / lib_ip.py:4314] pink : variance --> out of range (variance = 1345.342 / upper = 0.750 / lower = 0.030)
[20190606_111024 / lib_ip.py:3753] file = img.20190606_111021.2019-06-05_20-49-29_000.jpg.2.png / val_Average = 64.6511	val_Variance = 1345.3425	sd = 36.6789	max = 135	min = 0
[20190606_111025 / lib_ip.py:4378] len(Hs) = 8100, len(Ss) = 8100, len(Vs) = 8100
[20190606_111025 / lib_ip.py:4422] black : variance --> out of range (variance = 1345.342 / upper = 0.000 / lower = 0.000)
[20190606_111025 / lib_ip.py:4593] file : img.20190606_111021.2019-06-05_20-49-29_000.jpg.2.png 1 (black : variance --> out of range (variance = 1345.342 / upper = 0.000 / lower = 0.000))
[20190606_111025 / lib_ip.py:2274] inspecting ===> img.20190606_111021.2019-06-05_20-49-29_000.jpg.3.png
[20190606_111025 / lib_ip.py:4505] 
img.20190606_111021.2019-06-05_20-49-29_000.jpg.3.png 2 ---------------------
[20190606_111025 / lib_ip.py:3753] file = img.20190606_111021.2019-06-05_20-49-29_000.jpg.3.png / val_Average = 52.0354	val_Variance = 2181.6500	sd = 46.7081	max = 135	min = 0
[20190606_111025 / lib_ip.py:3836] len(Hs) = 8100, len(Ss) = 8100, len(Vs) = 8100
[20190606_111026 / lib_ip.py:3869] yellow : variance --> out of range (variance = 2181.650 / upper = 0.650 / lower = 0.000)
[20190606_111026 / lib_ip.py:3753] file = img.20190606_111021.2019-06-05_20-49-29_000.jpg.3.png / val_Average = 52.0354	val_Variance = 2181.6500	sd = 46.7081	max = 135	min = 0
[20190606_111026 / lib_ip.py:3936] len(Hs) = 8100, len(Ss) = 8100, len(Vs) = 8100
[20190606_111026 / lib_ip.py:3982] red : variance --> out of range (variance = 2181.650 / upper = 0.430 / lower = 0.000)
[20190606_111026 / lib_ip.py:3753] file = img.20190606_111021.2019-06-05_20-49-29_000.jpg.3.png / val_Average = 52.0354	val_Variance = 2181.6500	sd = 46.7081	max = 135	min = 0
[20190606_111026 / lib_ip.py:4052] len(Hs) = 8100, len(Ss) = 8100, len(Vs) = 8100
[20190606_111026 / lib_ip.py:4099] green : variance --> out of range (variance = 2181.650 / upper = 0.760 / lower = 0.000)
[20190606_111027 / lib_ip.py:3753] file = img.20190606_111021.2019-06-05_20-49-29_000.jpg.3.png / val_Average = 52.0354	val_Variance = 2181.6500	sd = 46.7081	max = 135	min = 0
[20190606_111027 / lib_ip.py:4169] len(Hs) = 8100, len(Ss) = 8100, len(Vs) = 8100
[20190606_111027 / lib_ip.py:4208] blue : variance --> out of range (variance = 2181.650 / upper = 0.930 / lower = 0.010)
[20190606_111027 / lib_ip.py:3753] file = img.20190606_111021.2019-06-05_20-49-29_000.jpg.3.png / val_Average = 52.0354	val_Variance = 2181.6500	sd = 46.7081	max = 135	min = 0
[20190606_111027 / lib_ip.py:4275] len(Hs) = 8100, len(Ss) = 8100, len(Vs) = 8100
[20190606_111027 / lib_ip.py:4314] pink : variance --> out of range (variance = 2181.650 / upper = 0.750 / lower = 0.030)
[20190606_111028 / lib_ip.py:3753] file = img.20190606_111021.2019-06-05_20-49-29_000.jpg.3.png / val_Average = 52.0354	val_Variance = 2181.6500	sd = 46.7081	max = 135	min = 0
[20190606_111028 / lib_ip.py:4378] len(Hs) = 8100, len(Ss) = 8100, len(Vs) = 8100
[20190606_111028 / lib_ip.py:4422] black : variance --> out of range (variance = 2181.650 / upper = 0.000 / lower = 0.000)
[20190606_111028 / lib_ip.py:4593] file : img.20190606_111021.2019-06-05_20-49-29_000.jpg.3.png 2 (black : variance --> out of range (variance = 2181.650 / upper = 0.000 / lower = 0.000))
[20190606_111028 / lib_ip.py:2274] inspecting ===> img.20190606_111021.2019-06-05_20-49-29_000.jpg.4.png
[20190606_111029 / lib_ip.py:4505] 
img.20190606_111021.2019-06-05_20-49-29_000.jpg.4.png 3 ---------------------
[20190606_111029 / lib_ip.py:3753] file = img.20190606_111021.2019-06-05_20-49-29_000.jpg.4.png / val_Average = 44.5230	val_Variance = 1692.6097	sd = 41.1413	max = 135	min = 0
[20190606_111029 / lib_ip.py:3836] len(Hs) = 8100, len(Ss) = 8100, len(Vs) = 8100
[20190606_111029 / lib_ip.py:3869] yellow : variance --> out of range (variance = 1692.610 / upper = 0.650 / lower = 0.000)
[20190606_111029 / lib_ip.py:3753] file = img.20190606_111021.2019-06-05_20-49-29_000.jpg.4.png / val_Average = 44.5230	val_Variance = 1692.6097	sd = 41.1413	max = 135	min = 0
[20190606_111029 / lib_ip.py:3936] len(Hs) = 8100, len(Ss) = 8100, len(Vs) = 8100
[20190606_111029 / lib_ip.py:3982] red : variance --> out of range (variance = 1692.610 / upper = 0.430 / lower = 0.000)
[20190606_111029 / lib_ip.py:3753] file = img.20190606_111021.2019-06-05_20-49-29_000.jpg.4.png / val_Average = 44.5230	val_Variance = 1692.6097	sd = 41.1413	max = 135	min = 0
[20190606_111029 / lib_ip.py:4052] len(Hs) = 8100, len(Ss) = 8100, len(Vs) = 8100
[20190606_111029 / lib_ip.py:4099] green : variance --> out of range (variance = 1692.610 / upper = 0.760 / lower = 0.000)
[20190606_111029 / lib_ip.py:3753] file = img.20190606_111021.2019-06-05_20-49-29_000.jpg.4.png / val_Average = 44.5230	val_Variance = 1692.6097	sd = 41.1413	max = 135	min = 0
[20190606_111029 / lib_ip.py:4169] len(Hs) = 8100, len(Ss) = 8100, len(Vs) = 8100
[20190606_111030 / lib_ip.py:4208] blue : variance --> out of range (variance = 1692.610 / upper = 0.930 / lower = 0.010)
[20190606_111030 / lib_ip.py:3753] file = img.20190606_111021.2019-06-05_20-49-29_000.jpg.4.png / val_Average = 44.5230	val_Variance = 1692.6097	sd = 41.1413	max = 135	min = 0
[20190606_111030 / lib_ip.py:4275] len(Hs) = 8100, len(Ss) = 8100, len(Vs) = 8100
[20190606_111030 / lib_ip.py:4314] pink : variance --> out of range (variance = 1692.610 / upper = 0.750 / lower = 0.030)
[20190606_111030 / lib_ip.py:3753] file = img.20190606_111021.2019-06-05_20-49-29_000.jpg.4.png / val_Average = 44.5230	val_Variance = 1692.6097	sd = 41.1413	max = 135	min = 0
[20190606_111030 / lib_ip.py:4378] len(Hs) = 8100, len(Ss) = 8100, len(Vs) = 8100
[20190606_111030 / lib_ip.py:4422] black : variance --> out of range (variance = 1692.610 / upper = 0.000 / lower = 0.000)
[20190606_111030 / lib_ip.py:4593] file : img.20190606_111021.2019-06-05_20-49-29_000.jpg.4.png 3 (black : variance --> out of range (variance = 1692.610 / upper = 0.000 / lower = 0.000))
[20190606_111028 / lib_ip.py:2274] inspecting ===> img.20190606_111021.2019-06-05_20-49-29_000.jpg.4.png
img.20190606_111021.2019-06-05_20-49-29_000.jpg.1.png => other
img.20190606_111021.2019-06-05_20-49-29_000.jpg.2.png => other
img.20190606_111021.2019-06-05_20-49-29_000.jpg.3.png => other
img.20190606_111021.2019-06-05_20-49-29_000.jpg.4.png => other
[20190606_111030 lib_ip.py:3301] =============== Get 4 corners
dpath_Images = C:\WORKS_2\WS\WS_Others.Art\JVEMV6\46_art\VIRTUAL\Admin_Projects\ip\images
fname_Image = img.20190606_111021.2019-06-05_20-49-29_000.jpg.4.png

[20190606_111031 / lib_ip.py:2274] inspecting ===> img.20190606_111031.2019-06-06_03-57-06_000.png.1.png
[20190606_111032 / lib_ip.py:4505] 
img.20190606_111031.2019-06-06_03-57-06_000.png.1.png 0 ---------------------
[20190606_111032 / lib_ip.py:3753] file = img.20190606_111031.2019-06-06_03-57-06_000.png.1.png / val_Average = 80.1814	val_Variance = 1429.0702	sd = 37.8030	max = 150	min = 0
[20190606_111032 / lib_ip.py:3836] len(Hs) = 8100, len(Ss) = 8100, len(Vs) = 8100
[20190606_111032 / lib_ip.py:3869] yellow : variance --> out of range (variance = 1429.070 / upper = 0.650 / lower = 0.000)
[20190606_111032 / lib_ip.py:3753] file = img.20190606_111031.2019-06-06_03-57-06_000.png.1.png / val_Average = 80.1814	val_Variance = 1429.0702	sd = 37.8030	max = 150	min = 0
[20190606_111032 / lib_ip.py:3936] len(Hs) = 8100, len(Ss) = 8100, len(Vs) = 8100
[20190606_111033 / lib_ip.py:3982] red : variance --> out of range (variance = 1429.070 / upper = 0.430 / lower = 0.000)
[20190606_111033 / lib_ip.py:3753] file = img.20190606_111031.2019-06-06_03-57-06_000.png.1.png / val_Average = 80.1814	val_Variance = 1429.0702	sd = 37.8030	max = 150	min = 0
[20190606_111033 / lib_ip.py:4052] len(Hs) = 8100, len(Ss) = 8100, len(Vs) = 8100
[20190606_111033 / lib_ip.py:4099] green : variance --> out of range (variance = 1429.070 / upper = 0.760 / lower = 0.000)
[20190606_111033 / lib_ip.py:3753] file = img.20190606_111031.2019-06-06_03-57-06_000.png.1.png / val_Average = 80.1814	val_Variance = 1429.0702	sd = 37.8030	max = 150	min = 0
[20190606_111033 / lib_ip.py:4169] len(Hs) = 8100, len(Ss) = 8100, len(Vs) = 8100
[20190606_111033 / lib_ip.py:4208] blue : variance --> out of range (variance = 1429.070 / upper = 0.930 / lower = 0.010)
[20190606_111034 / lib_ip.py:3753] file = img.20190606_111031.2019-06-06_03-57-06_000.png.1.png / val_Average = 80.1814	val_Variance = 1429.0702	sd = 37.8030	max = 150	min = 0
[20190606_111034 / lib_ip.py:4275] len(Hs) = 8100, len(Ss) = 8100, len(Vs) = 8100
[20190606_111034 / lib_ip.py:4314] pink : variance --> out of range (variance = 1429.070 / upper = 0.750 / lower = 0.030)
[20190606_111034 / lib_ip.py:3753] file = img.20190606_111031.2019-06-06_03-57-06_000.png.1.png / val_Average = 80.1814	val_Variance = 1429.0702	sd = 37.8030	max = 150	min = 0
[20190606_111034 / lib_ip.py:4378] len(Hs) = 8100, len(Ss) = 8100, len(Vs) = 8100
[20190606_111034 / lib_ip.py:4422] black : variance --> out of range (variance = 1429.070 / upper = 0.000 / lower = 0.000)
[20190606_111034 / lib_ip.py:4593] file : img.20190606_111031.2019-06-06_03-57-06_000.png.1.png 0 (black : variance --> out of range (variance = 1429.070 / upper = 0.000 / lower = 0.000))
[20190606_111034 / lib_ip.py:2274] inspecting ===> img.20190606_111031.2019-06-06_03-57-06_000.png.2.png
[20190606_111035 / lib_ip.py:4505] 
img.20190606_111031.2019-06-06_03-57-06_000.png.2.png 1 ---------------------
[20190606_111035 / lib_ip.py:3753] file = img.20190606_111031.2019-06-06_03-57-06_000.png.2.png / val_Average = 40.7807	val_Variance = 5509.8095	sd = 74.2281	max = 179	min = 0
[20190606_111035 / lib_ip.py:3836] len(Hs) = 8100, len(Ss) = 8100, len(Vs) = 8100
[20190606_111035 / lib_ip.py:3869] yellow : variance --> out of range (variance = 5509.809 / upper = 0.650 / lower = 0.000)
[20190606_111035 / lib_ip.py:3753] file = img.20190606_111031.2019-06-06_03-57-06_000.png.2.png / val_Average = 40.7807	val_Variance = 5509.8095	sd = 74.2281	max = 179	min = 0
[20190606_111035 / lib_ip.py:3936] len(Hs) = 8100, len(Ss) = 8100, len(Vs) = 8100
[20190606_111036 / lib_ip.py:3982] red : variance --> out of range (variance = 5509.809 / upper = 0.430 / lower = 0.000)
[20190606_111036 / lib_ip.py:3753] file = img.20190606_111031.2019-06-06_03-57-06_000.png.2.png / val_Average = 40.7807	val_Variance = 5509.8095	sd = 74.2281	max = 179	min = 0
[20190606_111036 / lib_ip.py:4052] len(Hs) = 8100, len(Ss) = 8100, len(Vs) = 8100
[20190606_111036 / lib_ip.py:4099] green : variance --> out of range (variance = 5509.809 / upper = 0.760 / lower = 0.000)
[20190606_111036 / lib_ip.py:3753] file = img.20190606_111031.2019-06-06_03-57-06_000.png.2.png / val_Average = 40.7807	val_Variance = 5509.8095	sd = 74.2281	max = 179	min = 0
[20190606_111036 / lib_ip.py:4169] len(Hs) = 8100, len(Ss) = 8100, len(Vs) = 8100
[20190606_111036 / lib_ip.py:4208] blue : variance --> out of range (variance = 5509.809 / upper = 0.930 / lower = 0.010)
[20190606_111037 / lib_ip.py:3753] file = img.20190606_111031.2019-06-06_03-57-06_000.png.2.png / val_Average = 40.7807	val_Variance = 5509.8095	sd = 74.2281	max = 179	min = 0
[20190606_111037 / lib_ip.py:4275] len(Hs) = 8100, len(Ss) = 8100, len(Vs) = 8100
[20190606_111037 / lib_ip.py:4314] pink : variance --> out of range (variance = 5509.809 / upper = 0.750 / lower = 0.030)
[20190606_111037 / lib_ip.py:3753] file = img.20190606_111031.2019-06-06_03-57-06_000.png.2.png / val_Average = 40.7807	val_Variance = 5509.8095	sd = 74.2281	max = 179	min = 0
[20190606_111037 / lib_ip.py:4378] len(Hs) = 8100, len(Ss) = 8100, len(Vs) = 8100
[20190606_111037 / lib_ip.py:4422] black : variance --> out of range (variance = 5509.809 / upper = 0.000 / lower = 0.000)
[20190606_111037 / lib_ip.py:4593] file : img.20190606_111031.2019-06-06_03-57-06_000.png.2.png 1 (black : variance --> out of range (variance = 5509.809 / upper = 0.000 / lower = 0.000))
[20190606_111037 / lib_ip.py:2274] inspecting ===> img.20190606_111031.2019-06-06_03-57-06_000.png.3.png
[20190606_111038 / lib_ip.py:4505] 
img.20190606_111031.2019-06-06_03-57-06_000.png.3.png 2 ---------------------
[20190606_111038 / lib_ip.py:3753] file = img.20190606_111031.2019-06-06_03-57-06_000.png.3.png / val_Average = 101.1428	val_Variance = 539.0953	sd = 23.2184	max = 178	min = 87
[20190606_111038 / lib_ip.py:3836] len(Hs) = 8100, len(Ss) = 8100, len(Vs) = 8100
[20190606_111038 / lib_ip.py:3869] yellow : variance --> out of range (variance = 539.095 / upper = 0.650 / lower = 0.000)
[20190606_111038 / lib_ip.py:3753] file = img.20190606_111031.2019-06-06_03-57-06_000.png.3.png / val_Average = 101.1428	val_Variance = 539.0953	sd = 23.2184	max = 178	min = 87
[20190606_111039 / lib_ip.py:3936] len(Hs) = 8100, len(Ss) = 8100, len(Vs) = 8100
[20190606_111039 / lib_ip.py:3982] red : variance --> out of range (variance = 539.095 / upper = 0.430 / lower = 0.000)
[20190606_111039 / lib_ip.py:3753] file = img.20190606_111031.2019-06-06_03-57-06_000.png.3.png / val_Average = 101.1428	val_Variance = 539.0953	sd = 23.2184	max = 178	min = 87
[20190606_111039 / lib_ip.py:4052] len(Hs) = 8100, len(Ss) = 8100, len(Vs) = 8100
[20190606_111039 / lib_ip.py:4099] green : variance --> out of range (variance = 539.095 / upper = 0.760 / lower = 0.000)
[20190606_111039 / lib_ip.py:3753] file = img.20190606_111031.2019-06-06_03-57-06_000.png.3.png / val_Average = 101.1428	val_Variance = 539.0953	sd = 23.2184	max = 178	min = 87
[20190606_111039 / lib_ip.py:4169] len(Hs) = 8100, len(Ss) = 8100, len(Vs) = 8100
[20190606_111039 / lib_ip.py:4208] blue : variance --> out of range (variance = 539.095 / upper = 0.930 / lower = 0.010)
[20190606_111039 / lib_ip.py:3753] file = img.20190606_111031.2019-06-06_03-57-06_000.png.3.png / val_Average = 101.1428	val_Variance = 539.0953	sd = 23.2184	max = 178	min = 87
[20190606_111039 / lib_ip.py:4275] len(Hs) = 8100, len(Ss) = 8100, len(Vs) = 8100
[20190606_111039 / lib_ip.py:4314] pink : variance --> out of range (variance = 539.095 / upper = 0.750 / lower = 0.030)
[20190606_111039 / lib_ip.py:3753] file = img.20190606_111031.2019-06-06_03-57-06_000.png.3.png / val_Average = 101.1428	val_Variance = 539.0953	sd = 23.2184	max = 178	min = 87
[20190606_111039 / lib_ip.py:4378] len(Hs) = 8100, len(Ss) = 8100, len(Vs) = 8100
[20190606_111039 / lib_ip.py:4422] black : variance --> out of range (variance = 539.095 / upper = 0.000 / lower = 0.000)
[20190606_111039 / lib_ip.py:4593] file : img.20190606_111031.2019-06-06_03-57-06_000.png.3.png 2 (black : variance --> out of range (variance = 539.095 / upper = 0.000 / lower = 0.000))
[20190606_111039 / lib_ip.py:2274] inspecting ===> img.20190606_111031.2019-06-06_03-57-06_000.png.4.png
[20190606_111040 / lib_ip.py:4505] 
img.20190606_111031.2019-06-06_03-57-06_000.png.4.png 3 ---------------------
[20190606_111040 / lib_ip.py:3753] file = img.20190606_111031.2019-06-06_03-57-06_000.png.4.png / val_Average = 79.8658	val_Variance = 7449.6011	sd = 86.3111	max = 178	min = 0
[20190606_111040 / lib_ip.py:3836] len(Hs) = 8100, len(Ss) = 8100, len(Vs) = 8100
[20190606_111040 / lib_ip.py:3869] yellow : variance --> out of range (variance = 7449.601 / upper = 0.650 / lower = 0.000)
[20190606_111040 / lib_ip.py:3753] file = img.20190606_111031.2019-06-06_03-57-06_000.png.4.png / val_Average = 79.8658	val_Variance = 7449.6011	sd = 86.3111	max = 178	min = 0
[20190606_111040 / lib_ip.py:3936] len(Hs) = 8100, len(Ss) = 8100, len(Vs) = 8100
[20190606_111040 / lib_ip.py:3982] red : variance --> out of range (variance = 7449.601 / upper = 0.430 / lower = 0.000)
[20190606_111040 / lib_ip.py:3753] file = img.20190606_111031.2019-06-06_03-57-06_000.png.4.png / val_Average = 79.8658	val_Variance = 7449.6011	sd = 86.3111	max = 178	min = 0
[20190606_111040 / lib_ip.py:4052] len(Hs) = 8100, len(Ss) = 8100, len(Vs) = 8100
[20190606_111040 / lib_ip.py:4099] green : variance --> out of range (variance = 7449.601 / upper = 0.760 / lower = 0.000)
[20190606_111040 / lib_ip.py:3753] file = img.20190606_111031.2019-06-06_03-57-06_000.png.4.png / val_Average = 79.8658	val_Variance = 7449.6011	sd = 86.3111	max = 178	min = 0
[20190606_111040 / lib_ip.py:4169] len(Hs) = 8100, len(Ss) = 8100, len(Vs) = 8100
[20190606_111040 / lib_ip.py:4208] blue : variance --> out of range (variance = 7449.601 / upper = 0.930 / lower = 0.010)
[20190606_111040 / lib_ip.py:3753] file = img.20190606_111031.2019-06-06_03-57-06_000.png.4.png / val_Average = 79.8658	val_Variance = 7449.6011	sd = 86.3111	max = 178	min = 0
[20190606_111041 / lib_ip.py:4275] len(Hs) = 8100, len(Ss) = 8100, len(Vs) = 8100
[20190606_111041 / lib_ip.py:4314] pink : variance --> out of range (variance = 7449.601 / upper = 0.750 / lower = 0.030)
[20190606_111041 / lib_ip.py:3753] file = img.20190606_111031.2019-06-06_03-57-06_000.png.4.png / val_Average = 79.8658	val_Variance = 7449.6011	sd = 86.3111	max = 178	min = 0
[20190606_111041 / lib_ip.py:4378] len(Hs) = 8100, len(Ss) = 8100, len(Vs) = 8100
[20190606_111041 / lib_ip.py:4422] black : variance --> out of range (variance = 7449.601 / upper = 0.000 / lower = 0.000)
[20190606_111041 / lib_ip.py:4593] file : img.20190606_111031.2019-06-06_03-57-06_000.png.4.png 3 (black : variance --> out of range (variance = 7449.601 / upper = 0.000 / lower = 0.000))
[20190606_111039 / lib_ip.py:2274] inspecting ===> img.20190606_111031.2019-06-06_03-57-06_000.png.4.png
img.20190606_111031.2019-06-06_03-57-06_000.png.1.png => other
img.20190606_111031.2019-06-06_03-57-06_000.png.2.png => other
img.20190606_111031.2019-06-06_03-57-06_000.png.3.png => other
img.20190606_111031.2019-06-06_03-57-06_000.png.4.png => other
[20190606_111041 lib_ip.py:3301] =============== Get 4 corners
dpath_Images = C:\WORKS_2\WS\WS_Others.Art\JVEMV6\46_art\VIRTUAL\Admin_Projects\ip\images
fname_Image = img.20190606_111031.2019-06-06_03-57-06_000.png.4.png

[20190606_111042 / lib_ip.py:2274] inspecting ===> img.20190606_111041.2019-06-06_09-14-45_000.jpg.1.png
[20190606_111042 / lib_ip.py:4505] 
img.20190606_111041.2019-06-06_09-14-45_000.jpg.1.png 0 ---------------------
[20190606_111042 / lib_ip.py:3753] file = img.20190606_111041.2019-06-06_09-14-45_000.jpg.1.png / val_Average = 103.8017	val_Variance = 130.2439	sd = 11.4124	max = 160	min = 0
[20190606_111042 / lib_ip.py:3836] len(Hs) = 8100, len(Ss) = 8100, len(Vs) = 8100
[20190606_111042 / lib_ip.py:3869] yellow : variance --> out of range (variance = 130.244 / upper = 0.650 / lower = 0.000)
[20190606_111042 / lib_ip.py:3753] file = img.20190606_111041.2019-06-06_09-14-45_000.jpg.1.png / val_Average = 103.8017	val_Variance = 130.2439	sd = 11.4124	max = 160	min = 0
[20190606_111042 / lib_ip.py:3936] len(Hs) = 8100, len(Ss) = 8100, len(Vs) = 8100
[20190606_111042 / lib_ip.py:3982] red : variance --> out of range (variance = 130.244 / upper = 0.430 / lower = 0.000)
[20190606_111042 / lib_ip.py:3753] file = img.20190606_111041.2019-06-06_09-14-45_000.jpg.1.png / val_Average = 103.8017	val_Variance = 130.2439	sd = 11.4124	max = 160	min = 0
[20190606_111042 / lib_ip.py:4052] len(Hs) = 8100, len(Ss) = 8100, len(Vs) = 8100
[20190606_111042 / lib_ip.py:4099] green : variance --> out of range (variance = 130.244 / upper = 0.760 / lower = 0.000)
[20190606_111042 / lib_ip.py:3753] file = img.20190606_111041.2019-06-06_09-14-45_000.jpg.1.png / val_Average = 103.8017	val_Variance = 130.2439	sd = 11.4124	max = 160	min = 0
[20190606_111042 / lib_ip.py:4169] len(Hs) = 8100, len(Ss) = 8100, len(Vs) = 8100
[20190606_111042 / lib_ip.py:4208] blue : variance --> out of range (variance = 130.244 / upper = 0.930 / lower = 0.010)
[20190606_111042 / lib_ip.py:3753] file = img.20190606_111041.2019-06-06_09-14-45_000.jpg.1.png / val_Average = 103.8017	val_Variance = 130.2439	sd = 11.4124	max = 160	min = 0
[20190606_111042 / lib_ip.py:4275] len(Hs) = 8100, len(Ss) = 8100, len(Vs) = 8100
[20190606_111042 / lib_ip.py:4314] pink : variance --> out of range (variance = 130.244 / upper = 0.750 / lower = 0.030)
[20190606_111043 / lib_ip.py:3753] file = img.20190606_111041.2019-06-06_09-14-45_000.jpg.1.png / val_Average = 103.8017	val_Variance = 130.2439	sd = 11.4124	max = 160	min = 0
[20190606_111043 / lib_ip.py:4378] len(Hs) = 8100, len(Ss) = 8100, len(Vs) = 8100
[20190606_111043 / lib_ip.py:4422] black : variance --> out of range (variance = 130.244 / upper = 0.000 / lower = 0.000)
[20190606_111043 / lib_ip.py:4593] file : img.20190606_111041.2019-06-06_09-14-45_000.jpg.1.png 0 (black : variance --> out of range (variance = 130.244 / upper = 0.000 / lower = 0.000))
[20190606_111043 / lib_ip.py:2274] inspecting ===> img.20190606_111041.2019-06-06_09-14-45_000.jpg.2.png
[20190606_111043 / lib_ip.py:4505] 
img.20190606_111041.2019-06-06_09-14-45_000.jpg.2.png 1 ---------------------
[20190606_111043 / lib_ip.py:3753] file = img.20190606_111041.2019-06-06_09-14-45_000.jpg.2.png / val_Average = 105.7753	val_Variance = 68.2221	sd = 8.2597	max = 150	min = 77
[20190606_111043 / lib_ip.py:3836] len(Hs) = 8100, len(Ss) = 8100, len(Vs) = 8100
[20190606_111043 / lib_ip.py:3869] yellow : variance --> out of range (variance = 68.222 / upper = 0.650 / lower = 0.000)
[20190606_111043 / lib_ip.py:3753] file = img.20190606_111041.2019-06-06_09-14-45_000.jpg.2.png / val_Average = 105.7753	val_Variance = 68.2221	sd = 8.2597	max = 150	min = 77
[20190606_111043 / lib_ip.py:3936] len(Hs) = 8100, len(Ss) = 8100, len(Vs) = 8100
[20190606_111043 / lib_ip.py:3982] red : variance --> out of range (variance = 68.222 / upper = 0.430 / lower = 0.000)
[20190606_111043 / lib_ip.py:3753] file = img.20190606_111041.2019-06-06_09-14-45_000.jpg.2.png / val_Average = 105.7753	val_Variance = 68.2221	sd = 8.2597	max = 150	min = 77
[20190606_111043 / lib_ip.py:4052] len(Hs) = 8100, len(Ss) = 8100, len(Vs) = 8100
[20190606_111044 / lib_ip.py:4099] green : variance --> out of range (variance = 68.222 / upper = 0.760 / lower = 0.000)
[20190606_111044 / lib_ip.py:3753] file = img.20190606_111041.2019-06-06_09-14-45_000.jpg.2.png / val_Average = 105.7753	val_Variance = 68.2221	sd = 8.2597	max = 150	min = 77
[20190606_111044 / lib_ip.py:4169] len(Hs) = 8100, len(Ss) = 8100, len(Vs) = 8100
[20190606_111044 / lib_ip.py:4208] blue : variance --> out of range (variance = 68.222 / upper = 0.930 / lower = 0.010)
[20190606_111044 / lib_ip.py:3753] file = img.20190606_111041.2019-06-06_09-14-45_000.jpg.2.png / val_Average = 105.7753	val_Variance = 68.2221	sd = 8.2597	max = 150	min = 77
[20190606_111044 / lib_ip.py:4275] len(Hs) = 8100, len(Ss) = 8100, len(Vs) = 8100
[20190606_111044 / lib_ip.py:4314] pink : variance --> out of range (variance = 68.222 / upper = 0.750 / lower = 0.030)
[20190606_111044 / lib_ip.py:3753] file = img.20190606_111041.2019-06-06_09-14-45_000.jpg.2.png / val_Average = 105.7753	val_Variance = 68.2221	sd = 8.2597	max = 150	min = 77
[20190606_111044 / lib_ip.py:4378] len(Hs) = 8100, len(Ss) = 8100, len(Vs) = 8100
[20190606_111044 / lib_ip.py:4422] black : variance --> out of range (variance = 68.222 / upper = 0.000 / lower = 0.000)
[20190606_111044 / lib_ip.py:4593] file : img.20190606_111041.2019-06-06_09-14-45_000.jpg.2.png 1 (black : variance --> out of range (variance = 68.222 / upper = 0.000 / lower = 0.000))
[20190606_111044 / lib_ip.py:2274] inspecting ===> img.20190606_111041.2019-06-06_09-14-45_000.jpg.3.png
[20190606_111044 / lib_ip.py:4505] 
img.20190606_111041.2019-06-06_09-14-45_000.jpg.3.png 2 ---------------------
[20190606_111044 / lib_ip.py:3753] file = img.20190606_111041.2019-06-06_09-14-45_000.jpg.3.png / val_Average = 100.7068	val_Variance = 1.6001	sd = 1.2649	max = 105	min = 97
[20190606_111044 / lib_ip.py:3836] len(Hs) = 8100, len(Ss) = 8100, len(Vs) = 8100
[20190606_111044 / lib_ip.py:3869] yellow : variance --> out of range (variance = 1.600 / upper = 0.650 / lower = 0.000)
[20190606_111044 / lib_ip.py:3753] file = img.20190606_111041.2019-06-06_09-14-45_000.jpg.3.png / val_Average = 100.7068	val_Variance = 1.6001	sd = 1.2649	max = 105	min = 97
[20190606_111044 / lib_ip.py:3936] len(Hs) = 8100, len(Ss) = 8100, len(Vs) = 8100
[20190606_111044 / lib_ip.py:3982] red : variance --> out of range (variance = 1.600 / upper = 0.430 / lower = 0.000)
[20190606_111044 / lib_ip.py:3753] file = img.20190606_111041.2019-06-06_09-14-45_000.jpg.3.png / val_Average = 100.7068	val_Variance = 1.6001	sd = 1.2649	max = 105	min = 97
[20190606_111045 / lib_ip.py:4052] len(Hs) = 8100, len(Ss) = 8100, len(Vs) = 8100
[20190606_111045 / lib_ip.py:4099] green : variance --> out of range (variance = 1.600 / upper = 0.760 / lower = 0.000)
[20190606_111045 / lib_ip.py:3753] file = img.20190606_111041.2019-06-06_09-14-45_000.jpg.3.png / val_Average = 100.7068	val_Variance = 1.6001	sd = 1.2649	max = 105	min = 97
[20190606_111045 / lib_ip.py:4169] len(Hs) = 8100, len(Ss) = 8100, len(Vs) = 8100
[20190606_111045 / lib_ip.py:4208] blue : variance --> out of range (variance = 1.600 / upper = 0.930 / lower = 0.010)
[20190606_111045 / lib_ip.py:3753] file = img.20190606_111041.2019-06-06_09-14-45_000.jpg.3.png / val_Average = 100.7068	val_Variance = 1.6001	sd = 1.2649	max = 105	min = 97
[20190606_111045 / lib_ip.py:4275] len(Hs) = 8100, len(Ss) = 8100, len(Vs) = 8100
[20190606_111045 / lib_ip.py:4314] pink : variance --> out of range (variance = 1.600 / upper = 0.750 / lower = 0.030)
[20190606_111045 / lib_ip.py:3753] file = img.20190606_111041.2019-06-06_09-14-45_000.jpg.3.png / val_Average = 100.7068	val_Variance = 1.6001	sd = 1.2649	max = 105	min = 97
[20190606_111045 / lib_ip.py:4378] len(Hs) = 8100, len(Ss) = 8100, len(Vs) = 8100
[20190606_111045 / lib_ip.py:4422] black : variance --> out of range (variance = 1.600 / upper = 0.000 / lower = 0.000)
[20190606_111045 / lib_ip.py:4593] file : img.20190606_111041.2019-06-06_09-14-45_000.jpg.3.png 2 (black : variance --> out of range (variance = 1.600 / upper = 0.000 / lower = 0.000))
[20190606_111045 / lib_ip.py:2274] inspecting ===> img.20190606_111041.2019-06-06_09-14-45_000.jpg.4.png
[20190606_111045 / lib_ip.py:4505] 
img.20190606_111041.2019-06-06_09-14-45_000.jpg.4.png 3 ---------------------
[20190606_111046 / lib_ip.py:3753] file = img.20190606_111041.2019-06-06_09-14-45_000.jpg.4.png / val_Average = 101.6894	val_Variance = 0.6134	sd = 0.7832	max = 105	min = 99
[20190606_111046 / lib_ip.py:3836] len(Hs) = 8100, len(Ss) = 8100, len(Vs) = 8100
[20190606_111046 / lib_ip.py:3891] yellow : average --> out of range (average = 101.689 / upper = 99.200 / lower = 85.500)
[20190606_111046 / lib_ip.py:3753] file = img.20190606_111041.2019-06-06_09-14-45_000.jpg.4.png / val_Average = 101.6894	val_Variance = 0.6134	sd = 0.7832	max = 105	min = 99
[20190606_111046 / lib_ip.py:3936] len(Hs) = 8100, len(Ss) = 8100, len(Vs) = 8100
[20190606_111046 / lib_ip.py:3982] red : variance --> out of range (variance = 0.613 / upper = 0.430 / lower = 0.000)
[20190606_111046 / lib_ip.py:3753] file = img.20190606_111041.2019-06-06_09-14-45_000.jpg.4.png / val_Average = 101.6894	val_Variance = 0.6134	sd = 0.7832	max = 105	min = 99
[20190606_111046 / lib_ip.py:4052] len(Hs) = 8100, len(Ss) = 8100, len(Vs) = 8100
[20190606_111046 / lib_ip.py:4124] green : average --> out of range (average = 101.689 / upper = 85.000 / lower = 58.000)
[20190606_111046 / lib_ip.py:3753] file = img.20190606_111041.2019-06-06_09-14-45_000.jpg.4.png / val_Average = 101.6894	val_Variance = 0.6134	sd = 0.7832	max = 105	min = 99
[20190606_111046 / lib_ip.py:4169] len(Hs) = 8100, len(Ss) = 8100, len(Vs) = 8100
[20190606_111046 / lib_ip.py:4230] blue : average --> out of range (average = 101.689 / upper = 17.000 / lower = 8.850)
[20190606_111046 / lib_ip.py:3753] file = img.20190606_111041.2019-06-06_09-14-45_000.jpg.4.png / val_Average = 101.6894	val_Variance = 0.6134	sd = 0.7832	max = 105	min = 99
[20190606_111046 / lib_ip.py:4275] len(Hs) = 8100, len(Ss) = 8100, len(Vs) = 8100
[20190606_111046 / lib_ip.py:4336] pink : average --> out of range (average = 101.689 / upper = 141.000 / lower = 127.900)
[20190606_111046 / lib_ip.py:3753] file = img.20190606_111041.2019-06-06_09-14-45_000.jpg.4.png / val_Average = 101.6894	val_Variance = 0.6134	sd = 0.7832	max = 105	min = 99
[20190606_111046 / lib_ip.py:4378] len(Hs) = 8100, len(Ss) = 8100, len(Vs) = 8100
[20190606_111046 / lib_ip.py:4422] black : variance --> out of range (variance = 0.613 / upper = 0.000 / lower = 0.000)
[20190606_111046 / lib_ip.py:4593] file : img.20190606_111041.2019-06-06_09-14-45_000.jpg.4.png 3 (black : variance --> out of range (variance = 0.613 / upper = 0.000 / lower = 0.000))
[20190606_111045 / lib_ip.py:2274] inspecting ===> img.20190606_111041.2019-06-06_09-14-45_000.jpg.4.png
img.20190606_111041.2019-06-06_09-14-45_000.jpg.1.png => other
img.20190606_111041.2019-06-06_09-14-45_000.jpg.2.png => other
img.20190606_111041.2019-06-06_09-14-45_000.jpg.3.png => other
img.20190606_111041.2019-06-06_09-14-45_000.jpg.4.png => other
[20190606_111046 lib_ip.py:3301] =============== Get 4 corners
dpath_Images = C:\WORKS_2\WS\WS_Others.Art\JVEMV6\46_art\VIRTUAL\Admin_Projects\ip\images
fname_Image = img.20190606_111041.2019-06-06_09-14-45_000.jpg.4.png

[20190606_111047 / lib_ip.py:2274] inspecting ===> img.20190606_111047.2019-06-06_09-45-58_000.jpg.1.png
[20190606_111047 / lib_ip.py:4505] 
img.20190606_111047.2019-06-06_09-45-58_000.jpg.1.png 0 ---------------------
[20190606_111047 / lib_ip.py:3753] file = img.20190606_111047.2019-06-06_09-45-58_000.jpg.1.png / val_Average = 11.6426	val_Variance = 0.2551	sd = 0.5051	max = 13	min = 9
[20190606_111047 / lib_ip.py:3836] len(Hs) = 8100, len(Ss) = 8100, len(Vs) = 8100
[20190606_111047 / lib_ip.py:3891] yellow : average --> out of range (average = 11.643 / upper = 99.200 / lower = 85.500)
[20190606_111047 / lib_ip.py:3753] file = img.20190606_111047.2019-06-06_09-45-58_000.jpg.1.png / val_Average = 11.6426	val_Variance = 0.2551	sd = 0.5051	max = 13	min = 9
[20190606_111047 / lib_ip.py:3936] len(Hs) = 8100, len(Ss) = 8100, len(Vs) = 8100
[20190606_111048 / lib_ip.py:4007] red : average --> out of range (average = 11.643 / upper = 124.600 / lower = 115.000)
[20190606_111048 / lib_ip.py:3753] file = img.20190606_111047.2019-06-06_09-45-58_000.jpg.1.png / val_Average = 11.6426	val_Variance = 0.2551	sd = 0.5051	max = 13	min = 9
[20190606_111048 / lib_ip.py:4052] len(Hs) = 8100, len(Ss) = 8100, len(Vs) = 8100
[20190606_111048 / lib_ip.py:4124] green : average --> out of range (average = 11.643 / upper = 85.000 / lower = 58.000)
[20190606_111048 / lib_ip.py:3753] file = img.20190606_111047.2019-06-06_09-45-58_000.jpg.1.png / val_Average = 11.6426	val_Variance = 0.2551	sd = 0.5051	max = 13	min = 9
[20190606_111048 / lib_ip.py:4169] len(Hs) = 8100, len(Ss) = 8100, len(Vs) = 8100
[20190606_111048 / lib_ip.py:2274] inspecting ===> img.20190606_111047.2019-06-06_09-45-58_000.jpg.2.png
[20190606_111048 / lib_ip.py:4505] 
img.20190606_111047.2019-06-06_09-45-58_000.jpg.2.png 1 ---------------------
[20190606_111048 / lib_ip.py:3753] file = img.20190606_111047.2019-06-06_09-45-58_000.jpg.2.png / val_Average = 11.6536	val_Variance = 0.2785	sd = 0.5277	max = 13	min = 11
[20190606_111048 / lib_ip.py:3836] len(Hs) = 8100, len(Ss) = 8100, len(Vs) = 8100
[20190606_111048 / lib_ip.py:3891] yellow : average --> out of range (average = 11.654 / upper = 99.200 / lower = 85.500)
[20190606_111048 / lib_ip.py:3753] file = img.20190606_111047.2019-06-06_09-45-58_000.jpg.2.png / val_Average = 11.6536	val_Variance = 0.2785	sd = 0.5277	max = 13	min = 11
[20190606_111048 / lib_ip.py:3936] len(Hs) = 8100, len(Ss) = 8100, len(Vs) = 8100
[20190606_111048 / lib_ip.py:4007] red : average --> out of range (average = 11.654 / upper = 124.600 / lower = 115.000)
[20190606_111048 / lib_ip.py:3753] file = img.20190606_111047.2019-06-06_09-45-58_000.jpg.2.png / val_Average = 11.6536	val_Variance = 0.2785	sd = 0.5277	max = 13	min = 11
[20190606_111048 / lib_ip.py:4052] len(Hs) = 8100, len(Ss) = 8100, len(Vs) = 8100
[20190606_111049 / lib_ip.py:4124] green : average --> out of range (average = 11.654 / upper = 85.000 / lower = 58.000)
[20190606_111049 / lib_ip.py:3753] file = img.20190606_111047.2019-06-06_09-45-58_000.jpg.2.png / val_Average = 11.6536	val_Variance = 0.2785	sd = 0.5277	max = 13	min = 11
[20190606_111049 / lib_ip.py:4169] len(Hs) = 8100, len(Ss) = 8100, len(Vs) = 8100
[20190606_111049 / lib_ip.py:2274] inspecting ===> img.20190606_111047.2019-06-06_09-45-58_000.jpg.3.png
[20190606_111049 / lib_ip.py:4505] 
img.20190606_111047.2019-06-06_09-45-58_000.jpg.3.png 2 ---------------------
[20190606_111049 / lib_ip.py:3753] file = img.20190606_111047.2019-06-06_09-45-58_000.jpg.3.png / val_Average = 108.5836	val_Variance = 16.3623	sd = 4.0450	max = 140	min = 0
[20190606_111049 / lib_ip.py:3836] len(Hs) = 8100, len(Ss) = 8100, len(Vs) = 8100
[20190606_111049 / lib_ip.py:3869] yellow : variance --> out of range (variance = 16.362 / upper = 0.650 / lower = 0.000)
[20190606_111049 / lib_ip.py:3753] file = img.20190606_111047.2019-06-06_09-45-58_000.jpg.3.png / val_Average = 108.5836	val_Variance = 16.3623	sd = 4.0450	max = 140	min = 0
[20190606_111049 / lib_ip.py:3936] len(Hs) = 8100, len(Ss) = 8100, len(Vs) = 8100
[20190606_111049 / lib_ip.py:3982] red : variance --> out of range (variance = 16.362 / upper = 0.430 / lower = 0.000)
[20190606_111049 / lib_ip.py:3753] file = img.20190606_111047.2019-06-06_09-45-58_000.jpg.3.png / val_Average = 108.5836	val_Variance = 16.3623	sd = 4.0450	max = 140	min = 0
[20190606_111049 / lib_ip.py:4052] len(Hs) = 8100, len(Ss) = 8100, len(Vs) = 8100
[20190606_111049 / lib_ip.py:4099] green : variance --> out of range (variance = 16.362 / upper = 0.760 / lower = 0.000)
[20190606_111049 / lib_ip.py:3753] file = img.20190606_111047.2019-06-06_09-45-58_000.jpg.3.png / val_Average = 108.5836	val_Variance = 16.3623	sd = 4.0450	max = 140	min = 0
[20190606_111049 / lib_ip.py:4169] len(Hs) = 8100, len(Ss) = 8100, len(Vs) = 8100
[20190606_111049 / lib_ip.py:4208] blue : variance --> out of range (variance = 16.362 / upper = 0.930 / lower = 0.010)
[20190606_111050 / lib_ip.py:3753] file = img.20190606_111047.2019-06-06_09-45-58_000.jpg.3.png / val_Average = 108.5836	val_Variance = 16.3623	sd = 4.0450	max = 140	min = 0
[20190606_111050 / lib_ip.py:4275] len(Hs) = 8100, len(Ss) = 8100, len(Vs) = 8100
[20190606_111050 / lib_ip.py:4314] pink : variance --> out of range (variance = 16.362 / upper = 0.750 / lower = 0.030)
[20190606_111050 / lib_ip.py:3753] file = img.20190606_111047.2019-06-06_09-45-58_000.jpg.3.png / val_Average = 108.5836	val_Variance = 16.3623	sd = 4.0450	max = 140	min = 0
[20190606_111050 / lib_ip.py:4378] len(Hs) = 8100, len(Ss) = 8100, len(Vs) = 8100
[20190606_111050 / lib_ip.py:4422] black : variance --> out of range (variance = 16.362 / upper = 0.000 / lower = 0.000)
[20190606_111050 / lib_ip.py:4593] file : img.20190606_111047.2019-06-06_09-45-58_000.jpg.3.png 2 (black : variance --> out of range (variance = 16.362 / upper = 0.000 / lower = 0.000))
[20190606_111050 / lib_ip.py:2274] inspecting ===> img.20190606_111047.2019-06-06_09-45-58_000.jpg.4.png
[20190606_111050 / lib_ip.py:4505] 
img.20190606_111047.2019-06-06_09-45-58_000.jpg.4.png 3 ---------------------
[20190606_111050 / lib_ip.py:3753] file = img.20190606_111047.2019-06-06_09-45-58_000.jpg.4.png / val_Average = 110.5540	val_Variance = 13.1854	sd = 3.6312	max = 130	min = 95
[20190606_111050 / lib_ip.py:3836] len(Hs) = 8100, len(Ss) = 8100, len(Vs) = 8100
[20190606_111050 / lib_ip.py:3869] yellow : variance --> out of range (variance = 13.185 / upper = 0.650 / lower = 0.000)
[20190606_111050 / lib_ip.py:3753] file = img.20190606_111047.2019-06-06_09-45-58_000.jpg.4.png / val_Average = 110.5540	val_Variance = 13.1854	sd = 3.6312	max = 130	min = 95
[20190606_111050 / lib_ip.py:3936] len(Hs) = 8100, len(Ss) = 8100, len(Vs) = 8100
[20190606_111050 / lib_ip.py:3982] red : variance --> out of range (variance = 13.185 / upper = 0.430 / lower = 0.000)
[20190606_111051 / lib_ip.py:3753] file = img.20190606_111047.2019-06-06_09-45-58_000.jpg.4.png / val_Average = 110.5540	val_Variance = 13.1854	sd = 3.6312	max = 130	min = 95
[20190606_111051 / lib_ip.py:4052] len(Hs) = 8100, len(Ss) = 8100, len(Vs) = 8100
[20190606_111051 / lib_ip.py:4099] green : variance --> out of range (variance = 13.185 / upper = 0.760 / lower = 0.000)
[20190606_111051 / lib_ip.py:3753] file = img.20190606_111047.2019-06-06_09-45-58_000.jpg.4.png / val_Average = 110.5540	val_Variance = 13.1854	sd = 3.6312	max = 130	min = 95
[20190606_111051 / lib_ip.py:4169] len(Hs) = 8100, len(Ss) = 8100, len(Vs) = 8100
[20190606_111051 / lib_ip.py:4208] blue : variance --> out of range (variance = 13.185 / upper = 0.930 / lower = 0.010)
[20190606_111051 / lib_ip.py:3753] file = img.20190606_111047.2019-06-06_09-45-58_000.jpg.4.png / val_Average = 110.5540	val_Variance = 13.1854	sd = 3.6312	max = 130	min = 95
[20190606_111051 / lib_ip.py:4275] len(Hs) = 8100, len(Ss) = 8100, len(Vs) = 8100
[20190606_111051 / lib_ip.py:4314] pink : variance --> out of range (variance = 13.185 / upper = 0.750 / lower = 0.030)
[20190606_111051 / lib_ip.py:3753] file = img.20190606_111047.2019-06-06_09-45-58_000.jpg.4.png / val_Average = 110.5540	val_Variance = 13.1854	sd = 3.6312	max = 130	min = 95
[20190606_111051 / lib_ip.py:4378] len(Hs) = 8100, len(Ss) = 8100, len(Vs) = 8100
[20190606_111051 / lib_ip.py:4422] black : variance --> out of range (variance = 13.185 / upper = 0.000 / lower = 0.000)
[20190606_111051 / lib_ip.py:4593] file : img.20190606_111047.2019-06-06_09-45-58_000.jpg.4.png 3 (black : variance --> out of range (variance = 13.185 / upper = 0.000 / lower = 0.000))
[20190606_111050 / lib_ip.py:2274] inspecting ===> img.20190606_111047.2019-06-06_09-45-58_000.jpg.4.png
img.20190606_111047.2019-06-06_09-45-58_000.jpg.1.png => other
img.20190606_111047.2019-06-06_09-45-58_000.jpg.2.png => other
img.20190606_111047.2019-06-06_09-45-58_000.jpg.3.png => other
img.20190606_111047.2019-06-06_09-45-58_000.jpg.4.png => other
[20190606_111051 lib_ip.py:3301] =============== Get 4 corners
dpath_Images = C:\WORKS_2\WS\WS_Others.Art\JVEMV6\46_art\VIRTUAL\Admin_Projects\ip\images
fname_Image = img.20190606_111047.2019-06-06_09-45-58_000.jpg.4.png

[20190606_111052 / lib_ip.py:2274] inspecting ===> img.20190606_111051.2019-06-06_09-46-26_000.jpg.1.png
[20190606_111052 / lib_ip.py:4505] 
img.20190606_111051.2019-06-06_09-46-26_000.jpg.1.png 0 ---------------------
[20190606_111052 / lib_ip.py:3753] file = img.20190606_111051.2019-06-06_09-46-26_000.jpg.1.png / val_Average = 11.5016	val_Variance = 0.3026	sd = 0.5501	max = 13	min = 8
[20190606_111052 / lib_ip.py:3836] len(Hs) = 8100, len(Ss) = 8100, len(Vs) = 8100
[20190606_111052 / lib_ip.py:3891] yellow : average --> out of range (average = 11.502 / upper = 99.200 / lower = 85.500)
[20190606_111052 / lib_ip.py:3753] file = img.20190606_111051.2019-06-06_09-46-26_000.jpg.1.png / val_Average = 11.5016	val_Variance = 0.3026	sd = 0.5501	max = 13	min = 8
[20190606_111052 / lib_ip.py:3936] len(Hs) = 8100, len(Ss) = 8100, len(Vs) = 8100
[20190606_111052 / lib_ip.py:4007] red : average --> out of range (average = 11.502 / upper = 124.600 / lower = 115.000)
[20190606_111052 / lib_ip.py:3753] file = img.20190606_111051.2019-06-06_09-46-26_000.jpg.1.png / val_Average = 11.5016	val_Variance = 0.3026	sd = 0.5501	max = 13	min = 8
[20190606_111052 / lib_ip.py:4052] len(Hs) = 8100, len(Ss) = 8100, len(Vs) = 8100
[20190606_111052 / lib_ip.py:4124] green : average --> out of range (average = 11.502 / upper = 85.000 / lower = 58.000)
[20190606_111053 / lib_ip.py:3753] file = img.20190606_111051.2019-06-06_09-46-26_000.jpg.1.png / val_Average = 11.5016	val_Variance = 0.3026	sd = 0.5501	max = 13	min = 8
[20190606_111053 / lib_ip.py:4169] len(Hs) = 8100, len(Ss) = 8100, len(Vs) = 8100
[20190606_111053 / lib_ip.py:2274] inspecting ===> img.20190606_111051.2019-06-06_09-46-26_000.jpg.2.png
[20190606_111053 / lib_ip.py:4505] 
img.20190606_111051.2019-06-06_09-46-26_000.jpg.2.png 1 ---------------------
[20190606_111053 / lib_ip.py:3753] file = img.20190606_111051.2019-06-06_09-46-26_000.jpg.2.png / val_Average = 12.0100	val_Variance = 0.2025	sd = 0.4500	max = 14	min = 11
[20190606_111053 / lib_ip.py:3836] len(Hs) = 8100, len(Ss) = 8100, len(Vs) = 8100
[20190606_111053 / lib_ip.py:3891] yellow : average --> out of range (average = 12.010 / upper = 99.200 / lower = 85.500)
[20190606_111053 / lib_ip.py:3753] file = img.20190606_111051.2019-06-06_09-46-26_000.jpg.2.png / val_Average = 12.0100	val_Variance = 0.2025	sd = 0.4500	max = 14	min = 11
[20190606_111053 / lib_ip.py:3936] len(Hs) = 8100, len(Ss) = 8100, len(Vs) = 8100
[20190606_111053 / lib_ip.py:4007] red : average --> out of range (average = 12.010 / upper = 124.600 / lower = 115.000)
[20190606_111053 / lib_ip.py:3753] file = img.20190606_111051.2019-06-06_09-46-26_000.jpg.2.png / val_Average = 12.0100	val_Variance = 0.2025	sd = 0.4500	max = 14	min = 11
[20190606_111053 / lib_ip.py:4052] len(Hs) = 8100, len(Ss) = 8100, len(Vs) = 8100
[20190606_111053 / lib_ip.py:4124] green : average --> out of range (average = 12.010 / upper = 85.000 / lower = 58.000)
[20190606_111053 / lib_ip.py:3753] file = img.20190606_111051.2019-06-06_09-46-26_000.jpg.2.png / val_Average = 12.0100	val_Variance = 0.2025	sd = 0.4500	max = 14	min = 11
[20190606_111053 / lib_ip.py:4169] len(Hs) = 8100, len(Ss) = 8100, len(Vs) = 8100
[20190606_111053 / lib_ip.py:2274] inspecting ===> img.20190606_111051.2019-06-06_09-46-26_000.jpg.3.png
[20190606_111054 / lib_ip.py:4505] 
img.20190606_111051.2019-06-06_09-46-26_000.jpg.3.png 2 ---------------------
[20190606_111054 / lib_ip.py:3753] file = img.20190606_111051.2019-06-06_09-46-26_000.jpg.3.png / val_Average = 110.9291	val_Variance = 11.0557	sd = 3.3250	max = 123	min = 98
[20190606_111054 / lib_ip.py:3836] len(Hs) = 8100, len(Ss) = 8100, len(Vs) = 8100
[20190606_111054 / lib_ip.py:3869] yellow : variance --> out of range (variance = 11.056 / upper = 0.650 / lower = 0.000)
[20190606_111054 / lib_ip.py:3753] file = img.20190606_111051.2019-06-06_09-46-26_000.jpg.3.png / val_Average = 110.9291	val_Variance = 11.0557	sd = 3.3250	max = 123	min = 98
[20190606_111054 / lib_ip.py:3936] len(Hs) = 8100, len(Ss) = 8100, len(Vs) = 8100
[20190606_111054 / lib_ip.py:3982] red : variance --> out of range (variance = 11.056 / upper = 0.430 / lower = 0.000)
[20190606_111054 / lib_ip.py:3753] file = img.20190606_111051.2019-06-06_09-46-26_000.jpg.3.png / val_Average = 110.9291	val_Variance = 11.0557	sd = 3.3250	max = 123	min = 98
[20190606_111054 / lib_ip.py:4052] len(Hs) = 8100, len(Ss) = 8100, len(Vs) = 8100
[20190606_111054 / lib_ip.py:4099] green : variance --> out of range (variance = 11.056 / upper = 0.760 / lower = 0.000)
[20190606_111054 / lib_ip.py:3753] file = img.20190606_111051.2019-06-06_09-46-26_000.jpg.3.png / val_Average = 110.9291	val_Variance = 11.0557	sd = 3.3250	max = 123	min = 98
[20190606_111054 / lib_ip.py:4169] len(Hs) = 8100, len(Ss) = 8100, len(Vs) = 8100
[20190606_111054 / lib_ip.py:4208] blue : variance --> out of range (variance = 11.056 / upper = 0.930 / lower = 0.010)
[20190606_111054 / lib_ip.py:3753] file = img.20190606_111051.2019-06-06_09-46-26_000.jpg.3.png / val_Average = 110.9291	val_Variance = 11.0557	sd = 3.3250	max = 123	min = 98
[20190606_111054 / lib_ip.py:4275] len(Hs) = 8100, len(Ss) = 8100, len(Vs) = 8100
[20190606_111054 / lib_ip.py:4314] pink : variance --> out of range (variance = 11.056 / upper = 0.750 / lower = 0.030)
[20190606_111054 / lib_ip.py:3753] file = img.20190606_111051.2019-06-06_09-46-26_000.jpg.3.png / val_Average = 110.9291	val_Variance = 11.0557	sd = 3.3250	max = 123	min = 98
[20190606_111055 / lib_ip.py:4378] len(Hs) = 8100, len(Ss) = 8100, len(Vs) = 8100
[20190606_111055 / lib_ip.py:4422] black : variance --> out of range (variance = 11.056 / upper = 0.000 / lower = 0.000)
[20190606_111055 / lib_ip.py:4593] file : img.20190606_111051.2019-06-06_09-46-26_000.jpg.3.png 2 (black : variance --> out of range (variance = 11.056 / upper = 0.000 / lower = 0.000))
[20190606_111055 / lib_ip.py:2274] inspecting ===> img.20190606_111051.2019-06-06_09-46-26_000.jpg.4.png
[20190606_111055 / lib_ip.py:4505] 
img.20190606_111051.2019-06-06_09-46-26_000.jpg.4.png 3 ---------------------
[20190606_111055 / lib_ip.py:3753] file = img.20190606_111051.2019-06-06_09-46-26_000.jpg.4.png / val_Average = 110.3157	val_Variance = 11.8642	sd = 3.4444	max = 130	min = 99
[20190606_111055 / lib_ip.py:3836] len(Hs) = 8100, len(Ss) = 8100, len(Vs) = 8100
[20190606_111055 / lib_ip.py:3869] yellow : variance --> out of range (variance = 11.864 / upper = 0.650 / lower = 0.000)
[20190606_111055 / lib_ip.py:3753] file = img.20190606_111051.2019-06-06_09-46-26_000.jpg.4.png / val_Average = 110.3157	val_Variance = 11.8642	sd = 3.4444	max = 130	min = 99
[20190606_111055 / lib_ip.py:3936] len(Hs) = 8100, len(Ss) = 8100, len(Vs) = 8100
[20190606_111055 / lib_ip.py:3982] red : variance --> out of range (variance = 11.864 / upper = 0.430 / lower = 0.000)
[20190606_111055 / lib_ip.py:3753] file = img.20190606_111051.2019-06-06_09-46-26_000.jpg.4.png / val_Average = 110.3157	val_Variance = 11.8642	sd = 3.4444	max = 130	min = 99
[20190606_111055 / lib_ip.py:4052] len(Hs) = 8100, len(Ss) = 8100, len(Vs) = 8100
[20190606_111055 / lib_ip.py:4099] green : variance --> out of range (variance = 11.864 / upper = 0.760 / lower = 0.000)
[20190606_111055 / lib_ip.py:3753] file = img.20190606_111051.2019-06-06_09-46-26_000.jpg.4.png / val_Average = 110.3157	val_Variance = 11.8642	sd = 3.4444	max = 130	min = 99
[20190606_111055 / lib_ip.py:4169] len(Hs) = 8100, len(Ss) = 8100, len(Vs) = 8100
[20190606_111056 / lib_ip.py:4208] blue : variance --> out of range (variance = 11.864 / upper = 0.930 / lower = 0.010)
[20190606_111056 / lib_ip.py:3753] file = img.20190606_111051.2019-06-06_09-46-26_000.jpg.4.png / val_Average = 110.3157	val_Variance = 11.8642	sd = 3.4444	max = 130	min = 99
[20190606_111056 / lib_ip.py:4275] len(Hs) = 8100, len(Ss) = 8100, len(Vs) = 8100
[20190606_111056 / lib_ip.py:4314] pink : variance --> out of range (variance = 11.864 / upper = 0.750 / lower = 0.030)
[20190606_111056 / lib_ip.py:3753] file = img.20190606_111051.2019-06-06_09-46-26_000.jpg.4.png / val_Average = 110.3157	val_Variance = 11.8642	sd = 3.4444	max = 130	min = 99
[20190606_111056 / lib_ip.py:4378] len(Hs) = 8100, len(Ss) = 8100, len(Vs) = 8100
[20190606_111056 / lib_ip.py:4422] black : variance --> out of range (variance = 11.864 / upper = 0.000 / lower = 0.000)
[20190606_111056 / lib_ip.py:4593] file : img.20190606_111051.2019-06-06_09-46-26_000.jpg.4.png 3 (black : variance --> out of range (variance = 11.864 / upper = 0.000 / lower = 0.000))
[20190606_111055 / lib_ip.py:2274] inspecting ===> img.20190606_111051.2019-06-06_09-46-26_000.jpg.4.png
img.20190606_111051.2019-06-06_09-46-26_000.jpg.1.png => other
img.20190606_111051.2019-06-06_09-46-26_000.jpg.2.png => other
img.20190606_111051.2019-06-06_09-46-26_000.jpg.3.png => other
img.20190606_111051.2019-06-06_09-46-26_000.jpg.4.png => other
[20190606_111056 lib_ip.py:3301] =============== Get 4 corners
dpath_Images = C:\WORKS_2\WS\WS_Others.Art\JVEMV6\46_art\VIRTUAL\Admin_Projects\ip\images
fname_Image = img.20190606_111051.2019-06-06_09-46-26_000.jpg.4.png

[20190606_111056 / lib_ip.py:2274] inspecting ===> img.20190606_111056.2019-06-06_09-46-45_000.jpg.1.png
[20190606_111057 / lib_ip.py:4505] 
img.20190606_111056.2019-06-06_09-46-45_000.jpg.1.png 0 ---------------------
[20190606_111057 / lib_ip.py:3753] file = img.20190606_111056.2019-06-06_09-46-45_000.jpg.1.png / val_Average = 122.8380	val_Variance = 66.4508	sd = 8.1517	max = 160	min = 0
[20190606_111057 / lib_ip.py:3836] len(Hs) = 8100, len(Ss) = 8100, len(Vs) = 8100
[20190606_111057 / lib_ip.py:3869] yellow : variance --> out of range (variance = 66.451 / upper = 0.650 / lower = 0.000)
[20190606_111057 / lib_ip.py:3753] file = img.20190606_111056.2019-06-06_09-46-45_000.jpg.1.png / val_Average = 122.8380	val_Variance = 66.4508	sd = 8.1517	max = 160	min = 0
[20190606_111057 / lib_ip.py:3936] len(Hs) = 8100, len(Ss) = 8100, len(Vs) = 8100
[20190606_111057 / lib_ip.py:3982] red : variance --> out of range (variance = 66.451 / upper = 0.430 / lower = 0.000)
[20190606_111057 / lib_ip.py:3753] file = img.20190606_111056.2019-06-06_09-46-45_000.jpg.1.png / val_Average = 122.8380	val_Variance = 66.4508	sd = 8.1517	max = 160	min = 0
[20190606_111057 / lib_ip.py:4052] len(Hs) = 8100, len(Ss) = 8100, len(Vs) = 8100
[20190606_111057 / lib_ip.py:4099] green : variance --> out of range (variance = 66.451 / upper = 0.760 / lower = 0.000)
[20190606_111057 / lib_ip.py:3753] file = img.20190606_111056.2019-06-06_09-46-45_000.jpg.1.png / val_Average = 122.8380	val_Variance = 66.4508	sd = 8.1517	max = 160	min = 0
[20190606_111057 / lib_ip.py:4169] len(Hs) = 8100, len(Ss) = 8100, len(Vs) = 8100
[20190606_111057 / lib_ip.py:4208] blue : variance --> out of range (variance = 66.451 / upper = 0.930 / lower = 0.010)
[20190606_111057 / lib_ip.py:3753] file = img.20190606_111056.2019-06-06_09-46-45_000.jpg.1.png / val_Average = 122.8380	val_Variance = 66.4508	sd = 8.1517	max = 160	min = 0
[20190606_111057 / lib_ip.py:4275] len(Hs) = 8100, len(Ss) = 8100, len(Vs) = 8100
[20190606_111058 / lib_ip.py:4314] pink : variance --> out of range (variance = 66.451 / upper = 0.750 / lower = 0.030)
[20190606_111058 / lib_ip.py:3753] file = img.20190606_111056.2019-06-06_09-46-45_000.jpg.1.png / val_Average = 122.8380	val_Variance = 66.4508	sd = 8.1517	max = 160	min = 0
[20190606_111058 / lib_ip.py:4378] len(Hs) = 8100, len(Ss) = 8100, len(Vs) = 8100
[20190606_111058 / lib_ip.py:4422] black : variance --> out of range (variance = 66.451 / upper = 0.000 / lower = 0.000)
[20190606_111058 / lib_ip.py:4593] file : img.20190606_111056.2019-06-06_09-46-45_000.jpg.1.png 0 (black : variance --> out of range (variance = 66.451 / upper = 0.000 / lower = 0.000))
[20190606_111058 / lib_ip.py:2274] inspecting ===> img.20190606_111056.2019-06-06_09-46-45_000.jpg.2.png
[20190606_111058 / lib_ip.py:4505] 
img.20190606_111056.2019-06-06_09-46-45_000.jpg.2.png 1 ---------------------
[20190606_111058 / lib_ip.py:3753] file = img.20190606_111056.2019-06-06_09-46-45_000.jpg.2.png / val_Average = 11.7638	val_Variance = 0.2377	sd = 0.4875	max = 13	min = 9
[20190606_111058 / lib_ip.py:3836] len(Hs) = 8100, len(Ss) = 8100, len(Vs) = 8100
[20190606_111058 / lib_ip.py:3891] yellow : average --> out of range (average = 11.764 / upper = 99.200 / lower = 85.500)
[20190606_111058 / lib_ip.py:3753] file = img.20190606_111056.2019-06-06_09-46-45_000.jpg.2.png / val_Average = 11.7638	val_Variance = 0.2377	sd = 0.4875	max = 13	min = 9
[20190606_111058 / lib_ip.py:3936] len(Hs) = 8100, len(Ss) = 8100, len(Vs) = 8100
[20190606_111058 / lib_ip.py:4007] red : average --> out of range (average = 11.764 / upper = 124.600 / lower = 115.000)
[20190606_111058 / lib_ip.py:3753] file = img.20190606_111056.2019-06-06_09-46-45_000.jpg.2.png / val_Average = 11.7638	val_Variance = 0.2377	sd = 0.4875	max = 13	min = 9
[20190606_111058 / lib_ip.py:4052] len(Hs) = 8100, len(Ss) = 8100, len(Vs) = 8100
[20190606_111058 / lib_ip.py:4124] green : average --> out of range (average = 11.764 / upper = 85.000 / lower = 58.000)
[20190606_111058 / lib_ip.py:3753] file = img.20190606_111056.2019-06-06_09-46-45_000.jpg.2.png / val_Average = 11.7638	val_Variance = 0.2377	sd = 0.4875	max = 13	min = 9
[20190606_111058 / lib_ip.py:4169] len(Hs) = 8100, len(Ss) = 8100, len(Vs) = 8100
[20190606_111058 / lib_ip.py:2274] inspecting ===> img.20190606_111056.2019-06-06_09-46-45_000.jpg.3.png
[20190606_111059 / lib_ip.py:4505] 
img.20190606_111056.2019-06-06_09-46-45_000.jpg.3.png 2 ---------------------
[20190606_111059 / lib_ip.py:3753] file = img.20190606_111056.2019-06-06_09-46-45_000.jpg.3.png / val_Average = 110.5657	val_Variance = 5.2116	sd = 2.2829	max = 118	min = 105
[20190606_111059 / lib_ip.py:3836] len(Hs) = 8100, len(Ss) = 8100, len(Vs) = 8100
[20190606_111059 / lib_ip.py:3869] yellow : variance --> out of range (variance = 5.212 / upper = 0.650 / lower = 0.000)
[20190606_111059 / lib_ip.py:3753] file = img.20190606_111056.2019-06-06_09-46-45_000.jpg.3.png / val_Average = 110.5657	val_Variance = 5.2116	sd = 2.2829	max = 118	min = 105
[20190606_111059 / lib_ip.py:3936] len(Hs) = 8100, len(Ss) = 8100, len(Vs) = 8100
[20190606_111059 / lib_ip.py:3982] red : variance --> out of range (variance = 5.212 / upper = 0.430 / lower = 0.000)
[20190606_111059 / lib_ip.py:3753] file = img.20190606_111056.2019-06-06_09-46-45_000.jpg.3.png / val_Average = 110.5657	val_Variance = 5.2116	sd = 2.2829	max = 118	min = 105
[20190606_111059 / lib_ip.py:4052] len(Hs) = 8100, len(Ss) = 8100, len(Vs) = 8100
[20190606_111059 / lib_ip.py:4099] green : variance --> out of range (variance = 5.212 / upper = 0.760 / lower = 0.000)
[20190606_111059 / lib_ip.py:3753] file = img.20190606_111056.2019-06-06_09-46-45_000.jpg.3.png / val_Average = 110.5657	val_Variance = 5.2116	sd = 2.2829	max = 118	min = 105
[20190606_111100 / lib_ip.py:4169] len(Hs) = 8100, len(Ss) = 8100, len(Vs) = 8100
[20190606_111100 / lib_ip.py:4208] blue : variance --> out of range (variance = 5.212 / upper = 0.930 / lower = 0.010)
[20190606_111100 / lib_ip.py:3753] file = img.20190606_111056.2019-06-06_09-46-45_000.jpg.3.png / val_Average = 110.5657	val_Variance = 5.2116	sd = 2.2829	max = 118	min = 105
[20190606_111100 / lib_ip.py:4275] len(Hs) = 8100, len(Ss) = 8100, len(Vs) = 8100
[20190606_111100 / lib_ip.py:4314] pink : variance --> out of range (variance = 5.212 / upper = 0.750 / lower = 0.030)
[20190606_111100 / lib_ip.py:3753] file = img.20190606_111056.2019-06-06_09-46-45_000.jpg.3.png / val_Average = 110.5657	val_Variance = 5.2116	sd = 2.2829	max = 118	min = 105
[20190606_111100 / lib_ip.py:4378] len(Hs) = 8100, len(Ss) = 8100, len(Vs) = 8100
[20190606_111100 / lib_ip.py:4422] black : variance --> out of range (variance = 5.212 / upper = 0.000 / lower = 0.000)
[20190606_111100 / lib_ip.py:4593] file : img.20190606_111056.2019-06-06_09-46-45_000.jpg.3.png 2 (black : variance --> out of range (variance = 5.212 / upper = 0.000 / lower = 0.000))
[20190606_111100 / lib_ip.py:2274] inspecting ===> img.20190606_111056.2019-06-06_09-46-45_000.jpg.4.png
[20190606_111100 / lib_ip.py:4505] 
img.20190606_111056.2019-06-06_09-46-45_000.jpg.4.png 3 ---------------------
[20190606_111100 / lib_ip.py:3753] file = img.20190606_111056.2019-06-06_09-46-45_000.jpg.4.png / val_Average = 12.7962	val_Variance = 0.2386	sd = 0.4884	max = 15	min = 11
[20190606_111100 / lib_ip.py:3836] len(Hs) = 8100, len(Ss) = 8100, len(Vs) = 8100
[20190606_111100 / lib_ip.py:3891] yellow : average --> out of range (average = 12.796 / upper = 99.200 / lower = 85.500)
[20190606_111101 / lib_ip.py:3753] file = img.20190606_111056.2019-06-06_09-46-45_000.jpg.4.png / val_Average = 12.7962	val_Variance = 0.2386	sd = 0.4884	max = 15	min = 11
[20190606_111101 / lib_ip.py:3936] len(Hs) = 8100, len(Ss) = 8100, len(Vs) = 8100
[20190606_111101 / lib_ip.py:4007] red : average --> out of range (average = 12.796 / upper = 124.600 / lower = 115.000)
[20190606_111101 / lib_ip.py:3753] file = img.20190606_111056.2019-06-06_09-46-45_000.jpg.4.png / val_Average = 12.7962	val_Variance = 0.2386	sd = 0.4884	max = 15	min = 11
[20190606_111101 / lib_ip.py:4052] len(Hs) = 8100, len(Ss) = 8100, len(Vs) = 8100
[20190606_111101 / lib_ip.py:4124] green : average --> out of range (average = 12.796 / upper = 85.000 / lower = 58.000)
[20190606_111101 / lib_ip.py:3753] file = img.20190606_111056.2019-06-06_09-46-45_000.jpg.4.png / val_Average = 12.7962	val_Variance = 0.2386	sd = 0.4884	max = 15	min = 11
[20190606_111101 / lib_ip.py:4169] len(Hs) = 8100, len(Ss) = 8100, len(Vs) = 8100
[20190606_111100 / lib_ip.py:2274] inspecting ===> img.20190606_111056.2019-06-06_09-46-45_000.jpg.4.png
img.20190606_111056.2019-06-06_09-46-45_000.jpg.1.png => other
img.20190606_111056.2019-06-06_09-46-45_000.jpg.2.png => other
img.20190606_111056.2019-06-06_09-46-45_000.jpg.3.png => other
img.20190606_111056.2019-06-06_09-46-45_000.jpg.4.png => other
[20190606_111101 lib_ip.py:3301] =============== Get 4 corners
dpath_Images = C:\WORKS_2\WS\WS_Others.Art\JVEMV6\46_art\VIRTUAL\Admin_Projects\ip\images
fname_Image = img.20190606_111056.2019-06-06_09-46-45_000.jpg.4.png

[20190606_111102 / lib_ip.py:2274] inspecting ===> img.20190606_111102.2019-06-06_09-47-03_000.jpg.1.png
[20190606_111102 / lib_ip.py:4505] 
img.20190606_111102.2019-06-06_09-47-03_000.jpg.1.png 0 ---------------------
[20190606_111103 / lib_ip.py:3753] file = img.20190606_111102.2019-06-06_09-47-03_000.jpg.1.png / val_Average = 133.9606	val_Variance = 385.9368	sd = 19.6453	max = 168	min = 0
[20190606_111103 / lib_ip.py:3836] len(Hs) = 8100, len(Ss) = 8100, len(Vs) = 8100
[20190606_111103 / lib_ip.py:3869] yellow : variance --> out of range (variance = 385.937 / upper = 0.650 / lower = 0.000)
[20190606_111103 / lib_ip.py:3753] file = img.20190606_111102.2019-06-06_09-47-03_000.jpg.1.png / val_Average = 133.9606	val_Variance = 385.9368	sd = 19.6453	max = 168	min = 0
[20190606_111103 / lib_ip.py:3936] len(Hs) = 8100, len(Ss) = 8100, len(Vs) = 8100
[20190606_111103 / lib_ip.py:3982] red : variance --> out of range (variance = 385.937 / upper = 0.430 / lower = 0.000)
[20190606_111103 / lib_ip.py:3753] file = img.20190606_111102.2019-06-06_09-47-03_000.jpg.1.png / val_Average = 133.9606	val_Variance = 385.9368	sd = 19.6453	max = 168	min = 0
[20190606_111103 / lib_ip.py:4052] len(Hs) = 8100, len(Ss) = 8100, len(Vs) = 8100
[20190606_111103 / lib_ip.py:4099] green : variance --> out of range (variance = 385.937 / upper = 0.760 / lower = 0.000)
[20190606_111103 / lib_ip.py:3753] file = img.20190606_111102.2019-06-06_09-47-03_000.jpg.1.png / val_Average = 133.9606	val_Variance = 385.9368	sd = 19.6453	max = 168	min = 0
[20190606_111103 / lib_ip.py:4169] len(Hs) = 8100, len(Ss) = 8100, len(Vs) = 8100
[20190606_111103 / lib_ip.py:4208] blue : variance --> out of range (variance = 385.937 / upper = 0.930 / lower = 0.010)
[20190606_111103 / lib_ip.py:3753] file = img.20190606_111102.2019-06-06_09-47-03_000.jpg.1.png / val_Average = 133.9606	val_Variance = 385.9368	sd = 19.6453	max = 168	min = 0
[20190606_111103 / lib_ip.py:4275] len(Hs) = 8100, len(Ss) = 8100, len(Vs) = 8100
[20190606_111103 / lib_ip.py:4314] pink : variance --> out of range (variance = 385.937 / upper = 0.750 / lower = 0.030)
[20190606_111103 / lib_ip.py:3753] file = img.20190606_111102.2019-06-06_09-47-03_000.jpg.1.png / val_Average = 133.9606	val_Variance = 385.9368	sd = 19.6453	max = 168	min = 0
[20190606_111104 / lib_ip.py:4378] len(Hs) = 8100, len(Ss) = 8100, len(Vs) = 8100
[20190606_111104 / lib_ip.py:4422] black : variance --> out of range (variance = 385.937 / upper = 0.000 / lower = 0.000)
[20190606_111104 / lib_ip.py:4593] file : img.20190606_111102.2019-06-06_09-47-03_000.jpg.1.png 0 (black : variance --> out of range (variance = 385.937 / upper = 0.000 / lower = 0.000))
[20190606_111104 / lib_ip.py:2274] inspecting ===> img.20190606_111102.2019-06-06_09-47-03_000.jpg.2.png
[20190606_111104 / lib_ip.py:4505] 
img.20190606_111102.2019-06-06_09-47-03_000.jpg.2.png 1 ---------------------
[20190606_111104 / lib_ip.py:3753] file = img.20190606_111102.2019-06-06_09-47-03_000.jpg.2.png / val_Average = 11.8867	val_Variance = 0.2553	sd = 0.5053	max = 13	min = 9
[20190606_111104 / lib_ip.py:3836] len(Hs) = 8100, len(Ss) = 8100, len(Vs) = 8100
[20190606_111104 / lib_ip.py:3891] yellow : average --> out of range (average = 11.887 / upper = 99.200 / lower = 85.500)
[20190606_111104 / lib_ip.py:3753] file = img.20190606_111102.2019-06-06_09-47-03_000.jpg.2.png / val_Average = 11.8867	val_Variance = 0.2553	sd = 0.5053	max = 13	min = 9
[20190606_111104 / lib_ip.py:3936] len(Hs) = 8100, len(Ss) = 8100, len(Vs) = 8100
[20190606_111105 / lib_ip.py:4007] red : average --> out of range (average = 11.887 / upper = 124.600 / lower = 115.000)
[20190606_111105 / lib_ip.py:3753] file = img.20190606_111102.2019-06-06_09-47-03_000.jpg.2.png / val_Average = 11.8867	val_Variance = 0.2553	sd = 0.5053	max = 13	min = 9
[20190606_111105 / lib_ip.py:4052] len(Hs) = 8100, len(Ss) = 8100, len(Vs) = 8100
[20190606_111105 / lib_ip.py:4124] green : average --> out of range (average = 11.887 / upper = 85.000 / lower = 58.000)
[20190606_111105 / lib_ip.py:3753] file = img.20190606_111102.2019-06-06_09-47-03_000.jpg.2.png / val_Average = 11.8867	val_Variance = 0.2553	sd = 0.5053	max = 13	min = 9
[20190606_111105 / lib_ip.py:4169] len(Hs) = 8100, len(Ss) = 8100, len(Vs) = 8100
[20190606_111105 / lib_ip.py:2274] inspecting ===> img.20190606_111102.2019-06-06_09-47-03_000.jpg.3.png
[20190606_111105 / lib_ip.py:4505] 
img.20190606_111102.2019-06-06_09-47-03_000.jpg.3.png 2 ---------------------
[20190606_111105 / lib_ip.py:3753] file = img.20190606_111102.2019-06-06_09-47-03_000.jpg.3.png / val_Average = 109.5502	val_Variance = 5.3255	sd = 2.3077	max = 123	min = 103
[20190606_111105 / lib_ip.py:3836] len(Hs) = 8100, len(Ss) = 8100, len(Vs) = 8100
[20190606_111105 / lib_ip.py:3869] yellow : variance --> out of range (variance = 5.325 / upper = 0.650 / lower = 0.000)
[20190606_111105 / lib_ip.py:3753] file = img.20190606_111102.2019-06-06_09-47-03_000.jpg.3.png / val_Average = 109.5502	val_Variance = 5.3255	sd = 2.3077	max = 123	min = 103
[20190606_111105 / lib_ip.py:3936] len(Hs) = 8100, len(Ss) = 8100, len(Vs) = 8100
[20190606_111106 / lib_ip.py:3982] red : variance --> out of range (variance = 5.325 / upper = 0.430 / lower = 0.000)
[20190606_111106 / lib_ip.py:3753] file = img.20190606_111102.2019-06-06_09-47-03_000.jpg.3.png / val_Average = 109.5502	val_Variance = 5.3255	sd = 2.3077	max = 123	min = 103
[20190606_111106 / lib_ip.py:4052] len(Hs) = 8100, len(Ss) = 8100, len(Vs) = 8100
[20190606_111106 / lib_ip.py:4099] green : variance --> out of range (variance = 5.325 / upper = 0.760 / lower = 0.000)
[20190606_111106 / lib_ip.py:3753] file = img.20190606_111102.2019-06-06_09-47-03_000.jpg.3.png / val_Average = 109.5502	val_Variance = 5.3255	sd = 2.3077	max = 123	min = 103
[20190606_111106 / lib_ip.py:4169] len(Hs) = 8100, len(Ss) = 8100, len(Vs) = 8100
[20190606_111106 / lib_ip.py:4208] blue : variance --> out of range (variance = 5.325 / upper = 0.930 / lower = 0.010)
[20190606_111106 / lib_ip.py:3753] file = img.20190606_111102.2019-06-06_09-47-03_000.jpg.3.png / val_Average = 109.5502	val_Variance = 5.3255	sd = 2.3077	max = 123	min = 103
[20190606_111106 / lib_ip.py:4275] len(Hs) = 8100, len(Ss) = 8100, len(Vs) = 8100
[20190606_111106 / lib_ip.py:4314] pink : variance --> out of range (variance = 5.325 / upper = 0.750 / lower = 0.030)
[20190606_111106 / lib_ip.py:3753] file = img.20190606_111102.2019-06-06_09-47-03_000.jpg.3.png / val_Average = 109.5502	val_Variance = 5.3255	sd = 2.3077	max = 123	min = 103
[20190606_111106 / lib_ip.py:4378] len(Hs) = 8100, len(Ss) = 8100, len(Vs) = 8100
[20190606_111106 / lib_ip.py:4422] black : variance --> out of range (variance = 5.325 / upper = 0.000 / lower = 0.000)
[20190606_111106 / lib_ip.py:4593] file : img.20190606_111102.2019-06-06_09-47-03_000.jpg.3.png 2 (black : variance --> out of range (variance = 5.325 / upper = 0.000 / lower = 0.000))
[20190606_111106 / lib_ip.py:2274] inspecting ===> img.20190606_111102.2019-06-06_09-47-03_000.jpg.4.png
[20190606_111107 / lib_ip.py:4505] 
img.20190606_111102.2019-06-06_09-47-03_000.jpg.4.png 3 ---------------------
[20190606_111107 / lib_ip.py:3753] file = img.20190606_111102.2019-06-06_09-47-03_000.jpg.4.png / val_Average = 12.6685	val_Variance = 0.2332	sd = 0.4829	max = 14	min = 11
[20190606_111107 / lib_ip.py:3836] len(Hs) = 8100, len(Ss) = 8100, len(Vs) = 8100
[20190606_111107 / lib_ip.py:3891] yellow : average --> out of range (average = 12.669 / upper = 99.200 / lower = 85.500)
[20190606_111107 / lib_ip.py:3753] file = img.20190606_111102.2019-06-06_09-47-03_000.jpg.4.png / val_Average = 12.6685	val_Variance = 0.2332	sd = 0.4829	max = 14	min = 11
[20190606_111107 / lib_ip.py:3936] len(Hs) = 8100, len(Ss) = 8100, len(Vs) = 8100
[20190606_111107 / lib_ip.py:4007] red : average --> out of range (average = 12.669 / upper = 124.600 / lower = 115.000)
[20190606_111107 / lib_ip.py:3753] file = img.20190606_111102.2019-06-06_09-47-03_000.jpg.4.png / val_Average = 12.6685	val_Variance = 0.2332	sd = 0.4829	max = 14	min = 11
[20190606_111107 / lib_ip.py:4052] len(Hs) = 8100, len(Ss) = 8100, len(Vs) = 8100
[20190606_111107 / lib_ip.py:4124] green : average --> out of range (average = 12.669 / upper = 85.000 / lower = 58.000)
[20190606_111107 / lib_ip.py:3753] file = img.20190606_111102.2019-06-06_09-47-03_000.jpg.4.png / val_Average = 12.6685	val_Variance = 0.2332	sd = 0.4829	max = 14	min = 11
[20190606_111107 / lib_ip.py:4169] len(Hs) = 8100, len(Ss) = 8100, len(Vs) = 8100
[20190606_111106 / lib_ip.py:2274] inspecting ===> img.20190606_111102.2019-06-06_09-47-03_000.jpg.4.png
img.20190606_111102.2019-06-06_09-47-03_000.jpg.1.png => other
img.20190606_111102.2019-06-06_09-47-03_000.jpg.2.png => other
img.20190606_111102.2019-06-06_09-47-03_000.jpg.3.png => other
img.20190606_111102.2019-06-06_09-47-03_000.jpg.4.png => other
[20190606_111107 lib_ip.py:3301] =============== Get 4 corners
dpath_Images = C:\WORKS_2\WS\WS_Others.Art\JVEMV6\46_art\VIRTUAL\Admin_Projects\ip\images
fname_Image = img.20190606_111102.2019-06-06_09-47-03_000.jpg.4.png

[20190606_111108 / lib_ip.py:2274] inspecting ===> img.20190606_111108.2019-06-06_10-41-01_000.jpg.1.png
[20190606_111108 / lib_ip.py:4505] 
img.20190606_111108.2019-06-06_10-41-01_000.jpg.1.png 0 ---------------------
[20190606_111108 / lib_ip.py:3753] file = img.20190606_111108.2019-06-06_10-41-01_000.jpg.1.png / val_Average = 73.9807	val_Variance = 0.0502	sd = 0.2242	max = 75	min = 73
[20190606_111108 / lib_ip.py:3836] len(Hs) = 8100, len(Ss) = 8100, len(Vs) = 8100
[20190606_111108 / lib_ip.py:3891] yellow : average --> out of range (average = 73.981 / upper = 99.200 / lower = 85.500)
[20190606_111108 / lib_ip.py:3753] file = img.20190606_111108.2019-06-06_10-41-01_000.jpg.1.png / val_Average = 73.9807	val_Variance = 0.0502	sd = 0.2242	max = 75	min = 73
[20190606_111108 / lib_ip.py:3936] len(Hs) = 8100, len(Ss) = 8100, len(Vs) = 8100
[20190606_111108 / lib_ip.py:4007] red : average --> out of range (average = 73.981 / upper = 124.600 / lower = 115.000)
[20190606_111109 / lib_ip.py:3753] file = img.20190606_111108.2019-06-06_10-41-01_000.jpg.1.png / val_Average = 73.9807	val_Variance = 0.0502	sd = 0.2242	max = 75	min = 73
[20190606_111109 / lib_ip.py:4052] len(Hs) = 8100, len(Ss) = 8100, len(Vs) = 8100
[20190606_111109 / lib_ip.py:2274] inspecting ===> img.20190606_111108.2019-06-06_10-41-01_000.jpg.2.png
[20190606_111109 / lib_ip.py:4505] 
img.20190606_111108.2019-06-06_10-41-01_000.jpg.2.png 1 ---------------------
[20190606_111109 / lib_ip.py:3753] file = img.20190606_111108.2019-06-06_10-41-01_000.jpg.2.png / val_Average = 109.7174	val_Variance = 3.3413	sd = 1.8279	max = 116	min = 104
[20190606_111109 / lib_ip.py:3836] len(Hs) = 8100, len(Ss) = 8100, len(Vs) = 8100
[20190606_111109 / lib_ip.py:3869] yellow : variance --> out of range (variance = 3.341 / upper = 0.650 / lower = 0.000)
[20190606_111109 / lib_ip.py:3753] file = img.20190606_111108.2019-06-06_10-41-01_000.jpg.2.png / val_Average = 109.7174	val_Variance = 3.3413	sd = 1.8279	max = 116	min = 104
[20190606_111109 / lib_ip.py:3936] len(Hs) = 8100, len(Ss) = 8100, len(Vs) = 8100
[20190606_111109 / lib_ip.py:3982] red : variance --> out of range (variance = 3.341 / upper = 0.430 / lower = 0.000)
[20190606_111109 / lib_ip.py:3753] file = img.20190606_111108.2019-06-06_10-41-01_000.jpg.2.png / val_Average = 109.7174	val_Variance = 3.3413	sd = 1.8279	max = 116	min = 104
[20190606_111109 / lib_ip.py:4052] len(Hs) = 8100, len(Ss) = 8100, len(Vs) = 8100
[20190606_111110 / lib_ip.py:4099] green : variance --> out of range (variance = 3.341 / upper = 0.760 / lower = 0.000)
[20190606_111110 / lib_ip.py:3753] file = img.20190606_111108.2019-06-06_10-41-01_000.jpg.2.png / val_Average = 109.7174	val_Variance = 3.3413	sd = 1.8279	max = 116	min = 104
[20190606_111110 / lib_ip.py:4169] len(Hs) = 8100, len(Ss) = 8100, len(Vs) = 8100
[20190606_111110 / lib_ip.py:4208] blue : variance --> out of range (variance = 3.341 / upper = 0.930 / lower = 0.010)
[20190606_111110 / lib_ip.py:3753] file = img.20190606_111108.2019-06-06_10-41-01_000.jpg.2.png / val_Average = 109.7174	val_Variance = 3.3413	sd = 1.8279	max = 116	min = 104
[20190606_111110 / lib_ip.py:4275] len(Hs) = 8100, len(Ss) = 8100, len(Vs) = 8100
[20190606_111110 / lib_ip.py:4314] pink : variance --> out of range (variance = 3.341 / upper = 0.750 / lower = 0.030)
[20190606_111110 / lib_ip.py:3753] file = img.20190606_111108.2019-06-06_10-41-01_000.jpg.2.png / val_Average = 109.7174	val_Variance = 3.3413	sd = 1.8279	max = 116	min = 104
[20190606_111110 / lib_ip.py:4378] len(Hs) = 8100, len(Ss) = 8100, len(Vs) = 8100
[20190606_111110 / lib_ip.py:4422] black : variance --> out of range (variance = 3.341 / upper = 0.000 / lower = 0.000)
[20190606_111110 / lib_ip.py:4593] file : img.20190606_111108.2019-06-06_10-41-01_000.jpg.2.png 1 (black : variance --> out of range (variance = 3.341 / upper = 0.000 / lower = 0.000))
[20190606_111110 / lib_ip.py:2274] inspecting ===> img.20190606_111108.2019-06-06_10-41-01_000.jpg.3.png
[20190606_111110 / lib_ip.py:4505] 
img.20190606_111108.2019-06-06_10-41-01_000.jpg.3.png 2 ---------------------
[20190606_111110 / lib_ip.py:3753] file = img.20190606_111108.2019-06-06_10-41-01_000.jpg.3.png / val_Average = 75.4800	val_Variance = 0.2533	sd = 0.5033	max = 76	min = 74
[20190606_111110 / lib_ip.py:3836] len(Hs) = 8100, len(Ss) = 8100, len(Vs) = 8100
[20190606_111110 / lib_ip.py:3891] yellow : average --> out of range (average = 75.480 / upper = 99.200 / lower = 85.500)
[20190606_111111 / lib_ip.py:3753] file = img.20190606_111108.2019-06-06_10-41-01_000.jpg.3.png / val_Average = 75.4800	val_Variance = 0.2533	sd = 0.5033	max = 76	min = 74
[20190606_111111 / lib_ip.py:3936] len(Hs) = 8100, len(Ss) = 8100, len(Vs) = 8100
[20190606_111111 / lib_ip.py:4007] red : average --> out of range (average = 75.480 / upper = 124.600 / lower = 115.000)
[20190606_111111 / lib_ip.py:3753] file = img.20190606_111108.2019-06-06_10-41-01_000.jpg.3.png / val_Average = 75.4800	val_Variance = 0.2533	sd = 0.5033	max = 76	min = 74
[20190606_111111 / lib_ip.py:4052] len(Hs) = 8100, len(Ss) = 8100, len(Vs) = 8100
[20190606_111111 / lib_ip.py:2274] inspecting ===> img.20190606_111108.2019-06-06_10-41-01_000.jpg.4.png
[20190606_111111 / lib_ip.py:4505] 
img.20190606_111108.2019-06-06_10-41-01_000.jpg.4.png 3 ---------------------
[20190606_111111 / lib_ip.py:3753] file = img.20190606_111108.2019-06-06_10-41-01_000.jpg.4.png / val_Average = 89.1479	val_Variance = 325.2786	sd = 18.0355	max = 135	min = 0
[20190606_111111 / lib_ip.py:3836] len(Hs) = 8100, len(Ss) = 8100, len(Vs) = 8100
[20190606_111111 / lib_ip.py:3869] yellow : variance --> out of range (variance = 325.279 / upper = 0.650 / lower = 0.000)
[20190606_111111 / lib_ip.py:3753] file = img.20190606_111108.2019-06-06_10-41-01_000.jpg.4.png / val_Average = 89.1479	val_Variance = 325.2786	sd = 18.0355	max = 135	min = 0
[20190606_111111 / lib_ip.py:3936] len(Hs) = 8100, len(Ss) = 8100, len(Vs) = 8100
[20190606_111111 / lib_ip.py:3982] red : variance --> out of range (variance = 325.279 / upper = 0.430 / lower = 0.000)
[20190606_111111 / lib_ip.py:3753] file = img.20190606_111108.2019-06-06_10-41-01_000.jpg.4.png / val_Average = 89.1479	val_Variance = 325.2786	sd = 18.0355	max = 135	min = 0
[20190606_111111 / lib_ip.py:4052] len(Hs) = 8100, len(Ss) = 8100, len(Vs) = 8100
[20190606_111111 / lib_ip.py:4099] green : variance --> out of range (variance = 325.279 / upper = 0.760 / lower = 0.000)
[20190606_111112 / lib_ip.py:3753] file = img.20190606_111108.2019-06-06_10-41-01_000.jpg.4.png / val_Average = 89.1479	val_Variance = 325.2786	sd = 18.0355	max = 135	min = 0
[20190606_111112 / lib_ip.py:4169] len(Hs) = 8100, len(Ss) = 8100, len(Vs) = 8100
[20190606_111112 / lib_ip.py:4208] blue : variance --> out of range (variance = 325.279 / upper = 0.930 / lower = 0.010)
[20190606_111112 / lib_ip.py:3753] file = img.20190606_111108.2019-06-06_10-41-01_000.jpg.4.png / val_Average = 89.1479	val_Variance = 325.2786	sd = 18.0355	max = 135	min = 0
[20190606_111112 / lib_ip.py:4275] len(Hs) = 8100, len(Ss) = 8100, len(Vs) = 8100
[20190606_111112 / lib_ip.py:4314] pink : variance --> out of range (variance = 325.279 / upper = 0.750 / lower = 0.030)
[20190606_111112 / lib_ip.py:3753] file = img.20190606_111108.2019-06-06_10-41-01_000.jpg.4.png / val_Average = 89.1479	val_Variance = 325.2786	sd = 18.0355	max = 135	min = 0
[20190606_111112 / lib_ip.py:4378] len(Hs) = 8100, len(Ss) = 8100, len(Vs) = 8100
[20190606_111112 / lib_ip.py:4422] black : variance --> out of range (variance = 325.279 / upper = 0.000 / lower = 0.000)
[20190606_111112 / lib_ip.py:4593] file : img.20190606_111108.2019-06-06_10-41-01_000.jpg.4.png 3 (black : variance --> out of range (variance = 325.279 / upper = 0.000 / lower = 0.000))
[20190606_111111 / lib_ip.py:2274] inspecting ===> img.20190606_111108.2019-06-06_10-41-01_000.jpg.4.png
img.20190606_111108.2019-06-06_10-41-01_000.jpg.1.png => other
img.20190606_111108.2019-06-06_10-41-01_000.jpg.2.png => other
img.20190606_111108.2019-06-06_10-41-01_000.jpg.3.png => other
img.20190606_111108.2019-06-06_10-41-01_000.jpg.4.png => other
[20190606_111112 lib_ip.py:3301] =============== Get 4 corners
dpath_Images = C:\WORKS_2\WS\WS_Others.Art\JVEMV6\46_art\VIRTUAL\Admin_Projects\ip\images
fname_Image = img.20190606_111108.2019-06-06_10-41-01_000.jpg.4.png

[20190606_111112 / views.py:1411] gen csv => complete (20190606_111112)(elapsed = 68.300 sec / 10 files / 6.830 sec per file)
1)	2019-06-05_13-46-16_000.jpg => 	green green other other 
2)	2019-06-05_14-38-17_000.jpg => 	other yellow other other 
3)	2019-06-05_20-49-29_000.jpg => 	yellow other other other 
4)	2019-06-06_03-57-06_000.png => 	other other other other 
5)	2019-06-06_09-14-45_000.jpg => 	other other other other 
6)	2019-06-06_09-45-58_000.jpg => 	blue blue other other 
7)	2019-06-06_09-46-26_000.jpg => 	blue blue other other 
8)	2019-06-06_09-46-45_000.jpg => 	other blue other blue 
9)	2019-06-06_09-47-03_000.jpg => 	other blue other blue 
10)	2019-06-06_10-41-01_000.jpg => 	green other green other 
[20190606_111112 / views.py:1753] lo_ColorName_Set__Modified_2 =>
1)	2019-06-05_13-46-16_000.jpg => 	g g o o 
2)	2019-06-05_14-38-17_000.jpg => 	o o o y 
3)	2019-06-05_20-49-29_000.jpg => 	o o o y 
4)	2019-06-06_03-57-06_000.png => 	o o o o 
5)	2019-06-06_09-14-45_000.jpg => 	o o o o 
6)	2019-06-06_09-45-58_000.jpg => 	b b o o 
7)	2019-06-06_09-46-26_000.jpg => 	b b o o 
8)	2019-06-06_09-46-45_000.jpg => 	b b o o 
9)	2019-06-06_09-47-03_000.jpg => 	b b o o 
10)	2019-06-06_10-41-01_000.jpg => 	g g o o 
[20190606_111113 / lib_ip.py:4789] no key 'GPSInfo' for file : C:\WORKS_2\WS\WS_Others.Art\JVEMV6\46_art\VIRTUAL\Admin_Projects\ip\images\2019-06-06_03-57-06_000.png
[20190606_111113 / views.py:1839] gen_Cake_CSV(request) ==> ending... =======================//

