[20190612_094002 / views.py:1822] gen_Cake_CSV(request) ==> starting... =======================
[20190612_094004 / lib_ip.py:2274] inspecting ===> img.20190612_094004.2019-06-11_10-40-48_000.jpg.1.png
[20190612_094004 / lib_ip.py:4505] 
img.20190612_094004.2019-06-11_10-40-48_000.jpg.1.png 0 ---------------------
[20190612_094004 / lib_ip.py:3753] file = img.20190612_094004.2019-06-11_10-40-48_000.jpg.1.png / val_Average = 75.2599	val_Variance = 0.2039	sd = 0.4516	max = 76	min = 74
[20190612_094005 / lib_ip.py:3836] len(Hs) = 8100, len(Ss) = 8100, len(Vs) = 8100
[20190612_094005 / lib_ip.py:3891] yellow : average --> out of range (average = 75.260 / upper = 99.200 / lower = 85.500)
[20190612_094005 / lib_ip.py:3753] file = img.20190612_094004.2019-06-11_10-40-48_000.jpg.1.png / val_Average = 75.2599	val_Variance = 0.2039	sd = 0.4516	max = 76	min = 74
[20190612_094005 / lib_ip.py:3936] len(Hs) = 8100, len(Ss) = 8100, len(Vs) = 8100
[20190612_094005 / lib_ip.py:4007] red : average --> out of range (average = 75.260 / upper = 124.600 / lower = 115.000)
[20190612_094005 / lib_ip.py:3753] file = img.20190612_094004.2019-06-11_10-40-48_000.jpg.1.png / val_Average = 75.2599	val_Variance = 0.2039	sd = 0.4516	max = 76	min = 74
[20190612_094005 / lib_ip.py:4052] len(Hs) = 8100, len(Ss) = 8100, len(Vs) = 8100
[20190612_094005 / lib_ip.py:2274] inspecting ===> img.20190612_094004.2019-06-11_10-40-48_000.jpg.2.png
[20190612_094005 / lib_ip.py:4505] 
img.20190612_094004.2019-06-11_10-40-48_000.jpg.2.png 1 ---------------------
[20190612_094005 / lib_ip.py:3753] file = img.20190612_094004.2019-06-11_10-40-48_000.jpg.2.png / val_Average = 106.5306	val_Variance = 142.7863	sd = 11.9493	max = 162	min = 0
[20190612_094005 / lib_ip.py:3836] len(Hs) = 8100, len(Ss) = 8100, len(Vs) = 8100
[20190612_094005 / lib_ip.py:3869] yellow : variance --> out of range (variance = 142.786 / upper = 0.650 / lower = 0.000)
[20190612_094005 / lib_ip.py:3753] file = img.20190612_094004.2019-06-11_10-40-48_000.jpg.2.png / val_Average = 106.5306	val_Variance = 142.7863	sd = 11.9493	max = 162	min = 0
[20190612_094005 / lib_ip.py:3936] len(Hs) = 8100, len(Ss) = 8100, len(Vs) = 8100
[20190612_094005 / lib_ip.py:3982] red : variance --> out of range (variance = 142.786 / upper = 0.430 / lower = 0.000)
[20190612_094006 / lib_ip.py:3753] file = img.20190612_094004.2019-06-11_10-40-48_000.jpg.2.png / val_Average = 106.5306	val_Variance = 142.7863	sd = 11.9493	max = 162	min = 0
[20190612_094006 / lib_ip.py:4052] len(Hs) = 8100, len(Ss) = 8100, len(Vs) = 8100
[20190612_094006 / lib_ip.py:4099] green : variance --> out of range (variance = 142.786 / upper = 0.760 / lower = 0.000)
[20190612_094006 / lib_ip.py:3753] file = img.20190612_094004.2019-06-11_10-40-48_000.jpg.2.png / val_Average = 106.5306	val_Variance = 142.7863	sd = 11.9493	max = 162	min = 0
[20190612_094006 / lib_ip.py:4169] len(Hs) = 8100, len(Ss) = 8100, len(Vs) = 8100
[20190612_094006 / lib_ip.py:4208] blue : variance --> out of range (variance = 142.786 / upper = 0.930 / lower = 0.010)
[20190612_094006 / lib_ip.py:3753] file = img.20190612_094004.2019-06-11_10-40-48_000.jpg.2.png / val_Average = 106.5306	val_Variance = 142.7863	sd = 11.9493	max = 162	min = 0
[20190612_094006 / lib_ip.py:4275] len(Hs) = 8100, len(Ss) = 8100, len(Vs) = 8100
[20190612_094006 / lib_ip.py:4314] pink : variance --> out of range (variance = 142.786 / upper = 0.750 / lower = 0.030)
[20190612_094006 / lib_ip.py:3753] file = img.20190612_094004.2019-06-11_10-40-48_000.jpg.2.png / val_Average = 106.5306	val_Variance = 142.7863	sd = 11.9493	max = 162	min = 0
[20190612_094006 / lib_ip.py:4378] len(Hs) = 8100, len(Ss) = 8100, len(Vs) = 8100
[20190612_094006 / lib_ip.py:4422] black : variance --> out of range (variance = 142.786 / upper = 0.000 / lower = 0.000)
[20190612_094006 / lib_ip.py:4593] file : img.20190612_094004.2019-06-11_10-40-48_000.jpg.2.png 1 (black : variance --> out of range (variance = 142.786 / upper = 0.000 / lower = 0.000))
[20190612_094006 / lib_ip.py:2274] inspecting ===> img.20190612_094004.2019-06-11_10-40-48_000.jpg.3.png
[20190612_094006 / lib_ip.py:4505] 
img.20190612_094004.2019-06-11_10-40-48_000.jpg.3.png 2 ---------------------
[20190612_094007 / lib_ip.py:3753] file = img.20190612_094004.2019-06-11_10-40-48_000.jpg.3.png / val_Average = 76.0046	val_Variance = 0.0766	sd = 0.2768	max = 77	min = 75
[20190612_094007 / lib_ip.py:3836] len(Hs) = 8100, len(Ss) = 8100, len(Vs) = 8100
[20190612_094007 / lib_ip.py:3891] yellow : average --> out of range (average = 76.005 / upper = 99.200 / lower = 85.500)
[20190612_094007 / lib_ip.py:3753] file = img.20190612_094004.2019-06-11_10-40-48_000.jpg.3.png / val_Average = 76.0046	val_Variance = 0.0766	sd = 0.2768	max = 77	min = 75
[20190612_094007 / lib_ip.py:3936] len(Hs) = 8100, len(Ss) = 8100, len(Vs) = 8100
[20190612_094007 / lib_ip.py:4007] red : average --> out of range (average = 76.005 / upper = 124.600 / lower = 115.000)
[20190612_094007 / lib_ip.py:3753] file = img.20190612_094004.2019-06-11_10-40-48_000.jpg.3.png / val_Average = 76.0046	val_Variance = 0.0766	sd = 0.2768	max = 77	min = 75
[20190612_094007 / lib_ip.py:4052] len(Hs) = 8100, len(Ss) = 8100, len(Vs) = 8100
[20190612_094007 / lib_ip.py:2274] inspecting ===> img.20190612_094004.2019-06-11_10-40-48_000.jpg.4.png
[20190612_094008 / lib_ip.py:4505] 
img.20190612_094004.2019-06-11_10-40-48_000.jpg.4.png 3 ---------------------
[20190612_094008 / lib_ip.py:3753] file = img.20190612_094004.2019-06-11_10-40-48_000.jpg.4.png / val_Average = 40.9370	val_Variance = 247.3420	sd = 15.7271	max = 90	min = 0
[20190612_094008 / lib_ip.py:3836] len(Hs) = 8100, len(Ss) = 8100, len(Vs) = 8100
[20190612_094008 / lib_ip.py:3869] yellow : variance --> out of range (variance = 247.342 / upper = 0.650 / lower = 0.000)
[20190612_094008 / lib_ip.py:3753] file = img.20190612_094004.2019-06-11_10-40-48_000.jpg.4.png / val_Average = 40.9370	val_Variance = 247.3420	sd = 15.7271	max = 90	min = 0
[20190612_094008 / lib_ip.py:3936] len(Hs) = 8100, len(Ss) = 8100, len(Vs) = 8100
[20190612_094008 / lib_ip.py:3982] red : variance --> out of range (variance = 247.342 / upper = 0.430 / lower = 0.000)
[20190612_094008 / lib_ip.py:3753] file = img.20190612_094004.2019-06-11_10-40-48_000.jpg.4.png / val_Average = 40.9370	val_Variance = 247.3420	sd = 15.7271	max = 90	min = 0
[20190612_094008 / lib_ip.py:4052] len(Hs) = 8100, len(Ss) = 8100, len(Vs) = 8100
[20190612_094008 / lib_ip.py:4099] green : variance --> out of range (variance = 247.342 / upper = 0.760 / lower = 0.000)
[20190612_094008 / lib_ip.py:3753] file = img.20190612_094004.2019-06-11_10-40-48_000.jpg.4.png / val_Average = 40.9370	val_Variance = 247.3420	sd = 15.7271	max = 90	min = 0
[20190612_094008 / lib_ip.py:4169] len(Hs) = 8100, len(Ss) = 8100, len(Vs) = 8100
[20190612_094008 / lib_ip.py:4208] blue : variance --> out of range (variance = 247.342 / upper = 0.930 / lower = 0.010)
[20190612_094008 / lib_ip.py:3753] file = img.20190612_094004.2019-06-11_10-40-48_000.jpg.4.png / val_Average = 40.9370	val_Variance = 247.3420	sd = 15.7271	max = 90	min = 0
[20190612_094008 / lib_ip.py:4275] len(Hs) = 8100, len(Ss) = 8100, len(Vs) = 8100
[20190612_094008 / lib_ip.py:4314] pink : variance --> out of range (variance = 247.342 / upper = 0.750 / lower = 0.030)
[20190612_094009 / lib_ip.py:3753] file = img.20190612_094004.2019-06-11_10-40-48_000.jpg.4.png / val_Average = 40.9370	val_Variance = 247.3420	sd = 15.7271	max = 90	min = 0
[20190612_094009 / lib_ip.py:4378] len(Hs) = 8100, len(Ss) = 8100, len(Vs) = 8100
[20190612_094009 / lib_ip.py:4422] black : variance --> out of range (variance = 247.342 / upper = 0.000 / lower = 0.000)
[20190612_094009 / lib_ip.py:4593] file : img.20190612_094004.2019-06-11_10-40-48_000.jpg.4.png 3 (black : variance --> out of range (variance = 247.342 / upper = 0.000 / lower = 0.000))
[20190612_094007 / lib_ip.py:2274] inspecting ===> img.20190612_094004.2019-06-11_10-40-48_000.jpg.4.png
img.20190612_094004.2019-06-11_10-40-48_000.jpg.1.png => other
img.20190612_094004.2019-06-11_10-40-48_000.jpg.2.png => other
img.20190612_094004.2019-06-11_10-40-48_000.jpg.3.png => other
img.20190612_094004.2019-06-11_10-40-48_000.jpg.4.png => other
[20190612_094009 lib_ip.py:3301] =============== Get 4 corners
dpath_Images = C:\WORKS_2\WS\WS_Others.Art\JVEMV6\46_art\VIRTUAL\Admin_Projects\ip\images
fname_Image = img.20190612_094004.2019-06-11_10-40-48_000.jpg.4.png

[20190612_094010 / lib_ip.py:2274] inspecting ===> img.20190612_094010.2019-06-11_11-54-19_000.jpg.1.png
[20190612_094010 / lib_ip.py:4505] 
img.20190612_094010.2019-06-11_11-54-19_000.jpg.1.png 0 ---------------------
[20190612_094010 / lib_ip.py:3753] file = img.20190612_094010.2019-06-11_11-54-19_000.jpg.1.png / val_Average = 106.5901	val_Variance = 1.4434	sd = 1.2014	max = 113	min = 102
[20190612_094010 / lib_ip.py:3836] len(Hs) = 8100, len(Ss) = 8100, len(Vs) = 8100
[20190612_094010 / lib_ip.py:3869] yellow : variance --> out of range (variance = 1.443 / upper = 0.650 / lower = 0.000)
[20190612_094011 / lib_ip.py:3753] file = img.20190612_094010.2019-06-11_11-54-19_000.jpg.1.png / val_Average = 106.5901	val_Variance = 1.4434	sd = 1.2014	max = 113	min = 102
[20190612_094011 / lib_ip.py:3936] len(Hs) = 8100, len(Ss) = 8100, len(Vs) = 8100
[20190612_094011 / lib_ip.py:3982] red : variance --> out of range (variance = 1.443 / upper = 0.430 / lower = 0.000)
[20190612_094011 / lib_ip.py:3753] file = img.20190612_094010.2019-06-11_11-54-19_000.jpg.1.png / val_Average = 106.5901	val_Variance = 1.4434	sd = 1.2014	max = 113	min = 102
[20190612_094011 / lib_ip.py:4052] len(Hs) = 8100, len(Ss) = 8100, len(Vs) = 8100
[20190612_094011 / lib_ip.py:4099] green : variance --> out of range (variance = 1.443 / upper = 0.760 / lower = 0.000)
[20190612_094011 / lib_ip.py:3753] file = img.20190612_094010.2019-06-11_11-54-19_000.jpg.1.png / val_Average = 106.5901	val_Variance = 1.4434	sd = 1.2014	max = 113	min = 102
[20190612_094011 / lib_ip.py:4169] len(Hs) = 8100, len(Ss) = 8100, len(Vs) = 8100
[20190612_094011 / lib_ip.py:4208] blue : variance --> out of range (variance = 1.443 / upper = 0.930 / lower = 0.010)
[20190612_094011 / lib_ip.py:3753] file = img.20190612_094010.2019-06-11_11-54-19_000.jpg.1.png / val_Average = 106.5901	val_Variance = 1.4434	sd = 1.2014	max = 113	min = 102
[20190612_094011 / lib_ip.py:4275] len(Hs) = 8100, len(Ss) = 8100, len(Vs) = 8100
[20190612_094011 / lib_ip.py:4314] pink : variance --> out of range (variance = 1.443 / upper = 0.750 / lower = 0.030)
[20190612_094012 / lib_ip.py:3753] file = img.20190612_094010.2019-06-11_11-54-19_000.jpg.1.png / val_Average = 106.5901	val_Variance = 1.4434	sd = 1.2014	max = 113	min = 102
[20190612_094012 / lib_ip.py:4378] len(Hs) = 8100, len(Ss) = 8100, len(Vs) = 8100
[20190612_094012 / lib_ip.py:4422] black : variance --> out of range (variance = 1.443 / upper = 0.000 / lower = 0.000)
[20190612_094012 / lib_ip.py:4593] file : img.20190612_094010.2019-06-11_11-54-19_000.jpg.1.png 0 (black : variance --> out of range (variance = 1.443 / upper = 0.000 / lower = 0.000))
[20190612_094012 / lib_ip.py:2274] inspecting ===> img.20190612_094010.2019-06-11_11-54-19_000.jpg.2.png
[20190612_094013 / lib_ip.py:4505] 
img.20190612_094010.2019-06-11_11-54-19_000.jpg.2.png 1 ---------------------
[20190612_094013 / lib_ip.py:3753] file = img.20190612_094010.2019-06-11_11-54-19_000.jpg.2.png / val_Average = 107.0144	val_Variance = 9.6150	sd = 3.1008	max = 118	min = 94
[20190612_094013 / lib_ip.py:3836] len(Hs) = 8100, len(Ss) = 8100, len(Vs) = 8100
[20190612_094013 / lib_ip.py:3869] yellow : variance --> out of range (variance = 9.615 / upper = 0.650 / lower = 0.000)
[20190612_094013 / lib_ip.py:3753] file = img.20190612_094010.2019-06-11_11-54-19_000.jpg.2.png / val_Average = 107.0144	val_Variance = 9.6150	sd = 3.1008	max = 118	min = 94
[20190612_094013 / lib_ip.py:3936] len(Hs) = 8100, len(Ss) = 8100, len(Vs) = 8100
[20190612_094013 / lib_ip.py:3982] red : variance --> out of range (variance = 9.615 / upper = 0.430 / lower = 0.000)
[20190612_094013 / lib_ip.py:3753] file = img.20190612_094010.2019-06-11_11-54-19_000.jpg.2.png / val_Average = 107.0144	val_Variance = 9.6150	sd = 3.1008	max = 118	min = 94
[20190612_094013 / lib_ip.py:4052] len(Hs) = 8100, len(Ss) = 8100, len(Vs) = 8100
[20190612_094013 / lib_ip.py:4099] green : variance --> out of range (variance = 9.615 / upper = 0.760 / lower = 0.000)
[20190612_094014 / lib_ip.py:3753] file = img.20190612_094010.2019-06-11_11-54-19_000.jpg.2.png / val_Average = 107.0144	val_Variance = 9.6150	sd = 3.1008	max = 118	min = 94
[20190612_094014 / lib_ip.py:4169] len(Hs) = 8100, len(Ss) = 8100, len(Vs) = 8100
[20190612_094014 / lib_ip.py:4208] blue : variance --> out of range (variance = 9.615 / upper = 0.930 / lower = 0.010)
[20190612_094014 / lib_ip.py:3753] file = img.20190612_094010.2019-06-11_11-54-19_000.jpg.2.png / val_Average = 107.0144	val_Variance = 9.6150	sd = 3.1008	max = 118	min = 94
[20190612_094014 / lib_ip.py:4275] len(Hs) = 8100, len(Ss) = 8100, len(Vs) = 8100
[20190612_094014 / lib_ip.py:4314] pink : variance --> out of range (variance = 9.615 / upper = 0.750 / lower = 0.030)
[20190612_094014 / lib_ip.py:3753] file = img.20190612_094010.2019-06-11_11-54-19_000.jpg.2.png / val_Average = 107.0144	val_Variance = 9.6150	sd = 3.1008	max = 118	min = 94
[20190612_094014 / lib_ip.py:4378] len(Hs) = 8100, len(Ss) = 8100, len(Vs) = 8100
[20190612_094014 / lib_ip.py:4422] black : variance --> out of range (variance = 9.615 / upper = 0.000 / lower = 0.000)
[20190612_094014 / lib_ip.py:4593] file : img.20190612_094010.2019-06-11_11-54-19_000.jpg.2.png 1 (black : variance --> out of range (variance = 9.615 / upper = 0.000 / lower = 0.000))
[20190612_094014 / lib_ip.py:2274] inspecting ===> img.20190612_094010.2019-06-11_11-54-19_000.jpg.3.png
[20190612_094015 / lib_ip.py:4505] 
img.20190612_094010.2019-06-11_11-54-19_000.jpg.3.png 2 ---------------------
[20190612_094015 / lib_ip.py:3753] file = img.20190612_094010.2019-06-11_11-54-19_000.jpg.3.png / val_Average = 93.5084	val_Variance = 0.2499	sd = 0.4999	max = 94	min = 93
[20190612_094015 / lib_ip.py:3836] len(Hs) = 8100, len(Ss) = 8100, len(Vs) = 8100
[20190612_094015 / lib_ip.py:2274] inspecting ===> img.20190612_094010.2019-06-11_11-54-19_000.jpg.4.png
[20190612_094015 / lib_ip.py:4505] 
img.20190612_094010.2019-06-11_11-54-19_000.jpg.4.png 3 ---------------------
[20190612_094015 / lib_ip.py:3753] file = img.20190612_094010.2019-06-11_11-54-19_000.jpg.4.png / val_Average = 82.0481	val_Variance = 860.6058	sd = 29.3361	max = 135	min = 0
[20190612_094015 / lib_ip.py:3836] len(Hs) = 8100, len(Ss) = 8100, len(Vs) = 8100
[20190612_094016 / lib_ip.py:3869] yellow : variance --> out of range (variance = 860.606 / upper = 0.650 / lower = 0.000)
[20190612_094016 / lib_ip.py:3753] file = img.20190612_094010.2019-06-11_11-54-19_000.jpg.4.png / val_Average = 82.0481	val_Variance = 860.6058	sd = 29.3361	max = 135	min = 0
[20190612_094016 / lib_ip.py:3936] len(Hs) = 8100, len(Ss) = 8100, len(Vs) = 8100
[20190612_094016 / lib_ip.py:3982] red : variance --> out of range (variance = 860.606 / upper = 0.430 / lower = 0.000)
[20190612_094016 / lib_ip.py:3753] file = img.20190612_094010.2019-06-11_11-54-19_000.jpg.4.png / val_Average = 82.0481	val_Variance = 860.6058	sd = 29.3361	max = 135	min = 0
[20190612_094016 / lib_ip.py:4052] len(Hs) = 8100, len(Ss) = 8100, len(Vs) = 8100
[20190612_094016 / lib_ip.py:4099] green : variance --> out of range (variance = 860.606 / upper = 0.760 / lower = 0.000)
[20190612_094016 / lib_ip.py:3753] file = img.20190612_094010.2019-06-11_11-54-19_000.jpg.4.png / val_Average = 82.0481	val_Variance = 860.6058	sd = 29.3361	max = 135	min = 0
[20190612_094016 / lib_ip.py:4169] len(Hs) = 8100, len(Ss) = 8100, len(Vs) = 8100
[20190612_094016 / lib_ip.py:4208] blue : variance --> out of range (variance = 860.606 / upper = 0.930 / lower = 0.010)
[20190612_094017 / lib_ip.py:3753] file = img.20190612_094010.2019-06-11_11-54-19_000.jpg.4.png / val_Average = 82.0481	val_Variance = 860.6058	sd = 29.3361	max = 135	min = 0
[20190612_094017 / lib_ip.py:4275] len(Hs) = 8100, len(Ss) = 8100, len(Vs) = 8100
[20190612_094017 / lib_ip.py:4314] pink : variance --> out of range (variance = 860.606 / upper = 0.750 / lower = 0.030)
[20190612_094017 / lib_ip.py:3753] file = img.20190612_094010.2019-06-11_11-54-19_000.jpg.4.png / val_Average = 82.0481	val_Variance = 860.6058	sd = 29.3361	max = 135	min = 0
[20190612_094017 / lib_ip.py:4378] len(Hs) = 8100, len(Ss) = 8100, len(Vs) = 8100
[20190612_094017 / lib_ip.py:4422] black : variance --> out of range (variance = 860.606 / upper = 0.000 / lower = 0.000)
[20190612_094017 / lib_ip.py:4593] file : img.20190612_094010.2019-06-11_11-54-19_000.jpg.4.png 3 (black : variance --> out of range (variance = 860.606 / upper = 0.000 / lower = 0.000))
[20190612_094015 / lib_ip.py:2274] inspecting ===> img.20190612_094010.2019-06-11_11-54-19_000.jpg.4.png
img.20190612_094010.2019-06-11_11-54-19_000.jpg.1.png => other
img.20190612_094010.2019-06-11_11-54-19_000.jpg.2.png => other
img.20190612_094010.2019-06-11_11-54-19_000.jpg.3.png => other
img.20190612_094010.2019-06-11_11-54-19_000.jpg.4.png => other
[20190612_094017 lib_ip.py:3301] =============== Get 4 corners
dpath_Images = C:\WORKS_2\WS\WS_Others.Art\JVEMV6\46_art\VIRTUAL\Admin_Projects\ip\images
fname_Image = img.20190612_094010.2019-06-11_11-54-19_000.jpg.4.png

[20190612_094018 / lib_ip.py:2274] inspecting ===> img.20190612_094017.2019-06-12_02-11-32_000.jpg.1.png
[20190612_094018 / lib_ip.py:4505] 
img.20190612_094017.2019-06-12_02-11-32_000.jpg.1.png 0 ---------------------
[20190612_094018 / lib_ip.py:3753] file = img.20190612_094017.2019-06-12_02-11-32_000.jpg.1.png / val_Average = 25.6867	val_Variance = 2175.8482	sd = 46.6460	max = 175	min = 0
[20190612_094018 / lib_ip.py:3836] len(Hs) = 8100, len(Ss) = 8100, len(Vs) = 8100
[20190612_094019 / lib_ip.py:3869] yellow : variance --> out of range (variance = 2175.848 / upper = 0.650 / lower = 0.000)
[20190612_094019 / lib_ip.py:3753] file = img.20190612_094017.2019-06-12_02-11-32_000.jpg.1.png / val_Average = 25.6867	val_Variance = 2175.8482	sd = 46.6460	max = 175	min = 0
[20190612_094019 / lib_ip.py:3936] len(Hs) = 8100, len(Ss) = 8100, len(Vs) = 8100
[20190612_094019 / lib_ip.py:3982] red : variance --> out of range (variance = 2175.848 / upper = 0.430 / lower = 0.000)
[20190612_094019 / lib_ip.py:3753] file = img.20190612_094017.2019-06-12_02-11-32_000.jpg.1.png / val_Average = 25.6867	val_Variance = 2175.8482	sd = 46.6460	max = 175	min = 0
[20190612_094019 / lib_ip.py:4052] len(Hs) = 8100, len(Ss) = 8100, len(Vs) = 8100
[20190612_094019 / lib_ip.py:4099] green : variance --> out of range (variance = 2175.848 / upper = 0.760 / lower = 0.000)
[20190612_094019 / lib_ip.py:3753] file = img.20190612_094017.2019-06-12_02-11-32_000.jpg.1.png / val_Average = 25.6867	val_Variance = 2175.8482	sd = 46.6460	max = 175	min = 0
[20190612_094019 / lib_ip.py:4169] len(Hs) = 8100, len(Ss) = 8100, len(Vs) = 8100
[20190612_094019 / lib_ip.py:4208] blue : variance --> out of range (variance = 2175.848 / upper = 0.930 / lower = 0.010)
[20190612_094019 / lib_ip.py:3753] file = img.20190612_094017.2019-06-12_02-11-32_000.jpg.1.png / val_Average = 25.6867	val_Variance = 2175.8482	sd = 46.6460	max = 175	min = 0
[20190612_094019 / lib_ip.py:4275] len(Hs) = 8100, len(Ss) = 8100, len(Vs) = 8100
[20190612_094020 / lib_ip.py:4314] pink : variance --> out of range (variance = 2175.848 / upper = 0.750 / lower = 0.030)
[20190612_094020 / lib_ip.py:3753] file = img.20190612_094017.2019-06-12_02-11-32_000.jpg.1.png / val_Average = 25.6867	val_Variance = 2175.8482	sd = 46.6460	max = 175	min = 0
[20190612_094020 / lib_ip.py:4378] len(Hs) = 8100, len(Ss) = 8100, len(Vs) = 8100
[20190612_094020 / lib_ip.py:4422] black : variance --> out of range (variance = 2175.848 / upper = 0.000 / lower = 0.000)
[20190612_094020 / lib_ip.py:4593] file : img.20190612_094017.2019-06-12_02-11-32_000.jpg.1.png 0 (black : variance --> out of range (variance = 2175.848 / upper = 0.000 / lower = 0.000))
[20190612_094020 / lib_ip.py:2274] inspecting ===> img.20190612_094017.2019-06-12_02-11-32_000.jpg.2.png
[20190612_094020 / lib_ip.py:4505] 
img.20190612_094017.2019-06-12_02-11-32_000.jpg.2.png 1 ---------------------
[20190612_094021 / lib_ip.py:3753] file = img.20190612_094017.2019-06-12_02-11-32_000.jpg.2.png / val_Average = 54.5610	val_Variance = 5567.5685	sd = 74.6161	max = 176	min = 0
[20190612_094021 / lib_ip.py:3836] len(Hs) = 8100, len(Ss) = 8100, len(Vs) = 8100
[20190612_094021 / lib_ip.py:3869] yellow : variance --> out of range (variance = 5567.569 / upper = 0.650 / lower = 0.000)
[20190612_094021 / lib_ip.py:3753] file = img.20190612_094017.2019-06-12_02-11-32_000.jpg.2.png / val_Average = 54.5610	val_Variance = 5567.5685	sd = 74.6161	max = 176	min = 0
[20190612_094021 / lib_ip.py:3936] len(Hs) = 8100, len(Ss) = 8100, len(Vs) = 8100
[20190612_094021 / lib_ip.py:3982] red : variance --> out of range (variance = 5567.569 / upper = 0.430 / lower = 0.000)
[20190612_094021 / lib_ip.py:3753] file = img.20190612_094017.2019-06-12_02-11-32_000.jpg.2.png / val_Average = 54.5610	val_Variance = 5567.5685	sd = 74.6161	max = 176	min = 0
[20190612_094021 / lib_ip.py:4052] len(Hs) = 8100, len(Ss) = 8100, len(Vs) = 8100
[20190612_094021 / lib_ip.py:4099] green : variance --> out of range (variance = 5567.569 / upper = 0.760 / lower = 0.000)
[20190612_094022 / lib_ip.py:3753] file = img.20190612_094017.2019-06-12_02-11-32_000.jpg.2.png / val_Average = 54.5610	val_Variance = 5567.5685	sd = 74.6161	max = 176	min = 0
[20190612_094022 / lib_ip.py:4169] len(Hs) = 8100, len(Ss) = 8100, len(Vs) = 8100
[20190612_094022 / lib_ip.py:4208] blue : variance --> out of range (variance = 5567.569 / upper = 0.930 / lower = 0.010)
[20190612_094022 / lib_ip.py:3753] file = img.20190612_094017.2019-06-12_02-11-32_000.jpg.2.png / val_Average = 54.5610	val_Variance = 5567.5685	sd = 74.6161	max = 176	min = 0
[20190612_094022 / lib_ip.py:4275] len(Hs) = 8100, len(Ss) = 8100, len(Vs) = 8100
[20190612_094022 / lib_ip.py:4314] pink : variance --> out of range (variance = 5567.569 / upper = 0.750 / lower = 0.030)
[20190612_094022 / lib_ip.py:3753] file = img.20190612_094017.2019-06-12_02-11-32_000.jpg.2.png / val_Average = 54.5610	val_Variance = 5567.5685	sd = 74.6161	max = 176	min = 0
[20190612_094022 / lib_ip.py:4378] len(Hs) = 8100, len(Ss) = 8100, len(Vs) = 8100
[20190612_094022 / lib_ip.py:4422] black : variance --> out of range (variance = 5567.569 / upper = 0.000 / lower = 0.000)
[20190612_094022 / lib_ip.py:4593] file : img.20190612_094017.2019-06-12_02-11-32_000.jpg.2.png 1 (black : variance --> out of range (variance = 5567.569 / upper = 0.000 / lower = 0.000))
[20190612_094022 / lib_ip.py:2274] inspecting ===> img.20190612_094017.2019-06-12_02-11-32_000.jpg.3.png
[20190612_094022 / lib_ip.py:4505] 
img.20190612_094017.2019-06-12_02-11-32_000.jpg.3.png 2 ---------------------
[20190612_094023 / lib_ip.py:3753] file = img.20190612_094017.2019-06-12_02-11-32_000.jpg.3.png / val_Average = 105.8448	val_Variance = 8.1630	sd = 2.8571	max = 118	min = 98
[20190612_094023 / lib_ip.py:3836] len(Hs) = 8100, len(Ss) = 8100, len(Vs) = 8100
[20190612_094023 / lib_ip.py:3869] yellow : variance --> out of range (variance = 8.163 / upper = 0.650 / lower = 0.000)
[20190612_094023 / lib_ip.py:3753] file = img.20190612_094017.2019-06-12_02-11-32_000.jpg.3.png / val_Average = 105.8448	val_Variance = 8.1630	sd = 2.8571	max = 118	min = 98
[20190612_094023 / lib_ip.py:3936] len(Hs) = 8100, len(Ss) = 8100, len(Vs) = 8100
[20190612_094023 / lib_ip.py:3982] red : variance --> out of range (variance = 8.163 / upper = 0.430 / lower = 0.000)
[20190612_094023 / lib_ip.py:3753] file = img.20190612_094017.2019-06-12_02-11-32_000.jpg.3.png / val_Average = 105.8448	val_Variance = 8.1630	sd = 2.8571	max = 118	min = 98
[20190612_094023 / lib_ip.py:4052] len(Hs) = 8100, len(Ss) = 8100, len(Vs) = 8100
[20190612_094023 / lib_ip.py:4099] green : variance --> out of range (variance = 8.163 / upper = 0.760 / lower = 0.000)
[20190612_094023 / lib_ip.py:3753] file = img.20190612_094017.2019-06-12_02-11-32_000.jpg.3.png / val_Average = 105.8448	val_Variance = 8.1630	sd = 2.8571	max = 118	min = 98
[20190612_094023 / lib_ip.py:4169] len(Hs) = 8100, len(Ss) = 8100, len(Vs) = 8100
[20190612_094023 / lib_ip.py:4208] blue : variance --> out of range (variance = 8.163 / upper = 0.930 / lower = 0.010)
[20190612_094023 / lib_ip.py:3753] file = img.20190612_094017.2019-06-12_02-11-32_000.jpg.3.png / val_Average = 105.8448	val_Variance = 8.1630	sd = 2.8571	max = 118	min = 98
[20190612_094023 / lib_ip.py:4275] len(Hs) = 8100, len(Ss) = 8100, len(Vs) = 8100
[20190612_094023 / lib_ip.py:4314] pink : variance --> out of range (variance = 8.163 / upper = 0.750 / lower = 0.030)
[20190612_094023 / lib_ip.py:3753] file = img.20190612_094017.2019-06-12_02-11-32_000.jpg.3.png / val_Average = 105.8448	val_Variance = 8.1630	sd = 2.8571	max = 118	min = 98
[20190612_094023 / lib_ip.py:4378] len(Hs) = 8100, len(Ss) = 8100, len(Vs) = 8100
[20190612_094023 / lib_ip.py:4422] black : variance --> out of range (variance = 8.163 / upper = 0.000 / lower = 0.000)
[20190612_094023 / lib_ip.py:4593] file : img.20190612_094017.2019-06-12_02-11-32_000.jpg.3.png 2 (black : variance --> out of range (variance = 8.163 / upper = 0.000 / lower = 0.000))
[20190612_094024 / lib_ip.py:2274] inspecting ===> img.20190612_094017.2019-06-12_02-11-32_000.jpg.4.png
[20190612_094024 / lib_ip.py:4505] 
img.20190612_094017.2019-06-12_02-11-32_000.jpg.4.png 3 ---------------------
[20190612_094024 / lib_ip.py:3753] file = img.20190612_094017.2019-06-12_02-11-32_000.jpg.4.png / val_Average = 43.6702	val_Variance = 179.6210	sd = 13.4023	max = 102	min = 33
[20190612_094024 / lib_ip.py:3836] len(Hs) = 8100, len(Ss) = 8100, len(Vs) = 8100
[20190612_094024 / lib_ip.py:3869] yellow : variance --> out of range (variance = 179.621 / upper = 0.650 / lower = 0.000)
[20190612_094024 / lib_ip.py:3753] file = img.20190612_094017.2019-06-12_02-11-32_000.jpg.4.png / val_Average = 43.6702	val_Variance = 179.6210	sd = 13.4023	max = 102	min = 33
[20190612_094024 / lib_ip.py:3936] len(Hs) = 8100, len(Ss) = 8100, len(Vs) = 8100
[20190612_094024 / lib_ip.py:3982] red : variance --> out of range (variance = 179.621 / upper = 0.430 / lower = 0.000)
[20190612_094024 / lib_ip.py:3753] file = img.20190612_094017.2019-06-12_02-11-32_000.jpg.4.png / val_Average = 43.6702	val_Variance = 179.6210	sd = 13.4023	max = 102	min = 33
[20190612_094024 / lib_ip.py:4052] len(Hs) = 8100, len(Ss) = 8100, len(Vs) = 8100
[20190612_094024 / lib_ip.py:4099] green : variance --> out of range (variance = 179.621 / upper = 0.760 / lower = 0.000)
[20190612_094024 / lib_ip.py:3753] file = img.20190612_094017.2019-06-12_02-11-32_000.jpg.4.png / val_Average = 43.6702	val_Variance = 179.6210	sd = 13.4023	max = 102	min = 33
[20190612_094024 / lib_ip.py:4169] len(Hs) = 8100, len(Ss) = 8100, len(Vs) = 8100
[20190612_094025 / lib_ip.py:4208] blue : variance --> out of range (variance = 179.621 / upper = 0.930 / lower = 0.010)
[20190612_094025 / lib_ip.py:3753] file = img.20190612_094017.2019-06-12_02-11-32_000.jpg.4.png / val_Average = 43.6702	val_Variance = 179.6210	sd = 13.4023	max = 102	min = 33
[20190612_094025 / lib_ip.py:4275] len(Hs) = 8100, len(Ss) = 8100, len(Vs) = 8100
[20190612_094025 / lib_ip.py:4314] pink : variance --> out of range (variance = 179.621 / upper = 0.750 / lower = 0.030)
[20190612_094025 / lib_ip.py:3753] file = img.20190612_094017.2019-06-12_02-11-32_000.jpg.4.png / val_Average = 43.6702	val_Variance = 179.6210	sd = 13.4023	max = 102	min = 33
[20190612_094025 / lib_ip.py:4378] len(Hs) = 8100, len(Ss) = 8100, len(Vs) = 8100
[20190612_094025 / lib_ip.py:4422] black : variance --> out of range (variance = 179.621 / upper = 0.000 / lower = 0.000)
[20190612_094025 / lib_ip.py:4593] file : img.20190612_094017.2019-06-12_02-11-32_000.jpg.4.png 3 (black : variance --> out of range (variance = 179.621 / upper = 0.000 / lower = 0.000))
[20190612_094024 / lib_ip.py:2274] inspecting ===> img.20190612_094017.2019-06-12_02-11-32_000.jpg.4.png
img.20190612_094017.2019-06-12_02-11-32_000.jpg.1.png => other
img.20190612_094017.2019-06-12_02-11-32_000.jpg.2.png => other
img.20190612_094017.2019-06-12_02-11-32_000.jpg.3.png => other
img.20190612_094017.2019-06-12_02-11-32_000.jpg.4.png => other
[20190612_094025 lib_ip.py:3301] =============== Get 4 corners
dpath_Images = C:\WORKS_2\WS\WS_Others.Art\JVEMV6\46_art\VIRTUAL\Admin_Projects\ip\images
fname_Image = img.20190612_094017.2019-06-12_02-11-32_000.jpg.4.png

[20190612_094026 / lib_ip.py:2274] inspecting ===> img.20190612_094025.2019-06-12_09-08-58_000.jpg.1.png
[20190612_094026 / lib_ip.py:4505] 
img.20190612_094025.2019-06-12_09-08-58_000.jpg.1.png 0 ---------------------
[20190612_094026 / lib_ip.py:3753] file = img.20190612_094025.2019-06-12_09-08-58_000.jpg.1.png / val_Average = 83.3307	val_Variance = 215.7720	sd = 14.6892	max = 135	min = 0
[20190612_094026 / lib_ip.py:3836] len(Hs) = 8100, len(Ss) = 8100, len(Vs) = 8100
[20190612_094026 / lib_ip.py:3869] yellow : variance --> out of range (variance = 215.772 / upper = 0.650 / lower = 0.000)
[20190612_094026 / lib_ip.py:3753] file = img.20190612_094025.2019-06-12_09-08-58_000.jpg.1.png / val_Average = 83.3307	val_Variance = 215.7720	sd = 14.6892	max = 135	min = 0
[20190612_094026 / lib_ip.py:3936] len(Hs) = 8100, len(Ss) = 8100, len(Vs) = 8100
[20190612_094026 / lib_ip.py:3982] red : variance --> out of range (variance = 215.772 / upper = 0.430 / lower = 0.000)
[20190612_094026 / lib_ip.py:3753] file = img.20190612_094025.2019-06-12_09-08-58_000.jpg.1.png / val_Average = 83.3307	val_Variance = 215.7720	sd = 14.6892	max = 135	min = 0
[20190612_094026 / lib_ip.py:4052] len(Hs) = 8100, len(Ss) = 8100, len(Vs) = 8100
[20190612_094026 / lib_ip.py:4099] green : variance --> out of range (variance = 215.772 / upper = 0.760 / lower = 0.000)
[20190612_094027 / lib_ip.py:3753] file = img.20190612_094025.2019-06-12_09-08-58_000.jpg.1.png / val_Average = 83.3307	val_Variance = 215.7720	sd = 14.6892	max = 135	min = 0
[20190612_094027 / lib_ip.py:4169] len(Hs) = 8100, len(Ss) = 8100, len(Vs) = 8100
[20190612_094027 / lib_ip.py:4208] blue : variance --> out of range (variance = 215.772 / upper = 0.930 / lower = 0.010)
[20190612_094027 / lib_ip.py:3753] file = img.20190612_094025.2019-06-12_09-08-58_000.jpg.1.png / val_Average = 83.3307	val_Variance = 215.7720	sd = 14.6892	max = 135	min = 0
[20190612_094027 / lib_ip.py:4275] len(Hs) = 8100, len(Ss) = 8100, len(Vs) = 8100
[20190612_094027 / lib_ip.py:4314] pink : variance --> out of range (variance = 215.772 / upper = 0.750 / lower = 0.030)
[20190612_094027 / lib_ip.py:3753] file = img.20190612_094025.2019-06-12_09-08-58_000.jpg.1.png / val_Average = 83.3307	val_Variance = 215.7720	sd = 14.6892	max = 135	min = 0
[20190612_094027 / lib_ip.py:4378] len(Hs) = 8100, len(Ss) = 8100, len(Vs) = 8100
[20190612_094027 / lib_ip.py:4422] black : variance --> out of range (variance = 215.772 / upper = 0.000 / lower = 0.000)
[20190612_094027 / lib_ip.py:4593] file : img.20190612_094025.2019-06-12_09-08-58_000.jpg.1.png 0 (black : variance --> out of range (variance = 215.772 / upper = 0.000 / lower = 0.000))
[20190612_094028 / lib_ip.py:2274] inspecting ===> img.20190612_094025.2019-06-12_09-08-58_000.jpg.2.png
[20190612_094028 / lib_ip.py:4505] 
img.20190612_094025.2019-06-12_09-08-58_000.jpg.2.png 1 ---------------------
[20190612_094028 / lib_ip.py:3753] file = img.20190612_094025.2019-06-12_09-08-58_000.jpg.2.png / val_Average = 75.6448	val_Variance = 0.2315	sd = 0.4811	max = 77	min = 75
[20190612_094028 / lib_ip.py:3836] len(Hs) = 8100, len(Ss) = 8100, len(Vs) = 8100
[20190612_094028 / lib_ip.py:3891] yellow : average --> out of range (average = 75.645 / upper = 99.200 / lower = 85.500)
[20190612_094029 / lib_ip.py:3753] file = img.20190612_094025.2019-06-12_09-08-58_000.jpg.2.png / val_Average = 75.6448	val_Variance = 0.2315	sd = 0.4811	max = 77	min = 75
[20190612_094029 / lib_ip.py:3936] len(Hs) = 8100, len(Ss) = 8100, len(Vs) = 8100
[20190612_094029 / lib_ip.py:4007] red : average --> out of range (average = 75.645 / upper = 124.600 / lower = 115.000)
[20190612_094029 / lib_ip.py:3753] file = img.20190612_094025.2019-06-12_09-08-58_000.jpg.2.png / val_Average = 75.6448	val_Variance = 0.2315	sd = 0.4811	max = 77	min = 75
[20190612_094029 / lib_ip.py:4052] len(Hs) = 8100, len(Ss) = 8100, len(Vs) = 8100
[20190612_094029 / lib_ip.py:2274] inspecting ===> img.20190612_094025.2019-06-12_09-08-58_000.jpg.3.png
[20190612_094029 / lib_ip.py:4505] 
img.20190612_094025.2019-06-12_09-08-58_000.jpg.3.png 2 ---------------------
[20190612_094029 / lib_ip.py:3753] file = img.20190612_094025.2019-06-12_09-08-58_000.jpg.3.png / val_Average = 107.3144	val_Variance = 7.6032	sd = 2.7574	max = 115	min = 99
[20190612_094029 / lib_ip.py:3836] len(Hs) = 8100, len(Ss) = 8100, len(Vs) = 8100
[20190612_094029 / lib_ip.py:3869] yellow : variance --> out of range (variance = 7.603 / upper = 0.650 / lower = 0.000)
[20190612_094029 / lib_ip.py:3753] file = img.20190612_094025.2019-06-12_09-08-58_000.jpg.3.png / val_Average = 107.3144	val_Variance = 7.6032	sd = 2.7574	max = 115	min = 99
[20190612_094029 / lib_ip.py:3936] len(Hs) = 8100, len(Ss) = 8100, len(Vs) = 8100
[20190612_094029 / lib_ip.py:3982] red : variance --> out of range (variance = 7.603 / upper = 0.430 / lower = 0.000)
[20190612_094029 / lib_ip.py:3753] file = img.20190612_094025.2019-06-12_09-08-58_000.jpg.3.png / val_Average = 107.3144	val_Variance = 7.6032	sd = 2.7574	max = 115	min = 99
[20190612_094029 / lib_ip.py:4052] len(Hs) = 8100, len(Ss) = 8100, len(Vs) = 8100
[20190612_094029 / lib_ip.py:4099] green : variance --> out of range (variance = 7.603 / upper = 0.760 / lower = 0.000)
[20190612_094029 / lib_ip.py:3753] file = img.20190612_094025.2019-06-12_09-08-58_000.jpg.3.png / val_Average = 107.3144	val_Variance = 7.6032	sd = 2.7574	max = 115	min = 99
[20190612_094029 / lib_ip.py:4169] len(Hs) = 8100, len(Ss) = 8100, len(Vs) = 8100
[20190612_094030 / lib_ip.py:4208] blue : variance --> out of range (variance = 7.603 / upper = 0.930 / lower = 0.010)
[20190612_094030 / lib_ip.py:3753] file = img.20190612_094025.2019-06-12_09-08-58_000.jpg.3.png / val_Average = 107.3144	val_Variance = 7.6032	sd = 2.7574	max = 115	min = 99
[20190612_094030 / lib_ip.py:4275] len(Hs) = 8100, len(Ss) = 8100, len(Vs) = 8100
[20190612_094030 / lib_ip.py:4314] pink : variance --> out of range (variance = 7.603 / upper = 0.750 / lower = 0.030)
[20190612_094030 / lib_ip.py:3753] file = img.20190612_094025.2019-06-12_09-08-58_000.jpg.3.png / val_Average = 107.3144	val_Variance = 7.6032	sd = 2.7574	max = 115	min = 99
[20190612_094030 / lib_ip.py:4378] len(Hs) = 8100, len(Ss) = 8100, len(Vs) = 8100
[20190612_094030 / lib_ip.py:4422] black : variance --> out of range (variance = 7.603 / upper = 0.000 / lower = 0.000)
[20190612_094030 / lib_ip.py:4593] file : img.20190612_094025.2019-06-12_09-08-58_000.jpg.3.png 2 (black : variance --> out of range (variance = 7.603 / upper = 0.000 / lower = 0.000))
[20190612_094030 / lib_ip.py:2274] inspecting ===> img.20190612_094025.2019-06-12_09-08-58_000.jpg.4.png
[20190612_094030 / lib_ip.py:4505] 
img.20190612_094025.2019-06-12_09-08-58_000.jpg.4.png 3 ---------------------
[20190612_094030 / lib_ip.py:3753] file = img.20190612_094025.2019-06-12_09-08-58_000.jpg.4.png / val_Average = 74.8989	val_Variance = 0.0939	sd = 0.3064	max = 76	min = 74
[20190612_094030 / lib_ip.py:3836] len(Hs) = 8100, len(Ss) = 8100, len(Vs) = 8100
[20190612_094030 / lib_ip.py:3891] yellow : average --> out of range (average = 74.899 / upper = 99.200 / lower = 85.500)
[20190612_094031 / lib_ip.py:3753] file = img.20190612_094025.2019-06-12_09-08-58_000.jpg.4.png / val_Average = 74.8989	val_Variance = 0.0939	sd = 0.3064	max = 76	min = 74
[20190612_094031 / lib_ip.py:3936] len(Hs) = 8100, len(Ss) = 8100, len(Vs) = 8100
[20190612_094031 / lib_ip.py:4007] red : average --> out of range (average = 74.899 / upper = 124.600 / lower = 115.000)
[20190612_094031 / lib_ip.py:3753] file = img.20190612_094025.2019-06-12_09-08-58_000.jpg.4.png / val_Average = 74.8989	val_Variance = 0.0939	sd = 0.3064	max = 76	min = 74
[20190612_094031 / lib_ip.py:4052] len(Hs) = 8100, len(Ss) = 8100, len(Vs) = 8100
[20190612_094030 / lib_ip.py:2274] inspecting ===> img.20190612_094025.2019-06-12_09-08-58_000.jpg.4.png
img.20190612_094025.2019-06-12_09-08-58_000.jpg.1.png => other
img.20190612_094025.2019-06-12_09-08-58_000.jpg.2.png => other
img.20190612_094025.2019-06-12_09-08-58_000.jpg.3.png => other
img.20190612_094025.2019-06-12_09-08-58_000.jpg.4.png => other
[20190612_094031 lib_ip.py:3301] =============== Get 4 corners
dpath_Images = C:\WORKS_2\WS\WS_Others.Art\JVEMV6\46_art\VIRTUAL\Admin_Projects\ip\images
fname_Image = img.20190612_094025.2019-06-12_09-08-58_000.jpg.4.png

[20190612_094031 / lib_ip.py:2274] inspecting ===> img.20190612_094031.2019-06-12_09-15-55_000.jpg.1.png
[20190612_094032 / lib_ip.py:4505] 
img.20190612_094031.2019-06-12_09-15-55_000.jpg.1.png 0 ---------------------
[20190612_094032 / lib_ip.py:3753] file = img.20190612_094031.2019-06-12_09-15-55_000.jpg.1.png / val_Average = 107.4883	val_Variance = 4.4412	sd = 2.1074	max = 120	min = 98
[20190612_094032 / lib_ip.py:3836] len(Hs) = 8100, len(Ss) = 8100, len(Vs) = 8100
[20190612_094032 / lib_ip.py:3869] yellow : variance --> out of range (variance = 4.441 / upper = 0.650 / lower = 0.000)
[20190612_094032 / lib_ip.py:3753] file = img.20190612_094031.2019-06-12_09-15-55_000.jpg.1.png / val_Average = 107.4883	val_Variance = 4.4412	sd = 2.1074	max = 120	min = 98
[20190612_094032 / lib_ip.py:3936] len(Hs) = 8100, len(Ss) = 8100, len(Vs) = 8100
[20190612_094032 / lib_ip.py:3982] red : variance --> out of range (variance = 4.441 / upper = 0.430 / lower = 0.000)
[20190612_094032 / lib_ip.py:3753] file = img.20190612_094031.2019-06-12_09-15-55_000.jpg.1.png / val_Average = 107.4883	val_Variance = 4.4412	sd = 2.1074	max = 120	min = 98
[20190612_094032 / lib_ip.py:4052] len(Hs) = 8100, len(Ss) = 8100, len(Vs) = 8100
[20190612_094032 / lib_ip.py:4099] green : variance --> out of range (variance = 4.441 / upper = 0.760 / lower = 0.000)
[20190612_094032 / lib_ip.py:3753] file = img.20190612_094031.2019-06-12_09-15-55_000.jpg.1.png / val_Average = 107.4883	val_Variance = 4.4412	sd = 2.1074	max = 120	min = 98
[20190612_094032 / lib_ip.py:4169] len(Hs) = 8100, len(Ss) = 8100, len(Vs) = 8100
[20190612_094032 / lib_ip.py:4208] blue : variance --> out of range (variance = 4.441 / upper = 0.930 / lower = 0.010)
[20190612_094032 / lib_ip.py:3753] file = img.20190612_094031.2019-06-12_09-15-55_000.jpg.1.png / val_Average = 107.4883	val_Variance = 4.4412	sd = 2.1074	max = 120	min = 98
[20190612_094032 / lib_ip.py:4275] len(Hs) = 8100, len(Ss) = 8100, len(Vs) = 8100
[20190612_094032 / lib_ip.py:4314] pink : variance --> out of range (variance = 4.441 / upper = 0.750 / lower = 0.030)
[20190612_094032 / lib_ip.py:3753] file = img.20190612_094031.2019-06-12_09-15-55_000.jpg.1.png / val_Average = 107.4883	val_Variance = 4.4412	sd = 2.1074	max = 120	min = 98
[20190612_094032 / lib_ip.py:4378] len(Hs) = 8100, len(Ss) = 8100, len(Vs) = 8100
[20190612_094032 / lib_ip.py:4422] black : variance --> out of range (variance = 4.441 / upper = 0.000 / lower = 0.000)
[20190612_094032 / lib_ip.py:4593] file : img.20190612_094031.2019-06-12_09-15-55_000.jpg.1.png 0 (black : variance --> out of range (variance = 4.441 / upper = 0.000 / lower = 0.000))
[20190612_094033 / lib_ip.py:2274] inspecting ===> img.20190612_094031.2019-06-12_09-15-55_000.jpg.2.png
[20190612_094033 / lib_ip.py:4505] 
img.20190612_094031.2019-06-12_09-15-55_000.jpg.2.png 1 ---------------------
[20190612_094033 / lib_ip.py:3753] file = img.20190612_094031.2019-06-12_09-15-55_000.jpg.2.png / val_Average = 76.9781	val_Variance = 0.3340	sd = 0.5779	max = 78	min = 75
[20190612_094033 / lib_ip.py:3836] len(Hs) = 8100, len(Ss) = 8100, len(Vs) = 8100
[20190612_094033 / lib_ip.py:3891] yellow : average --> out of range (average = 76.978 / upper = 99.200 / lower = 85.500)
[20190612_094033 / lib_ip.py:3753] file = img.20190612_094031.2019-06-12_09-15-55_000.jpg.2.png / val_Average = 76.9781	val_Variance = 0.3340	sd = 0.5779	max = 78	min = 75
[20190612_094033 / lib_ip.py:3936] len(Hs) = 8100, len(Ss) = 8100, len(Vs) = 8100
[20190612_094033 / lib_ip.py:4007] red : average --> out of range (average = 76.978 / upper = 124.600 / lower = 115.000)
[20190612_094033 / lib_ip.py:3753] file = img.20190612_094031.2019-06-12_09-15-55_000.jpg.2.png / val_Average = 76.9781	val_Variance = 0.3340	sd = 0.5779	max = 78	min = 75
[20190612_094033 / lib_ip.py:4052] len(Hs) = 8100, len(Ss) = 8100, len(Vs) = 8100
[20190612_094033 / lib_ip.py:2274] inspecting ===> img.20190612_094031.2019-06-12_09-15-55_000.jpg.3.png
[20190612_094034 / lib_ip.py:4505] 
img.20190612_094031.2019-06-12_09-15-55_000.jpg.3.png 2 ---------------------
[20190612_094034 / lib_ip.py:3753] file = img.20190612_094031.2019-06-12_09-15-55_000.jpg.3.png / val_Average = 111.7521	val_Variance = 8.5810	sd = 2.9293	max = 125	min = 90
[20190612_094034 / lib_ip.py:3836] len(Hs) = 8100, len(Ss) = 8100, len(Vs) = 8100
[20190612_094034 / lib_ip.py:3869] yellow : variance --> out of range (variance = 8.581 / upper = 0.650 / lower = 0.000)
[20190612_094034 / lib_ip.py:3753] file = img.20190612_094031.2019-06-12_09-15-55_000.jpg.3.png / val_Average = 111.7521	val_Variance = 8.5810	sd = 2.9293	max = 125	min = 90
[20190612_094034 / lib_ip.py:3936] len(Hs) = 8100, len(Ss) = 8100, len(Vs) = 8100
[20190612_094034 / lib_ip.py:3982] red : variance --> out of range (variance = 8.581 / upper = 0.430 / lower = 0.000)
[20190612_094034 / lib_ip.py:3753] file = img.20190612_094031.2019-06-12_09-15-55_000.jpg.3.png / val_Average = 111.7521	val_Variance = 8.5810	sd = 2.9293	max = 125	min = 90
[20190612_094034 / lib_ip.py:4052] len(Hs) = 8100, len(Ss) = 8100, len(Vs) = 8100
[20190612_094034 / lib_ip.py:4099] green : variance --> out of range (variance = 8.581 / upper = 0.760 / lower = 0.000)
[20190612_094034 / lib_ip.py:3753] file = img.20190612_094031.2019-06-12_09-15-55_000.jpg.3.png / val_Average = 111.7521	val_Variance = 8.5810	sd = 2.9293	max = 125	min = 90
[20190612_094034 / lib_ip.py:4169] len(Hs) = 8100, len(Ss) = 8100, len(Vs) = 8100
[20190612_094034 / lib_ip.py:4208] blue : variance --> out of range (variance = 8.581 / upper = 0.930 / lower = 0.010)
[20190612_094034 / lib_ip.py:3753] file = img.20190612_094031.2019-06-12_09-15-55_000.jpg.3.png / val_Average = 111.7521	val_Variance = 8.5810	sd = 2.9293	max = 125	min = 90
[20190612_094034 / lib_ip.py:4275] len(Hs) = 8100, len(Ss) = 8100, len(Vs) = 8100
[20190612_094034 / lib_ip.py:4314] pink : variance --> out of range (variance = 8.581 / upper = 0.750 / lower = 0.030)
[20190612_094034 / lib_ip.py:3753] file = img.20190612_094031.2019-06-12_09-15-55_000.jpg.3.png / val_Average = 111.7521	val_Variance = 8.5810	sd = 2.9293	max = 125	min = 90
[20190612_094034 / lib_ip.py:4378] len(Hs) = 8100, len(Ss) = 8100, len(Vs) = 8100
[20190612_094034 / lib_ip.py:4422] black : variance --> out of range (variance = 8.581 / upper = 0.000 / lower = 0.000)
[20190612_094035 / lib_ip.py:4593] file : img.20190612_094031.2019-06-12_09-15-55_000.jpg.3.png 2 (black : variance --> out of range (variance = 8.581 / upper = 0.000 / lower = 0.000))
[20190612_094035 / lib_ip.py:2274] inspecting ===> img.20190612_094031.2019-06-12_09-15-55_000.jpg.4.png
[20190612_094035 / lib_ip.py:4505] 
img.20190612_094031.2019-06-12_09-15-55_000.jpg.4.png 3 ---------------------
[20190612_094035 / lib_ip.py:3753] file = img.20190612_094031.2019-06-12_09-15-55_000.jpg.4.png / val_Average = 12.8873	val_Variance = 0.1096	sd = 0.3311	max = 14	min = 11
[20190612_094035 / lib_ip.py:3836] len(Hs) = 8100, len(Ss) = 8100, len(Vs) = 8100
[20190612_094035 / lib_ip.py:3891] yellow : average --> out of range (average = 12.887 / upper = 99.200 / lower = 85.500)
[20190612_094035 / lib_ip.py:3753] file = img.20190612_094031.2019-06-12_09-15-55_000.jpg.4.png / val_Average = 12.8873	val_Variance = 0.1096	sd = 0.3311	max = 14	min = 11
[20190612_094035 / lib_ip.py:3936] len(Hs) = 8100, len(Ss) = 8100, len(Vs) = 8100
[20190612_094035 / lib_ip.py:4007] red : average --> out of range (average = 12.887 / upper = 124.600 / lower = 115.000)
[20190612_094035 / lib_ip.py:3753] file = img.20190612_094031.2019-06-12_09-15-55_000.jpg.4.png / val_Average = 12.8873	val_Variance = 0.1096	sd = 0.3311	max = 14	min = 11
[20190612_094035 / lib_ip.py:4052] len(Hs) = 8100, len(Ss) = 8100, len(Vs) = 8100
[20190612_094035 / lib_ip.py:4124] green : average --> out of range (average = 12.887 / upper = 85.000 / lower = 58.000)
[20190612_094036 / lib_ip.py:3753] file = img.20190612_094031.2019-06-12_09-15-55_000.jpg.4.png / val_Average = 12.8873	val_Variance = 0.1096	sd = 0.3311	max = 14	min = 11
[20190612_094036 / lib_ip.py:4169] len(Hs) = 8100, len(Ss) = 8100, len(Vs) = 8100
[20190612_094035 / lib_ip.py:2274] inspecting ===> img.20190612_094031.2019-06-12_09-15-55_000.jpg.4.png
img.20190612_094031.2019-06-12_09-15-55_000.jpg.1.png => other
img.20190612_094031.2019-06-12_09-15-55_000.jpg.2.png => other
img.20190612_094031.2019-06-12_09-15-55_000.jpg.3.png => other
img.20190612_094031.2019-06-12_09-15-55_000.jpg.4.png => other
[20190612_094036 lib_ip.py:3301] =============== Get 4 corners
dpath_Images = C:\WORKS_2\WS\WS_Others.Art\JVEMV6\46_art\VIRTUAL\Admin_Projects\ip\images
fname_Image = img.20190612_094031.2019-06-12_09-15-55_000.jpg.4.png

[20190612_094036 / lib_ip.py:2274] inspecting ===> img.20190612_094036.2019-06-12_09-17-09_000.jpg.1.png
[20190612_094036 / lib_ip.py:4505] 
img.20190612_094036.2019-06-12_09-17-09_000.jpg.1.png 0 ---------------------
[20190612_094037 / lib_ip.py:3753] file = img.20190612_094036.2019-06-12_09-17-09_000.jpg.1.png / val_Average = 67.9530	val_Variance = 1591.2641	sd = 39.8907	max = 160	min = 0
[20190612_094037 / lib_ip.py:3836] len(Hs) = 8100, len(Ss) = 8100, len(Vs) = 8100
[20190612_094037 / lib_ip.py:3869] yellow : variance --> out of range (variance = 1591.264 / upper = 0.650 / lower = 0.000)
[20190612_094037 / lib_ip.py:3753] file = img.20190612_094036.2019-06-12_09-17-09_000.jpg.1.png / val_Average = 67.9530	val_Variance = 1591.2641	sd = 39.8907	max = 160	min = 0
[20190612_094037 / lib_ip.py:3936] len(Hs) = 8100, len(Ss) = 8100, len(Vs) = 8100
[20190612_094037 / lib_ip.py:3982] red : variance --> out of range (variance = 1591.264 / upper = 0.430 / lower = 0.000)
[20190612_094037 / lib_ip.py:3753] file = img.20190612_094036.2019-06-12_09-17-09_000.jpg.1.png / val_Average = 67.9530	val_Variance = 1591.2641	sd = 39.8907	max = 160	min = 0
[20190612_094037 / lib_ip.py:4052] len(Hs) = 8100, len(Ss) = 8100, len(Vs) = 8100
[20190612_094037 / lib_ip.py:4099] green : variance --> out of range (variance = 1591.264 / upper = 0.760 / lower = 0.000)
[20190612_094037 / lib_ip.py:3753] file = img.20190612_094036.2019-06-12_09-17-09_000.jpg.1.png / val_Average = 67.9530	val_Variance = 1591.2641	sd = 39.8907	max = 160	min = 0
[20190612_094037 / lib_ip.py:4169] len(Hs) = 8100, len(Ss) = 8100, len(Vs) = 8100
[20190612_094037 / lib_ip.py:4208] blue : variance --> out of range (variance = 1591.264 / upper = 0.930 / lower = 0.010)
[20190612_094037 / lib_ip.py:3753] file = img.20190612_094036.2019-06-12_09-17-09_000.jpg.1.png / val_Average = 67.9530	val_Variance = 1591.2641	sd = 39.8907	max = 160	min = 0
[20190612_094037 / lib_ip.py:4275] len(Hs) = 8100, len(Ss) = 8100, len(Vs) = 8100
[20190612_094037 / lib_ip.py:4314] pink : variance --> out of range (variance = 1591.264 / upper = 0.750 / lower = 0.030)
[20190612_094037 / lib_ip.py:3753] file = img.20190612_094036.2019-06-12_09-17-09_000.jpg.1.png / val_Average = 67.9530	val_Variance = 1591.2641	sd = 39.8907	max = 160	min = 0
[20190612_094037 / lib_ip.py:4378] len(Hs) = 8100, len(Ss) = 8100, len(Vs) = 8100
[20190612_094038 / lib_ip.py:4422] black : variance --> out of range (variance = 1591.264 / upper = 0.000 / lower = 0.000)
[20190612_094038 / lib_ip.py:4593] file : img.20190612_094036.2019-06-12_09-17-09_000.jpg.1.png 0 (black : variance --> out of range (variance = 1591.264 / upper = 0.000 / lower = 0.000))
[20190612_094038 / lib_ip.py:2274] inspecting ===> img.20190612_094036.2019-06-12_09-17-09_000.jpg.2.png
[20190612_094038 / lib_ip.py:4505] 
img.20190612_094036.2019-06-12_09-17-09_000.jpg.2.png 1 ---------------------
[20190612_094038 / lib_ip.py:3753] file = img.20190612_094036.2019-06-12_09-17-09_000.jpg.2.png / val_Average = 12.7422	val_Variance = 0.2007	sd = 0.4480	max = 14	min = 11
[20190612_094038 / lib_ip.py:3836] len(Hs) = 8100, len(Ss) = 8100, len(Vs) = 8100
[20190612_094038 / lib_ip.py:3891] yellow : average --> out of range (average = 12.742 / upper = 99.200 / lower = 85.500)
[20190612_094038 / lib_ip.py:3753] file = img.20190612_094036.2019-06-12_09-17-09_000.jpg.2.png / val_Average = 12.7422	val_Variance = 0.2007	sd = 0.4480	max = 14	min = 11
[20190612_094039 / lib_ip.py:3936] len(Hs) = 8100, len(Ss) = 8100, len(Vs) = 8100
[20190612_094039 / lib_ip.py:4007] red : average --> out of range (average = 12.742 / upper = 124.600 / lower = 115.000)
[20190612_094039 / lib_ip.py:3753] file = img.20190612_094036.2019-06-12_09-17-09_000.jpg.2.png / val_Average = 12.7422	val_Variance = 0.2007	sd = 0.4480	max = 14	min = 11
[20190612_094039 / lib_ip.py:4052] len(Hs) = 8100, len(Ss) = 8100, len(Vs) = 8100
[20190612_094039 / lib_ip.py:4124] green : average --> out of range (average = 12.742 / upper = 85.000 / lower = 58.000)
[20190612_094039 / lib_ip.py:3753] file = img.20190612_094036.2019-06-12_09-17-09_000.jpg.2.png / val_Average = 12.7422	val_Variance = 0.2007	sd = 0.4480	max = 14	min = 11
[20190612_094039 / lib_ip.py:4169] len(Hs) = 8100, len(Ss) = 8100, len(Vs) = 8100
[20190612_094039 / lib_ip.py:2274] inspecting ===> img.20190612_094036.2019-06-12_09-17-09_000.jpg.3.png
[20190612_094039 / lib_ip.py:4505] 
img.20190612_094036.2019-06-12_09-17-09_000.jpg.3.png 2 ---------------------
[20190612_094039 / lib_ip.py:3753] file = img.20190612_094036.2019-06-12_09-17-09_000.jpg.3.png / val_Average = 107.1310	val_Variance = 2.2627	sd = 1.5042	max = 113	min = 101
[20190612_094039 / lib_ip.py:3836] len(Hs) = 8100, len(Ss) = 8100, len(Vs) = 8100
[20190612_094039 / lib_ip.py:3869] yellow : variance --> out of range (variance = 2.263 / upper = 0.650 / lower = 0.000)
[20190612_094039 / lib_ip.py:3753] file = img.20190612_094036.2019-06-12_09-17-09_000.jpg.3.png / val_Average = 107.1310	val_Variance = 2.2627	sd = 1.5042	max = 113	min = 101
[20190612_094039 / lib_ip.py:3936] len(Hs) = 8100, len(Ss) = 8100, len(Vs) = 8100
[20190612_094039 / lib_ip.py:3982] red : variance --> out of range (variance = 2.263 / upper = 0.430 / lower = 0.000)
[20190612_094040 / lib_ip.py:3753] file = img.20190612_094036.2019-06-12_09-17-09_000.jpg.3.png / val_Average = 107.1310	val_Variance = 2.2627	sd = 1.5042	max = 113	min = 101
[20190612_094040 / lib_ip.py:4052] len(Hs) = 8100, len(Ss) = 8100, len(Vs) = 8100
[20190612_094040 / lib_ip.py:4099] green : variance --> out of range (variance = 2.263 / upper = 0.760 / lower = 0.000)
[20190612_094040 / lib_ip.py:3753] file = img.20190612_094036.2019-06-12_09-17-09_000.jpg.3.png / val_Average = 107.1310	val_Variance = 2.2627	sd = 1.5042	max = 113	min = 101
[20190612_094040 / lib_ip.py:4169] len(Hs) = 8100, len(Ss) = 8100, len(Vs) = 8100
[20190612_094040 / lib_ip.py:4208] blue : variance --> out of range (variance = 2.263 / upper = 0.930 / lower = 0.010)
[20190612_094040 / lib_ip.py:3753] file = img.20190612_094036.2019-06-12_09-17-09_000.jpg.3.png / val_Average = 107.1310	val_Variance = 2.2627	sd = 1.5042	max = 113	min = 101
[20190612_094040 / lib_ip.py:4275] len(Hs) = 8100, len(Ss) = 8100, len(Vs) = 8100
[20190612_094040 / lib_ip.py:4314] pink : variance --> out of range (variance = 2.263 / upper = 0.750 / lower = 0.030)
[20190612_094040 / lib_ip.py:3753] file = img.20190612_094036.2019-06-12_09-17-09_000.jpg.3.png / val_Average = 107.1310	val_Variance = 2.2627	sd = 1.5042	max = 113	min = 101
[20190612_094040 / lib_ip.py:4378] len(Hs) = 8100, len(Ss) = 8100, len(Vs) = 8100
[20190612_094040 / lib_ip.py:4422] black : variance --> out of range (variance = 2.263 / upper = 0.000 / lower = 0.000)
[20190612_094040 / lib_ip.py:4593] file : img.20190612_094036.2019-06-12_09-17-09_000.jpg.3.png 2 (black : variance --> out of range (variance = 2.263 / upper = 0.000 / lower = 0.000))
[20190612_094040 / lib_ip.py:2274] inspecting ===> img.20190612_094036.2019-06-12_09-17-09_000.jpg.4.png
[20190612_094041 / lib_ip.py:4505] 
img.20190612_094036.2019-06-12_09-17-09_000.jpg.4.png 3 ---------------------
[20190612_094041 / lib_ip.py:3753] file = img.20190612_094036.2019-06-12_09-17-09_000.jpg.4.png / val_Average = 107.7377	val_Variance = 2.7960	sd = 1.6721	max = 118	min = 99
[20190612_094041 / lib_ip.py:3836] len(Hs) = 8100, len(Ss) = 8100, len(Vs) = 8100
[20190612_094041 / lib_ip.py:3869] yellow : variance --> out of range (variance = 2.796 / upper = 0.650 / lower = 0.000)
[20190612_094041 / lib_ip.py:3753] file = img.20190612_094036.2019-06-12_09-17-09_000.jpg.4.png / val_Average = 107.7377	val_Variance = 2.7960	sd = 1.6721	max = 118	min = 99
[20190612_094041 / lib_ip.py:3936] len(Hs) = 8100, len(Ss) = 8100, len(Vs) = 8100
[20190612_094041 / lib_ip.py:3982] red : variance --> out of range (variance = 2.796 / upper = 0.430 / lower = 0.000)
[20190612_094041 / lib_ip.py:3753] file = img.20190612_094036.2019-06-12_09-17-09_000.jpg.4.png / val_Average = 107.7377	val_Variance = 2.7960	sd = 1.6721	max = 118	min = 99
[20190612_094041 / lib_ip.py:4052] len(Hs) = 8100, len(Ss) = 8100, len(Vs) = 8100
[20190612_094041 / lib_ip.py:4099] green : variance --> out of range (variance = 2.796 / upper = 0.760 / lower = 0.000)
[20190612_094041 / lib_ip.py:3753] file = img.20190612_094036.2019-06-12_09-17-09_000.jpg.4.png / val_Average = 107.7377	val_Variance = 2.7960	sd = 1.6721	max = 118	min = 99
[20190612_094041 / lib_ip.py:4169] len(Hs) = 8100, len(Ss) = 8100, len(Vs) = 8100
[20190612_094041 / lib_ip.py:4208] blue : variance --> out of range (variance = 2.796 / upper = 0.930 / lower = 0.010)
[20190612_094041 / lib_ip.py:3753] file = img.20190612_094036.2019-06-12_09-17-09_000.jpg.4.png / val_Average = 107.7377	val_Variance = 2.7960	sd = 1.6721	max = 118	min = 99
[20190612_094041 / lib_ip.py:4275] len(Hs) = 8100, len(Ss) = 8100, len(Vs) = 8100
[20190612_094041 / lib_ip.py:4314] pink : variance --> out of range (variance = 2.796 / upper = 0.750 / lower = 0.030)
[20190612_094042 / lib_ip.py:3753] file = img.20190612_094036.2019-06-12_09-17-09_000.jpg.4.png / val_Average = 107.7377	val_Variance = 2.7960	sd = 1.6721	max = 118	min = 99
[20190612_094042 / lib_ip.py:4378] len(Hs) = 8100, len(Ss) = 8100, len(Vs) = 8100
[20190612_094042 / lib_ip.py:4422] black : variance --> out of range (variance = 2.796 / upper = 0.000 / lower = 0.000)
[20190612_094042 / lib_ip.py:4593] file : img.20190612_094036.2019-06-12_09-17-09_000.jpg.4.png 3 (black : variance --> out of range (variance = 2.796 / upper = 0.000 / lower = 0.000))
[20190612_094040 / lib_ip.py:2274] inspecting ===> img.20190612_094036.2019-06-12_09-17-09_000.jpg.4.png
img.20190612_094036.2019-06-12_09-17-09_000.jpg.1.png => other
img.20190612_094036.2019-06-12_09-17-09_000.jpg.2.png => other
img.20190612_094036.2019-06-12_09-17-09_000.jpg.3.png => other
img.20190612_094036.2019-06-12_09-17-09_000.jpg.4.png => other
[20190612_094042 lib_ip.py:3301] =============== Get 4 corners
dpath_Images = C:\WORKS_2\WS\WS_Others.Art\JVEMV6\46_art\VIRTUAL\Admin_Projects\ip\images
fname_Image = img.20190612_094036.2019-06-12_09-17-09_000.jpg.4.png

[20190612_094042 / lib_ip.py:2274] inspecting ===> img.20190612_094042.2019-06-12_09-17-35_000.jpg.1.png
[20190612_094043 / lib_ip.py:4505] 
img.20190612_094042.2019-06-12_09-17-35_000.jpg.1.png 0 ---------------------
[20190612_094043 / lib_ip.py:3753] file = img.20190612_094042.2019-06-12_09-17-35_000.jpg.1.png / val_Average = 75.2205	val_Variance = 331.5358	sd = 18.2081	max = 160	min = 0
[20190612_094043 / lib_ip.py:3836] len(Hs) = 8100, len(Ss) = 8100, len(Vs) = 8100
[20190612_094043 / lib_ip.py:3869] yellow : variance --> out of range (variance = 331.536 / upper = 0.650 / lower = 0.000)
[20190612_094043 / lib_ip.py:3753] file = img.20190612_094042.2019-06-12_09-17-35_000.jpg.1.png / val_Average = 75.2205	val_Variance = 331.5358	sd = 18.2081	max = 160	min = 0
[20190612_094043 / lib_ip.py:3936] len(Hs) = 8100, len(Ss) = 8100, len(Vs) = 8100
[20190612_094043 / lib_ip.py:3982] red : variance --> out of range (variance = 331.536 / upper = 0.430 / lower = 0.000)
[20190612_094043 / lib_ip.py:3753] file = img.20190612_094042.2019-06-12_09-17-35_000.jpg.1.png / val_Average = 75.2205	val_Variance = 331.5358	sd = 18.2081	max = 160	min = 0
[20190612_094043 / lib_ip.py:4052] len(Hs) = 8100, len(Ss) = 8100, len(Vs) = 8100
[20190612_094043 / lib_ip.py:4099] green : variance --> out of range (variance = 331.536 / upper = 0.760 / lower = 0.000)
[20190612_094043 / lib_ip.py:3753] file = img.20190612_094042.2019-06-12_09-17-35_000.jpg.1.png / val_Average = 75.2205	val_Variance = 331.5358	sd = 18.2081	max = 160	min = 0
[20190612_094043 / lib_ip.py:4169] len(Hs) = 8100, len(Ss) = 8100, len(Vs) = 8100
[20190612_094044 / lib_ip.py:4208] blue : variance --> out of range (variance = 331.536 / upper = 0.930 / lower = 0.010)
[20190612_094044 / lib_ip.py:3753] file = img.20190612_094042.2019-06-12_09-17-35_000.jpg.1.png / val_Average = 75.2205	val_Variance = 331.5358	sd = 18.2081	max = 160	min = 0
[20190612_094044 / lib_ip.py:4275] len(Hs) = 8100, len(Ss) = 8100, len(Vs) = 8100
[20190612_094044 / lib_ip.py:4314] pink : variance --> out of range (variance = 331.536 / upper = 0.750 / lower = 0.030)
[20190612_094044 / lib_ip.py:3753] file = img.20190612_094042.2019-06-12_09-17-35_000.jpg.1.png / val_Average = 75.2205	val_Variance = 331.5358	sd = 18.2081	max = 160	min = 0
[20190612_094044 / lib_ip.py:4378] len(Hs) = 8100, len(Ss) = 8100, len(Vs) = 8100
[20190612_094044 / lib_ip.py:4422] black : variance --> out of range (variance = 331.536 / upper = 0.000 / lower = 0.000)
[20190612_094044 / lib_ip.py:4593] file : img.20190612_094042.2019-06-12_09-17-35_000.jpg.1.png 0 (black : variance --> out of range (variance = 331.536 / upper = 0.000 / lower = 0.000))
[20190612_094044 / lib_ip.py:2274] inspecting ===> img.20190612_094042.2019-06-12_09-17-35_000.jpg.2.png
[20190612_094044 / lib_ip.py:4505] 
img.20190612_094042.2019-06-12_09-17-35_000.jpg.2.png 1 ---------------------
[20190612_094044 / lib_ip.py:3753] file = img.20190612_094042.2019-06-12_09-17-35_000.jpg.2.png / val_Average = 25.3347	val_Variance = 1214.8708	sd = 34.8550	max = 178	min = 0
[20190612_094044 / lib_ip.py:3836] len(Hs) = 8100, len(Ss) = 8100, len(Vs) = 8100
[20190612_094044 / lib_ip.py:3869] yellow : variance --> out of range (variance = 1214.871 / upper = 0.650 / lower = 0.000)
[20190612_094045 / lib_ip.py:3753] file = img.20190612_094042.2019-06-12_09-17-35_000.jpg.2.png / val_Average = 25.3347	val_Variance = 1214.8708	sd = 34.8550	max = 178	min = 0
[20190612_094045 / lib_ip.py:3936] len(Hs) = 8100, len(Ss) = 8100, len(Vs) = 8100
[20190612_094045 / lib_ip.py:3982] red : variance --> out of range (variance = 1214.871 / upper = 0.430 / lower = 0.000)
[20190612_094045 / lib_ip.py:3753] file = img.20190612_094042.2019-06-12_09-17-35_000.jpg.2.png / val_Average = 25.3347	val_Variance = 1214.8708	sd = 34.8550	max = 178	min = 0
[20190612_094045 / lib_ip.py:4052] len(Hs) = 8100, len(Ss) = 8100, len(Vs) = 8100
[20190612_094045 / lib_ip.py:4099] green : variance --> out of range (variance = 1214.871 / upper = 0.760 / lower = 0.000)
[20190612_094045 / lib_ip.py:3753] file = img.20190612_094042.2019-06-12_09-17-35_000.jpg.2.png / val_Average = 25.3347	val_Variance = 1214.8708	sd = 34.8550	max = 178	min = 0
[20190612_094045 / lib_ip.py:4169] len(Hs) = 8100, len(Ss) = 8100, len(Vs) = 8100
[20190612_094045 / lib_ip.py:4208] blue : variance --> out of range (variance = 1214.871 / upper = 0.930 / lower = 0.010)
[20190612_094045 / lib_ip.py:3753] file = img.20190612_094042.2019-06-12_09-17-35_000.jpg.2.png / val_Average = 25.3347	val_Variance = 1214.8708	sd = 34.8550	max = 178	min = 0
[20190612_094045 / lib_ip.py:4275] len(Hs) = 8100, len(Ss) = 8100, len(Vs) = 8100
[20190612_094045 / lib_ip.py:4314] pink : variance --> out of range (variance = 1214.871 / upper = 0.750 / lower = 0.030)
[20190612_094045 / lib_ip.py:3753] file = img.20190612_094042.2019-06-12_09-17-35_000.jpg.2.png / val_Average = 25.3347	val_Variance = 1214.8708	sd = 34.8550	max = 178	min = 0
[20190612_094045 / lib_ip.py:4378] len(Hs) = 8100, len(Ss) = 8100, len(Vs) = 8100
[20190612_094045 / lib_ip.py:4422] black : variance --> out of range (variance = 1214.871 / upper = 0.000 / lower = 0.000)
[20190612_094045 / lib_ip.py:4593] file : img.20190612_094042.2019-06-12_09-17-35_000.jpg.2.png 1 (black : variance --> out of range (variance = 1214.871 / upper = 0.000 / lower = 0.000))
[20190612_094045 / lib_ip.py:2274] inspecting ===> img.20190612_094042.2019-06-12_09-17-35_000.jpg.3.png
[20190612_094046 / lib_ip.py:4505] 
img.20190612_094042.2019-06-12_09-17-35_000.jpg.3.png 2 ---------------------
[20190612_094046 / lib_ip.py:3753] file = img.20190612_094042.2019-06-12_09-17-35_000.jpg.3.png / val_Average = 107.6849	val_Variance = 2.2353	sd = 1.4951	max = 116	min = 103
[20190612_094046 / lib_ip.py:3836] len(Hs) = 8100, len(Ss) = 8100, len(Vs) = 8100
[20190612_094046 / lib_ip.py:3869] yellow : variance --> out of range (variance = 2.235 / upper = 0.650 / lower = 0.000)
[20190612_094046 / lib_ip.py:3753] file = img.20190612_094042.2019-06-12_09-17-35_000.jpg.3.png / val_Average = 107.6849	val_Variance = 2.2353	sd = 1.4951	max = 116	min = 103
[20190612_094046 / lib_ip.py:3936] len(Hs) = 8100, len(Ss) = 8100, len(Vs) = 8100
[20190612_094046 / lib_ip.py:3982] red : variance --> out of range (variance = 2.235 / upper = 0.430 / lower = 0.000)
[20190612_094046 / lib_ip.py:3753] file = img.20190612_094042.2019-06-12_09-17-35_000.jpg.3.png / val_Average = 107.6849	val_Variance = 2.2353	sd = 1.4951	max = 116	min = 103
[20190612_094046 / lib_ip.py:4052] len(Hs) = 8100, len(Ss) = 8100, len(Vs) = 8100
[20190612_094046 / lib_ip.py:4099] green : variance --> out of range (variance = 2.235 / upper = 0.760 / lower = 0.000)
[20190612_094046 / lib_ip.py:3753] file = img.20190612_094042.2019-06-12_09-17-35_000.jpg.3.png / val_Average = 107.6849	val_Variance = 2.2353	sd = 1.4951	max = 116	min = 103
[20190612_094046 / lib_ip.py:4169] len(Hs) = 8100, len(Ss) = 8100, len(Vs) = 8100
[20190612_094046 / lib_ip.py:4208] blue : variance --> out of range (variance = 2.235 / upper = 0.930 / lower = 0.010)
[20190612_094046 / lib_ip.py:3753] file = img.20190612_094042.2019-06-12_09-17-35_000.jpg.3.png / val_Average = 107.6849	val_Variance = 2.2353	sd = 1.4951	max = 116	min = 103
[20190612_094046 / lib_ip.py:4275] len(Hs) = 8100, len(Ss) = 8100, len(Vs) = 8100
[20190612_094047 / lib_ip.py:4314] pink : variance --> out of range (variance = 2.235 / upper = 0.750 / lower = 0.030)
[20190612_094047 / lib_ip.py:3753] file = img.20190612_094042.2019-06-12_09-17-35_000.jpg.3.png / val_Average = 107.6849	val_Variance = 2.2353	sd = 1.4951	max = 116	min = 103
[20190612_094047 / lib_ip.py:4378] len(Hs) = 8100, len(Ss) = 8100, len(Vs) = 8100
[20190612_094047 / lib_ip.py:4422] black : variance --> out of range (variance = 2.235 / upper = 0.000 / lower = 0.000)
[20190612_094047 / lib_ip.py:4593] file : img.20190612_094042.2019-06-12_09-17-35_000.jpg.3.png 2 (black : variance --> out of range (variance = 2.235 / upper = 0.000 / lower = 0.000))
[20190612_094047 / lib_ip.py:2274] inspecting ===> img.20190612_094042.2019-06-12_09-17-35_000.jpg.4.png
[20190612_094047 / lib_ip.py:4505] 
img.20190612_094042.2019-06-12_09-17-35_000.jpg.4.png 3 ---------------------
[20190612_094047 / lib_ip.py:3753] file = img.20190612_094042.2019-06-12_09-17-35_000.jpg.4.png / val_Average = 107.3604	val_Variance = 1.5103	sd = 1.2289	max = 116	min = 103
[20190612_094047 / lib_ip.py:3836] len(Hs) = 8100, len(Ss) = 8100, len(Vs) = 8100
[20190612_094047 / lib_ip.py:3869] yellow : variance --> out of range (variance = 1.510 / upper = 0.650 / lower = 0.000)
[20190612_094047 / lib_ip.py:3753] file = img.20190612_094042.2019-06-12_09-17-35_000.jpg.4.png / val_Average = 107.3604	val_Variance = 1.5103	sd = 1.2289	max = 116	min = 103
[20190612_094047 / lib_ip.py:3936] len(Hs) = 8100, len(Ss) = 8100, len(Vs) = 8100
[20190612_094047 / lib_ip.py:3982] red : variance --> out of range (variance = 1.510 / upper = 0.430 / lower = 0.000)
[20190612_094047 / lib_ip.py:3753] file = img.20190612_094042.2019-06-12_09-17-35_000.jpg.4.png / val_Average = 107.3604	val_Variance = 1.5103	sd = 1.2289	max = 116	min = 103
[20190612_094047 / lib_ip.py:4052] len(Hs) = 8100, len(Ss) = 8100, len(Vs) = 8100
[20190612_094047 / lib_ip.py:4099] green : variance --> out of range (variance = 1.510 / upper = 0.760 / lower = 0.000)
[20190612_094048 / lib_ip.py:3753] file = img.20190612_094042.2019-06-12_09-17-35_000.jpg.4.png / val_Average = 107.3604	val_Variance = 1.5103	sd = 1.2289	max = 116	min = 103
[20190612_094048 / lib_ip.py:4169] len(Hs) = 8100, len(Ss) = 8100, len(Vs) = 8100
[20190612_094048 / lib_ip.py:4208] blue : variance --> out of range (variance = 1.510 / upper = 0.930 / lower = 0.010)
[20190612_094048 / lib_ip.py:3753] file = img.20190612_094042.2019-06-12_09-17-35_000.jpg.4.png / val_Average = 107.3604	val_Variance = 1.5103	sd = 1.2289	max = 116	min = 103
[20190612_094048 / lib_ip.py:4275] len(Hs) = 8100, len(Ss) = 8100, len(Vs) = 8100
[20190612_094048 / lib_ip.py:4314] pink : variance --> out of range (variance = 1.510 / upper = 0.750 / lower = 0.030)
[20190612_094048 / lib_ip.py:3753] file = img.20190612_094042.2019-06-12_09-17-35_000.jpg.4.png / val_Average = 107.3604	val_Variance = 1.5103	sd = 1.2289	max = 116	min = 103
[20190612_094048 / lib_ip.py:4378] len(Hs) = 8100, len(Ss) = 8100, len(Vs) = 8100
[20190612_094048 / lib_ip.py:4422] black : variance --> out of range (variance = 1.510 / upper = 0.000 / lower = 0.000)
[20190612_094048 / lib_ip.py:4593] file : img.20190612_094042.2019-06-12_09-17-35_000.jpg.4.png 3 (black : variance --> out of range (variance = 1.510 / upper = 0.000 / lower = 0.000))
[20190612_094047 / lib_ip.py:2274] inspecting ===> img.20190612_094042.2019-06-12_09-17-35_000.jpg.4.png
img.20190612_094042.2019-06-12_09-17-35_000.jpg.1.png => other
img.20190612_094042.2019-06-12_09-17-35_000.jpg.2.png => other
img.20190612_094042.2019-06-12_09-17-35_000.jpg.3.png => other
img.20190612_094042.2019-06-12_09-17-35_000.jpg.4.png => other
[20190612_094048 lib_ip.py:3301] =============== Get 4 corners
dpath_Images = C:\WORKS_2\WS\WS_Others.Art\JVEMV6\46_art\VIRTUAL\Admin_Projects\ip\images
fname_Image = img.20190612_094042.2019-06-12_09-17-35_000.jpg.4.png

[20190612_094048 / views.py:1411] gen csv => complete (20190612_094048)(elapsed = 45.310 sec / 7 files / 6.473 sec per file)
1)	2019-06-11_10-40-48_000.jpg => 	green other green other 
2)	2019-06-11_11-54-19_000.jpg => 	other other yellow other 
3)	2019-06-12_02-11-32_000.jpg => 	other other other other 
4)	2019-06-12_09-08-58_000.jpg => 	other green other green 
5)	2019-06-12_09-15-55_000.jpg => 	other green other blue 
6)	2019-06-12_09-17-09_000.jpg => 	other blue other other 
7)	2019-06-12_09-17-35_000.jpg => 	other other other other 
[20190612_094048 / views.py:1753] lo_ColorName_Set__Modified_2 =>
1)	2019-06-11_10-40-48_000.jpg => 	g g o o 
2)	2019-06-11_11-54-19_000.jpg => 	o o o y 
3)	2019-06-12_02-11-32_000.jpg => 	o o o o 
4)	2019-06-12_09-08-58_000.jpg => 	g g o o 
5)	2019-06-12_09-15-55_000.jpg => 	b g o o 
6)	2019-06-12_09-17-09_000.jpg => 	b o o o 
7)	2019-06-12_09-17-35_000.jpg => 	o o o o 
[20190612_094049 / views.py:1839] gen_Cake_CSV(request) ==> ending... =======================//

