[20190205_153055 / views.py:1878] exec_get_4_corners(request) ================================
[20190205_153058 / lib_ip.py:1961] lo_Color_Names =>
img.20190205_153056.2019-02-04_09-48-50_000.jpg.1.png => other
img.20190205_153056.2019-02-04_09-48-50_000.jpg.2.png => other
img.20190205_153056.2019-02-04_09-48-50_000.jpg.3.png => other
img.20190205_153056.2019-02-04_09-48-50_000.jpg.4.png => other
[20190205_153058 / lib_ip.py:4505] 
2019-02-04_09-48-50_000.jpg 0 ---------------------
[20190205_153058 / lib_ip.py:3753] file = 2019-02-04_09-48-50_000.jpg / val_Average = 131.3807	val_Variance = 0.6965	sd = 0.8346	max = 133	min = 130
[20190205_153058 / lib_ip.py:3836] len(Hs) = 8100, len(Ss) = 8100, len(Vs) = 8100
[20190205_153058 / lib_ip.py:3869] yellow : variance --> out of range (variance = 0.697 / upper = 0.650 / lower = 0.000)
[20190205_153058 / lib_ip.py:3753] file = 2019-02-04_09-48-50_000.jpg / val_Average = 131.3807	val_Variance = 0.6965	sd = 0.8346	max = 133	min = 130
[20190205_153058 / lib_ip.py:3936] len(Hs) = 8100, len(Ss) = 8100, len(Vs) = 8100
[20190205_153058 / lib_ip.py:3982] red : variance --> out of range (variance = 0.697 / upper = 0.430 / lower = 0.000)
[20190205_153058 / lib_ip.py:3753] file = 2019-02-04_09-48-50_000.jpg / val_Average = 131.3807	val_Variance = 0.6965	sd = 0.8346	max = 133	min = 130
[20190205_153058 / lib_ip.py:4052] len(Hs) = 8100, len(Ss) = 8100, len(Vs) = 8100
[20190205_153058 / lib_ip.py:4124] green : average --> out of range (average = 131.381 / upper = 85.000 / lower = 58.000)
[20190205_153058 / lib_ip.py:3753] file = 2019-02-04_09-48-50_000.jpg / val_Average = 131.3807	val_Variance = 0.6965	sd = 0.8346	max = 133	min = 130
[20190205_153058 / lib_ip.py:4169] len(Hs) = 8100, len(Ss) = 8100, len(Vs) = 8100
[20190205_153058 / lib_ip.py:4230] blue : average --> out of range (average = 131.381 / upper = 17.000 / lower = 8.850)
[20190205_153058 / lib_ip.py:3753] file = 2019-02-04_09-48-50_000.jpg / val_Average = 131.3807	val_Variance = 0.6965	sd = 0.8346	max = 133	min = 130
[20190205_153059 / lib_ip.py:4275] len(Hs) = 8100, len(Ss) = 8100, len(Vs) = 8100
[20190205_153059 / lib_ip.py:4505] 
2019-02-04_09-48-50_000.jpg 1 ---------------------
[20190205_153059 / lib_ip.py:3753] file = 2019-02-04_09-48-50_000.jpg / val_Average = 103.9575	val_Variance = 0.7691	sd = 0.8770	max = 106	min = 100
[20190205_153059 / lib_ip.py:3836] len(Hs) = 8100, len(Ss) = 8100, len(Vs) = 8100
[20190205_153059 / lib_ip.py:3869] yellow : variance --> out of range (variance = 0.769 / upper = 0.650 / lower = 0.000)
[20190205_153059 / lib_ip.py:3753] file = 2019-02-04_09-48-50_000.jpg / val_Average = 103.9575	val_Variance = 0.7691	sd = 0.8770	max = 106	min = 100
[20190205_153059 / lib_ip.py:3936] len(Hs) = 8100, len(Ss) = 8100, len(Vs) = 8100
[20190205_153059 / lib_ip.py:3982] red : variance --> out of range (variance = 0.769 / upper = 0.430 / lower = 0.000)
[20190205_153059 / lib_ip.py:3753] file = 2019-02-04_09-48-50_000.jpg / val_Average = 103.9575	val_Variance = 0.7691	sd = 0.8770	max = 106	min = 100
[20190205_153059 / lib_ip.py:4052] len(Hs) = 8100, len(Ss) = 8100, len(Vs) = 8100
[20190205_153059 / lib_ip.py:4099] green : variance --> out of range (variance = 0.769 / upper = 0.760 / lower = 0.000)
[20190205_153059 / lib_ip.py:3753] file = 2019-02-04_09-48-50_000.jpg / val_Average = 103.9575	val_Variance = 0.7691	sd = 0.8770	max = 106	min = 100
[20190205_153059 / lib_ip.py:4169] len(Hs) = 8100, len(Ss) = 8100, len(Vs) = 8100
[20190205_153059 / lib_ip.py:4230] blue : average --> out of range (average = 103.958 / upper = 17.000 / lower = 8.850)
[20190205_153059 / lib_ip.py:3753] file = 2019-02-04_09-48-50_000.jpg / val_Average = 103.9575	val_Variance = 0.7691	sd = 0.8770	max = 106	min = 100
[20190205_153059 / lib_ip.py:4275] len(Hs) = 8100, len(Ss) = 8100, len(Vs) = 8100
[20190205_153100 / lib_ip.py:4314] pink : variance --> out of range (variance = 0.769 / upper = 0.750 / lower = 0.180)
[20190205_153100 / lib_ip.py:3753] file = 2019-02-04_09-48-50_000.jpg / val_Average = 103.9575	val_Variance = 0.7691	sd = 0.8770	max = 106	min = 100
[20190205_153100 / lib_ip.py:4378] len(Hs) = 8100, len(Ss) = 8100, len(Vs) = 8100
[20190205_153100 / lib_ip.py:4422] black : variance --> out of range (variance = 0.769 / upper = 0.000 / lower = 0.000)
[20190205_153100 / lib_ip.py:4593] file : 2019-02-04_09-48-50_000.jpg 1 (black : variance --> out of range (variance = 0.769 / upper = 0.000 / lower = 0.000))
[20190205_153100 / lib_ip.py:4505] 
2019-02-04_09-48-50_000.jpg 2 ---------------------
[20190205_153100 / lib_ip.py:3753] file = 2019-02-04_09-48-50_000.jpg / val_Average = 79.7190	val_Variance = 38.9650	sd = 6.2422	max = 100	min = 45
[20190205_153100 / lib_ip.py:3836] len(Hs) = 8100, len(Ss) = 8100, len(Vs) = 8100
[20190205_153100 / lib_ip.py:3869] yellow : variance --> out of range (variance = 38.965 / upper = 0.650 / lower = 0.000)
[20190205_153100 / lib_ip.py:3753] file = 2019-02-04_09-48-50_000.jpg / val_Average = 79.7190	val_Variance = 38.9650	sd = 6.2422	max = 100	min = 45
[20190205_153100 / lib_ip.py:3936] len(Hs) = 8100, len(Ss) = 8100, len(Vs) = 8100
[20190205_153100 / lib_ip.py:3982] red : variance --> out of range (variance = 38.965 / upper = 0.430 / lower = 0.000)
[20190205_153100 / lib_ip.py:3753] file = 2019-02-04_09-48-50_000.jpg / val_Average = 79.7190	val_Variance = 38.9650	sd = 6.2422	max = 100	min = 45
[20190205_153100 / lib_ip.py:4052] len(Hs) = 8100, len(Ss) = 8100, len(Vs) = 8100
[20190205_153100 / lib_ip.py:4099] green : variance --> out of range (variance = 38.965 / upper = 0.760 / lower = 0.000)
[20190205_153101 / lib_ip.py:3753] file = 2019-02-04_09-48-50_000.jpg / val_Average = 79.7190	val_Variance = 38.9650	sd = 6.2422	max = 100	min = 45
[20190205_153101 / lib_ip.py:4169] len(Hs) = 8100, len(Ss) = 8100, len(Vs) = 8100
[20190205_153101 / lib_ip.py:4208] blue : variance --> out of range (variance = 38.965 / upper = 0.930 / lower = 0.010)
[20190205_153101 / lib_ip.py:3753] file = 2019-02-04_09-48-50_000.jpg / val_Average = 79.7190	val_Variance = 38.9650	sd = 6.2422	max = 100	min = 45
[20190205_153101 / lib_ip.py:4275] len(Hs) = 8100, len(Ss) = 8100, len(Vs) = 8100
[20190205_153101 / lib_ip.py:4314] pink : variance --> out of range (variance = 38.965 / upper = 0.750 / lower = 0.180)
[20190205_153101 / lib_ip.py:3753] file = 2019-02-04_09-48-50_000.jpg / val_Average = 79.7190	val_Variance = 38.9650	sd = 6.2422	max = 100	min = 45
[20190205_153101 / lib_ip.py:4378] len(Hs) = 8100, len(Ss) = 8100, len(Vs) = 8100
[20190205_153101 / lib_ip.py:4422] black : variance --> out of range (variance = 38.965 / upper = 0.000 / lower = 0.000)
[20190205_153101 / lib_ip.py:4593] file : 2019-02-04_09-48-50_000.jpg 2 (black : variance --> out of range (variance = 38.965 / upper = 0.000 / lower = 0.000))
[20190205_153101 / lib_ip.py:4505] 
2019-02-04_09-48-50_000.jpg 3 ---------------------
[20190205_153101 / lib_ip.py:3753] file = 2019-02-04_09-48-50_000.jpg / val_Average = 89.6640	val_Variance = 21.9846	sd = 4.6888	max = 101	min = 77
[20190205_153101 / lib_ip.py:3836] len(Hs) = 8100, len(Ss) = 8100, len(Vs) = 8100
[20190205_153101 / lib_ip.py:3869] yellow : variance --> out of range (variance = 21.985 / upper = 0.650 / lower = 0.000)
[20190205_153101 / lib_ip.py:3753] file = 2019-02-04_09-48-50_000.jpg / val_Average = 89.6640	val_Variance = 21.9846	sd = 4.6888	max = 101	min = 77
[20190205_153101 / lib_ip.py:3936] len(Hs) = 8100, len(Ss) = 8100, len(Vs) = 8100
[20190205_153102 / lib_ip.py:3982] red : variance --> out of range (variance = 21.985 / upper = 0.430 / lower = 0.000)
[20190205_153102 / lib_ip.py:3753] file = 2019-02-04_09-48-50_000.jpg / val_Average = 89.6640	val_Variance = 21.9846	sd = 4.6888	max = 101	min = 77
[20190205_153102 / lib_ip.py:4052] len(Hs) = 8100, len(Ss) = 8100, len(Vs) = 8100
[20190205_153102 / lib_ip.py:4099] green : variance --> out of range (variance = 21.985 / upper = 0.760 / lower = 0.000)
[20190205_153102 / lib_ip.py:3753] file = 2019-02-04_09-48-50_000.jpg / val_Average = 89.6640	val_Variance = 21.9846	sd = 4.6888	max = 101	min = 77
[20190205_153102 / lib_ip.py:4169] len(Hs) = 8100, len(Ss) = 8100, len(Vs) = 8100
[20190205_153102 / lib_ip.py:4208] blue : variance --> out of range (variance = 21.985 / upper = 0.930 / lower = 0.010)
[20190205_153102 / lib_ip.py:3753] file = 2019-02-04_09-48-50_000.jpg / val_Average = 89.6640	val_Variance = 21.9846	sd = 4.6888	max = 101	min = 77
[20190205_153102 / lib_ip.py:4275] len(Hs) = 8100, len(Ss) = 8100, len(Vs) = 8100
[20190205_153102 / lib_ip.py:4314] pink : variance --> out of range (variance = 21.985 / upper = 0.750 / lower = 0.180)
[20190205_153102 / lib_ip.py:3753] file = 2019-02-04_09-48-50_000.jpg / val_Average = 89.6640	val_Variance = 21.9846	sd = 4.6888	max = 101	min = 77
[20190205_153102 / lib_ip.py:4378] len(Hs) = 8100, len(Ss) = 8100, len(Vs) = 8100
[20190205_153103 / lib_ip.py:4422] black : variance --> out of range (variance = 21.985 / upper = 0.000 / lower = 0.000)
[20190205_153103 / lib_ip.py:4593] file : 2019-02-04_09-48-50_000.jpg 3 (black : variance --> out of range (variance = 21.985 / upper = 0.000 / lower = 0.000))
[20190205_153103 / lib_ip.py:2021] lo_Color_Names_2 =>
file = img.20190205_153056.2019-02-04_09-48-50_000.jpg.1.png / color name = pink
file = img.20190205_153056.2019-02-04_09-48-50_000.jpg.2.png / color name = other
file = img.20190205_153056.2019-02-04_09-48-50_000.jpg.3.png / color name = other
file = img.20190205_153056.2019-02-04_09-48-50_000.jpg.4.png / color name = other
[20190205_153230 / views.py:1878] exec_get_4_corners(request) ================================
[20190205_153233 / lib_ip.py:1961] lo_Color_Names =>
img.20190205_153231.2019-02-04_09-48-54_000.jpg.1.png => other
img.20190205_153231.2019-02-04_09-48-54_000.jpg.2.png => other
img.20190205_153231.2019-02-04_09-48-54_000.jpg.3.png => other
img.20190205_153231.2019-02-04_09-48-54_000.jpg.4.png => other
[20190205_153233 / lib_ip.py:4505] 
2019-02-04_09-48-54_000.jpg 0 ---------------------
[20190205_153233 / lib_ip.py:3753] file = 2019-02-04_09-48-54_000.jpg / val_Average = 128.3041	val_Variance = 0.2709	sd = 0.5205	max = 130	min = 127
[20190205_153233 / lib_ip.py:3836] len(Hs) = 8100, len(Ss) = 8100, len(Vs) = 8100
[20190205_153233 / lib_ip.py:3891] yellow : average --> out of range (average = 128.304 / upper = 99.200 / lower = 85.500)
[20190205_153233 / lib_ip.py:3753] file = 2019-02-04_09-48-54_000.jpg / val_Average = 128.3041	val_Variance = 0.2709	sd = 0.5205	max = 130	min = 127
[20190205_153233 / lib_ip.py:3936] len(Hs) = 8100, len(Ss) = 8100, len(Vs) = 8100
[20190205_153233 / lib_ip.py:4007] red : average --> out of range (average = 128.304 / upper = 124.000 / lower = 115.000)
[20190205_153233 / lib_ip.py:3753] file = 2019-02-04_09-48-54_000.jpg / val_Average = 128.3041	val_Variance = 0.2709	sd = 0.5205	max = 130	min = 127
[20190205_153233 / lib_ip.py:4052] len(Hs) = 8100, len(Ss) = 8100, len(Vs) = 8100
[20190205_153233 / lib_ip.py:4124] green : average --> out of range (average = 128.304 / upper = 85.000 / lower = 58.000)
[20190205_153233 / lib_ip.py:3753] file = 2019-02-04_09-48-54_000.jpg / val_Average = 128.3041	val_Variance = 0.2709	sd = 0.5205	max = 130	min = 127
[20190205_153233 / lib_ip.py:4169] len(Hs) = 8100, len(Ss) = 8100, len(Vs) = 8100
[20190205_153234 / lib_ip.py:4230] blue : average --> out of range (average = 128.304 / upper = 17.000 / lower = 8.850)
[20190205_153234 / lib_ip.py:3753] file = 2019-02-04_09-48-54_000.jpg / val_Average = 128.3041	val_Variance = 0.2709	sd = 0.5205	max = 130	min = 127
[20190205_153234 / lib_ip.py:4275] len(Hs) = 8100, len(Ss) = 8100, len(Vs) = 8100
[20190205_153234 / lib_ip.py:4336] pink : average --> out of range (average = 128.304 / upper = 136.000 / lower = 129.500)
[20190205_153234 / lib_ip.py:3753] file = 2019-02-04_09-48-54_000.jpg / val_Average = 128.3041	val_Variance = 0.2709	sd = 0.5205	max = 130	min = 127
[20190205_153234 / lib_ip.py:4378] len(Hs) = 8100, len(Ss) = 8100, len(Vs) = 8100
[20190205_153234 / lib_ip.py:4422] black : variance --> out of range (variance = 0.271 / upper = 0.000 / lower = 0.000)
[20190205_153234 / lib_ip.py:4593] file : 2019-02-04_09-48-54_000.jpg 0 (black : variance --> out of range (variance = 0.271 / upper = 0.000 / lower = 0.000))
[20190205_153234 / lib_ip.py:4505] 
2019-02-04_09-48-54_000.jpg 1 ---------------------
[20190205_153234 / lib_ip.py:3753] file = 2019-02-04_09-48-54_000.jpg / val_Average = 100.7870	val_Variance = 8.4795	sd = 2.9120	max = 107	min = 94
[20190205_153234 / lib_ip.py:3836] len(Hs) = 8100, len(Ss) = 8100, len(Vs) = 8100
[20190205_153234 / lib_ip.py:3869] yellow : variance --> out of range (variance = 8.479 / upper = 0.650 / lower = 0.000)
[20190205_153234 / lib_ip.py:3753] file = 2019-02-04_09-48-54_000.jpg / val_Average = 100.7870	val_Variance = 8.4795	sd = 2.9120	max = 107	min = 94
[20190205_153234 / lib_ip.py:3936] len(Hs) = 8100, len(Ss) = 8100, len(Vs) = 8100
[20190205_153234 / lib_ip.py:3982] red : variance --> out of range (variance = 8.479 / upper = 0.430 / lower = 0.000)
[20190205_153234 / lib_ip.py:3753] file = 2019-02-04_09-48-54_000.jpg / val_Average = 100.7870	val_Variance = 8.4795	sd = 2.9120	max = 107	min = 94
[20190205_153234 / lib_ip.py:4052] len(Hs) = 8100, len(Ss) = 8100, len(Vs) = 8100
[20190205_153234 / lib_ip.py:4099] green : variance --> out of range (variance = 8.479 / upper = 0.760 / lower = 0.000)
[20190205_153234 / lib_ip.py:3753] file = 2019-02-04_09-48-54_000.jpg / val_Average = 100.7870	val_Variance = 8.4795	sd = 2.9120	max = 107	min = 94
[20190205_153235 / lib_ip.py:4169] len(Hs) = 8100, len(Ss) = 8100, len(Vs) = 8100
[20190205_153235 / lib_ip.py:4208] blue : variance --> out of range (variance = 8.479 / upper = 0.930 / lower = 0.010)
[20190205_153235 / lib_ip.py:3753] file = 2019-02-04_09-48-54_000.jpg / val_Average = 100.7870	val_Variance = 8.4795	sd = 2.9120	max = 107	min = 94
[20190205_153235 / lib_ip.py:4275] len(Hs) = 8100, len(Ss) = 8100, len(Vs) = 8100
[20190205_153235 / lib_ip.py:4314] pink : variance --> out of range (variance = 8.479 / upper = 0.750 / lower = 0.180)
[20190205_153235 / lib_ip.py:3753] file = 2019-02-04_09-48-54_000.jpg / val_Average = 100.7870	val_Variance = 8.4795	sd = 2.9120	max = 107	min = 94
[20190205_153235 / lib_ip.py:4378] len(Hs) = 8100, len(Ss) = 8100, len(Vs) = 8100
[20190205_153235 / lib_ip.py:4422] black : variance --> out of range (variance = 8.479 / upper = 0.000 / lower = 0.000)
[20190205_153235 / lib_ip.py:4593] file : 2019-02-04_09-48-54_000.jpg 1 (black : variance --> out of range (variance = 8.479 / upper = 0.000 / lower = 0.000))
[20190205_153235 / lib_ip.py:4505] 
2019-02-04_09-48-54_000.jpg 2 ---------------------
[20190205_153235 / lib_ip.py:3753] file = 2019-02-04_09-48-54_000.jpg / val_Average = 77.5060	val_Variance = 160.6776	sd = 12.6759	max = 107	min = 0
[20190205_153235 / lib_ip.py:3836] len(Hs) = 8100, len(Ss) = 8100, len(Vs) = 8100
[20190205_153235 / lib_ip.py:3869] yellow : variance --> out of range (variance = 160.678 / upper = 0.650 / lower = 0.000)
[20190205_153236 / lib_ip.py:3753] file = 2019-02-04_09-48-54_000.jpg / val_Average = 77.5060	val_Variance = 160.6776	sd = 12.6759	max = 107	min = 0
[20190205_153236 / lib_ip.py:3936] len(Hs) = 8100, len(Ss) = 8100, len(Vs) = 8100
[20190205_153236 / lib_ip.py:3982] red : variance --> out of range (variance = 160.678 / upper = 0.430 / lower = 0.000)
[20190205_153236 / lib_ip.py:3753] file = 2019-02-04_09-48-54_000.jpg / val_Average = 77.5060	val_Variance = 160.6776	sd = 12.6759	max = 107	min = 0
[20190205_153236 / lib_ip.py:4052] len(Hs) = 8100, len(Ss) = 8100, len(Vs) = 8100
[20190205_153236 / lib_ip.py:4099] green : variance --> out of range (variance = 160.678 / upper = 0.760 / lower = 0.000)
[20190205_153236 / lib_ip.py:3753] file = 2019-02-04_09-48-54_000.jpg / val_Average = 77.5060	val_Variance = 160.6776	sd = 12.6759	max = 107	min = 0
[20190205_153236 / lib_ip.py:4169] len(Hs) = 8100, len(Ss) = 8100, len(Vs) = 8100
[20190205_153236 / lib_ip.py:4208] blue : variance --> out of range (variance = 160.678 / upper = 0.930 / lower = 0.010)
[20190205_153236 / lib_ip.py:3753] file = 2019-02-04_09-48-54_000.jpg / val_Average = 77.5060	val_Variance = 160.6776	sd = 12.6759	max = 107	min = 0
[20190205_153237 / lib_ip.py:4275] len(Hs) = 8100, len(Ss) = 8100, len(Vs) = 8100
[20190205_153237 / lib_ip.py:4314] pink : variance --> out of range (variance = 160.678 / upper = 0.750 / lower = 0.180)
[20190205_153237 / lib_ip.py:3753] file = 2019-02-04_09-48-54_000.jpg / val_Average = 77.5060	val_Variance = 160.6776	sd = 12.6759	max = 107	min = 0
[20190205_153237 / lib_ip.py:4378] len(Hs) = 8100, len(Ss) = 8100, len(Vs) = 8100
[20190205_153237 / lib_ip.py:4422] black : variance --> out of range (variance = 160.678 / upper = 0.000 / lower = 0.000)
[20190205_153237 / lib_ip.py:4593] file : 2019-02-04_09-48-54_000.jpg 2 (black : variance --> out of range (variance = 160.678 / upper = 0.000 / lower = 0.000))
[20190205_153237 / lib_ip.py:4505] 
2019-02-04_09-48-54_000.jpg 3 ---------------------
[20190205_153237 / lib_ip.py:3753] file = 2019-02-04_09-48-54_000.jpg / val_Average = 96.5017	val_Variance = 13.6236	sd = 3.6910	max = 107	min = 85
[20190205_153237 / lib_ip.py:3836] len(Hs) = 8100, len(Ss) = 8100, len(Vs) = 8100
[20190205_153237 / lib_ip.py:3869] yellow : variance --> out of range (variance = 13.624 / upper = 0.650 / lower = 0.000)
[20190205_153238 / lib_ip.py:3753] file = 2019-02-04_09-48-54_000.jpg / val_Average = 96.5017	val_Variance = 13.6236	sd = 3.6910	max = 107	min = 85
[20190205_153238 / lib_ip.py:3936] len(Hs) = 8100, len(Ss) = 8100, len(Vs) = 8100
[20190205_153238 / lib_ip.py:3982] red : variance --> out of range (variance = 13.624 / upper = 0.430 / lower = 0.000)
[20190205_153238 / lib_ip.py:3753] file = 2019-02-04_09-48-54_000.jpg / val_Average = 96.5017	val_Variance = 13.6236	sd = 3.6910	max = 107	min = 85
[20190205_153238 / lib_ip.py:4052] len(Hs) = 8100, len(Ss) = 8100, len(Vs) = 8100
[20190205_153238 / lib_ip.py:4099] green : variance --> out of range (variance = 13.624 / upper = 0.760 / lower = 0.000)
[20190205_153238 / lib_ip.py:3753] file = 2019-02-04_09-48-54_000.jpg / val_Average = 96.5017	val_Variance = 13.6236	sd = 3.6910	max = 107	min = 85
[20190205_153238 / lib_ip.py:4169] len(Hs) = 8100, len(Ss) = 8100, len(Vs) = 8100
[20190205_153238 / lib_ip.py:4208] blue : variance --> out of range (variance = 13.624 / upper = 0.930 / lower = 0.010)
[20190205_153238 / lib_ip.py:3753] file = 2019-02-04_09-48-54_000.jpg / val_Average = 96.5017	val_Variance = 13.6236	sd = 3.6910	max = 107	min = 85
[20190205_153238 / lib_ip.py:4275] len(Hs) = 8100, len(Ss) = 8100, len(Vs) = 8100
[20190205_153238 / lib_ip.py:4314] pink : variance --> out of range (variance = 13.624 / upper = 0.750 / lower = 0.180)
[20190205_153238 / lib_ip.py:3753] file = 2019-02-04_09-48-54_000.jpg / val_Average = 96.5017	val_Variance = 13.6236	sd = 3.6910	max = 107	min = 85
[20190205_153238 / lib_ip.py:4378] len(Hs) = 8100, len(Ss) = 8100, len(Vs) = 8100
[20190205_153238 / lib_ip.py:4422] black : variance --> out of range (variance = 13.624 / upper = 0.000 / lower = 0.000)
[20190205_153238 / lib_ip.py:4593] file : 2019-02-04_09-48-54_000.jpg 3 (black : variance --> out of range (variance = 13.624 / upper = 0.000 / lower = 0.000))
[20190205_153238 / lib_ip.py:2021] lo_Color_Names_2 =>
file = img.20190205_153231.2019-02-04_09-48-54_000.jpg.1.png / color name = other
file = img.20190205_153231.2019-02-04_09-48-54_000.jpg.2.png / color name = other
file = img.20190205_153231.2019-02-04_09-48-54_000.jpg.3.png / color name = other
file = img.20190205_153231.2019-02-04_09-48-54_000.jpg.4.png / color name = other
