[20180928_071933 / views.py:1495] gen_Cake_CSV(request) ==> starting... =======================
[20180928_071936 / lib_ip.py:2273] inspecting ===> img.20180928_071936.2018-09-27_10-31-33_000.jpg.1.png
[20180928_071937 / lib_ip.py:4330] 
img.20180928_071936.2018-09-27_10-31-33_000.jpg.1.png 0
[20180928_071937 / lib_ip.py:3794] file = img.20180928_071936.2018-09-27_10-31-33_000.jpg.1.png / val_Average = 111.7074	val_Variance = 34.7020	sd = 5.8908	max = 144	min = 100
[20180928_071937 / lib_ip.py:3877] len(Hs) = 8100, len(Ss) = 8100, len(Vs) = 8100
[20180928_071937 / lib_ip.py:3910] yellow : variance --> out of range (variance = 34.702 / upper = 0.650 / lower = 0.000)
[20180928_071937 / lib_ip.py:3794] file = img.20180928_071936.2018-09-27_10-31-33_000.jpg.1.png / val_Average = 111.7074	val_Variance = 34.7020	sd = 5.8908	max = 144	min = 100
[20180928_071937 / lib_ip.py:3977] len(Hs) = 8100, len(Ss) = 8100, len(Vs) = 8100
[20180928_071937 / lib_ip.py:4023] red : variance --> out of range (variance = 34.702 / upper = 0.430 / lower = 0.000)
[20180928_071937 / lib_ip.py:3794] file = img.20180928_071936.2018-09-27_10-31-33_000.jpg.1.png / val_Average = 111.7074	val_Variance = 34.7020	sd = 5.8908	max = 144	min = 100
[20180928_071937 / lib_ip.py:4090] len(Hs) = 8100, len(Ss) = 8100, len(Vs) = 8100
[20180928_071937 / lib_ip.py:4137] green : variance --> out of range (variance = 34.702 / upper = 0.750 / lower = 0.000)
[20180928_071937 / lib_ip.py:3794] file = img.20180928_071936.2018-09-27_10-31-33_000.jpg.1.png / val_Average = 111.7074	val_Variance = 34.7020	sd = 5.8908	max = 144	min = 100
[20180928_071937 / lib_ip.py:4204] len(Hs) = 8100, len(Ss) = 8100, len(Vs) = 8100
[20180928_071937 / lib_ip.py:4248] black : variance --> out of range (variance = 34.702 / upper = 0.000 / lower = 0.000)
[20180928_071937 / lib_ip.py:4398] file : img.20180928_071936.2018-09-27_10-31-33_000.jpg.1.png 0 (black : variance --> out of range (variance = 34.702 / upper = 0.000 / lower = 0.000))
[20180928_071937 / lib_ip.py:2273] inspecting ===> img.20180928_071936.2018-09-27_10-31-33_000.jpg.2.png
[20180928_071937 / lib_ip.py:4330] 
img.20180928_071936.2018-09-27_10-31-33_000.jpg.2.png 1
[20180928_071937 / lib_ip.py:3794] file = img.20180928_071936.2018-09-27_10-31-33_000.jpg.2.png / val_Average = 95.3921	val_Variance = 302.0727	sd = 17.3802	max = 160	min = 0
[20180928_071937 / lib_ip.py:3877] len(Hs) = 8100, len(Ss) = 8100, len(Vs) = 8100
[20180928_071938 / lib_ip.py:3910] yellow : variance --> out of range (variance = 302.073 / upper = 0.650 / lower = 0.000)
[20180928_071938 / lib_ip.py:3794] file = img.20180928_071936.2018-09-27_10-31-33_000.jpg.2.png / val_Average = 95.3921	val_Variance = 302.0727	sd = 17.3802	max = 160	min = 0
[20180928_071938 / lib_ip.py:3977] len(Hs) = 8100, len(Ss) = 8100, len(Vs) = 8100
[20180928_071938 / lib_ip.py:4023] red : variance --> out of range (variance = 302.073 / upper = 0.430 / lower = 0.000)
[20180928_071938 / lib_ip.py:3794] file = img.20180928_071936.2018-09-27_10-31-33_000.jpg.2.png / val_Average = 95.3921	val_Variance = 302.0727	sd = 17.3802	max = 160	min = 0
[20180928_071938 / lib_ip.py:4090] len(Hs) = 8100, len(Ss) = 8100, len(Vs) = 8100
[20180928_071938 / lib_ip.py:4137] green : variance --> out of range (variance = 302.073 / upper = 0.750 / lower = 0.000)
[20180928_071938 / lib_ip.py:3794] file = img.20180928_071936.2018-09-27_10-31-33_000.jpg.2.png / val_Average = 95.3921	val_Variance = 302.0727	sd = 17.3802	max = 160	min = 0
[20180928_071938 / lib_ip.py:4204] len(Hs) = 8100, len(Ss) = 8100, len(Vs) = 8100
[20180928_071938 / lib_ip.py:4248] black : variance --> out of range (variance = 302.073 / upper = 0.000 / lower = 0.000)
[20180928_071938 / lib_ip.py:4398] file : img.20180928_071936.2018-09-27_10-31-33_000.jpg.2.png 1 (black : variance --> out of range (variance = 302.073 / upper = 0.000 / lower = 0.000))
[20180928_071938 / lib_ip.py:2273] inspecting ===> img.20180928_071936.2018-09-27_10-31-33_000.jpg.3.png
[20180928_071939 / lib_ip.py:4330] 
img.20180928_071936.2018-09-27_10-31-33_000.jpg.3.png 2
[20180928_071939 / lib_ip.py:3794] file = img.20180928_071936.2018-09-27_10-31-33_000.jpg.3.png / val_Average = 93.0241	val_Variance = 0.0235	sd = 0.1533	max = 94	min = 93
[20180928_071939 / lib_ip.py:3877] len(Hs) = 8100, len(Ss) = 8100, len(Vs) = 8100
[20180928_071939 / lib_ip.py:2273] inspecting ===> img.20180928_071936.2018-09-27_10-31-33_000.jpg.4.png
[20180928_071939 / lib_ip.py:4330] 
img.20180928_071936.2018-09-27_10-31-33_000.jpg.4.png 3
[20180928_071939 / lib_ip.py:3794] file = img.20180928_071936.2018-09-27_10-31-33_000.jpg.4.png / val_Average = 68.2020	val_Variance = 587.4439	sd = 24.2372	max = 135	min = 0
[20180928_071939 / lib_ip.py:3877] len(Hs) = 8100, len(Ss) = 8100, len(Vs) = 8100
[20180928_071939 / lib_ip.py:3910] yellow : variance --> out of range (variance = 587.444 / upper = 0.650 / lower = 0.000)
[20180928_071940 / lib_ip.py:3794] file = img.20180928_071936.2018-09-27_10-31-33_000.jpg.4.png / val_Average = 68.2020	val_Variance = 587.4439	sd = 24.2372	max = 135	min = 0
[20180928_071940 / lib_ip.py:3977] len(Hs) = 8100, len(Ss) = 8100, len(Vs) = 8100
[20180928_071940 / lib_ip.py:4023] red : variance --> out of range (variance = 587.444 / upper = 0.430 / lower = 0.000)
[20180928_071940 / lib_ip.py:3794] file = img.20180928_071936.2018-09-27_10-31-33_000.jpg.4.png / val_Average = 68.2020	val_Variance = 587.4439	sd = 24.2372	max = 135	min = 0
[20180928_071940 / lib_ip.py:4090] len(Hs) = 8100, len(Ss) = 8100, len(Vs) = 8100
[20180928_071940 / lib_ip.py:4137] green : variance --> out of range (variance = 587.444 / upper = 0.750 / lower = 0.000)
[20180928_071940 / lib_ip.py:3794] file = img.20180928_071936.2018-09-27_10-31-33_000.jpg.4.png / val_Average = 68.2020	val_Variance = 587.4439	sd = 24.2372	max = 135	min = 0
[20180928_071940 / lib_ip.py:4204] len(Hs) = 8100, len(Ss) = 8100, len(Vs) = 8100
[20180928_071940 / lib_ip.py:4248] black : variance --> out of range (variance = 587.444 / upper = 0.000 / lower = 0.000)
[20180928_071940 / lib_ip.py:4398] file : img.20180928_071936.2018-09-27_10-31-33_000.jpg.4.png 3 (black : variance --> out of range (variance = 587.444 / upper = 0.000 / lower = 0.000))
[20180928_071939 / lib_ip.py:2273] inspecting ===> img.20180928_071936.2018-09-27_10-31-33_000.jpg.4.png
img.20180928_071936.2018-09-27_10-31-33_000.jpg.1.png => other
img.20180928_071936.2018-09-27_10-31-33_000.jpg.2.png => other
img.20180928_071936.2018-09-27_10-31-33_000.jpg.3.png => other
img.20180928_071936.2018-09-27_10-31-33_000.jpg.4.png => other
[20180928_071940 lib_ip.py:3300] =============== Get 4 corners
dpath_Images = C:\WORKS_2\WS\WS_Others.Art\JVEMV6\46_art\VIRTUAL\Admin_Projects\ip\images
fname_Image = img.20180928_071936.2018-09-27_10-31-33_000.jpg.4.png

[20180928_071941 / lib_ip.py:2273] inspecting ===> img.20180928_071941.2018-09-27_14-08-55_000.jpg.1.png
[20180928_071941 / lib_ip.py:4330] 
img.20180928_071941.2018-09-27_14-08-55_000.jpg.1.png 0
[20180928_071941 / lib_ip.py:3794] file = img.20180928_071941.2018-09-27_14-08-55_000.jpg.1.png / val_Average = 75.3723	val_Variance = 0.2337	sd = 0.4834	max = 76	min = 75
[20180928_071941 / lib_ip.py:3877] len(Hs) = 8100, len(Ss) = 8100, len(Vs) = 8100
[20180928_071941 / lib_ip.py:3932] yellow : average --> out of range (average = 75.372 / upper = 99.200 / lower = 88.000)
[20180928_071941 / lib_ip.py:3794] file = img.20180928_071941.2018-09-27_14-08-55_000.jpg.1.png / val_Average = 75.3723	val_Variance = 0.2337	sd = 0.4834	max = 76	min = 75
[20180928_071942 / lib_ip.py:3977] len(Hs) = 8100, len(Ss) = 8100, len(Vs) = 8100
[20180928_071942 / lib_ip.py:4048] red : average --> out of range (average = 75.372 / upper = 124.000 / lower = 115.000)
[20180928_071942 / lib_ip.py:3794] file = img.20180928_071941.2018-09-27_14-08-55_000.jpg.1.png / val_Average = 75.3723	val_Variance = 0.2337	sd = 0.4834	max = 76	min = 75
[20180928_071942 / lib_ip.py:4090] len(Hs) = 8100, len(Ss) = 8100, len(Vs) = 8100
[20180928_071942 / lib_ip.py:2273] inspecting ===> img.20180928_071941.2018-09-27_14-08-55_000.jpg.2.png
[20180928_071942 / lib_ip.py:4330] 
img.20180928_071941.2018-09-27_14-08-55_000.jpg.2.png 1
[20180928_071942 / lib_ip.py:3794] file = img.20180928_071941.2018-09-27_14-08-55_000.jpg.2.png / val_Average = 74.7423	val_Variance = 0.1982	sd = 0.4452	max = 76	min = 73
[20180928_071942 / lib_ip.py:3877] len(Hs) = 8100, len(Ss) = 8100, len(Vs) = 8100
[20180928_071942 / lib_ip.py:3932] yellow : average --> out of range (average = 74.742 / upper = 99.200 / lower = 88.000)
[20180928_071942 / lib_ip.py:3794] file = img.20180928_071941.2018-09-27_14-08-55_000.jpg.2.png / val_Average = 74.7423	val_Variance = 0.1982	sd = 0.4452	max = 76	min = 73
[20180928_071943 / lib_ip.py:3977] len(Hs) = 8100, len(Ss) = 8100, len(Vs) = 8100
[20180928_071943 / lib_ip.py:4048] red : average --> out of range (average = 74.742 / upper = 124.000 / lower = 115.000)
[20180928_071943 / lib_ip.py:3794] file = img.20180928_071941.2018-09-27_14-08-55_000.jpg.2.png / val_Average = 74.7423	val_Variance = 0.1982	sd = 0.4452	max = 76	min = 73
[20180928_071943 / lib_ip.py:4090] len(Hs) = 8100, len(Ss) = 8100, len(Vs) = 8100
[20180928_071943 / lib_ip.py:2273] inspecting ===> img.20180928_071941.2018-09-27_14-08-55_000.jpg.3.png
[20180928_071943 / lib_ip.py:4330] 
img.20180928_071941.2018-09-27_14-08-55_000.jpg.3.png 2
[20180928_071943 / lib_ip.py:3794] file = img.20180928_071941.2018-09-27_14-08-55_000.jpg.3.png / val_Average = 78.4004	val_Variance = 3545.3971	sd = 59.5432	max = 176	min = 0
[20180928_071943 / lib_ip.py:3877] len(Hs) = 8100, len(Ss) = 8100, len(Vs) = 8100
[20180928_071943 / lib_ip.py:3910] yellow : variance --> out of range (variance = 3545.397 / upper = 0.650 / lower = 0.000)
[20180928_071943 / lib_ip.py:3794] file = img.20180928_071941.2018-09-27_14-08-55_000.jpg.3.png / val_Average = 78.4004	val_Variance = 3545.3971	sd = 59.5432	max = 176	min = 0
[20180928_071943 / lib_ip.py:3977] len(Hs) = 8100, len(Ss) = 8100, len(Vs) = 8100
[20180928_071943 / lib_ip.py:4023] red : variance --> out of range (variance = 3545.397 / upper = 0.430 / lower = 0.000)
[20180928_071944 / lib_ip.py:3794] file = img.20180928_071941.2018-09-27_14-08-55_000.jpg.3.png / val_Average = 78.4004	val_Variance = 3545.3971	sd = 59.5432	max = 176	min = 0
[20180928_071944 / lib_ip.py:4090] len(Hs) = 8100, len(Ss) = 8100, len(Vs) = 8100
[20180928_071944 / lib_ip.py:4137] green : variance --> out of range (variance = 3545.397 / upper = 0.750 / lower = 0.000)
[20180928_071944 / lib_ip.py:3794] file = img.20180928_071941.2018-09-27_14-08-55_000.jpg.3.png / val_Average = 78.4004	val_Variance = 3545.3971	sd = 59.5432	max = 176	min = 0
[20180928_071944 / lib_ip.py:4204] len(Hs) = 8100, len(Ss) = 8100, len(Vs) = 8100
[20180928_071944 / lib_ip.py:4248] black : variance --> out of range (variance = 3545.397 / upper = 0.000 / lower = 0.000)
[20180928_071944 / lib_ip.py:4398] file : img.20180928_071941.2018-09-27_14-08-55_000.jpg.3.png 2 (black : variance --> out of range (variance = 3545.397 / upper = 0.000 / lower = 0.000))
[20180928_071944 / lib_ip.py:2273] inspecting ===> img.20180928_071941.2018-09-27_14-08-55_000.jpg.4.png
[20180928_071944 / lib_ip.py:4330] 
img.20180928_071941.2018-09-27_14-08-55_000.jpg.4.png 3
[20180928_071944 / lib_ip.py:3794] file = img.20180928_071941.2018-09-27_14-08-55_000.jpg.4.png / val_Average = 105.2130	val_Variance = 209.5464	sd = 14.4757	max = 174	min = 0
[20180928_071944 / lib_ip.py:3877] len(Hs) = 8100, len(Ss) = 8100, len(Vs) = 8100
[20180928_071944 / lib_ip.py:3910] yellow : variance --> out of range (variance = 209.546 / upper = 0.650 / lower = 0.000)
[20180928_071944 / lib_ip.py:3794] file = img.20180928_071941.2018-09-27_14-08-55_000.jpg.4.png / val_Average = 105.2130	val_Variance = 209.5464	sd = 14.4757	max = 174	min = 0
[20180928_071944 / lib_ip.py:3977] len(Hs) = 8100, len(Ss) = 8100, len(Vs) = 8100
[20180928_071944 / lib_ip.py:4023] red : variance --> out of range (variance = 209.546 / upper = 0.430 / lower = 0.000)
[20180928_071945 / lib_ip.py:3794] file = img.20180928_071941.2018-09-27_14-08-55_000.jpg.4.png / val_Average = 105.2130	val_Variance = 209.5464	sd = 14.4757	max = 174	min = 0
[20180928_071945 / lib_ip.py:4090] len(Hs) = 8100, len(Ss) = 8100, len(Vs) = 8100
[20180928_071945 / lib_ip.py:4137] green : variance --> out of range (variance = 209.546 / upper = 0.750 / lower = 0.000)
[20180928_071945 / lib_ip.py:3794] file = img.20180928_071941.2018-09-27_14-08-55_000.jpg.4.png / val_Average = 105.2130	val_Variance = 209.5464	sd = 14.4757	max = 174	min = 0
[20180928_071945 / lib_ip.py:4204] len(Hs) = 8100, len(Ss) = 8100, len(Vs) = 8100
[20180928_071945 / lib_ip.py:4248] black : variance --> out of range (variance = 209.546 / upper = 0.000 / lower = 0.000)
[20180928_071945 / lib_ip.py:4398] file : img.20180928_071941.2018-09-27_14-08-55_000.jpg.4.png 3 (black : variance --> out of range (variance = 209.546 / upper = 0.000 / lower = 0.000))
[20180928_071944 / lib_ip.py:2273] inspecting ===> img.20180928_071941.2018-09-27_14-08-55_000.jpg.4.png
img.20180928_071941.2018-09-27_14-08-55_000.jpg.1.png => other
img.20180928_071941.2018-09-27_14-08-55_000.jpg.2.png => other
img.20180928_071941.2018-09-27_14-08-55_000.jpg.3.png => other
img.20180928_071941.2018-09-27_14-08-55_000.jpg.4.png => other
[20180928_071945 lib_ip.py:3300] =============== Get 4 corners
dpath_Images = C:\WORKS_2\WS\WS_Others.Art\JVEMV6\46_art\VIRTUAL\Admin_Projects\ip\images
fname_Image = img.20180928_071941.2018-09-27_14-08-55_000.jpg.4.png

[20180928_071945 / lib_ip.py:2273] inspecting ===> img.20180928_071945.2018-09-27_15-08-17_000.jpg.1.png
[20180928_071946 / lib_ip.py:4330] 
img.20180928_071945.2018-09-27_15-08-17_000.jpg.1.png 0
[20180928_071946 / lib_ip.py:3794] file = img.20180928_071945.2018-09-27_15-08-17_000.jpg.1.png / val_Average = 95.2379	val_Variance = 316.8423	sd = 17.8001	max = 135	min = 0
[20180928_071946 / lib_ip.py:3877] len(Hs) = 8100, len(Ss) = 8100, len(Vs) = 8100
[20180928_071946 / lib_ip.py:3910] yellow : variance --> out of range (variance = 316.842 / upper = 0.650 / lower = 0.000)
[20180928_071946 / lib_ip.py:3794] file = img.20180928_071945.2018-09-27_15-08-17_000.jpg.1.png / val_Average = 95.2379	val_Variance = 316.8423	sd = 17.8001	max = 135	min = 0
[20180928_071946 / lib_ip.py:3977] len(Hs) = 8100, len(Ss) = 8100, len(Vs) = 8100
[20180928_071946 / lib_ip.py:4023] red : variance --> out of range (variance = 316.842 / upper = 0.430 / lower = 0.000)
[20180928_071946 / lib_ip.py:3794] file = img.20180928_071945.2018-09-27_15-08-17_000.jpg.1.png / val_Average = 95.2379	val_Variance = 316.8423	sd = 17.8001	max = 135	min = 0
[20180928_071946 / lib_ip.py:4090] len(Hs) = 8100, len(Ss) = 8100, len(Vs) = 8100
[20180928_071946 / lib_ip.py:4137] green : variance --> out of range (variance = 316.842 / upper = 0.750 / lower = 0.000)
[20180928_071946 / lib_ip.py:3794] file = img.20180928_071945.2018-09-27_15-08-17_000.jpg.1.png / val_Average = 95.2379	val_Variance = 316.8423	sd = 17.8001	max = 135	min = 0
[20180928_071946 / lib_ip.py:4204] len(Hs) = 8100, len(Ss) = 8100, len(Vs) = 8100
[20180928_071946 / lib_ip.py:4248] black : variance --> out of range (variance = 316.842 / upper = 0.000 / lower = 0.000)
[20180928_071946 / lib_ip.py:4398] file : img.20180928_071945.2018-09-27_15-08-17_000.jpg.1.png 0 (black : variance --> out of range (variance = 316.842 / upper = 0.000 / lower = 0.000))
[20180928_071946 / lib_ip.py:2273] inspecting ===> img.20180928_071945.2018-09-27_15-08-17_000.jpg.2.png
[20180928_071947 / lib_ip.py:4330] 
img.20180928_071945.2018-09-27_15-08-17_000.jpg.2.png 1
[20180928_071947 / lib_ip.py:3794] file = img.20180928_071945.2018-09-27_15-08-17_000.jpg.2.png / val_Average = 106.2177	val_Variance = 3.3720	sd = 1.8363	max = 112	min = 95
[20180928_071947 / lib_ip.py:3877] len(Hs) = 8100, len(Ss) = 8100, len(Vs) = 8100
[20180928_071947 / lib_ip.py:3910] yellow : variance --> out of range (variance = 3.372 / upper = 0.650 / lower = 0.000)
[20180928_071947 / lib_ip.py:3794] file = img.20180928_071945.2018-09-27_15-08-17_000.jpg.2.png / val_Average = 106.2177	val_Variance = 3.3720	sd = 1.8363	max = 112	min = 95
[20180928_071947 / lib_ip.py:3977] len(Hs) = 8100, len(Ss) = 8100, len(Vs) = 8100
[20180928_071947 / lib_ip.py:4023] red : variance --> out of range (variance = 3.372 / upper = 0.430 / lower = 0.000)
[20180928_071947 / lib_ip.py:3794] file = img.20180928_071945.2018-09-27_15-08-17_000.jpg.2.png / val_Average = 106.2177	val_Variance = 3.3720	sd = 1.8363	max = 112	min = 95
[20180928_071947 / lib_ip.py:4090] len(Hs) = 8100, len(Ss) = 8100, len(Vs) = 8100
[20180928_071948 / lib_ip.py:4137] green : variance --> out of range (variance = 3.372 / upper = 0.750 / lower = 0.000)
[20180928_071948 / lib_ip.py:3794] file = img.20180928_071945.2018-09-27_15-08-17_000.jpg.2.png / val_Average = 106.2177	val_Variance = 3.3720	sd = 1.8363	max = 112	min = 95
[20180928_071948 / lib_ip.py:4204] len(Hs) = 8100, len(Ss) = 8100, len(Vs) = 8100
[20180928_071948 / lib_ip.py:4248] black : variance --> out of range (variance = 3.372 / upper = 0.000 / lower = 0.000)
[20180928_071948 / lib_ip.py:4398] file : img.20180928_071945.2018-09-27_15-08-17_000.jpg.2.png 1 (black : variance --> out of range (variance = 3.372 / upper = 0.000 / lower = 0.000))
[20180928_071948 / lib_ip.py:2273] inspecting ===> img.20180928_071945.2018-09-27_15-08-17_000.jpg.3.png
[20180928_071948 / lib_ip.py:4330] 
img.20180928_071945.2018-09-27_15-08-17_000.jpg.3.png 2
[20180928_071948 / lib_ip.py:3794] file = img.20180928_071945.2018-09-27_15-08-17_000.jpg.3.png / val_Average = 120.7870	val_Variance = 0.1684	sd = 0.4103	max = 121	min = 119
[20180928_071948 / lib_ip.py:3877] len(Hs) = 8100, len(Ss) = 8100, len(Vs) = 8100
[20180928_071948 / lib_ip.py:3932] yellow : average --> out of range (average = 120.787 / upper = 99.200 / lower = 88.000)
[20180928_071949 / lib_ip.py:3794] file = img.20180928_071945.2018-09-27_15-08-17_000.jpg.3.png / val_Average = 120.7870	val_Variance = 0.1684	sd = 0.4103	max = 121	min = 119
[20180928_071949 / lib_ip.py:3977] len(Hs) = 8100, len(Ss) = 8100, len(Vs) = 8100
[20180928_071949 / lib_ip.py:2273] inspecting ===> img.20180928_071945.2018-09-27_15-08-17_000.jpg.4.png
[20180928_071949 / lib_ip.py:4330] 
img.20180928_071945.2018-09-27_15-08-17_000.jpg.4.png 3
[20180928_071949 / lib_ip.py:3794] file = img.20180928_071945.2018-09-27_15-08-17_000.jpg.4.png / val_Average = 77.1496	val_Variance = 0.1346	sd = 0.3669	max = 78	min = 76
[20180928_071949 / lib_ip.py:3877] len(Hs) = 8100, len(Ss) = 8100, len(Vs) = 8100
[20180928_071949 / lib_ip.py:3932] yellow : average --> out of range (average = 77.150 / upper = 99.200 / lower = 88.000)
[20180928_071949 / lib_ip.py:3794] file = img.20180928_071945.2018-09-27_15-08-17_000.jpg.4.png / val_Average = 77.1496	val_Variance = 0.1346	sd = 0.3669	max = 78	min = 76
[20180928_071949 / lib_ip.py:3977] len(Hs) = 8100, len(Ss) = 8100, len(Vs) = 8100
[20180928_071949 / lib_ip.py:4048] red : average --> out of range (average = 77.150 / upper = 124.000 / lower = 115.000)
[20180928_071949 / lib_ip.py:3794] file = img.20180928_071945.2018-09-27_15-08-17_000.jpg.4.png / val_Average = 77.1496	val_Variance = 0.1346	sd = 0.3669	max = 78	min = 76
[20180928_071949 / lib_ip.py:4090] len(Hs) = 8100, len(Ss) = 8100, len(Vs) = 8100
[20180928_071949 / lib_ip.py:2273] inspecting ===> img.20180928_071945.2018-09-27_15-08-17_000.jpg.4.png
img.20180928_071945.2018-09-27_15-08-17_000.jpg.1.png => other
img.20180928_071945.2018-09-27_15-08-17_000.jpg.2.png => other
img.20180928_071945.2018-09-27_15-08-17_000.jpg.3.png => other
img.20180928_071945.2018-09-27_15-08-17_000.jpg.4.png => other
[20180928_071950 lib_ip.py:3300] =============== Get 4 corners
dpath_Images = C:\WORKS_2\WS\WS_Others.Art\JVEMV6\46_art\VIRTUAL\Admin_Projects\ip\images
fname_Image = img.20180928_071945.2018-09-27_15-08-17_000.jpg.4.png

[20180928_071951 / lib_ip.py:2273] inspecting ===> img.20180928_071950.2018-09-27_15-08-41_000.jpg.1.png
[20180928_071951 / lib_ip.py:4330] 
img.20180928_071950.2018-09-27_15-08-41_000.jpg.1.png 0
[20180928_071951 / lib_ip.py:3794] file = img.20180928_071950.2018-09-27_15-08-41_000.jpg.1.png / val_Average = 121.0343	val_Variance = 0.1889	sd = 0.4347	max = 122	min = 120
[20180928_071951 / lib_ip.py:3877] len(Hs) = 8100, len(Ss) = 8100, len(Vs) = 8100
[20180928_071952 / lib_ip.py:3932] yellow : average --> out of range (average = 121.034 / upper = 99.200 / lower = 88.000)
[20180928_071952 / lib_ip.py:3794] file = img.20180928_071950.2018-09-27_15-08-41_000.jpg.1.png / val_Average = 121.0343	val_Variance = 0.1889	sd = 0.4347	max = 122	min = 120
[20180928_071952 / lib_ip.py:3977] len(Hs) = 8100, len(Ss) = 8100, len(Vs) = 8100
[20180928_071952 / lib_ip.py:2273] inspecting ===> img.20180928_071950.2018-09-27_15-08-41_000.jpg.2.png
[20180928_071952 / lib_ip.py:4330] 
img.20180928_071950.2018-09-27_15-08-41_000.jpg.2.png 1
[20180928_071952 / lib_ip.py:3794] file = img.20180928_071950.2018-09-27_15-08-41_000.jpg.2.png / val_Average = 160.1490	val_Variance = 2231.0920	sd = 47.2344	max = 176	min = 0
[20180928_071952 / lib_ip.py:3877] len(Hs) = 8100, len(Ss) = 8100, len(Vs) = 8100
[20180928_071952 / lib_ip.py:3910] yellow : variance --> out of range (variance = 2231.092 / upper = 0.650 / lower = 0.000)
[20180928_071952 / lib_ip.py:3794] file = img.20180928_071950.2018-09-27_15-08-41_000.jpg.2.png / val_Average = 160.1490	val_Variance = 2231.0920	sd = 47.2344	max = 176	min = 0
[20180928_071952 / lib_ip.py:3977] len(Hs) = 8100, len(Ss) = 8100, len(Vs) = 8100
[20180928_071952 / lib_ip.py:4023] red : variance --> out of range (variance = 2231.092 / upper = 0.430 / lower = 0.000)
[20180928_071953 / lib_ip.py:3794] file = img.20180928_071950.2018-09-27_15-08-41_000.jpg.2.png / val_Average = 160.1490	val_Variance = 2231.0920	sd = 47.2344	max = 176	min = 0
[20180928_071953 / lib_ip.py:4090] len(Hs) = 8100, len(Ss) = 8100, len(Vs) = 8100
[20180928_071953 / lib_ip.py:4137] green : variance --> out of range (variance = 2231.092 / upper = 0.750 / lower = 0.000)
[20180928_071953 / lib_ip.py:3794] file = img.20180928_071950.2018-09-27_15-08-41_000.jpg.2.png / val_Average = 160.1490	val_Variance = 2231.0920	sd = 47.2344	max = 176	min = 0
[20180928_071953 / lib_ip.py:4204] len(Hs) = 8100, len(Ss) = 8100, len(Vs) = 8100
[20180928_071953 / lib_ip.py:4248] black : variance --> out of range (variance = 2231.092 / upper = 0.000 / lower = 0.000)
[20180928_071953 / lib_ip.py:4398] file : img.20180928_071950.2018-09-27_15-08-41_000.jpg.2.png 1 (black : variance --> out of range (variance = 2231.092 / upper = 0.000 / lower = 0.000))
[20180928_071953 / lib_ip.py:2273] inspecting ===> img.20180928_071950.2018-09-27_15-08-41_000.jpg.3.png
[20180928_071953 / lib_ip.py:4330] 
img.20180928_071950.2018-09-27_15-08-41_000.jpg.3.png 2
[20180928_071953 / lib_ip.py:3794] file = img.20180928_071950.2018-09-27_15-08-41_000.jpg.3.png / val_Average = 77.2521	val_Variance = 0.2056	sd = 0.4534	max = 78	min = 76
[20180928_071953 / lib_ip.py:3877] len(Hs) = 8100, len(Ss) = 8100, len(Vs) = 8100
[20180928_071953 / lib_ip.py:3932] yellow : average --> out of range (average = 77.252 / upper = 99.200 / lower = 88.000)
[20180928_071953 / lib_ip.py:3794] file = img.20180928_071950.2018-09-27_15-08-41_000.jpg.3.png / val_Average = 77.2521	val_Variance = 0.2056	sd = 0.4534	max = 78	min = 76
[20180928_071953 / lib_ip.py:3977] len(Hs) = 8100, len(Ss) = 8100, len(Vs) = 8100
[20180928_071953 / lib_ip.py:4048] red : average --> out of range (average = 77.252 / upper = 124.000 / lower = 115.000)
[20180928_071953 / lib_ip.py:3794] file = img.20180928_071950.2018-09-27_15-08-41_000.jpg.3.png / val_Average = 77.2521	val_Variance = 0.2056	sd = 0.4534	max = 78	min = 76
[20180928_071953 / lib_ip.py:4090] len(Hs) = 8100, len(Ss) = 8100, len(Vs) = 8100
[20180928_071953 / lib_ip.py:2273] inspecting ===> img.20180928_071950.2018-09-27_15-08-41_000.jpg.4.png
[20180928_071954 / lib_ip.py:4330] 
img.20180928_071950.2018-09-27_15-08-41_000.jpg.4.png 3
[20180928_071954 / lib_ip.py:3794] file = img.20180928_071950.2018-09-27_15-08-41_000.jpg.4.png / val_Average = 49.6473	val_Variance = 796.9320	sd = 28.2300	max = 135	min = 0
[20180928_071954 / lib_ip.py:3877] len(Hs) = 8100, len(Ss) = 8100, len(Vs) = 8100
[20180928_071954 / lib_ip.py:3910] yellow : variance --> out of range (variance = 796.932 / upper = 0.650 / lower = 0.000)
[20180928_071954 / lib_ip.py:3794] file = img.20180928_071950.2018-09-27_15-08-41_000.jpg.4.png / val_Average = 49.6473	val_Variance = 796.9320	sd = 28.2300	max = 135	min = 0
[20180928_071954 / lib_ip.py:3977] len(Hs) = 8100, len(Ss) = 8100, len(Vs) = 8100
[20180928_071954 / lib_ip.py:4023] red : variance --> out of range (variance = 796.932 / upper = 0.430 / lower = 0.000)
[20180928_071954 / lib_ip.py:3794] file = img.20180928_071950.2018-09-27_15-08-41_000.jpg.4.png / val_Average = 49.6473	val_Variance = 796.9320	sd = 28.2300	max = 135	min = 0
[20180928_071954 / lib_ip.py:4090] len(Hs) = 8100, len(Ss) = 8100, len(Vs) = 8100
[20180928_071954 / lib_ip.py:4137] green : variance --> out of range (variance = 796.932 / upper = 0.750 / lower = 0.000)
[20180928_071954 / lib_ip.py:3794] file = img.20180928_071950.2018-09-27_15-08-41_000.jpg.4.png / val_Average = 49.6473	val_Variance = 796.9320	sd = 28.2300	max = 135	min = 0
[20180928_071954 / lib_ip.py:4204] len(Hs) = 8100, len(Ss) = 8100, len(Vs) = 8100
[20180928_071954 / lib_ip.py:4248] black : variance --> out of range (variance = 796.932 / upper = 0.000 / lower = 0.000)
[20180928_071955 / lib_ip.py:4398] file : img.20180928_071950.2018-09-27_15-08-41_000.jpg.4.png 3 (black : variance --> out of range (variance = 796.932 / upper = 0.000 / lower = 0.000))
[20180928_071953 / lib_ip.py:2273] inspecting ===> img.20180928_071950.2018-09-27_15-08-41_000.jpg.4.png
img.20180928_071950.2018-09-27_15-08-41_000.jpg.1.png => other
img.20180928_071950.2018-09-27_15-08-41_000.jpg.2.png => other
img.20180928_071950.2018-09-27_15-08-41_000.jpg.3.png => other
img.20180928_071950.2018-09-27_15-08-41_000.jpg.4.png => other
[20180928_071955 lib_ip.py:3300] =============== Get 4 corners
dpath_Images = C:\WORKS_2\WS\WS_Others.Art\JVEMV6\46_art\VIRTUAL\Admin_Projects\ip\images
fname_Image = img.20180928_071950.2018-09-27_15-08-41_000.jpg.4.png

[20180928_071955 / lib_ip.py:2273] inspecting ===> img.20180928_071955.2018-09-27_17-25-18_000.jpg.1.png
[20180928_071955 / lib_ip.py:4330] 
img.20180928_071955.2018-09-27_17-25-18_000.jpg.1.png 0
[20180928_071956 / lib_ip.py:3794] file = img.20180928_071955.2018-09-27_17-25-18_000.jpg.1.png / val_Average = 113.7849	val_Variance = 3.2696	sd = 1.8082	max = 120	min = 109
[20180928_071956 / lib_ip.py:3877] len(Hs) = 8100, len(Ss) = 8100, len(Vs) = 8100
[20180928_071956 / lib_ip.py:3910] yellow : variance --> out of range (variance = 3.270 / upper = 0.650 / lower = 0.000)
[20180928_071956 / lib_ip.py:3794] file = img.20180928_071955.2018-09-27_17-25-18_000.jpg.1.png / val_Average = 113.7849	val_Variance = 3.2696	sd = 1.8082	max = 120	min = 109
[20180928_071956 / lib_ip.py:3977] len(Hs) = 8100, len(Ss) = 8100, len(Vs) = 8100
[20180928_071956 / lib_ip.py:4023] red : variance --> out of range (variance = 3.270 / upper = 0.430 / lower = 0.000)
[20180928_071956 / lib_ip.py:3794] file = img.20180928_071955.2018-09-27_17-25-18_000.jpg.1.png / val_Average = 113.7849	val_Variance = 3.2696	sd = 1.8082	max = 120	min = 109
[20180928_071956 / lib_ip.py:4090] len(Hs) = 8100, len(Ss) = 8100, len(Vs) = 8100
[20180928_071956 / lib_ip.py:4137] green : variance --> out of range (variance = 3.270 / upper = 0.750 / lower = 0.000)
[20180928_071956 / lib_ip.py:3794] file = img.20180928_071955.2018-09-27_17-25-18_000.jpg.1.png / val_Average = 113.7849	val_Variance = 3.2696	sd = 1.8082	max = 120	min = 109
[20180928_071956 / lib_ip.py:4204] len(Hs) = 8100, len(Ss) = 8100, len(Vs) = 8100
[20180928_071956 / lib_ip.py:4248] black : variance --> out of range (variance = 3.270 / upper = 0.000 / lower = 0.000)
[20180928_071956 / lib_ip.py:4398] file : img.20180928_071955.2018-09-27_17-25-18_000.jpg.1.png 0 (black : variance --> out of range (variance = 3.270 / upper = 0.000 / lower = 0.000))
[20180928_071956 / lib_ip.py:2273] inspecting ===> img.20180928_071955.2018-09-27_17-25-18_000.jpg.2.png
[20180928_071956 / lib_ip.py:4330] 
img.20180928_071955.2018-09-27_17-25-18_000.jpg.2.png 1
[20180928_071956 / lib_ip.py:3794] file = img.20180928_071955.2018-09-27_17-25-18_000.jpg.2.png / val_Average = 121.5762	val_Variance = 0.2459	sd = 0.4959	max = 123	min = 120
[20180928_071956 / lib_ip.py:3877] len(Hs) = 8100, len(Ss) = 8100, len(Vs) = 8100
[20180928_071956 / lib_ip.py:3932] yellow : average --> out of range (average = 121.576 / upper = 99.200 / lower = 88.000)
[20180928_071956 / lib_ip.py:3794] file = img.20180928_071955.2018-09-27_17-25-18_000.jpg.2.png / val_Average = 121.5762	val_Variance = 0.2459	sd = 0.4959	max = 123	min = 120
[20180928_071956 / lib_ip.py:3977] len(Hs) = 8100, len(Ss) = 8100, len(Vs) = 8100
[20180928_071957 / lib_ip.py:2273] inspecting ===> img.20180928_071955.2018-09-27_17-25-18_000.jpg.3.png
[20180928_071957 / lib_ip.py:4330] 
img.20180928_071955.2018-09-27_17-25-18_000.jpg.3.png 2
[20180928_071957 / lib_ip.py:3794] file = img.20180928_071955.2018-09-27_17-25-18_000.jpg.3.png / val_Average = 100.1696	val_Variance = 2.4223	sd = 1.5564	max = 105	min = 95
[20180928_071957 / lib_ip.py:3877] len(Hs) = 8100, len(Ss) = 8100, len(Vs) = 8100
[20180928_071957 / lib_ip.py:3910] yellow : variance --> out of range (variance = 2.422 / upper = 0.650 / lower = 0.000)
[20180928_071957 / lib_ip.py:3794] file = img.20180928_071955.2018-09-27_17-25-18_000.jpg.3.png / val_Average = 100.1696	val_Variance = 2.4223	sd = 1.5564	max = 105	min = 95
[20180928_071957 / lib_ip.py:3977] len(Hs) = 8100, len(Ss) = 8100, len(Vs) = 8100
[20180928_071957 / lib_ip.py:4023] red : variance --> out of range (variance = 2.422 / upper = 0.430 / lower = 0.000)
[20180928_071957 / lib_ip.py:3794] file = img.20180928_071955.2018-09-27_17-25-18_000.jpg.3.png / val_Average = 100.1696	val_Variance = 2.4223	sd = 1.5564	max = 105	min = 95
[20180928_071957 / lib_ip.py:4090] len(Hs) = 8100, len(Ss) = 8100, len(Vs) = 8100
[20180928_071957 / lib_ip.py:4137] green : variance --> out of range (variance = 2.422 / upper = 0.750 / lower = 0.000)
[20180928_071957 / lib_ip.py:3794] file = img.20180928_071955.2018-09-27_17-25-18_000.jpg.3.png / val_Average = 100.1696	val_Variance = 2.4223	sd = 1.5564	max = 105	min = 95
[20180928_071957 / lib_ip.py:4204] len(Hs) = 8100, len(Ss) = 8100, len(Vs) = 8100
[20180928_071957 / lib_ip.py:4248] black : variance --> out of range (variance = 2.422 / upper = 0.000 / lower = 0.000)
[20180928_071958 / lib_ip.py:4398] file : img.20180928_071955.2018-09-27_17-25-18_000.jpg.3.png 2 (black : variance --> out of range (variance = 2.422 / upper = 0.000 / lower = 0.000))
[20180928_071958 / lib_ip.py:2273] inspecting ===> img.20180928_071955.2018-09-27_17-25-18_000.jpg.4.png
[20180928_071958 / lib_ip.py:4330] 
img.20180928_071955.2018-09-27_17-25-18_000.jpg.4.png 3
[20180928_071958 / lib_ip.py:3794] file = img.20180928_071955.2018-09-27_17-25-18_000.jpg.4.png / val_Average = 99.5335	val_Variance = 2.1257	sd = 1.4580	max = 105	min = 95
[20180928_071958 / lib_ip.py:3877] len(Hs) = 8100, len(Ss) = 8100, len(Vs) = 8100
[20180928_071958 / lib_ip.py:3910] yellow : variance --> out of range (variance = 2.126 / upper = 0.650 / lower = 0.000)
[20180928_071958 / lib_ip.py:3794] file = img.20180928_071955.2018-09-27_17-25-18_000.jpg.4.png / val_Average = 99.5335	val_Variance = 2.1257	sd = 1.4580	max = 105	min = 95
[20180928_071958 / lib_ip.py:3977] len(Hs) = 8100, len(Ss) = 8100, len(Vs) = 8100
[20180928_071958 / lib_ip.py:4023] red : variance --> out of range (variance = 2.126 / upper = 0.430 / lower = 0.000)
[20180928_071958 / lib_ip.py:3794] file = img.20180928_071955.2018-09-27_17-25-18_000.jpg.4.png / val_Average = 99.5335	val_Variance = 2.1257	sd = 1.4580	max = 105	min = 95
[20180928_071958 / lib_ip.py:4090] len(Hs) = 8100, len(Ss) = 8100, len(Vs) = 8100
[20180928_071958 / lib_ip.py:4137] green : variance --> out of range (variance = 2.126 / upper = 0.750 / lower = 0.000)
[20180928_071958 / lib_ip.py:3794] file = img.20180928_071955.2018-09-27_17-25-18_000.jpg.4.png / val_Average = 99.5335	val_Variance = 2.1257	sd = 1.4580	max = 105	min = 95
[20180928_071958 / lib_ip.py:4204] len(Hs) = 8100, len(Ss) = 8100, len(Vs) = 8100
[20180928_071959 / lib_ip.py:4248] black : variance --> out of range (variance = 2.126 / upper = 0.000 / lower = 0.000)
[20180928_071959 / lib_ip.py:4398] file : img.20180928_071955.2018-09-27_17-25-18_000.jpg.4.png 3 (black : variance --> out of range (variance = 2.126 / upper = 0.000 / lower = 0.000))
[20180928_071958 / lib_ip.py:2273] inspecting ===> img.20180928_071955.2018-09-27_17-25-18_000.jpg.4.png
img.20180928_071955.2018-09-27_17-25-18_000.jpg.1.png => other
img.20180928_071955.2018-09-27_17-25-18_000.jpg.2.png => other
img.20180928_071955.2018-09-27_17-25-18_000.jpg.3.png => other
img.20180928_071955.2018-09-27_17-25-18_000.jpg.4.png => other
[20180928_071959 lib_ip.py:3300] =============== Get 4 corners
dpath_Images = C:\WORKS_2\WS\WS_Others.Art\JVEMV6\46_art\VIRTUAL\Admin_Projects\ip\images
fname_Image = img.20180928_071955.2018-09-27_17-25-18_000.jpg.4.png

[20180928_071959 / lib_ip.py:2273] inspecting ===> img.20180928_071959.2018-09-27_17-33-21_000.jpg.1.png
[20180928_071959 / lib_ip.py:4330] 
img.20180928_071959.2018-09-27_17-33-21_000.jpg.1.png 0
[20180928_072000 / lib_ip.py:3794] file = img.20180928_071959.2018-09-27_17-33-21_000.jpg.1.png / val_Average = 107.5074	val_Variance = 1.4680	sd = 1.2116	max = 112	min = 103
[20180928_072000 / lib_ip.py:3877] len(Hs) = 8100, len(Ss) = 8100, len(Vs) = 8100
[20180928_072000 / lib_ip.py:3910] yellow : variance --> out of range (variance = 1.468 / upper = 0.650 / lower = 0.000)
[20180928_072000 / lib_ip.py:3794] file = img.20180928_071959.2018-09-27_17-33-21_000.jpg.1.png / val_Average = 107.5074	val_Variance = 1.4680	sd = 1.2116	max = 112	min = 103
[20180928_072000 / lib_ip.py:3977] len(Hs) = 8100, len(Ss) = 8100, len(Vs) = 8100
[20180928_072000 / lib_ip.py:4023] red : variance --> out of range (variance = 1.468 / upper = 0.430 / lower = 0.000)
[20180928_072000 / lib_ip.py:3794] file = img.20180928_071959.2018-09-27_17-33-21_000.jpg.1.png / val_Average = 107.5074	val_Variance = 1.4680	sd = 1.2116	max = 112	min = 103
[20180928_072000 / lib_ip.py:4090] len(Hs) = 8100, len(Ss) = 8100, len(Vs) = 8100
[20180928_072000 / lib_ip.py:4137] green : variance --> out of range (variance = 1.468 / upper = 0.750 / lower = 0.000)
[20180928_072000 / lib_ip.py:3794] file = img.20180928_071959.2018-09-27_17-33-21_000.jpg.1.png / val_Average = 107.5074	val_Variance = 1.4680	sd = 1.2116	max = 112	min = 103
[20180928_072000 / lib_ip.py:4204] len(Hs) = 8100, len(Ss) = 8100, len(Vs) = 8100
[20180928_072000 / lib_ip.py:4248] black : variance --> out of range (variance = 1.468 / upper = 0.000 / lower = 0.000)
[20180928_072000 / lib_ip.py:4398] file : img.20180928_071959.2018-09-27_17-33-21_000.jpg.1.png 0 (black : variance --> out of range (variance = 1.468 / upper = 0.000 / lower = 0.000))
[20180928_072000 / lib_ip.py:2273] inspecting ===> img.20180928_071959.2018-09-27_17-33-21_000.jpg.2.png
[20180928_072000 / lib_ip.py:4330] 
img.20180928_071959.2018-09-27_17-33-21_000.jpg.2.png 1
[20180928_072000 / lib_ip.py:3794] file = img.20180928_071959.2018-09-27_17-33-21_000.jpg.2.png / val_Average = 112.2059	val_Variance = 4.8961	sd = 2.2127	max = 119	min = 106
[20180928_072000 / lib_ip.py:3877] len(Hs) = 8100, len(Ss) = 8100, len(Vs) = 8100
[20180928_072001 / lib_ip.py:3910] yellow : variance --> out of range (variance = 4.896 / upper = 0.650 / lower = 0.000)
[20180928_072001 / lib_ip.py:3794] file = img.20180928_071959.2018-09-27_17-33-21_000.jpg.2.png / val_Average = 112.2059	val_Variance = 4.8961	sd = 2.2127	max = 119	min = 106
[20180928_072001 / lib_ip.py:3977] len(Hs) = 8100, len(Ss) = 8100, len(Vs) = 8100
[20180928_072001 / lib_ip.py:4023] red : variance --> out of range (variance = 4.896 / upper = 0.430 / lower = 0.000)
[20180928_072001 / lib_ip.py:3794] file = img.20180928_071959.2018-09-27_17-33-21_000.jpg.2.png / val_Average = 112.2059	val_Variance = 4.8961	sd = 2.2127	max = 119	min = 106
[20180928_072001 / lib_ip.py:4090] len(Hs) = 8100, len(Ss) = 8100, len(Vs) = 8100
[20180928_072001 / lib_ip.py:4137] green : variance --> out of range (variance = 4.896 / upper = 0.750 / lower = 0.000)
[20180928_072001 / lib_ip.py:3794] file = img.20180928_071959.2018-09-27_17-33-21_000.jpg.2.png / val_Average = 112.2059	val_Variance = 4.8961	sd = 2.2127	max = 119	min = 106
[20180928_072001 / lib_ip.py:4204] len(Hs) = 8100, len(Ss) = 8100, len(Vs) = 8100
[20180928_072001 / lib_ip.py:4248] black : variance --> out of range (variance = 4.896 / upper = 0.000 / lower = 0.000)
[20180928_072001 / lib_ip.py:4398] file : img.20180928_071959.2018-09-27_17-33-21_000.jpg.2.png 1 (black : variance --> out of range (variance = 4.896 / upper = 0.000 / lower = 0.000))
[20180928_072001 / lib_ip.py:2273] inspecting ===> img.20180928_071959.2018-09-27_17-33-21_000.jpg.3.png
[20180928_072001 / lib_ip.py:4330] 
img.20180928_071959.2018-09-27_17-33-21_000.jpg.3.png 2
[20180928_072001 / lib_ip.py:3794] file = img.20180928_071959.2018-09-27_17-33-21_000.jpg.3.png / val_Average = 74.5553	val_Variance = 0.2469	sd = 0.4969	max = 75	min = 74
[20180928_072002 / lib_ip.py:3877] len(Hs) = 8100, len(Ss) = 8100, len(Vs) = 8100
[20180928_072002 / lib_ip.py:3932] yellow : average --> out of range (average = 74.555 / upper = 99.200 / lower = 88.000)
[20180928_072002 / lib_ip.py:3794] file = img.20180928_071959.2018-09-27_17-33-21_000.jpg.3.png / val_Average = 74.5553	val_Variance = 0.2469	sd = 0.4969	max = 75	min = 74
[20180928_072002 / lib_ip.py:3977] len(Hs) = 8100, len(Ss) = 8100, len(Vs) = 8100
[20180928_072002 / lib_ip.py:4048] red : average --> out of range (average = 74.555 / upper = 124.000 / lower = 115.000)
[20180928_072002 / lib_ip.py:3794] file = img.20180928_071959.2018-09-27_17-33-21_000.jpg.3.png / val_Average = 74.5553	val_Variance = 0.2469	sd = 0.4969	max = 75	min = 74
[20180928_072002 / lib_ip.py:4090] len(Hs) = 8100, len(Ss) = 8100, len(Vs) = 8100
[20180928_072002 / lib_ip.py:2273] inspecting ===> img.20180928_071959.2018-09-27_17-33-21_000.jpg.4.png
[20180928_072002 / lib_ip.py:4330] 
img.20180928_071959.2018-09-27_17-33-21_000.jpg.4.png 3
[20180928_072002 / lib_ip.py:3794] file = img.20180928_071959.2018-09-27_17-33-21_000.jpg.4.png / val_Average = 75.1528	val_Variance = 0.1448	sd = 0.3805	max = 76	min = 74
[20180928_072002 / lib_ip.py:3877] len(Hs) = 8100, len(Ss) = 8100, len(Vs) = 8100
[20180928_072002 / lib_ip.py:3932] yellow : average --> out of range (average = 75.153 / upper = 99.200 / lower = 88.000)
[20180928_072002 / lib_ip.py:3794] file = img.20180928_071959.2018-09-27_17-33-21_000.jpg.4.png / val_Average = 75.1528	val_Variance = 0.1448	sd = 0.3805	max = 76	min = 74
[20180928_072002 / lib_ip.py:3977] len(Hs) = 8100, len(Ss) = 8100, len(Vs) = 8100
[20180928_072003 / lib_ip.py:4048] red : average --> out of range (average = 75.153 / upper = 124.000 / lower = 115.000)
[20180928_072003 / lib_ip.py:3794] file = img.20180928_071959.2018-09-27_17-33-21_000.jpg.4.png / val_Average = 75.1528	val_Variance = 0.1448	sd = 0.3805	max = 76	min = 74
[20180928_072003 / lib_ip.py:4090] len(Hs) = 8100, len(Ss) = 8100, len(Vs) = 8100
[20180928_072002 / lib_ip.py:2273] inspecting ===> img.20180928_071959.2018-09-27_17-33-21_000.jpg.4.png
img.20180928_071959.2018-09-27_17-33-21_000.jpg.1.png => other
img.20180928_071959.2018-09-27_17-33-21_000.jpg.2.png => other
img.20180928_071959.2018-09-27_17-33-21_000.jpg.3.png => other
img.20180928_071959.2018-09-27_17-33-21_000.jpg.4.png => other
[20180928_072003 lib_ip.py:3300] =============== Get 4 corners
dpath_Images = C:\WORKS_2\WS\WS_Others.Art\JVEMV6\46_art\VIRTUAL\Admin_Projects\ip\images
fname_Image = img.20180928_071959.2018-09-27_17-33-21_000.jpg.4.png

[20180928_072003 / lib_ip.py:2273] inspecting ===> img.20180928_072003.2018-09-27_18-21-58_000.jpg.1.png
[20180928_072003 / lib_ip.py:4330] 
img.20180928_072003.2018-09-27_18-21-58_000.jpg.1.png 0
[20180928_072003 / lib_ip.py:3794] file = img.20180928_072003.2018-09-27_18-21-58_000.jpg.1.png / val_Average = 84.1437	val_Variance = 2510.1517	sd = 50.1014	max = 160	min = 0
[20180928_072003 / lib_ip.py:3877] len(Hs) = 8100, len(Ss) = 8100, len(Vs) = 8100
[20180928_072004 / lib_ip.py:3910] yellow : variance --> out of range (variance = 2510.152 / upper = 0.650 / lower = 0.000)
[20180928_072004 / lib_ip.py:3794] file = img.20180928_072003.2018-09-27_18-21-58_000.jpg.1.png / val_Average = 84.1437	val_Variance = 2510.1517	sd = 50.1014	max = 160	min = 0
[20180928_072004 / lib_ip.py:3977] len(Hs) = 8100, len(Ss) = 8100, len(Vs) = 8100
[20180928_072004 / lib_ip.py:4023] red : variance --> out of range (variance = 2510.152 / upper = 0.430 / lower = 0.000)
[20180928_072004 / lib_ip.py:3794] file = img.20180928_072003.2018-09-27_18-21-58_000.jpg.1.png / val_Average = 84.1437	val_Variance = 2510.1517	sd = 50.1014	max = 160	min = 0
[20180928_072004 / lib_ip.py:4090] len(Hs) = 8100, len(Ss) = 8100, len(Vs) = 8100
[20180928_072004 / lib_ip.py:4137] green : variance --> out of range (variance = 2510.152 / upper = 0.750 / lower = 0.000)
[20180928_072004 / lib_ip.py:3794] file = img.20180928_072003.2018-09-27_18-21-58_000.jpg.1.png / val_Average = 84.1437	val_Variance = 2510.1517	sd = 50.1014	max = 160	min = 0
[20180928_072004 / lib_ip.py:4204] len(Hs) = 8100, len(Ss) = 8100, len(Vs) = 8100
[20180928_072004 / lib_ip.py:4248] black : variance --> out of range (variance = 2510.152 / upper = 0.000 / lower = 0.000)
[20180928_072004 / lib_ip.py:4398] file : img.20180928_072003.2018-09-27_18-21-58_000.jpg.1.png 0 (black : variance --> out of range (variance = 2510.152 / upper = 0.000 / lower = 0.000))
[20180928_072004 / lib_ip.py:2273] inspecting ===> img.20180928_072003.2018-09-27_18-21-58_000.jpg.2.png
[20180928_072004 / lib_ip.py:4330] 
img.20180928_072003.2018-09-27_18-21-58_000.jpg.2.png 1
[20180928_072004 / lib_ip.py:3794] file = img.20180928_072003.2018-09-27_18-21-58_000.jpg.2.png / val_Average = 110.0947	val_Variance = 8.3499	sd = 2.8896	max = 123	min = 100
[20180928_072004 / lib_ip.py:3877] len(Hs) = 8100, len(Ss) = 8100, len(Vs) = 8100
[20180928_072005 / lib_ip.py:3910] yellow : variance --> out of range (variance = 8.350 / upper = 0.650 / lower = 0.000)
[20180928_072005 / lib_ip.py:3794] file = img.20180928_072003.2018-09-27_18-21-58_000.jpg.2.png / val_Average = 110.0947	val_Variance = 8.3499	sd = 2.8896	max = 123	min = 100
[20180928_072005 / lib_ip.py:3977] len(Hs) = 8100, len(Ss) = 8100, len(Vs) = 8100
[20180928_072005 / lib_ip.py:4023] red : variance --> out of range (variance = 8.350 / upper = 0.430 / lower = 0.000)
[20180928_072005 / lib_ip.py:3794] file = img.20180928_072003.2018-09-27_18-21-58_000.jpg.2.png / val_Average = 110.0947	val_Variance = 8.3499	sd = 2.8896	max = 123	min = 100
[20180928_072005 / lib_ip.py:4090] len(Hs) = 8100, len(Ss) = 8100, len(Vs) = 8100
[20180928_072005 / lib_ip.py:4137] green : variance --> out of range (variance = 8.350 / upper = 0.750 / lower = 0.000)
[20180928_072005 / lib_ip.py:3794] file = img.20180928_072003.2018-09-27_18-21-58_000.jpg.2.png / val_Average = 110.0947	val_Variance = 8.3499	sd = 2.8896	max = 123	min = 100
[20180928_072005 / lib_ip.py:4204] len(Hs) = 8100, len(Ss) = 8100, len(Vs) = 8100
[20180928_072005 / lib_ip.py:4248] black : variance --> out of range (variance = 8.350 / upper = 0.000 / lower = 0.000)
[20180928_072005 / lib_ip.py:4398] file : img.20180928_072003.2018-09-27_18-21-58_000.jpg.2.png 1 (black : variance --> out of range (variance = 8.350 / upper = 0.000 / lower = 0.000))
[20180928_072005 / lib_ip.py:2273] inspecting ===> img.20180928_072003.2018-09-27_18-21-58_000.jpg.3.png
[20180928_072005 / lib_ip.py:4330] 
img.20180928_072003.2018-09-27_18-21-58_000.jpg.3.png 2
[20180928_072006 / lib_ip.py:3794] file = img.20180928_072003.2018-09-27_18-21-58_000.jpg.3.png / val_Average = 120.9868	val_Variance = 0.1061	sd = 0.3258	max = 122	min = 120
[20180928_072006 / lib_ip.py:3877] len(Hs) = 8100, len(Ss) = 8100, len(Vs) = 8100
[20180928_072006 / lib_ip.py:3932] yellow : average --> out of range (average = 120.987 / upper = 99.200 / lower = 88.000)
[20180928_072006 / lib_ip.py:3794] file = img.20180928_072003.2018-09-27_18-21-58_000.jpg.3.png / val_Average = 120.9868	val_Variance = 0.1061	sd = 0.3258	max = 122	min = 120
[20180928_072006 / lib_ip.py:3977] len(Hs) = 8100, len(Ss) = 8100, len(Vs) = 8100
[20180928_072006 / lib_ip.py:2273] inspecting ===> img.20180928_072003.2018-09-27_18-21-58_000.jpg.4.png
[20180928_072006 / lib_ip.py:4330] 
img.20180928_072003.2018-09-27_18-21-58_000.jpg.4.png 3
[20180928_072006 / lib_ip.py:3794] file = img.20180928_072003.2018-09-27_18-21-58_000.jpg.4.png / val_Average = 78.0421	val_Variance = 0.3791	sd = 0.6157	max = 79	min = 77
[20180928_072006 / lib_ip.py:3877] len(Hs) = 8100, len(Ss) = 8100, len(Vs) = 8100
[20180928_072006 / lib_ip.py:3932] yellow : average --> out of range (average = 78.042 / upper = 99.200 / lower = 88.000)
[20180928_072006 / lib_ip.py:3794] file = img.20180928_072003.2018-09-27_18-21-58_000.jpg.4.png / val_Average = 78.0421	val_Variance = 0.3791	sd = 0.6157	max = 79	min = 77
[20180928_072006 / lib_ip.py:3977] len(Hs) = 8100, len(Ss) = 8100, len(Vs) = 8100
[20180928_072006 / lib_ip.py:4048] red : average --> out of range (average = 78.042 / upper = 124.000 / lower = 115.000)
[20180928_072006 / lib_ip.py:3794] file = img.20180928_072003.2018-09-27_18-21-58_000.jpg.4.png / val_Average = 78.0421	val_Variance = 0.3791	sd = 0.6157	max = 79	min = 77
[20180928_072006 / lib_ip.py:4090] len(Hs) = 8100, len(Ss) = 8100, len(Vs) = 8100
[20180928_072006 / lib_ip.py:2273] inspecting ===> img.20180928_072003.2018-09-27_18-21-58_000.jpg.4.png
img.20180928_072003.2018-09-27_18-21-58_000.jpg.1.png => other
img.20180928_072003.2018-09-27_18-21-58_000.jpg.2.png => other
img.20180928_072003.2018-09-27_18-21-58_000.jpg.3.png => other
img.20180928_072003.2018-09-27_18-21-58_000.jpg.4.png => other
[20180928_072006 lib_ip.py:3300] =============== Get 4 corners
dpath_Images = C:\WORKS_2\WS\WS_Others.Art\JVEMV6\46_art\VIRTUAL\Admin_Projects\ip\images
fname_Image = img.20180928_072003.2018-09-27_18-21-58_000.jpg.4.png

[20180928_072007 / lib_ip.py:2273] inspecting ===> img.20180928_072007.2018-09-27_18-22-34_000.jpg.1.png
[20180928_072007 / lib_ip.py:4330] 
img.20180928_072007.2018-09-27_18-22-34_000.jpg.1.png 0
[20180928_072007 / lib_ip.py:3794] file = img.20180928_072007.2018-09-27_18-22-34_000.jpg.1.png / val_Average = 75.9509	val_Variance = 0.4351	sd = 0.6596	max = 77	min = 74
[20180928_072007 / lib_ip.py:3877] len(Hs) = 8100, len(Ss) = 8100, len(Vs) = 8100
[20180928_072007 / lib_ip.py:3932] yellow : average --> out of range (average = 75.951 / upper = 99.200 / lower = 88.000)
[20180928_072007 / lib_ip.py:3794] file = img.20180928_072007.2018-09-27_18-22-34_000.jpg.1.png / val_Average = 75.9509	val_Variance = 0.4351	sd = 0.6596	max = 77	min = 74
[20180928_072007 / lib_ip.py:3977] len(Hs) = 8100, len(Ss) = 8100, len(Vs) = 8100
[20180928_072008 / lib_ip.py:4023] red : variance --> out of range (variance = 0.435 / upper = 0.430 / lower = 0.000)
[20180928_072008 / lib_ip.py:3794] file = img.20180928_072007.2018-09-27_18-22-34_000.jpg.1.png / val_Average = 75.9509	val_Variance = 0.4351	sd = 0.6596	max = 77	min = 74
[20180928_072008 / lib_ip.py:4090] len(Hs) = 8100, len(Ss) = 8100, len(Vs) = 8100
[20180928_072008 / lib_ip.py:2273] inspecting ===> img.20180928_072007.2018-09-27_18-22-34_000.jpg.2.png
[20180928_072008 / lib_ip.py:4330] 
img.20180928_072007.2018-09-27_18-22-34_000.jpg.2.png 1
[20180928_072008 / lib_ip.py:3794] file = img.20180928_072007.2018-09-27_18-22-34_000.jpg.2.png / val_Average = 112.0968	val_Variance = 7.8790	sd = 2.8070	max = 120	min = 104
[20180928_072008 / lib_ip.py:3877] len(Hs) = 8100, len(Ss) = 8100, len(Vs) = 8100
[20180928_072008 / lib_ip.py:3910] yellow : variance --> out of range (variance = 7.879 / upper = 0.650 / lower = 0.000)
[20180928_072008 / lib_ip.py:3794] file = img.20180928_072007.2018-09-27_18-22-34_000.jpg.2.png / val_Average = 112.0968	val_Variance = 7.8790	sd = 2.8070	max = 120	min = 104
[20180928_072008 / lib_ip.py:3977] len(Hs) = 8100, len(Ss) = 8100, len(Vs) = 8100
[20180928_072008 / lib_ip.py:4023] red : variance --> out of range (variance = 7.879 / upper = 0.430 / lower = 0.000)
[20180928_072009 / lib_ip.py:3794] file = img.20180928_072007.2018-09-27_18-22-34_000.jpg.2.png / val_Average = 112.0968	val_Variance = 7.8790	sd = 2.8070	max = 120	min = 104
[20180928_072009 / lib_ip.py:4090] len(Hs) = 8100, len(Ss) = 8100, len(Vs) = 8100
[20180928_072009 / lib_ip.py:4137] green : variance --> out of range (variance = 7.879 / upper = 0.750 / lower = 0.000)
[20180928_072009 / lib_ip.py:3794] file = img.20180928_072007.2018-09-27_18-22-34_000.jpg.2.png / val_Average = 112.0968	val_Variance = 7.8790	sd = 2.8070	max = 120	min = 104
[20180928_072009 / lib_ip.py:4204] len(Hs) = 8100, len(Ss) = 8100, len(Vs) = 8100
[20180928_072009 / lib_ip.py:4248] black : variance --> out of range (variance = 7.879 / upper = 0.000 / lower = 0.000)
[20180928_072009 / lib_ip.py:4398] file : img.20180928_072007.2018-09-27_18-22-34_000.jpg.2.png 1 (black : variance --> out of range (variance = 7.879 / upper = 0.000 / lower = 0.000))
[20180928_072009 / lib_ip.py:2273] inspecting ===> img.20180928_072007.2018-09-27_18-22-34_000.jpg.3.png
[20180928_072010 / lib_ip.py:4330] 
img.20180928_072007.2018-09-27_18-22-34_000.jpg.3.png 2
[20180928_072010 / lib_ip.py:3794] file = img.20180928_072007.2018-09-27_18-22-34_000.jpg.3.png / val_Average = 121.2727	val_Variance = 0.2457	sd = 0.4957	max = 122	min = 120
[20180928_072010 / lib_ip.py:3877] len(Hs) = 8100, len(Ss) = 8100, len(Vs) = 8100
[20180928_072010 / lib_ip.py:3932] yellow : average --> out of range (average = 121.273 / upper = 99.200 / lower = 88.000)
[20180928_072010 / lib_ip.py:3794] file = img.20180928_072007.2018-09-27_18-22-34_000.jpg.3.png / val_Average = 121.2727	val_Variance = 0.2457	sd = 0.4957	max = 122	min = 120
[20180928_072010 / lib_ip.py:3977] len(Hs) = 8100, len(Ss) = 8100, len(Vs) = 8100
[20180928_072010 / lib_ip.py:2273] inspecting ===> img.20180928_072007.2018-09-27_18-22-34_000.jpg.4.png
[20180928_072010 / lib_ip.py:4330] 
img.20180928_072007.2018-09-27_18-22-34_000.jpg.4.png 3
[20180928_072011 / lib_ip.py:3794] file = img.20180928_072007.2018-09-27_18-22-34_000.jpg.4.png / val_Average = 107.5951	val_Variance = 36.8503	sd = 6.0704	max = 115	min = 55
[20180928_072011 / lib_ip.py:3877] len(Hs) = 8100, len(Ss) = 8100, len(Vs) = 8100
[20180928_072011 / lib_ip.py:3910] yellow : variance --> out of range (variance = 36.850 / upper = 0.650 / lower = 0.000)
[20180928_072011 / lib_ip.py:3794] file = img.20180928_072007.2018-09-27_18-22-34_000.jpg.4.png / val_Average = 107.5951	val_Variance = 36.8503	sd = 6.0704	max = 115	min = 55
[20180928_072011 / lib_ip.py:3977] len(Hs) = 8100, len(Ss) = 8100, len(Vs) = 8100
[20180928_072011 / lib_ip.py:4023] red : variance --> out of range (variance = 36.850 / upper = 0.430 / lower = 0.000)
[20180928_072011 / lib_ip.py:3794] file = img.20180928_072007.2018-09-27_18-22-34_000.jpg.4.png / val_Average = 107.5951	val_Variance = 36.8503	sd = 6.0704	max = 115	min = 55
[20180928_072011 / lib_ip.py:4090] len(Hs) = 8100, len(Ss) = 8100, len(Vs) = 8100
[20180928_072011 / lib_ip.py:4137] green : variance --> out of range (variance = 36.850 / upper = 0.750 / lower = 0.000)
[20180928_072011 / lib_ip.py:3794] file = img.20180928_072007.2018-09-27_18-22-34_000.jpg.4.png / val_Average = 107.5951	val_Variance = 36.8503	sd = 6.0704	max = 115	min = 55
[20180928_072011 / lib_ip.py:4204] len(Hs) = 8100, len(Ss) = 8100, len(Vs) = 8100
[20180928_072011 / lib_ip.py:4248] black : variance --> out of range (variance = 36.850 / upper = 0.000 / lower = 0.000)
[20180928_072011 / lib_ip.py:4398] file : img.20180928_072007.2018-09-27_18-22-34_000.jpg.4.png 3 (black : variance --> out of range (variance = 36.850 / upper = 0.000 / lower = 0.000))
[20180928_072010 / lib_ip.py:2273] inspecting ===> img.20180928_072007.2018-09-27_18-22-34_000.jpg.4.png
img.20180928_072007.2018-09-27_18-22-34_000.jpg.1.png => other
img.20180928_072007.2018-09-27_18-22-34_000.jpg.2.png => other
img.20180928_072007.2018-09-27_18-22-34_000.jpg.3.png => other
img.20180928_072007.2018-09-27_18-22-34_000.jpg.4.png => other
[20180928_072011 lib_ip.py:3300] =============== Get 4 corners
dpath_Images = C:\WORKS_2\WS\WS_Others.Art\JVEMV6\46_art\VIRTUAL\Admin_Projects\ip\images
fname_Image = img.20180928_072007.2018-09-27_18-22-34_000.jpg.4.png

[20180928_072012 / lib_ip.py:2273] inspecting ===> img.20180928_072012.2018-09-27_18-52-43_000.jpg.1.png
[20180928_072012 / lib_ip.py:4330] 
img.20180928_072012.2018-09-27_18-52-43_000.jpg.1.png 0
[20180928_072012 / lib_ip.py:3794] file = img.20180928_072012.2018-09-27_18-52-43_000.jpg.1.png / val_Average = 75.8165	val_Variance = 0.2446	sd = 0.4946	max = 78	min = 74
[20180928_072012 / lib_ip.py:3877] len(Hs) = 8100, len(Ss) = 8100, len(Vs) = 8100
[20180928_072012 / lib_ip.py:3932] yellow : average --> out of range (average = 75.817 / upper = 99.200 / lower = 88.000)
[20180928_072012 / lib_ip.py:3794] file = img.20180928_072012.2018-09-27_18-52-43_000.jpg.1.png / val_Average = 75.8165	val_Variance = 0.2446	sd = 0.4946	max = 78	min = 74
[20180928_072012 / lib_ip.py:3977] len(Hs) = 8100, len(Ss) = 8100, len(Vs) = 8100
[20180928_072012 / lib_ip.py:4048] red : average --> out of range (average = 75.817 / upper = 124.000 / lower = 115.000)
[20180928_072012 / lib_ip.py:3794] file = img.20180928_072012.2018-09-27_18-52-43_000.jpg.1.png / val_Average = 75.8165	val_Variance = 0.2446	sd = 0.4946	max = 78	min = 74
[20180928_072012 / lib_ip.py:4090] len(Hs) = 8100, len(Ss) = 8100, len(Vs) = 8100
[20180928_072013 / lib_ip.py:2273] inspecting ===> img.20180928_072012.2018-09-27_18-52-43_000.jpg.2.png
[20180928_072013 / lib_ip.py:4330] 
img.20180928_072012.2018-09-27_18-52-43_000.jpg.2.png 1
[20180928_072013 / lib_ip.py:3794] file = img.20180928_072012.2018-09-27_18-52-43_000.jpg.2.png / val_Average = 112.8070	val_Variance = 11.5167	sd = 3.3936	max = 123	min = 99
[20180928_072013 / lib_ip.py:3877] len(Hs) = 8100, len(Ss) = 8100, len(Vs) = 8100
[20180928_072013 / lib_ip.py:3910] yellow : variance --> out of range (variance = 11.517 / upper = 0.650 / lower = 0.000)
[20180928_072013 / lib_ip.py:3794] file = img.20180928_072012.2018-09-27_18-52-43_000.jpg.2.png / val_Average = 112.8070	val_Variance = 11.5167	sd = 3.3936	max = 123	min = 99
[20180928_072013 / lib_ip.py:3977] len(Hs) = 8100, len(Ss) = 8100, len(Vs) = 8100
[20180928_072013 / lib_ip.py:4023] red : variance --> out of range (variance = 11.517 / upper = 0.430 / lower = 0.000)
[20180928_072013 / lib_ip.py:3794] file = img.20180928_072012.2018-09-27_18-52-43_000.jpg.2.png / val_Average = 112.8070	val_Variance = 11.5167	sd = 3.3936	max = 123	min = 99
[20180928_072013 / lib_ip.py:4090] len(Hs) = 8100, len(Ss) = 8100, len(Vs) = 8100
[20180928_072013 / lib_ip.py:4137] green : variance --> out of range (variance = 11.517 / upper = 0.750 / lower = 0.000)
[20180928_072013 / lib_ip.py:3794] file = img.20180928_072012.2018-09-27_18-52-43_000.jpg.2.png / val_Average = 112.8070	val_Variance = 11.5167	sd = 3.3936	max = 123	min = 99
[20180928_072013 / lib_ip.py:4204] len(Hs) = 8100, len(Ss) = 8100, len(Vs) = 8100
[20180928_072014 / lib_ip.py:4248] black : variance --> out of range (variance = 11.517 / upper = 0.000 / lower = 0.000)
[20180928_072014 / lib_ip.py:4398] file : img.20180928_072012.2018-09-27_18-52-43_000.jpg.2.png 1 (black : variance --> out of range (variance = 11.517 / upper = 0.000 / lower = 0.000))
[20180928_072014 / lib_ip.py:2273] inspecting ===> img.20180928_072012.2018-09-27_18-52-43_000.jpg.3.png
[20180928_072014 / lib_ip.py:4330] 
img.20180928_072012.2018-09-27_18-52-43_000.jpg.3.png 2
[20180928_072014 / lib_ip.py:3794] file = img.20180928_072012.2018-09-27_18-52-43_000.jpg.3.png / val_Average = 121.4620	val_Variance = 0.2609	sd = 0.5108	max = 123	min = 120
[20180928_072014 / lib_ip.py:3877] len(Hs) = 8100, len(Ss) = 8100, len(Vs) = 8100
[20180928_072014 / lib_ip.py:3932] yellow : average --> out of range (average = 121.462 / upper = 99.200 / lower = 88.000)
[20180928_072014 / lib_ip.py:3794] file = img.20180928_072012.2018-09-27_18-52-43_000.jpg.3.png / val_Average = 121.4620	val_Variance = 0.2609	sd = 0.5108	max = 123	min = 120
[20180928_072014 / lib_ip.py:3977] len(Hs) = 8100, len(Ss) = 8100, len(Vs) = 8100
[20180928_072014 / lib_ip.py:2273] inspecting ===> img.20180928_072012.2018-09-27_18-52-43_000.jpg.4.png
[20180928_072014 / lib_ip.py:4330] 
img.20180928_072012.2018-09-27_18-52-43_000.jpg.4.png 3
[20180928_072014 / lib_ip.py:3794] file = img.20180928_072012.2018-09-27_18-52-43_000.jpg.4.png / val_Average = 62.9609	val_Variance = 19.9707	sd = 4.4689	max = 86	min = 54
[20180928_072014 / lib_ip.py:3877] len(Hs) = 8100, len(Ss) = 8100, len(Vs) = 8100
[20180928_072014 / lib_ip.py:3910] yellow : variance --> out of range (variance = 19.971 / upper = 0.650 / lower = 0.000)
[20180928_072014 / lib_ip.py:3794] file = img.20180928_072012.2018-09-27_18-52-43_000.jpg.4.png / val_Average = 62.9609	val_Variance = 19.9707	sd = 4.4689	max = 86	min = 54
[20180928_072014 / lib_ip.py:3977] len(Hs) = 8100, len(Ss) = 8100, len(Vs) = 8100
[20180928_072015 / lib_ip.py:4023] red : variance --> out of range (variance = 19.971 / upper = 0.430 / lower = 0.000)
[20180928_072015 / lib_ip.py:3794] file = img.20180928_072012.2018-09-27_18-52-43_000.jpg.4.png / val_Average = 62.9609	val_Variance = 19.9707	sd = 4.4689	max = 86	min = 54
[20180928_072015 / lib_ip.py:4090] len(Hs) = 8100, len(Ss) = 8100, len(Vs) = 8100
[20180928_072015 / lib_ip.py:4137] green : variance --> out of range (variance = 19.971 / upper = 0.750 / lower = 0.000)
[20180928_072015 / lib_ip.py:3794] file = img.20180928_072012.2018-09-27_18-52-43_000.jpg.4.png / val_Average = 62.9609	val_Variance = 19.9707	sd = 4.4689	max = 86	min = 54
[20180928_072015 / lib_ip.py:4204] len(Hs) = 8100, len(Ss) = 8100, len(Vs) = 8100
[20180928_072015 / lib_ip.py:4248] black : variance --> out of range (variance = 19.971 / upper = 0.000 / lower = 0.000)
[20180928_072015 / lib_ip.py:4398] file : img.20180928_072012.2018-09-27_18-52-43_000.jpg.4.png 3 (black : variance --> out of range (variance = 19.971 / upper = 0.000 / lower = 0.000))
[20180928_072014 / lib_ip.py:2273] inspecting ===> img.20180928_072012.2018-09-27_18-52-43_000.jpg.4.png
img.20180928_072012.2018-09-27_18-52-43_000.jpg.1.png => other
img.20180928_072012.2018-09-27_18-52-43_000.jpg.2.png => other
img.20180928_072012.2018-09-27_18-52-43_000.jpg.3.png => other
img.20180928_072012.2018-09-27_18-52-43_000.jpg.4.png => other
[20180928_072015 lib_ip.py:3300] =============== Get 4 corners
dpath_Images = C:\WORKS_2\WS\WS_Others.Art\JVEMV6\46_art\VIRTUAL\Admin_Projects\ip\images
fname_Image = img.20180928_072012.2018-09-27_18-52-43_000.jpg.4.png

[20180928_072016 / lib_ip.py:2273] inspecting ===> img.20180928_072015.2018-09-27_20-14-49_000.jpg.1.png
[20180928_072016 / lib_ip.py:4330] 
img.20180928_072015.2018-09-27_20-14-49_000.jpg.1.png 0
[20180928_072016 / lib_ip.py:3794] file = img.20180928_072015.2018-09-27_20-14-49_000.jpg.1.png / val_Average = 92.9728	val_Variance = 0.0264	sd = 0.1626	max = 93	min = 92
[20180928_072016 / lib_ip.py:3877] len(Hs) = 8100, len(Ss) = 8100, len(Vs) = 8100
[20180928_072016 / lib_ip.py:2273] inspecting ===> img.20180928_072015.2018-09-27_20-14-49_000.jpg.2.png
[20180928_072016 / lib_ip.py:4330] 
img.20180928_072015.2018-09-27_20-14-49_000.jpg.2.png 1
[20180928_072016 / lib_ip.py:3794] file = img.20180928_072015.2018-09-27_20-14-49_000.jpg.2.png / val_Average = 65.3446	val_Variance = 1533.1742	sd = 39.1558	max = 135	min = 0
[20180928_072016 / lib_ip.py:3877] len(Hs) = 8100, len(Ss) = 8100, len(Vs) = 8100
[20180928_072016 / lib_ip.py:3910] yellow : variance --> out of range (variance = 1533.174 / upper = 0.650 / lower = 0.000)
[20180928_072016 / lib_ip.py:3794] file = img.20180928_072015.2018-09-27_20-14-49_000.jpg.2.png / val_Average = 65.3446	val_Variance = 1533.1742	sd = 39.1558	max = 135	min = 0
[20180928_072016 / lib_ip.py:3977] len(Hs) = 8100, len(Ss) = 8100, len(Vs) = 8100
[20180928_072017 / lib_ip.py:4023] red : variance --> out of range (variance = 1533.174 / upper = 0.430 / lower = 0.000)
[20180928_072017 / lib_ip.py:3794] file = img.20180928_072015.2018-09-27_20-14-49_000.jpg.2.png / val_Average = 65.3446	val_Variance = 1533.1742	sd = 39.1558	max = 135	min = 0
[20180928_072017 / lib_ip.py:4090] len(Hs) = 8100, len(Ss) = 8100, len(Vs) = 8100
[20180928_072017 / lib_ip.py:4137] green : variance --> out of range (variance = 1533.174 / upper = 0.750 / lower = 0.000)
[20180928_072017 / lib_ip.py:3794] file = img.20180928_072015.2018-09-27_20-14-49_000.jpg.2.png / val_Average = 65.3446	val_Variance = 1533.1742	sd = 39.1558	max = 135	min = 0
[20180928_072017 / lib_ip.py:4204] len(Hs) = 8100, len(Ss) = 8100, len(Vs) = 8100
[20180928_072017 / lib_ip.py:4248] black : variance --> out of range (variance = 1533.174 / upper = 0.000 / lower = 0.000)
[20180928_072017 / lib_ip.py:4398] file : img.20180928_072015.2018-09-27_20-14-49_000.jpg.2.png 1 (black : variance --> out of range (variance = 1533.174 / upper = 0.000 / lower = 0.000))
[20180928_072017 / lib_ip.py:2273] inspecting ===> img.20180928_072015.2018-09-27_20-14-49_000.jpg.3.png
[20180928_072017 / lib_ip.py:4330] 
img.20180928_072015.2018-09-27_20-14-49_000.jpg.3.png 2
[20180928_072017 / lib_ip.py:3794] file = img.20180928_072015.2018-09-27_20-14-49_000.jpg.3.png / val_Average = 76.1804	val_Variance = 1406.2945	sd = 37.5006	max = 160	min = 0
[20180928_072017 / lib_ip.py:3877] len(Hs) = 8100, len(Ss) = 8100, len(Vs) = 8100
[20180928_072017 / lib_ip.py:3910] yellow : variance --> out of range (variance = 1406.295 / upper = 0.650 / lower = 0.000)
[20180928_072017 / lib_ip.py:3794] file = img.20180928_072015.2018-09-27_20-14-49_000.jpg.3.png / val_Average = 76.1804	val_Variance = 1406.2945	sd = 37.5006	max = 160	min = 0
[20180928_072017 / lib_ip.py:3977] len(Hs) = 8100, len(Ss) = 8100, len(Vs) = 8100
[20180928_072017 / lib_ip.py:4023] red : variance --> out of range (variance = 1406.295 / upper = 0.430 / lower = 0.000)
[20180928_072018 / lib_ip.py:3794] file = img.20180928_072015.2018-09-27_20-14-49_000.jpg.3.png / val_Average = 76.1804	val_Variance = 1406.2945	sd = 37.5006	max = 160	min = 0
[20180928_072018 / lib_ip.py:4090] len(Hs) = 8100, len(Ss) = 8100, len(Vs) = 8100
[20180928_072018 / lib_ip.py:4137] green : variance --> out of range (variance = 1406.295 / upper = 0.750 / lower = 0.000)
[20180928_072018 / lib_ip.py:3794] file = img.20180928_072015.2018-09-27_20-14-49_000.jpg.3.png / val_Average = 76.1804	val_Variance = 1406.2945	sd = 37.5006	max = 160	min = 0
[20180928_072018 / lib_ip.py:4204] len(Hs) = 8100, len(Ss) = 8100, len(Vs) = 8100
[20180928_072018 / lib_ip.py:4248] black : variance --> out of range (variance = 1406.295 / upper = 0.000 / lower = 0.000)
[20180928_072018 / lib_ip.py:4398] file : img.20180928_072015.2018-09-27_20-14-49_000.jpg.3.png 2 (black : variance --> out of range (variance = 1406.295 / upper = 0.000 / lower = 0.000))
[20180928_072018 / lib_ip.py:2273] inspecting ===> img.20180928_072015.2018-09-27_20-14-49_000.jpg.4.png
[20180928_072018 / lib_ip.py:4330] 
img.20180928_072015.2018-09-27_20-14-49_000.jpg.4.png 3
[20180928_072018 / lib_ip.py:3794] file = img.20180928_072015.2018-09-27_20-14-49_000.jpg.4.png / val_Average = 63.2828	val_Variance = 1571.1372	sd = 39.6376	max = 135	min = 0
[20180928_072018 / lib_ip.py:3877] len(Hs) = 8100, len(Ss) = 8100, len(Vs) = 8100
[20180928_072018 / lib_ip.py:3910] yellow : variance --> out of range (variance = 1571.137 / upper = 0.650 / lower = 0.000)
[20180928_072018 / lib_ip.py:3794] file = img.20180928_072015.2018-09-27_20-14-49_000.jpg.4.png / val_Average = 63.2828	val_Variance = 1571.1372	sd = 39.6376	max = 135	min = 0
[20180928_072018 / lib_ip.py:3977] len(Hs) = 8100, len(Ss) = 8100, len(Vs) = 8100
[20180928_072019 / lib_ip.py:4023] red : variance --> out of range (variance = 1571.137 / upper = 0.430 / lower = 0.000)
[20180928_072019 / lib_ip.py:3794] file = img.20180928_072015.2018-09-27_20-14-49_000.jpg.4.png / val_Average = 63.2828	val_Variance = 1571.1372	sd = 39.6376	max = 135	min = 0
[20180928_072019 / lib_ip.py:4090] len(Hs) = 8100, len(Ss) = 8100, len(Vs) = 8100
[20180928_072019 / lib_ip.py:4137] green : variance --> out of range (variance = 1571.137 / upper = 0.750 / lower = 0.000)
[20180928_072019 / lib_ip.py:3794] file = img.20180928_072015.2018-09-27_20-14-49_000.jpg.4.png / val_Average = 63.2828	val_Variance = 1571.1372	sd = 39.6376	max = 135	min = 0
[20180928_072019 / lib_ip.py:4204] len(Hs) = 8100, len(Ss) = 8100, len(Vs) = 8100
[20180928_072019 / lib_ip.py:4248] black : variance --> out of range (variance = 1571.137 / upper = 0.000 / lower = 0.000)
[20180928_072019 / lib_ip.py:4398] file : img.20180928_072015.2018-09-27_20-14-49_000.jpg.4.png 3 (black : variance --> out of range (variance = 1571.137 / upper = 0.000 / lower = 0.000))
[20180928_072018 / lib_ip.py:2273] inspecting ===> img.20180928_072015.2018-09-27_20-14-49_000.jpg.4.png
img.20180928_072015.2018-09-27_20-14-49_000.jpg.1.png => yellow
img.20180928_072015.2018-09-27_20-14-49_000.jpg.2.png => other
img.20180928_072015.2018-09-27_20-14-49_000.jpg.3.png => other
img.20180928_072015.2018-09-27_20-14-49_000.jpg.4.png => other
[20180928_072019 lib_ip.py:3300] =============== Get 4 corners
dpath_Images = C:\WORKS_2\WS\WS_Others.Art\JVEMV6\46_art\VIRTUAL\Admin_Projects\ip\images
fname_Image = img.20180928_072015.2018-09-27_20-14-49_000.jpg.4.png

[20180928_072020 / lib_ip.py:2273] inspecting ===> img.20180928_072020.2018-09-27_22-23-26_000.jpg.1.png
[20180928_072020 / lib_ip.py:4330] 
img.20180928_072020.2018-09-27_22-23-26_000.jpg.1.png 0
[20180928_072020 / lib_ip.py:3794] file = img.20180928_072020.2018-09-27_22-23-26_000.jpg.1.png / val_Average = 29.2090	val_Variance = 216.0080	sd = 14.6972	max = 70	min = 0
[20180928_072020 / lib_ip.py:3877] len(Hs) = 8100, len(Ss) = 8100, len(Vs) = 8100
[20180928_072020 / lib_ip.py:3910] yellow : variance --> out of range (variance = 216.008 / upper = 0.650 / lower = 0.000)
[20180928_072020 / lib_ip.py:3794] file = img.20180928_072020.2018-09-27_22-23-26_000.jpg.1.png / val_Average = 29.2090	val_Variance = 216.0080	sd = 14.6972	max = 70	min = 0
[20180928_072020 / lib_ip.py:3977] len(Hs) = 8100, len(Ss) = 8100, len(Vs) = 8100
[20180928_072021 / lib_ip.py:4023] red : variance --> out of range (variance = 216.008 / upper = 0.430 / lower = 0.000)
[20180928_072021 / lib_ip.py:3794] file = img.20180928_072020.2018-09-27_22-23-26_000.jpg.1.png / val_Average = 29.2090	val_Variance = 216.0080	sd = 14.6972	max = 70	min = 0
[20180928_072021 / lib_ip.py:4090] len(Hs) = 8100, len(Ss) = 8100, len(Vs) = 8100
[20180928_072021 / lib_ip.py:4137] green : variance --> out of range (variance = 216.008 / upper = 0.750 / lower = 0.000)
[20180928_072021 / lib_ip.py:3794] file = img.20180928_072020.2018-09-27_22-23-26_000.jpg.1.png / val_Average = 29.2090	val_Variance = 216.0080	sd = 14.6972	max = 70	min = 0
[20180928_072021 / lib_ip.py:4204] len(Hs) = 8100, len(Ss) = 8100, len(Vs) = 8100
[20180928_072021 / lib_ip.py:4248] black : variance --> out of range (variance = 216.008 / upper = 0.000 / lower = 0.000)
[20180928_072021 / lib_ip.py:4398] file : img.20180928_072020.2018-09-27_22-23-26_000.jpg.1.png 0 (black : variance --> out of range (variance = 216.008 / upper = 0.000 / lower = 0.000))
[20180928_072021 / lib_ip.py:2273] inspecting ===> img.20180928_072020.2018-09-27_22-23-26_000.jpg.2.png
[20180928_072021 / lib_ip.py:4330] 
img.20180928_072020.2018-09-27_22-23-26_000.jpg.2.png 1
[20180928_072021 / lib_ip.py:3794] file = img.20180928_072020.2018-09-27_22-23-26_000.jpg.2.png / val_Average = 100.4251	val_Variance = 17.9760	sd = 4.2398	max = 114	min = 84
[20180928_072021 / lib_ip.py:3877] len(Hs) = 8100, len(Ss) = 8100, len(Vs) = 8100
[20180928_072021 / lib_ip.py:3910] yellow : variance --> out of range (variance = 17.976 / upper = 0.650 / lower = 0.000)
[20180928_072021 / lib_ip.py:3794] file = img.20180928_072020.2018-09-27_22-23-26_000.jpg.2.png / val_Average = 100.4251	val_Variance = 17.9760	sd = 4.2398	max = 114	min = 84
[20180928_072021 / lib_ip.py:3977] len(Hs) = 8100, len(Ss) = 8100, len(Vs) = 8100
[20180928_072021 / lib_ip.py:4023] red : variance --> out of range (variance = 17.976 / upper = 0.430 / lower = 0.000)
[20180928_072021 / lib_ip.py:3794] file = img.20180928_072020.2018-09-27_22-23-26_000.jpg.2.png / val_Average = 100.4251	val_Variance = 17.9760	sd = 4.2398	max = 114	min = 84
[20180928_072021 / lib_ip.py:4090] len(Hs) = 8100, len(Ss) = 8100, len(Vs) = 8100
[20180928_072021 / lib_ip.py:4137] green : variance --> out of range (variance = 17.976 / upper = 0.750 / lower = 0.000)
[20180928_072022 / lib_ip.py:3794] file = img.20180928_072020.2018-09-27_22-23-26_000.jpg.2.png / val_Average = 100.4251	val_Variance = 17.9760	sd = 4.2398	max = 114	min = 84
[20180928_072022 / lib_ip.py:4204] len(Hs) = 8100, len(Ss) = 8100, len(Vs) = 8100
[20180928_072022 / lib_ip.py:4248] black : variance --> out of range (variance = 17.976 / upper = 0.000 / lower = 0.000)
[20180928_072022 / lib_ip.py:4398] file : img.20180928_072020.2018-09-27_22-23-26_000.jpg.2.png 1 (black : variance --> out of range (variance = 17.976 / upper = 0.000 / lower = 0.000))
[20180928_072022 / lib_ip.py:2273] inspecting ===> img.20180928_072020.2018-09-27_22-23-26_000.jpg.3.png
[20180928_072022 / lib_ip.py:4330] 
img.20180928_072020.2018-09-27_22-23-26_000.jpg.3.png 2
[20180928_072022 / lib_ip.py:3794] file = img.20180928_072020.2018-09-27_22-23-26_000.jpg.3.png / val_Average = 76.1562	val_Variance = 1247.3105	sd = 35.3173	max = 174	min = 0
[20180928_072022 / lib_ip.py:3877] len(Hs) = 8100, len(Ss) = 8100, len(Vs) = 8100
[20180928_072022 / lib_ip.py:3910] yellow : variance --> out of range (variance = 1247.311 / upper = 0.650 / lower = 0.000)
[20180928_072022 / lib_ip.py:3794] file = img.20180928_072020.2018-09-27_22-23-26_000.jpg.3.png / val_Average = 76.1562	val_Variance = 1247.3105	sd = 35.3173	max = 174	min = 0
[20180928_072022 / lib_ip.py:3977] len(Hs) = 8100, len(Ss) = 8100, len(Vs) = 8100
[20180928_072022 / lib_ip.py:4023] red : variance --> out of range (variance = 1247.311 / upper = 0.430 / lower = 0.000)
[20180928_072023 / lib_ip.py:3794] file = img.20180928_072020.2018-09-27_22-23-26_000.jpg.3.png / val_Average = 76.1562	val_Variance = 1247.3105	sd = 35.3173	max = 174	min = 0
[20180928_072023 / lib_ip.py:4090] len(Hs) = 8100, len(Ss) = 8100, len(Vs) = 8100
[20180928_072023 / lib_ip.py:4137] green : variance --> out of range (variance = 1247.311 / upper = 0.750 / lower = 0.000)
[20180928_072023 / lib_ip.py:3794] file = img.20180928_072020.2018-09-27_22-23-26_000.jpg.3.png / val_Average = 76.1562	val_Variance = 1247.3105	sd = 35.3173	max = 174	min = 0
[20180928_072023 / lib_ip.py:4204] len(Hs) = 8100, len(Ss) = 8100, len(Vs) = 8100
[20180928_072023 / lib_ip.py:4248] black : variance --> out of range (variance = 1247.311 / upper = 0.000 / lower = 0.000)
[20180928_072023 / lib_ip.py:4398] file : img.20180928_072020.2018-09-27_22-23-26_000.jpg.3.png 2 (black : variance --> out of range (variance = 1247.311 / upper = 0.000 / lower = 0.000))
[20180928_072023 / lib_ip.py:2273] inspecting ===> img.20180928_072020.2018-09-27_22-23-26_000.jpg.4.png
[20180928_072023 / lib_ip.py:4330] 
img.20180928_072020.2018-09-27_22-23-26_000.jpg.4.png 3
[20180928_072024 / lib_ip.py:3794] file = img.20180928_072020.2018-09-27_22-23-26_000.jpg.4.png / val_Average = 8.5658	val_Variance = 49.8393	sd = 7.0597	max = 178	min = 0
[20180928_072024 / lib_ip.py:3877] len(Hs) = 8100, len(Ss) = 8100, len(Vs) = 8100
[20180928_072024 / lib_ip.py:3910] yellow : variance --> out of range (variance = 49.839 / upper = 0.650 / lower = 0.000)
[20180928_072024 / lib_ip.py:3794] file = img.20180928_072020.2018-09-27_22-23-26_000.jpg.4.png / val_Average = 8.5658	val_Variance = 49.8393	sd = 7.0597	max = 178	min = 0
[20180928_072024 / lib_ip.py:3977] len(Hs) = 8100, len(Ss) = 8100, len(Vs) = 8100
[20180928_072024 / lib_ip.py:4023] red : variance --> out of range (variance = 49.839 / upper = 0.430 / lower = 0.000)
[20180928_072024 / lib_ip.py:3794] file = img.20180928_072020.2018-09-27_22-23-26_000.jpg.4.png / val_Average = 8.5658	val_Variance = 49.8393	sd = 7.0597	max = 178	min = 0
[20180928_072024 / lib_ip.py:4090] len(Hs) = 8100, len(Ss) = 8100, len(Vs) = 8100
[20180928_072024 / lib_ip.py:4137] green : variance --> out of range (variance = 49.839 / upper = 0.750 / lower = 0.000)
[20180928_072024 / lib_ip.py:3794] file = img.20180928_072020.2018-09-27_22-23-26_000.jpg.4.png / val_Average = 8.5658	val_Variance = 49.8393	sd = 7.0597	max = 178	min = 0
[20180928_072024 / lib_ip.py:4204] len(Hs) = 8100, len(Ss) = 8100, len(Vs) = 8100
[20180928_072024 / lib_ip.py:4248] black : variance --> out of range (variance = 49.839 / upper = 0.000 / lower = 0.000)
[20180928_072024 / lib_ip.py:4398] file : img.20180928_072020.2018-09-27_22-23-26_000.jpg.4.png 3 (black : variance --> out of range (variance = 49.839 / upper = 0.000 / lower = 0.000))
[20180928_072023 / lib_ip.py:2273] inspecting ===> img.20180928_072020.2018-09-27_22-23-26_000.jpg.4.png
img.20180928_072020.2018-09-27_22-23-26_000.jpg.1.png => other
img.20180928_072020.2018-09-27_22-23-26_000.jpg.2.png => other
img.20180928_072020.2018-09-27_22-23-26_000.jpg.3.png => other
img.20180928_072020.2018-09-27_22-23-26_000.jpg.4.png => other
[20180928_072024 lib_ip.py:3300] =============== Get 4 corners
dpath_Images = C:\WORKS_2\WS\WS_Others.Art\JVEMV6\46_art\VIRTUAL\Admin_Projects\ip\images
fname_Image = img.20180928_072020.2018-09-27_22-23-26_000.jpg.4.png

[20180928_072025 / lib_ip.py:2273] inspecting ===> img.20180928_072025.2018-09-27_23-30-45_000.jpg.1.png
[20180928_072025 / lib_ip.py:4330] 
img.20180928_072025.2018-09-27_23-30-45_000.jpg.1.png 0
[20180928_072025 / lib_ip.py:3794] file = img.20180928_072025.2018-09-27_23-30-45_000.jpg.1.png / val_Average = 101.6223	val_Variance = 45.9047	sd = 6.7753	max = 112	min = 70
[20180928_072025 / lib_ip.py:3877] len(Hs) = 8100, len(Ss) = 8100, len(Vs) = 8100
[20180928_072025 / lib_ip.py:3910] yellow : variance --> out of range (variance = 45.905 / upper = 0.650 / lower = 0.000)
[20180928_072025 / lib_ip.py:3794] file = img.20180928_072025.2018-09-27_23-30-45_000.jpg.1.png / val_Average = 101.6223	val_Variance = 45.9047	sd = 6.7753	max = 112	min = 70
[20180928_072025 / lib_ip.py:3977] len(Hs) = 8100, len(Ss) = 8100, len(Vs) = 8100
[20180928_072025 / lib_ip.py:4023] red : variance --> out of range (variance = 45.905 / upper = 0.430 / lower = 0.000)
[20180928_072025 / lib_ip.py:3794] file = img.20180928_072025.2018-09-27_23-30-45_000.jpg.1.png / val_Average = 101.6223	val_Variance = 45.9047	sd = 6.7753	max = 112	min = 70
[20180928_072025 / lib_ip.py:4090] len(Hs) = 8100, len(Ss) = 8100, len(Vs) = 8100
[20180928_072025 / lib_ip.py:4137] green : variance --> out of range (variance = 45.905 / upper = 0.750 / lower = 0.000)
[20180928_072026 / lib_ip.py:3794] file = img.20180928_072025.2018-09-27_23-30-45_000.jpg.1.png / val_Average = 101.6223	val_Variance = 45.9047	sd = 6.7753	max = 112	min = 70
[20180928_072026 / lib_ip.py:4204] len(Hs) = 8100, len(Ss) = 8100, len(Vs) = 8100
[20180928_072026 / lib_ip.py:4248] black : variance --> out of range (variance = 45.905 / upper = 0.000 / lower = 0.000)
[20180928_072026 / lib_ip.py:4398] file : img.20180928_072025.2018-09-27_23-30-45_000.jpg.1.png 0 (black : variance --> out of range (variance = 45.905 / upper = 0.000 / lower = 0.000))
[20180928_072026 / lib_ip.py:2273] inspecting ===> img.20180928_072025.2018-09-27_23-30-45_000.jpg.2.png
[20180928_072026 / lib_ip.py:4330] 
img.20180928_072025.2018-09-27_23-30-45_000.jpg.2.png 1
[20180928_072026 / lib_ip.py:3794] file = img.20180928_072025.2018-09-27_23-30-45_000.jpg.2.png / val_Average = 93.8474	val_Variance = 90.2372	sd = 9.4993	max = 135	min = 0
[20180928_072026 / lib_ip.py:3877] len(Hs) = 8100, len(Ss) = 8100, len(Vs) = 8100
[20180928_072026 / lib_ip.py:3910] yellow : variance --> out of range (variance = 90.237 / upper = 0.650 / lower = 0.000)
[20180928_072026 / lib_ip.py:3794] file = img.20180928_072025.2018-09-27_23-30-45_000.jpg.2.png / val_Average = 93.8474	val_Variance = 90.2372	sd = 9.4993	max = 135	min = 0
[20180928_072026 / lib_ip.py:3977] len(Hs) = 8100, len(Ss) = 8100, len(Vs) = 8100
[20180928_072026 / lib_ip.py:4023] red : variance --> out of range (variance = 90.237 / upper = 0.430 / lower = 0.000)
[20180928_072026 / lib_ip.py:3794] file = img.20180928_072025.2018-09-27_23-30-45_000.jpg.2.png / val_Average = 93.8474	val_Variance = 90.2372	sd = 9.4993	max = 135	min = 0
[20180928_072026 / lib_ip.py:4090] len(Hs) = 8100, len(Ss) = 8100, len(Vs) = 8100
[20180928_072027 / lib_ip.py:4137] green : variance --> out of range (variance = 90.237 / upper = 0.750 / lower = 0.000)
[20180928_072027 / lib_ip.py:3794] file = img.20180928_072025.2018-09-27_23-30-45_000.jpg.2.png / val_Average = 93.8474	val_Variance = 90.2372	sd = 9.4993	max = 135	min = 0
[20180928_072027 / lib_ip.py:4204] len(Hs) = 8100, len(Ss) = 8100, len(Vs) = 8100
[20180928_072027 / lib_ip.py:4248] black : variance --> out of range (variance = 90.237 / upper = 0.000 / lower = 0.000)
[20180928_072027 / lib_ip.py:4398] file : img.20180928_072025.2018-09-27_23-30-45_000.jpg.2.png 1 (black : variance --> out of range (variance = 90.237 / upper = 0.000 / lower = 0.000))
[20180928_072027 / lib_ip.py:2273] inspecting ===> img.20180928_072025.2018-09-27_23-30-45_000.jpg.3.png
[20180928_072027 / lib_ip.py:4330] 
img.20180928_072025.2018-09-27_23-30-45_000.jpg.3.png 2
[20180928_072027 / lib_ip.py:3794] file = img.20180928_072025.2018-09-27_23-30-45_000.jpg.3.png / val_Average = 101.8512	val_Variance = 5.7745	sd = 2.4030	max = 109	min = 85
[20180928_072027 / lib_ip.py:3877] len(Hs) = 8100, len(Ss) = 8100, len(Vs) = 8100
[20180928_072027 / lib_ip.py:3910] yellow : variance --> out of range (variance = 5.775 / upper = 0.650 / lower = 0.000)
[20180928_072027 / lib_ip.py:3794] file = img.20180928_072025.2018-09-27_23-30-45_000.jpg.3.png / val_Average = 101.8512	val_Variance = 5.7745	sd = 2.4030	max = 109	min = 85
[20180928_072027 / lib_ip.py:3977] len(Hs) = 8100, len(Ss) = 8100, len(Vs) = 8100
[20180928_072027 / lib_ip.py:4023] red : variance --> out of range (variance = 5.775 / upper = 0.430 / lower = 0.000)
[20180928_072027 / lib_ip.py:3794] file = img.20180928_072025.2018-09-27_23-30-45_000.jpg.3.png / val_Average = 101.8512	val_Variance = 5.7745	sd = 2.4030	max = 109	min = 85
[20180928_072027 / lib_ip.py:4090] len(Hs) = 8100, len(Ss) = 8100, len(Vs) = 8100
[20180928_072028 / lib_ip.py:4137] green : variance --> out of range (variance = 5.775 / upper = 0.750 / lower = 0.000)
[20180928_072028 / lib_ip.py:3794] file = img.20180928_072025.2018-09-27_23-30-45_000.jpg.3.png / val_Average = 101.8512	val_Variance = 5.7745	sd = 2.4030	max = 109	min = 85
[20180928_072028 / lib_ip.py:4204] len(Hs) = 8100, len(Ss) = 8100, len(Vs) = 8100
[20180928_072028 / lib_ip.py:4248] black : variance --> out of range (variance = 5.775 / upper = 0.000 / lower = 0.000)
[20180928_072028 / lib_ip.py:4398] file : img.20180928_072025.2018-09-27_23-30-45_000.jpg.3.png 2 (black : variance --> out of range (variance = 5.775 / upper = 0.000 / lower = 0.000))
[20180928_072028 / lib_ip.py:2273] inspecting ===> img.20180928_072025.2018-09-27_23-30-45_000.jpg.4.png
[20180928_072028 / lib_ip.py:4330] 
img.20180928_072025.2018-09-27_23-30-45_000.jpg.4.png 3
[20180928_072028 / lib_ip.py:3794] file = img.20180928_072025.2018-09-27_23-30-45_000.jpg.4.png / val_Average = 97.1011	val_Variance = 130.1380	sd = 11.4078	max = 109	min = 59
[20180928_072028 / lib_ip.py:3877] len(Hs) = 8100, len(Ss) = 8100, len(Vs) = 8100
[20180928_072028 / lib_ip.py:3910] yellow : variance --> out of range (variance = 130.138 / upper = 0.650 / lower = 0.000)
[20180928_072028 / lib_ip.py:3794] file = img.20180928_072025.2018-09-27_23-30-45_000.jpg.4.png / val_Average = 97.1011	val_Variance = 130.1380	sd = 11.4078	max = 109	min = 59
[20180928_072028 / lib_ip.py:3977] len(Hs) = 8100, len(Ss) = 8100, len(Vs) = 8100
[20180928_072028 / lib_ip.py:4023] red : variance --> out of range (variance = 130.138 / upper = 0.430 / lower = 0.000)
[20180928_072028 / lib_ip.py:3794] file = img.20180928_072025.2018-09-27_23-30-45_000.jpg.4.png / val_Average = 97.1011	val_Variance = 130.1380	sd = 11.4078	max = 109	min = 59
[20180928_072028 / lib_ip.py:4090] len(Hs) = 8100, len(Ss) = 8100, len(Vs) = 8100
[20180928_072028 / lib_ip.py:4137] green : variance --> out of range (variance = 130.138 / upper = 0.750 / lower = 0.000)
[20180928_072028 / lib_ip.py:3794] file = img.20180928_072025.2018-09-27_23-30-45_000.jpg.4.png / val_Average = 97.1011	val_Variance = 130.1380	sd = 11.4078	max = 109	min = 59
[20180928_072029 / lib_ip.py:4204] len(Hs) = 8100, len(Ss) = 8100, len(Vs) = 8100
[20180928_072029 / lib_ip.py:4248] black : variance --> out of range (variance = 130.138 / upper = 0.000 / lower = 0.000)
[20180928_072029 / lib_ip.py:4398] file : img.20180928_072025.2018-09-27_23-30-45_000.jpg.4.png 3 (black : variance --> out of range (variance = 130.138 / upper = 0.000 / lower = 0.000))
[20180928_072028 / lib_ip.py:2273] inspecting ===> img.20180928_072025.2018-09-27_23-30-45_000.jpg.4.png
img.20180928_072025.2018-09-27_23-30-45_000.jpg.1.png => other
img.20180928_072025.2018-09-27_23-30-45_000.jpg.2.png => other
img.20180928_072025.2018-09-27_23-30-45_000.jpg.3.png => other
img.20180928_072025.2018-09-27_23-30-45_000.jpg.4.png => other
[20180928_072029 lib_ip.py:3300] =============== Get 4 corners
dpath_Images = C:\WORKS_2\WS\WS_Others.Art\JVEMV6\46_art\VIRTUAL\Admin_Projects\ip\images
fname_Image = img.20180928_072025.2018-09-27_23-30-45_000.jpg.4.png

[20180928_072029 / lib_ip.py:2273] inspecting ===> img.20180928_072029.2018-09-27_23-34-01_000.png.1.png
[20180928_072029 / lib_ip.py:4330] 
img.20180928_072029.2018-09-27_23-34-01_000.png.1.png 0
[20180928_072029 / lib_ip.py:3794] file = img.20180928_072029.2018-09-27_23-34-01_000.png.1.png / val_Average = 85.2447	val_Variance = 1225.1470	sd = 35.0021	max = 150	min = 0
[20180928_072029 / lib_ip.py:3877] len(Hs) = 8100, len(Ss) = 8100, len(Vs) = 8100
[20180928_072029 / lib_ip.py:3910] yellow : variance --> out of range (variance = 1225.147 / upper = 0.650 / lower = 0.000)
[20180928_072030 / lib_ip.py:3794] file = img.20180928_072029.2018-09-27_23-34-01_000.png.1.png / val_Average = 85.2447	val_Variance = 1225.1470	sd = 35.0021	max = 150	min = 0
[20180928_072030 / lib_ip.py:3977] len(Hs) = 8100, len(Ss) = 8100, len(Vs) = 8100
[20180928_072030 / lib_ip.py:4023] red : variance --> out of range (variance = 1225.147 / upper = 0.430 / lower = 0.000)
[20180928_072030 / lib_ip.py:3794] file = img.20180928_072029.2018-09-27_23-34-01_000.png.1.png / val_Average = 85.2447	val_Variance = 1225.1470	sd = 35.0021	max = 150	min = 0
[20180928_072030 / lib_ip.py:4090] len(Hs) = 8100, len(Ss) = 8100, len(Vs) = 8100
[20180928_072030 / lib_ip.py:4137] green : variance --> out of range (variance = 1225.147 / upper = 0.750 / lower = 0.000)
[20180928_072030 / lib_ip.py:3794] file = img.20180928_072029.2018-09-27_23-34-01_000.png.1.png / val_Average = 85.2447	val_Variance = 1225.1470	sd = 35.0021	max = 150	min = 0
[20180928_072030 / lib_ip.py:4204] len(Hs) = 8100, len(Ss) = 8100, len(Vs) = 8100
[20180928_072030 / lib_ip.py:4248] black : variance --> out of range (variance = 1225.147 / upper = 0.000 / lower = 0.000)
[20180928_072030 / lib_ip.py:4398] file : img.20180928_072029.2018-09-27_23-34-01_000.png.1.png 0 (black : variance --> out of range (variance = 1225.147 / upper = 0.000 / lower = 0.000))
[20180928_072030 / lib_ip.py:2273] inspecting ===> img.20180928_072029.2018-09-27_23-34-01_000.png.2.png
[20180928_072030 / lib_ip.py:4330] 
img.20180928_072029.2018-09-27_23-34-01_000.png.2.png 1
[20180928_072030 / lib_ip.py:3794] file = img.20180928_072029.2018-09-27_23-34-01_000.png.2.png / val_Average = 13.3770	val_Variance = 2152.7534	sd = 46.3978	max = 178	min = 0
[20180928_072030 / lib_ip.py:3877] len(Hs) = 8100, len(Ss) = 8100, len(Vs) = 8100
[20180928_072030 / lib_ip.py:3910] yellow : variance --> out of range (variance = 2152.753 / upper = 0.650 / lower = 0.000)
[20180928_072031 / lib_ip.py:3794] file = img.20180928_072029.2018-09-27_23-34-01_000.png.2.png / val_Average = 13.3770	val_Variance = 2152.7534	sd = 46.3978	max = 178	min = 0
[20180928_072031 / lib_ip.py:3977] len(Hs) = 8100, len(Ss) = 8100, len(Vs) = 8100
[20180928_072031 / lib_ip.py:4023] red : variance --> out of range (variance = 2152.753 / upper = 0.430 / lower = 0.000)
[20180928_072031 / lib_ip.py:3794] file = img.20180928_072029.2018-09-27_23-34-01_000.png.2.png / val_Average = 13.3770	val_Variance = 2152.7534	sd = 46.3978	max = 178	min = 0
[20180928_072031 / lib_ip.py:4090] len(Hs) = 8100, len(Ss) = 8100, len(Vs) = 8100
[20180928_072031 / lib_ip.py:4137] green : variance --> out of range (variance = 2152.753 / upper = 0.750 / lower = 0.000)
[20180928_072031 / lib_ip.py:3794] file = img.20180928_072029.2018-09-27_23-34-01_000.png.2.png / val_Average = 13.3770	val_Variance = 2152.7534	sd = 46.3978	max = 178	min = 0
[20180928_072031 / lib_ip.py:4204] len(Hs) = 8100, len(Ss) = 8100, len(Vs) = 8100
[20180928_072031 / lib_ip.py:4248] black : variance --> out of range (variance = 2152.753 / upper = 0.000 / lower = 0.000)
[20180928_072031 / lib_ip.py:4398] file : img.20180928_072029.2018-09-27_23-34-01_000.png.2.png 1 (black : variance --> out of range (variance = 2152.753 / upper = 0.000 / lower = 0.000))
[20180928_072031 / lib_ip.py:2273] inspecting ===> img.20180928_072029.2018-09-27_23-34-01_000.png.3.png
[20180928_072031 / lib_ip.py:4330] 
img.20180928_072029.2018-09-27_23-34-01_000.png.3.png 2
[20180928_072031 / lib_ip.py:3794] file = img.20180928_072029.2018-09-27_23-34-01_000.png.3.png / val_Average = 100.1380	val_Variance = 487.8928	sd = 22.0883	max = 178	min = 0
[20180928_072031 / lib_ip.py:3877] len(Hs) = 8100, len(Ss) = 8100, len(Vs) = 8100
[20180928_072031 / lib_ip.py:3910] yellow : variance --> out of range (variance = 487.893 / upper = 0.650 / lower = 0.000)
[20180928_072032 / lib_ip.py:3794] file = img.20180928_072029.2018-09-27_23-34-01_000.png.3.png / val_Average = 100.1380	val_Variance = 487.8928	sd = 22.0883	max = 178	min = 0
[20180928_072032 / lib_ip.py:3977] len(Hs) = 8100, len(Ss) = 8100, len(Vs) = 8100
[20180928_072032 / lib_ip.py:4023] red : variance --> out of range (variance = 487.893 / upper = 0.430 / lower = 0.000)
[20180928_072032 / lib_ip.py:3794] file = img.20180928_072029.2018-09-27_23-34-01_000.png.3.png / val_Average = 100.1380	val_Variance = 487.8928	sd = 22.0883	max = 178	min = 0
[20180928_072032 / lib_ip.py:4090] len(Hs) = 8100, len(Ss) = 8100, len(Vs) = 8100
[20180928_072032 / lib_ip.py:4137] green : variance --> out of range (variance = 487.893 / upper = 0.750 / lower = 0.000)
[20180928_072032 / lib_ip.py:3794] file = img.20180928_072029.2018-09-27_23-34-01_000.png.3.png / val_Average = 100.1380	val_Variance = 487.8928	sd = 22.0883	max = 178	min = 0
[20180928_072032 / lib_ip.py:4204] len(Hs) = 8100, len(Ss) = 8100, len(Vs) = 8100
[20180928_072032 / lib_ip.py:4248] black : variance --> out of range (variance = 487.893 / upper = 0.000 / lower = 0.000)
[20180928_072032 / lib_ip.py:4398] file : img.20180928_072029.2018-09-27_23-34-01_000.png.3.png 2 (black : variance --> out of range (variance = 487.893 / upper = 0.000 / lower = 0.000))
[20180928_072032 / lib_ip.py:2273] inspecting ===> img.20180928_072029.2018-09-27_23-34-01_000.png.4.png
[20180928_072032 / lib_ip.py:4330] 
img.20180928_072029.2018-09-27_23-34-01_000.png.4.png 3
[20180928_072032 / lib_ip.py:3794] file = img.20180928_072029.2018-09-27_23-34-01_000.png.4.png / val_Average = 66.7126	val_Variance = 6361.1174	sd = 79.7566	max = 178	min = 0
[20180928_072032 / lib_ip.py:3877] len(Hs) = 8100, len(Ss) = 8100, len(Vs) = 8100
[20180928_072032 / lib_ip.py:3910] yellow : variance --> out of range (variance = 6361.117 / upper = 0.650 / lower = 0.000)
[20180928_072032 / lib_ip.py:3794] file = img.20180928_072029.2018-09-27_23-34-01_000.png.4.png / val_Average = 66.7126	val_Variance = 6361.1174	sd = 79.7566	max = 178	min = 0
[20180928_072032 / lib_ip.py:3977] len(Hs) = 8100, len(Ss) = 8100, len(Vs) = 8100
[20180928_072032 / lib_ip.py:4023] red : variance --> out of range (variance = 6361.117 / upper = 0.430 / lower = 0.000)
[20180928_072032 / lib_ip.py:3794] file = img.20180928_072029.2018-09-27_23-34-01_000.png.4.png / val_Average = 66.7126	val_Variance = 6361.1174	sd = 79.7566	max = 178	min = 0
[20180928_072032 / lib_ip.py:4090] len(Hs) = 8100, len(Ss) = 8100, len(Vs) = 8100
[20180928_072033 / lib_ip.py:4137] green : variance --> out of range (variance = 6361.117 / upper = 0.750 / lower = 0.000)
[20180928_072033 / lib_ip.py:3794] file = img.20180928_072029.2018-09-27_23-34-01_000.png.4.png / val_Average = 66.7126	val_Variance = 6361.1174	sd = 79.7566	max = 178	min = 0
[20180928_072033 / lib_ip.py:4204] len(Hs) = 8100, len(Ss) = 8100, len(Vs) = 8100
[20180928_072033 / lib_ip.py:4248] black : variance --> out of range (variance = 6361.117 / upper = 0.000 / lower = 0.000)
[20180928_072033 / lib_ip.py:4398] file : img.20180928_072029.2018-09-27_23-34-01_000.png.4.png 3 (black : variance --> out of range (variance = 6361.117 / upper = 0.000 / lower = 0.000))
[20180928_072032 / lib_ip.py:2273] inspecting ===> img.20180928_072029.2018-09-27_23-34-01_000.png.4.png
img.20180928_072029.2018-09-27_23-34-01_000.png.1.png => other
img.20180928_072029.2018-09-27_23-34-01_000.png.2.png => other
img.20180928_072029.2018-09-27_23-34-01_000.png.3.png => other
img.20180928_072029.2018-09-27_23-34-01_000.png.4.png => other
[20180928_072033 lib_ip.py:3300] =============== Get 4 corners
dpath_Images = C:\WORKS_2\WS\WS_Others.Art\JVEMV6\46_art\VIRTUAL\Admin_Projects\ip\images
fname_Image = img.20180928_072029.2018-09-27_23-34-01_000.png.4.png

[20180928_072033 / views.py:1029] gen csv => complete (20180928_072033)(elapsed = 57.338 sec / 13 files / 4.411 sec per file)
1)	2018-09-27_10-31-33_000.jpg => 	other other yellow other 
2)	2018-09-27_14-08-55_000.jpg => 	green green other other 
3)	2018-09-27_15-08-17_000.jpg => 	other other red green 
4)	2018-09-27_15-08-41_000.jpg => 	red other green other 
5)	2018-09-27_17-25-18_000.jpg => 	other red other other 
6)	2018-09-27_17-33-21_000.jpg => 	other other green green 
7)	2018-09-27_18-21-58_000.jpg => 	other other red green 
8)	2018-09-27_18-22-34_000.jpg => 	green other red other 
9)	2018-09-27_18-52-43_000.jpg => 	green other red other 
10)	2018-09-27_20-14-49_000.jpg => 	yellow other other other 
11)	2018-09-27_22-23-26_000.jpg => 	other other other other 
12)	2018-09-27_23-30-45_000.jpg => 	other other other other 
13)	2018-09-27_23-34-01_000.png => 	other other other other 
[20180928_072033 / views.py:1415] lo_ColorName_Set__Modified_2 =>
1)	2018-09-27_10-31-33_000.jpg => 	o o o y 
2)	2018-09-27_14-08-55_000.jpg => 	g g o o 
3)	2018-09-27_15-08-17_000.jpg => 	g o o r 
4)	2018-09-27_15-08-41_000.jpg => 	g o o r 
5)	2018-09-27_17-25-18_000.jpg => 	o o o r 
6)	2018-09-27_17-33-21_000.jpg => 	g g o o 
7)	2018-09-27_18-21-58_000.jpg => 	g o o r 
8)	2018-09-27_18-22-34_000.jpg => 	g o o r 
9)	2018-09-27_18-52-43_000.jpg => 	g o o r 
10)	2018-09-27_20-14-49_000.jpg => 	o o o y 
11)	2018-09-27_22-23-26_000.jpg => 	o o o o 
12)	2018-09-27_23-30-45_000.jpg => 	o o o o 
13)	2018-09-27_23-34-01_000.png => 	o o o o 
[20180928_072034 / lib_ip.py:4594] no key 'GPSInfo' for file : C:\WORKS_2\WS\WS_Others.Art\JVEMV6\46_art\VIRTUAL\Admin_Projects\ip\images\2018-09-27_23-34-01_000.png
[20180928_072034 / views.py:1526] gen_Cake_CSV(request) ==> ending... =======================//

