[20190418_064516 / views.py:1886] exec_get_4_corners(request) ================================
[20190418_064518 / lib_ip.py:1961] lo_Color_Names =>
img.20190418_064517.2019-04-17_17-55-01_000.jpg.1.png => other
img.20190418_064517.2019-04-17_17-55-01_000.jpg.2.png => other
img.20190418_064517.2019-04-17_17-55-01_000.jpg.3.png => other
img.20190418_064517.2019-04-17_17-55-01_000.jpg.4.png => other
[20190418_064518 / lib_ip.py:4505] 
2019-04-17_17-55-01_000.jpg 0 ---------------------
[20190418_064518 / lib_ip.py:3753] file = 2019-04-17_17-55-01_000.jpg / val_Average = 107.7677	val_Variance = 1.0144	sd = 1.0072	max = 117	min = 105
[20190418_064518 / lib_ip.py:3836] len(Hs) = 8100, len(Ss) = 8100, len(Vs) = 8100
[20190418_064518 / lib_ip.py:3869] yellow : variance --> out of range (variance = 1.014 / upper = 0.650 / lower = 0.000)
[20190418_064518 / lib_ip.py:3753] file = 2019-04-17_17-55-01_000.jpg / val_Average = 107.7677	val_Variance = 1.0144	sd = 1.0072	max = 117	min = 105
[20190418_064518 / lib_ip.py:3936] len(Hs) = 8100, len(Ss) = 8100, len(Vs) = 8100
[20190418_064518 / lib_ip.py:3982] red : variance --> out of range (variance = 1.014 / upper = 0.430 / lower = 0.000)
[20190418_064518 / lib_ip.py:3753] file = 2019-04-17_17-55-01_000.jpg / val_Average = 107.7677	val_Variance = 1.0144	sd = 1.0072	max = 117	min = 105
[20190418_064518 / lib_ip.py:4052] len(Hs) = 8100, len(Ss) = 8100, len(Vs) = 8100
[20190418_064518 / lib_ip.py:4099] green : variance --> out of range (variance = 1.014 / upper = 0.760 / lower = 0.000)
[20190418_064519 / lib_ip.py:3753] file = 2019-04-17_17-55-01_000.jpg / val_Average = 107.7677	val_Variance = 1.0144	sd = 1.0072	max = 117	min = 105
[20190418_064519 / lib_ip.py:4169] len(Hs) = 8100, len(Ss) = 8100, len(Vs) = 8100
[20190418_064519 / lib_ip.py:4208] blue : variance --> out of range (variance = 1.014 / upper = 0.930 / lower = 0.010)
[20190418_064519 / lib_ip.py:3753] file = 2019-04-17_17-55-01_000.jpg / val_Average = 107.7677	val_Variance = 1.0144	sd = 1.0072	max = 117	min = 105
[20190418_064519 / lib_ip.py:4275] len(Hs) = 8100, len(Ss) = 8100, len(Vs) = 8100
[20190418_064519 / lib_ip.py:4314] pink : variance --> out of range (variance = 1.014 / upper = 0.750 / lower = 0.030)
[20190418_064519 / lib_ip.py:3753] file = 2019-04-17_17-55-01_000.jpg / val_Average = 107.7677	val_Variance = 1.0144	sd = 1.0072	max = 117	min = 105
[20190418_064519 / lib_ip.py:4378] len(Hs) = 8100, len(Ss) = 8100, len(Vs) = 8100
[20190418_064519 / lib_ip.py:4422] black : variance --> out of range (variance = 1.014 / upper = 0.000 / lower = 0.000)
[20190418_064519 / lib_ip.py:4593] file : 2019-04-17_17-55-01_000.jpg 0 (black : variance --> out of range (variance = 1.014 / upper = 0.000 / lower = 0.000))
[20190418_064519 / lib_ip.py:4505] 
2019-04-17_17-55-01_000.jpg 1 ---------------------
[20190418_064519 / lib_ip.py:3753] file = 2019-04-17_17-55-01_000.jpg / val_Average = 97.8868	val_Variance = 0.3685	sd = 0.6071	max = 100	min = 96
[20190418_064519 / lib_ip.py:3836] len(Hs) = 8100, len(Ss) = 8100, len(Vs) = 8100
[20190418_064519 / lib_ip.py:4505] 
2019-04-17_17-55-01_000.jpg 2 ---------------------
[20190418_064519 / lib_ip.py:3753] file = 2019-04-17_17-55-01_000.jpg / val_Average = 76.0736	val_Variance = 0.3279	sd = 0.5726	max = 77	min = 74
[20190418_064519 / lib_ip.py:3836] len(Hs) = 8100, len(Ss) = 8100, len(Vs) = 8100
[20190418_064519 / lib_ip.py:3891] yellow : average --> out of range (average = 76.074 / upper = 99.200 / lower = 85.500)
[20190418_064519 / lib_ip.py:3753] file = 2019-04-17_17-55-01_000.jpg / val_Average = 76.0736	val_Variance = 0.3279	sd = 0.5726	max = 77	min = 74
[20190418_064519 / lib_ip.py:3936] len(Hs) = 8100, len(Ss) = 8100, len(Vs) = 8100
[20190418_064520 / lib_ip.py:4007] red : average --> out of range (average = 76.074 / upper = 124.600 / lower = 115.000)
[20190418_064520 / lib_ip.py:3753] file = 2019-04-17_17-55-01_000.jpg / val_Average = 76.0736	val_Variance = 0.3279	sd = 0.5726	max = 77	min = 74
[20190418_064520 / lib_ip.py:4052] len(Hs) = 8100, len(Ss) = 8100, len(Vs) = 8100
[20190418_064520 / lib_ip.py:4505] 
2019-04-17_17-55-01_000.jpg 3 ---------------------
[20190418_064520 / lib_ip.py:3753] file = 2019-04-17_17-55-01_000.jpg / val_Average = 76.8878	val_Variance = 0.1038	sd = 0.3222	max = 78	min = 76
[20190418_064520 / lib_ip.py:3836] len(Hs) = 8100, len(Ss) = 8100, len(Vs) = 8100
[20190418_064520 / lib_ip.py:3891] yellow : average --> out of range (average = 76.888 / upper = 99.200 / lower = 85.500)
[20190418_064520 / lib_ip.py:3753] file = 2019-04-17_17-55-01_000.jpg / val_Average = 76.8878	val_Variance = 0.1038	sd = 0.3222	max = 78	min = 76
[20190418_064520 / lib_ip.py:3936] len(Hs) = 8100, len(Ss) = 8100, len(Vs) = 8100
[20190418_064520 / lib_ip.py:4007] red : average --> out of range (average = 76.888 / upper = 124.600 / lower = 115.000)
[20190418_064520 / lib_ip.py:3753] file = 2019-04-17_17-55-01_000.jpg / val_Average = 76.8878	val_Variance = 0.1038	sd = 0.3222	max = 78	min = 76
[20190418_064520 / lib_ip.py:4052] len(Hs) = 8100, len(Ss) = 8100, len(Vs) = 8100
[20190418_064520 / lib_ip.py:2021] lo_Color_Names_2 =>
file = img.20190418_064517.2019-04-17_17-55-01_000.jpg.1.png / color name = other
file = img.20190418_064517.2019-04-17_17-55-01_000.jpg.2.png / color name = yellow
file = img.20190418_064517.2019-04-17_17-55-01_000.jpg.3.png / color name = green
file = img.20190418_064517.2019-04-17_17-55-01_000.jpg.4.png / color name = green
