[20190515_074251 / views.py:1822] gen_Cake_CSV(request) ==> starting... =======================
[20190515_074253 / lib_ip.py:2274] inspecting ===> img.20190515_074253.2019-05-14_09-13-13_000.jpg.1.png
[20190515_074254 / lib_ip.py:4505] 
img.20190515_074253.2019-05-14_09-13-13_000.jpg.1.png 0 ---------------------
[20190515_074254 / lib_ip.py:3753] file = img.20190515_074253.2019-05-14_09-13-13_000.jpg.1.png / val_Average = 96.7891	val_Variance = 249.4022	sd = 15.7925	max = 135	min = 0
[20190515_074254 / lib_ip.py:3836] len(Hs) = 8100, len(Ss) = 8100, len(Vs) = 8100
[20190515_074254 / lib_ip.py:3869] yellow : variance --> out of range (variance = 249.402 / upper = 0.650 / lower = 0.000)
[20190515_074254 / lib_ip.py:3753] file = img.20190515_074253.2019-05-14_09-13-13_000.jpg.1.png / val_Average = 96.7891	val_Variance = 249.4022	sd = 15.7925	max = 135	min = 0
[20190515_074254 / lib_ip.py:3936] len(Hs) = 8100, len(Ss) = 8100, len(Vs) = 8100
[20190515_074254 / lib_ip.py:3982] red : variance --> out of range (variance = 249.402 / upper = 0.430 / lower = 0.000)
[20190515_074254 / lib_ip.py:3753] file = img.20190515_074253.2019-05-14_09-13-13_000.jpg.1.png / val_Average = 96.7891	val_Variance = 249.4022	sd = 15.7925	max = 135	min = 0
[20190515_074254 / lib_ip.py:4052] len(Hs) = 8100, len(Ss) = 8100, len(Vs) = 8100
[20190515_074254 / lib_ip.py:4099] green : variance --> out of range (variance = 249.402 / upper = 0.760 / lower = 0.000)
[20190515_074254 / lib_ip.py:3753] file = img.20190515_074253.2019-05-14_09-13-13_000.jpg.1.png / val_Average = 96.7891	val_Variance = 249.4022	sd = 15.7925	max = 135	min = 0
[20190515_074254 / lib_ip.py:4169] len(Hs) = 8100, len(Ss) = 8100, len(Vs) = 8100
[20190515_074254 / lib_ip.py:4208] blue : variance --> out of range (variance = 249.402 / upper = 0.930 / lower = 0.010)
[20190515_074255 / lib_ip.py:3753] file = img.20190515_074253.2019-05-14_09-13-13_000.jpg.1.png / val_Average = 96.7891	val_Variance = 249.4022	sd = 15.7925	max = 135	min = 0
[20190515_074255 / lib_ip.py:4275] len(Hs) = 8100, len(Ss) = 8100, len(Vs) = 8100
[20190515_074255 / lib_ip.py:4314] pink : variance --> out of range (variance = 249.402 / upper = 0.750 / lower = 0.030)
[20190515_074255 / lib_ip.py:3753] file = img.20190515_074253.2019-05-14_09-13-13_000.jpg.1.png / val_Average = 96.7891	val_Variance = 249.4022	sd = 15.7925	max = 135	min = 0
[20190515_074255 / lib_ip.py:4378] len(Hs) = 8100, len(Ss) = 8100, len(Vs) = 8100
[20190515_074255 / lib_ip.py:4422] black : variance --> out of range (variance = 249.402 / upper = 0.000 / lower = 0.000)
[20190515_074255 / lib_ip.py:4593] file : img.20190515_074253.2019-05-14_09-13-13_000.jpg.1.png 0 (black : variance --> out of range (variance = 249.402 / upper = 0.000 / lower = 0.000))
[20190515_074255 / lib_ip.py:2274] inspecting ===> img.20190515_074253.2019-05-14_09-13-13_000.jpg.2.png
[20190515_074255 / lib_ip.py:4505] 
img.20190515_074253.2019-05-14_09-13-13_000.jpg.2.png 1 ---------------------
[20190515_074255 / lib_ip.py:3753] file = img.20190515_074253.2019-05-14_09-13-13_000.jpg.2.png / val_Average = 85.9125	val_Variance = 879.5690	sd = 29.6575	max = 160	min = 0
[20190515_074255 / lib_ip.py:3836] len(Hs) = 8100, len(Ss) = 8100, len(Vs) = 8100
[20190515_074255 / lib_ip.py:3869] yellow : variance --> out of range (variance = 879.569 / upper = 0.650 / lower = 0.000)
[20190515_074256 / lib_ip.py:3753] file = img.20190515_074253.2019-05-14_09-13-13_000.jpg.2.png / val_Average = 85.9125	val_Variance = 879.5690	sd = 29.6575	max = 160	min = 0
[20190515_074256 / lib_ip.py:3936] len(Hs) = 8100, len(Ss) = 8100, len(Vs) = 8100
[20190515_074256 / lib_ip.py:3982] red : variance --> out of range (variance = 879.569 / upper = 0.430 / lower = 0.000)
[20190515_074256 / lib_ip.py:3753] file = img.20190515_074253.2019-05-14_09-13-13_000.jpg.2.png / val_Average = 85.9125	val_Variance = 879.5690	sd = 29.6575	max = 160	min = 0
[20190515_074256 / lib_ip.py:4052] len(Hs) = 8100, len(Ss) = 8100, len(Vs) = 8100
[20190515_074256 / lib_ip.py:4099] green : variance --> out of range (variance = 879.569 / upper = 0.760 / lower = 0.000)
[20190515_074256 / lib_ip.py:3753] file = img.20190515_074253.2019-05-14_09-13-13_000.jpg.2.png / val_Average = 85.9125	val_Variance = 879.5690	sd = 29.6575	max = 160	min = 0
[20190515_074256 / lib_ip.py:4169] len(Hs) = 8100, len(Ss) = 8100, len(Vs) = 8100
[20190515_074256 / lib_ip.py:4208] blue : variance --> out of range (variance = 879.569 / upper = 0.930 / lower = 0.010)
[20190515_074256 / lib_ip.py:3753] file = img.20190515_074253.2019-05-14_09-13-13_000.jpg.2.png / val_Average = 85.9125	val_Variance = 879.5690	sd = 29.6575	max = 160	min = 0
[20190515_074256 / lib_ip.py:4275] len(Hs) = 8100, len(Ss) = 8100, len(Vs) = 8100
[20190515_074256 / lib_ip.py:4314] pink : variance --> out of range (variance = 879.569 / upper = 0.750 / lower = 0.030)
[20190515_074256 / lib_ip.py:3753] file = img.20190515_074253.2019-05-14_09-13-13_000.jpg.2.png / val_Average = 85.9125	val_Variance = 879.5690	sd = 29.6575	max = 160	min = 0
[20190515_074256 / lib_ip.py:4378] len(Hs) = 8100, len(Ss) = 8100, len(Vs) = 8100
[20190515_074256 / lib_ip.py:4422] black : variance --> out of range (variance = 879.569 / upper = 0.000 / lower = 0.000)
[20190515_074256 / lib_ip.py:4593] file : img.20190515_074253.2019-05-14_09-13-13_000.jpg.2.png 1 (black : variance --> out of range (variance = 879.569 / upper = 0.000 / lower = 0.000))
[20190515_074256 / lib_ip.py:2274] inspecting ===> img.20190515_074253.2019-05-14_09-13-13_000.jpg.3.png
[20190515_074256 / lib_ip.py:4505] 
img.20190515_074253.2019-05-14_09-13-13_000.jpg.3.png 2 ---------------------
[20190515_074257 / lib_ip.py:3753] file = img.20190515_074253.2019-05-14_09-13-13_000.jpg.3.png / val_Average = 75.9775	val_Variance = 0.1079	sd = 0.3285	max = 77	min = 75
[20190515_074257 / lib_ip.py:3836] len(Hs) = 8100, len(Ss) = 8100, len(Vs) = 8100
[20190515_074257 / lib_ip.py:3891] yellow : average --> out of range (average = 75.978 / upper = 99.200 / lower = 85.500)
[20190515_074257 / lib_ip.py:3753] file = img.20190515_074253.2019-05-14_09-13-13_000.jpg.3.png / val_Average = 75.9775	val_Variance = 0.1079	sd = 0.3285	max = 77	min = 75
[20190515_074257 / lib_ip.py:3936] len(Hs) = 8100, len(Ss) = 8100, len(Vs) = 8100
[20190515_074257 / lib_ip.py:4007] red : average --> out of range (average = 75.978 / upper = 124.600 / lower = 115.000)
[20190515_074257 / lib_ip.py:3753] file = img.20190515_074253.2019-05-14_09-13-13_000.jpg.3.png / val_Average = 75.9775	val_Variance = 0.1079	sd = 0.3285	max = 77	min = 75
[20190515_074257 / lib_ip.py:4052] len(Hs) = 8100, len(Ss) = 8100, len(Vs) = 8100
[20190515_074257 / lib_ip.py:2274] inspecting ===> img.20190515_074253.2019-05-14_09-13-13_000.jpg.4.png
[20190515_074257 / lib_ip.py:4505] 
img.20190515_074253.2019-05-14_09-13-13_000.jpg.4.png 3 ---------------------
[20190515_074258 / lib_ip.py:3753] file = img.20190515_074253.2019-05-14_09-13-13_000.jpg.4.png / val_Average = 76.1759	val_Variance = 0.1551	sd = 0.3938	max = 77	min = 75
[20190515_074258 / lib_ip.py:3836] len(Hs) = 8100, len(Ss) = 8100, len(Vs) = 8100
[20190515_074258 / lib_ip.py:3891] yellow : average --> out of range (average = 76.176 / upper = 99.200 / lower = 85.500)
[20190515_074258 / lib_ip.py:3753] file = img.20190515_074253.2019-05-14_09-13-13_000.jpg.4.png / val_Average = 76.1759	val_Variance = 0.1551	sd = 0.3938	max = 77	min = 75
[20190515_074258 / lib_ip.py:3936] len(Hs) = 8100, len(Ss) = 8100, len(Vs) = 8100
[20190515_074258 / lib_ip.py:4007] red : average --> out of range (average = 76.176 / upper = 124.600 / lower = 115.000)
[20190515_074258 / lib_ip.py:3753] file = img.20190515_074253.2019-05-14_09-13-13_000.jpg.4.png / val_Average = 76.1759	val_Variance = 0.1551	sd = 0.3938	max = 77	min = 75
[20190515_074258 / lib_ip.py:4052] len(Hs) = 8100, len(Ss) = 8100, len(Vs) = 8100
[20190515_074257 / lib_ip.py:2274] inspecting ===> img.20190515_074253.2019-05-14_09-13-13_000.jpg.4.png
img.20190515_074253.2019-05-14_09-13-13_000.jpg.1.png => other
img.20190515_074253.2019-05-14_09-13-13_000.jpg.2.png => other
img.20190515_074253.2019-05-14_09-13-13_000.jpg.3.png => other
img.20190515_074253.2019-05-14_09-13-13_000.jpg.4.png => other
[20190515_074258 lib_ip.py:3301] =============== Get 4 corners
dpath_Images = C:\WORKS_2\WS\WS_Others.Art\JVEMV6\46_art\VIRTUAL\Admin_Projects\ip\images
fname_Image = img.20190515_074253.2019-05-14_09-13-13_000.jpg.4.png

[20190515_074259 / lib_ip.py:2274] inspecting ===> img.20190515_074259.2019-05-14_10-37-16_000.jpg.1.png
[20190515_074259 / lib_ip.py:4505] 
img.20190515_074259.2019-05-14_10-37-16_000.jpg.1.png 0 ---------------------
[20190515_074259 / lib_ip.py:3753] file = img.20190515_074259.2019-05-14_10-37-16_000.jpg.1.png / val_Average = 106.3073	val_Variance = 9.4445	sd = 3.0732	max = 123	min = 95
[20190515_074259 / lib_ip.py:3836] len(Hs) = 8100, len(Ss) = 8100, len(Vs) = 8100
[20190515_074259 / lib_ip.py:3869] yellow : variance --> out of range (variance = 9.444 / upper = 0.650 / lower = 0.000)
[20190515_074259 / lib_ip.py:3753] file = img.20190515_074259.2019-05-14_10-37-16_000.jpg.1.png / val_Average = 106.3073	val_Variance = 9.4445	sd = 3.0732	max = 123	min = 95
[20190515_074259 / lib_ip.py:3936] len(Hs) = 8100, len(Ss) = 8100, len(Vs) = 8100
[20190515_074300 / lib_ip.py:3982] red : variance --> out of range (variance = 9.444 / upper = 0.430 / lower = 0.000)
[20190515_074300 / lib_ip.py:3753] file = img.20190515_074259.2019-05-14_10-37-16_000.jpg.1.png / val_Average = 106.3073	val_Variance = 9.4445	sd = 3.0732	max = 123	min = 95
[20190515_074300 / lib_ip.py:4052] len(Hs) = 8100, len(Ss) = 8100, len(Vs) = 8100
[20190515_074300 / lib_ip.py:4099] green : variance --> out of range (variance = 9.444 / upper = 0.760 / lower = 0.000)
[20190515_074300 / lib_ip.py:3753] file = img.20190515_074259.2019-05-14_10-37-16_000.jpg.1.png / val_Average = 106.3073	val_Variance = 9.4445	sd = 3.0732	max = 123	min = 95
[20190515_074300 / lib_ip.py:4169] len(Hs) = 8100, len(Ss) = 8100, len(Vs) = 8100
[20190515_074300 / lib_ip.py:4208] blue : variance --> out of range (variance = 9.444 / upper = 0.930 / lower = 0.010)
[20190515_074300 / lib_ip.py:3753] file = img.20190515_074259.2019-05-14_10-37-16_000.jpg.1.png / val_Average = 106.3073	val_Variance = 9.4445	sd = 3.0732	max = 123	min = 95
[20190515_074300 / lib_ip.py:4275] len(Hs) = 8100, len(Ss) = 8100, len(Vs) = 8100
[20190515_074300 / lib_ip.py:4314] pink : variance --> out of range (variance = 9.444 / upper = 0.750 / lower = 0.030)
[20190515_074300 / lib_ip.py:3753] file = img.20190515_074259.2019-05-14_10-37-16_000.jpg.1.png / val_Average = 106.3073	val_Variance = 9.4445	sd = 3.0732	max = 123	min = 95
[20190515_074300 / lib_ip.py:4378] len(Hs) = 8100, len(Ss) = 8100, len(Vs) = 8100
[20190515_074300 / lib_ip.py:4422] black : variance --> out of range (variance = 9.444 / upper = 0.000 / lower = 0.000)
[20190515_074300 / lib_ip.py:4593] file : img.20190515_074259.2019-05-14_10-37-16_000.jpg.1.png 0 (black : variance --> out of range (variance = 9.444 / upper = 0.000 / lower = 0.000))
[20190515_074300 / lib_ip.py:2274] inspecting ===> img.20190515_074259.2019-05-14_10-37-16_000.jpg.2.png
[20190515_074301 / lib_ip.py:4505] 
img.20190515_074259.2019-05-14_10-37-16_000.jpg.2.png 1 ---------------------
[20190515_074301 / lib_ip.py:3753] file = img.20190515_074259.2019-05-14_10-37-16_000.jpg.2.png / val_Average = 108.1607	val_Variance = 17.3949	sd = 4.1707	max = 135	min = 90
[20190515_074301 / lib_ip.py:3836] len(Hs) = 8100, len(Ss) = 8100, len(Vs) = 8100
[20190515_074301 / lib_ip.py:3869] yellow : variance --> out of range (variance = 17.395 / upper = 0.650 / lower = 0.000)
[20190515_074301 / lib_ip.py:3753] file = img.20190515_074259.2019-05-14_10-37-16_000.jpg.2.png / val_Average = 108.1607	val_Variance = 17.3949	sd = 4.1707	max = 135	min = 90
[20190515_074301 / lib_ip.py:3936] len(Hs) = 8100, len(Ss) = 8100, len(Vs) = 8100
[20190515_074301 / lib_ip.py:3982] red : variance --> out of range (variance = 17.395 / upper = 0.430 / lower = 0.000)
[20190515_074301 / lib_ip.py:3753] file = img.20190515_074259.2019-05-14_10-37-16_000.jpg.2.png / val_Average = 108.1607	val_Variance = 17.3949	sd = 4.1707	max = 135	min = 90
[20190515_074301 / lib_ip.py:4052] len(Hs) = 8100, len(Ss) = 8100, len(Vs) = 8100
[20190515_074301 / lib_ip.py:4099] green : variance --> out of range (variance = 17.395 / upper = 0.760 / lower = 0.000)
[20190515_074301 / lib_ip.py:3753] file = img.20190515_074259.2019-05-14_10-37-16_000.jpg.2.png / val_Average = 108.1607	val_Variance = 17.3949	sd = 4.1707	max = 135	min = 90
[20190515_074301 / lib_ip.py:4169] len(Hs) = 8100, len(Ss) = 8100, len(Vs) = 8100
[20190515_074302 / lib_ip.py:4208] blue : variance --> out of range (variance = 17.395 / upper = 0.930 / lower = 0.010)
[20190515_074302 / lib_ip.py:3753] file = img.20190515_074259.2019-05-14_10-37-16_000.jpg.2.png / val_Average = 108.1607	val_Variance = 17.3949	sd = 4.1707	max = 135	min = 90
[20190515_074302 / lib_ip.py:4275] len(Hs) = 8100, len(Ss) = 8100, len(Vs) = 8100
[20190515_074302 / lib_ip.py:4314] pink : variance --> out of range (variance = 17.395 / upper = 0.750 / lower = 0.030)
[20190515_074302 / lib_ip.py:3753] file = img.20190515_074259.2019-05-14_10-37-16_000.jpg.2.png / val_Average = 108.1607	val_Variance = 17.3949	sd = 4.1707	max = 135	min = 90
[20190515_074302 / lib_ip.py:4378] len(Hs) = 8100, len(Ss) = 8100, len(Vs) = 8100
[20190515_074302 / lib_ip.py:4422] black : variance --> out of range (variance = 17.395 / upper = 0.000 / lower = 0.000)
[20190515_074302 / lib_ip.py:4593] file : img.20190515_074259.2019-05-14_10-37-16_000.jpg.2.png 1 (black : variance --> out of range (variance = 17.395 / upper = 0.000 / lower = 0.000))
[20190515_074302 / lib_ip.py:2274] inspecting ===> img.20190515_074259.2019-05-14_10-37-16_000.jpg.3.png
[20190515_074302 / lib_ip.py:4505] 
img.20190515_074259.2019-05-14_10-37-16_000.jpg.3.png 2 ---------------------
[20190515_074302 / lib_ip.py:3753] file = img.20190515_074259.2019-05-14_10-37-16_000.jpg.3.png / val_Average = 93.4886	val_Variance = 0.2499	sd = 0.4999	max = 94	min = 93
[20190515_074302 / lib_ip.py:3836] len(Hs) = 8100, len(Ss) = 8100, len(Vs) = 8100
[20190515_074302 / lib_ip.py:2274] inspecting ===> img.20190515_074259.2019-05-14_10-37-16_000.jpg.4.png
[20190515_074303 / lib_ip.py:4505] 
img.20190515_074259.2019-05-14_10-37-16_000.jpg.4.png 3 ---------------------
[20190515_074303 / lib_ip.py:3753] file = img.20190515_074259.2019-05-14_10-37-16_000.jpg.4.png / val_Average = 67.7537	val_Variance = 1723.7032	sd = 41.5175	max = 135	min = 0
[20190515_074303 / lib_ip.py:3836] len(Hs) = 8100, len(Ss) = 8100, len(Vs) = 8100
[20190515_074303 / lib_ip.py:3869] yellow : variance --> out of range (variance = 1723.703 / upper = 0.650 / lower = 0.000)
[20190515_074303 / lib_ip.py:3753] file = img.20190515_074259.2019-05-14_10-37-16_000.jpg.4.png / val_Average = 67.7537	val_Variance = 1723.7032	sd = 41.5175	max = 135	min = 0
[20190515_074303 / lib_ip.py:3936] len(Hs) = 8100, len(Ss) = 8100, len(Vs) = 8100
[20190515_074303 / lib_ip.py:3982] red : variance --> out of range (variance = 1723.703 / upper = 0.430 / lower = 0.000)
[20190515_074303 / lib_ip.py:3753] file = img.20190515_074259.2019-05-14_10-37-16_000.jpg.4.png / val_Average = 67.7537	val_Variance = 1723.7032	sd = 41.5175	max = 135	min = 0
[20190515_074303 / lib_ip.py:4052] len(Hs) = 8100, len(Ss) = 8100, len(Vs) = 8100
[20190515_074303 / lib_ip.py:4099] green : variance --> out of range (variance = 1723.703 / upper = 0.760 / lower = 0.000)
[20190515_074303 / lib_ip.py:3753] file = img.20190515_074259.2019-05-14_10-37-16_000.jpg.4.png / val_Average = 67.7537	val_Variance = 1723.7032	sd = 41.5175	max = 135	min = 0
[20190515_074303 / lib_ip.py:4169] len(Hs) = 8100, len(Ss) = 8100, len(Vs) = 8100
[20190515_074303 / lib_ip.py:4208] blue : variance --> out of range (variance = 1723.703 / upper = 0.930 / lower = 0.010)
[20190515_074304 / lib_ip.py:3753] file = img.20190515_074259.2019-05-14_10-37-16_000.jpg.4.png / val_Average = 67.7537	val_Variance = 1723.7032	sd = 41.5175	max = 135	min = 0
[20190515_074304 / lib_ip.py:4275] len(Hs) = 8100, len(Ss) = 8100, len(Vs) = 8100
[20190515_074304 / lib_ip.py:4314] pink : variance --> out of range (variance = 1723.703 / upper = 0.750 / lower = 0.030)
[20190515_074304 / lib_ip.py:3753] file = img.20190515_074259.2019-05-14_10-37-16_000.jpg.4.png / val_Average = 67.7537	val_Variance = 1723.7032	sd = 41.5175	max = 135	min = 0
[20190515_074304 / lib_ip.py:4378] len(Hs) = 8100, len(Ss) = 8100, len(Vs) = 8100
[20190515_074304 / lib_ip.py:4422] black : variance --> out of range (variance = 1723.703 / upper = 0.000 / lower = 0.000)
[20190515_074304 / lib_ip.py:4593] file : img.20190515_074259.2019-05-14_10-37-16_000.jpg.4.png 3 (black : variance --> out of range (variance = 1723.703 / upper = 0.000 / lower = 0.000))
[20190515_074302 / lib_ip.py:2274] inspecting ===> img.20190515_074259.2019-05-14_10-37-16_000.jpg.4.png
img.20190515_074259.2019-05-14_10-37-16_000.jpg.1.png => other
img.20190515_074259.2019-05-14_10-37-16_000.jpg.2.png => other
img.20190515_074259.2019-05-14_10-37-16_000.jpg.3.png => other
img.20190515_074259.2019-05-14_10-37-16_000.jpg.4.png => other
[20190515_074304 lib_ip.py:3301] =============== Get 4 corners
dpath_Images = C:\WORKS_2\WS\WS_Others.Art\JVEMV6\46_art\VIRTUAL\Admin_Projects\ip\images
fname_Image = img.20190515_074259.2019-05-14_10-37-16_000.jpg.4.png

[20190515_074305 / lib_ip.py:2274] inspecting ===> img.20190515_074305.2019-05-14_19-05-35_000.jpg.1.png
[20190515_074305 / lib_ip.py:4505] 
img.20190515_074305.2019-05-14_19-05-35_000.jpg.1.png 0 ---------------------
[20190515_074306 / lib_ip.py:3753] file = img.20190515_074305.2019-05-14_19-05-35_000.jpg.1.png / val_Average = 46.0535	val_Variance = 1827.2195	sd = 42.7460	max = 135	min = 0
[20190515_074306 / lib_ip.py:3836] len(Hs) = 8100, len(Ss) = 8100, len(Vs) = 8100
[20190515_074306 / lib_ip.py:3869] yellow : variance --> out of range (variance = 1827.219 / upper = 0.650 / lower = 0.000)
[20190515_074306 / lib_ip.py:3753] file = img.20190515_074305.2019-05-14_19-05-35_000.jpg.1.png / val_Average = 46.0535	val_Variance = 1827.2195	sd = 42.7460	max = 135	min = 0
[20190515_074306 / lib_ip.py:3936] len(Hs) = 8100, len(Ss) = 8100, len(Vs) = 8100
[20190515_074306 / lib_ip.py:3982] red : variance --> out of range (variance = 1827.219 / upper = 0.430 / lower = 0.000)
[20190515_074306 / lib_ip.py:3753] file = img.20190515_074305.2019-05-14_19-05-35_000.jpg.1.png / val_Average = 46.0535	val_Variance = 1827.2195	sd = 42.7460	max = 135	min = 0
[20190515_074306 / lib_ip.py:4052] len(Hs) = 8100, len(Ss) = 8100, len(Vs) = 8100
[20190515_074306 / lib_ip.py:4099] green : variance --> out of range (variance = 1827.219 / upper = 0.760 / lower = 0.000)
[20190515_074307 / lib_ip.py:3753] file = img.20190515_074305.2019-05-14_19-05-35_000.jpg.1.png / val_Average = 46.0535	val_Variance = 1827.2195	sd = 42.7460	max = 135	min = 0
[20190515_074307 / lib_ip.py:4169] len(Hs) = 8100, len(Ss) = 8100, len(Vs) = 8100
[20190515_074307 / lib_ip.py:4208] blue : variance --> out of range (variance = 1827.219 / upper = 0.930 / lower = 0.010)
[20190515_074307 / lib_ip.py:3753] file = img.20190515_074305.2019-05-14_19-05-35_000.jpg.1.png / val_Average = 46.0535	val_Variance = 1827.2195	sd = 42.7460	max = 135	min = 0
[20190515_074307 / lib_ip.py:4275] len(Hs) = 8100, len(Ss) = 8100, len(Vs) = 8100
[20190515_074307 / lib_ip.py:4314] pink : variance --> out of range (variance = 1827.219 / upper = 0.750 / lower = 0.030)
[20190515_074307 / lib_ip.py:3753] file = img.20190515_074305.2019-05-14_19-05-35_000.jpg.1.png / val_Average = 46.0535	val_Variance = 1827.2195	sd = 42.7460	max = 135	min = 0
[20190515_074307 / lib_ip.py:4378] len(Hs) = 8100, len(Ss) = 8100, len(Vs) = 8100
[20190515_074307 / lib_ip.py:4422] black : variance --> out of range (variance = 1827.219 / upper = 0.000 / lower = 0.000)
[20190515_074307 / lib_ip.py:4593] file : img.20190515_074305.2019-05-14_19-05-35_000.jpg.1.png 0 (black : variance --> out of range (variance = 1827.219 / upper = 0.000 / lower = 0.000))
[20190515_074307 / lib_ip.py:2274] inspecting ===> img.20190515_074305.2019-05-14_19-05-35_000.jpg.2.png
[20190515_074308 / lib_ip.py:4505] 
img.20190515_074305.2019-05-14_19-05-35_000.jpg.2.png 1 ---------------------
[20190515_074308 / lib_ip.py:3753] file = img.20190515_074305.2019-05-14_19-05-35_000.jpg.2.png / val_Average = 120.9944	val_Variance = 0.0275	sd = 0.1658	max = 122	min = 120
[20190515_074308 / lib_ip.py:3836] len(Hs) = 8100, len(Ss) = 8100, len(Vs) = 8100
[20190515_074308 / lib_ip.py:3891] yellow : average --> out of range (average = 120.994 / upper = 99.200 / lower = 85.500)
[20190515_074308 / lib_ip.py:3753] file = img.20190515_074305.2019-05-14_19-05-35_000.jpg.2.png / val_Average = 120.9944	val_Variance = 0.0275	sd = 0.1658	max = 122	min = 120
[20190515_074308 / lib_ip.py:3936] len(Hs) = 8100, len(Ss) = 8100, len(Vs) = 8100
[20190515_074308 / lib_ip.py:2274] inspecting ===> img.20190515_074305.2019-05-14_19-05-35_000.jpg.3.png
[20190515_074309 / lib_ip.py:4505] 
img.20190515_074305.2019-05-14_19-05-35_000.jpg.3.png 2 ---------------------
[20190515_074309 / lib_ip.py:3753] file = img.20190515_074305.2019-05-14_19-05-35_000.jpg.3.png / val_Average = 43.6600	val_Variance = 1732.5217	sd = 41.6236	max = 160	min = 0
[20190515_074309 / lib_ip.py:3836] len(Hs) = 8100, len(Ss) = 8100, len(Vs) = 8100
[20190515_074309 / lib_ip.py:3869] yellow : variance --> out of range (variance = 1732.522 / upper = 0.650 / lower = 0.000)
[20190515_074309 / lib_ip.py:3753] file = img.20190515_074305.2019-05-14_19-05-35_000.jpg.3.png / val_Average = 43.6600	val_Variance = 1732.5217	sd = 41.6236	max = 160	min = 0
[20190515_074309 / lib_ip.py:3936] len(Hs) = 8100, len(Ss) = 8100, len(Vs) = 8100
[20190515_074309 / lib_ip.py:3982] red : variance --> out of range (variance = 1732.522 / upper = 0.430 / lower = 0.000)
[20190515_074309 / lib_ip.py:3753] file = img.20190515_074305.2019-05-14_19-05-35_000.jpg.3.png / val_Average = 43.6600	val_Variance = 1732.5217	sd = 41.6236	max = 160	min = 0
[20190515_074309 / lib_ip.py:4052] len(Hs) = 8100, len(Ss) = 8100, len(Vs) = 8100
[20190515_074309 / lib_ip.py:4099] green : variance --> out of range (variance = 1732.522 / upper = 0.760 / lower = 0.000)
[20190515_074309 / lib_ip.py:3753] file = img.20190515_074305.2019-05-14_19-05-35_000.jpg.3.png / val_Average = 43.6600	val_Variance = 1732.5217	sd = 41.6236	max = 160	min = 0
[20190515_074309 / lib_ip.py:4169] len(Hs) = 8100, len(Ss) = 8100, len(Vs) = 8100
[20190515_074309 / lib_ip.py:4208] blue : variance --> out of range (variance = 1732.522 / upper = 0.930 / lower = 0.010)
[20190515_074309 / lib_ip.py:3753] file = img.20190515_074305.2019-05-14_19-05-35_000.jpg.3.png / val_Average = 43.6600	val_Variance = 1732.5217	sd = 41.6236	max = 160	min = 0
[20190515_074309 / lib_ip.py:4275] len(Hs) = 8100, len(Ss) = 8100, len(Vs) = 8100
[20190515_074309 / lib_ip.py:4314] pink : variance --> out of range (variance = 1732.522 / upper = 0.750 / lower = 0.030)
[20190515_074310 / lib_ip.py:3753] file = img.20190515_074305.2019-05-14_19-05-35_000.jpg.3.png / val_Average = 43.6600	val_Variance = 1732.5217	sd = 41.6236	max = 160	min = 0
[20190515_074310 / lib_ip.py:4378] len(Hs) = 8100, len(Ss) = 8100, len(Vs) = 8100
[20190515_074310 / lib_ip.py:4422] black : variance --> out of range (variance = 1732.522 / upper = 0.000 / lower = 0.000)
[20190515_074310 / lib_ip.py:4593] file : img.20190515_074305.2019-05-14_19-05-35_000.jpg.3.png 2 (black : variance --> out of range (variance = 1732.522 / upper = 0.000 / lower = 0.000))
[20190515_074310 / lib_ip.py:2274] inspecting ===> img.20190515_074305.2019-05-14_19-05-35_000.jpg.4.png
[20190515_074310 / lib_ip.py:4505] 
img.20190515_074305.2019-05-14_19-05-35_000.jpg.4.png 3 ---------------------
[20190515_074310 / lib_ip.py:3753] file = img.20190515_074305.2019-05-14_19-05-35_000.jpg.4.png / val_Average = 94.8342	val_Variance = 0.1383	sd = 0.3719	max = 95	min = 94
[20190515_074310 / lib_ip.py:3836] len(Hs) = 8100, len(Ss) = 8100, len(Vs) = 8100
[20190515_074310 / lib_ip.py:2274] inspecting ===> img.20190515_074305.2019-05-14_19-05-35_000.jpg.4.png
img.20190515_074305.2019-05-14_19-05-35_000.jpg.1.png => other
img.20190515_074305.2019-05-14_19-05-35_000.jpg.2.png => other
img.20190515_074305.2019-05-14_19-05-35_000.jpg.3.png => other
img.20190515_074305.2019-05-14_19-05-35_000.jpg.4.png => other
[20190515_074310 lib_ip.py:3301] =============== Get 4 corners
dpath_Images = C:\WORKS_2\WS\WS_Others.Art\JVEMV6\46_art\VIRTUAL\Admin_Projects\ip\images
fname_Image = img.20190515_074305.2019-05-14_19-05-35_000.jpg.4.png

[20190515_074311 / lib_ip.py:2274] inspecting ===> img.20190515_074311.2019-05-14_19-05-52_000.jpg.1.png
[20190515_074311 / lib_ip.py:4505] 
img.20190515_074311.2019-05-14_19-05-52_000.jpg.1.png 0 ---------------------
[20190515_074311 / lib_ip.py:3753] file = img.20190515_074311.2019-05-14_19-05-52_000.jpg.1.png / val_Average = 44.5648	val_Variance = 2063.6747	sd = 45.4277	max = 160	min = 0
[20190515_074311 / lib_ip.py:3836] len(Hs) = 8100, len(Ss) = 8100, len(Vs) = 8100
[20190515_074311 / lib_ip.py:3869] yellow : variance --> out of range (variance = 2063.675 / upper = 0.650 / lower = 0.000)
[20190515_074311 / lib_ip.py:3753] file = img.20190515_074311.2019-05-14_19-05-52_000.jpg.1.png / val_Average = 44.5648	val_Variance = 2063.6747	sd = 45.4277	max = 160	min = 0
[20190515_074311 / lib_ip.py:3936] len(Hs) = 8100, len(Ss) = 8100, len(Vs) = 8100
[20190515_074312 / lib_ip.py:3982] red : variance --> out of range (variance = 2063.675 / upper = 0.430 / lower = 0.000)
[20190515_074312 / lib_ip.py:3753] file = img.20190515_074311.2019-05-14_19-05-52_000.jpg.1.png / val_Average = 44.5648	val_Variance = 2063.6747	sd = 45.4277	max = 160	min = 0
[20190515_074312 / lib_ip.py:4052] len(Hs) = 8100, len(Ss) = 8100, len(Vs) = 8100
[20190515_074312 / lib_ip.py:4099] green : variance --> out of range (variance = 2063.675 / upper = 0.760 / lower = 0.000)
[20190515_074312 / lib_ip.py:3753] file = img.20190515_074311.2019-05-14_19-05-52_000.jpg.1.png / val_Average = 44.5648	val_Variance = 2063.6747	sd = 45.4277	max = 160	min = 0
[20190515_074312 / lib_ip.py:4169] len(Hs) = 8100, len(Ss) = 8100, len(Vs) = 8100
[20190515_074312 / lib_ip.py:4208] blue : variance --> out of range (variance = 2063.675 / upper = 0.930 / lower = 0.010)
[20190515_074312 / lib_ip.py:3753] file = img.20190515_074311.2019-05-14_19-05-52_000.jpg.1.png / val_Average = 44.5648	val_Variance = 2063.6747	sd = 45.4277	max = 160	min = 0
[20190515_074312 / lib_ip.py:4275] len(Hs) = 8100, len(Ss) = 8100, len(Vs) = 8100
[20190515_074312 / lib_ip.py:4314] pink : variance --> out of range (variance = 2063.675 / upper = 0.750 / lower = 0.030)
[20190515_074312 / lib_ip.py:3753] file = img.20190515_074311.2019-05-14_19-05-52_000.jpg.1.png / val_Average = 44.5648	val_Variance = 2063.6747	sd = 45.4277	max = 160	min = 0
[20190515_074312 / lib_ip.py:4378] len(Hs) = 8100, len(Ss) = 8100, len(Vs) = 8100
[20190515_074312 / lib_ip.py:4422] black : variance --> out of range (variance = 2063.675 / upper = 0.000 / lower = 0.000)
[20190515_074312 / lib_ip.py:4593] file : img.20190515_074311.2019-05-14_19-05-52_000.jpg.1.png 0 (black : variance --> out of range (variance = 2063.675 / upper = 0.000 / lower = 0.000))
[20190515_074312 / lib_ip.py:2274] inspecting ===> img.20190515_074311.2019-05-14_19-05-52_000.jpg.2.png
[20190515_074313 / lib_ip.py:4505] 
img.20190515_074311.2019-05-14_19-05-52_000.jpg.2.png 1 ---------------------
[20190515_074313 / lib_ip.py:3753] file = img.20190515_074311.2019-05-14_19-05-52_000.jpg.2.png / val_Average = 122.9975	val_Variance = 0.0180	sd = 0.1342	max = 124	min = 122
[20190515_074313 / lib_ip.py:3836] len(Hs) = 8100, len(Ss) = 8100, len(Vs) = 8100
[20190515_074313 / lib_ip.py:3891] yellow : average --> out of range (average = 122.998 / upper = 99.200 / lower = 85.500)
[20190515_074313 / lib_ip.py:3753] file = img.20190515_074311.2019-05-14_19-05-52_000.jpg.2.png / val_Average = 122.9975	val_Variance = 0.0180	sd = 0.1342	max = 124	min = 122
[20190515_074313 / lib_ip.py:3936] len(Hs) = 8100, len(Ss) = 8100, len(Vs) = 8100
[20190515_074313 / lib_ip.py:2274] inspecting ===> img.20190515_074311.2019-05-14_19-05-52_000.jpg.3.png
[20190515_074313 / lib_ip.py:4505] 
img.20190515_074311.2019-05-14_19-05-52_000.jpg.3.png 2 ---------------------
[20190515_074313 / lib_ip.py:3753] file = img.20190515_074311.2019-05-14_19-05-52_000.jpg.3.png / val_Average = 51.8622	val_Variance = 1599.3605	sd = 39.9920	max = 135	min = 0
[20190515_074314 / lib_ip.py:3836] len(Hs) = 8100, len(Ss) = 8100, len(Vs) = 8100
[20190515_074314 / lib_ip.py:3869] yellow : variance --> out of range (variance = 1599.361 / upper = 0.650 / lower = 0.000)
[20190515_074314 / lib_ip.py:3753] file = img.20190515_074311.2019-05-14_19-05-52_000.jpg.3.png / val_Average = 51.8622	val_Variance = 1599.3605	sd = 39.9920	max = 135	min = 0
[20190515_074314 / lib_ip.py:3936] len(Hs) = 8100, len(Ss) = 8100, len(Vs) = 8100
[20190515_074314 / lib_ip.py:3982] red : variance --> out of range (variance = 1599.361 / upper = 0.430 / lower = 0.000)
[20190515_074314 / lib_ip.py:3753] file = img.20190515_074311.2019-05-14_19-05-52_000.jpg.3.png / val_Average = 51.8622	val_Variance = 1599.3605	sd = 39.9920	max = 135	min = 0
[20190515_074314 / lib_ip.py:4052] len(Hs) = 8100, len(Ss) = 8100, len(Vs) = 8100
[20190515_074314 / lib_ip.py:4099] green : variance --> out of range (variance = 1599.361 / upper = 0.760 / lower = 0.000)
[20190515_074314 / lib_ip.py:3753] file = img.20190515_074311.2019-05-14_19-05-52_000.jpg.3.png / val_Average = 51.8622	val_Variance = 1599.3605	sd = 39.9920	max = 135	min = 0
[20190515_074314 / lib_ip.py:4169] len(Hs) = 8100, len(Ss) = 8100, len(Vs) = 8100
[20190515_074314 / lib_ip.py:4208] blue : variance --> out of range (variance = 1599.361 / upper = 0.930 / lower = 0.010)
[20190515_074314 / lib_ip.py:3753] file = img.20190515_074311.2019-05-14_19-05-52_000.jpg.3.png / val_Average = 51.8622	val_Variance = 1599.3605	sd = 39.9920	max = 135	min = 0
[20190515_074314 / lib_ip.py:4275] len(Hs) = 8100, len(Ss) = 8100, len(Vs) = 8100
[20190515_074314 / lib_ip.py:4314] pink : variance --> out of range (variance = 1599.361 / upper = 0.750 / lower = 0.030)
[20190515_074314 / lib_ip.py:3753] file = img.20190515_074311.2019-05-14_19-05-52_000.jpg.3.png / val_Average = 51.8622	val_Variance = 1599.3605	sd = 39.9920	max = 135	min = 0
[20190515_074314 / lib_ip.py:4378] len(Hs) = 8100, len(Ss) = 8100, len(Vs) = 8100
[20190515_074314 / lib_ip.py:4422] black : variance --> out of range (variance = 1599.361 / upper = 0.000 / lower = 0.000)
[20190515_074314 / lib_ip.py:4593] file : img.20190515_074311.2019-05-14_19-05-52_000.jpg.3.png 2 (black : variance --> out of range (variance = 1599.361 / upper = 0.000 / lower = 0.000))
[20190515_074314 / lib_ip.py:2274] inspecting ===> img.20190515_074311.2019-05-14_19-05-52_000.jpg.4.png
[20190515_074315 / lib_ip.py:4505] 
img.20190515_074311.2019-05-14_19-05-52_000.jpg.4.png 3 ---------------------
[20190515_074315 / lib_ip.py:3753] file = img.20190515_074311.2019-05-14_19-05-52_000.jpg.4.png / val_Average = 93.1393	val_Variance = 0.1463	sd = 0.3825	max = 95	min = 92
[20190515_074315 / lib_ip.py:3836] len(Hs) = 8100, len(Ss) = 8100, len(Vs) = 8100
[20190515_074314 / lib_ip.py:2274] inspecting ===> img.20190515_074311.2019-05-14_19-05-52_000.jpg.4.png
img.20190515_074311.2019-05-14_19-05-52_000.jpg.1.png => other
img.20190515_074311.2019-05-14_19-05-52_000.jpg.2.png => other
img.20190515_074311.2019-05-14_19-05-52_000.jpg.3.png => other
img.20190515_074311.2019-05-14_19-05-52_000.jpg.4.png => other
[20190515_074315 lib_ip.py:3301] =============== Get 4 corners
dpath_Images = C:\WORKS_2\WS\WS_Others.Art\JVEMV6\46_art\VIRTUAL\Admin_Projects\ip\images
fname_Image = img.20190515_074311.2019-05-14_19-05-52_000.jpg.4.png

[20190515_074316 / lib_ip.py:2274] inspecting ===> img.20190515_074316.2019-05-14_20-25-17_000.jpg.1.png
[20190515_074316 / lib_ip.py:4505] 
img.20190515_074316.2019-05-14_20-25-17_000.jpg.1.png 0 ---------------------
[20190515_074316 / lib_ip.py:3753] file = img.20190515_074316.2019-05-14_20-25-17_000.jpg.1.png / val_Average = 92.8047	val_Variance = 0.1572	sd = 0.3964	max = 93	min = 92
[20190515_074316 / lib_ip.py:3836] len(Hs) = 8100, len(Ss) = 8100, len(Vs) = 8100
[20190515_074316 / lib_ip.py:2274] inspecting ===> img.20190515_074316.2019-05-14_20-25-17_000.jpg.2.png
[20190515_074317 / lib_ip.py:4505] 
img.20190515_074316.2019-05-14_20-25-17_000.jpg.2.png 1 ---------------------
[20190515_074317 / lib_ip.py:3753] file = img.20190515_074316.2019-05-14_20-25-17_000.jpg.2.png / val_Average = 86.6316	val_Variance = 303.1302	sd = 17.4106	max = 135	min = 0
[20190515_074317 / lib_ip.py:3836] len(Hs) = 8100, len(Ss) = 8100, len(Vs) = 8100
[20190515_074317 / lib_ip.py:3869] yellow : variance --> out of range (variance = 303.130 / upper = 0.650 / lower = 0.000)
[20190515_074317 / lib_ip.py:3753] file = img.20190515_074316.2019-05-14_20-25-17_000.jpg.2.png / val_Average = 86.6316	val_Variance = 303.1302	sd = 17.4106	max = 135	min = 0
[20190515_074317 / lib_ip.py:3936] len(Hs) = 8100, len(Ss) = 8100, len(Vs) = 8100
[20190515_074317 / lib_ip.py:3982] red : variance --> out of range (variance = 303.130 / upper = 0.430 / lower = 0.000)
[20190515_074318 / lib_ip.py:3753] file = img.20190515_074316.2019-05-14_20-25-17_000.jpg.2.png / val_Average = 86.6316	val_Variance = 303.1302	sd = 17.4106	max = 135	min = 0
[20190515_074318 / lib_ip.py:4052] len(Hs) = 8100, len(Ss) = 8100, len(Vs) = 8100
[20190515_074318 / lib_ip.py:4099] green : variance --> out of range (variance = 303.130 / upper = 0.760 / lower = 0.000)
[20190515_074318 / lib_ip.py:3753] file = img.20190515_074316.2019-05-14_20-25-17_000.jpg.2.png / val_Average = 86.6316	val_Variance = 303.1302	sd = 17.4106	max = 135	min = 0
[20190515_074318 / lib_ip.py:4169] len(Hs) = 8100, len(Ss) = 8100, len(Vs) = 8100
[20190515_074318 / lib_ip.py:4208] blue : variance --> out of range (variance = 303.130 / upper = 0.930 / lower = 0.010)
[20190515_074318 / lib_ip.py:3753] file = img.20190515_074316.2019-05-14_20-25-17_000.jpg.2.png / val_Average = 86.6316	val_Variance = 303.1302	sd = 17.4106	max = 135	min = 0
[20190515_074318 / lib_ip.py:4275] len(Hs) = 8100, len(Ss) = 8100, len(Vs) = 8100
[20190515_074318 / lib_ip.py:4314] pink : variance --> out of range (variance = 303.130 / upper = 0.750 / lower = 0.030)
[20190515_074318 / lib_ip.py:3753] file = img.20190515_074316.2019-05-14_20-25-17_000.jpg.2.png / val_Average = 86.6316	val_Variance = 303.1302	sd = 17.4106	max = 135	min = 0
[20190515_074318 / lib_ip.py:4378] len(Hs) = 8100, len(Ss) = 8100, len(Vs) = 8100
[20190515_074318 / lib_ip.py:4422] black : variance --> out of range (variance = 303.130 / upper = 0.000 / lower = 0.000)
[20190515_074319 / lib_ip.py:4593] file : img.20190515_074316.2019-05-14_20-25-17_000.jpg.2.png 1 (black : variance --> out of range (variance = 303.130 / upper = 0.000 / lower = 0.000))
[20190515_074319 / lib_ip.py:2274] inspecting ===> img.20190515_074316.2019-05-14_20-25-17_000.jpg.3.png
[20190515_074319 / lib_ip.py:4505] 
img.20190515_074316.2019-05-14_20-25-17_000.jpg.3.png 2 ---------------------
[20190515_074319 / lib_ip.py:3753] file = img.20190515_074316.2019-05-14_20-25-17_000.jpg.3.png / val_Average = 67.6584	val_Variance = 2174.4770	sd = 46.6313	max = 135	min = 0
[20190515_074319 / lib_ip.py:3836] len(Hs) = 8100, len(Ss) = 8100, len(Vs) = 8100
[20190515_074319 / lib_ip.py:3869] yellow : variance --> out of range (variance = 2174.477 / upper = 0.650 / lower = 0.000)
[20190515_074319 / lib_ip.py:3753] file = img.20190515_074316.2019-05-14_20-25-17_000.jpg.3.png / val_Average = 67.6584	val_Variance = 2174.4770	sd = 46.6313	max = 135	min = 0
[20190515_074319 / lib_ip.py:3936] len(Hs) = 8100, len(Ss) = 8100, len(Vs) = 8100
[20190515_074319 / lib_ip.py:3982] red : variance --> out of range (variance = 2174.477 / upper = 0.430 / lower = 0.000)
[20190515_074319 / lib_ip.py:3753] file = img.20190515_074316.2019-05-14_20-25-17_000.jpg.3.png / val_Average = 67.6584	val_Variance = 2174.4770	sd = 46.6313	max = 135	min = 0
[20190515_074319 / lib_ip.py:4052] len(Hs) = 8100, len(Ss) = 8100, len(Vs) = 8100
[20190515_074320 / lib_ip.py:4099] green : variance --> out of range (variance = 2174.477 / upper = 0.760 / lower = 0.000)
[20190515_074320 / lib_ip.py:3753] file = img.20190515_074316.2019-05-14_20-25-17_000.jpg.3.png / val_Average = 67.6584	val_Variance = 2174.4770	sd = 46.6313	max = 135	min = 0
[20190515_074320 / lib_ip.py:4169] len(Hs) = 8100, len(Ss) = 8100, len(Vs) = 8100
[20190515_074320 / lib_ip.py:4208] blue : variance --> out of range (variance = 2174.477 / upper = 0.930 / lower = 0.010)
[20190515_074320 / lib_ip.py:3753] file = img.20190515_074316.2019-05-14_20-25-17_000.jpg.3.png / val_Average = 67.6584	val_Variance = 2174.4770	sd = 46.6313	max = 135	min = 0
[20190515_074320 / lib_ip.py:4275] len(Hs) = 8100, len(Ss) = 8100, len(Vs) = 8100
[20190515_074320 / lib_ip.py:4314] pink : variance --> out of range (variance = 2174.477 / upper = 0.750 / lower = 0.030)
[20190515_074320 / lib_ip.py:3753] file = img.20190515_074316.2019-05-14_20-25-17_000.jpg.3.png / val_Average = 67.6584	val_Variance = 2174.4770	sd = 46.6313	max = 135	min = 0
[20190515_074320 / lib_ip.py:4378] len(Hs) = 8100, len(Ss) = 8100, len(Vs) = 8100
[20190515_074320 / lib_ip.py:4422] black : variance --> out of range (variance = 2174.477 / upper = 0.000 / lower = 0.000)
[20190515_074320 / lib_ip.py:4593] file : img.20190515_074316.2019-05-14_20-25-17_000.jpg.3.png 2 (black : variance --> out of range (variance = 2174.477 / upper = 0.000 / lower = 0.000))
[20190515_074320 / lib_ip.py:2274] inspecting ===> img.20190515_074316.2019-05-14_20-25-17_000.jpg.4.png
[20190515_074321 / lib_ip.py:4505] 
img.20190515_074316.2019-05-14_20-25-17_000.jpg.4.png 3 ---------------------
[20190515_074321 / lib_ip.py:3753] file = img.20190515_074316.2019-05-14_20-25-17_000.jpg.4.png / val_Average = 48.4225	val_Variance = 1825.4045	sd = 42.7248	max = 135	min = 0
[20190515_074321 / lib_ip.py:3836] len(Hs) = 8100, len(Ss) = 8100, len(Vs) = 8100
[20190515_074321 / lib_ip.py:3869] yellow : variance --> out of range (variance = 1825.404 / upper = 0.650 / lower = 0.000)
[20190515_074321 / lib_ip.py:3753] file = img.20190515_074316.2019-05-14_20-25-17_000.jpg.4.png / val_Average = 48.4225	val_Variance = 1825.4045	sd = 42.7248	max = 135	min = 0
[20190515_074321 / lib_ip.py:3936] len(Hs) = 8100, len(Ss) = 8100, len(Vs) = 8100
[20190515_074321 / lib_ip.py:3982] red : variance --> out of range (variance = 1825.404 / upper = 0.430 / lower = 0.000)
[20190515_074321 / lib_ip.py:3753] file = img.20190515_074316.2019-05-14_20-25-17_000.jpg.4.png / val_Average = 48.4225	val_Variance = 1825.4045	sd = 42.7248	max = 135	min = 0
[20190515_074321 / lib_ip.py:4052] len(Hs) = 8100, len(Ss) = 8100, len(Vs) = 8100
[20190515_074321 / lib_ip.py:4099] green : variance --> out of range (variance = 1825.404 / upper = 0.760 / lower = 0.000)
[20190515_074321 / lib_ip.py:3753] file = img.20190515_074316.2019-05-14_20-25-17_000.jpg.4.png / val_Average = 48.4225	val_Variance = 1825.4045	sd = 42.7248	max = 135	min = 0
[20190515_074321 / lib_ip.py:4169] len(Hs) = 8100, len(Ss) = 8100, len(Vs) = 8100
[20190515_074322 / lib_ip.py:4208] blue : variance --> out of range (variance = 1825.404 / upper = 0.930 / lower = 0.010)
[20190515_074322 / lib_ip.py:3753] file = img.20190515_074316.2019-05-14_20-25-17_000.jpg.4.png / val_Average = 48.4225	val_Variance = 1825.4045	sd = 42.7248	max = 135	min = 0
[20190515_074322 / lib_ip.py:4275] len(Hs) = 8100, len(Ss) = 8100, len(Vs) = 8100
[20190515_074322 / lib_ip.py:4314] pink : variance --> out of range (variance = 1825.404 / upper = 0.750 / lower = 0.030)
[20190515_074322 / lib_ip.py:3753] file = img.20190515_074316.2019-05-14_20-25-17_000.jpg.4.png / val_Average = 48.4225	val_Variance = 1825.4045	sd = 42.7248	max = 135	min = 0
[20190515_074322 / lib_ip.py:4378] len(Hs) = 8100, len(Ss) = 8100, len(Vs) = 8100
[20190515_074322 / lib_ip.py:4422] black : variance --> out of range (variance = 1825.404 / upper = 0.000 / lower = 0.000)
[20190515_074322 / lib_ip.py:4593] file : img.20190515_074316.2019-05-14_20-25-17_000.jpg.4.png 3 (black : variance --> out of range (variance = 1825.404 / upper = 0.000 / lower = 0.000))
[20190515_074320 / lib_ip.py:2274] inspecting ===> img.20190515_074316.2019-05-14_20-25-17_000.jpg.4.png
img.20190515_074316.2019-05-14_20-25-17_000.jpg.1.png => other
img.20190515_074316.2019-05-14_20-25-17_000.jpg.2.png => other
img.20190515_074316.2019-05-14_20-25-17_000.jpg.3.png => other
img.20190515_074316.2019-05-14_20-25-17_000.jpg.4.png => other
[20190515_074322 lib_ip.py:3301] =============== Get 4 corners
dpath_Images = C:\WORKS_2\WS\WS_Others.Art\JVEMV6\46_art\VIRTUAL\Admin_Projects\ip\images
fname_Image = img.20190515_074316.2019-05-14_20-25-17_000.jpg.4.png

[20190515_074322 / lib_ip.py:2274] inspecting ===> img.20190515_074322.2019-05-15_00-49-32_000.jpg.1.png
[20190515_074323 / lib_ip.py:4505] 
img.20190515_074322.2019-05-15_00-49-32_000.jpg.1.png 0 ---------------------
[20190515_074323 / lib_ip.py:3753] file = img.20190515_074322.2019-05-15_00-49-32_000.jpg.1.png / val_Average = 80.3344	val_Variance = 1256.9715	sd = 35.4538	max = 176	min = 0
[20190515_074323 / lib_ip.py:3836] len(Hs) = 8100, len(Ss) = 8100, len(Vs) = 8100
[20190515_074323 / lib_ip.py:3869] yellow : variance --> out of range (variance = 1256.971 / upper = 0.650 / lower = 0.000)
[20190515_074323 / lib_ip.py:3753] file = img.20190515_074322.2019-05-15_00-49-32_000.jpg.1.png / val_Average = 80.3344	val_Variance = 1256.9715	sd = 35.4538	max = 176	min = 0
[20190515_074323 / lib_ip.py:3936] len(Hs) = 8100, len(Ss) = 8100, len(Vs) = 8100
[20190515_074324 / lib_ip.py:3982] red : variance --> out of range (variance = 1256.971 / upper = 0.430 / lower = 0.000)
[20190515_074324 / lib_ip.py:3753] file = img.20190515_074322.2019-05-15_00-49-32_000.jpg.1.png / val_Average = 80.3344	val_Variance = 1256.9715	sd = 35.4538	max = 176	min = 0
[20190515_074324 / lib_ip.py:4052] len(Hs) = 8100, len(Ss) = 8100, len(Vs) = 8100
[20190515_074324 / lib_ip.py:4099] green : variance --> out of range (variance = 1256.971 / upper = 0.760 / lower = 0.000)
[20190515_074324 / lib_ip.py:3753] file = img.20190515_074322.2019-05-15_00-49-32_000.jpg.1.png / val_Average = 80.3344	val_Variance = 1256.9715	sd = 35.4538	max = 176	min = 0
[20190515_074324 / lib_ip.py:4169] len(Hs) = 8100, len(Ss) = 8100, len(Vs) = 8100
[20190515_074324 / lib_ip.py:4208] blue : variance --> out of range (variance = 1256.971 / upper = 0.930 / lower = 0.010)
[20190515_074324 / lib_ip.py:3753] file = img.20190515_074322.2019-05-15_00-49-32_000.jpg.1.png / val_Average = 80.3344	val_Variance = 1256.9715	sd = 35.4538	max = 176	min = 0
[20190515_074324 / lib_ip.py:4275] len(Hs) = 8100, len(Ss) = 8100, len(Vs) = 8100
[20190515_074324 / lib_ip.py:4314] pink : variance --> out of range (variance = 1256.971 / upper = 0.750 / lower = 0.030)
[20190515_074324 / lib_ip.py:3753] file = img.20190515_074322.2019-05-15_00-49-32_000.jpg.1.png / val_Average = 80.3344	val_Variance = 1256.9715	sd = 35.4538	max = 176	min = 0
[20190515_074324 / lib_ip.py:4378] len(Hs) = 8100, len(Ss) = 8100, len(Vs) = 8100
[20190515_074324 / lib_ip.py:4422] black : variance --> out of range (variance = 1256.971 / upper = 0.000 / lower = 0.000)
[20190515_074324 / lib_ip.py:4593] file : img.20190515_074322.2019-05-15_00-49-32_000.jpg.1.png 0 (black : variance --> out of range (variance = 1256.971 / upper = 0.000 / lower = 0.000))
[20190515_074324 / lib_ip.py:2274] inspecting ===> img.20190515_074322.2019-05-15_00-49-32_000.jpg.2.png
[20190515_074325 / lib_ip.py:4505] 
img.20190515_074322.2019-05-15_00-49-32_000.jpg.2.png 1 ---------------------
[20190515_074325 / lib_ip.py:3753] file = img.20190515_074322.2019-05-15_00-49-32_000.jpg.2.png / val_Average = 101.5480	val_Variance = 12.7297	sd = 3.5679	max = 112	min = 84
[20190515_074325 / lib_ip.py:3836] len(Hs) = 8100, len(Ss) = 8100, len(Vs) = 8100
[20190515_074325 / lib_ip.py:3869] yellow : variance --> out of range (variance = 12.730 / upper = 0.650 / lower = 0.000)
[20190515_074325 / lib_ip.py:3753] file = img.20190515_074322.2019-05-15_00-49-32_000.jpg.2.png / val_Average = 101.5480	val_Variance = 12.7297	sd = 3.5679	max = 112	min = 84
[20190515_074325 / lib_ip.py:3936] len(Hs) = 8100, len(Ss) = 8100, len(Vs) = 8100
[20190515_074325 / lib_ip.py:3982] red : variance --> out of range (variance = 12.730 / upper = 0.430 / lower = 0.000)
[20190515_074325 / lib_ip.py:3753] file = img.20190515_074322.2019-05-15_00-49-32_000.jpg.2.png / val_Average = 101.5480	val_Variance = 12.7297	sd = 3.5679	max = 112	min = 84
[20190515_074325 / lib_ip.py:4052] len(Hs) = 8100, len(Ss) = 8100, len(Vs) = 8100
[20190515_074325 / lib_ip.py:4099] green : variance --> out of range (variance = 12.730 / upper = 0.760 / lower = 0.000)
[20190515_074325 / lib_ip.py:3753] file = img.20190515_074322.2019-05-15_00-49-32_000.jpg.2.png / val_Average = 101.5480	val_Variance = 12.7297	sd = 3.5679	max = 112	min = 84
[20190515_074326 / lib_ip.py:4169] len(Hs) = 8100, len(Ss) = 8100, len(Vs) = 8100
[20190515_074326 / lib_ip.py:4208] blue : variance --> out of range (variance = 12.730 / upper = 0.930 / lower = 0.010)
[20190515_074326 / lib_ip.py:3753] file = img.20190515_074322.2019-05-15_00-49-32_000.jpg.2.png / val_Average = 101.5480	val_Variance = 12.7297	sd = 3.5679	max = 112	min = 84
[20190515_074326 / lib_ip.py:4275] len(Hs) = 8100, len(Ss) = 8100, len(Vs) = 8100
[20190515_074326 / lib_ip.py:4314] pink : variance --> out of range (variance = 12.730 / upper = 0.750 / lower = 0.030)
[20190515_074326 / lib_ip.py:3753] file = img.20190515_074322.2019-05-15_00-49-32_000.jpg.2.png / val_Average = 101.5480	val_Variance = 12.7297	sd = 3.5679	max = 112	min = 84
[20190515_074326 / lib_ip.py:4378] len(Hs) = 8100, len(Ss) = 8100, len(Vs) = 8100
[20190515_074326 / lib_ip.py:4422] black : variance --> out of range (variance = 12.730 / upper = 0.000 / lower = 0.000)
[20190515_074326 / lib_ip.py:4593] file : img.20190515_074322.2019-05-15_00-49-32_000.jpg.2.png 1 (black : variance --> out of range (variance = 12.730 / upper = 0.000 / lower = 0.000))
[20190515_074326 / lib_ip.py:2274] inspecting ===> img.20190515_074322.2019-05-15_00-49-32_000.jpg.3.png
[20190515_074327 / lib_ip.py:4505] 
img.20190515_074322.2019-05-15_00-49-32_000.jpg.3.png 2 ---------------------
[20190515_074327 / lib_ip.py:3753] file = img.20190515_074322.2019-05-15_00-49-32_000.jpg.3.png / val_Average = 66.6948	val_Variance = 712.5158	sd = 26.6930	max = 135	min = 0
[20190515_074327 / lib_ip.py:3836] len(Hs) = 8100, len(Ss) = 8100, len(Vs) = 8100
[20190515_074327 / lib_ip.py:3869] yellow : variance --> out of range (variance = 712.516 / upper = 0.650 / lower = 0.000)
[20190515_074327 / lib_ip.py:3753] file = img.20190515_074322.2019-05-15_00-49-32_000.jpg.3.png / val_Average = 66.6948	val_Variance = 712.5158	sd = 26.6930	max = 135	min = 0
[20190515_074327 / lib_ip.py:3936] len(Hs) = 8100, len(Ss) = 8100, len(Vs) = 8100
[20190515_074327 / lib_ip.py:3982] red : variance --> out of range (variance = 712.516 / upper = 0.430 / lower = 0.000)
[20190515_074327 / lib_ip.py:3753] file = img.20190515_074322.2019-05-15_00-49-32_000.jpg.3.png / val_Average = 66.6948	val_Variance = 712.5158	sd = 26.6930	max = 135	min = 0
[20190515_074327 / lib_ip.py:4052] len(Hs) = 8100, len(Ss) = 8100, len(Vs) = 8100
[20190515_074327 / lib_ip.py:4099] green : variance --> out of range (variance = 712.516 / upper = 0.760 / lower = 0.000)
[20190515_074328 / lib_ip.py:3753] file = img.20190515_074322.2019-05-15_00-49-32_000.jpg.3.png / val_Average = 66.6948	val_Variance = 712.5158	sd = 26.6930	max = 135	min = 0
[20190515_074328 / lib_ip.py:4169] len(Hs) = 8100, len(Ss) = 8100, len(Vs) = 8100
[20190515_074328 / lib_ip.py:4208] blue : variance --> out of range (variance = 712.516 / upper = 0.930 / lower = 0.010)
[20190515_074328 / lib_ip.py:3753] file = img.20190515_074322.2019-05-15_00-49-32_000.jpg.3.png / val_Average = 66.6948	val_Variance = 712.5158	sd = 26.6930	max = 135	min = 0
[20190515_074328 / lib_ip.py:4275] len(Hs) = 8100, len(Ss) = 8100, len(Vs) = 8100
[20190515_074328 / lib_ip.py:4314] pink : variance --> out of range (variance = 712.516 / upper = 0.750 / lower = 0.030)
[20190515_074328 / lib_ip.py:3753] file = img.20190515_074322.2019-05-15_00-49-32_000.jpg.3.png / val_Average = 66.6948	val_Variance = 712.5158	sd = 26.6930	max = 135	min = 0
[20190515_074328 / lib_ip.py:4378] len(Hs) = 8100, len(Ss) = 8100, len(Vs) = 8100
[20190515_074328 / lib_ip.py:4422] black : variance --> out of range (variance = 712.516 / upper = 0.000 / lower = 0.000)
[20190515_074328 / lib_ip.py:4593] file : img.20190515_074322.2019-05-15_00-49-32_000.jpg.3.png 2 (black : variance --> out of range (variance = 712.516 / upper = 0.000 / lower = 0.000))
[20190515_074328 / lib_ip.py:2274] inspecting ===> img.20190515_074322.2019-05-15_00-49-32_000.jpg.4.png
[20190515_074328 / lib_ip.py:4505] 
img.20190515_074322.2019-05-15_00-49-32_000.jpg.4.png 3 ---------------------
[20190515_074328 / lib_ip.py:3753] file = img.20190515_074322.2019-05-15_00-49-32_000.jpg.4.png / val_Average = 96.7132	val_Variance = 43.8490	sd = 6.6219	max = 114	min = 0
[20190515_074328 / lib_ip.py:3836] len(Hs) = 8100, len(Ss) = 8100, len(Vs) = 8100
[20190515_074329 / lib_ip.py:3869] yellow : variance --> out of range (variance = 43.849 / upper = 0.650 / lower = 0.000)
[20190515_074329 / lib_ip.py:3753] file = img.20190515_074322.2019-05-15_00-49-32_000.jpg.4.png / val_Average = 96.7132	val_Variance = 43.8490	sd = 6.6219	max = 114	min = 0
[20190515_074329 / lib_ip.py:3936] len(Hs) = 8100, len(Ss) = 8100, len(Vs) = 8100
[20190515_074329 / lib_ip.py:3982] red : variance --> out of range (variance = 43.849 / upper = 0.430 / lower = 0.000)
[20190515_074329 / lib_ip.py:3753] file = img.20190515_074322.2019-05-15_00-49-32_000.jpg.4.png / val_Average = 96.7132	val_Variance = 43.8490	sd = 6.6219	max = 114	min = 0
[20190515_074329 / lib_ip.py:4052] len(Hs) = 8100, len(Ss) = 8100, len(Vs) = 8100
[20190515_074329 / lib_ip.py:4099] green : variance --> out of range (variance = 43.849 / upper = 0.760 / lower = 0.000)
[20190515_074329 / lib_ip.py:3753] file = img.20190515_074322.2019-05-15_00-49-32_000.jpg.4.png / val_Average = 96.7132	val_Variance = 43.8490	sd = 6.6219	max = 114	min = 0
[20190515_074329 / lib_ip.py:4169] len(Hs) = 8100, len(Ss) = 8100, len(Vs) = 8100
[20190515_074329 / lib_ip.py:4208] blue : variance --> out of range (variance = 43.849 / upper = 0.930 / lower = 0.010)
[20190515_074330 / lib_ip.py:3753] file = img.20190515_074322.2019-05-15_00-49-32_000.jpg.4.png / val_Average = 96.7132	val_Variance = 43.8490	sd = 6.6219	max = 114	min = 0
[20190515_074330 / lib_ip.py:4275] len(Hs) = 8100, len(Ss) = 8100, len(Vs) = 8100
[20190515_074330 / lib_ip.py:4314] pink : variance --> out of range (variance = 43.849 / upper = 0.750 / lower = 0.030)
[20190515_074330 / lib_ip.py:3753] file = img.20190515_074322.2019-05-15_00-49-32_000.jpg.4.png / val_Average = 96.7132	val_Variance = 43.8490	sd = 6.6219	max = 114	min = 0
[20190515_074330 / lib_ip.py:4378] len(Hs) = 8100, len(Ss) = 8100, len(Vs) = 8100
[20190515_074330 / lib_ip.py:4422] black : variance --> out of range (variance = 43.849 / upper = 0.000 / lower = 0.000)
[20190515_074330 / lib_ip.py:4593] file : img.20190515_074322.2019-05-15_00-49-32_000.jpg.4.png 3 (black : variance --> out of range (variance = 43.849 / upper = 0.000 / lower = 0.000))
[20190515_074328 / lib_ip.py:2274] inspecting ===> img.20190515_074322.2019-05-15_00-49-32_000.jpg.4.png
img.20190515_074322.2019-05-15_00-49-32_000.jpg.1.png => other
img.20190515_074322.2019-05-15_00-49-32_000.jpg.2.png => other
img.20190515_074322.2019-05-15_00-49-32_000.jpg.3.png => other
img.20190515_074322.2019-05-15_00-49-32_000.jpg.4.png => other
[20190515_074330 lib_ip.py:3301] =============== Get 4 corners
dpath_Images = C:\WORKS_2\WS\WS_Others.Art\JVEMV6\46_art\VIRTUAL\Admin_Projects\ip\images
fname_Image = img.20190515_074322.2019-05-15_00-49-32_000.jpg.4.png

[20190515_074331 / lib_ip.py:2274] inspecting ===> img.20190515_074331.2019-05-15_06-29-15_000.jpg.1.png
[20190515_074331 / lib_ip.py:4505] 
img.20190515_074331.2019-05-15_06-29-15_000.jpg.1.png 0 ---------------------
[20190515_074331 / lib_ip.py:3753] file = img.20190515_074331.2019-05-15_06-29-15_000.jpg.1.png / val_Average = 101.9130	val_Variance = 7.7995	sd = 2.7928	max = 112	min = 94
[20190515_074331 / lib_ip.py:3836] len(Hs) = 8100, len(Ss) = 8100, len(Vs) = 8100
[20190515_074331 / lib_ip.py:3869] yellow : variance --> out of range (variance = 7.799 / upper = 0.650 / lower = 0.000)
[20190515_074331 / lib_ip.py:3753] file = img.20190515_074331.2019-05-15_06-29-15_000.jpg.1.png / val_Average = 101.9130	val_Variance = 7.7995	sd = 2.7928	max = 112	min = 94
[20190515_074331 / lib_ip.py:3936] len(Hs) = 8100, len(Ss) = 8100, len(Vs) = 8100
[20190515_074331 / lib_ip.py:3982] red : variance --> out of range (variance = 7.799 / upper = 0.430 / lower = 0.000)
[20190515_074331 / lib_ip.py:3753] file = img.20190515_074331.2019-05-15_06-29-15_000.jpg.1.png / val_Average = 101.9130	val_Variance = 7.7995	sd = 2.7928	max = 112	min = 94
[20190515_074331 / lib_ip.py:4052] len(Hs) = 8100, len(Ss) = 8100, len(Vs) = 8100
[20190515_074332 / lib_ip.py:4099] green : variance --> out of range (variance = 7.799 / upper = 0.760 / lower = 0.000)
[20190515_074332 / lib_ip.py:3753] file = img.20190515_074331.2019-05-15_06-29-15_000.jpg.1.png / val_Average = 101.9130	val_Variance = 7.7995	sd = 2.7928	max = 112	min = 94
[20190515_074332 / lib_ip.py:4169] len(Hs) = 8100, len(Ss) = 8100, len(Vs) = 8100
[20190515_074332 / lib_ip.py:4208] blue : variance --> out of range (variance = 7.799 / upper = 0.930 / lower = 0.010)
[20190515_074332 / lib_ip.py:3753] file = img.20190515_074331.2019-05-15_06-29-15_000.jpg.1.png / val_Average = 101.9130	val_Variance = 7.7995	sd = 2.7928	max = 112	min = 94
[20190515_074332 / lib_ip.py:4275] len(Hs) = 8100, len(Ss) = 8100, len(Vs) = 8100
[20190515_074332 / lib_ip.py:4314] pink : variance --> out of range (variance = 7.799 / upper = 0.750 / lower = 0.030)
[20190515_074332 / lib_ip.py:3753] file = img.20190515_074331.2019-05-15_06-29-15_000.jpg.1.png / val_Average = 101.9130	val_Variance = 7.7995	sd = 2.7928	max = 112	min = 94
[20190515_074332 / lib_ip.py:4378] len(Hs) = 8100, len(Ss) = 8100, len(Vs) = 8100
[20190515_074332 / lib_ip.py:4422] black : variance --> out of range (variance = 7.799 / upper = 0.000 / lower = 0.000)
[20190515_074332 / lib_ip.py:4593] file : img.20190515_074331.2019-05-15_06-29-15_000.jpg.1.png 0 (black : variance --> out of range (variance = 7.799 / upper = 0.000 / lower = 0.000))
[20190515_074332 / lib_ip.py:2274] inspecting ===> img.20190515_074331.2019-05-15_06-29-15_000.jpg.2.png
[20190515_074333 / lib_ip.py:4505] 
img.20190515_074331.2019-05-15_06-29-15_000.jpg.2.png 1 ---------------------
[20190515_074333 / lib_ip.py:3753] file = img.20190515_074331.2019-05-15_06-29-15_000.jpg.2.png / val_Average = 83.9460	val_Variance = 6397.7792	sd = 79.9861	max = 178	min = 0
[20190515_074333 / lib_ip.py:3836] len(Hs) = 8100, len(Ss) = 8100, len(Vs) = 8100
[20190515_074333 / lib_ip.py:3869] yellow : variance --> out of range (variance = 6397.779 / upper = 0.650 / lower = 0.000)
[20190515_074333 / lib_ip.py:3753] file = img.20190515_074331.2019-05-15_06-29-15_000.jpg.2.png / val_Average = 83.9460	val_Variance = 6397.7792	sd = 79.9861	max = 178	min = 0
[20190515_074333 / lib_ip.py:3936] len(Hs) = 8100, len(Ss) = 8100, len(Vs) = 8100
[20190515_074333 / lib_ip.py:3982] red : variance --> out of range (variance = 6397.779 / upper = 0.430 / lower = 0.000)
[20190515_074333 / lib_ip.py:3753] file = img.20190515_074331.2019-05-15_06-29-15_000.jpg.2.png / val_Average = 83.9460	val_Variance = 6397.7792	sd = 79.9861	max = 178	min = 0
[20190515_074334 / lib_ip.py:4052] len(Hs) = 8100, len(Ss) = 8100, len(Vs) = 8100
[20190515_074334 / lib_ip.py:4099] green : variance --> out of range (variance = 6397.779 / upper = 0.760 / lower = 0.000)
[20190515_074334 / lib_ip.py:3753] file = img.20190515_074331.2019-05-15_06-29-15_000.jpg.2.png / val_Average = 83.9460	val_Variance = 6397.7792	sd = 79.9861	max = 178	min = 0
[20190515_074334 / lib_ip.py:4169] len(Hs) = 8100, len(Ss) = 8100, len(Vs) = 8100
[20190515_074334 / lib_ip.py:4208] blue : variance --> out of range (variance = 6397.779 / upper = 0.930 / lower = 0.010)
[20190515_074334 / lib_ip.py:3753] file = img.20190515_074331.2019-05-15_06-29-15_000.jpg.2.png / val_Average = 83.9460	val_Variance = 6397.7792	sd = 79.9861	max = 178	min = 0
[20190515_074334 / lib_ip.py:4275] len(Hs) = 8100, len(Ss) = 8100, len(Vs) = 8100
[20190515_074334 / lib_ip.py:4314] pink : variance --> out of range (variance = 6397.779 / upper = 0.750 / lower = 0.030)
[20190515_074334 / lib_ip.py:3753] file = img.20190515_074331.2019-05-15_06-29-15_000.jpg.2.png / val_Average = 83.9460	val_Variance = 6397.7792	sd = 79.9861	max = 178	min = 0
[20190515_074334 / lib_ip.py:4378] len(Hs) = 8100, len(Ss) = 8100, len(Vs) = 8100
[20190515_074334 / lib_ip.py:4422] black : variance --> out of range (variance = 6397.779 / upper = 0.000 / lower = 0.000)
[20190515_074334 / lib_ip.py:4593] file : img.20190515_074331.2019-05-15_06-29-15_000.jpg.2.png 1 (black : variance --> out of range (variance = 6397.779 / upper = 0.000 / lower = 0.000))
[20190515_074334 / lib_ip.py:2274] inspecting ===> img.20190515_074331.2019-05-15_06-29-15_000.jpg.3.png
[20190515_074335 / lib_ip.py:4505] 
img.20190515_074331.2019-05-15_06-29-15_000.jpg.3.png 2 ---------------------
[20190515_074335 / lib_ip.py:3753] file = img.20190515_074331.2019-05-15_06-29-15_000.jpg.3.png / val_Average = 101.5553	val_Variance = 0.9015	sd = 0.9495	max = 105	min = 98
[20190515_074335 / lib_ip.py:3836] len(Hs) = 8100, len(Ss) = 8100, len(Vs) = 8100
[20190515_074335 / lib_ip.py:3869] yellow : variance --> out of range (variance = 0.902 / upper = 0.650 / lower = 0.000)
[20190515_074335 / lib_ip.py:3753] file = img.20190515_074331.2019-05-15_06-29-15_000.jpg.3.png / val_Average = 101.5553	val_Variance = 0.9015	sd = 0.9495	max = 105	min = 98
[20190515_074335 / lib_ip.py:3936] len(Hs) = 8100, len(Ss) = 8100, len(Vs) = 8100
[20190515_074335 / lib_ip.py:3982] red : variance --> out of range (variance = 0.902 / upper = 0.430 / lower = 0.000)
[20190515_074335 / lib_ip.py:3753] file = img.20190515_074331.2019-05-15_06-29-15_000.jpg.3.png / val_Average = 101.5553	val_Variance = 0.9015	sd = 0.9495	max = 105	min = 98
[20190515_074335 / lib_ip.py:4052] len(Hs) = 8100, len(Ss) = 8100, len(Vs) = 8100
[20190515_074336 / lib_ip.py:4099] green : variance --> out of range (variance = 0.902 / upper = 0.760 / lower = 0.000)
[20190515_074336 / lib_ip.py:3753] file = img.20190515_074331.2019-05-15_06-29-15_000.jpg.3.png / val_Average = 101.5553	val_Variance = 0.9015	sd = 0.9495	max = 105	min = 98
[20190515_074336 / lib_ip.py:4169] len(Hs) = 8100, len(Ss) = 8100, len(Vs) = 8100
[20190515_074336 / lib_ip.py:4230] blue : average --> out of range (average = 101.555 / upper = 17.000 / lower = 8.850)
[20190515_074336 / lib_ip.py:3753] file = img.20190515_074331.2019-05-15_06-29-15_000.jpg.3.png / val_Average = 101.5553	val_Variance = 0.9015	sd = 0.9495	max = 105	min = 98
[20190515_074336 / lib_ip.py:4275] len(Hs) = 8100, len(Ss) = 8100, len(Vs) = 8100
[20190515_074336 / lib_ip.py:4314] pink : variance --> out of range (variance = 0.902 / upper = 0.750 / lower = 0.030)
[20190515_074336 / lib_ip.py:3753] file = img.20190515_074331.2019-05-15_06-29-15_000.jpg.3.png / val_Average = 101.5553	val_Variance = 0.9015	sd = 0.9495	max = 105	min = 98
[20190515_074336 / lib_ip.py:4378] len(Hs) = 8100, len(Ss) = 8100, len(Vs) = 8100
[20190515_074336 / lib_ip.py:4422] black : variance --> out of range (variance = 0.902 / upper = 0.000 / lower = 0.000)
[20190515_074336 / lib_ip.py:4593] file : img.20190515_074331.2019-05-15_06-29-15_000.jpg.3.png 2 (black : variance --> out of range (variance = 0.902 / upper = 0.000 / lower = 0.000))
[20190515_074336 / lib_ip.py:2274] inspecting ===> img.20190515_074331.2019-05-15_06-29-15_000.jpg.4.png
[20190515_074337 / lib_ip.py:4505] 
img.20190515_074331.2019-05-15_06-29-15_000.jpg.4.png 3 ---------------------
[20190515_074337 / lib_ip.py:3753] file = img.20190515_074331.2019-05-15_06-29-15_000.jpg.4.png / val_Average = 101.9575	val_Variance = 0.8612	sd = 0.9280	max = 105	min = 99
[20190515_074337 / lib_ip.py:3836] len(Hs) = 8100, len(Ss) = 8100, len(Vs) = 8100
[20190515_074337 / lib_ip.py:3869] yellow : variance --> out of range (variance = 0.861 / upper = 0.650 / lower = 0.000)
[20190515_074337 / lib_ip.py:3753] file = img.20190515_074331.2019-05-15_06-29-15_000.jpg.4.png / val_Average = 101.9575	val_Variance = 0.8612	sd = 0.9280	max = 105	min = 99
[20190515_074337 / lib_ip.py:3936] len(Hs) = 8100, len(Ss) = 8100, len(Vs) = 8100
[20190515_074337 / lib_ip.py:3982] red : variance --> out of range (variance = 0.861 / upper = 0.430 / lower = 0.000)
[20190515_074337 / lib_ip.py:3753] file = img.20190515_074331.2019-05-15_06-29-15_000.jpg.4.png / val_Average = 101.9575	val_Variance = 0.8612	sd = 0.9280	max = 105	min = 99
[20190515_074337 / lib_ip.py:4052] len(Hs) = 8100, len(Ss) = 8100, len(Vs) = 8100
[20190515_074337 / lib_ip.py:4099] green : variance --> out of range (variance = 0.861 / upper = 0.760 / lower = 0.000)
[20190515_074337 / lib_ip.py:3753] file = img.20190515_074331.2019-05-15_06-29-15_000.jpg.4.png / val_Average = 101.9575	val_Variance = 0.8612	sd = 0.9280	max = 105	min = 99
[20190515_074337 / lib_ip.py:4169] len(Hs) = 8100, len(Ss) = 8100, len(Vs) = 8100
[20190515_074338 / lib_ip.py:4230] blue : average --> out of range (average = 101.958 / upper = 17.000 / lower = 8.850)
[20190515_074338 / lib_ip.py:3753] file = img.20190515_074331.2019-05-15_06-29-15_000.jpg.4.png / val_Average = 101.9575	val_Variance = 0.8612	sd = 0.9280	max = 105	min = 99
[20190515_074338 / lib_ip.py:4275] len(Hs) = 8100, len(Ss) = 8100, len(Vs) = 8100
[20190515_074338 / lib_ip.py:4314] pink : variance --> out of range (variance = 0.861 / upper = 0.750 / lower = 0.030)
[20190515_074338 / lib_ip.py:3753] file = img.20190515_074331.2019-05-15_06-29-15_000.jpg.4.png / val_Average = 101.9575	val_Variance = 0.8612	sd = 0.9280	max = 105	min = 99
[20190515_074338 / lib_ip.py:4378] len(Hs) = 8100, len(Ss) = 8100, len(Vs) = 8100
[20190515_074338 / lib_ip.py:4422] black : variance --> out of range (variance = 0.861 / upper = 0.000 / lower = 0.000)
[20190515_074338 / lib_ip.py:4593] file : img.20190515_074331.2019-05-15_06-29-15_000.jpg.4.png 3 (black : variance --> out of range (variance = 0.861 / upper = 0.000 / lower = 0.000))
[20190515_074336 / lib_ip.py:2274] inspecting ===> img.20190515_074331.2019-05-15_06-29-15_000.jpg.4.png
img.20190515_074331.2019-05-15_06-29-15_000.jpg.1.png => other
img.20190515_074331.2019-05-15_06-29-15_000.jpg.2.png => other
img.20190515_074331.2019-05-15_06-29-15_000.jpg.3.png => other
img.20190515_074331.2019-05-15_06-29-15_000.jpg.4.png => other
[20190515_074338 lib_ip.py:3301] =============== Get 4 corners
dpath_Images = C:\WORKS_2\WS\WS_Others.Art\JVEMV6\46_art\VIRTUAL\Admin_Projects\ip\images
fname_Image = img.20190515_074331.2019-05-15_06-29-15_000.jpg.4.png

[20190515_074339 / lib_ip.py:2274] inspecting ===> img.20190515_074339.2019-05-15_07-03-15_000.jpg.1.png
[20190515_074339 / lib_ip.py:4505] 
img.20190515_074339.2019-05-15_07-03-15_000.jpg.1.png 0 ---------------------
[20190515_074339 / lib_ip.py:3753] file = img.20190515_074339.2019-05-15_07-03-15_000.jpg.1.png / val_Average = 106.9357	val_Variance = 137.9419	sd = 11.7449	max = 144	min = 84
[20190515_074339 / lib_ip.py:3836] len(Hs) = 8100, len(Ss) = 8100, len(Vs) = 8100
[20190515_074339 / lib_ip.py:3869] yellow : variance --> out of range (variance = 137.942 / upper = 0.650 / lower = 0.000)
[20190515_074340 / lib_ip.py:3753] file = img.20190515_074339.2019-05-15_07-03-15_000.jpg.1.png / val_Average = 106.9357	val_Variance = 137.9419	sd = 11.7449	max = 144	min = 84
[20190515_074340 / lib_ip.py:3936] len(Hs) = 8100, len(Ss) = 8100, len(Vs) = 8100
[20190515_074340 / lib_ip.py:3982] red : variance --> out of range (variance = 137.942 / upper = 0.430 / lower = 0.000)
[20190515_074340 / lib_ip.py:3753] file = img.20190515_074339.2019-05-15_07-03-15_000.jpg.1.png / val_Average = 106.9357	val_Variance = 137.9419	sd = 11.7449	max = 144	min = 84
[20190515_074340 / lib_ip.py:4052] len(Hs) = 8100, len(Ss) = 8100, len(Vs) = 8100
[20190515_074340 / lib_ip.py:4099] green : variance --> out of range (variance = 137.942 / upper = 0.760 / lower = 0.000)
[20190515_074340 / lib_ip.py:3753] file = img.20190515_074339.2019-05-15_07-03-15_000.jpg.1.png / val_Average = 106.9357	val_Variance = 137.9419	sd = 11.7449	max = 144	min = 84
[20190515_074340 / lib_ip.py:4169] len(Hs) = 8100, len(Ss) = 8100, len(Vs) = 8100
[20190515_074340 / lib_ip.py:4208] blue : variance --> out of range (variance = 137.942 / upper = 0.930 / lower = 0.010)
[20190515_074340 / lib_ip.py:3753] file = img.20190515_074339.2019-05-15_07-03-15_000.jpg.1.png / val_Average = 106.9357	val_Variance = 137.9419	sd = 11.7449	max = 144	min = 84
[20190515_074340 / lib_ip.py:4275] len(Hs) = 8100, len(Ss) = 8100, len(Vs) = 8100
[20190515_074341 / lib_ip.py:4314] pink : variance --> out of range (variance = 137.942 / upper = 0.750 / lower = 0.030)
[20190515_074341 / lib_ip.py:3753] file = img.20190515_074339.2019-05-15_07-03-15_000.jpg.1.png / val_Average = 106.9357	val_Variance = 137.9419	sd = 11.7449	max = 144	min = 84
[20190515_074341 / lib_ip.py:4378] len(Hs) = 8100, len(Ss) = 8100, len(Vs) = 8100
[20190515_074341 / lib_ip.py:4422] black : variance --> out of range (variance = 137.942 / upper = 0.000 / lower = 0.000)
[20190515_074341 / lib_ip.py:4593] file : img.20190515_074339.2019-05-15_07-03-15_000.jpg.1.png 0 (black : variance --> out of range (variance = 137.942 / upper = 0.000 / lower = 0.000))
[20190515_074341 / lib_ip.py:2274] inspecting ===> img.20190515_074339.2019-05-15_07-03-15_000.jpg.2.png
[20190515_074341 / lib_ip.py:4505] 
img.20190515_074339.2019-05-15_07-03-15_000.jpg.2.png 1 ---------------------
[20190515_074342 / lib_ip.py:3753] file = img.20190515_074339.2019-05-15_07-03-15_000.jpg.2.png / val_Average = 121.3870	val_Variance = 0.2466	sd = 0.4966	max = 122	min = 120
[20190515_074342 / lib_ip.py:3836] len(Hs) = 8100, len(Ss) = 8100, len(Vs) = 8100
[20190515_074342 / lib_ip.py:3891] yellow : average --> out of range (average = 121.387 / upper = 99.200 / lower = 85.500)
[20190515_074342 / lib_ip.py:3753] file = img.20190515_074339.2019-05-15_07-03-15_000.jpg.2.png / val_Average = 121.3870	val_Variance = 0.2466	sd = 0.4966	max = 122	min = 120
[20190515_074342 / lib_ip.py:3936] len(Hs) = 8100, len(Ss) = 8100, len(Vs) = 8100
[20190515_074342 / lib_ip.py:2274] inspecting ===> img.20190515_074339.2019-05-15_07-03-15_000.jpg.3.png
[20190515_074342 / lib_ip.py:4505] 
img.20190515_074339.2019-05-15_07-03-15_000.jpg.3.png 2 ---------------------
[20190515_074342 / lib_ip.py:3753] file = img.20190515_074339.2019-05-15_07-03-15_000.jpg.3.png / val_Average = 99.1826	val_Variance = 1.5347	sd = 1.2388	max = 105	min = 94
[20190515_074342 / lib_ip.py:3836] len(Hs) = 8100, len(Ss) = 8100, len(Vs) = 8100
[20190515_074342 / lib_ip.py:3869] yellow : variance --> out of range (variance = 1.535 / upper = 0.650 / lower = 0.000)
[20190515_074343 / lib_ip.py:3753] file = img.20190515_074339.2019-05-15_07-03-15_000.jpg.3.png / val_Average = 99.1826	val_Variance = 1.5347	sd = 1.2388	max = 105	min = 94
[20190515_074343 / lib_ip.py:3936] len(Hs) = 8100, len(Ss) = 8100, len(Vs) = 8100
[20190515_074343 / lib_ip.py:3982] red : variance --> out of range (variance = 1.535 / upper = 0.430 / lower = 0.000)
[20190515_074343 / lib_ip.py:3753] file = img.20190515_074339.2019-05-15_07-03-15_000.jpg.3.png / val_Average = 99.1826	val_Variance = 1.5347	sd = 1.2388	max = 105	min = 94
[20190515_074343 / lib_ip.py:4052] len(Hs) = 8100, len(Ss) = 8100, len(Vs) = 8100
[20190515_074343 / lib_ip.py:4099] green : variance --> out of range (variance = 1.535 / upper = 0.760 / lower = 0.000)
[20190515_074343 / lib_ip.py:3753] file = img.20190515_074339.2019-05-15_07-03-15_000.jpg.3.png / val_Average = 99.1826	val_Variance = 1.5347	sd = 1.2388	max = 105	min = 94
[20190515_074343 / lib_ip.py:4169] len(Hs) = 8100, len(Ss) = 8100, len(Vs) = 8100
[20190515_074343 / lib_ip.py:4208] blue : variance --> out of range (variance = 1.535 / upper = 0.930 / lower = 0.010)
[20190515_074343 / lib_ip.py:3753] file = img.20190515_074339.2019-05-15_07-03-15_000.jpg.3.png / val_Average = 99.1826	val_Variance = 1.5347	sd = 1.2388	max = 105	min = 94
[20190515_074343 / lib_ip.py:4275] len(Hs) = 8100, len(Ss) = 8100, len(Vs) = 8100
[20190515_074343 / lib_ip.py:4314] pink : variance --> out of range (variance = 1.535 / upper = 0.750 / lower = 0.030)
[20190515_074343 / lib_ip.py:3753] file = img.20190515_074339.2019-05-15_07-03-15_000.jpg.3.png / val_Average = 99.1826	val_Variance = 1.5347	sd = 1.2388	max = 105	min = 94
[20190515_074343 / lib_ip.py:4378] len(Hs) = 8100, len(Ss) = 8100, len(Vs) = 8100
[20190515_074343 / lib_ip.py:4422] black : variance --> out of range (variance = 1.535 / upper = 0.000 / lower = 0.000)
[20190515_074343 / lib_ip.py:4593] file : img.20190515_074339.2019-05-15_07-03-15_000.jpg.3.png 2 (black : variance --> out of range (variance = 1.535 / upper = 0.000 / lower = 0.000))
[20190515_074343 / lib_ip.py:2274] inspecting ===> img.20190515_074339.2019-05-15_07-03-15_000.jpg.4.png
[20190515_074344 / lib_ip.py:4505] 
img.20190515_074339.2019-05-15_07-03-15_000.jpg.4.png 3 ---------------------
[20190515_074344 / lib_ip.py:3753] file = img.20190515_074339.2019-05-15_07-03-15_000.jpg.4.png / val_Average = 77.0625	val_Variance = 0.2541	sd = 0.5041	max = 78	min = 75
[20190515_074344 / lib_ip.py:3836] len(Hs) = 8100, len(Ss) = 8100, len(Vs) = 8100
[20190515_074344 / lib_ip.py:3891] yellow : average --> out of range (average = 77.062 / upper = 99.200 / lower = 85.500)
[20190515_074344 / lib_ip.py:3753] file = img.20190515_074339.2019-05-15_07-03-15_000.jpg.4.png / val_Average = 77.0625	val_Variance = 0.2541	sd = 0.5041	max = 78	min = 75
[20190515_074344 / lib_ip.py:3936] len(Hs) = 8100, len(Ss) = 8100, len(Vs) = 8100
[20190515_074344 / lib_ip.py:4007] red : average --> out of range (average = 77.062 / upper = 124.600 / lower = 115.000)
[20190515_074345 / lib_ip.py:3753] file = img.20190515_074339.2019-05-15_07-03-15_000.jpg.4.png / val_Average = 77.0625	val_Variance = 0.2541	sd = 0.5041	max = 78	min = 75
[20190515_074345 / lib_ip.py:4052] len(Hs) = 8100, len(Ss) = 8100, len(Vs) = 8100
[20190515_074343 / lib_ip.py:2274] inspecting ===> img.20190515_074339.2019-05-15_07-03-15_000.jpg.4.png
img.20190515_074339.2019-05-15_07-03-15_000.jpg.1.png => other
img.20190515_074339.2019-05-15_07-03-15_000.jpg.2.png => other
img.20190515_074339.2019-05-15_07-03-15_000.jpg.3.png => other
img.20190515_074339.2019-05-15_07-03-15_000.jpg.4.png => other
[20190515_074345 lib_ip.py:3301] =============== Get 4 corners
dpath_Images = C:\WORKS_2\WS\WS_Others.Art\JVEMV6\46_art\VIRTUAL\Admin_Projects\ip\images
fname_Image = img.20190515_074339.2019-05-15_07-03-15_000.jpg.4.png

[20190515_074345 / lib_ip.py:2274] inspecting ===> img.20190515_074345.2019-05-15_07-03-48_000.jpg.1.png
[20190515_074346 / lib_ip.py:4505] 
img.20190515_074345.2019-05-15_07-03-48_000.jpg.1.png 0 ---------------------
[20190515_074346 / lib_ip.py:3753] file = img.20190515_074345.2019-05-15_07-03-48_000.jpg.1.png / val_Average = 100.8911	val_Variance = 2.6978	sd = 1.6425	max = 107	min = 90
[20190515_074346 / lib_ip.py:3836] len(Hs) = 8100, len(Ss) = 8100, len(Vs) = 8100
[20190515_074346 / lib_ip.py:3869] yellow : variance --> out of range (variance = 2.698 / upper = 0.650 / lower = 0.000)
[20190515_074346 / lib_ip.py:3753] file = img.20190515_074345.2019-05-15_07-03-48_000.jpg.1.png / val_Average = 100.8911	val_Variance = 2.6978	sd = 1.6425	max = 107	min = 90
[20190515_074346 / lib_ip.py:3936] len(Hs) = 8100, len(Ss) = 8100, len(Vs) = 8100
[20190515_074346 / lib_ip.py:3982] red : variance --> out of range (variance = 2.698 / upper = 0.430 / lower = 0.000)
[20190515_074346 / lib_ip.py:3753] file = img.20190515_074345.2019-05-15_07-03-48_000.jpg.1.png / val_Average = 100.8911	val_Variance = 2.6978	sd = 1.6425	max = 107	min = 90
[20190515_074347 / lib_ip.py:4052] len(Hs) = 8100, len(Ss) = 8100, len(Vs) = 8100
[20190515_074347 / lib_ip.py:4099] green : variance --> out of range (variance = 2.698 / upper = 0.760 / lower = 0.000)
[20190515_074347 / lib_ip.py:3753] file = img.20190515_074345.2019-05-15_07-03-48_000.jpg.1.png / val_Average = 100.8911	val_Variance = 2.6978	sd = 1.6425	max = 107	min = 90
[20190515_074347 / lib_ip.py:4169] len(Hs) = 8100, len(Ss) = 8100, len(Vs) = 8100
[20190515_074347 / lib_ip.py:4208] blue : variance --> out of range (variance = 2.698 / upper = 0.930 / lower = 0.010)
[20190515_074347 / lib_ip.py:3753] file = img.20190515_074345.2019-05-15_07-03-48_000.jpg.1.png / val_Average = 100.8911	val_Variance = 2.6978	sd = 1.6425	max = 107	min = 90
[20190515_074347 / lib_ip.py:4275] len(Hs) = 8100, len(Ss) = 8100, len(Vs) = 8100
[20190515_074347 / lib_ip.py:4314] pink : variance --> out of range (variance = 2.698 / upper = 0.750 / lower = 0.030)
[20190515_074347 / lib_ip.py:3753] file = img.20190515_074345.2019-05-15_07-03-48_000.jpg.1.png / val_Average = 100.8911	val_Variance = 2.6978	sd = 1.6425	max = 107	min = 90
[20190515_074347 / lib_ip.py:4378] len(Hs) = 8100, len(Ss) = 8100, len(Vs) = 8100
[20190515_074348 / lib_ip.py:4422] black : variance --> out of range (variance = 2.698 / upper = 0.000 / lower = 0.000)
[20190515_074348 / lib_ip.py:4593] file : img.20190515_074345.2019-05-15_07-03-48_000.jpg.1.png 0 (black : variance --> out of range (variance = 2.698 / upper = 0.000 / lower = 0.000))
[20190515_074348 / lib_ip.py:2274] inspecting ===> img.20190515_074345.2019-05-15_07-03-48_000.jpg.2.png
[20190515_074348 / lib_ip.py:4505] 
img.20190515_074345.2019-05-15_07-03-48_000.jpg.2.png 1 ---------------------
[20190515_074348 / lib_ip.py:3753] file = img.20190515_074345.2019-05-15_07-03-48_000.jpg.2.png / val_Average = 107.6252	val_Variance = 1.6731	sd = 1.2935	max = 112	min = 103
[20190515_074348 / lib_ip.py:3836] len(Hs) = 8100, len(Ss) = 8100, len(Vs) = 8100
[20190515_074348 / lib_ip.py:3869] yellow : variance --> out of range (variance = 1.673 / upper = 0.650 / lower = 0.000)
[20190515_074348 / lib_ip.py:3753] file = img.20190515_074345.2019-05-15_07-03-48_000.jpg.2.png / val_Average = 107.6252	val_Variance = 1.6731	sd = 1.2935	max = 112	min = 103
[20190515_074348 / lib_ip.py:3936] len(Hs) = 8100, len(Ss) = 8100, len(Vs) = 8100
[20190515_074348 / lib_ip.py:3982] red : variance --> out of range (variance = 1.673 / upper = 0.430 / lower = 0.000)
[20190515_074348 / lib_ip.py:3753] file = img.20190515_074345.2019-05-15_07-03-48_000.jpg.2.png / val_Average = 107.6252	val_Variance = 1.6731	sd = 1.2935	max = 112	min = 103
[20190515_074348 / lib_ip.py:4052] len(Hs) = 8100, len(Ss) = 8100, len(Vs) = 8100
[20190515_074349 / lib_ip.py:4099] green : variance --> out of range (variance = 1.673 / upper = 0.760 / lower = 0.000)
[20190515_074349 / lib_ip.py:3753] file = img.20190515_074345.2019-05-15_07-03-48_000.jpg.2.png / val_Average = 107.6252	val_Variance = 1.6731	sd = 1.2935	max = 112	min = 103
[20190515_074349 / lib_ip.py:4169] len(Hs) = 8100, len(Ss) = 8100, len(Vs) = 8100
[20190515_074349 / lib_ip.py:4208] blue : variance --> out of range (variance = 1.673 / upper = 0.930 / lower = 0.010)
[20190515_074349 / lib_ip.py:3753] file = img.20190515_074345.2019-05-15_07-03-48_000.jpg.2.png / val_Average = 107.6252	val_Variance = 1.6731	sd = 1.2935	max = 112	min = 103
[20190515_074349 / lib_ip.py:4275] len(Hs) = 8100, len(Ss) = 8100, len(Vs) = 8100
[20190515_074349 / lib_ip.py:4314] pink : variance --> out of range (variance = 1.673 / upper = 0.750 / lower = 0.030)
[20190515_074350 / lib_ip.py:3753] file = img.20190515_074345.2019-05-15_07-03-48_000.jpg.2.png / val_Average = 107.6252	val_Variance = 1.6731	sd = 1.2935	max = 112	min = 103
[20190515_074350 / lib_ip.py:4378] len(Hs) = 8100, len(Ss) = 8100, len(Vs) = 8100
[20190515_074350 / lib_ip.py:4422] black : variance --> out of range (variance = 1.673 / upper = 0.000 / lower = 0.000)
[20190515_074350 / lib_ip.py:4593] file : img.20190515_074345.2019-05-15_07-03-48_000.jpg.2.png 1 (black : variance --> out of range (variance = 1.673 / upper = 0.000 / lower = 0.000))
[20190515_074350 / lib_ip.py:2274] inspecting ===> img.20190515_074345.2019-05-15_07-03-48_000.jpg.3.png
[20190515_074350 / lib_ip.py:4505] 
img.20190515_074345.2019-05-15_07-03-48_000.jpg.3.png 2 ---------------------
[20190515_074350 / lib_ip.py:3753] file = img.20190515_074345.2019-05-15_07-03-48_000.jpg.3.png / val_Average = 77.9706	val_Variance = 0.0379	sd = 0.1947	max = 79	min = 77
[20190515_074350 / lib_ip.py:3836] len(Hs) = 8100, len(Ss) = 8100, len(Vs) = 8100
[20190515_074350 / lib_ip.py:3891] yellow : average --> out of range (average = 77.971 / upper = 99.200 / lower = 85.500)
[20190515_074350 / lib_ip.py:3753] file = img.20190515_074345.2019-05-15_07-03-48_000.jpg.3.png / val_Average = 77.9706	val_Variance = 0.0379	sd = 0.1947	max = 79	min = 77
[20190515_074350 / lib_ip.py:3936] len(Hs) = 8100, len(Ss) = 8100, len(Vs) = 8100
[20190515_074350 / lib_ip.py:4007] red : average --> out of range (average = 77.971 / upper = 124.600 / lower = 115.000)
[20190515_074351 / lib_ip.py:3753] file = img.20190515_074345.2019-05-15_07-03-48_000.jpg.3.png / val_Average = 77.9706	val_Variance = 0.0379	sd = 0.1947	max = 79	min = 77
[20190515_074351 / lib_ip.py:4052] len(Hs) = 8100, len(Ss) = 8100, len(Vs) = 8100
[20190515_074351 / lib_ip.py:2274] inspecting ===> img.20190515_074345.2019-05-15_07-03-48_000.jpg.4.png
[20190515_074351 / lib_ip.py:4505] 
img.20190515_074345.2019-05-15_07-03-48_000.jpg.4.png 3 ---------------------
[20190515_074351 / lib_ip.py:3753] file = img.20190515_074345.2019-05-15_07-03-48_000.jpg.4.png / val_Average = 121.6519	val_Variance = 0.2269	sd = 0.4764	max = 122	min = 121
[20190515_074351 / lib_ip.py:3836] len(Hs) = 8100, len(Ss) = 8100, len(Vs) = 8100
[20190515_074352 / lib_ip.py:3891] yellow : average --> out of range (average = 121.652 / upper = 99.200 / lower = 85.500)
[20190515_074352 / lib_ip.py:3753] file = img.20190515_074345.2019-05-15_07-03-48_000.jpg.4.png / val_Average = 121.6519	val_Variance = 0.2269	sd = 0.4764	max = 122	min = 121
[20190515_074352 / lib_ip.py:3936] len(Hs) = 8100, len(Ss) = 8100, len(Vs) = 8100
[20190515_074351 / lib_ip.py:2274] inspecting ===> img.20190515_074345.2019-05-15_07-03-48_000.jpg.4.png
img.20190515_074345.2019-05-15_07-03-48_000.jpg.1.png => other
img.20190515_074345.2019-05-15_07-03-48_000.jpg.2.png => other
img.20190515_074345.2019-05-15_07-03-48_000.jpg.3.png => other
img.20190515_074345.2019-05-15_07-03-48_000.jpg.4.png => other
[20190515_074352 lib_ip.py:3301] =============== Get 4 corners
dpath_Images = C:\WORKS_2\WS\WS_Others.Art\JVEMV6\46_art\VIRTUAL\Admin_Projects\ip\images
fname_Image = img.20190515_074345.2019-05-15_07-03-48_000.jpg.4.png

[20190515_074353 / lib_ip.py:2274] inspecting ===> img.20190515_074353.2019-05-15_07-04-19_000.jpg.1.png
[20190515_074353 / lib_ip.py:4505] 
img.20190515_074353.2019-05-15_07-04-19_000.jpg.1.png 0 ---------------------
[20190515_074353 / lib_ip.py:3753] file = img.20190515_074353.2019-05-15_07-04-19_000.jpg.1.png / val_Average = 106.2160	val_Variance = 2.9188	sd = 1.7084	max = 119	min = 98
[20190515_074353 / lib_ip.py:3836] len(Hs) = 8100, len(Ss) = 8100, len(Vs) = 8100
[20190515_074353 / lib_ip.py:3869] yellow : variance --> out of range (variance = 2.919 / upper = 0.650 / lower = 0.000)
[20190515_074354 / lib_ip.py:3753] file = img.20190515_074353.2019-05-15_07-04-19_000.jpg.1.png / val_Average = 106.2160	val_Variance = 2.9188	sd = 1.7084	max = 119	min = 98
[20190515_074354 / lib_ip.py:3936] len(Hs) = 8100, len(Ss) = 8100, len(Vs) = 8100
[20190515_074354 / lib_ip.py:3982] red : variance --> out of range (variance = 2.919 / upper = 0.430 / lower = 0.000)
[20190515_074354 / lib_ip.py:3753] file = img.20190515_074353.2019-05-15_07-04-19_000.jpg.1.png / val_Average = 106.2160	val_Variance = 2.9188	sd = 1.7084	max = 119	min = 98
[20190515_074354 / lib_ip.py:4052] len(Hs) = 8100, len(Ss) = 8100, len(Vs) = 8100
[20190515_074354 / lib_ip.py:4099] green : variance --> out of range (variance = 2.919 / upper = 0.760 / lower = 0.000)
[20190515_074354 / lib_ip.py:3753] file = img.20190515_074353.2019-05-15_07-04-19_000.jpg.1.png / val_Average = 106.2160	val_Variance = 2.9188	sd = 1.7084	max = 119	min = 98
[20190515_074354 / lib_ip.py:4169] len(Hs) = 8100, len(Ss) = 8100, len(Vs) = 8100
[20190515_074354 / lib_ip.py:4208] blue : variance --> out of range (variance = 2.919 / upper = 0.930 / lower = 0.010)
[20190515_074354 / lib_ip.py:3753] file = img.20190515_074353.2019-05-15_07-04-19_000.jpg.1.png / val_Average = 106.2160	val_Variance = 2.9188	sd = 1.7084	max = 119	min = 98
[20190515_074354 / lib_ip.py:4275] len(Hs) = 8100, len(Ss) = 8100, len(Vs) = 8100
[20190515_074354 / lib_ip.py:4314] pink : variance --> out of range (variance = 2.919 / upper = 0.750 / lower = 0.030)
[20190515_074354 / lib_ip.py:3753] file = img.20190515_074353.2019-05-15_07-04-19_000.jpg.1.png / val_Average = 106.2160	val_Variance = 2.9188	sd = 1.7084	max = 119	min = 98
[20190515_074354 / lib_ip.py:4378] len(Hs) = 8100, len(Ss) = 8100, len(Vs) = 8100
[20190515_074355 / lib_ip.py:4422] black : variance --> out of range (variance = 2.919 / upper = 0.000 / lower = 0.000)
[20190515_074355 / lib_ip.py:4593] file : img.20190515_074353.2019-05-15_07-04-19_000.jpg.1.png 0 (black : variance --> out of range (variance = 2.919 / upper = 0.000 / lower = 0.000))
[20190515_074355 / lib_ip.py:2274] inspecting ===> img.20190515_074353.2019-05-15_07-04-19_000.jpg.2.png
[20190515_074356 / lib_ip.py:4505] 
img.20190515_074353.2019-05-15_07-04-19_000.jpg.2.png 1 ---------------------
[20190515_074356 / lib_ip.py:3753] file = img.20190515_074353.2019-05-15_07-04-19_000.jpg.2.png / val_Average = 93.0074	val_Variance = 0.0106	sd = 0.1028	max = 94	min = 92
[20190515_074356 / lib_ip.py:3836] len(Hs) = 8100, len(Ss) = 8100, len(Vs) = 8100
[20190515_074356 / lib_ip.py:2274] inspecting ===> img.20190515_074353.2019-05-15_07-04-19_000.jpg.3.png
[20190515_074356 / lib_ip.py:4505] 
img.20190515_074353.2019-05-15_07-04-19_000.jpg.3.png 2 ---------------------
[20190515_074357 / lib_ip.py:3753] file = img.20190515_074353.2019-05-15_07-04-19_000.jpg.3.png / val_Average = 102.1720	val_Variance = 4.2133	sd = 2.0526	max = 108	min = 95
[20190515_074357 / lib_ip.py:3836] len(Hs) = 8100, len(Ss) = 8100, len(Vs) = 8100
[20190515_074357 / lib_ip.py:3869] yellow : variance --> out of range (variance = 4.213 / upper = 0.650 / lower = 0.000)
[20190515_074357 / lib_ip.py:3753] file = img.20190515_074353.2019-05-15_07-04-19_000.jpg.3.png / val_Average = 102.1720	val_Variance = 4.2133	sd = 2.0526	max = 108	min = 95
[20190515_074357 / lib_ip.py:3936] len(Hs) = 8100, len(Ss) = 8100, len(Vs) = 8100
[20190515_074357 / lib_ip.py:3982] red : variance --> out of range (variance = 4.213 / upper = 0.430 / lower = 0.000)
[20190515_074357 / lib_ip.py:3753] file = img.20190515_074353.2019-05-15_07-04-19_000.jpg.3.png / val_Average = 102.1720	val_Variance = 4.2133	sd = 2.0526	max = 108	min = 95
[20190515_074357 / lib_ip.py:4052] len(Hs) = 8100, len(Ss) = 8100, len(Vs) = 8100
[20190515_074357 / lib_ip.py:4099] green : variance --> out of range (variance = 4.213 / upper = 0.760 / lower = 0.000)
[20190515_074357 / lib_ip.py:3753] file = img.20190515_074353.2019-05-15_07-04-19_000.jpg.3.png / val_Average = 102.1720	val_Variance = 4.2133	sd = 2.0526	max = 108	min = 95
[20190515_074357 / lib_ip.py:4169] len(Hs) = 8100, len(Ss) = 8100, len(Vs) = 8100
[20190515_074357 / lib_ip.py:4208] blue : variance --> out of range (variance = 4.213 / upper = 0.930 / lower = 0.010)
[20190515_074357 / lib_ip.py:3753] file = img.20190515_074353.2019-05-15_07-04-19_000.jpg.3.png / val_Average = 102.1720	val_Variance = 4.2133	sd = 2.0526	max = 108	min = 95
[20190515_074358 / lib_ip.py:4275] len(Hs) = 8100, len(Ss) = 8100, len(Vs) = 8100
[20190515_074358 / lib_ip.py:4314] pink : variance --> out of range (variance = 4.213 / upper = 0.750 / lower = 0.030)
[20190515_074358 / lib_ip.py:3753] file = img.20190515_074353.2019-05-15_07-04-19_000.jpg.3.png / val_Average = 102.1720	val_Variance = 4.2133	sd = 2.0526	max = 108	min = 95
[20190515_074358 / lib_ip.py:4378] len(Hs) = 8100, len(Ss) = 8100, len(Vs) = 8100
[20190515_074358 / lib_ip.py:4422] black : variance --> out of range (variance = 4.213 / upper = 0.000 / lower = 0.000)
[20190515_074358 / lib_ip.py:4593] file : img.20190515_074353.2019-05-15_07-04-19_000.jpg.3.png 2 (black : variance --> out of range (variance = 4.213 / upper = 0.000 / lower = 0.000))
[20190515_074358 / lib_ip.py:2274] inspecting ===> img.20190515_074353.2019-05-15_07-04-19_000.jpg.4.png
[20190515_074358 / lib_ip.py:4505] 
img.20190515_074353.2019-05-15_07-04-19_000.jpg.4.png 3 ---------------------
[20190515_074358 / lib_ip.py:3753] file = img.20190515_074353.2019-05-15_07-04-19_000.jpg.4.png / val_Average = 14.2868	val_Variance = 0.2221	sd = 0.4712	max = 15	min = 13
[20190515_074359 / lib_ip.py:3836] len(Hs) = 8100, len(Ss) = 8100, len(Vs) = 8100
[20190515_074359 / lib_ip.py:3891] yellow : average --> out of range (average = 14.287 / upper = 99.200 / lower = 85.500)
[20190515_074359 / lib_ip.py:3753] file = img.20190515_074353.2019-05-15_07-04-19_000.jpg.4.png / val_Average = 14.2868	val_Variance = 0.2221	sd = 0.4712	max = 15	min = 13
[20190515_074359 / lib_ip.py:3936] len(Hs) = 8100, len(Ss) = 8100, len(Vs) = 8100
[20190515_074359 / lib_ip.py:4007] red : average --> out of range (average = 14.287 / upper = 124.600 / lower = 115.000)
[20190515_074359 / lib_ip.py:3753] file = img.20190515_074353.2019-05-15_07-04-19_000.jpg.4.png / val_Average = 14.2868	val_Variance = 0.2221	sd = 0.4712	max = 15	min = 13
[20190515_074359 / lib_ip.py:4052] len(Hs) = 8100, len(Ss) = 8100, len(Vs) = 8100
[20190515_074359 / lib_ip.py:4124] green : average --> out of range (average = 14.287 / upper = 85.000 / lower = 58.000)
[20190515_074359 / lib_ip.py:3753] file = img.20190515_074353.2019-05-15_07-04-19_000.jpg.4.png / val_Average = 14.2868	val_Variance = 0.2221	sd = 0.4712	max = 15	min = 13
[20190515_074359 / lib_ip.py:4169] len(Hs) = 8100, len(Ss) = 8100, len(Vs) = 8100
[20190515_074358 / lib_ip.py:2274] inspecting ===> img.20190515_074353.2019-05-15_07-04-19_000.jpg.4.png
img.20190515_074353.2019-05-15_07-04-19_000.jpg.1.png => other
img.20190515_074353.2019-05-15_07-04-19_000.jpg.2.png => other
img.20190515_074353.2019-05-15_07-04-19_000.jpg.3.png => other
img.20190515_074353.2019-05-15_07-04-19_000.jpg.4.png => other
[20190515_074359 lib_ip.py:3301] =============== Get 4 corners
dpath_Images = C:\WORKS_2\WS\WS_Others.Art\JVEMV6\46_art\VIRTUAL\Admin_Projects\ip\images
fname_Image = img.20190515_074353.2019-05-15_07-04-19_000.jpg.4.png

[20190515_074400 / lib_ip.py:2274] inspecting ===> img.20190515_074400.2019-05-15_07-25-13_000.jpg.1.png
[20190515_074401 / lib_ip.py:4505] 
img.20190515_074400.2019-05-15_07-25-13_000.jpg.1.png 0 ---------------------
[20190515_074401 / lib_ip.py:3753] file = img.20190515_074400.2019-05-15_07-25-13_000.jpg.1.png / val_Average = 74.7514	val_Variance = 0.1920	sd = 0.4382	max = 76	min = 74
[20190515_074401 / lib_ip.py:3836] len(Hs) = 8100, len(Ss) = 8100, len(Vs) = 8100
[20190515_074401 / lib_ip.py:3891] yellow : average --> out of range (average = 74.751 / upper = 99.200 / lower = 85.500)
[20190515_074401 / lib_ip.py:3753] file = img.20190515_074400.2019-05-15_07-25-13_000.jpg.1.png / val_Average = 74.7514	val_Variance = 0.1920	sd = 0.4382	max = 76	min = 74
[20190515_074401 / lib_ip.py:3936] len(Hs) = 8100, len(Ss) = 8100, len(Vs) = 8100
[20190515_074401 / lib_ip.py:4007] red : average --> out of range (average = 74.751 / upper = 124.600 / lower = 115.000)
[20190515_074401 / lib_ip.py:3753] file = img.20190515_074400.2019-05-15_07-25-13_000.jpg.1.png / val_Average = 74.7514	val_Variance = 0.1920	sd = 0.4382	max = 76	min = 74
[20190515_074401 / lib_ip.py:4052] len(Hs) = 8100, len(Ss) = 8100, len(Vs) = 8100
[20190515_074401 / lib_ip.py:2274] inspecting ===> img.20190515_074400.2019-05-15_07-25-13_000.jpg.2.png
[20190515_074402 / lib_ip.py:4505] 
img.20190515_074400.2019-05-15_07-25-13_000.jpg.2.png 1 ---------------------
[20190515_074402 / lib_ip.py:3753] file = img.20190515_074400.2019-05-15_07-25-13_000.jpg.2.png / val_Average = 73.0053	val_Variance = 0.0268	sd = 0.1636	max = 74	min = 72
[20190515_074402 / lib_ip.py:3836] len(Hs) = 8100, len(Ss) = 8100, len(Vs) = 8100
[20190515_074402 / lib_ip.py:3891] yellow : average --> out of range (average = 73.005 / upper = 99.200 / lower = 85.500)
[20190515_074402 / lib_ip.py:3753] file = img.20190515_074400.2019-05-15_07-25-13_000.jpg.2.png / val_Average = 73.0053	val_Variance = 0.0268	sd = 0.1636	max = 74	min = 72
[20190515_074402 / lib_ip.py:3936] len(Hs) = 8100, len(Ss) = 8100, len(Vs) = 8100
[20190515_074402 / lib_ip.py:4007] red : average --> out of range (average = 73.005 / upper = 124.600 / lower = 115.000)
[20190515_074402 / lib_ip.py:3753] file = img.20190515_074400.2019-05-15_07-25-13_000.jpg.2.png / val_Average = 73.0053	val_Variance = 0.0268	sd = 0.1636	max = 74	min = 72
[20190515_074402 / lib_ip.py:4052] len(Hs) = 8100, len(Ss) = 8100, len(Vs) = 8100
[20190515_074402 / lib_ip.py:2274] inspecting ===> img.20190515_074400.2019-05-15_07-25-13_000.jpg.3.png
[20190515_074403 / lib_ip.py:4505] 
img.20190515_074400.2019-05-15_07-25-13_000.jpg.3.png 2 ---------------------
[20190515_074403 / lib_ip.py:3753] file = img.20190515_074400.2019-05-15_07-25-13_000.jpg.3.png / val_Average = 66.0517	val_Variance = 1111.4016	sd = 33.3377	max = 160	min = 0
[20190515_074403 / lib_ip.py:3836] len(Hs) = 8100, len(Ss) = 8100, len(Vs) = 8100
[20190515_074403 / lib_ip.py:3869] yellow : variance --> out of range (variance = 1111.402 / upper = 0.650 / lower = 0.000)
[20190515_074403 / lib_ip.py:3753] file = img.20190515_074400.2019-05-15_07-25-13_000.jpg.3.png / val_Average = 66.0517	val_Variance = 1111.4016	sd = 33.3377	max = 160	min = 0
[20190515_074403 / lib_ip.py:3936] len(Hs) = 8100, len(Ss) = 8100, len(Vs) = 8100
[20190515_074403 / lib_ip.py:3982] red : variance --> out of range (variance = 1111.402 / upper = 0.430 / lower = 0.000)
[20190515_074404 / lib_ip.py:3753] file = img.20190515_074400.2019-05-15_07-25-13_000.jpg.3.png / val_Average = 66.0517	val_Variance = 1111.4016	sd = 33.3377	max = 160	min = 0
[20190515_074404 / lib_ip.py:4052] len(Hs) = 8100, len(Ss) = 8100, len(Vs) = 8100
[20190515_074404 / lib_ip.py:4099] green : variance --> out of range (variance = 1111.402 / upper = 0.760 / lower = 0.000)
[20190515_074404 / lib_ip.py:3753] file = img.20190515_074400.2019-05-15_07-25-13_000.jpg.3.png / val_Average = 66.0517	val_Variance = 1111.4016	sd = 33.3377	max = 160	min = 0
[20190515_074404 / lib_ip.py:4169] len(Hs) = 8100, len(Ss) = 8100, len(Vs) = 8100
[20190515_074404 / lib_ip.py:4208] blue : variance --> out of range (variance = 1111.402 / upper = 0.930 / lower = 0.010)
[20190515_074404 / lib_ip.py:3753] file = img.20190515_074400.2019-05-15_07-25-13_000.jpg.3.png / val_Average = 66.0517	val_Variance = 1111.4016	sd = 33.3377	max = 160	min = 0
[20190515_074404 / lib_ip.py:4275] len(Hs) = 8100, len(Ss) = 8100, len(Vs) = 8100
[20190515_074404 / lib_ip.py:4314] pink : variance --> out of range (variance = 1111.402 / upper = 0.750 / lower = 0.030)
[20190515_074404 / lib_ip.py:3753] file = img.20190515_074400.2019-05-15_07-25-13_000.jpg.3.png / val_Average = 66.0517	val_Variance = 1111.4016	sd = 33.3377	max = 160	min = 0
[20190515_074404 / lib_ip.py:4378] len(Hs) = 8100, len(Ss) = 8100, len(Vs) = 8100
[20190515_074404 / lib_ip.py:4422] black : variance --> out of range (variance = 1111.402 / upper = 0.000 / lower = 0.000)
[20190515_074405 / lib_ip.py:4593] file : img.20190515_074400.2019-05-15_07-25-13_000.jpg.3.png 2 (black : variance --> out of range (variance = 1111.402 / upper = 0.000 / lower = 0.000))
[20190515_074405 / lib_ip.py:2274] inspecting ===> img.20190515_074400.2019-05-15_07-25-13_000.jpg.4.png
[20190515_074405 / lib_ip.py:4505] 
img.20190515_074400.2019-05-15_07-25-13_000.jpg.4.png 3 ---------------------
[20190515_074405 / lib_ip.py:3753] file = img.20190515_074400.2019-05-15_07-25-13_000.jpg.4.png / val_Average = 91.6460	val_Variance = 58.3050	sd = 7.6358	max = 114	min = 0
[20190515_074405 / lib_ip.py:3836] len(Hs) = 8100, len(Ss) = 8100, len(Vs) = 8100
[20190515_074405 / lib_ip.py:3869] yellow : variance --> out of range (variance = 58.305 / upper = 0.650 / lower = 0.000)
[20190515_074405 / lib_ip.py:3753] file = img.20190515_074400.2019-05-15_07-25-13_000.jpg.4.png / val_Average = 91.6460	val_Variance = 58.3050	sd = 7.6358	max = 114	min = 0
[20190515_074405 / lib_ip.py:3936] len(Hs) = 8100, len(Ss) = 8100, len(Vs) = 8100
[20190515_074405 / lib_ip.py:3982] red : variance --> out of range (variance = 58.305 / upper = 0.430 / lower = 0.000)
[20190515_074406 / lib_ip.py:3753] file = img.20190515_074400.2019-05-15_07-25-13_000.jpg.4.png / val_Average = 91.6460	val_Variance = 58.3050	sd = 7.6358	max = 114	min = 0
[20190515_074406 / lib_ip.py:4052] len(Hs) = 8100, len(Ss) = 8100, len(Vs) = 8100
[20190515_074406 / lib_ip.py:4099] green : variance --> out of range (variance = 58.305 / upper = 0.760 / lower = 0.000)
[20190515_074406 / lib_ip.py:3753] file = img.20190515_074400.2019-05-15_07-25-13_000.jpg.4.png / val_Average = 91.6460	val_Variance = 58.3050	sd = 7.6358	max = 114	min = 0
[20190515_074406 / lib_ip.py:4169] len(Hs) = 8100, len(Ss) = 8100, len(Vs) = 8100
[20190515_074406 / lib_ip.py:4208] blue : variance --> out of range (variance = 58.305 / upper = 0.930 / lower = 0.010)
[20190515_074406 / lib_ip.py:3753] file = img.20190515_074400.2019-05-15_07-25-13_000.jpg.4.png / val_Average = 91.6460	val_Variance = 58.3050	sd = 7.6358	max = 114	min = 0
[20190515_074406 / lib_ip.py:4275] len(Hs) = 8100, len(Ss) = 8100, len(Vs) = 8100
[20190515_074406 / lib_ip.py:4314] pink : variance --> out of range (variance = 58.305 / upper = 0.750 / lower = 0.030)
[20190515_074406 / lib_ip.py:3753] file = img.20190515_074400.2019-05-15_07-25-13_000.jpg.4.png / val_Average = 91.6460	val_Variance = 58.3050	sd = 7.6358	max = 114	min = 0
[20190515_074406 / lib_ip.py:4378] len(Hs) = 8100, len(Ss) = 8100, len(Vs) = 8100
[20190515_074406 / lib_ip.py:4422] black : variance --> out of range (variance = 58.305 / upper = 0.000 / lower = 0.000)
[20190515_074406 / lib_ip.py:4593] file : img.20190515_074400.2019-05-15_07-25-13_000.jpg.4.png 3 (black : variance --> out of range (variance = 58.305 / upper = 0.000 / lower = 0.000))
[20190515_074405 / lib_ip.py:2274] inspecting ===> img.20190515_074400.2019-05-15_07-25-13_000.jpg.4.png
img.20190515_074400.2019-05-15_07-25-13_000.jpg.1.png => other
img.20190515_074400.2019-05-15_07-25-13_000.jpg.2.png => other
img.20190515_074400.2019-05-15_07-25-13_000.jpg.3.png => other
img.20190515_074400.2019-05-15_07-25-13_000.jpg.4.png => other
[20190515_074406 lib_ip.py:3301] =============== Get 4 corners
dpath_Images = C:\WORKS_2\WS\WS_Others.Art\JVEMV6\46_art\VIRTUAL\Admin_Projects\ip\images
fname_Image = img.20190515_074400.2019-05-15_07-25-13_000.jpg.4.png

[20190515_074406 / views.py:1411] gen csv => complete (20190515_074406)(elapsed = 74.559 sec / 11 files / 6.778 sec per file)
1)	2019-05-14_09-13-13_000.jpg => 	other other green green 
2)	2019-05-14_10-37-16_000.jpg => 	other other yellow other 
3)	2019-05-14_19-05-35_000.jpg => 	other red other yellow 
4)	2019-05-14_19-05-52_000.jpg => 	other red other yellow 
5)	2019-05-14_20-25-17_000.jpg => 	yellow other other other 
6)	2019-05-15_00-49-32_000.jpg => 	other other other other 
7)	2019-05-15_06-29-15_000.jpg => 	other other other other 
8)	2019-05-15_07-03-15_000.jpg => 	other red other green 
9)	2019-05-15_07-03-48_000.jpg => 	other other green red 
10)	2019-05-15_07-04-19_000.jpg => 	other yellow other blue 
11)	2019-05-15_07-25-13_000.jpg => 	green green other other 
[20190515_074406 / views.py:1753] lo_ColorName_Set__Modified_2 =>
1)	2019-05-14_09-13-13_000.jpg => 	g g o o 
2)	2019-05-14_10-37-16_000.jpg => 	o o o y 
3)	2019-05-14_19-05-35_000.jpg => 	o o r y 
4)	2019-05-14_19-05-52_000.jpg => 	o o r y 
5)	2019-05-14_20-25-17_000.jpg => 	o o o y 
6)	2019-05-15_00-49-32_000.jpg => 	o o o o 
7)	2019-05-15_06-29-15_000.jpg => 	o o o o 
8)	2019-05-15_07-03-15_000.jpg => 	g o o r 
9)	2019-05-15_07-03-48_000.jpg => 	g o o r 
10)	2019-05-15_07-04-19_000.jpg => 	b o o y 
11)	2019-05-15_07-25-13_000.jpg => 	g g o o 
[20190515_074409 / views.py:1839] gen_Cake_CSV(request) ==> ending... =======================//

