[20181110_085418 / views.py:1877] gen_Cake_CSV(request) ==> starting... =======================
[20181110_085419 / lib_ip.py:2273] inspecting ===> img.20181110_085419.2018-11-09_12-26-56_000.jpg.1.png
[20181110_085420 / lib_ip.py:4331] 
img.20181110_085419.2018-11-09_12-26-56_000.jpg.1.png 0 ---------------------
[20181110_085420 / lib_ip.py:3794] file = img.20181110_085419.2018-11-09_12-26-56_000.jpg.1.png / val_Average = 68.7962	val_Variance = 1701.1998	sd = 41.2456	max = 160	min = 0
[20181110_085420 / lib_ip.py:3877] len(Hs) = 8100, len(Ss) = 8100, len(Vs) = 8100
[20181110_085420 / lib_ip.py:3910] yellow : variance --> out of range (variance = 1701.200 / upper = 0.650 / lower = 0.000)
[20181110_085420 / lib_ip.py:3794] file = img.20181110_085419.2018-11-09_12-26-56_000.jpg.1.png / val_Average = 68.7962	val_Variance = 1701.1998	sd = 41.2456	max = 160	min = 0
[20181110_085420 / lib_ip.py:3977] len(Hs) = 8100, len(Ss) = 8100, len(Vs) = 8100
[20181110_085420 / lib_ip.py:4023] red : variance --> out of range (variance = 1701.200 / upper = 0.430 / lower = 0.000)
[20181110_085420 / lib_ip.py:3794] file = img.20181110_085419.2018-11-09_12-26-56_000.jpg.1.png / val_Average = 68.7962	val_Variance = 1701.1998	sd = 41.2456	max = 160	min = 0
[20181110_085420 / lib_ip.py:4090] len(Hs) = 8100, len(Ss) = 8100, len(Vs) = 8100
[20181110_085420 / lib_ip.py:4137] green : variance --> out of range (variance = 1701.200 / upper = 0.760 / lower = 0.000)
[20181110_085420 / lib_ip.py:3794] file = img.20181110_085419.2018-11-09_12-26-56_000.jpg.1.png / val_Average = 68.7962	val_Variance = 1701.1998	sd = 41.2456	max = 160	min = 0
[20181110_085421 / lib_ip.py:4204] len(Hs) = 8100, len(Ss) = 8100, len(Vs) = 8100
[20181110_085421 / lib_ip.py:4248] black : variance --> out of range (variance = 1701.200 / upper = 0.000 / lower = 0.000)
[20181110_085421 / lib_ip.py:4399] file : img.20181110_085419.2018-11-09_12-26-56_000.jpg.1.png 0 (black : variance --> out of range (variance = 1701.200 / upper = 0.000 / lower = 0.000))
[20181110_085421 / lib_ip.py:2273] inspecting ===> img.20181110_085419.2018-11-09_12-26-56_000.jpg.2.png
[20181110_085421 / lib_ip.py:4331] 
img.20181110_085419.2018-11-09_12-26-56_000.jpg.2.png 1 ---------------------
[20181110_085421 / lib_ip.py:3794] file = img.20181110_085419.2018-11-09_12-26-56_000.jpg.2.png / val_Average = 93.8164	val_Variance = 0.1499	sd = 0.3871	max = 94	min = 93
[20181110_085421 / lib_ip.py:3877] len(Hs) = 8100, len(Ss) = 8100, len(Vs) = 8100
[20181110_085421 / lib_ip.py:2273] inspecting ===> img.20181110_085419.2018-11-09_12-26-56_000.jpg.3.png
[20181110_085422 / lib_ip.py:4331] 
img.20181110_085419.2018-11-09_12-26-56_000.jpg.3.png 2 ---------------------
[20181110_085422 / lib_ip.py:3794] file = img.20181110_085419.2018-11-09_12-26-56_000.jpg.3.png / val_Average = 105.6320	val_Variance = 14.1837	sd = 3.7661	max = 114	min = 70
[20181110_085422 / lib_ip.py:3877] len(Hs) = 8100, len(Ss) = 8100, len(Vs) = 8100
[20181110_085422 / lib_ip.py:3910] yellow : variance --> out of range (variance = 14.184 / upper = 0.650 / lower = 0.000)
[20181110_085422 / lib_ip.py:3794] file = img.20181110_085419.2018-11-09_12-26-56_000.jpg.3.png / val_Average = 105.6320	val_Variance = 14.1837	sd = 3.7661	max = 114	min = 70
[20181110_085422 / lib_ip.py:3977] len(Hs) = 8100, len(Ss) = 8100, len(Vs) = 8100
[20181110_085422 / lib_ip.py:4023] red : variance --> out of range (variance = 14.184 / upper = 0.430 / lower = 0.000)
[20181110_085422 / lib_ip.py:3794] file = img.20181110_085419.2018-11-09_12-26-56_000.jpg.3.png / val_Average = 105.6320	val_Variance = 14.1837	sd = 3.7661	max = 114	min = 70
[20181110_085422 / lib_ip.py:4090] len(Hs) = 8100, len(Ss) = 8100, len(Vs) = 8100
[20181110_085422 / lib_ip.py:4137] green : variance --> out of range (variance = 14.184 / upper = 0.760 / lower = 0.000)
[20181110_085422 / lib_ip.py:3794] file = img.20181110_085419.2018-11-09_12-26-56_000.jpg.3.png / val_Average = 105.6320	val_Variance = 14.1837	sd = 3.7661	max = 114	min = 70
[20181110_085422 / lib_ip.py:4204] len(Hs) = 8100, len(Ss) = 8100, len(Vs) = 8100
[20181110_085422 / lib_ip.py:4248] black : variance --> out of range (variance = 14.184 / upper = 0.000 / lower = 0.000)
[20181110_085422 / lib_ip.py:4399] file : img.20181110_085419.2018-11-09_12-26-56_000.jpg.3.png 2 (black : variance --> out of range (variance = 14.184 / upper = 0.000 / lower = 0.000))
[20181110_085422 / lib_ip.py:2273] inspecting ===> img.20181110_085419.2018-11-09_12-26-56_000.jpg.4.png
[20181110_085422 / lib_ip.py:4331] 
img.20181110_085419.2018-11-09_12-26-56_000.jpg.4.png 3 ---------------------
[20181110_085422 / lib_ip.py:3794] file = img.20181110_085419.2018-11-09_12-26-56_000.jpg.4.png / val_Average = 99.2021	val_Variance = 290.6057	sd = 17.0472	max = 160	min = 0
[20181110_085422 / lib_ip.py:3877] len(Hs) = 8100, len(Ss) = 8100, len(Vs) = 8100
[20181110_085422 / lib_ip.py:3910] yellow : variance --> out of range (variance = 290.606 / upper = 0.650 / lower = 0.000)
[20181110_085423 / lib_ip.py:3794] file = img.20181110_085419.2018-11-09_12-26-56_000.jpg.4.png / val_Average = 99.2021	val_Variance = 290.6057	sd = 17.0472	max = 160	min = 0
[20181110_085423 / lib_ip.py:3977] len(Hs) = 8100, len(Ss) = 8100, len(Vs) = 8100
[20181110_085423 / lib_ip.py:4023] red : variance --> out of range (variance = 290.606 / upper = 0.430 / lower = 0.000)
[20181110_085423 / lib_ip.py:3794] file = img.20181110_085419.2018-11-09_12-26-56_000.jpg.4.png / val_Average = 99.2021	val_Variance = 290.6057	sd = 17.0472	max = 160	min = 0
[20181110_085423 / lib_ip.py:4090] len(Hs) = 8100, len(Ss) = 8100, len(Vs) = 8100
[20181110_085423 / lib_ip.py:4137] green : variance --> out of range (variance = 290.606 / upper = 0.760 / lower = 0.000)
[20181110_085423 / lib_ip.py:3794] file = img.20181110_085419.2018-11-09_12-26-56_000.jpg.4.png / val_Average = 99.2021	val_Variance = 290.6057	sd = 17.0472	max = 160	min = 0
[20181110_085423 / lib_ip.py:4204] len(Hs) = 8100, len(Ss) = 8100, len(Vs) = 8100
[20181110_085423 / lib_ip.py:4248] black : variance --> out of range (variance = 290.606 / upper = 0.000 / lower = 0.000)
[20181110_085423 / lib_ip.py:4399] file : img.20181110_085419.2018-11-09_12-26-56_000.jpg.4.png 3 (black : variance --> out of range (variance = 290.606 / upper = 0.000 / lower = 0.000))
[20181110_085422 / lib_ip.py:2273] inspecting ===> img.20181110_085419.2018-11-09_12-26-56_000.jpg.4.png
img.20181110_085419.2018-11-09_12-26-56_000.jpg.1.png => other
img.20181110_085419.2018-11-09_12-26-56_000.jpg.2.png => other
img.20181110_085419.2018-11-09_12-26-56_000.jpg.3.png => other
img.20181110_085419.2018-11-09_12-26-56_000.jpg.4.png => other
[20181110_085423 lib_ip.py:3300] =============== Get 4 corners
dpath_Images = C:\WORKS_2\WS\WS_Others.Art\JVEMV6\46_art\VIRTUAL\Admin_Projects\ip\images
fname_Image = img.20181110_085419.2018-11-09_12-26-56_000.jpg.4.png

[20181110_085424 / lib_ip.py:2273] inspecting ===> img.20181110_085423.2018-11-09_15-08-38_000.jpg.1.png
[20181110_085424 / lib_ip.py:4331] 
img.20181110_085423.2018-11-09_15-08-38_000.jpg.1.png 0 ---------------------
[20181110_085424 / lib_ip.py:3794] file = img.20181110_085423.2018-11-09_15-08-38_000.jpg.1.png / val_Average = 111.8641	val_Variance = 16.3839	sd = 4.0477	max = 130	min = 101
[20181110_085424 / lib_ip.py:3877] len(Hs) = 8100, len(Ss) = 8100, len(Vs) = 8100
[20181110_085424 / lib_ip.py:3910] yellow : variance --> out of range (variance = 16.384 / upper = 0.650 / lower = 0.000)
[20181110_085424 / lib_ip.py:3794] file = img.20181110_085423.2018-11-09_15-08-38_000.jpg.1.png / val_Average = 111.8641	val_Variance = 16.3839	sd = 4.0477	max = 130	min = 101
[20181110_085424 / lib_ip.py:3977] len(Hs) = 8100, len(Ss) = 8100, len(Vs) = 8100
[20181110_085424 / lib_ip.py:4023] red : variance --> out of range (variance = 16.384 / upper = 0.430 / lower = 0.000)
[20181110_085425 / lib_ip.py:3794] file = img.20181110_085423.2018-11-09_15-08-38_000.jpg.1.png / val_Average = 111.8641	val_Variance = 16.3839	sd = 4.0477	max = 130	min = 101
[20181110_085425 / lib_ip.py:4090] len(Hs) = 8100, len(Ss) = 8100, len(Vs) = 8100
[20181110_085425 / lib_ip.py:4137] green : variance --> out of range (variance = 16.384 / upper = 0.760 / lower = 0.000)
[20181110_085425 / lib_ip.py:3794] file = img.20181110_085423.2018-11-09_15-08-38_000.jpg.1.png / val_Average = 111.8641	val_Variance = 16.3839	sd = 4.0477	max = 130	min = 101
[20181110_085425 / lib_ip.py:4204] len(Hs) = 8100, len(Ss) = 8100, len(Vs) = 8100
[20181110_085425 / lib_ip.py:4248] black : variance --> out of range (variance = 16.384 / upper = 0.000 / lower = 0.000)
[20181110_085425 / lib_ip.py:4399] file : img.20181110_085423.2018-11-09_15-08-38_000.jpg.1.png 0 (black : variance --> out of range (variance = 16.384 / upper = 0.000 / lower = 0.000))
[20181110_085425 / lib_ip.py:2273] inspecting ===> img.20181110_085423.2018-11-09_15-08-38_000.jpg.2.png
[20181110_085425 / lib_ip.py:4331] 
img.20181110_085423.2018-11-09_15-08-38_000.jpg.2.png 1 ---------------------
[20181110_085425 / lib_ip.py:3794] file = img.20181110_085423.2018-11-09_15-08-38_000.jpg.2.png / val_Average = 110.6433	val_Variance = 9.0714	sd = 3.0119	max = 120	min = 103
[20181110_085425 / lib_ip.py:3877] len(Hs) = 8100, len(Ss) = 8100, len(Vs) = 8100
[20181110_085425 / lib_ip.py:3910] yellow : variance --> out of range (variance = 9.071 / upper = 0.650 / lower = 0.000)
[20181110_085425 / lib_ip.py:3794] file = img.20181110_085423.2018-11-09_15-08-38_000.jpg.2.png / val_Average = 110.6433	val_Variance = 9.0714	sd = 3.0119	max = 120	min = 103
[20181110_085425 / lib_ip.py:3977] len(Hs) = 8100, len(Ss) = 8100, len(Vs) = 8100
[20181110_085425 / lib_ip.py:4023] red : variance --> out of range (variance = 9.071 / upper = 0.430 / lower = 0.000)
[20181110_085426 / lib_ip.py:3794] file = img.20181110_085423.2018-11-09_15-08-38_000.jpg.2.png / val_Average = 110.6433	val_Variance = 9.0714	sd = 3.0119	max = 120	min = 103
[20181110_085426 / lib_ip.py:4090] len(Hs) = 8100, len(Ss) = 8100, len(Vs) = 8100
[20181110_085426 / lib_ip.py:4137] green : variance --> out of range (variance = 9.071 / upper = 0.760 / lower = 0.000)
[20181110_085426 / lib_ip.py:3794] file = img.20181110_085423.2018-11-09_15-08-38_000.jpg.2.png / val_Average = 110.6433	val_Variance = 9.0714	sd = 3.0119	max = 120	min = 103
[20181110_085426 / lib_ip.py:4204] len(Hs) = 8100, len(Ss) = 8100, len(Vs) = 8100
[20181110_085426 / lib_ip.py:4248] black : variance --> out of range (variance = 9.071 / upper = 0.000 / lower = 0.000)
[20181110_085426 / lib_ip.py:4399] file : img.20181110_085423.2018-11-09_15-08-38_000.jpg.2.png 1 (black : variance --> out of range (variance = 9.071 / upper = 0.000 / lower = 0.000))
[20181110_085426 / lib_ip.py:2273] inspecting ===> img.20181110_085423.2018-11-09_15-08-38_000.jpg.3.png
[20181110_085426 / lib_ip.py:4331] 
img.20181110_085423.2018-11-09_15-08-38_000.jpg.3.png 2 ---------------------
[20181110_085426 / lib_ip.py:3794] file = img.20181110_085423.2018-11-09_15-08-38_000.jpg.3.png / val_Average = 102.1084	val_Variance = 4.0332	sd = 2.0083	max = 109	min = 96
[20181110_085426 / lib_ip.py:3877] len(Hs) = 8100, len(Ss) = 8100, len(Vs) = 8100
[20181110_085426 / lib_ip.py:3910] yellow : variance --> out of range (variance = 4.033 / upper = 0.650 / lower = 0.000)
[20181110_085426 / lib_ip.py:3794] file = img.20181110_085423.2018-11-09_15-08-38_000.jpg.3.png / val_Average = 102.1084	val_Variance = 4.0332	sd = 2.0083	max = 109	min = 96
[20181110_085426 / lib_ip.py:3977] len(Hs) = 8100, len(Ss) = 8100, len(Vs) = 8100
[20181110_085426 / lib_ip.py:4023] red : variance --> out of range (variance = 4.033 / upper = 0.430 / lower = 0.000)
[20181110_085426 / lib_ip.py:3794] file = img.20181110_085423.2018-11-09_15-08-38_000.jpg.3.png / val_Average = 102.1084	val_Variance = 4.0332	sd = 2.0083	max = 109	min = 96
[20181110_085426 / lib_ip.py:4090] len(Hs) = 8100, len(Ss) = 8100, len(Vs) = 8100
[20181110_085427 / lib_ip.py:4137] green : variance --> out of range (variance = 4.033 / upper = 0.760 / lower = 0.000)
[20181110_085427 / lib_ip.py:3794] file = img.20181110_085423.2018-11-09_15-08-38_000.jpg.3.png / val_Average = 102.1084	val_Variance = 4.0332	sd = 2.0083	max = 109	min = 96
[20181110_085427 / lib_ip.py:4204] len(Hs) = 8100, len(Ss) = 8100, len(Vs) = 8100
[20181110_085427 / lib_ip.py:4248] black : variance --> out of range (variance = 4.033 / upper = 0.000 / lower = 0.000)
[20181110_085427 / lib_ip.py:4399] file : img.20181110_085423.2018-11-09_15-08-38_000.jpg.3.png 2 (black : variance --> out of range (variance = 4.033 / upper = 0.000 / lower = 0.000))
[20181110_085427 / lib_ip.py:2273] inspecting ===> img.20181110_085423.2018-11-09_15-08-38_000.jpg.4.png
[20181110_085427 / lib_ip.py:4331] 
img.20181110_085423.2018-11-09_15-08-38_000.jpg.4.png 3 ---------------------
[20181110_085427 / lib_ip.py:3794] file = img.20181110_085423.2018-11-09_15-08-38_000.jpg.4.png / val_Average = 119.0546	val_Variance = 0.0620	sd = 0.2489	max = 120	min = 118
[20181110_085427 / lib_ip.py:3877] len(Hs) = 8100, len(Ss) = 8100, len(Vs) = 8100
[20181110_085427 / lib_ip.py:3932] yellow : average --> out of range (average = 119.055 / upper = 99.200 / lower = 88.000)
[20181110_085427 / lib_ip.py:3794] file = img.20181110_085423.2018-11-09_15-08-38_000.jpg.4.png / val_Average = 119.0546	val_Variance = 0.0620	sd = 0.2489	max = 120	min = 118
[20181110_085427 / lib_ip.py:3977] len(Hs) = 8100, len(Ss) = 8100, len(Vs) = 8100
[20181110_085427 / lib_ip.py:2273] inspecting ===> img.20181110_085423.2018-11-09_15-08-38_000.jpg.4.png
img.20181110_085423.2018-11-09_15-08-38_000.jpg.1.png => other
img.20181110_085423.2018-11-09_15-08-38_000.jpg.2.png => other
img.20181110_085423.2018-11-09_15-08-38_000.jpg.3.png => other
img.20181110_085423.2018-11-09_15-08-38_000.jpg.4.png => other
[20181110_085427 lib_ip.py:3300] =============== Get 4 corners
dpath_Images = C:\WORKS_2\WS\WS_Others.Art\JVEMV6\46_art\VIRTUAL\Admin_Projects\ip\images
fname_Image = img.20181110_085423.2018-11-09_15-08-38_000.jpg.4.png

[20181110_085428 / lib_ip.py:2273] inspecting ===> img.20181110_085428.2018-11-09_15-32-36_000.jpg.1.png
[20181110_085428 / lib_ip.py:4331] 
img.20181110_085428.2018-11-09_15-32-36_000.jpg.1.png 0 ---------------------
[20181110_085429 / lib_ip.py:3794] file = img.20181110_085428.2018-11-09_15-32-36_000.jpg.1.png / val_Average = 76.1486	val_Variance = 1.9759	sd = 1.4057	max = 85	min = 75
[20181110_085429 / lib_ip.py:3877] len(Hs) = 8100, len(Ss) = 8100, len(Vs) = 8100
[20181110_085429 / lib_ip.py:3910] yellow : variance --> out of range (variance = 1.976 / upper = 0.650 / lower = 0.000)
[20181110_085429 / lib_ip.py:3794] file = img.20181110_085428.2018-11-09_15-32-36_000.jpg.1.png / val_Average = 76.1486	val_Variance = 1.9759	sd = 1.4057	max = 85	min = 75
[20181110_085429 / lib_ip.py:3977] len(Hs) = 8100, len(Ss) = 8100, len(Vs) = 8100
[20181110_085429 / lib_ip.py:4023] red : variance --> out of range (variance = 1.976 / upper = 0.430 / lower = 0.000)
[20181110_085429 / lib_ip.py:3794] file = img.20181110_085428.2018-11-09_15-32-36_000.jpg.1.png / val_Average = 76.1486	val_Variance = 1.9759	sd = 1.4057	max = 85	min = 75
[20181110_085429 / lib_ip.py:4090] len(Hs) = 8100, len(Ss) = 8100, len(Vs) = 8100
[20181110_085429 / lib_ip.py:4137] green : variance --> out of range (variance = 1.976 / upper = 0.760 / lower = 0.000)
[20181110_085429 / lib_ip.py:3794] file = img.20181110_085428.2018-11-09_15-32-36_000.jpg.1.png / val_Average = 76.1486	val_Variance = 1.9759	sd = 1.4057	max = 85	min = 75
[20181110_085429 / lib_ip.py:4204] len(Hs) = 8100, len(Ss) = 8100, len(Vs) = 8100
[20181110_085429 / lib_ip.py:4248] black : variance --> out of range (variance = 1.976 / upper = 0.000 / lower = 0.000)
[20181110_085429 / lib_ip.py:4399] file : img.20181110_085428.2018-11-09_15-32-36_000.jpg.1.png 0 (black : variance --> out of range (variance = 1.976 / upper = 0.000 / lower = 0.000))
[20181110_085429 / lib_ip.py:2273] inspecting ===> img.20181110_085428.2018-11-09_15-32-36_000.jpg.2.png
[20181110_085429 / lib_ip.py:4331] 
img.20181110_085428.2018-11-09_15-32-36_000.jpg.2.png 1 ---------------------
[20181110_085429 / lib_ip.py:3794] file = img.20181110_085428.2018-11-09_15-32-36_000.jpg.2.png / val_Average = 74.8428	val_Variance = 0.1325	sd = 0.3640	max = 75	min = 74
[20181110_085429 / lib_ip.py:3877] len(Hs) = 8100, len(Ss) = 8100, len(Vs) = 8100
[20181110_085429 / lib_ip.py:3932] yellow : average --> out of range (average = 74.843 / upper = 99.200 / lower = 88.000)
[20181110_085430 / lib_ip.py:3794] file = img.20181110_085428.2018-11-09_15-32-36_000.jpg.2.png / val_Average = 74.8428	val_Variance = 0.1325	sd = 0.3640	max = 75	min = 74
[20181110_085430 / lib_ip.py:3977] len(Hs) = 8100, len(Ss) = 8100, len(Vs) = 8100
[20181110_085430 / lib_ip.py:4048] red : average --> out of range (average = 74.843 / upper = 124.000 / lower = 115.000)
[20181110_085430 / lib_ip.py:3794] file = img.20181110_085428.2018-11-09_15-32-36_000.jpg.2.png / val_Average = 74.8428	val_Variance = 0.1325	sd = 0.3640	max = 75	min = 74
[20181110_085430 / lib_ip.py:4090] len(Hs) = 8100, len(Ss) = 8100, len(Vs) = 8100
[20181110_085430 / lib_ip.py:2273] inspecting ===> img.20181110_085428.2018-11-09_15-32-36_000.jpg.3.png
[20181110_085430 / lib_ip.py:4331] 
img.20181110_085428.2018-11-09_15-32-36_000.jpg.3.png 2 ---------------------
[20181110_085430 / lib_ip.py:3794] file = img.20181110_085428.2018-11-09_15-32-36_000.jpg.3.png / val_Average = 102.8548	val_Variance = 6.7132	sd = 2.5910	max = 110	min = 94
[20181110_085430 / lib_ip.py:3877] len(Hs) = 8100, len(Ss) = 8100, len(Vs) = 8100
[20181110_085430 / lib_ip.py:3910] yellow : variance --> out of range (variance = 6.713 / upper = 0.650 / lower = 0.000)
[20181110_085430 / lib_ip.py:3794] file = img.20181110_085428.2018-11-09_15-32-36_000.jpg.3.png / val_Average = 102.8548	val_Variance = 6.7132	sd = 2.5910	max = 110	min = 94
[20181110_085430 / lib_ip.py:3977] len(Hs) = 8100, len(Ss) = 8100, len(Vs) = 8100
[20181110_085430 / lib_ip.py:4023] red : variance --> out of range (variance = 6.713 / upper = 0.430 / lower = 0.000)
[20181110_085430 / lib_ip.py:3794] file = img.20181110_085428.2018-11-09_15-32-36_000.jpg.3.png / val_Average = 102.8548	val_Variance = 6.7132	sd = 2.5910	max = 110	min = 94
[20181110_085430 / lib_ip.py:4090] len(Hs) = 8100, len(Ss) = 8100, len(Vs) = 8100
[20181110_085431 / lib_ip.py:4137] green : variance --> out of range (variance = 6.713 / upper = 0.760 / lower = 0.000)
[20181110_085431 / lib_ip.py:3794] file = img.20181110_085428.2018-11-09_15-32-36_000.jpg.3.png / val_Average = 102.8548	val_Variance = 6.7132	sd = 2.5910	max = 110	min = 94
[20181110_085431 / lib_ip.py:4204] len(Hs) = 8100, len(Ss) = 8100, len(Vs) = 8100
[20181110_085431 / lib_ip.py:4248] black : variance --> out of range (variance = 6.713 / upper = 0.000 / lower = 0.000)
[20181110_085431 / lib_ip.py:4399] file : img.20181110_085428.2018-11-09_15-32-36_000.jpg.3.png 2 (black : variance --> out of range (variance = 6.713 / upper = 0.000 / lower = 0.000))
[20181110_085431 / lib_ip.py:2273] inspecting ===> img.20181110_085428.2018-11-09_15-32-36_000.jpg.4.png
[20181110_085431 / lib_ip.py:4331] 
img.20181110_085428.2018-11-09_15-32-36_000.jpg.4.png 3 ---------------------
[20181110_085431 / lib_ip.py:3794] file = img.20181110_085428.2018-11-09_15-32-36_000.jpg.4.png / val_Average = 107.7530	val_Variance = 3.2050	sd = 1.7903	max = 115	min = 103
[20181110_085431 / lib_ip.py:3877] len(Hs) = 8100, len(Ss) = 8100, len(Vs) = 8100
[20181110_085431 / lib_ip.py:3910] yellow : variance --> out of range (variance = 3.205 / upper = 0.650 / lower = 0.000)
[20181110_085431 / lib_ip.py:3794] file = img.20181110_085428.2018-11-09_15-32-36_000.jpg.4.png / val_Average = 107.7530	val_Variance = 3.2050	sd = 1.7903	max = 115	min = 103
[20181110_085431 / lib_ip.py:3977] len(Hs) = 8100, len(Ss) = 8100, len(Vs) = 8100
[20181110_085431 / lib_ip.py:4023] red : variance --> out of range (variance = 3.205 / upper = 0.430 / lower = 0.000)
[20181110_085431 / lib_ip.py:3794] file = img.20181110_085428.2018-11-09_15-32-36_000.jpg.4.png / val_Average = 107.7530	val_Variance = 3.2050	sd = 1.7903	max = 115	min = 103
[20181110_085431 / lib_ip.py:4090] len(Hs) = 8100, len(Ss) = 8100, len(Vs) = 8100
[20181110_085432 / lib_ip.py:4137] green : variance --> out of range (variance = 3.205 / upper = 0.760 / lower = 0.000)
[20181110_085432 / lib_ip.py:3794] file = img.20181110_085428.2018-11-09_15-32-36_000.jpg.4.png / val_Average = 107.7530	val_Variance = 3.2050	sd = 1.7903	max = 115	min = 103
[20181110_085432 / lib_ip.py:4204] len(Hs) = 8100, len(Ss) = 8100, len(Vs) = 8100
[20181110_085432 / lib_ip.py:4248] black : variance --> out of range (variance = 3.205 / upper = 0.000 / lower = 0.000)
[20181110_085432 / lib_ip.py:4399] file : img.20181110_085428.2018-11-09_15-32-36_000.jpg.4.png 3 (black : variance --> out of range (variance = 3.205 / upper = 0.000 / lower = 0.000))
[20181110_085431 / lib_ip.py:2273] inspecting ===> img.20181110_085428.2018-11-09_15-32-36_000.jpg.4.png
img.20181110_085428.2018-11-09_15-32-36_000.jpg.1.png => other
img.20181110_085428.2018-11-09_15-32-36_000.jpg.2.png => other
img.20181110_085428.2018-11-09_15-32-36_000.jpg.3.png => other
img.20181110_085428.2018-11-09_15-32-36_000.jpg.4.png => other
[20181110_085432 lib_ip.py:3300] =============== Get 4 corners
dpath_Images = C:\WORKS_2\WS\WS_Others.Art\JVEMV6\46_art\VIRTUAL\Admin_Projects\ip\images
fname_Image = img.20181110_085428.2018-11-09_15-32-36_000.jpg.4.png

[20181110_085432 / lib_ip.py:2273] inspecting ===> img.20181110_085432.2018-11-09_17-06-40_000.jpg.1.png
[20181110_085433 / lib_ip.py:4331] 
img.20181110_085432.2018-11-09_17-06-40_000.jpg.1.png 0 ---------------------
[20181110_085433 / lib_ip.py:3794] file = img.20181110_085432.2018-11-09_17-06-40_000.jpg.1.png / val_Average = 111.5430	val_Variance = 68.4607	sd = 8.2741	max = 144	min = 84
[20181110_085433 / lib_ip.py:3877] len(Hs) = 8100, len(Ss) = 8100, len(Vs) = 8100
[20181110_085433 / lib_ip.py:3910] yellow : variance --> out of range (variance = 68.461 / upper = 0.650 / lower = 0.000)
[20181110_085433 / lib_ip.py:3794] file = img.20181110_085432.2018-11-09_17-06-40_000.jpg.1.png / val_Average = 111.5430	val_Variance = 68.4607	sd = 8.2741	max = 144	min = 84
[20181110_085433 / lib_ip.py:3977] len(Hs) = 8100, len(Ss) = 8100, len(Vs) = 8100
[20181110_085433 / lib_ip.py:4023] red : variance --> out of range (variance = 68.461 / upper = 0.430 / lower = 0.000)
[20181110_085433 / lib_ip.py:3794] file = img.20181110_085432.2018-11-09_17-06-40_000.jpg.1.png / val_Average = 111.5430	val_Variance = 68.4607	sd = 8.2741	max = 144	min = 84
[20181110_085433 / lib_ip.py:4090] len(Hs) = 8100, len(Ss) = 8100, len(Vs) = 8100
[20181110_085433 / lib_ip.py:4137] green : variance --> out of range (variance = 68.461 / upper = 0.760 / lower = 0.000)
[20181110_085433 / lib_ip.py:3794] file = img.20181110_085432.2018-11-09_17-06-40_000.jpg.1.png / val_Average = 111.5430	val_Variance = 68.4607	sd = 8.2741	max = 144	min = 84
[20181110_085433 / lib_ip.py:4204] len(Hs) = 8100, len(Ss) = 8100, len(Vs) = 8100
[20181110_085433 / lib_ip.py:4248] black : variance --> out of range (variance = 68.461 / upper = 0.000 / lower = 0.000)
[20181110_085433 / lib_ip.py:4399] file : img.20181110_085432.2018-11-09_17-06-40_000.jpg.1.png 0 (black : variance --> out of range (variance = 68.461 / upper = 0.000 / lower = 0.000))
[20181110_085433 / lib_ip.py:2273] inspecting ===> img.20181110_085432.2018-11-09_17-06-40_000.jpg.2.png
[20181110_085433 / lib_ip.py:4331] 
img.20181110_085432.2018-11-09_17-06-40_000.jpg.2.png 1 ---------------------
[20181110_085434 / lib_ip.py:3794] file = img.20181110_085432.2018-11-09_17-06-40_000.jpg.2.png / val_Average = 108.0953	val_Variance = 4.1489	sd = 2.0369	max = 115	min = 101
[20181110_085434 / lib_ip.py:3877] len(Hs) = 8100, len(Ss) = 8100, len(Vs) = 8100
[20181110_085434 / lib_ip.py:3910] yellow : variance --> out of range (variance = 4.149 / upper = 0.650 / lower = 0.000)
[20181110_085434 / lib_ip.py:3794] file = img.20181110_085432.2018-11-09_17-06-40_000.jpg.2.png / val_Average = 108.0953	val_Variance = 4.1489	sd = 2.0369	max = 115	min = 101
[20181110_085434 / lib_ip.py:3977] len(Hs) = 8100, len(Ss) = 8100, len(Vs) = 8100
[20181110_085434 / lib_ip.py:4023] red : variance --> out of range (variance = 4.149 / upper = 0.430 / lower = 0.000)
[20181110_085434 / lib_ip.py:3794] file = img.20181110_085432.2018-11-09_17-06-40_000.jpg.2.png / val_Average = 108.0953	val_Variance = 4.1489	sd = 2.0369	max = 115	min = 101
[20181110_085434 / lib_ip.py:4090] len(Hs) = 8100, len(Ss) = 8100, len(Vs) = 8100
[20181110_085434 / lib_ip.py:4137] green : variance --> out of range (variance = 4.149 / upper = 0.760 / lower = 0.000)
[20181110_085434 / lib_ip.py:3794] file = img.20181110_085432.2018-11-09_17-06-40_000.jpg.2.png / val_Average = 108.0953	val_Variance = 4.1489	sd = 2.0369	max = 115	min = 101
[20181110_085434 / lib_ip.py:4204] len(Hs) = 8100, len(Ss) = 8100, len(Vs) = 8100
[20181110_085434 / lib_ip.py:4248] black : variance --> out of range (variance = 4.149 / upper = 0.000 / lower = 0.000)
[20181110_085434 / lib_ip.py:4399] file : img.20181110_085432.2018-11-09_17-06-40_000.jpg.2.png 1 (black : variance --> out of range (variance = 4.149 / upper = 0.000 / lower = 0.000))
[20181110_085434 / lib_ip.py:2273] inspecting ===> img.20181110_085432.2018-11-09_17-06-40_000.jpg.3.png
[20181110_085435 / lib_ip.py:4331] 
img.20181110_085432.2018-11-09_17-06-40_000.jpg.3.png 2 ---------------------
[20181110_085435 / lib_ip.py:3794] file = img.20181110_085432.2018-11-09_17-06-40_000.jpg.3.png / val_Average = 120.4680	val_Variance = 0.2875	sd = 0.5362	max = 122	min = 119
[20181110_085435 / lib_ip.py:3877] len(Hs) = 8100, len(Ss) = 8100, len(Vs) = 8100
[20181110_085435 / lib_ip.py:3932] yellow : average --> out of range (average = 120.468 / upper = 99.200 / lower = 88.000)
[20181110_085435 / lib_ip.py:3794] file = img.20181110_085432.2018-11-09_17-06-40_000.jpg.3.png / val_Average = 120.4680	val_Variance = 0.2875	sd = 0.5362	max = 122	min = 119
[20181110_085435 / lib_ip.py:3977] len(Hs) = 8100, len(Ss) = 8100, len(Vs) = 8100
[20181110_085435 / lib_ip.py:2273] inspecting ===> img.20181110_085432.2018-11-09_17-06-40_000.jpg.4.png
[20181110_085435 / lib_ip.py:4331] 
img.20181110_085432.2018-11-09_17-06-40_000.jpg.4.png 3 ---------------------
[20181110_085435 / lib_ip.py:3794] file = img.20181110_085432.2018-11-09_17-06-40_000.jpg.4.png / val_Average = 78.1709	val_Variance = 0.1619	sd = 0.4024	max = 80	min = 77
[20181110_085435 / lib_ip.py:3877] len(Hs) = 8100, len(Ss) = 8100, len(Vs) = 8100
[20181110_085435 / lib_ip.py:3932] yellow : average --> out of range (average = 78.171 / upper = 99.200 / lower = 88.000)
[20181110_085435 / lib_ip.py:3794] file = img.20181110_085432.2018-11-09_17-06-40_000.jpg.4.png / val_Average = 78.1709	val_Variance = 0.1619	sd = 0.4024	max = 80	min = 77
[20181110_085436 / lib_ip.py:3977] len(Hs) = 8100, len(Ss) = 8100, len(Vs) = 8100
[20181110_085436 / lib_ip.py:4048] red : average --> out of range (average = 78.171 / upper = 124.000 / lower = 115.000)
[20181110_085436 / lib_ip.py:3794] file = img.20181110_085432.2018-11-09_17-06-40_000.jpg.4.png / val_Average = 78.1709	val_Variance = 0.1619	sd = 0.4024	max = 80	min = 77
[20181110_085436 / lib_ip.py:4090] len(Hs) = 8100, len(Ss) = 8100, len(Vs) = 8100
[20181110_085435 / lib_ip.py:2273] inspecting ===> img.20181110_085432.2018-11-09_17-06-40_000.jpg.4.png
img.20181110_085432.2018-11-09_17-06-40_000.jpg.1.png => other
img.20181110_085432.2018-11-09_17-06-40_000.jpg.2.png => other
img.20181110_085432.2018-11-09_17-06-40_000.jpg.3.png => other
img.20181110_085432.2018-11-09_17-06-40_000.jpg.4.png => other
[20181110_085436 lib_ip.py:3300] =============== Get 4 corners
dpath_Images = C:\WORKS_2\WS\WS_Others.Art\JVEMV6\46_art\VIRTUAL\Admin_Projects\ip\images
fname_Image = img.20181110_085432.2018-11-09_17-06-40_000.jpg.4.png

[20181110_085436 / lib_ip.py:2273] inspecting ===> img.20181110_085436.2018-11-09_17-07-04_000.jpg.1.png
[20181110_085437 / lib_ip.py:4331] 
img.20181110_085436.2018-11-09_17-07-04_000.jpg.1.png 0 ---------------------
[20181110_085437 / lib_ip.py:3794] file = img.20181110_085436.2018-11-09_17-07-04_000.jpg.1.png / val_Average = 104.2370	val_Variance = 470.2046	sd = 21.6842	max = 144	min = 0
[20181110_085437 / lib_ip.py:3877] len(Hs) = 8100, len(Ss) = 8100, len(Vs) = 8100
[20181110_085437 / lib_ip.py:3910] yellow : variance --> out of range (variance = 470.205 / upper = 0.650 / lower = 0.000)
[20181110_085437 / lib_ip.py:3794] file = img.20181110_085436.2018-11-09_17-07-04_000.jpg.1.png / val_Average = 104.2370	val_Variance = 470.2046	sd = 21.6842	max = 144	min = 0
[20181110_085437 / lib_ip.py:3977] len(Hs) = 8100, len(Ss) = 8100, len(Vs) = 8100
[20181110_085437 / lib_ip.py:4023] red : variance --> out of range (variance = 470.205 / upper = 0.430 / lower = 0.000)
[20181110_085437 / lib_ip.py:3794] file = img.20181110_085436.2018-11-09_17-07-04_000.jpg.1.png / val_Average = 104.2370	val_Variance = 470.2046	sd = 21.6842	max = 144	min = 0
[20181110_085437 / lib_ip.py:4090] len(Hs) = 8100, len(Ss) = 8100, len(Vs) = 8100
[20181110_085437 / lib_ip.py:4137] green : variance --> out of range (variance = 470.205 / upper = 0.760 / lower = 0.000)
[20181110_085437 / lib_ip.py:3794] file = img.20181110_085436.2018-11-09_17-07-04_000.jpg.1.png / val_Average = 104.2370	val_Variance = 470.2046	sd = 21.6842	max = 144	min = 0
[20181110_085437 / lib_ip.py:4204] len(Hs) = 8100, len(Ss) = 8100, len(Vs) = 8100
[20181110_085437 / lib_ip.py:4248] black : variance --> out of range (variance = 470.205 / upper = 0.000 / lower = 0.000)
[20181110_085437 / lib_ip.py:4399] file : img.20181110_085436.2018-11-09_17-07-04_000.jpg.1.png 0 (black : variance --> out of range (variance = 470.205 / upper = 0.000 / lower = 0.000))
[20181110_085437 / lib_ip.py:2273] inspecting ===> img.20181110_085436.2018-11-09_17-07-04_000.jpg.2.png
[20181110_085437 / lib_ip.py:4331] 
img.20181110_085436.2018-11-09_17-07-04_000.jpg.2.png 1 ---------------------
[20181110_085438 / lib_ip.py:3794] file = img.20181110_085436.2018-11-09_17-07-04_000.jpg.2.png / val_Average = 107.3574	val_Variance = 4.7795	sd = 2.1862	max = 118	min = 101
[20181110_085438 / lib_ip.py:3877] len(Hs) = 8100, len(Ss) = 8100, len(Vs) = 8100
[20181110_085438 / lib_ip.py:3910] yellow : variance --> out of range (variance = 4.780 / upper = 0.650 / lower = 0.000)
[20181110_085438 / lib_ip.py:3794] file = img.20181110_085436.2018-11-09_17-07-04_000.jpg.2.png / val_Average = 107.3574	val_Variance = 4.7795	sd = 2.1862	max = 118	min = 101
[20181110_085438 / lib_ip.py:3977] len(Hs) = 8100, len(Ss) = 8100, len(Vs) = 8100
[20181110_085438 / lib_ip.py:4023] red : variance --> out of range (variance = 4.780 / upper = 0.430 / lower = 0.000)
[20181110_085438 / lib_ip.py:3794] file = img.20181110_085436.2018-11-09_17-07-04_000.jpg.2.png / val_Average = 107.3574	val_Variance = 4.7795	sd = 2.1862	max = 118	min = 101
[20181110_085438 / lib_ip.py:4090] len(Hs) = 8100, len(Ss) = 8100, len(Vs) = 8100
[20181110_085438 / lib_ip.py:4137] green : variance --> out of range (variance = 4.780 / upper = 0.760 / lower = 0.000)
[20181110_085438 / lib_ip.py:3794] file = img.20181110_085436.2018-11-09_17-07-04_000.jpg.2.png / val_Average = 107.3574	val_Variance = 4.7795	sd = 2.1862	max = 118	min = 101
[20181110_085438 / lib_ip.py:4204] len(Hs) = 8100, len(Ss) = 8100, len(Vs) = 8100
[20181110_085438 / lib_ip.py:4248] black : variance --> out of range (variance = 4.780 / upper = 0.000 / lower = 0.000)
[20181110_085438 / lib_ip.py:4399] file : img.20181110_085436.2018-11-09_17-07-04_000.jpg.2.png 1 (black : variance --> out of range (variance = 4.780 / upper = 0.000 / lower = 0.000))
[20181110_085438 / lib_ip.py:2273] inspecting ===> img.20181110_085436.2018-11-09_17-07-04_000.jpg.3.png
[20181110_085438 / lib_ip.py:4331] 
img.20181110_085436.2018-11-09_17-07-04_000.jpg.3.png 2 ---------------------
[20181110_085439 / lib_ip.py:3794] file = img.20181110_085436.2018-11-09_17-07-04_000.jpg.3.png / val_Average = 120.1927	val_Variance = 0.3168	sd = 0.5629	max = 121	min = 119
[20181110_085439 / lib_ip.py:3877] len(Hs) = 8100, len(Ss) = 8100, len(Vs) = 8100
[20181110_085439 / lib_ip.py:3932] yellow : average --> out of range (average = 120.193 / upper = 99.200 / lower = 88.000)
[20181110_085439 / lib_ip.py:3794] file = img.20181110_085436.2018-11-09_17-07-04_000.jpg.3.png / val_Average = 120.1927	val_Variance = 0.3168	sd = 0.5629	max = 121	min = 119
[20181110_085439 / lib_ip.py:3977] len(Hs) = 8100, len(Ss) = 8100, len(Vs) = 8100
[20181110_085439 / lib_ip.py:2273] inspecting ===> img.20181110_085436.2018-11-09_17-07-04_000.jpg.4.png
[20181110_085439 / lib_ip.py:4331] 
img.20181110_085436.2018-11-09_17-07-04_000.jpg.4.png 3 ---------------------
[20181110_085439 / lib_ip.py:3794] file = img.20181110_085436.2018-11-09_17-07-04_000.jpg.4.png / val_Average = 78.1490	val_Variance = 0.1834	sd = 0.4282	max = 80	min = 76
[20181110_085439 / lib_ip.py:3877] len(Hs) = 8100, len(Ss) = 8100, len(Vs) = 8100
[20181110_085439 / lib_ip.py:3932] yellow : average --> out of range (average = 78.149 / upper = 99.200 / lower = 88.000)
[20181110_085439 / lib_ip.py:3794] file = img.20181110_085436.2018-11-09_17-07-04_000.jpg.4.png / val_Average = 78.1490	val_Variance = 0.1834	sd = 0.4282	max = 80	min = 76
[20181110_085439 / lib_ip.py:3977] len(Hs) = 8100, len(Ss) = 8100, len(Vs) = 8100
[20181110_085439 / lib_ip.py:4048] red : average --> out of range (average = 78.149 / upper = 124.000 / lower = 115.000)
[20181110_085440 / lib_ip.py:3794] file = img.20181110_085436.2018-11-09_17-07-04_000.jpg.4.png / val_Average = 78.1490	val_Variance = 0.1834	sd = 0.4282	max = 80	min = 76
[20181110_085440 / lib_ip.py:4090] len(Hs) = 8100, len(Ss) = 8100, len(Vs) = 8100
[20181110_085439 / lib_ip.py:2273] inspecting ===> img.20181110_085436.2018-11-09_17-07-04_000.jpg.4.png
img.20181110_085436.2018-11-09_17-07-04_000.jpg.1.png => other
img.20181110_085436.2018-11-09_17-07-04_000.jpg.2.png => other
img.20181110_085436.2018-11-09_17-07-04_000.jpg.3.png => other
img.20181110_085436.2018-11-09_17-07-04_000.jpg.4.png => other
[20181110_085440 lib_ip.py:3300] =============== Get 4 corners
dpath_Images = C:\WORKS_2\WS\WS_Others.Art\JVEMV6\46_art\VIRTUAL\Admin_Projects\ip\images
fname_Image = img.20181110_085436.2018-11-09_17-07-04_000.jpg.4.png

[20181110_085440 / lib_ip.py:2273] inspecting ===> img.20181110_085440.2018-11-09_18-35-23_000.jpg.1.png
[20181110_085440 / lib_ip.py:4331] 
img.20181110_085440.2018-11-09_18-35-23_000.jpg.1.png 0 ---------------------
[20181110_085441 / lib_ip.py:3794] file = img.20181110_085440.2018-11-09_18-35-23_000.jpg.1.png / val_Average = 106.0235	val_Variance = 16.8261	sd = 4.1020	max = 131	min = 94
[20181110_085441 / lib_ip.py:3877] len(Hs) = 8100, len(Ss) = 8100, len(Vs) = 8100
[20181110_085441 / lib_ip.py:3910] yellow : variance --> out of range (variance = 16.826 / upper = 0.650 / lower = 0.000)
[20181110_085441 / lib_ip.py:3794] file = img.20181110_085440.2018-11-09_18-35-23_000.jpg.1.png / val_Average = 106.0235	val_Variance = 16.8261	sd = 4.1020	max = 131	min = 94
[20181110_085441 / lib_ip.py:3977] len(Hs) = 8100, len(Ss) = 8100, len(Vs) = 8100
[20181110_085441 / lib_ip.py:4023] red : variance --> out of range (variance = 16.826 / upper = 0.430 / lower = 0.000)
[20181110_085441 / lib_ip.py:3794] file = img.20181110_085440.2018-11-09_18-35-23_000.jpg.1.png / val_Average = 106.0235	val_Variance = 16.8261	sd = 4.1020	max = 131	min = 94
[20181110_085441 / lib_ip.py:4090] len(Hs) = 8100, len(Ss) = 8100, len(Vs) = 8100
[20181110_085441 / lib_ip.py:4137] green : variance --> out of range (variance = 16.826 / upper = 0.760 / lower = 0.000)
[20181110_085441 / lib_ip.py:3794] file = img.20181110_085440.2018-11-09_18-35-23_000.jpg.1.png / val_Average = 106.0235	val_Variance = 16.8261	sd = 4.1020	max = 131	min = 94
[20181110_085441 / lib_ip.py:4204] len(Hs) = 8100, len(Ss) = 8100, len(Vs) = 8100
[20181110_085441 / lib_ip.py:4248] black : variance --> out of range (variance = 16.826 / upper = 0.000 / lower = 0.000)
[20181110_085441 / lib_ip.py:4399] file : img.20181110_085440.2018-11-09_18-35-23_000.jpg.1.png 0 (black : variance --> out of range (variance = 16.826 / upper = 0.000 / lower = 0.000))
[20181110_085441 / lib_ip.py:2273] inspecting ===> img.20181110_085440.2018-11-09_18-35-23_000.jpg.2.png
[20181110_085441 / lib_ip.py:4331] 
img.20181110_085440.2018-11-09_18-35-23_000.jpg.2.png 1 ---------------------
[20181110_085441 / lib_ip.py:3794] file = img.20181110_085440.2018-11-09_18-35-23_000.jpg.2.png / val_Average = 104.6207	val_Variance = 11.4673	sd = 3.3863	max = 116	min = 94
[20181110_085442 / lib_ip.py:3877] len(Hs) = 8100, len(Ss) = 8100, len(Vs) = 8100
[20181110_085442 / lib_ip.py:3910] yellow : variance --> out of range (variance = 11.467 / upper = 0.650 / lower = 0.000)
[20181110_085442 / lib_ip.py:3794] file = img.20181110_085440.2018-11-09_18-35-23_000.jpg.2.png / val_Average = 104.6207	val_Variance = 11.4673	sd = 3.3863	max = 116	min = 94
[20181110_085442 / lib_ip.py:3977] len(Hs) = 8100, len(Ss) = 8100, len(Vs) = 8100
[20181110_085442 / lib_ip.py:4023] red : variance --> out of range (variance = 11.467 / upper = 0.430 / lower = 0.000)
[20181110_085442 / lib_ip.py:3794] file = img.20181110_085440.2018-11-09_18-35-23_000.jpg.2.png / val_Average = 104.6207	val_Variance = 11.4673	sd = 3.3863	max = 116	min = 94
[20181110_085442 / lib_ip.py:4090] len(Hs) = 8100, len(Ss) = 8100, len(Vs) = 8100
[20181110_085442 / lib_ip.py:4137] green : variance --> out of range (variance = 11.467 / upper = 0.760 / lower = 0.000)
[20181110_085442 / lib_ip.py:3794] file = img.20181110_085440.2018-11-09_18-35-23_000.jpg.2.png / val_Average = 104.6207	val_Variance = 11.4673	sd = 3.3863	max = 116	min = 94
[20181110_085442 / lib_ip.py:4204] len(Hs) = 8100, len(Ss) = 8100, len(Vs) = 8100
[20181110_085442 / lib_ip.py:4248] black : variance --> out of range (variance = 11.467 / upper = 0.000 / lower = 0.000)
[20181110_085442 / lib_ip.py:4399] file : img.20181110_085440.2018-11-09_18-35-23_000.jpg.2.png 1 (black : variance --> out of range (variance = 11.467 / upper = 0.000 / lower = 0.000))
[20181110_085442 / lib_ip.py:2273] inspecting ===> img.20181110_085440.2018-11-09_18-35-23_000.jpg.3.png
[20181110_085442 / lib_ip.py:4331] 
img.20181110_085440.2018-11-09_18-35-23_000.jpg.3.png 2 ---------------------
[20181110_085443 / lib_ip.py:3794] file = img.20181110_085440.2018-11-09_18-35-23_000.jpg.3.png / val_Average = 104.7983	val_Variance = 2.7356	sd = 1.6540	max = 109	min = 99
[20181110_085443 / lib_ip.py:3877] len(Hs) = 8100, len(Ss) = 8100, len(Vs) = 8100
[20181110_085443 / lib_ip.py:3910] yellow : variance --> out of range (variance = 2.736 / upper = 0.650 / lower = 0.000)
[20181110_085443 / lib_ip.py:3794] file = img.20181110_085440.2018-11-09_18-35-23_000.jpg.3.png / val_Average = 104.7983	val_Variance = 2.7356	sd = 1.6540	max = 109	min = 99
[20181110_085443 / lib_ip.py:3977] len(Hs) = 8100, len(Ss) = 8100, len(Vs) = 8100
[20181110_085443 / lib_ip.py:4023] red : variance --> out of range (variance = 2.736 / upper = 0.430 / lower = 0.000)
[20181110_085443 / lib_ip.py:3794] file = img.20181110_085440.2018-11-09_18-35-23_000.jpg.3.png / val_Average = 104.7983	val_Variance = 2.7356	sd = 1.6540	max = 109	min = 99
[20181110_085443 / lib_ip.py:4090] len(Hs) = 8100, len(Ss) = 8100, len(Vs) = 8100
[20181110_085443 / lib_ip.py:4137] green : variance --> out of range (variance = 2.736 / upper = 0.760 / lower = 0.000)
[20181110_085443 / lib_ip.py:3794] file = img.20181110_085440.2018-11-09_18-35-23_000.jpg.3.png / val_Average = 104.7983	val_Variance = 2.7356	sd = 1.6540	max = 109	min = 99
[20181110_085443 / lib_ip.py:4204] len(Hs) = 8100, len(Ss) = 8100, len(Vs) = 8100
[20181110_085443 / lib_ip.py:4248] black : variance --> out of range (variance = 2.736 / upper = 0.000 / lower = 0.000)
[20181110_085443 / lib_ip.py:4399] file : img.20181110_085440.2018-11-09_18-35-23_000.jpg.3.png 2 (black : variance --> out of range (variance = 2.736 / upper = 0.000 / lower = 0.000))
[20181110_085443 / lib_ip.py:2273] inspecting ===> img.20181110_085440.2018-11-09_18-35-23_000.jpg.4.png
[20181110_085443 / lib_ip.py:4331] 
img.20181110_085440.2018-11-09_18-35-23_000.jpg.4.png 3 ---------------------
[20181110_085444 / lib_ip.py:3794] file = img.20181110_085440.2018-11-09_18-35-23_000.jpg.4.png / val_Average = 120.5358	val_Variance = 0.2487	sd = 0.4987	max = 121	min = 120
[20181110_085444 / lib_ip.py:3877] len(Hs) = 8100, len(Ss) = 8100, len(Vs) = 8100
[20181110_085444 / lib_ip.py:3932] yellow : average --> out of range (average = 120.536 / upper = 99.200 / lower = 88.000)
[20181110_085444 / lib_ip.py:3794] file = img.20181110_085440.2018-11-09_18-35-23_000.jpg.4.png / val_Average = 120.5358	val_Variance = 0.2487	sd = 0.4987	max = 121	min = 120
[20181110_085444 / lib_ip.py:3977] len(Hs) = 8100, len(Ss) = 8100, len(Vs) = 8100
[20181110_085443 / lib_ip.py:2273] inspecting ===> img.20181110_085440.2018-11-09_18-35-23_000.jpg.4.png
img.20181110_085440.2018-11-09_18-35-23_000.jpg.1.png => other
img.20181110_085440.2018-11-09_18-35-23_000.jpg.2.png => other
img.20181110_085440.2018-11-09_18-35-23_000.jpg.3.png => other
img.20181110_085440.2018-11-09_18-35-23_000.jpg.4.png => other
[20181110_085444 lib_ip.py:3300] =============== Get 4 corners
dpath_Images = C:\WORKS_2\WS\WS_Others.Art\JVEMV6\46_art\VIRTUAL\Admin_Projects\ip\images
fname_Image = img.20181110_085440.2018-11-09_18-35-23_000.jpg.4.png

[20181110_085444 / lib_ip.py:2273] inspecting ===> img.20181110_085444.2018-11-09_20-11-59_000.jpg.1.png
[20181110_085445 / lib_ip.py:4331] 
img.20181110_085444.2018-11-09_20-11-59_000.jpg.1.png 0 ---------------------
[20181110_085445 / lib_ip.py:3794] file = img.20181110_085444.2018-11-09_20-11-59_000.jpg.1.png / val_Average = 51.8114	val_Variance = 1818.0316	sd = 42.6384	max = 135	min = 0
[20181110_085445 / lib_ip.py:3877] len(Hs) = 8100, len(Ss) = 8100, len(Vs) = 8100
[20181110_085445 / lib_ip.py:3910] yellow : variance --> out of range (variance = 1818.032 / upper = 0.650 / lower = 0.000)
[20181110_085445 / lib_ip.py:3794] file = img.20181110_085444.2018-11-09_20-11-59_000.jpg.1.png / val_Average = 51.8114	val_Variance = 1818.0316	sd = 42.6384	max = 135	min = 0
[20181110_085445 / lib_ip.py:3977] len(Hs) = 8100, len(Ss) = 8100, len(Vs) = 8100
[20181110_085445 / lib_ip.py:4023] red : variance --> out of range (variance = 1818.032 / upper = 0.430 / lower = 0.000)
[20181110_085445 / lib_ip.py:3794] file = img.20181110_085444.2018-11-09_20-11-59_000.jpg.1.png / val_Average = 51.8114	val_Variance = 1818.0316	sd = 42.6384	max = 135	min = 0
[20181110_085445 / lib_ip.py:4090] len(Hs) = 8100, len(Ss) = 8100, len(Vs) = 8100
[20181110_085445 / lib_ip.py:4137] green : variance --> out of range (variance = 1818.032 / upper = 0.760 / lower = 0.000)
[20181110_085445 / lib_ip.py:3794] file = img.20181110_085444.2018-11-09_20-11-59_000.jpg.1.png / val_Average = 51.8114	val_Variance = 1818.0316	sd = 42.6384	max = 135	min = 0
[20181110_085445 / lib_ip.py:4204] len(Hs) = 8100, len(Ss) = 8100, len(Vs) = 8100
[20181110_085445 / lib_ip.py:4248] black : variance --> out of range (variance = 1818.032 / upper = 0.000 / lower = 0.000)
[20181110_085445 / lib_ip.py:4399] file : img.20181110_085444.2018-11-09_20-11-59_000.jpg.1.png 0 (black : variance --> out of range (variance = 1818.032 / upper = 0.000 / lower = 0.000))
[20181110_085445 / lib_ip.py:2273] inspecting ===> img.20181110_085444.2018-11-09_20-11-59_000.jpg.2.png
[20181110_085446 / lib_ip.py:4331] 
img.20181110_085444.2018-11-09_20-11-59_000.jpg.2.png 1 ---------------------
[20181110_085446 / lib_ip.py:3794] file = img.20181110_085444.2018-11-09_20-11-59_000.jpg.2.png / val_Average = 55.4896	val_Variance = 1918.6763	sd = 43.8027	max = 135	min = 0
[20181110_085446 / lib_ip.py:3877] len(Hs) = 8100, len(Ss) = 8100, len(Vs) = 8100
[20181110_085446 / lib_ip.py:3910] yellow : variance --> out of range (variance = 1918.676 / upper = 0.650 / lower = 0.000)
[20181110_085446 / lib_ip.py:3794] file = img.20181110_085444.2018-11-09_20-11-59_000.jpg.2.png / val_Average = 55.4896	val_Variance = 1918.6763	sd = 43.8027	max = 135	min = 0
[20181110_085446 / lib_ip.py:3977] len(Hs) = 8100, len(Ss) = 8100, len(Vs) = 8100
[20181110_085446 / lib_ip.py:4023] red : variance --> out of range (variance = 1918.676 / upper = 0.430 / lower = 0.000)
[20181110_085446 / lib_ip.py:3794] file = img.20181110_085444.2018-11-09_20-11-59_000.jpg.2.png / val_Average = 55.4896	val_Variance = 1918.6763	sd = 43.8027	max = 135	min = 0
[20181110_085446 / lib_ip.py:4090] len(Hs) = 8100, len(Ss) = 8100, len(Vs) = 8100
[20181110_085446 / lib_ip.py:4137] green : variance --> out of range (variance = 1918.676 / upper = 0.760 / lower = 0.000)
[20181110_085446 / lib_ip.py:3794] file = img.20181110_085444.2018-11-09_20-11-59_000.jpg.2.png / val_Average = 55.4896	val_Variance = 1918.6763	sd = 43.8027	max = 135	min = 0
[20181110_085446 / lib_ip.py:4204] len(Hs) = 8100, len(Ss) = 8100, len(Vs) = 8100
[20181110_085446 / lib_ip.py:4248] black : variance --> out of range (variance = 1918.676 / upper = 0.000 / lower = 0.000)
[20181110_085446 / lib_ip.py:4399] file : img.20181110_085444.2018-11-09_20-11-59_000.jpg.2.png 1 (black : variance --> out of range (variance = 1918.676 / upper = 0.000 / lower = 0.000))
[20181110_085446 / lib_ip.py:2273] inspecting ===> img.20181110_085444.2018-11-09_20-11-59_000.jpg.3.png
[20181110_085447 / lib_ip.py:4331] 
img.20181110_085444.2018-11-09_20-11-59_000.jpg.3.png 2 ---------------------
[20181110_085447 / lib_ip.py:3794] file = img.20181110_085444.2018-11-09_20-11-59_000.jpg.3.png / val_Average = 92.2826	val_Variance = 0.2057	sd = 0.4535	max = 93	min = 91
[20181110_085447 / lib_ip.py:3877] len(Hs) = 8100, len(Ss) = 8100, len(Vs) = 8100
[20181110_085447 / lib_ip.py:2273] inspecting ===> img.20181110_085444.2018-11-09_20-11-59_000.jpg.4.png
[20181110_085447 / lib_ip.py:4331] 
img.20181110_085444.2018-11-09_20-11-59_000.jpg.4.png 3 ---------------------
[20181110_085447 / lib_ip.py:3794] file = img.20181110_085444.2018-11-09_20-11-59_000.jpg.4.png / val_Average = 58.6452	val_Variance = 1928.0598	sd = 43.9097	max = 160	min = 0
[20181110_085447 / lib_ip.py:3877] len(Hs) = 8100, len(Ss) = 8100, len(Vs) = 8100
[20181110_085447 / lib_ip.py:3910] yellow : variance --> out of range (variance = 1928.060 / upper = 0.650 / lower = 0.000)
[20181110_085447 / lib_ip.py:3794] file = img.20181110_085444.2018-11-09_20-11-59_000.jpg.4.png / val_Average = 58.6452	val_Variance = 1928.0598	sd = 43.9097	max = 160	min = 0
[20181110_085447 / lib_ip.py:3977] len(Hs) = 8100, len(Ss) = 8100, len(Vs) = 8100
[20181110_085447 / lib_ip.py:4023] red : variance --> out of range (variance = 1928.060 / upper = 0.430 / lower = 0.000)
[20181110_085447 / lib_ip.py:3794] file = img.20181110_085444.2018-11-09_20-11-59_000.jpg.4.png / val_Average = 58.6452	val_Variance = 1928.0598	sd = 43.9097	max = 160	min = 0
[20181110_085447 / lib_ip.py:4090] len(Hs) = 8100, len(Ss) = 8100, len(Vs) = 8100
[20181110_085447 / lib_ip.py:4137] green : variance --> out of range (variance = 1928.060 / upper = 0.760 / lower = 0.000)
[20181110_085448 / lib_ip.py:3794] file = img.20181110_085444.2018-11-09_20-11-59_000.jpg.4.png / val_Average = 58.6452	val_Variance = 1928.0598	sd = 43.9097	max = 160	min = 0
[20181110_085448 / lib_ip.py:4204] len(Hs) = 8100, len(Ss) = 8100, len(Vs) = 8100
[20181110_085448 / lib_ip.py:4248] black : variance --> out of range (variance = 1928.060 / upper = 0.000 / lower = 0.000)
[20181110_085448 / lib_ip.py:4399] file : img.20181110_085444.2018-11-09_20-11-59_000.jpg.4.png 3 (black : variance --> out of range (variance = 1928.060 / upper = 0.000 / lower = 0.000))
[20181110_085447 / lib_ip.py:2273] inspecting ===> img.20181110_085444.2018-11-09_20-11-59_000.jpg.4.png
img.20181110_085444.2018-11-09_20-11-59_000.jpg.1.png => other
img.20181110_085444.2018-11-09_20-11-59_000.jpg.2.png => other
img.20181110_085444.2018-11-09_20-11-59_000.jpg.3.png => other
img.20181110_085444.2018-11-09_20-11-59_000.jpg.4.png => other
[20181110_085448 lib_ip.py:3300] =============== Get 4 corners
dpath_Images = C:\WORKS_2\WS\WS_Others.Art\JVEMV6\46_art\VIRTUAL\Admin_Projects\ip\images
fname_Image = img.20181110_085444.2018-11-09_20-11-59_000.jpg.4.png

[20181110_085448 / lib_ip.py:2273] inspecting ===> img.20181110_085448.2018-11-09_21-54-20_000.jpg.1.png
[20181110_085448 / lib_ip.py:4331] 
img.20181110_085448.2018-11-09_21-54-20_000.jpg.1.png 0 ---------------------
[20181110_085449 / lib_ip.py:3794] file = img.20181110_085448.2018-11-09_21-54-20_000.jpg.1.png / val_Average = 23.0878	val_Variance = 15.9198	sd = 3.9900	max = 35	min = 12
[20181110_085449 / lib_ip.py:3877] len(Hs) = 8100, len(Ss) = 8100, len(Vs) = 8100
[20181110_085449 / lib_ip.py:3910] yellow : variance --> out of range (variance = 15.920 / upper = 0.650 / lower = 0.000)
[20181110_085449 / lib_ip.py:3794] file = img.20181110_085448.2018-11-09_21-54-20_000.jpg.1.png / val_Average = 23.0878	val_Variance = 15.9198	sd = 3.9900	max = 35	min = 12
[20181110_085449 / lib_ip.py:3977] len(Hs) = 8100, len(Ss) = 8100, len(Vs) = 8100
[20181110_085449 / lib_ip.py:4023] red : variance --> out of range (variance = 15.920 / upper = 0.430 / lower = 0.000)
[20181110_085449 / lib_ip.py:3794] file = img.20181110_085448.2018-11-09_21-54-20_000.jpg.1.png / val_Average = 23.0878	val_Variance = 15.9198	sd = 3.9900	max = 35	min = 12
[20181110_085449 / lib_ip.py:4090] len(Hs) = 8100, len(Ss) = 8100, len(Vs) = 8100
[20181110_085449 / lib_ip.py:4137] green : variance --> out of range (variance = 15.920 / upper = 0.760 / lower = 0.000)
[20181110_085449 / lib_ip.py:3794] file = img.20181110_085448.2018-11-09_21-54-20_000.jpg.1.png / val_Average = 23.0878	val_Variance = 15.9198	sd = 3.9900	max = 35	min = 12
[20181110_085449 / lib_ip.py:4204] len(Hs) = 8100, len(Ss) = 8100, len(Vs) = 8100
[20181110_085449 / lib_ip.py:4248] black : variance --> out of range (variance = 15.920 / upper = 0.000 / lower = 0.000)
[20181110_085449 / lib_ip.py:4399] file : img.20181110_085448.2018-11-09_21-54-20_000.jpg.1.png 0 (black : variance --> out of range (variance = 15.920 / upper = 0.000 / lower = 0.000))
[20181110_085449 / lib_ip.py:2273] inspecting ===> img.20181110_085448.2018-11-09_21-54-20_000.jpg.2.png
[20181110_085449 / lib_ip.py:4331] 
img.20181110_085448.2018-11-09_21-54-20_000.jpg.2.png 1 ---------------------
[20181110_085450 / lib_ip.py:3794] file = img.20181110_085448.2018-11-09_21-54-20_000.jpg.2.png / val_Average = 87.3599	val_Variance = 494.2899	sd = 22.2326	max = 135	min = 0
[20181110_085450 / lib_ip.py:3877] len(Hs) = 8100, len(Ss) = 8100, len(Vs) = 8100
[20181110_085450 / lib_ip.py:3910] yellow : variance --> out of range (variance = 494.290 / upper = 0.650 / lower = 0.000)
[20181110_085450 / lib_ip.py:3794] file = img.20181110_085448.2018-11-09_21-54-20_000.jpg.2.png / val_Average = 87.3599	val_Variance = 494.2899	sd = 22.2326	max = 135	min = 0
[20181110_085450 / lib_ip.py:3977] len(Hs) = 8100, len(Ss) = 8100, len(Vs) = 8100
[20181110_085450 / lib_ip.py:4023] red : variance --> out of range (variance = 494.290 / upper = 0.430 / lower = 0.000)
[20181110_085450 / lib_ip.py:3794] file = img.20181110_085448.2018-11-09_21-54-20_000.jpg.2.png / val_Average = 87.3599	val_Variance = 494.2899	sd = 22.2326	max = 135	min = 0
[20181110_085450 / lib_ip.py:4090] len(Hs) = 8100, len(Ss) = 8100, len(Vs) = 8100
[20181110_085450 / lib_ip.py:4137] green : variance --> out of range (variance = 494.290 / upper = 0.760 / lower = 0.000)
[20181110_085450 / lib_ip.py:3794] file = img.20181110_085448.2018-11-09_21-54-20_000.jpg.2.png / val_Average = 87.3599	val_Variance = 494.2899	sd = 22.2326	max = 135	min = 0
[20181110_085450 / lib_ip.py:4204] len(Hs) = 8100, len(Ss) = 8100, len(Vs) = 8100
[20181110_085450 / lib_ip.py:4248] black : variance --> out of range (variance = 494.290 / upper = 0.000 / lower = 0.000)
[20181110_085450 / lib_ip.py:4399] file : img.20181110_085448.2018-11-09_21-54-20_000.jpg.2.png 1 (black : variance --> out of range (variance = 494.290 / upper = 0.000 / lower = 0.000))
[20181110_085450 / lib_ip.py:2273] inspecting ===> img.20181110_085448.2018-11-09_21-54-20_000.jpg.3.png
[20181110_085451 / lib_ip.py:4331] 
img.20181110_085448.2018-11-09_21-54-20_000.jpg.3.png 2 ---------------------
[20181110_085451 / lib_ip.py:3794] file = img.20181110_085448.2018-11-09_21-54-20_000.jpg.3.png / val_Average = 101.1186	val_Variance = 8.1821	sd = 2.8604	max = 107	min = 87
[20181110_085451 / lib_ip.py:3877] len(Hs) = 8100, len(Ss) = 8100, len(Vs) = 8100
[20181110_085451 / lib_ip.py:3910] yellow : variance --> out of range (variance = 8.182 / upper = 0.650 / lower = 0.000)
[20181110_085451 / lib_ip.py:3794] file = img.20181110_085448.2018-11-09_21-54-20_000.jpg.3.png / val_Average = 101.1186	val_Variance = 8.1821	sd = 2.8604	max = 107	min = 87
[20181110_085451 / lib_ip.py:3977] len(Hs) = 8100, len(Ss) = 8100, len(Vs) = 8100
[20181110_085451 / lib_ip.py:4023] red : variance --> out of range (variance = 8.182 / upper = 0.430 / lower = 0.000)
[20181110_085451 / lib_ip.py:3794] file = img.20181110_085448.2018-11-09_21-54-20_000.jpg.3.png / val_Average = 101.1186	val_Variance = 8.1821	sd = 2.8604	max = 107	min = 87
[20181110_085451 / lib_ip.py:4090] len(Hs) = 8100, len(Ss) = 8100, len(Vs) = 8100
[20181110_085451 / lib_ip.py:4137] green : variance --> out of range (variance = 8.182 / upper = 0.760 / lower = 0.000)
[20181110_085451 / lib_ip.py:3794] file = img.20181110_085448.2018-11-09_21-54-20_000.jpg.3.png / val_Average = 101.1186	val_Variance = 8.1821	sd = 2.8604	max = 107	min = 87
[20181110_085451 / lib_ip.py:4204] len(Hs) = 8100, len(Ss) = 8100, len(Vs) = 8100
[20181110_085451 / lib_ip.py:4248] black : variance --> out of range (variance = 8.182 / upper = 0.000 / lower = 0.000)
[20181110_085451 / lib_ip.py:4399] file : img.20181110_085448.2018-11-09_21-54-20_000.jpg.3.png 2 (black : variance --> out of range (variance = 8.182 / upper = 0.000 / lower = 0.000))
[20181110_085451 / lib_ip.py:2273] inspecting ===> img.20181110_085448.2018-11-09_21-54-20_000.jpg.4.png
[20181110_085451 / lib_ip.py:4331] 
img.20181110_085448.2018-11-09_21-54-20_000.jpg.4.png 3 ---------------------
[20181110_085451 / lib_ip.py:3794] file = img.20181110_085448.2018-11-09_21-54-20_000.jpg.4.png / val_Average = 108.2659	val_Variance = 0.9992	sd = 0.9996	max = 114	min = 106
[20181110_085451 / lib_ip.py:3877] len(Hs) = 8100, len(Ss) = 8100, len(Vs) = 8100
[20181110_085451 / lib_ip.py:3910] yellow : variance --> out of range (variance = 0.999 / upper = 0.650 / lower = 0.000)
[20181110_085452 / lib_ip.py:3794] file = img.20181110_085448.2018-11-09_21-54-20_000.jpg.4.png / val_Average = 108.2659	val_Variance = 0.9992	sd = 0.9996	max = 114	min = 106
[20181110_085452 / lib_ip.py:3977] len(Hs) = 8100, len(Ss) = 8100, len(Vs) = 8100
[20181110_085452 / lib_ip.py:4023] red : variance --> out of range (variance = 0.999 / upper = 0.430 / lower = 0.000)
[20181110_085452 / lib_ip.py:3794] file = img.20181110_085448.2018-11-09_21-54-20_000.jpg.4.png / val_Average = 108.2659	val_Variance = 0.9992	sd = 0.9996	max = 114	min = 106
[20181110_085452 / lib_ip.py:4090] len(Hs) = 8100, len(Ss) = 8100, len(Vs) = 8100
[20181110_085452 / lib_ip.py:4137] green : variance --> out of range (variance = 0.999 / upper = 0.760 / lower = 0.000)
[20181110_085452 / lib_ip.py:3794] file = img.20181110_085448.2018-11-09_21-54-20_000.jpg.4.png / val_Average = 108.2659	val_Variance = 0.9992	sd = 0.9996	max = 114	min = 106
[20181110_085452 / lib_ip.py:4204] len(Hs) = 8100, len(Ss) = 8100, len(Vs) = 8100
[20181110_085452 / lib_ip.py:4248] black : variance --> out of range (variance = 0.999 / upper = 0.000 / lower = 0.000)
[20181110_085452 / lib_ip.py:4399] file : img.20181110_085448.2018-11-09_21-54-20_000.jpg.4.png 3 (black : variance --> out of range (variance = 0.999 / upper = 0.000 / lower = 0.000))
[20181110_085451 / lib_ip.py:2273] inspecting ===> img.20181110_085448.2018-11-09_21-54-20_000.jpg.4.png
img.20181110_085448.2018-11-09_21-54-20_000.jpg.1.png => other
img.20181110_085448.2018-11-09_21-54-20_000.jpg.2.png => other
img.20181110_085448.2018-11-09_21-54-20_000.jpg.3.png => other
img.20181110_085448.2018-11-09_21-54-20_000.jpg.4.png => other
[20181110_085452 lib_ip.py:3300] =============== Get 4 corners
dpath_Images = C:\WORKS_2\WS\WS_Others.Art\JVEMV6\46_art\VIRTUAL\Admin_Projects\ip\images
fname_Image = img.20181110_085448.2018-11-09_21-54-20_000.jpg.4.png

[20181110_085453 / lib_ip.py:2273] inspecting ===> img.20181110_085452.2018-11-10_01-12-15_000.jpg.1.png
[20181110_085453 / lib_ip.py:4331] 
img.20181110_085452.2018-11-10_01-12-15_000.jpg.1.png 0 ---------------------
[20181110_085453 / lib_ip.py:3794] file = img.20181110_085452.2018-11-10_01-12-15_000.jpg.1.png / val_Average = 105.2107	val_Variance = 0.9937	sd = 0.9969	max = 109	min = 101
[20181110_085453 / lib_ip.py:3877] len(Hs) = 8100, len(Ss) = 8100, len(Vs) = 8100
[20181110_085453 / lib_ip.py:3910] yellow : variance --> out of range (variance = 0.994 / upper = 0.650 / lower = 0.000)
[20181110_085453 / lib_ip.py:3794] file = img.20181110_085452.2018-11-10_01-12-15_000.jpg.1.png / val_Average = 105.2107	val_Variance = 0.9937	sd = 0.9969	max = 109	min = 101
[20181110_085453 / lib_ip.py:3977] len(Hs) = 8100, len(Ss) = 8100, len(Vs) = 8100
[20181110_085453 / lib_ip.py:4023] red : variance --> out of range (variance = 0.994 / upper = 0.430 / lower = 0.000)
[20181110_085453 / lib_ip.py:3794] file = img.20181110_085452.2018-11-10_01-12-15_000.jpg.1.png / val_Average = 105.2107	val_Variance = 0.9937	sd = 0.9969	max = 109	min = 101
[20181110_085453 / lib_ip.py:4090] len(Hs) = 8100, len(Ss) = 8100, len(Vs) = 8100
[20181110_085453 / lib_ip.py:4137] green : variance --> out of range (variance = 0.994 / upper = 0.760 / lower = 0.000)
[20181110_085454 / lib_ip.py:3794] file = img.20181110_085452.2018-11-10_01-12-15_000.jpg.1.png / val_Average = 105.2107	val_Variance = 0.9937	sd = 0.9969	max = 109	min = 101
[20181110_085454 / lib_ip.py:4204] len(Hs) = 8100, len(Ss) = 8100, len(Vs) = 8100
[20181110_085454 / lib_ip.py:4248] black : variance --> out of range (variance = 0.994 / upper = 0.000 / lower = 0.000)
[20181110_085454 / lib_ip.py:4399] file : img.20181110_085452.2018-11-10_01-12-15_000.jpg.1.png 0 (black : variance --> out of range (variance = 0.994 / upper = 0.000 / lower = 0.000))
[20181110_085454 / lib_ip.py:2273] inspecting ===> img.20181110_085452.2018-11-10_01-12-15_000.jpg.2.png
[20181110_085454 / lib_ip.py:4331] 
img.20181110_085452.2018-11-10_01-12-15_000.jpg.2.png 1 ---------------------
[20181110_085454 / lib_ip.py:3794] file = img.20181110_085452.2018-11-10_01-12-15_000.jpg.2.png / val_Average = 92.8373	val_Variance = 28.4985	sd = 5.3384	max = 107	min = 77
[20181110_085454 / lib_ip.py:3877] len(Hs) = 8100, len(Ss) = 8100, len(Vs) = 8100
[20181110_085454 / lib_ip.py:3910] yellow : variance --> out of range (variance = 28.498 / upper = 0.650 / lower = 0.000)
[20181110_085454 / lib_ip.py:3794] file = img.20181110_085452.2018-11-10_01-12-15_000.jpg.2.png / val_Average = 92.8373	val_Variance = 28.4985	sd = 5.3384	max = 107	min = 77
[20181110_085454 / lib_ip.py:3977] len(Hs) = 8100, len(Ss) = 8100, len(Vs) = 8100
[20181110_085454 / lib_ip.py:4023] red : variance --> out of range (variance = 28.498 / upper = 0.430 / lower = 0.000)
[20181110_085455 / lib_ip.py:3794] file = img.20181110_085452.2018-11-10_01-12-15_000.jpg.2.png / val_Average = 92.8373	val_Variance = 28.4985	sd = 5.3384	max = 107	min = 77
[20181110_085455 / lib_ip.py:4090] len(Hs) = 8100, len(Ss) = 8100, len(Vs) = 8100
[20181110_085455 / lib_ip.py:4137] green : variance --> out of range (variance = 28.498 / upper = 0.760 / lower = 0.000)
[20181110_085455 / lib_ip.py:3794] file = img.20181110_085452.2018-11-10_01-12-15_000.jpg.2.png / val_Average = 92.8373	val_Variance = 28.4985	sd = 5.3384	max = 107	min = 77
[20181110_085455 / lib_ip.py:4204] len(Hs) = 8100, len(Ss) = 8100, len(Vs) = 8100
[20181110_085455 / lib_ip.py:4248] black : variance --> out of range (variance = 28.498 / upper = 0.000 / lower = 0.000)
[20181110_085455 / lib_ip.py:4399] file : img.20181110_085452.2018-11-10_01-12-15_000.jpg.2.png 1 (black : variance --> out of range (variance = 28.498 / upper = 0.000 / lower = 0.000))
[20181110_085455 / lib_ip.py:2273] inspecting ===> img.20181110_085452.2018-11-10_01-12-15_000.jpg.3.png
[20181110_085455 / lib_ip.py:4331] 
img.20181110_085452.2018-11-10_01-12-15_000.jpg.3.png 2 ---------------------
[20181110_085455 / lib_ip.py:3794] file = img.20181110_085452.2018-11-10_01-12-15_000.jpg.3.png / val_Average = 99.9381	val_Variance = 4.3785	sd = 2.0925	max = 107	min = 90
[20181110_085455 / lib_ip.py:3877] len(Hs) = 8100, len(Ss) = 8100, len(Vs) = 8100
[20181110_085455 / lib_ip.py:3910] yellow : variance --> out of range (variance = 4.379 / upper = 0.650 / lower = 0.000)
[20181110_085455 / lib_ip.py:3794] file = img.20181110_085452.2018-11-10_01-12-15_000.jpg.3.png / val_Average = 99.9381	val_Variance = 4.3785	sd = 2.0925	max = 107	min = 90
[20181110_085455 / lib_ip.py:3977] len(Hs) = 8100, len(Ss) = 8100, len(Vs) = 8100
[20181110_085455 / lib_ip.py:4023] red : variance --> out of range (variance = 4.379 / upper = 0.430 / lower = 0.000)
[20181110_085455 / lib_ip.py:3794] file = img.20181110_085452.2018-11-10_01-12-15_000.jpg.3.png / val_Average = 99.9381	val_Variance = 4.3785	sd = 2.0925	max = 107	min = 90
[20181110_085455 / lib_ip.py:4090] len(Hs) = 8100, len(Ss) = 8100, len(Vs) = 8100
[20181110_085456 / lib_ip.py:4137] green : variance --> out of range (variance = 4.379 / upper = 0.760 / lower = 0.000)
[20181110_085456 / lib_ip.py:3794] file = img.20181110_085452.2018-11-10_01-12-15_000.jpg.3.png / val_Average = 99.9381	val_Variance = 4.3785	sd = 2.0925	max = 107	min = 90
[20181110_085456 / lib_ip.py:4204] len(Hs) = 8100, len(Ss) = 8100, len(Vs) = 8100
[20181110_085456 / lib_ip.py:4248] black : variance --> out of range (variance = 4.379 / upper = 0.000 / lower = 0.000)
[20181110_085456 / lib_ip.py:4399] file : img.20181110_085452.2018-11-10_01-12-15_000.jpg.3.png 2 (black : variance --> out of range (variance = 4.379 / upper = 0.000 / lower = 0.000))
[20181110_085456 / lib_ip.py:2273] inspecting ===> img.20181110_085452.2018-11-10_01-12-15_000.jpg.4.png
[20181110_085456 / lib_ip.py:4331] 
img.20181110_085452.2018-11-10_01-12-15_000.jpg.4.png 3 ---------------------
[20181110_085456 / lib_ip.py:3794] file = img.20181110_085452.2018-11-10_01-12-15_000.jpg.4.png / val_Average = 15.7317	val_Variance = 0.6232	sd = 0.7894	max = 23	min = 12
[20181110_085456 / lib_ip.py:3877] len(Hs) = 8100, len(Ss) = 8100, len(Vs) = 8100
[20181110_085456 / lib_ip.py:3932] yellow : average --> out of range (average = 15.732 / upper = 99.200 / lower = 88.000)
[20181110_085456 / lib_ip.py:3794] file = img.20181110_085452.2018-11-10_01-12-15_000.jpg.4.png / val_Average = 15.7317	val_Variance = 0.6232	sd = 0.7894	max = 23	min = 12
[20181110_085456 / lib_ip.py:3977] len(Hs) = 8100, len(Ss) = 8100, len(Vs) = 8100
[20181110_085456 / lib_ip.py:4023] red : variance --> out of range (variance = 0.623 / upper = 0.430 / lower = 0.000)
[20181110_085456 / lib_ip.py:3794] file = img.20181110_085452.2018-11-10_01-12-15_000.jpg.4.png / val_Average = 15.7317	val_Variance = 0.6232	sd = 0.7894	max = 23	min = 12
[20181110_085457 / lib_ip.py:4090] len(Hs) = 8100, len(Ss) = 8100, len(Vs) = 8100
[20181110_085457 / lib_ip.py:4162] green : average --> out of range (average = 15.732 / upper = 83.000 / lower = 58.000)
[20181110_085457 / lib_ip.py:3794] file = img.20181110_085452.2018-11-10_01-12-15_000.jpg.4.png / val_Average = 15.7317	val_Variance = 0.6232	sd = 0.7894	max = 23	min = 12
[20181110_085457 / lib_ip.py:4204] len(Hs) = 8100, len(Ss) = 8100, len(Vs) = 8100
[20181110_085457 / lib_ip.py:4248] black : variance --> out of range (variance = 0.623 / upper = 0.000 / lower = 0.000)
[20181110_085457 / lib_ip.py:4399] file : img.20181110_085452.2018-11-10_01-12-15_000.jpg.4.png 3 (black : variance --> out of range (variance = 0.623 / upper = 0.000 / lower = 0.000))
[20181110_085456 / lib_ip.py:2273] inspecting ===> img.20181110_085452.2018-11-10_01-12-15_000.jpg.4.png
img.20181110_085452.2018-11-10_01-12-15_000.jpg.1.png => other
img.20181110_085452.2018-11-10_01-12-15_000.jpg.2.png => other
img.20181110_085452.2018-11-10_01-12-15_000.jpg.3.png => other
img.20181110_085452.2018-11-10_01-12-15_000.jpg.4.png => other
[20181110_085457 lib_ip.py:3300] =============== Get 4 corners
dpath_Images = C:\WORKS_2\WS\WS_Others.Art\JVEMV6\46_art\VIRTUAL\Admin_Projects\ip\images
fname_Image = img.20181110_085452.2018-11-10_01-12-15_000.jpg.4.png

[20181110_085457 / lib_ip.py:2273] inspecting ===> img.20181110_085457.2018-11-10_07-53-51_000.jpg.1.png
[20181110_085458 / lib_ip.py:4331] 
img.20181110_085457.2018-11-10_07-53-51_000.jpg.1.png 0 ---------------------
[20181110_085458 / lib_ip.py:3794] file = img.20181110_085457.2018-11-10_07-53-51_000.jpg.1.png / val_Average = 100.9574	val_Variance = 107.2867	sd = 10.3579	max = 135	min = 0
[20181110_085458 / lib_ip.py:3877] len(Hs) = 8100, len(Ss) = 8100, len(Vs) = 8100
[20181110_085458 / lib_ip.py:3910] yellow : variance --> out of range (variance = 107.287 / upper = 0.650 / lower = 0.000)
[20181110_085458 / lib_ip.py:3794] file = img.20181110_085457.2018-11-10_07-53-51_000.jpg.1.png / val_Average = 100.9574	val_Variance = 107.2867	sd = 10.3579	max = 135	min = 0
[20181110_085458 / lib_ip.py:3977] len(Hs) = 8100, len(Ss) = 8100, len(Vs) = 8100
[20181110_085458 / lib_ip.py:4023] red : variance --> out of range (variance = 107.287 / upper = 0.430 / lower = 0.000)
[20181110_085458 / lib_ip.py:3794] file = img.20181110_085457.2018-11-10_07-53-51_000.jpg.1.png / val_Average = 100.9574	val_Variance = 107.2867	sd = 10.3579	max = 135	min = 0
[20181110_085458 / lib_ip.py:4090] len(Hs) = 8100, len(Ss) = 8100, len(Vs) = 8100
[20181110_085458 / lib_ip.py:4137] green : variance --> out of range (variance = 107.287 / upper = 0.760 / lower = 0.000)
[20181110_085458 / lib_ip.py:3794] file = img.20181110_085457.2018-11-10_07-53-51_000.jpg.1.png / val_Average = 100.9574	val_Variance = 107.2867	sd = 10.3579	max = 135	min = 0
[20181110_085458 / lib_ip.py:4204] len(Hs) = 8100, len(Ss) = 8100, len(Vs) = 8100
[20181110_085458 / lib_ip.py:4248] black : variance --> out of range (variance = 107.287 / upper = 0.000 / lower = 0.000)
[20181110_085458 / lib_ip.py:4399] file : img.20181110_085457.2018-11-10_07-53-51_000.jpg.1.png 0 (black : variance --> out of range (variance = 107.287 / upper = 0.000 / lower = 0.000))
[20181110_085458 / lib_ip.py:2273] inspecting ===> img.20181110_085457.2018-11-10_07-53-51_000.jpg.2.png
[20181110_085459 / lib_ip.py:4331] 
img.20181110_085457.2018-11-10_07-53-51_000.jpg.2.png 1 ---------------------
[20181110_085459 / lib_ip.py:3794] file = img.20181110_085457.2018-11-10_07-53-51_000.jpg.2.png / val_Average = 103.1843	val_Variance = 1.3615	sd = 1.1668	max = 107	min = 100
[20181110_085459 / lib_ip.py:3877] len(Hs) = 8100, len(Ss) = 8100, len(Vs) = 8100
[20181110_085459 / lib_ip.py:3910] yellow : variance --> out of range (variance = 1.361 / upper = 0.650 / lower = 0.000)
[20181110_085459 / lib_ip.py:3794] file = img.20181110_085457.2018-11-10_07-53-51_000.jpg.2.png / val_Average = 103.1843	val_Variance = 1.3615	sd = 1.1668	max = 107	min = 100
[20181110_085459 / lib_ip.py:3977] len(Hs) = 8100, len(Ss) = 8100, len(Vs) = 8100
[20181110_085459 / lib_ip.py:4023] red : variance --> out of range (variance = 1.361 / upper = 0.430 / lower = 0.000)
[20181110_085459 / lib_ip.py:3794] file = img.20181110_085457.2018-11-10_07-53-51_000.jpg.2.png / val_Average = 103.1843	val_Variance = 1.3615	sd = 1.1668	max = 107	min = 100
[20181110_085459 / lib_ip.py:4090] len(Hs) = 8100, len(Ss) = 8100, len(Vs) = 8100
[20181110_085459 / lib_ip.py:4137] green : variance --> out of range (variance = 1.361 / upper = 0.760 / lower = 0.000)
[20181110_085459 / lib_ip.py:3794] file = img.20181110_085457.2018-11-10_07-53-51_000.jpg.2.png / val_Average = 103.1843	val_Variance = 1.3615	sd = 1.1668	max = 107	min = 100
[20181110_085459 / lib_ip.py:4204] len(Hs) = 8100, len(Ss) = 8100, len(Vs) = 8100
[20181110_085459 / lib_ip.py:4248] black : variance --> out of range (variance = 1.361 / upper = 0.000 / lower = 0.000)
[20181110_085459 / lib_ip.py:4399] file : img.20181110_085457.2018-11-10_07-53-51_000.jpg.2.png 1 (black : variance --> out of range (variance = 1.361 / upper = 0.000 / lower = 0.000))
[20181110_085459 / lib_ip.py:2273] inspecting ===> img.20181110_085457.2018-11-10_07-53-51_000.jpg.3.png
[20181110_085459 / lib_ip.py:4331] 
img.20181110_085457.2018-11-10_07-53-51_000.jpg.3.png 2 ---------------------
[20181110_085500 / lib_ip.py:3794] file = img.20181110_085457.2018-11-10_07-53-51_000.jpg.3.png / val_Average = 99.7275	val_Variance = 0.7716	sd = 0.8784	max = 102	min = 96
[20181110_085500 / lib_ip.py:3877] len(Hs) = 8100, len(Ss) = 8100, len(Vs) = 8100
[20181110_085500 / lib_ip.py:3910] yellow : variance --> out of range (variance = 0.772 / upper = 0.650 / lower = 0.000)
[20181110_085500 / lib_ip.py:3794] file = img.20181110_085457.2018-11-10_07-53-51_000.jpg.3.png / val_Average = 99.7275	val_Variance = 0.7716	sd = 0.8784	max = 102	min = 96
[20181110_085500 / lib_ip.py:3977] len(Hs) = 8100, len(Ss) = 8100, len(Vs) = 8100
[20181110_085500 / lib_ip.py:4023] red : variance --> out of range (variance = 0.772 / upper = 0.430 / lower = 0.000)
[20181110_085500 / lib_ip.py:3794] file = img.20181110_085457.2018-11-10_07-53-51_000.jpg.3.png / val_Average = 99.7275	val_Variance = 0.7716	sd = 0.8784	max = 102	min = 96
[20181110_085500 / lib_ip.py:4090] len(Hs) = 8100, len(Ss) = 8100, len(Vs) = 8100
[20181110_085500 / lib_ip.py:4137] green : variance --> out of range (variance = 0.772 / upper = 0.760 / lower = 0.000)
[20181110_085500 / lib_ip.py:3794] file = img.20181110_085457.2018-11-10_07-53-51_000.jpg.3.png / val_Average = 99.7275	val_Variance = 0.7716	sd = 0.8784	max = 102	min = 96
[20181110_085500 / lib_ip.py:4204] len(Hs) = 8100, len(Ss) = 8100, len(Vs) = 8100
[20181110_085500 / lib_ip.py:4248] black : variance --> out of range (variance = 0.772 / upper = 0.000 / lower = 0.000)
[20181110_085500 / lib_ip.py:4399] file : img.20181110_085457.2018-11-10_07-53-51_000.jpg.3.png 2 (black : variance --> out of range (variance = 0.772 / upper = 0.000 / lower = 0.000))
[20181110_085500 / lib_ip.py:2273] inspecting ===> img.20181110_085457.2018-11-10_07-53-51_000.jpg.4.png
[20181110_085500 / lib_ip.py:4331] 
img.20181110_085457.2018-11-10_07-53-51_000.jpg.4.png 3 ---------------------
[20181110_085501 / lib_ip.py:3794] file = img.20181110_085457.2018-11-10_07-53-51_000.jpg.4.png / val_Average = 99.3275	val_Variance = 1.2242	sd = 1.1064	max = 102	min = 96
[20181110_085501 / lib_ip.py:3877] len(Hs) = 8100, len(Ss) = 8100, len(Vs) = 8100
[20181110_085501 / lib_ip.py:3910] yellow : variance --> out of range (variance = 1.224 / upper = 0.650 / lower = 0.000)
[20181110_085501 / lib_ip.py:3794] file = img.20181110_085457.2018-11-10_07-53-51_000.jpg.4.png / val_Average = 99.3275	val_Variance = 1.2242	sd = 1.1064	max = 102	min = 96
[20181110_085501 / lib_ip.py:3977] len(Hs) = 8100, len(Ss) = 8100, len(Vs) = 8100
[20181110_085501 / lib_ip.py:4023] red : variance --> out of range (variance = 1.224 / upper = 0.430 / lower = 0.000)
[20181110_085501 / lib_ip.py:3794] file = img.20181110_085457.2018-11-10_07-53-51_000.jpg.4.png / val_Average = 99.3275	val_Variance = 1.2242	sd = 1.1064	max = 102	min = 96
[20181110_085501 / lib_ip.py:4090] len(Hs) = 8100, len(Ss) = 8100, len(Vs) = 8100
[20181110_085501 / lib_ip.py:4137] green : variance --> out of range (variance = 1.224 / upper = 0.760 / lower = 0.000)
[20181110_085501 / lib_ip.py:3794] file = img.20181110_085457.2018-11-10_07-53-51_000.jpg.4.png / val_Average = 99.3275	val_Variance = 1.2242	sd = 1.1064	max = 102	min = 96
[20181110_085501 / lib_ip.py:4204] len(Hs) = 8100, len(Ss) = 8100, len(Vs) = 8100
[20181110_085501 / lib_ip.py:4248] black : variance --> out of range (variance = 1.224 / upper = 0.000 / lower = 0.000)
[20181110_085501 / lib_ip.py:4399] file : img.20181110_085457.2018-11-10_07-53-51_000.jpg.4.png 3 (black : variance --> out of range (variance = 1.224 / upper = 0.000 / lower = 0.000))
[20181110_085500 / lib_ip.py:2273] inspecting ===> img.20181110_085457.2018-11-10_07-53-51_000.jpg.4.png
img.20181110_085457.2018-11-10_07-53-51_000.jpg.1.png => other
img.20181110_085457.2018-11-10_07-53-51_000.jpg.2.png => other
img.20181110_085457.2018-11-10_07-53-51_000.jpg.3.png => other
img.20181110_085457.2018-11-10_07-53-51_000.jpg.4.png => other
[20181110_085501 lib_ip.py:3300] =============== Get 4 corners
dpath_Images = C:\WORKS_2\WS\WS_Others.Art\JVEMV6\46_art\VIRTUAL\Admin_Projects\ip\images
fname_Image = img.20181110_085457.2018-11-10_07-53-51_000.jpg.4.png

[20181110_085502 / lib_ip.py:2273] inspecting ===> img.20181110_085502.2018-11-10_08-11-34_000.jpg.1.png
[20181110_085502 / lib_ip.py:4331] 
img.20181110_085502.2018-11-10_08-11-34_000.jpg.1.png 0 ---------------------
[20181110_085502 / lib_ip.py:3794] file = img.20181110_085502.2018-11-10_08-11-34_000.jpg.1.png / val_Average = 72.5947	val_Variance = 0.2561	sd = 0.5061	max = 73	min = 71
[20181110_085502 / lib_ip.py:3877] len(Hs) = 8100, len(Ss) = 8100, len(Vs) = 8100
[20181110_085502 / lib_ip.py:3932] yellow : average --> out of range (average = 72.595 / upper = 99.200 / lower = 88.000)
[20181110_085502 / lib_ip.py:3794] file = img.20181110_085502.2018-11-10_08-11-34_000.jpg.1.png / val_Average = 72.5947	val_Variance = 0.2561	sd = 0.5061	max = 73	min = 71
[20181110_085502 / lib_ip.py:3977] len(Hs) = 8100, len(Ss) = 8100, len(Vs) = 8100
[20181110_085502 / lib_ip.py:4048] red : average --> out of range (average = 72.595 / upper = 124.000 / lower = 115.000)
[20181110_085502 / lib_ip.py:3794] file = img.20181110_085502.2018-11-10_08-11-34_000.jpg.1.png / val_Average = 72.5947	val_Variance = 0.2561	sd = 0.5061	max = 73	min = 71
[20181110_085502 / lib_ip.py:4090] len(Hs) = 8100, len(Ss) = 8100, len(Vs) = 8100
[20181110_085503 / lib_ip.py:2273] inspecting ===> img.20181110_085502.2018-11-10_08-11-34_000.jpg.2.png
[20181110_085503 / lib_ip.py:4331] 
img.20181110_085502.2018-11-10_08-11-34_000.jpg.2.png 1 ---------------------
[20181110_085503 / lib_ip.py:3794] file = img.20181110_085502.2018-11-10_08-11-34_000.jpg.2.png / val_Average = 73.2274	val_Variance = 0.1974	sd = 0.4443	max = 74	min = 72
[20181110_085503 / lib_ip.py:3877] len(Hs) = 8100, len(Ss) = 8100, len(Vs) = 8100
[20181110_085503 / lib_ip.py:3932] yellow : average --> out of range (average = 73.227 / upper = 99.200 / lower = 88.000)
[20181110_085503 / lib_ip.py:3794] file = img.20181110_085502.2018-11-10_08-11-34_000.jpg.2.png / val_Average = 73.2274	val_Variance = 0.1974	sd = 0.4443	max = 74	min = 72
[20181110_085503 / lib_ip.py:3977] len(Hs) = 8100, len(Ss) = 8100, len(Vs) = 8100
[20181110_085503 / lib_ip.py:4048] red : average --> out of range (average = 73.227 / upper = 124.000 / lower = 115.000)
[20181110_085503 / lib_ip.py:3794] file = img.20181110_085502.2018-11-10_08-11-34_000.jpg.2.png / val_Average = 73.2274	val_Variance = 0.1974	sd = 0.4443	max = 74	min = 72
[20181110_085503 / lib_ip.py:4090] len(Hs) = 8100, len(Ss) = 8100, len(Vs) = 8100
[20181110_085503 / lib_ip.py:2273] inspecting ===> img.20181110_085502.2018-11-10_08-11-34_000.jpg.3.png
[20181110_085503 / lib_ip.py:4331] 
img.20181110_085502.2018-11-10_08-11-34_000.jpg.3.png 2 ---------------------
[20181110_085504 / lib_ip.py:3794] file = img.20181110_085502.2018-11-10_08-11-34_000.jpg.3.png / val_Average = 12.8753	val_Variance = 12.8652	sd = 3.5868	max = 25	min = 0
[20181110_085504 / lib_ip.py:3877] len(Hs) = 8100, len(Ss) = 8100, len(Vs) = 8100
[20181110_085504 / lib_ip.py:3910] yellow : variance --> out of range (variance = 12.865 / upper = 0.650 / lower = 0.000)
[20181110_085504 / lib_ip.py:3794] file = img.20181110_085502.2018-11-10_08-11-34_000.jpg.3.png / val_Average = 12.8753	val_Variance = 12.8652	sd = 3.5868	max = 25	min = 0
[20181110_085504 / lib_ip.py:3977] len(Hs) = 8100, len(Ss) = 8100, len(Vs) = 8100
[20181110_085504 / lib_ip.py:4023] red : variance --> out of range (variance = 12.865 / upper = 0.430 / lower = 0.000)
[20181110_085504 / lib_ip.py:3794] file = img.20181110_085502.2018-11-10_08-11-34_000.jpg.3.png / val_Average = 12.8753	val_Variance = 12.8652	sd = 3.5868	max = 25	min = 0
[20181110_085504 / lib_ip.py:4090] len(Hs) = 8100, len(Ss) = 8100, len(Vs) = 8100
[20181110_085504 / lib_ip.py:4137] green : variance --> out of range (variance = 12.865 / upper = 0.760 / lower = 0.000)
[20181110_085504 / lib_ip.py:3794] file = img.20181110_085502.2018-11-10_08-11-34_000.jpg.3.png / val_Average = 12.8753	val_Variance = 12.8652	sd = 3.5868	max = 25	min = 0
[20181110_085504 / lib_ip.py:4204] len(Hs) = 8100, len(Ss) = 8100, len(Vs) = 8100
[20181110_085504 / lib_ip.py:4248] black : variance --> out of range (variance = 12.865 / upper = 0.000 / lower = 0.000)
[20181110_085504 / lib_ip.py:4399] file : img.20181110_085502.2018-11-10_08-11-34_000.jpg.3.png 2 (black : variance --> out of range (variance = 12.865 / upper = 0.000 / lower = 0.000))
[20181110_085504 / lib_ip.py:2273] inspecting ===> img.20181110_085502.2018-11-10_08-11-34_000.jpg.4.png
[20181110_085504 / lib_ip.py:4331] 
img.20181110_085502.2018-11-10_08-11-34_000.jpg.4.png 3 ---------------------
[20181110_085505 / lib_ip.py:3794] file = img.20181110_085502.2018-11-10_08-11-34_000.jpg.4.png / val_Average = 117.8043	val_Variance = 20.7885	sd = 4.5594	max = 144	min = 107
[20181110_085505 / lib_ip.py:3877] len(Hs) = 8100, len(Ss) = 8100, len(Vs) = 8100
[20181110_085505 / lib_ip.py:3910] yellow : variance --> out of range (variance = 20.788 / upper = 0.650 / lower = 0.000)
[20181110_085505 / lib_ip.py:3794] file = img.20181110_085502.2018-11-10_08-11-34_000.jpg.4.png / val_Average = 117.8043	val_Variance = 20.7885	sd = 4.5594	max = 144	min = 107
[20181110_085505 / lib_ip.py:3977] len(Hs) = 8100, len(Ss) = 8100, len(Vs) = 8100
[20181110_085505 / lib_ip.py:4023] red : variance --> out of range (variance = 20.788 / upper = 0.430 / lower = 0.000)
[20181110_085505 / lib_ip.py:3794] file = img.20181110_085502.2018-11-10_08-11-34_000.jpg.4.png / val_Average = 117.8043	val_Variance = 20.7885	sd = 4.5594	max = 144	min = 107
[20181110_085505 / lib_ip.py:4090] len(Hs) = 8100, len(Ss) = 8100, len(Vs) = 8100
[20181110_085505 / lib_ip.py:4137] green : variance --> out of range (variance = 20.788 / upper = 0.760 / lower = 0.000)
[20181110_085505 / lib_ip.py:3794] file = img.20181110_085502.2018-11-10_08-11-34_000.jpg.4.png / val_Average = 117.8043	val_Variance = 20.7885	sd = 4.5594	max = 144	min = 107
[20181110_085505 / lib_ip.py:4204] len(Hs) = 8100, len(Ss) = 8100, len(Vs) = 8100
[20181110_085505 / lib_ip.py:4248] black : variance --> out of range (variance = 20.788 / upper = 0.000 / lower = 0.000)
[20181110_085505 / lib_ip.py:4399] file : img.20181110_085502.2018-11-10_08-11-34_000.jpg.4.png 3 (black : variance --> out of range (variance = 20.788 / upper = 0.000 / lower = 0.000))
[20181110_085504 / lib_ip.py:2273] inspecting ===> img.20181110_085502.2018-11-10_08-11-34_000.jpg.4.png
img.20181110_085502.2018-11-10_08-11-34_000.jpg.1.png => other
img.20181110_085502.2018-11-10_08-11-34_000.jpg.2.png => other
img.20181110_085502.2018-11-10_08-11-34_000.jpg.3.png => other
img.20181110_085502.2018-11-10_08-11-34_000.jpg.4.png => other
[20181110_085505 lib_ip.py:3300] =============== Get 4 corners
dpath_Images = C:\WORKS_2\WS\WS_Others.Art\JVEMV6\46_art\VIRTUAL\Admin_Projects\ip\images
fname_Image = img.20181110_085502.2018-11-10_08-11-34_000.jpg.4.png

[20181110_085505 / views.py:1411] gen csv => complete (20181110_085505)(elapsed = 47.211 sec / 11 files / 4.292 sec per file)
1)	2018-11-09_12-26-56_000.jpg => 	other yellow other other 
2)	2018-11-09_15-08-38_000.jpg => 	other other other red 
3)	2018-11-09_15-32-36_000.jpg => 	other green other other 
4)	2018-11-09_17-06-40_000.jpg => 	other other red green 
5)	2018-11-09_17-07-04_000.jpg => 	other other red green 
6)	2018-11-09_18-35-23_000.jpg => 	other other other red 
7)	2018-11-09_20-11-59_000.jpg => 	other other yellow other 
8)	2018-11-09_21-54-20_000.jpg => 	other other other other 
9)	2018-11-10_01-12-15_000.jpg => 	other other other other 
10)	2018-11-10_07-53-51_000.jpg => 	other other other other 
11)	2018-11-10_08-11-34_000.jpg => 	green green other other 
[20181110_085505 / views.py:1797] lo_ColorName_Set__Modified_2 =>
1)	2018-11-09_12-26-56_000.jpg => 	o o o y 
2)	2018-11-09_15-08-38_000.jpg => 	o o o r 
3)	2018-11-09_15-32-36_000.jpg => 	g o o o 
4)	2018-11-09_17-06-40_000.jpg => 	g o o r 
5)	2018-11-09_17-07-04_000.jpg => 	g o o r 
6)	2018-11-09_18-35-23_000.jpg => 	o o o r 
7)	2018-11-09_20-11-59_000.jpg => 	o o o y 
8)	2018-11-09_21-54-20_000.jpg => 	o o o o 
9)	2018-11-10_01-12-15_000.jpg => 	o o o o 
10)	2018-11-10_07-53-51_000.jpg => 	o o o o 
11)	2018-11-10_08-11-34_000.jpg => 	g g o o 
[20181110_085506 / views.py:1908] gen_Cake_CSV(request) ==> ending... =======================//

