[20180915_062200 / views.py:1495] gen_Cake_CSV(request) ==> starting... =======================
[20180915_062202 / lib_ip.py:2273] inspecting ===> img.20180915_062202.2018-09-14_09-17-15_000.jpg.1.png
[20180915_062202 / lib_ip.py:4330] 
img.20180915_062202.2018-09-14_09-17-15_000.jpg.1.png 0
[20180915_062203 / lib_ip.py:3794] file = img.20180915_062202.2018-09-14_09-17-15_000.jpg.1.png / val_Average = 83.3859	val_Variance = 2402.9720	sd = 49.0201	max = 175	min = 0
[20180915_062203 / lib_ip.py:3877] len(Hs) = 8100, len(Ss) = 8100, len(Vs) = 8100
[20180915_062203 / lib_ip.py:3910] yellow : variance --> out of range (variance = 2402.972 / upper = 0.650 / lower = 0.000)
[20180915_062203 / lib_ip.py:3794] file = img.20180915_062202.2018-09-14_09-17-15_000.jpg.1.png / val_Average = 83.3859	val_Variance = 2402.9720	sd = 49.0201	max = 175	min = 0
[20180915_062203 / lib_ip.py:3977] len(Hs) = 8100, len(Ss) = 8100, len(Vs) = 8100
[20180915_062203 / lib_ip.py:4023] red : variance --> out of range (variance = 2402.972 / upper = 0.430 / lower = 0.000)
[20180915_062203 / lib_ip.py:3794] file = img.20180915_062202.2018-09-14_09-17-15_000.jpg.1.png / val_Average = 83.3859	val_Variance = 2402.9720	sd = 49.0201	max = 175	min = 0
[20180915_062203 / lib_ip.py:4090] len(Hs) = 8100, len(Ss) = 8100, len(Vs) = 8100
[20180915_062203 / lib_ip.py:4137] green : variance --> out of range (variance = 2402.972 / upper = 0.750 / lower = 0.000)
[20180915_062203 / lib_ip.py:3794] file = img.20180915_062202.2018-09-14_09-17-15_000.jpg.1.png / val_Average = 83.3859	val_Variance = 2402.9720	sd = 49.0201	max = 175	min = 0
[20180915_062203 / lib_ip.py:4204] len(Hs) = 8100, len(Ss) = 8100, len(Vs) = 8100
[20180915_062203 / lib_ip.py:4248] black : variance --> out of range (variance = 2402.972 / upper = 0.000 / lower = 0.000)
[20180915_062203 / lib_ip.py:4398] file : img.20180915_062202.2018-09-14_09-17-15_000.jpg.1.png 0 (black : variance --> out of range (variance = 2402.972 / upper = 0.000 / lower = 0.000))
[20180915_062203 / lib_ip.py:2273] inspecting ===> img.20180915_062202.2018-09-14_09-17-15_000.jpg.2.png
[20180915_062204 / lib_ip.py:4330] 
img.20180915_062202.2018-09-14_09-17-15_000.jpg.2.png 1
[20180915_062204 / lib_ip.py:3794] file = img.20180915_062202.2018-09-14_09-17-15_000.jpg.2.png / val_Average = 109.4375	val_Variance = 22.2950	sd = 4.7218	max = 130	min = 95
[20180915_062204 / lib_ip.py:3877] len(Hs) = 8100, len(Ss) = 8100, len(Vs) = 8100
[20180915_062204 / lib_ip.py:3910] yellow : variance --> out of range (variance = 22.295 / upper = 0.650 / lower = 0.000)
[20180915_062204 / lib_ip.py:3794] file = img.20180915_062202.2018-09-14_09-17-15_000.jpg.2.png / val_Average = 109.4375	val_Variance = 22.2950	sd = 4.7218	max = 130	min = 95
[20180915_062204 / lib_ip.py:3977] len(Hs) = 8100, len(Ss) = 8100, len(Vs) = 8100
[20180915_062204 / lib_ip.py:4023] red : variance --> out of range (variance = 22.295 / upper = 0.430 / lower = 0.000)
[20180915_062204 / lib_ip.py:3794] file = img.20180915_062202.2018-09-14_09-17-15_000.jpg.2.png / val_Average = 109.4375	val_Variance = 22.2950	sd = 4.7218	max = 130	min = 95
[20180915_062204 / lib_ip.py:4090] len(Hs) = 8100, len(Ss) = 8100, len(Vs) = 8100
[20180915_062204 / lib_ip.py:4137] green : variance --> out of range (variance = 22.295 / upper = 0.750 / lower = 0.000)
[20180915_062204 / lib_ip.py:3794] file = img.20180915_062202.2018-09-14_09-17-15_000.jpg.2.png / val_Average = 109.4375	val_Variance = 22.2950	sd = 4.7218	max = 130	min = 95
[20180915_062204 / lib_ip.py:4204] len(Hs) = 8100, len(Ss) = 8100, len(Vs) = 8100
[20180915_062204 / lib_ip.py:4248] black : variance --> out of range (variance = 22.295 / upper = 0.000 / lower = 0.000)
[20180915_062204 / lib_ip.py:4398] file : img.20180915_062202.2018-09-14_09-17-15_000.jpg.2.png 1 (black : variance --> out of range (variance = 22.295 / upper = 0.000 / lower = 0.000))
[20180915_062204 / lib_ip.py:2273] inspecting ===> img.20180915_062202.2018-09-14_09-17-15_000.jpg.3.png
[20180915_062204 / lib_ip.py:4330] 
img.20180915_062202.2018-09-14_09-17-15_000.jpg.3.png 2
[20180915_062204 / lib_ip.py:3794] file = img.20180915_062202.2018-09-14_09-17-15_000.jpg.3.png / val_Average = 92.6723	val_Variance = 0.2203	sd = 0.4694	max = 93	min = 92
[20180915_062205 / lib_ip.py:3877] len(Hs) = 8100, len(Ss) = 8100, len(Vs) = 8100
[20180915_062205 / lib_ip.py:2273] inspecting ===> img.20180915_062202.2018-09-14_09-17-15_000.jpg.4.png
[20180915_062205 / lib_ip.py:4330] 
img.20180915_062202.2018-09-14_09-17-15_000.jpg.4.png 3
[20180915_062205 / lib_ip.py:3794] file = img.20180915_062202.2018-09-14_09-17-15_000.jpg.4.png / val_Average = 74.8623	val_Variance = 1092.0471	sd = 33.0461	max = 135	min = 0
[20180915_062205 / lib_ip.py:3877] len(Hs) = 8100, len(Ss) = 8100, len(Vs) = 8100
[20180915_062205 / lib_ip.py:3910] yellow : variance --> out of range (variance = 1092.047 / upper = 0.650 / lower = 0.000)
[20180915_062205 / lib_ip.py:3794] file = img.20180915_062202.2018-09-14_09-17-15_000.jpg.4.png / val_Average = 74.8623	val_Variance = 1092.0471	sd = 33.0461	max = 135	min = 0
[20180915_062205 / lib_ip.py:3977] len(Hs) = 8100, len(Ss) = 8100, len(Vs) = 8100
[20180915_062205 / lib_ip.py:4023] red : variance --> out of range (variance = 1092.047 / upper = 0.430 / lower = 0.000)
[20180915_062205 / lib_ip.py:3794] file = img.20180915_062202.2018-09-14_09-17-15_000.jpg.4.png / val_Average = 74.8623	val_Variance = 1092.0471	sd = 33.0461	max = 135	min = 0
[20180915_062205 / lib_ip.py:4090] len(Hs) = 8100, len(Ss) = 8100, len(Vs) = 8100
[20180915_062205 / lib_ip.py:4137] green : variance --> out of range (variance = 1092.047 / upper = 0.750 / lower = 0.000)
[20180915_062205 / lib_ip.py:3794] file = img.20180915_062202.2018-09-14_09-17-15_000.jpg.4.png / val_Average = 74.8623	val_Variance = 1092.0471	sd = 33.0461	max = 135	min = 0
[20180915_062205 / lib_ip.py:4204] len(Hs) = 8100, len(Ss) = 8100, len(Vs) = 8100
[20180915_062205 / lib_ip.py:4248] black : variance --> out of range (variance = 1092.047 / upper = 0.000 / lower = 0.000)
[20180915_062205 / lib_ip.py:4398] file : img.20180915_062202.2018-09-14_09-17-15_000.jpg.4.png 3 (black : variance --> out of range (variance = 1092.047 / upper = 0.000 / lower = 0.000))
[20180915_062205 / lib_ip.py:2273] inspecting ===> img.20180915_062202.2018-09-14_09-17-15_000.jpg.4.png
img.20180915_062202.2018-09-14_09-17-15_000.jpg.1.png => other
img.20180915_062202.2018-09-14_09-17-15_000.jpg.2.png => other
img.20180915_062202.2018-09-14_09-17-15_000.jpg.3.png => other
img.20180915_062202.2018-09-14_09-17-15_000.jpg.4.png => other
[20180915_062205 lib_ip.py:3300] =============== Get 4 corners
dpath_Images = C:\WORKS_2\WS\WS_Others.Art\JVEMV6\46_art\VIRTUAL\Admin_Projects\ip\images
fname_Image = img.20180915_062202.2018-09-14_09-17-15_000.jpg.4.png

[20180915_062206 / lib_ip.py:2273] inspecting ===> img.20180915_062206.2018-09-14_16-18-10_000.jpg.1.png
[20180915_062206 / lib_ip.py:4330] 
img.20180915_062206.2018-09-14_16-18-10_000.jpg.1.png 0
[20180915_062206 / lib_ip.py:3794] file = img.20180915_062206.2018-09-14_16-18-10_000.jpg.1.png / val_Average = 98.9967	val_Variance = 215.6436	sd = 14.6848	max = 160	min = 0
[20180915_062206 / lib_ip.py:3877] len(Hs) = 8100, len(Ss) = 8100, len(Vs) = 8100
[20180915_062206 / lib_ip.py:3910] yellow : variance --> out of range (variance = 215.644 / upper = 0.650 / lower = 0.000)
[20180915_062206 / lib_ip.py:3794] file = img.20180915_062206.2018-09-14_16-18-10_000.jpg.1.png / val_Average = 98.9967	val_Variance = 215.6436	sd = 14.6848	max = 160	min = 0
[20180915_062206 / lib_ip.py:3977] len(Hs) = 8100, len(Ss) = 8100, len(Vs) = 8100
[20180915_062207 / lib_ip.py:4023] red : variance --> out of range (variance = 215.644 / upper = 0.430 / lower = 0.000)
[20180915_062207 / lib_ip.py:3794] file = img.20180915_062206.2018-09-14_16-18-10_000.jpg.1.png / val_Average = 98.9967	val_Variance = 215.6436	sd = 14.6848	max = 160	min = 0
[20180915_062207 / lib_ip.py:4090] len(Hs) = 8100, len(Ss) = 8100, len(Vs) = 8100
[20180915_062207 / lib_ip.py:4137] green : variance --> out of range (variance = 215.644 / upper = 0.750 / lower = 0.000)
[20180915_062207 / lib_ip.py:3794] file = img.20180915_062206.2018-09-14_16-18-10_000.jpg.1.png / val_Average = 98.9967	val_Variance = 215.6436	sd = 14.6848	max = 160	min = 0
[20180915_062207 / lib_ip.py:4204] len(Hs) = 8100, len(Ss) = 8100, len(Vs) = 8100
[20180915_062207 / lib_ip.py:4248] black : variance --> out of range (variance = 215.644 / upper = 0.000 / lower = 0.000)
[20180915_062207 / lib_ip.py:4398] file : img.20180915_062206.2018-09-14_16-18-10_000.jpg.1.png 0 (black : variance --> out of range (variance = 215.644 / upper = 0.000 / lower = 0.000))
[20180915_062207 / lib_ip.py:2273] inspecting ===> img.20180915_062206.2018-09-14_16-18-10_000.jpg.2.png
[20180915_062207 / lib_ip.py:4330] 
img.20180915_062206.2018-09-14_16-18-10_000.jpg.2.png 1
[20180915_062207 / lib_ip.py:3794] file = img.20180915_062206.2018-09-14_16-18-10_000.jpg.2.png / val_Average = 104.1373	val_Variance = 1.9389	sd = 1.3925	max = 109	min = 99
[20180915_062207 / lib_ip.py:3877] len(Hs) = 8100, len(Ss) = 8100, len(Vs) = 8100
[20180915_062207 / lib_ip.py:3910] yellow : variance --> out of range (variance = 1.939 / upper = 0.650 / lower = 0.000)
[20180915_062207 / lib_ip.py:3794] file = img.20180915_062206.2018-09-14_16-18-10_000.jpg.2.png / val_Average = 104.1373	val_Variance = 1.9389	sd = 1.3925	max = 109	min = 99
[20180915_062207 / lib_ip.py:3977] len(Hs) = 8100, len(Ss) = 8100, len(Vs) = 8100
[20180915_062208 / lib_ip.py:4023] red : variance --> out of range (variance = 1.939 / upper = 0.430 / lower = 0.000)
[20180915_062208 / lib_ip.py:3794] file = img.20180915_062206.2018-09-14_16-18-10_000.jpg.2.png / val_Average = 104.1373	val_Variance = 1.9389	sd = 1.3925	max = 109	min = 99
[20180915_062208 / lib_ip.py:4090] len(Hs) = 8100, len(Ss) = 8100, len(Vs) = 8100
[20180915_062208 / lib_ip.py:4137] green : variance --> out of range (variance = 1.939 / upper = 0.750 / lower = 0.000)
[20180915_062208 / lib_ip.py:3794] file = img.20180915_062206.2018-09-14_16-18-10_000.jpg.2.png / val_Average = 104.1373	val_Variance = 1.9389	sd = 1.3925	max = 109	min = 99
[20180915_062208 / lib_ip.py:4204] len(Hs) = 8100, len(Ss) = 8100, len(Vs) = 8100
[20180915_062208 / lib_ip.py:4248] black : variance --> out of range (variance = 1.939 / upper = 0.000 / lower = 0.000)
[20180915_062208 / lib_ip.py:4398] file : img.20180915_062206.2018-09-14_16-18-10_000.jpg.2.png 1 (black : variance --> out of range (variance = 1.939 / upper = 0.000 / lower = 0.000))
[20180915_062208 / lib_ip.py:2273] inspecting ===> img.20180915_062206.2018-09-14_16-18-10_000.jpg.3.png
[20180915_062208 / lib_ip.py:4330] 
img.20180915_062206.2018-09-14_16-18-10_000.jpg.3.png 2
[20180915_062208 / lib_ip.py:3794] file = img.20180915_062206.2018-09-14_16-18-10_000.jpg.3.png / val_Average = 120.1986	val_Variance = 0.1933	sd = 0.4396	max = 121	min = 119
[20180915_062208 / lib_ip.py:3877] len(Hs) = 8100, len(Ss) = 8100, len(Vs) = 8100
[20180915_062208 / lib_ip.py:3932] yellow : average --> out of range (average = 120.199 / upper = 99.200 / lower = 88.000)
[20180915_062208 / lib_ip.py:3794] file = img.20180915_062206.2018-09-14_16-18-10_000.jpg.3.png / val_Average = 120.1986	val_Variance = 0.1933	sd = 0.4396	max = 121	min = 119
[20180915_062208 / lib_ip.py:3977] len(Hs) = 8100, len(Ss) = 8100, len(Vs) = 8100
[20180915_062208 / lib_ip.py:2273] inspecting ===> img.20180915_062206.2018-09-14_16-18-10_000.jpg.4.png
[20180915_062209 / lib_ip.py:4330] 
img.20180915_062206.2018-09-14_16-18-10_000.jpg.4.png 3
[20180915_062209 / lib_ip.py:3794] file = img.20180915_062206.2018-09-14_16-18-10_000.jpg.4.png / val_Average = 77.0354	val_Variance = 0.0836	sd = 0.2891	max = 78	min = 76
[20180915_062209 / lib_ip.py:3877] len(Hs) = 8100, len(Ss) = 8100, len(Vs) = 8100
[20180915_062209 / lib_ip.py:3932] yellow : average --> out of range (average = 77.035 / upper = 99.200 / lower = 88.000)
[20180915_062209 / lib_ip.py:3794] file = img.20180915_062206.2018-09-14_16-18-10_000.jpg.4.png / val_Average = 77.0354	val_Variance = 0.0836	sd = 0.2891	max = 78	min = 76
[20180915_062209 / lib_ip.py:3977] len(Hs) = 8100, len(Ss) = 8100, len(Vs) = 8100
[20180915_062209 / lib_ip.py:4048] red : average --> out of range (average = 77.035 / upper = 124.000 / lower = 115.000)
[20180915_062209 / lib_ip.py:3794] file = img.20180915_062206.2018-09-14_16-18-10_000.jpg.4.png / val_Average = 77.0354	val_Variance = 0.0836	sd = 0.2891	max = 78	min = 76
[20180915_062209 / lib_ip.py:4090] len(Hs) = 8100, len(Ss) = 8100, len(Vs) = 8100
[20180915_062208 / lib_ip.py:2273] inspecting ===> img.20180915_062206.2018-09-14_16-18-10_000.jpg.4.png
img.20180915_062206.2018-09-14_16-18-10_000.jpg.1.png => other
img.20180915_062206.2018-09-14_16-18-10_000.jpg.2.png => other
img.20180915_062206.2018-09-14_16-18-10_000.jpg.3.png => other
img.20180915_062206.2018-09-14_16-18-10_000.jpg.4.png => other
[20180915_062209 lib_ip.py:3300] =============== Get 4 corners
dpath_Images = C:\WORKS_2\WS\WS_Others.Art\JVEMV6\46_art\VIRTUAL\Admin_Projects\ip\images
fname_Image = img.20180915_062206.2018-09-14_16-18-10_000.jpg.4.png

[20180915_062210 / lib_ip.py:2273] inspecting ===> img.20180915_062210.2018-09-14_16-28-51_000.jpg.1.png
[20180915_062210 / lib_ip.py:4330] 
img.20180915_062210.2018-09-14_16-28-51_000.jpg.1.png 0
[20180915_062210 / lib_ip.py:3794] file = img.20180915_062210.2018-09-14_16-28-51_000.jpg.1.png / val_Average = 104.1791	val_Variance = 0.9142	sd = 0.9561	max = 107	min = 101
[20180915_062210 / lib_ip.py:3877] len(Hs) = 8100, len(Ss) = 8100, len(Vs) = 8100
[20180915_062211 / lib_ip.py:3910] yellow : variance --> out of range (variance = 0.914 / upper = 0.650 / lower = 0.000)
[20180915_062211 / lib_ip.py:3794] file = img.20180915_062210.2018-09-14_16-28-51_000.jpg.1.png / val_Average = 104.1791	val_Variance = 0.9142	sd = 0.9561	max = 107	min = 101
[20180915_062211 / lib_ip.py:3977] len(Hs) = 8100, len(Ss) = 8100, len(Vs) = 8100
[20180915_062211 / lib_ip.py:4023] red : variance --> out of range (variance = 0.914 / upper = 0.430 / lower = 0.000)
[20180915_062211 / lib_ip.py:3794] file = img.20180915_062210.2018-09-14_16-28-51_000.jpg.1.png / val_Average = 104.1791	val_Variance = 0.9142	sd = 0.9561	max = 107	min = 101
[20180915_062211 / lib_ip.py:4090] len(Hs) = 8100, len(Ss) = 8100, len(Vs) = 8100
[20180915_062211 / lib_ip.py:4137] green : variance --> out of range (variance = 0.914 / upper = 0.750 / lower = 0.000)
[20180915_062211 / lib_ip.py:3794] file = img.20180915_062210.2018-09-14_16-28-51_000.jpg.1.png / val_Average = 104.1791	val_Variance = 0.9142	sd = 0.9561	max = 107	min = 101
[20180915_062211 / lib_ip.py:4204] len(Hs) = 8100, len(Ss) = 8100, len(Vs) = 8100
[20180915_062211 / lib_ip.py:4248] black : variance --> out of range (variance = 0.914 / upper = 0.000 / lower = 0.000)
[20180915_062211 / lib_ip.py:4398] file : img.20180915_062210.2018-09-14_16-28-51_000.jpg.1.png 0 (black : variance --> out of range (variance = 0.914 / upper = 0.000 / lower = 0.000))
[20180915_062211 / lib_ip.py:2273] inspecting ===> img.20180915_062210.2018-09-14_16-28-51_000.jpg.2.png
[20180915_062212 / lib_ip.py:4330] 
img.20180915_062210.2018-09-14_16-28-51_000.jpg.2.png 1
[20180915_062212 / lib_ip.py:3794] file = img.20180915_062210.2018-09-14_16-28-51_000.jpg.2.png / val_Average = 106.2640	val_Variance = 0.9400	sd = 0.9695	max = 109	min = 104
[20180915_062212 / lib_ip.py:3877] len(Hs) = 8100, len(Ss) = 8100, len(Vs) = 8100
[20180915_062212 / lib_ip.py:3910] yellow : variance --> out of range (variance = 0.940 / upper = 0.650 / lower = 0.000)
[20180915_062212 / lib_ip.py:3794] file = img.20180915_062210.2018-09-14_16-28-51_000.jpg.2.png / val_Average = 106.2640	val_Variance = 0.9400	sd = 0.9695	max = 109	min = 104
[20180915_062212 / lib_ip.py:3977] len(Hs) = 8100, len(Ss) = 8100, len(Vs) = 8100
[20180915_062212 / lib_ip.py:4023] red : variance --> out of range (variance = 0.940 / upper = 0.430 / lower = 0.000)
[20180915_062212 / lib_ip.py:3794] file = img.20180915_062210.2018-09-14_16-28-51_000.jpg.2.png / val_Average = 106.2640	val_Variance = 0.9400	sd = 0.9695	max = 109	min = 104
[20180915_062212 / lib_ip.py:4090] len(Hs) = 8100, len(Ss) = 8100, len(Vs) = 8100
[20180915_062212 / lib_ip.py:4137] green : variance --> out of range (variance = 0.940 / upper = 0.750 / lower = 0.000)
[20180915_062212 / lib_ip.py:3794] file = img.20180915_062210.2018-09-14_16-28-51_000.jpg.2.png / val_Average = 106.2640	val_Variance = 0.9400	sd = 0.9695	max = 109	min = 104
[20180915_062212 / lib_ip.py:4204] len(Hs) = 8100, len(Ss) = 8100, len(Vs) = 8100
[20180915_062212 / lib_ip.py:4248] black : variance --> out of range (variance = 0.940 / upper = 0.000 / lower = 0.000)
[20180915_062212 / lib_ip.py:4398] file : img.20180915_062210.2018-09-14_16-28-51_000.jpg.2.png 1 (black : variance --> out of range (variance = 0.940 / upper = 0.000 / lower = 0.000))
[20180915_062212 / lib_ip.py:2273] inspecting ===> img.20180915_062210.2018-09-14_16-28-51_000.jpg.3.png
[20180915_062213 / lib_ip.py:4330] 
img.20180915_062210.2018-09-14_16-28-51_000.jpg.3.png 2
[20180915_062213 / lib_ip.py:3794] file = img.20180915_062210.2018-09-14_16-28-51_000.jpg.3.png / val_Average = 75.9227	val_Variance = 0.0750	sd = 0.2739	max = 77	min = 75
[20180915_062213 / lib_ip.py:3877] len(Hs) = 8100, len(Ss) = 8100, len(Vs) = 8100
[20180915_062213 / lib_ip.py:3932] yellow : average --> out of range (average = 75.923 / upper = 99.200 / lower = 88.000)
[20180915_062213 / lib_ip.py:3794] file = img.20180915_062210.2018-09-14_16-28-51_000.jpg.3.png / val_Average = 75.9227	val_Variance = 0.0750	sd = 0.2739	max = 77	min = 75
[20180915_062213 / lib_ip.py:3977] len(Hs) = 8100, len(Ss) = 8100, len(Vs) = 8100
[20180915_062213 / lib_ip.py:4048] red : average --> out of range (average = 75.923 / upper = 124.000 / lower = 115.000)
[20180915_062213 / lib_ip.py:3794] file = img.20180915_062210.2018-09-14_16-28-51_000.jpg.3.png / val_Average = 75.9227	val_Variance = 0.0750	sd = 0.2739	max = 77	min = 75
[20180915_062213 / lib_ip.py:4090] len(Hs) = 8100, len(Ss) = 8100, len(Vs) = 8100
[20180915_062213 / lib_ip.py:2273] inspecting ===> img.20180915_062210.2018-09-14_16-28-51_000.jpg.4.png
[20180915_062214 / lib_ip.py:4330] 
img.20180915_062210.2018-09-14_16-28-51_000.jpg.4.png 3
[20180915_062214 / lib_ip.py:3794] file = img.20180915_062210.2018-09-14_16-28-51_000.jpg.4.png / val_Average = 76.2252	val_Variance = 0.1856	sd = 0.4308	max = 78	min = 75
[20180915_062214 / lib_ip.py:3877] len(Hs) = 8100, len(Ss) = 8100, len(Vs) = 8100
[20180915_062214 / lib_ip.py:3932] yellow : average --> out of range (average = 76.225 / upper = 99.200 / lower = 88.000)
[20180915_062214 / lib_ip.py:3794] file = img.20180915_062210.2018-09-14_16-28-51_000.jpg.4.png / val_Average = 76.2252	val_Variance = 0.1856	sd = 0.4308	max = 78	min = 75
[20180915_062214 / lib_ip.py:3977] len(Hs) = 8100, len(Ss) = 8100, len(Vs) = 8100
[20180915_062214 / lib_ip.py:4048] red : average --> out of range (average = 76.225 / upper = 124.000 / lower = 115.000)
[20180915_062214 / lib_ip.py:3794] file = img.20180915_062210.2018-09-14_16-28-51_000.jpg.4.png / val_Average = 76.2252	val_Variance = 0.1856	sd = 0.4308	max = 78	min = 75
[20180915_062214 / lib_ip.py:4090] len(Hs) = 8100, len(Ss) = 8100, len(Vs) = 8100
[20180915_062213 / lib_ip.py:2273] inspecting ===> img.20180915_062210.2018-09-14_16-28-51_000.jpg.4.png
img.20180915_062210.2018-09-14_16-28-51_000.jpg.1.png => other
img.20180915_062210.2018-09-14_16-28-51_000.jpg.2.png => other
img.20180915_062210.2018-09-14_16-28-51_000.jpg.3.png => other
img.20180915_062210.2018-09-14_16-28-51_000.jpg.4.png => other
[20180915_062214 lib_ip.py:3300] =============== Get 4 corners
dpath_Images = C:\WORKS_2\WS\WS_Others.Art\JVEMV6\46_art\VIRTUAL\Admin_Projects\ip\images
fname_Image = img.20180915_062210.2018-09-14_16-28-51_000.jpg.4.png

[20180915_062215 / lib_ip.py:2273] inspecting ===> img.20180915_062215.2018-09-14_18-24-39_000.jpg.1.png
[20180915_062215 / lib_ip.py:4330] 
img.20180915_062215.2018-09-14_18-24-39_000.jpg.1.png 0
[20180915_062215 / lib_ip.py:3794] file = img.20180915_062215.2018-09-14_18-24-39_000.jpg.1.png / val_Average = 106.4990	val_Variance = 3.3917	sd = 1.8417	max = 120	min = 90
[20180915_062215 / lib_ip.py:3877] len(Hs) = 8100, len(Ss) = 8100, len(Vs) = 8100
[20180915_062216 / lib_ip.py:3910] yellow : variance --> out of range (variance = 3.392 / upper = 0.650 / lower = 0.000)
[20180915_062216 / lib_ip.py:3794] file = img.20180915_062215.2018-09-14_18-24-39_000.jpg.1.png / val_Average = 106.4990	val_Variance = 3.3917	sd = 1.8417	max = 120	min = 90
[20180915_062216 / lib_ip.py:3977] len(Hs) = 8100, len(Ss) = 8100, len(Vs) = 8100
[20180915_062216 / lib_ip.py:4023] red : variance --> out of range (variance = 3.392 / upper = 0.430 / lower = 0.000)
[20180915_062216 / lib_ip.py:3794] file = img.20180915_062215.2018-09-14_18-24-39_000.jpg.1.png / val_Average = 106.4990	val_Variance = 3.3917	sd = 1.8417	max = 120	min = 90
[20180915_062216 / lib_ip.py:4090] len(Hs) = 8100, len(Ss) = 8100, len(Vs) = 8100
[20180915_062216 / lib_ip.py:4137] green : variance --> out of range (variance = 3.392 / upper = 0.750 / lower = 0.000)
[20180915_062216 / lib_ip.py:3794] file = img.20180915_062215.2018-09-14_18-24-39_000.jpg.1.png / val_Average = 106.4990	val_Variance = 3.3917	sd = 1.8417	max = 120	min = 90
[20180915_062216 / lib_ip.py:4204] len(Hs) = 8100, len(Ss) = 8100, len(Vs) = 8100
[20180915_062216 / lib_ip.py:4248] black : variance --> out of range (variance = 3.392 / upper = 0.000 / lower = 0.000)
[20180915_062216 / lib_ip.py:4398] file : img.20180915_062215.2018-09-14_18-24-39_000.jpg.1.png 0 (black : variance --> out of range (variance = 3.392 / upper = 0.000 / lower = 0.000))
[20180915_062216 / lib_ip.py:2273] inspecting ===> img.20180915_062215.2018-09-14_18-24-39_000.jpg.2.png
[20180915_062217 / lib_ip.py:4330] 
img.20180915_062215.2018-09-14_18-24-39_000.jpg.2.png 1
[20180915_062217 / lib_ip.py:3794] file = img.20180915_062215.2018-09-14_18-24-39_000.jpg.2.png / val_Average = 106.3137	val_Variance = 13.8084	sd = 3.7160	max = 125	min = 100
[20180915_062217 / lib_ip.py:3877] len(Hs) = 8100, len(Ss) = 8100, len(Vs) = 8100
[20180915_062217 / lib_ip.py:3910] yellow : variance --> out of range (variance = 13.808 / upper = 0.650 / lower = 0.000)
[20180915_062217 / lib_ip.py:3794] file = img.20180915_062215.2018-09-14_18-24-39_000.jpg.2.png / val_Average = 106.3137	val_Variance = 13.8084	sd = 3.7160	max = 125	min = 100
[20180915_062217 / lib_ip.py:3977] len(Hs) = 8100, len(Ss) = 8100, len(Vs) = 8100
[20180915_062217 / lib_ip.py:4023] red : variance --> out of range (variance = 13.808 / upper = 0.430 / lower = 0.000)
[20180915_062217 / lib_ip.py:3794] file = img.20180915_062215.2018-09-14_18-24-39_000.jpg.2.png / val_Average = 106.3137	val_Variance = 13.8084	sd = 3.7160	max = 125	min = 100
[20180915_062217 / lib_ip.py:4090] len(Hs) = 8100, len(Ss) = 8100, len(Vs) = 8100
[20180915_062217 / lib_ip.py:4137] green : variance --> out of range (variance = 13.808 / upper = 0.750 / lower = 0.000)
[20180915_062218 / lib_ip.py:3794] file = img.20180915_062215.2018-09-14_18-24-39_000.jpg.2.png / val_Average = 106.3137	val_Variance = 13.8084	sd = 3.7160	max = 125	min = 100
[20180915_062218 / lib_ip.py:4204] len(Hs) = 8100, len(Ss) = 8100, len(Vs) = 8100
[20180915_062218 / lib_ip.py:4248] black : variance --> out of range (variance = 13.808 / upper = 0.000 / lower = 0.000)
[20180915_062218 / lib_ip.py:4398] file : img.20180915_062215.2018-09-14_18-24-39_000.jpg.2.png 1 (black : variance --> out of range (variance = 13.808 / upper = 0.000 / lower = 0.000))
[20180915_062218 / lib_ip.py:2273] inspecting ===> img.20180915_062215.2018-09-14_18-24-39_000.jpg.3.png
[20180915_062218 / lib_ip.py:4330] 
img.20180915_062215.2018-09-14_18-24-39_000.jpg.3.png 2
[20180915_062218 / lib_ip.py:3794] file = img.20180915_062215.2018-09-14_18-24-39_000.jpg.3.png / val_Average = 121.0307	val_Variance = 0.0737	sd = 0.2716	max = 122	min = 120
[20180915_062218 / lib_ip.py:3877] len(Hs) = 8100, len(Ss) = 8100, len(Vs) = 8100
[20180915_062218 / lib_ip.py:3932] yellow : average --> out of range (average = 121.031 / upper = 99.200 / lower = 88.000)
[20180915_062218 / lib_ip.py:3794] file = img.20180915_062215.2018-09-14_18-24-39_000.jpg.3.png / val_Average = 121.0307	val_Variance = 0.0737	sd = 0.2716	max = 122	min = 120
[20180915_062218 / lib_ip.py:3977] len(Hs) = 8100, len(Ss) = 8100, len(Vs) = 8100
[20180915_062218 / lib_ip.py:2273] inspecting ===> img.20180915_062215.2018-09-14_18-24-39_000.jpg.4.png
[20180915_062219 / lib_ip.py:4330] 
img.20180915_062215.2018-09-14_18-24-39_000.jpg.4.png 3
[20180915_062219 / lib_ip.py:3794] file = img.20180915_062215.2018-09-14_18-24-39_000.jpg.4.png / val_Average = 107.4653	val_Variance = 3.0305	sd = 1.7408	max = 113	min = 101
[20180915_062219 / lib_ip.py:3877] len(Hs) = 8100, len(Ss) = 8100, len(Vs) = 8100
[20180915_062219 / lib_ip.py:3910] yellow : variance --> out of range (variance = 3.031 / upper = 0.650 / lower = 0.000)
[20180915_062219 / lib_ip.py:3794] file = img.20180915_062215.2018-09-14_18-24-39_000.jpg.4.png / val_Average = 107.4653	val_Variance = 3.0305	sd = 1.7408	max = 113	min = 101
[20180915_062219 / lib_ip.py:3977] len(Hs) = 8100, len(Ss) = 8100, len(Vs) = 8100
[20180915_062219 / lib_ip.py:4023] red : variance --> out of range (variance = 3.031 / upper = 0.430 / lower = 0.000)
[20180915_062219 / lib_ip.py:3794] file = img.20180915_062215.2018-09-14_18-24-39_000.jpg.4.png / val_Average = 107.4653	val_Variance = 3.0305	sd = 1.7408	max = 113	min = 101
[20180915_062219 / lib_ip.py:4090] len(Hs) = 8100, len(Ss) = 8100, len(Vs) = 8100
[20180915_062219 / lib_ip.py:4137] green : variance --> out of range (variance = 3.031 / upper = 0.750 / lower = 0.000)
[20180915_062220 / lib_ip.py:3794] file = img.20180915_062215.2018-09-14_18-24-39_000.jpg.4.png / val_Average = 107.4653	val_Variance = 3.0305	sd = 1.7408	max = 113	min = 101
[20180915_062220 / lib_ip.py:4204] len(Hs) = 8100, len(Ss) = 8100, len(Vs) = 8100
[20180915_062220 / lib_ip.py:4248] black : variance --> out of range (variance = 3.031 / upper = 0.000 / lower = 0.000)
[20180915_062220 / lib_ip.py:4398] file : img.20180915_062215.2018-09-14_18-24-39_000.jpg.4.png 3 (black : variance --> out of range (variance = 3.031 / upper = 0.000 / lower = 0.000))
[20180915_062218 / lib_ip.py:2273] inspecting ===> img.20180915_062215.2018-09-14_18-24-39_000.jpg.4.png
img.20180915_062215.2018-09-14_18-24-39_000.jpg.1.png => other
img.20180915_062215.2018-09-14_18-24-39_000.jpg.2.png => other
img.20180915_062215.2018-09-14_18-24-39_000.jpg.3.png => other
img.20180915_062215.2018-09-14_18-24-39_000.jpg.4.png => other
[20180915_062220 lib_ip.py:3300] =============== Get 4 corners
dpath_Images = C:\WORKS_2\WS\WS_Others.Art\JVEMV6\46_art\VIRTUAL\Admin_Projects\ip\images
fname_Image = img.20180915_062215.2018-09-14_18-24-39_000.jpg.4.png

[20180915_062220 / lib_ip.py:2273] inspecting ===> img.20180915_062220.2018-09-14_20-34-20_000.jpg.1.png
[20180915_062221 / lib_ip.py:4330] 
img.20180915_062220.2018-09-14_20-34-20_000.jpg.1.png 0
[20180915_062221 / lib_ip.py:3794] file = img.20180915_062220.2018-09-14_20-34-20_000.jpg.1.png / val_Average = 62.3760	val_Variance = 1035.3290	sd = 32.1765	max = 135	min = 0
[20180915_062221 / lib_ip.py:3877] len(Hs) = 8100, len(Ss) = 8100, len(Vs) = 8100
[20180915_062221 / lib_ip.py:3910] yellow : variance --> out of range (variance = 1035.329 / upper = 0.650 / lower = 0.000)
[20180915_062221 / lib_ip.py:3794] file = img.20180915_062220.2018-09-14_20-34-20_000.jpg.1.png / val_Average = 62.3760	val_Variance = 1035.3290	sd = 32.1765	max = 135	min = 0
[20180915_062221 / lib_ip.py:3977] len(Hs) = 8100, len(Ss) = 8100, len(Vs) = 8100
[20180915_062221 / lib_ip.py:4023] red : variance --> out of range (variance = 1035.329 / upper = 0.430 / lower = 0.000)
[20180915_062221 / lib_ip.py:3794] file = img.20180915_062220.2018-09-14_20-34-20_000.jpg.1.png / val_Average = 62.3760	val_Variance = 1035.3290	sd = 32.1765	max = 135	min = 0
[20180915_062221 / lib_ip.py:4090] len(Hs) = 8100, len(Ss) = 8100, len(Vs) = 8100
[20180915_062222 / lib_ip.py:4137] green : variance --> out of range (variance = 1035.329 / upper = 0.750 / lower = 0.000)
[20180915_062222 / lib_ip.py:3794] file = img.20180915_062220.2018-09-14_20-34-20_000.jpg.1.png / val_Average = 62.3760	val_Variance = 1035.3290	sd = 32.1765	max = 135	min = 0
[20180915_062222 / lib_ip.py:4204] len(Hs) = 8100, len(Ss) = 8100, len(Vs) = 8100
[20180915_062222 / lib_ip.py:4248] black : variance --> out of range (variance = 1035.329 / upper = 0.000 / lower = 0.000)
[20180915_062222 / lib_ip.py:4398] file : img.20180915_062220.2018-09-14_20-34-20_000.jpg.1.png 0 (black : variance --> out of range (variance = 1035.329 / upper = 0.000 / lower = 0.000))
[20180915_062222 / lib_ip.py:2273] inspecting ===> img.20180915_062220.2018-09-14_20-34-20_000.jpg.2.png
[20180915_062222 / lib_ip.py:4330] 
img.20180915_062220.2018-09-14_20-34-20_000.jpg.2.png 1
[20180915_062222 / lib_ip.py:3794] file = img.20180915_062220.2018-09-14_20-34-20_000.jpg.2.png / val_Average = 90.6751	val_Variance = 0.2248	sd = 0.4741	max = 92	min = 90
[20180915_062222 / lib_ip.py:3877] len(Hs) = 8100, len(Ss) = 8100, len(Vs) = 8100
[20180915_062222 / lib_ip.py:2273] inspecting ===> img.20180915_062220.2018-09-14_20-34-20_000.jpg.3.png
[20180915_062223 / lib_ip.py:4330] 
img.20180915_062220.2018-09-14_20-34-20_000.jpg.3.png 2
[20180915_062223 / lib_ip.py:3794] file = img.20180915_062220.2018-09-14_20-34-20_000.jpg.3.png / val_Average = 44.8289	val_Variance = 1369.6278	sd = 37.0085	max = 135	min = 0
[20180915_062223 / lib_ip.py:3877] len(Hs) = 8100, len(Ss) = 8100, len(Vs) = 8100
[20180915_062223 / lib_ip.py:3910] yellow : variance --> out of range (variance = 1369.628 / upper = 0.650 / lower = 0.000)
[20180915_062223 / lib_ip.py:3794] file = img.20180915_062220.2018-09-14_20-34-20_000.jpg.3.png / val_Average = 44.8289	val_Variance = 1369.6278	sd = 37.0085	max = 135	min = 0
[20180915_062223 / lib_ip.py:3977] len(Hs) = 8100, len(Ss) = 8100, len(Vs) = 8100
[20180915_062223 / lib_ip.py:4023] red : variance --> out of range (variance = 1369.628 / upper = 0.430 / lower = 0.000)
[20180915_062223 / lib_ip.py:3794] file = img.20180915_062220.2018-09-14_20-34-20_000.jpg.3.png / val_Average = 44.8289	val_Variance = 1369.6278	sd = 37.0085	max = 135	min = 0
[20180915_062223 / lib_ip.py:4090] len(Hs) = 8100, len(Ss) = 8100, len(Vs) = 8100
[20180915_062223 / lib_ip.py:4137] green : variance --> out of range (variance = 1369.628 / upper = 0.750 / lower = 0.000)
[20180915_062223 / lib_ip.py:3794] file = img.20180915_062220.2018-09-14_20-34-20_000.jpg.3.png / val_Average = 44.8289	val_Variance = 1369.6278	sd = 37.0085	max = 135	min = 0
[20180915_062223 / lib_ip.py:4204] len(Hs) = 8100, len(Ss) = 8100, len(Vs) = 8100
[20180915_062223 / lib_ip.py:4248] black : variance --> out of range (variance = 1369.628 / upper = 0.000 / lower = 0.000)
[20180915_062223 / lib_ip.py:4398] file : img.20180915_062220.2018-09-14_20-34-20_000.jpg.3.png 2 (black : variance --> out of range (variance = 1369.628 / upper = 0.000 / lower = 0.000))
[20180915_062223 / lib_ip.py:2273] inspecting ===> img.20180915_062220.2018-09-14_20-34-20_000.jpg.4.png
[20180915_062224 / lib_ip.py:4330] 
img.20180915_062220.2018-09-14_20-34-20_000.jpg.4.png 3
[20180915_062224 / lib_ip.py:3794] file = img.20180915_062220.2018-09-14_20-34-20_000.jpg.4.png / val_Average = 83.8170	val_Variance = 1649.2004	sd = 40.6103	max = 168	min = 0
[20180915_062224 / lib_ip.py:3877] len(Hs) = 8100, len(Ss) = 8100, len(Vs) = 8100
[20180915_062224 / lib_ip.py:3910] yellow : variance --> out of range (variance = 1649.200 / upper = 0.650 / lower = 0.000)
[20180915_062224 / lib_ip.py:3794] file = img.20180915_062220.2018-09-14_20-34-20_000.jpg.4.png / val_Average = 83.8170	val_Variance = 1649.2004	sd = 40.6103	max = 168	min = 0
[20180915_062224 / lib_ip.py:3977] len(Hs) = 8100, len(Ss) = 8100, len(Vs) = 8100
[20180915_062224 / lib_ip.py:4023] red : variance --> out of range (variance = 1649.200 / upper = 0.430 / lower = 0.000)
[20180915_062225 / lib_ip.py:3794] file = img.20180915_062220.2018-09-14_20-34-20_000.jpg.4.png / val_Average = 83.8170	val_Variance = 1649.2004	sd = 40.6103	max = 168	min = 0
[20180915_062225 / lib_ip.py:4090] len(Hs) = 8100, len(Ss) = 8100, len(Vs) = 8100
[20180915_062225 / lib_ip.py:4137] green : variance --> out of range (variance = 1649.200 / upper = 0.750 / lower = 0.000)
[20180915_062225 / lib_ip.py:3794] file = img.20180915_062220.2018-09-14_20-34-20_000.jpg.4.png / val_Average = 83.8170	val_Variance = 1649.2004	sd = 40.6103	max = 168	min = 0
[20180915_062225 / lib_ip.py:4204] len(Hs) = 8100, len(Ss) = 8100, len(Vs) = 8100
[20180915_062225 / lib_ip.py:4248] black : variance --> out of range (variance = 1649.200 / upper = 0.000 / lower = 0.000)
[20180915_062225 / lib_ip.py:4398] file : img.20180915_062220.2018-09-14_20-34-20_000.jpg.4.png 3 (black : variance --> out of range (variance = 1649.200 / upper = 0.000 / lower = 0.000))
[20180915_062223 / lib_ip.py:2273] inspecting ===> img.20180915_062220.2018-09-14_20-34-20_000.jpg.4.png
img.20180915_062220.2018-09-14_20-34-20_000.jpg.1.png => other
img.20180915_062220.2018-09-14_20-34-20_000.jpg.2.png => other
img.20180915_062220.2018-09-14_20-34-20_000.jpg.3.png => other
img.20180915_062220.2018-09-14_20-34-20_000.jpg.4.png => other
[20180915_062225 lib_ip.py:3300] =============== Get 4 corners
dpath_Images = C:\WORKS_2\WS\WS_Others.Art\JVEMV6\46_art\VIRTUAL\Admin_Projects\ip\images
fname_Image = img.20180915_062220.2018-09-14_20-34-20_000.jpg.4.png

[20180915_062225 / lib_ip.py:2273] inspecting ===> img.20180915_062225.2018-09-14_22-31-39_000.jpg.1.png
[20180915_062226 / lib_ip.py:4330] 
img.20180915_062225.2018-09-14_22-31-39_000.jpg.1.png 0
[20180915_062226 / lib_ip.py:3794] file = img.20180915_062225.2018-09-14_22-31-39_000.jpg.1.png / val_Average = 29.6479	val_Variance = 217.8913	sd = 14.7611	max = 90	min = 0
[20180915_062226 / lib_ip.py:3877] len(Hs) = 8100, len(Ss) = 8100, len(Vs) = 8100
[20180915_062226 / lib_ip.py:3910] yellow : variance --> out of range (variance = 217.891 / upper = 0.650 / lower = 0.000)
[20180915_062226 / lib_ip.py:3794] file = img.20180915_062225.2018-09-14_22-31-39_000.jpg.1.png / val_Average = 29.6479	val_Variance = 217.8913	sd = 14.7611	max = 90	min = 0
[20180915_062226 / lib_ip.py:3977] len(Hs) = 8100, len(Ss) = 8100, len(Vs) = 8100
[20180915_062227 / lib_ip.py:4023] red : variance --> out of range (variance = 217.891 / upper = 0.430 / lower = 0.000)
[20180915_062227 / lib_ip.py:3794] file = img.20180915_062225.2018-09-14_22-31-39_000.jpg.1.png / val_Average = 29.6479	val_Variance = 217.8913	sd = 14.7611	max = 90	min = 0
[20180915_062227 / lib_ip.py:4090] len(Hs) = 8100, len(Ss) = 8100, len(Vs) = 8100
[20180915_062227 / lib_ip.py:4137] green : variance --> out of range (variance = 217.891 / upper = 0.750 / lower = 0.000)
[20180915_062227 / lib_ip.py:3794] file = img.20180915_062225.2018-09-14_22-31-39_000.jpg.1.png / val_Average = 29.6479	val_Variance = 217.8913	sd = 14.7611	max = 90	min = 0
[20180915_062227 / lib_ip.py:4204] len(Hs) = 8100, len(Ss) = 8100, len(Vs) = 8100
[20180915_062227 / lib_ip.py:4248] black : variance --> out of range (variance = 217.891 / upper = 0.000 / lower = 0.000)
[20180915_062227 / lib_ip.py:4398] file : img.20180915_062225.2018-09-14_22-31-39_000.jpg.1.png 0 (black : variance --> out of range (variance = 217.891 / upper = 0.000 / lower = 0.000))
[20180915_062227 / lib_ip.py:2273] inspecting ===> img.20180915_062225.2018-09-14_22-31-39_000.jpg.2.png
[20180915_062227 / lib_ip.py:4330] 
img.20180915_062225.2018-09-14_22-31-39_000.jpg.2.png 1
[20180915_062227 / lib_ip.py:3794] file = img.20180915_062225.2018-09-14_22-31-39_000.jpg.2.png / val_Average = 93.1546	val_Variance = 59.4539	sd = 7.7106	max = 135	min = 0
[20180915_062227 / lib_ip.py:3877] len(Hs) = 8100, len(Ss) = 8100, len(Vs) = 8100
[20180915_062227 / lib_ip.py:3910] yellow : variance --> out of range (variance = 59.454 / upper = 0.650 / lower = 0.000)
[20180915_062227 / lib_ip.py:3794] file = img.20180915_062225.2018-09-14_22-31-39_000.jpg.2.png / val_Average = 93.1546	val_Variance = 59.4539	sd = 7.7106	max = 135	min = 0
[20180915_062227 / lib_ip.py:3977] len(Hs) = 8100, len(Ss) = 8100, len(Vs) = 8100
[20180915_062228 / lib_ip.py:4023] red : variance --> out of range (variance = 59.454 / upper = 0.430 / lower = 0.000)
[20180915_062228 / lib_ip.py:3794] file = img.20180915_062225.2018-09-14_22-31-39_000.jpg.2.png / val_Average = 93.1546	val_Variance = 59.4539	sd = 7.7106	max = 135	min = 0
[20180915_062228 / lib_ip.py:4090] len(Hs) = 8100, len(Ss) = 8100, len(Vs) = 8100
[20180915_062228 / lib_ip.py:4137] green : variance --> out of range (variance = 59.454 / upper = 0.750 / lower = 0.000)
[20180915_062228 / lib_ip.py:3794] file = img.20180915_062225.2018-09-14_22-31-39_000.jpg.2.png / val_Average = 93.1546	val_Variance = 59.4539	sd = 7.7106	max = 135	min = 0
[20180915_062228 / lib_ip.py:4204] len(Hs) = 8100, len(Ss) = 8100, len(Vs) = 8100
[20180915_062228 / lib_ip.py:4248] black : variance --> out of range (variance = 59.454 / upper = 0.000 / lower = 0.000)
[20180915_062228 / lib_ip.py:4398] file : img.20180915_062225.2018-09-14_22-31-39_000.jpg.2.png 1 (black : variance --> out of range (variance = 59.454 / upper = 0.000 / lower = 0.000))
[20180915_062228 / lib_ip.py:2273] inspecting ===> img.20180915_062225.2018-09-14_22-31-39_000.jpg.3.png
[20180915_062228 / lib_ip.py:4330] 
img.20180915_062225.2018-09-14_22-31-39_000.jpg.3.png 2
[20180915_062228 / lib_ip.py:3794] file = img.20180915_062225.2018-09-14_22-31-39_000.jpg.3.png / val_Average = 101.2075	val_Variance = 1.9958	sd = 1.4127	max = 105	min = 96
[20180915_062228 / lib_ip.py:3877] len(Hs) = 8100, len(Ss) = 8100, len(Vs) = 8100
[20180915_062228 / lib_ip.py:3910] yellow : variance --> out of range (variance = 1.996 / upper = 0.650 / lower = 0.000)
[20180915_062229 / lib_ip.py:3794] file = img.20180915_062225.2018-09-14_22-31-39_000.jpg.3.png / val_Average = 101.2075	val_Variance = 1.9958	sd = 1.4127	max = 105	min = 96
[20180915_062229 / lib_ip.py:3977] len(Hs) = 8100, len(Ss) = 8100, len(Vs) = 8100
[20180915_062229 / lib_ip.py:4023] red : variance --> out of range (variance = 1.996 / upper = 0.430 / lower = 0.000)
[20180915_062229 / lib_ip.py:3794] file = img.20180915_062225.2018-09-14_22-31-39_000.jpg.3.png / val_Average = 101.2075	val_Variance = 1.9958	sd = 1.4127	max = 105	min = 96
[20180915_062229 / lib_ip.py:4090] len(Hs) = 8100, len(Ss) = 8100, len(Vs) = 8100
[20180915_062229 / lib_ip.py:4137] green : variance --> out of range (variance = 1.996 / upper = 0.750 / lower = 0.000)
[20180915_062229 / lib_ip.py:3794] file = img.20180915_062225.2018-09-14_22-31-39_000.jpg.3.png / val_Average = 101.2075	val_Variance = 1.9958	sd = 1.4127	max = 105	min = 96
[20180915_062229 / lib_ip.py:4204] len(Hs) = 8100, len(Ss) = 8100, len(Vs) = 8100
[20180915_062229 / lib_ip.py:4248] black : variance --> out of range (variance = 1.996 / upper = 0.000 / lower = 0.000)
[20180915_062229 / lib_ip.py:4398] file : img.20180915_062225.2018-09-14_22-31-39_000.jpg.3.png 2 (black : variance --> out of range (variance = 1.996 / upper = 0.000 / lower = 0.000))
[20180915_062229 / lib_ip.py:2273] inspecting ===> img.20180915_062225.2018-09-14_22-31-39_000.jpg.4.png
[20180915_062229 / lib_ip.py:4330] 
img.20180915_062225.2018-09-14_22-31-39_000.jpg.4.png 3
[20180915_062229 / lib_ip.py:3794] file = img.20180915_062225.2018-09-14_22-31-39_000.jpg.4.png / val_Average = 13.2062	val_Variance = 14.0696	sd = 3.7509	max = 25	min = 0
[20180915_062229 / lib_ip.py:3877] len(Hs) = 8100, len(Ss) = 8100, len(Vs) = 8100
[20180915_062229 / lib_ip.py:3910] yellow : variance --> out of range (variance = 14.070 / upper = 0.650 / lower = 0.000)
[20180915_062229 / lib_ip.py:3794] file = img.20180915_062225.2018-09-14_22-31-39_000.jpg.4.png / val_Average = 13.2062	val_Variance = 14.0696	sd = 3.7509	max = 25	min = 0
[20180915_062229 / lib_ip.py:3977] len(Hs) = 8100, len(Ss) = 8100, len(Vs) = 8100
[20180915_062229 / lib_ip.py:4023] red : variance --> out of range (variance = 14.070 / upper = 0.430 / lower = 0.000)
[20180915_062230 / lib_ip.py:3794] file = img.20180915_062225.2018-09-14_22-31-39_000.jpg.4.png / val_Average = 13.2062	val_Variance = 14.0696	sd = 3.7509	max = 25	min = 0
[20180915_062230 / lib_ip.py:4090] len(Hs) = 8100, len(Ss) = 8100, len(Vs) = 8100
[20180915_062230 / lib_ip.py:4137] green : variance --> out of range (variance = 14.070 / upper = 0.750 / lower = 0.000)
[20180915_062230 / lib_ip.py:3794] file = img.20180915_062225.2018-09-14_22-31-39_000.jpg.4.png / val_Average = 13.2062	val_Variance = 14.0696	sd = 3.7509	max = 25	min = 0
[20180915_062230 / lib_ip.py:4204] len(Hs) = 8100, len(Ss) = 8100, len(Vs) = 8100
[20180915_062230 / lib_ip.py:4248] black : variance --> out of range (variance = 14.070 / upper = 0.000 / lower = 0.000)
[20180915_062230 / lib_ip.py:4398] file : img.20180915_062225.2018-09-14_22-31-39_000.jpg.4.png 3 (black : variance --> out of range (variance = 14.070 / upper = 0.000 / lower = 0.000))
[20180915_062229 / lib_ip.py:2273] inspecting ===> img.20180915_062225.2018-09-14_22-31-39_000.jpg.4.png
img.20180915_062225.2018-09-14_22-31-39_000.jpg.1.png => other
img.20180915_062225.2018-09-14_22-31-39_000.jpg.2.png => other
img.20180915_062225.2018-09-14_22-31-39_000.jpg.3.png => other
img.20180915_062225.2018-09-14_22-31-39_000.jpg.4.png => other
[20180915_062230 lib_ip.py:3300] =============== Get 4 corners
dpath_Images = C:\WORKS_2\WS\WS_Others.Art\JVEMV6\46_art\VIRTUAL\Admin_Projects\ip\images
fname_Image = img.20180915_062225.2018-09-14_22-31-39_000.jpg.4.png

[20180915_062230 / lib_ip.py:2273] inspecting ===> img.20180915_062230.2018-09-14_22-31-49_000.jpg.1.png
[20180915_062231 / lib_ip.py:4330] 
img.20180915_062230.2018-09-14_22-31-49_000.jpg.1.png 0
[20180915_062231 / lib_ip.py:3794] file = img.20180915_062230.2018-09-14_22-31-49_000.jpg.1.png / val_Average = 40.9516	val_Variance = 18.2614	sd = 4.2733	max = 50	min = 19
[20180915_062231 / lib_ip.py:3877] len(Hs) = 8100, len(Ss) = 8100, len(Vs) = 8100
[20180915_062231 / lib_ip.py:3910] yellow : variance --> out of range (variance = 18.261 / upper = 0.650 / lower = 0.000)
[20180915_062231 / lib_ip.py:3794] file = img.20180915_062230.2018-09-14_22-31-49_000.jpg.1.png / val_Average = 40.9516	val_Variance = 18.2614	sd = 4.2733	max = 50	min = 19
[20180915_062231 / lib_ip.py:3977] len(Hs) = 8100, len(Ss) = 8100, len(Vs) = 8100
[20180915_062231 / lib_ip.py:4023] red : variance --> out of range (variance = 18.261 / upper = 0.430 / lower = 0.000)
[20180915_062231 / lib_ip.py:3794] file = img.20180915_062230.2018-09-14_22-31-49_000.jpg.1.png / val_Average = 40.9516	val_Variance = 18.2614	sd = 4.2733	max = 50	min = 19
[20180915_062231 / lib_ip.py:4090] len(Hs) = 8100, len(Ss) = 8100, len(Vs) = 8100
[20180915_062231 / lib_ip.py:4137] green : variance --> out of range (variance = 18.261 / upper = 0.750 / lower = 0.000)
[20180915_062231 / lib_ip.py:3794] file = img.20180915_062230.2018-09-14_22-31-49_000.jpg.1.png / val_Average = 40.9516	val_Variance = 18.2614	sd = 4.2733	max = 50	min = 19
[20180915_062231 / lib_ip.py:4204] len(Hs) = 8100, len(Ss) = 8100, len(Vs) = 8100
[20180915_062231 / lib_ip.py:4248] black : variance --> out of range (variance = 18.261 / upper = 0.000 / lower = 0.000)
[20180915_062231 / lib_ip.py:4398] file : img.20180915_062230.2018-09-14_22-31-49_000.jpg.1.png 0 (black : variance --> out of range (variance = 18.261 / upper = 0.000 / lower = 0.000))
[20180915_062232 / lib_ip.py:2273] inspecting ===> img.20180915_062230.2018-09-14_22-31-49_000.jpg.2.png
[20180915_062232 / lib_ip.py:4330] 
img.20180915_062230.2018-09-14_22-31-49_000.jpg.2.png 1
[20180915_062232 / lib_ip.py:3794] file = img.20180915_062230.2018-09-14_22-31-49_000.jpg.2.png / val_Average = 107.1781	val_Variance = 4.1605	sd = 2.0397	max = 115	min = 101
[20180915_062232 / lib_ip.py:3877] len(Hs) = 8100, len(Ss) = 8100, len(Vs) = 8100
[20180915_062232 / lib_ip.py:3910] yellow : variance --> out of range (variance = 4.160 / upper = 0.650 / lower = 0.000)
[20180915_062232 / lib_ip.py:3794] file = img.20180915_062230.2018-09-14_22-31-49_000.jpg.2.png / val_Average = 107.1781	val_Variance = 4.1605	sd = 2.0397	max = 115	min = 101
[20180915_062232 / lib_ip.py:3977] len(Hs) = 8100, len(Ss) = 8100, len(Vs) = 8100
[20180915_062232 / lib_ip.py:4023] red : variance --> out of range (variance = 4.160 / upper = 0.430 / lower = 0.000)
[20180915_062232 / lib_ip.py:3794] file = img.20180915_062230.2018-09-14_22-31-49_000.jpg.2.png / val_Average = 107.1781	val_Variance = 4.1605	sd = 2.0397	max = 115	min = 101
[20180915_062232 / lib_ip.py:4090] len(Hs) = 8100, len(Ss) = 8100, len(Vs) = 8100
[20180915_062232 / lib_ip.py:4137] green : variance --> out of range (variance = 4.160 / upper = 0.750 / lower = 0.000)
[20180915_062232 / lib_ip.py:3794] file = img.20180915_062230.2018-09-14_22-31-49_000.jpg.2.png / val_Average = 107.1781	val_Variance = 4.1605	sd = 2.0397	max = 115	min = 101
[20180915_062232 / lib_ip.py:4204] len(Hs) = 8100, len(Ss) = 8100, len(Vs) = 8100
[20180915_062232 / lib_ip.py:4248] black : variance --> out of range (variance = 4.160 / upper = 0.000 / lower = 0.000)
[20180915_062232 / lib_ip.py:4398] file : img.20180915_062230.2018-09-14_22-31-49_000.jpg.2.png 1 (black : variance --> out of range (variance = 4.160 / upper = 0.000 / lower = 0.000))
[20180915_062232 / lib_ip.py:2273] inspecting ===> img.20180915_062230.2018-09-14_22-31-49_000.jpg.3.png
[20180915_062233 / lib_ip.py:4330] 
img.20180915_062230.2018-09-14_22-31-49_000.jpg.3.png 2
[20180915_062233 / lib_ip.py:3794] file = img.20180915_062230.2018-09-14_22-31-49_000.jpg.3.png / val_Average = 114.3969	val_Variance = 0.4796	sd = 0.6925	max = 117	min = 113
[20180915_062233 / lib_ip.py:3877] len(Hs) = 8100, len(Ss) = 8100, len(Vs) = 8100
[20180915_062233 / lib_ip.py:3932] yellow : average --> out of range (average = 114.397 / upper = 99.200 / lower = 88.000)
[20180915_062233 / lib_ip.py:3794] file = img.20180915_062230.2018-09-14_22-31-49_000.jpg.3.png / val_Average = 114.3969	val_Variance = 0.4796	sd = 0.6925	max = 117	min = 113
[20180915_062233 / lib_ip.py:3977] len(Hs) = 8100, len(Ss) = 8100, len(Vs) = 8100
[20180915_062233 / lib_ip.py:4023] red : variance --> out of range (variance = 0.480 / upper = 0.430 / lower = 0.000)
[20180915_062233 / lib_ip.py:3794] file = img.20180915_062230.2018-09-14_22-31-49_000.jpg.3.png / val_Average = 114.3969	val_Variance = 0.4796	sd = 0.6925	max = 117	min = 113
[20180915_062233 / lib_ip.py:4090] len(Hs) = 8100, len(Ss) = 8100, len(Vs) = 8100
[20180915_062233 / lib_ip.py:4162] green : average --> out of range (average = 114.397 / upper = 83.000 / lower = 58.000)
[20180915_062233 / lib_ip.py:3794] file = img.20180915_062230.2018-09-14_22-31-49_000.jpg.3.png / val_Average = 114.3969	val_Variance = 0.4796	sd = 0.6925	max = 117	min = 113
[20180915_062233 / lib_ip.py:4204] len(Hs) = 8100, len(Ss) = 8100, len(Vs) = 8100
[20180915_062234 / lib_ip.py:4248] black : variance --> out of range (variance = 0.480 / upper = 0.000 / lower = 0.000)
[20180915_062234 / lib_ip.py:4398] file : img.20180915_062230.2018-09-14_22-31-49_000.jpg.3.png 2 (black : variance --> out of range (variance = 0.480 / upper = 0.000 / lower = 0.000))
[20180915_062234 / lib_ip.py:2273] inspecting ===> img.20180915_062230.2018-09-14_22-31-49_000.jpg.4.png
[20180915_062234 / lib_ip.py:4330] 
img.20180915_062230.2018-09-14_22-31-49_000.jpg.4.png 3
[20180915_062234 / lib_ip.py:3794] file = img.20180915_062230.2018-09-14_22-31-49_000.jpg.4.png / val_Average = 108.7373	val_Variance = 0.4283	sd = 0.6544	max = 110	min = 107
[20180915_062234 / lib_ip.py:3877] len(Hs) = 8100, len(Ss) = 8100, len(Vs) = 8100
[20180915_062234 / lib_ip.py:3932] yellow : average --> out of range (average = 108.737 / upper = 99.200 / lower = 88.000)
[20180915_062234 / lib_ip.py:3794] file = img.20180915_062230.2018-09-14_22-31-49_000.jpg.4.png / val_Average = 108.7373	val_Variance = 0.4283	sd = 0.6544	max = 110	min = 107
[20180915_062234 / lib_ip.py:3977] len(Hs) = 8100, len(Ss) = 8100, len(Vs) = 8100
[20180915_062234 / lib_ip.py:4048] red : average --> out of range (average = 108.737 / upper = 124.000 / lower = 115.000)
[20180915_062234 / lib_ip.py:3794] file = img.20180915_062230.2018-09-14_22-31-49_000.jpg.4.png / val_Average = 108.7373	val_Variance = 0.4283	sd = 0.6544	max = 110	min = 107
[20180915_062234 / lib_ip.py:4090] len(Hs) = 8100, len(Ss) = 8100, len(Vs) = 8100
[20180915_062234 / lib_ip.py:4162] green : average --> out of range (average = 108.737 / upper = 83.000 / lower = 58.000)
[20180915_062235 / lib_ip.py:3794] file = img.20180915_062230.2018-09-14_22-31-49_000.jpg.4.png / val_Average = 108.7373	val_Variance = 0.4283	sd = 0.6544	max = 110	min = 107
[20180915_062235 / lib_ip.py:4204] len(Hs) = 8100, len(Ss) = 8100, len(Vs) = 8100
[20180915_062235 / lib_ip.py:4248] black : variance --> out of range (variance = 0.428 / upper = 0.000 / lower = 0.000)
[20180915_062235 / lib_ip.py:4398] file : img.20180915_062230.2018-09-14_22-31-49_000.jpg.4.png 3 (black : variance --> out of range (variance = 0.428 / upper = 0.000 / lower = 0.000))
[20180915_062234 / lib_ip.py:2273] inspecting ===> img.20180915_062230.2018-09-14_22-31-49_000.jpg.4.png
img.20180915_062230.2018-09-14_22-31-49_000.jpg.1.png => other
img.20180915_062230.2018-09-14_22-31-49_000.jpg.2.png => other
img.20180915_062230.2018-09-14_22-31-49_000.jpg.3.png => other
img.20180915_062230.2018-09-14_22-31-49_000.jpg.4.png => other
[20180915_062235 lib_ip.py:3300] =============== Get 4 corners
dpath_Images = C:\WORKS_2\WS\WS_Others.Art\JVEMV6\46_art\VIRTUAL\Admin_Projects\ip\images
fname_Image = img.20180915_062230.2018-09-14_22-31-49_000.jpg.4.png

[20180915_062236 / lib_ip.py:2273] inspecting ===> img.20180915_062235.2018-09-14_22-32-27_000.jpg.1.png
[20180915_062236 / lib_ip.py:4330] 
img.20180915_062235.2018-09-14_22-32-27_000.jpg.1.png 0
[20180915_062236 / lib_ip.py:3794] file = img.20180915_062235.2018-09-14_22-32-27_000.jpg.1.png / val_Average = 8.7628	val_Variance = 103.1792	sd = 10.1577	max = 178	min = 1
[20180915_062236 / lib_ip.py:3877] len(Hs) = 8100, len(Ss) = 8100, len(Vs) = 8100
[20180915_062236 / lib_ip.py:3910] yellow : variance --> out of range (variance = 103.179 / upper = 0.650 / lower = 0.000)
[20180915_062236 / lib_ip.py:3794] file = img.20180915_062235.2018-09-14_22-32-27_000.jpg.1.png / val_Average = 8.7628	val_Variance = 103.1792	sd = 10.1577	max = 178	min = 1
[20180915_062236 / lib_ip.py:3977] len(Hs) = 8100, len(Ss) = 8100, len(Vs) = 8100
[20180915_062236 / lib_ip.py:4023] red : variance --> out of range (variance = 103.179 / upper = 0.430 / lower = 0.000)
[20180915_062237 / lib_ip.py:3794] file = img.20180915_062235.2018-09-14_22-32-27_000.jpg.1.png / val_Average = 8.7628	val_Variance = 103.1792	sd = 10.1577	max = 178	min = 1
[20180915_062237 / lib_ip.py:4090] len(Hs) = 8100, len(Ss) = 8100, len(Vs) = 8100
[20180915_062237 / lib_ip.py:4137] green : variance --> out of range (variance = 103.179 / upper = 0.750 / lower = 0.000)
[20180915_062237 / lib_ip.py:3794] file = img.20180915_062235.2018-09-14_22-32-27_000.jpg.1.png / val_Average = 8.7628	val_Variance = 103.1792	sd = 10.1577	max = 178	min = 1
[20180915_062237 / lib_ip.py:4204] len(Hs) = 8100, len(Ss) = 8100, len(Vs) = 8100
[20180915_062237 / lib_ip.py:4248] black : variance --> out of range (variance = 103.179 / upper = 0.000 / lower = 0.000)
[20180915_062237 / lib_ip.py:4398] file : img.20180915_062235.2018-09-14_22-32-27_000.jpg.1.png 0 (black : variance --> out of range (variance = 103.179 / upper = 0.000 / lower = 0.000))
[20180915_062237 / lib_ip.py:2273] inspecting ===> img.20180915_062235.2018-09-14_22-32-27_000.jpg.2.png
[20180915_062238 / lib_ip.py:4330] 
img.20180915_062235.2018-09-14_22-32-27_000.jpg.2.png 1
[20180915_062238 / lib_ip.py:3794] file = img.20180915_062235.2018-09-14_22-32-27_000.jpg.2.png / val_Average = 109.8179	val_Variance = 5.3660	sd = 2.3165	max = 119	min = 103
[20180915_062238 / lib_ip.py:3877] len(Hs) = 8100, len(Ss) = 8100, len(Vs) = 8100
[20180915_062238 / lib_ip.py:3910] yellow : variance --> out of range (variance = 5.366 / upper = 0.650 / lower = 0.000)
[20180915_062238 / lib_ip.py:3794] file = img.20180915_062235.2018-09-14_22-32-27_000.jpg.2.png / val_Average = 109.8179	val_Variance = 5.3660	sd = 2.3165	max = 119	min = 103
[20180915_062238 / lib_ip.py:3977] len(Hs) = 8100, len(Ss) = 8100, len(Vs) = 8100
[20180915_062238 / lib_ip.py:4023] red : variance --> out of range (variance = 5.366 / upper = 0.430 / lower = 0.000)
[20180915_062238 / lib_ip.py:3794] file = img.20180915_062235.2018-09-14_22-32-27_000.jpg.2.png / val_Average = 109.8179	val_Variance = 5.3660	sd = 2.3165	max = 119	min = 103
[20180915_062238 / lib_ip.py:4090] len(Hs) = 8100, len(Ss) = 8100, len(Vs) = 8100
[20180915_062238 / lib_ip.py:4137] green : variance --> out of range (variance = 5.366 / upper = 0.750 / lower = 0.000)
[20180915_062238 / lib_ip.py:3794] file = img.20180915_062235.2018-09-14_22-32-27_000.jpg.2.png / val_Average = 109.8179	val_Variance = 5.3660	sd = 2.3165	max = 119	min = 103
[20180915_062238 / lib_ip.py:4204] len(Hs) = 8100, len(Ss) = 8100, len(Vs) = 8100
[20180915_062239 / lib_ip.py:4248] black : variance --> out of range (variance = 5.366 / upper = 0.000 / lower = 0.000)
[20180915_062239 / lib_ip.py:4398] file : img.20180915_062235.2018-09-14_22-32-27_000.jpg.2.png 1 (black : variance --> out of range (variance = 5.366 / upper = 0.000 / lower = 0.000))
[20180915_062239 / lib_ip.py:2273] inspecting ===> img.20180915_062235.2018-09-14_22-32-27_000.jpg.3.png
[20180915_062239 / lib_ip.py:4330] 
img.20180915_062235.2018-09-14_22-32-27_000.jpg.3.png 2
[20180915_062239 / lib_ip.py:3794] file = img.20180915_062235.2018-09-14_22-32-27_000.jpg.3.png / val_Average = 102.7117	val_Variance = 32.5109	sd = 5.7018	max = 135	min = 0
[20180915_062239 / lib_ip.py:3877] len(Hs) = 8100, len(Ss) = 8100, len(Vs) = 8100
[20180915_062239 / lib_ip.py:3910] yellow : variance --> out of range (variance = 32.511 / upper = 0.650 / lower = 0.000)
[20180915_062239 / lib_ip.py:3794] file = img.20180915_062235.2018-09-14_22-32-27_000.jpg.3.png / val_Average = 102.7117	val_Variance = 32.5109	sd = 5.7018	max = 135	min = 0
[20180915_062239 / lib_ip.py:3977] len(Hs) = 8100, len(Ss) = 8100, len(Vs) = 8100
[20180915_062239 / lib_ip.py:4023] red : variance --> out of range (variance = 32.511 / upper = 0.430 / lower = 0.000)
[20180915_062239 / lib_ip.py:3794] file = img.20180915_062235.2018-09-14_22-32-27_000.jpg.3.png / val_Average = 102.7117	val_Variance = 32.5109	sd = 5.7018	max = 135	min = 0
[20180915_062239 / lib_ip.py:4090] len(Hs) = 8100, len(Ss) = 8100, len(Vs) = 8100
[20180915_062239 / lib_ip.py:4137] green : variance --> out of range (variance = 32.511 / upper = 0.750 / lower = 0.000)
[20180915_062239 / lib_ip.py:3794] file = img.20180915_062235.2018-09-14_22-32-27_000.jpg.3.png / val_Average = 102.7117	val_Variance = 32.5109	sd = 5.7018	max = 135	min = 0
[20180915_062239 / lib_ip.py:4204] len(Hs) = 8100, len(Ss) = 8100, len(Vs) = 8100
[20180915_062239 / lib_ip.py:4248] black : variance --> out of range (variance = 32.511 / upper = 0.000 / lower = 0.000)
[20180915_062239 / lib_ip.py:4398] file : img.20180915_062235.2018-09-14_22-32-27_000.jpg.3.png 2 (black : variance --> out of range (variance = 32.511 / upper = 0.000 / lower = 0.000))
[20180915_062239 / lib_ip.py:2273] inspecting ===> img.20180915_062235.2018-09-14_22-32-27_000.jpg.4.png
[20180915_062240 / lib_ip.py:4330] 
img.20180915_062235.2018-09-14_22-32-27_000.jpg.4.png 3
[20180915_062240 / lib_ip.py:3794] file = img.20180915_062235.2018-09-14_22-32-27_000.jpg.4.png / val_Average = 110.2306	val_Variance = 0.3436	sd = 0.5862	max = 112	min = 109
[20180915_062240 / lib_ip.py:3877] len(Hs) = 8100, len(Ss) = 8100, len(Vs) = 8100
[20180915_062240 / lib_ip.py:3932] yellow : average --> out of range (average = 110.231 / upper = 99.200 / lower = 88.000)
[20180915_062240 / lib_ip.py:3794] file = img.20180915_062235.2018-09-14_22-32-27_000.jpg.4.png / val_Average = 110.2306	val_Variance = 0.3436	sd = 0.5862	max = 112	min = 109
[20180915_062240 / lib_ip.py:3977] len(Hs) = 8100, len(Ss) = 8100, len(Vs) = 8100
[20180915_062240 / lib_ip.py:4048] red : average --> out of range (average = 110.231 / upper = 124.000 / lower = 115.000)
[20180915_062240 / lib_ip.py:3794] file = img.20180915_062235.2018-09-14_22-32-27_000.jpg.4.png / val_Average = 110.2306	val_Variance = 0.3436	sd = 0.5862	max = 112	min = 109
[20180915_062240 / lib_ip.py:4090] len(Hs) = 8100, len(Ss) = 8100, len(Vs) = 8100
[20180915_062240 / lib_ip.py:4162] green : average --> out of range (average = 110.231 / upper = 83.000 / lower = 58.000)
[20180915_062240 / lib_ip.py:3794] file = img.20180915_062235.2018-09-14_22-32-27_000.jpg.4.png / val_Average = 110.2306	val_Variance = 0.3436	sd = 0.5862	max = 112	min = 109
[20180915_062240 / lib_ip.py:4204] len(Hs) = 8100, len(Ss) = 8100, len(Vs) = 8100
[20180915_062240 / lib_ip.py:4248] black : variance --> out of range (variance = 0.344 / upper = 0.000 / lower = 0.000)
[20180915_062240 / lib_ip.py:4398] file : img.20180915_062235.2018-09-14_22-32-27_000.jpg.4.png 3 (black : variance --> out of range (variance = 0.344 / upper = 0.000 / lower = 0.000))
[20180915_062239 / lib_ip.py:2273] inspecting ===> img.20180915_062235.2018-09-14_22-32-27_000.jpg.4.png
img.20180915_062235.2018-09-14_22-32-27_000.jpg.1.png => other
img.20180915_062235.2018-09-14_22-32-27_000.jpg.2.png => other
img.20180915_062235.2018-09-14_22-32-27_000.jpg.3.png => other
img.20180915_062235.2018-09-14_22-32-27_000.jpg.4.png => other
[20180915_062240 lib_ip.py:3300] =============== Get 4 corners
dpath_Images = C:\WORKS_2\WS\WS_Others.Art\JVEMV6\46_art\VIRTUAL\Admin_Projects\ip\images
fname_Image = img.20180915_062235.2018-09-14_22-32-27_000.jpg.4.png

[20180915_062241 / lib_ip.py:2273] inspecting ===> img.20180915_062241.2018-09-14_22-33-09_000.jpg.1.png
[20180915_062241 / lib_ip.py:4330] 
img.20180915_062241.2018-09-14_22-33-09_000.jpg.1.png 0
[20180915_062241 / lib_ip.py:3794] file = img.20180915_062241.2018-09-14_22-33-09_000.jpg.1.png / val_Average = 87.0326	val_Variance = 133.6651	sd = 11.5614	max = 135	min = 0
[20180915_062241 / lib_ip.py:3877] len(Hs) = 8100, len(Ss) = 8100, len(Vs) = 8100
[20180915_062241 / lib_ip.py:3910] yellow : variance --> out of range (variance = 133.665 / upper = 0.650 / lower = 0.000)
[20180915_062241 / lib_ip.py:3794] file = img.20180915_062241.2018-09-14_22-33-09_000.jpg.1.png / val_Average = 87.0326	val_Variance = 133.6651	sd = 11.5614	max = 135	min = 0
[20180915_062241 / lib_ip.py:3977] len(Hs) = 8100, len(Ss) = 8100, len(Vs) = 8100
[20180915_062242 / lib_ip.py:4023] red : variance --> out of range (variance = 133.665 / upper = 0.430 / lower = 0.000)
[20180915_062242 / lib_ip.py:3794] file = img.20180915_062241.2018-09-14_22-33-09_000.jpg.1.png / val_Average = 87.0326	val_Variance = 133.6651	sd = 11.5614	max = 135	min = 0
[20180915_062242 / lib_ip.py:4090] len(Hs) = 8100, len(Ss) = 8100, len(Vs) = 8100
[20180915_062242 / lib_ip.py:4137] green : variance --> out of range (variance = 133.665 / upper = 0.750 / lower = 0.000)
[20180915_062242 / lib_ip.py:3794] file = img.20180915_062241.2018-09-14_22-33-09_000.jpg.1.png / val_Average = 87.0326	val_Variance = 133.6651	sd = 11.5614	max = 135	min = 0
[20180915_062242 / lib_ip.py:4204] len(Hs) = 8100, len(Ss) = 8100, len(Vs) = 8100
[20180915_062242 / lib_ip.py:4248] black : variance --> out of range (variance = 133.665 / upper = 0.000 / lower = 0.000)
[20180915_062242 / lib_ip.py:4398] file : img.20180915_062241.2018-09-14_22-33-09_000.jpg.1.png 0 (black : variance --> out of range (variance = 133.665 / upper = 0.000 / lower = 0.000))
[20180915_062242 / lib_ip.py:2273] inspecting ===> img.20180915_062241.2018-09-14_22-33-09_000.jpg.2.png
[20180915_062242 / lib_ip.py:4330] 
img.20180915_062241.2018-09-14_22-33-09_000.jpg.2.png 1
[20180915_062242 / lib_ip.py:3794] file = img.20180915_062241.2018-09-14_22-33-09_000.jpg.2.png / val_Average = 80.7047	val_Variance = 50.7738	sd = 7.1256	max = 100	min = 38
[20180915_062242 / lib_ip.py:3877] len(Hs) = 8100, len(Ss) = 8100, len(Vs) = 8100
[20180915_062242 / lib_ip.py:3910] yellow : variance --> out of range (variance = 50.774 / upper = 0.650 / lower = 0.000)
[20180915_062243 / lib_ip.py:3794] file = img.20180915_062241.2018-09-14_22-33-09_000.jpg.2.png / val_Average = 80.7047	val_Variance = 50.7738	sd = 7.1256	max = 100	min = 38
[20180915_062243 / lib_ip.py:3977] len(Hs) = 8100, len(Ss) = 8100, len(Vs) = 8100
[20180915_062243 / lib_ip.py:4023] red : variance --> out of range (variance = 50.774 / upper = 0.430 / lower = 0.000)
[20180915_062243 / lib_ip.py:3794] file = img.20180915_062241.2018-09-14_22-33-09_000.jpg.2.png / val_Average = 80.7047	val_Variance = 50.7738	sd = 7.1256	max = 100	min = 38
[20180915_062243 / lib_ip.py:4090] len(Hs) = 8100, len(Ss) = 8100, len(Vs) = 8100
[20180915_062243 / lib_ip.py:4137] green : variance --> out of range (variance = 50.774 / upper = 0.750 / lower = 0.000)
[20180915_062243 / lib_ip.py:3794] file = img.20180915_062241.2018-09-14_22-33-09_000.jpg.2.png / val_Average = 80.7047	val_Variance = 50.7738	sd = 7.1256	max = 100	min = 38
[20180915_062243 / lib_ip.py:4204] len(Hs) = 8100, len(Ss) = 8100, len(Vs) = 8100
[20180915_062243 / lib_ip.py:4248] black : variance --> out of range (variance = 50.774 / upper = 0.000 / lower = 0.000)
[20180915_062243 / lib_ip.py:4398] file : img.20180915_062241.2018-09-14_22-33-09_000.jpg.2.png 1 (black : variance --> out of range (variance = 50.774 / upper = 0.000 / lower = 0.000))
[20180915_062243 / lib_ip.py:2273] inspecting ===> img.20180915_062241.2018-09-14_22-33-09_000.jpg.3.png
[20180915_062243 / lib_ip.py:4330] 
img.20180915_062241.2018-09-14_22-33-09_000.jpg.3.png 2
[20180915_062243 / lib_ip.py:3794] file = img.20180915_062241.2018-09-14_22-33-09_000.jpg.3.png / val_Average = 19.3259	val_Variance = 47.0148	sd = 6.8567	max = 90	min = 0
[20180915_062243 / lib_ip.py:3877] len(Hs) = 8100, len(Ss) = 8100, len(Vs) = 8100
[20180915_062243 / lib_ip.py:3910] yellow : variance --> out of range (variance = 47.015 / upper = 0.650 / lower = 0.000)
[20180915_062243 / lib_ip.py:3794] file = img.20180915_062241.2018-09-14_22-33-09_000.jpg.3.png / val_Average = 19.3259	val_Variance = 47.0148	sd = 6.8567	max = 90	min = 0
[20180915_062243 / lib_ip.py:3977] len(Hs) = 8100, len(Ss) = 8100, len(Vs) = 8100
[20180915_062243 / lib_ip.py:4023] red : variance --> out of range (variance = 47.015 / upper = 0.430 / lower = 0.000)
[20180915_062244 / lib_ip.py:3794] file = img.20180915_062241.2018-09-14_22-33-09_000.jpg.3.png / val_Average = 19.3259	val_Variance = 47.0148	sd = 6.8567	max = 90	min = 0
[20180915_062244 / lib_ip.py:4090] len(Hs) = 8100, len(Ss) = 8100, len(Vs) = 8100
[20180915_062244 / lib_ip.py:4137] green : variance --> out of range (variance = 47.015 / upper = 0.750 / lower = 0.000)
[20180915_062244 / lib_ip.py:3794] file = img.20180915_062241.2018-09-14_22-33-09_000.jpg.3.png / val_Average = 19.3259	val_Variance = 47.0148	sd = 6.8567	max = 90	min = 0
[20180915_062244 / lib_ip.py:4204] len(Hs) = 8100, len(Ss) = 8100, len(Vs) = 8100
[20180915_062244 / lib_ip.py:4248] black : variance --> out of range (variance = 47.015 / upper = 0.000 / lower = 0.000)
[20180915_062244 / lib_ip.py:4398] file : img.20180915_062241.2018-09-14_22-33-09_000.jpg.3.png 2 (black : variance --> out of range (variance = 47.015 / upper = 0.000 / lower = 0.000))
[20180915_062244 / lib_ip.py:2273] inspecting ===> img.20180915_062241.2018-09-14_22-33-09_000.jpg.4.png
[20180915_062244 / lib_ip.py:4330] 
img.20180915_062241.2018-09-14_22-33-09_000.jpg.4.png 3
[20180915_062244 / lib_ip.py:3794] file = img.20180915_062241.2018-09-14_22-33-09_000.jpg.4.png / val_Average = 73.0949	val_Variance = 313.0664	sd = 17.6937	max = 135	min = 0
[20180915_062244 / lib_ip.py:3877] len(Hs) = 8100, len(Ss) = 8100, len(Vs) = 8100
[20180915_062244 / lib_ip.py:3910] yellow : variance --> out of range (variance = 313.066 / upper = 0.650 / lower = 0.000)
[20180915_062244 / lib_ip.py:3794] file = img.20180915_062241.2018-09-14_22-33-09_000.jpg.4.png / val_Average = 73.0949	val_Variance = 313.0664	sd = 17.6937	max = 135	min = 0
[20180915_062245 / lib_ip.py:3977] len(Hs) = 8100, len(Ss) = 8100, len(Vs) = 8100
[20180915_062245 / lib_ip.py:4023] red : variance --> out of range (variance = 313.066 / upper = 0.430 / lower = 0.000)
[20180915_062245 / lib_ip.py:3794] file = img.20180915_062241.2018-09-14_22-33-09_000.jpg.4.png / val_Average = 73.0949	val_Variance = 313.0664	sd = 17.6937	max = 135	min = 0
[20180915_062245 / lib_ip.py:4090] len(Hs) = 8100, len(Ss) = 8100, len(Vs) = 8100
[20180915_062245 / lib_ip.py:4137] green : variance --> out of range (variance = 313.066 / upper = 0.750 / lower = 0.000)
[20180915_062245 / lib_ip.py:3794] file = img.20180915_062241.2018-09-14_22-33-09_000.jpg.4.png / val_Average = 73.0949	val_Variance = 313.0664	sd = 17.6937	max = 135	min = 0
[20180915_062245 / lib_ip.py:4204] len(Hs) = 8100, len(Ss) = 8100, len(Vs) = 8100
[20180915_062245 / lib_ip.py:4248] black : variance --> out of range (variance = 313.066 / upper = 0.000 / lower = 0.000)
[20180915_062245 / lib_ip.py:4398] file : img.20180915_062241.2018-09-14_22-33-09_000.jpg.4.png 3 (black : variance --> out of range (variance = 313.066 / upper = 0.000 / lower = 0.000))
[20180915_062244 / lib_ip.py:2273] inspecting ===> img.20180915_062241.2018-09-14_22-33-09_000.jpg.4.png
img.20180915_062241.2018-09-14_22-33-09_000.jpg.1.png => other
img.20180915_062241.2018-09-14_22-33-09_000.jpg.2.png => other
img.20180915_062241.2018-09-14_22-33-09_000.jpg.3.png => other
img.20180915_062241.2018-09-14_22-33-09_000.jpg.4.png => other
[20180915_062245 lib_ip.py:3300] =============== Get 4 corners
dpath_Images = C:\WORKS_2\WS\WS_Others.Art\JVEMV6\46_art\VIRTUAL\Admin_Projects\ip\images
fname_Image = img.20180915_062241.2018-09-14_22-33-09_000.jpg.4.png

[20180915_062245 / lib_ip.py:2273] inspecting ===> img.20180915_062245.2018-09-14_22-33-27_000.jpg.1.png
[20180915_062246 / lib_ip.py:4330] 
img.20180915_062245.2018-09-14_22-33-27_000.jpg.1.png 0
[20180915_062246 / lib_ip.py:3794] file = img.20180915_062245.2018-09-14_22-33-27_000.jpg.1.png / val_Average = 76.9694	val_Variance = 49.3596	sd = 7.0256	max = 96	min = 0
[20180915_062246 / lib_ip.py:3877] len(Hs) = 8100, len(Ss) = 8100, len(Vs) = 8100
[20180915_062246 / lib_ip.py:3910] yellow : variance --> out of range (variance = 49.360 / upper = 0.650 / lower = 0.000)
[20180915_062246 / lib_ip.py:3794] file = img.20180915_062245.2018-09-14_22-33-27_000.jpg.1.png / val_Average = 76.9694	val_Variance = 49.3596	sd = 7.0256	max = 96	min = 0
[20180915_062246 / lib_ip.py:3977] len(Hs) = 8100, len(Ss) = 8100, len(Vs) = 8100
[20180915_062246 / lib_ip.py:4023] red : variance --> out of range (variance = 49.360 / upper = 0.430 / lower = 0.000)
[20180915_062246 / lib_ip.py:3794] file = img.20180915_062245.2018-09-14_22-33-27_000.jpg.1.png / val_Average = 76.9694	val_Variance = 49.3596	sd = 7.0256	max = 96	min = 0
[20180915_062246 / lib_ip.py:4090] len(Hs) = 8100, len(Ss) = 8100, len(Vs) = 8100
[20180915_062246 / lib_ip.py:4137] green : variance --> out of range (variance = 49.360 / upper = 0.750 / lower = 0.000)
[20180915_062246 / lib_ip.py:3794] file = img.20180915_062245.2018-09-14_22-33-27_000.jpg.1.png / val_Average = 76.9694	val_Variance = 49.3596	sd = 7.0256	max = 96	min = 0
[20180915_062246 / lib_ip.py:4204] len(Hs) = 8100, len(Ss) = 8100, len(Vs) = 8100
[20180915_062246 / lib_ip.py:4248] black : variance --> out of range (variance = 49.360 / upper = 0.000 / lower = 0.000)
[20180915_062246 / lib_ip.py:4398] file : img.20180915_062245.2018-09-14_22-33-27_000.jpg.1.png 0 (black : variance --> out of range (variance = 49.360 / upper = 0.000 / lower = 0.000))
[20180915_062246 / lib_ip.py:2273] inspecting ===> img.20180915_062245.2018-09-14_22-33-27_000.jpg.2.png
[20180915_062247 / lib_ip.py:4330] 
img.20180915_062245.2018-09-14_22-33-27_000.jpg.2.png 1
[20180915_062247 / lib_ip.py:3794] file = img.20180915_062245.2018-09-14_22-33-27_000.jpg.2.png / val_Average = 58.6222	val_Variance = 1181.2817	sd = 34.3698	max = 135	min = 0
[20180915_062247 / lib_ip.py:3877] len(Hs) = 8100, len(Ss) = 8100, len(Vs) = 8100
[20180915_062247 / lib_ip.py:3910] yellow : variance --> out of range (variance = 1181.282 / upper = 0.650 / lower = 0.000)
[20180915_062247 / lib_ip.py:3794] file = img.20180915_062245.2018-09-14_22-33-27_000.jpg.2.png / val_Average = 58.6222	val_Variance = 1181.2817	sd = 34.3698	max = 135	min = 0
[20180915_062247 / lib_ip.py:3977] len(Hs) = 8100, len(Ss) = 8100, len(Vs) = 8100
[20180915_062247 / lib_ip.py:4023] red : variance --> out of range (variance = 1181.282 / upper = 0.430 / lower = 0.000)
[20180915_062247 / lib_ip.py:3794] file = img.20180915_062245.2018-09-14_22-33-27_000.jpg.2.png / val_Average = 58.6222	val_Variance = 1181.2817	sd = 34.3698	max = 135	min = 0
[20180915_062247 / lib_ip.py:4090] len(Hs) = 8100, len(Ss) = 8100, len(Vs) = 8100
[20180915_062247 / lib_ip.py:4137] green : variance --> out of range (variance = 1181.282 / upper = 0.750 / lower = 0.000)
[20180915_062247 / lib_ip.py:3794] file = img.20180915_062245.2018-09-14_22-33-27_000.jpg.2.png / val_Average = 58.6222	val_Variance = 1181.2817	sd = 34.3698	max = 135	min = 0
[20180915_062247 / lib_ip.py:4204] len(Hs) = 8100, len(Ss) = 8100, len(Vs) = 8100
[20180915_062247 / lib_ip.py:4248] black : variance --> out of range (variance = 1181.282 / upper = 0.000 / lower = 0.000)
[20180915_062247 / lib_ip.py:4398] file : img.20180915_062245.2018-09-14_22-33-27_000.jpg.2.png 1 (black : variance --> out of range (variance = 1181.282 / upper = 0.000 / lower = 0.000))
[20180915_062247 / lib_ip.py:2273] inspecting ===> img.20180915_062245.2018-09-14_22-33-27_000.jpg.3.png
[20180915_062248 / lib_ip.py:4330] 
img.20180915_062245.2018-09-14_22-33-27_000.jpg.3.png 2
[20180915_062248 / lib_ip.py:3794] file = img.20180915_062245.2018-09-14_22-33-27_000.jpg.3.png / val_Average = 93.8899	val_Variance = 29.9205	sd = 5.4700	max = 114	min = 77
[20180915_062248 / lib_ip.py:3877] len(Hs) = 8100, len(Ss) = 8100, len(Vs) = 8100
[20180915_062248 / lib_ip.py:3910] yellow : variance --> out of range (variance = 29.920 / upper = 0.650 / lower = 0.000)
[20180915_062248 / lib_ip.py:3794] file = img.20180915_062245.2018-09-14_22-33-27_000.jpg.3.png / val_Average = 93.8899	val_Variance = 29.9205	sd = 5.4700	max = 114	min = 77
[20180915_062248 / lib_ip.py:3977] len(Hs) = 8100, len(Ss) = 8100, len(Vs) = 8100
[20180915_062248 / lib_ip.py:4023] red : variance --> out of range (variance = 29.920 / upper = 0.430 / lower = 0.000)
[20180915_062248 / lib_ip.py:3794] file = img.20180915_062245.2018-09-14_22-33-27_000.jpg.3.png / val_Average = 93.8899	val_Variance = 29.9205	sd = 5.4700	max = 114	min = 77
[20180915_062248 / lib_ip.py:4090] len(Hs) = 8100, len(Ss) = 8100, len(Vs) = 8100
[20180915_062248 / lib_ip.py:4137] green : variance --> out of range (variance = 29.920 / upper = 0.750 / lower = 0.000)
[20180915_062248 / lib_ip.py:3794] file = img.20180915_062245.2018-09-14_22-33-27_000.jpg.3.png / val_Average = 93.8899	val_Variance = 29.9205	sd = 5.4700	max = 114	min = 77
[20180915_062248 / lib_ip.py:4204] len(Hs) = 8100, len(Ss) = 8100, len(Vs) = 8100
[20180915_062248 / lib_ip.py:4248] black : variance --> out of range (variance = 29.920 / upper = 0.000 / lower = 0.000)
[20180915_062248 / lib_ip.py:4398] file : img.20180915_062245.2018-09-14_22-33-27_000.jpg.3.png 2 (black : variance --> out of range (variance = 29.920 / upper = 0.000 / lower = 0.000))
[20180915_062248 / lib_ip.py:2273] inspecting ===> img.20180915_062245.2018-09-14_22-33-27_000.jpg.4.png
[20180915_062249 / lib_ip.py:4330] 
img.20180915_062245.2018-09-14_22-33-27_000.jpg.4.png 3
[20180915_062249 / lib_ip.py:3794] file = img.20180915_062245.2018-09-14_22-33-27_000.jpg.4.png / val_Average = 74.4179	val_Variance = 323.1996	sd = 17.9778	max = 100	min = 0
[20180915_062249 / lib_ip.py:3877] len(Hs) = 8100, len(Ss) = 8100, len(Vs) = 8100
[20180915_062249 / lib_ip.py:3910] yellow : variance --> out of range (variance = 323.200 / upper = 0.650 / lower = 0.000)
[20180915_062249 / lib_ip.py:3794] file = img.20180915_062245.2018-09-14_22-33-27_000.jpg.4.png / val_Average = 74.4179	val_Variance = 323.1996	sd = 17.9778	max = 100	min = 0
[20180915_062249 / lib_ip.py:3977] len(Hs) = 8100, len(Ss) = 8100, len(Vs) = 8100
[20180915_062249 / lib_ip.py:4023] red : variance --> out of range (variance = 323.200 / upper = 0.430 / lower = 0.000)
[20180915_062249 / lib_ip.py:3794] file = img.20180915_062245.2018-09-14_22-33-27_000.jpg.4.png / val_Average = 74.4179	val_Variance = 323.1996	sd = 17.9778	max = 100	min = 0
[20180915_062249 / lib_ip.py:4090] len(Hs) = 8100, len(Ss) = 8100, len(Vs) = 8100
[20180915_062249 / lib_ip.py:4137] green : variance --> out of range (variance = 323.200 / upper = 0.750 / lower = 0.000)
[20180915_062249 / lib_ip.py:3794] file = img.20180915_062245.2018-09-14_22-33-27_000.jpg.4.png / val_Average = 74.4179	val_Variance = 323.1996	sd = 17.9778	max = 100	min = 0
[20180915_062249 / lib_ip.py:4204] len(Hs) = 8100, len(Ss) = 8100, len(Vs) = 8100
[20180915_062249 / lib_ip.py:4248] black : variance --> out of range (variance = 323.200 / upper = 0.000 / lower = 0.000)
[20180915_062249 / lib_ip.py:4398] file : img.20180915_062245.2018-09-14_22-33-27_000.jpg.4.png 3 (black : variance --> out of range (variance = 323.200 / upper = 0.000 / lower = 0.000))
[20180915_062248 / lib_ip.py:2273] inspecting ===> img.20180915_062245.2018-09-14_22-33-27_000.jpg.4.png
img.20180915_062245.2018-09-14_22-33-27_000.jpg.1.png => other
img.20180915_062245.2018-09-14_22-33-27_000.jpg.2.png => other
img.20180915_062245.2018-09-14_22-33-27_000.jpg.3.png => other
img.20180915_062245.2018-09-14_22-33-27_000.jpg.4.png => other
[20180915_062249 lib_ip.py:3300] =============== Get 4 corners
dpath_Images = C:\WORKS_2\WS\WS_Others.Art\JVEMV6\46_art\VIRTUAL\Admin_Projects\ip\images
fname_Image = img.20180915_062245.2018-09-14_22-33-27_000.jpg.4.png

[20180915_062250 / lib_ip.py:2273] inspecting ===> img.20180915_062250.2018-09-15_06-08-14_000.jpg.1.png
[20180915_062250 / lib_ip.py:4330] 
img.20180915_062250.2018-09-15_06-08-14_000.jpg.1.png 0
[20180915_062250 / lib_ip.py:3794] file = img.20180915_062250.2018-09-15_06-08-14_000.jpg.1.png / val_Average = 108.2378	val_Variance = 9.6264	sd = 3.1026	max = 115	min = 99
[20180915_062250 / lib_ip.py:3877] len(Hs) = 8100, len(Ss) = 8100, len(Vs) = 8100
[20180915_062250 / lib_ip.py:3910] yellow : variance --> out of range (variance = 9.626 / upper = 0.650 / lower = 0.000)
[20180915_062251 / lib_ip.py:3794] file = img.20180915_062250.2018-09-15_06-08-14_000.jpg.1.png / val_Average = 108.2378	val_Variance = 9.6264	sd = 3.1026	max = 115	min = 99
[20180915_062251 / lib_ip.py:3977] len(Hs) = 8100, len(Ss) = 8100, len(Vs) = 8100
[20180915_062251 / lib_ip.py:4023] red : variance --> out of range (variance = 9.626 / upper = 0.430 / lower = 0.000)
[20180915_062251 / lib_ip.py:3794] file = img.20180915_062250.2018-09-15_06-08-14_000.jpg.1.png / val_Average = 108.2378	val_Variance = 9.6264	sd = 3.1026	max = 115	min = 99
[20180915_062251 / lib_ip.py:4090] len(Hs) = 8100, len(Ss) = 8100, len(Vs) = 8100
[20180915_062251 / lib_ip.py:4137] green : variance --> out of range (variance = 9.626 / upper = 0.750 / lower = 0.000)
[20180915_062251 / lib_ip.py:3794] file = img.20180915_062250.2018-09-15_06-08-14_000.jpg.1.png / val_Average = 108.2378	val_Variance = 9.6264	sd = 3.1026	max = 115	min = 99
[20180915_062251 / lib_ip.py:4204] len(Hs) = 8100, len(Ss) = 8100, len(Vs) = 8100
[20180915_062251 / lib_ip.py:4248] black : variance --> out of range (variance = 9.626 / upper = 0.000 / lower = 0.000)
[20180915_062251 / lib_ip.py:4398] file : img.20180915_062250.2018-09-15_06-08-14_000.jpg.1.png 0 (black : variance --> out of range (variance = 9.626 / upper = 0.000 / lower = 0.000))
[20180915_062251 / lib_ip.py:2273] inspecting ===> img.20180915_062250.2018-09-15_06-08-14_000.jpg.2.png
[20180915_062251 / lib_ip.py:4330] 
img.20180915_062250.2018-09-15_06-08-14_000.jpg.2.png 1
[20180915_062251 / lib_ip.py:3794] file = img.20180915_062250.2018-09-15_06-08-14_000.jpg.2.png / val_Average = 102.5036	val_Variance = 75.4846	sd = 8.6882	max = 160	min = 84
[20180915_062251 / lib_ip.py:3877] len(Hs) = 8100, len(Ss) = 8100, len(Vs) = 8100
[20180915_062252 / lib_ip.py:3910] yellow : variance --> out of range (variance = 75.485 / upper = 0.650 / lower = 0.000)
[20180915_062252 / lib_ip.py:3794] file = img.20180915_062250.2018-09-15_06-08-14_000.jpg.2.png / val_Average = 102.5036	val_Variance = 75.4846	sd = 8.6882	max = 160	min = 84
[20180915_062252 / lib_ip.py:3977] len(Hs) = 8100, len(Ss) = 8100, len(Vs) = 8100
[20180915_062252 / lib_ip.py:4023] red : variance --> out of range (variance = 75.485 / upper = 0.430 / lower = 0.000)
[20180915_062252 / lib_ip.py:3794] file = img.20180915_062250.2018-09-15_06-08-14_000.jpg.2.png / val_Average = 102.5036	val_Variance = 75.4846	sd = 8.6882	max = 160	min = 84
[20180915_062252 / lib_ip.py:4090] len(Hs) = 8100, len(Ss) = 8100, len(Vs) = 8100
[20180915_062252 / lib_ip.py:4137] green : variance --> out of range (variance = 75.485 / upper = 0.750 / lower = 0.000)
[20180915_062252 / lib_ip.py:3794] file = img.20180915_062250.2018-09-15_06-08-14_000.jpg.2.png / val_Average = 102.5036	val_Variance = 75.4846	sd = 8.6882	max = 160	min = 84
[20180915_062252 / lib_ip.py:4204] len(Hs) = 8100, len(Ss) = 8100, len(Vs) = 8100
[20180915_062252 / lib_ip.py:4248] black : variance --> out of range (variance = 75.485 / upper = 0.000 / lower = 0.000)
[20180915_062252 / lib_ip.py:4398] file : img.20180915_062250.2018-09-15_06-08-14_000.jpg.2.png 1 (black : variance --> out of range (variance = 75.485 / upper = 0.000 / lower = 0.000))
[20180915_062252 / lib_ip.py:2273] inspecting ===> img.20180915_062250.2018-09-15_06-08-14_000.jpg.3.png
[20180915_062252 / lib_ip.py:4330] 
img.20180915_062250.2018-09-15_06-08-14_000.jpg.3.png 2
[20180915_062252 / lib_ip.py:3794] file = img.20180915_062250.2018-09-15_06-08-14_000.jpg.3.png / val_Average = 109.8730	val_Variance = 0.7148	sd = 0.8455	max = 114	min = 107
[20180915_062252 / lib_ip.py:3877] len(Hs) = 8100, len(Ss) = 8100, len(Vs) = 8100
[20180915_062252 / lib_ip.py:3910] yellow : variance --> out of range (variance = 0.715 / upper = 0.650 / lower = 0.000)
[20180915_062252 / lib_ip.py:3794] file = img.20180915_062250.2018-09-15_06-08-14_000.jpg.3.png / val_Average = 109.8730	val_Variance = 0.7148	sd = 0.8455	max = 114	min = 107
[20180915_062252 / lib_ip.py:3977] len(Hs) = 8100, len(Ss) = 8100, len(Vs) = 8100
[20180915_062253 / lib_ip.py:4023] red : variance --> out of range (variance = 0.715 / upper = 0.430 / lower = 0.000)
[20180915_062253 / lib_ip.py:3794] file = img.20180915_062250.2018-09-15_06-08-14_000.jpg.3.png / val_Average = 109.8730	val_Variance = 0.7148	sd = 0.8455	max = 114	min = 107
[20180915_062253 / lib_ip.py:4090] len(Hs) = 8100, len(Ss) = 8100, len(Vs) = 8100
[20180915_062253 / lib_ip.py:4162] green : average --> out of range (average = 109.873 / upper = 83.000 / lower = 58.000)
[20180915_062253 / lib_ip.py:3794] file = img.20180915_062250.2018-09-15_06-08-14_000.jpg.3.png / val_Average = 109.8730	val_Variance = 0.7148	sd = 0.8455	max = 114	min = 107
[20180915_062253 / lib_ip.py:4204] len(Hs) = 8100, len(Ss) = 8100, len(Vs) = 8100
[20180915_062253 / lib_ip.py:4248] black : variance --> out of range (variance = 0.715 / upper = 0.000 / lower = 0.000)
[20180915_062253 / lib_ip.py:4398] file : img.20180915_062250.2018-09-15_06-08-14_000.jpg.3.png 2 (black : variance --> out of range (variance = 0.715 / upper = 0.000 / lower = 0.000))
[20180915_062253 / lib_ip.py:2273] inspecting ===> img.20180915_062250.2018-09-15_06-08-14_000.jpg.4.png
[20180915_062253 / lib_ip.py:4330] 
img.20180915_062250.2018-09-15_06-08-14_000.jpg.4.png 3
[20180915_062254 / lib_ip.py:3794] file = img.20180915_062250.2018-09-15_06-08-14_000.jpg.4.png / val_Average = 102.6619	val_Variance = 1.5554	sd = 1.2472	max = 106	min = 98
[20180915_062254 / lib_ip.py:3877] len(Hs) = 8100, len(Ss) = 8100, len(Vs) = 8100
[20180915_062254 / lib_ip.py:3910] yellow : variance --> out of range (variance = 1.555 / upper = 0.650 / lower = 0.000)
[20180915_062254 / lib_ip.py:3794] file = img.20180915_062250.2018-09-15_06-08-14_000.jpg.4.png / val_Average = 102.6619	val_Variance = 1.5554	sd = 1.2472	max = 106	min = 98
[20180915_062254 / lib_ip.py:3977] len(Hs) = 8100, len(Ss) = 8100, len(Vs) = 8100
[20180915_062254 / lib_ip.py:4023] red : variance --> out of range (variance = 1.555 / upper = 0.430 / lower = 0.000)
[20180915_062254 / lib_ip.py:3794] file = img.20180915_062250.2018-09-15_06-08-14_000.jpg.4.png / val_Average = 102.6619	val_Variance = 1.5554	sd = 1.2472	max = 106	min = 98
[20180915_062254 / lib_ip.py:4090] len(Hs) = 8100, len(Ss) = 8100, len(Vs) = 8100
[20180915_062254 / lib_ip.py:4137] green : variance --> out of range (variance = 1.555 / upper = 0.750 / lower = 0.000)
[20180915_062254 / lib_ip.py:3794] file = img.20180915_062250.2018-09-15_06-08-14_000.jpg.4.png / val_Average = 102.6619	val_Variance = 1.5554	sd = 1.2472	max = 106	min = 98
[20180915_062254 / lib_ip.py:4204] len(Hs) = 8100, len(Ss) = 8100, len(Vs) = 8100
[20180915_062254 / lib_ip.py:4248] black : variance --> out of range (variance = 1.555 / upper = 0.000 / lower = 0.000)
[20180915_062254 / lib_ip.py:4398] file : img.20180915_062250.2018-09-15_06-08-14_000.jpg.4.png 3 (black : variance --> out of range (variance = 1.555 / upper = 0.000 / lower = 0.000))
[20180915_062253 / lib_ip.py:2273] inspecting ===> img.20180915_062250.2018-09-15_06-08-14_000.jpg.4.png
img.20180915_062250.2018-09-15_06-08-14_000.jpg.1.png => other
img.20180915_062250.2018-09-15_06-08-14_000.jpg.2.png => other
img.20180915_062250.2018-09-15_06-08-14_000.jpg.3.png => other
img.20180915_062250.2018-09-15_06-08-14_000.jpg.4.png => other
[20180915_062254 lib_ip.py:3300] =============== Get 4 corners
dpath_Images = C:\WORKS_2\WS\WS_Others.Art\JVEMV6\46_art\VIRTUAL\Admin_Projects\ip\images
fname_Image = img.20180915_062250.2018-09-15_06-08-14_000.jpg.4.png

[20180915_062254 / lib_ip.py:2273] inspecting ===> img.20180915_062254.2018-09-15_06-08-55_000.png.1.png
[20180915_062255 / lib_ip.py:4330] 
img.20180915_062254.2018-09-15_06-08-55_000.png.1.png 0
[20180915_062255 / lib_ip.py:3794] file = img.20180915_062254.2018-09-15_06-08-55_000.png.1.png / val_Average = 80.1814	val_Variance = 1429.0702	sd = 37.8030	max = 150	min = 0
[20180915_062255 / lib_ip.py:3877] len(Hs) = 8100, len(Ss) = 8100, len(Vs) = 8100
[20180915_062255 / lib_ip.py:3910] yellow : variance --> out of range (variance = 1429.070 / upper = 0.650 / lower = 0.000)
[20180915_062255 / lib_ip.py:3794] file = img.20180915_062254.2018-09-15_06-08-55_000.png.1.png / val_Average = 80.1814	val_Variance = 1429.0702	sd = 37.8030	max = 150	min = 0
[20180915_062255 / lib_ip.py:3977] len(Hs) = 8100, len(Ss) = 8100, len(Vs) = 8100
[20180915_062255 / lib_ip.py:4023] red : variance --> out of range (variance = 1429.070 / upper = 0.430 / lower = 0.000)
[20180915_062255 / lib_ip.py:3794] file = img.20180915_062254.2018-09-15_06-08-55_000.png.1.png / val_Average = 80.1814	val_Variance = 1429.0702	sd = 37.8030	max = 150	min = 0
[20180915_062255 / lib_ip.py:4090] len(Hs) = 8100, len(Ss) = 8100, len(Vs) = 8100
[20180915_062255 / lib_ip.py:4137] green : variance --> out of range (variance = 1429.070 / upper = 0.750 / lower = 0.000)
[20180915_062255 / lib_ip.py:3794] file = img.20180915_062254.2018-09-15_06-08-55_000.png.1.png / val_Average = 80.1814	val_Variance = 1429.0702	sd = 37.8030	max = 150	min = 0
[20180915_062255 / lib_ip.py:4204] len(Hs) = 8100, len(Ss) = 8100, len(Vs) = 8100
[20180915_062255 / lib_ip.py:4248] black : variance --> out of range (variance = 1429.070 / upper = 0.000 / lower = 0.000)
[20180915_062255 / lib_ip.py:4398] file : img.20180915_062254.2018-09-15_06-08-55_000.png.1.png 0 (black : variance --> out of range (variance = 1429.070 / upper = 0.000 / lower = 0.000))
[20180915_062255 / lib_ip.py:2273] inspecting ===> img.20180915_062254.2018-09-15_06-08-55_000.png.2.png
[20180915_062256 / lib_ip.py:4330] 
img.20180915_062254.2018-09-15_06-08-55_000.png.2.png 1
[20180915_062256 / lib_ip.py:3794] file = img.20180915_062254.2018-09-15_06-08-55_000.png.2.png / val_Average = 40.7798	val_Variance = 5509.8890	sd = 74.2286	max = 179	min = 0
[20180915_062256 / lib_ip.py:3877] len(Hs) = 8100, len(Ss) = 8100, len(Vs) = 8100
[20180915_062256 / lib_ip.py:3910] yellow : variance --> out of range (variance = 5509.889 / upper = 0.650 / lower = 0.000)
[20180915_062256 / lib_ip.py:3794] file = img.20180915_062254.2018-09-15_06-08-55_000.png.2.png / val_Average = 40.7798	val_Variance = 5509.8890	sd = 74.2286	max = 179	min = 0
[20180915_062256 / lib_ip.py:3977] len(Hs) = 8100, len(Ss) = 8100, len(Vs) = 8100
[20180915_062256 / lib_ip.py:4023] red : variance --> out of range (variance = 5509.889 / upper = 0.430 / lower = 0.000)
[20180915_062256 / lib_ip.py:3794] file = img.20180915_062254.2018-09-15_06-08-55_000.png.2.png / val_Average = 40.7798	val_Variance = 5509.8890	sd = 74.2286	max = 179	min = 0
[20180915_062256 / lib_ip.py:4090] len(Hs) = 8100, len(Ss) = 8100, len(Vs) = 8100
[20180915_062256 / lib_ip.py:4137] green : variance --> out of range (variance = 5509.889 / upper = 0.750 / lower = 0.000)
[20180915_062256 / lib_ip.py:3794] file = img.20180915_062254.2018-09-15_06-08-55_000.png.2.png / val_Average = 40.7798	val_Variance = 5509.8890	sd = 74.2286	max = 179	min = 0
[20180915_062256 / lib_ip.py:4204] len(Hs) = 8100, len(Ss) = 8100, len(Vs) = 8100
[20180915_062256 / lib_ip.py:4248] black : variance --> out of range (variance = 5509.889 / upper = 0.000 / lower = 0.000)
[20180915_062257 / lib_ip.py:4398] file : img.20180915_062254.2018-09-15_06-08-55_000.png.2.png 1 (black : variance --> out of range (variance = 5509.889 / upper = 0.000 / lower = 0.000))
[20180915_062257 / lib_ip.py:2273] inspecting ===> img.20180915_062254.2018-09-15_06-08-55_000.png.3.png
[20180915_062257 / lib_ip.py:4330] 
img.20180915_062254.2018-09-15_06-08-55_000.png.3.png 2
[20180915_062257 / lib_ip.py:3794] file = img.20180915_062254.2018-09-15_06-08-55_000.png.3.png / val_Average = 101.1002	val_Variance = 533.8737	sd = 23.1057	max = 177	min = 87
[20180915_062257 / lib_ip.py:3877] len(Hs) = 8100, len(Ss) = 8100, len(Vs) = 8100
[20180915_062257 / lib_ip.py:3910] yellow : variance --> out of range (variance = 533.874 / upper = 0.650 / lower = 0.000)
[20180915_062257 / lib_ip.py:3794] file = img.20180915_062254.2018-09-15_06-08-55_000.png.3.png / val_Average = 101.1002	val_Variance = 533.8737	sd = 23.1057	max = 177	min = 87
[20180915_062257 / lib_ip.py:3977] len(Hs) = 8100, len(Ss) = 8100, len(Vs) = 8100
[20180915_062257 / lib_ip.py:4023] red : variance --> out of range (variance = 533.874 / upper = 0.430 / lower = 0.000)
[20180915_062257 / lib_ip.py:3794] file = img.20180915_062254.2018-09-15_06-08-55_000.png.3.png / val_Average = 101.1002	val_Variance = 533.8737	sd = 23.1057	max = 177	min = 87
[20180915_062257 / lib_ip.py:4090] len(Hs) = 8100, len(Ss) = 8100, len(Vs) = 8100
[20180915_062257 / lib_ip.py:4137] green : variance --> out of range (variance = 533.874 / upper = 0.750 / lower = 0.000)
[20180915_062257 / lib_ip.py:3794] file = img.20180915_062254.2018-09-15_06-08-55_000.png.3.png / val_Average = 101.1002	val_Variance = 533.8737	sd = 23.1057	max = 177	min = 87
[20180915_062257 / lib_ip.py:4204] len(Hs) = 8100, len(Ss) = 8100, len(Vs) = 8100
[20180915_062257 / lib_ip.py:4248] black : variance --> out of range (variance = 533.874 / upper = 0.000 / lower = 0.000)
[20180915_062258 / lib_ip.py:4398] file : img.20180915_062254.2018-09-15_06-08-55_000.png.3.png 2 (black : variance --> out of range (variance = 533.874 / upper = 0.000 / lower = 0.000))
[20180915_062258 / lib_ip.py:2273] inspecting ===> img.20180915_062254.2018-09-15_06-08-55_000.png.4.png
[20180915_062258 / lib_ip.py:4330] 
img.20180915_062254.2018-09-15_06-08-55_000.png.4.png 3
[20180915_062258 / lib_ip.py:3794] file = img.20180915_062254.2018-09-15_06-08-55_000.png.4.png / val_Average = 79.9867	val_Variance = 7461.2754	sd = 86.3787	max = 178	min = 0
[20180915_062258 / lib_ip.py:3877] len(Hs) = 8100, len(Ss) = 8100, len(Vs) = 8100
[20180915_062258 / lib_ip.py:3910] yellow : variance --> out of range (variance = 7461.275 / upper = 0.650 / lower = 0.000)
[20180915_062258 / lib_ip.py:3794] file = img.20180915_062254.2018-09-15_06-08-55_000.png.4.png / val_Average = 79.9867	val_Variance = 7461.2754	sd = 86.3787	max = 178	min = 0
[20180915_062258 / lib_ip.py:3977] len(Hs) = 8100, len(Ss) = 8100, len(Vs) = 8100
[20180915_062258 / lib_ip.py:4023] red : variance --> out of range (variance = 7461.275 / upper = 0.430 / lower = 0.000)
[20180915_062258 / lib_ip.py:3794] file = img.20180915_062254.2018-09-15_06-08-55_000.png.4.png / val_Average = 79.9867	val_Variance = 7461.2754	sd = 86.3787	max = 178	min = 0
[20180915_062258 / lib_ip.py:4090] len(Hs) = 8100, len(Ss) = 8100, len(Vs) = 8100
[20180915_062258 / lib_ip.py:4137] green : variance --> out of range (variance = 7461.275 / upper = 0.750 / lower = 0.000)
[20180915_062259 / lib_ip.py:3794] file = img.20180915_062254.2018-09-15_06-08-55_000.png.4.png / val_Average = 79.9867	val_Variance = 7461.2754	sd = 86.3787	max = 178	min = 0
[20180915_062259 / lib_ip.py:4204] len(Hs) = 8100, len(Ss) = 8100, len(Vs) = 8100
[20180915_062259 / lib_ip.py:4248] black : variance --> out of range (variance = 7461.275 / upper = 0.000 / lower = 0.000)
[20180915_062259 / lib_ip.py:4398] file : img.20180915_062254.2018-09-15_06-08-55_000.png.4.png 3 (black : variance --> out of range (variance = 7461.275 / upper = 0.000 / lower = 0.000))
[20180915_062258 / lib_ip.py:2273] inspecting ===> img.20180915_062254.2018-09-15_06-08-55_000.png.4.png
img.20180915_062254.2018-09-15_06-08-55_000.png.1.png => other
img.20180915_062254.2018-09-15_06-08-55_000.png.2.png => other
img.20180915_062254.2018-09-15_06-08-55_000.png.3.png => other
img.20180915_062254.2018-09-15_06-08-55_000.png.4.png => other
[20180915_062259 lib_ip.py:3300] =============== Get 4 corners
dpath_Images = C:\WORKS_2\WS\WS_Others.Art\JVEMV6\46_art\VIRTUAL\Admin_Projects\ip\images
fname_Image = img.20180915_062254.2018-09-15_06-08-55_000.png.4.png

[20180915_062259 / views.py:1029] gen csv => complete (20180915_062259)(elapsed = 58.208 sec / 12 files / 4.851 sec per file)
1)	2018-09-14_09-17-15_000.jpg => 	other other yellow other 
2)	2018-09-14_16-18-10_000.jpg => 	other other red green 
3)	2018-09-14_16-28-51_000.jpg => 	other other green green 
4)	2018-09-14_18-24-39_000.jpg => 	other other red other 
5)	2018-09-14_20-34-20_000.jpg => 	other yellow other other 
6)	2018-09-14_22-31-39_000.jpg => 	other other other other 
7)	2018-09-14_22-31-49_000.jpg => 	other other other other 
8)	2018-09-14_22-32-27_000.jpg => 	other other other other 
9)	2018-09-14_22-33-09_000.jpg => 	other other other other 
10)	2018-09-14_22-33-27_000.jpg => 	other other other other 
11)	2018-09-15_06-08-14_000.jpg => 	other other other other 
12)	2018-09-15_06-08-55_000.png => 	other other other other 
[20180915_062259 / views.py:1415] lo_ColorName_Set__Modified_2 =>
1)	2018-09-14_09-17-15_000.jpg => 	o o o y 
2)	2018-09-14_16-18-10_000.jpg => 	g o o r 
3)	2018-09-14_16-28-51_000.jpg => 	g g o o 
4)	2018-09-14_18-24-39_000.jpg => 	o o o r 
5)	2018-09-14_20-34-20_000.jpg => 	o o o y 
6)	2018-09-14_22-31-39_000.jpg => 	o o o o 
7)	2018-09-14_22-31-49_000.jpg => 	o o o o 
8)	2018-09-14_22-32-27_000.jpg => 	o o o o 
9)	2018-09-14_22-33-09_000.jpg => 	o o o o 
10)	2018-09-14_22-33-27_000.jpg => 	o o o o 
11)	2018-09-15_06-08-14_000.jpg => 	o o o o 
12)	2018-09-15_06-08-55_000.png => 	o o o o 
[20180915_062300 / lib_ip.py:4594] no key 'GPSInfo' for file : C:\WORKS_2\WS\WS_Others.Art\JVEMV6\46_art\VIRTUAL\Admin_Projects\ip\images\2018-09-15_06-08-55_000.png
[20180915_062300 / views.py:1526] gen_Cake_CSV(request) ==> ending... =======================//

