[20181013_063610 / views.py:1866] gen_Cake_CSV(request) ==> starting... =======================
[20181013_063613 / lib_ip.py:2273] inspecting ===> img.20181013_063613.2018-10-12_07-31-41_000.jpg.1.png
[20181013_063613 / lib_ip.py:4330] 
img.20181013_063613.2018-10-12_07-31-41_000.jpg.1.png 0
[20181013_063613 / lib_ip.py:3794] file = img.20181013_063613.2018-10-12_07-31-41_000.jpg.1.png / val_Average = 125.5488	val_Variance = 149.1597	sd = 12.2131	max = 154	min = 110
[20181013_063613 / lib_ip.py:3877] len(Hs) = 8100, len(Ss) = 8100, len(Vs) = 8100
[20181013_063613 / lib_ip.py:3910] yellow : variance --> out of range (variance = 149.160 / upper = 0.650 / lower = 0.000)
[20181013_063614 / lib_ip.py:3794] file = img.20181013_063613.2018-10-12_07-31-41_000.jpg.1.png / val_Average = 125.5488	val_Variance = 149.1597	sd = 12.2131	max = 154	min = 110
[20181013_063614 / lib_ip.py:3977] len(Hs) = 8100, len(Ss) = 8100, len(Vs) = 8100
[20181013_063614 / lib_ip.py:4023] red : variance --> out of range (variance = 149.160 / upper = 0.430 / lower = 0.000)
[20181013_063614 / lib_ip.py:3794] file = img.20181013_063613.2018-10-12_07-31-41_000.jpg.1.png / val_Average = 125.5488	val_Variance = 149.1597	sd = 12.2131	max = 154	min = 110
[20181013_063614 / lib_ip.py:4090] len(Hs) = 8100, len(Ss) = 8100, len(Vs) = 8100
[20181013_063614 / lib_ip.py:4137] green : variance --> out of range (variance = 149.160 / upper = 0.750 / lower = 0.000)
[20181013_063614 / lib_ip.py:3794] file = img.20181013_063613.2018-10-12_07-31-41_000.jpg.1.png / val_Average = 125.5488	val_Variance = 149.1597	sd = 12.2131	max = 154	min = 110
[20181013_063614 / lib_ip.py:4204] len(Hs) = 8100, len(Ss) = 8100, len(Vs) = 8100
[20181013_063614 / lib_ip.py:4248] black : variance --> out of range (variance = 149.160 / upper = 0.000 / lower = 0.000)
[20181013_063614 / lib_ip.py:4398] file : img.20181013_063613.2018-10-12_07-31-41_000.jpg.1.png 0 (black : variance --> out of range (variance = 149.160 / upper = 0.000 / lower = 0.000))
[20181013_063614 / lib_ip.py:2273] inspecting ===> img.20181013_063613.2018-10-12_07-31-41_000.jpg.2.png
[20181013_063615 / lib_ip.py:4330] 
img.20181013_063613.2018-10-12_07-31-41_000.jpg.2.png 1
[20181013_063615 / lib_ip.py:3794] file = img.20181013_063613.2018-10-12_07-31-41_000.jpg.2.png / val_Average = 28.2814	val_Variance = 2878.7770	sd = 53.6542	max = 176	min = 0
[20181013_063615 / lib_ip.py:3877] len(Hs) = 8100, len(Ss) = 8100, len(Vs) = 8100
[20181013_063615 / lib_ip.py:3910] yellow : variance --> out of range (variance = 2878.777 / upper = 0.650 / lower = 0.000)
[20181013_063615 / lib_ip.py:3794] file = img.20181013_063613.2018-10-12_07-31-41_000.jpg.2.png / val_Average = 28.2814	val_Variance = 2878.7770	sd = 53.6542	max = 176	min = 0
[20181013_063615 / lib_ip.py:3977] len(Hs) = 8100, len(Ss) = 8100, len(Vs) = 8100
[20181013_063615 / lib_ip.py:4023] red : variance --> out of range (variance = 2878.777 / upper = 0.430 / lower = 0.000)
[20181013_063615 / lib_ip.py:3794] file = img.20181013_063613.2018-10-12_07-31-41_000.jpg.2.png / val_Average = 28.2814	val_Variance = 2878.7770	sd = 53.6542	max = 176	min = 0
[20181013_063615 / lib_ip.py:4090] len(Hs) = 8100, len(Ss) = 8100, len(Vs) = 8100
[20181013_063615 / lib_ip.py:4137] green : variance --> out of range (variance = 2878.777 / upper = 0.750 / lower = 0.000)
[20181013_063615 / lib_ip.py:3794] file = img.20181013_063613.2018-10-12_07-31-41_000.jpg.2.png / val_Average = 28.2814	val_Variance = 2878.7770	sd = 53.6542	max = 176	min = 0
[20181013_063615 / lib_ip.py:4204] len(Hs) = 8100, len(Ss) = 8100, len(Vs) = 8100
[20181013_063615 / lib_ip.py:4248] black : variance --> out of range (variance = 2878.777 / upper = 0.000 / lower = 0.000)
[20181013_063615 / lib_ip.py:4398] file : img.20181013_063613.2018-10-12_07-31-41_000.jpg.2.png 1 (black : variance --> out of range (variance = 2878.777 / upper = 0.000 / lower = 0.000))
[20181013_063615 / lib_ip.py:2273] inspecting ===> img.20181013_063613.2018-10-12_07-31-41_000.jpg.3.png
[20181013_063616 / lib_ip.py:4330] 
img.20181013_063613.2018-10-12_07-31-41_000.jpg.3.png 2
[20181013_063616 / lib_ip.py:3794] file = img.20181013_063613.2018-10-12_07-31-41_000.jpg.3.png / val_Average = 73.3474	val_Variance = 0.2593	sd = 0.5092	max = 75	min = 72
[20181013_063616 / lib_ip.py:3877] len(Hs) = 8100, len(Ss) = 8100, len(Vs) = 8100
[20181013_063616 / lib_ip.py:3932] yellow : average --> out of range (average = 73.347 / upper = 99.200 / lower = 88.000)
[20181013_063616 / lib_ip.py:3794] file = img.20181013_063613.2018-10-12_07-31-41_000.jpg.3.png / val_Average = 73.3474	val_Variance = 0.2593	sd = 0.5092	max = 75	min = 72
[20181013_063616 / lib_ip.py:3977] len(Hs) = 8100, len(Ss) = 8100, len(Vs) = 8100
[20181013_063616 / lib_ip.py:4048] red : average --> out of range (average = 73.347 / upper = 124.000 / lower = 115.000)
[20181013_063616 / lib_ip.py:3794] file = img.20181013_063613.2018-10-12_07-31-41_000.jpg.3.png / val_Average = 73.3474	val_Variance = 0.2593	sd = 0.5092	max = 75	min = 72
[20181013_063616 / lib_ip.py:4090] len(Hs) = 8100, len(Ss) = 8100, len(Vs) = 8100
[20181013_063617 / lib_ip.py:2273] inspecting ===> img.20181013_063613.2018-10-12_07-31-41_000.jpg.4.png
[20181013_063617 / lib_ip.py:4330] 
img.20181013_063613.2018-10-12_07-31-41_000.jpg.4.png 3
[20181013_063617 / lib_ip.py:3794] file = img.20181013_063613.2018-10-12_07-31-41_000.jpg.4.png / val_Average = 74.7028	val_Variance = 0.2089	sd = 0.4570	max = 75	min = 74
[20181013_063617 / lib_ip.py:3877] len(Hs) = 8100, len(Ss) = 8100, len(Vs) = 8100
[20181013_063617 / lib_ip.py:3932] yellow : average --> out of range (average = 74.703 / upper = 99.200 / lower = 88.000)
[20181013_063617 / lib_ip.py:3794] file = img.20181013_063613.2018-10-12_07-31-41_000.jpg.4.png / val_Average = 74.7028	val_Variance = 0.2089	sd = 0.4570	max = 75	min = 74
[20181013_063617 / lib_ip.py:3977] len(Hs) = 8100, len(Ss) = 8100, len(Vs) = 8100
[20181013_063617 / lib_ip.py:4048] red : average --> out of range (average = 74.703 / upper = 124.000 / lower = 115.000)
[20181013_063617 / lib_ip.py:3794] file = img.20181013_063613.2018-10-12_07-31-41_000.jpg.4.png / val_Average = 74.7028	val_Variance = 0.2089	sd = 0.4570	max = 75	min = 74
[20181013_063617 / lib_ip.py:4090] len(Hs) = 8100, len(Ss) = 8100, len(Vs) = 8100
[20181013_063617 / lib_ip.py:2273] inspecting ===> img.20181013_063613.2018-10-12_07-31-41_000.jpg.4.png
img.20181013_063613.2018-10-12_07-31-41_000.jpg.1.png => other
img.20181013_063613.2018-10-12_07-31-41_000.jpg.2.png => other
img.20181013_063613.2018-10-12_07-31-41_000.jpg.3.png => other
img.20181013_063613.2018-10-12_07-31-41_000.jpg.4.png => other
[20181013_063618 lib_ip.py:3300] =============== Get 4 corners
dpath_Images = C:\WORKS_2\WS\WS_Others.Art\JVEMV6\46_art\VIRTUAL\Admin_Projects\ip\images
fname_Image = img.20181013_063613.2018-10-12_07-31-41_000.jpg.4.png

[20181013_063618 / lib_ip.py:2273] inspecting ===> img.20181013_063618.2018-10-12_09-53-32_000.jpg.1.png
[20181013_063619 / lib_ip.py:4330] 
img.20181013_063618.2018-10-12_09-53-32_000.jpg.1.png 0
[20181013_063619 / lib_ip.py:3794] file = img.20181013_063618.2018-10-12_09-53-32_000.jpg.1.png / val_Average = 108.0460	val_Variance = 0.4642	sd = 0.6813	max = 111	min = 105
[20181013_063619 / lib_ip.py:3877] len(Hs) = 8100, len(Ss) = 8100, len(Vs) = 8100
[20181013_063619 / lib_ip.py:3932] yellow : average --> out of range (average = 108.046 / upper = 99.200 / lower = 88.000)
[20181013_063619 / lib_ip.py:3794] file = img.20181013_063618.2018-10-12_09-53-32_000.jpg.1.png / val_Average = 108.0460	val_Variance = 0.4642	sd = 0.6813	max = 111	min = 105
[20181013_063619 / lib_ip.py:3977] len(Hs) = 8100, len(Ss) = 8100, len(Vs) = 8100
[20181013_063619 / lib_ip.py:4023] red : variance --> out of range (variance = 0.464 / upper = 0.430 / lower = 0.000)
[20181013_063619 / lib_ip.py:3794] file = img.20181013_063618.2018-10-12_09-53-32_000.jpg.1.png / val_Average = 108.0460	val_Variance = 0.4642	sd = 0.6813	max = 111	min = 105
[20181013_063619 / lib_ip.py:4090] len(Hs) = 8100, len(Ss) = 8100, len(Vs) = 8100
[20181013_063619 / lib_ip.py:4162] green : average --> out of range (average = 108.046 / upper = 83.000 / lower = 58.000)
[20181013_063620 / lib_ip.py:3794] file = img.20181013_063618.2018-10-12_09-53-32_000.jpg.1.png / val_Average = 108.0460	val_Variance = 0.4642	sd = 0.6813	max = 111	min = 105
[20181013_063620 / lib_ip.py:4204] len(Hs) = 8100, len(Ss) = 8100, len(Vs) = 8100
[20181013_063620 / lib_ip.py:4248] black : variance --> out of range (variance = 0.464 / upper = 0.000 / lower = 0.000)
[20181013_063620 / lib_ip.py:4398] file : img.20181013_063618.2018-10-12_09-53-32_000.jpg.1.png 0 (black : variance --> out of range (variance = 0.464 / upper = 0.000 / lower = 0.000))
[20181013_063620 / lib_ip.py:2273] inspecting ===> img.20181013_063618.2018-10-12_09-53-32_000.jpg.2.png
[20181013_063620 / lib_ip.py:4330] 
img.20181013_063618.2018-10-12_09-53-32_000.jpg.2.png 1
[20181013_063620 / lib_ip.py:3794] file = img.20181013_063618.2018-10-12_09-53-32_000.jpg.2.png / val_Average = 84.8943	val_Variance = 526.1535	sd = 22.9380	max = 160	min = 0
[20181013_063620 / lib_ip.py:3877] len(Hs) = 8100, len(Ss) = 8100, len(Vs) = 8100
[20181013_063620 / lib_ip.py:3910] yellow : variance --> out of range (variance = 526.154 / upper = 0.650 / lower = 0.000)
[20181013_063620 / lib_ip.py:3794] file = img.20181013_063618.2018-10-12_09-53-32_000.jpg.2.png / val_Average = 84.8943	val_Variance = 526.1535	sd = 22.9380	max = 160	min = 0
[20181013_063620 / lib_ip.py:3977] len(Hs) = 8100, len(Ss) = 8100, len(Vs) = 8100
[20181013_063620 / lib_ip.py:4023] red : variance --> out of range (variance = 526.154 / upper = 0.430 / lower = 0.000)
[20181013_063621 / lib_ip.py:3794] file = img.20181013_063618.2018-10-12_09-53-32_000.jpg.2.png / val_Average = 84.8943	val_Variance = 526.1535	sd = 22.9380	max = 160	min = 0
[20181013_063621 / lib_ip.py:4090] len(Hs) = 8100, len(Ss) = 8100, len(Vs) = 8100
[20181013_063621 / lib_ip.py:4137] green : variance --> out of range (variance = 526.154 / upper = 0.750 / lower = 0.000)
[20181013_063621 / lib_ip.py:3794] file = img.20181013_063618.2018-10-12_09-53-32_000.jpg.2.png / val_Average = 84.8943	val_Variance = 526.1535	sd = 22.9380	max = 160	min = 0
[20181013_063621 / lib_ip.py:4204] len(Hs) = 8100, len(Ss) = 8100, len(Vs) = 8100
[20181013_063621 / lib_ip.py:4248] black : variance --> out of range (variance = 526.154 / upper = 0.000 / lower = 0.000)
[20181013_063621 / lib_ip.py:4398] file : img.20181013_063618.2018-10-12_09-53-32_000.jpg.2.png 1 (black : variance --> out of range (variance = 526.154 / upper = 0.000 / lower = 0.000))
[20181013_063621 / lib_ip.py:2273] inspecting ===> img.20181013_063618.2018-10-12_09-53-32_000.jpg.3.png
[20181013_063621 / lib_ip.py:4330] 
img.20181013_063618.2018-10-12_09-53-32_000.jpg.3.png 2
[20181013_063621 / lib_ip.py:3794] file = img.20181013_063618.2018-10-12_09-53-32_000.jpg.3.png / val_Average = 66.5560	val_Variance = 3787.1202	sd = 61.5396	max = 160	min = 0
[20181013_063621 / lib_ip.py:3877] len(Hs) = 8100, len(Ss) = 8100, len(Vs) = 8100
[20181013_063621 / lib_ip.py:3910] yellow : variance --> out of range (variance = 3787.120 / upper = 0.650 / lower = 0.000)
[20181013_063622 / lib_ip.py:3794] file = img.20181013_063618.2018-10-12_09-53-32_000.jpg.3.png / val_Average = 66.5560	val_Variance = 3787.1202	sd = 61.5396	max = 160	min = 0
[20181013_063622 / lib_ip.py:3977] len(Hs) = 8100, len(Ss) = 8100, len(Vs) = 8100
[20181013_063622 / lib_ip.py:4023] red : variance --> out of range (variance = 3787.120 / upper = 0.430 / lower = 0.000)
[20181013_063622 / lib_ip.py:3794] file = img.20181013_063618.2018-10-12_09-53-32_000.jpg.3.png / val_Average = 66.5560	val_Variance = 3787.1202	sd = 61.5396	max = 160	min = 0
[20181013_063622 / lib_ip.py:4090] len(Hs) = 8100, len(Ss) = 8100, len(Vs) = 8100
[20181013_063622 / lib_ip.py:4137] green : variance --> out of range (variance = 3787.120 / upper = 0.750 / lower = 0.000)
[20181013_063622 / lib_ip.py:3794] file = img.20181013_063618.2018-10-12_09-53-32_000.jpg.3.png / val_Average = 66.5560	val_Variance = 3787.1202	sd = 61.5396	max = 160	min = 0
[20181013_063622 / lib_ip.py:4204] len(Hs) = 8100, len(Ss) = 8100, len(Vs) = 8100
[20181013_063622 / lib_ip.py:4248] black : variance --> out of range (variance = 3787.120 / upper = 0.000 / lower = 0.000)
[20181013_063622 / lib_ip.py:4398] file : img.20181013_063618.2018-10-12_09-53-32_000.jpg.3.png 2 (black : variance --> out of range (variance = 3787.120 / upper = 0.000 / lower = 0.000))
[20181013_063622 / lib_ip.py:2273] inspecting ===> img.20181013_063618.2018-10-12_09-53-32_000.jpg.4.png
[20181013_063622 / lib_ip.py:4330] 
img.20181013_063618.2018-10-12_09-53-32_000.jpg.4.png 3
[20181013_063623 / lib_ip.py:3794] file = img.20181013_063618.2018-10-12_09-53-32_000.jpg.4.png / val_Average = 93.4463	val_Variance = 0.2471	sd = 0.4971	max = 94	min = 93
[20181013_063623 / lib_ip.py:3877] len(Hs) = 8100, len(Ss) = 8100, len(Vs) = 8100
[20181013_063622 / lib_ip.py:2273] inspecting ===> img.20181013_063618.2018-10-12_09-53-32_000.jpg.4.png
img.20181013_063618.2018-10-12_09-53-32_000.jpg.1.png => other
img.20181013_063618.2018-10-12_09-53-32_000.jpg.2.png => other
img.20181013_063618.2018-10-12_09-53-32_000.jpg.3.png => other
img.20181013_063618.2018-10-12_09-53-32_000.jpg.4.png => other
[20181013_063623 lib_ip.py:3300] =============== Get 4 corners
dpath_Images = C:\WORKS_2\WS\WS_Others.Art\JVEMV6\46_art\VIRTUAL\Admin_Projects\ip\images
fname_Image = img.20181013_063618.2018-10-12_09-53-32_000.jpg.4.png

[20181013_063623 / lib_ip.py:2273] inspecting ===> img.20181013_063623.2018-10-12_15-38-20_000.jpg.1.png
[20181013_063624 / lib_ip.py:4330] 
img.20181013_063623.2018-10-12_15-38-20_000.jpg.1.png 0
[20181013_063624 / lib_ip.py:3794] file = img.20181013_063623.2018-10-12_15-38-20_000.jpg.1.png / val_Average = 74.3783	val_Variance = 0.2448	sd = 0.4948	max = 75	min = 73
[20181013_063624 / lib_ip.py:3877] len(Hs) = 8100, len(Ss) = 8100, len(Vs) = 8100
[20181013_063624 / lib_ip.py:3932] yellow : average --> out of range (average = 74.378 / upper = 99.200 / lower = 88.000)
[20181013_063624 / lib_ip.py:3794] file = img.20181013_063623.2018-10-12_15-38-20_000.jpg.1.png / val_Average = 74.3783	val_Variance = 0.2448	sd = 0.4948	max = 75	min = 73
[20181013_063624 / lib_ip.py:3977] len(Hs) = 8100, len(Ss) = 8100, len(Vs) = 8100
[20181013_063624 / lib_ip.py:4048] red : average --> out of range (average = 74.378 / upper = 124.000 / lower = 115.000)
[20181013_063625 / lib_ip.py:3794] file = img.20181013_063623.2018-10-12_15-38-20_000.jpg.1.png / val_Average = 74.3783	val_Variance = 0.2448	sd = 0.4948	max = 75	min = 73
[20181013_063625 / lib_ip.py:4090] len(Hs) = 8100, len(Ss) = 8100, len(Vs) = 8100
[20181013_063625 / lib_ip.py:2273] inspecting ===> img.20181013_063623.2018-10-12_15-38-20_000.jpg.2.png
[20181013_063625 / lib_ip.py:4330] 
img.20181013_063623.2018-10-12_15-38-20_000.jpg.2.png 1
[20181013_063625 / lib_ip.py:3794] file = img.20181013_063623.2018-10-12_15-38-20_000.jpg.2.png / val_Average = 139.3452	val_Variance = 864.5376	sd = 29.4030	max = 176	min = 0
[20181013_063625 / lib_ip.py:3877] len(Hs) = 8100, len(Ss) = 8100, len(Vs) = 8100
[20181013_063625 / lib_ip.py:3910] yellow : variance --> out of range (variance = 864.538 / upper = 0.650 / lower = 0.000)
[20181013_063625 / lib_ip.py:3794] file = img.20181013_063623.2018-10-12_15-38-20_000.jpg.2.png / val_Average = 139.3452	val_Variance = 864.5376	sd = 29.4030	max = 176	min = 0
[20181013_063625 / lib_ip.py:3977] len(Hs) = 8100, len(Ss) = 8100, len(Vs) = 8100
[20181013_063626 / lib_ip.py:4023] red : variance --> out of range (variance = 864.538 / upper = 0.430 / lower = 0.000)
[20181013_063626 / lib_ip.py:3794] file = img.20181013_063623.2018-10-12_15-38-20_000.jpg.2.png / val_Average = 139.3452	val_Variance = 864.5376	sd = 29.4030	max = 176	min = 0
[20181013_063626 / lib_ip.py:4090] len(Hs) = 8100, len(Ss) = 8100, len(Vs) = 8100
[20181013_063626 / lib_ip.py:4137] green : variance --> out of range (variance = 864.538 / upper = 0.750 / lower = 0.000)
[20181013_063626 / lib_ip.py:3794] file = img.20181013_063623.2018-10-12_15-38-20_000.jpg.2.png / val_Average = 139.3452	val_Variance = 864.5376	sd = 29.4030	max = 176	min = 0
[20181013_063626 / lib_ip.py:4204] len(Hs) = 8100, len(Ss) = 8100, len(Vs) = 8100
[20181013_063626 / lib_ip.py:4248] black : variance --> out of range (variance = 864.538 / upper = 0.000 / lower = 0.000)
[20181013_063626 / lib_ip.py:4398] file : img.20181013_063623.2018-10-12_15-38-20_000.jpg.2.png 1 (black : variance --> out of range (variance = 864.538 / upper = 0.000 / lower = 0.000))
[20181013_063626 / lib_ip.py:2273] inspecting ===> img.20181013_063623.2018-10-12_15-38-20_000.jpg.3.png
[20181013_063626 / lib_ip.py:4330] 
img.20181013_063623.2018-10-12_15-38-20_000.jpg.3.png 2
[20181013_063627 / lib_ip.py:3794] file = img.20181013_063623.2018-10-12_15-38-20_000.jpg.3.png / val_Average = 119.0343	val_Variance = 0.0907	sd = 0.3011	max = 120	min = 118
[20181013_063627 / lib_ip.py:3877] len(Hs) = 8100, len(Ss) = 8100, len(Vs) = 8100
[20181013_063627 / lib_ip.py:3932] yellow : average --> out of range (average = 119.034 / upper = 99.200 / lower = 88.000)
[20181013_063627 / lib_ip.py:3794] file = img.20181013_063623.2018-10-12_15-38-20_000.jpg.3.png / val_Average = 119.0343	val_Variance = 0.0907	sd = 0.3011	max = 120	min = 118
[20181013_063627 / lib_ip.py:3977] len(Hs) = 8100, len(Ss) = 8100, len(Vs) = 8100
[20181013_063627 / lib_ip.py:2273] inspecting ===> img.20181013_063623.2018-10-12_15-38-20_000.jpg.4.png
[20181013_063627 / lib_ip.py:4330] 
img.20181013_063623.2018-10-12_15-38-20_000.jpg.4.png 3
[20181013_063627 / lib_ip.py:3794] file = img.20181013_063623.2018-10-12_15-38-20_000.jpg.4.png / val_Average = 100.4327	val_Variance = 1.6756	sd = 1.2944	max = 103	min = 95
[20181013_063627 / lib_ip.py:3877] len(Hs) = 8100, len(Ss) = 8100, len(Vs) = 8100
[20181013_063627 / lib_ip.py:3910] yellow : variance --> out of range (variance = 1.676 / upper = 0.650 / lower = 0.000)
[20181013_063628 / lib_ip.py:3794] file = img.20181013_063623.2018-10-12_15-38-20_000.jpg.4.png / val_Average = 100.4327	val_Variance = 1.6756	sd = 1.2944	max = 103	min = 95
[20181013_063628 / lib_ip.py:3977] len(Hs) = 8100, len(Ss) = 8100, len(Vs) = 8100
[20181013_063628 / lib_ip.py:4023] red : variance --> out of range (variance = 1.676 / upper = 0.430 / lower = 0.000)
[20181013_063628 / lib_ip.py:3794] file = img.20181013_063623.2018-10-12_15-38-20_000.jpg.4.png / val_Average = 100.4327	val_Variance = 1.6756	sd = 1.2944	max = 103	min = 95
[20181013_063628 / lib_ip.py:4090] len(Hs) = 8100, len(Ss) = 8100, len(Vs) = 8100
[20181013_063628 / lib_ip.py:4137] green : variance --> out of range (variance = 1.676 / upper = 0.750 / lower = 0.000)
[20181013_063628 / lib_ip.py:3794] file = img.20181013_063623.2018-10-12_15-38-20_000.jpg.4.png / val_Average = 100.4327	val_Variance = 1.6756	sd = 1.2944	max = 103	min = 95
[20181013_063628 / lib_ip.py:4204] len(Hs) = 8100, len(Ss) = 8100, len(Vs) = 8100
[20181013_063628 / lib_ip.py:4248] black : variance --> out of range (variance = 1.676 / upper = 0.000 / lower = 0.000)
[20181013_063628 / lib_ip.py:4398] file : img.20181013_063623.2018-10-12_15-38-20_000.jpg.4.png 3 (black : variance --> out of range (variance = 1.676 / upper = 0.000 / lower = 0.000))
[20181013_063627 / lib_ip.py:2273] inspecting ===> img.20181013_063623.2018-10-12_15-38-20_000.jpg.4.png
img.20181013_063623.2018-10-12_15-38-20_000.jpg.1.png => other
img.20181013_063623.2018-10-12_15-38-20_000.jpg.2.png => other
img.20181013_063623.2018-10-12_15-38-20_000.jpg.3.png => other
img.20181013_063623.2018-10-12_15-38-20_000.jpg.4.png => other
[20181013_063628 lib_ip.py:3300] =============== Get 4 corners
dpath_Images = C:\WORKS_2\WS\WS_Others.Art\JVEMV6\46_art\VIRTUAL\Admin_Projects\ip\images
fname_Image = img.20181013_063623.2018-10-12_15-38-20_000.jpg.4.png

[20181013_063629 / lib_ip.py:2273] inspecting ===> img.20181013_063629.2018-10-12_16-37-37_000.jpg.1.png
[20181013_063629 / lib_ip.py:4330] 
img.20181013_063629.2018-10-12_16-37-37_000.jpg.1.png 0
[20181013_063629 / lib_ip.py:3794] file = img.20181013_063629.2018-10-12_16-37-37_000.jpg.1.png / val_Average = 121.0207	val_Variance = 0.0534	sd = 0.2311	max = 122	min = 120
[20181013_063629 / lib_ip.py:3877] len(Hs) = 8100, len(Ss) = 8100, len(Vs) = 8100
[20181013_063630 / lib_ip.py:3932] yellow : average --> out of range (average = 121.021 / upper = 99.200 / lower = 88.000)
[20181013_063630 / lib_ip.py:3794] file = img.20181013_063629.2018-10-12_16-37-37_000.jpg.1.png / val_Average = 121.0207	val_Variance = 0.0534	sd = 0.2311	max = 122	min = 120
[20181013_063630 / lib_ip.py:3977] len(Hs) = 8100, len(Ss) = 8100, len(Vs) = 8100
[20181013_063630 / lib_ip.py:2273] inspecting ===> img.20181013_063629.2018-10-12_16-37-37_000.jpg.2.png
[20181013_063630 / lib_ip.py:4330] 
img.20181013_063629.2018-10-12_16-37-37_000.jpg.2.png 1
[20181013_063630 / lib_ip.py:3794] file = img.20181013_063629.2018-10-12_16-37-37_000.jpg.2.png / val_Average = 125.1027	val_Variance = 39.0228	sd = 6.2468	max = 168	min = 96
[20181013_063630 / lib_ip.py:3877] len(Hs) = 8100, len(Ss) = 8100, len(Vs) = 8100
[20181013_063630 / lib_ip.py:3910] yellow : variance --> out of range (variance = 39.023 / upper = 0.650 / lower = 0.000)
[20181013_063630 / lib_ip.py:3794] file = img.20181013_063629.2018-10-12_16-37-37_000.jpg.2.png / val_Average = 125.1027	val_Variance = 39.0228	sd = 6.2468	max = 168	min = 96
[20181013_063630 / lib_ip.py:3977] len(Hs) = 8100, len(Ss) = 8100, len(Vs) = 8100
[20181013_063630 / lib_ip.py:4023] red : variance --> out of range (variance = 39.023 / upper = 0.430 / lower = 0.000)
[20181013_063631 / lib_ip.py:3794] file = img.20181013_063629.2018-10-12_16-37-37_000.jpg.2.png / val_Average = 125.1027	val_Variance = 39.0228	sd = 6.2468	max = 168	min = 96
[20181013_063631 / lib_ip.py:4090] len(Hs) = 8100, len(Ss) = 8100, len(Vs) = 8100
[20181013_063631 / lib_ip.py:4137] green : variance --> out of range (variance = 39.023 / upper = 0.750 / lower = 0.000)
[20181013_063631 / lib_ip.py:3794] file = img.20181013_063629.2018-10-12_16-37-37_000.jpg.2.png / val_Average = 125.1027	val_Variance = 39.0228	sd = 6.2468	max = 168	min = 96
[20181013_063631 / lib_ip.py:4204] len(Hs) = 8100, len(Ss) = 8100, len(Vs) = 8100
[20181013_063631 / lib_ip.py:4248] black : variance --> out of range (variance = 39.023 / upper = 0.000 / lower = 0.000)
[20181013_063631 / lib_ip.py:4398] file : img.20181013_063629.2018-10-12_16-37-37_000.jpg.2.png 1 (black : variance --> out of range (variance = 39.023 / upper = 0.000 / lower = 0.000))
[20181013_063631 / lib_ip.py:2273] inspecting ===> img.20181013_063629.2018-10-12_16-37-37_000.jpg.3.png
[20181013_063632 / lib_ip.py:4330] 
img.20181013_063629.2018-10-12_16-37-37_000.jpg.3.png 2
[20181013_063632 / lib_ip.py:3794] file = img.20181013_063629.2018-10-12_16-37-37_000.jpg.3.png / val_Average = 77.8368	val_Variance = 0.2805	sd = 0.5296	max = 79	min = 77
[20181013_063632 / lib_ip.py:3877] len(Hs) = 8100, len(Ss) = 8100, len(Vs) = 8100
[20181013_063632 / lib_ip.py:3932] yellow : average --> out of range (average = 77.837 / upper = 99.200 / lower = 88.000)
[20181013_063632 / lib_ip.py:3794] file = img.20181013_063629.2018-10-12_16-37-37_000.jpg.3.png / val_Average = 77.8368	val_Variance = 0.2805	sd = 0.5296	max = 79	min = 77
[20181013_063632 / lib_ip.py:3977] len(Hs) = 8100, len(Ss) = 8100, len(Vs) = 8100
[20181013_063632 / lib_ip.py:4048] red : average --> out of range (average = 77.837 / upper = 124.000 / lower = 115.000)
[20181013_063632 / lib_ip.py:3794] file = img.20181013_063629.2018-10-12_16-37-37_000.jpg.3.png / val_Average = 77.8368	val_Variance = 0.2805	sd = 0.5296	max = 79	min = 77
[20181013_063632 / lib_ip.py:4090] len(Hs) = 8100, len(Ss) = 8100, len(Vs) = 8100
[20181013_063632 / lib_ip.py:2273] inspecting ===> img.20181013_063629.2018-10-12_16-37-37_000.jpg.4.png
[20181013_063633 / lib_ip.py:4330] 
img.20181013_063629.2018-10-12_16-37-37_000.jpg.4.png 3
[20181013_063633 / lib_ip.py:3794] file = img.20181013_063629.2018-10-12_16-37-37_000.jpg.4.png / val_Average = 119.9206	val_Variance = 619.5672	sd = 24.8911	max = 170	min = 0
[20181013_063633 / lib_ip.py:3877] len(Hs) = 8100, len(Ss) = 8100, len(Vs) = 8100
[20181013_063633 / lib_ip.py:3910] yellow : variance --> out of range (variance = 619.567 / upper = 0.650 / lower = 0.000)
[20181013_063633 / lib_ip.py:3794] file = img.20181013_063629.2018-10-12_16-37-37_000.jpg.4.png / val_Average = 119.9206	val_Variance = 619.5672	sd = 24.8911	max = 170	min = 0
[20181013_063633 / lib_ip.py:3977] len(Hs) = 8100, len(Ss) = 8100, len(Vs) = 8100
[20181013_063633 / lib_ip.py:4023] red : variance --> out of range (variance = 619.567 / upper = 0.430 / lower = 0.000)
[20181013_063633 / lib_ip.py:3794] file = img.20181013_063629.2018-10-12_16-37-37_000.jpg.4.png / val_Average = 119.9206	val_Variance = 619.5672	sd = 24.8911	max = 170	min = 0
[20181013_063634 / lib_ip.py:4090] len(Hs) = 8100, len(Ss) = 8100, len(Vs) = 8100
[20181013_063634 / lib_ip.py:4137] green : variance --> out of range (variance = 619.567 / upper = 0.750 / lower = 0.000)
[20181013_063634 / lib_ip.py:3794] file = img.20181013_063629.2018-10-12_16-37-37_000.jpg.4.png / val_Average = 119.9206	val_Variance = 619.5672	sd = 24.8911	max = 170	min = 0
[20181013_063634 / lib_ip.py:4204] len(Hs) = 8100, len(Ss) = 8100, len(Vs) = 8100
[20181013_063634 / lib_ip.py:4248] black : variance --> out of range (variance = 619.567 / upper = 0.000 / lower = 0.000)
[20181013_063634 / lib_ip.py:4398] file : img.20181013_063629.2018-10-12_16-37-37_000.jpg.4.png 3 (black : variance --> out of range (variance = 619.567 / upper = 0.000 / lower = 0.000))
[20181013_063632 / lib_ip.py:2273] inspecting ===> img.20181013_063629.2018-10-12_16-37-37_000.jpg.4.png
img.20181013_063629.2018-10-12_16-37-37_000.jpg.1.png => other
img.20181013_063629.2018-10-12_16-37-37_000.jpg.2.png => other
img.20181013_063629.2018-10-12_16-37-37_000.jpg.3.png => other
img.20181013_063629.2018-10-12_16-37-37_000.jpg.4.png => other
[20181013_063634 lib_ip.py:3300] =============== Get 4 corners
dpath_Images = C:\WORKS_2\WS\WS_Others.Art\JVEMV6\46_art\VIRTUAL\Admin_Projects\ip\images
fname_Image = img.20181013_063629.2018-10-12_16-37-37_000.jpg.4.png

[20181013_063635 / lib_ip.py:2273] inspecting ===> img.20181013_063634.2018-10-12_18-25-44_000.jpg.1.png
[20181013_063635 / lib_ip.py:4330] 
img.20181013_063634.2018-10-12_18-25-44_000.jpg.1.png 0
[20181013_063635 / lib_ip.py:3794] file = img.20181013_063634.2018-10-12_18-25-44_000.jpg.1.png / val_Average = 105.9033	val_Variance = 3.5342	sd = 1.8800	max = 110	min = 99
[20181013_063635 / lib_ip.py:3877] len(Hs) = 8100, len(Ss) = 8100, len(Vs) = 8100
[20181013_063635 / lib_ip.py:3910] yellow : variance --> out of range (variance = 3.534 / upper = 0.650 / lower = 0.000)
[20181013_063635 / lib_ip.py:3794] file = img.20181013_063634.2018-10-12_18-25-44_000.jpg.1.png / val_Average = 105.9033	val_Variance = 3.5342	sd = 1.8800	max = 110	min = 99
[20181013_063635 / lib_ip.py:3977] len(Hs) = 8100, len(Ss) = 8100, len(Vs) = 8100
[20181013_063636 / lib_ip.py:4023] red : variance --> out of range (variance = 3.534 / upper = 0.430 / lower = 0.000)
[20181013_063636 / lib_ip.py:3794] file = img.20181013_063634.2018-10-12_18-25-44_000.jpg.1.png / val_Average = 105.9033	val_Variance = 3.5342	sd = 1.8800	max = 110	min = 99
[20181013_063636 / lib_ip.py:4090] len(Hs) = 8100, len(Ss) = 8100, len(Vs) = 8100
[20181013_063636 / lib_ip.py:4137] green : variance --> out of range (variance = 3.534 / upper = 0.750 / lower = 0.000)
[20181013_063636 / lib_ip.py:3794] file = img.20181013_063634.2018-10-12_18-25-44_000.jpg.1.png / val_Average = 105.9033	val_Variance = 3.5342	sd = 1.8800	max = 110	min = 99
[20181013_063636 / lib_ip.py:4204] len(Hs) = 8100, len(Ss) = 8100, len(Vs) = 8100
[20181013_063636 / lib_ip.py:4248] black : variance --> out of range (variance = 3.534 / upper = 0.000 / lower = 0.000)
[20181013_063636 / lib_ip.py:4398] file : img.20181013_063634.2018-10-12_18-25-44_000.jpg.1.png 0 (black : variance --> out of range (variance = 3.534 / upper = 0.000 / lower = 0.000))
[20181013_063636 / lib_ip.py:2273] inspecting ===> img.20181013_063634.2018-10-12_18-25-44_000.jpg.2.png
[20181013_063637 / lib_ip.py:4330] 
img.20181013_063634.2018-10-12_18-25-44_000.jpg.2.png 1
[20181013_063637 / lib_ip.py:3794] file = img.20181013_063634.2018-10-12_18-25-44_000.jpg.2.png / val_Average = 120.0165	val_Variance = 0.0415	sd = 0.2036	max = 121	min = 119
[20181013_063637 / lib_ip.py:3877] len(Hs) = 8100, len(Ss) = 8100, len(Vs) = 8100
[20181013_063637 / lib_ip.py:3932] yellow : average --> out of range (average = 120.017 / upper = 99.200 / lower = 88.000)
[20181013_063637 / lib_ip.py:3794] file = img.20181013_063634.2018-10-12_18-25-44_000.jpg.2.png / val_Average = 120.0165	val_Variance = 0.0415	sd = 0.2036	max = 121	min = 119
[20181013_063637 / lib_ip.py:3977] len(Hs) = 8100, len(Ss) = 8100, len(Vs) = 8100
[20181013_063637 / lib_ip.py:2273] inspecting ===> img.20181013_063634.2018-10-12_18-25-44_000.jpg.3.png
[20181013_063638 / lib_ip.py:4330] 
img.20181013_063634.2018-10-12_18-25-44_000.jpg.3.png 2
[20181013_063638 / lib_ip.py:3794] file = img.20181013_063634.2018-10-12_18-25-44_000.jpg.3.png / val_Average = 110.1027	val_Variance = 3.4497	sd = 1.8573	max = 115	min = 105
[20181013_063638 / lib_ip.py:3877] len(Hs) = 8100, len(Ss) = 8100, len(Vs) = 8100
[20181013_063638 / lib_ip.py:3910] yellow : variance --> out of range (variance = 3.450 / upper = 0.650 / lower = 0.000)
[20181013_063638 / lib_ip.py:3794] file = img.20181013_063634.2018-10-12_18-25-44_000.jpg.3.png / val_Average = 110.1027	val_Variance = 3.4497	sd = 1.8573	max = 115	min = 105
[20181013_063638 / lib_ip.py:3977] len(Hs) = 8100, len(Ss) = 8100, len(Vs) = 8100
[20181013_063638 / lib_ip.py:4023] red : variance --> out of range (variance = 3.450 / upper = 0.430 / lower = 0.000)
[20181013_063639 / lib_ip.py:3794] file = img.20181013_063634.2018-10-12_18-25-44_000.jpg.3.png / val_Average = 110.1027	val_Variance = 3.4497	sd = 1.8573	max = 115	min = 105
[20181013_063639 / lib_ip.py:4090] len(Hs) = 8100, len(Ss) = 8100, len(Vs) = 8100
[20181013_063639 / lib_ip.py:4137] green : variance --> out of range (variance = 3.450 / upper = 0.750 / lower = 0.000)
[20181013_063639 / lib_ip.py:3794] file = img.20181013_063634.2018-10-12_18-25-44_000.jpg.3.png / val_Average = 110.1027	val_Variance = 3.4497	sd = 1.8573	max = 115	min = 105
[20181013_063639 / lib_ip.py:4204] len(Hs) = 8100, len(Ss) = 8100, len(Vs) = 8100
[20181013_063639 / lib_ip.py:4248] black : variance --> out of range (variance = 3.450 / upper = 0.000 / lower = 0.000)
[20181013_063639 / lib_ip.py:4398] file : img.20181013_063634.2018-10-12_18-25-44_000.jpg.3.png 2 (black : variance --> out of range (variance = 3.450 / upper = 0.000 / lower = 0.000))
[20181013_063639 / lib_ip.py:2273] inspecting ===> img.20181013_063634.2018-10-12_18-25-44_000.jpg.4.png
[20181013_063639 / lib_ip.py:4330] 
img.20181013_063634.2018-10-12_18-25-44_000.jpg.4.png 3
[20181013_063639 / lib_ip.py:3794] file = img.20181013_063634.2018-10-12_18-25-44_000.jpg.4.png / val_Average = 107.8095	val_Variance = 2.9698	sd = 1.7233	max = 115	min = 99
[20181013_063639 / lib_ip.py:3877] len(Hs) = 8100, len(Ss) = 8100, len(Vs) = 8100
[20181013_063639 / lib_ip.py:3910] yellow : variance --> out of range (variance = 2.970 / upper = 0.650 / lower = 0.000)
[20181013_063639 / lib_ip.py:3794] file = img.20181013_063634.2018-10-12_18-25-44_000.jpg.4.png / val_Average = 107.8095	val_Variance = 2.9698	sd = 1.7233	max = 115	min = 99
[20181013_063639 / lib_ip.py:3977] len(Hs) = 8100, len(Ss) = 8100, len(Vs) = 8100
[20181013_063639 / lib_ip.py:4023] red : variance --> out of range (variance = 2.970 / upper = 0.430 / lower = 0.000)
[20181013_063640 / lib_ip.py:3794] file = img.20181013_063634.2018-10-12_18-25-44_000.jpg.4.png / val_Average = 107.8095	val_Variance = 2.9698	sd = 1.7233	max = 115	min = 99
[20181013_063640 / lib_ip.py:4090] len(Hs) = 8100, len(Ss) = 8100, len(Vs) = 8100
[20181013_063640 / lib_ip.py:4137] green : variance --> out of range (variance = 2.970 / upper = 0.750 / lower = 0.000)
[20181013_063640 / lib_ip.py:3794] file = img.20181013_063634.2018-10-12_18-25-44_000.jpg.4.png / val_Average = 107.8095	val_Variance = 2.9698	sd = 1.7233	max = 115	min = 99
[20181013_063640 / lib_ip.py:4204] len(Hs) = 8100, len(Ss) = 8100, len(Vs) = 8100
[20181013_063640 / lib_ip.py:4248] black : variance --> out of range (variance = 2.970 / upper = 0.000 / lower = 0.000)
[20181013_063640 / lib_ip.py:4398] file : img.20181013_063634.2018-10-12_18-25-44_000.jpg.4.png 3 (black : variance --> out of range (variance = 2.970 / upper = 0.000 / lower = 0.000))
[20181013_063639 / lib_ip.py:2273] inspecting ===> img.20181013_063634.2018-10-12_18-25-44_000.jpg.4.png
img.20181013_063634.2018-10-12_18-25-44_000.jpg.1.png => other
img.20181013_063634.2018-10-12_18-25-44_000.jpg.2.png => other
img.20181013_063634.2018-10-12_18-25-44_000.jpg.3.png => other
img.20181013_063634.2018-10-12_18-25-44_000.jpg.4.png => other
[20181013_063640 lib_ip.py:3300] =============== Get 4 corners
dpath_Images = C:\WORKS_2\WS\WS_Others.Art\JVEMV6\46_art\VIRTUAL\Admin_Projects\ip\images
fname_Image = img.20181013_063634.2018-10-12_18-25-44_000.jpg.4.png

[20181013_063641 / lib_ip.py:2273] inspecting ===> img.20181013_063641.2018-10-12_19-30-13_000.jpg.1.png
[20181013_063641 / lib_ip.py:4330] 
img.20181013_063641.2018-10-12_19-30-13_000.jpg.1.png 0
[20181013_063642 / lib_ip.py:3794] file = img.20181013_063641.2018-10-12_19-30-13_000.jpg.1.png / val_Average = 96.0754	val_Variance = 4.0063	sd = 2.0016	max = 103	min = 82
[20181013_063642 / lib_ip.py:3877] len(Hs) = 8100, len(Ss) = 8100, len(Vs) = 8100
[20181013_063642 / lib_ip.py:3910] yellow : variance --> out of range (variance = 4.006 / upper = 0.650 / lower = 0.000)
[20181013_063642 / lib_ip.py:3794] file = img.20181013_063641.2018-10-12_19-30-13_000.jpg.1.png / val_Average = 96.0754	val_Variance = 4.0063	sd = 2.0016	max = 103	min = 82
[20181013_063642 / lib_ip.py:3977] len(Hs) = 8100, len(Ss) = 8100, len(Vs) = 8100
[20181013_063642 / lib_ip.py:4023] red : variance --> out of range (variance = 4.006 / upper = 0.430 / lower = 0.000)
[20181013_063642 / lib_ip.py:3794] file = img.20181013_063641.2018-10-12_19-30-13_000.jpg.1.png / val_Average = 96.0754	val_Variance = 4.0063	sd = 2.0016	max = 103	min = 82
[20181013_063642 / lib_ip.py:4090] len(Hs) = 8100, len(Ss) = 8100, len(Vs) = 8100
[20181013_063642 / lib_ip.py:4137] green : variance --> out of range (variance = 4.006 / upper = 0.750 / lower = 0.000)
[20181013_063642 / lib_ip.py:3794] file = img.20181013_063641.2018-10-12_19-30-13_000.jpg.1.png / val_Average = 96.0754	val_Variance = 4.0063	sd = 2.0016	max = 103	min = 82
[20181013_063642 / lib_ip.py:4204] len(Hs) = 8100, len(Ss) = 8100, len(Vs) = 8100
[20181013_063642 / lib_ip.py:4248] black : variance --> out of range (variance = 4.006 / upper = 0.000 / lower = 0.000)
[20181013_063642 / lib_ip.py:4398] file : img.20181013_063641.2018-10-12_19-30-13_000.jpg.1.png 0 (black : variance --> out of range (variance = 4.006 / upper = 0.000 / lower = 0.000))
[20181013_063642 / lib_ip.py:2273] inspecting ===> img.20181013_063641.2018-10-12_19-30-13_000.jpg.2.png
[20181013_063643 / lib_ip.py:4330] 
img.20181013_063641.2018-10-12_19-30-13_000.jpg.2.png 1
[20181013_063643 / lib_ip.py:3794] file = img.20181013_063641.2018-10-12_19-30-13_000.jpg.2.png / val_Average = 102.9373	val_Variance = 40.1869	sd = 6.3393	max = 135	min = 84
[20181013_063643 / lib_ip.py:3877] len(Hs) = 8100, len(Ss) = 8100, len(Vs) = 8100
[20181013_063643 / lib_ip.py:3910] yellow : variance --> out of range (variance = 40.187 / upper = 0.650 / lower = 0.000)
[20181013_063643 / lib_ip.py:3794] file = img.20181013_063641.2018-10-12_19-30-13_000.jpg.2.png / val_Average = 102.9373	val_Variance = 40.1869	sd = 6.3393	max = 135	min = 84
[20181013_063643 / lib_ip.py:3977] len(Hs) = 8100, len(Ss) = 8100, len(Vs) = 8100
[20181013_063643 / lib_ip.py:4023] red : variance --> out of range (variance = 40.187 / upper = 0.430 / lower = 0.000)
[20181013_063643 / lib_ip.py:3794] file = img.20181013_063641.2018-10-12_19-30-13_000.jpg.2.png / val_Average = 102.9373	val_Variance = 40.1869	sd = 6.3393	max = 135	min = 84
[20181013_063643 / lib_ip.py:4090] len(Hs) = 8100, len(Ss) = 8100, len(Vs) = 8100
[20181013_063644 / lib_ip.py:4137] green : variance --> out of range (variance = 40.187 / upper = 0.750 / lower = 0.000)
[20181013_063644 / lib_ip.py:3794] file = img.20181013_063641.2018-10-12_19-30-13_000.jpg.2.png / val_Average = 102.9373	val_Variance = 40.1869	sd = 6.3393	max = 135	min = 84
[20181013_063644 / lib_ip.py:4204] len(Hs) = 8100, len(Ss) = 8100, len(Vs) = 8100
[20181013_063644 / lib_ip.py:4248] black : variance --> out of range (variance = 40.187 / upper = 0.000 / lower = 0.000)
[20181013_063644 / lib_ip.py:4398] file : img.20181013_063641.2018-10-12_19-30-13_000.jpg.2.png 1 (black : variance --> out of range (variance = 40.187 / upper = 0.000 / lower = 0.000))
[20181013_063644 / lib_ip.py:2273] inspecting ===> img.20181013_063641.2018-10-12_19-30-13_000.jpg.3.png
[20181013_063644 / lib_ip.py:4330] 
img.20181013_063641.2018-10-12_19-30-13_000.jpg.3.png 2
[20181013_063644 / lib_ip.py:3794] file = img.20181013_063641.2018-10-12_19-30-13_000.jpg.3.png / val_Average = 99.9563	val_Variance = 0.3388	sd = 0.5821	max = 102	min = 98
[20181013_063644 / lib_ip.py:3877] len(Hs) = 8100, len(Ss) = 8100, len(Vs) = 8100
[20181013_063645 / lib_ip.py:3932] yellow : average --> out of range (average = 99.956 / upper = 99.200 / lower = 88.000)
[20181013_063645 / lib_ip.py:3794] file = img.20181013_063641.2018-10-12_19-30-13_000.jpg.3.png / val_Average = 99.9563	val_Variance = 0.3388	sd = 0.5821	max = 102	min = 98
[20181013_063645 / lib_ip.py:3977] len(Hs) = 8100, len(Ss) = 8100, len(Vs) = 8100
[20181013_063645 / lib_ip.py:4048] red : average --> out of range (average = 99.956 / upper = 124.000 / lower = 115.000)
[20181013_063645 / lib_ip.py:3794] file = img.20181013_063641.2018-10-12_19-30-13_000.jpg.3.png / val_Average = 99.9563	val_Variance = 0.3388	sd = 0.5821	max = 102	min = 98
[20181013_063645 / lib_ip.py:4090] len(Hs) = 8100, len(Ss) = 8100, len(Vs) = 8100
[20181013_063645 / lib_ip.py:4162] green : average --> out of range (average = 99.956 / upper = 83.000 / lower = 58.000)
[20181013_063645 / lib_ip.py:3794] file = img.20181013_063641.2018-10-12_19-30-13_000.jpg.3.png / val_Average = 99.9563	val_Variance = 0.3388	sd = 0.5821	max = 102	min = 98
[20181013_063645 / lib_ip.py:4204] len(Hs) = 8100, len(Ss) = 8100, len(Vs) = 8100
[20181013_063645 / lib_ip.py:4248] black : variance --> out of range (variance = 0.339 / upper = 0.000 / lower = 0.000)
[20181013_063645 / lib_ip.py:4398] file : img.20181013_063641.2018-10-12_19-30-13_000.jpg.3.png 2 (black : variance --> out of range (variance = 0.339 / upper = 0.000 / lower = 0.000))
[20181013_063645 / lib_ip.py:2273] inspecting ===> img.20181013_063641.2018-10-12_19-30-13_000.jpg.4.png
[20181013_063646 / lib_ip.py:4330] 
img.20181013_063641.2018-10-12_19-30-13_000.jpg.4.png 3
[20181013_063646 / lib_ip.py:3794] file = img.20181013_063641.2018-10-12_19-30-13_000.jpg.4.png / val_Average = 102.7800	val_Variance = 0.4222	sd = 0.6498	max = 105	min = 100
[20181013_063646 / lib_ip.py:3877] len(Hs) = 8100, len(Ss) = 8100, len(Vs) = 8100
[20181013_063646 / lib_ip.py:3932] yellow : average --> out of range (average = 102.780 / upper = 99.200 / lower = 88.000)
[20181013_063646 / lib_ip.py:3794] file = img.20181013_063641.2018-10-12_19-30-13_000.jpg.4.png / val_Average = 102.7800	val_Variance = 0.4222	sd = 0.6498	max = 105	min = 100
[20181013_063646 / lib_ip.py:3977] len(Hs) = 8100, len(Ss) = 8100, len(Vs) = 8100
[20181013_063646 / lib_ip.py:4048] red : average --> out of range (average = 102.780 / upper = 124.000 / lower = 115.000)
[20181013_063646 / lib_ip.py:3794] file = img.20181013_063641.2018-10-12_19-30-13_000.jpg.4.png / val_Average = 102.7800	val_Variance = 0.4222	sd = 0.6498	max = 105	min = 100
[20181013_063646 / lib_ip.py:4090] len(Hs) = 8100, len(Ss) = 8100, len(Vs) = 8100
[20181013_063646 / lib_ip.py:4162] green : average --> out of range (average = 102.780 / upper = 83.000 / lower = 58.000)
[20181013_063647 / lib_ip.py:3794] file = img.20181013_063641.2018-10-12_19-30-13_000.jpg.4.png / val_Average = 102.7800	val_Variance = 0.4222	sd = 0.6498	max = 105	min = 100
[20181013_063647 / lib_ip.py:4204] len(Hs) = 8100, len(Ss) = 8100, len(Vs) = 8100
[20181013_063647 / lib_ip.py:4248] black : variance --> out of range (variance = 0.422 / upper = 0.000 / lower = 0.000)
[20181013_063647 / lib_ip.py:4398] file : img.20181013_063641.2018-10-12_19-30-13_000.jpg.4.png 3 (black : variance --> out of range (variance = 0.422 / upper = 0.000 / lower = 0.000))
[20181013_063645 / lib_ip.py:2273] inspecting ===> img.20181013_063641.2018-10-12_19-30-13_000.jpg.4.png
img.20181013_063641.2018-10-12_19-30-13_000.jpg.1.png => other
img.20181013_063641.2018-10-12_19-30-13_000.jpg.2.png => other
img.20181013_063641.2018-10-12_19-30-13_000.jpg.3.png => other
img.20181013_063641.2018-10-12_19-30-13_000.jpg.4.png => other
[20181013_063647 lib_ip.py:3300] =============== Get 4 corners
dpath_Images = C:\WORKS_2\WS\WS_Others.Art\JVEMV6\46_art\VIRTUAL\Admin_Projects\ip\images
fname_Image = img.20181013_063641.2018-10-12_19-30-13_000.jpg.4.png

[20181013_063647 / lib_ip.py:2273] inspecting ===> img.20181013_063647.2018-10-12_20-05-08_000.jpg.1.png
[20181013_063648 / lib_ip.py:4330] 
img.20181013_063647.2018-10-12_20-05-08_000.jpg.1.png 0
[20181013_063648 / lib_ip.py:3794] file = img.20181013_063647.2018-10-12_20-05-08_000.jpg.1.png / val_Average = 46.7514	val_Variance = 1895.5873	sd = 43.5383	max = 135	min = 0
[20181013_063648 / lib_ip.py:3877] len(Hs) = 8100, len(Ss) = 8100, len(Vs) = 8100
[20181013_063648 / lib_ip.py:3910] yellow : variance --> out of range (variance = 1895.587 / upper = 0.650 / lower = 0.000)
[20181013_063648 / lib_ip.py:3794] file = img.20181013_063647.2018-10-12_20-05-08_000.jpg.1.png / val_Average = 46.7514	val_Variance = 1895.5873	sd = 43.5383	max = 135	min = 0
[20181013_063648 / lib_ip.py:3977] len(Hs) = 8100, len(Ss) = 8100, len(Vs) = 8100
[20181013_063648 / lib_ip.py:4023] red : variance --> out of range (variance = 1895.587 / upper = 0.430 / lower = 0.000)
[20181013_063648 / lib_ip.py:3794] file = img.20181013_063647.2018-10-12_20-05-08_000.jpg.1.png / val_Average = 46.7514	val_Variance = 1895.5873	sd = 43.5383	max = 135	min = 0
[20181013_063648 / lib_ip.py:4090] len(Hs) = 8100, len(Ss) = 8100, len(Vs) = 8100
[20181013_063648 / lib_ip.py:4137] green : variance --> out of range (variance = 1895.587 / upper = 0.750 / lower = 0.000)
[20181013_063649 / lib_ip.py:3794] file = img.20181013_063647.2018-10-12_20-05-08_000.jpg.1.png / val_Average = 46.7514	val_Variance = 1895.5873	sd = 43.5383	max = 135	min = 0
[20181013_063649 / lib_ip.py:4204] len(Hs) = 8100, len(Ss) = 8100, len(Vs) = 8100
[20181013_063649 / lib_ip.py:4248] black : variance --> out of range (variance = 1895.587 / upper = 0.000 / lower = 0.000)
[20181013_063649 / lib_ip.py:4398] file : img.20181013_063647.2018-10-12_20-05-08_000.jpg.1.png 0 (black : variance --> out of range (variance = 1895.587 / upper = 0.000 / lower = 0.000))
[20181013_063649 / lib_ip.py:2273] inspecting ===> img.20181013_063647.2018-10-12_20-05-08_000.jpg.2.png
[20181013_063649 / lib_ip.py:4330] 
img.20181013_063647.2018-10-12_20-05-08_000.jpg.2.png 1
[20181013_063649 / lib_ip.py:3794] file = img.20181013_063647.2018-10-12_20-05-08_000.jpg.2.png / val_Average = 70.1036	val_Variance = 1428.8948	sd = 37.8007	max = 160	min = 0
[20181013_063649 / lib_ip.py:3877] len(Hs) = 8100, len(Ss) = 8100, len(Vs) = 8100
[20181013_063649 / lib_ip.py:3910] yellow : variance --> out of range (variance = 1428.895 / upper = 0.650 / lower = 0.000)
[20181013_063649 / lib_ip.py:3794] file = img.20181013_063647.2018-10-12_20-05-08_000.jpg.2.png / val_Average = 70.1036	val_Variance = 1428.8948	sd = 37.8007	max = 160	min = 0
[20181013_063649 / lib_ip.py:3977] len(Hs) = 8100, len(Ss) = 8100, len(Vs) = 8100
[20181013_063650 / lib_ip.py:4023] red : variance --> out of range (variance = 1428.895 / upper = 0.430 / lower = 0.000)
[20181013_063650 / lib_ip.py:3794] file = img.20181013_063647.2018-10-12_20-05-08_000.jpg.2.png / val_Average = 70.1036	val_Variance = 1428.8948	sd = 37.8007	max = 160	min = 0
[20181013_063650 / lib_ip.py:4090] len(Hs) = 8100, len(Ss) = 8100, len(Vs) = 8100
[20181013_063650 / lib_ip.py:4137] green : variance --> out of range (variance = 1428.895 / upper = 0.750 / lower = 0.000)
[20181013_063650 / lib_ip.py:3794] file = img.20181013_063647.2018-10-12_20-05-08_000.jpg.2.png / val_Average = 70.1036	val_Variance = 1428.8948	sd = 37.8007	max = 160	min = 0
[20181013_063650 / lib_ip.py:4204] len(Hs) = 8100, len(Ss) = 8100, len(Vs) = 8100
[20181013_063650 / lib_ip.py:4248] black : variance --> out of range (variance = 1428.895 / upper = 0.000 / lower = 0.000)
[20181013_063650 / lib_ip.py:4398] file : img.20181013_063647.2018-10-12_20-05-08_000.jpg.2.png 1 (black : variance --> out of range (variance = 1428.895 / upper = 0.000 / lower = 0.000))
[20181013_063650 / lib_ip.py:2273] inspecting ===> img.20181013_063647.2018-10-12_20-05-08_000.jpg.3.png
[20181013_063650 / lib_ip.py:4330] 
img.20181013_063647.2018-10-12_20-05-08_000.jpg.3.png 2
[20181013_063650 / lib_ip.py:3794] file = img.20181013_063647.2018-10-12_20-05-08_000.jpg.3.png / val_Average = 53.1381	val_Variance = 1384.8388	sd = 37.2134	max = 135	min = 0
[20181013_063650 / lib_ip.py:3877] len(Hs) = 8100, len(Ss) = 8100, len(Vs) = 8100
[20181013_063650 / lib_ip.py:3910] yellow : variance --> out of range (variance = 1384.839 / upper = 0.650 / lower = 0.000)
[20181013_063651 / lib_ip.py:3794] file = img.20181013_063647.2018-10-12_20-05-08_000.jpg.3.png / val_Average = 53.1381	val_Variance = 1384.8388	sd = 37.2134	max = 135	min = 0
[20181013_063651 / lib_ip.py:3977] len(Hs) = 8100, len(Ss) = 8100, len(Vs) = 8100
[20181013_063651 / lib_ip.py:4023] red : variance --> out of range (variance = 1384.839 / upper = 0.430 / lower = 0.000)
[20181013_063651 / lib_ip.py:3794] file = img.20181013_063647.2018-10-12_20-05-08_000.jpg.3.png / val_Average = 53.1381	val_Variance = 1384.8388	sd = 37.2134	max = 135	min = 0
[20181013_063651 / lib_ip.py:4090] len(Hs) = 8100, len(Ss) = 8100, len(Vs) = 8100
[20181013_063651 / lib_ip.py:4137] green : variance --> out of range (variance = 1384.839 / upper = 0.750 / lower = 0.000)
[20181013_063651 / lib_ip.py:3794] file = img.20181013_063647.2018-10-12_20-05-08_000.jpg.3.png / val_Average = 53.1381	val_Variance = 1384.8388	sd = 37.2134	max = 135	min = 0
[20181013_063651 / lib_ip.py:4204] len(Hs) = 8100, len(Ss) = 8100, len(Vs) = 8100
[20181013_063651 / lib_ip.py:4248] black : variance --> out of range (variance = 1384.839 / upper = 0.000 / lower = 0.000)
[20181013_063651 / lib_ip.py:4398] file : img.20181013_063647.2018-10-12_20-05-08_000.jpg.3.png 2 (black : variance --> out of range (variance = 1384.839 / upper = 0.000 / lower = 0.000))
[20181013_063651 / lib_ip.py:2273] inspecting ===> img.20181013_063647.2018-10-12_20-05-08_000.jpg.4.png
[20181013_063651 / lib_ip.py:4330] 
img.20181013_063647.2018-10-12_20-05-08_000.jpg.4.png 3
[20181013_063652 / lib_ip.py:3794] file = img.20181013_063647.2018-10-12_20-05-08_000.jpg.4.png / val_Average = 92.8931	val_Variance = 0.0955	sd = 0.3090	max = 93	min = 92
[20181013_063652 / lib_ip.py:3877] len(Hs) = 8100, len(Ss) = 8100, len(Vs) = 8100
[20181013_063651 / lib_ip.py:2273] inspecting ===> img.20181013_063647.2018-10-12_20-05-08_000.jpg.4.png
img.20181013_063647.2018-10-12_20-05-08_000.jpg.1.png => other
img.20181013_063647.2018-10-12_20-05-08_000.jpg.2.png => other
img.20181013_063647.2018-10-12_20-05-08_000.jpg.3.png => other
img.20181013_063647.2018-10-12_20-05-08_000.jpg.4.png => yellow
[20181013_063652 lib_ip.py:3300] =============== Get 4 corners
dpath_Images = C:\WORKS_2\WS\WS_Others.Art\JVEMV6\46_art\VIRTUAL\Admin_Projects\ip\images
fname_Image = img.20181013_063647.2018-10-12_20-05-08_000.jpg.4.png

[20181013_063652 / lib_ip.py:2273] inspecting ===> img.20181013_063652.2018-10-12_22-16-43_000.jpg.1.png
[20181013_063653 / lib_ip.py:4330] 
img.20181013_063652.2018-10-12_22-16-43_000.jpg.1.png 0
[20181013_063653 / lib_ip.py:3794] file = img.20181013_063652.2018-10-12_22-16-43_000.jpg.1.png / val_Average = 78.5914	val_Variance = 73.6212	sd = 8.5803	max = 96	min = 0
[20181013_063653 / lib_ip.py:3877] len(Hs) = 8100, len(Ss) = 8100, len(Vs) = 8100
[20181013_063653 / lib_ip.py:3910] yellow : variance --> out of range (variance = 73.621 / upper = 0.650 / lower = 0.000)
[20181013_063653 / lib_ip.py:3794] file = img.20181013_063652.2018-10-12_22-16-43_000.jpg.1.png / val_Average = 78.5914	val_Variance = 73.6212	sd = 8.5803	max = 96	min = 0
[20181013_063653 / lib_ip.py:3977] len(Hs) = 8100, len(Ss) = 8100, len(Vs) = 8100
[20181013_063653 / lib_ip.py:4023] red : variance --> out of range (variance = 73.621 / upper = 0.430 / lower = 0.000)
[20181013_063653 / lib_ip.py:3794] file = img.20181013_063652.2018-10-12_22-16-43_000.jpg.1.png / val_Average = 78.5914	val_Variance = 73.6212	sd = 8.5803	max = 96	min = 0
[20181013_063653 / lib_ip.py:4090] len(Hs) = 8100, len(Ss) = 8100, len(Vs) = 8100
[20181013_063653 / lib_ip.py:4137] green : variance --> out of range (variance = 73.621 / upper = 0.750 / lower = 0.000)
[20181013_063654 / lib_ip.py:3794] file = img.20181013_063652.2018-10-12_22-16-43_000.jpg.1.png / val_Average = 78.5914	val_Variance = 73.6212	sd = 8.5803	max = 96	min = 0
[20181013_063654 / lib_ip.py:4204] len(Hs) = 8100, len(Ss) = 8100, len(Vs) = 8100
[20181013_063654 / lib_ip.py:4248] black : variance --> out of range (variance = 73.621 / upper = 0.000 / lower = 0.000)
[20181013_063654 / lib_ip.py:4398] file : img.20181013_063652.2018-10-12_22-16-43_000.jpg.1.png 0 (black : variance --> out of range (variance = 73.621 / upper = 0.000 / lower = 0.000))
[20181013_063654 / lib_ip.py:2273] inspecting ===> img.20181013_063652.2018-10-12_22-16-43_000.jpg.2.png
[20181013_063654 / lib_ip.py:4330] 
img.20181013_063652.2018-10-12_22-16-43_000.jpg.2.png 1
[20181013_063654 / lib_ip.py:3794] file = img.20181013_063652.2018-10-12_22-16-43_000.jpg.2.png / val_Average = 101.9095	val_Variance = 23.6690	sd = 4.8651	max = 112	min = 85
[20181013_063654 / lib_ip.py:3877] len(Hs) = 8100, len(Ss) = 8100, len(Vs) = 8100
[20181013_063654 / lib_ip.py:3910] yellow : variance --> out of range (variance = 23.669 / upper = 0.650 / lower = 0.000)
[20181013_063654 / lib_ip.py:3794] file = img.20181013_063652.2018-10-12_22-16-43_000.jpg.2.png / val_Average = 101.9095	val_Variance = 23.6690	sd = 4.8651	max = 112	min = 85
[20181013_063654 / lib_ip.py:3977] len(Hs) = 8100, len(Ss) = 8100, len(Vs) = 8100
[20181013_063654 / lib_ip.py:4023] red : variance --> out of range (variance = 23.669 / upper = 0.430 / lower = 0.000)
[20181013_063655 / lib_ip.py:3794] file = img.20181013_063652.2018-10-12_22-16-43_000.jpg.2.png / val_Average = 101.9095	val_Variance = 23.6690	sd = 4.8651	max = 112	min = 85
[20181013_063655 / lib_ip.py:4090] len(Hs) = 8100, len(Ss) = 8100, len(Vs) = 8100
[20181013_063655 / lib_ip.py:4137] green : variance --> out of range (variance = 23.669 / upper = 0.750 / lower = 0.000)
[20181013_063655 / lib_ip.py:3794] file = img.20181013_063652.2018-10-12_22-16-43_000.jpg.2.png / val_Average = 101.9095	val_Variance = 23.6690	sd = 4.8651	max = 112	min = 85
[20181013_063655 / lib_ip.py:4204] len(Hs) = 8100, len(Ss) = 8100, len(Vs) = 8100
[20181013_063655 / lib_ip.py:4248] black : variance --> out of range (variance = 23.669 / upper = 0.000 / lower = 0.000)
[20181013_063655 / lib_ip.py:4398] file : img.20181013_063652.2018-10-12_22-16-43_000.jpg.2.png 1 (black : variance --> out of range (variance = 23.669 / upper = 0.000 / lower = 0.000))
[20181013_063655 / lib_ip.py:2273] inspecting ===> img.20181013_063652.2018-10-12_22-16-43_000.jpg.3.png
[20181013_063655 / lib_ip.py:4330] 
img.20181013_063652.2018-10-12_22-16-43_000.jpg.3.png 2
[20181013_063655 / lib_ip.py:3794] file = img.20181013_063652.2018-10-12_22-16-43_000.jpg.3.png / val_Average = 96.1454	val_Variance = 23.3334	sd = 4.8305	max = 107	min = 84
[20181013_063655 / lib_ip.py:3877] len(Hs) = 8100, len(Ss) = 8100, len(Vs) = 8100
[20181013_063655 / lib_ip.py:3910] yellow : variance --> out of range (variance = 23.333 / upper = 0.650 / lower = 0.000)
[20181013_063656 / lib_ip.py:3794] file = img.20181013_063652.2018-10-12_22-16-43_000.jpg.3.png / val_Average = 96.1454	val_Variance = 23.3334	sd = 4.8305	max = 107	min = 84
[20181013_063656 / lib_ip.py:3977] len(Hs) = 8100, len(Ss) = 8100, len(Vs) = 8100
[20181013_063656 / lib_ip.py:4023] red : variance --> out of range (variance = 23.333 / upper = 0.430 / lower = 0.000)
[20181013_063656 / lib_ip.py:3794] file = img.20181013_063652.2018-10-12_22-16-43_000.jpg.3.png / val_Average = 96.1454	val_Variance = 23.3334	sd = 4.8305	max = 107	min = 84
[20181013_063656 / lib_ip.py:4090] len(Hs) = 8100, len(Ss) = 8100, len(Vs) = 8100
[20181013_063656 / lib_ip.py:4137] green : variance --> out of range (variance = 23.333 / upper = 0.750 / lower = 0.000)
[20181013_063656 / lib_ip.py:3794] file = img.20181013_063652.2018-10-12_22-16-43_000.jpg.3.png / val_Average = 96.1454	val_Variance = 23.3334	sd = 4.8305	max = 107	min = 84
[20181013_063656 / lib_ip.py:4204] len(Hs) = 8100, len(Ss) = 8100, len(Vs) = 8100
[20181013_063656 / lib_ip.py:4248] black : variance --> out of range (variance = 23.333 / upper = 0.000 / lower = 0.000)
[20181013_063656 / lib_ip.py:4398] file : img.20181013_063652.2018-10-12_22-16-43_000.jpg.3.png 2 (black : variance --> out of range (variance = 23.333 / upper = 0.000 / lower = 0.000))
[20181013_063656 / lib_ip.py:2273] inspecting ===> img.20181013_063652.2018-10-12_22-16-43_000.jpg.4.png
[20181013_063656 / lib_ip.py:4330] 
img.20181013_063652.2018-10-12_22-16-43_000.jpg.4.png 3
[20181013_063657 / lib_ip.py:3794] file = img.20181013_063652.2018-10-12_22-16-43_000.jpg.4.png / val_Average = 106.8394	val_Variance = 0.4286	sd = 0.6547	max = 108	min = 105
[20181013_063657 / lib_ip.py:3877] len(Hs) = 8100, len(Ss) = 8100, len(Vs) = 8100
[20181013_063657 / lib_ip.py:3932] yellow : average --> out of range (average = 106.839 / upper = 99.200 / lower = 88.000)
[20181013_063657 / lib_ip.py:3794] file = img.20181013_063652.2018-10-12_22-16-43_000.jpg.4.png / val_Average = 106.8394	val_Variance = 0.4286	sd = 0.6547	max = 108	min = 105
[20181013_063657 / lib_ip.py:3977] len(Hs) = 8100, len(Ss) = 8100, len(Vs) = 8100
[20181013_063657 / lib_ip.py:4048] red : average --> out of range (average = 106.839 / upper = 124.000 / lower = 115.000)
[20181013_063657 / lib_ip.py:3794] file = img.20181013_063652.2018-10-12_22-16-43_000.jpg.4.png / val_Average = 106.8394	val_Variance = 0.4286	sd = 0.6547	max = 108	min = 105
[20181013_063657 / lib_ip.py:4090] len(Hs) = 8100, len(Ss) = 8100, len(Vs) = 8100
[20181013_063657 / lib_ip.py:4162] green : average --> out of range (average = 106.839 / upper = 83.000 / lower = 58.000)
[20181013_063657 / lib_ip.py:3794] file = img.20181013_063652.2018-10-12_22-16-43_000.jpg.4.png / val_Average = 106.8394	val_Variance = 0.4286	sd = 0.6547	max = 108	min = 105
[20181013_063657 / lib_ip.py:4204] len(Hs) = 8100, len(Ss) = 8100, len(Vs) = 8100
[20181013_063658 / lib_ip.py:4248] black : variance --> out of range (variance = 0.429 / upper = 0.000 / lower = 0.000)
[20181013_063658 / lib_ip.py:4398] file : img.20181013_063652.2018-10-12_22-16-43_000.jpg.4.png 3 (black : variance --> out of range (variance = 0.429 / upper = 0.000 / lower = 0.000))
[20181013_063656 / lib_ip.py:2273] inspecting ===> img.20181013_063652.2018-10-12_22-16-43_000.jpg.4.png
img.20181013_063652.2018-10-12_22-16-43_000.jpg.1.png => other
img.20181013_063652.2018-10-12_22-16-43_000.jpg.2.png => other
img.20181013_063652.2018-10-12_22-16-43_000.jpg.3.png => other
img.20181013_063652.2018-10-12_22-16-43_000.jpg.4.png => other
[20181013_063658 lib_ip.py:3300] =============== Get 4 corners
dpath_Images = C:\WORKS_2\WS\WS_Others.Art\JVEMV6\46_art\VIRTUAL\Admin_Projects\ip\images
fname_Image = img.20181013_063652.2018-10-12_22-16-43_000.jpg.4.png

[20181013_063658 / lib_ip.py:2273] inspecting ===> img.20181013_063658.2018-10-13_06-12-54_000.jpg.1.png
[20181013_063659 / lib_ip.py:4330] 
img.20181013_063658.2018-10-13_06-12-54_000.jpg.1.png 0
[20181013_063659 / lib_ip.py:3794] file = img.20181013_063658.2018-10-13_06-12-54_000.jpg.1.png / val_Average = 75.2584	val_Variance = 0.1990	sd = 0.4461	max = 77	min = 74
[20181013_063659 / lib_ip.py:3877] len(Hs) = 8100, len(Ss) = 8100, len(Vs) = 8100
[20181013_063659 / lib_ip.py:3932] yellow : average --> out of range (average = 75.258 / upper = 99.200 / lower = 88.000)
[20181013_063659 / lib_ip.py:3794] file = img.20181013_063658.2018-10-13_06-12-54_000.jpg.1.png / val_Average = 75.2584	val_Variance = 0.1990	sd = 0.4461	max = 77	min = 74
[20181013_063659 / lib_ip.py:3977] len(Hs) = 8100, len(Ss) = 8100, len(Vs) = 8100
[20181013_063659 / lib_ip.py:4048] red : average --> out of range (average = 75.258 / upper = 124.000 / lower = 115.000)
[20181013_063659 / lib_ip.py:3794] file = img.20181013_063658.2018-10-13_06-12-54_000.jpg.1.png / val_Average = 75.2584	val_Variance = 0.1990	sd = 0.4461	max = 77	min = 74
[20181013_063659 / lib_ip.py:4090] len(Hs) = 8100, len(Ss) = 8100, len(Vs) = 8100
[20181013_063659 / lib_ip.py:2273] inspecting ===> img.20181013_063658.2018-10-13_06-12-54_000.jpg.2.png
[20181013_063659 / lib_ip.py:4330] 
img.20181013_063658.2018-10-13_06-12-54_000.jpg.2.png 1
[20181013_063700 / lib_ip.py:3794] file = img.20181013_063658.2018-10-13_06-12-54_000.jpg.2.png / val_Average = 109.3723	val_Variance = 0.8611	sd = 0.9280	max = 113	min = 107
[20181013_063700 / lib_ip.py:3877] len(Hs) = 8100, len(Ss) = 8100, len(Vs) = 8100
[20181013_063700 / lib_ip.py:3910] yellow : variance --> out of range (variance = 0.861 / upper = 0.650 / lower = 0.000)
[20181013_063700 / lib_ip.py:3794] file = img.20181013_063658.2018-10-13_06-12-54_000.jpg.2.png / val_Average = 109.3723	val_Variance = 0.8611	sd = 0.9280	max = 113	min = 107
[20181013_063700 / lib_ip.py:3977] len(Hs) = 8100, len(Ss) = 8100, len(Vs) = 8100
[20181013_063700 / lib_ip.py:4023] red : variance --> out of range (variance = 0.861 / upper = 0.430 / lower = 0.000)
[20181013_063700 / lib_ip.py:3794] file = img.20181013_063658.2018-10-13_06-12-54_000.jpg.2.png / val_Average = 109.3723	val_Variance = 0.8611	sd = 0.9280	max = 113	min = 107
[20181013_063700 / lib_ip.py:4090] len(Hs) = 8100, len(Ss) = 8100, len(Vs) = 8100
[20181013_063700 / lib_ip.py:4137] green : variance --> out of range (variance = 0.861 / upper = 0.750 / lower = 0.000)
[20181013_063700 / lib_ip.py:3794] file = img.20181013_063658.2018-10-13_06-12-54_000.jpg.2.png / val_Average = 109.3723	val_Variance = 0.8611	sd = 0.9280	max = 113	min = 107
[20181013_063700 / lib_ip.py:4204] len(Hs) = 8100, len(Ss) = 8100, len(Vs) = 8100
[20181013_063700 / lib_ip.py:4248] black : variance --> out of range (variance = 0.861 / upper = 0.000 / lower = 0.000)
[20181013_063700 / lib_ip.py:4398] file : img.20181013_063658.2018-10-13_06-12-54_000.jpg.2.png 1 (black : variance --> out of range (variance = 0.861 / upper = 0.000 / lower = 0.000))
[20181013_063701 / lib_ip.py:2273] inspecting ===> img.20181013_063658.2018-10-13_06-12-54_000.jpg.3.png
[20181013_063701 / lib_ip.py:4330] 
img.20181013_063658.2018-10-13_06-12-54_000.jpg.3.png 2
[20181013_063701 / lib_ip.py:3794] file = img.20181013_063658.2018-10-13_06-12-54_000.jpg.3.png / val_Average = 76.1457	val_Variance = 0.2045	sd = 0.4522	max = 80	min = 74
[20181013_063701 / lib_ip.py:3877] len(Hs) = 8100, len(Ss) = 8100, len(Vs) = 8100
[20181013_063701 / lib_ip.py:3932] yellow : average --> out of range (average = 76.146 / upper = 99.200 / lower = 88.000)
[20181013_063702 / lib_ip.py:3794] file = img.20181013_063658.2018-10-13_06-12-54_000.jpg.3.png / val_Average = 76.1457	val_Variance = 0.2045	sd = 0.4522	max = 80	min = 74
[20181013_063702 / lib_ip.py:3977] len(Hs) = 8100, len(Ss) = 8100, len(Vs) = 8100
[20181013_063702 / lib_ip.py:4048] red : average --> out of range (average = 76.146 / upper = 124.000 / lower = 115.000)
[20181013_063702 / lib_ip.py:3794] file = img.20181013_063658.2018-10-13_06-12-54_000.jpg.3.png / val_Average = 76.1457	val_Variance = 0.2045	sd = 0.4522	max = 80	min = 74
[20181013_063702 / lib_ip.py:4090] len(Hs) = 8100, len(Ss) = 8100, len(Vs) = 8100
[20181013_063702 / lib_ip.py:2273] inspecting ===> img.20181013_063658.2018-10-13_06-12-54_000.jpg.4.png
[20181013_063702 / lib_ip.py:4330] 
img.20181013_063658.2018-10-13_06-12-54_000.jpg.4.png 3
[20181013_063703 / lib_ip.py:3794] file = img.20181013_063658.2018-10-13_06-12-54_000.jpg.4.png / val_Average = 61.3683	val_Variance = 5204.5485	sd = 72.1426	max = 176	min = 0
[20181013_063703 / lib_ip.py:3877] len(Hs) = 8100, len(Ss) = 8100, len(Vs) = 8100
[20181013_063703 / lib_ip.py:3910] yellow : variance --> out of range (variance = 5204.548 / upper = 0.650 / lower = 0.000)
[20181013_063703 / lib_ip.py:3794] file = img.20181013_063658.2018-10-13_06-12-54_000.jpg.4.png / val_Average = 61.3683	val_Variance = 5204.5485	sd = 72.1426	max = 176	min = 0
[20181013_063703 / lib_ip.py:3977] len(Hs) = 8100, len(Ss) = 8100, len(Vs) = 8100
[20181013_063703 / lib_ip.py:4023] red : variance --> out of range (variance = 5204.548 / upper = 0.430 / lower = 0.000)
[20181013_063703 / lib_ip.py:3794] file = img.20181013_063658.2018-10-13_06-12-54_000.jpg.4.png / val_Average = 61.3683	val_Variance = 5204.5485	sd = 72.1426	max = 176	min = 0
[20181013_063703 / lib_ip.py:4090] len(Hs) = 8100, len(Ss) = 8100, len(Vs) = 8100
[20181013_063703 / lib_ip.py:4137] green : variance --> out of range (variance = 5204.548 / upper = 0.750 / lower = 0.000)
[20181013_063703 / lib_ip.py:3794] file = img.20181013_063658.2018-10-13_06-12-54_000.jpg.4.png / val_Average = 61.3683	val_Variance = 5204.5485	sd = 72.1426	max = 176	min = 0
[20181013_063703 / lib_ip.py:4204] len(Hs) = 8100, len(Ss) = 8100, len(Vs) = 8100
[20181013_063703 / lib_ip.py:4248] black : variance --> out of range (variance = 5204.548 / upper = 0.000 / lower = 0.000)
[20181013_063703 / lib_ip.py:4398] file : img.20181013_063658.2018-10-13_06-12-54_000.jpg.4.png 3 (black : variance --> out of range (variance = 5204.548 / upper = 0.000 / lower = 0.000))
[20181013_063702 / lib_ip.py:2273] inspecting ===> img.20181013_063658.2018-10-13_06-12-54_000.jpg.4.png
img.20181013_063658.2018-10-13_06-12-54_000.jpg.1.png => other
img.20181013_063658.2018-10-13_06-12-54_000.jpg.2.png => other
img.20181013_063658.2018-10-13_06-12-54_000.jpg.3.png => other
img.20181013_063658.2018-10-13_06-12-54_000.jpg.4.png => other
[20181013_063703 lib_ip.py:3300] =============== Get 4 corners
dpath_Images = C:\WORKS_2\WS\WS_Others.Art\JVEMV6\46_art\VIRTUAL\Admin_Projects\ip\images
fname_Image = img.20181013_063658.2018-10-13_06-12-54_000.jpg.4.png

[20181013_063704 / views.py:1400] gen csv => complete (20181013_063704)(elapsed = 52.813 sec / 9 files / 5.868 sec per file)
1)	2018-10-12_07-31-41_000.jpg => 	other other green green 
2)	2018-10-12_09-53-32_000.jpg => 	other other other yellow 
3)	2018-10-12_15-38-20_000.jpg => 	green other red other 
4)	2018-10-12_16-37-37_000.jpg => 	red other green other 
5)	2018-10-12_18-25-44_000.jpg => 	other red other other 
6)	2018-10-12_19-30-13_000.jpg => 	other other other other 
7)	2018-10-12_20-05-08_000.jpg => 	other other other yellow 
8)	2018-10-12_22-16-43_000.jpg => 	other other other other 
9)	2018-10-13_06-12-54_000.jpg => 	green other green other 
[20181013_063704 / views.py:1786] lo_ColorName_Set__Modified_2 =>
1)	2018-10-12_07-31-41_000.jpg => 	g g o o 
2)	2018-10-12_09-53-32_000.jpg => 	o o o y 
3)	2018-10-12_15-38-20_000.jpg => 	g o o r 
4)	2018-10-12_16-37-37_000.jpg => 	g o o r 
5)	2018-10-12_18-25-44_000.jpg => 	o o o r 
6)	2018-10-12_19-30-13_000.jpg => 	o o o o 
7)	2018-10-12_20-05-08_000.jpg => 	o o o y 
8)	2018-10-12_22-16-43_000.jpg => 	o o o o 
9)	2018-10-13_06-12-54_000.jpg => 	g g o o 
[20181013_063705 / views.py:1897] gen_Cake_CSV(request) ==> ending... =======================//

