[20180916_064911 / views.py:1495] gen_Cake_CSV(request) ==> starting... =======================
[20180916_064913 / lib_ip.py:2273] inspecting ===> img.20180916_064913.2018-09-15_09-02-09_000.jpg.1.png
[20180916_064914 / lib_ip.py:4330] 
img.20180916_064913.2018-09-15_09-02-09_000.jpg.1.png 0
[20180916_064914 / lib_ip.py:3794] file = img.20180916_064913.2018-09-15_09-02-09_000.jpg.1.png / val_Average = 81.7058	val_Variance = 655.3751	sd = 25.6003	max = 135	min = 0
[20180916_064914 / lib_ip.py:3877] len(Hs) = 8100, len(Ss) = 8100, len(Vs) = 8100
[20180916_064914 / lib_ip.py:3910] yellow : variance --> out of range (variance = 655.375 / upper = 0.650 / lower = 0.000)
[20180916_064914 / lib_ip.py:3794] file = img.20180916_064913.2018-09-15_09-02-09_000.jpg.1.png / val_Average = 81.7058	val_Variance = 655.3751	sd = 25.6003	max = 135	min = 0
[20180916_064914 / lib_ip.py:3977] len(Hs) = 8100, len(Ss) = 8100, len(Vs) = 8100
[20180916_064914 / lib_ip.py:4023] red : variance --> out of range (variance = 655.375 / upper = 0.430 / lower = 0.000)
[20180916_064914 / lib_ip.py:3794] file = img.20180916_064913.2018-09-15_09-02-09_000.jpg.1.png / val_Average = 81.7058	val_Variance = 655.3751	sd = 25.6003	max = 135	min = 0
[20180916_064914 / lib_ip.py:4090] len(Hs) = 8100, len(Ss) = 8100, len(Vs) = 8100
[20180916_064914 / lib_ip.py:4137] green : variance --> out of range (variance = 655.375 / upper = 0.750 / lower = 0.000)
[20180916_064914 / lib_ip.py:3794] file = img.20180916_064913.2018-09-15_09-02-09_000.jpg.1.png / val_Average = 81.7058	val_Variance = 655.3751	sd = 25.6003	max = 135	min = 0
[20180916_064915 / lib_ip.py:4204] len(Hs) = 8100, len(Ss) = 8100, len(Vs) = 8100
[20180916_064915 / lib_ip.py:4248] black : variance --> out of range (variance = 655.375 / upper = 0.000 / lower = 0.000)
[20180916_064915 / lib_ip.py:4398] file : img.20180916_064913.2018-09-15_09-02-09_000.jpg.1.png 0 (black : variance --> out of range (variance = 655.375 / upper = 0.000 / lower = 0.000))
[20180916_064915 / lib_ip.py:2273] inspecting ===> img.20180916_064913.2018-09-15_09-02-09_000.jpg.2.png
[20180916_064915 / lib_ip.py:4330] 
img.20180916_064913.2018-09-15_09-02-09_000.jpg.2.png 1
[20180916_064915 / lib_ip.py:3794] file = img.20180916_064913.2018-09-15_09-02-09_000.jpg.2.png / val_Average = 93.9909	val_Variance = 0.0091	sd = 0.0951	max = 94	min = 93
[20180916_064915 / lib_ip.py:3877] len(Hs) = 8100, len(Ss) = 8100, len(Vs) = 8100
[20180916_064915 / lib_ip.py:2273] inspecting ===> img.20180916_064913.2018-09-15_09-02-09_000.jpg.3.png
[20180916_064915 / lib_ip.py:4330] 
img.20180916_064913.2018-09-15_09-02-09_000.jpg.3.png 2
[20180916_064915 / lib_ip.py:3794] file = img.20180916_064913.2018-09-15_09-02-09_000.jpg.3.png / val_Average = 106.3864	val_Variance = 3.4191	sd = 1.8491	max = 111	min = 100
[20180916_064915 / lib_ip.py:3877] len(Hs) = 8100, len(Ss) = 8100, len(Vs) = 8100
[20180916_064915 / lib_ip.py:3910] yellow : variance --> out of range (variance = 3.419 / upper = 0.650 / lower = 0.000)
[20180916_064915 / lib_ip.py:3794] file = img.20180916_064913.2018-09-15_09-02-09_000.jpg.3.png / val_Average = 106.3864	val_Variance = 3.4191	sd = 1.8491	max = 111	min = 100
[20180916_064916 / lib_ip.py:3977] len(Hs) = 8100, len(Ss) = 8100, len(Vs) = 8100
[20180916_064916 / lib_ip.py:4023] red : variance --> out of range (variance = 3.419 / upper = 0.430 / lower = 0.000)
[20180916_064916 / lib_ip.py:3794] file = img.20180916_064913.2018-09-15_09-02-09_000.jpg.3.png / val_Average = 106.3864	val_Variance = 3.4191	sd = 1.8491	max = 111	min = 100
[20180916_064916 / lib_ip.py:4090] len(Hs) = 8100, len(Ss) = 8100, len(Vs) = 8100
[20180916_064916 / lib_ip.py:4137] green : variance --> out of range (variance = 3.419 / upper = 0.750 / lower = 0.000)
[20180916_064916 / lib_ip.py:3794] file = img.20180916_064913.2018-09-15_09-02-09_000.jpg.3.png / val_Average = 106.3864	val_Variance = 3.4191	sd = 1.8491	max = 111	min = 100
[20180916_064916 / lib_ip.py:4204] len(Hs) = 8100, len(Ss) = 8100, len(Vs) = 8100
[20180916_064916 / lib_ip.py:4248] black : variance --> out of range (variance = 3.419 / upper = 0.000 / lower = 0.000)
[20180916_064916 / lib_ip.py:4398] file : img.20180916_064913.2018-09-15_09-02-09_000.jpg.3.png 2 (black : variance --> out of range (variance = 3.419 / upper = 0.000 / lower = 0.000))
[20180916_064916 / lib_ip.py:2273] inspecting ===> img.20180916_064913.2018-09-15_09-02-09_000.jpg.4.png
[20180916_064916 / lib_ip.py:4330] 
img.20180916_064913.2018-09-15_09-02-09_000.jpg.4.png 3
[20180916_064916 / lib_ip.py:3794] file = img.20180916_064913.2018-09-15_09-02-09_000.jpg.4.png / val_Average = 108.3051	val_Variance = 653.6076	sd = 25.5657	max = 178	min = 0
[20180916_064916 / lib_ip.py:3877] len(Hs) = 8100, len(Ss) = 8100, len(Vs) = 8100
[20180916_064916 / lib_ip.py:3910] yellow : variance --> out of range (variance = 653.608 / upper = 0.650 / lower = 0.000)
[20180916_064917 / lib_ip.py:3794] file = img.20180916_064913.2018-09-15_09-02-09_000.jpg.4.png / val_Average = 108.3051	val_Variance = 653.6076	sd = 25.5657	max = 178	min = 0
[20180916_064917 / lib_ip.py:3977] len(Hs) = 8100, len(Ss) = 8100, len(Vs) = 8100
[20180916_064917 / lib_ip.py:4023] red : variance --> out of range (variance = 653.608 / upper = 0.430 / lower = 0.000)
[20180916_064917 / lib_ip.py:3794] file = img.20180916_064913.2018-09-15_09-02-09_000.jpg.4.png / val_Average = 108.3051	val_Variance = 653.6076	sd = 25.5657	max = 178	min = 0
[20180916_064917 / lib_ip.py:4090] len(Hs) = 8100, len(Ss) = 8100, len(Vs) = 8100
[20180916_064917 / lib_ip.py:4137] green : variance --> out of range (variance = 653.608 / upper = 0.750 / lower = 0.000)
[20180916_064917 / lib_ip.py:3794] file = img.20180916_064913.2018-09-15_09-02-09_000.jpg.4.png / val_Average = 108.3051	val_Variance = 653.6076	sd = 25.5657	max = 178	min = 0
[20180916_064917 / lib_ip.py:4204] len(Hs) = 8100, len(Ss) = 8100, len(Vs) = 8100
[20180916_064917 / lib_ip.py:4248] black : variance --> out of range (variance = 653.608 / upper = 0.000 / lower = 0.000)
[20180916_064917 / lib_ip.py:4398] file : img.20180916_064913.2018-09-15_09-02-09_000.jpg.4.png 3 (black : variance --> out of range (variance = 653.608 / upper = 0.000 / lower = 0.000))
[20180916_064916 / lib_ip.py:2273] inspecting ===> img.20180916_064913.2018-09-15_09-02-09_000.jpg.4.png
img.20180916_064913.2018-09-15_09-02-09_000.jpg.1.png => other
img.20180916_064913.2018-09-15_09-02-09_000.jpg.2.png => other
img.20180916_064913.2018-09-15_09-02-09_000.jpg.3.png => other
img.20180916_064913.2018-09-15_09-02-09_000.jpg.4.png => other
[20180916_064917 lib_ip.py:3300] =============== Get 4 corners
dpath_Images = C:\WORKS_2\WS\WS_Others.Art\JVEMV6\46_art\VIRTUAL\Admin_Projects\ip\images
fname_Image = img.20180916_064913.2018-09-15_09-02-09_000.jpg.4.png

[20180916_064918 / lib_ip.py:2273] inspecting ===> img.20180916_064917.2018-09-15_14-21-45_000.jpg.1.png
[20180916_064918 / lib_ip.py:4330] 
img.20180916_064917.2018-09-15_14-21-45_000.jpg.1.png 0
[20180916_064918 / lib_ip.py:3794] file = img.20180916_064917.2018-09-15_14-21-45_000.jpg.1.png / val_Average = 104.6423	val_Variance = 400.2134	sd = 20.0053	max = 160	min = 0
[20180916_064918 / lib_ip.py:3877] len(Hs) = 8100, len(Ss) = 8100, len(Vs) = 8100
[20180916_064918 / lib_ip.py:3910] yellow : variance --> out of range (variance = 400.213 / upper = 0.650 / lower = 0.000)
[20180916_064918 / lib_ip.py:3794] file = img.20180916_064917.2018-09-15_14-21-45_000.jpg.1.png / val_Average = 104.6423	val_Variance = 400.2134	sd = 20.0053	max = 160	min = 0
[20180916_064918 / lib_ip.py:3977] len(Hs) = 8100, len(Ss) = 8100, len(Vs) = 8100
[20180916_064918 / lib_ip.py:4023] red : variance --> out of range (variance = 400.213 / upper = 0.430 / lower = 0.000)
[20180916_064918 / lib_ip.py:3794] file = img.20180916_064917.2018-09-15_14-21-45_000.jpg.1.png / val_Average = 104.6423	val_Variance = 400.2134	sd = 20.0053	max = 160	min = 0
[20180916_064918 / lib_ip.py:4090] len(Hs) = 8100, len(Ss) = 8100, len(Vs) = 8100
[20180916_064918 / lib_ip.py:4137] green : variance --> out of range (variance = 400.213 / upper = 0.750 / lower = 0.000)
[20180916_064918 / lib_ip.py:3794] file = img.20180916_064917.2018-09-15_14-21-45_000.jpg.1.png / val_Average = 104.6423	val_Variance = 400.2134	sd = 20.0053	max = 160	min = 0
[20180916_064918 / lib_ip.py:4204] len(Hs) = 8100, len(Ss) = 8100, len(Vs) = 8100
[20180916_064918 / lib_ip.py:4248] black : variance --> out of range (variance = 400.213 / upper = 0.000 / lower = 0.000)
[20180916_064919 / lib_ip.py:4398] file : img.20180916_064917.2018-09-15_14-21-45_000.jpg.1.png 0 (black : variance --> out of range (variance = 400.213 / upper = 0.000 / lower = 0.000))
[20180916_064919 / lib_ip.py:2273] inspecting ===> img.20180916_064917.2018-09-15_14-21-45_000.jpg.2.png
[20180916_064919 / lib_ip.py:4330] 
img.20180916_064917.2018-09-15_14-21-45_000.jpg.2.png 1
[20180916_064919 / lib_ip.py:3794] file = img.20180916_064917.2018-09-15_14-21-45_000.jpg.2.png / val_Average = 32.0920	val_Variance = 3270.7786	sd = 57.1907	max = 176	min = 0
[20180916_064919 / lib_ip.py:3877] len(Hs) = 8100, len(Ss) = 8100, len(Vs) = 8100
[20180916_064919 / lib_ip.py:3910] yellow : variance --> out of range (variance = 3270.779 / upper = 0.650 / lower = 0.000)
[20180916_064919 / lib_ip.py:3794] file = img.20180916_064917.2018-09-15_14-21-45_000.jpg.2.png / val_Average = 32.0920	val_Variance = 3270.7786	sd = 57.1907	max = 176	min = 0
[20180916_064919 / lib_ip.py:3977] len(Hs) = 8100, len(Ss) = 8100, len(Vs) = 8100
[20180916_064919 / lib_ip.py:4023] red : variance --> out of range (variance = 3270.779 / upper = 0.430 / lower = 0.000)
[20180916_064919 / lib_ip.py:3794] file = img.20180916_064917.2018-09-15_14-21-45_000.jpg.2.png / val_Average = 32.0920	val_Variance = 3270.7786	sd = 57.1907	max = 176	min = 0
[20180916_064919 / lib_ip.py:4090] len(Hs) = 8100, len(Ss) = 8100, len(Vs) = 8100
[20180916_064919 / lib_ip.py:4137] green : variance --> out of range (variance = 3270.779 / upper = 0.750 / lower = 0.000)
[20180916_064919 / lib_ip.py:3794] file = img.20180916_064917.2018-09-15_14-21-45_000.jpg.2.png / val_Average = 32.0920	val_Variance = 3270.7786	sd = 57.1907	max = 176	min = 0
[20180916_064919 / lib_ip.py:4204] len(Hs) = 8100, len(Ss) = 8100, len(Vs) = 8100
[20180916_064919 / lib_ip.py:4248] black : variance --> out of range (variance = 3270.779 / upper = 0.000 / lower = 0.000)
[20180916_064919 / lib_ip.py:4398] file : img.20180916_064917.2018-09-15_14-21-45_000.jpg.2.png 1 (black : variance --> out of range (variance = 3270.779 / upper = 0.000 / lower = 0.000))
[20180916_064919 / lib_ip.py:2273] inspecting ===> img.20180916_064917.2018-09-15_14-21-45_000.jpg.3.png
[20180916_064920 / lib_ip.py:4330] 
img.20180916_064917.2018-09-15_14-21-45_000.jpg.3.png 2
[20180916_064920 / lib_ip.py:3794] file = img.20180916_064917.2018-09-15_14-21-45_000.jpg.3.png / val_Average = 75.9827	val_Variance = 0.0222	sd = 0.1489	max = 77	min = 75
[20180916_064920 / lib_ip.py:3877] len(Hs) = 8100, len(Ss) = 8100, len(Vs) = 8100
[20180916_064920 / lib_ip.py:3932] yellow : average --> out of range (average = 75.983 / upper = 99.200 / lower = 88.000)
[20180916_064920 / lib_ip.py:3794] file = img.20180916_064917.2018-09-15_14-21-45_000.jpg.3.png / val_Average = 75.9827	val_Variance = 0.0222	sd = 0.1489	max = 77	min = 75
[20180916_064920 / lib_ip.py:3977] len(Hs) = 8100, len(Ss) = 8100, len(Vs) = 8100
[20180916_064920 / lib_ip.py:4048] red : average --> out of range (average = 75.983 / upper = 124.000 / lower = 115.000)
[20180916_064920 / lib_ip.py:3794] file = img.20180916_064917.2018-09-15_14-21-45_000.jpg.3.png / val_Average = 75.9827	val_Variance = 0.0222	sd = 0.1489	max = 77	min = 75
[20180916_064920 / lib_ip.py:4090] len(Hs) = 8100, len(Ss) = 8100, len(Vs) = 8100
[20180916_064920 / lib_ip.py:2273] inspecting ===> img.20180916_064917.2018-09-15_14-21-45_000.jpg.4.png
[20180916_064920 / lib_ip.py:4330] 
img.20180916_064917.2018-09-15_14-21-45_000.jpg.4.png 3
[20180916_064921 / lib_ip.py:3794] file = img.20180916_064917.2018-09-15_14-21-45_000.jpg.4.png / val_Average = 75.4458	val_Variance = 0.2471	sd = 0.4971	max = 76	min = 75
[20180916_064921 / lib_ip.py:3877] len(Hs) = 8100, len(Ss) = 8100, len(Vs) = 8100
[20180916_064921 / lib_ip.py:3932] yellow : average --> out of range (average = 75.446 / upper = 99.200 / lower = 88.000)
[20180916_064921 / lib_ip.py:3794] file = img.20180916_064917.2018-09-15_14-21-45_000.jpg.4.png / val_Average = 75.4458	val_Variance = 0.2471	sd = 0.4971	max = 76	min = 75
[20180916_064921 / lib_ip.py:3977] len(Hs) = 8100, len(Ss) = 8100, len(Vs) = 8100
[20180916_064921 / lib_ip.py:4048] red : average --> out of range (average = 75.446 / upper = 124.000 / lower = 115.000)
[20180916_064921 / lib_ip.py:3794] file = img.20180916_064917.2018-09-15_14-21-45_000.jpg.4.png / val_Average = 75.4458	val_Variance = 0.2471	sd = 0.4971	max = 76	min = 75
[20180916_064921 / lib_ip.py:4090] len(Hs) = 8100, len(Ss) = 8100, len(Vs) = 8100
[20180916_064920 / lib_ip.py:2273] inspecting ===> img.20180916_064917.2018-09-15_14-21-45_000.jpg.4.png
img.20180916_064917.2018-09-15_14-21-45_000.jpg.1.png => other
img.20180916_064917.2018-09-15_14-21-45_000.jpg.2.png => other
img.20180916_064917.2018-09-15_14-21-45_000.jpg.3.png => other
img.20180916_064917.2018-09-15_14-21-45_000.jpg.4.png => other
[20180916_064921 lib_ip.py:3300] =============== Get 4 corners
dpath_Images = C:\WORKS_2\WS\WS_Others.Art\JVEMV6\46_art\VIRTUAL\Admin_Projects\ip\images
fname_Image = img.20180916_064917.2018-09-15_14-21-45_000.jpg.4.png

[20180916_064922 / lib_ip.py:2273] inspecting ===> img.20180916_064921.2018-09-15_17-46-50_000.jpg.1.png
[20180916_064922 / lib_ip.py:4330] 
img.20180916_064921.2018-09-15_17-46-50_000.jpg.1.png 0
[20180916_064922 / lib_ip.py:3794] file = img.20180916_064921.2018-09-15_17-46-50_000.jpg.1.png / val_Average = 107.3683	val_Variance = 452.5643	sd = 21.2736	max = 160	min = 0
[20180916_064922 / lib_ip.py:3877] len(Hs) = 8100, len(Ss) = 8100, len(Vs) = 8100
[20180916_064922 / lib_ip.py:3910] yellow : variance --> out of range (variance = 452.564 / upper = 0.650 / lower = 0.000)
[20180916_064922 / lib_ip.py:3794] file = img.20180916_064921.2018-09-15_17-46-50_000.jpg.1.png / val_Average = 107.3683	val_Variance = 452.5643	sd = 21.2736	max = 160	min = 0
[20180916_064922 / lib_ip.py:3977] len(Hs) = 8100, len(Ss) = 8100, len(Vs) = 8100
[20180916_064922 / lib_ip.py:4023] red : variance --> out of range (variance = 452.564 / upper = 0.430 / lower = 0.000)
[20180916_064922 / lib_ip.py:3794] file = img.20180916_064921.2018-09-15_17-46-50_000.jpg.1.png / val_Average = 107.3683	val_Variance = 452.5643	sd = 21.2736	max = 160	min = 0
[20180916_064922 / lib_ip.py:4090] len(Hs) = 8100, len(Ss) = 8100, len(Vs) = 8100
[20180916_064922 / lib_ip.py:4137] green : variance --> out of range (variance = 452.564 / upper = 0.750 / lower = 0.000)
[20180916_064922 / lib_ip.py:3794] file = img.20180916_064921.2018-09-15_17-46-50_000.jpg.1.png / val_Average = 107.3683	val_Variance = 452.5643	sd = 21.2736	max = 160	min = 0
[20180916_064922 / lib_ip.py:4204] len(Hs) = 8100, len(Ss) = 8100, len(Vs) = 8100
[20180916_064922 / lib_ip.py:4248] black : variance --> out of range (variance = 452.564 / upper = 0.000 / lower = 0.000)
[20180916_064922 / lib_ip.py:4398] file : img.20180916_064921.2018-09-15_17-46-50_000.jpg.1.png 0 (black : variance --> out of range (variance = 452.564 / upper = 0.000 / lower = 0.000))
[20180916_064923 / lib_ip.py:2273] inspecting ===> img.20180916_064921.2018-09-15_17-46-50_000.jpg.2.png
[20180916_064923 / lib_ip.py:4330] 
img.20180916_064921.2018-09-15_17-46-50_000.jpg.2.png 1
[20180916_064923 / lib_ip.py:3794] file = img.20180916_064921.2018-09-15_17-46-50_000.jpg.2.png / val_Average = 113.5026	val_Variance = 37.1307	sd = 6.0935	max = 135	min = 0
[20180916_064923 / lib_ip.py:3877] len(Hs) = 8100, len(Ss) = 8100, len(Vs) = 8100
[20180916_064923 / lib_ip.py:3910] yellow : variance --> out of range (variance = 37.131 / upper = 0.650 / lower = 0.000)
[20180916_064923 / lib_ip.py:3794] file = img.20180916_064921.2018-09-15_17-46-50_000.jpg.2.png / val_Average = 113.5026	val_Variance = 37.1307	sd = 6.0935	max = 135	min = 0
[20180916_064923 / lib_ip.py:3977] len(Hs) = 8100, len(Ss) = 8100, len(Vs) = 8100
[20180916_064923 / lib_ip.py:4023] red : variance --> out of range (variance = 37.131 / upper = 0.430 / lower = 0.000)
[20180916_064923 / lib_ip.py:3794] file = img.20180916_064921.2018-09-15_17-46-50_000.jpg.2.png / val_Average = 113.5026	val_Variance = 37.1307	sd = 6.0935	max = 135	min = 0
[20180916_064923 / lib_ip.py:4090] len(Hs) = 8100, len(Ss) = 8100, len(Vs) = 8100
[20180916_064923 / lib_ip.py:4137] green : variance --> out of range (variance = 37.131 / upper = 0.750 / lower = 0.000)
[20180916_064923 / lib_ip.py:3794] file = img.20180916_064921.2018-09-15_17-46-50_000.jpg.2.png / val_Average = 113.5026	val_Variance = 37.1307	sd = 6.0935	max = 135	min = 0
[20180916_064923 / lib_ip.py:4204] len(Hs) = 8100, len(Ss) = 8100, len(Vs) = 8100
[20180916_064924 / lib_ip.py:4248] black : variance --> out of range (variance = 37.131 / upper = 0.000 / lower = 0.000)
[20180916_064924 / lib_ip.py:4398] file : img.20180916_064921.2018-09-15_17-46-50_000.jpg.2.png 1 (black : variance --> out of range (variance = 37.131 / upper = 0.000 / lower = 0.000))
[20180916_064924 / lib_ip.py:2273] inspecting ===> img.20180916_064921.2018-09-15_17-46-50_000.jpg.3.png
[20180916_064924 / lib_ip.py:4330] 
img.20180916_064921.2018-09-15_17-46-50_000.jpg.3.png 2
[20180916_064924 / lib_ip.py:3794] file = img.20180916_064921.2018-09-15_17-46-50_000.jpg.3.png / val_Average = 77.0447	val_Variance = 0.1382	sd = 0.3718	max = 78	min = 76
[20180916_064924 / lib_ip.py:3877] len(Hs) = 8100, len(Ss) = 8100, len(Vs) = 8100
[20180916_064924 / lib_ip.py:3932] yellow : average --> out of range (average = 77.045 / upper = 99.200 / lower = 88.000)
[20180916_064924 / lib_ip.py:3794] file = img.20180916_064921.2018-09-15_17-46-50_000.jpg.3.png / val_Average = 77.0447	val_Variance = 0.1382	sd = 0.3718	max = 78	min = 76
[20180916_064924 / lib_ip.py:3977] len(Hs) = 8100, len(Ss) = 8100, len(Vs) = 8100
[20180916_064924 / lib_ip.py:4048] red : average --> out of range (average = 77.045 / upper = 124.000 / lower = 115.000)
[20180916_064924 / lib_ip.py:3794] file = img.20180916_064921.2018-09-15_17-46-50_000.jpg.3.png / val_Average = 77.0447	val_Variance = 0.1382	sd = 0.3718	max = 78	min = 76
[20180916_064924 / lib_ip.py:4090] len(Hs) = 8100, len(Ss) = 8100, len(Vs) = 8100
[20180916_064924 / lib_ip.py:2273] inspecting ===> img.20180916_064921.2018-09-15_17-46-50_000.jpg.4.png
[20180916_064925 / lib_ip.py:4330] 
img.20180916_064921.2018-09-15_17-46-50_000.jpg.4.png 3
[20180916_064925 / lib_ip.py:3794] file = img.20180916_064921.2018-09-15_17-46-50_000.jpg.4.png / val_Average = 121.9084	val_Variance = 0.1062	sd = 0.3258	max = 123	min = 121
[20180916_064925 / lib_ip.py:3877] len(Hs) = 8100, len(Ss) = 8100, len(Vs) = 8100
[20180916_064925 / lib_ip.py:3932] yellow : average --> out of range (average = 121.908 / upper = 99.200 / lower = 88.000)
[20180916_064925 / lib_ip.py:3794] file = img.20180916_064921.2018-09-15_17-46-50_000.jpg.4.png / val_Average = 121.9084	val_Variance = 0.1062	sd = 0.3258	max = 123	min = 121
[20180916_064925 / lib_ip.py:3977] len(Hs) = 8100, len(Ss) = 8100, len(Vs) = 8100
[20180916_064924 / lib_ip.py:2273] inspecting ===> img.20180916_064921.2018-09-15_17-46-50_000.jpg.4.png
img.20180916_064921.2018-09-15_17-46-50_000.jpg.1.png => other
img.20180916_064921.2018-09-15_17-46-50_000.jpg.2.png => other
img.20180916_064921.2018-09-15_17-46-50_000.jpg.3.png => other
img.20180916_064921.2018-09-15_17-46-50_000.jpg.4.png => other
[20180916_064925 lib_ip.py:3300] =============== Get 4 corners
dpath_Images = C:\WORKS_2\WS\WS_Others.Art\JVEMV6\46_art\VIRTUAL\Admin_Projects\ip\images
fname_Image = img.20180916_064921.2018-09-15_17-46-50_000.jpg.4.png

[20180916_064926 / lib_ip.py:2273] inspecting ===> img.20180916_064925.2018-09-15_17-47-33_000.jpg.1.png
[20180916_064926 / lib_ip.py:4330] 
img.20180916_064925.2018-09-15_17-47-33_000.jpg.1.png 0
[20180916_064926 / lib_ip.py:3794] file = img.20180916_064925.2018-09-15_17-47-33_000.jpg.1.png / val_Average = 107.3073	val_Variance = 2.2978	sd = 1.5158	max = 115	min = 101
[20180916_064926 / lib_ip.py:3877] len(Hs) = 8100, len(Ss) = 8100, len(Vs) = 8100
[20180916_064926 / lib_ip.py:3910] yellow : variance --> out of range (variance = 2.298 / upper = 0.650 / lower = 0.000)
[20180916_064926 / lib_ip.py:3794] file = img.20180916_064925.2018-09-15_17-47-33_000.jpg.1.png / val_Average = 107.3073	val_Variance = 2.2978	sd = 1.5158	max = 115	min = 101
[20180916_064926 / lib_ip.py:3977] len(Hs) = 8100, len(Ss) = 8100, len(Vs) = 8100
[20180916_064926 / lib_ip.py:4023] red : variance --> out of range (variance = 2.298 / upper = 0.430 / lower = 0.000)
[20180916_064926 / lib_ip.py:3794] file = img.20180916_064925.2018-09-15_17-47-33_000.jpg.1.png / val_Average = 107.3073	val_Variance = 2.2978	sd = 1.5158	max = 115	min = 101
[20180916_064926 / lib_ip.py:4090] len(Hs) = 8100, len(Ss) = 8100, len(Vs) = 8100
[20180916_064926 / lib_ip.py:4137] green : variance --> out of range (variance = 2.298 / upper = 0.750 / lower = 0.000)
[20180916_064926 / lib_ip.py:3794] file = img.20180916_064925.2018-09-15_17-47-33_000.jpg.1.png / val_Average = 107.3073	val_Variance = 2.2978	sd = 1.5158	max = 115	min = 101
[20180916_064926 / lib_ip.py:4204] len(Hs) = 8100, len(Ss) = 8100, len(Vs) = 8100
[20180916_064926 / lib_ip.py:4248] black : variance --> out of range (variance = 2.298 / upper = 0.000 / lower = 0.000)
[20180916_064926 / lib_ip.py:4398] file : img.20180916_064925.2018-09-15_17-47-33_000.jpg.1.png 0 (black : variance --> out of range (variance = 2.298 / upper = 0.000 / lower = 0.000))
[20180916_064926 / lib_ip.py:2273] inspecting ===> img.20180916_064925.2018-09-15_17-47-33_000.jpg.2.png
[20180916_064927 / lib_ip.py:4330] 
img.20180916_064925.2018-09-15_17-47-33_000.jpg.2.png 1
[20180916_064927 / lib_ip.py:3794] file = img.20180916_064925.2018-09-15_17-47-33_000.jpg.2.png / val_Average = 111.6223	val_Variance = 33.5138	sd = 5.7891	max = 135	min = 0
[20180916_064927 / lib_ip.py:3877] len(Hs) = 8100, len(Ss) = 8100, len(Vs) = 8100
[20180916_064927 / lib_ip.py:3910] yellow : variance --> out of range (variance = 33.514 / upper = 0.650 / lower = 0.000)
[20180916_064927 / lib_ip.py:3794] file = img.20180916_064925.2018-09-15_17-47-33_000.jpg.2.png / val_Average = 111.6223	val_Variance = 33.5138	sd = 5.7891	max = 135	min = 0
[20180916_064927 / lib_ip.py:3977] len(Hs) = 8100, len(Ss) = 8100, len(Vs) = 8100
[20180916_064927 / lib_ip.py:4023] red : variance --> out of range (variance = 33.514 / upper = 0.430 / lower = 0.000)
[20180916_064927 / lib_ip.py:3794] file = img.20180916_064925.2018-09-15_17-47-33_000.jpg.2.png / val_Average = 111.6223	val_Variance = 33.5138	sd = 5.7891	max = 135	min = 0
[20180916_064927 / lib_ip.py:4090] len(Hs) = 8100, len(Ss) = 8100, len(Vs) = 8100
[20180916_064927 / lib_ip.py:4137] green : variance --> out of range (variance = 33.514 / upper = 0.750 / lower = 0.000)
[20180916_064927 / lib_ip.py:3794] file = img.20180916_064925.2018-09-15_17-47-33_000.jpg.2.png / val_Average = 111.6223	val_Variance = 33.5138	sd = 5.7891	max = 135	min = 0
[20180916_064927 / lib_ip.py:4204] len(Hs) = 8100, len(Ss) = 8100, len(Vs) = 8100
[20180916_064927 / lib_ip.py:4248] black : variance --> out of range (variance = 33.514 / upper = 0.000 / lower = 0.000)
[20180916_064927 / lib_ip.py:4398] file : img.20180916_064925.2018-09-15_17-47-33_000.jpg.2.png 1 (black : variance --> out of range (variance = 33.514 / upper = 0.000 / lower = 0.000))
[20180916_064927 / lib_ip.py:2273] inspecting ===> img.20180916_064925.2018-09-15_17-47-33_000.jpg.3.png
[20180916_064928 / lib_ip.py:4330] 
img.20180916_064925.2018-09-15_17-47-33_000.jpg.3.png 2
[20180916_064928 / lib_ip.py:3794] file = img.20180916_064925.2018-09-15_17-47-33_000.jpg.3.png / val_Average = 76.8109	val_Variance = 0.2393	sd = 0.4892	max = 78	min = 74
[20180916_064928 / lib_ip.py:3877] len(Hs) = 8100, len(Ss) = 8100, len(Vs) = 8100
[20180916_064928 / lib_ip.py:3932] yellow : average --> out of range (average = 76.811 / upper = 99.200 / lower = 88.000)
[20180916_064928 / lib_ip.py:3794] file = img.20180916_064925.2018-09-15_17-47-33_000.jpg.3.png / val_Average = 76.8109	val_Variance = 0.2393	sd = 0.4892	max = 78	min = 74
[20180916_064928 / lib_ip.py:3977] len(Hs) = 8100, len(Ss) = 8100, len(Vs) = 8100
[20180916_064928 / lib_ip.py:4048] red : average --> out of range (average = 76.811 / upper = 124.000 / lower = 115.000)
[20180916_064928 / lib_ip.py:3794] file = img.20180916_064925.2018-09-15_17-47-33_000.jpg.3.png / val_Average = 76.8109	val_Variance = 0.2393	sd = 0.4892	max = 78	min = 74
[20180916_064928 / lib_ip.py:4090] len(Hs) = 8100, len(Ss) = 8100, len(Vs) = 8100
[20180916_064928 / lib_ip.py:2273] inspecting ===> img.20180916_064925.2018-09-15_17-47-33_000.jpg.4.png
[20180916_064928 / lib_ip.py:4330] 
img.20180916_064925.2018-09-15_17-47-33_000.jpg.4.png 3
[20180916_064928 / lib_ip.py:3794] file = img.20180916_064925.2018-09-15_17-47-33_000.jpg.4.png / val_Average = 122.0009	val_Variance = 0.2589	sd = 0.5088	max = 123	min = 121
[20180916_064928 / lib_ip.py:3877] len(Hs) = 8100, len(Ss) = 8100, len(Vs) = 8100
[20180916_064928 / lib_ip.py:3932] yellow : average --> out of range (average = 122.001 / upper = 99.200 / lower = 88.000)
[20180916_064929 / lib_ip.py:3794] file = img.20180916_064925.2018-09-15_17-47-33_000.jpg.4.png / val_Average = 122.0009	val_Variance = 0.2589	sd = 0.5088	max = 123	min = 121
[20180916_064929 / lib_ip.py:3977] len(Hs) = 8100, len(Ss) = 8100, len(Vs) = 8100
[20180916_064928 / lib_ip.py:2273] inspecting ===> img.20180916_064925.2018-09-15_17-47-33_000.jpg.4.png
img.20180916_064925.2018-09-15_17-47-33_000.jpg.1.png => other
img.20180916_064925.2018-09-15_17-47-33_000.jpg.2.png => other
img.20180916_064925.2018-09-15_17-47-33_000.jpg.3.png => other
img.20180916_064925.2018-09-15_17-47-33_000.jpg.4.png => other
[20180916_064929 lib_ip.py:3300] =============== Get 4 corners
dpath_Images = C:\WORKS_2\WS\WS_Others.Art\JVEMV6\46_art\VIRTUAL\Admin_Projects\ip\images
fname_Image = img.20180916_064925.2018-09-15_17-47-33_000.jpg.4.png

[20180916_064929 / lib_ip.py:2273] inspecting ===> img.20180916_064929.2018-09-15_18-51-43_000.jpg.1.png
[20180916_064930 / lib_ip.py:4330] 
img.20180916_064929.2018-09-15_18-51-43_000.jpg.1.png 0
[20180916_064930 / lib_ip.py:3794] file = img.20180916_064929.2018-09-15_18-51-43_000.jpg.1.png / val_Average = 107.4583	val_Variance = 1.9413	sd = 1.3933	max = 114	min = 102
[20180916_064930 / lib_ip.py:3877] len(Hs) = 8100, len(Ss) = 8100, len(Vs) = 8100
[20180916_064930 / lib_ip.py:3910] yellow : variance --> out of range (variance = 1.941 / upper = 0.650 / lower = 0.000)
[20180916_064930 / lib_ip.py:3794] file = img.20180916_064929.2018-09-15_18-51-43_000.jpg.1.png / val_Average = 107.4583	val_Variance = 1.9413	sd = 1.3933	max = 114	min = 102
[20180916_064930 / lib_ip.py:3977] len(Hs) = 8100, len(Ss) = 8100, len(Vs) = 8100
[20180916_064930 / lib_ip.py:4023] red : variance --> out of range (variance = 1.941 / upper = 0.430 / lower = 0.000)
[20180916_064930 / lib_ip.py:3794] file = img.20180916_064929.2018-09-15_18-51-43_000.jpg.1.png / val_Average = 107.4583	val_Variance = 1.9413	sd = 1.3933	max = 114	min = 102
[20180916_064930 / lib_ip.py:4090] len(Hs) = 8100, len(Ss) = 8100, len(Vs) = 8100
[20180916_064930 / lib_ip.py:4137] green : variance --> out of range (variance = 1.941 / upper = 0.750 / lower = 0.000)
[20180916_064930 / lib_ip.py:3794] file = img.20180916_064929.2018-09-15_18-51-43_000.jpg.1.png / val_Average = 107.4583	val_Variance = 1.9413	sd = 1.3933	max = 114	min = 102
[20180916_064930 / lib_ip.py:4204] len(Hs) = 8100, len(Ss) = 8100, len(Vs) = 8100
[20180916_064930 / lib_ip.py:4248] black : variance --> out of range (variance = 1.941 / upper = 0.000 / lower = 0.000)
[20180916_064930 / lib_ip.py:4398] file : img.20180916_064929.2018-09-15_18-51-43_000.jpg.1.png 0 (black : variance --> out of range (variance = 1.941 / upper = 0.000 / lower = 0.000))
[20180916_064930 / lib_ip.py:2273] inspecting ===> img.20180916_064929.2018-09-15_18-51-43_000.jpg.2.png
[20180916_064931 / lib_ip.py:4330] 
img.20180916_064929.2018-09-15_18-51-43_000.jpg.2.png 1
[20180916_064931 / lib_ip.py:3794] file = img.20180916_064929.2018-09-15_18-51-43_000.jpg.2.png / val_Average = 121.4320	val_Variance = 0.2681	sd = 0.5178	max = 123	min = 120
[20180916_064931 / lib_ip.py:3877] len(Hs) = 8100, len(Ss) = 8100, len(Vs) = 8100
[20180916_064931 / lib_ip.py:3932] yellow : average --> out of range (average = 121.432 / upper = 99.200 / lower = 88.000)
[20180916_064931 / lib_ip.py:3794] file = img.20180916_064929.2018-09-15_18-51-43_000.jpg.2.png / val_Average = 121.4320	val_Variance = 0.2681	sd = 0.5178	max = 123	min = 120
[20180916_064931 / lib_ip.py:3977] len(Hs) = 8100, len(Ss) = 8100, len(Vs) = 8100
[20180916_064931 / lib_ip.py:2273] inspecting ===> img.20180916_064929.2018-09-15_18-51-43_000.jpg.3.png
[20180916_064931 / lib_ip.py:4330] 
img.20180916_064929.2018-09-15_18-51-43_000.jpg.3.png 2
[20180916_064931 / lib_ip.py:3794] file = img.20180916_064929.2018-09-15_18-51-43_000.jpg.3.png / val_Average = 103.2660	val_Variance = 2.8121	sd = 1.6769	max = 108	min = 99
[20180916_064931 / lib_ip.py:3877] len(Hs) = 8100, len(Ss) = 8100, len(Vs) = 8100
[20180916_064931 / lib_ip.py:3910] yellow : variance --> out of range (variance = 2.812 / upper = 0.650 / lower = 0.000)
[20180916_064932 / lib_ip.py:3794] file = img.20180916_064929.2018-09-15_18-51-43_000.jpg.3.png / val_Average = 103.2660	val_Variance = 2.8121	sd = 1.6769	max = 108	min = 99
[20180916_064932 / lib_ip.py:3977] len(Hs) = 8100, len(Ss) = 8100, len(Vs) = 8100
[20180916_064932 / lib_ip.py:4023] red : variance --> out of range (variance = 2.812 / upper = 0.430 / lower = 0.000)
[20180916_064932 / lib_ip.py:3794] file = img.20180916_064929.2018-09-15_18-51-43_000.jpg.3.png / val_Average = 103.2660	val_Variance = 2.8121	sd = 1.6769	max = 108	min = 99
[20180916_064932 / lib_ip.py:4090] len(Hs) = 8100, len(Ss) = 8100, len(Vs) = 8100
[20180916_064932 / lib_ip.py:4137] green : variance --> out of range (variance = 2.812 / upper = 0.750 / lower = 0.000)
[20180916_064932 / lib_ip.py:3794] file = img.20180916_064929.2018-09-15_18-51-43_000.jpg.3.png / val_Average = 103.2660	val_Variance = 2.8121	sd = 1.6769	max = 108	min = 99
[20180916_064932 / lib_ip.py:4204] len(Hs) = 8100, len(Ss) = 8100, len(Vs) = 8100
[20180916_064932 / lib_ip.py:4248] black : variance --> out of range (variance = 2.812 / upper = 0.000 / lower = 0.000)
[20180916_064932 / lib_ip.py:4398] file : img.20180916_064929.2018-09-15_18-51-43_000.jpg.3.png 2 (black : variance --> out of range (variance = 2.812 / upper = 0.000 / lower = 0.000))
[20180916_064932 / lib_ip.py:2273] inspecting ===> img.20180916_064929.2018-09-15_18-51-43_000.jpg.4.png
[20180916_064932 / lib_ip.py:4330] 
img.20180916_064929.2018-09-15_18-51-43_000.jpg.4.png 3
[20180916_064932 / lib_ip.py:3794] file = img.20180916_064929.2018-09-15_18-51-43_000.jpg.4.png / val_Average = 101.3296	val_Variance = 3.0271	sd = 1.7399	max = 105	min = 95
[20180916_064932 / lib_ip.py:3877] len(Hs) = 8100, len(Ss) = 8100, len(Vs) = 8100
[20180916_064932 / lib_ip.py:3910] yellow : variance --> out of range (variance = 3.027 / upper = 0.650 / lower = 0.000)
[20180916_064932 / lib_ip.py:3794] file = img.20180916_064929.2018-09-15_18-51-43_000.jpg.4.png / val_Average = 101.3296	val_Variance = 3.0271	sd = 1.7399	max = 105	min = 95
[20180916_064932 / lib_ip.py:3977] len(Hs) = 8100, len(Ss) = 8100, len(Vs) = 8100
[20180916_064932 / lib_ip.py:4023] red : variance --> out of range (variance = 3.027 / upper = 0.430 / lower = 0.000)
[20180916_064932 / lib_ip.py:3794] file = img.20180916_064929.2018-09-15_18-51-43_000.jpg.4.png / val_Average = 101.3296	val_Variance = 3.0271	sd = 1.7399	max = 105	min = 95
[20180916_064932 / lib_ip.py:4090] len(Hs) = 8100, len(Ss) = 8100, len(Vs) = 8100
[20180916_064933 / lib_ip.py:4137] green : variance --> out of range (variance = 3.027 / upper = 0.750 / lower = 0.000)
[20180916_064933 / lib_ip.py:3794] file = img.20180916_064929.2018-09-15_18-51-43_000.jpg.4.png / val_Average = 101.3296	val_Variance = 3.0271	sd = 1.7399	max = 105	min = 95
[20180916_064933 / lib_ip.py:4204] len(Hs) = 8100, len(Ss) = 8100, len(Vs) = 8100
[20180916_064933 / lib_ip.py:4248] black : variance --> out of range (variance = 3.027 / upper = 0.000 / lower = 0.000)
[20180916_064933 / lib_ip.py:4398] file : img.20180916_064929.2018-09-15_18-51-43_000.jpg.4.png 3 (black : variance --> out of range (variance = 3.027 / upper = 0.000 / lower = 0.000))
[20180916_064932 / lib_ip.py:2273] inspecting ===> img.20180916_064929.2018-09-15_18-51-43_000.jpg.4.png
img.20180916_064929.2018-09-15_18-51-43_000.jpg.1.png => other
img.20180916_064929.2018-09-15_18-51-43_000.jpg.2.png => other
img.20180916_064929.2018-09-15_18-51-43_000.jpg.3.png => other
img.20180916_064929.2018-09-15_18-51-43_000.jpg.4.png => other
[20180916_064933 lib_ip.py:3300] =============== Get 4 corners
dpath_Images = C:\WORKS_2\WS\WS_Others.Art\JVEMV6\46_art\VIRTUAL\Admin_Projects\ip\images
fname_Image = img.20180916_064929.2018-09-15_18-51-43_000.jpg.4.png

[20180916_064934 / lib_ip.py:2273] inspecting ===> img.20180916_064933.2018-09-15_20-12-55_000.jpg.1.png
[20180916_064934 / lib_ip.py:4330] 
img.20180916_064933.2018-09-15_20-12-55_000.jpg.1.png 0
[20180916_064934 / lib_ip.py:3794] file = img.20180916_064933.2018-09-15_20-12-55_000.jpg.1.png / val_Average = 56.5580	val_Variance = 1686.1842	sd = 41.0632	max = 135	min = 0
[20180916_064934 / lib_ip.py:3877] len(Hs) = 8100, len(Ss) = 8100, len(Vs) = 8100
[20180916_064934 / lib_ip.py:3910] yellow : variance --> out of range (variance = 1686.184 / upper = 0.650 / lower = 0.000)
[20180916_064934 / lib_ip.py:3794] file = img.20180916_064933.2018-09-15_20-12-55_000.jpg.1.png / val_Average = 56.5580	val_Variance = 1686.1842	sd = 41.0632	max = 135	min = 0
[20180916_064934 / lib_ip.py:3977] len(Hs) = 8100, len(Ss) = 8100, len(Vs) = 8100
[20180916_064934 / lib_ip.py:4023] red : variance --> out of range (variance = 1686.184 / upper = 0.430 / lower = 0.000)
[20180916_064934 / lib_ip.py:3794] file = img.20180916_064933.2018-09-15_20-12-55_000.jpg.1.png / val_Average = 56.5580	val_Variance = 1686.1842	sd = 41.0632	max = 135	min = 0
[20180916_064934 / lib_ip.py:4090] len(Hs) = 8100, len(Ss) = 8100, len(Vs) = 8100
[20180916_064934 / lib_ip.py:4137] green : variance --> out of range (variance = 1686.184 / upper = 0.750 / lower = 0.000)
[20180916_064934 / lib_ip.py:3794] file = img.20180916_064933.2018-09-15_20-12-55_000.jpg.1.png / val_Average = 56.5580	val_Variance = 1686.1842	sd = 41.0632	max = 135	min = 0
[20180916_064934 / lib_ip.py:4204] len(Hs) = 8100, len(Ss) = 8100, len(Vs) = 8100
[20180916_064934 / lib_ip.py:4248] black : variance --> out of range (variance = 1686.184 / upper = 0.000 / lower = 0.000)
[20180916_064934 / lib_ip.py:4398] file : img.20180916_064933.2018-09-15_20-12-55_000.jpg.1.png 0 (black : variance --> out of range (variance = 1686.184 / upper = 0.000 / lower = 0.000))
[20180916_064934 / lib_ip.py:2273] inspecting ===> img.20180916_064933.2018-09-15_20-12-55_000.jpg.2.png
[20180916_064935 / lib_ip.py:4330] 
img.20180916_064933.2018-09-15_20-12-55_000.jpg.2.png 1
[20180916_064935 / lib_ip.py:3794] file = img.20180916_064933.2018-09-15_20-12-55_000.jpg.2.png / val_Average = 50.8485	val_Variance = 1717.6411	sd = 41.4444	max = 135	min = 0
[20180916_064935 / lib_ip.py:3877] len(Hs) = 8100, len(Ss) = 8100, len(Vs) = 8100
[20180916_064935 / lib_ip.py:3910] yellow : variance --> out of range (variance = 1717.641 / upper = 0.650 / lower = 0.000)
[20180916_064935 / lib_ip.py:3794] file = img.20180916_064933.2018-09-15_20-12-55_000.jpg.2.png / val_Average = 50.8485	val_Variance = 1717.6411	sd = 41.4444	max = 135	min = 0
[20180916_064935 / lib_ip.py:3977] len(Hs) = 8100, len(Ss) = 8100, len(Vs) = 8100
[20180916_064935 / lib_ip.py:4023] red : variance --> out of range (variance = 1717.641 / upper = 0.430 / lower = 0.000)
[20180916_064935 / lib_ip.py:3794] file = img.20180916_064933.2018-09-15_20-12-55_000.jpg.2.png / val_Average = 50.8485	val_Variance = 1717.6411	sd = 41.4444	max = 135	min = 0
[20180916_064935 / lib_ip.py:4090] len(Hs) = 8100, len(Ss) = 8100, len(Vs) = 8100
[20180916_064935 / lib_ip.py:4137] green : variance --> out of range (variance = 1717.641 / upper = 0.750 / lower = 0.000)
[20180916_064935 / lib_ip.py:3794] file = img.20180916_064933.2018-09-15_20-12-55_000.jpg.2.png / val_Average = 50.8485	val_Variance = 1717.6411	sd = 41.4444	max = 135	min = 0
[20180916_064935 / lib_ip.py:4204] len(Hs) = 8100, len(Ss) = 8100, len(Vs) = 8100
[20180916_064935 / lib_ip.py:4248] black : variance --> out of range (variance = 1717.641 / upper = 0.000 / lower = 0.000)
[20180916_064935 / lib_ip.py:4398] file : img.20180916_064933.2018-09-15_20-12-55_000.jpg.2.png 1 (black : variance --> out of range (variance = 1717.641 / upper = 0.000 / lower = 0.000))
[20180916_064935 / lib_ip.py:2273] inspecting ===> img.20180916_064933.2018-09-15_20-12-55_000.jpg.3.png
[20180916_064936 / lib_ip.py:4330] 
img.20180916_064933.2018-09-15_20-12-55_000.jpg.3.png 2
[20180916_064936 / lib_ip.py:3794] file = img.20180916_064933.2018-09-15_20-12-55_000.jpg.3.png / val_Average = 92.1254	val_Variance = 0.1097	sd = 0.3312	max = 93	min = 92
[20180916_064936 / lib_ip.py:3877] len(Hs) = 8100, len(Ss) = 8100, len(Vs) = 8100
[20180916_064936 / lib_ip.py:2273] inspecting ===> img.20180916_064933.2018-09-15_20-12-55_000.jpg.4.png
[20180916_064936 / lib_ip.py:4330] 
img.20180916_064933.2018-09-15_20-12-55_000.jpg.4.png 3
[20180916_064936 / lib_ip.py:3794] file = img.20180916_064933.2018-09-15_20-12-55_000.jpg.4.png / val_Average = 65.4599	val_Variance = 1559.9183	sd = 39.4958	max = 135	min = 0
[20180916_064936 / lib_ip.py:3877] len(Hs) = 8100, len(Ss) = 8100, len(Vs) = 8100
[20180916_064936 / lib_ip.py:3910] yellow : variance --> out of range (variance = 1559.918 / upper = 0.650 / lower = 0.000)
[20180916_064936 / lib_ip.py:3794] file = img.20180916_064933.2018-09-15_20-12-55_000.jpg.4.png / val_Average = 65.4599	val_Variance = 1559.9183	sd = 39.4958	max = 135	min = 0
[20180916_064936 / lib_ip.py:3977] len(Hs) = 8100, len(Ss) = 8100, len(Vs) = 8100
[20180916_064936 / lib_ip.py:4023] red : variance --> out of range (variance = 1559.918 / upper = 0.430 / lower = 0.000)
[20180916_064936 / lib_ip.py:3794] file = img.20180916_064933.2018-09-15_20-12-55_000.jpg.4.png / val_Average = 65.4599	val_Variance = 1559.9183	sd = 39.4958	max = 135	min = 0
[20180916_064936 / lib_ip.py:4090] len(Hs) = 8100, len(Ss) = 8100, len(Vs) = 8100
[20180916_064936 / lib_ip.py:4137] green : variance --> out of range (variance = 1559.918 / upper = 0.750 / lower = 0.000)
[20180916_064937 / lib_ip.py:3794] file = img.20180916_064933.2018-09-15_20-12-55_000.jpg.4.png / val_Average = 65.4599	val_Variance = 1559.9183	sd = 39.4958	max = 135	min = 0
[20180916_064937 / lib_ip.py:4204] len(Hs) = 8100, len(Ss) = 8100, len(Vs) = 8100
[20180916_064937 / lib_ip.py:4248] black : variance --> out of range (variance = 1559.918 / upper = 0.000 / lower = 0.000)
[20180916_064937 / lib_ip.py:4398] file : img.20180916_064933.2018-09-15_20-12-55_000.jpg.4.png 3 (black : variance --> out of range (variance = 1559.918 / upper = 0.000 / lower = 0.000))
[20180916_064936 / lib_ip.py:2273] inspecting ===> img.20180916_064933.2018-09-15_20-12-55_000.jpg.4.png
img.20180916_064933.2018-09-15_20-12-55_000.jpg.1.png => other
img.20180916_064933.2018-09-15_20-12-55_000.jpg.2.png => other
img.20180916_064933.2018-09-15_20-12-55_000.jpg.3.png => other
img.20180916_064933.2018-09-15_20-12-55_000.jpg.4.png => other
[20180916_064937 lib_ip.py:3300] =============== Get 4 corners
dpath_Images = C:\WORKS_2\WS\WS_Others.Art\JVEMV6\46_art\VIRTUAL\Admin_Projects\ip\images
fname_Image = img.20180916_064933.2018-09-15_20-12-55_000.jpg.4.png

[20180916_064937 / lib_ip.py:2273] inspecting ===> img.20180916_064937.2018-09-15_22-10-23_000.jpg.1.png
[20180916_064938 / lib_ip.py:4330] 
img.20180916_064937.2018-09-15_22-10-23_000.jpg.1.png 0
[20180916_064938 / lib_ip.py:3794] file = img.20180916_064937.2018-09-15_22-10-23_000.jpg.1.png / val_Average = 66.2794	val_Variance = 68.0401	sd = 8.2486	max = 90	min = 38
[20180916_064938 / lib_ip.py:3877] len(Hs) = 8100, len(Ss) = 8100, len(Vs) = 8100
[20180916_064938 / lib_ip.py:3910] yellow : variance --> out of range (variance = 68.040 / upper = 0.650 / lower = 0.000)
[20180916_064938 / lib_ip.py:3794] file = img.20180916_064937.2018-09-15_22-10-23_000.jpg.1.png / val_Average = 66.2794	val_Variance = 68.0401	sd = 8.2486	max = 90	min = 38
[20180916_064938 / lib_ip.py:3977] len(Hs) = 8100, len(Ss) = 8100, len(Vs) = 8100
[20180916_064938 / lib_ip.py:4023] red : variance --> out of range (variance = 68.040 / upper = 0.430 / lower = 0.000)
[20180916_064938 / lib_ip.py:3794] file = img.20180916_064937.2018-09-15_22-10-23_000.jpg.1.png / val_Average = 66.2794	val_Variance = 68.0401	sd = 8.2486	max = 90	min = 38
[20180916_064938 / lib_ip.py:4090] len(Hs) = 8100, len(Ss) = 8100, len(Vs) = 8100
[20180916_064938 / lib_ip.py:4137] green : variance --> out of range (variance = 68.040 / upper = 0.750 / lower = 0.000)
[20180916_064938 / lib_ip.py:3794] file = img.20180916_064937.2018-09-15_22-10-23_000.jpg.1.png / val_Average = 66.2794	val_Variance = 68.0401	sd = 8.2486	max = 90	min = 38
[20180916_064938 / lib_ip.py:4204] len(Hs) = 8100, len(Ss) = 8100, len(Vs) = 8100
[20180916_064938 / lib_ip.py:4248] black : variance --> out of range (variance = 68.040 / upper = 0.000 / lower = 0.000)
[20180916_064938 / lib_ip.py:4398] file : img.20180916_064937.2018-09-15_22-10-23_000.jpg.1.png 0 (black : variance --> out of range (variance = 68.040 / upper = 0.000 / lower = 0.000))
[20180916_064938 / lib_ip.py:2273] inspecting ===> img.20180916_064937.2018-09-15_22-10-23_000.jpg.2.png
[20180916_064938 / lib_ip.py:4330] 
img.20180916_064937.2018-09-15_22-10-23_000.jpg.2.png 1
[20180916_064938 / lib_ip.py:3794] file = img.20180916_064937.2018-09-15_22-10-23_000.jpg.2.png / val_Average = 90.6931	val_Variance = 34.3814	sd = 5.8636	max = 107	min = 77
[20180916_064938 / lib_ip.py:3877] len(Hs) = 8100, len(Ss) = 8100, len(Vs) = 8100
[20180916_064939 / lib_ip.py:3910] yellow : variance --> out of range (variance = 34.381 / upper = 0.650 / lower = 0.000)
[20180916_064939 / lib_ip.py:3794] file = img.20180916_064937.2018-09-15_22-10-23_000.jpg.2.png / val_Average = 90.6931	val_Variance = 34.3814	sd = 5.8636	max = 107	min = 77
[20180916_064939 / lib_ip.py:3977] len(Hs) = 8100, len(Ss) = 8100, len(Vs) = 8100
[20180916_064939 / lib_ip.py:4023] red : variance --> out of range (variance = 34.381 / upper = 0.430 / lower = 0.000)
[20180916_064939 / lib_ip.py:3794] file = img.20180916_064937.2018-09-15_22-10-23_000.jpg.2.png / val_Average = 90.6931	val_Variance = 34.3814	sd = 5.8636	max = 107	min = 77
[20180916_064939 / lib_ip.py:4090] len(Hs) = 8100, len(Ss) = 8100, len(Vs) = 8100
[20180916_064939 / lib_ip.py:4137] green : variance --> out of range (variance = 34.381 / upper = 0.750 / lower = 0.000)
[20180916_064939 / lib_ip.py:3794] file = img.20180916_064937.2018-09-15_22-10-23_000.jpg.2.png / val_Average = 90.6931	val_Variance = 34.3814	sd = 5.8636	max = 107	min = 77
[20180916_064939 / lib_ip.py:4204] len(Hs) = 8100, len(Ss) = 8100, len(Vs) = 8100
[20180916_064939 / lib_ip.py:4248] black : variance --> out of range (variance = 34.381 / upper = 0.000 / lower = 0.000)
[20180916_064939 / lib_ip.py:4398] file : img.20180916_064937.2018-09-15_22-10-23_000.jpg.2.png 1 (black : variance --> out of range (variance = 34.381 / upper = 0.000 / lower = 0.000))
[20180916_064939 / lib_ip.py:2273] inspecting ===> img.20180916_064937.2018-09-15_22-10-23_000.jpg.3.png
[20180916_064939 / lib_ip.py:4330] 
img.20180916_064937.2018-09-15_22-10-23_000.jpg.3.png 2
[20180916_064940 / lib_ip.py:3794] file = img.20180916_064937.2018-09-15_22-10-23_000.jpg.3.png / val_Average = 98.1352	val_Variance = 2.0648	sd = 1.4369	max = 104	min = 94
[20180916_064940 / lib_ip.py:3877] len(Hs) = 8100, len(Ss) = 8100, len(Vs) = 8100
[20180916_064940 / lib_ip.py:3910] yellow : variance --> out of range (variance = 2.065 / upper = 0.650 / lower = 0.000)
[20180916_064940 / lib_ip.py:3794] file = img.20180916_064937.2018-09-15_22-10-23_000.jpg.3.png / val_Average = 98.1352	val_Variance = 2.0648	sd = 1.4369	max = 104	min = 94
[20180916_064940 / lib_ip.py:3977] len(Hs) = 8100, len(Ss) = 8100, len(Vs) = 8100
[20180916_064940 / lib_ip.py:4023] red : variance --> out of range (variance = 2.065 / upper = 0.430 / lower = 0.000)
[20180916_064940 / lib_ip.py:3794] file = img.20180916_064937.2018-09-15_22-10-23_000.jpg.3.png / val_Average = 98.1352	val_Variance = 2.0648	sd = 1.4369	max = 104	min = 94
[20180916_064940 / lib_ip.py:4090] len(Hs) = 8100, len(Ss) = 8100, len(Vs) = 8100
[20180916_064940 / lib_ip.py:4137] green : variance --> out of range (variance = 2.065 / upper = 0.750 / lower = 0.000)
[20180916_064940 / lib_ip.py:3794] file = img.20180916_064937.2018-09-15_22-10-23_000.jpg.3.png / val_Average = 98.1352	val_Variance = 2.0648	sd = 1.4369	max = 104	min = 94
[20180916_064940 / lib_ip.py:4204] len(Hs) = 8100, len(Ss) = 8100, len(Vs) = 8100
[20180916_064940 / lib_ip.py:4248] black : variance --> out of range (variance = 2.065 / upper = 0.000 / lower = 0.000)
[20180916_064940 / lib_ip.py:4398] file : img.20180916_064937.2018-09-15_22-10-23_000.jpg.3.png 2 (black : variance --> out of range (variance = 2.065 / upper = 0.000 / lower = 0.000))
[20180916_064940 / lib_ip.py:2273] inspecting ===> img.20180916_064937.2018-09-15_22-10-23_000.jpg.4.png
[20180916_064940 / lib_ip.py:4330] 
img.20180916_064937.2018-09-15_22-10-23_000.jpg.4.png 3
[20180916_064940 / lib_ip.py:3794] file = img.20180916_064937.2018-09-15_22-10-23_000.jpg.4.png / val_Average = 106.8093	val_Variance = 0.4472	sd = 0.6687	max = 110	min = 104
[20180916_064940 / lib_ip.py:3877] len(Hs) = 8100, len(Ss) = 8100, len(Vs) = 8100
[20180916_064940 / lib_ip.py:3932] yellow : average --> out of range (average = 106.809 / upper = 99.200 / lower = 88.000)
[20180916_064940 / lib_ip.py:3794] file = img.20180916_064937.2018-09-15_22-10-23_000.jpg.4.png / val_Average = 106.8093	val_Variance = 0.4472	sd = 0.6687	max = 110	min = 104
[20180916_064941 / lib_ip.py:3977] len(Hs) = 8100, len(Ss) = 8100, len(Vs) = 8100
[20180916_064941 / lib_ip.py:4023] red : variance --> out of range (variance = 0.447 / upper = 0.430 / lower = 0.000)
[20180916_064941 / lib_ip.py:3794] file = img.20180916_064937.2018-09-15_22-10-23_000.jpg.4.png / val_Average = 106.8093	val_Variance = 0.4472	sd = 0.6687	max = 110	min = 104
[20180916_064941 / lib_ip.py:4090] len(Hs) = 8100, len(Ss) = 8100, len(Vs) = 8100
[20180916_064941 / lib_ip.py:4162] green : average --> out of range (average = 106.809 / upper = 83.000 / lower = 58.000)
[20180916_064941 / lib_ip.py:3794] file = img.20180916_064937.2018-09-15_22-10-23_000.jpg.4.png / val_Average = 106.8093	val_Variance = 0.4472	sd = 0.6687	max = 110	min = 104
[20180916_064941 / lib_ip.py:4204] len(Hs) = 8100, len(Ss) = 8100, len(Vs) = 8100
[20180916_064941 / lib_ip.py:4248] black : variance --> out of range (variance = 0.447 / upper = 0.000 / lower = 0.000)
[20180916_064941 / lib_ip.py:4398] file : img.20180916_064937.2018-09-15_22-10-23_000.jpg.4.png 3 (black : variance --> out of range (variance = 0.447 / upper = 0.000 / lower = 0.000))
[20180916_064940 / lib_ip.py:2273] inspecting ===> img.20180916_064937.2018-09-15_22-10-23_000.jpg.4.png
img.20180916_064937.2018-09-15_22-10-23_000.jpg.1.png => other
img.20180916_064937.2018-09-15_22-10-23_000.jpg.2.png => other
img.20180916_064937.2018-09-15_22-10-23_000.jpg.3.png => other
img.20180916_064937.2018-09-15_22-10-23_000.jpg.4.png => other
[20180916_064941 lib_ip.py:3300] =============== Get 4 corners
dpath_Images = C:\WORKS_2\WS\WS_Others.Art\JVEMV6\46_art\VIRTUAL\Admin_Projects\ip\images
fname_Image = img.20180916_064937.2018-09-15_22-10-23_000.jpg.4.png

[20180916_064942 / lib_ip.py:2273] inspecting ===> img.20180916_064941.2018-09-15_22-11-07_000.jpg.1.png
[20180916_064942 / lib_ip.py:4330] 
img.20180916_064941.2018-09-15_22-11-07_000.jpg.1.png 0
[20180916_064942 / lib_ip.py:3794] file = img.20180916_064941.2018-09-15_22-11-07_000.jpg.1.png / val_Average = 15.6725	val_Variance = 666.8556	sd = 25.8235	max = 174	min = 0
[20180916_064942 / lib_ip.py:3877] len(Hs) = 8100, len(Ss) = 8100, len(Vs) = 8100
[20180916_064942 / lib_ip.py:3910] yellow : variance --> out of range (variance = 666.856 / upper = 0.650 / lower = 0.000)
[20180916_064942 / lib_ip.py:3794] file = img.20180916_064941.2018-09-15_22-11-07_000.jpg.1.png / val_Average = 15.6725	val_Variance = 666.8556	sd = 25.8235	max = 174	min = 0
[20180916_064942 / lib_ip.py:3977] len(Hs) = 8100, len(Ss) = 8100, len(Vs) = 8100
[20180916_064942 / lib_ip.py:4023] red : variance --> out of range (variance = 666.856 / upper = 0.430 / lower = 0.000)
[20180916_064942 / lib_ip.py:3794] file = img.20180916_064941.2018-09-15_22-11-07_000.jpg.1.png / val_Average = 15.6725	val_Variance = 666.8556	sd = 25.8235	max = 174	min = 0
[20180916_064942 / lib_ip.py:4090] len(Hs) = 8100, len(Ss) = 8100, len(Vs) = 8100
[20180916_064942 / lib_ip.py:4137] green : variance --> out of range (variance = 666.856 / upper = 0.750 / lower = 0.000)
[20180916_064942 / lib_ip.py:3794] file = img.20180916_064941.2018-09-15_22-11-07_000.jpg.1.png / val_Average = 15.6725	val_Variance = 666.8556	sd = 25.8235	max = 174	min = 0
[20180916_064942 / lib_ip.py:4204] len(Hs) = 8100, len(Ss) = 8100, len(Vs) = 8100
[20180916_064942 / lib_ip.py:4248] black : variance --> out of range (variance = 666.856 / upper = 0.000 / lower = 0.000)
[20180916_064942 / lib_ip.py:4398] file : img.20180916_064941.2018-09-15_22-11-07_000.jpg.1.png 0 (black : variance --> out of range (variance = 666.856 / upper = 0.000 / lower = 0.000))
[20180916_064942 / lib_ip.py:2273] inspecting ===> img.20180916_064941.2018-09-15_22-11-07_000.jpg.2.png
[20180916_064943 / lib_ip.py:4330] 
img.20180916_064941.2018-09-15_22-11-07_000.jpg.2.png 1
[20180916_064943 / lib_ip.py:3794] file = img.20180916_064941.2018-09-15_22-11-07_000.jpg.2.png / val_Average = 60.6773	val_Variance = 1946.2781	sd = 44.1166	max = 174	min = 0
[20180916_064943 / lib_ip.py:3877] len(Hs) = 8100, len(Ss) = 8100, len(Vs) = 8100
[20180916_064943 / lib_ip.py:3910] yellow : variance --> out of range (variance = 1946.278 / upper = 0.650 / lower = 0.000)
[20180916_064943 / lib_ip.py:3794] file = img.20180916_064941.2018-09-15_22-11-07_000.jpg.2.png / val_Average = 60.6773	val_Variance = 1946.2781	sd = 44.1166	max = 174	min = 0
[20180916_064943 / lib_ip.py:3977] len(Hs) = 8100, len(Ss) = 8100, len(Vs) = 8100
[20180916_064943 / lib_ip.py:4023] red : variance --> out of range (variance = 1946.278 / upper = 0.430 / lower = 0.000)
[20180916_064943 / lib_ip.py:3794] file = img.20180916_064941.2018-09-15_22-11-07_000.jpg.2.png / val_Average = 60.6773	val_Variance = 1946.2781	sd = 44.1166	max = 174	min = 0
[20180916_064943 / lib_ip.py:4090] len(Hs) = 8100, len(Ss) = 8100, len(Vs) = 8100
[20180916_064943 / lib_ip.py:4137] green : variance --> out of range (variance = 1946.278 / upper = 0.750 / lower = 0.000)
[20180916_064943 / lib_ip.py:3794] file = img.20180916_064941.2018-09-15_22-11-07_000.jpg.2.png / val_Average = 60.6773	val_Variance = 1946.2781	sd = 44.1166	max = 174	min = 0
[20180916_064943 / lib_ip.py:4204] len(Hs) = 8100, len(Ss) = 8100, len(Vs) = 8100
[20180916_064943 / lib_ip.py:4248] black : variance --> out of range (variance = 1946.278 / upper = 0.000 / lower = 0.000)
[20180916_064943 / lib_ip.py:4398] file : img.20180916_064941.2018-09-15_22-11-07_000.jpg.2.png 1 (black : variance --> out of range (variance = 1946.278 / upper = 0.000 / lower = 0.000))
[20180916_064943 / lib_ip.py:2273] inspecting ===> img.20180916_064941.2018-09-15_22-11-07_000.jpg.3.png
[20180916_064944 / lib_ip.py:4330] 
img.20180916_064941.2018-09-15_22-11-07_000.jpg.3.png 2
[20180916_064944 / lib_ip.py:3794] file = img.20180916_064941.2018-09-15_22-11-07_000.jpg.3.png / val_Average = 82.1001	val_Variance = 266.9691	sd = 16.3392	max = 135	min = 0
[20180916_064944 / lib_ip.py:3877] len(Hs) = 8100, len(Ss) = 8100, len(Vs) = 8100
[20180916_064944 / lib_ip.py:3910] yellow : variance --> out of range (variance = 266.969 / upper = 0.650 / lower = 0.000)
[20180916_064944 / lib_ip.py:3794] file = img.20180916_064941.2018-09-15_22-11-07_000.jpg.3.png / val_Average = 82.1001	val_Variance = 266.9691	sd = 16.3392	max = 135	min = 0
[20180916_064944 / lib_ip.py:3977] len(Hs) = 8100, len(Ss) = 8100, len(Vs) = 8100
[20180916_064944 / lib_ip.py:4023] red : variance --> out of range (variance = 266.969 / upper = 0.430 / lower = 0.000)
[20180916_064944 / lib_ip.py:3794] file = img.20180916_064941.2018-09-15_22-11-07_000.jpg.3.png / val_Average = 82.1001	val_Variance = 266.9691	sd = 16.3392	max = 135	min = 0
[20180916_064944 / lib_ip.py:4090] len(Hs) = 8100, len(Ss) = 8100, len(Vs) = 8100
[20180916_064944 / lib_ip.py:4137] green : variance --> out of range (variance = 266.969 / upper = 0.750 / lower = 0.000)
[20180916_064944 / lib_ip.py:3794] file = img.20180916_064941.2018-09-15_22-11-07_000.jpg.3.png / val_Average = 82.1001	val_Variance = 266.9691	sd = 16.3392	max = 135	min = 0
[20180916_064944 / lib_ip.py:4204] len(Hs) = 8100, len(Ss) = 8100, len(Vs) = 8100
[20180916_064944 / lib_ip.py:4248] black : variance --> out of range (variance = 266.969 / upper = 0.000 / lower = 0.000)
[20180916_064944 / lib_ip.py:4398] file : img.20180916_064941.2018-09-15_22-11-07_000.jpg.3.png 2 (black : variance --> out of range (variance = 266.969 / upper = 0.000 / lower = 0.000))
[20180916_064944 / lib_ip.py:2273] inspecting ===> img.20180916_064941.2018-09-15_22-11-07_000.jpg.4.png
[20180916_064945 / lib_ip.py:4330] 
img.20180916_064941.2018-09-15_22-11-07_000.jpg.4.png 3
[20180916_064945 / lib_ip.py:3794] file = img.20180916_064941.2018-09-15_22-11-07_000.jpg.4.png / val_Average = 15.7469	val_Variance = 8.2678	sd = 2.8754	max = 27	min = 9
[20180916_064945 / lib_ip.py:3877] len(Hs) = 8100, len(Ss) = 8100, len(Vs) = 8100
[20180916_064945 / lib_ip.py:3910] yellow : variance --> out of range (variance = 8.268 / upper = 0.650 / lower = 0.000)
[20180916_064945 / lib_ip.py:3794] file = img.20180916_064941.2018-09-15_22-11-07_000.jpg.4.png / val_Average = 15.7469	val_Variance = 8.2678	sd = 2.8754	max = 27	min = 9
[20180916_064945 / lib_ip.py:3977] len(Hs) = 8100, len(Ss) = 8100, len(Vs) = 8100
[20180916_064945 / lib_ip.py:4023] red : variance --> out of range (variance = 8.268 / upper = 0.430 / lower = 0.000)
[20180916_064945 / lib_ip.py:3794] file = img.20180916_064941.2018-09-15_22-11-07_000.jpg.4.png / val_Average = 15.7469	val_Variance = 8.2678	sd = 2.8754	max = 27	min = 9
[20180916_064945 / lib_ip.py:4090] len(Hs) = 8100, len(Ss) = 8100, len(Vs) = 8100
[20180916_064945 / lib_ip.py:4137] green : variance --> out of range (variance = 8.268 / upper = 0.750 / lower = 0.000)
[20180916_064945 / lib_ip.py:3794] file = img.20180916_064941.2018-09-15_22-11-07_000.jpg.4.png / val_Average = 15.7469	val_Variance = 8.2678	sd = 2.8754	max = 27	min = 9
[20180916_064945 / lib_ip.py:4204] len(Hs) = 8100, len(Ss) = 8100, len(Vs) = 8100
[20180916_064945 / lib_ip.py:4248] black : variance --> out of range (variance = 8.268 / upper = 0.000 / lower = 0.000)
[20180916_064945 / lib_ip.py:4398] file : img.20180916_064941.2018-09-15_22-11-07_000.jpg.4.png 3 (black : variance --> out of range (variance = 8.268 / upper = 0.000 / lower = 0.000))
[20180916_064944 / lib_ip.py:2273] inspecting ===> img.20180916_064941.2018-09-15_22-11-07_000.jpg.4.png
img.20180916_064941.2018-09-15_22-11-07_000.jpg.1.png => other
img.20180916_064941.2018-09-15_22-11-07_000.jpg.2.png => other
img.20180916_064941.2018-09-15_22-11-07_000.jpg.3.png => other
img.20180916_064941.2018-09-15_22-11-07_000.jpg.4.png => other
[20180916_064945 lib_ip.py:3300] =============== Get 4 corners
dpath_Images = C:\WORKS_2\WS\WS_Others.Art\JVEMV6\46_art\VIRTUAL\Admin_Projects\ip\images
fname_Image = img.20180916_064941.2018-09-15_22-11-07_000.jpg.4.png

[20180916_064946 / lib_ip.py:2273] inspecting ===> img.20180916_064946.2018-09-15_22-11-16_000.jpg.1.png
[20180916_064946 / lib_ip.py:4330] 
img.20180916_064946.2018-09-15_22-11-16_000.jpg.1.png 0
[20180916_064946 / lib_ip.py:3794] file = img.20180916_064946.2018-09-15_22-11-16_000.jpg.1.png / val_Average = 57.9057	val_Variance = 660.9128	sd = 25.7082	max = 135	min = 0
[20180916_064946 / lib_ip.py:3877] len(Hs) = 8100, len(Ss) = 8100, len(Vs) = 8100
[20180916_064946 / lib_ip.py:3910] yellow : variance --> out of range (variance = 660.913 / upper = 0.650 / lower = 0.000)
[20180916_064946 / lib_ip.py:3794] file = img.20180916_064946.2018-09-15_22-11-16_000.jpg.1.png / val_Average = 57.9057	val_Variance = 660.9128	sd = 25.7082	max = 135	min = 0
[20180916_064946 / lib_ip.py:3977] len(Hs) = 8100, len(Ss) = 8100, len(Vs) = 8100
[20180916_064946 / lib_ip.py:4023] red : variance --> out of range (variance = 660.913 / upper = 0.430 / lower = 0.000)
[20180916_064947 / lib_ip.py:3794] file = img.20180916_064946.2018-09-15_22-11-16_000.jpg.1.png / val_Average = 57.9057	val_Variance = 660.9128	sd = 25.7082	max = 135	min = 0
[20180916_064947 / lib_ip.py:4090] len(Hs) = 8100, len(Ss) = 8100, len(Vs) = 8100
[20180916_064947 / lib_ip.py:4137] green : variance --> out of range (variance = 660.913 / upper = 0.750 / lower = 0.000)
[20180916_064947 / lib_ip.py:3794] file = img.20180916_064946.2018-09-15_22-11-16_000.jpg.1.png / val_Average = 57.9057	val_Variance = 660.9128	sd = 25.7082	max = 135	min = 0
[20180916_064947 / lib_ip.py:4204] len(Hs) = 8100, len(Ss) = 8100, len(Vs) = 8100
[20180916_064947 / lib_ip.py:4248] black : variance --> out of range (variance = 660.913 / upper = 0.000 / lower = 0.000)
[20180916_064947 / lib_ip.py:4398] file : img.20180916_064946.2018-09-15_22-11-16_000.jpg.1.png 0 (black : variance --> out of range (variance = 660.913 / upper = 0.000 / lower = 0.000))
[20180916_064947 / lib_ip.py:2273] inspecting ===> img.20180916_064946.2018-09-15_22-11-16_000.jpg.2.png
[20180916_064947 / lib_ip.py:4330] 
img.20180916_064946.2018-09-15_22-11-16_000.jpg.2.png 1
[20180916_064947 / lib_ip.py:3794] file = img.20180916_064946.2018-09-15_22-11-16_000.jpg.2.png / val_Average = 37.6668	val_Variance = 759.2923	sd = 27.5553	max = 135	min = 0
[20180916_064947 / lib_ip.py:3877] len(Hs) = 8100, len(Ss) = 8100, len(Vs) = 8100
[20180916_064947 / lib_ip.py:3910] yellow : variance --> out of range (variance = 759.292 / upper = 0.650 / lower = 0.000)
[20180916_064947 / lib_ip.py:3794] file = img.20180916_064946.2018-09-15_22-11-16_000.jpg.2.png / val_Average = 37.6668	val_Variance = 759.2923	sd = 27.5553	max = 135	min = 0
[20180916_064947 / lib_ip.py:3977] len(Hs) = 8100, len(Ss) = 8100, len(Vs) = 8100
[20180916_064947 / lib_ip.py:4023] red : variance --> out of range (variance = 759.292 / upper = 0.430 / lower = 0.000)
[20180916_064948 / lib_ip.py:3794] file = img.20180916_064946.2018-09-15_22-11-16_000.jpg.2.png / val_Average = 37.6668	val_Variance = 759.2923	sd = 27.5553	max = 135	min = 0
[20180916_064948 / lib_ip.py:4090] len(Hs) = 8100, len(Ss) = 8100, len(Vs) = 8100
[20180916_064948 / lib_ip.py:4137] green : variance --> out of range (variance = 759.292 / upper = 0.750 / lower = 0.000)
[20180916_064948 / lib_ip.py:3794] file = img.20180916_064946.2018-09-15_22-11-16_000.jpg.2.png / val_Average = 37.6668	val_Variance = 759.2923	sd = 27.5553	max = 135	min = 0
[20180916_064948 / lib_ip.py:4204] len(Hs) = 8100, len(Ss) = 8100, len(Vs) = 8100
[20180916_064948 / lib_ip.py:4248] black : variance --> out of range (variance = 759.292 / upper = 0.000 / lower = 0.000)
[20180916_064948 / lib_ip.py:4398] file : img.20180916_064946.2018-09-15_22-11-16_000.jpg.2.png 1 (black : variance --> out of range (variance = 759.292 / upper = 0.000 / lower = 0.000))
[20180916_064948 / lib_ip.py:2273] inspecting ===> img.20180916_064946.2018-09-15_22-11-16_000.jpg.3.png
[20180916_064948 / lib_ip.py:4330] 
img.20180916_064946.2018-09-15_22-11-16_000.jpg.3.png 2
[20180916_064948 / lib_ip.py:3794] file = img.20180916_064946.2018-09-15_22-11-16_000.jpg.3.png / val_Average = 100.6091	val_Variance = 8.7852	sd = 2.9640	max = 112	min = 90
[20180916_064948 / lib_ip.py:3877] len(Hs) = 8100, len(Ss) = 8100, len(Vs) = 8100
[20180916_064948 / lib_ip.py:3910] yellow : variance --> out of range (variance = 8.785 / upper = 0.650 / lower = 0.000)
[20180916_064948 / lib_ip.py:3794] file = img.20180916_064946.2018-09-15_22-11-16_000.jpg.3.png / val_Average = 100.6091	val_Variance = 8.7852	sd = 2.9640	max = 112	min = 90
[20180916_064948 / lib_ip.py:3977] len(Hs) = 8100, len(Ss) = 8100, len(Vs) = 8100
[20180916_064948 / lib_ip.py:4023] red : variance --> out of range (variance = 8.785 / upper = 0.430 / lower = 0.000)
[20180916_064948 / lib_ip.py:3794] file = img.20180916_064946.2018-09-15_22-11-16_000.jpg.3.png / val_Average = 100.6091	val_Variance = 8.7852	sd = 2.9640	max = 112	min = 90
[20180916_064948 / lib_ip.py:4090] len(Hs) = 8100, len(Ss) = 8100, len(Vs) = 8100
[20180916_064948 / lib_ip.py:4137] green : variance --> out of range (variance = 8.785 / upper = 0.750 / lower = 0.000)
[20180916_064949 / lib_ip.py:3794] file = img.20180916_064946.2018-09-15_22-11-16_000.jpg.3.png / val_Average = 100.6091	val_Variance = 8.7852	sd = 2.9640	max = 112	min = 90
[20180916_064949 / lib_ip.py:4204] len(Hs) = 8100, len(Ss) = 8100, len(Vs) = 8100
[20180916_064949 / lib_ip.py:4248] black : variance --> out of range (variance = 8.785 / upper = 0.000 / lower = 0.000)
[20180916_064949 / lib_ip.py:4398] file : img.20180916_064946.2018-09-15_22-11-16_000.jpg.3.png 2 (black : variance --> out of range (variance = 8.785 / upper = 0.000 / lower = 0.000))
[20180916_064949 / lib_ip.py:2273] inspecting ===> img.20180916_064946.2018-09-15_22-11-16_000.jpg.4.png
[20180916_064949 / lib_ip.py:4330] 
img.20180916_064946.2018-09-15_22-11-16_000.jpg.4.png 3
[20180916_064949 / lib_ip.py:3794] file = img.20180916_064946.2018-09-15_22-11-16_000.jpg.4.png / val_Average = 76.0037	val_Variance = 239.2676	sd = 15.4683	max = 174	min = 0
[20180916_064949 / lib_ip.py:3877] len(Hs) = 8100, len(Ss) = 8100, len(Vs) = 8100
[20180916_064949 / lib_ip.py:3910] yellow : variance --> out of range (variance = 239.268 / upper = 0.650 / lower = 0.000)
[20180916_064949 / lib_ip.py:3794] file = img.20180916_064946.2018-09-15_22-11-16_000.jpg.4.png / val_Average = 76.0037	val_Variance = 239.2676	sd = 15.4683	max = 174	min = 0
[20180916_064949 / lib_ip.py:3977] len(Hs) = 8100, len(Ss) = 8100, len(Vs) = 8100
[20180916_064949 / lib_ip.py:4023] red : variance --> out of range (variance = 239.268 / upper = 0.430 / lower = 0.000)
[20180916_064949 / lib_ip.py:3794] file = img.20180916_064946.2018-09-15_22-11-16_000.jpg.4.png / val_Average = 76.0037	val_Variance = 239.2676	sd = 15.4683	max = 174	min = 0
[20180916_064949 / lib_ip.py:4090] len(Hs) = 8100, len(Ss) = 8100, len(Vs) = 8100
[20180916_064949 / lib_ip.py:4137] green : variance --> out of range (variance = 239.268 / upper = 0.750 / lower = 0.000)
[20180916_064949 / lib_ip.py:3794] file = img.20180916_064946.2018-09-15_22-11-16_000.jpg.4.png / val_Average = 76.0037	val_Variance = 239.2676	sd = 15.4683	max = 174	min = 0
[20180916_064949 / lib_ip.py:4204] len(Hs) = 8100, len(Ss) = 8100, len(Vs) = 8100
[20180916_064950 / lib_ip.py:4248] black : variance --> out of range (variance = 239.268 / upper = 0.000 / lower = 0.000)
[20180916_064950 / lib_ip.py:4398] file : img.20180916_064946.2018-09-15_22-11-16_000.jpg.4.png 3 (black : variance --> out of range (variance = 239.268 / upper = 0.000 / lower = 0.000))
[20180916_064949 / lib_ip.py:2273] inspecting ===> img.20180916_064946.2018-09-15_22-11-16_000.jpg.4.png
img.20180916_064946.2018-09-15_22-11-16_000.jpg.1.png => other
img.20180916_064946.2018-09-15_22-11-16_000.jpg.2.png => other
img.20180916_064946.2018-09-15_22-11-16_000.jpg.3.png => other
img.20180916_064946.2018-09-15_22-11-16_000.jpg.4.png => other
[20180916_064950 lib_ip.py:3300] =============== Get 4 corners
dpath_Images = C:\WORKS_2\WS\WS_Others.Art\JVEMV6\46_art\VIRTUAL\Admin_Projects\ip\images
fname_Image = img.20180916_064946.2018-09-15_22-11-16_000.jpg.4.png

[20180916_064950 / lib_ip.py:2273] inspecting ===> img.20180916_064950.2018-09-15_23-15-05_000.jpg.1.png
[20180916_064950 / lib_ip.py:4330] 
img.20180916_064950.2018-09-15_23-15-05_000.jpg.1.png 0
[20180916_064950 / lib_ip.py:3794] file = img.20180916_064950.2018-09-15_23-15-05_000.jpg.1.png / val_Average = 120.8337	val_Variance = 0.1500	sd = 0.3873	max = 122	min = 120
[20180916_064951 / lib_ip.py:3877] len(Hs) = 8100, len(Ss) = 8100, len(Vs) = 8100
[20180916_064951 / lib_ip.py:3932] yellow : average --> out of range (average = 120.834 / upper = 99.200 / lower = 88.000)
[20180916_064951 / lib_ip.py:3794] file = img.20180916_064950.2018-09-15_23-15-05_000.jpg.1.png / val_Average = 120.8337	val_Variance = 0.1500	sd = 0.3873	max = 122	min = 120
[20180916_064951 / lib_ip.py:3977] len(Hs) = 8100, len(Ss) = 8100, len(Vs) = 8100
[20180916_064951 / lib_ip.py:2273] inspecting ===> img.20180916_064950.2018-09-15_23-15-05_000.jpg.2.png
[20180916_064951 / lib_ip.py:4330] 
img.20180916_064950.2018-09-15_23-15-05_000.jpg.2.png 1
[20180916_064951 / lib_ip.py:3794] file = img.20180916_064950.2018-09-15_23-15-05_000.jpg.2.png / val_Average = 107.9240	val_Variance = 1.6159	sd = 1.2712	max = 112	min = 103
[20180916_064951 / lib_ip.py:3877] len(Hs) = 8100, len(Ss) = 8100, len(Vs) = 8100
[20180916_064951 / lib_ip.py:3910] yellow : variance --> out of range (variance = 1.616 / upper = 0.650 / lower = 0.000)
[20180916_064951 / lib_ip.py:3794] file = img.20180916_064950.2018-09-15_23-15-05_000.jpg.2.png / val_Average = 107.9240	val_Variance = 1.6159	sd = 1.2712	max = 112	min = 103
[20180916_064951 / lib_ip.py:3977] len(Hs) = 8100, len(Ss) = 8100, len(Vs) = 8100
[20180916_064951 / lib_ip.py:4023] red : variance --> out of range (variance = 1.616 / upper = 0.430 / lower = 0.000)
[20180916_064951 / lib_ip.py:3794] file = img.20180916_064950.2018-09-15_23-15-05_000.jpg.2.png / val_Average = 107.9240	val_Variance = 1.6159	sd = 1.2712	max = 112	min = 103
[20180916_064951 / lib_ip.py:4090] len(Hs) = 8100, len(Ss) = 8100, len(Vs) = 8100
[20180916_064951 / lib_ip.py:4137] green : variance --> out of range (variance = 1.616 / upper = 0.750 / lower = 0.000)
[20180916_064952 / lib_ip.py:3794] file = img.20180916_064950.2018-09-15_23-15-05_000.jpg.2.png / val_Average = 107.9240	val_Variance = 1.6159	sd = 1.2712	max = 112	min = 103
[20180916_064952 / lib_ip.py:4204] len(Hs) = 8100, len(Ss) = 8100, len(Vs) = 8100
[20180916_064952 / lib_ip.py:4248] black : variance --> out of range (variance = 1.616 / upper = 0.000 / lower = 0.000)
[20180916_064952 / lib_ip.py:4398] file : img.20180916_064950.2018-09-15_23-15-05_000.jpg.2.png 1 (black : variance --> out of range (variance = 1.616 / upper = 0.000 / lower = 0.000))
[20180916_064952 / lib_ip.py:2273] inspecting ===> img.20180916_064950.2018-09-15_23-15-05_000.jpg.3.png
[20180916_064952 / lib_ip.py:4330] 
img.20180916_064950.2018-09-15_23-15-05_000.jpg.3.png 2
[20180916_064952 / lib_ip.py:3794] file = img.20180916_064950.2018-09-15_23-15-05_000.jpg.3.png / val_Average = 77.8640	val_Variance = 0.2272	sd = 0.4766	max = 79	min = 77
[20180916_064952 / lib_ip.py:3877] len(Hs) = 8100, len(Ss) = 8100, len(Vs) = 8100
[20180916_064952 / lib_ip.py:3932] yellow : average --> out of range (average = 77.864 / upper = 99.200 / lower = 88.000)
[20180916_064952 / lib_ip.py:3794] file = img.20180916_064950.2018-09-15_23-15-05_000.jpg.3.png / val_Average = 77.8640	val_Variance = 0.2272	sd = 0.4766	max = 79	min = 77
[20180916_064952 / lib_ip.py:3977] len(Hs) = 8100, len(Ss) = 8100, len(Vs) = 8100
[20180916_064952 / lib_ip.py:4048] red : average --> out of range (average = 77.864 / upper = 124.000 / lower = 115.000)
[20180916_064952 / lib_ip.py:3794] file = img.20180916_064950.2018-09-15_23-15-05_000.jpg.3.png / val_Average = 77.8640	val_Variance = 0.2272	sd = 0.4766	max = 79	min = 77
[20180916_064952 / lib_ip.py:4090] len(Hs) = 8100, len(Ss) = 8100, len(Vs) = 8100
[20180916_064952 / lib_ip.py:2273] inspecting ===> img.20180916_064950.2018-09-15_23-15-05_000.jpg.4.png
[20180916_064953 / lib_ip.py:4330] 
img.20180916_064950.2018-09-15_23-15-05_000.jpg.4.png 3
[20180916_064953 / lib_ip.py:3794] file = img.20180916_064950.2018-09-15_23-15-05_000.jpg.4.png / val_Average = 68.9625	val_Variance = 178.7927	sd = 13.3713	max = 101	min = 45
[20180916_064953 / lib_ip.py:3877] len(Hs) = 8100, len(Ss) = 8100, len(Vs) = 8100
[20180916_064953 / lib_ip.py:3910] yellow : variance --> out of range (variance = 178.793 / upper = 0.650 / lower = 0.000)
[20180916_064953 / lib_ip.py:3794] file = img.20180916_064950.2018-09-15_23-15-05_000.jpg.4.png / val_Average = 68.9625	val_Variance = 178.7927	sd = 13.3713	max = 101	min = 45
[20180916_064953 / lib_ip.py:3977] len(Hs) = 8100, len(Ss) = 8100, len(Vs) = 8100
[20180916_064953 / lib_ip.py:4023] red : variance --> out of range (variance = 178.793 / upper = 0.430 / lower = 0.000)
[20180916_064953 / lib_ip.py:3794] file = img.20180916_064950.2018-09-15_23-15-05_000.jpg.4.png / val_Average = 68.9625	val_Variance = 178.7927	sd = 13.3713	max = 101	min = 45
[20180916_064953 / lib_ip.py:4090] len(Hs) = 8100, len(Ss) = 8100, len(Vs) = 8100
[20180916_064953 / lib_ip.py:4137] green : variance --> out of range (variance = 178.793 / upper = 0.750 / lower = 0.000)
[20180916_064953 / lib_ip.py:3794] file = img.20180916_064950.2018-09-15_23-15-05_000.jpg.4.png / val_Average = 68.9625	val_Variance = 178.7927	sd = 13.3713	max = 101	min = 45
[20180916_064953 / lib_ip.py:4204] len(Hs) = 8100, len(Ss) = 8100, len(Vs) = 8100
[20180916_064953 / lib_ip.py:4248] black : variance --> out of range (variance = 178.793 / upper = 0.000 / lower = 0.000)
[20180916_064953 / lib_ip.py:4398] file : img.20180916_064950.2018-09-15_23-15-05_000.jpg.4.png 3 (black : variance --> out of range (variance = 178.793 / upper = 0.000 / lower = 0.000))
[20180916_064952 / lib_ip.py:2273] inspecting ===> img.20180916_064950.2018-09-15_23-15-05_000.jpg.4.png
img.20180916_064950.2018-09-15_23-15-05_000.jpg.1.png => other
img.20180916_064950.2018-09-15_23-15-05_000.jpg.2.png => other
img.20180916_064950.2018-09-15_23-15-05_000.jpg.3.png => other
img.20180916_064950.2018-09-15_23-15-05_000.jpg.4.png => other
[20180916_064953 lib_ip.py:3300] =============== Get 4 corners
dpath_Images = C:\WORKS_2\WS\WS_Others.Art\JVEMV6\46_art\VIRTUAL\Admin_Projects\ip\images
fname_Image = img.20180916_064950.2018-09-15_23-15-05_000.jpg.4.png

[20180916_064954 / lib_ip.py:2273] inspecting ===> img.20180916_064954.2018-09-16_06-05-48_000.png.1.png
[20180916_064954 / lib_ip.py:4330] 
img.20180916_064954.2018-09-16_06-05-48_000.png.1.png 0
[20180916_064954 / lib_ip.py:3794] file = img.20180916_064954.2018-09-16_06-05-48_000.png.1.png / val_Average = 80.1814	val_Variance = 1429.0702	sd = 37.8030	max = 150	min = 0
[20180916_064954 / lib_ip.py:3877] len(Hs) = 8100, len(Ss) = 8100, len(Vs) = 8100
[20180916_064954 / lib_ip.py:3910] yellow : variance --> out of range (variance = 1429.070 / upper = 0.650 / lower = 0.000)
[20180916_064954 / lib_ip.py:3794] file = img.20180916_064954.2018-09-16_06-05-48_000.png.1.png / val_Average = 80.1814	val_Variance = 1429.0702	sd = 37.8030	max = 150	min = 0
[20180916_064954 / lib_ip.py:3977] len(Hs) = 8100, len(Ss) = 8100, len(Vs) = 8100
[20180916_064954 / lib_ip.py:4023] red : variance --> out of range (variance = 1429.070 / upper = 0.430 / lower = 0.000)
[20180916_064954 / lib_ip.py:3794] file = img.20180916_064954.2018-09-16_06-05-48_000.png.1.png / val_Average = 80.1814	val_Variance = 1429.0702	sd = 37.8030	max = 150	min = 0
[20180916_064954 / lib_ip.py:4090] len(Hs) = 8100, len(Ss) = 8100, len(Vs) = 8100
[20180916_064955 / lib_ip.py:4137] green : variance --> out of range (variance = 1429.070 / upper = 0.750 / lower = 0.000)
[20180916_064955 / lib_ip.py:3794] file = img.20180916_064954.2018-09-16_06-05-48_000.png.1.png / val_Average = 80.1814	val_Variance = 1429.0702	sd = 37.8030	max = 150	min = 0
[20180916_064955 / lib_ip.py:4204] len(Hs) = 8100, len(Ss) = 8100, len(Vs) = 8100
[20180916_064955 / lib_ip.py:4248] black : variance --> out of range (variance = 1429.070 / upper = 0.000 / lower = 0.000)
[20180916_064955 / lib_ip.py:4398] file : img.20180916_064954.2018-09-16_06-05-48_000.png.1.png 0 (black : variance --> out of range (variance = 1429.070 / upper = 0.000 / lower = 0.000))
[20180916_064955 / lib_ip.py:2273] inspecting ===> img.20180916_064954.2018-09-16_06-05-48_000.png.2.png
[20180916_064955 / lib_ip.py:4330] 
img.20180916_064954.2018-09-16_06-05-48_000.png.2.png 1
[20180916_064955 / lib_ip.py:3794] file = img.20180916_064954.2018-09-16_06-05-48_000.png.2.png / val_Average = 40.7807	val_Variance = 5509.8095	sd = 74.2281	max = 179	min = 0
[20180916_064955 / lib_ip.py:3877] len(Hs) = 8100, len(Ss) = 8100, len(Vs) = 8100
[20180916_064955 / lib_ip.py:3910] yellow : variance --> out of range (variance = 5509.809 / upper = 0.650 / lower = 0.000)
[20180916_064955 / lib_ip.py:3794] file = img.20180916_064954.2018-09-16_06-05-48_000.png.2.png / val_Average = 40.7807	val_Variance = 5509.8095	sd = 74.2281	max = 179	min = 0
[20180916_064955 / lib_ip.py:3977] len(Hs) = 8100, len(Ss) = 8100, len(Vs) = 8100
[20180916_064955 / lib_ip.py:4023] red : variance --> out of range (variance = 5509.809 / upper = 0.430 / lower = 0.000)
[20180916_064955 / lib_ip.py:3794] file = img.20180916_064954.2018-09-16_06-05-48_000.png.2.png / val_Average = 40.7807	val_Variance = 5509.8095	sd = 74.2281	max = 179	min = 0
[20180916_064955 / lib_ip.py:4090] len(Hs) = 8100, len(Ss) = 8100, len(Vs) = 8100
[20180916_064955 / lib_ip.py:4137] green : variance --> out of range (variance = 5509.809 / upper = 0.750 / lower = 0.000)
[20180916_064956 / lib_ip.py:3794] file = img.20180916_064954.2018-09-16_06-05-48_000.png.2.png / val_Average = 40.7807	val_Variance = 5509.8095	sd = 74.2281	max = 179	min = 0
[20180916_064956 / lib_ip.py:4204] len(Hs) = 8100, len(Ss) = 8100, len(Vs) = 8100
[20180916_064956 / lib_ip.py:4248] black : variance --> out of range (variance = 5509.809 / upper = 0.000 / lower = 0.000)
[20180916_064956 / lib_ip.py:4398] file : img.20180916_064954.2018-09-16_06-05-48_000.png.2.png 1 (black : variance --> out of range (variance = 5509.809 / upper = 0.000 / lower = 0.000))
[20180916_064956 / lib_ip.py:2273] inspecting ===> img.20180916_064954.2018-09-16_06-05-48_000.png.3.png
[20180916_064956 / lib_ip.py:4330] 
img.20180916_064954.2018-09-16_06-05-48_000.png.3.png 2
[20180916_064956 / lib_ip.py:3794] file = img.20180916_064954.2018-09-16_06-05-48_000.png.3.png / val_Average = 100.5019	val_Variance = 472.5515	sd = 21.7382	max = 177	min = 87
[20180916_064956 / lib_ip.py:3877] len(Hs) = 8100, len(Ss) = 8100, len(Vs) = 8100
[20180916_064956 / lib_ip.py:3910] yellow : variance --> out of range (variance = 472.551 / upper = 0.650 / lower = 0.000)
[20180916_064956 / lib_ip.py:3794] file = img.20180916_064954.2018-09-16_06-05-48_000.png.3.png / val_Average = 100.5019	val_Variance = 472.5515	sd = 21.7382	max = 177	min = 87
[20180916_064956 / lib_ip.py:3977] len(Hs) = 8100, len(Ss) = 8100, len(Vs) = 8100
[20180916_064956 / lib_ip.py:4023] red : variance --> out of range (variance = 472.551 / upper = 0.430 / lower = 0.000)
[20180916_064956 / lib_ip.py:3794] file = img.20180916_064954.2018-09-16_06-05-48_000.png.3.png / val_Average = 100.5019	val_Variance = 472.5515	sd = 21.7382	max = 177	min = 87
[20180916_064956 / lib_ip.py:4090] len(Hs) = 8100, len(Ss) = 8100, len(Vs) = 8100
[20180916_064956 / lib_ip.py:4137] green : variance --> out of range (variance = 472.551 / upper = 0.750 / lower = 0.000)
[20180916_064957 / lib_ip.py:3794] file = img.20180916_064954.2018-09-16_06-05-48_000.png.3.png / val_Average = 100.5019	val_Variance = 472.5515	sd = 21.7382	max = 177	min = 87
[20180916_064957 / lib_ip.py:4204] len(Hs) = 8100, len(Ss) = 8100, len(Vs) = 8100
[20180916_064957 / lib_ip.py:4248] black : variance --> out of range (variance = 472.551 / upper = 0.000 / lower = 0.000)
[20180916_064957 / lib_ip.py:4398] file : img.20180916_064954.2018-09-16_06-05-48_000.png.3.png 2 (black : variance --> out of range (variance = 472.551 / upper = 0.000 / lower = 0.000))
[20180916_064957 / lib_ip.py:2273] inspecting ===> img.20180916_064954.2018-09-16_06-05-48_000.png.4.png
[20180916_064957 / lib_ip.py:4330] 
img.20180916_064954.2018-09-16_06-05-48_000.png.4.png 3
[20180916_064957 / lib_ip.py:3794] file = img.20180916_064954.2018-09-16_06-05-48_000.png.4.png / val_Average = 66.7569	val_Variance = 6361.3119	sd = 79.7578	max = 178	min = 0
[20180916_064957 / lib_ip.py:3877] len(Hs) = 8100, len(Ss) = 8100, len(Vs) = 8100
[20180916_064957 / lib_ip.py:3910] yellow : variance --> out of range (variance = 6361.312 / upper = 0.650 / lower = 0.000)
[20180916_064957 / lib_ip.py:3794] file = img.20180916_064954.2018-09-16_06-05-48_000.png.4.png / val_Average = 66.7569	val_Variance = 6361.3119	sd = 79.7578	max = 178	min = 0
[20180916_064957 / lib_ip.py:3977] len(Hs) = 8100, len(Ss) = 8100, len(Vs) = 8100
[20180916_064957 / lib_ip.py:4023] red : variance --> out of range (variance = 6361.312 / upper = 0.430 / lower = 0.000)
[20180916_064957 / lib_ip.py:3794] file = img.20180916_064954.2018-09-16_06-05-48_000.png.4.png / val_Average = 66.7569	val_Variance = 6361.3119	sd = 79.7578	max = 178	min = 0
[20180916_064957 / lib_ip.py:4090] len(Hs) = 8100, len(Ss) = 8100, len(Vs) = 8100
[20180916_064957 / lib_ip.py:4137] green : variance --> out of range (variance = 6361.312 / upper = 0.750 / lower = 0.000)
[20180916_064957 / lib_ip.py:3794] file = img.20180916_064954.2018-09-16_06-05-48_000.png.4.png / val_Average = 66.7569	val_Variance = 6361.3119	sd = 79.7578	max = 178	min = 0
[20180916_064957 / lib_ip.py:4204] len(Hs) = 8100, len(Ss) = 8100, len(Vs) = 8100
[20180916_064957 / lib_ip.py:4248] black : variance --> out of range (variance = 6361.312 / upper = 0.000 / lower = 0.000)
[20180916_064957 / lib_ip.py:4398] file : img.20180916_064954.2018-09-16_06-05-48_000.png.4.png 3 (black : variance --> out of range (variance = 6361.312 / upper = 0.000 / lower = 0.000))
[20180916_064957 / lib_ip.py:2273] inspecting ===> img.20180916_064954.2018-09-16_06-05-48_000.png.4.png
img.20180916_064954.2018-09-16_06-05-48_000.png.1.png => other
img.20180916_064954.2018-09-16_06-05-48_000.png.2.png => other
img.20180916_064954.2018-09-16_06-05-48_000.png.3.png => other
img.20180916_064954.2018-09-16_06-05-48_000.png.4.png => other
[20180916_064957 lib_ip.py:3300] =============== Get 4 corners
dpath_Images = C:\WORKS_2\WS\WS_Others.Art\JVEMV6\46_art\VIRTUAL\Admin_Projects\ip\images
fname_Image = img.20180916_064954.2018-09-16_06-05-48_000.png.4.png

[20180916_064958 / views.py:1029] gen csv => complete (20180916_064958)(elapsed = 45.923 sec / 11 files / 4.175 sec per file)
1)	2018-09-15_09-02-09_000.jpg => 	other yellow other other 
2)	2018-09-15_14-21-45_000.jpg => 	other other green green 
3)	2018-09-15_17-46-50_000.jpg => 	other other green red 
4)	2018-09-15_17-47-33_000.jpg => 	other other green red 
5)	2018-09-15_18-51-43_000.jpg => 	other red other other 
6)	2018-09-15_20-12-55_000.jpg => 	other other yellow other 
7)	2018-09-15_22-10-23_000.jpg => 	other other other other 
8)	2018-09-15_22-11-07_000.jpg => 	other other other other 
9)	2018-09-15_22-11-16_000.jpg => 	other other other other 
10)	2018-09-15_23-15-05_000.jpg => 	red other green other 
11)	2018-09-16_06-05-48_000.png => 	other other other other 
[20180916_064958 / views.py:1415] lo_ColorName_Set__Modified_2 =>
1)	2018-09-15_09-02-09_000.jpg => 	o o o y 
2)	2018-09-15_14-21-45_000.jpg => 	g g o o 
3)	2018-09-15_17-46-50_000.jpg => 	g o o r 
4)	2018-09-15_17-47-33_000.jpg => 	g o o r 
5)	2018-09-15_18-51-43_000.jpg => 	o o o r 
6)	2018-09-15_20-12-55_000.jpg => 	o o o y 
7)	2018-09-15_22-10-23_000.jpg => 	o o o o 
8)	2018-09-15_22-11-07_000.jpg => 	o o o o 
9)	2018-09-15_22-11-16_000.jpg => 	o o o o 
10)	2018-09-15_23-15-05_000.jpg => 	g o o r 
11)	2018-09-16_06-05-48_000.png => 	o o o o 
[20180916_064959 / lib_ip.py:4594] no key 'GPSInfo' for file : C:\WORKS_2\WS\WS_Others.Art\JVEMV6\46_art\VIRTUAL\Admin_Projects\ip\images\2018-09-16_06-05-48_000.png
[20180916_064959 / views.py:1526] gen_Cake_CSV(request) ==> ending... =======================//

