[20181127_081041 / views.py:1877] gen_Cake_CSV(request) ==> starting... =======================
[20181127_081043 / lib_ip.py:2273] inspecting ===> img.20181127_081043.2018-11-26_09-30-09_000.jpg.1.png
[20181127_081043 / lib_ip.py:4331] 
img.20181127_081043.2018-11-26_09-30-09_000.jpg.1.png 0 ---------------------
[20181127_081043 / lib_ip.py:3794] file = img.20181127_081043.2018-11-26_09-30-09_000.jpg.1.png / val_Average = 41.2767	val_Variance = 63.1075	sd = 7.9440	max = 70	min = 17
[20181127_081043 / lib_ip.py:3877] len(Hs) = 8100, len(Ss) = 8100, len(Vs) = 8100
[20181127_081043 / lib_ip.py:3910] yellow : variance --> out of range (variance = 63.108 / upper = 0.650 / lower = 0.000)
[20181127_081044 / lib_ip.py:3794] file = img.20181127_081043.2018-11-26_09-30-09_000.jpg.1.png / val_Average = 41.2767	val_Variance = 63.1075	sd = 7.9440	max = 70	min = 17
[20181127_081044 / lib_ip.py:3977] len(Hs) = 8100, len(Ss) = 8100, len(Vs) = 8100
[20181127_081044 / lib_ip.py:4023] red : variance --> out of range (variance = 63.108 / upper = 0.430 / lower = 0.000)
[20181127_081044 / lib_ip.py:3794] file = img.20181127_081043.2018-11-26_09-30-09_000.jpg.1.png / val_Average = 41.2767	val_Variance = 63.1075	sd = 7.9440	max = 70	min = 17
[20181127_081044 / lib_ip.py:4090] len(Hs) = 8100, len(Ss) = 8100, len(Vs) = 8100
[20181127_081044 / lib_ip.py:4137] green : variance --> out of range (variance = 63.108 / upper = 0.760 / lower = 0.000)
[20181127_081044 / lib_ip.py:3794] file = img.20181127_081043.2018-11-26_09-30-09_000.jpg.1.png / val_Average = 41.2767	val_Variance = 63.1075	sd = 7.9440	max = 70	min = 17
[20181127_081044 / lib_ip.py:4204] len(Hs) = 8100, len(Ss) = 8100, len(Vs) = 8100
[20181127_081044 / lib_ip.py:4248] black : variance --> out of range (variance = 63.108 / upper = 0.000 / lower = 0.000)
[20181127_081044 / lib_ip.py:4399] file : img.20181127_081043.2018-11-26_09-30-09_000.jpg.1.png 0 (black : variance --> out of range (variance = 63.108 / upper = 0.000 / lower = 0.000))
[20181127_081044 / lib_ip.py:2273] inspecting ===> img.20181127_081043.2018-11-26_09-30-09_000.jpg.2.png
[20181127_081044 / lib_ip.py:4331] 
img.20181127_081043.2018-11-26_09-30-09_000.jpg.2.png 1 ---------------------
[20181127_081044 / lib_ip.py:3794] file = img.20181127_081043.2018-11-26_09-30-09_000.jpg.2.png / val_Average = 123.1070	val_Variance = 0.0983	sd = 0.3135	max = 124	min = 122
[20181127_081044 / lib_ip.py:3877] len(Hs) = 8100, len(Ss) = 8100, len(Vs) = 8100
[20181127_081045 / lib_ip.py:3932] yellow : average --> out of range (average = 123.107 / upper = 99.200 / lower = 88.000)
[20181127_081045 / lib_ip.py:3794] file = img.20181127_081043.2018-11-26_09-30-09_000.jpg.2.png / val_Average = 123.1070	val_Variance = 0.0983	sd = 0.3135	max = 124	min = 122
[20181127_081045 / lib_ip.py:3977] len(Hs) = 8100, len(Ss) = 8100, len(Vs) = 8100
[20181127_081045 / lib_ip.py:2273] inspecting ===> img.20181127_081043.2018-11-26_09-30-09_000.jpg.3.png
[20181127_081045 / lib_ip.py:4331] 
img.20181127_081043.2018-11-26_09-30-09_000.jpg.3.png 2 ---------------------
[20181127_081045 / lib_ip.py:3794] file = img.20181127_081043.2018-11-26_09-30-09_000.jpg.3.png / val_Average = 38.0725	val_Variance = 4634.1230	sd = 68.0744	max = 178	min = 0
[20181127_081045 / lib_ip.py:3877] len(Hs) = 8100, len(Ss) = 8100, len(Vs) = 8100
[20181127_081045 / lib_ip.py:3910] yellow : variance --> out of range (variance = 4634.123 / upper = 0.650 / lower = 0.000)
[20181127_081045 / lib_ip.py:3794] file = img.20181127_081043.2018-11-26_09-30-09_000.jpg.3.png / val_Average = 38.0725	val_Variance = 4634.1230	sd = 68.0744	max = 178	min = 0
[20181127_081045 / lib_ip.py:3977] len(Hs) = 8100, len(Ss) = 8100, len(Vs) = 8100
[20181127_081045 / lib_ip.py:4023] red : variance --> out of range (variance = 4634.123 / upper = 0.430 / lower = 0.000)
[20181127_081045 / lib_ip.py:3794] file = img.20181127_081043.2018-11-26_09-30-09_000.jpg.3.png / val_Average = 38.0725	val_Variance = 4634.1230	sd = 68.0744	max = 178	min = 0
[20181127_081045 / lib_ip.py:4090] len(Hs) = 8100, len(Ss) = 8100, len(Vs) = 8100
[20181127_081045 / lib_ip.py:4137] green : variance --> out of range (variance = 4634.123 / upper = 0.760 / lower = 0.000)
[20181127_081045 / lib_ip.py:3794] file = img.20181127_081043.2018-11-26_09-30-09_000.jpg.3.png / val_Average = 38.0725	val_Variance = 4634.1230	sd = 68.0744	max = 178	min = 0
[20181127_081045 / lib_ip.py:4204] len(Hs) = 8100, len(Ss) = 8100, len(Vs) = 8100
[20181127_081046 / lib_ip.py:4248] black : variance --> out of range (variance = 4634.123 / upper = 0.000 / lower = 0.000)
[20181127_081046 / lib_ip.py:4399] file : img.20181127_081043.2018-11-26_09-30-09_000.jpg.3.png 2 (black : variance --> out of range (variance = 4634.123 / upper = 0.000 / lower = 0.000))
[20181127_081046 / lib_ip.py:2273] inspecting ===> img.20181127_081043.2018-11-26_09-30-09_000.jpg.4.png
[20181127_081046 / lib_ip.py:4331] 
img.20181127_081043.2018-11-26_09-30-09_000.jpg.4.png 3 ---------------------
[20181127_081046 / lib_ip.py:3794] file = img.20181127_081043.2018-11-26_09-30-09_000.jpg.4.png / val_Average = 68.1483	val_Variance = 0.1332	sd = 0.3650	max = 69	min = 67
[20181127_081046 / lib_ip.py:3877] len(Hs) = 8100, len(Ss) = 8100, len(Vs) = 8100
[20181127_081046 / lib_ip.py:3932] yellow : average --> out of range (average = 68.148 / upper = 99.200 / lower = 88.000)
[20181127_081046 / lib_ip.py:3794] file = img.20181127_081043.2018-11-26_09-30-09_000.jpg.4.png / val_Average = 68.1483	val_Variance = 0.1332	sd = 0.3650	max = 69	min = 67
[20181127_081046 / lib_ip.py:3977] len(Hs) = 8100, len(Ss) = 8100, len(Vs) = 8100
[20181127_081046 / lib_ip.py:4048] red : average --> out of range (average = 68.148 / upper = 124.000 / lower = 115.000)
[20181127_081046 / lib_ip.py:3794] file = img.20181127_081043.2018-11-26_09-30-09_000.jpg.4.png / val_Average = 68.1483	val_Variance = 0.1332	sd = 0.3650	max = 69	min = 67
[20181127_081046 / lib_ip.py:4090] len(Hs) = 8100, len(Ss) = 8100, len(Vs) = 8100
[20181127_081046 / lib_ip.py:2273] inspecting ===> img.20181127_081043.2018-11-26_09-30-09_000.jpg.4.png
img.20181127_081043.2018-11-26_09-30-09_000.jpg.1.png => other
img.20181127_081043.2018-11-26_09-30-09_000.jpg.2.png => other
img.20181127_081043.2018-11-26_09-30-09_000.jpg.3.png => other
img.20181127_081043.2018-11-26_09-30-09_000.jpg.4.png => other
[20181127_081046 lib_ip.py:3300] =============== Get 4 corners
dpath_Images = C:\WORKS_2\WS\WS_Others.Art\JVEMV6\46_art\VIRTUAL\Admin_Projects\ip\images
fname_Image = img.20181127_081043.2018-11-26_09-30-09_000.jpg.4.png

[20181127_081047 / lib_ip.py:2273] inspecting ===> img.20181127_081047.2018-11-26_10-57-03_000.jpg.1.png
[20181127_081047 / lib_ip.py:4331] 
img.20181127_081047.2018-11-26_10-57-03_000.jpg.1.png 0 ---------------------
[20181127_081048 / lib_ip.py:3794] file = img.20181127_081047.2018-11-26_10-57-03_000.jpg.1.png / val_Average = 0.0000	val_Variance = 0.0000	sd = 0.0000	max = 0	min = 0
[20181127_081048 / lib_ip.py:3877] len(Hs) = 8100, len(Ss) = 8100, len(Vs) = 8100
[20181127_081048 / lib_ip.py:3932] yellow : average --> out of range (average = 0.000 / upper = 99.200 / lower = 88.000)
[20181127_081048 / lib_ip.py:3794] file = img.20181127_081047.2018-11-26_10-57-03_000.jpg.1.png / val_Average = 0.0000	val_Variance = 0.0000	sd = 0.0000	max = 0	min = 0
[20181127_081048 / lib_ip.py:3977] len(Hs) = 8100, len(Ss) = 8100, len(Vs) = 8100
[20181127_081048 / lib_ip.py:4048] red : average --> out of range (average = 0.000 / upper = 124.000 / lower = 115.000)
[20181127_081048 / lib_ip.py:3794] file = img.20181127_081047.2018-11-26_10-57-03_000.jpg.1.png / val_Average = 0.0000	val_Variance = 0.0000	sd = 0.0000	max = 0	min = 0
[20181127_081048 / lib_ip.py:4090] len(Hs) = 8100, len(Ss) = 8100, len(Vs) = 8100
[20181127_081048 / lib_ip.py:4162] green : average --> out of range (average = 0.000 / upper = 83.000 / lower = 58.000)
[20181127_081048 / lib_ip.py:3794] file = img.20181127_081047.2018-11-26_10-57-03_000.jpg.1.png / val_Average = 0.0000	val_Variance = 0.0000	sd = 0.0000	max = 0	min = 0
[20181127_081048 / lib_ip.py:4204] len(Hs) = 8100, len(Ss) = 8100, len(Vs) = 8100
[20181127_081048 / lib_ip.py:2273] inspecting ===> img.20181127_081047.2018-11-26_10-57-03_000.jpg.2.png
[20181127_081048 / lib_ip.py:4331] 
img.20181127_081047.2018-11-26_10-57-03_000.jpg.2.png 1 ---------------------
[20181127_081049 / lib_ip.py:3794] file = img.20181127_081047.2018-11-26_10-57-03_000.jpg.2.png / val_Average = 107.7537	val_Variance = 0.9264	sd = 0.9625	max = 115	min = 106
[20181127_081049 / lib_ip.py:3877] len(Hs) = 8100, len(Ss) = 8100, len(Vs) = 8100
[20181127_081049 / lib_ip.py:3910] yellow : variance --> out of range (variance = 0.926 / upper = 0.650 / lower = 0.000)
[20181127_081049 / lib_ip.py:3794] file = img.20181127_081047.2018-11-26_10-57-03_000.jpg.2.png / val_Average = 107.7537	val_Variance = 0.9264	sd = 0.9625	max = 115	min = 106
[20181127_081049 / lib_ip.py:3977] len(Hs) = 8100, len(Ss) = 8100, len(Vs) = 8100
[20181127_081049 / lib_ip.py:4023] red : variance --> out of range (variance = 0.926 / upper = 0.430 / lower = 0.000)
[20181127_081049 / lib_ip.py:3794] file = img.20181127_081047.2018-11-26_10-57-03_000.jpg.2.png / val_Average = 107.7537	val_Variance = 0.9264	sd = 0.9625	max = 115	min = 106
[20181127_081049 / lib_ip.py:4090] len(Hs) = 8100, len(Ss) = 8100, len(Vs) = 8100
[20181127_081049 / lib_ip.py:4137] green : variance --> out of range (variance = 0.926 / upper = 0.760 / lower = 0.000)
[20181127_081049 / lib_ip.py:3794] file = img.20181127_081047.2018-11-26_10-57-03_000.jpg.2.png / val_Average = 107.7537	val_Variance = 0.9264	sd = 0.9625	max = 115	min = 106
[20181127_081049 / lib_ip.py:4204] len(Hs) = 8100, len(Ss) = 8100, len(Vs) = 8100
[20181127_081049 / lib_ip.py:4248] black : variance --> out of range (variance = 0.926 / upper = 0.000 / lower = 0.000)
[20181127_081049 / lib_ip.py:4399] file : img.20181127_081047.2018-11-26_10-57-03_000.jpg.2.png 1 (black : variance --> out of range (variance = 0.926 / upper = 0.000 / lower = 0.000))
[20181127_081049 / lib_ip.py:2273] inspecting ===> img.20181127_081047.2018-11-26_10-57-03_000.jpg.3.png
[20181127_081049 / lib_ip.py:4331] 
img.20181127_081047.2018-11-26_10-57-03_000.jpg.3.png 2 ---------------------
[20181127_081049 / lib_ip.py:3794] file = img.20181127_081047.2018-11-26_10-57-03_000.jpg.3.png / val_Average = 92.8100	val_Variance = 0.1539	sd = 0.3923	max = 93	min = 92
[20181127_081049 / lib_ip.py:3877] len(Hs) = 8100, len(Ss) = 8100, len(Vs) = 8100
[20181127_081050 / lib_ip.py:2273] inspecting ===> img.20181127_081047.2018-11-26_10-57-03_000.jpg.4.png
[20181127_081050 / lib_ip.py:4331] 
img.20181127_081047.2018-11-26_10-57-03_000.jpg.4.png 3 ---------------------
[20181127_081050 / lib_ip.py:3794] file = img.20181127_081047.2018-11-26_10-57-03_000.jpg.4.png / val_Average = 95.4978	val_Variance = 111.2495	sd = 10.5475	max = 135	min = 0
[20181127_081050 / lib_ip.py:3877] len(Hs) = 8100, len(Ss) = 8100, len(Vs) = 8100
[20181127_081050 / lib_ip.py:3910] yellow : variance --> out of range (variance = 111.250 / upper = 0.650 / lower = 0.000)
[20181127_081050 / lib_ip.py:3794] file = img.20181127_081047.2018-11-26_10-57-03_000.jpg.4.png / val_Average = 95.4978	val_Variance = 111.2495	sd = 10.5475	max = 135	min = 0
[20181127_081050 / lib_ip.py:3977] len(Hs) = 8100, len(Ss) = 8100, len(Vs) = 8100
[20181127_081050 / lib_ip.py:4023] red : variance --> out of range (variance = 111.250 / upper = 0.430 / lower = 0.000)
[20181127_081050 / lib_ip.py:3794] file = img.20181127_081047.2018-11-26_10-57-03_000.jpg.4.png / val_Average = 95.4978	val_Variance = 111.2495	sd = 10.5475	max = 135	min = 0
[20181127_081050 / lib_ip.py:4090] len(Hs) = 8100, len(Ss) = 8100, len(Vs) = 8100
[20181127_081050 / lib_ip.py:4137] green : variance --> out of range (variance = 111.250 / upper = 0.760 / lower = 0.000)
[20181127_081050 / lib_ip.py:3794] file = img.20181127_081047.2018-11-26_10-57-03_000.jpg.4.png / val_Average = 95.4978	val_Variance = 111.2495	sd = 10.5475	max = 135	min = 0
[20181127_081050 / lib_ip.py:4204] len(Hs) = 8100, len(Ss) = 8100, len(Vs) = 8100
[20181127_081050 / lib_ip.py:4248] black : variance --> out of range (variance = 111.250 / upper = 0.000 / lower = 0.000)
[20181127_081050 / lib_ip.py:4399] file : img.20181127_081047.2018-11-26_10-57-03_000.jpg.4.png 3 (black : variance --> out of range (variance = 111.250 / upper = 0.000 / lower = 0.000))
[20181127_081050 / lib_ip.py:2273] inspecting ===> img.20181127_081047.2018-11-26_10-57-03_000.jpg.4.png
img.20181127_081047.2018-11-26_10-57-03_000.jpg.1.png => other
img.20181127_081047.2018-11-26_10-57-03_000.jpg.2.png => other
img.20181127_081047.2018-11-26_10-57-03_000.jpg.3.png => other
img.20181127_081047.2018-11-26_10-57-03_000.jpg.4.png => other
[20181127_081051 lib_ip.py:3300] =============== Get 4 corners
dpath_Images = C:\WORKS_2\WS\WS_Others.Art\JVEMV6\46_art\VIRTUAL\Admin_Projects\ip\images
fname_Image = img.20181127_081047.2018-11-26_10-57-03_000.jpg.4.png

[20181127_081051 / lib_ip.py:2273] inspecting ===> img.20181127_081051.2018-11-26_12-54-02_000.jpg.1.png
[20181127_081051 / lib_ip.py:4331] 
img.20181127_081051.2018-11-26_12-54-02_000.jpg.1.png 0 ---------------------
[20181127_081051 / lib_ip.py:3794] file = img.20181127_081051.2018-11-26_12-54-02_000.jpg.1.png / val_Average = 97.7917	val_Variance = 27.5886	sd = 5.2525	max = 120	min = 77
[20181127_081052 / lib_ip.py:3877] len(Hs) = 8100, len(Ss) = 8100, len(Vs) = 8100
[20181127_081052 / lib_ip.py:3910] yellow : variance --> out of range (variance = 27.589 / upper = 0.650 / lower = 0.000)
[20181127_081052 / lib_ip.py:3794] file = img.20181127_081051.2018-11-26_12-54-02_000.jpg.1.png / val_Average = 97.7917	val_Variance = 27.5886	sd = 5.2525	max = 120	min = 77
[20181127_081052 / lib_ip.py:3977] len(Hs) = 8100, len(Ss) = 8100, len(Vs) = 8100
[20181127_081052 / lib_ip.py:4023] red : variance --> out of range (variance = 27.589 / upper = 0.430 / lower = 0.000)
[20181127_081052 / lib_ip.py:3794] file = img.20181127_081051.2018-11-26_12-54-02_000.jpg.1.png / val_Average = 97.7917	val_Variance = 27.5886	sd = 5.2525	max = 120	min = 77
[20181127_081052 / lib_ip.py:4090] len(Hs) = 8100, len(Ss) = 8100, len(Vs) = 8100
[20181127_081052 / lib_ip.py:4137] green : variance --> out of range (variance = 27.589 / upper = 0.760 / lower = 0.000)
[20181127_081052 / lib_ip.py:3794] file = img.20181127_081051.2018-11-26_12-54-02_000.jpg.1.png / val_Average = 97.7917	val_Variance = 27.5886	sd = 5.2525	max = 120	min = 77
[20181127_081052 / lib_ip.py:4204] len(Hs) = 8100, len(Ss) = 8100, len(Vs) = 8100
[20181127_081052 / lib_ip.py:4248] black : variance --> out of range (variance = 27.589 / upper = 0.000 / lower = 0.000)
[20181127_081052 / lib_ip.py:4399] file : img.20181127_081051.2018-11-26_12-54-02_000.jpg.1.png 0 (black : variance --> out of range (variance = 27.589 / upper = 0.000 / lower = 0.000))
[20181127_081052 / lib_ip.py:2273] inspecting ===> img.20181127_081051.2018-11-26_12-54-02_000.jpg.2.png
[20181127_081052 / lib_ip.py:4331] 
img.20181127_081051.2018-11-26_12-54-02_000.jpg.2.png 1 ---------------------
[20181127_081052 / lib_ip.py:3794] file = img.20181127_081051.2018-11-26_12-54-02_000.jpg.2.png / val_Average = 106.5599	val_Variance = 6.1104	sd = 2.4719	max = 115	min = 98
[20181127_081053 / lib_ip.py:3877] len(Hs) = 8100, len(Ss) = 8100, len(Vs) = 8100
[20181127_081053 / lib_ip.py:3910] yellow : variance --> out of range (variance = 6.110 / upper = 0.650 / lower = 0.000)
[20181127_081053 / lib_ip.py:3794] file = img.20181127_081051.2018-11-26_12-54-02_000.jpg.2.png / val_Average = 106.5599	val_Variance = 6.1104	sd = 2.4719	max = 115	min = 98
[20181127_081053 / lib_ip.py:3977] len(Hs) = 8100, len(Ss) = 8100, len(Vs) = 8100
[20181127_081053 / lib_ip.py:4023] red : variance --> out of range (variance = 6.110 / upper = 0.430 / lower = 0.000)
[20181127_081053 / lib_ip.py:3794] file = img.20181127_081051.2018-11-26_12-54-02_000.jpg.2.png / val_Average = 106.5599	val_Variance = 6.1104	sd = 2.4719	max = 115	min = 98
[20181127_081053 / lib_ip.py:4090] len(Hs) = 8100, len(Ss) = 8100, len(Vs) = 8100
[20181127_081053 / lib_ip.py:4137] green : variance --> out of range (variance = 6.110 / upper = 0.760 / lower = 0.000)
[20181127_081053 / lib_ip.py:3794] file = img.20181127_081051.2018-11-26_12-54-02_000.jpg.2.png / val_Average = 106.5599	val_Variance = 6.1104	sd = 2.4719	max = 115	min = 98
[20181127_081053 / lib_ip.py:4204] len(Hs) = 8100, len(Ss) = 8100, len(Vs) = 8100
[20181127_081053 / lib_ip.py:4248] black : variance --> out of range (variance = 6.110 / upper = 0.000 / lower = 0.000)
[20181127_081053 / lib_ip.py:4399] file : img.20181127_081051.2018-11-26_12-54-02_000.jpg.2.png 1 (black : variance --> out of range (variance = 6.110 / upper = 0.000 / lower = 0.000))
[20181127_081053 / lib_ip.py:2273] inspecting ===> img.20181127_081051.2018-11-26_12-54-02_000.jpg.3.png
[20181127_081054 / lib_ip.py:4331] 
img.20181127_081051.2018-11-26_12-54-02_000.jpg.3.png 2 ---------------------
[20181127_081054 / lib_ip.py:3794] file = img.20181127_081051.2018-11-26_12-54-02_000.jpg.3.png / val_Average = 75.9942	val_Variance = 0.0258	sd = 0.1605	max = 77	min = 75
[20181127_081054 / lib_ip.py:3877] len(Hs) = 8100, len(Ss) = 8100, len(Vs) = 8100
[20181127_081054 / lib_ip.py:3932] yellow : average --> out of range (average = 75.994 / upper = 99.200 / lower = 88.000)
[20181127_081054 / lib_ip.py:3794] file = img.20181127_081051.2018-11-26_12-54-02_000.jpg.3.png / val_Average = 75.9942	val_Variance = 0.0258	sd = 0.1605	max = 77	min = 75
[20181127_081054 / lib_ip.py:3977] len(Hs) = 8100, len(Ss) = 8100, len(Vs) = 8100
[20181127_081054 / lib_ip.py:4048] red : average --> out of range (average = 75.994 / upper = 124.000 / lower = 115.000)
[20181127_081054 / lib_ip.py:3794] file = img.20181127_081051.2018-11-26_12-54-02_000.jpg.3.png / val_Average = 75.9942	val_Variance = 0.0258	sd = 0.1605	max = 77	min = 75
[20181127_081054 / lib_ip.py:4090] len(Hs) = 8100, len(Ss) = 8100, len(Vs) = 8100
[20181127_081054 / lib_ip.py:2273] inspecting ===> img.20181127_081051.2018-11-26_12-54-02_000.jpg.4.png
[20181127_081054 / lib_ip.py:4331] 
img.20181127_081051.2018-11-26_12-54-02_000.jpg.4.png 3 ---------------------
[20181127_081054 / lib_ip.py:3794] file = img.20181127_081051.2018-11-26_12-54-02_000.jpg.4.png / val_Average = 120.2064	val_Variance = 0.2065	sd = 0.4545	max = 121	min = 119
[20181127_081054 / lib_ip.py:3877] len(Hs) = 8100, len(Ss) = 8100, len(Vs) = 8100
[20181127_081054 / lib_ip.py:3932] yellow : average --> out of range (average = 120.206 / upper = 99.200 / lower = 88.000)
[20181127_081054 / lib_ip.py:3794] file = img.20181127_081051.2018-11-26_12-54-02_000.jpg.4.png / val_Average = 120.2064	val_Variance = 0.2065	sd = 0.4545	max = 121	min = 119
[20181127_081054 / lib_ip.py:3977] len(Hs) = 8100, len(Ss) = 8100, len(Vs) = 8100
[20181127_081054 / lib_ip.py:2273] inspecting ===> img.20181127_081051.2018-11-26_12-54-02_000.jpg.4.png
img.20181127_081051.2018-11-26_12-54-02_000.jpg.1.png => other
img.20181127_081051.2018-11-26_12-54-02_000.jpg.2.png => other
img.20181127_081051.2018-11-26_12-54-02_000.jpg.3.png => other
img.20181127_081051.2018-11-26_12-54-02_000.jpg.4.png => other
[20181127_081055 lib_ip.py:3300] =============== Get 4 corners
dpath_Images = C:\WORKS_2\WS\WS_Others.Art\JVEMV6\46_art\VIRTUAL\Admin_Projects\ip\images
fname_Image = img.20181127_081051.2018-11-26_12-54-02_000.jpg.4.png

[20181127_081055 / lib_ip.py:2273] inspecting ===> img.20181127_081055.2018-11-26_12-54-25_000.jpg.1.png
[20181127_081056 / lib_ip.py:4331] 
img.20181127_081055.2018-11-26_12-54-25_000.jpg.1.png 0 ---------------------
[20181127_081056 / lib_ip.py:3794] file = img.20181127_081055.2018-11-26_12-54-25_000.jpg.1.png / val_Average = 63.9960	val_Variance = 1938.5983	sd = 44.0295	max = 175	min = 0
[20181127_081056 / lib_ip.py:3877] len(Hs) = 8100, len(Ss) = 8100, len(Vs) = 8100
[20181127_081056 / lib_ip.py:3910] yellow : variance --> out of range (variance = 1938.598 / upper = 0.650 / lower = 0.000)
[20181127_081056 / lib_ip.py:3794] file = img.20181127_081055.2018-11-26_12-54-25_000.jpg.1.png / val_Average = 63.9960	val_Variance = 1938.5983	sd = 44.0295	max = 175	min = 0
[20181127_081056 / lib_ip.py:3977] len(Hs) = 8100, len(Ss) = 8100, len(Vs) = 8100
[20181127_081056 / lib_ip.py:4023] red : variance --> out of range (variance = 1938.598 / upper = 0.430 / lower = 0.000)
[20181127_081056 / lib_ip.py:3794] file = img.20181127_081055.2018-11-26_12-54-25_000.jpg.1.png / val_Average = 63.9960	val_Variance = 1938.5983	sd = 44.0295	max = 175	min = 0
[20181127_081056 / lib_ip.py:4090] len(Hs) = 8100, len(Ss) = 8100, len(Vs) = 8100
[20181127_081056 / lib_ip.py:4137] green : variance --> out of range (variance = 1938.598 / upper = 0.760 / lower = 0.000)
[20181127_081056 / lib_ip.py:3794] file = img.20181127_081055.2018-11-26_12-54-25_000.jpg.1.png / val_Average = 63.9960	val_Variance = 1938.5983	sd = 44.0295	max = 175	min = 0
[20181127_081056 / lib_ip.py:4204] len(Hs) = 8100, len(Ss) = 8100, len(Vs) = 8100
[20181127_081056 / lib_ip.py:4248] black : variance --> out of range (variance = 1938.598 / upper = 0.000 / lower = 0.000)
[20181127_081056 / lib_ip.py:4399] file : img.20181127_081055.2018-11-26_12-54-25_000.jpg.1.png 0 (black : variance --> out of range (variance = 1938.598 / upper = 0.000 / lower = 0.000))
[20181127_081056 / lib_ip.py:2273] inspecting ===> img.20181127_081055.2018-11-26_12-54-25_000.jpg.2.png
[20181127_081056 / lib_ip.py:4331] 
img.20181127_081055.2018-11-26_12-54-25_000.jpg.2.png 1 ---------------------
[20181127_081056 / lib_ip.py:3794] file = img.20181127_081055.2018-11-26_12-54-25_000.jpg.2.png / val_Average = 98.6657	val_Variance = 11.1458	sd = 3.3385	max = 109	min = 88
[20181127_081057 / lib_ip.py:3877] len(Hs) = 8100, len(Ss) = 8100, len(Vs) = 8100
[20181127_081057 / lib_ip.py:3910] yellow : variance --> out of range (variance = 11.146 / upper = 0.650 / lower = 0.000)
[20181127_081057 / lib_ip.py:3794] file = img.20181127_081055.2018-11-26_12-54-25_000.jpg.2.png / val_Average = 98.6657	val_Variance = 11.1458	sd = 3.3385	max = 109	min = 88
[20181127_081057 / lib_ip.py:3977] len(Hs) = 8100, len(Ss) = 8100, len(Vs) = 8100
[20181127_081057 / lib_ip.py:4023] red : variance --> out of range (variance = 11.146 / upper = 0.430 / lower = 0.000)
[20181127_081057 / lib_ip.py:3794] file = img.20181127_081055.2018-11-26_12-54-25_000.jpg.2.png / val_Average = 98.6657	val_Variance = 11.1458	sd = 3.3385	max = 109	min = 88
[20181127_081057 / lib_ip.py:4090] len(Hs) = 8100, len(Ss) = 8100, len(Vs) = 8100
[20181127_081057 / lib_ip.py:4137] green : variance --> out of range (variance = 11.146 / upper = 0.760 / lower = 0.000)
[20181127_081057 / lib_ip.py:3794] file = img.20181127_081055.2018-11-26_12-54-25_000.jpg.2.png / val_Average = 98.6657	val_Variance = 11.1458	sd = 3.3385	max = 109	min = 88
[20181127_081057 / lib_ip.py:4204] len(Hs) = 8100, len(Ss) = 8100, len(Vs) = 8100
[20181127_081057 / lib_ip.py:4248] black : variance --> out of range (variance = 11.146 / upper = 0.000 / lower = 0.000)
[20181127_081057 / lib_ip.py:4399] file : img.20181127_081055.2018-11-26_12-54-25_000.jpg.2.png 1 (black : variance --> out of range (variance = 11.146 / upper = 0.000 / lower = 0.000))
[20181127_081057 / lib_ip.py:2273] inspecting ===> img.20181127_081055.2018-11-26_12-54-25_000.jpg.3.png
[20181127_081058 / lib_ip.py:4331] 
img.20181127_081055.2018-11-26_12-54-25_000.jpg.3.png 2 ---------------------
[20181127_081058 / lib_ip.py:3794] file = img.20181127_081055.2018-11-26_12-54-25_000.jpg.3.png / val_Average = 76.1125	val_Variance = 0.1109	sd = 0.3331	max = 77	min = 75
[20181127_081058 / lib_ip.py:3877] len(Hs) = 8100, len(Ss) = 8100, len(Vs) = 8100
[20181127_081058 / lib_ip.py:3932] yellow : average --> out of range (average = 76.112 / upper = 99.200 / lower = 88.000)
[20181127_081058 / lib_ip.py:3794] file = img.20181127_081055.2018-11-26_12-54-25_000.jpg.3.png / val_Average = 76.1125	val_Variance = 0.1109	sd = 0.3331	max = 77	min = 75
[20181127_081058 / lib_ip.py:3977] len(Hs) = 8100, len(Ss) = 8100, len(Vs) = 8100
[20181127_081058 / lib_ip.py:4048] red : average --> out of range (average = 76.112 / upper = 124.000 / lower = 115.000)
[20181127_081058 / lib_ip.py:3794] file = img.20181127_081055.2018-11-26_12-54-25_000.jpg.3.png / val_Average = 76.1125	val_Variance = 0.1109	sd = 0.3331	max = 77	min = 75
[20181127_081058 / lib_ip.py:4090] len(Hs) = 8100, len(Ss) = 8100, len(Vs) = 8100
[20181127_081058 / lib_ip.py:2273] inspecting ===> img.20181127_081055.2018-11-26_12-54-25_000.jpg.4.png
[20181127_081058 / lib_ip.py:4331] 
img.20181127_081055.2018-11-26_12-54-25_000.jpg.4.png 3 ---------------------
[20181127_081058 / lib_ip.py:3794] file = img.20181127_081055.2018-11-26_12-54-25_000.jpg.4.png / val_Average = 119.8433	val_Variance = 0.1489	sd = 0.3859	max = 121	min = 119
[20181127_081058 / lib_ip.py:3877] len(Hs) = 8100, len(Ss) = 8100, len(Vs) = 8100
[20181127_081059 / lib_ip.py:3932] yellow : average --> out of range (average = 119.843 / upper = 99.200 / lower = 88.000)
[20181127_081059 / lib_ip.py:3794] file = img.20181127_081055.2018-11-26_12-54-25_000.jpg.4.png / val_Average = 119.8433	val_Variance = 0.1489	sd = 0.3859	max = 121	min = 119
[20181127_081059 / lib_ip.py:3977] len(Hs) = 8100, len(Ss) = 8100, len(Vs) = 8100
[20181127_081058 / lib_ip.py:2273] inspecting ===> img.20181127_081055.2018-11-26_12-54-25_000.jpg.4.png
img.20181127_081055.2018-11-26_12-54-25_000.jpg.1.png => other
img.20181127_081055.2018-11-26_12-54-25_000.jpg.2.png => other
img.20181127_081055.2018-11-26_12-54-25_000.jpg.3.png => other
img.20181127_081055.2018-11-26_12-54-25_000.jpg.4.png => other
[20181127_081059 lib_ip.py:3300] =============== Get 4 corners
dpath_Images = C:\WORKS_2\WS\WS_Others.Art\JVEMV6\46_art\VIRTUAL\Admin_Projects\ip\images
fname_Image = img.20181127_081055.2018-11-26_12-54-25_000.jpg.4.png

[20181127_081059 / lib_ip.py:2273] inspecting ===> img.20181127_081059.2018-11-26_14-42-19_000.jpg.1.png
[20181127_081100 / lib_ip.py:4331] 
img.20181127_081059.2018-11-26_14-42-19_000.jpg.1.png 0 ---------------------
[20181127_081100 / lib_ip.py:3794] file = img.20181127_081059.2018-11-26_14-42-19_000.jpg.1.png / val_Average = 104.4902	val_Variance = 20.9746	sd = 4.5798	max = 123	min = 85
[20181127_081100 / lib_ip.py:3877] len(Hs) = 8100, len(Ss) = 8100, len(Vs) = 8100
[20181127_081100 / lib_ip.py:3910] yellow : variance --> out of range (variance = 20.975 / upper = 0.650 / lower = 0.000)
[20181127_081100 / lib_ip.py:3794] file = img.20181127_081059.2018-11-26_14-42-19_000.jpg.1.png / val_Average = 104.4902	val_Variance = 20.9746	sd = 4.5798	max = 123	min = 85
[20181127_081100 / lib_ip.py:3977] len(Hs) = 8100, len(Ss) = 8100, len(Vs) = 8100
[20181127_081100 / lib_ip.py:4023] red : variance --> out of range (variance = 20.975 / upper = 0.430 / lower = 0.000)
[20181127_081100 / lib_ip.py:3794] file = img.20181127_081059.2018-11-26_14-42-19_000.jpg.1.png / val_Average = 104.4902	val_Variance = 20.9746	sd = 4.5798	max = 123	min = 85
[20181127_081100 / lib_ip.py:4090] len(Hs) = 8100, len(Ss) = 8100, len(Vs) = 8100
[20181127_081100 / lib_ip.py:4137] green : variance --> out of range (variance = 20.975 / upper = 0.760 / lower = 0.000)
[20181127_081100 / lib_ip.py:3794] file = img.20181127_081059.2018-11-26_14-42-19_000.jpg.1.png / val_Average = 104.4902	val_Variance = 20.9746	sd = 4.5798	max = 123	min = 85
[20181127_081100 / lib_ip.py:4204] len(Hs) = 8100, len(Ss) = 8100, len(Vs) = 8100
[20181127_081100 / lib_ip.py:4248] black : variance --> out of range (variance = 20.975 / upper = 0.000 / lower = 0.000)
[20181127_081100 / lib_ip.py:4399] file : img.20181127_081059.2018-11-26_14-42-19_000.jpg.1.png 0 (black : variance --> out of range (variance = 20.975 / upper = 0.000 / lower = 0.000))
[20181127_081100 / lib_ip.py:2273] inspecting ===> img.20181127_081059.2018-11-26_14-42-19_000.jpg.2.png
[20181127_081101 / lib_ip.py:4331] 
img.20181127_081059.2018-11-26_14-42-19_000.jpg.2.png 1 ---------------------
[20181127_081101 / lib_ip.py:3794] file = img.20181127_081059.2018-11-26_14-42-19_000.jpg.2.png / val_Average = 106.8877	val_Variance = 2.9721	sd = 1.7240	max = 113	min = 98
[20181127_081101 / lib_ip.py:3877] len(Hs) = 8100, len(Ss) = 8100, len(Vs) = 8100
[20181127_081101 / lib_ip.py:3910] yellow : variance --> out of range (variance = 2.972 / upper = 0.650 / lower = 0.000)
[20181127_081101 / lib_ip.py:3794] file = img.20181127_081059.2018-11-26_14-42-19_000.jpg.2.png / val_Average = 106.8877	val_Variance = 2.9721	sd = 1.7240	max = 113	min = 98
[20181127_081101 / lib_ip.py:3977] len(Hs) = 8100, len(Ss) = 8100, len(Vs) = 8100
[20181127_081101 / lib_ip.py:4023] red : variance --> out of range (variance = 2.972 / upper = 0.430 / lower = 0.000)
[20181127_081101 / lib_ip.py:3794] file = img.20181127_081059.2018-11-26_14-42-19_000.jpg.2.png / val_Average = 106.8877	val_Variance = 2.9721	sd = 1.7240	max = 113	min = 98
[20181127_081101 / lib_ip.py:4090] len(Hs) = 8100, len(Ss) = 8100, len(Vs) = 8100
[20181127_081101 / lib_ip.py:4137] green : variance --> out of range (variance = 2.972 / upper = 0.760 / lower = 0.000)
[20181127_081101 / lib_ip.py:3794] file = img.20181127_081059.2018-11-26_14-42-19_000.jpg.2.png / val_Average = 106.8877	val_Variance = 2.9721	sd = 1.7240	max = 113	min = 98
[20181127_081101 / lib_ip.py:4204] len(Hs) = 8100, len(Ss) = 8100, len(Vs) = 8100
[20181127_081101 / lib_ip.py:4248] black : variance --> out of range (variance = 2.972 / upper = 0.000 / lower = 0.000)
[20181127_081101 / lib_ip.py:4399] file : img.20181127_081059.2018-11-26_14-42-19_000.jpg.2.png 1 (black : variance --> out of range (variance = 2.972 / upper = 0.000 / lower = 0.000))
[20181127_081101 / lib_ip.py:2273] inspecting ===> img.20181127_081059.2018-11-26_14-42-19_000.jpg.3.png
[20181127_081102 / lib_ip.py:4331] 
img.20181127_081059.2018-11-26_14-42-19_000.jpg.3.png 2 ---------------------
[20181127_081102 / lib_ip.py:3794] file = img.20181127_081059.2018-11-26_14-42-19_000.jpg.3.png / val_Average = 76.0479	val_Variance = 0.0683	sd = 0.2614	max = 77	min = 75
[20181127_081102 / lib_ip.py:3877] len(Hs) = 8100, len(Ss) = 8100, len(Vs) = 8100
[20181127_081102 / lib_ip.py:3932] yellow : average --> out of range (average = 76.048 / upper = 99.200 / lower = 88.000)
[20181127_081102 / lib_ip.py:3794] file = img.20181127_081059.2018-11-26_14-42-19_000.jpg.3.png / val_Average = 76.0479	val_Variance = 0.0683	sd = 0.2614	max = 77	min = 75
[20181127_081102 / lib_ip.py:3977] len(Hs) = 8100, len(Ss) = 8100, len(Vs) = 8100
[20181127_081102 / lib_ip.py:4048] red : average --> out of range (average = 76.048 / upper = 124.000 / lower = 115.000)
[20181127_081102 / lib_ip.py:3794] file = img.20181127_081059.2018-11-26_14-42-19_000.jpg.3.png / val_Average = 76.0479	val_Variance = 0.0683	sd = 0.2614	max = 77	min = 75
[20181127_081102 / lib_ip.py:4090] len(Hs) = 8100, len(Ss) = 8100, len(Vs) = 8100
[20181127_081102 / lib_ip.py:2273] inspecting ===> img.20181127_081059.2018-11-26_14-42-19_000.jpg.4.png
[20181127_081102 / lib_ip.py:4331] 
img.20181127_081059.2018-11-26_14-42-19_000.jpg.4.png 3 ---------------------
[20181127_081103 / lib_ip.py:3794] file = img.20181127_081059.2018-11-26_14-42-19_000.jpg.4.png / val_Average = 120.4575	val_Variance = 0.2502	sd = 0.5002	max = 122	min = 120
[20181127_081103 / lib_ip.py:3877] len(Hs) = 8100, len(Ss) = 8100, len(Vs) = 8100
[20181127_081103 / lib_ip.py:3932] yellow : average --> out of range (average = 120.458 / upper = 99.200 / lower = 88.000)
[20181127_081103 / lib_ip.py:3794] file = img.20181127_081059.2018-11-26_14-42-19_000.jpg.4.png / val_Average = 120.4575	val_Variance = 0.2502	sd = 0.5002	max = 122	min = 120
[20181127_081103 / lib_ip.py:3977] len(Hs) = 8100, len(Ss) = 8100, len(Vs) = 8100
[20181127_081102 / lib_ip.py:2273] inspecting ===> img.20181127_081059.2018-11-26_14-42-19_000.jpg.4.png
img.20181127_081059.2018-11-26_14-42-19_000.jpg.1.png => other
img.20181127_081059.2018-11-26_14-42-19_000.jpg.2.png => other
img.20181127_081059.2018-11-26_14-42-19_000.jpg.3.png => other
img.20181127_081059.2018-11-26_14-42-19_000.jpg.4.png => other
[20181127_081103 lib_ip.py:3300] =============== Get 4 corners
dpath_Images = C:\WORKS_2\WS\WS_Others.Art\JVEMV6\46_art\VIRTUAL\Admin_Projects\ip\images
fname_Image = img.20181127_081059.2018-11-26_14-42-19_000.jpg.4.png

[20181127_081104 / lib_ip.py:2273] inspecting ===> img.20181127_081103.2018-11-26_15-56-03_000.jpg.1.png
[20181127_081104 / lib_ip.py:4331] 
img.20181127_081103.2018-11-26_15-56-03_000.jpg.1.png 0 ---------------------
[20181127_081104 / lib_ip.py:3794] file = img.20181127_081103.2018-11-26_15-56-03_000.jpg.1.png / val_Average = 120.2214	val_Variance = 0.2045	sd = 0.4522	max = 122	min = 119
[20181127_081104 / lib_ip.py:3877] len(Hs) = 8100, len(Ss) = 8100, len(Vs) = 8100
[20181127_081104 / lib_ip.py:3932] yellow : average --> out of range (average = 120.221 / upper = 99.200 / lower = 88.000)
[20181127_081104 / lib_ip.py:3794] file = img.20181127_081103.2018-11-26_15-56-03_000.jpg.1.png / val_Average = 120.2214	val_Variance = 0.2045	sd = 0.4522	max = 122	min = 119
[20181127_081104 / lib_ip.py:3977] len(Hs) = 8100, len(Ss) = 8100, len(Vs) = 8100
[20181127_081104 / lib_ip.py:2273] inspecting ===> img.20181127_081103.2018-11-26_15-56-03_000.jpg.2.png
[20181127_081104 / lib_ip.py:4331] 
img.20181127_081103.2018-11-26_15-56-03_000.jpg.2.png 1 ---------------------
[20181127_081105 / lib_ip.py:3794] file = img.20181127_081103.2018-11-26_15-56-03_000.jpg.2.png / val_Average = 103.4442	val_Variance = 0.6089	sd = 0.7803	max = 106	min = 101
[20181127_081105 / lib_ip.py:3877] len(Hs) = 8100, len(Ss) = 8100, len(Vs) = 8100
[20181127_081105 / lib_ip.py:3932] yellow : average --> out of range (average = 103.444 / upper = 99.200 / lower = 88.000)
[20181127_081105 / lib_ip.py:3794] file = img.20181127_081103.2018-11-26_15-56-03_000.jpg.2.png / val_Average = 103.4442	val_Variance = 0.6089	sd = 0.7803	max = 106	min = 101
[20181127_081105 / lib_ip.py:3977] len(Hs) = 8100, len(Ss) = 8100, len(Vs) = 8100
[20181127_081105 / lib_ip.py:4023] red : variance --> out of range (variance = 0.609 / upper = 0.430 / lower = 0.000)
[20181127_081105 / lib_ip.py:3794] file = img.20181127_081103.2018-11-26_15-56-03_000.jpg.2.png / val_Average = 103.4442	val_Variance = 0.6089	sd = 0.7803	max = 106	min = 101
[20181127_081105 / lib_ip.py:4090] len(Hs) = 8100, len(Ss) = 8100, len(Vs) = 8100
[20181127_081105 / lib_ip.py:4162] green : average --> out of range (average = 103.444 / upper = 83.000 / lower = 58.000)
[20181127_081105 / lib_ip.py:3794] file = img.20181127_081103.2018-11-26_15-56-03_000.jpg.2.png / val_Average = 103.4442	val_Variance = 0.6089	sd = 0.7803	max = 106	min = 101
[20181127_081105 / lib_ip.py:4204] len(Hs) = 8100, len(Ss) = 8100, len(Vs) = 8100
[20181127_081105 / lib_ip.py:4248] black : variance --> out of range (variance = 0.609 / upper = 0.000 / lower = 0.000)
[20181127_081105 / lib_ip.py:4399] file : img.20181127_081103.2018-11-26_15-56-03_000.jpg.2.png 1 (black : variance --> out of range (variance = 0.609 / upper = 0.000 / lower = 0.000))
[20181127_081105 / lib_ip.py:2273] inspecting ===> img.20181127_081103.2018-11-26_15-56-03_000.jpg.3.png
[20181127_081106 / lib_ip.py:4331] 
img.20181127_081103.2018-11-26_15-56-03_000.jpg.3.png 2 ---------------------
[20181127_081106 / lib_ip.py:3794] file = img.20181127_081103.2018-11-26_15-56-03_000.jpg.3.png / val_Average = 104.9415	val_Variance = 5.2410	sd = 2.2893	max = 110	min = 86
[20181127_081106 / lib_ip.py:3877] len(Hs) = 8100, len(Ss) = 8100, len(Vs) = 8100
[20181127_081106 / lib_ip.py:3910] yellow : variance --> out of range (variance = 5.241 / upper = 0.650 / lower = 0.000)
[20181127_081106 / lib_ip.py:3794] file = img.20181127_081103.2018-11-26_15-56-03_000.jpg.3.png / val_Average = 104.9415	val_Variance = 5.2410	sd = 2.2893	max = 110	min = 86
[20181127_081106 / lib_ip.py:3977] len(Hs) = 8100, len(Ss) = 8100, len(Vs) = 8100
[20181127_081106 / lib_ip.py:4023] red : variance --> out of range (variance = 5.241 / upper = 0.430 / lower = 0.000)
[20181127_081106 / lib_ip.py:3794] file = img.20181127_081103.2018-11-26_15-56-03_000.jpg.3.png / val_Average = 104.9415	val_Variance = 5.2410	sd = 2.2893	max = 110	min = 86
[20181127_081106 / lib_ip.py:4090] len(Hs) = 8100, len(Ss) = 8100, len(Vs) = 8100
[20181127_081106 / lib_ip.py:4137] green : variance --> out of range (variance = 5.241 / upper = 0.760 / lower = 0.000)
[20181127_081106 / lib_ip.py:3794] file = img.20181127_081103.2018-11-26_15-56-03_000.jpg.3.png / val_Average = 104.9415	val_Variance = 5.2410	sd = 2.2893	max = 110	min = 86
[20181127_081106 / lib_ip.py:4204] len(Hs) = 8100, len(Ss) = 8100, len(Vs) = 8100
[20181127_081106 / lib_ip.py:4248] black : variance --> out of range (variance = 5.241 / upper = 0.000 / lower = 0.000)
[20181127_081106 / lib_ip.py:4399] file : img.20181127_081103.2018-11-26_15-56-03_000.jpg.3.png 2 (black : variance --> out of range (variance = 5.241 / upper = 0.000 / lower = 0.000))
[20181127_081106 / lib_ip.py:2273] inspecting ===> img.20181127_081103.2018-11-26_15-56-03_000.jpg.4.png
[20181127_081106 / lib_ip.py:4331] 
img.20181127_081103.2018-11-26_15-56-03_000.jpg.4.png 3 ---------------------
[20181127_081106 / lib_ip.py:3794] file = img.20181127_081103.2018-11-26_15-56-03_000.jpg.4.png / val_Average = 100.3222	val_Variance = 1.2631	sd = 1.1239	max = 103	min = 97
[20181127_081107 / lib_ip.py:3877] len(Hs) = 8100, len(Ss) = 8100, len(Vs) = 8100
[20181127_081107 / lib_ip.py:3910] yellow : variance --> out of range (variance = 1.263 / upper = 0.650 / lower = 0.000)
[20181127_081107 / lib_ip.py:3794] file = img.20181127_081103.2018-11-26_15-56-03_000.jpg.4.png / val_Average = 100.3222	val_Variance = 1.2631	sd = 1.1239	max = 103	min = 97
[20181127_081107 / lib_ip.py:3977] len(Hs) = 8100, len(Ss) = 8100, len(Vs) = 8100
[20181127_081107 / lib_ip.py:4023] red : variance --> out of range (variance = 1.263 / upper = 0.430 / lower = 0.000)
[20181127_081107 / lib_ip.py:3794] file = img.20181127_081103.2018-11-26_15-56-03_000.jpg.4.png / val_Average = 100.3222	val_Variance = 1.2631	sd = 1.1239	max = 103	min = 97
[20181127_081107 / lib_ip.py:4090] len(Hs) = 8100, len(Ss) = 8100, len(Vs) = 8100
[20181127_081107 / lib_ip.py:4137] green : variance --> out of range (variance = 1.263 / upper = 0.760 / lower = 0.000)
[20181127_081107 / lib_ip.py:3794] file = img.20181127_081103.2018-11-26_15-56-03_000.jpg.4.png / val_Average = 100.3222	val_Variance = 1.2631	sd = 1.1239	max = 103	min = 97
[20181127_081107 / lib_ip.py:4204] len(Hs) = 8100, len(Ss) = 8100, len(Vs) = 8100
[20181127_081107 / lib_ip.py:4248] black : variance --> out of range (variance = 1.263 / upper = 0.000 / lower = 0.000)
[20181127_081107 / lib_ip.py:4399] file : img.20181127_081103.2018-11-26_15-56-03_000.jpg.4.png 3 (black : variance --> out of range (variance = 1.263 / upper = 0.000 / lower = 0.000))
[20181127_081106 / lib_ip.py:2273] inspecting ===> img.20181127_081103.2018-11-26_15-56-03_000.jpg.4.png
img.20181127_081103.2018-11-26_15-56-03_000.jpg.1.png => other
img.20181127_081103.2018-11-26_15-56-03_000.jpg.2.png => other
img.20181127_081103.2018-11-26_15-56-03_000.jpg.3.png => other
img.20181127_081103.2018-11-26_15-56-03_000.jpg.4.png => other
[20181127_081107 lib_ip.py:3300] =============== Get 4 corners
dpath_Images = C:\WORKS_2\WS\WS_Others.Art\JVEMV6\46_art\VIRTUAL\Admin_Projects\ip\images
fname_Image = img.20181127_081103.2018-11-26_15-56-03_000.jpg.4.png

[20181127_081108 / lib_ip.py:2273] inspecting ===> img.20181127_081108.2018-11-26_16-06-20_000.jpg.1.png
[20181127_081108 / lib_ip.py:4331] 
img.20181127_081108.2018-11-26_16-06-20_000.jpg.1.png 0 ---------------------
[20181127_081108 / lib_ip.py:3794] file = img.20181127_081108.2018-11-26_16-06-20_000.jpg.1.png / val_Average = 111.1554	val_Variance = 3.4036	sd = 1.8449	max = 117	min = 105
[20181127_081108 / lib_ip.py:3877] len(Hs) = 8100, len(Ss) = 8100, len(Vs) = 8100
[20181127_081108 / lib_ip.py:3910] yellow : variance --> out of range (variance = 3.404 / upper = 0.650 / lower = 0.000)
[20181127_081108 / lib_ip.py:3794] file = img.20181127_081108.2018-11-26_16-06-20_000.jpg.1.png / val_Average = 111.1554	val_Variance = 3.4036	sd = 1.8449	max = 117	min = 105
[20181127_081108 / lib_ip.py:3977] len(Hs) = 8100, len(Ss) = 8100, len(Vs) = 8100
[20181127_081108 / lib_ip.py:4023] red : variance --> out of range (variance = 3.404 / upper = 0.430 / lower = 0.000)
[20181127_081108 / lib_ip.py:3794] file = img.20181127_081108.2018-11-26_16-06-20_000.jpg.1.png / val_Average = 111.1554	val_Variance = 3.4036	sd = 1.8449	max = 117	min = 105
[20181127_081108 / lib_ip.py:4090] len(Hs) = 8100, len(Ss) = 8100, len(Vs) = 8100
[20181127_081108 / lib_ip.py:4137] green : variance --> out of range (variance = 3.404 / upper = 0.760 / lower = 0.000)
[20181127_081109 / lib_ip.py:3794] file = img.20181127_081108.2018-11-26_16-06-20_000.jpg.1.png / val_Average = 111.1554	val_Variance = 3.4036	sd = 1.8449	max = 117	min = 105
[20181127_081109 / lib_ip.py:4204] len(Hs) = 8100, len(Ss) = 8100, len(Vs) = 8100
[20181127_081109 / lib_ip.py:4248] black : variance --> out of range (variance = 3.404 / upper = 0.000 / lower = 0.000)
[20181127_081109 / lib_ip.py:4399] file : img.20181127_081108.2018-11-26_16-06-20_000.jpg.1.png 0 (black : variance --> out of range (variance = 3.404 / upper = 0.000 / lower = 0.000))
[20181127_081109 / lib_ip.py:2273] inspecting ===> img.20181127_081108.2018-11-26_16-06-20_000.jpg.2.png
[20181127_081109 / lib_ip.py:4331] 
img.20181127_081108.2018-11-26_16-06-20_000.jpg.2.png 1 ---------------------
[20181127_081109 / lib_ip.py:3794] file = img.20181127_081108.2018-11-26_16-06-20_000.jpg.2.png / val_Average = 112.1380	val_Variance = 1.6508	sd = 1.2848	max = 116	min = 109
[20181127_081109 / lib_ip.py:3877] len(Hs) = 8100, len(Ss) = 8100, len(Vs) = 8100
[20181127_081109 / lib_ip.py:3910] yellow : variance --> out of range (variance = 1.651 / upper = 0.650 / lower = 0.000)
[20181127_081110 / lib_ip.py:3794] file = img.20181127_081108.2018-11-26_16-06-20_000.jpg.2.png / val_Average = 112.1380	val_Variance = 1.6508	sd = 1.2848	max = 116	min = 109
[20181127_081110 / lib_ip.py:3977] len(Hs) = 8100, len(Ss) = 8100, len(Vs) = 8100
[20181127_081110 / lib_ip.py:4023] red : variance --> out of range (variance = 1.651 / upper = 0.430 / lower = 0.000)
[20181127_081110 / lib_ip.py:3794] file = img.20181127_081108.2018-11-26_16-06-20_000.jpg.2.png / val_Average = 112.1380	val_Variance = 1.6508	sd = 1.2848	max = 116	min = 109
[20181127_081110 / lib_ip.py:4090] len(Hs) = 8100, len(Ss) = 8100, len(Vs) = 8100
[20181127_081110 / lib_ip.py:4137] green : variance --> out of range (variance = 1.651 / upper = 0.760 / lower = 0.000)
[20181127_081110 / lib_ip.py:3794] file = img.20181127_081108.2018-11-26_16-06-20_000.jpg.2.png / val_Average = 112.1380	val_Variance = 1.6508	sd = 1.2848	max = 116	min = 109
[20181127_081110 / lib_ip.py:4204] len(Hs) = 8100, len(Ss) = 8100, len(Vs) = 8100
[20181127_081110 / lib_ip.py:4248] black : variance --> out of range (variance = 1.651 / upper = 0.000 / lower = 0.000)
[20181127_081110 / lib_ip.py:4399] file : img.20181127_081108.2018-11-26_16-06-20_000.jpg.2.png 1 (black : variance --> out of range (variance = 1.651 / upper = 0.000 / lower = 0.000))
[20181127_081110 / lib_ip.py:2273] inspecting ===> img.20181127_081108.2018-11-26_16-06-20_000.jpg.3.png
[20181127_081110 / lib_ip.py:4331] 
img.20181127_081108.2018-11-26_16-06-20_000.jpg.3.png 2 ---------------------
[20181127_081110 / lib_ip.py:3794] file = img.20181127_081108.2018-11-26_16-06-20_000.jpg.3.png / val_Average = 74.8006	val_Variance = 0.4428	sd = 0.6655	max = 76	min = 74
[20181127_081110 / lib_ip.py:3877] len(Hs) = 8100, len(Ss) = 8100, len(Vs) = 8100
[20181127_081110 / lib_ip.py:3932] yellow : average --> out of range (average = 74.801 / upper = 99.200 / lower = 88.000)
[20181127_081111 / lib_ip.py:3794] file = img.20181127_081108.2018-11-26_16-06-20_000.jpg.3.png / val_Average = 74.8006	val_Variance = 0.4428	sd = 0.6655	max = 76	min = 74
[20181127_081111 / lib_ip.py:3977] len(Hs) = 8100, len(Ss) = 8100, len(Vs) = 8100
[20181127_081111 / lib_ip.py:4023] red : variance --> out of range (variance = 0.443 / upper = 0.430 / lower = 0.000)
[20181127_081111 / lib_ip.py:3794] file = img.20181127_081108.2018-11-26_16-06-20_000.jpg.3.png / val_Average = 74.8006	val_Variance = 0.4428	sd = 0.6655	max = 76	min = 74
[20181127_081111 / lib_ip.py:4090] len(Hs) = 8100, len(Ss) = 8100, len(Vs) = 8100
[20181127_081111 / lib_ip.py:2273] inspecting ===> img.20181127_081108.2018-11-26_16-06-20_000.jpg.4.png
[20181127_081111 / lib_ip.py:4331] 
img.20181127_081108.2018-11-26_16-06-20_000.jpg.4.png 3 ---------------------
[20181127_081111 / lib_ip.py:3794] file = img.20181127_081108.2018-11-26_16-06-20_000.jpg.4.png / val_Average = 76.0830	val_Variance = 0.0857	sd = 0.2928	max = 77	min = 75
[20181127_081111 / lib_ip.py:3877] len(Hs) = 8100, len(Ss) = 8100, len(Vs) = 8100
[20181127_081111 / lib_ip.py:3932] yellow : average --> out of range (average = 76.083 / upper = 99.200 / lower = 88.000)
[20181127_081111 / lib_ip.py:3794] file = img.20181127_081108.2018-11-26_16-06-20_000.jpg.4.png / val_Average = 76.0830	val_Variance = 0.0857	sd = 0.2928	max = 77	min = 75
[20181127_081111 / lib_ip.py:3977] len(Hs) = 8100, len(Ss) = 8100, len(Vs) = 8100
[20181127_081111 / lib_ip.py:4048] red : average --> out of range (average = 76.083 / upper = 124.000 / lower = 115.000)
[20181127_081112 / lib_ip.py:3794] file = img.20181127_081108.2018-11-26_16-06-20_000.jpg.4.png / val_Average = 76.0830	val_Variance = 0.0857	sd = 0.2928	max = 77	min = 75
[20181127_081112 / lib_ip.py:4090] len(Hs) = 8100, len(Ss) = 8100, len(Vs) = 8100
[20181127_081111 / lib_ip.py:2273] inspecting ===> img.20181127_081108.2018-11-26_16-06-20_000.jpg.4.png
img.20181127_081108.2018-11-26_16-06-20_000.jpg.1.png => other
img.20181127_081108.2018-11-26_16-06-20_000.jpg.2.png => other
img.20181127_081108.2018-11-26_16-06-20_000.jpg.3.png => other
img.20181127_081108.2018-11-26_16-06-20_000.jpg.4.png => other
[20181127_081112 lib_ip.py:3300] =============== Get 4 corners
dpath_Images = C:\WORKS_2\WS\WS_Others.Art\JVEMV6\46_art\VIRTUAL\Admin_Projects\ip\images
fname_Image = img.20181127_081108.2018-11-26_16-06-20_000.jpg.4.png

[20181127_081112 / lib_ip.py:2273] inspecting ===> img.20181127_081112.2018-11-26_18-13-56_000.jpg.1.png
[20181127_081113 / lib_ip.py:4331] 
img.20181127_081112.2018-11-26_18-13-56_000.jpg.1.png 0 ---------------------
[20181127_081113 / lib_ip.py:3794] file = img.20181127_081112.2018-11-26_18-13-56_000.jpg.1.png / val_Average = 110.4921	val_Variance = 3.7134	sd = 1.9270	max = 119	min = 106
[20181127_081113 / lib_ip.py:3877] len(Hs) = 8100, len(Ss) = 8100, len(Vs) = 8100
[20181127_081113 / lib_ip.py:3910] yellow : variance --> out of range (variance = 3.713 / upper = 0.650 / lower = 0.000)
[20181127_081113 / lib_ip.py:3794] file = img.20181127_081112.2018-11-26_18-13-56_000.jpg.1.png / val_Average = 110.4921	val_Variance = 3.7134	sd = 1.9270	max = 119	min = 106
[20181127_081113 / lib_ip.py:3977] len(Hs) = 8100, len(Ss) = 8100, len(Vs) = 8100
[20181127_081113 / lib_ip.py:4023] red : variance --> out of range (variance = 3.713 / upper = 0.430 / lower = 0.000)
[20181127_081113 / lib_ip.py:3794] file = img.20181127_081112.2018-11-26_18-13-56_000.jpg.1.png / val_Average = 110.4921	val_Variance = 3.7134	sd = 1.9270	max = 119	min = 106
[20181127_081113 / lib_ip.py:4090] len(Hs) = 8100, len(Ss) = 8100, len(Vs) = 8100
[20181127_081113 / lib_ip.py:4137] green : variance --> out of range (variance = 3.713 / upper = 0.760 / lower = 0.000)
[20181127_081113 / lib_ip.py:3794] file = img.20181127_081112.2018-11-26_18-13-56_000.jpg.1.png / val_Average = 110.4921	val_Variance = 3.7134	sd = 1.9270	max = 119	min = 106
[20181127_081113 / lib_ip.py:4204] len(Hs) = 8100, len(Ss) = 8100, len(Vs) = 8100
[20181127_081113 / lib_ip.py:4248] black : variance --> out of range (variance = 3.713 / upper = 0.000 / lower = 0.000)
[20181127_081113 / lib_ip.py:4399] file : img.20181127_081112.2018-11-26_18-13-56_000.jpg.1.png 0 (black : variance --> out of range (variance = 3.713 / upper = 0.000 / lower = 0.000))
[20181127_081113 / lib_ip.py:2273] inspecting ===> img.20181127_081112.2018-11-26_18-13-56_000.jpg.2.png
[20181127_081114 / lib_ip.py:4331] 
img.20181127_081112.2018-11-26_18-13-56_000.jpg.2.png 1 ---------------------
[20181127_081114 / lib_ip.py:3794] file = img.20181127_081112.2018-11-26_18-13-56_000.jpg.2.png / val_Average = 110.8790	val_Variance = 5.1713	sd = 2.2740	max = 120	min = 104
[20181127_081114 / lib_ip.py:3877] len(Hs) = 8100, len(Ss) = 8100, len(Vs) = 8100
[20181127_081114 / lib_ip.py:3910] yellow : variance --> out of range (variance = 5.171 / upper = 0.650 / lower = 0.000)
[20181127_081115 / lib_ip.py:3794] file = img.20181127_081112.2018-11-26_18-13-56_000.jpg.2.png / val_Average = 110.8790	val_Variance = 5.1713	sd = 2.2740	max = 120	min = 104
[20181127_081115 / lib_ip.py:3977] len(Hs) = 8100, len(Ss) = 8100, len(Vs) = 8100
[20181127_081115 / lib_ip.py:4023] red : variance --> out of range (variance = 5.171 / upper = 0.430 / lower = 0.000)
[20181127_081115 / lib_ip.py:3794] file = img.20181127_081112.2018-11-26_18-13-56_000.jpg.2.png / val_Average = 110.8790	val_Variance = 5.1713	sd = 2.2740	max = 120	min = 104
[20181127_081115 / lib_ip.py:4090] len(Hs) = 8100, len(Ss) = 8100, len(Vs) = 8100
[20181127_081115 / lib_ip.py:4137] green : variance --> out of range (variance = 5.171 / upper = 0.760 / lower = 0.000)
[20181127_081115 / lib_ip.py:3794] file = img.20181127_081112.2018-11-26_18-13-56_000.jpg.2.png / val_Average = 110.8790	val_Variance = 5.1713	sd = 2.2740	max = 120	min = 104
[20181127_081115 / lib_ip.py:4204] len(Hs) = 8100, len(Ss) = 8100, len(Vs) = 8100
[20181127_081115 / lib_ip.py:4248] black : variance --> out of range (variance = 5.171 / upper = 0.000 / lower = 0.000)
[20181127_081115 / lib_ip.py:4399] file : img.20181127_081112.2018-11-26_18-13-56_000.jpg.2.png 1 (black : variance --> out of range (variance = 5.171 / upper = 0.000 / lower = 0.000))
[20181127_081115 / lib_ip.py:2273] inspecting ===> img.20181127_081112.2018-11-26_18-13-56_000.jpg.3.png
[20181127_081115 / lib_ip.py:4331] 
img.20181127_081112.2018-11-26_18-13-56_000.jpg.3.png 2 ---------------------
[20181127_081116 / lib_ip.py:3794] file = img.20181127_081112.2018-11-26_18-13-56_000.jpg.3.png / val_Average = 77.7151	val_Variance = 0.3267	sd = 0.5716	max = 79	min = 76
[20181127_081116 / lib_ip.py:3877] len(Hs) = 8100, len(Ss) = 8100, len(Vs) = 8100
[20181127_081116 / lib_ip.py:3932] yellow : average --> out of range (average = 77.715 / upper = 99.200 / lower = 88.000)
[20181127_081116 / lib_ip.py:3794] file = img.20181127_081112.2018-11-26_18-13-56_000.jpg.3.png / val_Average = 77.7151	val_Variance = 0.3267	sd = 0.5716	max = 79	min = 76
[20181127_081116 / lib_ip.py:3977] len(Hs) = 8100, len(Ss) = 8100, len(Vs) = 8100
[20181127_081116 / lib_ip.py:4048] red : average --> out of range (average = 77.715 / upper = 124.000 / lower = 115.000)
[20181127_081116 / lib_ip.py:3794] file = img.20181127_081112.2018-11-26_18-13-56_000.jpg.3.png / val_Average = 77.7151	val_Variance = 0.3267	sd = 0.5716	max = 79	min = 76
[20181127_081116 / lib_ip.py:4090] len(Hs) = 8100, len(Ss) = 8100, len(Vs) = 8100
[20181127_081116 / lib_ip.py:2273] inspecting ===> img.20181127_081112.2018-11-26_18-13-56_000.jpg.4.png
[20181127_081116 / lib_ip.py:4331] 
img.20181127_081112.2018-11-26_18-13-56_000.jpg.4.png 3 ---------------------
[20181127_081116 / lib_ip.py:3794] file = img.20181127_081112.2018-11-26_18-13-56_000.jpg.4.png / val_Average = 120.1770	val_Variance = 0.1593	sd = 0.3991	max = 121	min = 119
[20181127_081116 / lib_ip.py:3877] len(Hs) = 8100, len(Ss) = 8100, len(Vs) = 8100
[20181127_081117 / lib_ip.py:3932] yellow : average --> out of range (average = 120.177 / upper = 99.200 / lower = 88.000)
[20181127_081117 / lib_ip.py:3794] file = img.20181127_081112.2018-11-26_18-13-56_000.jpg.4.png / val_Average = 120.1770	val_Variance = 0.1593	sd = 0.3991	max = 121	min = 119
[20181127_081117 / lib_ip.py:3977] len(Hs) = 8100, len(Ss) = 8100, len(Vs) = 8100
[20181127_081116 / lib_ip.py:2273] inspecting ===> img.20181127_081112.2018-11-26_18-13-56_000.jpg.4.png
img.20181127_081112.2018-11-26_18-13-56_000.jpg.1.png => other
img.20181127_081112.2018-11-26_18-13-56_000.jpg.2.png => other
img.20181127_081112.2018-11-26_18-13-56_000.jpg.3.png => other
img.20181127_081112.2018-11-26_18-13-56_000.jpg.4.png => other
[20181127_081117 lib_ip.py:3300] =============== Get 4 corners
dpath_Images = C:\WORKS_2\WS\WS_Others.Art\JVEMV6\46_art\VIRTUAL\Admin_Projects\ip\images
fname_Image = img.20181127_081112.2018-11-26_18-13-56_000.jpg.4.png

[20181127_081117 / lib_ip.py:2273] inspecting ===> img.20181127_081117.2018-11-26_20-13-25_000.jpg.1.png
[20181127_081118 / lib_ip.py:4331] 
img.20181127_081117.2018-11-26_20-13-25_000.jpg.1.png 0 ---------------------
[20181127_081118 / lib_ip.py:3794] file = img.20181127_081117.2018-11-26_20-13-25_000.jpg.1.png / val_Average = 60.8878	val_Variance = 1777.1599	sd = 42.1564	max = 135	min = 0
[20181127_081118 / lib_ip.py:3877] len(Hs) = 8100, len(Ss) = 8100, len(Vs) = 8100
[20181127_081118 / lib_ip.py:3910] yellow : variance --> out of range (variance = 1777.160 / upper = 0.650 / lower = 0.000)
[20181127_081118 / lib_ip.py:3794] file = img.20181127_081117.2018-11-26_20-13-25_000.jpg.1.png / val_Average = 60.8878	val_Variance = 1777.1599	sd = 42.1564	max = 135	min = 0
[20181127_081118 / lib_ip.py:3977] len(Hs) = 8100, len(Ss) = 8100, len(Vs) = 8100
[20181127_081118 / lib_ip.py:4023] red : variance --> out of range (variance = 1777.160 / upper = 0.430 / lower = 0.000)
[20181127_081118 / lib_ip.py:3794] file = img.20181127_081117.2018-11-26_20-13-25_000.jpg.1.png / val_Average = 60.8878	val_Variance = 1777.1599	sd = 42.1564	max = 135	min = 0
[20181127_081118 / lib_ip.py:4090] len(Hs) = 8100, len(Ss) = 8100, len(Vs) = 8100
[20181127_081118 / lib_ip.py:4137] green : variance --> out of range (variance = 1777.160 / upper = 0.760 / lower = 0.000)
[20181127_081118 / lib_ip.py:3794] file = img.20181127_081117.2018-11-26_20-13-25_000.jpg.1.png / val_Average = 60.8878	val_Variance = 1777.1599	sd = 42.1564	max = 135	min = 0
[20181127_081118 / lib_ip.py:4204] len(Hs) = 8100, len(Ss) = 8100, len(Vs) = 8100
[20181127_081119 / lib_ip.py:4248] black : variance --> out of range (variance = 1777.160 / upper = 0.000 / lower = 0.000)
[20181127_081119 / lib_ip.py:4399] file : img.20181127_081117.2018-11-26_20-13-25_000.jpg.1.png 0 (black : variance --> out of range (variance = 1777.160 / upper = 0.000 / lower = 0.000))
[20181127_081119 / lib_ip.py:2273] inspecting ===> img.20181127_081117.2018-11-26_20-13-25_000.jpg.2.png
[20181127_081119 / lib_ip.py:4331] 
img.20181127_081117.2018-11-26_20-13-25_000.jpg.2.png 1 ---------------------
[20181127_081119 / lib_ip.py:3794] file = img.20181127_081117.2018-11-26_20-13-25_000.jpg.2.png / val_Average = 81.2733	val_Variance = 1345.9962	sd = 36.6878	max = 135	min = 0
[20181127_081119 / lib_ip.py:3877] len(Hs) = 8100, len(Ss) = 8100, len(Vs) = 8100
[20181127_081119 / lib_ip.py:3910] yellow : variance --> out of range (variance = 1345.996 / upper = 0.650 / lower = 0.000)
[20181127_081119 / lib_ip.py:3794] file = img.20181127_081117.2018-11-26_20-13-25_000.jpg.2.png / val_Average = 81.2733	val_Variance = 1345.9962	sd = 36.6878	max = 135	min = 0
[20181127_081119 / lib_ip.py:3977] len(Hs) = 8100, len(Ss) = 8100, len(Vs) = 8100
[20181127_081119 / lib_ip.py:4023] red : variance --> out of range (variance = 1345.996 / upper = 0.430 / lower = 0.000)
[20181127_081119 / lib_ip.py:3794] file = img.20181127_081117.2018-11-26_20-13-25_000.jpg.2.png / val_Average = 81.2733	val_Variance = 1345.9962	sd = 36.6878	max = 135	min = 0
[20181127_081119 / lib_ip.py:4090] len(Hs) = 8100, len(Ss) = 8100, len(Vs) = 8100
[20181127_081119 / lib_ip.py:4137] green : variance --> out of range (variance = 1345.996 / upper = 0.760 / lower = 0.000)
[20181127_081120 / lib_ip.py:3794] file = img.20181127_081117.2018-11-26_20-13-25_000.jpg.2.png / val_Average = 81.2733	val_Variance = 1345.9962	sd = 36.6878	max = 135	min = 0
[20181127_081120 / lib_ip.py:4204] len(Hs) = 8100, len(Ss) = 8100, len(Vs) = 8100
[20181127_081120 / lib_ip.py:4248] black : variance --> out of range (variance = 1345.996 / upper = 0.000 / lower = 0.000)
[20181127_081120 / lib_ip.py:4399] file : img.20181127_081117.2018-11-26_20-13-25_000.jpg.2.png 1 (black : variance --> out of range (variance = 1345.996 / upper = 0.000 / lower = 0.000))
[20181127_081120 / lib_ip.py:2273] inspecting ===> img.20181127_081117.2018-11-26_20-13-25_000.jpg.3.png
[20181127_081120 / lib_ip.py:4331] 
img.20181127_081117.2018-11-26_20-13-25_000.jpg.3.png 2 ---------------------
[20181127_081120 / lib_ip.py:3794] file = img.20181127_081117.2018-11-26_20-13-25_000.jpg.3.png / val_Average = 58.7975	val_Variance = 1920.5197	sd = 43.8237	max = 135	min = 0
[20181127_081120 / lib_ip.py:3877] len(Hs) = 8100, len(Ss) = 8100, len(Vs) = 8100
[20181127_081120 / lib_ip.py:3910] yellow : variance --> out of range (variance = 1920.520 / upper = 0.650 / lower = 0.000)
[20181127_081120 / lib_ip.py:3794] file = img.20181127_081117.2018-11-26_20-13-25_000.jpg.3.png / val_Average = 58.7975	val_Variance = 1920.5197	sd = 43.8237	max = 135	min = 0
[20181127_081120 / lib_ip.py:3977] len(Hs) = 8100, len(Ss) = 8100, len(Vs) = 8100
[20181127_081120 / lib_ip.py:4023] red : variance --> out of range (variance = 1920.520 / upper = 0.430 / lower = 0.000)
[20181127_081120 / lib_ip.py:3794] file = img.20181127_081117.2018-11-26_20-13-25_000.jpg.3.png / val_Average = 58.7975	val_Variance = 1920.5197	sd = 43.8237	max = 135	min = 0
[20181127_081120 / lib_ip.py:4090] len(Hs) = 8100, len(Ss) = 8100, len(Vs) = 8100
[20181127_081121 / lib_ip.py:4137] green : variance --> out of range (variance = 1920.520 / upper = 0.760 / lower = 0.000)
[20181127_081121 / lib_ip.py:3794] file = img.20181127_081117.2018-11-26_20-13-25_000.jpg.3.png / val_Average = 58.7975	val_Variance = 1920.5197	sd = 43.8237	max = 135	min = 0
[20181127_081121 / lib_ip.py:4204] len(Hs) = 8100, len(Ss) = 8100, len(Vs) = 8100
[20181127_081121 / lib_ip.py:4248] black : variance --> out of range (variance = 1920.520 / upper = 0.000 / lower = 0.000)
[20181127_081121 / lib_ip.py:4399] file : img.20181127_081117.2018-11-26_20-13-25_000.jpg.3.png 2 (black : variance --> out of range (variance = 1920.520 / upper = 0.000 / lower = 0.000))
[20181127_081121 / lib_ip.py:2273] inspecting ===> img.20181127_081117.2018-11-26_20-13-25_000.jpg.4.png
[20181127_081121 / lib_ip.py:4331] 
img.20181127_081117.2018-11-26_20-13-25_000.jpg.4.png 3 ---------------------
[20181127_081121 / lib_ip.py:3794] file = img.20181127_081117.2018-11-26_20-13-25_000.jpg.4.png / val_Average = 93.5240	val_Variance = 0.2494	sd = 0.4994	max = 94	min = 93
[20181127_081121 / lib_ip.py:3877] len(Hs) = 8100, len(Ss) = 8100, len(Vs) = 8100
[20181127_081121 / lib_ip.py:2273] inspecting ===> img.20181127_081117.2018-11-26_20-13-25_000.jpg.4.png
img.20181127_081117.2018-11-26_20-13-25_000.jpg.1.png => other
img.20181127_081117.2018-11-26_20-13-25_000.jpg.2.png => other
img.20181127_081117.2018-11-26_20-13-25_000.jpg.3.png => other
img.20181127_081117.2018-11-26_20-13-25_000.jpg.4.png => yellow
[20181127_081121 lib_ip.py:3300] =============== Get 4 corners
dpath_Images = C:\WORKS_2\WS\WS_Others.Art\JVEMV6\46_art\VIRTUAL\Admin_Projects\ip\images
fname_Image = img.20181127_081117.2018-11-26_20-13-25_000.jpg.4.png

[20181127_081122 / lib_ip.py:2273] inspecting ===> img.20181127_081122.2018-11-26_22-18-46_000.jpg.1.png
[20181127_081122 / lib_ip.py:4331] 
img.20181127_081122.2018-11-26_22-18-46_000.jpg.1.png 0 ---------------------
[20181127_081122 / lib_ip.py:3794] file = img.20181127_081122.2018-11-26_22-18-46_000.jpg.1.png / val_Average = 55.5665	val_Variance = 40.0779	sd = 6.3307	max = 69	min = 24
[20181127_081122 / lib_ip.py:3877] len(Hs) = 8100, len(Ss) = 8100, len(Vs) = 8100
[20181127_081122 / lib_ip.py:3910] yellow : variance --> out of range (variance = 40.078 / upper = 0.650 / lower = 0.000)
[20181127_081123 / lib_ip.py:3794] file = img.20181127_081122.2018-11-26_22-18-46_000.jpg.1.png / val_Average = 55.5665	val_Variance = 40.0779	sd = 6.3307	max = 69	min = 24
[20181127_081123 / lib_ip.py:3977] len(Hs) = 8100, len(Ss) = 8100, len(Vs) = 8100
[20181127_081123 / lib_ip.py:4023] red : variance --> out of range (variance = 40.078 / upper = 0.430 / lower = 0.000)
[20181127_081123 / lib_ip.py:3794] file = img.20181127_081122.2018-11-26_22-18-46_000.jpg.1.png / val_Average = 55.5665	val_Variance = 40.0779	sd = 6.3307	max = 69	min = 24
[20181127_081123 / lib_ip.py:4090] len(Hs) = 8100, len(Ss) = 8100, len(Vs) = 8100
[20181127_081123 / lib_ip.py:4137] green : variance --> out of range (variance = 40.078 / upper = 0.760 / lower = 0.000)
[20181127_081123 / lib_ip.py:3794] file = img.20181127_081122.2018-11-26_22-18-46_000.jpg.1.png / val_Average = 55.5665	val_Variance = 40.0779	sd = 6.3307	max = 69	min = 24
[20181127_081123 / lib_ip.py:4204] len(Hs) = 8100, len(Ss) = 8100, len(Vs) = 8100
[20181127_081123 / lib_ip.py:4248] black : variance --> out of range (variance = 40.078 / upper = 0.000 / lower = 0.000)
[20181127_081123 / lib_ip.py:4399] file : img.20181127_081122.2018-11-26_22-18-46_000.jpg.1.png 0 (black : variance --> out of range (variance = 40.078 / upper = 0.000 / lower = 0.000))
[20181127_081123 / lib_ip.py:2273] inspecting ===> img.20181127_081122.2018-11-26_22-18-46_000.jpg.2.png
[20181127_081124 / lib_ip.py:4331] 
img.20181127_081122.2018-11-26_22-18-46_000.jpg.2.png 1 ---------------------
[20181127_081124 / lib_ip.py:3794] file = img.20181127_081122.2018-11-26_22-18-46_000.jpg.2.png / val_Average = 99.6959	val_Variance = 9.9528	sd = 3.1548	max = 107	min = 81
[20181127_081124 / lib_ip.py:3877] len(Hs) = 8100, len(Ss) = 8100, len(Vs) = 8100
[20181127_081124 / lib_ip.py:3910] yellow : variance --> out of range (variance = 9.953 / upper = 0.650 / lower = 0.000)
[20181127_081124 / lib_ip.py:3794] file = img.20181127_081122.2018-11-26_22-18-46_000.jpg.2.png / val_Average = 99.6959	val_Variance = 9.9528	sd = 3.1548	max = 107	min = 81
[20181127_081124 / lib_ip.py:3977] len(Hs) = 8100, len(Ss) = 8100, len(Vs) = 8100
[20181127_081124 / lib_ip.py:4023] red : variance --> out of range (variance = 9.953 / upper = 0.430 / lower = 0.000)
[20181127_081124 / lib_ip.py:3794] file = img.20181127_081122.2018-11-26_22-18-46_000.jpg.2.png / val_Average = 99.6959	val_Variance = 9.9528	sd = 3.1548	max = 107	min = 81
[20181127_081124 / lib_ip.py:4090] len(Hs) = 8100, len(Ss) = 8100, len(Vs) = 8100
[20181127_081124 / lib_ip.py:4137] green : variance --> out of range (variance = 9.953 / upper = 0.760 / lower = 0.000)
[20181127_081125 / lib_ip.py:3794] file = img.20181127_081122.2018-11-26_22-18-46_000.jpg.2.png / val_Average = 99.6959	val_Variance = 9.9528	sd = 3.1548	max = 107	min = 81
[20181127_081125 / lib_ip.py:4204] len(Hs) = 8100, len(Ss) = 8100, len(Vs) = 8100
[20181127_081125 / lib_ip.py:4248] black : variance --> out of range (variance = 9.953 / upper = 0.000 / lower = 0.000)
[20181127_081125 / lib_ip.py:4399] file : img.20181127_081122.2018-11-26_22-18-46_000.jpg.2.png 1 (black : variance --> out of range (variance = 9.953 / upper = 0.000 / lower = 0.000))
[20181127_081125 / lib_ip.py:2273] inspecting ===> img.20181127_081122.2018-11-26_22-18-46_000.jpg.3.png
[20181127_081125 / lib_ip.py:4331] 
img.20181127_081122.2018-11-26_22-18-46_000.jpg.3.png 2 ---------------------
[20181127_081125 / lib_ip.py:3794] file = img.20181127_081122.2018-11-26_22-18-46_000.jpg.3.png / val_Average = 97.4926	val_Variance = 1.6255	sd = 1.2750	max = 103	min = 94
[20181127_081125 / lib_ip.py:3877] len(Hs) = 8100, len(Ss) = 8100, len(Vs) = 8100
[20181127_081125 / lib_ip.py:3910] yellow : variance --> out of range (variance = 1.626 / upper = 0.650 / lower = 0.000)
[20181127_081125 / lib_ip.py:3794] file = img.20181127_081122.2018-11-26_22-18-46_000.jpg.3.png / val_Average = 97.4926	val_Variance = 1.6255	sd = 1.2750	max = 103	min = 94
[20181127_081125 / lib_ip.py:3977] len(Hs) = 8100, len(Ss) = 8100, len(Vs) = 8100
[20181127_081125 / lib_ip.py:4023] red : variance --> out of range (variance = 1.626 / upper = 0.430 / lower = 0.000)
[20181127_081125 / lib_ip.py:3794] file = img.20181127_081122.2018-11-26_22-18-46_000.jpg.3.png / val_Average = 97.4926	val_Variance = 1.6255	sd = 1.2750	max = 103	min = 94
[20181127_081125 / lib_ip.py:4090] len(Hs) = 8100, len(Ss) = 8100, len(Vs) = 8100
[20181127_081126 / lib_ip.py:4137] green : variance --> out of range (variance = 1.626 / upper = 0.760 / lower = 0.000)
[20181127_081126 / lib_ip.py:3794] file = img.20181127_081122.2018-11-26_22-18-46_000.jpg.3.png / val_Average = 97.4926	val_Variance = 1.6255	sd = 1.2750	max = 103	min = 94
[20181127_081126 / lib_ip.py:4204] len(Hs) = 8100, len(Ss) = 8100, len(Vs) = 8100
[20181127_081126 / lib_ip.py:4248] black : variance --> out of range (variance = 1.626 / upper = 0.000 / lower = 0.000)
[20181127_081126 / lib_ip.py:4399] file : img.20181127_081122.2018-11-26_22-18-46_000.jpg.3.png 2 (black : variance --> out of range (variance = 1.626 / upper = 0.000 / lower = 0.000))
[20181127_081126 / lib_ip.py:2273] inspecting ===> img.20181127_081122.2018-11-26_22-18-46_000.jpg.4.png
[20181127_081126 / lib_ip.py:4331] 
img.20181127_081122.2018-11-26_22-18-46_000.jpg.4.png 3 ---------------------
[20181127_081126 / lib_ip.py:3794] file = img.20181127_081122.2018-11-26_22-18-46_000.jpg.4.png / val_Average = 47.7904	val_Variance = 86.7798	sd = 9.3156	max = 80	min = 24
[20181127_081126 / lib_ip.py:3877] len(Hs) = 8100, len(Ss) = 8100, len(Vs) = 8100
[20181127_081126 / lib_ip.py:3910] yellow : variance --> out of range (variance = 86.780 / upper = 0.650 / lower = 0.000)
[20181127_081126 / lib_ip.py:3794] file = img.20181127_081122.2018-11-26_22-18-46_000.jpg.4.png / val_Average = 47.7904	val_Variance = 86.7798	sd = 9.3156	max = 80	min = 24
[20181127_081126 / lib_ip.py:3977] len(Hs) = 8100, len(Ss) = 8100, len(Vs) = 8100
[20181127_081126 / lib_ip.py:4023] red : variance --> out of range (variance = 86.780 / upper = 0.430 / lower = 0.000)
[20181127_081127 / lib_ip.py:3794] file = img.20181127_081122.2018-11-26_22-18-46_000.jpg.4.png / val_Average = 47.7904	val_Variance = 86.7798	sd = 9.3156	max = 80	min = 24
[20181127_081127 / lib_ip.py:4090] len(Hs) = 8100, len(Ss) = 8100, len(Vs) = 8100
[20181127_081127 / lib_ip.py:4137] green : variance --> out of range (variance = 86.780 / upper = 0.760 / lower = 0.000)
[20181127_081127 / lib_ip.py:3794] file = img.20181127_081122.2018-11-26_22-18-46_000.jpg.4.png / val_Average = 47.7904	val_Variance = 86.7798	sd = 9.3156	max = 80	min = 24
[20181127_081127 / lib_ip.py:4204] len(Hs) = 8100, len(Ss) = 8100, len(Vs) = 8100
[20181127_081127 / lib_ip.py:4248] black : variance --> out of range (variance = 86.780 / upper = 0.000 / lower = 0.000)
[20181127_081127 / lib_ip.py:4399] file : img.20181127_081122.2018-11-26_22-18-46_000.jpg.4.png 3 (black : variance --> out of range (variance = 86.780 / upper = 0.000 / lower = 0.000))
[20181127_081126 / lib_ip.py:2273] inspecting ===> img.20181127_081122.2018-11-26_22-18-46_000.jpg.4.png
img.20181127_081122.2018-11-26_22-18-46_000.jpg.1.png => other
img.20181127_081122.2018-11-26_22-18-46_000.jpg.2.png => other
img.20181127_081122.2018-11-26_22-18-46_000.jpg.3.png => other
img.20181127_081122.2018-11-26_22-18-46_000.jpg.4.png => other
[20181127_081127 lib_ip.py:3300] =============== Get 4 corners
dpath_Images = C:\WORKS_2\WS\WS_Others.Art\JVEMV6\46_art\VIRTUAL\Admin_Projects\ip\images
fname_Image = img.20181127_081122.2018-11-26_22-18-46_000.jpg.4.png

[20181127_081128 / lib_ip.py:2273] inspecting ===> img.20181127_081127.2018-11-27_01-43-00_000.jpg.1.png
[20181127_081128 / lib_ip.py:4331] 
img.20181127_081127.2018-11-27_01-43-00_000.jpg.1.png 0 ---------------------
[20181127_081128 / lib_ip.py:3794] file = img.20181127_081127.2018-11-27_01-43-00_000.jpg.1.png / val_Average = 82.2602	val_Variance = 937.9950	sd = 30.6267	max = 135	min = 0
[20181127_081128 / lib_ip.py:3877] len(Hs) = 8100, len(Ss) = 8100, len(Vs) = 8100
[20181127_081128 / lib_ip.py:3910] yellow : variance --> out of range (variance = 937.995 / upper = 0.650 / lower = 0.000)
[20181127_081128 / lib_ip.py:3794] file = img.20181127_081127.2018-11-27_01-43-00_000.jpg.1.png / val_Average = 82.2602	val_Variance = 937.9950	sd = 30.6267	max = 135	min = 0
[20181127_081128 / lib_ip.py:3977] len(Hs) = 8100, len(Ss) = 8100, len(Vs) = 8100
[20181127_081128 / lib_ip.py:4023] red : variance --> out of range (variance = 937.995 / upper = 0.430 / lower = 0.000)
[20181127_081128 / lib_ip.py:3794] file = img.20181127_081127.2018-11-27_01-43-00_000.jpg.1.png / val_Average = 82.2602	val_Variance = 937.9950	sd = 30.6267	max = 135	min = 0
[20181127_081128 / lib_ip.py:4090] len(Hs) = 8100, len(Ss) = 8100, len(Vs) = 8100
[20181127_081128 / lib_ip.py:4137] green : variance --> out of range (variance = 937.995 / upper = 0.760 / lower = 0.000)
[20181127_081129 / lib_ip.py:3794] file = img.20181127_081127.2018-11-27_01-43-00_000.jpg.1.png / val_Average = 82.2602	val_Variance = 937.9950	sd = 30.6267	max = 135	min = 0
[20181127_081129 / lib_ip.py:4204] len(Hs) = 8100, len(Ss) = 8100, len(Vs) = 8100
[20181127_081129 / lib_ip.py:4248] black : variance --> out of range (variance = 937.995 / upper = 0.000 / lower = 0.000)
[20181127_081129 / lib_ip.py:4399] file : img.20181127_081127.2018-11-27_01-43-00_000.jpg.1.png 0 (black : variance --> out of range (variance = 937.995 / upper = 0.000 / lower = 0.000))
[20181127_081129 / lib_ip.py:2273] inspecting ===> img.20181127_081127.2018-11-27_01-43-00_000.jpg.2.png
[20181127_081129 / lib_ip.py:4331] 
img.20181127_081127.2018-11-27_01-43-00_000.jpg.2.png 1 ---------------------
[20181127_081129 / lib_ip.py:3794] file = img.20181127_081127.2018-11-27_01-43-00_000.jpg.2.png / val_Average = 117.0914	val_Variance = 0.0830	sd = 0.2881	max = 118	min = 117
[20181127_081129 / lib_ip.py:3877] len(Hs) = 8100, len(Ss) = 8100, len(Vs) = 8100
[20181127_081129 / lib_ip.py:3932] yellow : average --> out of range (average = 117.091 / upper = 99.200 / lower = 88.000)
[20181127_081129 / lib_ip.py:3794] file = img.20181127_081127.2018-11-27_01-43-00_000.jpg.2.png / val_Average = 117.0914	val_Variance = 0.0830	sd = 0.2881	max = 118	min = 117
[20181127_081129 / lib_ip.py:3977] len(Hs) = 8100, len(Ss) = 8100, len(Vs) = 8100
[20181127_081129 / lib_ip.py:2273] inspecting ===> img.20181127_081127.2018-11-27_01-43-00_000.jpg.3.png
[20181127_081130 / lib_ip.py:4331] 
img.20181127_081127.2018-11-27_01-43-00_000.jpg.3.png 2 ---------------------
[20181127_081130 / lib_ip.py:3794] file = img.20181127_081127.2018-11-27_01-43-00_000.jpg.3.png / val_Average = 94.6593	val_Variance = 84.7893	sd = 9.2081	max = 135	min = 0
[20181127_081130 / lib_ip.py:3877] len(Hs) = 8100, len(Ss) = 8100, len(Vs) = 8100
[20181127_081130 / lib_ip.py:3910] yellow : variance --> out of range (variance = 84.789 / upper = 0.650 / lower = 0.000)
[20181127_081130 / lib_ip.py:3794] file = img.20181127_081127.2018-11-27_01-43-00_000.jpg.3.png / val_Average = 94.6593	val_Variance = 84.7893	sd = 9.2081	max = 135	min = 0
[20181127_081130 / lib_ip.py:3977] len(Hs) = 8100, len(Ss) = 8100, len(Vs) = 8100
[20181127_081130 / lib_ip.py:4023] red : variance --> out of range (variance = 84.789 / upper = 0.430 / lower = 0.000)
[20181127_081130 / lib_ip.py:3794] file = img.20181127_081127.2018-11-27_01-43-00_000.jpg.3.png / val_Average = 94.6593	val_Variance = 84.7893	sd = 9.2081	max = 135	min = 0
[20181127_081130 / lib_ip.py:4090] len(Hs) = 8100, len(Ss) = 8100, len(Vs) = 8100
[20181127_081130 / lib_ip.py:4137] green : variance --> out of range (variance = 84.789 / upper = 0.760 / lower = 0.000)
[20181127_081130 / lib_ip.py:3794] file = img.20181127_081127.2018-11-27_01-43-00_000.jpg.3.png / val_Average = 94.6593	val_Variance = 84.7893	sd = 9.2081	max = 135	min = 0
[20181127_081130 / lib_ip.py:4204] len(Hs) = 8100, len(Ss) = 8100, len(Vs) = 8100
[20181127_081130 / lib_ip.py:4248] black : variance --> out of range (variance = 84.789 / upper = 0.000 / lower = 0.000)
[20181127_081130 / lib_ip.py:4399] file : img.20181127_081127.2018-11-27_01-43-00_000.jpg.3.png 2 (black : variance --> out of range (variance = 84.789 / upper = 0.000 / lower = 0.000))
[20181127_081130 / lib_ip.py:2273] inspecting ===> img.20181127_081127.2018-11-27_01-43-00_000.jpg.4.png
[20181127_081131 / lib_ip.py:4331] 
img.20181127_081127.2018-11-27_01-43-00_000.jpg.4.png 3 ---------------------
[20181127_081131 / lib_ip.py:3794] file = img.20181127_081127.2018-11-27_01-43-00_000.jpg.4.png / val_Average = 102.4535	val_Variance = 4.6471	sd = 2.1557	max = 115	min = 94
[20181127_081131 / lib_ip.py:3877] len(Hs) = 8100, len(Ss) = 8100, len(Vs) = 8100
[20181127_081131 / lib_ip.py:3910] yellow : variance --> out of range (variance = 4.647 / upper = 0.650 / lower = 0.000)
[20181127_081131 / lib_ip.py:3794] file = img.20181127_081127.2018-11-27_01-43-00_000.jpg.4.png / val_Average = 102.4535	val_Variance = 4.6471	sd = 2.1557	max = 115	min = 94
[20181127_081131 / lib_ip.py:3977] len(Hs) = 8100, len(Ss) = 8100, len(Vs) = 8100
[20181127_081131 / lib_ip.py:4023] red : variance --> out of range (variance = 4.647 / upper = 0.430 / lower = 0.000)
[20181127_081132 / lib_ip.py:3794] file = img.20181127_081127.2018-11-27_01-43-00_000.jpg.4.png / val_Average = 102.4535	val_Variance = 4.6471	sd = 2.1557	max = 115	min = 94
[20181127_081132 / lib_ip.py:4090] len(Hs) = 8100, len(Ss) = 8100, len(Vs) = 8100
[20181127_081132 / lib_ip.py:4137] green : variance --> out of range (variance = 4.647 / upper = 0.760 / lower = 0.000)
[20181127_081132 / lib_ip.py:3794] file = img.20181127_081127.2018-11-27_01-43-00_000.jpg.4.png / val_Average = 102.4535	val_Variance = 4.6471	sd = 2.1557	max = 115	min = 94
[20181127_081132 / lib_ip.py:4204] len(Hs) = 8100, len(Ss) = 8100, len(Vs) = 8100
[20181127_081132 / lib_ip.py:4248] black : variance --> out of range (variance = 4.647 / upper = 0.000 / lower = 0.000)
[20181127_081132 / lib_ip.py:4399] file : img.20181127_081127.2018-11-27_01-43-00_000.jpg.4.png 3 (black : variance --> out of range (variance = 4.647 / upper = 0.000 / lower = 0.000))
[20181127_081130 / lib_ip.py:2273] inspecting ===> img.20181127_081127.2018-11-27_01-43-00_000.jpg.4.png
img.20181127_081127.2018-11-27_01-43-00_000.jpg.1.png => other
img.20181127_081127.2018-11-27_01-43-00_000.jpg.2.png => other
img.20181127_081127.2018-11-27_01-43-00_000.jpg.3.png => other
img.20181127_081127.2018-11-27_01-43-00_000.jpg.4.png => other
[20181127_081132 lib_ip.py:3300] =============== Get 4 corners
dpath_Images = C:\WORKS_2\WS\WS_Others.Art\JVEMV6\46_art\VIRTUAL\Admin_Projects\ip\images
fname_Image = img.20181127_081127.2018-11-27_01-43-00_000.jpg.4.png

[20181127_081133 / lib_ip.py:2273] inspecting ===> img.20181127_081132.2018-11-27_07-54-27_000.jpg.1.png
[20181127_081133 / lib_ip.py:4331] 
img.20181127_081132.2018-11-27_07-54-27_000.jpg.1.png 0 ---------------------
[20181127_081133 / lib_ip.py:3794] file = img.20181127_081132.2018-11-27_07-54-27_000.jpg.1.png / val_Average = 18.3336	val_Variance = 1092.0598	sd = 33.0463	max = 175	min = 0
[20181127_081133 / lib_ip.py:3877] len(Hs) = 8100, len(Ss) = 8100, len(Vs) = 8100
[20181127_081133 / lib_ip.py:3910] yellow : variance --> out of range (variance = 1092.060 / upper = 0.650 / lower = 0.000)
[20181127_081133 / lib_ip.py:3794] file = img.20181127_081132.2018-11-27_07-54-27_000.jpg.1.png / val_Average = 18.3336	val_Variance = 1092.0598	sd = 33.0463	max = 175	min = 0
[20181127_081133 / lib_ip.py:3977] len(Hs) = 8100, len(Ss) = 8100, len(Vs) = 8100
[20181127_081133 / lib_ip.py:4023] red : variance --> out of range (variance = 1092.060 / upper = 0.430 / lower = 0.000)
[20181127_081133 / lib_ip.py:3794] file = img.20181127_081132.2018-11-27_07-54-27_000.jpg.1.png / val_Average = 18.3336	val_Variance = 1092.0598	sd = 33.0463	max = 175	min = 0
[20181127_081133 / lib_ip.py:4090] len(Hs) = 8100, len(Ss) = 8100, len(Vs) = 8100
[20181127_081133 / lib_ip.py:4137] green : variance --> out of range (variance = 1092.060 / upper = 0.760 / lower = 0.000)
[20181127_081134 / lib_ip.py:3794] file = img.20181127_081132.2018-11-27_07-54-27_000.jpg.1.png / val_Average = 18.3336	val_Variance = 1092.0598	sd = 33.0463	max = 175	min = 0
[20181127_081134 / lib_ip.py:4204] len(Hs) = 8100, len(Ss) = 8100, len(Vs) = 8100
[20181127_081134 / lib_ip.py:4248] black : variance --> out of range (variance = 1092.060 / upper = 0.000 / lower = 0.000)
[20181127_081134 / lib_ip.py:4399] file : img.20181127_081132.2018-11-27_07-54-27_000.jpg.1.png 0 (black : variance --> out of range (variance = 1092.060 / upper = 0.000 / lower = 0.000))
[20181127_081134 / lib_ip.py:2273] inspecting ===> img.20181127_081132.2018-11-27_07-54-27_000.jpg.2.png
[20181127_081134 / lib_ip.py:4331] 
img.20181127_081132.2018-11-27_07-54-27_000.jpg.2.png 1 ---------------------
[20181127_081134 / lib_ip.py:3794] file = img.20181127_081132.2018-11-27_07-54-27_000.jpg.2.png / val_Average = 75.2065	val_Variance = 0.1765	sd = 0.4201	max = 76	min = 74
[20181127_081134 / lib_ip.py:3877] len(Hs) = 8100, len(Ss) = 8100, len(Vs) = 8100
[20181127_081134 / lib_ip.py:3932] yellow : average --> out of range (average = 75.207 / upper = 99.200 / lower = 88.000)
[20181127_081134 / lib_ip.py:3794] file = img.20181127_081132.2018-11-27_07-54-27_000.jpg.2.png / val_Average = 75.2065	val_Variance = 0.1765	sd = 0.4201	max = 76	min = 74
[20181127_081134 / lib_ip.py:3977] len(Hs) = 8100, len(Ss) = 8100, len(Vs) = 8100
[20181127_081134 / lib_ip.py:4048] red : average --> out of range (average = 75.207 / upper = 124.000 / lower = 115.000)
[20181127_081135 / lib_ip.py:3794] file = img.20181127_081132.2018-11-27_07-54-27_000.jpg.2.png / val_Average = 75.2065	val_Variance = 0.1765	sd = 0.4201	max = 76	min = 74
[20181127_081135 / lib_ip.py:4090] len(Hs) = 8100, len(Ss) = 8100, len(Vs) = 8100
[20181127_081135 / lib_ip.py:2273] inspecting ===> img.20181127_081132.2018-11-27_07-54-27_000.jpg.3.png
[20181127_081135 / lib_ip.py:4331] 
img.20181127_081132.2018-11-27_07-54-27_000.jpg.3.png 2 ---------------------
[20181127_081135 / lib_ip.py:3794] file = img.20181127_081132.2018-11-27_07-54-27_000.jpg.3.png / val_Average = 112.5769	val_Variance = 3.7253	sd = 1.9301	max = 120	min = 106
[20181127_081135 / lib_ip.py:3877] len(Hs) = 8100, len(Ss) = 8100, len(Vs) = 8100
[20181127_081135 / lib_ip.py:3910] yellow : variance --> out of range (variance = 3.725 / upper = 0.650 / lower = 0.000)
[20181127_081135 / lib_ip.py:3794] file = img.20181127_081132.2018-11-27_07-54-27_000.jpg.3.png / val_Average = 112.5769	val_Variance = 3.7253	sd = 1.9301	max = 120	min = 106
[20181127_081135 / lib_ip.py:3977] len(Hs) = 8100, len(Ss) = 8100, len(Vs) = 8100
[20181127_081135 / lib_ip.py:4023] red : variance --> out of range (variance = 3.725 / upper = 0.430 / lower = 0.000)
[20181127_081135 / lib_ip.py:3794] file = img.20181127_081132.2018-11-27_07-54-27_000.jpg.3.png / val_Average = 112.5769	val_Variance = 3.7253	sd = 1.9301	max = 120	min = 106
[20181127_081135 / lib_ip.py:4090] len(Hs) = 8100, len(Ss) = 8100, len(Vs) = 8100
[20181127_081135 / lib_ip.py:4137] green : variance --> out of range (variance = 3.725 / upper = 0.760 / lower = 0.000)
[20181127_081136 / lib_ip.py:3794] file = img.20181127_081132.2018-11-27_07-54-27_000.jpg.3.png / val_Average = 112.5769	val_Variance = 3.7253	sd = 1.9301	max = 120	min = 106
[20181127_081136 / lib_ip.py:4204] len(Hs) = 8100, len(Ss) = 8100, len(Vs) = 8100
[20181127_081136 / lib_ip.py:4248] black : variance --> out of range (variance = 3.725 / upper = 0.000 / lower = 0.000)
[20181127_081136 / lib_ip.py:4399] file : img.20181127_081132.2018-11-27_07-54-27_000.jpg.3.png 2 (black : variance --> out of range (variance = 3.725 / upper = 0.000 / lower = 0.000))
[20181127_081136 / lib_ip.py:2273] inspecting ===> img.20181127_081132.2018-11-27_07-54-27_000.jpg.4.png
[20181127_081136 / lib_ip.py:4331] 
img.20181127_081132.2018-11-27_07-54-27_000.jpg.4.png 3 ---------------------
[20181127_081136 / lib_ip.py:3794] file = img.20181127_081132.2018-11-27_07-54-27_000.jpg.4.png / val_Average = 74.1220	val_Variance = 0.1585	sd = 0.3981	max = 75	min = 73
[20181127_081136 / lib_ip.py:3877] len(Hs) = 8100, len(Ss) = 8100, len(Vs) = 8100
[20181127_081136 / lib_ip.py:3932] yellow : average --> out of range (average = 74.122 / upper = 99.200 / lower = 88.000)
[20181127_081136 / lib_ip.py:3794] file = img.20181127_081132.2018-11-27_07-54-27_000.jpg.4.png / val_Average = 74.1220	val_Variance = 0.1585	sd = 0.3981	max = 75	min = 73
[20181127_081136 / lib_ip.py:3977] len(Hs) = 8100, len(Ss) = 8100, len(Vs) = 8100
[20181127_081137 / lib_ip.py:4048] red : average --> out of range (average = 74.122 / upper = 124.000 / lower = 115.000)
[20181127_081137 / lib_ip.py:3794] file = img.20181127_081132.2018-11-27_07-54-27_000.jpg.4.png / val_Average = 74.1220	val_Variance = 0.1585	sd = 0.3981	max = 75	min = 73
[20181127_081137 / lib_ip.py:4090] len(Hs) = 8100, len(Ss) = 8100, len(Vs) = 8100
[20181127_081136 / lib_ip.py:2273] inspecting ===> img.20181127_081132.2018-11-27_07-54-27_000.jpg.4.png
img.20181127_081132.2018-11-27_07-54-27_000.jpg.1.png => other
img.20181127_081132.2018-11-27_07-54-27_000.jpg.2.png => other
img.20181127_081132.2018-11-27_07-54-27_000.jpg.3.png => other
img.20181127_081132.2018-11-27_07-54-27_000.jpg.4.png => other
[20181127_081137 lib_ip.py:3300] =============== Get 4 corners
dpath_Images = C:\WORKS_2\WS\WS_Others.Art\JVEMV6\46_art\VIRTUAL\Admin_Projects\ip\images
fname_Image = img.20181127_081132.2018-11-27_07-54-27_000.jpg.4.png

[20181127_081137 / views.py:1411] gen csv => complete (20181127_081137)(elapsed = 55.440 sec / 12 files / 4.620 sec per file)
1)	2018-11-26_09-30-09_000.jpg => 	other red other green 
2)	2018-11-26_10-57-03_000.jpg => 	black other yellow other 
3)	2018-11-26_12-54-02_000.jpg => 	other other green red 
4)	2018-11-26_12-54-25_000.jpg => 	other other green red 
5)	2018-11-26_14-42-19_000.jpg => 	other other green red 
6)	2018-11-26_15-56-03_000.jpg => 	red other other other 
7)	2018-11-26_16-06-20_000.jpg => 	other other green green 
8)	2018-11-26_18-13-56_000.jpg => 	other other green red 
9)	2018-11-26_20-13-25_000.jpg => 	other other other yellow 
10)	2018-11-26_22-18-46_000.jpg => 	other other other other 
11)	2018-11-27_01-43-00_000.jpg => 	other red other other 
12)	2018-11-27_07-54-27_000.jpg => 	other green other green 
[20181127_081137 / views.py:1797] lo_ColorName_Set__Modified_2 =>
1)	2018-11-26_09-30-09_000.jpg => 	g o o r 
2)	2018-11-26_10-57-03_000.jpg => 	a o o y 
3)	2018-11-26_12-54-02_000.jpg => 	g o o r 
4)	2018-11-26_12-54-25_000.jpg => 	g o o r 
5)	2018-11-26_14-42-19_000.jpg => 	g o o r 
6)	2018-11-26_15-56-03_000.jpg => 	o o o r 
7)	2018-11-26_16-06-20_000.jpg => 	g g o o 
8)	2018-11-26_18-13-56_000.jpg => 	g o o r 
9)	2018-11-26_20-13-25_000.jpg => 	o o o y 
10)	2018-11-26_22-18-46_000.jpg => 	o o o o 
11)	2018-11-27_01-43-00_000.jpg => 	o o o r 
12)	2018-11-27_07-54-27_000.jpg => 	g g o o 
[20181127_081138 / views.py:1908] gen_Cake_CSV(request) ==> ending... =======================//

