[20190529_102811 / views.py:1822] gen_Cake_CSV(request) ==> starting... =======================
[20190529_102812 / lib_ip.py:2274] inspecting ===> img.20190529_102812.2019-05-28_09-15-33_000.jpg.1.png
[20190529_102813 / lib_ip.py:4505] 
img.20190529_102812.2019-05-28_09-15-33_000.jpg.1.png 0 ---------------------
[20190529_102813 / lib_ip.py:3753] file = img.20190529_102812.2019-05-28_09-15-33_000.jpg.1.png / val_Average = 104.1957	val_Variance = 25.1080	sd = 5.0108	max = 120	min = 84
[20190529_102813 / lib_ip.py:3836] len(Hs) = 8100, len(Ss) = 8100, len(Vs) = 8100
[20190529_102813 / lib_ip.py:3869] yellow : variance --> out of range (variance = 25.108 / upper = 0.650 / lower = 0.000)
[20190529_102813 / lib_ip.py:3753] file = img.20190529_102812.2019-05-28_09-15-33_000.jpg.1.png / val_Average = 104.1957	val_Variance = 25.1080	sd = 5.0108	max = 120	min = 84
[20190529_102813 / lib_ip.py:3936] len(Hs) = 8100, len(Ss) = 8100, len(Vs) = 8100
[20190529_102813 / lib_ip.py:3982] red : variance --> out of range (variance = 25.108 / upper = 0.430 / lower = 0.000)
[20190529_102813 / lib_ip.py:3753] file = img.20190529_102812.2019-05-28_09-15-33_000.jpg.1.png / val_Average = 104.1957	val_Variance = 25.1080	sd = 5.0108	max = 120	min = 84
[20190529_102813 / lib_ip.py:4052] len(Hs) = 8100, len(Ss) = 8100, len(Vs) = 8100
[20190529_102813 / lib_ip.py:4099] green : variance --> out of range (variance = 25.108 / upper = 0.760 / lower = 0.000)
[20190529_102813 / lib_ip.py:3753] file = img.20190529_102812.2019-05-28_09-15-33_000.jpg.1.png / val_Average = 104.1957	val_Variance = 25.1080	sd = 5.0108	max = 120	min = 84
[20190529_102814 / lib_ip.py:4169] len(Hs) = 8100, len(Ss) = 8100, len(Vs) = 8100
[20190529_102814 / lib_ip.py:4208] blue : variance --> out of range (variance = 25.108 / upper = 0.930 / lower = 0.010)
[20190529_102814 / lib_ip.py:3753] file = img.20190529_102812.2019-05-28_09-15-33_000.jpg.1.png / val_Average = 104.1957	val_Variance = 25.1080	sd = 5.0108	max = 120	min = 84
[20190529_102814 / lib_ip.py:4275] len(Hs) = 8100, len(Ss) = 8100, len(Vs) = 8100
[20190529_102814 / lib_ip.py:4314] pink : variance --> out of range (variance = 25.108 / upper = 0.750 / lower = 0.030)
[20190529_102814 / lib_ip.py:3753] file = img.20190529_102812.2019-05-28_09-15-33_000.jpg.1.png / val_Average = 104.1957	val_Variance = 25.1080	sd = 5.0108	max = 120	min = 84
[20190529_102814 / lib_ip.py:4378] len(Hs) = 8100, len(Ss) = 8100, len(Vs) = 8100
[20190529_102814 / lib_ip.py:4422] black : variance --> out of range (variance = 25.108 / upper = 0.000 / lower = 0.000)
[20190529_102814 / lib_ip.py:4593] file : img.20190529_102812.2019-05-28_09-15-33_000.jpg.1.png 0 (black : variance --> out of range (variance = 25.108 / upper = 0.000 / lower = 0.000))
[20190529_102814 / lib_ip.py:2274] inspecting ===> img.20190529_102812.2019-05-28_09-15-33_000.jpg.2.png
[20190529_102814 / lib_ip.py:4505] 
img.20190529_102812.2019-05-28_09-15-33_000.jpg.2.png 1 ---------------------
[20190529_102814 / lib_ip.py:3753] file = img.20190529_102812.2019-05-28_09-15-33_000.jpg.2.png / val_Average = 70.5642	val_Variance = 1172.6891	sd = 34.2445	max = 135	min = 0
[20190529_102814 / lib_ip.py:3836] len(Hs) = 8100, len(Ss) = 8100, len(Vs) = 8100
[20190529_102815 / lib_ip.py:3869] yellow : variance --> out of range (variance = 1172.689 / upper = 0.650 / lower = 0.000)
[20190529_102815 / lib_ip.py:3753] file = img.20190529_102812.2019-05-28_09-15-33_000.jpg.2.png / val_Average = 70.5642	val_Variance = 1172.6891	sd = 34.2445	max = 135	min = 0
[20190529_102815 / lib_ip.py:3936] len(Hs) = 8100, len(Ss) = 8100, len(Vs) = 8100
[20190529_102815 / lib_ip.py:3982] red : variance --> out of range (variance = 1172.689 / upper = 0.430 / lower = 0.000)
[20190529_102815 / lib_ip.py:3753] file = img.20190529_102812.2019-05-28_09-15-33_000.jpg.2.png / val_Average = 70.5642	val_Variance = 1172.6891	sd = 34.2445	max = 135	min = 0
[20190529_102815 / lib_ip.py:4052] len(Hs) = 8100, len(Ss) = 8100, len(Vs) = 8100
[20190529_102815 / lib_ip.py:4099] green : variance --> out of range (variance = 1172.689 / upper = 0.760 / lower = 0.000)
[20190529_102815 / lib_ip.py:3753] file = img.20190529_102812.2019-05-28_09-15-33_000.jpg.2.png / val_Average = 70.5642	val_Variance = 1172.6891	sd = 34.2445	max = 135	min = 0
[20190529_102815 / lib_ip.py:4169] len(Hs) = 8100, len(Ss) = 8100, len(Vs) = 8100
[20190529_102815 / lib_ip.py:4208] blue : variance --> out of range (variance = 1172.689 / upper = 0.930 / lower = 0.010)
[20190529_102815 / lib_ip.py:3753] file = img.20190529_102812.2019-05-28_09-15-33_000.jpg.2.png / val_Average = 70.5642	val_Variance = 1172.6891	sd = 34.2445	max = 135	min = 0
[20190529_102815 / lib_ip.py:4275] len(Hs) = 8100, len(Ss) = 8100, len(Vs) = 8100
[20190529_102815 / lib_ip.py:4314] pink : variance --> out of range (variance = 1172.689 / upper = 0.750 / lower = 0.030)
[20190529_102815 / lib_ip.py:3753] file = img.20190529_102812.2019-05-28_09-15-33_000.jpg.2.png / val_Average = 70.5642	val_Variance = 1172.6891	sd = 34.2445	max = 135	min = 0
[20190529_102815 / lib_ip.py:4378] len(Hs) = 8100, len(Ss) = 8100, len(Vs) = 8100
[20190529_102815 / lib_ip.py:4422] black : variance --> out of range (variance = 1172.689 / upper = 0.000 / lower = 0.000)
[20190529_102815 / lib_ip.py:4593] file : img.20190529_102812.2019-05-28_09-15-33_000.jpg.2.png 1 (black : variance --> out of range (variance = 1172.689 / upper = 0.000 / lower = 0.000))
[20190529_102815 / lib_ip.py:2274] inspecting ===> img.20190529_102812.2019-05-28_09-15-33_000.jpg.3.png
[20190529_102816 / lib_ip.py:4505] 
img.20190529_102812.2019-05-28_09-15-33_000.jpg.3.png 2 ---------------------
[20190529_102816 / lib_ip.py:3753] file = img.20190529_102812.2019-05-28_09-15-33_000.jpg.3.png / val_Average = 75.4742	val_Variance = 0.2493	sd = 0.4993	max = 76	min = 75
[20190529_102816 / lib_ip.py:3836] len(Hs) = 8100, len(Ss) = 8100, len(Vs) = 8100
[20190529_102816 / lib_ip.py:3891] yellow : average --> out of range (average = 75.474 / upper = 99.200 / lower = 85.500)
[20190529_102816 / lib_ip.py:3753] file = img.20190529_102812.2019-05-28_09-15-33_000.jpg.3.png / val_Average = 75.4742	val_Variance = 0.2493	sd = 0.4993	max = 76	min = 75
[20190529_102816 / lib_ip.py:3936] len(Hs) = 8100, len(Ss) = 8100, len(Vs) = 8100
[20190529_102816 / lib_ip.py:4007] red : average --> out of range (average = 75.474 / upper = 124.600 / lower = 115.000)
[20190529_102816 / lib_ip.py:3753] file = img.20190529_102812.2019-05-28_09-15-33_000.jpg.3.png / val_Average = 75.4742	val_Variance = 0.2493	sd = 0.4993	max = 76	min = 75
[20190529_102816 / lib_ip.py:4052] len(Hs) = 8100, len(Ss) = 8100, len(Vs) = 8100
[20190529_102816 / lib_ip.py:2274] inspecting ===> img.20190529_102812.2019-05-28_09-15-33_000.jpg.4.png
[20190529_102816 / lib_ip.py:4505] 
img.20190529_102812.2019-05-28_09-15-33_000.jpg.4.png 3 ---------------------
[20190529_102817 / lib_ip.py:3753] file = img.20190529_102812.2019-05-28_09-15-33_000.jpg.4.png / val_Average = 76.2086	val_Variance = 0.1651	sd = 0.4063	max = 77	min = 76
[20190529_102817 / lib_ip.py:3836] len(Hs) = 8100, len(Ss) = 8100, len(Vs) = 8100
[20190529_102817 / lib_ip.py:3891] yellow : average --> out of range (average = 76.209 / upper = 99.200 / lower = 85.500)
[20190529_102817 / lib_ip.py:3753] file = img.20190529_102812.2019-05-28_09-15-33_000.jpg.4.png / val_Average = 76.2086	val_Variance = 0.1651	sd = 0.4063	max = 77	min = 76
[20190529_102817 / lib_ip.py:3936] len(Hs) = 8100, len(Ss) = 8100, len(Vs) = 8100
[20190529_102817 / lib_ip.py:4007] red : average --> out of range (average = 76.209 / upper = 124.600 / lower = 115.000)
[20190529_102817 / lib_ip.py:3753] file = img.20190529_102812.2019-05-28_09-15-33_000.jpg.4.png / val_Average = 76.2086	val_Variance = 0.1651	sd = 0.4063	max = 77	min = 76
[20190529_102817 / lib_ip.py:4052] len(Hs) = 8100, len(Ss) = 8100, len(Vs) = 8100
[20190529_102816 / lib_ip.py:2274] inspecting ===> img.20190529_102812.2019-05-28_09-15-33_000.jpg.4.png
img.20190529_102812.2019-05-28_09-15-33_000.jpg.1.png => other
img.20190529_102812.2019-05-28_09-15-33_000.jpg.2.png => other
img.20190529_102812.2019-05-28_09-15-33_000.jpg.3.png => other
img.20190529_102812.2019-05-28_09-15-33_000.jpg.4.png => other
[20190529_102817 lib_ip.py:3301] =============== Get 4 corners
dpath_Images = C:\WORKS_2\WS\WS_Others.Art\JVEMV6\46_art\VIRTUAL\Admin_Projects\ip\images
fname_Image = img.20190529_102812.2019-05-28_09-15-33_000.jpg.4.png

[20190529_102818 / lib_ip.py:2274] inspecting ===> img.20190529_102818.2019-05-28_12-08-51_000.jpg.1.png
[20190529_102818 / lib_ip.py:4505] 
img.20190529_102818.2019-05-28_12-08-51_000.jpg.1.png 0 ---------------------
