[20190603_082329 / views.py:1822] gen_Cake_CSV(request) ==> starting... =======================
[20190603_082331 / lib_ip.py:2274] inspecting ===> img.20190603_082331.2019-06-02_12-33-44_000.jpg.1.png
[20190603_082331 / lib_ip.py:4505] 
img.20190603_082331.2019-06-02_12-33-44_000.jpg.1.png 0 ---------------------
[20190603_082332 / lib_ip.py:3753] file = img.20190603_082331.2019-06-02_12-33-44_000.jpg.1.png / val_Average = 92.2035	val_Variance = 0.1621	sd = 0.4026	max = 93	min = 92
[20190603_082332 / lib_ip.py:3836] len(Hs) = 8100, len(Ss) = 8100, len(Vs) = 8100
[20190603_082332 / lib_ip.py:2274] inspecting ===> img.20190603_082331.2019-06-02_12-33-44_000.jpg.2.png
[20190603_082332 / lib_ip.py:4505] 
img.20190603_082331.2019-06-02_12-33-44_000.jpg.2.png 1 ---------------------
[20190603_082332 / lib_ip.py:3753] file = img.20190603_082331.2019-06-02_12-33-44_000.jpg.2.png / val_Average = 105.3222	val_Variance = 1.6772	sd = 1.2951	max = 109	min = 99
[20190603_082332 / lib_ip.py:3836] len(Hs) = 8100, len(Ss) = 8100, len(Vs) = 8100
[20190603_082332 / lib_ip.py:3869] yellow : variance --> out of range (variance = 1.677 / upper = 0.650 / lower = 0.000)
[20190603_082332 / lib_ip.py:3753] file = img.20190603_082331.2019-06-02_12-33-44_000.jpg.2.png / val_Average = 105.3222	val_Variance = 1.6772	sd = 1.2951	max = 109	min = 99
[20190603_082332 / lib_ip.py:3936] len(Hs) = 8100, len(Ss) = 8100, len(Vs) = 8100
[20190603_082332 / lib_ip.py:3982] red : variance --> out of range (variance = 1.677 / upper = 0.430 / lower = 0.000)
[20190603_082332 / lib_ip.py:3753] file = img.20190603_082331.2019-06-02_12-33-44_000.jpg.2.png / val_Average = 105.3222	val_Variance = 1.6772	sd = 1.2951	max = 109	min = 99
[20190603_082332 / lib_ip.py:4052] len(Hs) = 8100, len(Ss) = 8100, len(Vs) = 8100
[20190603_082332 / lib_ip.py:4099] green : variance --> out of range (variance = 1.677 / upper = 0.760 / lower = 0.000)
[20190603_082333 / lib_ip.py:3753] file = img.20190603_082331.2019-06-02_12-33-44_000.jpg.2.png / val_Average = 105.3222	val_Variance = 1.6772	sd = 1.2951	max = 109	min = 99
[20190603_082333 / lib_ip.py:4169] len(Hs) = 8100, len(Ss) = 8100, len(Vs) = 8100
[20190603_082333 / lib_ip.py:4208] blue : variance --> out of range (variance = 1.677 / upper = 0.930 / lower = 0.010)
[20190603_082333 / lib_ip.py:3753] file = img.20190603_082331.2019-06-02_12-33-44_000.jpg.2.png / val_Average = 105.3222	val_Variance = 1.6772	sd = 1.2951	max = 109	min = 99
[20190603_082333 / lib_ip.py:4275] len(Hs) = 8100, len(Ss) = 8100, len(Vs) = 8100
[20190603_082333 / lib_ip.py:4314] pink : variance --> out of range (variance = 1.677 / upper = 0.750 / lower = 0.030)
[20190603_082333 / lib_ip.py:3753] file = img.20190603_082331.2019-06-02_12-33-44_000.jpg.2.png / val_Average = 105.3222	val_Variance = 1.6772	sd = 1.2951	max = 109	min = 99
[20190603_082333 / lib_ip.py:4378] len(Hs) = 8100, len(Ss) = 8100, len(Vs) = 8100
[20190603_082333 / lib_ip.py:4422] black : variance --> out of range (variance = 1.677 / upper = 0.000 / lower = 0.000)
[20190603_082333 / lib_ip.py:4593] file : img.20190603_082331.2019-06-02_12-33-44_000.jpg.2.png 1 (black : variance --> out of range (variance = 1.677 / upper = 0.000 / lower = 0.000))
[20190603_082333 / lib_ip.py:2274] inspecting ===> img.20190603_082331.2019-06-02_12-33-44_000.jpg.3.png
[20190603_082334 / lib_ip.py:4505] 
img.20190603_082331.2019-06-02_12-33-44_000.jpg.3.png 2 ---------------------
[20190603_082334 / lib_ip.py:3753] file = img.20190603_082331.2019-06-02_12-33-44_000.jpg.3.png / val_Average = 91.4775	val_Variance = 62.1700	sd = 7.8848	max = 135	min = 0
[20190603_082334 / lib_ip.py:3836] len(Hs) = 8100, len(Ss) = 8100, len(Vs) = 8100
[20190603_082334 / lib_ip.py:3869] yellow : variance --> out of range (variance = 62.170 / upper = 0.650 / lower = 0.000)
[20190603_082334 / lib_ip.py:3753] file = img.20190603_082331.2019-06-02_12-33-44_000.jpg.3.png / val_Average = 91.4775	val_Variance = 62.1700	sd = 7.8848	max = 135	min = 0
[20190603_082334 / lib_ip.py:3936] len(Hs) = 8100, len(Ss) = 8100, len(Vs) = 8100
[20190603_082334 / lib_ip.py:3982] red : variance --> out of range (variance = 62.170 / upper = 0.430 / lower = 0.000)
[20190603_082334 / lib_ip.py:3753] file = img.20190603_082331.2019-06-02_12-33-44_000.jpg.3.png / val_Average = 91.4775	val_Variance = 62.1700	sd = 7.8848	max = 135	min = 0
[20190603_082334 / lib_ip.py:4052] len(Hs) = 8100, len(Ss) = 8100, len(Vs) = 8100
[20190603_082334 / lib_ip.py:4099] green : variance --> out of range (variance = 62.170 / upper = 0.760 / lower = 0.000)
[20190603_082334 / lib_ip.py:3753] file = img.20190603_082331.2019-06-02_12-33-44_000.jpg.3.png / val_Average = 91.4775	val_Variance = 62.1700	sd = 7.8848	max = 135	min = 0
[20190603_082334 / lib_ip.py:4169] len(Hs) = 8100, len(Ss) = 8100, len(Vs) = 8100
[20190603_082334 / lib_ip.py:4208] blue : variance --> out of range (variance = 62.170 / upper = 0.930 / lower = 0.010)
[20190603_082334 / lib_ip.py:3753] file = img.20190603_082331.2019-06-02_12-33-44_000.jpg.3.png / val_Average = 91.4775	val_Variance = 62.1700	sd = 7.8848	max = 135	min = 0
[20190603_082334 / lib_ip.py:4275] len(Hs) = 8100, len(Ss) = 8100, len(Vs) = 8100
[20190603_082334 / lib_ip.py:4314] pink : variance --> out of range (variance = 62.170 / upper = 0.750 / lower = 0.030)
[20190603_082334 / lib_ip.py:3753] file = img.20190603_082331.2019-06-02_12-33-44_000.jpg.3.png / val_Average = 91.4775	val_Variance = 62.1700	sd = 7.8848	max = 135	min = 0
[20190603_082334 / lib_ip.py:4378] len(Hs) = 8100, len(Ss) = 8100, len(Vs) = 8100
[20190603_082335 / lib_ip.py:4422] black : variance --> out of range (variance = 62.170 / upper = 0.000 / lower = 0.000)
[20190603_082335 / lib_ip.py:4593] file : img.20190603_082331.2019-06-02_12-33-44_000.jpg.3.png 2 (black : variance --> out of range (variance = 62.170 / upper = 0.000 / lower = 0.000))
[20190603_082335 / lib_ip.py:2274] inspecting ===> img.20190603_082331.2019-06-02_12-33-44_000.jpg.4.png
[20190603_082335 / lib_ip.py:4505] 
img.20190603_082331.2019-06-02_12-33-44_000.jpg.4.png 3 ---------------------
[20190603_082335 / lib_ip.py:3753] file = img.20190603_082331.2019-06-02_12-33-44_000.jpg.4.png / val_Average = 110.1578	val_Variance = 5.2571	sd = 2.2928	max = 120	min = 105
[20190603_082335 / lib_ip.py:3836] len(Hs) = 8100, len(Ss) = 8100, len(Vs) = 8100
[20190603_082335 / lib_ip.py:3869] yellow : variance --> out of range (variance = 5.257 / upper = 0.650 / lower = 0.000)
[20190603_082335 / lib_ip.py:3753] file = img.20190603_082331.2019-06-02_12-33-44_000.jpg.4.png / val_Average = 110.1578	val_Variance = 5.2571	sd = 2.2928	max = 120	min = 105
[20190603_082335 / lib_ip.py:3936] len(Hs) = 8100, len(Ss) = 8100, len(Vs) = 8100
[20190603_082335 / lib_ip.py:3982] red : variance --> out of range (variance = 5.257 / upper = 0.430 / lower = 0.000)
[20190603_082335 / lib_ip.py:3753] file = img.20190603_082331.2019-06-02_12-33-44_000.jpg.4.png / val_Average = 110.1578	val_Variance = 5.2571	sd = 2.2928	max = 120	min = 105
[20190603_082335 / lib_ip.py:4052] len(Hs) = 8100, len(Ss) = 8100, len(Vs) = 8100
[20190603_082335 / lib_ip.py:4099] green : variance --> out of range (variance = 5.257 / upper = 0.760 / lower = 0.000)
[20190603_082335 / lib_ip.py:3753] file = img.20190603_082331.2019-06-02_12-33-44_000.jpg.4.png / val_Average = 110.1578	val_Variance = 5.2571	sd = 2.2928	max = 120	min = 105
[20190603_082335 / lib_ip.py:4169] len(Hs) = 8100, len(Ss) = 8100, len(Vs) = 8100
[20190603_082335 / lib_ip.py:4208] blue : variance --> out of range (variance = 5.257 / upper = 0.930 / lower = 0.010)
[20190603_082335 / lib_ip.py:3753] file = img.20190603_082331.2019-06-02_12-33-44_000.jpg.4.png / val_Average = 110.1578	val_Variance = 5.2571	sd = 2.2928	max = 120	min = 105
[20190603_082335 / lib_ip.py:4275] len(Hs) = 8100, len(Ss) = 8100, len(Vs) = 8100
[20190603_082336 / lib_ip.py:4314] pink : variance --> out of range (variance = 5.257 / upper = 0.750 / lower = 0.030)
[20190603_082336 / lib_ip.py:3753] file = img.20190603_082331.2019-06-02_12-33-44_000.jpg.4.png / val_Average = 110.1578	val_Variance = 5.2571	sd = 2.2928	max = 120	min = 105
[20190603_082336 / lib_ip.py:4378] len(Hs) = 8100, len(Ss) = 8100, len(Vs) = 8100
[20190603_082336 / lib_ip.py:4422] black : variance --> out of range (variance = 5.257 / upper = 0.000 / lower = 0.000)
[20190603_082336 / lib_ip.py:4593] file : img.20190603_082331.2019-06-02_12-33-44_000.jpg.4.png 3 (black : variance --> out of range (variance = 5.257 / upper = 0.000 / lower = 0.000))
[20190603_082335 / lib_ip.py:2274] inspecting ===> img.20190603_082331.2019-06-02_12-33-44_000.jpg.4.png
img.20190603_082331.2019-06-02_12-33-44_000.jpg.1.png => yellow
img.20190603_082331.2019-06-02_12-33-44_000.jpg.2.png => other
img.20190603_082331.2019-06-02_12-33-44_000.jpg.3.png => other
img.20190603_082331.2019-06-02_12-33-44_000.jpg.4.png => other
[20190603_082336 lib_ip.py:3301] =============== Get 4 corners
dpath_Images = C:\WORKS_2\WS\WS_Others.Art\JVEMV6\46_art\VIRTUAL\Admin_Projects\ip\images
fname_Image = img.20190603_082331.2019-06-02_12-33-44_000.jpg.4.png

[20190603_082336 / lib_ip.py:2274] inspecting ===> img.20190603_082336.2019-06-02_16-34-35_000.jpg.1.png
[20190603_082337 / lib_ip.py:4505] 
img.20190603_082336.2019-06-02_16-34-35_000.jpg.1.png 0 ---------------------
[20190603_082337 / lib_ip.py:3753] file = img.20190603_082336.2019-06-02_16-34-35_000.jpg.1.png / val_Average = 121.1363	val_Variance = 0.1177	sd = 0.3431	max = 122	min = 121
[20190603_082337 / lib_ip.py:3836] len(Hs) = 8100, len(Ss) = 8100, len(Vs) = 8100
[20190603_082337 / lib_ip.py:3891] yellow : average --> out of range (average = 121.136 / upper = 99.200 / lower = 85.500)
[20190603_082337 / lib_ip.py:3753] file = img.20190603_082336.2019-06-02_16-34-35_000.jpg.1.png / val_Average = 121.1363	val_Variance = 0.1177	sd = 0.3431	max = 122	min = 121
[20190603_082337 / lib_ip.py:3936] len(Hs) = 8100, len(Ss) = 8100, len(Vs) = 8100
[20190603_082337 / lib_ip.py:2274] inspecting ===> img.20190603_082336.2019-06-02_16-34-35_000.jpg.2.png
[20190603_082337 / lib_ip.py:4505] 
img.20190603_082336.2019-06-02_16-34-35_000.jpg.2.png 1 ---------------------
[20190603_082337 / lib_ip.py:3753] file = img.20190603_082336.2019-06-02_16-34-35_000.jpg.2.png / val_Average = 94.9963	val_Variance = 0.0096	sd = 0.0981	max = 96	min = 94
[20190603_082337 / lib_ip.py:3836] len(Hs) = 8100, len(Ss) = 8100, len(Vs) = 8100
[20190603_082337 / lib_ip.py:2274] inspecting ===> img.20190603_082336.2019-06-02_16-34-35_000.jpg.3.png
[20190603_082338 / lib_ip.py:4505] 
img.20190603_082336.2019-06-02_16-34-35_000.jpg.3.png 2 ---------------------
[20190603_082338 / lib_ip.py:3753] file = img.20190603_082336.2019-06-02_16-34-35_000.jpg.3.png / val_Average = 116.2725	val_Variance = 6.3528	sd = 2.5205	max = 125	min = 106
[20190603_082338 / lib_ip.py:3836] len(Hs) = 8100, len(Ss) = 8100, len(Vs) = 8100
[20190603_082338 / lib_ip.py:3869] yellow : variance --> out of range (variance = 6.353 / upper = 0.650 / lower = 0.000)
[20190603_082338 / lib_ip.py:3753] file = img.20190603_082336.2019-06-02_16-34-35_000.jpg.3.png / val_Average = 116.2725	val_Variance = 6.3528	sd = 2.5205	max = 125	min = 106
[20190603_082338 / lib_ip.py:3936] len(Hs) = 8100, len(Ss) = 8100, len(Vs) = 8100
[20190603_082338 / lib_ip.py:3982] red : variance --> out of range (variance = 6.353 / upper = 0.430 / lower = 0.000)
[20190603_082338 / lib_ip.py:3753] file = img.20190603_082336.2019-06-02_16-34-35_000.jpg.3.png / val_Average = 116.2725	val_Variance = 6.3528	sd = 2.5205	max = 125	min = 106
[20190603_082338 / lib_ip.py:4052] len(Hs) = 8100, len(Ss) = 8100, len(Vs) = 8100
[20190603_082338 / lib_ip.py:4099] green : variance --> out of range (variance = 6.353 / upper = 0.760 / lower = 0.000)
[20190603_082338 / lib_ip.py:3753] file = img.20190603_082336.2019-06-02_16-34-35_000.jpg.3.png / val_Average = 116.2725	val_Variance = 6.3528	sd = 2.5205	max = 125	min = 106
[20190603_082338 / lib_ip.py:4169] len(Hs) = 8100, len(Ss) = 8100, len(Vs) = 8100
[20190603_082338 / lib_ip.py:4208] blue : variance --> out of range (variance = 6.353 / upper = 0.930 / lower = 0.010)
[20190603_082339 / lib_ip.py:3753] file = img.20190603_082336.2019-06-02_16-34-35_000.jpg.3.png / val_Average = 116.2725	val_Variance = 6.3528	sd = 2.5205	max = 125	min = 106
[20190603_082339 / lib_ip.py:4275] len(Hs) = 8100, len(Ss) = 8100, len(Vs) = 8100
[20190603_082339 / lib_ip.py:4314] pink : variance --> out of range (variance = 6.353 / upper = 0.750 / lower = 0.030)
[20190603_082339 / lib_ip.py:3753] file = img.20190603_082336.2019-06-02_16-34-35_000.jpg.3.png / val_Average = 116.2725	val_Variance = 6.3528	sd = 2.5205	max = 125	min = 106
[20190603_082339 / lib_ip.py:4378] len(Hs) = 8100, len(Ss) = 8100, len(Vs) = 8100
[20190603_082339 / lib_ip.py:4422] black : variance --> out of range (variance = 6.353 / upper = 0.000 / lower = 0.000)
[20190603_082339 / lib_ip.py:4593] file : img.20190603_082336.2019-06-02_16-34-35_000.jpg.3.png 2 (black : variance --> out of range (variance = 6.353 / upper = 0.000 / lower = 0.000))
[20190603_082339 / lib_ip.py:2274] inspecting ===> img.20190603_082336.2019-06-02_16-34-35_000.jpg.4.png
[20190603_082339 / lib_ip.py:4505] 
img.20190603_082336.2019-06-02_16-34-35_000.jpg.4.png 3 ---------------------
[20190603_082339 / lib_ip.py:3753] file = img.20190603_082336.2019-06-02_16-34-35_000.jpg.4.png / val_Average = 104.3126	val_Variance = 1.7423	sd = 1.3200	max = 109	min = 101
[20190603_082339 / lib_ip.py:3836] len(Hs) = 8100, len(Ss) = 8100, len(Vs) = 8100
[20190603_082339 / lib_ip.py:3869] yellow : variance --> out of range (variance = 1.742 / upper = 0.650 / lower = 0.000)
[20190603_082339 / lib_ip.py:3753] file = img.20190603_082336.2019-06-02_16-34-35_000.jpg.4.png / val_Average = 104.3126	val_Variance = 1.7423	sd = 1.3200	max = 109	min = 101
[20190603_082339 / lib_ip.py:3936] len(Hs) = 8100, len(Ss) = 8100, len(Vs) = 8100
[20190603_082339 / lib_ip.py:3982] red : variance --> out of range (variance = 1.742 / upper = 0.430 / lower = 0.000)
[20190603_082339 / lib_ip.py:3753] file = img.20190603_082336.2019-06-02_16-34-35_000.jpg.4.png / val_Average = 104.3126	val_Variance = 1.7423	sd = 1.3200	max = 109	min = 101
[20190603_082339 / lib_ip.py:4052] len(Hs) = 8100, len(Ss) = 8100, len(Vs) = 8100
[20190603_082340 / lib_ip.py:4099] green : variance --> out of range (variance = 1.742 / upper = 0.760 / lower = 0.000)
[20190603_082340 / lib_ip.py:3753] file = img.20190603_082336.2019-06-02_16-34-35_000.jpg.4.png / val_Average = 104.3126	val_Variance = 1.7423	sd = 1.3200	max = 109	min = 101
[20190603_082340 / lib_ip.py:4169] len(Hs) = 8100, len(Ss) = 8100, len(Vs) = 8100
[20190603_082340 / lib_ip.py:4208] blue : variance --> out of range (variance = 1.742 / upper = 0.930 / lower = 0.010)
[20190603_082340 / lib_ip.py:3753] file = img.20190603_082336.2019-06-02_16-34-35_000.jpg.4.png / val_Average = 104.3126	val_Variance = 1.7423	sd = 1.3200	max = 109	min = 101
[20190603_082340 / lib_ip.py:4275] len(Hs) = 8100, len(Ss) = 8100, len(Vs) = 8100
[20190603_082340 / lib_ip.py:4314] pink : variance --> out of range (variance = 1.742 / upper = 0.750 / lower = 0.030)
[20190603_082340 / lib_ip.py:3753] file = img.20190603_082336.2019-06-02_16-34-35_000.jpg.4.png / val_Average = 104.3126	val_Variance = 1.7423	sd = 1.3200	max = 109	min = 101
[20190603_082340 / lib_ip.py:4378] len(Hs) = 8100, len(Ss) = 8100, len(Vs) = 8100
[20190603_082340 / lib_ip.py:4422] black : variance --> out of range (variance = 1.742 / upper = 0.000 / lower = 0.000)
[20190603_082340 / lib_ip.py:4593] file : img.20190603_082336.2019-06-02_16-34-35_000.jpg.4.png 3 (black : variance --> out of range (variance = 1.742 / upper = 0.000 / lower = 0.000))
[20190603_082339 / lib_ip.py:2274] inspecting ===> img.20190603_082336.2019-06-02_16-34-35_000.jpg.4.png
img.20190603_082336.2019-06-02_16-34-35_000.jpg.1.png => other
img.20190603_082336.2019-06-02_16-34-35_000.jpg.2.png => other
img.20190603_082336.2019-06-02_16-34-35_000.jpg.3.png => other
img.20190603_082336.2019-06-02_16-34-35_000.jpg.4.png => other
[20190603_082340 lib_ip.py:3301] =============== Get 4 corners
dpath_Images = C:\WORKS_2\WS\WS_Others.Art\JVEMV6\46_art\VIRTUAL\Admin_Projects\ip\images
fname_Image = img.20190603_082336.2019-06-02_16-34-35_000.jpg.4.png

[20190603_082341 / lib_ip.py:2274] inspecting ===> img.20190603_082341.2019-06-02_16-35-49_000.jpg.1.png
[20190603_082341 / lib_ip.py:4505] 
img.20190603_082341.2019-06-02_16-35-49_000.jpg.1.png 0 ---------------------
[20190603_082341 / lib_ip.py:3753] file = img.20190603_082341.2019-06-02_16-35-49_000.jpg.1.png / val_Average = 165.4078	val_Variance = 15.1538	sd = 3.8928	max = 176	min = 153
[20190603_082341 / lib_ip.py:3836] len(Hs) = 8100, len(Ss) = 8100, len(Vs) = 8100
[20190603_082341 / lib_ip.py:3869] yellow : variance --> out of range (variance = 15.154 / upper = 0.650 / lower = 0.000)
[20190603_082341 / lib_ip.py:3753] file = img.20190603_082341.2019-06-02_16-35-49_000.jpg.1.png / val_Average = 165.4078	val_Variance = 15.1538	sd = 3.8928	max = 176	min = 153
[20190603_082341 / lib_ip.py:3936] len(Hs) = 8100, len(Ss) = 8100, len(Vs) = 8100
[20190603_082341 / lib_ip.py:3982] red : variance --> out of range (variance = 15.154 / upper = 0.430 / lower = 0.000)
[20190603_082342 / lib_ip.py:3753] file = img.20190603_082341.2019-06-02_16-35-49_000.jpg.1.png / val_Average = 165.4078	val_Variance = 15.1538	sd = 3.8928	max = 176	min = 153
[20190603_082342 / lib_ip.py:4052] len(Hs) = 8100, len(Ss) = 8100, len(Vs) = 8100
[20190603_082342 / lib_ip.py:4099] green : variance --> out of range (variance = 15.154 / upper = 0.760 / lower = 0.000)
[20190603_082342 / lib_ip.py:3753] file = img.20190603_082341.2019-06-02_16-35-49_000.jpg.1.png / val_Average = 165.4078	val_Variance = 15.1538	sd = 3.8928	max = 176	min = 153
[20190603_082342 / lib_ip.py:4169] len(Hs) = 8100, len(Ss) = 8100, len(Vs) = 8100
[20190603_082342 / lib_ip.py:4208] blue : variance --> out of range (variance = 15.154 / upper = 0.930 / lower = 0.010)
[20190603_082342 / lib_ip.py:3753] file = img.20190603_082341.2019-06-02_16-35-49_000.jpg.1.png / val_Average = 165.4078	val_Variance = 15.1538	sd = 3.8928	max = 176	min = 153
[20190603_082342 / lib_ip.py:4275] len(Hs) = 8100, len(Ss) = 8100, len(Vs) = 8100
[20190603_082342 / lib_ip.py:4314] pink : variance --> out of range (variance = 15.154 / upper = 0.750 / lower = 0.030)
[20190603_082342 / lib_ip.py:3753] file = img.20190603_082341.2019-06-02_16-35-49_000.jpg.1.png / val_Average = 165.4078	val_Variance = 15.1538	sd = 3.8928	max = 176	min = 153
[20190603_082342 / lib_ip.py:4378] len(Hs) = 8100, len(Ss) = 8100, len(Vs) = 8100
[20190603_082342 / lib_ip.py:4422] black : variance --> out of range (variance = 15.154 / upper = 0.000 / lower = 0.000)
[20190603_082342 / lib_ip.py:4593] file : img.20190603_082341.2019-06-02_16-35-49_000.jpg.1.png 0 (black : variance --> out of range (variance = 15.154 / upper = 0.000 / lower = 0.000))
[20190603_082342 / lib_ip.py:2274] inspecting ===> img.20190603_082341.2019-06-02_16-35-49_000.jpg.2.png
[20190603_082342 / lib_ip.py:4505] 
img.20190603_082341.2019-06-02_16-35-49_000.jpg.2.png 1 ---------------------
[20190603_082342 / lib_ip.py:3753] file = img.20190603_082341.2019-06-02_16-35-49_000.jpg.2.png / val_Average = 109.3554	val_Variance = 2.4128	sd = 1.5533	max = 119	min = 105
[20190603_082342 / lib_ip.py:3836] len(Hs) = 8100, len(Ss) = 8100, len(Vs) = 8100
[20190603_082343 / lib_ip.py:3869] yellow : variance --> out of range (variance = 2.413 / upper = 0.650 / lower = 0.000)
[20190603_082343 / lib_ip.py:3753] file = img.20190603_082341.2019-06-02_16-35-49_000.jpg.2.png / val_Average = 109.3554	val_Variance = 2.4128	sd = 1.5533	max = 119	min = 105
[20190603_082343 / lib_ip.py:3936] len(Hs) = 8100, len(Ss) = 8100, len(Vs) = 8100
[20190603_082343 / lib_ip.py:3982] red : variance --> out of range (variance = 2.413 / upper = 0.430 / lower = 0.000)
[20190603_082343 / lib_ip.py:3753] file = img.20190603_082341.2019-06-02_16-35-49_000.jpg.2.png / val_Average = 109.3554	val_Variance = 2.4128	sd = 1.5533	max = 119	min = 105
[20190603_082343 / lib_ip.py:4052] len(Hs) = 8100, len(Ss) = 8100, len(Vs) = 8100
[20190603_082343 / lib_ip.py:4099] green : variance --> out of range (variance = 2.413 / upper = 0.760 / lower = 0.000)
[20190603_082343 / lib_ip.py:3753] file = img.20190603_082341.2019-06-02_16-35-49_000.jpg.2.png / val_Average = 109.3554	val_Variance = 2.4128	sd = 1.5533	max = 119	min = 105
[20190603_082343 / lib_ip.py:4169] len(Hs) = 8100, len(Ss) = 8100, len(Vs) = 8100
[20190603_082343 / lib_ip.py:4208] blue : variance --> out of range (variance = 2.413 / upper = 0.930 / lower = 0.010)
[20190603_082343 / lib_ip.py:3753] file = img.20190603_082341.2019-06-02_16-35-49_000.jpg.2.png / val_Average = 109.3554	val_Variance = 2.4128	sd = 1.5533	max = 119	min = 105
[20190603_082343 / lib_ip.py:4275] len(Hs) = 8100, len(Ss) = 8100, len(Vs) = 8100
[20190603_082343 / lib_ip.py:4314] pink : variance --> out of range (variance = 2.413 / upper = 0.750 / lower = 0.030)
[20190603_082343 / lib_ip.py:3753] file = img.20190603_082341.2019-06-02_16-35-49_000.jpg.2.png / val_Average = 109.3554	val_Variance = 2.4128	sd = 1.5533	max = 119	min = 105
[20190603_082343 / lib_ip.py:4378] len(Hs) = 8100, len(Ss) = 8100, len(Vs) = 8100
[20190603_082343 / lib_ip.py:4422] black : variance --> out of range (variance = 2.413 / upper = 0.000 / lower = 0.000)
[20190603_082343 / lib_ip.py:4593] file : img.20190603_082341.2019-06-02_16-35-49_000.jpg.2.png 1 (black : variance --> out of range (variance = 2.413 / upper = 0.000 / lower = 0.000))
[20190603_082343 / lib_ip.py:2274] inspecting ===> img.20190603_082341.2019-06-02_16-35-49_000.jpg.3.png
[20190603_082344 / lib_ip.py:4505] 
img.20190603_082341.2019-06-02_16-35-49_000.jpg.3.png 2 ---------------------
[20190603_082344 / lib_ip.py:3753] file = img.20190603_082341.2019-06-02_16-35-49_000.jpg.3.png / val_Average = 115.0846	val_Variance = 7.6614	sd = 2.7679	max = 125	min = 106
[20190603_082344 / lib_ip.py:3836] len(Hs) = 8100, len(Ss) = 8100, len(Vs) = 8100
[20190603_082344 / lib_ip.py:3869] yellow : variance --> out of range (variance = 7.661 / upper = 0.650 / lower = 0.000)
[20190603_082344 / lib_ip.py:3753] file = img.20190603_082341.2019-06-02_16-35-49_000.jpg.3.png / val_Average = 115.0846	val_Variance = 7.6614	sd = 2.7679	max = 125	min = 106
[20190603_082344 / lib_ip.py:3936] len(Hs) = 8100, len(Ss) = 8100, len(Vs) = 8100
[20190603_082344 / lib_ip.py:3982] red : variance --> out of range (variance = 7.661 / upper = 0.430 / lower = 0.000)
[20190603_082344 / lib_ip.py:3753] file = img.20190603_082341.2019-06-02_16-35-49_000.jpg.3.png / val_Average = 115.0846	val_Variance = 7.6614	sd = 2.7679	max = 125	min = 106
[20190603_082344 / lib_ip.py:4052] len(Hs) = 8100, len(Ss) = 8100, len(Vs) = 8100
[20190603_082344 / lib_ip.py:4099] green : variance --> out of range (variance = 7.661 / upper = 0.760 / lower = 0.000)
[20190603_082344 / lib_ip.py:3753] file = img.20190603_082341.2019-06-02_16-35-49_000.jpg.3.png / val_Average = 115.0846	val_Variance = 7.6614	sd = 2.7679	max = 125	min = 106
[20190603_082344 / lib_ip.py:4169] len(Hs) = 8100, len(Ss) = 8100, len(Vs) = 8100
[20190603_082344 / lib_ip.py:4208] blue : variance --> out of range (variance = 7.661 / upper = 0.930 / lower = 0.010)
[20190603_082344 / lib_ip.py:3753] file = img.20190603_082341.2019-06-02_16-35-49_000.jpg.3.png / val_Average = 115.0846	val_Variance = 7.6614	sd = 2.7679	max = 125	min = 106
[20190603_082344 / lib_ip.py:4275] len(Hs) = 8100, len(Ss) = 8100, len(Vs) = 8100
[20190603_082344 / lib_ip.py:4314] pink : variance --> out of range (variance = 7.661 / upper = 0.750 / lower = 0.030)
[20190603_082344 / lib_ip.py:3753] file = img.20190603_082341.2019-06-02_16-35-49_000.jpg.3.png / val_Average = 115.0846	val_Variance = 7.6614	sd = 2.7679	max = 125	min = 106
[20190603_082345 / lib_ip.py:4378] len(Hs) = 8100, len(Ss) = 8100, len(Vs) = 8100
[20190603_082345 / lib_ip.py:4422] black : variance --> out of range (variance = 7.661 / upper = 0.000 / lower = 0.000)
[20190603_082345 / lib_ip.py:4593] file : img.20190603_082341.2019-06-02_16-35-49_000.jpg.3.png 2 (black : variance --> out of range (variance = 7.661 / upper = 0.000 / lower = 0.000))
[20190603_082345 / lib_ip.py:2274] inspecting ===> img.20190603_082341.2019-06-02_16-35-49_000.jpg.4.png
[20190603_082345 / lib_ip.py:4505] 
img.20190603_082341.2019-06-02_16-35-49_000.jpg.4.png 3 ---------------------
[20190603_082345 / lib_ip.py:3753] file = img.20190603_082341.2019-06-02_16-35-49_000.jpg.4.png / val_Average = 110.2453	val_Variance = 1.5357	sd = 1.2393	max = 116	min = 107
[20190603_082345 / lib_ip.py:3836] len(Hs) = 8100, len(Ss) = 8100, len(Vs) = 8100
[20190603_082345 / lib_ip.py:3869] yellow : variance --> out of range (variance = 1.536 / upper = 0.650 / lower = 0.000)
[20190603_082345 / lib_ip.py:3753] file = img.20190603_082341.2019-06-02_16-35-49_000.jpg.4.png / val_Average = 110.2453	val_Variance = 1.5357	sd = 1.2393	max = 116	min = 107
[20190603_082345 / lib_ip.py:3936] len(Hs) = 8100, len(Ss) = 8100, len(Vs) = 8100
[20190603_082345 / lib_ip.py:3982] red : variance --> out of range (variance = 1.536 / upper = 0.430 / lower = 0.000)
[20190603_082345 / lib_ip.py:3753] file = img.20190603_082341.2019-06-02_16-35-49_000.jpg.4.png / val_Average = 110.2453	val_Variance = 1.5357	sd = 1.2393	max = 116	min = 107
[20190603_082345 / lib_ip.py:4052] len(Hs) = 8100, len(Ss) = 8100, len(Vs) = 8100
[20190603_082345 / lib_ip.py:4099] green : variance --> out of range (variance = 1.536 / upper = 0.760 / lower = 0.000)
[20190603_082346 / lib_ip.py:3753] file = img.20190603_082341.2019-06-02_16-35-49_000.jpg.4.png / val_Average = 110.2453	val_Variance = 1.5357	sd = 1.2393	max = 116	min = 107
[20190603_082346 / lib_ip.py:4169] len(Hs) = 8100, len(Ss) = 8100, len(Vs) = 8100
[20190603_082346 / lib_ip.py:4208] blue : variance --> out of range (variance = 1.536 / upper = 0.930 / lower = 0.010)
[20190603_082346 / lib_ip.py:3753] file = img.20190603_082341.2019-06-02_16-35-49_000.jpg.4.png / val_Average = 110.2453	val_Variance = 1.5357	sd = 1.2393	max = 116	min = 107
[20190603_082346 / lib_ip.py:4275] len(Hs) = 8100, len(Ss) = 8100, len(Vs) = 8100
[20190603_082346 / lib_ip.py:4314] pink : variance --> out of range (variance = 1.536 / upper = 0.750 / lower = 0.030)
[20190603_082346 / lib_ip.py:3753] file = img.20190603_082341.2019-06-02_16-35-49_000.jpg.4.png / val_Average = 110.2453	val_Variance = 1.5357	sd = 1.2393	max = 116	min = 107
[20190603_082346 / lib_ip.py:4378] len(Hs) = 8100, len(Ss) = 8100, len(Vs) = 8100
[20190603_082346 / lib_ip.py:4422] black : variance --> out of range (variance = 1.536 / upper = 0.000 / lower = 0.000)
[20190603_082346 / lib_ip.py:4593] file : img.20190603_082341.2019-06-02_16-35-49_000.jpg.4.png 3 (black : variance --> out of range (variance = 1.536 / upper = 0.000 / lower = 0.000))
[20190603_082345 / lib_ip.py:2274] inspecting ===> img.20190603_082341.2019-06-02_16-35-49_000.jpg.4.png
img.20190603_082341.2019-06-02_16-35-49_000.jpg.1.png => other
img.20190603_082341.2019-06-02_16-35-49_000.jpg.2.png => other
img.20190603_082341.2019-06-02_16-35-49_000.jpg.3.png => other
img.20190603_082341.2019-06-02_16-35-49_000.jpg.4.png => other
[20190603_082346 lib_ip.py:3301] =============== Get 4 corners
dpath_Images = C:\WORKS_2\WS\WS_Others.Art\JVEMV6\46_art\VIRTUAL\Admin_Projects\ip\images
fname_Image = img.20190603_082341.2019-06-02_16-35-49_000.jpg.4.png

[20190603_082346 / lib_ip.py:2274] inspecting ===> img.20190603_082346.2019-06-02_16-36-06_000.jpg.1.png
[20190603_082347 / lib_ip.py:4505] 
img.20190603_082346.2019-06-02_16-36-06_000.jpg.1.png 0 ---------------------
[20190603_082347 / lib_ip.py:3753] file = img.20190603_082346.2019-06-02_16-36-06_000.jpg.1.png / val_Average = 141.1960	val_Variance = 470.9675	sd = 21.7018	max = 170	min = 109
[20190603_082347 / lib_ip.py:3836] len(Hs) = 8100, len(Ss) = 8100, len(Vs) = 8100
[20190603_082347 / lib_ip.py:3869] yellow : variance --> out of range (variance = 470.967 / upper = 0.650 / lower = 0.000)
[20190603_082347 / lib_ip.py:3753] file = img.20190603_082346.2019-06-02_16-36-06_000.jpg.1.png / val_Average = 141.1960	val_Variance = 470.9675	sd = 21.7018	max = 170	min = 109
[20190603_082347 / lib_ip.py:3936] len(Hs) = 8100, len(Ss) = 8100, len(Vs) = 8100
[20190603_082347 / lib_ip.py:3982] red : variance --> out of range (variance = 470.967 / upper = 0.430 / lower = 0.000)
[20190603_082347 / lib_ip.py:3753] file = img.20190603_082346.2019-06-02_16-36-06_000.jpg.1.png / val_Average = 141.1960	val_Variance = 470.9675	sd = 21.7018	max = 170	min = 109
[20190603_082347 / lib_ip.py:4052] len(Hs) = 8100, len(Ss) = 8100, len(Vs) = 8100
[20190603_082347 / lib_ip.py:4099] green : variance --> out of range (variance = 470.967 / upper = 0.760 / lower = 0.000)
[20190603_082347 / lib_ip.py:3753] file = img.20190603_082346.2019-06-02_16-36-06_000.jpg.1.png / val_Average = 141.1960	val_Variance = 470.9675	sd = 21.7018	max = 170	min = 109
[20190603_082347 / lib_ip.py:4169] len(Hs) = 8100, len(Ss) = 8100, len(Vs) = 8100
[20190603_082347 / lib_ip.py:4208] blue : variance --> out of range (variance = 470.967 / upper = 0.930 / lower = 0.010)
[20190603_082347 / lib_ip.py:3753] file = img.20190603_082346.2019-06-02_16-36-06_000.jpg.1.png / val_Average = 141.1960	val_Variance = 470.9675	sd = 21.7018	max = 170	min = 109
[20190603_082347 / lib_ip.py:4275] len(Hs) = 8100, len(Ss) = 8100, len(Vs) = 8100
[20190603_082347 / lib_ip.py:4314] pink : variance --> out of range (variance = 470.967 / upper = 0.750 / lower = 0.030)
[20190603_082348 / lib_ip.py:3753] file = img.20190603_082346.2019-06-02_16-36-06_000.jpg.1.png / val_Average = 141.1960	val_Variance = 470.9675	sd = 21.7018	max = 170	min = 109
[20190603_082348 / lib_ip.py:4378] len(Hs) = 8100, len(Ss) = 8100, len(Vs) = 8100
[20190603_082348 / lib_ip.py:4422] black : variance --> out of range (variance = 470.967 / upper = 0.000 / lower = 0.000)
[20190603_082348 / lib_ip.py:4593] file : img.20190603_082346.2019-06-02_16-36-06_000.jpg.1.png 0 (black : variance --> out of range (variance = 470.967 / upper = 0.000 / lower = 0.000))
[20190603_082348 / lib_ip.py:2274] inspecting ===> img.20190603_082346.2019-06-02_16-36-06_000.jpg.2.png
[20190603_082348 / lib_ip.py:4505] 
img.20190603_082346.2019-06-02_16-36-06_000.jpg.2.png 1 ---------------------
[20190603_082348 / lib_ip.py:3753] file = img.20190603_082346.2019-06-02_16-36-06_000.jpg.2.png / val_Average = 108.7474	val_Variance = 1.5290	sd = 1.2365	max = 114	min = 104
[20190603_082348 / lib_ip.py:3836] len(Hs) = 8100, len(Ss) = 8100, len(Vs) = 8100
[20190603_082349 / lib_ip.py:3869] yellow : variance --> out of range (variance = 1.529 / upper = 0.650 / lower = 0.000)
[20190603_082349 / lib_ip.py:3753] file = img.20190603_082346.2019-06-02_16-36-06_000.jpg.2.png / val_Average = 108.7474	val_Variance = 1.5290	sd = 1.2365	max = 114	min = 104
[20190603_082349 / lib_ip.py:3936] len(Hs) = 8100, len(Ss) = 8100, len(Vs) = 8100
[20190603_082349 / lib_ip.py:3982] red : variance --> out of range (variance = 1.529 / upper = 0.430 / lower = 0.000)
[20190603_082349 / lib_ip.py:3753] file = img.20190603_082346.2019-06-02_16-36-06_000.jpg.2.png / val_Average = 108.7474	val_Variance = 1.5290	sd = 1.2365	max = 114	min = 104
[20190603_082349 / lib_ip.py:4052] len(Hs) = 8100, len(Ss) = 8100, len(Vs) = 8100
[20190603_082349 / lib_ip.py:4099] green : variance --> out of range (variance = 1.529 / upper = 0.760 / lower = 0.000)
[20190603_082349 / lib_ip.py:3753] file = img.20190603_082346.2019-06-02_16-36-06_000.jpg.2.png / val_Average = 108.7474	val_Variance = 1.5290	sd = 1.2365	max = 114	min = 104
[20190603_082349 / lib_ip.py:4169] len(Hs) = 8100, len(Ss) = 8100, len(Vs) = 8100
[20190603_082349 / lib_ip.py:4208] blue : variance --> out of range (variance = 1.529 / upper = 0.930 / lower = 0.010)
[20190603_082349 / lib_ip.py:3753] file = img.20190603_082346.2019-06-02_16-36-06_000.jpg.2.png / val_Average = 108.7474	val_Variance = 1.5290	sd = 1.2365	max = 114	min = 104
[20190603_082349 / lib_ip.py:4275] len(Hs) = 8100, len(Ss) = 8100, len(Vs) = 8100
[20190603_082349 / lib_ip.py:4314] pink : variance --> out of range (variance = 1.529 / upper = 0.750 / lower = 0.030)
[20190603_082349 / lib_ip.py:3753] file = img.20190603_082346.2019-06-02_16-36-06_000.jpg.2.png / val_Average = 108.7474	val_Variance = 1.5290	sd = 1.2365	max = 114	min = 104
[20190603_082349 / lib_ip.py:4378] len(Hs) = 8100, len(Ss) = 8100, len(Vs) = 8100
[20190603_082349 / lib_ip.py:4422] black : variance --> out of range (variance = 1.529 / upper = 0.000 / lower = 0.000)
[20190603_082349 / lib_ip.py:4593] file : img.20190603_082346.2019-06-02_16-36-06_000.jpg.2.png 1 (black : variance --> out of range (variance = 1.529 / upper = 0.000 / lower = 0.000))
[20190603_082349 / lib_ip.py:2274] inspecting ===> img.20190603_082346.2019-06-02_16-36-06_000.jpg.3.png
[20190603_082350 / lib_ip.py:4505] 
img.20190603_082346.2019-06-02_16-36-06_000.jpg.3.png 2 ---------------------
[20190603_082350 / lib_ip.py:3753] file = img.20190603_082346.2019-06-02_16-36-06_000.jpg.3.png / val_Average = 118.7653	val_Variance = 33.0021	sd = 5.7447	max = 155	min = 107
[20190603_082350 / lib_ip.py:3836] len(Hs) = 8100, len(Ss) = 8100, len(Vs) = 8100
[20190603_082350 / lib_ip.py:3869] yellow : variance --> out of range (variance = 33.002 / upper = 0.650 / lower = 0.000)
[20190603_082350 / lib_ip.py:3753] file = img.20190603_082346.2019-06-02_16-36-06_000.jpg.3.png / val_Average = 118.7653	val_Variance = 33.0021	sd = 5.7447	max = 155	min = 107
[20190603_082350 / lib_ip.py:3936] len(Hs) = 8100, len(Ss) = 8100, len(Vs) = 8100
[20190603_082350 / lib_ip.py:3982] red : variance --> out of range (variance = 33.002 / upper = 0.430 / lower = 0.000)
[20190603_082350 / lib_ip.py:3753] file = img.20190603_082346.2019-06-02_16-36-06_000.jpg.3.png / val_Average = 118.7653	val_Variance = 33.0021	sd = 5.7447	max = 155	min = 107
[20190603_082350 / lib_ip.py:4052] len(Hs) = 8100, len(Ss) = 8100, len(Vs) = 8100
[20190603_082350 / lib_ip.py:4099] green : variance --> out of range (variance = 33.002 / upper = 0.760 / lower = 0.000)
[20190603_082350 / lib_ip.py:3753] file = img.20190603_082346.2019-06-02_16-36-06_000.jpg.3.png / val_Average = 118.7653	val_Variance = 33.0021	sd = 5.7447	max = 155	min = 107
[20190603_082350 / lib_ip.py:4169] len(Hs) = 8100, len(Ss) = 8100, len(Vs) = 8100
[20190603_082351 / lib_ip.py:4208] blue : variance --> out of range (variance = 33.002 / upper = 0.930 / lower = 0.010)
[20190603_082351 / lib_ip.py:3753] file = img.20190603_082346.2019-06-02_16-36-06_000.jpg.3.png / val_Average = 118.7653	val_Variance = 33.0021	sd = 5.7447	max = 155	min = 107
[20190603_082351 / lib_ip.py:4275] len(Hs) = 8100, len(Ss) = 8100, len(Vs) = 8100
[20190603_082351 / lib_ip.py:4314] pink : variance --> out of range (variance = 33.002 / upper = 0.750 / lower = 0.030)
[20190603_082351 / lib_ip.py:3753] file = img.20190603_082346.2019-06-02_16-36-06_000.jpg.3.png / val_Average = 118.7653	val_Variance = 33.0021	sd = 5.7447	max = 155	min = 107
[20190603_082351 / lib_ip.py:4378] len(Hs) = 8100, len(Ss) = 8100, len(Vs) = 8100
[20190603_082351 / lib_ip.py:4422] black : variance --> out of range (variance = 33.002 / upper = 0.000 / lower = 0.000)
[20190603_082351 / lib_ip.py:4593] file : img.20190603_082346.2019-06-02_16-36-06_000.jpg.3.png 2 (black : variance --> out of range (variance = 33.002 / upper = 0.000 / lower = 0.000))
[20190603_082351 / lib_ip.py:2274] inspecting ===> img.20190603_082346.2019-06-02_16-36-06_000.jpg.4.png
[20190603_082351 / lib_ip.py:4505] 
img.20190603_082346.2019-06-02_16-36-06_000.jpg.4.png 3 ---------------------
[20190603_082351 / lib_ip.py:3753] file = img.20190603_082346.2019-06-02_16-36-06_000.jpg.4.png / val_Average = 111.0336	val_Variance = 3.1952	sd = 1.7875	max = 122	min = 107
[20190603_082351 / lib_ip.py:3836] len(Hs) = 8100, len(Ss) = 8100, len(Vs) = 8100
[20190603_082351 / lib_ip.py:3869] yellow : variance --> out of range (variance = 3.195 / upper = 0.650 / lower = 0.000)
[20190603_082351 / lib_ip.py:3753] file = img.20190603_082346.2019-06-02_16-36-06_000.jpg.4.png / val_Average = 111.0336	val_Variance = 3.1952	sd = 1.7875	max = 122	min = 107
[20190603_082351 / lib_ip.py:3936] len(Hs) = 8100, len(Ss) = 8100, len(Vs) = 8100
[20190603_082351 / lib_ip.py:3982] red : variance --> out of range (variance = 3.195 / upper = 0.430 / lower = 0.000)
[20190603_082351 / lib_ip.py:3753] file = img.20190603_082346.2019-06-02_16-36-06_000.jpg.4.png / val_Average = 111.0336	val_Variance = 3.1952	sd = 1.7875	max = 122	min = 107
[20190603_082351 / lib_ip.py:4052] len(Hs) = 8100, len(Ss) = 8100, len(Vs) = 8100
[20190603_082352 / lib_ip.py:4099] green : variance --> out of range (variance = 3.195 / upper = 0.760 / lower = 0.000)
[20190603_082352 / lib_ip.py:3753] file = img.20190603_082346.2019-06-02_16-36-06_000.jpg.4.png / val_Average = 111.0336	val_Variance = 3.1952	sd = 1.7875	max = 122	min = 107
[20190603_082352 / lib_ip.py:4169] len(Hs) = 8100, len(Ss) = 8100, len(Vs) = 8100
[20190603_082352 / lib_ip.py:4208] blue : variance --> out of range (variance = 3.195 / upper = 0.930 / lower = 0.010)
[20190603_082352 / lib_ip.py:3753] file = img.20190603_082346.2019-06-02_16-36-06_000.jpg.4.png / val_Average = 111.0336	val_Variance = 3.1952	sd = 1.7875	max = 122	min = 107
[20190603_082352 / lib_ip.py:4275] len(Hs) = 8100, len(Ss) = 8100, len(Vs) = 8100
[20190603_082352 / lib_ip.py:4314] pink : variance --> out of range (variance = 3.195 / upper = 0.750 / lower = 0.030)
[20190603_082352 / lib_ip.py:3753] file = img.20190603_082346.2019-06-02_16-36-06_000.jpg.4.png / val_Average = 111.0336	val_Variance = 3.1952	sd = 1.7875	max = 122	min = 107
[20190603_082352 / lib_ip.py:4378] len(Hs) = 8100, len(Ss) = 8100, len(Vs) = 8100
[20190603_082352 / lib_ip.py:4422] black : variance --> out of range (variance = 3.195 / upper = 0.000 / lower = 0.000)
[20190603_082352 / lib_ip.py:4593] file : img.20190603_082346.2019-06-02_16-36-06_000.jpg.4.png 3 (black : variance --> out of range (variance = 3.195 / upper = 0.000 / lower = 0.000))
[20190603_082351 / lib_ip.py:2274] inspecting ===> img.20190603_082346.2019-06-02_16-36-06_000.jpg.4.png
img.20190603_082346.2019-06-02_16-36-06_000.jpg.1.png => other
img.20190603_082346.2019-06-02_16-36-06_000.jpg.2.png => other
img.20190603_082346.2019-06-02_16-36-06_000.jpg.3.png => other
img.20190603_082346.2019-06-02_16-36-06_000.jpg.4.png => other
[20190603_082352 lib_ip.py:3301] =============== Get 4 corners
dpath_Images = C:\WORKS_2\WS\WS_Others.Art\JVEMV6\46_art\VIRTUAL\Admin_Projects\ip\images
fname_Image = img.20190603_082346.2019-06-02_16-36-06_000.jpg.4.png

[20190603_082353 / lib_ip.py:2274] inspecting ===> img.20190603_082353.2019-06-02_16-36-49_000.jpg.1.png
[20190603_082353 / lib_ip.py:4505] 
img.20190603_082353.2019-06-02_16-36-49_000.jpg.1.png 0 ---------------------
[20190603_082353 / lib_ip.py:3753] file = img.20190603_082353.2019-06-02_16-36-49_000.jpg.1.png / val_Average = 158.4062	val_Variance = 9.7190	sd = 3.1175	max = 170	min = 147
[20190603_082353 / lib_ip.py:3836] len(Hs) = 8100, len(Ss) = 8100, len(Vs) = 8100
[20190603_082353 / lib_ip.py:3869] yellow : variance --> out of range (variance = 9.719 / upper = 0.650 / lower = 0.000)
[20190603_082354 / lib_ip.py:3753] file = img.20190603_082353.2019-06-02_16-36-49_000.jpg.1.png / val_Average = 158.4062	val_Variance = 9.7190	sd = 3.1175	max = 170	min = 147
[20190603_082354 / lib_ip.py:3936] len(Hs) = 8100, len(Ss) = 8100, len(Vs) = 8100
[20190603_082354 / lib_ip.py:3982] red : variance --> out of range (variance = 9.719 / upper = 0.430 / lower = 0.000)
[20190603_082354 / lib_ip.py:3753] file = img.20190603_082353.2019-06-02_16-36-49_000.jpg.1.png / val_Average = 158.4062	val_Variance = 9.7190	sd = 3.1175	max = 170	min = 147
[20190603_082354 / lib_ip.py:4052] len(Hs) = 8100, len(Ss) = 8100, len(Vs) = 8100
[20190603_082354 / lib_ip.py:4099] green : variance --> out of range (variance = 9.719 / upper = 0.760 / lower = 0.000)
[20190603_082354 / lib_ip.py:3753] file = img.20190603_082353.2019-06-02_16-36-49_000.jpg.1.png / val_Average = 158.4062	val_Variance = 9.7190	sd = 3.1175	max = 170	min = 147
[20190603_082354 / lib_ip.py:4169] len(Hs) = 8100, len(Ss) = 8100, len(Vs) = 8100
[20190603_082354 / lib_ip.py:4208] blue : variance --> out of range (variance = 9.719 / upper = 0.930 / lower = 0.010)
[20190603_082354 / lib_ip.py:3753] file = img.20190603_082353.2019-06-02_16-36-49_000.jpg.1.png / val_Average = 158.4062	val_Variance = 9.7190	sd = 3.1175	max = 170	min = 147
[20190603_082354 / lib_ip.py:4275] len(Hs) = 8100, len(Ss) = 8100, len(Vs) = 8100
[20190603_082354 / lib_ip.py:4314] pink : variance --> out of range (variance = 9.719 / upper = 0.750 / lower = 0.030)
[20190603_082354 / lib_ip.py:3753] file = img.20190603_082353.2019-06-02_16-36-49_000.jpg.1.png / val_Average = 158.4062	val_Variance = 9.7190	sd = 3.1175	max = 170	min = 147
[20190603_082354 / lib_ip.py:4378] len(Hs) = 8100, len(Ss) = 8100, len(Vs) = 8100
[20190603_082354 / lib_ip.py:4422] black : variance --> out of range (variance = 9.719 / upper = 0.000 / lower = 0.000)
[20190603_082354 / lib_ip.py:4593] file : img.20190603_082353.2019-06-02_16-36-49_000.jpg.1.png 0 (black : variance --> out of range (variance = 9.719 / upper = 0.000 / lower = 0.000))
[20190603_082354 / lib_ip.py:2274] inspecting ===> img.20190603_082353.2019-06-02_16-36-49_000.jpg.2.png
[20190603_082355 / lib_ip.py:4505] 
img.20190603_082353.2019-06-02_16-36-49_000.jpg.2.png 1 ---------------------
[20190603_082355 / lib_ip.py:3753] file = img.20190603_082353.2019-06-02_16-36-49_000.jpg.2.png / val_Average = 108.2779	val_Variance = 0.9147	sd = 0.9564	max = 120	min = 104
[20190603_082355 / lib_ip.py:3836] len(Hs) = 8100, len(Ss) = 8100, len(Vs) = 8100
[20190603_082355 / lib_ip.py:3869] yellow : variance --> out of range (variance = 0.915 / upper = 0.650 / lower = 0.000)
[20190603_082355 / lib_ip.py:3753] file = img.20190603_082353.2019-06-02_16-36-49_000.jpg.2.png / val_Average = 108.2779	val_Variance = 0.9147	sd = 0.9564	max = 120	min = 104
[20190603_082355 / lib_ip.py:3936] len(Hs) = 8100, len(Ss) = 8100, len(Vs) = 8100
[20190603_082355 / lib_ip.py:3982] red : variance --> out of range (variance = 0.915 / upper = 0.430 / lower = 0.000)
[20190603_082355 / lib_ip.py:3753] file = img.20190603_082353.2019-06-02_16-36-49_000.jpg.2.png / val_Average = 108.2779	val_Variance = 0.9147	sd = 0.9564	max = 120	min = 104
[20190603_082355 / lib_ip.py:4052] len(Hs) = 8100, len(Ss) = 8100, len(Vs) = 8100
[20190603_082355 / lib_ip.py:4099] green : variance --> out of range (variance = 0.915 / upper = 0.760 / lower = 0.000)
[20190603_082355 / lib_ip.py:3753] file = img.20190603_082353.2019-06-02_16-36-49_000.jpg.2.png / val_Average = 108.2779	val_Variance = 0.9147	sd = 0.9564	max = 120	min = 104
[20190603_082355 / lib_ip.py:4169] len(Hs) = 8100, len(Ss) = 8100, len(Vs) = 8100
[20190603_082355 / lib_ip.py:4230] blue : average --> out of range (average = 108.278 / upper = 17.000 / lower = 8.850)
[20190603_082355 / lib_ip.py:3753] file = img.20190603_082353.2019-06-02_16-36-49_000.jpg.2.png / val_Average = 108.2779	val_Variance = 0.9147	sd = 0.9564	max = 120	min = 104
[20190603_082355 / lib_ip.py:4275] len(Hs) = 8100, len(Ss) = 8100, len(Vs) = 8100
[20190603_082355 / lib_ip.py:4314] pink : variance --> out of range (variance = 0.915 / upper = 0.750 / lower = 0.030)
[20190603_082355 / lib_ip.py:3753] file = img.20190603_082353.2019-06-02_16-36-49_000.jpg.2.png / val_Average = 108.2779	val_Variance = 0.9147	sd = 0.9564	max = 120	min = 104
[20190603_082356 / lib_ip.py:4378] len(Hs) = 8100, len(Ss) = 8100, len(Vs) = 8100
[20190603_082356 / lib_ip.py:4422] black : variance --> out of range (variance = 0.915 / upper = 0.000 / lower = 0.000)
[20190603_082356 / lib_ip.py:4593] file : img.20190603_082353.2019-06-02_16-36-49_000.jpg.2.png 1 (black : variance --> out of range (variance = 0.915 / upper = 0.000 / lower = 0.000))
[20190603_082356 / lib_ip.py:2274] inspecting ===> img.20190603_082353.2019-06-02_16-36-49_000.jpg.3.png
[20190603_082356 / lib_ip.py:4505] 
img.20190603_082353.2019-06-02_16-36-49_000.jpg.3.png 2 ---------------------
[20190603_082356 / lib_ip.py:3753] file = img.20190603_082353.2019-06-02_16-36-49_000.jpg.3.png / val_Average = 113.0215	val_Variance = 4.1832	sd = 2.0453	max = 120	min = 107
[20190603_082356 / lib_ip.py:3836] len(Hs) = 8100, len(Ss) = 8100, len(Vs) = 8100
[20190603_082356 / lib_ip.py:3869] yellow : variance --> out of range (variance = 4.183 / upper = 0.650 / lower = 0.000)
[20190603_082356 / lib_ip.py:3753] file = img.20190603_082353.2019-06-02_16-36-49_000.jpg.3.png / val_Average = 113.0215	val_Variance = 4.1832	sd = 2.0453	max = 120	min = 107
[20190603_082356 / lib_ip.py:3936] len(Hs) = 8100, len(Ss) = 8100, len(Vs) = 8100
[20190603_082356 / lib_ip.py:3982] red : variance --> out of range (variance = 4.183 / upper = 0.430 / lower = 0.000)
[20190603_082356 / lib_ip.py:3753] file = img.20190603_082353.2019-06-02_16-36-49_000.jpg.3.png / val_Average = 113.0215	val_Variance = 4.1832	sd = 2.0453	max = 120	min = 107
[20190603_082357 / lib_ip.py:4052] len(Hs) = 8100, len(Ss) = 8100, len(Vs) = 8100
[20190603_082357 / lib_ip.py:4099] green : variance --> out of range (variance = 4.183 / upper = 0.760 / lower = 0.000)
[20190603_082357 / lib_ip.py:3753] file = img.20190603_082353.2019-06-02_16-36-49_000.jpg.3.png / val_Average = 113.0215	val_Variance = 4.1832	sd = 2.0453	max = 120	min = 107
[20190603_082357 / lib_ip.py:4169] len(Hs) = 8100, len(Ss) = 8100, len(Vs) = 8100
[20190603_082357 / lib_ip.py:4208] blue : variance --> out of range (variance = 4.183 / upper = 0.930 / lower = 0.010)
[20190603_082357 / lib_ip.py:3753] file = img.20190603_082353.2019-06-02_16-36-49_000.jpg.3.png / val_Average = 113.0215	val_Variance = 4.1832	sd = 2.0453	max = 120	min = 107
[20190603_082357 / lib_ip.py:4275] len(Hs) = 8100, len(Ss) = 8100, len(Vs) = 8100
[20190603_082357 / lib_ip.py:4314] pink : variance --> out of range (variance = 4.183 / upper = 0.750 / lower = 0.030)
[20190603_082357 / lib_ip.py:3753] file = img.20190603_082353.2019-06-02_16-36-49_000.jpg.3.png / val_Average = 113.0215	val_Variance = 4.1832	sd = 2.0453	max = 120	min = 107
[20190603_082357 / lib_ip.py:4378] len(Hs) = 8100, len(Ss) = 8100, len(Vs) = 8100
[20190603_082357 / lib_ip.py:4422] black : variance --> out of range (variance = 4.183 / upper = 0.000 / lower = 0.000)
[20190603_082357 / lib_ip.py:4593] file : img.20190603_082353.2019-06-02_16-36-49_000.jpg.3.png 2 (black : variance --> out of range (variance = 4.183 / upper = 0.000 / lower = 0.000))
[20190603_082357 / lib_ip.py:2274] inspecting ===> img.20190603_082353.2019-06-02_16-36-49_000.jpg.4.png
[20190603_082358 / lib_ip.py:4505] 
img.20190603_082353.2019-06-02_16-36-49_000.jpg.4.png 3 ---------------------
[20190603_082358 / lib_ip.py:3753] file = img.20190603_082353.2019-06-02_16-36-49_000.jpg.4.png / val_Average = 96.4775	val_Variance = 6748.5900	sd = 82.1498	max = 178	min = 0
[20190603_082358 / lib_ip.py:3836] len(Hs) = 8100, len(Ss) = 8100, len(Vs) = 8100
[20190603_082358 / lib_ip.py:3869] yellow : variance --> out of range (variance = 6748.590 / upper = 0.650 / lower = 0.000)
[20190603_082358 / lib_ip.py:3753] file = img.20190603_082353.2019-06-02_16-36-49_000.jpg.4.png / val_Average = 96.4775	val_Variance = 6748.5900	sd = 82.1498	max = 178	min = 0
[20190603_082358 / lib_ip.py:3936] len(Hs) = 8100, len(Ss) = 8100, len(Vs) = 8100
[20190603_082358 / lib_ip.py:3982] red : variance --> out of range (variance = 6748.590 / upper = 0.430 / lower = 0.000)
[20190603_082358 / lib_ip.py:3753] file = img.20190603_082353.2019-06-02_16-36-49_000.jpg.4.png / val_Average = 96.4775	val_Variance = 6748.5900	sd = 82.1498	max = 178	min = 0
[20190603_082358 / lib_ip.py:4052] len(Hs) = 8100, len(Ss) = 8100, len(Vs) = 8100
[20190603_082358 / lib_ip.py:4099] green : variance --> out of range (variance = 6748.590 / upper = 0.760 / lower = 0.000)
[20190603_082358 / lib_ip.py:3753] file = img.20190603_082353.2019-06-02_16-36-49_000.jpg.4.png / val_Average = 96.4775	val_Variance = 6748.5900	sd = 82.1498	max = 178	min = 0
[20190603_082358 / lib_ip.py:4169] len(Hs) = 8100, len(Ss) = 8100, len(Vs) = 8100
[20190603_082358 / lib_ip.py:4208] blue : variance --> out of range (variance = 6748.590 / upper = 0.930 / lower = 0.010)
[20190603_082358 / lib_ip.py:3753] file = img.20190603_082353.2019-06-02_16-36-49_000.jpg.4.png / val_Average = 96.4775	val_Variance = 6748.5900	sd = 82.1498	max = 178	min = 0
[20190603_082358 / lib_ip.py:4275] len(Hs) = 8100, len(Ss) = 8100, len(Vs) = 8100
[20190603_082358 / lib_ip.py:4314] pink : variance --> out of range (variance = 6748.590 / upper = 0.750 / lower = 0.030)
[20190603_082358 / lib_ip.py:3753] file = img.20190603_082353.2019-06-02_16-36-49_000.jpg.4.png / val_Average = 96.4775	val_Variance = 6748.5900	sd = 82.1498	max = 178	min = 0
[20190603_082358 / lib_ip.py:4378] len(Hs) = 8100, len(Ss) = 8100, len(Vs) = 8100
[20190603_082359 / lib_ip.py:4422] black : variance --> out of range (variance = 6748.590 / upper = 0.000 / lower = 0.000)
[20190603_082359 / lib_ip.py:4593] file : img.20190603_082353.2019-06-02_16-36-49_000.jpg.4.png 3 (black : variance --> out of range (variance = 6748.590 / upper = 0.000 / lower = 0.000))
[20190603_082357 / lib_ip.py:2274] inspecting ===> img.20190603_082353.2019-06-02_16-36-49_000.jpg.4.png
img.20190603_082353.2019-06-02_16-36-49_000.jpg.1.png => other
img.20190603_082353.2019-06-02_16-36-49_000.jpg.2.png => other
img.20190603_082353.2019-06-02_16-36-49_000.jpg.3.png => other
img.20190603_082353.2019-06-02_16-36-49_000.jpg.4.png => other
[20190603_082359 lib_ip.py:3301] =============== Get 4 corners
dpath_Images = C:\WORKS_2\WS\WS_Others.Art\JVEMV6\46_art\VIRTUAL\Admin_Projects\ip\images
fname_Image = img.20190603_082353.2019-06-02_16-36-49_000.jpg.4.png

[20190603_082359 / lib_ip.py:2274] inspecting ===> img.20190603_082359.2019-06-02_16-37-07_000.jpg.1.png
[20190603_082359 / lib_ip.py:4505] 
img.20190603_082359.2019-06-02_16-37-07_000.jpg.1.png 0 ---------------------
[20190603_082400 / lib_ip.py:3753] file = img.20190603_082359.2019-06-02_16-37-07_000.jpg.1.png / val_Average = 162.0060	val_Variance = 6.8764	sd = 2.6223	max = 172	min = 153
[20190603_082400 / lib_ip.py:3836] len(Hs) = 8100, len(Ss) = 8100, len(Vs) = 8100
[20190603_082400 / lib_ip.py:3869] yellow : variance --> out of range (variance = 6.876 / upper = 0.650 / lower = 0.000)
[20190603_082400 / lib_ip.py:3753] file = img.20190603_082359.2019-06-02_16-37-07_000.jpg.1.png / val_Average = 162.0060	val_Variance = 6.8764	sd = 2.6223	max = 172	min = 153
[20190603_082400 / lib_ip.py:3936] len(Hs) = 8100, len(Ss) = 8100, len(Vs) = 8100
[20190603_082400 / lib_ip.py:3982] red : variance --> out of range (variance = 6.876 / upper = 0.430 / lower = 0.000)
[20190603_082400 / lib_ip.py:3753] file = img.20190603_082359.2019-06-02_16-37-07_000.jpg.1.png / val_Average = 162.0060	val_Variance = 6.8764	sd = 2.6223	max = 172	min = 153
[20190603_082400 / lib_ip.py:4052] len(Hs) = 8100, len(Ss) = 8100, len(Vs) = 8100
[20190603_082400 / lib_ip.py:4099] green : variance --> out of range (variance = 6.876 / upper = 0.760 / lower = 0.000)
[20190603_082400 / lib_ip.py:3753] file = img.20190603_082359.2019-06-02_16-37-07_000.jpg.1.png / val_Average = 162.0060	val_Variance = 6.8764	sd = 2.6223	max = 172	min = 153
[20190603_082400 / lib_ip.py:4169] len(Hs) = 8100, len(Ss) = 8100, len(Vs) = 8100
[20190603_082400 / lib_ip.py:4208] blue : variance --> out of range (variance = 6.876 / upper = 0.930 / lower = 0.010)
[20190603_082400 / lib_ip.py:3753] file = img.20190603_082359.2019-06-02_16-37-07_000.jpg.1.png / val_Average = 162.0060	val_Variance = 6.8764	sd = 2.6223	max = 172	min = 153
[20190603_082400 / lib_ip.py:4275] len(Hs) = 8100, len(Ss) = 8100, len(Vs) = 8100
[20190603_082400 / lib_ip.py:4314] pink : variance --> out of range (variance = 6.876 / upper = 0.750 / lower = 0.030)
[20190603_082401 / lib_ip.py:3753] file = img.20190603_082359.2019-06-02_16-37-07_000.jpg.1.png / val_Average = 162.0060	val_Variance = 6.8764	sd = 2.6223	max = 172	min = 153
[20190603_082401 / lib_ip.py:4378] len(Hs) = 8100, len(Ss) = 8100, len(Vs) = 8100
[20190603_082401 / lib_ip.py:4422] black : variance --> out of range (variance = 6.876 / upper = 0.000 / lower = 0.000)
[20190603_082401 / lib_ip.py:4593] file : img.20190603_082359.2019-06-02_16-37-07_000.jpg.1.png 0 (black : variance --> out of range (variance = 6.876 / upper = 0.000 / lower = 0.000))
[20190603_082401 / lib_ip.py:2274] inspecting ===> img.20190603_082359.2019-06-02_16-37-07_000.jpg.2.png
[20190603_082401 / lib_ip.py:4505] 
img.20190603_082359.2019-06-02_16-37-07_000.jpg.2.png 1 ---------------------
[20190603_082401 / lib_ip.py:3753] file = img.20190603_082359.2019-06-02_16-37-07_000.jpg.2.png / val_Average = 107.9341	val_Variance = 1.4638	sd = 1.2099	max = 114	min = 105
[20190603_082401 / lib_ip.py:3836] len(Hs) = 8100, len(Ss) = 8100, len(Vs) = 8100
[20190603_082401 / lib_ip.py:3869] yellow : variance --> out of range (variance = 1.464 / upper = 0.650 / lower = 0.000)
[20190603_082401 / lib_ip.py:3753] file = img.20190603_082359.2019-06-02_16-37-07_000.jpg.2.png / val_Average = 107.9341	val_Variance = 1.4638	sd = 1.2099	max = 114	min = 105
[20190603_082401 / lib_ip.py:3936] len(Hs) = 8100, len(Ss) = 8100, len(Vs) = 8100
[20190603_082402 / lib_ip.py:3982] red : variance --> out of range (variance = 1.464 / upper = 0.430 / lower = 0.000)
[20190603_082402 / lib_ip.py:3753] file = img.20190603_082359.2019-06-02_16-37-07_000.jpg.2.png / val_Average = 107.9341	val_Variance = 1.4638	sd = 1.2099	max = 114	min = 105
[20190603_082402 / lib_ip.py:4052] len(Hs) = 8100, len(Ss) = 8100, len(Vs) = 8100
[20190603_082402 / lib_ip.py:4099] green : variance --> out of range (variance = 1.464 / upper = 0.760 / lower = 0.000)
[20190603_082402 / lib_ip.py:3753] file = img.20190603_082359.2019-06-02_16-37-07_000.jpg.2.png / val_Average = 107.9341	val_Variance = 1.4638	sd = 1.2099	max = 114	min = 105
[20190603_082402 / lib_ip.py:4169] len(Hs) = 8100, len(Ss) = 8100, len(Vs) = 8100
[20190603_082402 / lib_ip.py:4208] blue : variance --> out of range (variance = 1.464 / upper = 0.930 / lower = 0.010)
[20190603_082402 / lib_ip.py:3753] file = img.20190603_082359.2019-06-02_16-37-07_000.jpg.2.png / val_Average = 107.9341	val_Variance = 1.4638	sd = 1.2099	max = 114	min = 105
[20190603_082402 / lib_ip.py:4275] len(Hs) = 8100, len(Ss) = 8100, len(Vs) = 8100
[20190603_082402 / lib_ip.py:4314] pink : variance --> out of range (variance = 1.464 / upper = 0.750 / lower = 0.030)
[20190603_082402 / lib_ip.py:3753] file = img.20190603_082359.2019-06-02_16-37-07_000.jpg.2.png / val_Average = 107.9341	val_Variance = 1.4638	sd = 1.2099	max = 114	min = 105
[20190603_082402 / lib_ip.py:4378] len(Hs) = 8100, len(Ss) = 8100, len(Vs) = 8100
[20190603_082402 / lib_ip.py:4422] black : variance --> out of range (variance = 1.464 / upper = 0.000 / lower = 0.000)
[20190603_082402 / lib_ip.py:4593] file : img.20190603_082359.2019-06-02_16-37-07_000.jpg.2.png 1 (black : variance --> out of range (variance = 1.464 / upper = 0.000 / lower = 0.000))
[20190603_082402 / lib_ip.py:2274] inspecting ===> img.20190603_082359.2019-06-02_16-37-07_000.jpg.3.png
[20190603_082402 / lib_ip.py:4505] 
img.20190603_082359.2019-06-02_16-37-07_000.jpg.3.png 2 ---------------------
[20190603_082403 / lib_ip.py:3753] file = img.20190603_082359.2019-06-02_16-37-07_000.jpg.3.png / val_Average = 114.7554	val_Variance = 14.4643	sd = 3.8032	max = 131	min = 107
[20190603_082403 / lib_ip.py:3836] len(Hs) = 8100, len(Ss) = 8100, len(Vs) = 8100
[20190603_082403 / lib_ip.py:3869] yellow : variance --> out of range (variance = 14.464 / upper = 0.650 / lower = 0.000)
[20190603_082403 / lib_ip.py:3753] file = img.20190603_082359.2019-06-02_16-37-07_000.jpg.3.png / val_Average = 114.7554	val_Variance = 14.4643	sd = 3.8032	max = 131	min = 107
[20190603_082403 / lib_ip.py:3936] len(Hs) = 8100, len(Ss) = 8100, len(Vs) = 8100
[20190603_082403 / lib_ip.py:3982] red : variance --> out of range (variance = 14.464 / upper = 0.430 / lower = 0.000)
[20190603_082403 / lib_ip.py:3753] file = img.20190603_082359.2019-06-02_16-37-07_000.jpg.3.png / val_Average = 114.7554	val_Variance = 14.4643	sd = 3.8032	max = 131	min = 107
[20190603_082403 / lib_ip.py:4052] len(Hs) = 8100, len(Ss) = 8100, len(Vs) = 8100
[20190603_082403 / lib_ip.py:4099] green : variance --> out of range (variance = 14.464 / upper = 0.760 / lower = 0.000)
[20190603_082403 / lib_ip.py:3753] file = img.20190603_082359.2019-06-02_16-37-07_000.jpg.3.png / val_Average = 114.7554	val_Variance = 14.4643	sd = 3.8032	max = 131	min = 107
[20190603_082403 / lib_ip.py:4169] len(Hs) = 8100, len(Ss) = 8100, len(Vs) = 8100
[20190603_082403 / lib_ip.py:4208] blue : variance --> out of range (variance = 14.464 / upper = 0.930 / lower = 0.010)
[20190603_082403 / lib_ip.py:3753] file = img.20190603_082359.2019-06-02_16-37-07_000.jpg.3.png / val_Average = 114.7554	val_Variance = 14.4643	sd = 3.8032	max = 131	min = 107
[20190603_082403 / lib_ip.py:4275] len(Hs) = 8100, len(Ss) = 8100, len(Vs) = 8100
[20190603_082403 / lib_ip.py:4314] pink : variance --> out of range (variance = 14.464 / upper = 0.750 / lower = 0.030)
[20190603_082403 / lib_ip.py:3753] file = img.20190603_082359.2019-06-02_16-37-07_000.jpg.3.png / val_Average = 114.7554	val_Variance = 14.4643	sd = 3.8032	max = 131	min = 107
[20190603_082403 / lib_ip.py:4378] len(Hs) = 8100, len(Ss) = 8100, len(Vs) = 8100
[20190603_082404 / lib_ip.py:4422] black : variance --> out of range (variance = 14.464 / upper = 0.000 / lower = 0.000)
[20190603_082404 / lib_ip.py:4593] file : img.20190603_082359.2019-06-02_16-37-07_000.jpg.3.png 2 (black : variance --> out of range (variance = 14.464 / upper = 0.000 / lower = 0.000))
[20190603_082404 / lib_ip.py:2274] inspecting ===> img.20190603_082359.2019-06-02_16-37-07_000.jpg.4.png
[20190603_082404 / lib_ip.py:4505] 
img.20190603_082359.2019-06-02_16-37-07_000.jpg.4.png 3 ---------------------
[20190603_082404 / lib_ip.py:3753] file = img.20190603_082359.2019-06-02_16-37-07_000.jpg.4.png / val_Average = 103.8454	val_Variance = 2148.4127	sd = 46.3510	max = 178	min = 0
[20190603_082404 / lib_ip.py:3836] len(Hs) = 8100, len(Ss) = 8100, len(Vs) = 8100
[20190603_082404 / lib_ip.py:3869] yellow : variance --> out of range (variance = 2148.413 / upper = 0.650 / lower = 0.000)
[20190603_082404 / lib_ip.py:3753] file = img.20190603_082359.2019-06-02_16-37-07_000.jpg.4.png / val_Average = 103.8454	val_Variance = 2148.4127	sd = 46.3510	max = 178	min = 0
[20190603_082404 / lib_ip.py:3936] len(Hs) = 8100, len(Ss) = 8100, len(Vs) = 8100
[20190603_082404 / lib_ip.py:3982] red : variance --> out of range (variance = 2148.413 / upper = 0.430 / lower = 0.000)
[20190603_082405 / lib_ip.py:3753] file = img.20190603_082359.2019-06-02_16-37-07_000.jpg.4.png / val_Average = 103.8454	val_Variance = 2148.4127	sd = 46.3510	max = 178	min = 0
[20190603_082405 / lib_ip.py:4052] len(Hs) = 8100, len(Ss) = 8100, len(Vs) = 8100
[20190603_082405 / lib_ip.py:4099] green : variance --> out of range (variance = 2148.413 / upper = 0.760 / lower = 0.000)
[20190603_082405 / lib_ip.py:3753] file = img.20190603_082359.2019-06-02_16-37-07_000.jpg.4.png / val_Average = 103.8454	val_Variance = 2148.4127	sd = 46.3510	max = 178	min = 0
[20190603_082405 / lib_ip.py:4169] len(Hs) = 8100, len(Ss) = 8100, len(Vs) = 8100
[20190603_082405 / lib_ip.py:4208] blue : variance --> out of range (variance = 2148.413 / upper = 0.930 / lower = 0.010)
[20190603_082405 / lib_ip.py:3753] file = img.20190603_082359.2019-06-02_16-37-07_000.jpg.4.png / val_Average = 103.8454	val_Variance = 2148.4127	sd = 46.3510	max = 178	min = 0
[20190603_082405 / lib_ip.py:4275] len(Hs) = 8100, len(Ss) = 8100, len(Vs) = 8100
[20190603_082405 / lib_ip.py:4314] pink : variance --> out of range (variance = 2148.413 / upper = 0.750 / lower = 0.030)
[20190603_082405 / lib_ip.py:3753] file = img.20190603_082359.2019-06-02_16-37-07_000.jpg.4.png / val_Average = 103.8454	val_Variance = 2148.4127	sd = 46.3510	max = 178	min = 0
[20190603_082405 / lib_ip.py:4378] len(Hs) = 8100, len(Ss) = 8100, len(Vs) = 8100
[20190603_082405 / lib_ip.py:4422] black : variance --> out of range (variance = 2148.413 / upper = 0.000 / lower = 0.000)
[20190603_082405 / lib_ip.py:4593] file : img.20190603_082359.2019-06-02_16-37-07_000.jpg.4.png 3 (black : variance --> out of range (variance = 2148.413 / upper = 0.000 / lower = 0.000))
[20190603_082404 / lib_ip.py:2274] inspecting ===> img.20190603_082359.2019-06-02_16-37-07_000.jpg.4.png
img.20190603_082359.2019-06-02_16-37-07_000.jpg.1.png => other
img.20190603_082359.2019-06-02_16-37-07_000.jpg.2.png => other
img.20190603_082359.2019-06-02_16-37-07_000.jpg.3.png => other
img.20190603_082359.2019-06-02_16-37-07_000.jpg.4.png => other
[20190603_082405 lib_ip.py:3301] =============== Get 4 corners
dpath_Images = C:\WORKS_2\WS\WS_Others.Art\JVEMV6\46_art\VIRTUAL\Admin_Projects\ip\images
fname_Image = img.20190603_082359.2019-06-02_16-37-07_000.jpg.4.png

[20190603_082406 / lib_ip.py:2274] inspecting ===> img.20190603_082406.2019-06-02_16-37-21_000.jpg.1.png
[20190603_082406 / lib_ip.py:4505] 
img.20190603_082406.2019-06-02_16-37-21_000.jpg.1.png 0 ---------------------
[20190603_082406 / lib_ip.py:3753] file = img.20190603_082406.2019-06-02_16-37-21_000.jpg.1.png / val_Average = 163.7340	val_Variance = 9.3187	sd = 3.0527	max = 175	min = 150
[20190603_082406 / lib_ip.py:3836] len(Hs) = 8100, len(Ss) = 8100, len(Vs) = 8100
[20190603_082406 / lib_ip.py:3869] yellow : variance --> out of range (variance = 9.319 / upper = 0.650 / lower = 0.000)
[20190603_082406 / lib_ip.py:3753] file = img.20190603_082406.2019-06-02_16-37-21_000.jpg.1.png / val_Average = 163.7340	val_Variance = 9.3187	sd = 3.0527	max = 175	min = 150
[20190603_082406 / lib_ip.py:3936] len(Hs) = 8100, len(Ss) = 8100, len(Vs) = 8100
[20190603_082406 / lib_ip.py:3982] red : variance --> out of range (variance = 9.319 / upper = 0.430 / lower = 0.000)
[20190603_082406 / lib_ip.py:3753] file = img.20190603_082406.2019-06-02_16-37-21_000.jpg.1.png / val_Average = 163.7340	val_Variance = 9.3187	sd = 3.0527	max = 175	min = 150
[20190603_082406 / lib_ip.py:4052] len(Hs) = 8100, len(Ss) = 8100, len(Vs) = 8100
[20190603_082406 / lib_ip.py:4099] green : variance --> out of range (variance = 9.319 / upper = 0.760 / lower = 0.000)
[20190603_082407 / lib_ip.py:3753] file = img.20190603_082406.2019-06-02_16-37-21_000.jpg.1.png / val_Average = 163.7340	val_Variance = 9.3187	sd = 3.0527	max = 175	min = 150
[20190603_082407 / lib_ip.py:4169] len(Hs) = 8100, len(Ss) = 8100, len(Vs) = 8100
[20190603_082407 / lib_ip.py:4208] blue : variance --> out of range (variance = 9.319 / upper = 0.930 / lower = 0.010)
[20190603_082407 / lib_ip.py:3753] file = img.20190603_082406.2019-06-02_16-37-21_000.jpg.1.png / val_Average = 163.7340	val_Variance = 9.3187	sd = 3.0527	max = 175	min = 150
[20190603_082407 / lib_ip.py:4275] len(Hs) = 8100, len(Ss) = 8100, len(Vs) = 8100
[20190603_082407 / lib_ip.py:4314] pink : variance --> out of range (variance = 9.319 / upper = 0.750 / lower = 0.030)
[20190603_082407 / lib_ip.py:3753] file = img.20190603_082406.2019-06-02_16-37-21_000.jpg.1.png / val_Average = 163.7340	val_Variance = 9.3187	sd = 3.0527	max = 175	min = 150
[20190603_082407 / lib_ip.py:4378] len(Hs) = 8100, len(Ss) = 8100, len(Vs) = 8100
[20190603_082407 / lib_ip.py:4422] black : variance --> out of range (variance = 9.319 / upper = 0.000 / lower = 0.000)
[20190603_082407 / lib_ip.py:4593] file : img.20190603_082406.2019-06-02_16-37-21_000.jpg.1.png 0 (black : variance --> out of range (variance = 9.319 / upper = 0.000 / lower = 0.000))
[20190603_082407 / lib_ip.py:2274] inspecting ===> img.20190603_082406.2019-06-02_16-37-21_000.jpg.2.png
[20190603_082407 / lib_ip.py:4505] 
img.20190603_082406.2019-06-02_16-37-21_000.jpg.2.png 1 ---------------------
[20190603_082407 / lib_ip.py:3753] file = img.20190603_082406.2019-06-02_16-37-21_000.jpg.2.png / val_Average = 110.1077	val_Variance = 6.9951	sd = 2.6448	max = 120	min = 103
[20190603_082407 / lib_ip.py:3836] len(Hs) = 8100, len(Ss) = 8100, len(Vs) = 8100
[20190603_082407 / lib_ip.py:3869] yellow : variance --> out of range (variance = 6.995 / upper = 0.650 / lower = 0.000)
[20190603_082407 / lib_ip.py:3753] file = img.20190603_082406.2019-06-02_16-37-21_000.jpg.2.png / val_Average = 110.1077	val_Variance = 6.9951	sd = 2.6448	max = 120	min = 103
[20190603_082407 / lib_ip.py:3936] len(Hs) = 8100, len(Ss) = 8100, len(Vs) = 8100
[20190603_082408 / lib_ip.py:3982] red : variance --> out of range (variance = 6.995 / upper = 0.430 / lower = 0.000)
[20190603_082408 / lib_ip.py:3753] file = img.20190603_082406.2019-06-02_16-37-21_000.jpg.2.png / val_Average = 110.1077	val_Variance = 6.9951	sd = 2.6448	max = 120	min = 103
[20190603_082408 / lib_ip.py:4052] len(Hs) = 8100, len(Ss) = 8100, len(Vs) = 8100
[20190603_082408 / lib_ip.py:4099] green : variance --> out of range (variance = 6.995 / upper = 0.760 / lower = 0.000)
[20190603_082408 / lib_ip.py:3753] file = img.20190603_082406.2019-06-02_16-37-21_000.jpg.2.png / val_Average = 110.1077	val_Variance = 6.9951	sd = 2.6448	max = 120	min = 103
[20190603_082408 / lib_ip.py:4169] len(Hs) = 8100, len(Ss) = 8100, len(Vs) = 8100
[20190603_082408 / lib_ip.py:4208] blue : variance --> out of range (variance = 6.995 / upper = 0.930 / lower = 0.010)
[20190603_082408 / lib_ip.py:3753] file = img.20190603_082406.2019-06-02_16-37-21_000.jpg.2.png / val_Average = 110.1077	val_Variance = 6.9951	sd = 2.6448	max = 120	min = 103
[20190603_082408 / lib_ip.py:4275] len(Hs) = 8100, len(Ss) = 8100, len(Vs) = 8100
[20190603_082408 / lib_ip.py:4314] pink : variance --> out of range (variance = 6.995 / upper = 0.750 / lower = 0.030)
[20190603_082408 / lib_ip.py:3753] file = img.20190603_082406.2019-06-02_16-37-21_000.jpg.2.png / val_Average = 110.1077	val_Variance = 6.9951	sd = 2.6448	max = 120	min = 103
[20190603_082408 / lib_ip.py:4378] len(Hs) = 8100, len(Ss) = 8100, len(Vs) = 8100
[20190603_082408 / lib_ip.py:4422] black : variance --> out of range (variance = 6.995 / upper = 0.000 / lower = 0.000)
[20190603_082408 / lib_ip.py:4593] file : img.20190603_082406.2019-06-02_16-37-21_000.jpg.2.png 1 (black : variance --> out of range (variance = 6.995 / upper = 0.000 / lower = 0.000))
[20190603_082408 / lib_ip.py:2274] inspecting ===> img.20190603_082406.2019-06-02_16-37-21_000.jpg.3.png
[20190603_082409 / lib_ip.py:4505] 
img.20190603_082406.2019-06-02_16-37-21_000.jpg.3.png 2 ---------------------
[20190603_082409 / lib_ip.py:3753] file = img.20190603_082406.2019-06-02_16-37-21_000.jpg.3.png / val_Average = 113.6101	val_Variance = 5.2073	sd = 2.2819	max = 122	min = 102
[20190603_082409 / lib_ip.py:3836] len(Hs) = 8100, len(Ss) = 8100, len(Vs) = 8100
[20190603_082409 / lib_ip.py:3869] yellow : variance --> out of range (variance = 5.207 / upper = 0.650 / lower = 0.000)
[20190603_082409 / lib_ip.py:3753] file = img.20190603_082406.2019-06-02_16-37-21_000.jpg.3.png / val_Average = 113.6101	val_Variance = 5.2073	sd = 2.2819	max = 122	min = 102
[20190603_082409 / lib_ip.py:3936] len(Hs) = 8100, len(Ss) = 8100, len(Vs) = 8100
[20190603_082409 / lib_ip.py:3982] red : variance --> out of range (variance = 5.207 / upper = 0.430 / lower = 0.000)
[20190603_082409 / lib_ip.py:3753] file = img.20190603_082406.2019-06-02_16-37-21_000.jpg.3.png / val_Average = 113.6101	val_Variance = 5.2073	sd = 2.2819	max = 122	min = 102
[20190603_082409 / lib_ip.py:4052] len(Hs) = 8100, len(Ss) = 8100, len(Vs) = 8100
[20190603_082409 / lib_ip.py:4099] green : variance --> out of range (variance = 5.207 / upper = 0.760 / lower = 0.000)
[20190603_082409 / lib_ip.py:3753] file = img.20190603_082406.2019-06-02_16-37-21_000.jpg.3.png / val_Average = 113.6101	val_Variance = 5.2073	sd = 2.2819	max = 122	min = 102
[20190603_082409 / lib_ip.py:4169] len(Hs) = 8100, len(Ss) = 8100, len(Vs) = 8100
[20190603_082409 / lib_ip.py:4208] blue : variance --> out of range (variance = 5.207 / upper = 0.930 / lower = 0.010)
[20190603_082410 / lib_ip.py:3753] file = img.20190603_082406.2019-06-02_16-37-21_000.jpg.3.png / val_Average = 113.6101	val_Variance = 5.2073	sd = 2.2819	max = 122	min = 102
[20190603_082410 / lib_ip.py:4275] len(Hs) = 8100, len(Ss) = 8100, len(Vs) = 8100
[20190603_082410 / lib_ip.py:4314] pink : variance --> out of range (variance = 5.207 / upper = 0.750 / lower = 0.030)
[20190603_082410 / lib_ip.py:3753] file = img.20190603_082406.2019-06-02_16-37-21_000.jpg.3.png / val_Average = 113.6101	val_Variance = 5.2073	sd = 2.2819	max = 122	min = 102
[20190603_082410 / lib_ip.py:4378] len(Hs) = 8100, len(Ss) = 8100, len(Vs) = 8100
[20190603_082410 / lib_ip.py:4422] black : variance --> out of range (variance = 5.207 / upper = 0.000 / lower = 0.000)
[20190603_082410 / lib_ip.py:4593] file : img.20190603_082406.2019-06-02_16-37-21_000.jpg.3.png 2 (black : variance --> out of range (variance = 5.207 / upper = 0.000 / lower = 0.000))
[20190603_082410 / lib_ip.py:2274] inspecting ===> img.20190603_082406.2019-06-02_16-37-21_000.jpg.4.png
[20190603_082410 / lib_ip.py:4505] 
img.20190603_082406.2019-06-02_16-37-21_000.jpg.4.png 3 ---------------------
[20190603_082410 / lib_ip.py:3753] file = img.20190603_082406.2019-06-02_16-37-21_000.jpg.4.png / val_Average = 110.2740	val_Variance = 3.9490	sd = 1.9872	max = 120	min = 105
[20190603_082410 / lib_ip.py:3836] len(Hs) = 8100, len(Ss) = 8100, len(Vs) = 8100
[20190603_082410 / lib_ip.py:3869] yellow : variance --> out of range (variance = 3.949 / upper = 0.650 / lower = 0.000)
[20190603_082410 / lib_ip.py:3753] file = img.20190603_082406.2019-06-02_16-37-21_000.jpg.4.png / val_Average = 110.2740	val_Variance = 3.9490	sd = 1.9872	max = 120	min = 105
[20190603_082410 / lib_ip.py:3936] len(Hs) = 8100, len(Ss) = 8100, len(Vs) = 8100
[20190603_082410 / lib_ip.py:3982] red : variance --> out of range (variance = 3.949 / upper = 0.430 / lower = 0.000)
[20190603_082410 / lib_ip.py:3753] file = img.20190603_082406.2019-06-02_16-37-21_000.jpg.4.png / val_Average = 110.2740	val_Variance = 3.9490	sd = 1.9872	max = 120	min = 105
[20190603_082410 / lib_ip.py:4052] len(Hs) = 8100, len(Ss) = 8100, len(Vs) = 8100
[20190603_082410 / lib_ip.py:4099] green : variance --> out of range (variance = 3.949 / upper = 0.760 / lower = 0.000)
[20190603_082411 / lib_ip.py:3753] file = img.20190603_082406.2019-06-02_16-37-21_000.jpg.4.png / val_Average = 110.2740	val_Variance = 3.9490	sd = 1.9872	max = 120	min = 105
[20190603_082411 / lib_ip.py:4169] len(Hs) = 8100, len(Ss) = 8100, len(Vs) = 8100
[20190603_082411 / lib_ip.py:4208] blue : variance --> out of range (variance = 3.949 / upper = 0.930 / lower = 0.010)
[20190603_082411 / lib_ip.py:3753] file = img.20190603_082406.2019-06-02_16-37-21_000.jpg.4.png / val_Average = 110.2740	val_Variance = 3.9490	sd = 1.9872	max = 120	min = 105
[20190603_082411 / lib_ip.py:4275] len(Hs) = 8100, len(Ss) = 8100, len(Vs) = 8100
[20190603_082411 / lib_ip.py:4314] pink : variance --> out of range (variance = 3.949 / upper = 0.750 / lower = 0.030)
[20190603_082411 / lib_ip.py:3753] file = img.20190603_082406.2019-06-02_16-37-21_000.jpg.4.png / val_Average = 110.2740	val_Variance = 3.9490	sd = 1.9872	max = 120	min = 105
[20190603_082411 / lib_ip.py:4378] len(Hs) = 8100, len(Ss) = 8100, len(Vs) = 8100
[20190603_082411 / lib_ip.py:4422] black : variance --> out of range (variance = 3.949 / upper = 0.000 / lower = 0.000)
[20190603_082411 / lib_ip.py:4593] file : img.20190603_082406.2019-06-02_16-37-21_000.jpg.4.png 3 (black : variance --> out of range (variance = 3.949 / upper = 0.000 / lower = 0.000))
[20190603_082410 / lib_ip.py:2274] inspecting ===> img.20190603_082406.2019-06-02_16-37-21_000.jpg.4.png
img.20190603_082406.2019-06-02_16-37-21_000.jpg.1.png => other
img.20190603_082406.2019-06-02_16-37-21_000.jpg.2.png => other
img.20190603_082406.2019-06-02_16-37-21_000.jpg.3.png => other
img.20190603_082406.2019-06-02_16-37-21_000.jpg.4.png => other
[20190603_082411 lib_ip.py:3301] =============== Get 4 corners
dpath_Images = C:\WORKS_2\WS\WS_Others.Art\JVEMV6\46_art\VIRTUAL\Admin_Projects\ip\images
fname_Image = img.20190603_082406.2019-06-02_16-37-21_000.jpg.4.png

[20190603_082412 / lib_ip.py:2274] inspecting ===> img.20190603_082412.2019-06-02_16-37-42_000.jpg.1.png
[20190603_082412 / lib_ip.py:4505] 
img.20190603_082412.2019-06-02_16-37-42_000.jpg.1.png 0 ---------------------
[20190603_082413 / lib_ip.py:3753] file = img.20190603_082412.2019-06-02_16-37-42_000.jpg.1.png / val_Average = 155.6717	val_Variance = 13.2274	sd = 3.6370	max = 168	min = 142
[20190603_082413 / lib_ip.py:3836] len(Hs) = 8100, len(Ss) = 8100, len(Vs) = 8100
[20190603_082413 / lib_ip.py:3869] yellow : variance --> out of range (variance = 13.227 / upper = 0.650 / lower = 0.000)
[20190603_082413 / lib_ip.py:3753] file = img.20190603_082412.2019-06-02_16-37-42_000.jpg.1.png / val_Average = 155.6717	val_Variance = 13.2274	sd = 3.6370	max = 168	min = 142
[20190603_082413 / lib_ip.py:3936] len(Hs) = 8100, len(Ss) = 8100, len(Vs) = 8100
[20190603_082413 / lib_ip.py:3982] red : variance --> out of range (variance = 13.227 / upper = 0.430 / lower = 0.000)
[20190603_082413 / lib_ip.py:3753] file = img.20190603_082412.2019-06-02_16-37-42_000.jpg.1.png / val_Average = 155.6717	val_Variance = 13.2274	sd = 3.6370	max = 168	min = 142
[20190603_082413 / lib_ip.py:4052] len(Hs) = 8100, len(Ss) = 8100, len(Vs) = 8100
[20190603_082413 / lib_ip.py:4099] green : variance --> out of range (variance = 13.227 / upper = 0.760 / lower = 0.000)
[20190603_082413 / lib_ip.py:3753] file = img.20190603_082412.2019-06-02_16-37-42_000.jpg.1.png / val_Average = 155.6717	val_Variance = 13.2274	sd = 3.6370	max = 168	min = 142
[20190603_082413 / lib_ip.py:4169] len(Hs) = 8100, len(Ss) = 8100, len(Vs) = 8100
[20190603_082413 / lib_ip.py:4208] blue : variance --> out of range (variance = 13.227 / upper = 0.930 / lower = 0.010)
[20190603_082413 / lib_ip.py:3753] file = img.20190603_082412.2019-06-02_16-37-42_000.jpg.1.png / val_Average = 155.6717	val_Variance = 13.2274	sd = 3.6370	max = 168	min = 142
[20190603_082414 / lib_ip.py:4275] len(Hs) = 8100, len(Ss) = 8100, len(Vs) = 8100
[20190603_082414 / lib_ip.py:4314] pink : variance --> out of range (variance = 13.227 / upper = 0.750 / lower = 0.030)
[20190603_082414 / lib_ip.py:3753] file = img.20190603_082412.2019-06-02_16-37-42_000.jpg.1.png / val_Average = 155.6717	val_Variance = 13.2274	sd = 3.6370	max = 168	min = 142
[20190603_082414 / lib_ip.py:4378] len(Hs) = 8100, len(Ss) = 8100, len(Vs) = 8100
[20190603_082414 / lib_ip.py:4422] black : variance --> out of range (variance = 13.227 / upper = 0.000 / lower = 0.000)
[20190603_082414 / lib_ip.py:4593] file : img.20190603_082412.2019-06-02_16-37-42_000.jpg.1.png 0 (black : variance --> out of range (variance = 13.227 / upper = 0.000 / lower = 0.000))
[20190603_082414 / lib_ip.py:2274] inspecting ===> img.20190603_082412.2019-06-02_16-37-42_000.jpg.2.png
[20190603_082414 / lib_ip.py:4505] 
img.20190603_082412.2019-06-02_16-37-42_000.jpg.2.png 1 ---------------------
[20190603_082414 / lib_ip.py:3753] file = img.20190603_082412.2019-06-02_16-37-42_000.jpg.2.png / val_Average = 108.2496	val_Variance = 3.1718	sd = 1.7809	max = 120	min = 104
[20190603_082414 / lib_ip.py:3836] len(Hs) = 8100, len(Ss) = 8100, len(Vs) = 8100
[20190603_082414 / lib_ip.py:3869] yellow : variance --> out of range (variance = 3.172 / upper = 0.650 / lower = 0.000)
[20190603_082414 / lib_ip.py:3753] file = img.20190603_082412.2019-06-02_16-37-42_000.jpg.2.png / val_Average = 108.2496	val_Variance = 3.1718	sd = 1.7809	max = 120	min = 104
[20190603_082414 / lib_ip.py:3936] len(Hs) = 8100, len(Ss) = 8100, len(Vs) = 8100
[20190603_082414 / lib_ip.py:3982] red : variance --> out of range (variance = 3.172 / upper = 0.430 / lower = 0.000)
[20190603_082415 / lib_ip.py:3753] file = img.20190603_082412.2019-06-02_16-37-42_000.jpg.2.png / val_Average = 108.2496	val_Variance = 3.1718	sd = 1.7809	max = 120	min = 104
[20190603_082415 / lib_ip.py:4052] len(Hs) = 8100, len(Ss) = 8100, len(Vs) = 8100
[20190603_082415 / lib_ip.py:4099] green : variance --> out of range (variance = 3.172 / upper = 0.760 / lower = 0.000)
[20190603_082415 / lib_ip.py:3753] file = img.20190603_082412.2019-06-02_16-37-42_000.jpg.2.png / val_Average = 108.2496	val_Variance = 3.1718	sd = 1.7809	max = 120	min = 104
[20190603_082415 / lib_ip.py:4169] len(Hs) = 8100, len(Ss) = 8100, len(Vs) = 8100
[20190603_082415 / lib_ip.py:4208] blue : variance --> out of range (variance = 3.172 / upper = 0.930 / lower = 0.010)
[20190603_082415 / lib_ip.py:3753] file = img.20190603_082412.2019-06-02_16-37-42_000.jpg.2.png / val_Average = 108.2496	val_Variance = 3.1718	sd = 1.7809	max = 120	min = 104
[20190603_082415 / lib_ip.py:4275] len(Hs) = 8100, len(Ss) = 8100, len(Vs) = 8100
[20190603_082415 / lib_ip.py:4314] pink : variance --> out of range (variance = 3.172 / upper = 0.750 / lower = 0.030)
[20190603_082415 / lib_ip.py:3753] file = img.20190603_082412.2019-06-02_16-37-42_000.jpg.2.png / val_Average = 108.2496	val_Variance = 3.1718	sd = 1.7809	max = 120	min = 104
[20190603_082415 / lib_ip.py:4378] len(Hs) = 8100, len(Ss) = 8100, len(Vs) = 8100
[20190603_082415 / lib_ip.py:4422] black : variance --> out of range (variance = 3.172 / upper = 0.000 / lower = 0.000)
[20190603_082415 / lib_ip.py:4593] file : img.20190603_082412.2019-06-02_16-37-42_000.jpg.2.png 1 (black : variance --> out of range (variance = 3.172 / upper = 0.000 / lower = 0.000))
[20190603_082415 / lib_ip.py:2274] inspecting ===> img.20190603_082412.2019-06-02_16-37-42_000.jpg.3.png
[20190603_082415 / lib_ip.py:4505] 
img.20190603_082412.2019-06-02_16-37-42_000.jpg.3.png 2 ---------------------
[20190603_082415 / lib_ip.py:3753] file = img.20190603_082412.2019-06-02_16-37-42_000.jpg.3.png / val_Average = 108.6621	val_Variance = 2.0119	sd = 1.4184	max = 114	min = 105
[20190603_082415 / lib_ip.py:3836] len(Hs) = 8100, len(Ss) = 8100, len(Vs) = 8100
[20190603_082415 / lib_ip.py:3869] yellow : variance --> out of range (variance = 2.012 / upper = 0.650 / lower = 0.000)
[20190603_082416 / lib_ip.py:3753] file = img.20190603_082412.2019-06-02_16-37-42_000.jpg.3.png / val_Average = 108.6621	val_Variance = 2.0119	sd = 1.4184	max = 114	min = 105
[20190603_082416 / lib_ip.py:3936] len(Hs) = 8100, len(Ss) = 8100, len(Vs) = 8100
[20190603_082416 / lib_ip.py:3982] red : variance --> out of range (variance = 2.012 / upper = 0.430 / lower = 0.000)
[20190603_082416 / lib_ip.py:3753] file = img.20190603_082412.2019-06-02_16-37-42_000.jpg.3.png / val_Average = 108.6621	val_Variance = 2.0119	sd = 1.4184	max = 114	min = 105
[20190603_082416 / lib_ip.py:4052] len(Hs) = 8100, len(Ss) = 8100, len(Vs) = 8100
[20190603_082416 / lib_ip.py:4099] green : variance --> out of range (variance = 2.012 / upper = 0.760 / lower = 0.000)
[20190603_082416 / lib_ip.py:3753] file = img.20190603_082412.2019-06-02_16-37-42_000.jpg.3.png / val_Average = 108.6621	val_Variance = 2.0119	sd = 1.4184	max = 114	min = 105
[20190603_082416 / lib_ip.py:4169] len(Hs) = 8100, len(Ss) = 8100, len(Vs) = 8100
[20190603_082416 / lib_ip.py:4208] blue : variance --> out of range (variance = 2.012 / upper = 0.930 / lower = 0.010)
[20190603_082416 / lib_ip.py:3753] file = img.20190603_082412.2019-06-02_16-37-42_000.jpg.3.png / val_Average = 108.6621	val_Variance = 2.0119	sd = 1.4184	max = 114	min = 105
[20190603_082416 / lib_ip.py:4275] len(Hs) = 8100, len(Ss) = 8100, len(Vs) = 8100
[20190603_082416 / lib_ip.py:4314] pink : variance --> out of range (variance = 2.012 / upper = 0.750 / lower = 0.030)
[20190603_082416 / lib_ip.py:3753] file = img.20190603_082412.2019-06-02_16-37-42_000.jpg.3.png / val_Average = 108.6621	val_Variance = 2.0119	sd = 1.4184	max = 114	min = 105
[20190603_082416 / lib_ip.py:4378] len(Hs) = 8100, len(Ss) = 8100, len(Vs) = 8100
[20190603_082416 / lib_ip.py:4422] black : variance --> out of range (variance = 2.012 / upper = 0.000 / lower = 0.000)
[20190603_082416 / lib_ip.py:4593] file : img.20190603_082412.2019-06-02_16-37-42_000.jpg.3.png 2 (black : variance --> out of range (variance = 2.012 / upper = 0.000 / lower = 0.000))
[20190603_082416 / lib_ip.py:2274] inspecting ===> img.20190603_082412.2019-06-02_16-37-42_000.jpg.4.png
[20190603_082417 / lib_ip.py:4505] 
img.20190603_082412.2019-06-02_16-37-42_000.jpg.4.png 3 ---------------------
[20190603_082417 / lib_ip.py:3753] file = img.20190603_082412.2019-06-02_16-37-42_000.jpg.4.png / val_Average = 98.0515	val_Variance = 1574.1814	sd = 39.6760	max = 178	min = 0
[20190603_082417 / lib_ip.py:3836] len(Hs) = 8100, len(Ss) = 8100, len(Vs) = 8100
[20190603_082417 / lib_ip.py:3869] yellow : variance --> out of range (variance = 1574.181 / upper = 0.650 / lower = 0.000)
[20190603_082417 / lib_ip.py:3753] file = img.20190603_082412.2019-06-02_16-37-42_000.jpg.4.png / val_Average = 98.0515	val_Variance = 1574.1814	sd = 39.6760	max = 178	min = 0
[20190603_082417 / lib_ip.py:3936] len(Hs) = 8100, len(Ss) = 8100, len(Vs) = 8100
[20190603_082417 / lib_ip.py:3982] red : variance --> out of range (variance = 1574.181 / upper = 0.430 / lower = 0.000)
[20190603_082417 / lib_ip.py:3753] file = img.20190603_082412.2019-06-02_16-37-42_000.jpg.4.png / val_Average = 98.0515	val_Variance = 1574.1814	sd = 39.6760	max = 178	min = 0
[20190603_082417 / lib_ip.py:4052] len(Hs) = 8100, len(Ss) = 8100, len(Vs) = 8100
[20190603_082417 / lib_ip.py:4099] green : variance --> out of range (variance = 1574.181 / upper = 0.760 / lower = 0.000)
[20190603_082417 / lib_ip.py:3753] file = img.20190603_082412.2019-06-02_16-37-42_000.jpg.4.png / val_Average = 98.0515	val_Variance = 1574.1814	sd = 39.6760	max = 178	min = 0
[20190603_082417 / lib_ip.py:4169] len(Hs) = 8100, len(Ss) = 8100, len(Vs) = 8100
[20190603_082417 / lib_ip.py:4208] blue : variance --> out of range (variance = 1574.181 / upper = 0.930 / lower = 0.010)
[20190603_082417 / lib_ip.py:3753] file = img.20190603_082412.2019-06-02_16-37-42_000.jpg.4.png / val_Average = 98.0515	val_Variance = 1574.1814	sd = 39.6760	max = 178	min = 0
[20190603_082418 / lib_ip.py:4275] len(Hs) = 8100, len(Ss) = 8100, len(Vs) = 8100
[20190603_082418 / lib_ip.py:4314] pink : variance --> out of range (variance = 1574.181 / upper = 0.750 / lower = 0.030)
[20190603_082418 / lib_ip.py:3753] file = img.20190603_082412.2019-06-02_16-37-42_000.jpg.4.png / val_Average = 98.0515	val_Variance = 1574.1814	sd = 39.6760	max = 178	min = 0
[20190603_082418 / lib_ip.py:4378] len(Hs) = 8100, len(Ss) = 8100, len(Vs) = 8100
[20190603_082418 / lib_ip.py:4422] black : variance --> out of range (variance = 1574.181 / upper = 0.000 / lower = 0.000)
[20190603_082418 / lib_ip.py:4593] file : img.20190603_082412.2019-06-02_16-37-42_000.jpg.4.png 3 (black : variance --> out of range (variance = 1574.181 / upper = 0.000 / lower = 0.000))
[20190603_082416 / lib_ip.py:2274] inspecting ===> img.20190603_082412.2019-06-02_16-37-42_000.jpg.4.png
img.20190603_082412.2019-06-02_16-37-42_000.jpg.1.png => other
img.20190603_082412.2019-06-02_16-37-42_000.jpg.2.png => other
img.20190603_082412.2019-06-02_16-37-42_000.jpg.3.png => other
img.20190603_082412.2019-06-02_16-37-42_000.jpg.4.png => other
[20190603_082418 lib_ip.py:3301] =============== Get 4 corners
dpath_Images = C:\WORKS_2\WS\WS_Others.Art\JVEMV6\46_art\VIRTUAL\Admin_Projects\ip\images
fname_Image = img.20190603_082412.2019-06-02_16-37-42_000.jpg.4.png

[20190603_082418 / lib_ip.py:2274] inspecting ===> img.20190603_082418.2019-06-02_16-38-02_000.jpg.1.png
[20190603_082419 / lib_ip.py:4505] 
img.20190603_082418.2019-06-02_16-38-02_000.jpg.1.png 0 ---------------------
[20190603_082419 / lib_ip.py:3753] file = img.20190603_082418.2019-06-02_16-38-02_000.jpg.1.png / val_Average = 163.9088	val_Variance = 11.7093	sd = 3.4219	max = 176	min = 147
[20190603_082419 / lib_ip.py:3836] len(Hs) = 8100, len(Ss) = 8100, len(Vs) = 8100
[20190603_082419 / lib_ip.py:3869] yellow : variance --> out of range (variance = 11.709 / upper = 0.650 / lower = 0.000)
[20190603_082419 / lib_ip.py:3753] file = img.20190603_082418.2019-06-02_16-38-02_000.jpg.1.png / val_Average = 163.9088	val_Variance = 11.7093	sd = 3.4219	max = 176	min = 147
[20190603_082419 / lib_ip.py:3936] len(Hs) = 8100, len(Ss) = 8100, len(Vs) = 8100
[20190603_082419 / lib_ip.py:3982] red : variance --> out of range (variance = 11.709 / upper = 0.430 / lower = 0.000)
[20190603_082419 / lib_ip.py:3753] file = img.20190603_082418.2019-06-02_16-38-02_000.jpg.1.png / val_Average = 163.9088	val_Variance = 11.7093	sd = 3.4219	max = 176	min = 147
[20190603_082419 / lib_ip.py:4052] len(Hs) = 8100, len(Ss) = 8100, len(Vs) = 8100
[20190603_082419 / lib_ip.py:4099] green : variance --> out of range (variance = 11.709 / upper = 0.760 / lower = 0.000)
[20190603_082419 / lib_ip.py:3753] file = img.20190603_082418.2019-06-02_16-38-02_000.jpg.1.png / val_Average = 163.9088	val_Variance = 11.7093	sd = 3.4219	max = 176	min = 147
[20190603_082419 / lib_ip.py:4169] len(Hs) = 8100, len(Ss) = 8100, len(Vs) = 8100
[20190603_082419 / lib_ip.py:4208] blue : variance --> out of range (variance = 11.709 / upper = 0.930 / lower = 0.010)
[20190603_082419 / lib_ip.py:3753] file = img.20190603_082418.2019-06-02_16-38-02_000.jpg.1.png / val_Average = 163.9088	val_Variance = 11.7093	sd = 3.4219	max = 176	min = 147
[20190603_082419 / lib_ip.py:4275] len(Hs) = 8100, len(Ss) = 8100, len(Vs) = 8100
[20190603_082419 / lib_ip.py:4314] pink : variance --> out of range (variance = 11.709 / upper = 0.750 / lower = 0.030)
[20190603_082419 / lib_ip.py:3753] file = img.20190603_082418.2019-06-02_16-38-02_000.jpg.1.png / val_Average = 163.9088	val_Variance = 11.7093	sd = 3.4219	max = 176	min = 147
[20190603_082419 / lib_ip.py:4378] len(Hs) = 8100, len(Ss) = 8100, len(Vs) = 8100
[20190603_082419 / lib_ip.py:4422] black : variance --> out of range (variance = 11.709 / upper = 0.000 / lower = 0.000)
[20190603_082420 / lib_ip.py:4593] file : img.20190603_082418.2019-06-02_16-38-02_000.jpg.1.png 0 (black : variance --> out of range (variance = 11.709 / upper = 0.000 / lower = 0.000))
[20190603_082420 / lib_ip.py:2274] inspecting ===> img.20190603_082418.2019-06-02_16-38-02_000.jpg.2.png
