[20181022_083025 / views.py:1877] gen_Cake_CSV(request) ==> starting... =======================
[20181022_083027 / lib_ip.py:2273] inspecting ===> img.20181022_083027.2018-10-21_08-31-44_000.jpg.1.png
[20181022_083027 / lib_ip.py:4330] 
img.20181022_083027.2018-10-21_08-31-44_000.jpg.1.png 0
[20181022_083027 / lib_ip.py:3794] file = img.20181022_083027.2018-10-21_08-31-44_000.jpg.1.png / val_Average = 73.4879	val_Variance = 0.2568	sd = 0.5067	max = 75	min = 73
[20181022_083027 / lib_ip.py:3877] len(Hs) = 8100, len(Ss) = 8100, len(Vs) = 8100
[20181022_083027 / lib_ip.py:3932] yellow : average --> out of range (average = 73.488 / upper = 99.200 / lower = 88.000)
[20181022_083027 / lib_ip.py:3794] file = img.20181022_083027.2018-10-21_08-31-44_000.jpg.1.png / val_Average = 73.4879	val_Variance = 0.2568	sd = 0.5067	max = 75	min = 73
[20181022_083027 / lib_ip.py:3977] len(Hs) = 8100, len(Ss) = 8100, len(Vs) = 8100
[20181022_083027 / lib_ip.py:4048] red : average --> out of range (average = 73.488 / upper = 124.000 / lower = 115.000)
[20181022_083027 / lib_ip.py:3794] file = img.20181022_083027.2018-10-21_08-31-44_000.jpg.1.png / val_Average = 73.4879	val_Variance = 0.2568	sd = 0.5067	max = 75	min = 73
[20181022_083027 / lib_ip.py:4090] len(Hs) = 8100, len(Ss) = 8100, len(Vs) = 8100
[20181022_083027 / lib_ip.py:2273] inspecting ===> img.20181022_083027.2018-10-21_08-31-44_000.jpg.2.png
[20181022_083028 / lib_ip.py:4330] 
img.20181022_083027.2018-10-21_08-31-44_000.jpg.2.png 1
[20181022_083028 / lib_ip.py:3794] file = img.20181022_083027.2018-10-21_08-31-44_000.jpg.2.png / val_Average = 72.9615	val_Variance = 0.0472	sd = 0.2172	max = 74	min = 72
[20181022_083028 / lib_ip.py:3877] len(Hs) = 8100, len(Ss) = 8100, len(Vs) = 8100
[20181022_083028 / lib_ip.py:3932] yellow : average --> out of range (average = 72.961 / upper = 99.200 / lower = 88.000)
[20181022_083028 / lib_ip.py:3794] file = img.20181022_083027.2018-10-21_08-31-44_000.jpg.2.png / val_Average = 72.9615	val_Variance = 0.0472	sd = 0.2172	max = 74	min = 72
[20181022_083028 / lib_ip.py:3977] len(Hs) = 8100, len(Ss) = 8100, len(Vs) = 8100
[20181022_083028 / lib_ip.py:4048] red : average --> out of range (average = 72.961 / upper = 124.000 / lower = 115.000)
[20181022_083028 / lib_ip.py:3794] file = img.20181022_083027.2018-10-21_08-31-44_000.jpg.2.png / val_Average = 72.9615	val_Variance = 0.0472	sd = 0.2172	max = 74	min = 72
[20181022_083028 / lib_ip.py:4090] len(Hs) = 8100, len(Ss) = 8100, len(Vs) = 8100
[20181022_083028 / lib_ip.py:2273] inspecting ===> img.20181022_083027.2018-10-21_08-31-44_000.jpg.3.png
[20181022_083029 / lib_ip.py:4330] 
img.20181022_083027.2018-10-21_08-31-44_000.jpg.3.png 2
[20181022_083029 / lib_ip.py:3794] file = img.20181022_083027.2018-10-21_08-31-44_000.jpg.3.png / val_Average = 49.5942	val_Variance = 158.6878	sd = 12.5971	max = 90	min = 0
[20181022_083029 / lib_ip.py:3877] len(Hs) = 8100, len(Ss) = 8100, len(Vs) = 8100
[20181022_083029 / lib_ip.py:3910] yellow : variance --> out of range (variance = 158.688 / upper = 0.650 / lower = 0.000)
[20181022_083029 / lib_ip.py:3794] file = img.20181022_083027.2018-10-21_08-31-44_000.jpg.3.png / val_Average = 49.5942	val_Variance = 158.6878	sd = 12.5971	max = 90	min = 0
[20181022_083029 / lib_ip.py:3977] len(Hs) = 8100, len(Ss) = 8100, len(Vs) = 8100
[20181022_083029 / lib_ip.py:4023] red : variance --> out of range (variance = 158.688 / upper = 0.430 / lower = 0.000)
[20181022_083029 / lib_ip.py:3794] file = img.20181022_083027.2018-10-21_08-31-44_000.jpg.3.png / val_Average = 49.5942	val_Variance = 158.6878	sd = 12.5971	max = 90	min = 0
[20181022_083029 / lib_ip.py:4090] len(Hs) = 8100, len(Ss) = 8100, len(Vs) = 8100
[20181022_083029 / lib_ip.py:4137] green : variance --> out of range (variance = 158.688 / upper = 0.750 / lower = 0.000)
[20181022_083029 / lib_ip.py:3794] file = img.20181022_083027.2018-10-21_08-31-44_000.jpg.3.png / val_Average = 49.5942	val_Variance = 158.6878	sd = 12.5971	max = 90	min = 0
[20181022_083029 / lib_ip.py:4204] len(Hs) = 8100, len(Ss) = 8100, len(Vs) = 8100
[20181022_083029 / lib_ip.py:4248] black : variance --> out of range (variance = 158.688 / upper = 0.000 / lower = 0.000)
[20181022_083029 / lib_ip.py:4398] file : img.20181022_083027.2018-10-21_08-31-44_000.jpg.3.png 2 (black : variance --> out of range (variance = 158.688 / upper = 0.000 / lower = 0.000))
[20181022_083029 / lib_ip.py:2273] inspecting ===> img.20181022_083027.2018-10-21_08-31-44_000.jpg.4.png
[20181022_083029 / lib_ip.py:4330] 
img.20181022_083027.2018-10-21_08-31-44_000.jpg.4.png 3
[20181022_083029 / lib_ip.py:3794] file = img.20181022_083027.2018-10-21_08-31-44_000.jpg.4.png / val_Average = 159.5190	val_Variance = 2624.6528	sd = 51.2314	max = 178	min = 0
[20181022_083029 / lib_ip.py:3877] len(Hs) = 8100, len(Ss) = 8100, len(Vs) = 8100
[20181022_083030 / lib_ip.py:3910] yellow : variance --> out of range (variance = 2624.653 / upper = 0.650 / lower = 0.000)
[20181022_083030 / lib_ip.py:3794] file = img.20181022_083027.2018-10-21_08-31-44_000.jpg.4.png / val_Average = 159.5190	val_Variance = 2624.6528	sd = 51.2314	max = 178	min = 0
[20181022_083030 / lib_ip.py:3977] len(Hs) = 8100, len(Ss) = 8100, len(Vs) = 8100
[20181022_083030 / lib_ip.py:4023] red : variance --> out of range (variance = 2624.653 / upper = 0.430 / lower = 0.000)
[20181022_083030 / lib_ip.py:3794] file = img.20181022_083027.2018-10-21_08-31-44_000.jpg.4.png / val_Average = 159.5190	val_Variance = 2624.6528	sd = 51.2314	max = 178	min = 0
[20181022_083030 / lib_ip.py:4090] len(Hs) = 8100, len(Ss) = 8100, len(Vs) = 8100
[20181022_083030 / lib_ip.py:4137] green : variance --> out of range (variance = 2624.653 / upper = 0.750 / lower = 0.000)
[20181022_083030 / lib_ip.py:3794] file = img.20181022_083027.2018-10-21_08-31-44_000.jpg.4.png / val_Average = 159.5190	val_Variance = 2624.6528	sd = 51.2314	max = 178	min = 0
[20181022_083030 / lib_ip.py:4204] len(Hs) = 8100, len(Ss) = 8100, len(Vs) = 8100
[20181022_083030 / lib_ip.py:4248] black : variance --> out of range (variance = 2624.653 / upper = 0.000 / lower = 0.000)
[20181022_083030 / lib_ip.py:4398] file : img.20181022_083027.2018-10-21_08-31-44_000.jpg.4.png 3 (black : variance --> out of range (variance = 2624.653 / upper = 0.000 / lower = 0.000))
[20181022_083029 / lib_ip.py:2273] inspecting ===> img.20181022_083027.2018-10-21_08-31-44_000.jpg.4.png
img.20181022_083027.2018-10-21_08-31-44_000.jpg.1.png => other
img.20181022_083027.2018-10-21_08-31-44_000.jpg.2.png => other
img.20181022_083027.2018-10-21_08-31-44_000.jpg.3.png => other
img.20181022_083027.2018-10-21_08-31-44_000.jpg.4.png => other
[20181022_083030 lib_ip.py:3300] =============== Get 4 corners
dpath_Images = C:\WORKS_2\WS\WS_Others.Art\JVEMV6\46_art\VIRTUAL\Admin_Projects\ip\images
fname_Image = img.20181022_083027.2018-10-21_08-31-44_000.jpg.4.png

[20181022_083030 / lib_ip.py:2273] inspecting ===> img.20181022_083030.2018-10-21_09-08-29_000.png.1.png
[20181022_083031 / lib_ip.py:4330] 
img.20181022_083030.2018-10-21_09-08-29_000.png.1.png 0
[20181022_083031 / lib_ip.py:3794] file = img.20181022_083030.2018-10-21_09-08-29_000.png.1.png / val_Average = 0.0000	val_Variance = 0.0000	sd = 0.0000	max = 0	min = 0
[20181022_083031 / lib_ip.py:3877] len(Hs) = 8100, len(Ss) = 8100, len(Vs) = 8100
[20181022_083031 / lib_ip.py:3932] yellow : average --> out of range (average = 0.000 / upper = 99.200 / lower = 88.000)
[20181022_083031 / lib_ip.py:3794] file = img.20181022_083030.2018-10-21_09-08-29_000.png.1.png / val_Average = 0.0000	val_Variance = 0.0000	sd = 0.0000	max = 0	min = 0
[20181022_083031 / lib_ip.py:3977] len(Hs) = 8100, len(Ss) = 8100, len(Vs) = 8100
[20181022_083031 / lib_ip.py:4048] red : average --> out of range (average = 0.000 / upper = 124.000 / lower = 115.000)
[20181022_083031 / lib_ip.py:3794] file = img.20181022_083030.2018-10-21_09-08-29_000.png.1.png / val_Average = 0.0000	val_Variance = 0.0000	sd = 0.0000	max = 0	min = 0
[20181022_083031 / lib_ip.py:4090] len(Hs) = 8100, len(Ss) = 8100, len(Vs) = 8100
[20181022_083031 / lib_ip.py:4162] green : average --> out of range (average = 0.000 / upper = 83.000 / lower = 58.000)
[20181022_083031 / lib_ip.py:3794] file = img.20181022_083030.2018-10-21_09-08-29_000.png.1.png / val_Average = 0.0000	val_Variance = 0.0000	sd = 0.0000	max = 0	min = 0
[20181022_083031 / lib_ip.py:4204] len(Hs) = 8100, len(Ss) = 8100, len(Vs) = 8100
[20181022_083031 / lib_ip.py:2273] inspecting ===> img.20181022_083030.2018-10-21_09-08-29_000.png.2.png
[20181022_083032 / lib_ip.py:4330] 
img.20181022_083030.2018-10-21_09-08-29_000.png.2.png 1
[20181022_083032 / lib_ip.py:3794] file = img.20181022_083030.2018-10-21_09-08-29_000.png.2.png / val_Average = 1.9333	val_Variance = 332.6622	sd = 18.2390	max = 174	min = 0
[20181022_083032 / lib_ip.py:3877] len(Hs) = 8100, len(Ss) = 8100, len(Vs) = 8100
[20181022_083032 / lib_ip.py:3910] yellow : variance --> out of range (variance = 332.662 / upper = 0.650 / lower = 0.000)
[20181022_083032 / lib_ip.py:3794] file = img.20181022_083030.2018-10-21_09-08-29_000.png.2.png / val_Average = 1.9333	val_Variance = 332.6622	sd = 18.2390	max = 174	min = 0
[20181022_083032 / lib_ip.py:3977] len(Hs) = 8100, len(Ss) = 8100, len(Vs) = 8100
[20181022_083032 / lib_ip.py:4023] red : variance --> out of range (variance = 332.662 / upper = 0.430 / lower = 0.000)
[20181022_083032 / lib_ip.py:3794] file = img.20181022_083030.2018-10-21_09-08-29_000.png.2.png / val_Average = 1.9333	val_Variance = 332.6622	sd = 18.2390	max = 174	min = 0
[20181022_083032 / lib_ip.py:4090] len(Hs) = 8100, len(Ss) = 8100, len(Vs) = 8100
[20181022_083032 / lib_ip.py:4137] green : variance --> out of range (variance = 332.662 / upper = 0.750 / lower = 0.000)
[20181022_083032 / lib_ip.py:3794] file = img.20181022_083030.2018-10-21_09-08-29_000.png.2.png / val_Average = 1.9333	val_Variance = 332.6622	sd = 18.2390	max = 174	min = 0
[20181022_083032 / lib_ip.py:4204] len(Hs) = 8100, len(Ss) = 8100, len(Vs) = 8100
[20181022_083032 / lib_ip.py:4248] black : variance --> out of range (variance = 332.662 / upper = 0.000 / lower = 0.000)
[20181022_083032 / lib_ip.py:4398] file : img.20181022_083030.2018-10-21_09-08-29_000.png.2.png 1 (black : variance --> out of range (variance = 332.662 / upper = 0.000 / lower = 0.000))
[20181022_083032 / lib_ip.py:2273] inspecting ===> img.20181022_083030.2018-10-21_09-08-29_000.png.3.png
[20181022_083033 / lib_ip.py:4330] 
img.20181022_083030.2018-10-21_09-08-29_000.png.3.png 2
[20181022_083033 / lib_ip.py:3794] file = img.20181022_083030.2018-10-21_09-08-29_000.png.3.png / val_Average = 2.2160	val_Variance = 26.1565	sd = 5.1143	max = 15	min = 0
[20181022_083033 / lib_ip.py:3877] len(Hs) = 8100, len(Ss) = 8100, len(Vs) = 8100
[20181022_083033 / lib_ip.py:3910] yellow : variance --> out of range (variance = 26.157 / upper = 0.650 / lower = 0.000)
[20181022_083033 / lib_ip.py:3794] file = img.20181022_083030.2018-10-21_09-08-29_000.png.3.png / val_Average = 2.2160	val_Variance = 26.1565	sd = 5.1143	max = 15	min = 0
[20181022_083033 / lib_ip.py:3977] len(Hs) = 8100, len(Ss) = 8100, len(Vs) = 8100
[20181022_083033 / lib_ip.py:4023] red : variance --> out of range (variance = 26.157 / upper = 0.430 / lower = 0.000)
[20181022_083033 / lib_ip.py:3794] file = img.20181022_083030.2018-10-21_09-08-29_000.png.3.png / val_Average = 2.2160	val_Variance = 26.1565	sd = 5.1143	max = 15	min = 0
[20181022_083033 / lib_ip.py:4090] len(Hs) = 8100, len(Ss) = 8100, len(Vs) = 8100
[20181022_083033 / lib_ip.py:4137] green : variance --> out of range (variance = 26.157 / upper = 0.750 / lower = 0.000)
[20181022_083033 / lib_ip.py:3794] file = img.20181022_083030.2018-10-21_09-08-29_000.png.3.png / val_Average = 2.2160	val_Variance = 26.1565	sd = 5.1143	max = 15	min = 0
[20181022_083033 / lib_ip.py:4204] len(Hs) = 8100, len(Ss) = 8100, len(Vs) = 8100
[20181022_083033 / lib_ip.py:4248] black : variance --> out of range (variance = 26.157 / upper = 0.000 / lower = 0.000)
[20181022_083033 / lib_ip.py:4398] file : img.20181022_083030.2018-10-21_09-08-29_000.png.3.png 2 (black : variance --> out of range (variance = 26.157 / upper = 0.000 / lower = 0.000))
[20181022_083033 / lib_ip.py:2273] inspecting ===> img.20181022_083030.2018-10-21_09-08-29_000.png.4.png
[20181022_083034 / lib_ip.py:4330] 
img.20181022_083030.2018-10-21_09-08-29_000.png.4.png 3
[20181022_083034 / lib_ip.py:3794] file = img.20181022_083030.2018-10-21_09-08-29_000.png.4.png / val_Average = 22.5438	val_Variance = 48.1049	sd = 6.9358	max = 30	min = 0
[20181022_083034 / lib_ip.py:3877] len(Hs) = 8100, len(Ss) = 8100, len(Vs) = 8100
[20181022_083034 / lib_ip.py:3910] yellow : variance --> out of range (variance = 48.105 / upper = 0.650 / lower = 0.000)
[20181022_083034 / lib_ip.py:3794] file = img.20181022_083030.2018-10-21_09-08-29_000.png.4.png / val_Average = 22.5438	val_Variance = 48.1049	sd = 6.9358	max = 30	min = 0
[20181022_083034 / lib_ip.py:3977] len(Hs) = 8100, len(Ss) = 8100, len(Vs) = 8100
[20181022_083034 / lib_ip.py:4023] red : variance --> out of range (variance = 48.105 / upper = 0.430 / lower = 0.000)
[20181022_083034 / lib_ip.py:3794] file = img.20181022_083030.2018-10-21_09-08-29_000.png.4.png / val_Average = 22.5438	val_Variance = 48.1049	sd = 6.9358	max = 30	min = 0
[20181022_083034 / lib_ip.py:4090] len(Hs) = 8100, len(Ss) = 8100, len(Vs) = 8100
[20181022_083034 / lib_ip.py:4137] green : variance --> out of range (variance = 48.105 / upper = 0.750 / lower = 0.000)
[20181022_083034 / lib_ip.py:3794] file = img.20181022_083030.2018-10-21_09-08-29_000.png.4.png / val_Average = 22.5438	val_Variance = 48.1049	sd = 6.9358	max = 30	min = 0
[20181022_083034 / lib_ip.py:4204] len(Hs) = 8100, len(Ss) = 8100, len(Vs) = 8100
[20181022_083034 / lib_ip.py:4248] black : variance --> out of range (variance = 48.105 / upper = 0.000 / lower = 0.000)
[20181022_083034 / lib_ip.py:4398] file : img.20181022_083030.2018-10-21_09-08-29_000.png.4.png 3 (black : variance --> out of range (variance = 48.105 / upper = 0.000 / lower = 0.000))
[20181022_083033 / lib_ip.py:2273] inspecting ===> img.20181022_083030.2018-10-21_09-08-29_000.png.4.png
img.20181022_083030.2018-10-21_09-08-29_000.png.1.png => other
img.20181022_083030.2018-10-21_09-08-29_000.png.2.png => other
img.20181022_083030.2018-10-21_09-08-29_000.png.3.png => other
img.20181022_083030.2018-10-21_09-08-29_000.png.4.png => other
[20181022_083034 lib_ip.py:3300] =============== Get 4 corners
dpath_Images = C:\WORKS_2\WS\WS_Others.Art\JVEMV6\46_art\VIRTUAL\Admin_Projects\ip\images
fname_Image = img.20181022_083030.2018-10-21_09-08-29_000.png.4.png

[20181022_083035 / lib_ip.py:2273] inspecting ===> img.20181022_083035.2018-10-21_09-30-56_000.jpg.1.png
[20181022_083035 / lib_ip.py:4330] 
img.20181022_083035.2018-10-21_09-30-56_000.jpg.1.png 0
[20181022_083035 / lib_ip.py:3794] file = img.20181022_083035.2018-10-21_09-30-56_000.jpg.1.png / val_Average = 92.9546	val_Variance = 0.0683	sd = 0.2614	max = 94	min = 91
[20181022_083035 / lib_ip.py:3877] len(Hs) = 8100, len(Ss) = 8100, len(Vs) = 8100
[20181022_083035 / lib_ip.py:2273] inspecting ===> img.20181022_083035.2018-10-21_09-30-56_000.jpg.2.png
[20181022_083036 / lib_ip.py:4330] 
img.20181022_083035.2018-10-21_09-30-56_000.jpg.2.png 1
[20181022_083036 / lib_ip.py:3794] file = img.20181022_083035.2018-10-21_09-30-56_000.jpg.2.png / val_Average = 86.5222	val_Variance = 300.9051	sd = 17.3466	max = 90	min = 0
[20181022_083036 / lib_ip.py:3877] len(Hs) = 8100, len(Ss) = 8100, len(Vs) = 8100
[20181022_083036 / lib_ip.py:3910] yellow : variance --> out of range (variance = 300.905 / upper = 0.650 / lower = 0.000)
[20181022_083036 / lib_ip.py:3794] file = img.20181022_083035.2018-10-21_09-30-56_000.jpg.2.png / val_Average = 86.5222	val_Variance = 300.9051	sd = 17.3466	max = 90	min = 0
[20181022_083036 / lib_ip.py:3977] len(Hs) = 8100, len(Ss) = 8100, len(Vs) = 8100
[20181022_083036 / lib_ip.py:4023] red : variance --> out of range (variance = 300.905 / upper = 0.430 / lower = 0.000)
[20181022_083036 / lib_ip.py:3794] file = img.20181022_083035.2018-10-21_09-30-56_000.jpg.2.png / val_Average = 86.5222	val_Variance = 300.9051	sd = 17.3466	max = 90	min = 0
[20181022_083036 / lib_ip.py:4090] len(Hs) = 8100, len(Ss) = 8100, len(Vs) = 8100
[20181022_083036 / lib_ip.py:4137] green : variance --> out of range (variance = 300.905 / upper = 0.750 / lower = 0.000)
[20181022_083036 / lib_ip.py:3794] file = img.20181022_083035.2018-10-21_09-30-56_000.jpg.2.png / val_Average = 86.5222	val_Variance = 300.9051	sd = 17.3466	max = 90	min = 0
[20181022_083036 / lib_ip.py:4204] len(Hs) = 8100, len(Ss) = 8100, len(Vs) = 8100
[20181022_083036 / lib_ip.py:4248] black : variance --> out of range (variance = 300.905 / upper = 0.000 / lower = 0.000)
[20181022_083036 / lib_ip.py:4398] file : img.20181022_083035.2018-10-21_09-30-56_000.jpg.2.png 1 (black : variance --> out of range (variance = 300.905 / upper = 0.000 / lower = 0.000))
[20181022_083036 / lib_ip.py:2273] inspecting ===> img.20181022_083035.2018-10-21_09-30-56_000.jpg.3.png
[20181022_083036 / lib_ip.py:4330] 
img.20181022_083035.2018-10-21_09-30-56_000.jpg.3.png 2
[20181022_083037 / lib_ip.py:3794] file = img.20181022_083035.2018-10-21_09-30-56_000.jpg.3.png / val_Average = 101.1078	val_Variance = 30.0937	sd = 5.4858	max = 114	min = 84
[20181022_083037 / lib_ip.py:3877] len(Hs) = 8100, len(Ss) = 8100, len(Vs) = 8100
[20181022_083037 / lib_ip.py:3910] yellow : variance --> out of range (variance = 30.094 / upper = 0.650 / lower = 0.000)
[20181022_083037 / lib_ip.py:3794] file = img.20181022_083035.2018-10-21_09-30-56_000.jpg.3.png / val_Average = 101.1078	val_Variance = 30.0937	sd = 5.4858	max = 114	min = 84
[20181022_083037 / lib_ip.py:3977] len(Hs) = 8100, len(Ss) = 8100, len(Vs) = 8100
[20181022_083037 / lib_ip.py:4023] red : variance --> out of range (variance = 30.094 / upper = 0.430 / lower = 0.000)
[20181022_083037 / lib_ip.py:3794] file = img.20181022_083035.2018-10-21_09-30-56_000.jpg.3.png / val_Average = 101.1078	val_Variance = 30.0937	sd = 5.4858	max = 114	min = 84
[20181022_083037 / lib_ip.py:4090] len(Hs) = 8100, len(Ss) = 8100, len(Vs) = 8100
[20181022_083037 / lib_ip.py:4137] green : variance --> out of range (variance = 30.094 / upper = 0.750 / lower = 0.000)
[20181022_083037 / lib_ip.py:3794] file = img.20181022_083035.2018-10-21_09-30-56_000.jpg.3.png / val_Average = 101.1078	val_Variance = 30.0937	sd = 5.4858	max = 114	min = 84
[20181022_083037 / lib_ip.py:4204] len(Hs) = 8100, len(Ss) = 8100, len(Vs) = 8100
[20181022_083037 / lib_ip.py:4248] black : variance --> out of range (variance = 30.094 / upper = 0.000 / lower = 0.000)
[20181022_083037 / lib_ip.py:4398] file : img.20181022_083035.2018-10-21_09-30-56_000.jpg.3.png 2 (black : variance --> out of range (variance = 30.094 / upper = 0.000 / lower = 0.000))
[20181022_083037 / lib_ip.py:2273] inspecting ===> img.20181022_083035.2018-10-21_09-30-56_000.jpg.4.png
[20181022_083037 / lib_ip.py:4330] 
img.20181022_083035.2018-10-21_09-30-56_000.jpg.4.png 3
[20181022_083038 / lib_ip.py:3794] file = img.20181022_083035.2018-10-21_09-30-56_000.jpg.4.png / val_Average = 108.3701	val_Variance = 10.7178	sd = 3.2738	max = 140	min = 101
[20181022_083038 / lib_ip.py:3877] len(Hs) = 8100, len(Ss) = 8100, len(Vs) = 8100
[20181022_083038 / lib_ip.py:3910] yellow : variance --> out of range (variance = 10.718 / upper = 0.650 / lower = 0.000)
[20181022_083038 / lib_ip.py:3794] file = img.20181022_083035.2018-10-21_09-30-56_000.jpg.4.png / val_Average = 108.3701	val_Variance = 10.7178	sd = 3.2738	max = 140	min = 101
[20181022_083038 / lib_ip.py:3977] len(Hs) = 8100, len(Ss) = 8100, len(Vs) = 8100
[20181022_083038 / lib_ip.py:4023] red : variance --> out of range (variance = 10.718 / upper = 0.430 / lower = 0.000)
[20181022_083038 / lib_ip.py:3794] file = img.20181022_083035.2018-10-21_09-30-56_000.jpg.4.png / val_Average = 108.3701	val_Variance = 10.7178	sd = 3.2738	max = 140	min = 101
[20181022_083038 / lib_ip.py:4090] len(Hs) = 8100, len(Ss) = 8100, len(Vs) = 8100
[20181022_083038 / lib_ip.py:4137] green : variance --> out of range (variance = 10.718 / upper = 0.750 / lower = 0.000)
[20181022_083038 / lib_ip.py:3794] file = img.20181022_083035.2018-10-21_09-30-56_000.jpg.4.png / val_Average = 108.3701	val_Variance = 10.7178	sd = 3.2738	max = 140	min = 101
[20181022_083038 / lib_ip.py:4204] len(Hs) = 8100, len(Ss) = 8100, len(Vs) = 8100
[20181022_083038 / lib_ip.py:4248] black : variance --> out of range (variance = 10.718 / upper = 0.000 / lower = 0.000)
[20181022_083038 / lib_ip.py:4398] file : img.20181022_083035.2018-10-21_09-30-56_000.jpg.4.png 3 (black : variance --> out of range (variance = 10.718 / upper = 0.000 / lower = 0.000))
[20181022_083037 / lib_ip.py:2273] inspecting ===> img.20181022_083035.2018-10-21_09-30-56_000.jpg.4.png
img.20181022_083035.2018-10-21_09-30-56_000.jpg.1.png => other
img.20181022_083035.2018-10-21_09-30-56_000.jpg.2.png => other
img.20181022_083035.2018-10-21_09-30-56_000.jpg.3.png => other
img.20181022_083035.2018-10-21_09-30-56_000.jpg.4.png => other
[20181022_083038 lib_ip.py:3300] =============== Get 4 corners
dpath_Images = C:\WORKS_2\WS\WS_Others.Art\JVEMV6\46_art\VIRTUAL\Admin_Projects\ip\images
fname_Image = img.20181022_083035.2018-10-21_09-30-56_000.jpg.4.png

[20181022_083039 / lib_ip.py:2273] inspecting ===> img.20181022_083038.2018-10-21_14-25-04_000.jpg.1.png
[20181022_083039 / lib_ip.py:4330] 
img.20181022_083038.2018-10-21_14-25-04_000.jpg.1.png 0
[20181022_083039 / lib_ip.py:3794] file = img.20181022_083038.2018-10-21_14-25-04_000.jpg.1.png / val_Average = 84.2174	val_Variance = 101.8126	sd = 10.0902	max = 135	min = 0
[20181022_083039 / lib_ip.py:3877] len(Hs) = 8100, len(Ss) = 8100, len(Vs) = 8100
[20181022_083039 / lib_ip.py:3910] yellow : variance --> out of range (variance = 101.813 / upper = 0.650 / lower = 0.000)
[20181022_083039 / lib_ip.py:3794] file = img.20181022_083038.2018-10-21_14-25-04_000.jpg.1.png / val_Average = 84.2174	val_Variance = 101.8126	sd = 10.0902	max = 135	min = 0
[20181022_083039 / lib_ip.py:3977] len(Hs) = 8100, len(Ss) = 8100, len(Vs) = 8100
[20181022_083039 / lib_ip.py:4023] red : variance --> out of range (variance = 101.813 / upper = 0.430 / lower = 0.000)
[20181022_083039 / lib_ip.py:3794] file = img.20181022_083038.2018-10-21_14-25-04_000.jpg.1.png / val_Average = 84.2174	val_Variance = 101.8126	sd = 10.0902	max = 135	min = 0
[20181022_083039 / lib_ip.py:4090] len(Hs) = 8100, len(Ss) = 8100, len(Vs) = 8100
[20181022_083039 / lib_ip.py:4137] green : variance --> out of range (variance = 101.813 / upper = 0.750 / lower = 0.000)
[20181022_083040 / lib_ip.py:3794] file = img.20181022_083038.2018-10-21_14-25-04_000.jpg.1.png / val_Average = 84.2174	val_Variance = 101.8126	sd = 10.0902	max = 135	min = 0
[20181022_083040 / lib_ip.py:4204] len(Hs) = 8100, len(Ss) = 8100, len(Vs) = 8100
[20181022_083040 / lib_ip.py:4248] black : variance --> out of range (variance = 101.813 / upper = 0.000 / lower = 0.000)
[20181022_083040 / lib_ip.py:4398] file : img.20181022_083038.2018-10-21_14-25-04_000.jpg.1.png 0 (black : variance --> out of range (variance = 101.813 / upper = 0.000 / lower = 0.000))
[20181022_083040 / lib_ip.py:2273] inspecting ===> img.20181022_083038.2018-10-21_14-25-04_000.jpg.2.png
[20181022_083040 / lib_ip.py:4330] 
img.20181022_083038.2018-10-21_14-25-04_000.jpg.2.png 1
[20181022_083040 / lib_ip.py:3794] file = img.20181022_083038.2018-10-21_14-25-04_000.jpg.2.png / val_Average = 105.3409	val_Variance = 5.2079	sd = 2.2821	max = 115	min = 98
[20181022_083040 / lib_ip.py:3877] len(Hs) = 8100, len(Ss) = 8100, len(Vs) = 8100
[20181022_083040 / lib_ip.py:3910] yellow : variance --> out of range (variance = 5.208 / upper = 0.650 / lower = 0.000)
[20181022_083040 / lib_ip.py:3794] file = img.20181022_083038.2018-10-21_14-25-04_000.jpg.2.png / val_Average = 105.3409	val_Variance = 5.2079	sd = 2.2821	max = 115	min = 98
[20181022_083040 / lib_ip.py:3977] len(Hs) = 8100, len(Ss) = 8100, len(Vs) = 8100
[20181022_083040 / lib_ip.py:4023] red : variance --> out of range (variance = 5.208 / upper = 0.430 / lower = 0.000)
[20181022_083040 / lib_ip.py:3794] file = img.20181022_083038.2018-10-21_14-25-04_000.jpg.2.png / val_Average = 105.3409	val_Variance = 5.2079	sd = 2.2821	max = 115	min = 98
[20181022_083040 / lib_ip.py:4090] len(Hs) = 8100, len(Ss) = 8100, len(Vs) = 8100
[20181022_083040 / lib_ip.py:4137] green : variance --> out of range (variance = 5.208 / upper = 0.750 / lower = 0.000)
[20181022_083040 / lib_ip.py:3794] file = img.20181022_083038.2018-10-21_14-25-04_000.jpg.2.png / val_Average = 105.3409	val_Variance = 5.2079	sd = 2.2821	max = 115	min = 98
[20181022_083040 / lib_ip.py:4204] len(Hs) = 8100, len(Ss) = 8100, len(Vs) = 8100
[20181022_083040 / lib_ip.py:4248] black : variance --> out of range (variance = 5.208 / upper = 0.000 / lower = 0.000)
[20181022_083040 / lib_ip.py:4398] file : img.20181022_083038.2018-10-21_14-25-04_000.jpg.2.png 1 (black : variance --> out of range (variance = 5.208 / upper = 0.000 / lower = 0.000))
[20181022_083040 / lib_ip.py:2273] inspecting ===> img.20181022_083038.2018-10-21_14-25-04_000.jpg.3.png
[20181022_083041 / lib_ip.py:4330] 
img.20181022_083038.2018-10-21_14-25-04_000.jpg.3.png 2
[20181022_083041 / lib_ip.py:3794] file = img.20181022_083038.2018-10-21_14-25-04_000.jpg.3.png / val_Average = 119.3546	val_Variance = 0.2407	sd = 0.4906	max = 120	min = 118
[20181022_083041 / lib_ip.py:3877] len(Hs) = 8100, len(Ss) = 8100, len(Vs) = 8100
[20181022_083041 / lib_ip.py:3932] yellow : average --> out of range (average = 119.355 / upper = 99.200 / lower = 88.000)
[20181022_083041 / lib_ip.py:3794] file = img.20181022_083038.2018-10-21_14-25-04_000.jpg.3.png / val_Average = 119.3546	val_Variance = 0.2407	sd = 0.4906	max = 120	min = 118
[20181022_083041 / lib_ip.py:3977] len(Hs) = 8100, len(Ss) = 8100, len(Vs) = 8100
[20181022_083041 / lib_ip.py:2273] inspecting ===> img.20181022_083038.2018-10-21_14-25-04_000.jpg.4.png
[20181022_083041 / lib_ip.py:4330] 
img.20181022_083038.2018-10-21_14-25-04_000.jpg.4.png 3
[20181022_083041 / lib_ip.py:3794] file = img.20181022_083038.2018-10-21_14-25-04_000.jpg.4.png / val_Average = 76.3998	val_Variance = 0.3604	sd = 0.6004	max = 78	min = 74
[20181022_083041 / lib_ip.py:3877] len(Hs) = 8100, len(Ss) = 8100, len(Vs) = 8100
[20181022_083042 / lib_ip.py:3932] yellow : average --> out of range (average = 76.400 / upper = 99.200 / lower = 88.000)
[20181022_083042 / lib_ip.py:3794] file = img.20181022_083038.2018-10-21_14-25-04_000.jpg.4.png / val_Average = 76.3998	val_Variance = 0.3604	sd = 0.6004	max = 78	min = 74
[20181022_083042 / lib_ip.py:3977] len(Hs) = 8100, len(Ss) = 8100, len(Vs) = 8100
[20181022_083042 / lib_ip.py:4048] red : average --> out of range (average = 76.400 / upper = 124.000 / lower = 115.000)
[20181022_083042 / lib_ip.py:3794] file = img.20181022_083038.2018-10-21_14-25-04_000.jpg.4.png / val_Average = 76.3998	val_Variance = 0.3604	sd = 0.6004	max = 78	min = 74
[20181022_083042 / lib_ip.py:4090] len(Hs) = 8100, len(Ss) = 8100, len(Vs) = 8100
[20181022_083041 / lib_ip.py:2273] inspecting ===> img.20181022_083038.2018-10-21_14-25-04_000.jpg.4.png
img.20181022_083038.2018-10-21_14-25-04_000.jpg.1.png => other
img.20181022_083038.2018-10-21_14-25-04_000.jpg.2.png => other
img.20181022_083038.2018-10-21_14-25-04_000.jpg.3.png => other
img.20181022_083038.2018-10-21_14-25-04_000.jpg.4.png => other
[20181022_083042 lib_ip.py:3300] =============== Get 4 corners
dpath_Images = C:\WORKS_2\WS\WS_Others.Art\JVEMV6\46_art\VIRTUAL\Admin_Projects\ip\images
fname_Image = img.20181022_083038.2018-10-21_14-25-04_000.jpg.4.png

[20181022_083042 / lib_ip.py:2273] inspecting ===> img.20181022_083042.2018-10-21_14-26-00_000.jpg.1.png
[20181022_083043 / lib_ip.py:4330] 
img.20181022_083042.2018-10-21_14-26-00_000.jpg.1.png 0
[20181022_083043 / lib_ip.py:3794] file = img.20181022_083042.2018-10-21_14-26-00_000.jpg.1.png / val_Average = 120.9438	val_Variance = 0.0760	sd = 0.2756	max = 122	min = 120
[20181022_083043 / lib_ip.py:3877] len(Hs) = 8100, len(Ss) = 8100, len(Vs) = 8100
[20181022_083043 / lib_ip.py:3932] yellow : average --> out of range (average = 120.944 / upper = 99.200 / lower = 88.000)
[20181022_083043 / lib_ip.py:3794] file = img.20181022_083042.2018-10-21_14-26-00_000.jpg.1.png / val_Average = 120.9438	val_Variance = 0.0760	sd = 0.2756	max = 122	min = 120
[20181022_083043 / lib_ip.py:3977] len(Hs) = 8100, len(Ss) = 8100, len(Vs) = 8100
[20181022_083043 / lib_ip.py:2273] inspecting ===> img.20181022_083042.2018-10-21_14-26-00_000.jpg.2.png
[20181022_083043 / lib_ip.py:4330] 
img.20181022_083042.2018-10-21_14-26-00_000.jpg.2.png 1
[20181022_083043 / lib_ip.py:3794] file = img.20181022_083042.2018-10-21_14-26-00_000.jpg.2.png / val_Average = 39.3362	val_Variance = 2256.9427	sd = 47.5073	max = 135	min = 0
[20181022_083043 / lib_ip.py:3877] len(Hs) = 8100, len(Ss) = 8100, len(Vs) = 8100
[20181022_083043 / lib_ip.py:3910] yellow : variance --> out of range (variance = 2256.943 / upper = 0.650 / lower = 0.000)
[20181022_083043 / lib_ip.py:3794] file = img.20181022_083042.2018-10-21_14-26-00_000.jpg.2.png / val_Average = 39.3362	val_Variance = 2256.9427	sd = 47.5073	max = 135	min = 0
[20181022_083043 / lib_ip.py:3977] len(Hs) = 8100, len(Ss) = 8100, len(Vs) = 8100
[20181022_083043 / lib_ip.py:4023] red : variance --> out of range (variance = 2256.943 / upper = 0.430 / lower = 0.000)
[20181022_083044 / lib_ip.py:3794] file = img.20181022_083042.2018-10-21_14-26-00_000.jpg.2.png / val_Average = 39.3362	val_Variance = 2256.9427	sd = 47.5073	max = 135	min = 0
[20181022_083044 / lib_ip.py:4090] len(Hs) = 8100, len(Ss) = 8100, len(Vs) = 8100
[20181022_083044 / lib_ip.py:4137] green : variance --> out of range (variance = 2256.943 / upper = 0.750 / lower = 0.000)
[20181022_083044 / lib_ip.py:3794] file = img.20181022_083042.2018-10-21_14-26-00_000.jpg.2.png / val_Average = 39.3362	val_Variance = 2256.9427	sd = 47.5073	max = 135	min = 0
[20181022_083044 / lib_ip.py:4204] len(Hs) = 8100, len(Ss) = 8100, len(Vs) = 8100
[20181022_083044 / lib_ip.py:4248] black : variance --> out of range (variance = 2256.943 / upper = 0.000 / lower = 0.000)
[20181022_083044 / lib_ip.py:4398] file : img.20181022_083042.2018-10-21_14-26-00_000.jpg.2.png 1 (black : variance --> out of range (variance = 2256.943 / upper = 0.000 / lower = 0.000))
[20181022_083044 / lib_ip.py:2273] inspecting ===> img.20181022_083042.2018-10-21_14-26-00_000.jpg.3.png
[20181022_083044 / lib_ip.py:4330] 
img.20181022_083042.2018-10-21_14-26-00_000.jpg.3.png 2
[20181022_083044 / lib_ip.py:3794] file = img.20181022_083042.2018-10-21_14-26-00_000.jpg.3.png / val_Average = 74.3902	val_Variance = 0.2486	sd = 0.4986	max = 75	min = 73
[20181022_083044 / lib_ip.py:3877] len(Hs) = 8100, len(Ss) = 8100, len(Vs) = 8100
[20181022_083044 / lib_ip.py:3932] yellow : average --> out of range (average = 74.390 / upper = 99.200 / lower = 88.000)
[20181022_083044 / lib_ip.py:3794] file = img.20181022_083042.2018-10-21_14-26-00_000.jpg.3.png / val_Average = 74.3902	val_Variance = 0.2486	sd = 0.4986	max = 75	min = 73
[20181022_083044 / lib_ip.py:3977] len(Hs) = 8100, len(Ss) = 8100, len(Vs) = 8100
[20181022_083045 / lib_ip.py:4048] red : average --> out of range (average = 74.390 / upper = 124.000 / lower = 115.000)
[20181022_083045 / lib_ip.py:3794] file = img.20181022_083042.2018-10-21_14-26-00_000.jpg.3.png / val_Average = 74.3902	val_Variance = 0.2486	sd = 0.4986	max = 75	min = 73
[20181022_083045 / lib_ip.py:4090] len(Hs) = 8100, len(Ss) = 8100, len(Vs) = 8100
[20181022_083045 / lib_ip.py:2273] inspecting ===> img.20181022_083042.2018-10-21_14-26-00_000.jpg.4.png
[20181022_083045 / lib_ip.py:4330] 
img.20181022_083042.2018-10-21_14-26-00_000.jpg.4.png 3
[20181022_083045 / lib_ip.py:3794] file = img.20181022_083042.2018-10-21_14-26-00_000.jpg.4.png / val_Average = 95.8662	val_Variance = 8.2404	sd = 2.8706	max = 104	min = 88
[20181022_083045 / lib_ip.py:3877] len(Hs) = 8100, len(Ss) = 8100, len(Vs) = 8100
[20181022_083045 / lib_ip.py:3910] yellow : variance --> out of range (variance = 8.240 / upper = 0.650 / lower = 0.000)
[20181022_083045 / lib_ip.py:3794] file = img.20181022_083042.2018-10-21_14-26-00_000.jpg.4.png / val_Average = 95.8662	val_Variance = 8.2404	sd = 2.8706	max = 104	min = 88
[20181022_083045 / lib_ip.py:3977] len(Hs) = 8100, len(Ss) = 8100, len(Vs) = 8100
[20181022_083045 / lib_ip.py:4023] red : variance --> out of range (variance = 8.240 / upper = 0.430 / lower = 0.000)
[20181022_083045 / lib_ip.py:3794] file = img.20181022_083042.2018-10-21_14-26-00_000.jpg.4.png / val_Average = 95.8662	val_Variance = 8.2404	sd = 2.8706	max = 104	min = 88
[20181022_083045 / lib_ip.py:4090] len(Hs) = 8100, len(Ss) = 8100, len(Vs) = 8100
[20181022_083045 / lib_ip.py:4137] green : variance --> out of range (variance = 8.240 / upper = 0.750 / lower = 0.000)
[20181022_083045 / lib_ip.py:3794] file = img.20181022_083042.2018-10-21_14-26-00_000.jpg.4.png / val_Average = 95.8662	val_Variance = 8.2404	sd = 2.8706	max = 104	min = 88
[20181022_083045 / lib_ip.py:4204] len(Hs) = 8100, len(Ss) = 8100, len(Vs) = 8100
[20181022_083046 / lib_ip.py:4248] black : variance --> out of range (variance = 8.240 / upper = 0.000 / lower = 0.000)
[20181022_083046 / lib_ip.py:4398] file : img.20181022_083042.2018-10-21_14-26-00_000.jpg.4.png 3 (black : variance --> out of range (variance = 8.240 / upper = 0.000 / lower = 0.000))
[20181022_083045 / lib_ip.py:2273] inspecting ===> img.20181022_083042.2018-10-21_14-26-00_000.jpg.4.png
img.20181022_083042.2018-10-21_14-26-00_000.jpg.1.png => other
img.20181022_083042.2018-10-21_14-26-00_000.jpg.2.png => other
img.20181022_083042.2018-10-21_14-26-00_000.jpg.3.png => other
img.20181022_083042.2018-10-21_14-26-00_000.jpg.4.png => other
[20181022_083046 lib_ip.py:3300] =============== Get 4 corners
dpath_Images = C:\WORKS_2\WS\WS_Others.Art\JVEMV6\46_art\VIRTUAL\Admin_Projects\ip\images
fname_Image = img.20181022_083042.2018-10-21_14-26-00_000.jpg.4.png

[20181022_083046 / lib_ip.py:2273] inspecting ===> img.20181022_083046.2018-10-21_20-01-55_000.jpg.1.png
[20181022_083047 / lib_ip.py:4330] 
img.20181022_083046.2018-10-21_20-01-55_000.jpg.1.png 0
[20181022_083047 / lib_ip.py:3794] file = img.20181022_083046.2018-10-21_20-01-55_000.jpg.1.png / val_Average = 50.5663	val_Variance = 2408.7575	sd = 49.0791	max = 160	min = 0
[20181022_083047 / lib_ip.py:3877] len(Hs) = 8100, len(Ss) = 8100, len(Vs) = 8100
[20181022_083047 / lib_ip.py:3910] yellow : variance --> out of range (variance = 2408.757 / upper = 0.650 / lower = 0.000)
[20181022_083047 / lib_ip.py:3794] file = img.20181022_083046.2018-10-21_20-01-55_000.jpg.1.png / val_Average = 50.5663	val_Variance = 2408.7575	sd = 49.0791	max = 160	min = 0
[20181022_083047 / lib_ip.py:3977] len(Hs) = 8100, len(Ss) = 8100, len(Vs) = 8100
[20181022_083047 / lib_ip.py:4023] red : variance --> out of range (variance = 2408.757 / upper = 0.430 / lower = 0.000)
[20181022_083047 / lib_ip.py:3794] file = img.20181022_083046.2018-10-21_20-01-55_000.jpg.1.png / val_Average = 50.5663	val_Variance = 2408.7575	sd = 49.0791	max = 160	min = 0
[20181022_083047 / lib_ip.py:4090] len(Hs) = 8100, len(Ss) = 8100, len(Vs) = 8100
[20181022_083047 / lib_ip.py:4137] green : variance --> out of range (variance = 2408.757 / upper = 0.750 / lower = 0.000)
[20181022_083047 / lib_ip.py:3794] file = img.20181022_083046.2018-10-21_20-01-55_000.jpg.1.png / val_Average = 50.5663	val_Variance = 2408.7575	sd = 49.0791	max = 160	min = 0
[20181022_083047 / lib_ip.py:4204] len(Hs) = 8100, len(Ss) = 8100, len(Vs) = 8100
[20181022_083047 / lib_ip.py:4248] black : variance --> out of range (variance = 2408.757 / upper = 0.000 / lower = 0.000)
[20181022_083047 / lib_ip.py:4398] file : img.20181022_083046.2018-10-21_20-01-55_000.jpg.1.png 0 (black : variance --> out of range (variance = 2408.757 / upper = 0.000 / lower = 0.000))
[20181022_083047 / lib_ip.py:2273] inspecting ===> img.20181022_083046.2018-10-21_20-01-55_000.jpg.2.png
[20181022_083047 / lib_ip.py:4330] 
img.20181022_083046.2018-10-21_20-01-55_000.jpg.2.png 1
[20181022_083047 / lib_ip.py:3794] file = img.20181022_083046.2018-10-21_20-01-55_000.jpg.2.png / val_Average = 93.8904	val_Variance = 0.0991	sd = 0.3148	max = 94	min = 92
[20181022_083047 / lib_ip.py:3877] len(Hs) = 8100, len(Ss) = 8100, len(Vs) = 8100
[20181022_083048 / lib_ip.py:2273] inspecting ===> img.20181022_083046.2018-10-21_20-01-55_000.jpg.3.png
[20181022_083048 / lib_ip.py:4330] 
img.20181022_083046.2018-10-21_20-01-55_000.jpg.3.png 2
[20181022_083048 / lib_ip.py:3794] file = img.20181022_083046.2018-10-21_20-01-55_000.jpg.3.png / val_Average = 52.3874	val_Variance = 1813.4116	sd = 42.5842	max = 135	min = 0
[20181022_083048 / lib_ip.py:3877] len(Hs) = 8100, len(Ss) = 8100, len(Vs) = 8100
[20181022_083048 / lib_ip.py:3910] yellow : variance --> out of range (variance = 1813.412 / upper = 0.650 / lower = 0.000)
[20181022_083048 / lib_ip.py:3794] file = img.20181022_083046.2018-10-21_20-01-55_000.jpg.3.png / val_Average = 52.3874	val_Variance = 1813.4116	sd = 42.5842	max = 135	min = 0
[20181022_083048 / lib_ip.py:3977] len(Hs) = 8100, len(Ss) = 8100, len(Vs) = 8100
[20181022_083048 / lib_ip.py:4023] red : variance --> out of range (variance = 1813.412 / upper = 0.430 / lower = 0.000)
[20181022_083048 / lib_ip.py:3794] file = img.20181022_083046.2018-10-21_20-01-55_000.jpg.3.png / val_Average = 52.3874	val_Variance = 1813.4116	sd = 42.5842	max = 135	min = 0
[20181022_083048 / lib_ip.py:4090] len(Hs) = 8100, len(Ss) = 8100, len(Vs) = 8100
[20181022_083049 / lib_ip.py:4137] green : variance --> out of range (variance = 1813.412 / upper = 0.750 / lower = 0.000)
[20181022_083049 / lib_ip.py:3794] file = img.20181022_083046.2018-10-21_20-01-55_000.jpg.3.png / val_Average = 52.3874	val_Variance = 1813.4116	sd = 42.5842	max = 135	min = 0
[20181022_083049 / lib_ip.py:4204] len(Hs) = 8100, len(Ss) = 8100, len(Vs) = 8100
[20181022_083049 / lib_ip.py:4248] black : variance --> out of range (variance = 1813.412 / upper = 0.000 / lower = 0.000)
[20181022_083049 / lib_ip.py:4398] file : img.20181022_083046.2018-10-21_20-01-55_000.jpg.3.png 2 (black : variance --> out of range (variance = 1813.412 / upper = 0.000 / lower = 0.000))
[20181022_083049 / lib_ip.py:2273] inspecting ===> img.20181022_083046.2018-10-21_20-01-55_000.jpg.4.png
[20181022_083049 / lib_ip.py:4330] 
img.20181022_083046.2018-10-21_20-01-55_000.jpg.4.png 3
[20181022_083049 / lib_ip.py:3794] file = img.20181022_083046.2018-10-21_20-01-55_000.jpg.4.png / val_Average = 54.9495	val_Variance = 1705.7376	sd = 41.3006	max = 135	min = 0
[20181022_083049 / lib_ip.py:3877] len(Hs) = 8100, len(Ss) = 8100, len(Vs) = 8100
[20181022_083049 / lib_ip.py:3910] yellow : variance --> out of range (variance = 1705.738 / upper = 0.650 / lower = 0.000)
[20181022_083049 / lib_ip.py:3794] file = img.20181022_083046.2018-10-21_20-01-55_000.jpg.4.png / val_Average = 54.9495	val_Variance = 1705.7376	sd = 41.3006	max = 135	min = 0
[20181022_083049 / lib_ip.py:3977] len(Hs) = 8100, len(Ss) = 8100, len(Vs) = 8100
[20181022_083049 / lib_ip.py:4023] red : variance --> out of range (variance = 1705.738 / upper = 0.430 / lower = 0.000)
[20181022_083049 / lib_ip.py:3794] file = img.20181022_083046.2018-10-21_20-01-55_000.jpg.4.png / val_Average = 54.9495	val_Variance = 1705.7376	sd = 41.3006	max = 135	min = 0
[20181022_083049 / lib_ip.py:4090] len(Hs) = 8100, len(Ss) = 8100, len(Vs) = 8100
[20181022_083049 / lib_ip.py:4137] green : variance --> out of range (variance = 1705.738 / upper = 0.750 / lower = 0.000)
[20181022_083049 / lib_ip.py:3794] file = img.20181022_083046.2018-10-21_20-01-55_000.jpg.4.png / val_Average = 54.9495	val_Variance = 1705.7376	sd = 41.3006	max = 135	min = 0
[20181022_083049 / lib_ip.py:4204] len(Hs) = 8100, len(Ss) = 8100, len(Vs) = 8100
[20181022_083050 / lib_ip.py:4248] black : variance --> out of range (variance = 1705.738 / upper = 0.000 / lower = 0.000)
[20181022_083050 / lib_ip.py:4398] file : img.20181022_083046.2018-10-21_20-01-55_000.jpg.4.png 3 (black : variance --> out of range (variance = 1705.738 / upper = 0.000 / lower = 0.000))
[20181022_083049 / lib_ip.py:2273] inspecting ===> img.20181022_083046.2018-10-21_20-01-55_000.jpg.4.png
img.20181022_083046.2018-10-21_20-01-55_000.jpg.1.png => other
img.20181022_083046.2018-10-21_20-01-55_000.jpg.2.png => other
img.20181022_083046.2018-10-21_20-01-55_000.jpg.3.png => other
img.20181022_083046.2018-10-21_20-01-55_000.jpg.4.png => other
[20181022_083050 lib_ip.py:3300] =============== Get 4 corners
dpath_Images = C:\WORKS_2\WS\WS_Others.Art\JVEMV6\46_art\VIRTUAL\Admin_Projects\ip\images
fname_Image = img.20181022_083046.2018-10-21_20-01-55_000.jpg.4.png

[20181022_083050 / lib_ip.py:2273] inspecting ===> img.20181022_083050.2018-10-21_22-25-21_000.jpg.1.png
[20181022_083050 / lib_ip.py:4330] 
img.20181022_083050.2018-10-21_22-25-21_000.jpg.1.png 0
[20181022_083050 / lib_ip.py:3794] file = img.20181022_083050.2018-10-21_22-25-21_000.jpg.1.png / val_Average = 38.2891	val_Variance = 34.5058	sd = 5.8742	max = 60	min = 17
[20181022_083051 / lib_ip.py:3877] len(Hs) = 8100, len(Ss) = 8100, len(Vs) = 8100
[20181022_083051 / lib_ip.py:3910] yellow : variance --> out of range (variance = 34.506 / upper = 0.650 / lower = 0.000)
[20181022_083051 / lib_ip.py:3794] file = img.20181022_083050.2018-10-21_22-25-21_000.jpg.1.png / val_Average = 38.2891	val_Variance = 34.5058	sd = 5.8742	max = 60	min = 17
[20181022_083051 / lib_ip.py:3977] len(Hs) = 8100, len(Ss) = 8100, len(Vs) = 8100
[20181022_083051 / lib_ip.py:4023] red : variance --> out of range (variance = 34.506 / upper = 0.430 / lower = 0.000)
[20181022_083051 / lib_ip.py:3794] file = img.20181022_083050.2018-10-21_22-25-21_000.jpg.1.png / val_Average = 38.2891	val_Variance = 34.5058	sd = 5.8742	max = 60	min = 17
[20181022_083051 / lib_ip.py:4090] len(Hs) = 8100, len(Ss) = 8100, len(Vs) = 8100
[20181022_083051 / lib_ip.py:4137] green : variance --> out of range (variance = 34.506 / upper = 0.750 / lower = 0.000)
[20181022_083051 / lib_ip.py:3794] file = img.20181022_083050.2018-10-21_22-25-21_000.jpg.1.png / val_Average = 38.2891	val_Variance = 34.5058	sd = 5.8742	max = 60	min = 17
[20181022_083051 / lib_ip.py:4204] len(Hs) = 8100, len(Ss) = 8100, len(Vs) = 8100
[20181022_083051 / lib_ip.py:4248] black : variance --> out of range (variance = 34.506 / upper = 0.000 / lower = 0.000)
[20181022_083051 / lib_ip.py:4398] file : img.20181022_083050.2018-10-21_22-25-21_000.jpg.1.png 0 (black : variance --> out of range (variance = 34.506 / upper = 0.000 / lower = 0.000))
[20181022_083051 / lib_ip.py:2273] inspecting ===> img.20181022_083050.2018-10-21_22-25-21_000.jpg.2.png
[20181022_083051 / lib_ip.py:4330] 
img.20181022_083050.2018-10-21_22-25-21_000.jpg.2.png 1
[20181022_083051 / lib_ip.py:3794] file = img.20181022_083050.2018-10-21_22-25-21_000.jpg.2.png / val_Average = 91.5844	val_Variance = 63.7162	sd = 7.9822	max = 135	min = 0
[20181022_083051 / lib_ip.py:3877] len(Hs) = 8100, len(Ss) = 8100, len(Vs) = 8100
[20181022_083052 / lib_ip.py:3910] yellow : variance --> out of range (variance = 63.716 / upper = 0.650 / lower = 0.000)
[20181022_083052 / lib_ip.py:3794] file = img.20181022_083050.2018-10-21_22-25-21_000.jpg.2.png / val_Average = 91.5844	val_Variance = 63.7162	sd = 7.9822	max = 135	min = 0
[20181022_083052 / lib_ip.py:3977] len(Hs) = 8100, len(Ss) = 8100, len(Vs) = 8100
[20181022_083052 / lib_ip.py:4023] red : variance --> out of range (variance = 63.716 / upper = 0.430 / lower = 0.000)
[20181022_083052 / lib_ip.py:3794] file = img.20181022_083050.2018-10-21_22-25-21_000.jpg.2.png / val_Average = 91.5844	val_Variance = 63.7162	sd = 7.9822	max = 135	min = 0
[20181022_083052 / lib_ip.py:4090] len(Hs) = 8100, len(Ss) = 8100, len(Vs) = 8100
[20181022_083052 / lib_ip.py:4137] green : variance --> out of range (variance = 63.716 / upper = 0.750 / lower = 0.000)
[20181022_083052 / lib_ip.py:3794] file = img.20181022_083050.2018-10-21_22-25-21_000.jpg.2.png / val_Average = 91.5844	val_Variance = 63.7162	sd = 7.9822	max = 135	min = 0
[20181022_083052 / lib_ip.py:4204] len(Hs) = 8100, len(Ss) = 8100, len(Vs) = 8100
[20181022_083052 / lib_ip.py:4248] black : variance --> out of range (variance = 63.716 / upper = 0.000 / lower = 0.000)
[20181022_083052 / lib_ip.py:4398] file : img.20181022_083050.2018-10-21_22-25-21_000.jpg.2.png 1 (black : variance --> out of range (variance = 63.716 / upper = 0.000 / lower = 0.000))
[20181022_083052 / lib_ip.py:2273] inspecting ===> img.20181022_083050.2018-10-21_22-25-21_000.jpg.3.png
[20181022_083052 / lib_ip.py:4330] 
img.20181022_083050.2018-10-21_22-25-21_000.jpg.3.png 2
[20181022_083052 / lib_ip.py:3794] file = img.20181022_083050.2018-10-21_22-25-21_000.jpg.3.png / val_Average = 75.2601	val_Variance = 1021.1465	sd = 31.9554	max = 135	min = 0
[20181022_083052 / lib_ip.py:3877] len(Hs) = 8100, len(Ss) = 8100, len(Vs) = 8100
[20181022_083052 / lib_ip.py:3910] yellow : variance --> out of range (variance = 1021.147 / upper = 0.650 / lower = 0.000)
[20181022_083052 / lib_ip.py:3794] file = img.20181022_083050.2018-10-21_22-25-21_000.jpg.3.png / val_Average = 75.2601	val_Variance = 1021.1465	sd = 31.9554	max = 135	min = 0
[20181022_083052 / lib_ip.py:3977] len(Hs) = 8100, len(Ss) = 8100, len(Vs) = 8100
[20181022_083052 / lib_ip.py:4023] red : variance --> out of range (variance = 1021.147 / upper = 0.430 / lower = 0.000)
[20181022_083053 / lib_ip.py:3794] file = img.20181022_083050.2018-10-21_22-25-21_000.jpg.3.png / val_Average = 75.2601	val_Variance = 1021.1465	sd = 31.9554	max = 135	min = 0
[20181022_083053 / lib_ip.py:4090] len(Hs) = 8100, len(Ss) = 8100, len(Vs) = 8100
[20181022_083053 / lib_ip.py:4137] green : variance --> out of range (variance = 1021.147 / upper = 0.750 / lower = 0.000)
[20181022_083053 / lib_ip.py:3794] file = img.20181022_083050.2018-10-21_22-25-21_000.jpg.3.png / val_Average = 75.2601	val_Variance = 1021.1465	sd = 31.9554	max = 135	min = 0
[20181022_083053 / lib_ip.py:4204] len(Hs) = 8100, len(Ss) = 8100, len(Vs) = 8100
[20181022_083053 / lib_ip.py:4248] black : variance --> out of range (variance = 1021.147 / upper = 0.000 / lower = 0.000)
[20181022_083053 / lib_ip.py:4398] file : img.20181022_083050.2018-10-21_22-25-21_000.jpg.3.png 2 (black : variance --> out of range (variance = 1021.147 / upper = 0.000 / lower = 0.000))
[20181022_083053 / lib_ip.py:2273] inspecting ===> img.20181022_083050.2018-10-21_22-25-21_000.jpg.4.png
[20181022_083053 / lib_ip.py:4330] 
img.20181022_083050.2018-10-21_22-25-21_000.jpg.4.png 3
[20181022_083053 / lib_ip.py:3794] file = img.20181022_083050.2018-10-21_22-25-21_000.jpg.4.png / val_Average = 106.3796	val_Variance = 1.2404	sd = 1.1138	max = 109	min = 104
[20181022_083053 / lib_ip.py:3877] len(Hs) = 8100, len(Ss) = 8100, len(Vs) = 8100
[20181022_083053 / lib_ip.py:3910] yellow : variance --> out of range (variance = 1.240 / upper = 0.650 / lower = 0.000)
[20181022_083053 / lib_ip.py:3794] file = img.20181022_083050.2018-10-21_22-25-21_000.jpg.4.png / val_Average = 106.3796	val_Variance = 1.2404	sd = 1.1138	max = 109	min = 104
[20181022_083053 / lib_ip.py:3977] len(Hs) = 8100, len(Ss) = 8100, len(Vs) = 8100
[20181022_083054 / lib_ip.py:4023] red : variance --> out of range (variance = 1.240 / upper = 0.430 / lower = 0.000)
[20181022_083054 / lib_ip.py:3794] file = img.20181022_083050.2018-10-21_22-25-21_000.jpg.4.png / val_Average = 106.3796	val_Variance = 1.2404	sd = 1.1138	max = 109	min = 104
[20181022_083054 / lib_ip.py:4090] len(Hs) = 8100, len(Ss) = 8100, len(Vs) = 8100
[20181022_083054 / lib_ip.py:4137] green : variance --> out of range (variance = 1.240 / upper = 0.750 / lower = 0.000)
[20181022_083054 / lib_ip.py:3794] file = img.20181022_083050.2018-10-21_22-25-21_000.jpg.4.png / val_Average = 106.3796	val_Variance = 1.2404	sd = 1.1138	max = 109	min = 104
[20181022_083054 / lib_ip.py:4204] len(Hs) = 8100, len(Ss) = 8100, len(Vs) = 8100
[20181022_083054 / lib_ip.py:4248] black : variance --> out of range (variance = 1.240 / upper = 0.000 / lower = 0.000)
[20181022_083054 / lib_ip.py:4398] file : img.20181022_083050.2018-10-21_22-25-21_000.jpg.4.png 3 (black : variance --> out of range (variance = 1.240 / upper = 0.000 / lower = 0.000))
[20181022_083053 / lib_ip.py:2273] inspecting ===> img.20181022_083050.2018-10-21_22-25-21_000.jpg.4.png
img.20181022_083050.2018-10-21_22-25-21_000.jpg.1.png => other
img.20181022_083050.2018-10-21_22-25-21_000.jpg.2.png => other
img.20181022_083050.2018-10-21_22-25-21_000.jpg.3.png => other
img.20181022_083050.2018-10-21_22-25-21_000.jpg.4.png => other
[20181022_083054 lib_ip.py:3300] =============== Get 4 corners
dpath_Images = C:\WORKS_2\WS\WS_Others.Art\JVEMV6\46_art\VIRTUAL\Admin_Projects\ip\images
fname_Image = img.20181022_083050.2018-10-21_22-25-21_000.jpg.4.png

[20181022_083054 / lib_ip.py:2273] inspecting ===> img.20181022_083054.2018-10-21_23-05-18_000.png.1.png
[20181022_083054 / lib_ip.py:4330] 
img.20181022_083054.2018-10-21_23-05-18_000.png.1.png 0
[20181022_083054 / lib_ip.py:3794] file = img.20181022_083054.2018-10-21_23-05-18_000.png.1.png / val_Average = 0.0000	val_Variance = 0.0000	sd = 0.0000	max = 0	min = 0
[20181022_083054 / lib_ip.py:3877] len(Hs) = 8100, len(Ss) = 8100, len(Vs) = 8100
[20181022_083054 / lib_ip.py:3932] yellow : average --> out of range (average = 0.000 / upper = 99.200 / lower = 88.000)
[20181022_083054 / lib_ip.py:3794] file = img.20181022_083054.2018-10-21_23-05-18_000.png.1.png / val_Average = 0.0000	val_Variance = 0.0000	sd = 0.0000	max = 0	min = 0
[20181022_083054 / lib_ip.py:3977] len(Hs) = 8100, len(Ss) = 8100, len(Vs) = 8100
[20181022_083055 / lib_ip.py:4048] red : average --> out of range (average = 0.000 / upper = 124.000 / lower = 115.000)
[20181022_083055 / lib_ip.py:3794] file = img.20181022_083054.2018-10-21_23-05-18_000.png.1.png / val_Average = 0.0000	val_Variance = 0.0000	sd = 0.0000	max = 0	min = 0
[20181022_083055 / lib_ip.py:4090] len(Hs) = 8100, len(Ss) = 8100, len(Vs) = 8100
[20181022_083055 / lib_ip.py:4162] green : average --> out of range (average = 0.000 / upper = 83.000 / lower = 58.000)
[20181022_083055 / lib_ip.py:3794] file = img.20181022_083054.2018-10-21_23-05-18_000.png.1.png / val_Average = 0.0000	val_Variance = 0.0000	sd = 0.0000	max = 0	min = 0
[20181022_083055 / lib_ip.py:4204] len(Hs) = 8100, len(Ss) = 8100, len(Vs) = 8100
[20181022_083055 / lib_ip.py:2273] inspecting ===> img.20181022_083054.2018-10-21_23-05-18_000.png.2.png
[20181022_083055 / lib_ip.py:4330] 
img.20181022_083054.2018-10-21_23-05-18_000.png.2.png 1
[20181022_083055 / lib_ip.py:3794] file = img.20181022_083054.2018-10-21_23-05-18_000.png.2.png / val_Average = 0.0000	val_Variance = 0.0000	sd = 0.0000	max = 0	min = 0
[20181022_083055 / lib_ip.py:3877] len(Hs) = 8100, len(Ss) = 8100, len(Vs) = 8100
[20181022_083055 / lib_ip.py:3932] yellow : average --> out of range (average = 0.000 / upper = 99.200 / lower = 88.000)
[20181022_083055 / lib_ip.py:3794] file = img.20181022_083054.2018-10-21_23-05-18_000.png.2.png / val_Average = 0.0000	val_Variance = 0.0000	sd = 0.0000	max = 0	min = 0
[20181022_083055 / lib_ip.py:3977] len(Hs) = 8100, len(Ss) = 8100, len(Vs) = 8100
[20181022_083056 / lib_ip.py:4048] red : average --> out of range (average = 0.000 / upper = 124.000 / lower = 115.000)
[20181022_083056 / lib_ip.py:3794] file = img.20181022_083054.2018-10-21_23-05-18_000.png.2.png / val_Average = 0.0000	val_Variance = 0.0000	sd = 0.0000	max = 0	min = 0
[20181022_083056 / lib_ip.py:4090] len(Hs) = 8100, len(Ss) = 8100, len(Vs) = 8100
[20181022_083056 / lib_ip.py:4162] green : average --> out of range (average = 0.000 / upper = 83.000 / lower = 58.000)
[20181022_083056 / lib_ip.py:3794] file = img.20181022_083054.2018-10-21_23-05-18_000.png.2.png / val_Average = 0.0000	val_Variance = 0.0000	sd = 0.0000	max = 0	min = 0
[20181022_083056 / lib_ip.py:4204] len(Hs) = 8100, len(Ss) = 8100, len(Vs) = 8100
[20181022_083056 / lib_ip.py:2273] inspecting ===> img.20181022_083054.2018-10-21_23-05-18_000.png.3.png
[20181022_083056 / lib_ip.py:4330] 
img.20181022_083054.2018-10-21_23-05-18_000.png.3.png 2
[20181022_083056 / lib_ip.py:3794] file = img.20181022_083054.2018-10-21_23-05-18_000.png.3.png / val_Average = 0.0000	val_Variance = 0.0000	sd = 0.0000	max = 0	min = 0
[20181022_083056 / lib_ip.py:3877] len(Hs) = 8100, len(Ss) = 8100, len(Vs) = 8100
[20181022_083056 / lib_ip.py:3932] yellow : average --> out of range (average = 0.000 / upper = 99.200 / lower = 88.000)
[20181022_083056 / lib_ip.py:3794] file = img.20181022_083054.2018-10-21_23-05-18_000.png.3.png / val_Average = 0.0000	val_Variance = 0.0000	sd = 0.0000	max = 0	min = 0
[20181022_083056 / lib_ip.py:3977] len(Hs) = 8100, len(Ss) = 8100, len(Vs) = 8100
[20181022_083056 / lib_ip.py:4048] red : average --> out of range (average = 0.000 / upper = 124.000 / lower = 115.000)
[20181022_083056 / lib_ip.py:3794] file = img.20181022_083054.2018-10-21_23-05-18_000.png.3.png / val_Average = 0.0000	val_Variance = 0.0000	sd = 0.0000	max = 0	min = 0
[20181022_083056 / lib_ip.py:4090] len(Hs) = 8100, len(Ss) = 8100, len(Vs) = 8100
[20181022_083056 / lib_ip.py:4162] green : average --> out of range (average = 0.000 / upper = 83.000 / lower = 58.000)
[20181022_083057 / lib_ip.py:3794] file = img.20181022_083054.2018-10-21_23-05-18_000.png.3.png / val_Average = 0.0000	val_Variance = 0.0000	sd = 0.0000	max = 0	min = 0
[20181022_083057 / lib_ip.py:4204] len(Hs) = 8100, len(Ss) = 8100, len(Vs) = 8100
[20181022_083057 / lib_ip.py:2273] inspecting ===> img.20181022_083054.2018-10-21_23-05-18_000.png.4.png
[20181022_083057 / lib_ip.py:4330] 
img.20181022_083054.2018-10-21_23-05-18_000.png.4.png 3
[20181022_083057 / lib_ip.py:3794] file = img.20181022_083054.2018-10-21_23-05-18_000.png.4.png / val_Average = 0.0000	val_Variance = 0.0000	sd = 0.0000	max = 0	min = 0
[20181022_083057 / lib_ip.py:3877] len(Hs) = 8100, len(Ss) = 8100, len(Vs) = 8100
[20181022_083057 / lib_ip.py:3932] yellow : average --> out of range (average = 0.000 / upper = 99.200 / lower = 88.000)
[20181022_083057 / lib_ip.py:3794] file = img.20181022_083054.2018-10-21_23-05-18_000.png.4.png / val_Average = 0.0000	val_Variance = 0.0000	sd = 0.0000	max = 0	min = 0
[20181022_083057 / lib_ip.py:3977] len(Hs) = 8100, len(Ss) = 8100, len(Vs) = 8100
[20181022_083057 / lib_ip.py:4048] red : average --> out of range (average = 0.000 / upper = 124.000 / lower = 115.000)
[20181022_083057 / lib_ip.py:3794] file = img.20181022_083054.2018-10-21_23-05-18_000.png.4.png / val_Average = 0.0000	val_Variance = 0.0000	sd = 0.0000	max = 0	min = 0
[20181022_083057 / lib_ip.py:4090] len(Hs) = 8100, len(Ss) = 8100, len(Vs) = 8100
[20181022_083057 / lib_ip.py:4162] green : average --> out of range (average = 0.000 / upper = 83.000 / lower = 58.000)
[20181022_083057 / lib_ip.py:3794] file = img.20181022_083054.2018-10-21_23-05-18_000.png.4.png / val_Average = 0.0000	val_Variance = 0.0000	sd = 0.0000	max = 0	min = 0
[20181022_083057 / lib_ip.py:4204] len(Hs) = 8100, len(Ss) = 8100, len(Vs) = 8100
[20181022_083057 / lib_ip.py:2273] inspecting ===> img.20181022_083054.2018-10-21_23-05-18_000.png.4.png
img.20181022_083054.2018-10-21_23-05-18_000.png.1.png => other
img.20181022_083054.2018-10-21_23-05-18_000.png.2.png => other
img.20181022_083054.2018-10-21_23-05-18_000.png.3.png => other
img.20181022_083054.2018-10-21_23-05-18_000.png.4.png => other
[20181022_083057 lib_ip.py:3300] =============== Get 4 corners
dpath_Images = C:\WORKS_2\WS\WS_Others.Art\JVEMV6\46_art\VIRTUAL\Admin_Projects\ip\images
fname_Image = img.20181022_083054.2018-10-21_23-05-18_000.png.4.png

[20181022_083058 / lib_ip.py:2273] inspecting ===> img.20181022_083058.2018-10-22_00-28-28_000.jpg.1.png
[20181022_083058 / lib_ip.py:4330] 
img.20181022_083058.2018-10-22_00-28-28_000.jpg.1.png 0
[20181022_083058 / lib_ip.py:3794] file = img.20181022_083058.2018-10-22_00-28-28_000.jpg.1.png / val_Average = 101.8637	val_Variance = 40.0387	sd = 6.3276	max = 110	min = 70
[20181022_083058 / lib_ip.py:3877] len(Hs) = 8100, len(Ss) = 8100, len(Vs) = 8100
[20181022_083058 / lib_ip.py:3910] yellow : variance --> out of range (variance = 40.039 / upper = 0.650 / lower = 0.000)
[20181022_083058 / lib_ip.py:3794] file = img.20181022_083058.2018-10-22_00-28-28_000.jpg.1.png / val_Average = 101.8637	val_Variance = 40.0387	sd = 6.3276	max = 110	min = 70
[20181022_083058 / lib_ip.py:3977] len(Hs) = 8100, len(Ss) = 8100, len(Vs) = 8100
[20181022_083059 / lib_ip.py:4023] red : variance --> out of range (variance = 40.039 / upper = 0.430 / lower = 0.000)
[20181022_083059 / lib_ip.py:3794] file = img.20181022_083058.2018-10-22_00-28-28_000.jpg.1.png / val_Average = 101.8637	val_Variance = 40.0387	sd = 6.3276	max = 110	min = 70
[20181022_083059 / lib_ip.py:4090] len(Hs) = 8100, len(Ss) = 8100, len(Vs) = 8100
[20181022_083059 / lib_ip.py:4137] green : variance --> out of range (variance = 40.039 / upper = 0.750 / lower = 0.000)
[20181022_083059 / lib_ip.py:3794] file = img.20181022_083058.2018-10-22_00-28-28_000.jpg.1.png / val_Average = 101.8637	val_Variance = 40.0387	sd = 6.3276	max = 110	min = 70
[20181022_083059 / lib_ip.py:4204] len(Hs) = 8100, len(Ss) = 8100, len(Vs) = 8100
[20181022_083059 / lib_ip.py:4248] black : variance --> out of range (variance = 40.039 / upper = 0.000 / lower = 0.000)
[20181022_083059 / lib_ip.py:4398] file : img.20181022_083058.2018-10-22_00-28-28_000.jpg.1.png 0 (black : variance --> out of range (variance = 40.039 / upper = 0.000 / lower = 0.000))
[20181022_083059 / lib_ip.py:2273] inspecting ===> img.20181022_083058.2018-10-22_00-28-28_000.jpg.2.png
[20181022_083059 / lib_ip.py:4330] 
img.20181022_083058.2018-10-22_00-28-28_000.jpg.2.png 1
[20181022_083059 / lib_ip.py:3794] file = img.20181022_083058.2018-10-22_00-28-28_000.jpg.2.png / val_Average = 64.8509	val_Variance = 140.4901	sd = 11.8529	max = 96	min = 40
[20181022_083059 / lib_ip.py:3877] len(Hs) = 8100, len(Ss) = 8100, len(Vs) = 8100
[20181022_083059 / lib_ip.py:3910] yellow : variance --> out of range (variance = 140.490 / upper = 0.650 / lower = 0.000)
[20181022_083059 / lib_ip.py:3794] file = img.20181022_083058.2018-10-22_00-28-28_000.jpg.2.png / val_Average = 64.8509	val_Variance = 140.4901	sd = 11.8529	max = 96	min = 40
[20181022_083059 / lib_ip.py:3977] len(Hs) = 8100, len(Ss) = 8100, len(Vs) = 8100
[20181022_083059 / lib_ip.py:4023] red : variance --> out of range (variance = 140.490 / upper = 0.430 / lower = 0.000)
[20181022_083100 / lib_ip.py:3794] file = img.20181022_083058.2018-10-22_00-28-28_000.jpg.2.png / val_Average = 64.8509	val_Variance = 140.4901	sd = 11.8529	max = 96	min = 40
[20181022_083100 / lib_ip.py:4090] len(Hs) = 8100, len(Ss) = 8100, len(Vs) = 8100
[20181022_083100 / lib_ip.py:4137] green : variance --> out of range (variance = 140.490 / upper = 0.750 / lower = 0.000)
[20181022_083100 / lib_ip.py:3794] file = img.20181022_083058.2018-10-22_00-28-28_000.jpg.2.png / val_Average = 64.8509	val_Variance = 140.4901	sd = 11.8529	max = 96	min = 40
[20181022_083100 / lib_ip.py:4204] len(Hs) = 8100, len(Ss) = 8100, len(Vs) = 8100
[20181022_083100 / lib_ip.py:4248] black : variance --> out of range (variance = 140.490 / upper = 0.000 / lower = 0.000)
[20181022_083100 / lib_ip.py:4398] file : img.20181022_083058.2018-10-22_00-28-28_000.jpg.2.png 1 (black : variance --> out of range (variance = 140.490 / upper = 0.000 / lower = 0.000))
[20181022_083100 / lib_ip.py:2273] inspecting ===> img.20181022_083058.2018-10-22_00-28-28_000.jpg.3.png
[20181022_083100 / lib_ip.py:4330] 
img.20181022_083058.2018-10-22_00-28-28_000.jpg.3.png 2
[20181022_083100 / lib_ip.py:3794] file = img.20181022_083058.2018-10-22_00-28-28_000.jpg.3.png / val_Average = 89.9500	val_Variance = 28.9643	sd = 5.3818	max = 104	min = 69
[20181022_083100 / lib_ip.py:3877] len(Hs) = 8100, len(Ss) = 8100, len(Vs) = 8100
[20181022_083100 / lib_ip.py:3910] yellow : variance --> out of range (variance = 28.964 / upper = 0.650 / lower = 0.000)
[20181022_083100 / lib_ip.py:3794] file = img.20181022_083058.2018-10-22_00-28-28_000.jpg.3.png / val_Average = 89.9500	val_Variance = 28.9643	sd = 5.3818	max = 104	min = 69
[20181022_083100 / lib_ip.py:3977] len(Hs) = 8100, len(Ss) = 8100, len(Vs) = 8100
[20181022_083100 / lib_ip.py:4023] red : variance --> out of range (variance = 28.964 / upper = 0.430 / lower = 0.000)
[20181022_083100 / lib_ip.py:3794] file = img.20181022_083058.2018-10-22_00-28-28_000.jpg.3.png / val_Average = 89.9500	val_Variance = 28.9643	sd = 5.3818	max = 104	min = 69
[20181022_083100 / lib_ip.py:4090] len(Hs) = 8100, len(Ss) = 8100, len(Vs) = 8100
[20181022_083101 / lib_ip.py:4137] green : variance --> out of range (variance = 28.964 / upper = 0.750 / lower = 0.000)
[20181022_083101 / lib_ip.py:3794] file = img.20181022_083058.2018-10-22_00-28-28_000.jpg.3.png / val_Average = 89.9500	val_Variance = 28.9643	sd = 5.3818	max = 104	min = 69
[20181022_083101 / lib_ip.py:4204] len(Hs) = 8100, len(Ss) = 8100, len(Vs) = 8100
[20181022_083101 / lib_ip.py:4248] black : variance --> out of range (variance = 28.964 / upper = 0.000 / lower = 0.000)
[20181022_083101 / lib_ip.py:4398] file : img.20181022_083058.2018-10-22_00-28-28_000.jpg.3.png 2 (black : variance --> out of range (variance = 28.964 / upper = 0.000 / lower = 0.000))
[20181022_083101 / lib_ip.py:2273] inspecting ===> img.20181022_083058.2018-10-22_00-28-28_000.jpg.4.png
[20181022_083101 / lib_ip.py:4330] 
img.20181022_083058.2018-10-22_00-28-28_000.jpg.4.png 3
[20181022_083101 / lib_ip.py:3794] file = img.20181022_083058.2018-10-22_00-28-28_000.jpg.4.png / val_Average = 79.2943	val_Variance = 219.7766	sd = 14.8249	max = 105	min = 59
[20181022_083101 / lib_ip.py:3877] len(Hs) = 8100, len(Ss) = 8100, len(Vs) = 8100
[20181022_083101 / lib_ip.py:3910] yellow : variance --> out of range (variance = 219.777 / upper = 0.650 / lower = 0.000)
[20181022_083101 / lib_ip.py:3794] file = img.20181022_083058.2018-10-22_00-28-28_000.jpg.4.png / val_Average = 79.2943	val_Variance = 219.7766	sd = 14.8249	max = 105	min = 59
[20181022_083101 / lib_ip.py:3977] len(Hs) = 8100, len(Ss) = 8100, len(Vs) = 8100
[20181022_083101 / lib_ip.py:4023] red : variance --> out of range (variance = 219.777 / upper = 0.430 / lower = 0.000)
[20181022_083101 / lib_ip.py:3794] file = img.20181022_083058.2018-10-22_00-28-28_000.jpg.4.png / val_Average = 79.2943	val_Variance = 219.7766	sd = 14.8249	max = 105	min = 59
[20181022_083101 / lib_ip.py:4090] len(Hs) = 8100, len(Ss) = 8100, len(Vs) = 8100
[20181022_083101 / lib_ip.py:4137] green : variance --> out of range (variance = 219.777 / upper = 0.750 / lower = 0.000)
[20181022_083101 / lib_ip.py:3794] file = img.20181022_083058.2018-10-22_00-28-28_000.jpg.4.png / val_Average = 79.2943	val_Variance = 219.7766	sd = 14.8249	max = 105	min = 59
[20181022_083102 / lib_ip.py:4204] len(Hs) = 8100, len(Ss) = 8100, len(Vs) = 8100
[20181022_083102 / lib_ip.py:4248] black : variance --> out of range (variance = 219.777 / upper = 0.000 / lower = 0.000)
[20181022_083102 / lib_ip.py:4398] file : img.20181022_083058.2018-10-22_00-28-28_000.jpg.4.png 3 (black : variance --> out of range (variance = 219.777 / upper = 0.000 / lower = 0.000))
[20181022_083101 / lib_ip.py:2273] inspecting ===> img.20181022_083058.2018-10-22_00-28-28_000.jpg.4.png
img.20181022_083058.2018-10-22_00-28-28_000.jpg.1.png => other
img.20181022_083058.2018-10-22_00-28-28_000.jpg.2.png => other
img.20181022_083058.2018-10-22_00-28-28_000.jpg.3.png => other
img.20181022_083058.2018-10-22_00-28-28_000.jpg.4.png => other
[20181022_083102 lib_ip.py:3300] =============== Get 4 corners
dpath_Images = C:\WORKS_2\WS\WS_Others.Art\JVEMV6\46_art\VIRTUAL\Admin_Projects\ip\images
fname_Image = img.20181022_083058.2018-10-22_00-28-28_000.jpg.4.png

[20181022_083102 / lib_ip.py:2273] inspecting ===> img.20181022_083102.2018-10-22_07-57-23_000.png.1.png
[20181022_083102 / lib_ip.py:4330] 
img.20181022_083102.2018-10-22_07-57-23_000.png.1.png 0
[20181022_083102 / lib_ip.py:3794] file = img.20181022_083102.2018-10-22_07-57-23_000.png.1.png / val_Average = 9.2311	val_Variance = 875.2725	sd = 29.5850	max = 150	min = 0
[20181022_083102 / lib_ip.py:3877] len(Hs) = 8100, len(Ss) = 8100, len(Vs) = 8100
[20181022_083102 / lib_ip.py:3910] yellow : variance --> out of range (variance = 875.273 / upper = 0.650 / lower = 0.000)
[20181022_083102 / lib_ip.py:3794] file = img.20181022_083102.2018-10-22_07-57-23_000.png.1.png / val_Average = 9.2311	val_Variance = 875.2725	sd = 29.5850	max = 150	min = 0
[20181022_083102 / lib_ip.py:3977] len(Hs) = 8100, len(Ss) = 8100, len(Vs) = 8100
[20181022_083103 / lib_ip.py:4023] red : variance --> out of range (variance = 875.273 / upper = 0.430 / lower = 0.000)
[20181022_083103 / lib_ip.py:3794] file = img.20181022_083102.2018-10-22_07-57-23_000.png.1.png / val_Average = 9.2311	val_Variance = 875.2725	sd = 29.5850	max = 150	min = 0
[20181022_083103 / lib_ip.py:4090] len(Hs) = 8100, len(Ss) = 8100, len(Vs) = 8100
[20181022_083103 / lib_ip.py:4137] green : variance --> out of range (variance = 875.273 / upper = 0.750 / lower = 0.000)
[20181022_083103 / lib_ip.py:3794] file = img.20181022_083102.2018-10-22_07-57-23_000.png.1.png / val_Average = 9.2311	val_Variance = 875.2725	sd = 29.5850	max = 150	min = 0
[20181022_083103 / lib_ip.py:4204] len(Hs) = 8100, len(Ss) = 8100, len(Vs) = 8100
[20181022_083103 / lib_ip.py:4248] black : variance --> out of range (variance = 875.273 / upper = 0.000 / lower = 0.000)
[20181022_083103 / lib_ip.py:4398] file : img.20181022_083102.2018-10-22_07-57-23_000.png.1.png 0 (black : variance --> out of range (variance = 875.273 / upper = 0.000 / lower = 0.000))
[20181022_083103 / lib_ip.py:2273] inspecting ===> img.20181022_083102.2018-10-22_07-57-23_000.png.2.png
[20181022_083103 / lib_ip.py:4330] 
img.20181022_083102.2018-10-22_07-57-23_000.png.2.png 1
[20181022_083103 / lib_ip.py:3794] file = img.20181022_083102.2018-10-22_07-57-23_000.png.2.png / val_Average = 4.7654	val_Variance = 650.7551	sd = 25.5099	max = 178	min = 0
[20181022_083103 / lib_ip.py:3877] len(Hs) = 8100, len(Ss) = 8100, len(Vs) = 8100
[20181022_083103 / lib_ip.py:3910] yellow : variance --> out of range (variance = 650.755 / upper = 0.650 / lower = 0.000)
[20181022_083103 / lib_ip.py:3794] file = img.20181022_083102.2018-10-22_07-57-23_000.png.2.png / val_Average = 4.7654	val_Variance = 650.7551	sd = 25.5099	max = 178	min = 0
[20181022_083103 / lib_ip.py:3977] len(Hs) = 8100, len(Ss) = 8100, len(Vs) = 8100
[20181022_083103 / lib_ip.py:4023] red : variance --> out of range (variance = 650.755 / upper = 0.430 / lower = 0.000)
[20181022_083103 / lib_ip.py:3794] file = img.20181022_083102.2018-10-22_07-57-23_000.png.2.png / val_Average = 4.7654	val_Variance = 650.7551	sd = 25.5099	max = 178	min = 0
[20181022_083103 / lib_ip.py:4090] len(Hs) = 8100, len(Ss) = 8100, len(Vs) = 8100
[20181022_083104 / lib_ip.py:4137] green : variance --> out of range (variance = 650.755 / upper = 0.750 / lower = 0.000)
[20181022_083104 / lib_ip.py:3794] file = img.20181022_083102.2018-10-22_07-57-23_000.png.2.png / val_Average = 4.7654	val_Variance = 650.7551	sd = 25.5099	max = 178	min = 0
[20181022_083104 / lib_ip.py:4204] len(Hs) = 8100, len(Ss) = 8100, len(Vs) = 8100
[20181022_083104 / lib_ip.py:4248] black : variance --> out of range (variance = 650.755 / upper = 0.000 / lower = 0.000)
[20181022_083104 / lib_ip.py:4398] file : img.20181022_083102.2018-10-22_07-57-23_000.png.2.png 1 (black : variance --> out of range (variance = 650.755 / upper = 0.000 / lower = 0.000))
[20181022_083104 / lib_ip.py:2273] inspecting ===> img.20181022_083102.2018-10-22_07-57-23_000.png.3.png
[20181022_083104 / lib_ip.py:4330] 
img.20181022_083102.2018-10-22_07-57-23_000.png.3.png 2
[20181022_083104 / lib_ip.py:3794] file = img.20181022_083102.2018-10-22_07-57-23_000.png.3.png / val_Average = 100.4353	val_Variance = 445.6969	sd = 21.1115	max = 178	min = 87
[20181022_083104 / lib_ip.py:3877] len(Hs) = 8100, len(Ss) = 8100, len(Vs) = 8100
[20181022_083104 / lib_ip.py:3910] yellow : variance --> out of range (variance = 445.697 / upper = 0.650 / lower = 0.000)
[20181022_083104 / lib_ip.py:3794] file = img.20181022_083102.2018-10-22_07-57-23_000.png.3.png / val_Average = 100.4353	val_Variance = 445.6969	sd = 21.1115	max = 178	min = 87
[20181022_083104 / lib_ip.py:3977] len(Hs) = 8100, len(Ss) = 8100, len(Vs) = 8100
[20181022_083104 / lib_ip.py:4023] red : variance --> out of range (variance = 445.697 / upper = 0.430 / lower = 0.000)
[20181022_083104 / lib_ip.py:3794] file = img.20181022_083102.2018-10-22_07-57-23_000.png.3.png / val_Average = 100.4353	val_Variance = 445.6969	sd = 21.1115	max = 178	min = 87
[20181022_083105 / lib_ip.py:4090] len(Hs) = 8100, len(Ss) = 8100, len(Vs) = 8100
[20181022_083105 / lib_ip.py:4137] green : variance --> out of range (variance = 445.697 / upper = 0.750 / lower = 0.000)
[20181022_083105 / lib_ip.py:3794] file = img.20181022_083102.2018-10-22_07-57-23_000.png.3.png / val_Average = 100.4353	val_Variance = 445.6969	sd = 21.1115	max = 178	min = 87
[20181022_083105 / lib_ip.py:4204] len(Hs) = 8100, len(Ss) = 8100, len(Vs) = 8100
[20181022_083105 / lib_ip.py:4248] black : variance --> out of range (variance = 445.697 / upper = 0.000 / lower = 0.000)
[20181022_083105 / lib_ip.py:4398] file : img.20181022_083102.2018-10-22_07-57-23_000.png.3.png 2 (black : variance --> out of range (variance = 445.697 / upper = 0.000 / lower = 0.000))
[20181022_083105 / lib_ip.py:2273] inspecting ===> img.20181022_083102.2018-10-22_07-57-23_000.png.4.png
[20181022_083105 / lib_ip.py:4330] 
img.20181022_083102.2018-10-22_07-57-23_000.png.4.png 3
[20181022_083105 / lib_ip.py:3794] file = img.20181022_083102.2018-10-22_07-57-23_000.png.4.png / val_Average = 66.5636	val_Variance = 6353.4371	sd = 79.7085	max = 178	min = 0
[20181022_083105 / lib_ip.py:3877] len(Hs) = 8100, len(Ss) = 8100, len(Vs) = 8100
[20181022_083105 / lib_ip.py:3910] yellow : variance --> out of range (variance = 6353.437 / upper = 0.650 / lower = 0.000)
[20181022_083105 / lib_ip.py:3794] file = img.20181022_083102.2018-10-22_07-57-23_000.png.4.png / val_Average = 66.5636	val_Variance = 6353.4371	sd = 79.7085	max = 178	min = 0
[20181022_083105 / lib_ip.py:3977] len(Hs) = 8100, len(Ss) = 8100, len(Vs) = 8100
[20181022_083105 / lib_ip.py:4023] red : variance --> out of range (variance = 6353.437 / upper = 0.430 / lower = 0.000)
[20181022_083105 / lib_ip.py:3794] file = img.20181022_083102.2018-10-22_07-57-23_000.png.4.png / val_Average = 66.5636	val_Variance = 6353.4371	sd = 79.7085	max = 178	min = 0
[20181022_083105 / lib_ip.py:4090] len(Hs) = 8100, len(Ss) = 8100, len(Vs) = 8100
[20181022_083105 / lib_ip.py:4137] green : variance --> out of range (variance = 6353.437 / upper = 0.750 / lower = 0.000)
[20181022_083105 / lib_ip.py:3794] file = img.20181022_083102.2018-10-22_07-57-23_000.png.4.png / val_Average = 66.5636	val_Variance = 6353.4371	sd = 79.7085	max = 178	min = 0
[20181022_083105 / lib_ip.py:4204] len(Hs) = 8100, len(Ss) = 8100, len(Vs) = 8100
[20181022_083105 / lib_ip.py:4248] black : variance --> out of range (variance = 6353.437 / upper = 0.000 / lower = 0.000)
[20181022_083105 / lib_ip.py:4398] file : img.20181022_083102.2018-10-22_07-57-23_000.png.4.png 3 (black : variance --> out of range (variance = 6353.437 / upper = 0.000 / lower = 0.000))
[20181022_083105 / lib_ip.py:2273] inspecting ===> img.20181022_083102.2018-10-22_07-57-23_000.png.4.png
img.20181022_083102.2018-10-22_07-57-23_000.png.1.png => other
img.20181022_083102.2018-10-22_07-57-23_000.png.2.png => other
img.20181022_083102.2018-10-22_07-57-23_000.png.3.png => other
img.20181022_083102.2018-10-22_07-57-23_000.png.4.png => other
[20181022_083106 lib_ip.py:3300] =============== Get 4 corners
dpath_Images = C:\WORKS_2\WS\WS_Others.Art\JVEMV6\46_art\VIRTUAL\Admin_Projects\ip\images
fname_Image = img.20181022_083102.2018-10-22_07-57-23_000.png.4.png

[20181022_083106 / views.py:1411] gen csv => complete (20181022_083106)(elapsed = 40.243 sec / 10 files / 4.024 sec per file)
1)	2018-10-21_08-31-44_000.jpg => 	green green other other 
2)	2018-10-21_09-08-29_000.png => 	black other other other 
3)	2018-10-21_09-30-56_000.jpg => 	yellow other other other 
4)	2018-10-21_14-25-04_000.jpg => 	other other red green 
5)	2018-10-21_14-26-00_000.jpg => 	red other green other 
6)	2018-10-21_20-01-55_000.jpg => 	other yellow other other 
7)	2018-10-21_22-25-21_000.jpg => 	other other other other 
8)	2018-10-21_23-05-18_000.png => 	black black black black 
9)	2018-10-22_00-28-28_000.jpg => 	other other other other 
10)	2018-10-22_07-57-23_000.png => 	other other other other 
[20181022_083106 / views.py:1797] lo_ColorName_Set__Modified_2 =>
1)	2018-10-21_08-31-44_000.jpg => 	g g o o 
2)	2018-10-21_09-08-29_000.png => 	a o o o 
3)	2018-10-21_09-30-56_000.jpg => 	o o o y 
4)	2018-10-21_14-25-04_000.jpg => 	g o o r 
5)	2018-10-21_14-26-00_000.jpg => 	g o o r 
6)	2018-10-21_20-01-55_000.jpg => 	o o o y 
7)	2018-10-21_22-25-21_000.jpg => 	o o o o 
8)	2018-10-21_23-05-18_000.png => 	a a a a 
9)	2018-10-22_00-28-28_000.jpg => 	o o o o 
10)	2018-10-22_07-57-23_000.png => 	o o o o 
[20181022_083106 / lib_ip.py:4594] no key 'GPSInfo' for file : C:\WORKS_2\WS\WS_Others.Art\JVEMV6\46_art\VIRTUAL\Admin_Projects\ip\images\2018-10-21_09-08-29_000.png
[20181022_083106 / lib_ip.py:4594] no key 'GPSInfo' for file : C:\WORKS_2\WS\WS_Others.Art\JVEMV6\46_art\VIRTUAL\Admin_Projects\ip\images\2018-10-21_23-05-18_000.png
[20181022_083107 / lib_ip.py:4594] no key 'GPSInfo' for file : C:\WORKS_2\WS\WS_Others.Art\JVEMV6\46_art\VIRTUAL\Admin_Projects\ip\images\2018-10-22_07-57-23_000.png
[20181022_083107 / views.py:1908] gen_Cake_CSV(request) ==> ending... =======================//

