[20181215_070134 / views.py:1878] exec_get_4_corners(request) ================================
[20181215_070137 / lib_ip.py:1961] lo_Color_Names =>
img.20181215_070135.2018-12-14_17-46-46_000.jpg.1.png => other
img.20181215_070135.2018-12-14_17-46-46_000.jpg.2.png => other
img.20181215_070135.2018-12-14_17-46-46_000.jpg.3.png => other
img.20181215_070135.2018-12-14_17-46-46_000.jpg.4.png => other
[20181215_070137 / lib_ip.py:4399] 
2018-12-14_17-46-46_000.jpg 0 ---------------------
[20181215_070137 / lib_ip.py:3753] file = 2018-12-14_17-46-46_000.jpg / val_Average = 90.5822	val_Variance = 7.6981	sd = 2.7745	max = 99	min = 85
[20181215_070137 / lib_ip.py:3836] len(Hs) = 8100, len(Ss) = 8100, len(Vs) = 8100
[20181215_070137 / lib_ip.py:3869] yellow : variance --> out of range (variance = 7.698 / upper = 0.650 / lower = 0.000)
[20181215_070137 / lib_ip.py:3753] file = 2018-12-14_17-46-46_000.jpg / val_Average = 90.5822	val_Variance = 7.6981	sd = 2.7745	max = 99	min = 85
[20181215_070137 / lib_ip.py:3936] len(Hs) = 8100, len(Ss) = 8100, len(Vs) = 8100
[20181215_070137 / lib_ip.py:3982] red : variance --> out of range (variance = 7.698 / upper = 0.430 / lower = 0.000)
[20181215_070137 / lib_ip.py:3753] file = 2018-12-14_17-46-46_000.jpg / val_Average = 90.5822	val_Variance = 7.6981	sd = 2.7745	max = 99	min = 85
[20181215_070137 / lib_ip.py:4052] len(Hs) = 8100, len(Ss) = 8100, len(Vs) = 8100
[20181215_070137 / lib_ip.py:4099] green : variance --> out of range (variance = 7.698 / upper = 0.760 / lower = 0.000)
[20181215_070138 / lib_ip.py:3753] file = 2018-12-14_17-46-46_000.jpg / val_Average = 90.5822	val_Variance = 7.6981	sd = 2.7745	max = 99	min = 85
[20181215_070138 / lib_ip.py:4169] len(Hs) = 8100, len(Ss) = 8100, len(Vs) = 8100
[20181215_070138 / lib_ip.py:4208] blue : variance --> out of range (variance = 7.698 / upper = 0.930 / lower = 0.010)
[20181215_070138 / lib_ip.py:3753] file = 2018-12-14_17-46-46_000.jpg / val_Average = 90.5822	val_Variance = 7.6981	sd = 2.7745	max = 99	min = 85
[20181215_070138 / lib_ip.py:4272] len(Hs) = 8100, len(Ss) = 8100, len(Vs) = 8100
[20181215_070138 / lib_ip.py:4316] black : variance --> out of range (variance = 7.698 / upper = 0.000 / lower = 0.000)
[20181215_070138 / lib_ip.py:4477] file : 2018-12-14_17-46-46_000.jpg 0 (black : variance --> out of range (variance = 7.698 / upper = 0.000 / lower = 0.000))
[20181215_070138 / lib_ip.py:4399] 
2018-12-14_17-46-46_000.jpg 1 ---------------------
[20181215_070138 / lib_ip.py:3753] file = 2018-12-14_17-46-46_000.jpg / val_Average = 0.0000	val_Variance = 0.0000	sd = 0.0000	max = 0	min = 0
[20181215_070138 / lib_ip.py:3836] len(Hs) = 8100, len(Ss) = 8100, len(Vs) = 8100
[20181215_070138 / lib_ip.py:3891] yellow : average --> out of range (average = 0.000 / upper = 99.200 / lower = 88.000)
[20181215_070138 / lib_ip.py:3753] file = 2018-12-14_17-46-46_000.jpg / val_Average = 0.0000	val_Variance = 0.0000	sd = 0.0000	max = 0	min = 0
[20181215_070138 / lib_ip.py:3936] len(Hs) = 8100, len(Ss) = 8100, len(Vs) = 8100
[20181215_070138 / lib_ip.py:4007] red : average --> out of range (average = 0.000 / upper = 124.000 / lower = 115.000)
[20181215_070138 / lib_ip.py:3753] file = 2018-12-14_17-46-46_000.jpg / val_Average = 0.0000	val_Variance = 0.0000	sd = 0.0000	max = 0	min = 0
[20181215_070138 / lib_ip.py:4052] len(Hs) = 8100, len(Ss) = 8100, len(Vs) = 8100
[20181215_070138 / lib_ip.py:4124] green : average --> out of range (average = 0.000 / upper = 83.000 / lower = 58.000)
[20181215_070138 / lib_ip.py:3753] file = 2018-12-14_17-46-46_000.jpg / val_Average = 0.0000	val_Variance = 0.0000	sd = 0.0000	max = 0	min = 0
[20181215_070138 / lib_ip.py:4169] len(Hs) = 8100, len(Ss) = 8100, len(Vs) = 8100
[20181215_070138 / lib_ip.py:4208] blue : variance --> out of range (variance = 0.000 / upper = 0.930 / lower = 0.010)
[20181215_070138 / lib_ip.py:3753] file = 2018-12-14_17-46-46_000.jpg / val_Average = 0.0000	val_Variance = 0.0000	sd = 0.0000	max = 0	min = 0
[20181215_070138 / lib_ip.py:4272] len(Hs) = 8100, len(Ss) = 8100, len(Vs) = 8100
[20181215_070138 / lib_ip.py:4399] 
2018-12-14_17-46-46_000.jpg 2 ---------------------
[20181215_070139 / lib_ip.py:3753] file = 2018-12-14_17-46-46_000.jpg / val_Average = 74.3585	val_Variance = 0.4132	sd = 0.6428	max = 76	min = 73
[20181215_070139 / lib_ip.py:3836] len(Hs) = 8100, len(Ss) = 8100, len(Vs) = 8100
[20181215_070139 / lib_ip.py:3891] yellow : average --> out of range (average = 74.359 / upper = 99.200 / lower = 88.000)
[20181215_070139 / lib_ip.py:3753] file = 2018-12-14_17-46-46_000.jpg / val_Average = 74.3585	val_Variance = 0.4132	sd = 0.6428	max = 76	min = 73
[20181215_070139 / lib_ip.py:3936] len(Hs) = 8100, len(Ss) = 8100, len(Vs) = 8100
[20181215_070139 / lib_ip.py:4007] red : average --> out of range (average = 74.359 / upper = 124.000 / lower = 115.000)
[20181215_070139 / lib_ip.py:3753] file = 2018-12-14_17-46-46_000.jpg / val_Average = 74.3585	val_Variance = 0.4132	sd = 0.6428	max = 76	min = 73
[20181215_070139 / lib_ip.py:4052] len(Hs) = 8100, len(Ss) = 8100, len(Vs) = 8100
[20181215_070139 / lib_ip.py:4399] 
2018-12-14_17-46-46_000.jpg 3 ---------------------
[20181215_070139 / lib_ip.py:3753] file = 2018-12-14_17-46-46_000.jpg / val_Average = 73.9793	val_Variance = 0.1564	sd = 0.3954	max = 75	min = 73
[20181215_070139 / lib_ip.py:3836] len(Hs) = 8100, len(Ss) = 8100, len(Vs) = 8100
[20181215_070139 / lib_ip.py:3891] yellow : average --> out of range (average = 73.979 / upper = 99.200 / lower = 88.000)
[20181215_070139 / lib_ip.py:3753] file = 2018-12-14_17-46-46_000.jpg / val_Average = 73.9793	val_Variance = 0.1564	sd = 0.3954	max = 75	min = 73
[20181215_070139 / lib_ip.py:3936] len(Hs) = 8100, len(Ss) = 8100, len(Vs) = 8100
[20181215_070139 / lib_ip.py:4007] red : average --> out of range (average = 73.979 / upper = 124.000 / lower = 115.000)
[20181215_070139 / lib_ip.py:3753] file = 2018-12-14_17-46-46_000.jpg / val_Average = 73.9793	val_Variance = 0.1564	sd = 0.3954	max = 75	min = 73
[20181215_070139 / lib_ip.py:4052] len(Hs) = 8100, len(Ss) = 8100, len(Vs) = 8100
[20181215_070139 / lib_ip.py:2021] lo_Color_Names_2 =>
file = img.20181215_070135.2018-12-14_17-46-46_000.jpg.1.png / color name = other
file = img.20181215_070135.2018-12-14_17-46-46_000.jpg.2.png / color name = black
file = img.20181215_070135.2018-12-14_17-46-46_000.jpg.3.png / color name = green
file = img.20181215_070135.2018-12-14_17-46-46_000.jpg.4.png / color name = green
