[20180604_121647 lib_ip.py:1166] =============== Get 4 corners
dpath_Images = C:\WORKS_2\WS\WS_Others.Art\JVEMV6\46_art\VIRTUAL\Admin_Projects\ip\images
fname_Image = IMG_4386.JPG

img.20180604_121643.IMG_4386.JPG.1.png
R=(13,0) G=(13,0) B=(12,0)
skew_R = 3697.8538, skew_G = 4295.7149, skew_B = 4152.1419
idxOf_Max_R = 5, idxOf_Max_G = 6, idxOf_Max_B = 5
max_Vals_R = 21080, max_Vals_G = 23821, max_Vals_B = 23556
58	269	1511	4647	11761	21080	20364	11540	4935	1720	407	85	17	6	0	0	0	0	0	0	0	0	0	0	0	0	0	0	0	0	0	0	0	0	0	0	0	0	0	0	0	0	0	0	0	0	0	0	0	0	0	0	0	0	0	0	0	0	0	0	0	0	0	0	0	0	0	0	0	0	0	0	0	0	0	0	0	0	0	0	0	0	0	0	0	0	0	0	0	0	0	0	0	0	0	0	0	0	0	0	0	0	0	0	0	0	0	0	0	0	0	0	0	0	0	0	0	0	0	0	0	0	0	0	0	0	0	0	0	0	0	0	0	0	0	0	0	0	0	0	0	0	0	0	0	0	0	0	0	0	0	0	0	0	0	0	0	0	0	0	0	0	0	0	0	0	0	0	0	0	0	0	0	0	0	0	0	0	0	0	0	0	0	0	0	0	0	0	0	0	0	0	0	0	0	0	0	0	0	0	0	0	0	0	0	0	0	0	0	0	0	0	0	0	0	0	0	0	0	0	0	0	0	0	0	0	0	0	0	0	0	0	0	0	0	0	0	0	0	0	0	0	0	0	0	0	0	0	0	0	0	0	0	0	0	0
3	19	283	1996	8410	19671	23821	15859	6233	1667	364	66	7	1	0	0	0	0	0	0	0	0	0	0	0	0	0	0	0	0	0	0	0	0	0	0	0	0	0	0	0	0	0	0	0	0	0	0	0	0	0	0	0	0	0	0	0	0	0	0	0	0	0	0	0	0	0	0	0	0	0	0	0	0	0	0	0	0	0	0	0	0	0	0	0	0	0	0	0	0	0	0	0	0	0	0	0	0	0	0	0	0	0	0	0	0	0	0	0	0	0	0	0	0	0	0	0	0	0	0	0	0	0	0	0	0	0	0	0	0	0	0	0	0	0	0	0	0	0	0	0	0	0	0	0	0	0	0	0	0	0	0	0	0	0	0	0	0	0	0	0	0	0	0	0	0	0	0	0	0	0	0	0	0	0	0	0	0	0	0	0	0	0	0	0	0	0	0	0	0	0	0	0	0	0	0	0	0	0	0	0	0	0	0	0	0	0	0	0	0	0	0	0	0	0	0	0	0	0	0	0	0	0	0	0	0	0	0	0	0	0	0	0	0	0	0	0	0	0	0	0	0	0	0	0	0	0	0	0	0	0	0	0	0	0	0
69	338	1711	7278	17638	23556	17607	7501	2105	468	105	22	2	0	0	0	0	0	0	0	0	0	0	0	0	0	0	0	0	0	0	0	0	0	0	0	0	0	0	0	0	0	0	0	0	0	0	0	0	0	0	0	0	0	0	0	0	0	0	0	0	0	0	0	0	0	0	0	0	0	0	0	0	0	0	0	0	0	0	0	0	0	0	0	0	0	0	0	0	0	0	0	0	0	0	0	0	0	0	0	0	0	0	0	0	0	0	0	0	0	0	0	0	0	0	0	0	0	0	0	0	0	0	0	0	0	0	0	0	0	0	0	0	0	0	0	0	0	0	0	0	0	0	0	0	0	0	0	0	0	0	0	0	0	0	0	0	0	0	0	0	0	0	0	0	0	0	0	0	0	0	0	0	0	0	0	0	0	0	0	0	0	0	0	0	0	0	0	0	0	0	0	0	0	0	0	0	0	0	0	0	0	0	0	0	0	0	0	0	0	0	0	0	0	0	0	0	0	0	0	0	0	0	0	0	0	0	0	0	0	0	0	0	0	0	0	0	0	0	0	0	0	0	0	0	0	0	0	0	0	0	0	0	0	0	0

img.20180604_121643.IMG_4386.JPG.2.png
R=(244,0) G=(243,2) B=(255,0)
skew_R = 19.4488, skew_G = 15.3027, skew_B = 427.2005
idxOf_Max_R = 42, idxOf_Max_G = 232, idxOf_Max_B = 0
max_Vals_R = 1512, max_Vals_G = 1437, max_Vals_B = 9177
32	10	32	29	45	53	63	82	87	96	87	96	109	115	131	107	139	124	142	129	173	173	242	268	318	380	452	489	529	642	724	744	891	898	1042	1141	1222	1279	1366	1431	1472	1423	1512	1376	1202	1216	1112	1078	965	960	904	957	903	914	840	879	857	830	799	753	692	713	620	573	537	569	545	544	540	507	522	468	520	461	436	444	458	440	437	422	387	368	384	363	383	349	364	320	321	337	307	267	299	300	271	273	267	309	260	302	307	272	256	266	270	242	241	240	226	222	226	215	201	188	175	162	171	139	155	127	126	108	97	72	68	73	72	44	55	66	49	45	34	25	28	18	25	10	15	11	20	16	7	17	11	10	15	7	7	9	3	9	7	10	7	6	7	4	7	11	6	8	11	10	8	11	6	6	12	3	12	5	5	12	4	9	4	9	2	6	5	2	5	7	3	6	4	5	7	3	9	7	1	9	7	7	5	7	8	4	8	9	10	11	10	6	6	15	8	15	9	15	64	169	267	391	438	438	447	443	453	416	371	321	355	408	392	485	713	735	881	848	864	876	888	915	1343	1338	1268	940	696	293	71	9	7	0	0	0	0	0	0	0	0	0	0	0
0	0	1	0	2	6	18	25	38	43	69	53	48	47	47	31	18	22	19	16	21	31	31	29	38	54	56	67	76	83	81	99	120	131	119	160	175	221	214	287	328	330	435	499	504	557	689	756	829	845	976	906	1000	1090	1131	1196	1289	1248	1298	1310	1184	1109	1023	973	922	851	796	733	673	672	638	632	623	692	636	616	617	687	626	633	645	565	489	537	419	460	416	361	393	375	412	419	395	372	389	326	353	337	333	354	355	353	322	315	328	325	311	283	297	318	304	299	286	279	293	268	273	286	303	257	249	275	268	244	285	261	250	252	241	245	230	216	221	236	223	238	228	208	230	233	254	227	240	251	232	231	217	230	226	231	202	182	196	156	167	179	162	174	147	127	136	108	114	103	89	63	58	53	59	41	44	38	28	24	35	30	27	20	12	17	16	13	10	13	11	8	12	5	15	4	6	1	7	6	9	4	7	5	7	10	8	11	7	10	16	6	11	24	42	120	285	453	502	498	467	460	447	406	329	301	336	445	372	471	613	637	836	889	1072	1028	1030	1385	1437	1262	903	655	603	243	67	14	5	8	0	1	0	0	0	0	0	0	0	0	0	0	0	0
9177	2523	2684	2721	2652	2369	2169	1897	1667	1441	1191	989	800	615	535	470	414	334	283	234	238	174	137	148	148	129	132	108	102	105	84	103	96	99	85	97	89	76	73	76	81	72	59	84	80	77	90	84	62	67	76	76	80	78	83	74	81	76	88	81	79	78	91	82	79	88	101	94	91	115	109	119	127	145	127	134	126	130	127	106	94	108	122	105	98	72	84	72	59	75	52	53	56	57	44	46	64	64	56	68	52	64	58	64	66	58	63	77	79	87	92	92	79	98	93	94	113	94	125	104	122	103	122	120	108	92	96	98	115	90	117	103	114	104	112	114	115	122	125	99	108	134	139	155	145	152	172	163	195	172	194	171	172	184	178	200	209	211	220	222	205	234	208	207	213	230	219	220	217	226	224	250	249	224	250	216	243	220	223	202	193	200	239	211	219	199	239	256	200	196	190	191	184	195	192	181	168	167	153	158	134	134	129	97	117	107	92	69	73	59	71	55	63	47	52	85	224	414	525	506	493	554	529	397	348	305	327	396	353	429	485	542	789	774	772	661	630	882	1090	1027	1195	1078	1235	801	421	260	113	48	22	15	12	2	1	0	0	1

img.20180604_121643.IMG_4386.JPG.3.png
R=(210,2) G=(203,4) B=(212,15)
skew_R = 261.1278, skew_G = 203.4650, skew_B = 143.0588
idxOf_Max_R = 28, idxOf_Max_G = 33, idxOf_Max_B = 53
max_Vals_R = 4210, max_Vals_G = 3657, max_Vals_B = 2875
0	0	2	0	0	0	4	4	7	14	17	27	50	107	188	259	407	671	943	1308	1851	2316	2918	3396	3720	3993	4148	4204	4210	4050	3945	3849	3596	3389	3174	2747	2595	2231	2017	1700	1513	1315	1091	822	630	531	338	254	199	122	91	64	49	22	19	11	6	7	4	3	2	3	1	0	2	1	0	1	0	2	1	2	1	0	2	1	1	1	0	0	1	1	0	3	1	1	4	2	2	0	0	1	3	3	1	3	0	0	1	0	1	0	1	1	2	0	1	3	1	0	1	1	0	0	2	1	1	3	2	1	1	4	0	1	2	2	3	2	4	3	5	1	2	0	2	4	1	3	1	2	3	3	2	1	2	2	1	1	5	6	0	4	1	5	3	2	2	4	1	5	3	3	6	10	5	7	12	6	6	13	19	18	16	20	22	27	32	31	43	39	38	55	65	106	138	141	162	174	209	194	193	198	183	174	131	92	69	54	44	45	61	58	43	36	27	22	13	9	6	5	3	0	0	0	0	0	0	0	0	0	0	0	0	0	0	0	0	0	0	0	0	0	0	0	0	0	0	0	0	0	0	0	0	0	0	0	0	0	0	0	0	0	0	0	0	0
0	0	0	0	1	0	0	0	4	3	5	4	10	10	16	20	37	59	120	190	313	423	714	1052	1289	1689	2116	2510	2919	3074	3279	3415	3482	3657	3571	3534	3520	3379	3372	3153	3000	2855	2522	2324	2062	1826	1602	1445	1264	1084	942	812	614	495	358	332	205	146	97	73	68	36	17	15	6	7	12	3	1	3	2	1	1	0	0	2	0	1	1	1	3	1	2	1	2	0	1	1	2	4	1	1	0	0	2	0	3	0	1	2	0	1	1	1	0	0	1	0	1	4	1	1	2	1	2	2	0	2	0	2	2	4	4	1	4	2	4	1	4	3	1	3	2	2	2	1	4	1	2	0	4	1	4	1	7	5	2	3	5	0	2	4	2	1	2	6	6	2	6	10	11	6	14	14	19	14	18	28	24	43	35	40	50	39	76	114	135	160	171	228	221	224	215	196	176	123	87	60	61	53	38	41	39	53	73	46	32	24	25	7	12	3	5	3	0	0	0	0	0	0	0	0	0	0	0	0	0	0	0	0	0	0	0	0	0	0	0	0	0	0	0	0	0	0	0	0	0	0	0	0	0	0	0	0	0	0	0	0	0	0	0	0	0	0	0	0
0	0	0	0	0	0	0	0	0	0	0	0	0	0	0	1	0	0	4	1	3	1	3	5	3	7	13	22	38	60	84	143	203	334	502	701	997	1353	1629	1955	2209	2338	2513	2537	2613	2654	2726	2798	2862	2803	2817	2805	2827	2875	2848	2761	2660	2501	2434	2084	1933	1738	1599	1410	1265	1181	1002	924	770	617	542	379	302	241	188	85	74	68	49	30	18	7	7	8	6	3	0	3	1	1	1	2	0	2	4	2	0	2	2	2	0	0	0	0	1	0	2	1	1	3	1	2	0	1	1	0	2	1	0	3	3	1	3	2	0	0	4	3	0	5	3	4	3	2	3	1	4	2	5	2	0	1	1	4	1	0	4	4	3	1	2	5	4	3	4	2	3	4	4	2	3	5	6	6	3	11	11	9	13	27	24	13	33	34	36	30	38	59	84	88	89	105	142	161	175	185	201	227	196	173	158	116	77	62	60	39	52	30	51	67	49	38	27	28	13	14	7	5	2	0	0	1	1	0	0	0	0	0	0	0	0	0	0	0	0	0	0	0	0	0	0	0	0	0	0	0	0	0	0	0	0	0	0	0	0	0	0	0	0	0	0	0	0	0	0	0

img.20180604_121643.IMG_4386.JPG.4.png
R=(255,12) G=(255,20) B=(255,15)
skew_R = 17.7688, skew_G = 14.3814, skew_B = 12.5060
idxOf_Max_R = 255, idxOf_Max_G = 188, idxOf_Max_B = 255
max_Vals_R = 1836, max_Vals_G = 1454, max_Vals_B = 1447
0	0	0	0	0	0	0	0	0	0	0	0	2	0	3	1	4	3	3	4	8	9	3	12	7	10	8	13	13	15	15	9	14	8	5	6	8	6	5	8	6	6	3	2	7	7	3	2	2	3	4	2	3	2	2	1	4	4	1	1	2	1	1	4	1	0	2	3	1	1	2	0	4	1	0	2	0	1	4	4	7	10	12	27	47	66	111	138	146	189	239	293	342	361	367	438	502	642	691	733	886	904	1015	1084	1035	987	911	898	802	692	685	629	642	586	604	648	628	610	612	537	492	464	424	368	393	374	348	359	338	294	282	293	288	307	284	270	311	299	419	474	533	506	482	451	472	383	392	356	371	353	367	392	372	423	372	332	356	323	316	334	365	351	390	415	410	416	455	472	478	388	423	437	452	400	479	538	575	652	714	801	841	859	825	826	894	1005	1145	1303	1402	1468	1411	1433	1397	1235	1039	956	845	767	620	638	535	469	393	395	345	361	370	385	364	302	296	255	236	223	258	243	229	238	201	186	184	174	150	142	139	128	131	142	133	119	122	109	115	104	93	101	106	90	97	94	93	92	75	81	85	81	73	75	80	69	70	72	82	114	121	1836
0	0	0	0	0	0	0	0	0	0	0	0	0	0	0	0	0	0	0	0	2	1	5	6	12	11	14	19	16	15	24	17	15	14	13	8	10	13	4	9	2	1	7	1	4	4	3	2	1	3	2	3	5	1	1	1	0	1	5	0	2	2	2	2	1	0	1	4	0	0	1	4	5	4	10	15	24	30	41	76	92	134	162	192	251	293	347	405	422	427	579	644	742	827	884	1024	1026	1085	1066	972	917	844	810	646	668	634	618	618	605	649	667	597	536	581	524	440	425	418	373	359	353	329	301	299	254	238	268	248	282	259	262	296	377	500	571	560	513	450	426	429	394	379	411	409	400	431	402	379	319	347	356	326	357	380	330	434	423	414	379	380	351	352	331	381	369	405	439	395	459	413	465	513	570	671	725	834	812	859	864	844	883	969	1155	1313	1279	1358	1399	1412	1454	1283	1046	961	891	857	718	653	503	426	346	394	361	344	305	320	280	246	255	218	211	244	244	237	211	214	192	170	172	150	125	129	148	144	124	122	124	113	109	89	112	106	89	99	83	79	86	78	74	76	82	71	62	71	67	84	62	64	94	82	95	115	165	227	387	587	330	53
0	0	0	0	0	0	0	0	0	0	0	0	0	0	0	5	2	3	4	5	2	8	16	14	12	15	12	16	16	13	18	16	8	6	9	9	7	5	7	4	6	3	2	4	4	0	3	2	1	3	1	6	1	0	0	0	1	5	1	1	2	1	4	1	1	1	1	3	2	2	0	3	3	14	7	27	18	26	56	64	89	133	163	169	263	306	306	361	410	477	538	615	737	736	879	937	1015	1056	1013	985	920	854	764	743	640	637	576	581	593	593	639	639	606	500	505	487	409	422	382	380	360	317	333	302	255	277	232	249	228	264	236	269	261	292	360	453	511	567	505	480	432	412	380	394	382	413	381	385	375	353	332	303	346	324	307	301	360	335	397	387	389	374	333	257	256	233	241	195	204	189	188	201	230	229	244	229	277	284	334	362	436	463	571	630	740	733	777	918	851	849	834	967	1177	1292	1358	1244	1126	1242	1114	997	951	943	876	873	778	662	588	539	527	477	456	431	447	427	371	367	308	249	265	307	305	298	270	223	231	225	200	153	156	155	137	133	128	133	95	113	118	98	103	106	102	106	75	87	83	78	67	62	83	91	80	113	116	156	244	1447

is_CornerOf_Green__PhotoOf_Sweets => False (False : idxOf_Maxes_G < 30 or idxOf_Maxes_G > 80 (6))
