[20190509_065628 / views.py:1822] gen_Cake_CSV(request) ==> starting... =======================
[20190509_065634 / lib_ip.py:2274] inspecting ===> img.20190509_065634.2019-05-08_12-48-01_000.jpg.1.png
[20190509_065635 / lib_ip.py:4505] 
img.20190509_065634.2019-05-08_12-48-01_000.jpg.1.png 0 ---------------------
[20190509_065637 / lib_ip.py:3753] file = img.20190509_065634.2019-05-08_12-48-01_000.jpg.1.png / val_Average = 53.0777	val_Variance = 1389.7571	sd = 37.2794	max = 135	min = 0
[20190509_065637 / lib_ip.py:3836] len(Hs) = 8100, len(Ss) = 8100, len(Vs) = 8100
[20190509_065637 / lib_ip.py:3869] yellow : variance --> out of range (variance = 1389.757 / upper = 0.650 / lower = 0.000)
[20190509_065637 / lib_ip.py:3753] file = img.20190509_065634.2019-05-08_12-48-01_000.jpg.1.png / val_Average = 53.0777	val_Variance = 1389.7571	sd = 37.2794	max = 135	min = 0
[20190509_065637 / lib_ip.py:3936] len(Hs) = 8100, len(Ss) = 8100, len(Vs) = 8100
[20190509_065637 / lib_ip.py:3982] red : variance --> out of range (variance = 1389.757 / upper = 0.430 / lower = 0.000)
[20190509_065638 / lib_ip.py:3753] file = img.20190509_065634.2019-05-08_12-48-01_000.jpg.1.png / val_Average = 53.0777	val_Variance = 1389.7571	sd = 37.2794	max = 135	min = 0
[20190509_065638 / lib_ip.py:4052] len(Hs) = 8100, len(Ss) = 8100, len(Vs) = 8100
[20190509_065638 / lib_ip.py:4099] green : variance --> out of range (variance = 1389.757 / upper = 0.760 / lower = 0.000)
[20190509_065638 / lib_ip.py:3753] file = img.20190509_065634.2019-05-08_12-48-01_000.jpg.1.png / val_Average = 53.0777	val_Variance = 1389.7571	sd = 37.2794	max = 135	min = 0
[20190509_065638 / lib_ip.py:4169] len(Hs) = 8100, len(Ss) = 8100, len(Vs) = 8100
[20190509_065638 / lib_ip.py:4208] blue : variance --> out of range (variance = 1389.757 / upper = 0.930 / lower = 0.010)
[20190509_065638 / lib_ip.py:3753] file = img.20190509_065634.2019-05-08_12-48-01_000.jpg.1.png / val_Average = 53.0777	val_Variance = 1389.7571	sd = 37.2794	max = 135	min = 0
[20190509_065638 / lib_ip.py:4275] len(Hs) = 8100, len(Ss) = 8100, len(Vs) = 8100
[20190509_065639 / lib_ip.py:4314] pink : variance --> out of range (variance = 1389.757 / upper = 0.750 / lower = 0.030)
[20190509_065639 / lib_ip.py:3753] file = img.20190509_065634.2019-05-08_12-48-01_000.jpg.1.png / val_Average = 53.0777	val_Variance = 1389.7571	sd = 37.2794	max = 135	min = 0
[20190509_065639 / lib_ip.py:4378] len(Hs) = 8100, len(Ss) = 8100, len(Vs) = 8100
[20190509_065639 / lib_ip.py:4422] black : variance --> out of range (variance = 1389.757 / upper = 0.000 / lower = 0.000)
[20190509_065639 / lib_ip.py:4593] file : img.20190509_065634.2019-05-08_12-48-01_000.jpg.1.png 0 (black : variance --> out of range (variance = 1389.757 / upper = 0.000 / lower = 0.000))
[20190509_065639 / lib_ip.py:2274] inspecting ===> img.20190509_065634.2019-05-08_12-48-01_000.jpg.2.png
[20190509_065640 / lib_ip.py:4505] 
img.20190509_065634.2019-05-08_12-48-01_000.jpg.2.png 1 ---------------------
[20190509_065640 / lib_ip.py:3753] file = img.20190509_065634.2019-05-08_12-48-01_000.jpg.2.png / val_Average = 93.1868	val_Variance = 0.1519	sd = 0.3897	max = 94	min = 93
[20190509_065640 / lib_ip.py:3836] len(Hs) = 8100, len(Ss) = 8100, len(Vs) = 8100
[20190509_065640 / lib_ip.py:2274] inspecting ===> img.20190509_065634.2019-05-08_12-48-01_000.jpg.3.png
[20190509_065641 / lib_ip.py:4505] 
img.20190509_065634.2019-05-08_12-48-01_000.jpg.3.png 2 ---------------------
[20190509_065641 / lib_ip.py:3753] file = img.20190509_065634.2019-05-08_12-48-01_000.jpg.3.png / val_Average = 76.1077	val_Variance = 1456.3400	sd = 38.1620	max = 135	min = 0
[20190509_065641 / lib_ip.py:3836] len(Hs) = 8100, len(Ss) = 8100, len(Vs) = 8100
[20190509_065642 / lib_ip.py:3869] yellow : variance --> out of range (variance = 1456.340 / upper = 0.650 / lower = 0.000)
[20190509_065642 / lib_ip.py:3753] file = img.20190509_065634.2019-05-08_12-48-01_000.jpg.3.png / val_Average = 76.1077	val_Variance = 1456.3400	sd = 38.1620	max = 135	min = 0
[20190509_065642 / lib_ip.py:3936] len(Hs) = 8100, len(Ss) = 8100, len(Vs) = 8100
[20190509_065642 / lib_ip.py:3982] red : variance --> out of range (variance = 1456.340 / upper = 0.430 / lower = 0.000)
[20190509_065642 / lib_ip.py:3753] file = img.20190509_065634.2019-05-08_12-48-01_000.jpg.3.png / val_Average = 76.1077	val_Variance = 1456.3400	sd = 38.1620	max = 135	min = 0
[20190509_065642 / lib_ip.py:4052] len(Hs) = 8100, len(Ss) = 8100, len(Vs) = 8100
[20190509_065642 / lib_ip.py:4099] green : variance --> out of range (variance = 1456.340 / upper = 0.760 / lower = 0.000)
[20190509_065642 / lib_ip.py:3753] file = img.20190509_065634.2019-05-08_12-48-01_000.jpg.3.png / val_Average = 76.1077	val_Variance = 1456.3400	sd = 38.1620	max = 135	min = 0
[20190509_065642 / lib_ip.py:4169] len(Hs) = 8100, len(Ss) = 8100, len(Vs) = 8100
[20190509_065642 / lib_ip.py:4208] blue : variance --> out of range (variance = 1456.340 / upper = 0.930 / lower = 0.010)
[20190509_065642 / lib_ip.py:3753] file = img.20190509_065634.2019-05-08_12-48-01_000.jpg.3.png / val_Average = 76.1077	val_Variance = 1456.3400	sd = 38.1620	max = 135	min = 0
[20190509_065642 / lib_ip.py:4275] len(Hs) = 8100, len(Ss) = 8100, len(Vs) = 8100
[20190509_065642 / lib_ip.py:4314] pink : variance --> out of range (variance = 1456.340 / upper = 0.750 / lower = 0.030)
[20190509_065642 / lib_ip.py:3753] file = img.20190509_065634.2019-05-08_12-48-01_000.jpg.3.png / val_Average = 76.1077	val_Variance = 1456.3400	sd = 38.1620	max = 135	min = 0
[20190509_065642 / lib_ip.py:4378] len(Hs) = 8100, len(Ss) = 8100, len(Vs) = 8100
[20190509_065642 / lib_ip.py:4422] black : variance --> out of range (variance = 1456.340 / upper = 0.000 / lower = 0.000)
[20190509_065642 / lib_ip.py:4593] file : img.20190509_065634.2019-05-08_12-48-01_000.jpg.3.png 2 (black : variance --> out of range (variance = 1456.340 / upper = 0.000 / lower = 0.000))
[20190509_065642 / lib_ip.py:2274] inspecting ===> img.20190509_065634.2019-05-08_12-48-01_000.jpg.4.png
[20190509_065643 / lib_ip.py:4505] 
img.20190509_065634.2019-05-08_12-48-01_000.jpg.4.png 3 ---------------------
[20190509_065643 / lib_ip.py:3753] file = img.20190509_065634.2019-05-08_12-48-01_000.jpg.4.png / val_Average = 0.0000	val_Variance = 0.0000	sd = 0.0000	max = 0	min = 0
[20190509_065643 / lib_ip.py:3836] len(Hs) = 8100, len(Ss) = 8100, len(Vs) = 8100
[20190509_065643 / lib_ip.py:3891] yellow : average --> out of range (average = 0.000 / upper = 99.200 / lower = 85.500)
[20190509_065643 / lib_ip.py:3753] file = img.20190509_065634.2019-05-08_12-48-01_000.jpg.4.png / val_Average = 0.0000	val_Variance = 0.0000	sd = 0.0000	max = 0	min = 0
[20190509_065643 / lib_ip.py:3936] len(Hs) = 8100, len(Ss) = 8100, len(Vs) = 8100
[20190509_065643 / lib_ip.py:4007] red : average --> out of range (average = 0.000 / upper = 124.600 / lower = 115.000)
[20190509_065643 / lib_ip.py:3753] file = img.20190509_065634.2019-05-08_12-48-01_000.jpg.4.png / val_Average = 0.0000	val_Variance = 0.0000	sd = 0.0000	max = 0	min = 0
[20190509_065643 / lib_ip.py:4052] len(Hs) = 8100, len(Ss) = 8100, len(Vs) = 8100
[20190509_065644 / lib_ip.py:4124] green : average --> out of range (average = 0.000 / upper = 85.000 / lower = 58.000)
[20190509_065644 / lib_ip.py:3753] file = img.20190509_065634.2019-05-08_12-48-01_000.jpg.4.png / val_Average = 0.0000	val_Variance = 0.0000	sd = 0.0000	max = 0	min = 0
[20190509_065644 / lib_ip.py:4169] len(Hs) = 8100, len(Ss) = 8100, len(Vs) = 8100
[20190509_065644 / lib_ip.py:4208] blue : variance --> out of range (variance = 0.000 / upper = 0.930 / lower = 0.010)
[20190509_065644 / lib_ip.py:3753] file = img.20190509_065634.2019-05-08_12-48-01_000.jpg.4.png / val_Average = 0.0000	val_Variance = 0.0000	sd = 0.0000	max = 0	min = 0
[20190509_065644 / lib_ip.py:4275] len(Hs) = 8100, len(Ss) = 8100, len(Vs) = 8100
[20190509_065645 / lib_ip.py:4314] pink : variance --> out of range (variance = 0.000 / upper = 0.750 / lower = 0.030)
[20190509_065645 / lib_ip.py:3753] file = img.20190509_065634.2019-05-08_12-48-01_000.jpg.4.png / val_Average = 0.0000	val_Variance = 0.0000	sd = 0.0000	max = 0	min = 0
[20190509_065645 / lib_ip.py:4378] len(Hs) = 8100, len(Ss) = 8100, len(Vs) = 8100
[20190509_065642 / lib_ip.py:2274] inspecting ===> img.20190509_065634.2019-05-08_12-48-01_000.jpg.4.png
img.20190509_065634.2019-05-08_12-48-01_000.jpg.1.png => other
img.20190509_065634.2019-05-08_12-48-01_000.jpg.2.png => yellow
img.20190509_065634.2019-05-08_12-48-01_000.jpg.3.png => other
img.20190509_065634.2019-05-08_12-48-01_000.jpg.4.png => other
[20190509_065645 lib_ip.py:3301] =============== Get 4 corners
dpath_Images = C:\WORKS_2\WS\WS_Others.Art\JVEMV6\46_art\VIRTUAL\Admin_Projects\ip\images
fname_Image = img.20190509_065634.2019-05-08_12-48-01_000.jpg.4.png

[20190509_065647 / lib_ip.py:2274] inspecting ===> img.20190509_065647.2019-05-08_18-37-47_000.jpg.1.png
[20190509_065648 / lib_ip.py:4505] 
img.20190509_065647.2019-05-08_18-37-47_000.jpg.1.png 0 ---------------------
[20190509_065648 / lib_ip.py:3753] file = img.20190509_065647.2019-05-08_18-37-47_000.jpg.1.png / val_Average = 106.8302	val_Variance = 4.5296	sd = 2.1283	max = 115	min = 99
[20190509_065648 / lib_ip.py:3836] len(Hs) = 8100, len(Ss) = 8100, len(Vs) = 8100
[20190509_065648 / lib_ip.py:3869] yellow : variance --> out of range (variance = 4.530 / upper = 0.650 / lower = 0.000)
[20190509_065648 / lib_ip.py:3753] file = img.20190509_065647.2019-05-08_18-37-47_000.jpg.1.png / val_Average = 106.8302	val_Variance = 4.5296	sd = 2.1283	max = 115	min = 99
[20190509_065648 / lib_ip.py:3936] len(Hs) = 8100, len(Ss) = 8100, len(Vs) = 8100
[20190509_065648 / lib_ip.py:3982] red : variance --> out of range (variance = 4.530 / upper = 0.430 / lower = 0.000)
[20190509_065649 / lib_ip.py:3753] file = img.20190509_065647.2019-05-08_18-37-47_000.jpg.1.png / val_Average = 106.8302	val_Variance = 4.5296	sd = 2.1283	max = 115	min = 99
[20190509_065649 / lib_ip.py:4052] len(Hs) = 8100, len(Ss) = 8100, len(Vs) = 8100
[20190509_065649 / lib_ip.py:4099] green : variance --> out of range (variance = 4.530 / upper = 0.760 / lower = 0.000)
[20190509_065649 / lib_ip.py:3753] file = img.20190509_065647.2019-05-08_18-37-47_000.jpg.1.png / val_Average = 106.8302	val_Variance = 4.5296	sd = 2.1283	max = 115	min = 99
[20190509_065649 / lib_ip.py:4169] len(Hs) = 8100, len(Ss) = 8100, len(Vs) = 8100
[20190509_065649 / lib_ip.py:4208] blue : variance --> out of range (variance = 4.530 / upper = 0.930 / lower = 0.010)
[20190509_065649 / lib_ip.py:3753] file = img.20190509_065647.2019-05-08_18-37-47_000.jpg.1.png / val_Average = 106.8302	val_Variance = 4.5296	sd = 2.1283	max = 115	min = 99
[20190509_065649 / lib_ip.py:4275] len(Hs) = 8100, len(Ss) = 8100, len(Vs) = 8100
[20190509_065649 / lib_ip.py:4314] pink : variance --> out of range (variance = 4.530 / upper = 0.750 / lower = 0.030)
[20190509_065649 / lib_ip.py:3753] file = img.20190509_065647.2019-05-08_18-37-47_000.jpg.1.png / val_Average = 106.8302	val_Variance = 4.5296	sd = 2.1283	max = 115	min = 99
[20190509_065649 / lib_ip.py:4378] len(Hs) = 8100, len(Ss) = 8100, len(Vs) = 8100
[20190509_065649 / lib_ip.py:4422] black : variance --> out of range (variance = 4.530 / upper = 0.000 / lower = 0.000)
[20190509_065649 / lib_ip.py:4593] file : img.20190509_065647.2019-05-08_18-37-47_000.jpg.1.png 0 (black : variance --> out of range (variance = 4.530 / upper = 0.000 / lower = 0.000))
[20190509_065650 / lib_ip.py:2274] inspecting ===> img.20190509_065647.2019-05-08_18-37-47_000.jpg.2.png
[20190509_065650 / lib_ip.py:4505] 
img.20190509_065647.2019-05-08_18-37-47_000.jpg.2.png 1 ---------------------
[20190509_065650 / lib_ip.py:3753] file = img.20190509_065647.2019-05-08_18-37-47_000.jpg.2.png / val_Average = 81.7491	val_Variance = 1497.1398	sd = 38.6929	max = 160	min = 0
[20190509_065650 / lib_ip.py:3836] len(Hs) = 8100, len(Ss) = 8100, len(Vs) = 8100
[20190509_065650 / lib_ip.py:3869] yellow : variance --> out of range (variance = 1497.140 / upper = 0.650 / lower = 0.000)
[20190509_065651 / lib_ip.py:3753] file = img.20190509_065647.2019-05-08_18-37-47_000.jpg.2.png / val_Average = 81.7491	val_Variance = 1497.1398	sd = 38.6929	max = 160	min = 0
[20190509_065651 / lib_ip.py:3936] len(Hs) = 8100, len(Ss) = 8100, len(Vs) = 8100
[20190509_065651 / lib_ip.py:3982] red : variance --> out of range (variance = 1497.140 / upper = 0.430 / lower = 0.000)
[20190509_065651 / lib_ip.py:3753] file = img.20190509_065647.2019-05-08_18-37-47_000.jpg.2.png / val_Average = 81.7491	val_Variance = 1497.1398	sd = 38.6929	max = 160	min = 0
[20190509_065651 / lib_ip.py:4052] len(Hs) = 8100, len(Ss) = 8100, len(Vs) = 8100
[20190509_065651 / lib_ip.py:4099] green : variance --> out of range (variance = 1497.140 / upper = 0.760 / lower = 0.000)
[20190509_065651 / lib_ip.py:3753] file = img.20190509_065647.2019-05-08_18-37-47_000.jpg.2.png / val_Average = 81.7491	val_Variance = 1497.1398	sd = 38.6929	max = 160	min = 0
[20190509_065651 / lib_ip.py:4169] len(Hs) = 8100, len(Ss) = 8100, len(Vs) = 8100
[20190509_065651 / lib_ip.py:4208] blue : variance --> out of range (variance = 1497.140 / upper = 0.930 / lower = 0.010)
[20190509_065651 / lib_ip.py:3753] file = img.20190509_065647.2019-05-08_18-37-47_000.jpg.2.png / val_Average = 81.7491	val_Variance = 1497.1398	sd = 38.6929	max = 160	min = 0
[20190509_065651 / lib_ip.py:4275] len(Hs) = 8100, len(Ss) = 8100, len(Vs) = 8100
[20190509_065652 / lib_ip.py:4314] pink : variance --> out of range (variance = 1497.140 / upper = 0.750 / lower = 0.030)
[20190509_065652 / lib_ip.py:3753] file = img.20190509_065647.2019-05-08_18-37-47_000.jpg.2.png / val_Average = 81.7491	val_Variance = 1497.1398	sd = 38.6929	max = 160	min = 0
[20190509_065652 / lib_ip.py:4378] len(Hs) = 8100, len(Ss) = 8100, len(Vs) = 8100
[20190509_065652 / lib_ip.py:4422] black : variance --> out of range (variance = 1497.140 / upper = 0.000 / lower = 0.000)
[20190509_065652 / lib_ip.py:4593] file : img.20190509_065647.2019-05-08_18-37-47_000.jpg.2.png 1 (black : variance --> out of range (variance = 1497.140 / upper = 0.000 / lower = 0.000))
[20190509_065652 / lib_ip.py:2274] inspecting ===> img.20190509_065647.2019-05-08_18-37-47_000.jpg.3.png
[20190509_065652 / lib_ip.py:4505] 
img.20190509_065647.2019-05-08_18-37-47_000.jpg.3.png 2 ---------------------
[20190509_065652 / lib_ip.py:3753] file = img.20190509_065647.2019-05-08_18-37-47_000.jpg.3.png / val_Average = 108.7481	val_Variance = 4.3506	sd = 2.0858	max = 118	min = 102
[20190509_065652 / lib_ip.py:3836] len(Hs) = 8100, len(Ss) = 8100, len(Vs) = 8100
[20190509_065653 / lib_ip.py:3869] yellow : variance --> out of range (variance = 4.351 / upper = 0.650 / lower = 0.000)
[20190509_065653 / lib_ip.py:3753] file = img.20190509_065647.2019-05-08_18-37-47_000.jpg.3.png / val_Average = 108.7481	val_Variance = 4.3506	sd = 2.0858	max = 118	min = 102
[20190509_065653 / lib_ip.py:3936] len(Hs) = 8100, len(Ss) = 8100, len(Vs) = 8100
[20190509_065653 / lib_ip.py:3982] red : variance --> out of range (variance = 4.351 / upper = 0.430 / lower = 0.000)
[20190509_065653 / lib_ip.py:3753] file = img.20190509_065647.2019-05-08_18-37-47_000.jpg.3.png / val_Average = 108.7481	val_Variance = 4.3506	sd = 2.0858	max = 118	min = 102
[20190509_065653 / lib_ip.py:4052] len(Hs) = 8100, len(Ss) = 8100, len(Vs) = 8100
[20190509_065653 / lib_ip.py:4099] green : variance --> out of range (variance = 4.351 / upper = 0.760 / lower = 0.000)
[20190509_065653 / lib_ip.py:3753] file = img.20190509_065647.2019-05-08_18-37-47_000.jpg.3.png / val_Average = 108.7481	val_Variance = 4.3506	sd = 2.0858	max = 118	min = 102
[20190509_065653 / lib_ip.py:4169] len(Hs) = 8100, len(Ss) = 8100, len(Vs) = 8100
[20190509_065653 / lib_ip.py:4208] blue : variance --> out of range (variance = 4.351 / upper = 0.930 / lower = 0.010)
[20190509_065654 / lib_ip.py:3753] file = img.20190509_065647.2019-05-08_18-37-47_000.jpg.3.png / val_Average = 108.7481	val_Variance = 4.3506	sd = 2.0858	max = 118	min = 102
[20190509_065654 / lib_ip.py:4275] len(Hs) = 8100, len(Ss) = 8100, len(Vs) = 8100
[20190509_065654 / lib_ip.py:4314] pink : variance --> out of range (variance = 4.351 / upper = 0.750 / lower = 0.030)
[20190509_065654 / lib_ip.py:3753] file = img.20190509_065647.2019-05-08_18-37-47_000.jpg.3.png / val_Average = 108.7481	val_Variance = 4.3506	sd = 2.0858	max = 118	min = 102
[20190509_065654 / lib_ip.py:4378] len(Hs) = 8100, len(Ss) = 8100, len(Vs) = 8100
[20190509_065654 / lib_ip.py:4422] black : variance --> out of range (variance = 4.351 / upper = 0.000 / lower = 0.000)
[20190509_065654 / lib_ip.py:4593] file : img.20190509_065647.2019-05-08_18-37-47_000.jpg.3.png 2 (black : variance --> out of range (variance = 4.351 / upper = 0.000 / lower = 0.000))
[20190509_065654 / lib_ip.py:2274] inspecting ===> img.20190509_065647.2019-05-08_18-37-47_000.jpg.4.png
[20190509_065655 / lib_ip.py:4505] 
img.20190509_065647.2019-05-08_18-37-47_000.jpg.4.png 3 ---------------------
[20190509_065655 / lib_ip.py:3753] file = img.20190509_065647.2019-05-08_18-37-47_000.jpg.4.png / val_Average = 119.9665	val_Variance = 0.0669	sd = 0.2587	max = 121	min = 119
[20190509_065655 / lib_ip.py:3836] len(Hs) = 8100, len(Ss) = 8100, len(Vs) = 8100
[20190509_065655 / lib_ip.py:3891] yellow : average --> out of range (average = 119.967 / upper = 99.200 / lower = 85.500)
[20190509_065656 / lib_ip.py:3753] file = img.20190509_065647.2019-05-08_18-37-47_000.jpg.4.png / val_Average = 119.9665	val_Variance = 0.0669	sd = 0.2587	max = 121	min = 119
[20190509_065656 / lib_ip.py:3936] len(Hs) = 8100, len(Ss) = 8100, len(Vs) = 8100
[20190509_065654 / lib_ip.py:2274] inspecting ===> img.20190509_065647.2019-05-08_18-37-47_000.jpg.4.png
img.20190509_065647.2019-05-08_18-37-47_000.jpg.1.png => other
img.20190509_065647.2019-05-08_18-37-47_000.jpg.2.png => other
img.20190509_065647.2019-05-08_18-37-47_000.jpg.3.png => other
img.20190509_065647.2019-05-08_18-37-47_000.jpg.4.png => other
[20190509_065656 lib_ip.py:3301] =============== Get 4 corners
dpath_Images = C:\WORKS_2\WS\WS_Others.Art\JVEMV6\46_art\VIRTUAL\Admin_Projects\ip\images
fname_Image = img.20190509_065647.2019-05-08_18-37-47_000.jpg.4.png

[20190509_065659 / lib_ip.py:2274] inspecting ===> img.20190509_065658.2019-05-08_18-38-24_000.jpg.1.png
[20190509_065700 / lib_ip.py:4505] 
img.20190509_065658.2019-05-08_18-38-24_000.jpg.1.png 0 ---------------------
[20190509_065700 / lib_ip.py:3753] file = img.20190509_065658.2019-05-08_18-38-24_000.jpg.1.png / val_Average = 102.5712	val_Variance = 139.7071	sd = 11.8198	max = 160	min = 0
[20190509_065701 / lib_ip.py:3836] len(Hs) = 8100, len(Ss) = 8100, len(Vs) = 8100
[20190509_065701 / lib_ip.py:3869] yellow : variance --> out of range (variance = 139.707 / upper = 0.650 / lower = 0.000)
[20190509_065701 / lib_ip.py:3753] file = img.20190509_065658.2019-05-08_18-38-24_000.jpg.1.png / val_Average = 102.5712	val_Variance = 139.7071	sd = 11.8198	max = 160	min = 0
[20190509_065701 / lib_ip.py:3936] len(Hs) = 8100, len(Ss) = 8100, len(Vs) = 8100
[20190509_065702 / lib_ip.py:3982] red : variance --> out of range (variance = 139.707 / upper = 0.430 / lower = 0.000)
[20190509_065702 / lib_ip.py:3753] file = img.20190509_065658.2019-05-08_18-38-24_000.jpg.1.png / val_Average = 102.5712	val_Variance = 139.7071	sd = 11.8198	max = 160	min = 0
[20190509_065702 / lib_ip.py:4052] len(Hs) = 8100, len(Ss) = 8100, len(Vs) = 8100
[20190509_065703 / lib_ip.py:4099] green : variance --> out of range (variance = 139.707 / upper = 0.760 / lower = 0.000)
[20190509_065703 / lib_ip.py:3753] file = img.20190509_065658.2019-05-08_18-38-24_000.jpg.1.png / val_Average = 102.5712	val_Variance = 139.7071	sd = 11.8198	max = 160	min = 0
[20190509_065703 / lib_ip.py:4169] len(Hs) = 8100, len(Ss) = 8100, len(Vs) = 8100
[20190509_065704 / lib_ip.py:4208] blue : variance --> out of range (variance = 139.707 / upper = 0.930 / lower = 0.010)
[20190509_065704 / lib_ip.py:3753] file = img.20190509_065658.2019-05-08_18-38-24_000.jpg.1.png / val_Average = 102.5712	val_Variance = 139.7071	sd = 11.8198	max = 160	min = 0
[20190509_065704 / lib_ip.py:4275] len(Hs) = 8100, len(Ss) = 8100, len(Vs) = 8100
[20190509_065704 / lib_ip.py:4314] pink : variance --> out of range (variance = 139.707 / upper = 0.750 / lower = 0.030)
[20190509_065705 / lib_ip.py:3753] file = img.20190509_065658.2019-05-08_18-38-24_000.jpg.1.png / val_Average = 102.5712	val_Variance = 139.7071	sd = 11.8198	max = 160	min = 0
[20190509_065705 / lib_ip.py:4378] len(Hs) = 8100, len(Ss) = 8100, len(Vs) = 8100
[20190509_065705 / lib_ip.py:4422] black : variance --> out of range (variance = 139.707 / upper = 0.000 / lower = 0.000)
[20190509_065705 / lib_ip.py:4593] file : img.20190509_065658.2019-05-08_18-38-24_000.jpg.1.png 0 (black : variance --> out of range (variance = 139.707 / upper = 0.000 / lower = 0.000))
[20190509_065705 / lib_ip.py:2274] inspecting ===> img.20190509_065658.2019-05-08_18-38-24_000.jpg.2.png
[20190509_065706 / lib_ip.py:4505] 
img.20190509_065658.2019-05-08_18-38-24_000.jpg.2.png 1 ---------------------
[20190509_065707 / lib_ip.py:3753] file = img.20190509_065658.2019-05-08_18-38-24_000.jpg.2.png / val_Average = 24.4090	val_Variance = 849.8165	sd = 29.1516	max = 165	min = 0
[20190509_065707 / lib_ip.py:3836] len(Hs) = 8100, len(Ss) = 8100, len(Vs) = 8100
[20190509_065707 / lib_ip.py:3869] yellow : variance --> out of range (variance = 849.817 / upper = 0.650 / lower = 0.000)
[20190509_065708 / lib_ip.py:3753] file = img.20190509_065658.2019-05-08_18-38-24_000.jpg.2.png / val_Average = 24.4090	val_Variance = 849.8165	sd = 29.1516	max = 165	min = 0
[20190509_065708 / lib_ip.py:3936] len(Hs) = 8100, len(Ss) = 8100, len(Vs) = 8100
[20190509_065708 / lib_ip.py:3982] red : variance --> out of range (variance = 849.817 / upper = 0.430 / lower = 0.000)
[20190509_065709 / lib_ip.py:3753] file = img.20190509_065658.2019-05-08_18-38-24_000.jpg.2.png / val_Average = 24.4090	val_Variance = 849.8165	sd = 29.1516	max = 165	min = 0
[20190509_065709 / lib_ip.py:4052] len(Hs) = 8100, len(Ss) = 8100, len(Vs) = 8100
[20190509_065710 / lib_ip.py:4099] green : variance --> out of range (variance = 849.817 / upper = 0.760 / lower = 0.000)
[20190509_065710 / lib_ip.py:3753] file = img.20190509_065658.2019-05-08_18-38-24_000.jpg.2.png / val_Average = 24.4090	val_Variance = 849.8165	sd = 29.1516	max = 165	min = 0
[20190509_065710 / lib_ip.py:4169] len(Hs) = 8100, len(Ss) = 8100, len(Vs) = 8100
[20190509_065710 / lib_ip.py:4208] blue : variance --> out of range (variance = 849.817 / upper = 0.930 / lower = 0.010)
[20190509_065711 / lib_ip.py:3753] file = img.20190509_065658.2019-05-08_18-38-24_000.jpg.2.png / val_Average = 24.4090	val_Variance = 849.8165	sd = 29.1516	max = 165	min = 0
[20190509_065711 / lib_ip.py:4275] len(Hs) = 8100, len(Ss) = 8100, len(Vs) = 8100
[20190509_065711 / lib_ip.py:4314] pink : variance --> out of range (variance = 849.817 / upper = 0.750 / lower = 0.030)
[20190509_065712 / lib_ip.py:3753] file = img.20190509_065658.2019-05-08_18-38-24_000.jpg.2.png / val_Average = 24.4090	val_Variance = 849.8165	sd = 29.1516	max = 165	min = 0
[20190509_065712 / lib_ip.py:4378] len(Hs) = 8100, len(Ss) = 8100, len(Vs) = 8100
[20190509_065712 / lib_ip.py:4422] black : variance --> out of range (variance = 849.817 / upper = 0.000 / lower = 0.000)
[20190509_065712 / lib_ip.py:4593] file : img.20190509_065658.2019-05-08_18-38-24_000.jpg.2.png 1 (black : variance --> out of range (variance = 849.817 / upper = 0.000 / lower = 0.000))
[20190509_065712 / lib_ip.py:2274] inspecting ===> img.20190509_065658.2019-05-08_18-38-24_000.jpg.3.png
[20190509_065714 / lib_ip.py:4505] 
img.20190509_065658.2019-05-08_18-38-24_000.jpg.3.png 2 ---------------------
[20190509_065714 / lib_ip.py:3753] file = img.20190509_065658.2019-05-08_18-38-24_000.jpg.3.png / val_Average = 109.2594	val_Variance = 4.0151	sd = 2.0038	max = 118	min = 100
[20190509_065714 / lib_ip.py:3836] len(Hs) = 8100, len(Ss) = 8100, len(Vs) = 8100
[20190509_065714 / lib_ip.py:3869] yellow : variance --> out of range (variance = 4.015 / upper = 0.650 / lower = 0.000)
[20190509_065714 / lib_ip.py:3753] file = img.20190509_065658.2019-05-08_18-38-24_000.jpg.3.png / val_Average = 109.2594	val_Variance = 4.0151	sd = 2.0038	max = 118	min = 100
[20190509_065714 / lib_ip.py:3936] len(Hs) = 8100, len(Ss) = 8100, len(Vs) = 8100
[20190509_065714 / lib_ip.py:3982] red : variance --> out of range (variance = 4.015 / upper = 0.430 / lower = 0.000)
[20190509_065714 / lib_ip.py:3753] file = img.20190509_065658.2019-05-08_18-38-24_000.jpg.3.png / val_Average = 109.2594	val_Variance = 4.0151	sd = 2.0038	max = 118	min = 100
[20190509_065714 / lib_ip.py:4052] len(Hs) = 8100, len(Ss) = 8100, len(Vs) = 8100
[20190509_065714 / lib_ip.py:4099] green : variance --> out of range (variance = 4.015 / upper = 0.760 / lower = 0.000)
[20190509_065714 / lib_ip.py:3753] file = img.20190509_065658.2019-05-08_18-38-24_000.jpg.3.png / val_Average = 109.2594	val_Variance = 4.0151	sd = 2.0038	max = 118	min = 100
[20190509_065714 / lib_ip.py:4169] len(Hs) = 8100, len(Ss) = 8100, len(Vs) = 8100
[20190509_065715 / lib_ip.py:4208] blue : variance --> out of range (variance = 4.015 / upper = 0.930 / lower = 0.010)
[20190509_065715 / lib_ip.py:3753] file = img.20190509_065658.2019-05-08_18-38-24_000.jpg.3.png / val_Average = 109.2594	val_Variance = 4.0151	sd = 2.0038	max = 118	min = 100
[20190509_065715 / lib_ip.py:4275] len(Hs) = 8100, len(Ss) = 8100, len(Vs) = 8100
[20190509_065715 / lib_ip.py:4314] pink : variance --> out of range (variance = 4.015 / upper = 0.750 / lower = 0.030)
[20190509_065715 / lib_ip.py:3753] file = img.20190509_065658.2019-05-08_18-38-24_000.jpg.3.png / val_Average = 109.2594	val_Variance = 4.0151	sd = 2.0038	max = 118	min = 100
[20190509_065715 / lib_ip.py:4378] len(Hs) = 8100, len(Ss) = 8100, len(Vs) = 8100
[20190509_065715 / lib_ip.py:4422] black : variance --> out of range (variance = 4.015 / upper = 0.000 / lower = 0.000)
[20190509_065715 / lib_ip.py:4593] file : img.20190509_065658.2019-05-08_18-38-24_000.jpg.3.png 2 (black : variance --> out of range (variance = 4.015 / upper = 0.000 / lower = 0.000))
[20190509_065715 / lib_ip.py:2274] inspecting ===> img.20190509_065658.2019-05-08_18-38-24_000.jpg.4.png
[20190509_065716 / lib_ip.py:4505] 
img.20190509_065658.2019-05-08_18-38-24_000.jpg.4.png 3 ---------------------
[20190509_065716 / lib_ip.py:3753] file = img.20190509_065658.2019-05-08_18-38-24_000.jpg.4.png / val_Average = 120.1505	val_Variance = 0.1328	sd = 0.3644	max = 121	min = 119
[20190509_065716 / lib_ip.py:3836] len(Hs) = 8100, len(Ss) = 8100, len(Vs) = 8100
[20190509_065716 / lib_ip.py:3891] yellow : average --> out of range (average = 120.150 / upper = 99.200 / lower = 85.500)
[20190509_065716 / lib_ip.py:3753] file = img.20190509_065658.2019-05-08_18-38-24_000.jpg.4.png / val_Average = 120.1505	val_Variance = 0.1328	sd = 0.3644	max = 121	min = 119
[20190509_065716 / lib_ip.py:3936] len(Hs) = 8100, len(Ss) = 8100, len(Vs) = 8100
[20190509_065715 / lib_ip.py:2274] inspecting ===> img.20190509_065658.2019-05-08_18-38-24_000.jpg.4.png
img.20190509_065658.2019-05-08_18-38-24_000.jpg.1.png => other
img.20190509_065658.2019-05-08_18-38-24_000.jpg.2.png => other
img.20190509_065658.2019-05-08_18-38-24_000.jpg.3.png => other
img.20190509_065658.2019-05-08_18-38-24_000.jpg.4.png => other
[20190509_065716 lib_ip.py:3301] =============== Get 4 corners
dpath_Images = C:\WORKS_2\WS\WS_Others.Art\JVEMV6\46_art\VIRTUAL\Admin_Projects\ip\images
fname_Image = img.20190509_065658.2019-05-08_18-38-24_000.jpg.4.png

[20190509_065717 / lib_ip.py:2274] inspecting ===> img.20190509_065717.2019-05-08_18-43-29_000.jpg.1.png
[20190509_065717 / lib_ip.py:4505] 
img.20190509_065717.2019-05-08_18-43-29_000.jpg.1.png 0 ---------------------
[20190509_065717 / lib_ip.py:3753] file = img.20190509_065717.2019-05-08_18-43-29_000.jpg.1.png / val_Average = 107.7440	val_Variance = 13.5843	sd = 3.6857	max = 123	min = 95
[20190509_065717 / lib_ip.py:3836] len(Hs) = 8100, len(Ss) = 8100, len(Vs) = 8100
[20190509_065718 / lib_ip.py:3869] yellow : variance --> out of range (variance = 13.584 / upper = 0.650 / lower = 0.000)
[20190509_065718 / lib_ip.py:3753] file = img.20190509_065717.2019-05-08_18-43-29_000.jpg.1.png / val_Average = 107.7440	val_Variance = 13.5843	sd = 3.6857	max = 123	min = 95
[20190509_065718 / lib_ip.py:3936] len(Hs) = 8100, len(Ss) = 8100, len(Vs) = 8100
[20190509_065718 / lib_ip.py:3982] red : variance --> out of range (variance = 13.584 / upper = 0.430 / lower = 0.000)
[20190509_065718 / lib_ip.py:3753] file = img.20190509_065717.2019-05-08_18-43-29_000.jpg.1.png / val_Average = 107.7440	val_Variance = 13.5843	sd = 3.6857	max = 123	min = 95
[20190509_065718 / lib_ip.py:4052] len(Hs) = 8100, len(Ss) = 8100, len(Vs) = 8100
[20190509_065718 / lib_ip.py:4099] green : variance --> out of range (variance = 13.584 / upper = 0.760 / lower = 0.000)
[20190509_065718 / lib_ip.py:3753] file = img.20190509_065717.2019-05-08_18-43-29_000.jpg.1.png / val_Average = 107.7440	val_Variance = 13.5843	sd = 3.6857	max = 123	min = 95
[20190509_065718 / lib_ip.py:4169] len(Hs) = 8100, len(Ss) = 8100, len(Vs) = 8100
[20190509_065718 / lib_ip.py:4208] blue : variance --> out of range (variance = 13.584 / upper = 0.930 / lower = 0.010)
[20190509_065718 / lib_ip.py:3753] file = img.20190509_065717.2019-05-08_18-43-29_000.jpg.1.png / val_Average = 107.7440	val_Variance = 13.5843	sd = 3.6857	max = 123	min = 95
[20190509_065718 / lib_ip.py:4275] len(Hs) = 8100, len(Ss) = 8100, len(Vs) = 8100
[20190509_065719 / lib_ip.py:4314] pink : variance --> out of range (variance = 13.584 / upper = 0.750 / lower = 0.030)
[20190509_065719 / lib_ip.py:3753] file = img.20190509_065717.2019-05-08_18-43-29_000.jpg.1.png / val_Average = 107.7440	val_Variance = 13.5843	sd = 3.6857	max = 123	min = 95
[20190509_065719 / lib_ip.py:4378] len(Hs) = 8100, len(Ss) = 8100, len(Vs) = 8100
[20190509_065719 / lib_ip.py:4422] black : variance --> out of range (variance = 13.584 / upper = 0.000 / lower = 0.000)
[20190509_065719 / lib_ip.py:4593] file : img.20190509_065717.2019-05-08_18-43-29_000.jpg.1.png 0 (black : variance --> out of range (variance = 13.584 / upper = 0.000 / lower = 0.000))
[20190509_065719 / lib_ip.py:2274] inspecting ===> img.20190509_065717.2019-05-08_18-43-29_000.jpg.2.png
[20190509_065719 / lib_ip.py:4505] 
img.20190509_065717.2019-05-08_18-43-29_000.jpg.2.png 1 ---------------------
[20190509_065719 / lib_ip.py:3753] file = img.20190509_065717.2019-05-08_18-43-29_000.jpg.2.png / val_Average = 96.3620	val_Variance = 80.5855	sd = 8.9769	max = 135	min = 0
[20190509_065719 / lib_ip.py:3836] len(Hs) = 8100, len(Ss) = 8100, len(Vs) = 8100
[20190509_065720 / lib_ip.py:3869] yellow : variance --> out of range (variance = 80.586 / upper = 0.650 / lower = 0.000)
[20190509_065720 / lib_ip.py:3753] file = img.20190509_065717.2019-05-08_18-43-29_000.jpg.2.png / val_Average = 96.3620	val_Variance = 80.5855	sd = 8.9769	max = 135	min = 0
[20190509_065720 / lib_ip.py:3936] len(Hs) = 8100, len(Ss) = 8100, len(Vs) = 8100
[20190509_065720 / lib_ip.py:3982] red : variance --> out of range (variance = 80.586 / upper = 0.430 / lower = 0.000)
[20190509_065720 / lib_ip.py:3753] file = img.20190509_065717.2019-05-08_18-43-29_000.jpg.2.png / val_Average = 96.3620	val_Variance = 80.5855	sd = 8.9769	max = 135	min = 0
[20190509_065720 / lib_ip.py:4052] len(Hs) = 8100, len(Ss) = 8100, len(Vs) = 8100
[20190509_065720 / lib_ip.py:4099] green : variance --> out of range (variance = 80.586 / upper = 0.760 / lower = 0.000)
[20190509_065720 / lib_ip.py:3753] file = img.20190509_065717.2019-05-08_18-43-29_000.jpg.2.png / val_Average = 96.3620	val_Variance = 80.5855	sd = 8.9769	max = 135	min = 0
[20190509_065720 / lib_ip.py:4169] len(Hs) = 8100, len(Ss) = 8100, len(Vs) = 8100
[20190509_065720 / lib_ip.py:4208] blue : variance --> out of range (variance = 80.586 / upper = 0.930 / lower = 0.010)
[20190509_065720 / lib_ip.py:3753] file = img.20190509_065717.2019-05-08_18-43-29_000.jpg.2.png / val_Average = 96.3620	val_Variance = 80.5855	sd = 8.9769	max = 135	min = 0
[20190509_065720 / lib_ip.py:4275] len(Hs) = 8100, len(Ss) = 8100, len(Vs) = 8100
[20190509_065720 / lib_ip.py:4314] pink : variance --> out of range (variance = 80.586 / upper = 0.750 / lower = 0.030)
[20190509_065720 / lib_ip.py:3753] file = img.20190509_065717.2019-05-08_18-43-29_000.jpg.2.png / val_Average = 96.3620	val_Variance = 80.5855	sd = 8.9769	max = 135	min = 0
[20190509_065720 / lib_ip.py:4378] len(Hs) = 8100, len(Ss) = 8100, len(Vs) = 8100
[20190509_065720 / lib_ip.py:4422] black : variance --> out of range (variance = 80.586 / upper = 0.000 / lower = 0.000)
[20190509_065721 / lib_ip.py:4593] file : img.20190509_065717.2019-05-08_18-43-29_000.jpg.2.png 1 (black : variance --> out of range (variance = 80.586 / upper = 0.000 / lower = 0.000))
[20190509_065721 / lib_ip.py:2274] inspecting ===> img.20190509_065717.2019-05-08_18-43-29_000.jpg.3.png
[20190509_065721 / lib_ip.py:4505] 
img.20190509_065717.2019-05-08_18-43-29_000.jpg.3.png 2 ---------------------
[20190509_065721 / lib_ip.py:3753] file = img.20190509_065717.2019-05-08_18-43-29_000.jpg.3.png / val_Average = 107.0989	val_Variance = 3.4691	sd = 1.8626	max = 115	min = 101
[20190509_065721 / lib_ip.py:3836] len(Hs) = 8100, len(Ss) = 8100, len(Vs) = 8100
[20190509_065722 / lib_ip.py:3869] yellow : variance --> out of range (variance = 3.469 / upper = 0.650 / lower = 0.000)
[20190509_065722 / lib_ip.py:3753] file = img.20190509_065717.2019-05-08_18-43-29_000.jpg.3.png / val_Average = 107.0989	val_Variance = 3.4691	sd = 1.8626	max = 115	min = 101
[20190509_065722 / lib_ip.py:3936] len(Hs) = 8100, len(Ss) = 8100, len(Vs) = 8100
[20190509_065722 / lib_ip.py:3982] red : variance --> out of range (variance = 3.469 / upper = 0.430 / lower = 0.000)
[20190509_065722 / lib_ip.py:3753] file = img.20190509_065717.2019-05-08_18-43-29_000.jpg.3.png / val_Average = 107.0989	val_Variance = 3.4691	sd = 1.8626	max = 115	min = 101
[20190509_065722 / lib_ip.py:4052] len(Hs) = 8100, len(Ss) = 8100, len(Vs) = 8100
[20190509_065722 / lib_ip.py:4099] green : variance --> out of range (variance = 3.469 / upper = 0.760 / lower = 0.000)
[20190509_065722 / lib_ip.py:3753] file = img.20190509_065717.2019-05-08_18-43-29_000.jpg.3.png / val_Average = 107.0989	val_Variance = 3.4691	sd = 1.8626	max = 115	min = 101
[20190509_065722 / lib_ip.py:4169] len(Hs) = 8100, len(Ss) = 8100, len(Vs) = 8100
[20190509_065723 / lib_ip.py:4208] blue : variance --> out of range (variance = 3.469 / upper = 0.930 / lower = 0.010)
[20190509_065723 / lib_ip.py:3753] file = img.20190509_065717.2019-05-08_18-43-29_000.jpg.3.png / val_Average = 107.0989	val_Variance = 3.4691	sd = 1.8626	max = 115	min = 101
[20190509_065723 / lib_ip.py:4275] len(Hs) = 8100, len(Ss) = 8100, len(Vs) = 8100
[20190509_065723 / lib_ip.py:4314] pink : variance --> out of range (variance = 3.469 / upper = 0.750 / lower = 0.030)
[20190509_065723 / lib_ip.py:3753] file = img.20190509_065717.2019-05-08_18-43-29_000.jpg.3.png / val_Average = 107.0989	val_Variance = 3.4691	sd = 1.8626	max = 115	min = 101
[20190509_065723 / lib_ip.py:4378] len(Hs) = 8100, len(Ss) = 8100, len(Vs) = 8100
[20190509_065723 / lib_ip.py:4422] black : variance --> out of range (variance = 3.469 / upper = 0.000 / lower = 0.000)
[20190509_065723 / lib_ip.py:4593] file : img.20190509_065717.2019-05-08_18-43-29_000.jpg.3.png 2 (black : variance --> out of range (variance = 3.469 / upper = 0.000 / lower = 0.000))
[20190509_065723 / lib_ip.py:2274] inspecting ===> img.20190509_065717.2019-05-08_18-43-29_000.jpg.4.png
[20190509_065723 / lib_ip.py:4505] 
img.20190509_065717.2019-05-08_18-43-29_000.jpg.4.png 3 ---------------------
[20190509_065724 / lib_ip.py:3753] file = img.20190509_065717.2019-05-08_18-43-29_000.jpg.4.png / val_Average = 120.3798	val_Variance = 0.3607	sd = 0.6006	max = 121	min = 117
[20190509_065724 / lib_ip.py:3836] len(Hs) = 8100, len(Ss) = 8100, len(Vs) = 8100
[20190509_065724 / lib_ip.py:3891] yellow : average --> out of range (average = 120.380 / upper = 99.200 / lower = 85.500)
[20190509_065724 / lib_ip.py:3753] file = img.20190509_065717.2019-05-08_18-43-29_000.jpg.4.png / val_Average = 120.3798	val_Variance = 0.3607	sd = 0.6006	max = 121	min = 117
[20190509_065724 / lib_ip.py:3936] len(Hs) = 8100, len(Ss) = 8100, len(Vs) = 8100
[20190509_065723 / lib_ip.py:2274] inspecting ===> img.20190509_065717.2019-05-08_18-43-29_000.jpg.4.png
img.20190509_065717.2019-05-08_18-43-29_000.jpg.1.png => other
img.20190509_065717.2019-05-08_18-43-29_000.jpg.2.png => other
img.20190509_065717.2019-05-08_18-43-29_000.jpg.3.png => other
img.20190509_065717.2019-05-08_18-43-29_000.jpg.4.png => other
[20190509_065724 lib_ip.py:3301] =============== Get 4 corners
dpath_Images = C:\WORKS_2\WS\WS_Others.Art\JVEMV6\46_art\VIRTUAL\Admin_Projects\ip\images
fname_Image = img.20190509_065717.2019-05-08_18-43-29_000.jpg.4.png

[20190509_065725 / lib_ip.py:2274] inspecting ===> img.20190509_065725.2019-05-08_20-26-04_000.jpg.1.png
[20190509_065725 / lib_ip.py:4505] 
img.20190509_065725.2019-05-08_20-26-04_000.jpg.1.png 0 ---------------------
[20190509_065726 / lib_ip.py:3753] file = img.20190509_065725.2019-05-08_20-26-04_000.jpg.1.png / val_Average = 98.9404	val_Variance = 264.0035	sd = 16.2482	max = 160	min = 0
[20190509_065726 / lib_ip.py:3836] len(Hs) = 8100, len(Ss) = 8100, len(Vs) = 8100
[20190509_065726 / lib_ip.py:3869] yellow : variance --> out of range (variance = 264.003 / upper = 0.650 / lower = 0.000)
[20190509_065726 / lib_ip.py:3753] file = img.20190509_065725.2019-05-08_20-26-04_000.jpg.1.png / val_Average = 98.9404	val_Variance = 264.0035	sd = 16.2482	max = 160	min = 0
[20190509_065726 / lib_ip.py:3936] len(Hs) = 8100, len(Ss) = 8100, len(Vs) = 8100
[20190509_065726 / lib_ip.py:3982] red : variance --> out of range (variance = 264.003 / upper = 0.430 / lower = 0.000)
[20190509_065726 / lib_ip.py:3753] file = img.20190509_065725.2019-05-08_20-26-04_000.jpg.1.png / val_Average = 98.9404	val_Variance = 264.0035	sd = 16.2482	max = 160	min = 0
[20190509_065726 / lib_ip.py:4052] len(Hs) = 8100, len(Ss) = 8100, len(Vs) = 8100
[20190509_065727 / lib_ip.py:4099] green : variance --> out of range (variance = 264.003 / upper = 0.760 / lower = 0.000)
[20190509_065727 / lib_ip.py:3753] file = img.20190509_065725.2019-05-08_20-26-04_000.jpg.1.png / val_Average = 98.9404	val_Variance = 264.0035	sd = 16.2482	max = 160	min = 0
[20190509_065727 / lib_ip.py:4169] len(Hs) = 8100, len(Ss) = 8100, len(Vs) = 8100
[20190509_065727 / lib_ip.py:4208] blue : variance --> out of range (variance = 264.003 / upper = 0.930 / lower = 0.010)
[20190509_065727 / lib_ip.py:3753] file = img.20190509_065725.2019-05-08_20-26-04_000.jpg.1.png / val_Average = 98.9404	val_Variance = 264.0035	sd = 16.2482	max = 160	min = 0
[20190509_065727 / lib_ip.py:4275] len(Hs) = 8100, len(Ss) = 8100, len(Vs) = 8100
[20190509_065727 / lib_ip.py:4314] pink : variance --> out of range (variance = 264.003 / upper = 0.750 / lower = 0.030)
[20190509_065727 / lib_ip.py:3753] file = img.20190509_065725.2019-05-08_20-26-04_000.jpg.1.png / val_Average = 98.9404	val_Variance = 264.0035	sd = 16.2482	max = 160	min = 0
[20190509_065727 / lib_ip.py:4378] len(Hs) = 8100, len(Ss) = 8100, len(Vs) = 8100
[20190509_065728 / lib_ip.py:4422] black : variance --> out of range (variance = 264.003 / upper = 0.000 / lower = 0.000)
[20190509_065728 / lib_ip.py:4593] file : img.20190509_065725.2019-05-08_20-26-04_000.jpg.1.png 0 (black : variance --> out of range (variance = 264.003 / upper = 0.000 / lower = 0.000))
[20190509_065728 / lib_ip.py:2274] inspecting ===> img.20190509_065725.2019-05-08_20-26-04_000.jpg.2.png
[20190509_065728 / lib_ip.py:4505] 
img.20190509_065725.2019-05-08_20-26-04_000.jpg.2.png 1 ---------------------
[20190509_065728 / lib_ip.py:3753] file = img.20190509_065725.2019-05-08_20-26-04_000.jpg.2.png / val_Average = 64.1874	val_Variance = 1835.4229	sd = 42.8418	max = 135	min = 0
[20190509_065728 / lib_ip.py:3836] len(Hs) = 8100, len(Ss) = 8100, len(Vs) = 8100
[20190509_065728 / lib_ip.py:3869] yellow : variance --> out of range (variance = 1835.423 / upper = 0.650 / lower = 0.000)
[20190509_065729 / lib_ip.py:3753] file = img.20190509_065725.2019-05-08_20-26-04_000.jpg.2.png / val_Average = 64.1874	val_Variance = 1835.4229	sd = 42.8418	max = 135	min = 0
[20190509_065729 / lib_ip.py:3936] len(Hs) = 8100, len(Ss) = 8100, len(Vs) = 8100
[20190509_065729 / lib_ip.py:3982] red : variance --> out of range (variance = 1835.423 / upper = 0.430 / lower = 0.000)
[20190509_065729 / lib_ip.py:3753] file = img.20190509_065725.2019-05-08_20-26-04_000.jpg.2.png / val_Average = 64.1874	val_Variance = 1835.4229	sd = 42.8418	max = 135	min = 0
[20190509_065729 / lib_ip.py:4052] len(Hs) = 8100, len(Ss) = 8100, len(Vs) = 8100
[20190509_065729 / lib_ip.py:4099] green : variance --> out of range (variance = 1835.423 / upper = 0.760 / lower = 0.000)
[20190509_065729 / lib_ip.py:3753] file = img.20190509_065725.2019-05-08_20-26-04_000.jpg.2.png / val_Average = 64.1874	val_Variance = 1835.4229	sd = 42.8418	max = 135	min = 0
[20190509_065729 / lib_ip.py:4169] len(Hs) = 8100, len(Ss) = 8100, len(Vs) = 8100
[20190509_065729 / lib_ip.py:4208] blue : variance --> out of range (variance = 1835.423 / upper = 0.930 / lower = 0.010)
[20190509_065729 / lib_ip.py:3753] file = img.20190509_065725.2019-05-08_20-26-04_000.jpg.2.png / val_Average = 64.1874	val_Variance = 1835.4229	sd = 42.8418	max = 135	min = 0
[20190509_065729 / lib_ip.py:4275] len(Hs) = 8100, len(Ss) = 8100, len(Vs) = 8100
[20190509_065730 / lib_ip.py:4314] pink : variance --> out of range (variance = 1835.423 / upper = 0.750 / lower = 0.030)
[20190509_065730 / lib_ip.py:3753] file = img.20190509_065725.2019-05-08_20-26-04_000.jpg.2.png / val_Average = 64.1874	val_Variance = 1835.4229	sd = 42.8418	max = 135	min = 0
[20190509_065730 / lib_ip.py:4378] len(Hs) = 8100, len(Ss) = 8100, len(Vs) = 8100
[20190509_065730 / lib_ip.py:4422] black : variance --> out of range (variance = 1835.423 / upper = 0.000 / lower = 0.000)
[20190509_065730 / lib_ip.py:4593] file : img.20190509_065725.2019-05-08_20-26-04_000.jpg.2.png 1 (black : variance --> out of range (variance = 1835.423 / upper = 0.000 / lower = 0.000))
[20190509_065730 / lib_ip.py:2274] inspecting ===> img.20190509_065725.2019-05-08_20-26-04_000.jpg.3.png
[20190509_065730 / lib_ip.py:4505] 
img.20190509_065725.2019-05-08_20-26-04_000.jpg.3.png 2 ---------------------
[20190509_065730 / lib_ip.py:3753] file = img.20190509_065725.2019-05-08_20-26-04_000.jpg.3.png / val_Average = 91.4760	val_Variance = 0.2573	sd = 0.5073	max = 93	min = 90
[20190509_065730 / lib_ip.py:3836] len(Hs) = 8100, len(Ss) = 8100, len(Vs) = 8100
[20190509_065730 / lib_ip.py:2274] inspecting ===> img.20190509_065725.2019-05-08_20-26-04_000.jpg.4.png
[20190509_065731 / lib_ip.py:4505] 
img.20190509_065725.2019-05-08_20-26-04_000.jpg.4.png 3 ---------------------
[20190509_065731 / lib_ip.py:3753] file = img.20190509_065725.2019-05-08_20-26-04_000.jpg.4.png / val_Average = 77.9963	val_Variance = 2310.7894	sd = 48.0707	max = 160	min = 0
[20190509_065731 / lib_ip.py:3836] len(Hs) = 8100, len(Ss) = 8100, len(Vs) = 8100
[20190509_065731 / lib_ip.py:3869] yellow : variance --> out of range (variance = 2310.789 / upper = 0.650 / lower = 0.000)
[20190509_065731 / lib_ip.py:3753] file = img.20190509_065725.2019-05-08_20-26-04_000.jpg.4.png / val_Average = 77.9963	val_Variance = 2310.7894	sd = 48.0707	max = 160	min = 0
[20190509_065731 / lib_ip.py:3936] len(Hs) = 8100, len(Ss) = 8100, len(Vs) = 8100
[20190509_065731 / lib_ip.py:3982] red : variance --> out of range (variance = 2310.789 / upper = 0.430 / lower = 0.000)
[20190509_065731 / lib_ip.py:3753] file = img.20190509_065725.2019-05-08_20-26-04_000.jpg.4.png / val_Average = 77.9963	val_Variance = 2310.7894	sd = 48.0707	max = 160	min = 0
[20190509_065731 / lib_ip.py:4052] len(Hs) = 8100, len(Ss) = 8100, len(Vs) = 8100
[20190509_065731 / lib_ip.py:4099] green : variance --> out of range (variance = 2310.789 / upper = 0.760 / lower = 0.000)
[20190509_065731 / lib_ip.py:3753] file = img.20190509_065725.2019-05-08_20-26-04_000.jpg.4.png / val_Average = 77.9963	val_Variance = 2310.7894	sd = 48.0707	max = 160	min = 0
[20190509_065732 / lib_ip.py:4169] len(Hs) = 8100, len(Ss) = 8100, len(Vs) = 8100
[20190509_065732 / lib_ip.py:4208] blue : variance --> out of range (variance = 2310.789 / upper = 0.930 / lower = 0.010)
[20190509_065732 / lib_ip.py:3753] file = img.20190509_065725.2019-05-08_20-26-04_000.jpg.4.png / val_Average = 77.9963	val_Variance = 2310.7894	sd = 48.0707	max = 160	min = 0
[20190509_065732 / lib_ip.py:4275] len(Hs) = 8100, len(Ss) = 8100, len(Vs) = 8100
[20190509_065732 / lib_ip.py:4314] pink : variance --> out of range (variance = 2310.789 / upper = 0.750 / lower = 0.030)
[20190509_065732 / lib_ip.py:3753] file = img.20190509_065725.2019-05-08_20-26-04_000.jpg.4.png / val_Average = 77.9963	val_Variance = 2310.7894	sd = 48.0707	max = 160	min = 0
[20190509_065732 / lib_ip.py:4378] len(Hs) = 8100, len(Ss) = 8100, len(Vs) = 8100
[20190509_065732 / lib_ip.py:4422] black : variance --> out of range (variance = 2310.789 / upper = 0.000 / lower = 0.000)
[20190509_065732 / lib_ip.py:4593] file : img.20190509_065725.2019-05-08_20-26-04_000.jpg.4.png 3 (black : variance --> out of range (variance = 2310.789 / upper = 0.000 / lower = 0.000))
[20190509_065730 / lib_ip.py:2274] inspecting ===> img.20190509_065725.2019-05-08_20-26-04_000.jpg.4.png
img.20190509_065725.2019-05-08_20-26-04_000.jpg.1.png => other
img.20190509_065725.2019-05-08_20-26-04_000.jpg.2.png => other
img.20190509_065725.2019-05-08_20-26-04_000.jpg.3.png => other
img.20190509_065725.2019-05-08_20-26-04_000.jpg.4.png => other
[20190509_065732 lib_ip.py:3301] =============== Get 4 corners
dpath_Images = C:\WORKS_2\WS\WS_Others.Art\JVEMV6\46_art\VIRTUAL\Admin_Projects\ip\images
fname_Image = img.20190509_065725.2019-05-08_20-26-04_000.jpg.4.png

[20190509_065733 / lib_ip.py:2274] inspecting ===> img.20190509_065733.2019-05-09_01-28-20_000.jpg.1.png
[20190509_065733 / lib_ip.py:4505] 
img.20190509_065733.2019-05-09_01-28-20_000.jpg.1.png 0 ---------------------
[20190509_065734 / lib_ip.py:3753] file = img.20190509_065733.2019-05-09_01-28-20_000.jpg.1.png / val_Average = 103.1270	val_Variance = 11.4786	sd = 3.3880	max = 109	min = 78
[20190509_065734 / lib_ip.py:3836] len(Hs) = 8100, len(Ss) = 8100, len(Vs) = 8100
[20190509_065734 / lib_ip.py:3869] yellow : variance --> out of range (variance = 11.479 / upper = 0.650 / lower = 0.000)
[20190509_065734 / lib_ip.py:3753] file = img.20190509_065733.2019-05-09_01-28-20_000.jpg.1.png / val_Average = 103.1270	val_Variance = 11.4786	sd = 3.3880	max = 109	min = 78
[20190509_065734 / lib_ip.py:3936] len(Hs) = 8100, len(Ss) = 8100, len(Vs) = 8100
[20190509_065734 / lib_ip.py:3982] red : variance --> out of range (variance = 11.479 / upper = 0.430 / lower = 0.000)
[20190509_065734 / lib_ip.py:3753] file = img.20190509_065733.2019-05-09_01-28-20_000.jpg.1.png / val_Average = 103.1270	val_Variance = 11.4786	sd = 3.3880	max = 109	min = 78
[20190509_065734 / lib_ip.py:4052] len(Hs) = 8100, len(Ss) = 8100, len(Vs) = 8100
[20190509_065734 / lib_ip.py:4099] green : variance --> out of range (variance = 11.479 / upper = 0.760 / lower = 0.000)
[20190509_065734 / lib_ip.py:3753] file = img.20190509_065733.2019-05-09_01-28-20_000.jpg.1.png / val_Average = 103.1270	val_Variance = 11.4786	sd = 3.3880	max = 109	min = 78
[20190509_065734 / lib_ip.py:4169] len(Hs) = 8100, len(Ss) = 8100, len(Vs) = 8100
[20190509_065734 / lib_ip.py:4208] blue : variance --> out of range (variance = 11.479 / upper = 0.930 / lower = 0.010)
[20190509_065734 / lib_ip.py:3753] file = img.20190509_065733.2019-05-09_01-28-20_000.jpg.1.png / val_Average = 103.1270	val_Variance = 11.4786	sd = 3.3880	max = 109	min = 78
[20190509_065734 / lib_ip.py:4275] len(Hs) = 8100, len(Ss) = 8100, len(Vs) = 8100
[20190509_065735 / lib_ip.py:4314] pink : variance --> out of range (variance = 11.479 / upper = 0.750 / lower = 0.030)
[20190509_065735 / lib_ip.py:3753] file = img.20190509_065733.2019-05-09_01-28-20_000.jpg.1.png / val_Average = 103.1270	val_Variance = 11.4786	sd = 3.3880	max = 109	min = 78
[20190509_065735 / lib_ip.py:4378] len(Hs) = 8100, len(Ss) = 8100, len(Vs) = 8100
[20190509_065735 / lib_ip.py:4422] black : variance --> out of range (variance = 11.479 / upper = 0.000 / lower = 0.000)
[20190509_065736 / lib_ip.py:4593] file : img.20190509_065733.2019-05-09_01-28-20_000.jpg.1.png 0 (black : variance --> out of range (variance = 11.479 / upper = 0.000 / lower = 0.000))
[20190509_065736 / lib_ip.py:2274] inspecting ===> img.20190509_065733.2019-05-09_01-28-20_000.jpg.2.png
[20190509_065737 / lib_ip.py:4505] 
img.20190509_065733.2019-05-09_01-28-20_000.jpg.2.png 1 ---------------------
[20190509_065737 / lib_ip.py:3753] file = img.20190509_065733.2019-05-09_01-28-20_000.jpg.2.png / val_Average = 100.6549	val_Variance = 7.4225	sd = 2.7244	max = 107	min = 85
[20190509_065737 / lib_ip.py:3836] len(Hs) = 8100, len(Ss) = 8100, len(Vs) = 8100
[20190509_065737 / lib_ip.py:3869] yellow : variance --> out of range (variance = 7.423 / upper = 0.650 / lower = 0.000)
[20190509_065737 / lib_ip.py:3753] file = img.20190509_065733.2019-05-09_01-28-20_000.jpg.2.png / val_Average = 100.6549	val_Variance = 7.4225	sd = 2.7244	max = 107	min = 85
[20190509_065737 / lib_ip.py:3936] len(Hs) = 8100, len(Ss) = 8100, len(Vs) = 8100
[20190509_065737 / lib_ip.py:3982] red : variance --> out of range (variance = 7.423 / upper = 0.430 / lower = 0.000)
[20190509_065738 / lib_ip.py:3753] file = img.20190509_065733.2019-05-09_01-28-20_000.jpg.2.png / val_Average = 100.6549	val_Variance = 7.4225	sd = 2.7244	max = 107	min = 85
[20190509_065738 / lib_ip.py:4052] len(Hs) = 8100, len(Ss) = 8100, len(Vs) = 8100
[20190509_065738 / lib_ip.py:4099] green : variance --> out of range (variance = 7.423 / upper = 0.760 / lower = 0.000)
[20190509_065738 / lib_ip.py:3753] file = img.20190509_065733.2019-05-09_01-28-20_000.jpg.2.png / val_Average = 100.6549	val_Variance = 7.4225	sd = 2.7244	max = 107	min = 85
[20190509_065738 / lib_ip.py:4169] len(Hs) = 8100, len(Ss) = 8100, len(Vs) = 8100
[20190509_065738 / lib_ip.py:4208] blue : variance --> out of range (variance = 7.423 / upper = 0.930 / lower = 0.010)
[20190509_065738 / lib_ip.py:3753] file = img.20190509_065733.2019-05-09_01-28-20_000.jpg.2.png / val_Average = 100.6549	val_Variance = 7.4225	sd = 2.7244	max = 107	min = 85
[20190509_065739 / lib_ip.py:4275] len(Hs) = 8100, len(Ss) = 8100, len(Vs) = 8100
[20190509_065739 / lib_ip.py:4314] pink : variance --> out of range (variance = 7.423 / upper = 0.750 / lower = 0.030)
[20190509_065739 / lib_ip.py:3753] file = img.20190509_065733.2019-05-09_01-28-20_000.jpg.2.png / val_Average = 100.6549	val_Variance = 7.4225	sd = 2.7244	max = 107	min = 85
[20190509_065739 / lib_ip.py:4378] len(Hs) = 8100, len(Ss) = 8100, len(Vs) = 8100
[20190509_065739 / lib_ip.py:4422] black : variance --> out of range (variance = 7.423 / upper = 0.000 / lower = 0.000)
[20190509_065739 / lib_ip.py:4593] file : img.20190509_065733.2019-05-09_01-28-20_000.jpg.2.png 1 (black : variance --> out of range (variance = 7.423 / upper = 0.000 / lower = 0.000))
[20190509_065739 / lib_ip.py:2274] inspecting ===> img.20190509_065733.2019-05-09_01-28-20_000.jpg.3.png
[20190509_065740 / lib_ip.py:4505] 
img.20190509_065733.2019-05-09_01-28-20_000.jpg.3.png 2 ---------------------
[20190509_065740 / lib_ip.py:3753] file = img.20190509_065733.2019-05-09_01-28-20_000.jpg.3.png / val_Average = 90.8235	val_Variance = 161.4906	sd = 12.7079	max = 109	min = 0
[20190509_065740 / lib_ip.py:3836] len(Hs) = 8100, len(Ss) = 8100, len(Vs) = 8100
[20190509_065741 / lib_ip.py:3869] yellow : variance --> out of range (variance = 161.491 / upper = 0.650 / lower = 0.000)
[20190509_065741 / lib_ip.py:3753] file = img.20190509_065733.2019-05-09_01-28-20_000.jpg.3.png / val_Average = 90.8235	val_Variance = 161.4906	sd = 12.7079	max = 109	min = 0
[20190509_065741 / lib_ip.py:3936] len(Hs) = 8100, len(Ss) = 8100, len(Vs) = 8100
[20190509_065741 / lib_ip.py:3982] red : variance --> out of range (variance = 161.491 / upper = 0.430 / lower = 0.000)
[20190509_065741 / lib_ip.py:3753] file = img.20190509_065733.2019-05-09_01-28-20_000.jpg.3.png / val_Average = 90.8235	val_Variance = 161.4906	sd = 12.7079	max = 109	min = 0
[20190509_065741 / lib_ip.py:4052] len(Hs) = 8100, len(Ss) = 8100, len(Vs) = 8100
[20190509_065741 / lib_ip.py:4099] green : variance --> out of range (variance = 161.491 / upper = 0.760 / lower = 0.000)
[20190509_065741 / lib_ip.py:3753] file = img.20190509_065733.2019-05-09_01-28-20_000.jpg.3.png / val_Average = 90.8235	val_Variance = 161.4906	sd = 12.7079	max = 109	min = 0
[20190509_065741 / lib_ip.py:4169] len(Hs) = 8100, len(Ss) = 8100, len(Vs) = 8100
[20190509_065742 / lib_ip.py:4208] blue : variance --> out of range (variance = 161.491 / upper = 0.930 / lower = 0.010)
[20190509_065742 / lib_ip.py:3753] file = img.20190509_065733.2019-05-09_01-28-20_000.jpg.3.png / val_Average = 90.8235	val_Variance = 161.4906	sd = 12.7079	max = 109	min = 0
[20190509_065742 / lib_ip.py:4275] len(Hs) = 8100, len(Ss) = 8100, len(Vs) = 8100
[20190509_065742 / lib_ip.py:4314] pink : variance --> out of range (variance = 161.491 / upper = 0.750 / lower = 0.030)
[20190509_065742 / lib_ip.py:3753] file = img.20190509_065733.2019-05-09_01-28-20_000.jpg.3.png / val_Average = 90.8235	val_Variance = 161.4906	sd = 12.7079	max = 109	min = 0
[20190509_065742 / lib_ip.py:4378] len(Hs) = 8100, len(Ss) = 8100, len(Vs) = 8100
[20190509_065742 / lib_ip.py:4422] black : variance --> out of range (variance = 161.491 / upper = 0.000 / lower = 0.000)
[20190509_065742 / lib_ip.py:4593] file : img.20190509_065733.2019-05-09_01-28-20_000.jpg.3.png 2 (black : variance --> out of range (variance = 161.491 / upper = 0.000 / lower = 0.000))
[20190509_065742 / lib_ip.py:2274] inspecting ===> img.20190509_065733.2019-05-09_01-28-20_000.jpg.4.png
[20190509_065743 / lib_ip.py:4505] 
img.20190509_065733.2019-05-09_01-28-20_000.jpg.4.png 3 ---------------------
[20190509_065743 / lib_ip.py:3753] file = img.20190509_065733.2019-05-09_01-28-20_000.jpg.4.png / val_Average = 97.8098	val_Variance = 11.3168	sd = 3.3640	max = 105	min = 87
[20190509_065743 / lib_ip.py:3836] len(Hs) = 8100, len(Ss) = 8100, len(Vs) = 8100
[20190509_065743 / lib_ip.py:3869] yellow : variance --> out of range (variance = 11.317 / upper = 0.650 / lower = 0.000)
[20190509_065743 / lib_ip.py:3753] file = img.20190509_065733.2019-05-09_01-28-20_000.jpg.4.png / val_Average = 97.8098	val_Variance = 11.3168	sd = 3.3640	max = 105	min = 87
[20190509_065743 / lib_ip.py:3936] len(Hs) = 8100, len(Ss) = 8100, len(Vs) = 8100
[20190509_065743 / lib_ip.py:3982] red : variance --> out of range (variance = 11.317 / upper = 0.430 / lower = 0.000)
[20190509_065743 / lib_ip.py:3753] file = img.20190509_065733.2019-05-09_01-28-20_000.jpg.4.png / val_Average = 97.8098	val_Variance = 11.3168	sd = 3.3640	max = 105	min = 87
[20190509_065743 / lib_ip.py:4052] len(Hs) = 8100, len(Ss) = 8100, len(Vs) = 8100
[20190509_065743 / lib_ip.py:4099] green : variance --> out of range (variance = 11.317 / upper = 0.760 / lower = 0.000)
[20190509_065743 / lib_ip.py:3753] file = img.20190509_065733.2019-05-09_01-28-20_000.jpg.4.png / val_Average = 97.8098	val_Variance = 11.3168	sd = 3.3640	max = 105	min = 87
[20190509_065743 / lib_ip.py:4169] len(Hs) = 8100, len(Ss) = 8100, len(Vs) = 8100
[20190509_065743 / lib_ip.py:4208] blue : variance --> out of range (variance = 11.317 / upper = 0.930 / lower = 0.010)
[20190509_065744 / lib_ip.py:3753] file = img.20190509_065733.2019-05-09_01-28-20_000.jpg.4.png / val_Average = 97.8098	val_Variance = 11.3168	sd = 3.3640	max = 105	min = 87
[20190509_065744 / lib_ip.py:4275] len(Hs) = 8100, len(Ss) = 8100, len(Vs) = 8100
[20190509_065744 / lib_ip.py:4314] pink : variance --> out of range (variance = 11.317 / upper = 0.750 / lower = 0.030)
[20190509_065744 / lib_ip.py:3753] file = img.20190509_065733.2019-05-09_01-28-20_000.jpg.4.png / val_Average = 97.8098	val_Variance = 11.3168	sd = 3.3640	max = 105	min = 87
[20190509_065744 / lib_ip.py:4378] len(Hs) = 8100, len(Ss) = 8100, len(Vs) = 8100
[20190509_065744 / lib_ip.py:4422] black : variance --> out of range (variance = 11.317 / upper = 0.000 / lower = 0.000)
[20190509_065744 / lib_ip.py:4593] file : img.20190509_065733.2019-05-09_01-28-20_000.jpg.4.png 3 (black : variance --> out of range (variance = 11.317 / upper = 0.000 / lower = 0.000))
[20190509_065742 / lib_ip.py:2274] inspecting ===> img.20190509_065733.2019-05-09_01-28-20_000.jpg.4.png
img.20190509_065733.2019-05-09_01-28-20_000.jpg.1.png => other
img.20190509_065733.2019-05-09_01-28-20_000.jpg.2.png => other
img.20190509_065733.2019-05-09_01-28-20_000.jpg.3.png => other
img.20190509_065733.2019-05-09_01-28-20_000.jpg.4.png => other
[20190509_065744 lib_ip.py:3301] =============== Get 4 corners
dpath_Images = C:\WORKS_2\WS\WS_Others.Art\JVEMV6\46_art\VIRTUAL\Admin_Projects\ip\images
fname_Image = img.20190509_065733.2019-05-09_01-28-20_000.jpg.4.png

[20190509_065744 / lib_ip.py:2274] inspecting ===> img.20190509_065744.2019-05-09_05-39-25_000.png.1.png
[20190509_065745 / lib_ip.py:4505] 
img.20190509_065744.2019-05-09_05-39-25_000.png.1.png 0 ---------------------
[20190509_065745 / lib_ip.py:3753] file = img.20190509_065744.2019-05-09_05-39-25_000.png.1.png / val_Average = 63.8538	val_Variance = 2113.5675	sd = 45.9736	max = 165	min = 0
[20190509_065745 / lib_ip.py:3836] len(Hs) = 8100, len(Ss) = 8100, len(Vs) = 8100
[20190509_065745 / lib_ip.py:3869] yellow : variance --> out of range (variance = 2113.568 / upper = 0.650 / lower = 0.000)
[20190509_065745 / lib_ip.py:3753] file = img.20190509_065744.2019-05-09_05-39-25_000.png.1.png / val_Average = 63.8538	val_Variance = 2113.5675	sd = 45.9736	max = 165	min = 0
[20190509_065745 / lib_ip.py:3936] len(Hs) = 8100, len(Ss) = 8100, len(Vs) = 8100
[20190509_065746 / lib_ip.py:3982] red : variance --> out of range (variance = 2113.568 / upper = 0.430 / lower = 0.000)
[20190509_065746 / lib_ip.py:3753] file = img.20190509_065744.2019-05-09_05-39-25_000.png.1.png / val_Average = 63.8538	val_Variance = 2113.5675	sd = 45.9736	max = 165	min = 0
[20190509_065746 / lib_ip.py:4052] len(Hs) = 8100, len(Ss) = 8100, len(Vs) = 8100
[20190509_065746 / lib_ip.py:4099] green : variance --> out of range (variance = 2113.568 / upper = 0.760 / lower = 0.000)
[20190509_065746 / lib_ip.py:3753] file = img.20190509_065744.2019-05-09_05-39-25_000.png.1.png / val_Average = 63.8538	val_Variance = 2113.5675	sd = 45.9736	max = 165	min = 0
[20190509_065746 / lib_ip.py:4169] len(Hs) = 8100, len(Ss) = 8100, len(Vs) = 8100
[20190509_065746 / lib_ip.py:4208] blue : variance --> out of range (variance = 2113.568 / upper = 0.930 / lower = 0.010)
[20190509_065747 / lib_ip.py:3753] file = img.20190509_065744.2019-05-09_05-39-25_000.png.1.png / val_Average = 63.8538	val_Variance = 2113.5675	sd = 45.9736	max = 165	min = 0
[20190509_065747 / lib_ip.py:4275] len(Hs) = 8100, len(Ss) = 8100, len(Vs) = 8100
[20190509_065747 / lib_ip.py:4314] pink : variance --> out of range (variance = 2113.568 / upper = 0.750 / lower = 0.030)
[20190509_065747 / lib_ip.py:3753] file = img.20190509_065744.2019-05-09_05-39-25_000.png.1.png / val_Average = 63.8538	val_Variance = 2113.5675	sd = 45.9736	max = 165	min = 0
[20190509_065747 / lib_ip.py:4378] len(Hs) = 8100, len(Ss) = 8100, len(Vs) = 8100
[20190509_065747 / lib_ip.py:4422] black : variance --> out of range (variance = 2113.568 / upper = 0.000 / lower = 0.000)
[20190509_065747 / lib_ip.py:4593] file : img.20190509_065744.2019-05-09_05-39-25_000.png.1.png 0 (black : variance --> out of range (variance = 2113.568 / upper = 0.000 / lower = 0.000))
[20190509_065747 / lib_ip.py:2274] inspecting ===> img.20190509_065744.2019-05-09_05-39-25_000.png.2.png
[20190509_065747 / lib_ip.py:4505] 
img.20190509_065744.2019-05-09_05-39-25_000.png.2.png 1 ---------------------
[20190509_065748 / lib_ip.py:3753] file = img.20190509_065744.2019-05-09_05-39-25_000.png.2.png / val_Average = 24.5233	val_Variance = 3691.1504	sd = 60.7548	max = 178	min = 0
[20190509_065748 / lib_ip.py:3836] len(Hs) = 8100, len(Ss) = 8100, len(Vs) = 8100
[20190509_065748 / lib_ip.py:3869] yellow : variance --> out of range (variance = 3691.150 / upper = 0.650 / lower = 0.000)
[20190509_065748 / lib_ip.py:3753] file = img.20190509_065744.2019-05-09_05-39-25_000.png.2.png / val_Average = 24.5233	val_Variance = 3691.1504	sd = 60.7548	max = 178	min = 0
[20190509_065748 / lib_ip.py:3936] len(Hs) = 8100, len(Ss) = 8100, len(Vs) = 8100
[20190509_065748 / lib_ip.py:3982] red : variance --> out of range (variance = 3691.150 / upper = 0.430 / lower = 0.000)
[20190509_065748 / lib_ip.py:3753] file = img.20190509_065744.2019-05-09_05-39-25_000.png.2.png / val_Average = 24.5233	val_Variance = 3691.1504	sd = 60.7548	max = 178	min = 0
[20190509_065749 / lib_ip.py:4052] len(Hs) = 8100, len(Ss) = 8100, len(Vs) = 8100
[20190509_065749 / lib_ip.py:4099] green : variance --> out of range (variance = 3691.150 / upper = 0.760 / lower = 0.000)
[20190509_065749 / lib_ip.py:3753] file = img.20190509_065744.2019-05-09_05-39-25_000.png.2.png / val_Average = 24.5233	val_Variance = 3691.1504	sd = 60.7548	max = 178	min = 0
[20190509_065749 / lib_ip.py:4169] len(Hs) = 8100, len(Ss) = 8100, len(Vs) = 8100
[20190509_065749 / lib_ip.py:4208] blue : variance --> out of range (variance = 3691.150 / upper = 0.930 / lower = 0.010)
[20190509_065749 / lib_ip.py:3753] file = img.20190509_065744.2019-05-09_05-39-25_000.png.2.png / val_Average = 24.5233	val_Variance = 3691.1504	sd = 60.7548	max = 178	min = 0
[20190509_065749 / lib_ip.py:4275] len(Hs) = 8100, len(Ss) = 8100, len(Vs) = 8100
[20190509_065749 / lib_ip.py:4314] pink : variance --> out of range (variance = 3691.150 / upper = 0.750 / lower = 0.030)
[20190509_065749 / lib_ip.py:3753] file = img.20190509_065744.2019-05-09_05-39-25_000.png.2.png / val_Average = 24.5233	val_Variance = 3691.1504	sd = 60.7548	max = 178	min = 0
[20190509_065749 / lib_ip.py:4378] len(Hs) = 8100, len(Ss) = 8100, len(Vs) = 8100
[20190509_065750 / lib_ip.py:4422] black : variance --> out of range (variance = 3691.150 / upper = 0.000 / lower = 0.000)
[20190509_065750 / lib_ip.py:4593] file : img.20190509_065744.2019-05-09_05-39-25_000.png.2.png 1 (black : variance --> out of range (variance = 3691.150 / upper = 0.000 / lower = 0.000))
[20190509_065750 / lib_ip.py:2274] inspecting ===> img.20190509_065744.2019-05-09_05-39-25_000.png.3.png
[20190509_065750 / lib_ip.py:4505] 
img.20190509_065744.2019-05-09_05-39-25_000.png.3.png 2 ---------------------
[20190509_065750 / lib_ip.py:3753] file = img.20190509_065744.2019-05-09_05-39-25_000.png.3.png / val_Average = 99.9995	val_Variance = 424.1185	sd = 20.5941	max = 178	min = 87
[20190509_065750 / lib_ip.py:3836] len(Hs) = 8100, len(Ss) = 8100, len(Vs) = 8100
[20190509_065750 / lib_ip.py:3869] yellow : variance --> out of range (variance = 424.119 / upper = 0.650 / lower = 0.000)
[20190509_065750 / lib_ip.py:3753] file = img.20190509_065744.2019-05-09_05-39-25_000.png.3.png / val_Average = 99.9995	val_Variance = 424.1185	sd = 20.5941	max = 178	min = 87
[20190509_065750 / lib_ip.py:3936] len(Hs) = 8100, len(Ss) = 8100, len(Vs) = 8100
[20190509_065750 / lib_ip.py:3982] red : variance --> out of range (variance = 424.119 / upper = 0.430 / lower = 0.000)
[20190509_065750 / lib_ip.py:3753] file = img.20190509_065744.2019-05-09_05-39-25_000.png.3.png / val_Average = 99.9995	val_Variance = 424.1185	sd = 20.5941	max = 178	min = 87
[20190509_065750 / lib_ip.py:4052] len(Hs) = 8100, len(Ss) = 8100, len(Vs) = 8100
[20190509_065750 / lib_ip.py:4099] green : variance --> out of range (variance = 424.119 / upper = 0.760 / lower = 0.000)
[20190509_065751 / lib_ip.py:3753] file = img.20190509_065744.2019-05-09_05-39-25_000.png.3.png / val_Average = 99.9995	val_Variance = 424.1185	sd = 20.5941	max = 178	min = 87
[20190509_065751 / lib_ip.py:4169] len(Hs) = 8100, len(Ss) = 8100, len(Vs) = 8100
[20190509_065751 / lib_ip.py:4208] blue : variance --> out of range (variance = 424.119 / upper = 0.930 / lower = 0.010)
[20190509_065751 / lib_ip.py:3753] file = img.20190509_065744.2019-05-09_05-39-25_000.png.3.png / val_Average = 99.9995	val_Variance = 424.1185	sd = 20.5941	max = 178	min = 87
[20190509_065751 / lib_ip.py:4275] len(Hs) = 8100, len(Ss) = 8100, len(Vs) = 8100
[20190509_065751 / lib_ip.py:4314] pink : variance --> out of range (variance = 424.119 / upper = 0.750 / lower = 0.030)
[20190509_065751 / lib_ip.py:3753] file = img.20190509_065744.2019-05-09_05-39-25_000.png.3.png / val_Average = 99.9995	val_Variance = 424.1185	sd = 20.5941	max = 178	min = 87
[20190509_065751 / lib_ip.py:4378] len(Hs) = 8100, len(Ss) = 8100, len(Vs) = 8100
[20190509_065751 / lib_ip.py:4422] black : variance --> out of range (variance = 424.119 / upper = 0.000 / lower = 0.000)
[20190509_065751 / lib_ip.py:4593] file : img.20190509_065744.2019-05-09_05-39-25_000.png.3.png 2 (black : variance --> out of range (variance = 424.119 / upper = 0.000 / lower = 0.000))
[20190509_065751 / lib_ip.py:2274] inspecting ===> img.20190509_065744.2019-05-09_05-39-25_000.png.4.png
[20190509_065752 / lib_ip.py:4505] 
img.20190509_065744.2019-05-09_05-39-25_000.png.4.png 3 ---------------------
[20190509_065752 / lib_ip.py:3753] file = img.20190509_065744.2019-05-09_05-39-25_000.png.4.png / val_Average = 79.9195	val_Variance = 7459.8155	sd = 86.3702	max = 178	min = 0
[20190509_065752 / lib_ip.py:3836] len(Hs) = 8100, len(Ss) = 8100, len(Vs) = 8100
[20190509_065752 / lib_ip.py:3869] yellow : variance --> out of range (variance = 7459.815 / upper = 0.650 / lower = 0.000)
[20190509_065752 / lib_ip.py:3753] file = img.20190509_065744.2019-05-09_05-39-25_000.png.4.png / val_Average = 79.9195	val_Variance = 7459.8155	sd = 86.3702	max = 178	min = 0
[20190509_065752 / lib_ip.py:3936] len(Hs) = 8100, len(Ss) = 8100, len(Vs) = 8100
[20190509_065752 / lib_ip.py:3982] red : variance --> out of range (variance = 7459.815 / upper = 0.430 / lower = 0.000)
[20190509_065752 / lib_ip.py:3753] file = img.20190509_065744.2019-05-09_05-39-25_000.png.4.png / val_Average = 79.9195	val_Variance = 7459.8155	sd = 86.3702	max = 178	min = 0
[20190509_065752 / lib_ip.py:4052] len(Hs) = 8100, len(Ss) = 8100, len(Vs) = 8100
[20190509_065752 / lib_ip.py:4099] green : variance --> out of range (variance = 7459.815 / upper = 0.760 / lower = 0.000)
[20190509_065753 / lib_ip.py:3753] file = img.20190509_065744.2019-05-09_05-39-25_000.png.4.png / val_Average = 79.9195	val_Variance = 7459.8155	sd = 86.3702	max = 178	min = 0
[20190509_065753 / lib_ip.py:4169] len(Hs) = 8100, len(Ss) = 8100, len(Vs) = 8100
[20190509_065753 / lib_ip.py:4208] blue : variance --> out of range (variance = 7459.815 / upper = 0.930 / lower = 0.010)
[20190509_065753 / lib_ip.py:3753] file = img.20190509_065744.2019-05-09_05-39-25_000.png.4.png / val_Average = 79.9195	val_Variance = 7459.8155	sd = 86.3702	max = 178	min = 0
[20190509_065753 / lib_ip.py:4275] len(Hs) = 8100, len(Ss) = 8100, len(Vs) = 8100
[20190509_065753 / lib_ip.py:4314] pink : variance --> out of range (variance = 7459.815 / upper = 0.750 / lower = 0.030)
[20190509_065753 / lib_ip.py:3753] file = img.20190509_065744.2019-05-09_05-39-25_000.png.4.png / val_Average = 79.9195	val_Variance = 7459.8155	sd = 86.3702	max = 178	min = 0
[20190509_065753 / lib_ip.py:4378] len(Hs) = 8100, len(Ss) = 8100, len(Vs) = 8100
[20190509_065753 / lib_ip.py:4422] black : variance --> out of range (variance = 7459.815 / upper = 0.000 / lower = 0.000)
[20190509_065753 / lib_ip.py:4593] file : img.20190509_065744.2019-05-09_05-39-25_000.png.4.png 3 (black : variance --> out of range (variance = 7459.815 / upper = 0.000 / lower = 0.000))
[20190509_065751 / lib_ip.py:2274] inspecting ===> img.20190509_065744.2019-05-09_05-39-25_000.png.4.png
img.20190509_065744.2019-05-09_05-39-25_000.png.1.png => other
img.20190509_065744.2019-05-09_05-39-25_000.png.2.png => other
img.20190509_065744.2019-05-09_05-39-25_000.png.3.png => other
img.20190509_065744.2019-05-09_05-39-25_000.png.4.png => other
[20190509_065753 lib_ip.py:3301] =============== Get 4 corners
dpath_Images = C:\WORKS_2\WS\WS_Others.Art\JVEMV6\46_art\VIRTUAL\Admin_Projects\ip\images
fname_Image = img.20190509_065744.2019-05-09_05-39-25_000.png.4.png

[20190509_065754 / lib_ip.py:2274] inspecting ===> img.20190509_065754.2019-05-09_05-57-38_000.jpg.1.png
[20190509_065754 / lib_ip.py:4505] 
img.20190509_065754.2019-05-09_05-57-38_000.jpg.1.png 0 ---------------------
[20190509_065755 / lib_ip.py:3753] file = img.20190509_065754.2019-05-09_05-57-38_000.jpg.1.png / val_Average = 110.6026	val_Variance = 5.4010	sd = 2.3240	max = 120	min = 104
[20190509_065755 / lib_ip.py:3836] len(Hs) = 8100, len(Ss) = 8100, len(Vs) = 8100
[20190509_065755 / lib_ip.py:3869] yellow : variance --> out of range (variance = 5.401 / upper = 0.650 / lower = 0.000)
[20190509_065755 / lib_ip.py:3753] file = img.20190509_065754.2019-05-09_05-57-38_000.jpg.1.png / val_Average = 110.6026	val_Variance = 5.4010	sd = 2.3240	max = 120	min = 104
[20190509_065755 / lib_ip.py:3936] len(Hs) = 8100, len(Ss) = 8100, len(Vs) = 8100
[20190509_065755 / lib_ip.py:3982] red : variance --> out of range (variance = 5.401 / upper = 0.430 / lower = 0.000)
[20190509_065755 / lib_ip.py:3753] file = img.20190509_065754.2019-05-09_05-57-38_000.jpg.1.png / val_Average = 110.6026	val_Variance = 5.4010	sd = 2.3240	max = 120	min = 104
[20190509_065756 / lib_ip.py:4052] len(Hs) = 8100, len(Ss) = 8100, len(Vs) = 8100
[20190509_065756 / lib_ip.py:4099] green : variance --> out of range (variance = 5.401 / upper = 0.760 / lower = 0.000)
[20190509_065756 / lib_ip.py:3753] file = img.20190509_065754.2019-05-09_05-57-38_000.jpg.1.png / val_Average = 110.6026	val_Variance = 5.4010	sd = 2.3240	max = 120	min = 104
[20190509_065756 / lib_ip.py:4169] len(Hs) = 8100, len(Ss) = 8100, len(Vs) = 8100
[20190509_065756 / lib_ip.py:4208] blue : variance --> out of range (variance = 5.401 / upper = 0.930 / lower = 0.010)
[20190509_065756 / lib_ip.py:3753] file = img.20190509_065754.2019-05-09_05-57-38_000.jpg.1.png / val_Average = 110.6026	val_Variance = 5.4010	sd = 2.3240	max = 120	min = 104
[20190509_065756 / lib_ip.py:4275] len(Hs) = 8100, len(Ss) = 8100, len(Vs) = 8100
[20190509_065756 / lib_ip.py:4314] pink : variance --> out of range (variance = 5.401 / upper = 0.750 / lower = 0.030)
[20190509_065756 / lib_ip.py:3753] file = img.20190509_065754.2019-05-09_05-57-38_000.jpg.1.png / val_Average = 110.6026	val_Variance = 5.4010	sd = 2.3240	max = 120	min = 104
[20190509_065756 / lib_ip.py:4378] len(Hs) = 8100, len(Ss) = 8100, len(Vs) = 8100
[20190509_065757 / lib_ip.py:4422] black : variance --> out of range (variance = 5.401 / upper = 0.000 / lower = 0.000)
[20190509_065757 / lib_ip.py:4593] file : img.20190509_065754.2019-05-09_05-57-38_000.jpg.1.png 0 (black : variance --> out of range (variance = 5.401 / upper = 0.000 / lower = 0.000))
[20190509_065757 / lib_ip.py:2274] inspecting ===> img.20190509_065754.2019-05-09_05-57-38_000.jpg.2.png
[20190509_065757 / lib_ip.py:4505] 
img.20190509_065754.2019-05-09_05-57-38_000.jpg.2.png 1 ---------------------
[20190509_065758 / lib_ip.py:3753] file = img.20190509_065754.2019-05-09_05-57-38_000.jpg.2.png / val_Average = 76.3295	val_Variance = 0.2678	sd = 0.5175	max = 78	min = 75
[20190509_065758 / lib_ip.py:3836] len(Hs) = 8100, len(Ss) = 8100, len(Vs) = 8100
[20190509_065758 / lib_ip.py:3891] yellow : average --> out of range (average = 76.330 / upper = 99.200 / lower = 85.500)
[20190509_065758 / lib_ip.py:3753] file = img.20190509_065754.2019-05-09_05-57-38_000.jpg.2.png / val_Average = 76.3295	val_Variance = 0.2678	sd = 0.5175	max = 78	min = 75
[20190509_065758 / lib_ip.py:3936] len(Hs) = 8100, len(Ss) = 8100, len(Vs) = 8100
[20190509_065758 / lib_ip.py:4007] red : average --> out of range (average = 76.330 / upper = 124.600 / lower = 115.000)
[20190509_065758 / lib_ip.py:3753] file = img.20190509_065754.2019-05-09_05-57-38_000.jpg.2.png / val_Average = 76.3295	val_Variance = 0.2678	sd = 0.5175	max = 78	min = 75
[20190509_065758 / lib_ip.py:4052] len(Hs) = 8100, len(Ss) = 8100, len(Vs) = 8100
[20190509_065759 / lib_ip.py:2274] inspecting ===> img.20190509_065754.2019-05-09_05-57-38_000.jpg.3.png
[20190509_065759 / lib_ip.py:4505] 
img.20190509_065754.2019-05-09_05-57-38_000.jpg.3.png 2 ---------------------
[20190509_065759 / lib_ip.py:3753] file = img.20190509_065754.2019-05-09_05-57-38_000.jpg.3.png / val_Average = 102.3614	val_Variance = 3.2500	sd = 1.8028	max = 108	min = 98
[20190509_065759 / lib_ip.py:3836] len(Hs) = 8100, len(Ss) = 8100, len(Vs) = 8100
[20190509_065759 / lib_ip.py:3869] yellow : variance --> out of range (variance = 3.250 / upper = 0.650 / lower = 0.000)
[20190509_065759 / lib_ip.py:3753] file = img.20190509_065754.2019-05-09_05-57-38_000.jpg.3.png / val_Average = 102.3614	val_Variance = 3.2500	sd = 1.8028	max = 108	min = 98
[20190509_065759 / lib_ip.py:3936] len(Hs) = 8100, len(Ss) = 8100, len(Vs) = 8100
[20190509_065759 / lib_ip.py:3982] red : variance --> out of range (variance = 3.250 / upper = 0.430 / lower = 0.000)
[20190509_065759 / lib_ip.py:3753] file = img.20190509_065754.2019-05-09_05-57-38_000.jpg.3.png / val_Average = 102.3614	val_Variance = 3.2500	sd = 1.8028	max = 108	min = 98
[20190509_065759 / lib_ip.py:4052] len(Hs) = 8100, len(Ss) = 8100, len(Vs) = 8100
[20190509_065759 / lib_ip.py:4099] green : variance --> out of range (variance = 3.250 / upper = 0.760 / lower = 0.000)
[20190509_065759 / lib_ip.py:3753] file = img.20190509_065754.2019-05-09_05-57-38_000.jpg.3.png / val_Average = 102.3614	val_Variance = 3.2500	sd = 1.8028	max = 108	min = 98
[20190509_065800 / lib_ip.py:4169] len(Hs) = 8100, len(Ss) = 8100, len(Vs) = 8100
[20190509_065800 / lib_ip.py:4208] blue : variance --> out of range (variance = 3.250 / upper = 0.930 / lower = 0.010)
[20190509_065800 / lib_ip.py:3753] file = img.20190509_065754.2019-05-09_05-57-38_000.jpg.3.png / val_Average = 102.3614	val_Variance = 3.2500	sd = 1.8028	max = 108	min = 98
[20190509_065800 / lib_ip.py:4275] len(Hs) = 8100, len(Ss) = 8100, len(Vs) = 8100
[20190509_065800 / lib_ip.py:4314] pink : variance --> out of range (variance = 3.250 / upper = 0.750 / lower = 0.030)
[20190509_065800 / lib_ip.py:3753] file = img.20190509_065754.2019-05-09_05-57-38_000.jpg.3.png / val_Average = 102.3614	val_Variance = 3.2500	sd = 1.8028	max = 108	min = 98
[20190509_065800 / lib_ip.py:4378] len(Hs) = 8100, len(Ss) = 8100, len(Vs) = 8100
[20190509_065800 / lib_ip.py:4422] black : variance --> out of range (variance = 3.250 / upper = 0.000 / lower = 0.000)
[20190509_065800 / lib_ip.py:4593] file : img.20190509_065754.2019-05-09_05-57-38_000.jpg.3.png 2 (black : variance --> out of range (variance = 3.250 / upper = 0.000 / lower = 0.000))
[20190509_065800 / lib_ip.py:2274] inspecting ===> img.20190509_065754.2019-05-09_05-57-38_000.jpg.4.png
[20190509_065800 / lib_ip.py:4505] 
img.20190509_065754.2019-05-09_05-57-38_000.jpg.4.png 3 ---------------------
[20190509_065800 / lib_ip.py:3753] file = img.20190509_065754.2019-05-09_05-57-38_000.jpg.4.png / val_Average = 119.5328	val_Variance = 0.2519	sd = 0.5019	max = 121	min = 119
[20190509_065801 / lib_ip.py:3836] len(Hs) = 8100, len(Ss) = 8100, len(Vs) = 8100
[20190509_065801 / lib_ip.py:3891] yellow : average --> out of range (average = 119.533 / upper = 99.200 / lower = 85.500)
[20190509_065801 / lib_ip.py:3753] file = img.20190509_065754.2019-05-09_05-57-38_000.jpg.4.png / val_Average = 119.5328	val_Variance = 0.2519	sd = 0.5019	max = 121	min = 119
[20190509_065801 / lib_ip.py:3936] len(Hs) = 8100, len(Ss) = 8100, len(Vs) = 8100
[20190509_065800 / lib_ip.py:2274] inspecting ===> img.20190509_065754.2019-05-09_05-57-38_000.jpg.4.png
img.20190509_065754.2019-05-09_05-57-38_000.jpg.1.png => other
img.20190509_065754.2019-05-09_05-57-38_000.jpg.2.png => other
img.20190509_065754.2019-05-09_05-57-38_000.jpg.3.png => other
img.20190509_065754.2019-05-09_05-57-38_000.jpg.4.png => other
[20190509_065801 lib_ip.py:3301] =============== Get 4 corners
dpath_Images = C:\WORKS_2\WS\WS_Others.Art\JVEMV6\46_art\VIRTUAL\Admin_Projects\ip\images
fname_Image = img.20190509_065754.2019-05-09_05-57-38_000.jpg.4.png

[20190509_065802 / lib_ip.py:2274] inspecting ===> img.20190509_065801.2019-05-09_05-58-14_000.jpg.1.png
[20190509_065802 / lib_ip.py:4505] 
img.20190509_065801.2019-05-09_05-58-14_000.jpg.1.png 0 ---------------------
[20190509_065802 / lib_ip.py:3753] file = img.20190509_065801.2019-05-09_05-58-14_000.jpg.1.png / val_Average = 111.9611	val_Variance = 43.4280	sd = 6.5900	max = 137	min = 99
[20190509_065802 / lib_ip.py:3836] len(Hs) = 8100, len(Ss) = 8100, len(Vs) = 8100
[20190509_065802 / lib_ip.py:3869] yellow : variance --> out of range (variance = 43.428 / upper = 0.650 / lower = 0.000)
[20190509_065802 / lib_ip.py:3753] file = img.20190509_065801.2019-05-09_05-58-14_000.jpg.1.png / val_Average = 111.9611	val_Variance = 43.4280	sd = 6.5900	max = 137	min = 99
[20190509_065802 / lib_ip.py:3936] len(Hs) = 8100, len(Ss) = 8100, len(Vs) = 8100
[20190509_065802 / lib_ip.py:3982] red : variance --> out of range (variance = 43.428 / upper = 0.430 / lower = 0.000)
[20190509_065802 / lib_ip.py:3753] file = img.20190509_065801.2019-05-09_05-58-14_000.jpg.1.png / val_Average = 111.9611	val_Variance = 43.4280	sd = 6.5900	max = 137	min = 99
[20190509_065802 / lib_ip.py:4052] len(Hs) = 8100, len(Ss) = 8100, len(Vs) = 8100
[20190509_065802 / lib_ip.py:4099] green : variance --> out of range (variance = 43.428 / upper = 0.760 / lower = 0.000)
[20190509_065802 / lib_ip.py:3753] file = img.20190509_065801.2019-05-09_05-58-14_000.jpg.1.png / val_Average = 111.9611	val_Variance = 43.4280	sd = 6.5900	max = 137	min = 99
[20190509_065802 / lib_ip.py:4169] len(Hs) = 8100, len(Ss) = 8100, len(Vs) = 8100
[20190509_065802 / lib_ip.py:4208] blue : variance --> out of range (variance = 43.428 / upper = 0.930 / lower = 0.010)
[20190509_065803 / lib_ip.py:3753] file = img.20190509_065801.2019-05-09_05-58-14_000.jpg.1.png / val_Average = 111.9611	val_Variance = 43.4280	sd = 6.5900	max = 137	min = 99
[20190509_065803 / lib_ip.py:4275] len(Hs) = 8100, len(Ss) = 8100, len(Vs) = 8100
[20190509_065803 / lib_ip.py:4314] pink : variance --> out of range (variance = 43.428 / upper = 0.750 / lower = 0.030)
[20190509_065803 / lib_ip.py:3753] file = img.20190509_065801.2019-05-09_05-58-14_000.jpg.1.png / val_Average = 111.9611	val_Variance = 43.4280	sd = 6.5900	max = 137	min = 99
[20190509_065803 / lib_ip.py:4378] len(Hs) = 8100, len(Ss) = 8100, len(Vs) = 8100
[20190509_065803 / lib_ip.py:4422] black : variance --> out of range (variance = 43.428 / upper = 0.000 / lower = 0.000)
[20190509_065803 / lib_ip.py:4593] file : img.20190509_065801.2019-05-09_05-58-14_000.jpg.1.png 0 (black : variance --> out of range (variance = 43.428 / upper = 0.000 / lower = 0.000))
[20190509_065803 / lib_ip.py:2274] inspecting ===> img.20190509_065801.2019-05-09_05-58-14_000.jpg.2.png
[20190509_065803 / lib_ip.py:4505] 
img.20190509_065801.2019-05-09_05-58-14_000.jpg.2.png 1 ---------------------
[20190509_065803 / lib_ip.py:3753] file = img.20190509_065801.2019-05-09_05-58-14_000.jpg.2.png / val_Average = 77.2657	val_Variance = 0.2023	sd = 0.4497	max = 79	min = 76
[20190509_065804 / lib_ip.py:3836] len(Hs) = 8100, len(Ss) = 8100, len(Vs) = 8100
[20190509_065804 / lib_ip.py:3891] yellow : average --> out of range (average = 77.266 / upper = 99.200 / lower = 85.500)
[20190509_065804 / lib_ip.py:3753] file = img.20190509_065801.2019-05-09_05-58-14_000.jpg.2.png / val_Average = 77.2657	val_Variance = 0.2023	sd = 0.4497	max = 79	min = 76
[20190509_065804 / lib_ip.py:3936] len(Hs) = 8100, len(Ss) = 8100, len(Vs) = 8100
[20190509_065804 / lib_ip.py:4007] red : average --> out of range (average = 77.266 / upper = 124.600 / lower = 115.000)
[20190509_065804 / lib_ip.py:3753] file = img.20190509_065801.2019-05-09_05-58-14_000.jpg.2.png / val_Average = 77.2657	val_Variance = 0.2023	sd = 0.4497	max = 79	min = 76
[20190509_065804 / lib_ip.py:4052] len(Hs) = 8100, len(Ss) = 8100, len(Vs) = 8100
[20190509_065804 / lib_ip.py:2274] inspecting ===> img.20190509_065801.2019-05-09_05-58-14_000.jpg.3.png
[20190509_065804 / lib_ip.py:4505] 
img.20190509_065801.2019-05-09_05-58-14_000.jpg.3.png 2 ---------------------
[20190509_065804 / lib_ip.py:3753] file = img.20190509_065801.2019-05-09_05-58-14_000.jpg.3.png / val_Average = 101.6296	val_Variance = 3.6989	sd = 1.9232	max = 109	min = 95
[20190509_065804 / lib_ip.py:3836] len(Hs) = 8100, len(Ss) = 8100, len(Vs) = 8100
[20190509_065804 / lib_ip.py:3869] yellow : variance --> out of range (variance = 3.699 / upper = 0.650 / lower = 0.000)
[20190509_065805 / lib_ip.py:3753] file = img.20190509_065801.2019-05-09_05-58-14_000.jpg.3.png / val_Average = 101.6296	val_Variance = 3.6989	sd = 1.9232	max = 109	min = 95
[20190509_065805 / lib_ip.py:3936] len(Hs) = 8100, len(Ss) = 8100, len(Vs) = 8100
[20190509_065805 / lib_ip.py:3982] red : variance --> out of range (variance = 3.699 / upper = 0.430 / lower = 0.000)
[20190509_065805 / lib_ip.py:3753] file = img.20190509_065801.2019-05-09_05-58-14_000.jpg.3.png / val_Average = 101.6296	val_Variance = 3.6989	sd = 1.9232	max = 109	min = 95
[20190509_065805 / lib_ip.py:4052] len(Hs) = 8100, len(Ss) = 8100, len(Vs) = 8100
[20190509_065805 / lib_ip.py:4099] green : variance --> out of range (variance = 3.699 / upper = 0.760 / lower = 0.000)
[20190509_065805 / lib_ip.py:3753] file = img.20190509_065801.2019-05-09_05-58-14_000.jpg.3.png / val_Average = 101.6296	val_Variance = 3.6989	sd = 1.9232	max = 109	min = 95
[20190509_065805 / lib_ip.py:4169] len(Hs) = 8100, len(Ss) = 8100, len(Vs) = 8100
[20190509_065805 / lib_ip.py:4208] blue : variance --> out of range (variance = 3.699 / upper = 0.930 / lower = 0.010)
[20190509_065805 / lib_ip.py:3753] file = img.20190509_065801.2019-05-09_05-58-14_000.jpg.3.png / val_Average = 101.6296	val_Variance = 3.6989	sd = 1.9232	max = 109	min = 95
[20190509_065805 / lib_ip.py:4275] len(Hs) = 8100, len(Ss) = 8100, len(Vs) = 8100
[20190509_065805 / lib_ip.py:4314] pink : variance --> out of range (variance = 3.699 / upper = 0.750 / lower = 0.030)
[20190509_065805 / lib_ip.py:3753] file = img.20190509_065801.2019-05-09_05-58-14_000.jpg.3.png / val_Average = 101.6296	val_Variance = 3.6989	sd = 1.9232	max = 109	min = 95
[20190509_065805 / lib_ip.py:4378] len(Hs) = 8100, len(Ss) = 8100, len(Vs) = 8100
[20190509_065805 / lib_ip.py:4422] black : variance --> out of range (variance = 3.699 / upper = 0.000 / lower = 0.000)
[20190509_065805 / lib_ip.py:4593] file : img.20190509_065801.2019-05-09_05-58-14_000.jpg.3.png 2 (black : variance --> out of range (variance = 3.699 / upper = 0.000 / lower = 0.000))
[20190509_065805 / lib_ip.py:2274] inspecting ===> img.20190509_065801.2019-05-09_05-58-14_000.jpg.4.png
[20190509_065806 / lib_ip.py:4505] 
img.20190509_065801.2019-05-09_05-58-14_000.jpg.4.png 3 ---------------------
[20190509_065806 / lib_ip.py:3753] file = img.20190509_065801.2019-05-09_05-58-14_000.jpg.4.png / val_Average = 119.5231	val_Variance = 0.2845	sd = 0.5334	max = 121	min = 118
[20190509_065806 / lib_ip.py:3836] len(Hs) = 8100, len(Ss) = 8100, len(Vs) = 8100
[20190509_065806 / lib_ip.py:3891] yellow : average --> out of range (average = 119.523 / upper = 99.200 / lower = 85.500)
[20190509_065806 / lib_ip.py:3753] file = img.20190509_065801.2019-05-09_05-58-14_000.jpg.4.png / val_Average = 119.5231	val_Variance = 0.2845	sd = 0.5334	max = 121	min = 118
[20190509_065806 / lib_ip.py:3936] len(Hs) = 8100, len(Ss) = 8100, len(Vs) = 8100
[20190509_065805 / lib_ip.py:2274] inspecting ===> img.20190509_065801.2019-05-09_05-58-14_000.jpg.4.png
img.20190509_065801.2019-05-09_05-58-14_000.jpg.1.png => other
img.20190509_065801.2019-05-09_05-58-14_000.jpg.2.png => other
img.20190509_065801.2019-05-09_05-58-14_000.jpg.3.png => other
img.20190509_065801.2019-05-09_05-58-14_000.jpg.4.png => other
[20190509_065806 lib_ip.py:3301] =============== Get 4 corners
dpath_Images = C:\WORKS_2\WS\WS_Others.Art\JVEMV6\46_art\VIRTUAL\Admin_Projects\ip\images
fname_Image = img.20190509_065801.2019-05-09_05-58-14_000.jpg.4.png

[20190509_065807 / lib_ip.py:2274] inspecting ===> img.20190509_065807.2019-05-09_06-01-02_000.jpg.1.png
[20190509_065807 / lib_ip.py:4505] 
img.20190509_065807.2019-05-09_06-01-02_000.jpg.1.png 0 ---------------------
[20190509_065807 / lib_ip.py:3753] file = img.20190509_065807.2019-05-09_06-01-02_000.jpg.1.png / val_Average = 99.6402	val_Variance = 263.8326	sd = 16.2429	max = 123	min = 59
[20190509_065807 / lib_ip.py:3836] len(Hs) = 8100, len(Ss) = 8100, len(Vs) = 8100
[20190509_065807 / lib_ip.py:3869] yellow : variance --> out of range (variance = 263.833 / upper = 0.650 / lower = 0.000)
[20190509_065807 / lib_ip.py:3753] file = img.20190509_065807.2019-05-09_06-01-02_000.jpg.1.png / val_Average = 99.6402	val_Variance = 263.8326	sd = 16.2429	max = 123	min = 59
[20190509_065807 / lib_ip.py:3936] len(Hs) = 8100, len(Ss) = 8100, len(Vs) = 8100
[20190509_065808 / lib_ip.py:3982] red : variance --> out of range (variance = 263.833 / upper = 0.430 / lower = 0.000)
[20190509_065808 / lib_ip.py:3753] file = img.20190509_065807.2019-05-09_06-01-02_000.jpg.1.png / val_Average = 99.6402	val_Variance = 263.8326	sd = 16.2429	max = 123	min = 59
[20190509_065808 / lib_ip.py:4052] len(Hs) = 8100, len(Ss) = 8100, len(Vs) = 8100
[20190509_065808 / lib_ip.py:4099] green : variance --> out of range (variance = 263.833 / upper = 0.760 / lower = 0.000)
[20190509_065808 / lib_ip.py:3753] file = img.20190509_065807.2019-05-09_06-01-02_000.jpg.1.png / val_Average = 99.6402	val_Variance = 263.8326	sd = 16.2429	max = 123	min = 59
[20190509_065808 / lib_ip.py:4169] len(Hs) = 8100, len(Ss) = 8100, len(Vs) = 8100
[20190509_065808 / lib_ip.py:4208] blue : variance --> out of range (variance = 263.833 / upper = 0.930 / lower = 0.010)
[20190509_065808 / lib_ip.py:3753] file = img.20190509_065807.2019-05-09_06-01-02_000.jpg.1.png / val_Average = 99.6402	val_Variance = 263.8326	sd = 16.2429	max = 123	min = 59
[20190509_065808 / lib_ip.py:4275] len(Hs) = 8100, len(Ss) = 8100, len(Vs) = 8100
[20190509_065808 / lib_ip.py:4314] pink : variance --> out of range (variance = 263.833 / upper = 0.750 / lower = 0.030)
[20190509_065808 / lib_ip.py:3753] file = img.20190509_065807.2019-05-09_06-01-02_000.jpg.1.png / val_Average = 99.6402	val_Variance = 263.8326	sd = 16.2429	max = 123	min = 59
[20190509_065808 / lib_ip.py:4378] len(Hs) = 8100, len(Ss) = 8100, len(Vs) = 8100
[20190509_065808 / lib_ip.py:4422] black : variance --> out of range (variance = 263.833 / upper = 0.000 / lower = 0.000)
[20190509_065808 / lib_ip.py:4593] file : img.20190509_065807.2019-05-09_06-01-02_000.jpg.1.png 0 (black : variance --> out of range (variance = 263.833 / upper = 0.000 / lower = 0.000))
[20190509_065808 / lib_ip.py:2274] inspecting ===> img.20190509_065807.2019-05-09_06-01-02_000.jpg.2.png
[20190509_065809 / lib_ip.py:4505] 
img.20190509_065807.2019-05-09_06-01-02_000.jpg.2.png 1 ---------------------
[20190509_065809 / lib_ip.py:3753] file = img.20190509_065807.2019-05-09_06-01-02_000.jpg.2.png / val_Average = 121.0921	val_Variance = 0.5779	sd = 0.7602	max = 123	min = 118
[20190509_065809 / lib_ip.py:3836] len(Hs) = 8100, len(Ss) = 8100, len(Vs) = 8100
[20190509_065809 / lib_ip.py:3891] yellow : average --> out of range (average = 121.092 / upper = 99.200 / lower = 85.500)
[20190509_065809 / lib_ip.py:3753] file = img.20190509_065807.2019-05-09_06-01-02_000.jpg.2.png / val_Average = 121.0921	val_Variance = 0.5779	sd = 0.7602	max = 123	min = 118
[20190509_065809 / lib_ip.py:3936] len(Hs) = 8100, len(Ss) = 8100, len(Vs) = 8100
[20190509_065809 / lib_ip.py:3982] red : variance --> out of range (variance = 0.578 / upper = 0.430 / lower = 0.000)
[20190509_065809 / lib_ip.py:3753] file = img.20190509_065807.2019-05-09_06-01-02_000.jpg.2.png / val_Average = 121.0921	val_Variance = 0.5779	sd = 0.7602	max = 123	min = 118
[20190509_065809 / lib_ip.py:4052] len(Hs) = 8100, len(Ss) = 8100, len(Vs) = 8100
[20190509_065809 / lib_ip.py:4124] green : average --> out of range (average = 121.092 / upper = 85.000 / lower = 58.000)
[20190509_065810 / lib_ip.py:3753] file = img.20190509_065807.2019-05-09_06-01-02_000.jpg.2.png / val_Average = 121.0921	val_Variance = 0.5779	sd = 0.7602	max = 123	min = 118
[20190509_065810 / lib_ip.py:4169] len(Hs) = 8100, len(Ss) = 8100, len(Vs) = 8100
[20190509_065810 / lib_ip.py:4230] blue : average --> out of range (average = 121.092 / upper = 17.000 / lower = 8.850)
[20190509_065810 / lib_ip.py:3753] file = img.20190509_065807.2019-05-09_06-01-02_000.jpg.2.png / val_Average = 121.0921	val_Variance = 0.5779	sd = 0.7602	max = 123	min = 118
[20190509_065810 / lib_ip.py:4275] len(Hs) = 8100, len(Ss) = 8100, len(Vs) = 8100
[20190509_065810 / lib_ip.py:4336] pink : average --> out of range (average = 121.092 / upper = 141.000 / lower = 127.900)
[20190509_065810 / lib_ip.py:3753] file = img.20190509_065807.2019-05-09_06-01-02_000.jpg.2.png / val_Average = 121.0921	val_Variance = 0.5779	sd = 0.7602	max = 123	min = 118
[20190509_065810 / lib_ip.py:4378] len(Hs) = 8100, len(Ss) = 8100, len(Vs) = 8100
[20190509_065810 / lib_ip.py:4422] black : variance --> out of range (variance = 0.578 / upper = 0.000 / lower = 0.000)
[20190509_065810 / lib_ip.py:4593] file : img.20190509_065807.2019-05-09_06-01-02_000.jpg.2.png 1 (black : variance --> out of range (variance = 0.578 / upper = 0.000 / lower = 0.000))
[20190509_065810 / lib_ip.py:2274] inspecting ===> img.20190509_065807.2019-05-09_06-01-02_000.jpg.3.png
[20190509_065810 / lib_ip.py:4505] 
img.20190509_065807.2019-05-09_06-01-02_000.jpg.3.png 2 ---------------------
[20190509_065810 / lib_ip.py:3753] file = img.20190509_065807.2019-05-09_06-01-02_000.jpg.3.png / val_Average = 104.1638	val_Variance = 172.6758	sd = 13.1406	max = 160	min = 0
[20190509_065810 / lib_ip.py:3836] len(Hs) = 8100, len(Ss) = 8100, len(Vs) = 8100
[20190509_065810 / lib_ip.py:3869] yellow : variance --> out of range (variance = 172.676 / upper = 0.650 / lower = 0.000)
[20190509_065811 / lib_ip.py:3753] file = img.20190509_065807.2019-05-09_06-01-02_000.jpg.3.png / val_Average = 104.1638	val_Variance = 172.6758	sd = 13.1406	max = 160	min = 0
[20190509_065811 / lib_ip.py:3936] len(Hs) = 8100, len(Ss) = 8100, len(Vs) = 8100
[20190509_065811 / lib_ip.py:3982] red : variance --> out of range (variance = 172.676 / upper = 0.430 / lower = 0.000)
[20190509_065811 / lib_ip.py:3753] file = img.20190509_065807.2019-05-09_06-01-02_000.jpg.3.png / val_Average = 104.1638	val_Variance = 172.6758	sd = 13.1406	max = 160	min = 0
[20190509_065811 / lib_ip.py:4052] len(Hs) = 8100, len(Ss) = 8100, len(Vs) = 8100
[20190509_065811 / lib_ip.py:4099] green : variance --> out of range (variance = 172.676 / upper = 0.760 / lower = 0.000)
[20190509_065811 / lib_ip.py:3753] file = img.20190509_065807.2019-05-09_06-01-02_000.jpg.3.png / val_Average = 104.1638	val_Variance = 172.6758	sd = 13.1406	max = 160	min = 0
[20190509_065811 / lib_ip.py:4169] len(Hs) = 8100, len(Ss) = 8100, len(Vs) = 8100
[20190509_065811 / lib_ip.py:4208] blue : variance --> out of range (variance = 172.676 / upper = 0.930 / lower = 0.010)
[20190509_065811 / lib_ip.py:3753] file = img.20190509_065807.2019-05-09_06-01-02_000.jpg.3.png / val_Average = 104.1638	val_Variance = 172.6758	sd = 13.1406	max = 160	min = 0
[20190509_065811 / lib_ip.py:4275] len(Hs) = 8100, len(Ss) = 8100, len(Vs) = 8100
[20190509_065811 / lib_ip.py:4314] pink : variance --> out of range (variance = 172.676 / upper = 0.750 / lower = 0.030)
[20190509_065811 / lib_ip.py:3753] file = img.20190509_065807.2019-05-09_06-01-02_000.jpg.3.png / val_Average = 104.1638	val_Variance = 172.6758	sd = 13.1406	max = 160	min = 0
[20190509_065811 / lib_ip.py:4378] len(Hs) = 8100, len(Ss) = 8100, len(Vs) = 8100
[20190509_065811 / lib_ip.py:4422] black : variance --> out of range (variance = 172.676 / upper = 0.000 / lower = 0.000)
[20190509_065811 / lib_ip.py:4593] file : img.20190509_065807.2019-05-09_06-01-02_000.jpg.3.png 2 (black : variance --> out of range (variance = 172.676 / upper = 0.000 / lower = 0.000))
[20190509_065812 / lib_ip.py:2274] inspecting ===> img.20190509_065807.2019-05-09_06-01-02_000.jpg.4.png
[20190509_065812 / lib_ip.py:4505] 
img.20190509_065807.2019-05-09_06-01-02_000.jpg.4.png 3 ---------------------
[20190509_065812 / lib_ip.py:3753] file = img.20190509_065807.2019-05-09_06-01-02_000.jpg.4.png / val_Average = 108.4520	val_Variance = 3.7855	sd = 1.9456	max = 115	min = 100
[20190509_065812 / lib_ip.py:3836] len(Hs) = 8100, len(Ss) = 8100, len(Vs) = 8100
[20190509_065812 / lib_ip.py:3869] yellow : variance --> out of range (variance = 3.785 / upper = 0.650 / lower = 0.000)
[20190509_065812 / lib_ip.py:3753] file = img.20190509_065807.2019-05-09_06-01-02_000.jpg.4.png / val_Average = 108.4520	val_Variance = 3.7855	sd = 1.9456	max = 115	min = 100
[20190509_065812 / lib_ip.py:3936] len(Hs) = 8100, len(Ss) = 8100, len(Vs) = 8100
[20190509_065812 / lib_ip.py:3982] red : variance --> out of range (variance = 3.785 / upper = 0.430 / lower = 0.000)
[20190509_065812 / lib_ip.py:3753] file = img.20190509_065807.2019-05-09_06-01-02_000.jpg.4.png / val_Average = 108.4520	val_Variance = 3.7855	sd = 1.9456	max = 115	min = 100
[20190509_065812 / lib_ip.py:4052] len(Hs) = 8100, len(Ss) = 8100, len(Vs) = 8100
[20190509_065812 / lib_ip.py:4099] green : variance --> out of range (variance = 3.785 / upper = 0.760 / lower = 0.000)
[20190509_065813 / lib_ip.py:3753] file = img.20190509_065807.2019-05-09_06-01-02_000.jpg.4.png / val_Average = 108.4520	val_Variance = 3.7855	sd = 1.9456	max = 115	min = 100
[20190509_065813 / lib_ip.py:4169] len(Hs) = 8100, len(Ss) = 8100, len(Vs) = 8100
[20190509_065813 / lib_ip.py:4208] blue : variance --> out of range (variance = 3.785 / upper = 0.930 / lower = 0.010)
[20190509_065813 / lib_ip.py:3753] file = img.20190509_065807.2019-05-09_06-01-02_000.jpg.4.png / val_Average = 108.4520	val_Variance = 3.7855	sd = 1.9456	max = 115	min = 100
[20190509_065813 / lib_ip.py:4275] len(Hs) = 8100, len(Ss) = 8100, len(Vs) = 8100
[20190509_065813 / lib_ip.py:4314] pink : variance --> out of range (variance = 3.785 / upper = 0.750 / lower = 0.030)
[20190509_065813 / lib_ip.py:3753] file = img.20190509_065807.2019-05-09_06-01-02_000.jpg.4.png / val_Average = 108.4520	val_Variance = 3.7855	sd = 1.9456	max = 115	min = 100
[20190509_065813 / lib_ip.py:4378] len(Hs) = 8100, len(Ss) = 8100, len(Vs) = 8100
[20190509_065813 / lib_ip.py:4422] black : variance --> out of range (variance = 3.785 / upper = 0.000 / lower = 0.000)
[20190509_065813 / lib_ip.py:4593] file : img.20190509_065807.2019-05-09_06-01-02_000.jpg.4.png 3 (black : variance --> out of range (variance = 3.785 / upper = 0.000 / lower = 0.000))
[20190509_065812 / lib_ip.py:2274] inspecting ===> img.20190509_065807.2019-05-09_06-01-02_000.jpg.4.png
img.20190509_065807.2019-05-09_06-01-02_000.jpg.1.png => other
img.20190509_065807.2019-05-09_06-01-02_000.jpg.2.png => other
img.20190509_065807.2019-05-09_06-01-02_000.jpg.3.png => other
img.20190509_065807.2019-05-09_06-01-02_000.jpg.4.png => other
[20190509_065813 lib_ip.py:3301] =============== Get 4 corners
dpath_Images = C:\WORKS_2\WS\WS_Others.Art\JVEMV6\46_art\VIRTUAL\Admin_Projects\ip\images
fname_Image = img.20190509_065807.2019-05-09_06-01-02_000.jpg.4.png

[20190509_065813 / views.py:1411] gen csv => complete (20190509_065813)(elapsed = 103.600 sec / 10 files / 10.360 sec per file)
1)	2019-05-08_12-48-01_000.jpg => 	other yellow other black 
2)	2019-05-08_18-37-47_000.jpg => 	other other other red 
3)	2019-05-08_18-38-24_000.jpg => 	other other other red 
4)	2019-05-08_18-43-29_000.jpg => 	other other other red 
5)	2019-05-08_20-26-04_000.jpg => 	other other yellow other 
6)	2019-05-09_01-28-20_000.jpg => 	other other other other 
7)	2019-05-09_05-39-25_000.png => 	other other other other 
8)	2019-05-09_05-57-38_000.jpg => 	other green other red 
9)	2019-05-09_05-58-14_000.jpg => 	other green other red 
10)	2019-05-09_06-01-02_000.jpg => 	other other other other 
[20190509_065813 / views.py:1753] lo_ColorName_Set__Modified_2 =>
1)	2019-05-08_12-48-01_000.jpg => 	a o o y 
2)	2019-05-08_18-37-47_000.jpg => 	o o o r 
3)	2019-05-08_18-38-24_000.jpg => 	o o o r 
4)	2019-05-08_18-43-29_000.jpg => 	o o o r 
5)	2019-05-08_20-26-04_000.jpg => 	o o o y 
6)	2019-05-09_01-28-20_000.jpg => 	o o o o 
7)	2019-05-09_05-39-25_000.png => 	o o o o 
8)	2019-05-09_05-57-38_000.jpg => 	g o o r 
9)	2019-05-09_05-58-14_000.jpg => 	g o o r 
10)	2019-05-09_06-01-02_000.jpg => 	o o o o 
[20190509_065814 / lib_ip.py:4789] no key 'GPSInfo' for file : C:\WORKS_2\WS\WS_Others.Art\JVEMV6\46_art\VIRTUAL\Admin_Projects\ip\images\2019-05-09_05-39-25_000.png
[20190509_065815 / views.py:1839] gen_Cake_CSV(request) ==> ending... =======================//

