[20181107_081958 / views.py:1877] gen_Cake_CSV(request) ==> starting... =======================
[20181107_082001 / lib_ip.py:2273] inspecting ===> img.20181107_082000.2018-11-06_15-14-19_000.jpg.1.png
[20181107_082001 / lib_ip.py:4331] 
img.20181107_082000.2018-11-06_15-14-19_000.jpg.1.png 0 ---------------------
[20181107_082001 / lib_ip.py:3794] file = img.20181107_082000.2018-11-06_15-14-19_000.jpg.1.png / val_Average = 111.8819	val_Variance = 21.0269	sd = 4.5855	max = 120	min = 100
[20181107_082001 / lib_ip.py:3877] len(Hs) = 8100, len(Ss) = 8100, len(Vs) = 8100
[20181107_082001 / lib_ip.py:3910] yellow : variance --> out of range (variance = 21.027 / upper = 0.650 / lower = 0.000)
[20181107_082001 / lib_ip.py:3794] file = img.20181107_082000.2018-11-06_15-14-19_000.jpg.1.png / val_Average = 111.8819	val_Variance = 21.0269	sd = 4.5855	max = 120	min = 100
[20181107_082001 / lib_ip.py:3977] len(Hs) = 8100, len(Ss) = 8100, len(Vs) = 8100
[20181107_082001 / lib_ip.py:4023] red : variance --> out of range (variance = 21.027 / upper = 0.430 / lower = 0.000)
[20181107_082001 / lib_ip.py:3794] file = img.20181107_082000.2018-11-06_15-14-19_000.jpg.1.png / val_Average = 111.8819	val_Variance = 21.0269	sd = 4.5855	max = 120	min = 100
[20181107_082002 / lib_ip.py:4090] len(Hs) = 8100, len(Ss) = 8100, len(Vs) = 8100
[20181107_082002 / lib_ip.py:4137] green : variance --> out of range (variance = 21.027 / upper = 0.760 / lower = 0.000)
[20181107_082002 / lib_ip.py:3794] file = img.20181107_082000.2018-11-06_15-14-19_000.jpg.1.png / val_Average = 111.8819	val_Variance = 21.0269	sd = 4.5855	max = 120	min = 100
[20181107_082002 / lib_ip.py:4204] len(Hs) = 8100, len(Ss) = 8100, len(Vs) = 8100
[20181107_082002 / lib_ip.py:4248] black : variance --> out of range (variance = 21.027 / upper = 0.000 / lower = 0.000)
[20181107_082002 / lib_ip.py:4399] file : img.20181107_082000.2018-11-06_15-14-19_000.jpg.1.png 0 (black : variance --> out of range (variance = 21.027 / upper = 0.000 / lower = 0.000))
[20181107_082002 / lib_ip.py:2273] inspecting ===> img.20181107_082000.2018-11-06_15-14-19_000.jpg.2.png
[20181107_082002 / lib_ip.py:4331] 
img.20181107_082000.2018-11-06_15-14-19_000.jpg.2.png 1 ---------------------
[20181107_082002 / lib_ip.py:3794] file = img.20181107_082000.2018-11-06_15-14-19_000.jpg.2.png / val_Average = 100.3123	val_Variance = 4.1857	sd = 2.0459	max = 106	min = 94
[20181107_082002 / lib_ip.py:3877] len(Hs) = 8100, len(Ss) = 8100, len(Vs) = 8100
[20181107_082002 / lib_ip.py:3910] yellow : variance --> out of range (variance = 4.186 / upper = 0.650 / lower = 0.000)
[20181107_082002 / lib_ip.py:3794] file = img.20181107_082000.2018-11-06_15-14-19_000.jpg.2.png / val_Average = 100.3123	val_Variance = 4.1857	sd = 2.0459	max = 106	min = 94
[20181107_082002 / lib_ip.py:3977] len(Hs) = 8100, len(Ss) = 8100, len(Vs) = 8100
[20181107_082003 / lib_ip.py:4023] red : variance --> out of range (variance = 4.186 / upper = 0.430 / lower = 0.000)
[20181107_082003 / lib_ip.py:3794] file = img.20181107_082000.2018-11-06_15-14-19_000.jpg.2.png / val_Average = 100.3123	val_Variance = 4.1857	sd = 2.0459	max = 106	min = 94
[20181107_082003 / lib_ip.py:4090] len(Hs) = 8100, len(Ss) = 8100, len(Vs) = 8100
[20181107_082003 / lib_ip.py:4137] green : variance --> out of range (variance = 4.186 / upper = 0.760 / lower = 0.000)
[20181107_082003 / lib_ip.py:3794] file = img.20181107_082000.2018-11-06_15-14-19_000.jpg.2.png / val_Average = 100.3123	val_Variance = 4.1857	sd = 2.0459	max = 106	min = 94
[20181107_082003 / lib_ip.py:4204] len(Hs) = 8100, len(Ss) = 8100, len(Vs) = 8100
[20181107_082003 / lib_ip.py:4248] black : variance --> out of range (variance = 4.186 / upper = 0.000 / lower = 0.000)
[20181107_082003 / lib_ip.py:4399] file : img.20181107_082000.2018-11-06_15-14-19_000.jpg.2.png 1 (black : variance --> out of range (variance = 4.186 / upper = 0.000 / lower = 0.000))
[20181107_082003 / lib_ip.py:2273] inspecting ===> img.20181107_082000.2018-11-06_15-14-19_000.jpg.3.png
[20181107_082004 / lib_ip.py:4331] 
img.20181107_082000.2018-11-06_15-14-19_000.jpg.3.png 2 ---------------------
[20181107_082004 / lib_ip.py:3794] file = img.20181107_082000.2018-11-06_15-14-19_000.jpg.3.png / val_Average = 75.1449	val_Variance = 0.1363	sd = 0.3692	max = 76	min = 74
[20181107_082004 / lib_ip.py:3877] len(Hs) = 8100, len(Ss) = 8100, len(Vs) = 8100
[20181107_082004 / lib_ip.py:3932] yellow : average --> out of range (average = 75.145 / upper = 99.200 / lower = 88.000)
[20181107_082004 / lib_ip.py:3794] file = img.20181107_082000.2018-11-06_15-14-19_000.jpg.3.png / val_Average = 75.1449	val_Variance = 0.1363	sd = 0.3692	max = 76	min = 74
[20181107_082004 / lib_ip.py:3977] len(Hs) = 8100, len(Ss) = 8100, len(Vs) = 8100
[20181107_082004 / lib_ip.py:4048] red : average --> out of range (average = 75.145 / upper = 124.000 / lower = 115.000)
[20181107_082004 / lib_ip.py:3794] file = img.20181107_082000.2018-11-06_15-14-19_000.jpg.3.png / val_Average = 75.1449	val_Variance = 0.1363	sd = 0.3692	max = 76	min = 74
[20181107_082004 / lib_ip.py:4090] len(Hs) = 8100, len(Ss) = 8100, len(Vs) = 8100
[20181107_082004 / lib_ip.py:2273] inspecting ===> img.20181107_082000.2018-11-06_15-14-19_000.jpg.4.png
[20181107_082005 / lib_ip.py:4331] 
img.20181107_082000.2018-11-06_15-14-19_000.jpg.4.png 3 ---------------------
[20181107_082005 / lib_ip.py:3794] file = img.20181107_082000.2018-11-06_15-14-19_000.jpg.4.png / val_Average = 76.8504	val_Variance = 0.1292	sd = 0.3595	max = 78	min = 76
[20181107_082005 / lib_ip.py:3877] len(Hs) = 8100, len(Ss) = 8100, len(Vs) = 8100
[20181107_082005 / lib_ip.py:3932] yellow : average --> out of range (average = 76.850 / upper = 99.200 / lower = 88.000)
[20181107_082005 / lib_ip.py:3794] file = img.20181107_082000.2018-11-06_15-14-19_000.jpg.4.png / val_Average = 76.8504	val_Variance = 0.1292	sd = 0.3595	max = 78	min = 76
[20181107_082005 / lib_ip.py:3977] len(Hs) = 8100, len(Ss) = 8100, len(Vs) = 8100
[20181107_082005 / lib_ip.py:4048] red : average --> out of range (average = 76.850 / upper = 124.000 / lower = 115.000)
[20181107_082005 / lib_ip.py:3794] file = img.20181107_082000.2018-11-06_15-14-19_000.jpg.4.png / val_Average = 76.8504	val_Variance = 0.1292	sd = 0.3595	max = 78	min = 76
[20181107_082005 / lib_ip.py:4090] len(Hs) = 8100, len(Ss) = 8100, len(Vs) = 8100
[20181107_082004 / lib_ip.py:2273] inspecting ===> img.20181107_082000.2018-11-06_15-14-19_000.jpg.4.png
img.20181107_082000.2018-11-06_15-14-19_000.jpg.1.png => other
img.20181107_082000.2018-11-06_15-14-19_000.jpg.2.png => other
img.20181107_082000.2018-11-06_15-14-19_000.jpg.3.png => other
img.20181107_082000.2018-11-06_15-14-19_000.jpg.4.png => other
[20181107_082005 lib_ip.py:3300] =============== Get 4 corners
dpath_Images = C:\WORKS_2\WS\WS_Others.Art\JVEMV6\46_art\VIRTUAL\Admin_Projects\ip\images
fname_Image = img.20181107_082000.2018-11-06_15-14-19_000.jpg.4.png

[20181107_082006 / lib_ip.py:2273] inspecting ===> img.20181107_082006.2018-11-06_15-42-36_000.jpg.1.png
[20181107_082006 / lib_ip.py:4331] 
img.20181107_082006.2018-11-06_15-42-36_000.jpg.1.png 0 ---------------------
[20181107_082006 / lib_ip.py:3794] file = img.20181107_082006.2018-11-06_15-42-36_000.jpg.1.png / val_Average = 105.1190	val_Variance = 242.4992	sd = 15.5724	max = 168	min = 0
[20181107_082006 / lib_ip.py:3877] len(Hs) = 8100, len(Ss) = 8100, len(Vs) = 8100
[20181107_082006 / lib_ip.py:3910] yellow : variance --> out of range (variance = 242.499 / upper = 0.650 / lower = 0.000)
[20181107_082006 / lib_ip.py:3794] file = img.20181107_082006.2018-11-06_15-42-36_000.jpg.1.png / val_Average = 105.1190	val_Variance = 242.4992	sd = 15.5724	max = 168	min = 0
[20181107_082006 / lib_ip.py:3977] len(Hs) = 8100, len(Ss) = 8100, len(Vs) = 8100
[20181107_082007 / lib_ip.py:4023] red : variance --> out of range (variance = 242.499 / upper = 0.430 / lower = 0.000)
[20181107_082007 / lib_ip.py:3794] file = img.20181107_082006.2018-11-06_15-42-36_000.jpg.1.png / val_Average = 105.1190	val_Variance = 242.4992	sd = 15.5724	max = 168	min = 0
[20181107_082007 / lib_ip.py:4090] len(Hs) = 8100, len(Ss) = 8100, len(Vs) = 8100
[20181107_082007 / lib_ip.py:4137] green : variance --> out of range (variance = 242.499 / upper = 0.760 / lower = 0.000)
[20181107_082007 / lib_ip.py:3794] file = img.20181107_082006.2018-11-06_15-42-36_000.jpg.1.png / val_Average = 105.1190	val_Variance = 242.4992	sd = 15.5724	max = 168	min = 0
[20181107_082007 / lib_ip.py:4204] len(Hs) = 8100, len(Ss) = 8100, len(Vs) = 8100
[20181107_082007 / lib_ip.py:4248] black : variance --> out of range (variance = 242.499 / upper = 0.000 / lower = 0.000)
[20181107_082007 / lib_ip.py:4399] file : img.20181107_082006.2018-11-06_15-42-36_000.jpg.1.png 0 (black : variance --> out of range (variance = 242.499 / upper = 0.000 / lower = 0.000))
[20181107_082007 / lib_ip.py:2273] inspecting ===> img.20181107_082006.2018-11-06_15-42-36_000.jpg.2.png
[20181107_082007 / lib_ip.py:4331] 
img.20181107_082006.2018-11-06_15-42-36_000.jpg.2.png 1 ---------------------
[20181107_082008 / lib_ip.py:3794] file = img.20181107_082006.2018-11-06_15-42-36_000.jpg.2.png / val_Average = 111.8727	val_Variance = 8.6111	sd = 2.9345	max = 120	min = 99
[20181107_082008 / lib_ip.py:3877] len(Hs) = 8100, len(Ss) = 8100, len(Vs) = 8100
[20181107_082008 / lib_ip.py:3910] yellow : variance --> out of range (variance = 8.611 / upper = 0.650 / lower = 0.000)
[20181107_082008 / lib_ip.py:3794] file = img.20181107_082006.2018-11-06_15-42-36_000.jpg.2.png / val_Average = 111.8727	val_Variance = 8.6111	sd = 2.9345	max = 120	min = 99
[20181107_082008 / lib_ip.py:3977] len(Hs) = 8100, len(Ss) = 8100, len(Vs) = 8100
[20181107_082008 / lib_ip.py:4023] red : variance --> out of range (variance = 8.611 / upper = 0.430 / lower = 0.000)
[20181107_082008 / lib_ip.py:3794] file = img.20181107_082006.2018-11-06_15-42-36_000.jpg.2.png / val_Average = 111.8727	val_Variance = 8.6111	sd = 2.9345	max = 120	min = 99
[20181107_082008 / lib_ip.py:4090] len(Hs) = 8100, len(Ss) = 8100, len(Vs) = 8100
[20181107_082008 / lib_ip.py:4137] green : variance --> out of range (variance = 8.611 / upper = 0.760 / lower = 0.000)
[20181107_082008 / lib_ip.py:3794] file = img.20181107_082006.2018-11-06_15-42-36_000.jpg.2.png / val_Average = 111.8727	val_Variance = 8.6111	sd = 2.9345	max = 120	min = 99
[20181107_082008 / lib_ip.py:4204] len(Hs) = 8100, len(Ss) = 8100, len(Vs) = 8100
[20181107_082008 / lib_ip.py:4248] black : variance --> out of range (variance = 8.611 / upper = 0.000 / lower = 0.000)
[20181107_082008 / lib_ip.py:4399] file : img.20181107_082006.2018-11-06_15-42-36_000.jpg.2.png 1 (black : variance --> out of range (variance = 8.611 / upper = 0.000 / lower = 0.000))
[20181107_082008 / lib_ip.py:2273] inspecting ===> img.20181107_082006.2018-11-06_15-42-36_000.jpg.3.png
[20181107_082009 / lib_ip.py:4331] 
img.20181107_082006.2018-11-06_15-42-36_000.jpg.3.png 2 ---------------------
[20181107_082009 / lib_ip.py:3794] file = img.20181107_082006.2018-11-06_15-42-36_000.jpg.3.png / val_Average = 120.0965	val_Variance = 0.1336	sd = 0.3656	max = 121	min = 119
[20181107_082009 / lib_ip.py:3877] len(Hs) = 8100, len(Ss) = 8100, len(Vs) = 8100
[20181107_082009 / lib_ip.py:3932] yellow : average --> out of range (average = 120.097 / upper = 99.200 / lower = 88.000)
[20181107_082009 / lib_ip.py:3794] file = img.20181107_082006.2018-11-06_15-42-36_000.jpg.3.png / val_Average = 120.0965	val_Variance = 0.1336	sd = 0.3656	max = 121	min = 119
[20181107_082009 / lib_ip.py:3977] len(Hs) = 8100, len(Ss) = 8100, len(Vs) = 8100
[20181107_082009 / lib_ip.py:2273] inspecting ===> img.20181107_082006.2018-11-06_15-42-36_000.jpg.4.png
[20181107_082010 / lib_ip.py:4331] 
img.20181107_082006.2018-11-06_15-42-36_000.jpg.4.png 3 ---------------------
[20181107_082010 / lib_ip.py:3794] file = img.20181107_082006.2018-11-06_15-42-36_000.jpg.4.png / val_Average = 78.8809	val_Variance = 0.1274	sd = 0.3569	max = 80	min = 77
[20181107_082010 / lib_ip.py:3877] len(Hs) = 8100, len(Ss) = 8100, len(Vs) = 8100
[20181107_082010 / lib_ip.py:3932] yellow : average --> out of range (average = 78.881 / upper = 99.200 / lower = 88.000)
[20181107_082010 / lib_ip.py:3794] file = img.20181107_082006.2018-11-06_15-42-36_000.jpg.4.png / val_Average = 78.8809	val_Variance = 0.1274	sd = 0.3569	max = 80	min = 77
[20181107_082010 / lib_ip.py:3977] len(Hs) = 8100, len(Ss) = 8100, len(Vs) = 8100
[20181107_082010 / lib_ip.py:4048] red : average --> out of range (average = 78.881 / upper = 124.000 / lower = 115.000)
[20181107_082010 / lib_ip.py:3794] file = img.20181107_082006.2018-11-06_15-42-36_000.jpg.4.png / val_Average = 78.8809	val_Variance = 0.1274	sd = 0.3569	max = 80	min = 77
[20181107_082010 / lib_ip.py:4090] len(Hs) = 8100, len(Ss) = 8100, len(Vs) = 8100
[20181107_082009 / lib_ip.py:2273] inspecting ===> img.20181107_082006.2018-11-06_15-42-36_000.jpg.4.png
img.20181107_082006.2018-11-06_15-42-36_000.jpg.1.png => other
img.20181107_082006.2018-11-06_15-42-36_000.jpg.2.png => other
img.20181107_082006.2018-11-06_15-42-36_000.jpg.3.png => other
img.20181107_082006.2018-11-06_15-42-36_000.jpg.4.png => other
[20181107_082010 lib_ip.py:3300] =============== Get 4 corners
dpath_Images = C:\WORKS_2\WS\WS_Others.Art\JVEMV6\46_art\VIRTUAL\Admin_Projects\ip\images
fname_Image = img.20181107_082006.2018-11-06_15-42-36_000.jpg.4.png

[20181107_082011 / lib_ip.py:2273] inspecting ===> img.20181107_082011.2018-11-06_16-17-01_000.jpg.1.png
[20181107_082011 / lib_ip.py:4331] 
img.20181107_082011.2018-11-06_16-17-01_000.jpg.1.png 0 ---------------------
[20181107_082011 / lib_ip.py:3794] file = img.20181107_082011.2018-11-06_16-17-01_000.jpg.1.png / val_Average = 106.3915	val_Variance = 7.8301	sd = 2.7982	max = 120	min = 98
[20181107_082011 / lib_ip.py:3877] len(Hs) = 8100, len(Ss) = 8100, len(Vs) = 8100
[20181107_082011 / lib_ip.py:3910] yellow : variance --> out of range (variance = 7.830 / upper = 0.650 / lower = 0.000)
[20181107_082011 / lib_ip.py:3794] file = img.20181107_082011.2018-11-06_16-17-01_000.jpg.1.png / val_Average = 106.3915	val_Variance = 7.8301	sd = 2.7982	max = 120	min = 98
[20181107_082011 / lib_ip.py:3977] len(Hs) = 8100, len(Ss) = 8100, len(Vs) = 8100
[20181107_082011 / lib_ip.py:4023] red : variance --> out of range (variance = 7.830 / upper = 0.430 / lower = 0.000)
[20181107_082012 / lib_ip.py:3794] file = img.20181107_082011.2018-11-06_16-17-01_000.jpg.1.png / val_Average = 106.3915	val_Variance = 7.8301	sd = 2.7982	max = 120	min = 98
[20181107_082012 / lib_ip.py:4090] len(Hs) = 8100, len(Ss) = 8100, len(Vs) = 8100
[20181107_082012 / lib_ip.py:4137] green : variance --> out of range (variance = 7.830 / upper = 0.760 / lower = 0.000)
[20181107_082012 / lib_ip.py:3794] file = img.20181107_082011.2018-11-06_16-17-01_000.jpg.1.png / val_Average = 106.3915	val_Variance = 7.8301	sd = 2.7982	max = 120	min = 98
[20181107_082012 / lib_ip.py:4204] len(Hs) = 8100, len(Ss) = 8100, len(Vs) = 8100
[20181107_082012 / lib_ip.py:4248] black : variance --> out of range (variance = 7.830 / upper = 0.000 / lower = 0.000)
[20181107_082012 / lib_ip.py:4399] file : img.20181107_082011.2018-11-06_16-17-01_000.jpg.1.png 0 (black : variance --> out of range (variance = 7.830 / upper = 0.000 / lower = 0.000))
[20181107_082012 / lib_ip.py:2273] inspecting ===> img.20181107_082011.2018-11-06_16-17-01_000.jpg.2.png
[20181107_082013 / lib_ip.py:4331] 
img.20181107_082011.2018-11-06_16-17-01_000.jpg.2.png 1 ---------------------
[20181107_082013 / lib_ip.py:3794] file = img.20181107_082011.2018-11-06_16-17-01_000.jpg.2.png / val_Average = 117.3512	val_Variance = 36.6121	sd = 6.0508	max = 140	min = 94
[20181107_082013 / lib_ip.py:3877] len(Hs) = 8100, len(Ss) = 8100, len(Vs) = 8100
[20181107_082013 / lib_ip.py:3910] yellow : variance --> out of range (variance = 36.612 / upper = 0.650 / lower = 0.000)
[20181107_082013 / lib_ip.py:3794] file = img.20181107_082011.2018-11-06_16-17-01_000.jpg.2.png / val_Average = 117.3512	val_Variance = 36.6121	sd = 6.0508	max = 140	min = 94
[20181107_082013 / lib_ip.py:3977] len(Hs) = 8100, len(Ss) = 8100, len(Vs) = 8100
[20181107_082013 / lib_ip.py:4023] red : variance --> out of range (variance = 36.612 / upper = 0.430 / lower = 0.000)
[20181107_082013 / lib_ip.py:3794] file = img.20181107_082011.2018-11-06_16-17-01_000.jpg.2.png / val_Average = 117.3512	val_Variance = 36.6121	sd = 6.0508	max = 140	min = 94
[20181107_082013 / lib_ip.py:4090] len(Hs) = 8100, len(Ss) = 8100, len(Vs) = 8100
[20181107_082014 / lib_ip.py:4137] green : variance --> out of range (variance = 36.612 / upper = 0.760 / lower = 0.000)
[20181107_082014 / lib_ip.py:3794] file = img.20181107_082011.2018-11-06_16-17-01_000.jpg.2.png / val_Average = 117.3512	val_Variance = 36.6121	sd = 6.0508	max = 140	min = 94
[20181107_082014 / lib_ip.py:4204] len(Hs) = 8100, len(Ss) = 8100, len(Vs) = 8100
[20181107_082014 / lib_ip.py:4248] black : variance --> out of range (variance = 36.612 / upper = 0.000 / lower = 0.000)
[20181107_082014 / lib_ip.py:4399] file : img.20181107_082011.2018-11-06_16-17-01_000.jpg.2.png 1 (black : variance --> out of range (variance = 36.612 / upper = 0.000 / lower = 0.000))
[20181107_082014 / lib_ip.py:2273] inspecting ===> img.20181107_082011.2018-11-06_16-17-01_000.jpg.3.png
[20181107_082015 / lib_ip.py:4331] 
img.20181107_082011.2018-11-06_16-17-01_000.jpg.3.png 2 ---------------------
[20181107_082015 / lib_ip.py:3794] file = img.20181107_082011.2018-11-06_16-17-01_000.jpg.3.png / val_Average = 120.1956	val_Variance = 8.9430	sd = 2.9905	max = 131	min = 112
[20181107_082015 / lib_ip.py:3877] len(Hs) = 8100, len(Ss) = 8100, len(Vs) = 8100
[20181107_082015 / lib_ip.py:3910] yellow : variance --> out of range (variance = 8.943 / upper = 0.650 / lower = 0.000)
[20181107_082015 / lib_ip.py:3794] file = img.20181107_082011.2018-11-06_16-17-01_000.jpg.3.png / val_Average = 120.1956	val_Variance = 8.9430	sd = 2.9905	max = 131	min = 112
[20181107_082015 / lib_ip.py:3977] len(Hs) = 8100, len(Ss) = 8100, len(Vs) = 8100
[20181107_082015 / lib_ip.py:4023] red : variance --> out of range (variance = 8.943 / upper = 0.430 / lower = 0.000)
[20181107_082015 / lib_ip.py:3794] file = img.20181107_082011.2018-11-06_16-17-01_000.jpg.3.png / val_Average = 120.1956	val_Variance = 8.9430	sd = 2.9905	max = 131	min = 112
[20181107_082015 / lib_ip.py:4090] len(Hs) = 8100, len(Ss) = 8100, len(Vs) = 8100
[20181107_082015 / lib_ip.py:4137] green : variance --> out of range (variance = 8.943 / upper = 0.760 / lower = 0.000)
[20181107_082015 / lib_ip.py:3794] file = img.20181107_082011.2018-11-06_16-17-01_000.jpg.3.png / val_Average = 120.1956	val_Variance = 8.9430	sd = 2.9905	max = 131	min = 112
[20181107_082015 / lib_ip.py:4204] len(Hs) = 8100, len(Ss) = 8100, len(Vs) = 8100
[20181107_082016 / lib_ip.py:4248] black : variance --> out of range (variance = 8.943 / upper = 0.000 / lower = 0.000)
[20181107_082016 / lib_ip.py:4399] file : img.20181107_082011.2018-11-06_16-17-01_000.jpg.3.png 2 (black : variance --> out of range (variance = 8.943 / upper = 0.000 / lower = 0.000))
[20181107_082016 / lib_ip.py:2273] inspecting ===> img.20181107_082011.2018-11-06_16-17-01_000.jpg.4.png
[20181107_082016 / lib_ip.py:4331] 
img.20181107_082011.2018-11-06_16-17-01_000.jpg.4.png 3 ---------------------
[20181107_082016 / lib_ip.py:3794] file = img.20181107_082011.2018-11-06_16-17-01_000.jpg.4.png / val_Average = 125.0020	val_Variance = 17.7686	sd = 4.2153	max = 137	min = 112
[20181107_082016 / lib_ip.py:3877] len(Hs) = 8100, len(Ss) = 8100, len(Vs) = 8100
[20181107_082016 / lib_ip.py:3910] yellow : variance --> out of range (variance = 17.769 / upper = 0.650 / lower = 0.000)
[20181107_082017 / lib_ip.py:3794] file = img.20181107_082011.2018-11-06_16-17-01_000.jpg.4.png / val_Average = 125.0020	val_Variance = 17.7686	sd = 4.2153	max = 137	min = 112
[20181107_082017 / lib_ip.py:3977] len(Hs) = 8100, len(Ss) = 8100, len(Vs) = 8100
[20181107_082017 / lib_ip.py:4023] red : variance --> out of range (variance = 17.769 / upper = 0.430 / lower = 0.000)
[20181107_082017 / lib_ip.py:3794] file = img.20181107_082011.2018-11-06_16-17-01_000.jpg.4.png / val_Average = 125.0020	val_Variance = 17.7686	sd = 4.2153	max = 137	min = 112
[20181107_082017 / lib_ip.py:4090] len(Hs) = 8100, len(Ss) = 8100, len(Vs) = 8100
[20181107_082017 / lib_ip.py:4137] green : variance --> out of range (variance = 17.769 / upper = 0.760 / lower = 0.000)
[20181107_082017 / lib_ip.py:3794] file = img.20181107_082011.2018-11-06_16-17-01_000.jpg.4.png / val_Average = 125.0020	val_Variance = 17.7686	sd = 4.2153	max = 137	min = 112
[20181107_082017 / lib_ip.py:4204] len(Hs) = 8100, len(Ss) = 8100, len(Vs) = 8100
[20181107_082017 / lib_ip.py:4248] black : variance --> out of range (variance = 17.769 / upper = 0.000 / lower = 0.000)
[20181107_082017 / lib_ip.py:4399] file : img.20181107_082011.2018-11-06_16-17-01_000.jpg.4.png 3 (black : variance --> out of range (variance = 17.769 / upper = 0.000 / lower = 0.000))
[20181107_082016 / lib_ip.py:2273] inspecting ===> img.20181107_082011.2018-11-06_16-17-01_000.jpg.4.png
img.20181107_082011.2018-11-06_16-17-01_000.jpg.1.png => other
img.20181107_082011.2018-11-06_16-17-01_000.jpg.2.png => other
img.20181107_082011.2018-11-06_16-17-01_000.jpg.3.png => other
img.20181107_082011.2018-11-06_16-17-01_000.jpg.4.png => other
[20181107_082017 lib_ip.py:3300] =============== Get 4 corners
dpath_Images = C:\WORKS_2\WS\WS_Others.Art\JVEMV6\46_art\VIRTUAL\Admin_Projects\ip\images
fname_Image = img.20181107_082011.2018-11-06_16-17-01_000.jpg.4.png

[20181107_082018 / lib_ip.py:2273] inspecting ===> img.20181107_082018.2018-11-06_16-37-25_000.jpg.1.png
[20181107_082018 / lib_ip.py:4331] 
img.20181107_082018.2018-11-06_16-37-25_000.jpg.1.png 0 ---------------------
[20181107_082018 / lib_ip.py:3794] file = img.20181107_082018.2018-11-06_16-37-25_000.jpg.1.png / val_Average = 119.8989	val_Variance = 0.0946	sd = 0.3076	max = 121	min = 119
[20181107_082019 / lib_ip.py:3877] len(Hs) = 8100, len(Ss) = 8100, len(Vs) = 8100
[20181107_082019 / lib_ip.py:3932] yellow : average --> out of range (average = 119.899 / upper = 99.200 / lower = 88.000)
[20181107_082019 / lib_ip.py:3794] file = img.20181107_082018.2018-11-06_16-37-25_000.jpg.1.png / val_Average = 119.8989	val_Variance = 0.0946	sd = 0.3076	max = 121	min = 119
[20181107_082019 / lib_ip.py:3977] len(Hs) = 8100, len(Ss) = 8100, len(Vs) = 8100
[20181107_082019 / lib_ip.py:2273] inspecting ===> img.20181107_082018.2018-11-06_16-37-25_000.jpg.2.png
[20181107_082019 / lib_ip.py:4331] 
img.20181107_082018.2018-11-06_16-37-25_000.jpg.2.png 1 ---------------------
[20181107_082020 / lib_ip.py:3794] file = img.20181107_082018.2018-11-06_16-37-25_000.jpg.2.png / val_Average = 93.7579	val_Variance = 0.2020	sd = 0.4495	max = 95	min = 93
[20181107_082020 / lib_ip.py:3877] len(Hs) = 8100, len(Ss) = 8100, len(Vs) = 8100
[20181107_082020 / lib_ip.py:2273] inspecting ===> img.20181107_082018.2018-11-06_16-37-25_000.jpg.3.png
[20181107_082020 / lib_ip.py:4331] 
img.20181107_082018.2018-11-06_16-37-25_000.jpg.3.png 2 ---------------------
[20181107_082020 / lib_ip.py:3794] file = img.20181107_082018.2018-11-06_16-37-25_000.jpg.3.png / val_Average = 107.5504	val_Variance = 2.6230	sd = 1.6196	max = 115	min = 100
[20181107_082020 / lib_ip.py:3877] len(Hs) = 8100, len(Ss) = 8100, len(Vs) = 8100
[20181107_082020 / lib_ip.py:3910] yellow : variance --> out of range (variance = 2.623 / upper = 0.650 / lower = 0.000)
[20181107_082020 / lib_ip.py:3794] file = img.20181107_082018.2018-11-06_16-37-25_000.jpg.3.png / val_Average = 107.5504	val_Variance = 2.6230	sd = 1.6196	max = 115	min = 100
[20181107_082021 / lib_ip.py:3977] len(Hs) = 8100, len(Ss) = 8100, len(Vs) = 8100
[20181107_082021 / lib_ip.py:4023] red : variance --> out of range (variance = 2.623 / upper = 0.430 / lower = 0.000)
[20181107_082021 / lib_ip.py:3794] file = img.20181107_082018.2018-11-06_16-37-25_000.jpg.3.png / val_Average = 107.5504	val_Variance = 2.6230	sd = 1.6196	max = 115	min = 100
[20181107_082021 / lib_ip.py:4090] len(Hs) = 8100, len(Ss) = 8100, len(Vs) = 8100
[20181107_082021 / lib_ip.py:4137] green : variance --> out of range (variance = 2.623 / upper = 0.760 / lower = 0.000)
[20181107_082021 / lib_ip.py:3794] file = img.20181107_082018.2018-11-06_16-37-25_000.jpg.3.png / val_Average = 107.5504	val_Variance = 2.6230	sd = 1.6196	max = 115	min = 100
[20181107_082021 / lib_ip.py:4204] len(Hs) = 8100, len(Ss) = 8100, len(Vs) = 8100
[20181107_082021 / lib_ip.py:4248] black : variance --> out of range (variance = 2.623 / upper = 0.000 / lower = 0.000)
[20181107_082021 / lib_ip.py:4399] file : img.20181107_082018.2018-11-06_16-37-25_000.jpg.3.png 2 (black : variance --> out of range (variance = 2.623 / upper = 0.000 / lower = 0.000))
[20181107_082021 / lib_ip.py:2273] inspecting ===> img.20181107_082018.2018-11-06_16-37-25_000.jpg.4.png
[20181107_082021 / lib_ip.py:4331] 
img.20181107_082018.2018-11-06_16-37-25_000.jpg.4.png 3 ---------------------
[20181107_082021 / lib_ip.py:3794] file = img.20181107_082018.2018-11-06_16-37-25_000.jpg.4.png / val_Average = 109.3449	val_Variance = 4.7055	sd = 2.1692	max = 118	min = 105
[20181107_082021 / lib_ip.py:3877] len(Hs) = 8100, len(Ss) = 8100, len(Vs) = 8100
[20181107_082022 / lib_ip.py:3910] yellow : variance --> out of range (variance = 4.705 / upper = 0.650 / lower = 0.000)
[20181107_082022 / lib_ip.py:3794] file = img.20181107_082018.2018-11-06_16-37-25_000.jpg.4.png / val_Average = 109.3449	val_Variance = 4.7055	sd = 2.1692	max = 118	min = 105
[20181107_082022 / lib_ip.py:3977] len(Hs) = 8100, len(Ss) = 8100, len(Vs) = 8100
[20181107_082022 / lib_ip.py:4023] red : variance --> out of range (variance = 4.705 / upper = 0.430 / lower = 0.000)
[20181107_082022 / lib_ip.py:3794] file = img.20181107_082018.2018-11-06_16-37-25_000.jpg.4.png / val_Average = 109.3449	val_Variance = 4.7055	sd = 2.1692	max = 118	min = 105
[20181107_082022 / lib_ip.py:4090] len(Hs) = 8100, len(Ss) = 8100, len(Vs) = 8100
[20181107_082022 / lib_ip.py:4137] green : variance --> out of range (variance = 4.705 / upper = 0.760 / lower = 0.000)
[20181107_082022 / lib_ip.py:3794] file = img.20181107_082018.2018-11-06_16-37-25_000.jpg.4.png / val_Average = 109.3449	val_Variance = 4.7055	sd = 2.1692	max = 118	min = 105
[20181107_082022 / lib_ip.py:4204] len(Hs) = 8100, len(Ss) = 8100, len(Vs) = 8100
[20181107_082022 / lib_ip.py:4248] black : variance --> out of range (variance = 4.705 / upper = 0.000 / lower = 0.000)
[20181107_082022 / lib_ip.py:4399] file : img.20181107_082018.2018-11-06_16-37-25_000.jpg.4.png 3 (black : variance --> out of range (variance = 4.705 / upper = 0.000 / lower = 0.000))
[20181107_082021 / lib_ip.py:2273] inspecting ===> img.20181107_082018.2018-11-06_16-37-25_000.jpg.4.png
img.20181107_082018.2018-11-06_16-37-25_000.jpg.1.png => other
img.20181107_082018.2018-11-06_16-37-25_000.jpg.2.png => other
img.20181107_082018.2018-11-06_16-37-25_000.jpg.3.png => other
img.20181107_082018.2018-11-06_16-37-25_000.jpg.4.png => other
[20181107_082022 lib_ip.py:3300] =============== Get 4 corners
dpath_Images = C:\WORKS_2\WS\WS_Others.Art\JVEMV6\46_art\VIRTUAL\Admin_Projects\ip\images
fname_Image = img.20181107_082018.2018-11-06_16-37-25_000.jpg.4.png

[20181107_082023 / lib_ip.py:2273] inspecting ===> img.20181107_082023.2018-11-06_16-37-36_000.jpg.1.png
[20181107_082023 / lib_ip.py:4331] 
img.20181107_082023.2018-11-06_16-37-36_000.jpg.1.png 0 ---------------------
[20181107_082023 / lib_ip.py:3794] file = img.20181107_082023.2018-11-06_16-37-36_000.jpg.1.png / val_Average = 119.9930	val_Variance = 0.1119	sd = 0.3346	max = 121	min = 119
[20181107_082023 / lib_ip.py:3877] len(Hs) = 8100, len(Ss) = 8100, len(Vs) = 8100
[20181107_082023 / lib_ip.py:3932] yellow : average --> out of range (average = 119.993 / upper = 99.200 / lower = 88.000)
[20181107_082023 / lib_ip.py:3794] file = img.20181107_082023.2018-11-06_16-37-36_000.jpg.1.png / val_Average = 119.9930	val_Variance = 0.1119	sd = 0.3346	max = 121	min = 119
[20181107_082023 / lib_ip.py:3977] len(Hs) = 8100, len(Ss) = 8100, len(Vs) = 8100
[20181107_082024 / lib_ip.py:2273] inspecting ===> img.20181107_082023.2018-11-06_16-37-36_000.jpg.2.png
[20181107_082024 / lib_ip.py:4331] 
img.20181107_082023.2018-11-06_16-37-36_000.jpg.2.png 1 ---------------------
[20181107_082024 / lib_ip.py:3794] file = img.20181107_082023.2018-11-06_16-37-36_000.jpg.2.png / val_Average = 93.3335	val_Variance = 0.3008	sd = 0.5484	max = 95	min = 92
[20181107_082024 / lib_ip.py:3877] len(Hs) = 8100, len(Ss) = 8100, len(Vs) = 8100
[20181107_082024 / lib_ip.py:2273] inspecting ===> img.20181107_082023.2018-11-06_16-37-36_000.jpg.3.png
[20181107_082024 / lib_ip.py:4331] 
img.20181107_082023.2018-11-06_16-37-36_000.jpg.3.png 2 ---------------------
[20181107_082025 / lib_ip.py:3794] file = img.20181107_082023.2018-11-06_16-37-36_000.jpg.3.png / val_Average = 105.2506	val_Variance = 35.2567	sd = 5.9377	max = 125	min = 85
[20181107_082025 / lib_ip.py:3877] len(Hs) = 8100, len(Ss) = 8100, len(Vs) = 8100
[20181107_082025 / lib_ip.py:3910] yellow : variance --> out of range (variance = 35.257 / upper = 0.650 / lower = 0.000)
[20181107_082025 / lib_ip.py:3794] file = img.20181107_082023.2018-11-06_16-37-36_000.jpg.3.png / val_Average = 105.2506	val_Variance = 35.2567	sd = 5.9377	max = 125	min = 85
[20181107_082025 / lib_ip.py:3977] len(Hs) = 8100, len(Ss) = 8100, len(Vs) = 8100
[20181107_082025 / lib_ip.py:4023] red : variance --> out of range (variance = 35.257 / upper = 0.430 / lower = 0.000)
[20181107_082025 / lib_ip.py:3794] file = img.20181107_082023.2018-11-06_16-37-36_000.jpg.3.png / val_Average = 105.2506	val_Variance = 35.2567	sd = 5.9377	max = 125	min = 85
[20181107_082025 / lib_ip.py:4090] len(Hs) = 8100, len(Ss) = 8100, len(Vs) = 8100
[20181107_082025 / lib_ip.py:4137] green : variance --> out of range (variance = 35.257 / upper = 0.760 / lower = 0.000)
[20181107_082025 / lib_ip.py:3794] file = img.20181107_082023.2018-11-06_16-37-36_000.jpg.3.png / val_Average = 105.2506	val_Variance = 35.2567	sd = 5.9377	max = 125	min = 85
[20181107_082025 / lib_ip.py:4204] len(Hs) = 8100, len(Ss) = 8100, len(Vs) = 8100
[20181107_082025 / lib_ip.py:4248] black : variance --> out of range (variance = 35.257 / upper = 0.000 / lower = 0.000)
[20181107_082025 / lib_ip.py:4399] file : img.20181107_082023.2018-11-06_16-37-36_000.jpg.3.png 2 (black : variance --> out of range (variance = 35.257 / upper = 0.000 / lower = 0.000))
[20181107_082025 / lib_ip.py:2273] inspecting ===> img.20181107_082023.2018-11-06_16-37-36_000.jpg.4.png
[20181107_082026 / lib_ip.py:4331] 
img.20181107_082023.2018-11-06_16-37-36_000.jpg.4.png 3 ---------------------
[20181107_082026 / lib_ip.py:3794] file = img.20181107_082023.2018-11-06_16-37-36_000.jpg.4.png / val_Average = 109.3801	val_Variance = 7.1418	sd = 2.6724	max = 120	min = 96
[20181107_082026 / lib_ip.py:3877] len(Hs) = 8100, len(Ss) = 8100, len(Vs) = 8100
[20181107_082026 / lib_ip.py:3910] yellow : variance --> out of range (variance = 7.142 / upper = 0.650 / lower = 0.000)
[20181107_082026 / lib_ip.py:3794] file = img.20181107_082023.2018-11-06_16-37-36_000.jpg.4.png / val_Average = 109.3801	val_Variance = 7.1418	sd = 2.6724	max = 120	min = 96
[20181107_082026 / lib_ip.py:3977] len(Hs) = 8100, len(Ss) = 8100, len(Vs) = 8100
[20181107_082026 / lib_ip.py:4023] red : variance --> out of range (variance = 7.142 / upper = 0.430 / lower = 0.000)
[20181107_082026 / lib_ip.py:3794] file = img.20181107_082023.2018-11-06_16-37-36_000.jpg.4.png / val_Average = 109.3801	val_Variance = 7.1418	sd = 2.6724	max = 120	min = 96
[20181107_082026 / lib_ip.py:4090] len(Hs) = 8100, len(Ss) = 8100, len(Vs) = 8100
[20181107_082026 / lib_ip.py:4137] green : variance --> out of range (variance = 7.142 / upper = 0.760 / lower = 0.000)
[20181107_082026 / lib_ip.py:3794] file = img.20181107_082023.2018-11-06_16-37-36_000.jpg.4.png / val_Average = 109.3801	val_Variance = 7.1418	sd = 2.6724	max = 120	min = 96
[20181107_082027 / lib_ip.py:4204] len(Hs) = 8100, len(Ss) = 8100, len(Vs) = 8100
[20181107_082027 / lib_ip.py:4248] black : variance --> out of range (variance = 7.142 / upper = 0.000 / lower = 0.000)
[20181107_082027 / lib_ip.py:4399] file : img.20181107_082023.2018-11-06_16-37-36_000.jpg.4.png 3 (black : variance --> out of range (variance = 7.142 / upper = 0.000 / lower = 0.000))
[20181107_082025 / lib_ip.py:2273] inspecting ===> img.20181107_082023.2018-11-06_16-37-36_000.jpg.4.png
img.20181107_082023.2018-11-06_16-37-36_000.jpg.1.png => other
img.20181107_082023.2018-11-06_16-37-36_000.jpg.2.png => other
img.20181107_082023.2018-11-06_16-37-36_000.jpg.3.png => other
img.20181107_082023.2018-11-06_16-37-36_000.jpg.4.png => other
[20181107_082027 lib_ip.py:3300] =============== Get 4 corners
dpath_Images = C:\WORKS_2\WS\WS_Others.Art\JVEMV6\46_art\VIRTUAL\Admin_Projects\ip\images
fname_Image = img.20181107_082023.2018-11-06_16-37-36_000.jpg.4.png

[20181107_082027 / lib_ip.py:2273] inspecting ===> img.20181107_082027.2018-11-06_16-38-27_000.jpg.1.png
[20181107_082028 / lib_ip.py:4331] 
img.20181107_082027.2018-11-06_16-38-27_000.jpg.1.png 0 ---------------------
[20181107_082028 / lib_ip.py:3794] file = img.20181107_082027.2018-11-06_16-38-27_000.jpg.1.png / val_Average = 106.7644	val_Variance = 1.3798	sd = 1.1747	max = 110	min = 102
[20181107_082028 / lib_ip.py:3877] len(Hs) = 8100, len(Ss) = 8100, len(Vs) = 8100
[20181107_082028 / lib_ip.py:3910] yellow : variance --> out of range (variance = 1.380 / upper = 0.650 / lower = 0.000)
[20181107_082028 / lib_ip.py:3794] file = img.20181107_082027.2018-11-06_16-38-27_000.jpg.1.png / val_Average = 106.7644	val_Variance = 1.3798	sd = 1.1747	max = 110	min = 102
[20181107_082028 / lib_ip.py:3977] len(Hs) = 8100, len(Ss) = 8100, len(Vs) = 8100
[20181107_082028 / lib_ip.py:4023] red : variance --> out of range (variance = 1.380 / upper = 0.430 / lower = 0.000)
[20181107_082028 / lib_ip.py:3794] file = img.20181107_082027.2018-11-06_16-38-27_000.jpg.1.png / val_Average = 106.7644	val_Variance = 1.3798	sd = 1.1747	max = 110	min = 102
[20181107_082028 / lib_ip.py:4090] len(Hs) = 8100, len(Ss) = 8100, len(Vs) = 8100
[20181107_082028 / lib_ip.py:4137] green : variance --> out of range (variance = 1.380 / upper = 0.760 / lower = 0.000)
[20181107_082028 / lib_ip.py:3794] file = img.20181107_082027.2018-11-06_16-38-27_000.jpg.1.png / val_Average = 106.7644	val_Variance = 1.3798	sd = 1.1747	max = 110	min = 102
[20181107_082028 / lib_ip.py:4204] len(Hs) = 8100, len(Ss) = 8100, len(Vs) = 8100
[20181107_082028 / lib_ip.py:4248] black : variance --> out of range (variance = 1.380 / upper = 0.000 / lower = 0.000)
[20181107_082028 / lib_ip.py:4399] file : img.20181107_082027.2018-11-06_16-38-27_000.jpg.1.png 0 (black : variance --> out of range (variance = 1.380 / upper = 0.000 / lower = 0.000))
[20181107_082028 / lib_ip.py:2273] inspecting ===> img.20181107_082027.2018-11-06_16-38-27_000.jpg.2.png
[20181107_082029 / lib_ip.py:4331] 
img.20181107_082027.2018-11-06_16-38-27_000.jpg.2.png 1 ---------------------
[20181107_082029 / lib_ip.py:3794] file = img.20181107_082027.2018-11-06_16-38-27_000.jpg.2.png / val_Average = 120.6091	val_Variance = 0.2588	sd = 0.5088	max = 122	min = 119
[20181107_082029 / lib_ip.py:3877] len(Hs) = 8100, len(Ss) = 8100, len(Vs) = 8100
[20181107_082029 / lib_ip.py:3932] yellow : average --> out of range (average = 120.609 / upper = 99.200 / lower = 88.000)
[20181107_082029 / lib_ip.py:3794] file = img.20181107_082027.2018-11-06_16-38-27_000.jpg.2.png / val_Average = 120.6091	val_Variance = 0.2588	sd = 0.5088	max = 122	min = 119
[20181107_082029 / lib_ip.py:3977] len(Hs) = 8100, len(Ss) = 8100, len(Vs) = 8100
[20181107_082029 / lib_ip.py:2273] inspecting ===> img.20181107_082027.2018-11-06_16-38-27_000.jpg.3.png
[20181107_082029 / lib_ip.py:4331] 
img.20181107_082027.2018-11-06_16-38-27_000.jpg.3.png 2 ---------------------
[20181107_082029 / lib_ip.py:3794] file = img.20181107_082027.2018-11-06_16-38-27_000.jpg.3.png / val_Average = 109.8520	val_Variance = 6.1145	sd = 2.4728	max = 120	min = 103
[20181107_082030 / lib_ip.py:3877] len(Hs) = 8100, len(Ss) = 8100, len(Vs) = 8100
[20181107_082030 / lib_ip.py:3910] yellow : variance --> out of range (variance = 6.115 / upper = 0.650 / lower = 0.000)
[20181107_082030 / lib_ip.py:3794] file = img.20181107_082027.2018-11-06_16-38-27_000.jpg.3.png / val_Average = 109.8520	val_Variance = 6.1145	sd = 2.4728	max = 120	min = 103
[20181107_082030 / lib_ip.py:3977] len(Hs) = 8100, len(Ss) = 8100, len(Vs) = 8100
[20181107_082030 / lib_ip.py:4023] red : variance --> out of range (variance = 6.115 / upper = 0.430 / lower = 0.000)
[20181107_082030 / lib_ip.py:3794] file = img.20181107_082027.2018-11-06_16-38-27_000.jpg.3.png / val_Average = 109.8520	val_Variance = 6.1145	sd = 2.4728	max = 120	min = 103
[20181107_082030 / lib_ip.py:4090] len(Hs) = 8100, len(Ss) = 8100, len(Vs) = 8100
[20181107_082030 / lib_ip.py:4137] green : variance --> out of range (variance = 6.115 / upper = 0.760 / lower = 0.000)
[20181107_082030 / lib_ip.py:3794] file = img.20181107_082027.2018-11-06_16-38-27_000.jpg.3.png / val_Average = 109.8520	val_Variance = 6.1145	sd = 2.4728	max = 120	min = 103
[20181107_082030 / lib_ip.py:4204] len(Hs) = 8100, len(Ss) = 8100, len(Vs) = 8100
[20181107_082030 / lib_ip.py:4248] black : variance --> out of range (variance = 6.115 / upper = 0.000 / lower = 0.000)
[20181107_082030 / lib_ip.py:4399] file : img.20181107_082027.2018-11-06_16-38-27_000.jpg.3.png 2 (black : variance --> out of range (variance = 6.115 / upper = 0.000 / lower = 0.000))
[20181107_082030 / lib_ip.py:2273] inspecting ===> img.20181107_082027.2018-11-06_16-38-27_000.jpg.4.png
[20181107_082031 / lib_ip.py:4331] 
img.20181107_082027.2018-11-06_16-38-27_000.jpg.4.png 3 ---------------------
[20181107_082031 / lib_ip.py:3794] file = img.20181107_082027.2018-11-06_16-38-27_000.jpg.4.png / val_Average = 92.9800	val_Variance = 0.0401	sd = 0.2002	max = 94	min = 92
[20181107_082031 / lib_ip.py:3877] len(Hs) = 8100, len(Ss) = 8100, len(Vs) = 8100
[20181107_082030 / lib_ip.py:2273] inspecting ===> img.20181107_082027.2018-11-06_16-38-27_000.jpg.4.png
img.20181107_082027.2018-11-06_16-38-27_000.jpg.1.png => other
img.20181107_082027.2018-11-06_16-38-27_000.jpg.2.png => other
img.20181107_082027.2018-11-06_16-38-27_000.jpg.3.png => other
img.20181107_082027.2018-11-06_16-38-27_000.jpg.4.png => other
[20181107_082031 lib_ip.py:3300] =============== Get 4 corners
dpath_Images = C:\WORKS_2\WS\WS_Others.Art\JVEMV6\46_art\VIRTUAL\Admin_Projects\ip\images
fname_Image = img.20181107_082027.2018-11-06_16-38-27_000.jpg.4.png

[20181107_082032 / lib_ip.py:2273] inspecting ===> img.20181107_082031.2018-11-06_16-40-16_000.jpg.1.png
[20181107_082032 / lib_ip.py:4331] 
img.20181107_082031.2018-11-06_16-40-16_000.jpg.1.png 0 ---------------------
[20181107_082032 / lib_ip.py:3794] file = img.20181107_082031.2018-11-06_16-40-16_000.jpg.1.png / val_Average = 121.5553	val_Variance = 0.2640	sd = 0.5138	max = 123	min = 120
[20181107_082032 / lib_ip.py:3877] len(Hs) = 8100, len(Ss) = 8100, len(Vs) = 8100
[20181107_082032 / lib_ip.py:3932] yellow : average --> out of range (average = 121.555 / upper = 99.200 / lower = 88.000)
[20181107_082032 / lib_ip.py:3794] file = img.20181107_082031.2018-11-06_16-40-16_000.jpg.1.png / val_Average = 121.5553	val_Variance = 0.2640	sd = 0.5138	max = 123	min = 120
[20181107_082032 / lib_ip.py:3977] len(Hs) = 8100, len(Ss) = 8100, len(Vs) = 8100
[20181107_082032 / lib_ip.py:2273] inspecting ===> img.20181107_082031.2018-11-06_16-40-16_000.jpg.2.png
[20181107_082033 / lib_ip.py:4331] 
img.20181107_082031.2018-11-06_16-40-16_000.jpg.2.png 1 ---------------------
[20181107_082033 / lib_ip.py:3794] file = img.20181107_082031.2018-11-06_16-40-16_000.jpg.2.png / val_Average = 110.4154	val_Variance = 2.3335	sd = 1.5276	max = 116	min = 105
[20181107_082033 / lib_ip.py:3877] len(Hs) = 8100, len(Ss) = 8100, len(Vs) = 8100
[20181107_082033 / lib_ip.py:3910] yellow : variance --> out of range (variance = 2.333 / upper = 0.650 / lower = 0.000)
[20181107_082033 / lib_ip.py:3794] file = img.20181107_082031.2018-11-06_16-40-16_000.jpg.2.png / val_Average = 110.4154	val_Variance = 2.3335	sd = 1.5276	max = 116	min = 105
[20181107_082033 / lib_ip.py:3977] len(Hs) = 8100, len(Ss) = 8100, len(Vs) = 8100
[20181107_082033 / lib_ip.py:4023] red : variance --> out of range (variance = 2.333 / upper = 0.430 / lower = 0.000)
[20181107_082033 / lib_ip.py:3794] file = img.20181107_082031.2018-11-06_16-40-16_000.jpg.2.png / val_Average = 110.4154	val_Variance = 2.3335	sd = 1.5276	max = 116	min = 105
[20181107_082033 / lib_ip.py:4090] len(Hs) = 8100, len(Ss) = 8100, len(Vs) = 8100
[20181107_082033 / lib_ip.py:4137] green : variance --> out of range (variance = 2.333 / upper = 0.760 / lower = 0.000)
[20181107_082033 / lib_ip.py:3794] file = img.20181107_082031.2018-11-06_16-40-16_000.jpg.2.png / val_Average = 110.4154	val_Variance = 2.3335	sd = 1.5276	max = 116	min = 105
[20181107_082033 / lib_ip.py:4204] len(Hs) = 8100, len(Ss) = 8100, len(Vs) = 8100
[20181107_082034 / lib_ip.py:4248] black : variance --> out of range (variance = 2.333 / upper = 0.000 / lower = 0.000)
[20181107_082034 / lib_ip.py:4399] file : img.20181107_082031.2018-11-06_16-40-16_000.jpg.2.png 1 (black : variance --> out of range (variance = 2.333 / upper = 0.000 / lower = 0.000))
[20181107_082034 / lib_ip.py:2273] inspecting ===> img.20181107_082031.2018-11-06_16-40-16_000.jpg.3.png
[20181107_082034 / lib_ip.py:4331] 
img.20181107_082031.2018-11-06_16-40-16_000.jpg.3.png 2 ---------------------
[20181107_082034 / lib_ip.py:3794] file = img.20181107_082031.2018-11-06_16-40-16_000.jpg.3.png / val_Average = 93.1562	val_Variance = 0.1584	sd = 0.3981	max = 94	min = 92
[20181107_082034 / lib_ip.py:3877] len(Hs) = 8100, len(Ss) = 8100, len(Vs) = 8100
[20181107_082034 / lib_ip.py:2273] inspecting ===> img.20181107_082031.2018-11-06_16-40-16_000.jpg.4.png
[20181107_082034 / lib_ip.py:4331] 
img.20181107_082031.2018-11-06_16-40-16_000.jpg.4.png 3 ---------------------
[20181107_082034 / lib_ip.py:3794] file = img.20181107_082031.2018-11-06_16-40-16_000.jpg.4.png / val_Average = 131.6896	val_Variance = 215.8973	sd = 14.6934	max = 168	min = 0
[20181107_082034 / lib_ip.py:3877] len(Hs) = 8100, len(Ss) = 8100, len(Vs) = 8100
[20181107_082035 / lib_ip.py:3910] yellow : variance --> out of range (variance = 215.897 / upper = 0.650 / lower = 0.000)
[20181107_082035 / lib_ip.py:3794] file = img.20181107_082031.2018-11-06_16-40-16_000.jpg.4.png / val_Average = 131.6896	val_Variance = 215.8973	sd = 14.6934	max = 168	min = 0
[20181107_082035 / lib_ip.py:3977] len(Hs) = 8100, len(Ss) = 8100, len(Vs) = 8100
[20181107_082035 / lib_ip.py:4023] red : variance --> out of range (variance = 215.897 / upper = 0.430 / lower = 0.000)
[20181107_082035 / lib_ip.py:3794] file = img.20181107_082031.2018-11-06_16-40-16_000.jpg.4.png / val_Average = 131.6896	val_Variance = 215.8973	sd = 14.6934	max = 168	min = 0
[20181107_082035 / lib_ip.py:4090] len(Hs) = 8100, len(Ss) = 8100, len(Vs) = 8100
[20181107_082035 / lib_ip.py:4137] green : variance --> out of range (variance = 215.897 / upper = 0.760 / lower = 0.000)
[20181107_082035 / lib_ip.py:3794] file = img.20181107_082031.2018-11-06_16-40-16_000.jpg.4.png / val_Average = 131.6896	val_Variance = 215.8973	sd = 14.6934	max = 168	min = 0
[20181107_082035 / lib_ip.py:4204] len(Hs) = 8100, len(Ss) = 8100, len(Vs) = 8100
[20181107_082035 / lib_ip.py:4248] black : variance --> out of range (variance = 215.897 / upper = 0.000 / lower = 0.000)
[20181107_082035 / lib_ip.py:4399] file : img.20181107_082031.2018-11-06_16-40-16_000.jpg.4.png 3 (black : variance --> out of range (variance = 215.897 / upper = 0.000 / lower = 0.000))
[20181107_082034 / lib_ip.py:2273] inspecting ===> img.20181107_082031.2018-11-06_16-40-16_000.jpg.4.png
img.20181107_082031.2018-11-06_16-40-16_000.jpg.1.png => other
img.20181107_082031.2018-11-06_16-40-16_000.jpg.2.png => other
img.20181107_082031.2018-11-06_16-40-16_000.jpg.3.png => other
img.20181107_082031.2018-11-06_16-40-16_000.jpg.4.png => other
[20181107_082035 lib_ip.py:3300] =============== Get 4 corners
dpath_Images = C:\WORKS_2\WS\WS_Others.Art\JVEMV6\46_art\VIRTUAL\Admin_Projects\ip\images
fname_Image = img.20181107_082031.2018-11-06_16-40-16_000.jpg.4.png

[20181107_082036 / lib_ip.py:2273] inspecting ===> img.20181107_082036.2018-11-06_17-31-02_000.jpg.1.png
[20181107_082036 / lib_ip.py:4331] 
img.20181107_082036.2018-11-06_17-31-02_000.jpg.1.png 0 ---------------------
[20181107_082037 / lib_ip.py:3794] file = img.20181107_082036.2018-11-06_17-31-02_000.jpg.1.png / val_Average = 120.5367	val_Variance = 0.2605	sd = 0.5104	max = 122	min = 119
[20181107_082037 / lib_ip.py:3877] len(Hs) = 8100, len(Ss) = 8100, len(Vs) = 8100
[20181107_082037 / lib_ip.py:3932] yellow : average --> out of range (average = 120.537 / upper = 99.200 / lower = 88.000)
[20181107_082037 / lib_ip.py:3794] file = img.20181107_082036.2018-11-06_17-31-02_000.jpg.1.png / val_Average = 120.5367	val_Variance = 0.2605	sd = 0.5104	max = 122	min = 119
[20181107_082037 / lib_ip.py:3977] len(Hs) = 8100, len(Ss) = 8100, len(Vs) = 8100
[20181107_082037 / lib_ip.py:2273] inspecting ===> img.20181107_082036.2018-11-06_17-31-02_000.jpg.2.png
[20181107_082037 / lib_ip.py:4331] 
img.20181107_082036.2018-11-06_17-31-02_000.jpg.2.png 1 ---------------------
[20181107_082037 / lib_ip.py:3794] file = img.20181107_082036.2018-11-06_17-31-02_000.jpg.2.png / val_Average = 111.1707	val_Variance = 230.0648	sd = 15.1679	max = 160	min = 0
[20181107_082037 / lib_ip.py:3877] len(Hs) = 8100, len(Ss) = 8100, len(Vs) = 8100
[20181107_082037 / lib_ip.py:3910] yellow : variance --> out of range (variance = 230.065 / upper = 0.650 / lower = 0.000)
[20181107_082037 / lib_ip.py:3794] file = img.20181107_082036.2018-11-06_17-31-02_000.jpg.2.png / val_Average = 111.1707	val_Variance = 230.0648	sd = 15.1679	max = 160	min = 0
[20181107_082037 / lib_ip.py:3977] len(Hs) = 8100, len(Ss) = 8100, len(Vs) = 8100
[20181107_082037 / lib_ip.py:4023] red : variance --> out of range (variance = 230.065 / upper = 0.430 / lower = 0.000)
[20181107_082037 / lib_ip.py:3794] file = img.20181107_082036.2018-11-06_17-31-02_000.jpg.2.png / val_Average = 111.1707	val_Variance = 230.0648	sd = 15.1679	max = 160	min = 0
[20181107_082037 / lib_ip.py:4090] len(Hs) = 8100, len(Ss) = 8100, len(Vs) = 8100
[20181107_082038 / lib_ip.py:4137] green : variance --> out of range (variance = 230.065 / upper = 0.760 / lower = 0.000)
[20181107_082038 / lib_ip.py:3794] file = img.20181107_082036.2018-11-06_17-31-02_000.jpg.2.png / val_Average = 111.1707	val_Variance = 230.0648	sd = 15.1679	max = 160	min = 0
[20181107_082038 / lib_ip.py:4204] len(Hs) = 8100, len(Ss) = 8100, len(Vs) = 8100
[20181107_082038 / lib_ip.py:4248] black : variance --> out of range (variance = 230.065 / upper = 0.000 / lower = 0.000)
[20181107_082038 / lib_ip.py:4399] file : img.20181107_082036.2018-11-06_17-31-02_000.jpg.2.png 1 (black : variance --> out of range (variance = 230.065 / upper = 0.000 / lower = 0.000))
[20181107_082038 / lib_ip.py:2273] inspecting ===> img.20181107_082036.2018-11-06_17-31-02_000.jpg.3.png
[20181107_082038 / lib_ip.py:4331] 
img.20181107_082036.2018-11-06_17-31-02_000.jpg.3.png 2 ---------------------
[20181107_082038 / lib_ip.py:3794] file = img.20181107_082036.2018-11-06_17-31-02_000.jpg.3.png / val_Average = 79.4659	val_Variance = 0.2804	sd = 0.5296	max = 81	min = 78
[20181107_082038 / lib_ip.py:3877] len(Hs) = 8100, len(Ss) = 8100, len(Vs) = 8100
[20181107_082038 / lib_ip.py:3932] yellow : average --> out of range (average = 79.466 / upper = 99.200 / lower = 88.000)
[20181107_082038 / lib_ip.py:3794] file = img.20181107_082036.2018-11-06_17-31-02_000.jpg.3.png / val_Average = 79.4659	val_Variance = 0.2804	sd = 0.5296	max = 81	min = 78
[20181107_082038 / lib_ip.py:3977] len(Hs) = 8100, len(Ss) = 8100, len(Vs) = 8100
[20181107_082038 / lib_ip.py:4048] red : average --> out of range (average = 79.466 / upper = 124.000 / lower = 115.000)
[20181107_082039 / lib_ip.py:3794] file = img.20181107_082036.2018-11-06_17-31-02_000.jpg.3.png / val_Average = 79.4659	val_Variance = 0.2804	sd = 0.5296	max = 81	min = 78
[20181107_082039 / lib_ip.py:4090] len(Hs) = 8100, len(Ss) = 8100, len(Vs) = 8100
[20181107_082039 / lib_ip.py:2273] inspecting ===> img.20181107_082036.2018-11-06_17-31-02_000.jpg.4.png
[20181107_082039 / lib_ip.py:4331] 
img.20181107_082036.2018-11-06_17-31-02_000.jpg.4.png 3 ---------------------
[20181107_082039 / lib_ip.py:3794] file = img.20181107_082036.2018-11-06_17-31-02_000.jpg.4.png / val_Average = 106.9965	val_Variance = 3.7113	sd = 1.9265	max = 115	min = 100
[20181107_082039 / lib_ip.py:3877] len(Hs) = 8100, len(Ss) = 8100, len(Vs) = 8100
[20181107_082039 / lib_ip.py:3910] yellow : variance --> out of range (variance = 3.711 / upper = 0.650 / lower = 0.000)
[20181107_082039 / lib_ip.py:3794] file = img.20181107_082036.2018-11-06_17-31-02_000.jpg.4.png / val_Average = 106.9965	val_Variance = 3.7113	sd = 1.9265	max = 115	min = 100
[20181107_082039 / lib_ip.py:3977] len(Hs) = 8100, len(Ss) = 8100, len(Vs) = 8100
[20181107_082040 / lib_ip.py:4023] red : variance --> out of range (variance = 3.711 / upper = 0.430 / lower = 0.000)
[20181107_082040 / lib_ip.py:3794] file = img.20181107_082036.2018-11-06_17-31-02_000.jpg.4.png / val_Average = 106.9965	val_Variance = 3.7113	sd = 1.9265	max = 115	min = 100
[20181107_082040 / lib_ip.py:4090] len(Hs) = 8100, len(Ss) = 8100, len(Vs) = 8100
[20181107_082040 / lib_ip.py:4137] green : variance --> out of range (variance = 3.711 / upper = 0.760 / lower = 0.000)
[20181107_082040 / lib_ip.py:3794] file = img.20181107_082036.2018-11-06_17-31-02_000.jpg.4.png / val_Average = 106.9965	val_Variance = 3.7113	sd = 1.9265	max = 115	min = 100
[20181107_082040 / lib_ip.py:4204] len(Hs) = 8100, len(Ss) = 8100, len(Vs) = 8100
[20181107_082040 / lib_ip.py:4248] black : variance --> out of range (variance = 3.711 / upper = 0.000 / lower = 0.000)
[20181107_082040 / lib_ip.py:4399] file : img.20181107_082036.2018-11-06_17-31-02_000.jpg.4.png 3 (black : variance --> out of range (variance = 3.711 / upper = 0.000 / lower = 0.000))
[20181107_082039 / lib_ip.py:2273] inspecting ===> img.20181107_082036.2018-11-06_17-31-02_000.jpg.4.png
img.20181107_082036.2018-11-06_17-31-02_000.jpg.1.png => other
img.20181107_082036.2018-11-06_17-31-02_000.jpg.2.png => other
img.20181107_082036.2018-11-06_17-31-02_000.jpg.3.png => other
img.20181107_082036.2018-11-06_17-31-02_000.jpg.4.png => other
[20181107_082040 lib_ip.py:3300] =============== Get 4 corners
dpath_Images = C:\WORKS_2\WS\WS_Others.Art\JVEMV6\46_art\VIRTUAL\Admin_Projects\ip\images
fname_Image = img.20181107_082036.2018-11-06_17-31-02_000.jpg.4.png

[20181107_082041 / lib_ip.py:2273] inspecting ===> img.20181107_082040.2018-11-06_18-20-35_000.jpg.1.png
[20181107_082041 / lib_ip.py:4331] 
img.20181107_082040.2018-11-06_18-20-35_000.jpg.1.png 0 ---------------------
[20181107_082041 / lib_ip.py:3794] file = img.20181107_082040.2018-11-06_18-20-35_000.jpg.1.png / val_Average = 111.6802	val_Variance = 280.7333	sd = 16.7551	max = 160	min = 0
[20181107_082041 / lib_ip.py:3877] len(Hs) = 8100, len(Ss) = 8100, len(Vs) = 8100
[20181107_082041 / lib_ip.py:3910] yellow : variance --> out of range (variance = 280.733 / upper = 0.650 / lower = 0.000)
[20181107_082041 / lib_ip.py:3794] file = img.20181107_082040.2018-11-06_18-20-35_000.jpg.1.png / val_Average = 111.6802	val_Variance = 280.7333	sd = 16.7551	max = 160	min = 0
[20181107_082041 / lib_ip.py:3977] len(Hs) = 8100, len(Ss) = 8100, len(Vs) = 8100
[20181107_082041 / lib_ip.py:4023] red : variance --> out of range (variance = 280.733 / upper = 0.430 / lower = 0.000)
[20181107_082041 / lib_ip.py:3794] file = img.20181107_082040.2018-11-06_18-20-35_000.jpg.1.png / val_Average = 111.6802	val_Variance = 280.7333	sd = 16.7551	max = 160	min = 0
[20181107_082041 / lib_ip.py:4090] len(Hs) = 8100, len(Ss) = 8100, len(Vs) = 8100
[20181107_082042 / lib_ip.py:4137] green : variance --> out of range (variance = 280.733 / upper = 0.760 / lower = 0.000)
[20181107_082042 / lib_ip.py:3794] file = img.20181107_082040.2018-11-06_18-20-35_000.jpg.1.png / val_Average = 111.6802	val_Variance = 280.7333	sd = 16.7551	max = 160	min = 0
[20181107_082042 / lib_ip.py:4204] len(Hs) = 8100, len(Ss) = 8100, len(Vs) = 8100
[20181107_082042 / lib_ip.py:4248] black : variance --> out of range (variance = 280.733 / upper = 0.000 / lower = 0.000)
[20181107_082042 / lib_ip.py:4399] file : img.20181107_082040.2018-11-06_18-20-35_000.jpg.1.png 0 (black : variance --> out of range (variance = 280.733 / upper = 0.000 / lower = 0.000))
[20181107_082042 / lib_ip.py:2273] inspecting ===> img.20181107_082040.2018-11-06_18-20-35_000.jpg.2.png
[20181107_082042 / lib_ip.py:4331] 
img.20181107_082040.2018-11-06_18-20-35_000.jpg.2.png 1 ---------------------
[20181107_082042 / lib_ip.py:3794] file = img.20181107_082040.2018-11-06_18-20-35_000.jpg.2.png / val_Average = 103.8412	val_Variance = 1.8486	sd = 1.3596	max = 107	min = 100
[20181107_082042 / lib_ip.py:3877] len(Hs) = 8100, len(Ss) = 8100, len(Vs) = 8100
[20181107_082042 / lib_ip.py:3910] yellow : variance --> out of range (variance = 1.849 / upper = 0.650 / lower = 0.000)
[20181107_082042 / lib_ip.py:3794] file = img.20181107_082040.2018-11-06_18-20-35_000.jpg.2.png / val_Average = 103.8412	val_Variance = 1.8486	sd = 1.3596	max = 107	min = 100
[20181107_082043 / lib_ip.py:3977] len(Hs) = 8100, len(Ss) = 8100, len(Vs) = 8100
[20181107_082043 / lib_ip.py:4023] red : variance --> out of range (variance = 1.849 / upper = 0.430 / lower = 0.000)
[20181107_082043 / lib_ip.py:3794] file = img.20181107_082040.2018-11-06_18-20-35_000.jpg.2.png / val_Average = 103.8412	val_Variance = 1.8486	sd = 1.3596	max = 107	min = 100
[20181107_082043 / lib_ip.py:4090] len(Hs) = 8100, len(Ss) = 8100, len(Vs) = 8100
[20181107_082043 / lib_ip.py:4137] green : variance --> out of range (variance = 1.849 / upper = 0.760 / lower = 0.000)
[20181107_082043 / lib_ip.py:3794] file = img.20181107_082040.2018-11-06_18-20-35_000.jpg.2.png / val_Average = 103.8412	val_Variance = 1.8486	sd = 1.3596	max = 107	min = 100
[20181107_082043 / lib_ip.py:4204] len(Hs) = 8100, len(Ss) = 8100, len(Vs) = 8100
[20181107_082043 / lib_ip.py:4248] black : variance --> out of range (variance = 1.849 / upper = 0.000 / lower = 0.000)
[20181107_082043 / lib_ip.py:4399] file : img.20181107_082040.2018-11-06_18-20-35_000.jpg.2.png 1 (black : variance --> out of range (variance = 1.849 / upper = 0.000 / lower = 0.000))
[20181107_082043 / lib_ip.py:2273] inspecting ===> img.20181107_082040.2018-11-06_18-20-35_000.jpg.3.png
[20181107_082043 / lib_ip.py:4331] 
img.20181107_082040.2018-11-06_18-20-35_000.jpg.3.png 2 ---------------------
[20181107_082043 / lib_ip.py:3794] file = img.20181107_082040.2018-11-06_18-20-35_000.jpg.3.png / val_Average = 120.2716	val_Variance = 0.1978	sd = 0.4448	max = 121	min = 120
[20181107_082043 / lib_ip.py:3877] len(Hs) = 8100, len(Ss) = 8100, len(Vs) = 8100
[20181107_082043 / lib_ip.py:3932] yellow : average --> out of range (average = 120.272 / upper = 99.200 / lower = 88.000)
[20181107_082044 / lib_ip.py:3794] file = img.20181107_082040.2018-11-06_18-20-35_000.jpg.3.png / val_Average = 120.2716	val_Variance = 0.1978	sd = 0.4448	max = 121	min = 120
[20181107_082044 / lib_ip.py:3977] len(Hs) = 8100, len(Ss) = 8100, len(Vs) = 8100
[20181107_082044 / lib_ip.py:2273] inspecting ===> img.20181107_082040.2018-11-06_18-20-35_000.jpg.4.png
[20181107_082044 / lib_ip.py:4331] 
img.20181107_082040.2018-11-06_18-20-35_000.jpg.4.png 3 ---------------------
[20181107_082044 / lib_ip.py:3794] file = img.20181107_082040.2018-11-06_18-20-35_000.jpg.4.png / val_Average = 106.5567	val_Variance = 7.0251	sd = 2.6505	max = 123	min = 98
[20181107_082044 / lib_ip.py:3877] len(Hs) = 8100, len(Ss) = 8100, len(Vs) = 8100
[20181107_082044 / lib_ip.py:3910] yellow : variance --> out of range (variance = 7.025 / upper = 0.650 / lower = 0.000)
[20181107_082044 / lib_ip.py:3794] file = img.20181107_082040.2018-11-06_18-20-35_000.jpg.4.png / val_Average = 106.5567	val_Variance = 7.0251	sd = 2.6505	max = 123	min = 98
[20181107_082044 / lib_ip.py:3977] len(Hs) = 8100, len(Ss) = 8100, len(Vs) = 8100
[20181107_082044 / lib_ip.py:4023] red : variance --> out of range (variance = 7.025 / upper = 0.430 / lower = 0.000)
[20181107_082044 / lib_ip.py:3794] file = img.20181107_082040.2018-11-06_18-20-35_000.jpg.4.png / val_Average = 106.5567	val_Variance = 7.0251	sd = 2.6505	max = 123	min = 98
[20181107_082044 / lib_ip.py:4090] len(Hs) = 8100, len(Ss) = 8100, len(Vs) = 8100
[20181107_082045 / lib_ip.py:4137] green : variance --> out of range (variance = 7.025 / upper = 0.760 / lower = 0.000)
[20181107_082045 / lib_ip.py:3794] file = img.20181107_082040.2018-11-06_18-20-35_000.jpg.4.png / val_Average = 106.5567	val_Variance = 7.0251	sd = 2.6505	max = 123	min = 98
[20181107_082045 / lib_ip.py:4204] len(Hs) = 8100, len(Ss) = 8100, len(Vs) = 8100
[20181107_082045 / lib_ip.py:4248] black : variance --> out of range (variance = 7.025 / upper = 0.000 / lower = 0.000)
[20181107_082045 / lib_ip.py:4399] file : img.20181107_082040.2018-11-06_18-20-35_000.jpg.4.png 3 (black : variance --> out of range (variance = 7.025 / upper = 0.000 / lower = 0.000))
[20181107_082044 / lib_ip.py:2273] inspecting ===> img.20181107_082040.2018-11-06_18-20-35_000.jpg.4.png
img.20181107_082040.2018-11-06_18-20-35_000.jpg.1.png => other
img.20181107_082040.2018-11-06_18-20-35_000.jpg.2.png => other
img.20181107_082040.2018-11-06_18-20-35_000.jpg.3.png => other
img.20181107_082040.2018-11-06_18-20-35_000.jpg.4.png => other
[20181107_082045 lib_ip.py:3300] =============== Get 4 corners
dpath_Images = C:\WORKS_2\WS\WS_Others.Art\JVEMV6\46_art\VIRTUAL\Admin_Projects\ip\images
fname_Image = img.20181107_082040.2018-11-06_18-20-35_000.jpg.4.png

[20181107_082046 / lib_ip.py:2273] inspecting ===> img.20181107_082046.2018-11-06_20-08-22_000.jpg.1.png
[20181107_082046 / lib_ip.py:4331] 
img.20181107_082046.2018-11-06_20-08-22_000.jpg.1.png 0 ---------------------
[20181107_082046 / lib_ip.py:3794] file = img.20181107_082046.2018-11-06_20-08-22_000.jpg.1.png / val_Average = 65.2006	val_Variance = 1352.3735	sd = 36.7746	max = 135	min = 0
[20181107_082046 / lib_ip.py:3877] len(Hs) = 8100, len(Ss) = 8100, len(Vs) = 8100
[20181107_082046 / lib_ip.py:3910] yellow : variance --> out of range (variance = 1352.373 / upper = 0.650 / lower = 0.000)
[20181107_082047 / lib_ip.py:3794] file = img.20181107_082046.2018-11-06_20-08-22_000.jpg.1.png / val_Average = 65.2006	val_Variance = 1352.3735	sd = 36.7746	max = 135	min = 0
[20181107_082047 / lib_ip.py:3977] len(Hs) = 8100, len(Ss) = 8100, len(Vs) = 8100
[20181107_082047 / lib_ip.py:4023] red : variance --> out of range (variance = 1352.373 / upper = 0.430 / lower = 0.000)
[20181107_082047 / lib_ip.py:3794] file = img.20181107_082046.2018-11-06_20-08-22_000.jpg.1.png / val_Average = 65.2006	val_Variance = 1352.3735	sd = 36.7746	max = 135	min = 0
[20181107_082047 / lib_ip.py:4090] len(Hs) = 8100, len(Ss) = 8100, len(Vs) = 8100
[20181107_082047 / lib_ip.py:4137] green : variance --> out of range (variance = 1352.373 / upper = 0.760 / lower = 0.000)
[20181107_082047 / lib_ip.py:3794] file = img.20181107_082046.2018-11-06_20-08-22_000.jpg.1.png / val_Average = 65.2006	val_Variance = 1352.3735	sd = 36.7746	max = 135	min = 0
[20181107_082047 / lib_ip.py:4204] len(Hs) = 8100, len(Ss) = 8100, len(Vs) = 8100
[20181107_082047 / lib_ip.py:4248] black : variance --> out of range (variance = 1352.373 / upper = 0.000 / lower = 0.000)
[20181107_082047 / lib_ip.py:4399] file : img.20181107_082046.2018-11-06_20-08-22_000.jpg.1.png 0 (black : variance --> out of range (variance = 1352.373 / upper = 0.000 / lower = 0.000))
[20181107_082047 / lib_ip.py:2273] inspecting ===> img.20181107_082046.2018-11-06_20-08-22_000.jpg.2.png
[20181107_082047 / lib_ip.py:4331] 
img.20181107_082046.2018-11-06_20-08-22_000.jpg.2.png 1 ---------------------
[20181107_082048 / lib_ip.py:3794] file = img.20181107_082046.2018-11-06_20-08-22_000.jpg.2.png / val_Average = 58.4843	val_Variance = 1870.0759	sd = 43.2444	max = 160	min = 0
[20181107_082048 / lib_ip.py:3877] len(Hs) = 8100, len(Ss) = 8100, len(Vs) = 8100
[20181107_082048 / lib_ip.py:3910] yellow : variance --> out of range (variance = 1870.076 / upper = 0.650 / lower = 0.000)
[20181107_082048 / lib_ip.py:3794] file = img.20181107_082046.2018-11-06_20-08-22_000.jpg.2.png / val_Average = 58.4843	val_Variance = 1870.0759	sd = 43.2444	max = 160	min = 0
[20181107_082048 / lib_ip.py:3977] len(Hs) = 8100, len(Ss) = 8100, len(Vs) = 8100
[20181107_082048 / lib_ip.py:4023] red : variance --> out of range (variance = 1870.076 / upper = 0.430 / lower = 0.000)
[20181107_082048 / lib_ip.py:3794] file = img.20181107_082046.2018-11-06_20-08-22_000.jpg.2.png / val_Average = 58.4843	val_Variance = 1870.0759	sd = 43.2444	max = 160	min = 0
[20181107_082048 / lib_ip.py:4090] len(Hs) = 8100, len(Ss) = 8100, len(Vs) = 8100
[20181107_082048 / lib_ip.py:4137] green : variance --> out of range (variance = 1870.076 / upper = 0.760 / lower = 0.000)
[20181107_082048 / lib_ip.py:3794] file = img.20181107_082046.2018-11-06_20-08-22_000.jpg.2.png / val_Average = 58.4843	val_Variance = 1870.0759	sd = 43.2444	max = 160	min = 0
[20181107_082048 / lib_ip.py:4204] len(Hs) = 8100, len(Ss) = 8100, len(Vs) = 8100
[20181107_082048 / lib_ip.py:4248] black : variance --> out of range (variance = 1870.076 / upper = 0.000 / lower = 0.000)
[20181107_082048 / lib_ip.py:4399] file : img.20181107_082046.2018-11-06_20-08-22_000.jpg.2.png 1 (black : variance --> out of range (variance = 1870.076 / upper = 0.000 / lower = 0.000))
[20181107_082048 / lib_ip.py:2273] inspecting ===> img.20181107_082046.2018-11-06_20-08-22_000.jpg.3.png
[20181107_082049 / lib_ip.py:4331] 
img.20181107_082046.2018-11-06_20-08-22_000.jpg.3.png 2 ---------------------
[20181107_082049 / lib_ip.py:3794] file = img.20181107_082046.2018-11-06_20-08-22_000.jpg.3.png / val_Average = 92.5465	val_Variance = 0.2488	sd = 0.4988	max = 94	min = 92
[20181107_082049 / lib_ip.py:3877] len(Hs) = 8100, len(Ss) = 8100, len(Vs) = 8100
[20181107_082049 / lib_ip.py:2273] inspecting ===> img.20181107_082046.2018-11-06_20-08-22_000.jpg.4.png
[20181107_082049 / lib_ip.py:4331] 
img.20181107_082046.2018-11-06_20-08-22_000.jpg.4.png 3 ---------------------
[20181107_082049 / lib_ip.py:3794] file = img.20181107_082046.2018-11-06_20-08-22_000.jpg.4.png / val_Average = 69.9637	val_Variance = 1329.6891	sd = 36.4649	max = 135	min = 0
[20181107_082049 / lib_ip.py:3877] len(Hs) = 8100, len(Ss) = 8100, len(Vs) = 8100
[20181107_082050 / lib_ip.py:3910] yellow : variance --> out of range (variance = 1329.689 / upper = 0.650 / lower = 0.000)
[20181107_082050 / lib_ip.py:3794] file = img.20181107_082046.2018-11-06_20-08-22_000.jpg.4.png / val_Average = 69.9637	val_Variance = 1329.6891	sd = 36.4649	max = 135	min = 0
[20181107_082050 / lib_ip.py:3977] len(Hs) = 8100, len(Ss) = 8100, len(Vs) = 8100
[20181107_082050 / lib_ip.py:4023] red : variance --> out of range (variance = 1329.689 / upper = 0.430 / lower = 0.000)
[20181107_082050 / lib_ip.py:3794] file = img.20181107_082046.2018-11-06_20-08-22_000.jpg.4.png / val_Average = 69.9637	val_Variance = 1329.6891	sd = 36.4649	max = 135	min = 0
[20181107_082050 / lib_ip.py:4090] len(Hs) = 8100, len(Ss) = 8100, len(Vs) = 8100
[20181107_082050 / lib_ip.py:4137] green : variance --> out of range (variance = 1329.689 / upper = 0.760 / lower = 0.000)
[20181107_082050 / lib_ip.py:3794] file = img.20181107_082046.2018-11-06_20-08-22_000.jpg.4.png / val_Average = 69.9637	val_Variance = 1329.6891	sd = 36.4649	max = 135	min = 0
[20181107_082050 / lib_ip.py:4204] len(Hs) = 8100, len(Ss) = 8100, len(Vs) = 8100
[20181107_082050 / lib_ip.py:4248] black : variance --> out of range (variance = 1329.689 / upper = 0.000 / lower = 0.000)
[20181107_082050 / lib_ip.py:4399] file : img.20181107_082046.2018-11-06_20-08-22_000.jpg.4.png 3 (black : variance --> out of range (variance = 1329.689 / upper = 0.000 / lower = 0.000))
[20181107_082049 / lib_ip.py:2273] inspecting ===> img.20181107_082046.2018-11-06_20-08-22_000.jpg.4.png
img.20181107_082046.2018-11-06_20-08-22_000.jpg.1.png => other
img.20181107_082046.2018-11-06_20-08-22_000.jpg.2.png => other
img.20181107_082046.2018-11-06_20-08-22_000.jpg.3.png => other
img.20181107_082046.2018-11-06_20-08-22_000.jpg.4.png => other
[20181107_082050 lib_ip.py:3300] =============== Get 4 corners
dpath_Images = C:\WORKS_2\WS\WS_Others.Art\JVEMV6\46_art\VIRTUAL\Admin_Projects\ip\images
fname_Image = img.20181107_082046.2018-11-06_20-08-22_000.jpg.4.png

[20181107_082051 / lib_ip.py:2273] inspecting ===> img.20181107_082051.2018-11-06_22-21-12_000.jpg.1.png
[20181107_082051 / lib_ip.py:4331] 
img.20181107_082051.2018-11-06_22-21-12_000.jpg.1.png 0 ---------------------
[20181107_082051 / lib_ip.py:3794] file = img.20181107_082051.2018-11-06_22-21-12_000.jpg.1.png / val_Average = 16.9502	val_Variance = 0.4058	sd = 0.6370	max = 19	min = 14
[20181107_082051 / lib_ip.py:3877] len(Hs) = 8100, len(Ss) = 8100, len(Vs) = 8100
[20181107_082051 / lib_ip.py:3932] yellow : average --> out of range (average = 16.950 / upper = 99.200 / lower = 88.000)
[20181107_082052 / lib_ip.py:3794] file = img.20181107_082051.2018-11-06_22-21-12_000.jpg.1.png / val_Average = 16.9502	val_Variance = 0.4058	sd = 0.6370	max = 19	min = 14
[20181107_082052 / lib_ip.py:3977] len(Hs) = 8100, len(Ss) = 8100, len(Vs) = 8100
[20181107_082052 / lib_ip.py:4048] red : average --> out of range (average = 16.950 / upper = 124.000 / lower = 115.000)
[20181107_082052 / lib_ip.py:3794] file = img.20181107_082051.2018-11-06_22-21-12_000.jpg.1.png / val_Average = 16.9502	val_Variance = 0.4058	sd = 0.6370	max = 19	min = 14
[20181107_082052 / lib_ip.py:4090] len(Hs) = 8100, len(Ss) = 8100, len(Vs) = 8100
[20181107_082052 / lib_ip.py:4162] green : average --> out of range (average = 16.950 / upper = 83.000 / lower = 58.000)
[20181107_082052 / lib_ip.py:3794] file = img.20181107_082051.2018-11-06_22-21-12_000.jpg.1.png / val_Average = 16.9502	val_Variance = 0.4058	sd = 0.6370	max = 19	min = 14
[20181107_082052 / lib_ip.py:4204] len(Hs) = 8100, len(Ss) = 8100, len(Vs) = 8100
[20181107_082052 / lib_ip.py:4248] black : variance --> out of range (variance = 0.406 / upper = 0.000 / lower = 0.000)
[20181107_082052 / lib_ip.py:4399] file : img.20181107_082051.2018-11-06_22-21-12_000.jpg.1.png 0 (black : variance --> out of range (variance = 0.406 / upper = 0.000 / lower = 0.000))
[20181107_082052 / lib_ip.py:2273] inspecting ===> img.20181107_082051.2018-11-06_22-21-12_000.jpg.2.png
[20181107_082053 / lib_ip.py:4331] 
img.20181107_082051.2018-11-06_22-21-12_000.jpg.2.png 1 ---------------------
[20181107_082053 / lib_ip.py:3794] file = img.20181107_082051.2018-11-06_22-21-12_000.jpg.2.png / val_Average = 100.9664	val_Variance = 5.7539	sd = 2.3987	max = 112	min = 94
[20181107_082053 / lib_ip.py:3877] len(Hs) = 8100, len(Ss) = 8100, len(Vs) = 8100
[20181107_082053 / lib_ip.py:3910] yellow : variance --> out of range (variance = 5.754 / upper = 0.650 / lower = 0.000)
[20181107_082053 / lib_ip.py:3794] file = img.20181107_082051.2018-11-06_22-21-12_000.jpg.2.png / val_Average = 100.9664	val_Variance = 5.7539	sd = 2.3987	max = 112	min = 94
[20181107_082053 / lib_ip.py:3977] len(Hs) = 8100, len(Ss) = 8100, len(Vs) = 8100
[20181107_082053 / lib_ip.py:4023] red : variance --> out of range (variance = 5.754 / upper = 0.430 / lower = 0.000)
[20181107_082053 / lib_ip.py:3794] file = img.20181107_082051.2018-11-06_22-21-12_000.jpg.2.png / val_Average = 100.9664	val_Variance = 5.7539	sd = 2.3987	max = 112	min = 94
[20181107_082053 / lib_ip.py:4090] len(Hs) = 8100, len(Ss) = 8100, len(Vs) = 8100
[20181107_082053 / lib_ip.py:4137] green : variance --> out of range (variance = 5.754 / upper = 0.760 / lower = 0.000)
[20181107_082053 / lib_ip.py:3794] file = img.20181107_082051.2018-11-06_22-21-12_000.jpg.2.png / val_Average = 100.9664	val_Variance = 5.7539	sd = 2.3987	max = 112	min = 94
[20181107_082053 / lib_ip.py:4204] len(Hs) = 8100, len(Ss) = 8100, len(Vs) = 8100
[20181107_082053 / lib_ip.py:4248] black : variance --> out of range (variance = 5.754 / upper = 0.000 / lower = 0.000)
[20181107_082053 / lib_ip.py:4399] file : img.20181107_082051.2018-11-06_22-21-12_000.jpg.2.png 1 (black : variance --> out of range (variance = 5.754 / upper = 0.000 / lower = 0.000))
[20181107_082053 / lib_ip.py:2273] inspecting ===> img.20181107_082051.2018-11-06_22-21-12_000.jpg.3.png
[20181107_082054 / lib_ip.py:4331] 
img.20181107_082051.2018-11-06_22-21-12_000.jpg.3.png 2 ---------------------
[20181107_082054 / lib_ip.py:3794] file = img.20181107_082051.2018-11-06_22-21-12_000.jpg.3.png / val_Average = 93.7257	val_Variance = 11.1114	sd = 3.3334	max = 102	min = 83
[20181107_082054 / lib_ip.py:3877] len(Hs) = 8100, len(Ss) = 8100, len(Vs) = 8100
[20181107_082054 / lib_ip.py:3910] yellow : variance --> out of range (variance = 11.111 / upper = 0.650 / lower = 0.000)
[20181107_082054 / lib_ip.py:3794] file = img.20181107_082051.2018-11-06_22-21-12_000.jpg.3.png / val_Average = 93.7257	val_Variance = 11.1114	sd = 3.3334	max = 102	min = 83
[20181107_082054 / lib_ip.py:3977] len(Hs) = 8100, len(Ss) = 8100, len(Vs) = 8100
[20181107_082054 / lib_ip.py:4023] red : variance --> out of range (variance = 11.111 / upper = 0.430 / lower = 0.000)
[20181107_082054 / lib_ip.py:3794] file = img.20181107_082051.2018-11-06_22-21-12_000.jpg.3.png / val_Average = 93.7257	val_Variance = 11.1114	sd = 3.3334	max = 102	min = 83
[20181107_082054 / lib_ip.py:4090] len(Hs) = 8100, len(Ss) = 8100, len(Vs) = 8100
[20181107_082054 / lib_ip.py:4137] green : variance --> out of range (variance = 11.111 / upper = 0.760 / lower = 0.000)
[20181107_082055 / lib_ip.py:3794] file = img.20181107_082051.2018-11-06_22-21-12_000.jpg.3.png / val_Average = 93.7257	val_Variance = 11.1114	sd = 3.3334	max = 102	min = 83
[20181107_082055 / lib_ip.py:4204] len(Hs) = 8100, len(Ss) = 8100, len(Vs) = 8100
[20181107_082055 / lib_ip.py:4248] black : variance --> out of range (variance = 11.111 / upper = 0.000 / lower = 0.000)
[20181107_082055 / lib_ip.py:4399] file : img.20181107_082051.2018-11-06_22-21-12_000.jpg.3.png 2 (black : variance --> out of range (variance = 11.111 / upper = 0.000 / lower = 0.000))
[20181107_082055 / lib_ip.py:2273] inspecting ===> img.20181107_082051.2018-11-06_22-21-12_000.jpg.4.png
[20181107_082055 / lib_ip.py:4331] 
img.20181107_082051.2018-11-06_22-21-12_000.jpg.4.png 3 ---------------------
[20181107_082055 / lib_ip.py:3794] file = img.20181107_082051.2018-11-06_22-21-12_000.jpg.4.png / val_Average = 101.7233	val_Variance = 0.7530	sd = 0.8677	max = 105	min = 98
[20181107_082055 / lib_ip.py:3877] len(Hs) = 8100, len(Ss) = 8100, len(Vs) = 8100
[20181107_082055 / lib_ip.py:3910] yellow : variance --> out of range (variance = 0.753 / upper = 0.650 / lower = 0.000)
[20181107_082055 / lib_ip.py:3794] file = img.20181107_082051.2018-11-06_22-21-12_000.jpg.4.png / val_Average = 101.7233	val_Variance = 0.7530	sd = 0.8677	max = 105	min = 98
[20181107_082055 / lib_ip.py:3977] len(Hs) = 8100, len(Ss) = 8100, len(Vs) = 8100
[20181107_082056 / lib_ip.py:4023] red : variance --> out of range (variance = 0.753 / upper = 0.430 / lower = 0.000)
[20181107_082056 / lib_ip.py:3794] file = img.20181107_082051.2018-11-06_22-21-12_000.jpg.4.png / val_Average = 101.7233	val_Variance = 0.7530	sd = 0.8677	max = 105	min = 98
[20181107_082056 / lib_ip.py:4090] len(Hs) = 8100, len(Ss) = 8100, len(Vs) = 8100
[20181107_082056 / lib_ip.py:4162] green : average --> out of range (average = 101.723 / upper = 83.000 / lower = 58.000)
[20181107_082056 / lib_ip.py:3794] file = img.20181107_082051.2018-11-06_22-21-12_000.jpg.4.png / val_Average = 101.7233	val_Variance = 0.7530	sd = 0.8677	max = 105	min = 98
[20181107_082056 / lib_ip.py:4204] len(Hs) = 8100, len(Ss) = 8100, len(Vs) = 8100
[20181107_082056 / lib_ip.py:4248] black : variance --> out of range (variance = 0.753 / upper = 0.000 / lower = 0.000)
[20181107_082056 / lib_ip.py:4399] file : img.20181107_082051.2018-11-06_22-21-12_000.jpg.4.png 3 (black : variance --> out of range (variance = 0.753 / upper = 0.000 / lower = 0.000))
[20181107_082055 / lib_ip.py:2273] inspecting ===> img.20181107_082051.2018-11-06_22-21-12_000.jpg.4.png
img.20181107_082051.2018-11-06_22-21-12_000.jpg.1.png => other
img.20181107_082051.2018-11-06_22-21-12_000.jpg.2.png => other
img.20181107_082051.2018-11-06_22-21-12_000.jpg.3.png => other
img.20181107_082051.2018-11-06_22-21-12_000.jpg.4.png => other
[20181107_082056 lib_ip.py:3300] =============== Get 4 corners
dpath_Images = C:\WORKS_2\WS\WS_Others.Art\JVEMV6\46_art\VIRTUAL\Admin_Projects\ip\images
fname_Image = img.20181107_082051.2018-11-06_22-21-12_000.jpg.4.png

[20181107_082057 / lib_ip.py:2273] inspecting ===> img.20181107_082057.2018-11-07_00-50-09_000.jpg.1.png
[20181107_082057 / lib_ip.py:4331] 
img.20181107_082057.2018-11-07_00-50-09_000.jpg.1.png 0 ---------------------
[20181107_082057 / lib_ip.py:3794] file = img.20181107_082057.2018-11-07_00-50-09_000.jpg.1.png / val_Average = 97.1672	val_Variance = 171.8777	sd = 13.1102	max = 135	min = 0
[20181107_082057 / lib_ip.py:3877] len(Hs) = 8100, len(Ss) = 8100, len(Vs) = 8100
[20181107_082057 / lib_ip.py:3910] yellow : variance --> out of range (variance = 171.878 / upper = 0.650 / lower = 0.000)
[20181107_082058 / lib_ip.py:3794] file = img.20181107_082057.2018-11-07_00-50-09_000.jpg.1.png / val_Average = 97.1672	val_Variance = 171.8777	sd = 13.1102	max = 135	min = 0
[20181107_082058 / lib_ip.py:3977] len(Hs) = 8100, len(Ss) = 8100, len(Vs) = 8100
[20181107_082058 / lib_ip.py:4023] red : variance --> out of range (variance = 171.878 / upper = 0.430 / lower = 0.000)
[20181107_082058 / lib_ip.py:3794] file = img.20181107_082057.2018-11-07_00-50-09_000.jpg.1.png / val_Average = 97.1672	val_Variance = 171.8777	sd = 13.1102	max = 135	min = 0
[20181107_082058 / lib_ip.py:4090] len(Hs) = 8100, len(Ss) = 8100, len(Vs) = 8100
[20181107_082058 / lib_ip.py:4137] green : variance --> out of range (variance = 171.878 / upper = 0.760 / lower = 0.000)
[20181107_082058 / lib_ip.py:3794] file = img.20181107_082057.2018-11-07_00-50-09_000.jpg.1.png / val_Average = 97.1672	val_Variance = 171.8777	sd = 13.1102	max = 135	min = 0
[20181107_082058 / lib_ip.py:4204] len(Hs) = 8100, len(Ss) = 8100, len(Vs) = 8100
[20181107_082058 / lib_ip.py:4248] black : variance --> out of range (variance = 171.878 / upper = 0.000 / lower = 0.000)
[20181107_082058 / lib_ip.py:4399] file : img.20181107_082057.2018-11-07_00-50-09_000.jpg.1.png 0 (black : variance --> out of range (variance = 171.878 / upper = 0.000 / lower = 0.000))
[20181107_082058 / lib_ip.py:2273] inspecting ===> img.20181107_082057.2018-11-07_00-50-09_000.jpg.2.png
[20181107_082059 / lib_ip.py:4331] 
img.20181107_082057.2018-11-07_00-50-09_000.jpg.2.png 1 ---------------------
[20181107_082059 / lib_ip.py:3794] file = img.20181107_082057.2018-11-07_00-50-09_000.jpg.2.png / val_Average = 101.3530	val_Variance = 24.1173	sd = 4.9109	max = 130	min = 70
[20181107_082059 / lib_ip.py:3877] len(Hs) = 8100, len(Ss) = 8100, len(Vs) = 8100
[20181107_082059 / lib_ip.py:3910] yellow : variance --> out of range (variance = 24.117 / upper = 0.650 / lower = 0.000)
[20181107_082059 / lib_ip.py:3794] file = img.20181107_082057.2018-11-07_00-50-09_000.jpg.2.png / val_Average = 101.3530	val_Variance = 24.1173	sd = 4.9109	max = 130	min = 70
[20181107_082059 / lib_ip.py:3977] len(Hs) = 8100, len(Ss) = 8100, len(Vs) = 8100
[20181107_082059 / lib_ip.py:4023] red : variance --> out of range (variance = 24.117 / upper = 0.430 / lower = 0.000)
[20181107_082059 / lib_ip.py:3794] file = img.20181107_082057.2018-11-07_00-50-09_000.jpg.2.png / val_Average = 101.3530	val_Variance = 24.1173	sd = 4.9109	max = 130	min = 70
[20181107_082059 / lib_ip.py:4090] len(Hs) = 8100, len(Ss) = 8100, len(Vs) = 8100
[20181107_082059 / lib_ip.py:4137] green : variance --> out of range (variance = 24.117 / upper = 0.760 / lower = 0.000)
[20181107_082059 / lib_ip.py:3794] file = img.20181107_082057.2018-11-07_00-50-09_000.jpg.2.png / val_Average = 101.3530	val_Variance = 24.1173	sd = 4.9109	max = 130	min = 70
[20181107_082059 / lib_ip.py:4204] len(Hs) = 8100, len(Ss) = 8100, len(Vs) = 8100
[20181107_082059 / lib_ip.py:4248] black : variance --> out of range (variance = 24.117 / upper = 0.000 / lower = 0.000)
[20181107_082100 / lib_ip.py:4399] file : img.20181107_082057.2018-11-07_00-50-09_000.jpg.2.png 1 (black : variance --> out of range (variance = 24.117 / upper = 0.000 / lower = 0.000))
[20181107_082100 / lib_ip.py:2273] inspecting ===> img.20181107_082057.2018-11-07_00-50-09_000.jpg.3.png
[20181107_082100 / lib_ip.py:4331] 
img.20181107_082057.2018-11-07_00-50-09_000.jpg.3.png 2 ---------------------
[20181107_082100 / lib_ip.py:3794] file = img.20181107_082057.2018-11-07_00-50-09_000.jpg.3.png / val_Average = 102.0311	val_Variance = 3.4299	sd = 1.8520	max = 107	min = 96
[20181107_082100 / lib_ip.py:3877] len(Hs) = 8100, len(Ss) = 8100, len(Vs) = 8100
[20181107_082100 / lib_ip.py:3910] yellow : variance --> out of range (variance = 3.430 / upper = 0.650 / lower = 0.000)
[20181107_082100 / lib_ip.py:3794] file = img.20181107_082057.2018-11-07_00-50-09_000.jpg.3.png / val_Average = 102.0311	val_Variance = 3.4299	sd = 1.8520	max = 107	min = 96
[20181107_082100 / lib_ip.py:3977] len(Hs) = 8100, len(Ss) = 8100, len(Vs) = 8100
[20181107_082100 / lib_ip.py:4023] red : variance --> out of range (variance = 3.430 / upper = 0.430 / lower = 0.000)
[20181107_082100 / lib_ip.py:3794] file = img.20181107_082057.2018-11-07_00-50-09_000.jpg.3.png / val_Average = 102.0311	val_Variance = 3.4299	sd = 1.8520	max = 107	min = 96
[20181107_082100 / lib_ip.py:4090] len(Hs) = 8100, len(Ss) = 8100, len(Vs) = 8100
[20181107_082100 / lib_ip.py:4137] green : variance --> out of range (variance = 3.430 / upper = 0.760 / lower = 0.000)
[20181107_082100 / lib_ip.py:3794] file = img.20181107_082057.2018-11-07_00-50-09_000.jpg.3.png / val_Average = 102.0311	val_Variance = 3.4299	sd = 1.8520	max = 107	min = 96
[20181107_082101 / lib_ip.py:4204] len(Hs) = 8100, len(Ss) = 8100, len(Vs) = 8100
[20181107_082101 / lib_ip.py:4248] black : variance --> out of range (variance = 3.430 / upper = 0.000 / lower = 0.000)
[20181107_082101 / lib_ip.py:4399] file : img.20181107_082057.2018-11-07_00-50-09_000.jpg.3.png 2 (black : variance --> out of range (variance = 3.430 / upper = 0.000 / lower = 0.000))
[20181107_082101 / lib_ip.py:2273] inspecting ===> img.20181107_082057.2018-11-07_00-50-09_000.jpg.4.png
[20181107_082101 / lib_ip.py:4331] 
img.20181107_082057.2018-11-07_00-50-09_000.jpg.4.png 3 ---------------------
[20181107_082101 / lib_ip.py:3794] file = img.20181107_082057.2018-11-07_00-50-09_000.jpg.4.png / val_Average = 102.6372	val_Variance = 0.5833	sd = 0.7637	max = 106	min = 101
[20181107_082101 / lib_ip.py:3877] len(Hs) = 8100, len(Ss) = 8100, len(Vs) = 8100
[20181107_082101 / lib_ip.py:3932] yellow : average --> out of range (average = 102.637 / upper = 99.200 / lower = 88.000)
[20181107_082101 / lib_ip.py:3794] file = img.20181107_082057.2018-11-07_00-50-09_000.jpg.4.png / val_Average = 102.6372	val_Variance = 0.5833	sd = 0.7637	max = 106	min = 101
[20181107_082101 / lib_ip.py:3977] len(Hs) = 8100, len(Ss) = 8100, len(Vs) = 8100
[20181107_082102 / lib_ip.py:4023] red : variance --> out of range (variance = 0.583 / upper = 0.430 / lower = 0.000)
[20181107_082102 / lib_ip.py:3794] file = img.20181107_082057.2018-11-07_00-50-09_000.jpg.4.png / val_Average = 102.6372	val_Variance = 0.5833	sd = 0.7637	max = 106	min = 101
[20181107_082102 / lib_ip.py:4090] len(Hs) = 8100, len(Ss) = 8100, len(Vs) = 8100
[20181107_082102 / lib_ip.py:4162] green : average --> out of range (average = 102.637 / upper = 83.000 / lower = 58.000)
[20181107_082102 / lib_ip.py:3794] file = img.20181107_082057.2018-11-07_00-50-09_000.jpg.4.png / val_Average = 102.6372	val_Variance = 0.5833	sd = 0.7637	max = 106	min = 101
[20181107_082102 / lib_ip.py:4204] len(Hs) = 8100, len(Ss) = 8100, len(Vs) = 8100
[20181107_082102 / lib_ip.py:4248] black : variance --> out of range (variance = 0.583 / upper = 0.000 / lower = 0.000)
[20181107_082102 / lib_ip.py:4399] file : img.20181107_082057.2018-11-07_00-50-09_000.jpg.4.png 3 (black : variance --> out of range (variance = 0.583 / upper = 0.000 / lower = 0.000))
[20181107_082101 / lib_ip.py:2273] inspecting ===> img.20181107_082057.2018-11-07_00-50-09_000.jpg.4.png
img.20181107_082057.2018-11-07_00-50-09_000.jpg.1.png => other
img.20181107_082057.2018-11-07_00-50-09_000.jpg.2.png => other
img.20181107_082057.2018-11-07_00-50-09_000.jpg.3.png => other
img.20181107_082057.2018-11-07_00-50-09_000.jpg.4.png => other
[20181107_082102 lib_ip.py:3300] =============== Get 4 corners
dpath_Images = C:\WORKS_2\WS\WS_Others.Art\JVEMV6\46_art\VIRTUAL\Admin_Projects\ip\images
fname_Image = img.20181107_082057.2018-11-07_00-50-09_000.jpg.4.png

[20181107_082103 / lib_ip.py:2273] inspecting ===> img.20181107_082103.2018-11-07_07-36-27_000.jpg.1.png
[20181107_082103 / lib_ip.py:4331] 
img.20181107_082103.2018-11-07_07-36-27_000.jpg.1.png 0 ---------------------
[20181107_082103 / lib_ip.py:3794] file = img.20181107_082103.2018-11-07_07-36-27_000.jpg.1.png / val_Average = 86.4930	val_Variance = 10.7270	sd = 3.2752	max = 96	min = 77
[20181107_082103 / lib_ip.py:3877] len(Hs) = 8100, len(Ss) = 8100, len(Vs) = 8100
[20181107_082103 / lib_ip.py:3910] yellow : variance --> out of range (variance = 10.727 / upper = 0.650 / lower = 0.000)
[20181107_082103 / lib_ip.py:3794] file = img.20181107_082103.2018-11-07_07-36-27_000.jpg.1.png / val_Average = 86.4930	val_Variance = 10.7270	sd = 3.2752	max = 96	min = 77
[20181107_082103 / lib_ip.py:3977] len(Hs) = 8100, len(Ss) = 8100, len(Vs) = 8100
[20181107_082104 / lib_ip.py:4023] red : variance --> out of range (variance = 10.727 / upper = 0.430 / lower = 0.000)
[20181107_082104 / lib_ip.py:3794] file = img.20181107_082103.2018-11-07_07-36-27_000.jpg.1.png / val_Average = 86.4930	val_Variance = 10.7270	sd = 3.2752	max = 96	min = 77
[20181107_082104 / lib_ip.py:4090] len(Hs) = 8100, len(Ss) = 8100, len(Vs) = 8100
[20181107_082104 / lib_ip.py:4137] green : variance --> out of range (variance = 10.727 / upper = 0.760 / lower = 0.000)
[20181107_082104 / lib_ip.py:3794] file = img.20181107_082103.2018-11-07_07-36-27_000.jpg.1.png / val_Average = 86.4930	val_Variance = 10.7270	sd = 3.2752	max = 96	min = 77
[20181107_082104 / lib_ip.py:4204] len(Hs) = 8100, len(Ss) = 8100, len(Vs) = 8100
[20181107_082104 / lib_ip.py:4248] black : variance --> out of range (variance = 10.727 / upper = 0.000 / lower = 0.000)
[20181107_082104 / lib_ip.py:4399] file : img.20181107_082103.2018-11-07_07-36-27_000.jpg.1.png 0 (black : variance --> out of range (variance = 10.727 / upper = 0.000 / lower = 0.000))
[20181107_082104 / lib_ip.py:2273] inspecting ===> img.20181107_082103.2018-11-07_07-36-27_000.jpg.2.png
[20181107_082104 / lib_ip.py:4331] 
img.20181107_082103.2018-11-07_07-36-27_000.jpg.2.png 1 ---------------------
[20181107_082105 / lib_ip.py:3794] file = img.20181107_082103.2018-11-07_07-36-27_000.jpg.2.png / val_Average = 104.4348	val_Variance = 1.0213	sd = 1.0106	max = 108	min = 101
[20181107_082105 / lib_ip.py:3877] len(Hs) = 8100, len(Ss) = 8100, len(Vs) = 8100
[20181107_082105 / lib_ip.py:3910] yellow : variance --> out of range (variance = 1.021 / upper = 0.650 / lower = 0.000)
[20181107_082105 / lib_ip.py:3794] file = img.20181107_082103.2018-11-07_07-36-27_000.jpg.2.png / val_Average = 104.4348	val_Variance = 1.0213	sd = 1.0106	max = 108	min = 101
[20181107_082105 / lib_ip.py:3977] len(Hs) = 8100, len(Ss) = 8100, len(Vs) = 8100
[20181107_082105 / lib_ip.py:4023] red : variance --> out of range (variance = 1.021 / upper = 0.430 / lower = 0.000)
[20181107_082105 / lib_ip.py:3794] file = img.20181107_082103.2018-11-07_07-36-27_000.jpg.2.png / val_Average = 104.4348	val_Variance = 1.0213	sd = 1.0106	max = 108	min = 101
[20181107_082105 / lib_ip.py:4090] len(Hs) = 8100, len(Ss) = 8100, len(Vs) = 8100
[20181107_082105 / lib_ip.py:4137] green : variance --> out of range (variance = 1.021 / upper = 0.760 / lower = 0.000)
[20181107_082105 / lib_ip.py:3794] file = img.20181107_082103.2018-11-07_07-36-27_000.jpg.2.png / val_Average = 104.4348	val_Variance = 1.0213	sd = 1.0106	max = 108	min = 101
[20181107_082105 / lib_ip.py:4204] len(Hs) = 8100, len(Ss) = 8100, len(Vs) = 8100
[20181107_082105 / lib_ip.py:4248] black : variance --> out of range (variance = 1.021 / upper = 0.000 / lower = 0.000)
[20181107_082106 / lib_ip.py:4399] file : img.20181107_082103.2018-11-07_07-36-27_000.jpg.2.png 1 (black : variance --> out of range (variance = 1.021 / upper = 0.000 / lower = 0.000))
[20181107_082106 / lib_ip.py:2273] inspecting ===> img.20181107_082103.2018-11-07_07-36-27_000.jpg.3.png
[20181107_082106 / lib_ip.py:4331] 
img.20181107_082103.2018-11-07_07-36-27_000.jpg.3.png 2 ---------------------
[20181107_082106 / lib_ip.py:3794] file = img.20181107_082103.2018-11-07_07-36-27_000.jpg.3.png / val_Average = 101.4068	val_Variance = 0.7327	sd = 0.8560	max = 105	min = 99
[20181107_082106 / lib_ip.py:3877] len(Hs) = 8100, len(Ss) = 8100, len(Vs) = 8100
[20181107_082106 / lib_ip.py:3910] yellow : variance --> out of range (variance = 0.733 / upper = 0.650 / lower = 0.000)
[20181107_082106 / lib_ip.py:3794] file = img.20181107_082103.2018-11-07_07-36-27_000.jpg.3.png / val_Average = 101.4068	val_Variance = 0.7327	sd = 0.8560	max = 105	min = 99
[20181107_082106 / lib_ip.py:3977] len(Hs) = 8100, len(Ss) = 8100, len(Vs) = 8100
[20181107_082106 / lib_ip.py:4023] red : variance --> out of range (variance = 0.733 / upper = 0.430 / lower = 0.000)
[20181107_082106 / lib_ip.py:3794] file = img.20181107_082103.2018-11-07_07-36-27_000.jpg.3.png / val_Average = 101.4068	val_Variance = 0.7327	sd = 0.8560	max = 105	min = 99
[20181107_082106 / lib_ip.py:4090] len(Hs) = 8100, len(Ss) = 8100, len(Vs) = 8100
[20181107_082107 / lib_ip.py:4162] green : average --> out of range (average = 101.407 / upper = 83.000 / lower = 58.000)
[20181107_082107 / lib_ip.py:3794] file = img.20181107_082103.2018-11-07_07-36-27_000.jpg.3.png / val_Average = 101.4068	val_Variance = 0.7327	sd = 0.8560	max = 105	min = 99
[20181107_082107 / lib_ip.py:4204] len(Hs) = 8100, len(Ss) = 8100, len(Vs) = 8100
[20181107_082107 / lib_ip.py:4248] black : variance --> out of range (variance = 0.733 / upper = 0.000 / lower = 0.000)
[20181107_082107 / lib_ip.py:4399] file : img.20181107_082103.2018-11-07_07-36-27_000.jpg.3.png 2 (black : variance --> out of range (variance = 0.733 / upper = 0.000 / lower = 0.000))
[20181107_082107 / lib_ip.py:2273] inspecting ===> img.20181107_082103.2018-11-07_07-36-27_000.jpg.4.png
[20181107_082107 / lib_ip.py:4331] 
img.20181107_082103.2018-11-07_07-36-27_000.jpg.4.png 3 ---------------------
[20181107_082107 / lib_ip.py:3794] file = img.20181107_082103.2018-11-07_07-36-27_000.jpg.4.png / val_Average = 100.3996	val_Variance = 1.0609	sd = 1.0300	max = 102	min = 96
[20181107_082107 / lib_ip.py:3877] len(Hs) = 8100, len(Ss) = 8100, len(Vs) = 8100
[20181107_082107 / lib_ip.py:3910] yellow : variance --> out of range (variance = 1.061 / upper = 0.650 / lower = 0.000)
[20181107_082107 / lib_ip.py:3794] file = img.20181107_082103.2018-11-07_07-36-27_000.jpg.4.png / val_Average = 100.3996	val_Variance = 1.0609	sd = 1.0300	max = 102	min = 96
[20181107_082107 / lib_ip.py:3977] len(Hs) = 8100, len(Ss) = 8100, len(Vs) = 8100
[20181107_082107 / lib_ip.py:4023] red : variance --> out of range (variance = 1.061 / upper = 0.430 / lower = 0.000)
[20181107_082107 / lib_ip.py:3794] file = img.20181107_082103.2018-11-07_07-36-27_000.jpg.4.png / val_Average = 100.3996	val_Variance = 1.0609	sd = 1.0300	max = 102	min = 96
[20181107_082107 / lib_ip.py:4090] len(Hs) = 8100, len(Ss) = 8100, len(Vs) = 8100
[20181107_082107 / lib_ip.py:4137] green : variance --> out of range (variance = 1.061 / upper = 0.760 / lower = 0.000)
[20181107_082108 / lib_ip.py:3794] file = img.20181107_082103.2018-11-07_07-36-27_000.jpg.4.png / val_Average = 100.3996	val_Variance = 1.0609	sd = 1.0300	max = 102	min = 96
[20181107_082108 / lib_ip.py:4204] len(Hs) = 8100, len(Ss) = 8100, len(Vs) = 8100
[20181107_082108 / lib_ip.py:4248] black : variance --> out of range (variance = 1.061 / upper = 0.000 / lower = 0.000)
[20181107_082108 / lib_ip.py:4399] file : img.20181107_082103.2018-11-07_07-36-27_000.jpg.4.png 3 (black : variance --> out of range (variance = 1.061 / upper = 0.000 / lower = 0.000))
[20181107_082107 / lib_ip.py:2273] inspecting ===> img.20181107_082103.2018-11-07_07-36-27_000.jpg.4.png
img.20181107_082103.2018-11-07_07-36-27_000.jpg.1.png => other
img.20181107_082103.2018-11-07_07-36-27_000.jpg.2.png => other
img.20181107_082103.2018-11-07_07-36-27_000.jpg.3.png => other
img.20181107_082103.2018-11-07_07-36-27_000.jpg.4.png => other
[20181107_082108 lib_ip.py:3300] =============== Get 4 corners
dpath_Images = C:\WORKS_2\WS\WS_Others.Art\JVEMV6\46_art\VIRTUAL\Admin_Projects\ip\images
fname_Image = img.20181107_082103.2018-11-07_07-36-27_000.jpg.4.png

[20181107_082109 / lib_ip.py:2273] inspecting ===> img.20181107_082108.2018-11-07_07-55-26_000.jpg.1.png
[20181107_082109 / lib_ip.py:4331] 
img.20181107_082108.2018-11-07_07-55-26_000.jpg.1.png 0 ---------------------
[20181107_082109 / lib_ip.py:3794] file = img.20181107_082108.2018-11-07_07-55-26_000.jpg.1.png / val_Average = 152.3146	val_Variance = 1205.7413	sd = 34.7238	max = 178	min = 0
[20181107_082109 / lib_ip.py:3877] len(Hs) = 8100, len(Ss) = 8100, len(Vs) = 8100
[20181107_082109 / lib_ip.py:3910] yellow : variance --> out of range (variance = 1205.741 / upper = 0.650 / lower = 0.000)
[20181107_082109 / lib_ip.py:3794] file = img.20181107_082108.2018-11-07_07-55-26_000.jpg.1.png / val_Average = 152.3146	val_Variance = 1205.7413	sd = 34.7238	max = 178	min = 0
[20181107_082109 / lib_ip.py:3977] len(Hs) = 8100, len(Ss) = 8100, len(Vs) = 8100
[20181107_082109 / lib_ip.py:4023] red : variance --> out of range (variance = 1205.741 / upper = 0.430 / lower = 0.000)
[20181107_082109 / lib_ip.py:3794] file = img.20181107_082108.2018-11-07_07-55-26_000.jpg.1.png / val_Average = 152.3146	val_Variance = 1205.7413	sd = 34.7238	max = 178	min = 0
[20181107_082109 / lib_ip.py:4090] len(Hs) = 8100, len(Ss) = 8100, len(Vs) = 8100
[20181107_082110 / lib_ip.py:4137] green : variance --> out of range (variance = 1205.741 / upper = 0.760 / lower = 0.000)
[20181107_082110 / lib_ip.py:3794] file = img.20181107_082108.2018-11-07_07-55-26_000.jpg.1.png / val_Average = 152.3146	val_Variance = 1205.7413	sd = 34.7238	max = 178	min = 0
[20181107_082110 / lib_ip.py:4204] len(Hs) = 8100, len(Ss) = 8100, len(Vs) = 8100
[20181107_082110 / lib_ip.py:4248] black : variance --> out of range (variance = 1205.741 / upper = 0.000 / lower = 0.000)
[20181107_082110 / lib_ip.py:4399] file : img.20181107_082108.2018-11-07_07-55-26_000.jpg.1.png 0 (black : variance --> out of range (variance = 1205.741 / upper = 0.000 / lower = 0.000))
[20181107_082110 / lib_ip.py:2273] inspecting ===> img.20181107_082108.2018-11-07_07-55-26_000.jpg.2.png
[20181107_082110 / lib_ip.py:4331] 
img.20181107_082108.2018-11-07_07-55-26_000.jpg.2.png 1 ---------------------
[20181107_082110 / lib_ip.py:3794] file = img.20181107_082108.2018-11-07_07-55-26_000.jpg.2.png / val_Average = 60.5749	val_Variance = 622.6113	sd = 24.9522	max = 100	min = 0
[20181107_082110 / lib_ip.py:3877] len(Hs) = 8100, len(Ss) = 8100, len(Vs) = 8100
[20181107_082110 / lib_ip.py:3910] yellow : variance --> out of range (variance = 622.611 / upper = 0.650 / lower = 0.000)
[20181107_082110 / lib_ip.py:3794] file = img.20181107_082108.2018-11-07_07-55-26_000.jpg.2.png / val_Average = 60.5749	val_Variance = 622.6113	sd = 24.9522	max = 100	min = 0
[20181107_082110 / lib_ip.py:3977] len(Hs) = 8100, len(Ss) = 8100, len(Vs) = 8100
[20181107_082110 / lib_ip.py:4023] red : variance --> out of range (variance = 622.611 / upper = 0.430 / lower = 0.000)
[20181107_082111 / lib_ip.py:3794] file = img.20181107_082108.2018-11-07_07-55-26_000.jpg.2.png / val_Average = 60.5749	val_Variance = 622.6113	sd = 24.9522	max = 100	min = 0
[20181107_082111 / lib_ip.py:4090] len(Hs) = 8100, len(Ss) = 8100, len(Vs) = 8100
[20181107_082111 / lib_ip.py:4137] green : variance --> out of range (variance = 622.611 / upper = 0.760 / lower = 0.000)
[20181107_082111 / lib_ip.py:3794] file = img.20181107_082108.2018-11-07_07-55-26_000.jpg.2.png / val_Average = 60.5749	val_Variance = 622.6113	sd = 24.9522	max = 100	min = 0
[20181107_082111 / lib_ip.py:4204] len(Hs) = 8100, len(Ss) = 8100, len(Vs) = 8100
[20181107_082111 / lib_ip.py:4248] black : variance --> out of range (variance = 622.611 / upper = 0.000 / lower = 0.000)
[20181107_082111 / lib_ip.py:4399] file : img.20181107_082108.2018-11-07_07-55-26_000.jpg.2.png 1 (black : variance --> out of range (variance = 622.611 / upper = 0.000 / lower = 0.000))
[20181107_082111 / lib_ip.py:2273] inspecting ===> img.20181107_082108.2018-11-07_07-55-26_000.jpg.3.png
[20181107_082111 / lib_ip.py:4331] 
img.20181107_082108.2018-11-07_07-55-26_000.jpg.3.png 2 ---------------------
[20181107_082111 / lib_ip.py:3794] file = img.20181107_082108.2018-11-07_07-55-26_000.jpg.3.png / val_Average = 73.2575	val_Variance = 0.1912	sd = 0.4373	max = 74	min = 73
[20181107_082112 / lib_ip.py:3877] len(Hs) = 8100, len(Ss) = 8100, len(Vs) = 8100
[20181107_082112 / lib_ip.py:3932] yellow : average --> out of range (average = 73.258 / upper = 99.200 / lower = 88.000)
[20181107_082112 / lib_ip.py:3794] file = img.20181107_082108.2018-11-07_07-55-26_000.jpg.3.png / val_Average = 73.2575	val_Variance = 0.1912	sd = 0.4373	max = 74	min = 73
[20181107_082112 / lib_ip.py:3977] len(Hs) = 8100, len(Ss) = 8100, len(Vs) = 8100
[20181107_082112 / lib_ip.py:4048] red : average --> out of range (average = 73.258 / upper = 124.000 / lower = 115.000)
[20181107_082112 / lib_ip.py:3794] file = img.20181107_082108.2018-11-07_07-55-26_000.jpg.3.png / val_Average = 73.2575	val_Variance = 0.1912	sd = 0.4373	max = 74	min = 73
[20181107_082112 / lib_ip.py:4090] len(Hs) = 8100, len(Ss) = 8100, len(Vs) = 8100
[20181107_082112 / lib_ip.py:2273] inspecting ===> img.20181107_082108.2018-11-07_07-55-26_000.jpg.4.png
[20181107_082112 / lib_ip.py:4331] 
img.20181107_082108.2018-11-07_07-55-26_000.jpg.4.png 3 ---------------------
[20181107_082113 / lib_ip.py:3794] file = img.20181107_082108.2018-11-07_07-55-26_000.jpg.4.png / val_Average = 74.0286	val_Variance = 0.1128	sd = 0.3358	max = 75	min = 73
[20181107_082113 / lib_ip.py:3877] len(Hs) = 8100, len(Ss) = 8100, len(Vs) = 8100
[20181107_082113 / lib_ip.py:3932] yellow : average --> out of range (average = 74.029 / upper = 99.200 / lower = 88.000)
[20181107_082113 / lib_ip.py:3794] file = img.20181107_082108.2018-11-07_07-55-26_000.jpg.4.png / val_Average = 74.0286	val_Variance = 0.1128	sd = 0.3358	max = 75	min = 73
[20181107_082113 / lib_ip.py:3977] len(Hs) = 8100, len(Ss) = 8100, len(Vs) = 8100
[20181107_082113 / lib_ip.py:4048] red : average --> out of range (average = 74.029 / upper = 124.000 / lower = 115.000)
[20181107_082113 / lib_ip.py:3794] file = img.20181107_082108.2018-11-07_07-55-26_000.jpg.4.png / val_Average = 74.0286	val_Variance = 0.1128	sd = 0.3358	max = 75	min = 73
[20181107_082113 / lib_ip.py:4090] len(Hs) = 8100, len(Ss) = 8100, len(Vs) = 8100
[20181107_082112 / lib_ip.py:2273] inspecting ===> img.20181107_082108.2018-11-07_07-55-26_000.jpg.4.png
img.20181107_082108.2018-11-07_07-55-26_000.jpg.1.png => other
img.20181107_082108.2018-11-07_07-55-26_000.jpg.2.png => other
img.20181107_082108.2018-11-07_07-55-26_000.jpg.3.png => other
img.20181107_082108.2018-11-07_07-55-26_000.jpg.4.png => other
[20181107_082113 lib_ip.py:3300] =============== Get 4 corners
dpath_Images = C:\WORKS_2\WS\WS_Others.Art\JVEMV6\46_art\VIRTUAL\Admin_Projects\ip\images
fname_Image = img.20181107_082108.2018-11-07_07-55-26_000.jpg.4.png

[20181107_082113 / views.py:1411] gen csv => complete (20181107_082113)(elapsed = 74.149 sec / 14 files / 5.296 sec per file)
1)	2018-11-06_15-14-19_000.jpg => 	other other green green 
2)	2018-11-06_15-42-36_000.jpg => 	other other red green 
3)	2018-11-06_16-17-01_000.jpg => 	other other other other 
4)	2018-11-06_16-37-25_000.jpg => 	red yellow other other 
5)	2018-11-06_16-37-36_000.jpg => 	red yellow other other 
6)	2018-11-06_16-38-27_000.jpg => 	other red other yellow 
7)	2018-11-06_16-40-16_000.jpg => 	red other yellow other 
8)	2018-11-06_17-31-02_000.jpg => 	red other green other 
9)	2018-11-06_18-20-35_000.jpg => 	other other red other 
10)	2018-11-06_20-08-22_000.jpg => 	other other yellow other 
11)	2018-11-06_22-21-12_000.jpg => 	other other other other 
12)	2018-11-07_00-50-09_000.jpg => 	other other other other 
13)	2018-11-07_07-36-27_000.jpg => 	other other other other 
14)	2018-11-07_07-55-26_000.jpg => 	other other green green 
[20181107_082113 / views.py:1797] lo_ColorName_Set__Modified_2 =>
1)	2018-11-06_15-14-19_000.jpg => 	g g o o 
2)	2018-11-06_15-42-36_000.jpg => 	g o o r 
3)	2018-11-06_16-17-01_000.jpg => 	o o o o 
4)	2018-11-06_16-37-25_000.jpg => 	o o r y 
5)	2018-11-06_16-37-36_000.jpg => 	o o r y 
6)	2018-11-06_16-38-27_000.jpg => 	o o r y 
7)	2018-11-06_16-40-16_000.jpg => 	o o r y 
8)	2018-11-06_17-31-02_000.jpg => 	g o o r 
9)	2018-11-06_18-20-35_000.jpg => 	o o o r 
10)	2018-11-06_20-08-22_000.jpg => 	o o o y 
11)	2018-11-06_22-21-12_000.jpg => 	o o o o 
12)	2018-11-07_00-50-09_000.jpg => 	o o o o 
13)	2018-11-07_07-36-27_000.jpg => 	o o o o 
14)	2018-11-07_07-55-26_000.jpg => 	g g o o 
[20181107_082115 / views.py:1908] gen_Cake_CSV(request) ==> ending... =======================//

