[20190205_150346 / views.py:1878] exec_get_4_corners(request) ================================
[20190205_150349 / lib_ip.py:1961] lo_Color_Names =>
img.20190205_150347.2019-02-04_09-48-36_000.jpg.1.png => other
img.20190205_150347.2019-02-04_09-48-36_000.jpg.2.png => other
img.20190205_150347.2019-02-04_09-48-36_000.jpg.3.png => other
img.20190205_150347.2019-02-04_09-48-36_000.jpg.4.png => other
[20190205_150349 / lib_ip.py:4505] 
2019-02-04_09-48-36_000.jpg 0 ---------------------
[20190205_150349 / lib_ip.py:3753] file = 2019-02-04_09-48-36_000.jpg / val_Average = 130.0647	val_Variance = 0.2704	sd = 0.5200	max = 132	min = 128
[20190205_150349 / lib_ip.py:3836] len(Hs) = 8100, len(Ss) = 8100, len(Vs) = 8100
[20190205_150349 / lib_ip.py:3891] yellow : average --> out of range (average = 130.065 / upper = 99.200 / lower = 85.500)
[20190205_150349 / lib_ip.py:3753] file = 2019-02-04_09-48-36_000.jpg / val_Average = 130.0647	val_Variance = 0.2704	sd = 0.5200	max = 132	min = 128
[20190205_150349 / lib_ip.py:3936] len(Hs) = 8100, len(Ss) = 8100, len(Vs) = 8100
[20190205_150349 / lib_ip.py:4007] red : average --> out of range (average = 130.065 / upper = 124.000 / lower = 115.000)
[20190205_150349 / lib_ip.py:3753] file = 2019-02-04_09-48-36_000.jpg / val_Average = 130.0647	val_Variance = 0.2704	sd = 0.5200	max = 132	min = 128
[20190205_150349 / lib_ip.py:4052] len(Hs) = 8100, len(Ss) = 8100, len(Vs) = 8100
[20190205_150349 / lib_ip.py:4124] green : average --> out of range (average = 130.065 / upper = 85.000 / lower = 58.000)
[20190205_150349 / lib_ip.py:3753] file = 2019-02-04_09-48-36_000.jpg / val_Average = 130.0647	val_Variance = 0.2704	sd = 0.5200	max = 132	min = 128
[20190205_150349 / lib_ip.py:4169] len(Hs) = 8100, len(Ss) = 8100, len(Vs) = 8100
[20190205_150350 / lib_ip.py:4230] blue : average --> out of range (average = 130.065 / upper = 17.000 / lower = 8.850)
[20190205_150350 / lib_ip.py:3753] file = 2019-02-04_09-48-36_000.jpg / val_Average = 130.0647	val_Variance = 0.2704	sd = 0.5200	max = 132	min = 128
[20190205_150350 / lib_ip.py:4275] len(Hs) = 8100, len(Ss) = 8100, len(Vs) = 8100
[20190205_150350 / lib_ip.py:4336] pink : average --> out of range (average = 130.065 / upper = 134.700 / lower = 131.000)
[20190205_150350 / lib_ip.py:3753] file = 2019-02-04_09-48-36_000.jpg / val_Average = 130.0647	val_Variance = 0.2704	sd = 0.5200	max = 132	min = 128
[20190205_150350 / lib_ip.py:4378] len(Hs) = 8100, len(Ss) = 8100, len(Vs) = 8100
[20190205_150350 / lib_ip.py:4422] black : variance --> out of range (variance = 0.270 / upper = 0.000 / lower = 0.000)
[20190205_150350 / lib_ip.py:4593] file : 2019-02-04_09-48-36_000.jpg 0 (black : variance --> out of range (variance = 0.270 / upper = 0.000 / lower = 0.000))
[20190205_150350 / lib_ip.py:4505] 
2019-02-04_09-48-36_000.jpg 1 ---------------------
[20190205_150350 / lib_ip.py:3753] file = 2019-02-04_09-48-36_000.jpg / val_Average = 107.3337	val_Variance = 0.7196	sd = 0.8483	max = 111	min = 104
[20190205_150350 / lib_ip.py:3836] len(Hs) = 8100, len(Ss) = 8100, len(Vs) = 8100
[20190205_150350 / lib_ip.py:3869] yellow : variance --> out of range (variance = 0.720 / upper = 0.650 / lower = 0.000)
[20190205_150350 / lib_ip.py:3753] file = 2019-02-04_09-48-36_000.jpg / val_Average = 107.3337	val_Variance = 0.7196	sd = 0.8483	max = 111	min = 104
[20190205_150350 / lib_ip.py:3936] len(Hs) = 8100, len(Ss) = 8100, len(Vs) = 8100
[20190205_150350 / lib_ip.py:3982] red : variance --> out of range (variance = 0.720 / upper = 0.430 / lower = 0.000)
[20190205_150350 / lib_ip.py:3753] file = 2019-02-04_09-48-36_000.jpg / val_Average = 107.3337	val_Variance = 0.7196	sd = 0.8483	max = 111	min = 104
[20190205_150350 / lib_ip.py:4052] len(Hs) = 8100, len(Ss) = 8100, len(Vs) = 8100
[20190205_150351 / lib_ip.py:4124] green : average --> out of range (average = 107.334 / upper = 85.000 / lower = 58.000)
[20190205_150351 / lib_ip.py:3753] file = 2019-02-04_09-48-36_000.jpg / val_Average = 107.3337	val_Variance = 0.7196	sd = 0.8483	max = 111	min = 104
[20190205_150351 / lib_ip.py:4169] len(Hs) = 8100, len(Ss) = 8100, len(Vs) = 8100
[20190205_150351 / lib_ip.py:4230] blue : average --> out of range (average = 107.334 / upper = 17.000 / lower = 8.850)
[20190205_150351 / lib_ip.py:3753] file = 2019-02-04_09-48-36_000.jpg / val_Average = 107.3337	val_Variance = 0.7196	sd = 0.8483	max = 111	min = 104
[20190205_150351 / lib_ip.py:4275] len(Hs) = 8100, len(Ss) = 8100, len(Vs) = 8100
[20190205_150351 / lib_ip.py:4314] pink : variance --> out of range (variance = 0.720 / upper = 0.400 / lower = 0.180)
[20190205_150351 / lib_ip.py:3753] file = 2019-02-04_09-48-36_000.jpg / val_Average = 107.3337	val_Variance = 0.7196	sd = 0.8483	max = 111	min = 104
[20190205_150351 / lib_ip.py:4378] len(Hs) = 8100, len(Ss) = 8100, len(Vs) = 8100
[20190205_150351 / lib_ip.py:4422] black : variance --> out of range (variance = 0.720 / upper = 0.000 / lower = 0.000)
[20190205_150351 / lib_ip.py:4593] file : 2019-02-04_09-48-36_000.jpg 1 (black : variance --> out of range (variance = 0.720 / upper = 0.000 / lower = 0.000))
[20190205_150351 / lib_ip.py:4505] 
2019-02-04_09-48-36_000.jpg 2 ---------------------
[20190205_150351 / lib_ip.py:3753] file = 2019-02-04_09-48-36_000.jpg / val_Average = 92.7116	val_Variance = 1034.3386	sd = 32.1611	max = 135	min = 0
[20190205_150351 / lib_ip.py:3836] len(Hs) = 8100, len(Ss) = 8100, len(Vs) = 8100
[20190205_150351 / lib_ip.py:3869] yellow : variance --> out of range (variance = 1034.339 / upper = 0.650 / lower = 0.000)
[20190205_150351 / lib_ip.py:3753] file = 2019-02-04_09-48-36_000.jpg / val_Average = 92.7116	val_Variance = 1034.3386	sd = 32.1611	max = 135	min = 0
[20190205_150351 / lib_ip.py:3936] len(Hs) = 8100, len(Ss) = 8100, len(Vs) = 8100
[20190205_150351 / lib_ip.py:3982] red : variance --> out of range (variance = 1034.339 / upper = 0.430 / lower = 0.000)
[20190205_150351 / lib_ip.py:3753] file = 2019-02-04_09-48-36_000.jpg / val_Average = 92.7116	val_Variance = 1034.3386	sd = 32.1611	max = 135	min = 0
[20190205_150351 / lib_ip.py:4052] len(Hs) = 8100, len(Ss) = 8100, len(Vs) = 8100
[20190205_150351 / lib_ip.py:4099] green : variance --> out of range (variance = 1034.339 / upper = 0.760 / lower = 0.000)
[20190205_150352 / lib_ip.py:3753] file = 2019-02-04_09-48-36_000.jpg / val_Average = 92.7116	val_Variance = 1034.3386	sd = 32.1611	max = 135	min = 0
[20190205_150352 / lib_ip.py:4169] len(Hs) = 8100, len(Ss) = 8100, len(Vs) = 8100
[20190205_150352 / lib_ip.py:4208] blue : variance --> out of range (variance = 1034.339 / upper = 0.930 / lower = 0.010)
[20190205_150352 / lib_ip.py:3753] file = 2019-02-04_09-48-36_000.jpg / val_Average = 92.7116	val_Variance = 1034.3386	sd = 32.1611	max = 135	min = 0
[20190205_150352 / lib_ip.py:4275] len(Hs) = 8100, len(Ss) = 8100, len(Vs) = 8100
[20190205_150352 / lib_ip.py:4314] pink : variance --> out of range (variance = 1034.339 / upper = 0.400 / lower = 0.180)
[20190205_150352 / lib_ip.py:3753] file = 2019-02-04_09-48-36_000.jpg / val_Average = 92.7116	val_Variance = 1034.3386	sd = 32.1611	max = 135	min = 0
[20190205_150352 / lib_ip.py:4378] len(Hs) = 8100, len(Ss) = 8100, len(Vs) = 8100
[20190205_150352 / lib_ip.py:4422] black : variance --> out of range (variance = 1034.339 / upper = 0.000 / lower = 0.000)
[20190205_150352 / lib_ip.py:4593] file : 2019-02-04_09-48-36_000.jpg 2 (black : variance --> out of range (variance = 1034.339 / upper = 0.000 / lower = 0.000))
[20190205_150352 / lib_ip.py:4505] 
2019-02-04_09-48-36_000.jpg 3 ---------------------
[20190205_150352 / lib_ip.py:3753] file = 2019-02-04_09-48-36_000.jpg / val_Average = 102.0225	val_Variance = 13.5990	sd = 3.6877	max = 114	min = 85
[20190205_150352 / lib_ip.py:3836] len(Hs) = 8100, len(Ss) = 8100, len(Vs) = 8100
[20190205_150352 / lib_ip.py:3869] yellow : variance --> out of range (variance = 13.599 / upper = 0.650 / lower = 0.000)
[20190205_150352 / lib_ip.py:3753] file = 2019-02-04_09-48-36_000.jpg / val_Average = 102.0225	val_Variance = 13.5990	sd = 3.6877	max = 114	min = 85
[20190205_150352 / lib_ip.py:3936] len(Hs) = 8100, len(Ss) = 8100, len(Vs) = 8100
[20190205_150352 / lib_ip.py:3982] red : variance --> out of range (variance = 13.599 / upper = 0.430 / lower = 0.000)
[20190205_150352 / lib_ip.py:3753] file = 2019-02-04_09-48-36_000.jpg / val_Average = 102.0225	val_Variance = 13.5990	sd = 3.6877	max = 114	min = 85
[20190205_150352 / lib_ip.py:4052] len(Hs) = 8100, len(Ss) = 8100, len(Vs) = 8100
[20190205_150352 / lib_ip.py:4099] green : variance --> out of range (variance = 13.599 / upper = 0.760 / lower = 0.000)
[20190205_150353 / lib_ip.py:3753] file = 2019-02-04_09-48-36_000.jpg / val_Average = 102.0225	val_Variance = 13.5990	sd = 3.6877	max = 114	min = 85
[20190205_150353 / lib_ip.py:4169] len(Hs) = 8100, len(Ss) = 8100, len(Vs) = 8100
[20190205_150353 / lib_ip.py:4208] blue : variance --> out of range (variance = 13.599 / upper = 0.930 / lower = 0.010)
[20190205_150353 / lib_ip.py:3753] file = 2019-02-04_09-48-36_000.jpg / val_Average = 102.0225	val_Variance = 13.5990	sd = 3.6877	max = 114	min = 85
[20190205_150353 / lib_ip.py:4275] len(Hs) = 8100, len(Ss) = 8100, len(Vs) = 8100
[20190205_150353 / lib_ip.py:4314] pink : variance --> out of range (variance = 13.599 / upper = 0.400 / lower = 0.180)
[20190205_150353 / lib_ip.py:3753] file = 2019-02-04_09-48-36_000.jpg / val_Average = 102.0225	val_Variance = 13.5990	sd = 3.6877	max = 114	min = 85
[20190205_150353 / lib_ip.py:4378] len(Hs) = 8100, len(Ss) = 8100, len(Vs) = 8100
[20190205_150353 / lib_ip.py:4422] black : variance --> out of range (variance = 13.599 / upper = 0.000 / lower = 0.000)
[20190205_150353 / lib_ip.py:4593] file : 2019-02-04_09-48-36_000.jpg 3 (black : variance --> out of range (variance = 13.599 / upper = 0.000 / lower = 0.000))
[20190205_150353 / lib_ip.py:2021] lo_Color_Names_2 =>
file = img.20190205_150347.2019-02-04_09-48-36_000.jpg.1.png / color name = other
file = img.20190205_150347.2019-02-04_09-48-36_000.jpg.2.png / color name = other
file = img.20190205_150347.2019-02-04_09-48-36_000.jpg.3.png / color name = other
file = img.20190205_150347.2019-02-04_09-48-36_000.jpg.4.png / color name = other
