[20190329_101944 / views.py:1822] gen_Cake_CSV(request) ==> starting... =======================
[20190329_101945 / lib_ip.py:2274] inspecting ===> img.20190329_101945.2019-03-28_18-52-52_000.jpg.1.png
[20190329_101945 / lib_ip.py:4505] 
img.20190329_101945.2019-03-28_18-52-52_000.jpg.1.png 0 ---------------------
[20190329_101946 / lib_ip.py:3753] file = img.20190329_101945.2019-03-28_18-52-52_000.jpg.1.png / val_Average = 0.0000	val_Variance = 0.0000	sd = 0.0000	max = 0	min = 0
[20190329_101946 / lib_ip.py:3836] len(Hs) = 8100, len(Ss) = 8100, len(Vs) = 8100
[20190329_101946 / lib_ip.py:3891] yellow : average --> out of range (average = 0.000 / upper = 99.200 / lower = 85.500)
[20190329_101946 / lib_ip.py:3753] file = img.20190329_101945.2019-03-28_18-52-52_000.jpg.1.png / val_Average = 0.0000	val_Variance = 0.0000	sd = 0.0000	max = 0	min = 0
[20190329_101946 / lib_ip.py:3936] len(Hs) = 8100, len(Ss) = 8100, len(Vs) = 8100
[20190329_101946 / lib_ip.py:4007] red : average --> out of range (average = 0.000 / upper = 124.600 / lower = 115.000)
[20190329_101946 / lib_ip.py:3753] file = img.20190329_101945.2019-03-28_18-52-52_000.jpg.1.png / val_Average = 0.0000	val_Variance = 0.0000	sd = 0.0000	max = 0	min = 0
[20190329_101946 / lib_ip.py:4052] len(Hs) = 8100, len(Ss) = 8100, len(Vs) = 8100
[20190329_101946 / lib_ip.py:4124] green : average --> out of range (average = 0.000 / upper = 85.000 / lower = 58.000)
[20190329_101946 / lib_ip.py:3753] file = img.20190329_101945.2019-03-28_18-52-52_000.jpg.1.png / val_Average = 0.0000	val_Variance = 0.0000	sd = 0.0000	max = 0	min = 0
[20190329_101946 / lib_ip.py:4169] len(Hs) = 8100, len(Ss) = 8100, len(Vs) = 8100
[20190329_101946 / lib_ip.py:4208] blue : variance --> out of range (variance = 0.000 / upper = 0.930 / lower = 0.010)
[20190329_101946 / lib_ip.py:3753] file = img.20190329_101945.2019-03-28_18-52-52_000.jpg.1.png / val_Average = 0.0000	val_Variance = 0.0000	sd = 0.0000	max = 0	min = 0
[20190329_101946 / lib_ip.py:4275] len(Hs) = 8100, len(Ss) = 8100, len(Vs) = 8100
[20190329_101946 / lib_ip.py:4314] pink : variance --> out of range (variance = 0.000 / upper = 0.750 / lower = 0.030)
[20190329_101946 / lib_ip.py:3753] file = img.20190329_101945.2019-03-28_18-52-52_000.jpg.1.png / val_Average = 0.0000	val_Variance = 0.0000	sd = 0.0000	max = 0	min = 0
[20190329_101946 / lib_ip.py:4378] len(Hs) = 8100, len(Ss) = 8100, len(Vs) = 8100
[20190329_101946 / lib_ip.py:2274] inspecting ===> img.20190329_101945.2019-03-28_18-52-52_000.jpg.2.png
[20190329_101947 / lib_ip.py:4505] 
img.20190329_101945.2019-03-28_18-52-52_000.jpg.2.png 1 ---------------------
[20190329_101947 / lib_ip.py:3753] file = img.20190329_101945.2019-03-28_18-52-52_000.jpg.2.png / val_Average = 112.9656	val_Variance = 7.3271	sd = 2.7069	max = 123	min = 101
[20190329_101947 / lib_ip.py:3836] len(Hs) = 8100, len(Ss) = 8100, len(Vs) = 8100
[20190329_101947 / lib_ip.py:3869] yellow : variance --> out of range (variance = 7.327 / upper = 0.650 / lower = 0.000)
[20190329_101947 / lib_ip.py:3753] file = img.20190329_101945.2019-03-28_18-52-52_000.jpg.2.png / val_Average = 112.9656	val_Variance = 7.3271	sd = 2.7069	max = 123	min = 101
[20190329_101947 / lib_ip.py:3936] len(Hs) = 8100, len(Ss) = 8100, len(Vs) = 8100
[20190329_101947 / lib_ip.py:3982] red : variance --> out of range (variance = 7.327 / upper = 0.430 / lower = 0.000)
[20190329_101947 / lib_ip.py:3753] file = img.20190329_101945.2019-03-28_18-52-52_000.jpg.2.png / val_Average = 112.9656	val_Variance = 7.3271	sd = 2.7069	max = 123	min = 101
[20190329_101947 / lib_ip.py:4052] len(Hs) = 8100, len(Ss) = 8100, len(Vs) = 8100
[20190329_101947 / lib_ip.py:4099] green : variance --> out of range (variance = 7.327 / upper = 0.760 / lower = 0.000)
[20190329_101947 / lib_ip.py:3753] file = img.20190329_101945.2019-03-28_18-52-52_000.jpg.2.png / val_Average = 112.9656	val_Variance = 7.3271	sd = 2.7069	max = 123	min = 101
[20190329_101947 / lib_ip.py:4169] len(Hs) = 8100, len(Ss) = 8100, len(Vs) = 8100
[20190329_101947 / lib_ip.py:4208] blue : variance --> out of range (variance = 7.327 / upper = 0.930 / lower = 0.010)
[20190329_101948 / lib_ip.py:3753] file = img.20190329_101945.2019-03-28_18-52-52_000.jpg.2.png / val_Average = 112.9656	val_Variance = 7.3271	sd = 2.7069	max = 123	min = 101
[20190329_101948 / lib_ip.py:4275] len(Hs) = 8100, len(Ss) = 8100, len(Vs) = 8100
[20190329_101948 / lib_ip.py:4314] pink : variance --> out of range (variance = 7.327 / upper = 0.750 / lower = 0.030)
[20190329_101948 / lib_ip.py:3753] file = img.20190329_101945.2019-03-28_18-52-52_000.jpg.2.png / val_Average = 112.9656	val_Variance = 7.3271	sd = 2.7069	max = 123	min = 101
[20190329_101948 / lib_ip.py:4378] len(Hs) = 8100, len(Ss) = 8100, len(Vs) = 8100
[20190329_101948 / lib_ip.py:4422] black : variance --> out of range (variance = 7.327 / upper = 0.000 / lower = 0.000)
[20190329_101948 / lib_ip.py:4593] file : img.20190329_101945.2019-03-28_18-52-52_000.jpg.2.png 1 (black : variance --> out of range (variance = 7.327 / upper = 0.000 / lower = 0.000))
[20190329_101948 / lib_ip.py:2274] inspecting ===> img.20190329_101945.2019-03-28_18-52-52_000.jpg.3.png
[20190329_101948 / lib_ip.py:4505] 
img.20190329_101945.2019-03-28_18-52-52_000.jpg.3.png 2 ---------------------
[20190329_101948 / lib_ip.py:3753] file = img.20190329_101945.2019-03-28_18-52-52_000.jpg.3.png / val_Average = 107.6759	val_Variance = 1.8642	sd = 1.3654	max = 120	min = 104
[20190329_101948 / lib_ip.py:3836] len(Hs) = 8100, len(Ss) = 8100, len(Vs) = 8100
[20190329_101948 / lib_ip.py:3869] yellow : variance --> out of range (variance = 1.864 / upper = 0.650 / lower = 0.000)
[20190329_101948 / lib_ip.py:3753] file = img.20190329_101945.2019-03-28_18-52-52_000.jpg.3.png / val_Average = 107.6759	val_Variance = 1.8642	sd = 1.3654	max = 120	min = 104
[20190329_101948 / lib_ip.py:3936] len(Hs) = 8100, len(Ss) = 8100, len(Vs) = 8100
[20190329_101948 / lib_ip.py:3982] red : variance --> out of range (variance = 1.864 / upper = 0.430 / lower = 0.000)
[20190329_101948 / lib_ip.py:3753] file = img.20190329_101945.2019-03-28_18-52-52_000.jpg.3.png / val_Average = 107.6759	val_Variance = 1.8642	sd = 1.3654	max = 120	min = 104
[20190329_101948 / lib_ip.py:4052] len(Hs) = 8100, len(Ss) = 8100, len(Vs) = 8100
[20190329_101948 / lib_ip.py:4099] green : variance --> out of range (variance = 1.864 / upper = 0.760 / lower = 0.000)
[20190329_101949 / lib_ip.py:3753] file = img.20190329_101945.2019-03-28_18-52-52_000.jpg.3.png / val_Average = 107.6759	val_Variance = 1.8642	sd = 1.3654	max = 120	min = 104
[20190329_101949 / lib_ip.py:4169] len(Hs) = 8100, len(Ss) = 8100, len(Vs) = 8100
[20190329_101949 / lib_ip.py:4208] blue : variance --> out of range (variance = 1.864 / upper = 0.930 / lower = 0.010)
[20190329_101949 / lib_ip.py:3753] file = img.20190329_101945.2019-03-28_18-52-52_000.jpg.3.png / val_Average = 107.6759	val_Variance = 1.8642	sd = 1.3654	max = 120	min = 104
[20190329_101949 / lib_ip.py:4275] len(Hs) = 8100, len(Ss) = 8100, len(Vs) = 8100
[20190329_101949 / lib_ip.py:4314] pink : variance --> out of range (variance = 1.864 / upper = 0.750 / lower = 0.030)
[20190329_101949 / lib_ip.py:3753] file = img.20190329_101945.2019-03-28_18-52-52_000.jpg.3.png / val_Average = 107.6759	val_Variance = 1.8642	sd = 1.3654	max = 120	min = 104
[20190329_101949 / lib_ip.py:4378] len(Hs) = 8100, len(Ss) = 8100, len(Vs) = 8100
[20190329_101949 / lib_ip.py:4422] black : variance --> out of range (variance = 1.864 / upper = 0.000 / lower = 0.000)
[20190329_101949 / lib_ip.py:4593] file : img.20190329_101945.2019-03-28_18-52-52_000.jpg.3.png 2 (black : variance --> out of range (variance = 1.864 / upper = 0.000 / lower = 0.000))
[20190329_101949 / lib_ip.py:2274] inspecting ===> img.20190329_101945.2019-03-28_18-52-52_000.jpg.4.png
[20190329_101949 / lib_ip.py:4505] 
img.20190329_101945.2019-03-28_18-52-52_000.jpg.4.png 3 ---------------------
[20190329_101949 / lib_ip.py:3753] file = img.20190329_101945.2019-03-28_18-52-52_000.jpg.4.png / val_Average = 120.1043	val_Variance = 0.0954	sd = 0.3089	max = 121	min = 119
[20190329_101949 / lib_ip.py:3836] len(Hs) = 8100, len(Ss) = 8100, len(Vs) = 8100
[20190329_101949 / lib_ip.py:3891] yellow : average --> out of range (average = 120.104 / upper = 99.200 / lower = 85.500)
[20190329_101950 / lib_ip.py:3753] file = img.20190329_101945.2019-03-28_18-52-52_000.jpg.4.png / val_Average = 120.1043	val_Variance = 0.0954	sd = 0.3089	max = 121	min = 119
[20190329_101950 / lib_ip.py:3936] len(Hs) = 8100, len(Ss) = 8100, len(Vs) = 8100
[20190329_101949 / lib_ip.py:2274] inspecting ===> img.20190329_101945.2019-03-28_18-52-52_000.jpg.4.png
img.20190329_101945.2019-03-28_18-52-52_000.jpg.1.png => other
img.20190329_101945.2019-03-28_18-52-52_000.jpg.2.png => other
img.20190329_101945.2019-03-28_18-52-52_000.jpg.3.png => other
img.20190329_101945.2019-03-28_18-52-52_000.jpg.4.png => other
[20190329_101950 lib_ip.py:3301] =============== Get 4 corners
dpath_Images = C:\WORKS_2\WS\WS_Others.Art\JVEMV6\46_art\VIRTUAL\Admin_Projects\ip\images
fname_Image = img.20190329_101945.2019-03-28_18-52-52_000.jpg.4.png

[20190329_101950 / lib_ip.py:2274] inspecting ===> img.20190329_101950.2019-03-28_20-14-23_000.jpg.1.png
[20190329_101950 / lib_ip.py:4505] 
img.20190329_101950.2019-03-28_20-14-23_000.jpg.1.png 0 ---------------------
[20190329_101950 / lib_ip.py:3753] file = img.20190329_101950.2019-03-28_20-14-23_000.jpg.1.png / val_Average = 58.7278	val_Variance = 1620.7189	sd = 40.2582	max = 135	min = 0
[20190329_101950 / lib_ip.py:3836] len(Hs) = 8100, len(Ss) = 8100, len(Vs) = 8100
[20190329_101951 / lib_ip.py:3869] yellow : variance --> out of range (variance = 1620.719 / upper = 0.650 / lower = 0.000)
[20190329_101951 / lib_ip.py:3753] file = img.20190329_101950.2019-03-28_20-14-23_000.jpg.1.png / val_Average = 58.7278	val_Variance = 1620.7189	sd = 40.2582	max = 135	min = 0
[20190329_101951 / lib_ip.py:3936] len(Hs) = 8100, len(Ss) = 8100, len(Vs) = 8100
[20190329_101951 / lib_ip.py:3982] red : variance --> out of range (variance = 1620.719 / upper = 0.430 / lower = 0.000)
[20190329_101951 / lib_ip.py:3753] file = img.20190329_101950.2019-03-28_20-14-23_000.jpg.1.png / val_Average = 58.7278	val_Variance = 1620.7189	sd = 40.2582	max = 135	min = 0
[20190329_101951 / lib_ip.py:4052] len(Hs) = 8100, len(Ss) = 8100, len(Vs) = 8100
[20190329_101951 / lib_ip.py:4099] green : variance --> out of range (variance = 1620.719 / upper = 0.760 / lower = 0.000)
[20190329_101951 / lib_ip.py:3753] file = img.20190329_101950.2019-03-28_20-14-23_000.jpg.1.png / val_Average = 58.7278	val_Variance = 1620.7189	sd = 40.2582	max = 135	min = 0
[20190329_101951 / lib_ip.py:4169] len(Hs) = 8100, len(Ss) = 8100, len(Vs) = 8100
[20190329_101951 / lib_ip.py:4208] blue : variance --> out of range (variance = 1620.719 / upper = 0.930 / lower = 0.010)
[20190329_101951 / lib_ip.py:3753] file = img.20190329_101950.2019-03-28_20-14-23_000.jpg.1.png / val_Average = 58.7278	val_Variance = 1620.7189	sd = 40.2582	max = 135	min = 0
[20190329_101951 / lib_ip.py:4275] len(Hs) = 8100, len(Ss) = 8100, len(Vs) = 8100
[20190329_101951 / lib_ip.py:4314] pink : variance --> out of range (variance = 1620.719 / upper = 0.750 / lower = 0.030)
[20190329_101951 / lib_ip.py:3753] file = img.20190329_101950.2019-03-28_20-14-23_000.jpg.1.png / val_Average = 58.7278	val_Variance = 1620.7189	sd = 40.2582	max = 135	min = 0
[20190329_101951 / lib_ip.py:4378] len(Hs) = 8100, len(Ss) = 8100, len(Vs) = 8100
[20190329_101951 / lib_ip.py:4422] black : variance --> out of range (variance = 1620.719 / upper = 0.000 / lower = 0.000)
[20190329_101951 / lib_ip.py:4593] file : img.20190329_101950.2019-03-28_20-14-23_000.jpg.1.png 0 (black : variance --> out of range (variance = 1620.719 / upper = 0.000 / lower = 0.000))
[20190329_101951 / lib_ip.py:2274] inspecting ===> img.20190329_101950.2019-03-28_20-14-23_000.jpg.2.png
[20190329_101952 / lib_ip.py:4505] 
img.20190329_101950.2019-03-28_20-14-23_000.jpg.2.png 1 ---------------------
[20190329_101952 / lib_ip.py:3753] file = img.20190329_101950.2019-03-28_20-14-23_000.jpg.2.png / val_Average = 47.2451	val_Variance = 2005.7936	sd = 44.7861	max = 135	min = 0
[20190329_101952 / lib_ip.py:3836] len(Hs) = 8100, len(Ss) = 8100, len(Vs) = 8100
[20190329_101952 / lib_ip.py:3869] yellow : variance --> out of range (variance = 2005.794 / upper = 0.650 / lower = 0.000)
[20190329_101952 / lib_ip.py:3753] file = img.20190329_101950.2019-03-28_20-14-23_000.jpg.2.png / val_Average = 47.2451	val_Variance = 2005.7936	sd = 44.7861	max = 135	min = 0
[20190329_101952 / lib_ip.py:3936] len(Hs) = 8100, len(Ss) = 8100, len(Vs) = 8100
[20190329_101952 / lib_ip.py:3982] red : variance --> out of range (variance = 2005.794 / upper = 0.430 / lower = 0.000)
[20190329_101952 / lib_ip.py:3753] file = img.20190329_101950.2019-03-28_20-14-23_000.jpg.2.png / val_Average = 47.2451	val_Variance = 2005.7936	sd = 44.7861	max = 135	min = 0
[20190329_101952 / lib_ip.py:4052] len(Hs) = 8100, len(Ss) = 8100, len(Vs) = 8100
[20190329_101952 / lib_ip.py:4099] green : variance --> out of range (variance = 2005.794 / upper = 0.760 / lower = 0.000)
[20190329_101952 / lib_ip.py:3753] file = img.20190329_101950.2019-03-28_20-14-23_000.jpg.2.png / val_Average = 47.2451	val_Variance = 2005.7936	sd = 44.7861	max = 135	min = 0
[20190329_101952 / lib_ip.py:4169] len(Hs) = 8100, len(Ss) = 8100, len(Vs) = 8100
[20190329_101952 / lib_ip.py:4208] blue : variance --> out of range (variance = 2005.794 / upper = 0.930 / lower = 0.010)
[20190329_101952 / lib_ip.py:3753] file = img.20190329_101950.2019-03-28_20-14-23_000.jpg.2.png / val_Average = 47.2451	val_Variance = 2005.7936	sd = 44.7861	max = 135	min = 0
[20190329_101952 / lib_ip.py:4275] len(Hs) = 8100, len(Ss) = 8100, len(Vs) = 8100
[20190329_101952 / lib_ip.py:4314] pink : variance --> out of range (variance = 2005.794 / upper = 0.750 / lower = 0.030)
[20190329_101952 / lib_ip.py:3753] file = img.20190329_101950.2019-03-28_20-14-23_000.jpg.2.png / val_Average = 47.2451	val_Variance = 2005.7936	sd = 44.7861	max = 135	min = 0
[20190329_101952 / lib_ip.py:4378] len(Hs) = 8100, len(Ss) = 8100, len(Vs) = 8100
[20190329_101952 / lib_ip.py:4422] black : variance --> out of range (variance = 2005.794 / upper = 0.000 / lower = 0.000)
[20190329_101953 / lib_ip.py:4593] file : img.20190329_101950.2019-03-28_20-14-23_000.jpg.2.png 1 (black : variance --> out of range (variance = 2005.794 / upper = 0.000 / lower = 0.000))
[20190329_101953 / lib_ip.py:2274] inspecting ===> img.20190329_101950.2019-03-28_20-14-23_000.jpg.3.png
[20190329_101953 / lib_ip.py:4505] 
img.20190329_101950.2019-03-28_20-14-23_000.jpg.3.png 2 ---------------------
[20190329_101953 / lib_ip.py:3753] file = img.20190329_101950.2019-03-28_20-14-23_000.jpg.3.png / val_Average = 92.8373	val_Variance = 0.1471	sd = 0.3835	max = 94	min = 92
[20190329_101953 / lib_ip.py:3836] len(Hs) = 8100, len(Ss) = 8100, len(Vs) = 8100
[20190329_101953 / lib_ip.py:2274] inspecting ===> img.20190329_101950.2019-03-28_20-14-23_000.jpg.4.png
[20190329_101953 / lib_ip.py:4505] 
img.20190329_101950.2019-03-28_20-14-23_000.jpg.4.png 3 ---------------------
[20190329_101953 / lib_ip.py:3753] file = img.20190329_101950.2019-03-28_20-14-23_000.jpg.4.png / val_Average = 104.6507	val_Variance = 1435.9697	sd = 37.8942	max = 165	min = 0
[20190329_101953 / lib_ip.py:3836] len(Hs) = 8100, len(Ss) = 8100, len(Vs) = 8100
[20190329_101953 / lib_ip.py:3869] yellow : variance --> out of range (variance = 1435.970 / upper = 0.650 / lower = 0.000)
[20190329_101953 / lib_ip.py:3753] file = img.20190329_101950.2019-03-28_20-14-23_000.jpg.4.png / val_Average = 104.6507	val_Variance = 1435.9697	sd = 37.8942	max = 165	min = 0
[20190329_101953 / lib_ip.py:3936] len(Hs) = 8100, len(Ss) = 8100, len(Vs) = 8100
[20190329_101953 / lib_ip.py:3982] red : variance --> out of range (variance = 1435.970 / upper = 0.430 / lower = 0.000)
[20190329_101954 / lib_ip.py:3753] file = img.20190329_101950.2019-03-28_20-14-23_000.jpg.4.png / val_Average = 104.6507	val_Variance = 1435.9697	sd = 37.8942	max = 165	min = 0
[20190329_101954 / lib_ip.py:4052] len(Hs) = 8100, len(Ss) = 8100, len(Vs) = 8100
[20190329_101954 / lib_ip.py:4099] green : variance --> out of range (variance = 1435.970 / upper = 0.760 / lower = 0.000)
[20190329_101954 / lib_ip.py:3753] file = img.20190329_101950.2019-03-28_20-14-23_000.jpg.4.png / val_Average = 104.6507	val_Variance = 1435.9697	sd = 37.8942	max = 165	min = 0
[20190329_101954 / lib_ip.py:4169] len(Hs) = 8100, len(Ss) = 8100, len(Vs) = 8100
[20190329_101954 / lib_ip.py:4208] blue : variance --> out of range (variance = 1435.970 / upper = 0.930 / lower = 0.010)
[20190329_101954 / lib_ip.py:3753] file = img.20190329_101950.2019-03-28_20-14-23_000.jpg.4.png / val_Average = 104.6507	val_Variance = 1435.9697	sd = 37.8942	max = 165	min = 0
[20190329_101954 / lib_ip.py:4275] len(Hs) = 8100, len(Ss) = 8100, len(Vs) = 8100
[20190329_101954 / lib_ip.py:4314] pink : variance --> out of range (variance = 1435.970 / upper = 0.750 / lower = 0.030)
[20190329_101954 / lib_ip.py:3753] file = img.20190329_101950.2019-03-28_20-14-23_000.jpg.4.png / val_Average = 104.6507	val_Variance = 1435.9697	sd = 37.8942	max = 165	min = 0
[20190329_101954 / lib_ip.py:4378] len(Hs) = 8100, len(Ss) = 8100, len(Vs) = 8100
[20190329_101954 / lib_ip.py:4422] black : variance --> out of range (variance = 1435.970 / upper = 0.000 / lower = 0.000)
[20190329_101954 / lib_ip.py:4593] file : img.20190329_101950.2019-03-28_20-14-23_000.jpg.4.png 3 (black : variance --> out of range (variance = 1435.970 / upper = 0.000 / lower = 0.000))
[20190329_101953 / lib_ip.py:2274] inspecting ===> img.20190329_101950.2019-03-28_20-14-23_000.jpg.4.png
img.20190329_101950.2019-03-28_20-14-23_000.jpg.1.png => other
img.20190329_101950.2019-03-28_20-14-23_000.jpg.2.png => other
img.20190329_101950.2019-03-28_20-14-23_000.jpg.3.png => other
img.20190329_101950.2019-03-28_20-14-23_000.jpg.4.png => other
[20190329_101954 lib_ip.py:3301] =============== Get 4 corners
dpath_Images = C:\WORKS_2\WS\WS_Others.Art\JVEMV6\46_art\VIRTUAL\Admin_Projects\ip\images
fname_Image = img.20190329_101950.2019-03-28_20-14-23_000.jpg.4.png

[20190329_101955 / lib_ip.py:2274] inspecting ===> img.20190329_101955.2019-03-28_23-14-12_000.jpg.1.png
[20190329_101955 / lib_ip.py:4505] 
img.20190329_101955.2019-03-28_23-14-12_000.jpg.1.png 0 ---------------------
[20190329_101955 / lib_ip.py:3753] file = img.20190329_101955.2019-03-28_23-14-12_000.jpg.1.png / val_Average = 55.7185	val_Variance = 683.4598	sd = 26.1431	max = 90	min = 6
[20190329_101955 / lib_ip.py:3836] len(Hs) = 8100, len(Ss) = 8100, len(Vs) = 8100
[20190329_101955 / lib_ip.py:3869] yellow : variance --> out of range (variance = 683.460 / upper = 0.650 / lower = 0.000)
[20190329_101955 / lib_ip.py:3753] file = img.20190329_101955.2019-03-28_23-14-12_000.jpg.1.png / val_Average = 55.7185	val_Variance = 683.4598	sd = 26.1431	max = 90	min = 6
[20190329_101955 / lib_ip.py:3936] len(Hs) = 8100, len(Ss) = 8100, len(Vs) = 8100
[20190329_101955 / lib_ip.py:3982] red : variance --> out of range (variance = 683.460 / upper = 0.430 / lower = 0.000)
[20190329_101955 / lib_ip.py:3753] file = img.20190329_101955.2019-03-28_23-14-12_000.jpg.1.png / val_Average = 55.7185	val_Variance = 683.4598	sd = 26.1431	max = 90	min = 6
[20190329_101955 / lib_ip.py:4052] len(Hs) = 8100, len(Ss) = 8100, len(Vs) = 8100
[20190329_101955 / lib_ip.py:4099] green : variance --> out of range (variance = 683.460 / upper = 0.760 / lower = 0.000)
[20190329_101955 / lib_ip.py:3753] file = img.20190329_101955.2019-03-28_23-14-12_000.jpg.1.png / val_Average = 55.7185	val_Variance = 683.4598	sd = 26.1431	max = 90	min = 6
[20190329_101955 / lib_ip.py:4169] len(Hs) = 8100, len(Ss) = 8100, len(Vs) = 8100
[20190329_101955 / lib_ip.py:4208] blue : variance --> out of range (variance = 683.460 / upper = 0.930 / lower = 0.010)
[20190329_101955 / lib_ip.py:3753] file = img.20190329_101955.2019-03-28_23-14-12_000.jpg.1.png / val_Average = 55.7185	val_Variance = 683.4598	sd = 26.1431	max = 90	min = 6
[20190329_101956 / lib_ip.py:4275] len(Hs) = 8100, len(Ss) = 8100, len(Vs) = 8100
[20190329_101956 / lib_ip.py:4314] pink : variance --> out of range (variance = 683.460 / upper = 0.750 / lower = 0.030)
[20190329_101956 / lib_ip.py:3753] file = img.20190329_101955.2019-03-28_23-14-12_000.jpg.1.png / val_Average = 55.7185	val_Variance = 683.4598	sd = 26.1431	max = 90	min = 6
[20190329_101956 / lib_ip.py:4378] len(Hs) = 8100, len(Ss) = 8100, len(Vs) = 8100
[20190329_101956 / lib_ip.py:4422] black : variance --> out of range (variance = 683.460 / upper = 0.000 / lower = 0.000)
[20190329_101956 / lib_ip.py:4593] file : img.20190329_101955.2019-03-28_23-14-12_000.jpg.1.png 0 (black : variance --> out of range (variance = 683.460 / upper = 0.000 / lower = 0.000))
[20190329_101956 / lib_ip.py:2274] inspecting ===> img.20190329_101955.2019-03-28_23-14-12_000.jpg.2.png
[20190329_101956 / lib_ip.py:4505] 
img.20190329_101955.2019-03-28_23-14-12_000.jpg.2.png 1 ---------------------
[20190329_101956 / lib_ip.py:3753] file = img.20190329_101955.2019-03-28_23-14-12_000.jpg.2.png / val_Average = 95.5827	val_Variance = 4.7014	sd = 2.1683	max = 104	min = 91
[20190329_101956 / lib_ip.py:3836] len(Hs) = 8100, len(Ss) = 8100, len(Vs) = 8100
[20190329_101956 / lib_ip.py:3869] yellow : variance --> out of range (variance = 4.701 / upper = 0.650 / lower = 0.000)
[20190329_101956 / lib_ip.py:3753] file = img.20190329_101955.2019-03-28_23-14-12_000.jpg.2.png / val_Average = 95.5827	val_Variance = 4.7014	sd = 2.1683	max = 104	min = 91
[20190329_101956 / lib_ip.py:3936] len(Hs) = 8100, len(Ss) = 8100, len(Vs) = 8100
[20190329_101956 / lib_ip.py:3982] red : variance --> out of range (variance = 4.701 / upper = 0.430 / lower = 0.000)
[20190329_101956 / lib_ip.py:3753] file = img.20190329_101955.2019-03-28_23-14-12_000.jpg.2.png / val_Average = 95.5827	val_Variance = 4.7014	sd = 2.1683	max = 104	min = 91
[20190329_101957 / lib_ip.py:4052] len(Hs) = 8100, len(Ss) = 8100, len(Vs) = 8100
[20190329_101957 / lib_ip.py:4099] green : variance --> out of range (variance = 4.701 / upper = 0.760 / lower = 0.000)
[20190329_101957 / lib_ip.py:3753] file = img.20190329_101955.2019-03-28_23-14-12_000.jpg.2.png / val_Average = 95.5827	val_Variance = 4.7014	sd = 2.1683	max = 104	min = 91
[20190329_101957 / lib_ip.py:4169] len(Hs) = 8100, len(Ss) = 8100, len(Vs) = 8100
[20190329_101957 / lib_ip.py:4208] blue : variance --> out of range (variance = 4.701 / upper = 0.930 / lower = 0.010)
[20190329_101957 / lib_ip.py:3753] file = img.20190329_101955.2019-03-28_23-14-12_000.jpg.2.png / val_Average = 95.5827	val_Variance = 4.7014	sd = 2.1683	max = 104	min = 91
[20190329_101957 / lib_ip.py:4275] len(Hs) = 8100, len(Ss) = 8100, len(Vs) = 8100
[20190329_101957 / lib_ip.py:4314] pink : variance --> out of range (variance = 4.701 / upper = 0.750 / lower = 0.030)
[20190329_101957 / lib_ip.py:3753] file = img.20190329_101955.2019-03-28_23-14-12_000.jpg.2.png / val_Average = 95.5827	val_Variance = 4.7014	sd = 2.1683	max = 104	min = 91
[20190329_101957 / lib_ip.py:4378] len(Hs) = 8100, len(Ss) = 8100, len(Vs) = 8100
[20190329_101957 / lib_ip.py:4422] black : variance --> out of range (variance = 4.701 / upper = 0.000 / lower = 0.000)
[20190329_101957 / lib_ip.py:4593] file : img.20190329_101955.2019-03-28_23-14-12_000.jpg.2.png 1 (black : variance --> out of range (variance = 4.701 / upper = 0.000 / lower = 0.000))
[20190329_101957 / lib_ip.py:2274] inspecting ===> img.20190329_101955.2019-03-28_23-14-12_000.jpg.3.png
[20190329_101957 / lib_ip.py:4505] 
img.20190329_101955.2019-03-28_23-14-12_000.jpg.3.png 2 ---------------------
[20190329_101957 / lib_ip.py:3753] file = img.20190329_101955.2019-03-28_23-14-12_000.jpg.3.png / val_Average = 51.3742	val_Variance = 656.3599	sd = 25.6195	max = 135	min = 0
[20190329_101957 / lib_ip.py:3836] len(Hs) = 8100, len(Ss) = 8100, len(Vs) = 8100
[20190329_101957 / lib_ip.py:3869] yellow : variance --> out of range (variance = 656.360 / upper = 0.650 / lower = 0.000)
[20190329_101957 / lib_ip.py:3753] file = img.20190329_101955.2019-03-28_23-14-12_000.jpg.3.png / val_Average = 51.3742	val_Variance = 656.3599	sd = 25.6195	max = 135	min = 0
[20190329_101957 / lib_ip.py:3936] len(Hs) = 8100, len(Ss) = 8100, len(Vs) = 8100
[20190329_101957 / lib_ip.py:3982] red : variance --> out of range (variance = 656.360 / upper = 0.430 / lower = 0.000)
[20190329_101958 / lib_ip.py:3753] file = img.20190329_101955.2019-03-28_23-14-12_000.jpg.3.png / val_Average = 51.3742	val_Variance = 656.3599	sd = 25.6195	max = 135	min = 0
[20190329_101958 / lib_ip.py:4052] len(Hs) = 8100, len(Ss) = 8100, len(Vs) = 8100
[20190329_101958 / lib_ip.py:4099] green : variance --> out of range (variance = 656.360 / upper = 0.760 / lower = 0.000)
[20190329_101958 / lib_ip.py:3753] file = img.20190329_101955.2019-03-28_23-14-12_000.jpg.3.png / val_Average = 51.3742	val_Variance = 656.3599	sd = 25.6195	max = 135	min = 0
[20190329_101958 / lib_ip.py:4169] len(Hs) = 8100, len(Ss) = 8100, len(Vs) = 8100
[20190329_101958 / lib_ip.py:4208] blue : variance --> out of range (variance = 656.360 / upper = 0.930 / lower = 0.010)
[20190329_101958 / lib_ip.py:3753] file = img.20190329_101955.2019-03-28_23-14-12_000.jpg.3.png / val_Average = 51.3742	val_Variance = 656.3599	sd = 25.6195	max = 135	min = 0
[20190329_101958 / lib_ip.py:4275] len(Hs) = 8100, len(Ss) = 8100, len(Vs) = 8100
[20190329_101958 / lib_ip.py:4314] pink : variance --> out of range (variance = 656.360 / upper = 0.750 / lower = 0.030)
[20190329_101958 / lib_ip.py:3753] file = img.20190329_101955.2019-03-28_23-14-12_000.jpg.3.png / val_Average = 51.3742	val_Variance = 656.3599	sd = 25.6195	max = 135	min = 0
[20190329_101958 / lib_ip.py:4378] len(Hs) = 8100, len(Ss) = 8100, len(Vs) = 8100
[20190329_101958 / lib_ip.py:4422] black : variance --> out of range (variance = 656.360 / upper = 0.000 / lower = 0.000)
[20190329_101958 / lib_ip.py:4593] file : img.20190329_101955.2019-03-28_23-14-12_000.jpg.3.png 2 (black : variance --> out of range (variance = 656.360 / upper = 0.000 / lower = 0.000))
[20190329_101958 / lib_ip.py:2274] inspecting ===> img.20190329_101955.2019-03-28_23-14-12_000.jpg.4.png
[20190329_101958 / lib_ip.py:4505] 
img.20190329_101955.2019-03-28_23-14-12_000.jpg.4.png 3 ---------------------
[20190329_101959 / lib_ip.py:3753] file = img.20190329_101955.2019-03-28_23-14-12_000.jpg.4.png / val_Average = 49.8567	val_Variance = 364.2741	sd = 19.0860	max = 90	min = 0
[20190329_101959 / lib_ip.py:3836] len(Hs) = 8100, len(Ss) = 8100, len(Vs) = 8100
[20190329_101959 / lib_ip.py:3869] yellow : variance --> out of range (variance = 364.274 / upper = 0.650 / lower = 0.000)
[20190329_101959 / lib_ip.py:3753] file = img.20190329_101955.2019-03-28_23-14-12_000.jpg.4.png / val_Average = 49.8567	val_Variance = 364.2741	sd = 19.0860	max = 90	min = 0
[20190329_101959 / lib_ip.py:3936] len(Hs) = 8100, len(Ss) = 8100, len(Vs) = 8100
[20190329_101959 / lib_ip.py:3982] red : variance --> out of range (variance = 364.274 / upper = 0.430 / lower = 0.000)
[20190329_101959 / lib_ip.py:3753] file = img.20190329_101955.2019-03-28_23-14-12_000.jpg.4.png / val_Average = 49.8567	val_Variance = 364.2741	sd = 19.0860	max = 90	min = 0
[20190329_101959 / lib_ip.py:4052] len(Hs) = 8100, len(Ss) = 8100, len(Vs) = 8100
[20190329_101959 / lib_ip.py:4099] green : variance --> out of range (variance = 364.274 / upper = 0.760 / lower = 0.000)
[20190329_101959 / lib_ip.py:3753] file = img.20190329_101955.2019-03-28_23-14-12_000.jpg.4.png / val_Average = 49.8567	val_Variance = 364.2741	sd = 19.0860	max = 90	min = 0
[20190329_101959 / lib_ip.py:4169] len(Hs) = 8100, len(Ss) = 8100, len(Vs) = 8100
[20190329_101959 / lib_ip.py:4208] blue : variance --> out of range (variance = 364.274 / upper = 0.930 / lower = 0.010)
[20190329_101959 / lib_ip.py:3753] file = img.20190329_101955.2019-03-28_23-14-12_000.jpg.4.png / val_Average = 49.8567	val_Variance = 364.2741	sd = 19.0860	max = 90	min = 0
[20190329_101959 / lib_ip.py:4275] len(Hs) = 8100, len(Ss) = 8100, len(Vs) = 8100
[20190329_101959 / lib_ip.py:4314] pink : variance --> out of range (variance = 364.274 / upper = 0.750 / lower = 0.030)
[20190329_101959 / lib_ip.py:3753] file = img.20190329_101955.2019-03-28_23-14-12_000.jpg.4.png / val_Average = 49.8567	val_Variance = 364.2741	sd = 19.0860	max = 90	min = 0
[20190329_101959 / lib_ip.py:4378] len(Hs) = 8100, len(Ss) = 8100, len(Vs) = 8100
[20190329_101959 / lib_ip.py:4422] black : variance --> out of range (variance = 364.274 / upper = 0.000 / lower = 0.000)
[20190329_101959 / lib_ip.py:4593] file : img.20190329_101955.2019-03-28_23-14-12_000.jpg.4.png 3 (black : variance --> out of range (variance = 364.274 / upper = 0.000 / lower = 0.000))
[20190329_101958 / lib_ip.py:2274] inspecting ===> img.20190329_101955.2019-03-28_23-14-12_000.jpg.4.png
img.20190329_101955.2019-03-28_23-14-12_000.jpg.1.png => other
img.20190329_101955.2019-03-28_23-14-12_000.jpg.2.png => other
img.20190329_101955.2019-03-28_23-14-12_000.jpg.3.png => other
img.20190329_101955.2019-03-28_23-14-12_000.jpg.4.png => other
[20190329_101959 lib_ip.py:3301] =============== Get 4 corners
dpath_Images = C:\WORKS_2\WS\WS_Others.Art\JVEMV6\46_art\VIRTUAL\Admin_Projects\ip\images
fname_Image = img.20190329_101955.2019-03-28_23-14-12_000.jpg.4.png

[20190329_102000 / views.py:1411] gen csv => complete (20190329_102000)(elapsed = 15.240 sec / 3 files / 5.080 sec per file)
1)	2019-03-28_18-52-52_000.jpg => 	black other other red 
2)	2019-03-28_20-14-23_000.jpg => 	other other yellow other 
3)	2019-03-28_23-14-12_000.jpg => 	other other other other 
[20190329_102000 / views.py:1753] lo_ColorName_Set__Modified_2 =>
1)	2019-03-28_18-52-52_000.jpg => 	a o o r 
2)	2019-03-28_20-14-23_000.jpg => 	o o o y 
3)	2019-03-28_23-14-12_000.jpg => 	o o o o 
[20190329_102000 / views.py:1839] gen_Cake_CSV(request) ==> ending... =======================//

