[20181228_071045 / views.py:1878] exec_get_4_corners(request) ================================
[20181228_071048 / lib_ip.py:1961] lo_Color_Names =>
img.20181228_071046.2018-12-28_06-24-39_000.jpg.1.png => other
img.20181228_071046.2018-12-28_06-24-39_000.jpg.2.png => other
img.20181228_071046.2018-12-28_06-24-39_000.jpg.3.png => other
img.20181228_071046.2018-12-28_06-24-39_000.jpg.4.png => other
[20181228_071048 / lib_ip.py:4399] 
2018-12-28_06-24-39_000.jpg 0 ---------------------
[20181228_071048 / lib_ip.py:3753] file = 2018-12-28_06-24-39_000.jpg / val_Average = 76.9112	val_Variance = 0.0940	sd = 0.3065	max = 79	min = 75
[20181228_071048 / lib_ip.py:3836] len(Hs) = 8100, len(Ss) = 8100, len(Vs) = 8100
[20181228_071048 / lib_ip.py:3891] yellow : average --> out of range (average = 76.911 / upper = 99.200 / lower = 85.500)
[20181228_071048 / lib_ip.py:3753] file = 2018-12-28_06-24-39_000.jpg / val_Average = 76.9112	val_Variance = 0.0940	sd = 0.3065	max = 79	min = 75
[20181228_071048 / lib_ip.py:3936] len(Hs) = 8100, len(Ss) = 8100, len(Vs) = 8100
[20181228_071048 / lib_ip.py:4007] red : average --> out of range (average = 76.911 / upper = 124.000 / lower = 115.000)
[20181228_071048 / lib_ip.py:3753] file = 2018-12-28_06-24-39_000.jpg / val_Average = 76.9112	val_Variance = 0.0940	sd = 0.3065	max = 79	min = 75
[20181228_071048 / lib_ip.py:4052] len(Hs) = 8100, len(Ss) = 8100, len(Vs) = 8100
[20181228_071048 / lib_ip.py:4399] 
2018-12-28_06-24-39_000.jpg 1 ---------------------
[20181228_071048 / lib_ip.py:3753] file = 2018-12-28_06-24-39_000.jpg / val_Average = 76.8505	val_Variance = 0.8200	sd = 0.9055	max = 78	min = 75
[20181228_071048 / lib_ip.py:3836] len(Hs) = 8100, len(Ss) = 8100, len(Vs) = 8100
[20181228_071048 / lib_ip.py:3869] yellow : variance --> out of range (variance = 0.820 / upper = 0.650 / lower = 0.000)
[20181228_071049 / lib_ip.py:3753] file = 2018-12-28_06-24-39_000.jpg / val_Average = 76.8505	val_Variance = 0.8200	sd = 0.9055	max = 78	min = 75
[20181228_071049 / lib_ip.py:3936] len(Hs) = 8100, len(Ss) = 8100, len(Vs) = 8100
[20181228_071049 / lib_ip.py:3982] red : variance --> out of range (variance = 0.820 / upper = 0.430 / lower = 0.000)
[20181228_071049 / lib_ip.py:3753] file = 2018-12-28_06-24-39_000.jpg / val_Average = 76.8505	val_Variance = 0.8200	sd = 0.9055	max = 78	min = 75
[20181228_071049 / lib_ip.py:4052] len(Hs) = 8100, len(Ss) = 8100, len(Vs) = 8100
[20181228_071049 / lib_ip.py:4099] green : variance --> out of range (variance = 0.820 / upper = 0.760 / lower = 0.000)
[20181228_071049 / lib_ip.py:3753] file = 2018-12-28_06-24-39_000.jpg / val_Average = 76.8505	val_Variance = 0.8200	sd = 0.9055	max = 78	min = 75
[20181228_071049 / lib_ip.py:4169] len(Hs) = 8100, len(Ss) = 8100, len(Vs) = 8100
[20181228_071049 / lib_ip.py:4230] blue : average --> out of range (average = 76.850 / upper = 17.000 / lower = 8.850)
[20181228_071049 / lib_ip.py:3753] file = 2018-12-28_06-24-39_000.jpg / val_Average = 76.8505	val_Variance = 0.8200	sd = 0.9055	max = 78	min = 75
[20181228_071049 / lib_ip.py:4272] len(Hs) = 8100, len(Ss) = 8100, len(Vs) = 8100
[20181228_071049 / lib_ip.py:4316] black : variance --> out of range (variance = 0.820 / upper = 0.000 / lower = 0.000)
[20181228_071049 / lib_ip.py:4477] file : 2018-12-28_06-24-39_000.jpg 1 (black : variance --> out of range (variance = 0.820 / upper = 0.000 / lower = 0.000))
[20181228_071049 / lib_ip.py:4399] 
2018-12-28_06-24-39_000.jpg 2 ---------------------
[20181228_071049 / lib_ip.py:3753] file = 2018-12-28_06-24-39_000.jpg / val_Average = 99.9933	val_Variance = 2569.2123	sd = 50.6874	max = 160	min = 0
[20181228_071049 / lib_ip.py:3836] len(Hs) = 8100, len(Ss) = 8100, len(Vs) = 8100
[20181228_071049 / lib_ip.py:3869] yellow : variance --> out of range (variance = 2569.212 / upper = 0.650 / lower = 0.000)
[20181228_071049 / lib_ip.py:3753] file = 2018-12-28_06-24-39_000.jpg / val_Average = 99.9933	val_Variance = 2569.2123	sd = 50.6874	max = 160	min = 0
[20181228_071049 / lib_ip.py:3936] len(Hs) = 8100, len(Ss) = 8100, len(Vs) = 8100
[20181228_071050 / lib_ip.py:3982] red : variance --> out of range (variance = 2569.212 / upper = 0.430 / lower = 0.000)
[20181228_071050 / lib_ip.py:3753] file = 2018-12-28_06-24-39_000.jpg / val_Average = 99.9933	val_Variance = 2569.2123	sd = 50.6874	max = 160	min = 0
[20181228_071050 / lib_ip.py:4052] len(Hs) = 8100, len(Ss) = 8100, len(Vs) = 8100
[20181228_071050 / lib_ip.py:4099] green : variance --> out of range (variance = 2569.212 / upper = 0.760 / lower = 0.000)
[20181228_071050 / lib_ip.py:3753] file = 2018-12-28_06-24-39_000.jpg / val_Average = 99.9933	val_Variance = 2569.2123	sd = 50.6874	max = 160	min = 0
[20181228_071050 / lib_ip.py:4169] len(Hs) = 8100, len(Ss) = 8100, len(Vs) = 8100
[20181228_071050 / lib_ip.py:4208] blue : variance --> out of range (variance = 2569.212 / upper = 0.930 / lower = 0.010)
[20181228_071050 / lib_ip.py:3753] file = 2018-12-28_06-24-39_000.jpg / val_Average = 99.9933	val_Variance = 2569.2123	sd = 50.6874	max = 160	min = 0
[20181228_071050 / lib_ip.py:4272] len(Hs) = 8100, len(Ss) = 8100, len(Vs) = 8100
[20181228_071050 / lib_ip.py:4316] black : variance --> out of range (variance = 2569.212 / upper = 0.000 / lower = 0.000)
[20181228_071050 / lib_ip.py:4477] file : 2018-12-28_06-24-39_000.jpg 2 (black : variance --> out of range (variance = 2569.212 / upper = 0.000 / lower = 0.000))
[20181228_071050 / lib_ip.py:4399] 
2018-12-28_06-24-39_000.jpg 3 ---------------------
[20181228_071050 / lib_ip.py:3753] file = 2018-12-28_06-24-39_000.jpg / val_Average = 117.1002	val_Variance = 7.0220	sd = 2.6499	max = 126	min = 110
[20181228_071050 / lib_ip.py:3836] len(Hs) = 8100, len(Ss) = 8100, len(Vs) = 8100
[20181228_071050 / lib_ip.py:3869] yellow : variance --> out of range (variance = 7.022 / upper = 0.650 / lower = 0.000)
[20181228_071050 / lib_ip.py:3753] file = 2018-12-28_06-24-39_000.jpg / val_Average = 117.1002	val_Variance = 7.0220	sd = 2.6499	max = 126	min = 110
[20181228_071050 / lib_ip.py:3936] len(Hs) = 8100, len(Ss) = 8100, len(Vs) = 8100
[20181228_071050 / lib_ip.py:3982] red : variance --> out of range (variance = 7.022 / upper = 0.430 / lower = 0.000)
[20181228_071051 / lib_ip.py:3753] file = 2018-12-28_06-24-39_000.jpg / val_Average = 117.1002	val_Variance = 7.0220	sd = 2.6499	max = 126	min = 110
[20181228_071051 / lib_ip.py:4052] len(Hs) = 8100, len(Ss) = 8100, len(Vs) = 8100
[20181228_071051 / lib_ip.py:4099] green : variance --> out of range (variance = 7.022 / upper = 0.760 / lower = 0.000)
[20181228_071051 / lib_ip.py:3753] file = 2018-12-28_06-24-39_000.jpg / val_Average = 117.1002	val_Variance = 7.0220	sd = 2.6499	max = 126	min = 110
[20181228_071051 / lib_ip.py:4169] len(Hs) = 8100, len(Ss) = 8100, len(Vs) = 8100
[20181228_071051 / lib_ip.py:4208] blue : variance --> out of range (variance = 7.022 / upper = 0.930 / lower = 0.010)
[20181228_071051 / lib_ip.py:3753] file = 2018-12-28_06-24-39_000.jpg / val_Average = 117.1002	val_Variance = 7.0220	sd = 2.6499	max = 126	min = 110
[20181228_071051 / lib_ip.py:4272] len(Hs) = 8100, len(Ss) = 8100, len(Vs) = 8100
[20181228_071051 / lib_ip.py:4316] black : variance --> out of range (variance = 7.022 / upper = 0.000 / lower = 0.000)
[20181228_071051 / lib_ip.py:4477] file : 2018-12-28_06-24-39_000.jpg 3 (black : variance --> out of range (variance = 7.022 / upper = 0.000 / lower = 0.000))
[20181228_071051 / lib_ip.py:2021] lo_Color_Names_2 =>
file = img.20181228_071046.2018-12-28_06-24-39_000.jpg.1.png / color name = green
file = img.20181228_071046.2018-12-28_06-24-39_000.jpg.2.png / color name = other
file = img.20181228_071046.2018-12-28_06-24-39_000.jpg.3.png / color name = other
file = img.20181228_071046.2018-12-28_06-24-39_000.jpg.4.png / color name = other
