[20181207_065149 / views.py:1878] exec_get_4_corners(request) ================================
[20181207_065151 / lib_ip.py:1961] lo_Color_Names =>
img.20181207_065150.IMG_0984.JPG.1.png => other
img.20181207_065150.IMG_0984.JPG.2.png => other
img.20181207_065150.IMG_0984.JPG.3.png => other
img.20181207_065150.IMG_0984.JPG.4.png => other
[20181207_065152 / lib_ip.py:4399] 
IMG_0984.JPG 0 ---------------------
[20181207_065152 / lib_ip.py:3753] file = IMG_0984.JPG / val_Average = 13.0620	val_Variance = 0.0964	sd = 0.3105	max = 14	min = 12
[20181207_065152 / lib_ip.py:3836] len(Hs) = 8100, len(Ss) = 8100, len(Vs) = 8100
[20181207_065152 / lib_ip.py:3891] yellow : average --> out of range (average = 13.062 / upper = 99.200 / lower = 88.000)
[20181207_065152 / lib_ip.py:3753] file = IMG_0984.JPG / val_Average = 13.0620	val_Variance = 0.0964	sd = 0.3105	max = 14	min = 12
[20181207_065152 / lib_ip.py:3936] len(Hs) = 8100, len(Ss) = 8100, len(Vs) = 8100
[20181207_065152 / lib_ip.py:4007] red : average --> out of range (average = 13.062 / upper = 124.000 / lower = 115.000)
[20181207_065152 / lib_ip.py:3753] file = IMG_0984.JPG / val_Average = 13.0620	val_Variance = 0.0964	sd = 0.3105	max = 14	min = 12
[20181207_065152 / lib_ip.py:4052] len(Hs) = 8100, len(Ss) = 8100, len(Vs) = 8100
[20181207_065152 / lib_ip.py:4124] green : average --> out of range (average = 13.062 / upper = 83.000 / lower = 58.000)
[20181207_065152 / lib_ip.py:3753] file = IMG_0984.JPG / val_Average = 13.0620	val_Variance = 0.0964	sd = 0.3105	max = 14	min = 12
[20181207_065152 / lib_ip.py:4169] len(Hs) = 8100, len(Ss) = 8100, len(Vs) = 8100
[20181207_065152 / lib_ip.py:4230] blue : average --> out of range (average = 13.062 / upper = 11.000 / lower = 13.300)
[20181207_065152 / lib_ip.py:3753] file = IMG_0984.JPG / val_Average = 13.0620	val_Variance = 0.0964	sd = 0.3105	max = 14	min = 12
[20181207_065152 / lib_ip.py:4272] len(Hs) = 8100, len(Ss) = 8100, len(Vs) = 8100
[20181207_065152 / lib_ip.py:4316] black : variance --> out of range (variance = 0.096 / upper = 0.000 / lower = 0.000)
[20181207_065153 / lib_ip.py:4477] file : IMG_0984.JPG 0 (black : variance --> out of range (variance = 0.096 / upper = 0.000 / lower = 0.000))
[20181207_065153 / lib_ip.py:4399] 
IMG_0984.JPG 1 ---------------------
[20181207_065153 / lib_ip.py:3753] file = IMG_0984.JPG / val_Average = 133.5567	val_Variance = 0.3651	sd = 0.6042	max = 135	min = 132
[20181207_065153 / lib_ip.py:3836] len(Hs) = 8100, len(Ss) = 8100, len(Vs) = 8100
[20181207_065153 / lib_ip.py:3891] yellow : average --> out of range (average = 133.557 / upper = 99.200 / lower = 88.000)
[20181207_065153 / lib_ip.py:3753] file = IMG_0984.JPG / val_Average = 133.5567	val_Variance = 0.3651	sd = 0.6042	max = 135	min = 132
[20181207_065153 / lib_ip.py:3936] len(Hs) = 8100, len(Ss) = 8100, len(Vs) = 8100
[20181207_065153 / lib_ip.py:4007] red : average --> out of range (average = 133.557 / upper = 124.000 / lower = 115.000)
[20181207_065153 / lib_ip.py:3753] file = IMG_0984.JPG / val_Average = 133.5567	val_Variance = 0.3651	sd = 0.6042	max = 135	min = 132
[20181207_065153 / lib_ip.py:4052] len(Hs) = 8100, len(Ss) = 8100, len(Vs) = 8100
[20181207_065153 / lib_ip.py:4124] green : average --> out of range (average = 133.557 / upper = 83.000 / lower = 58.000)
[20181207_065153 / lib_ip.py:3753] file = IMG_0984.JPG / val_Average = 133.5567	val_Variance = 0.3651	sd = 0.6042	max = 135	min = 132
[20181207_065153 / lib_ip.py:4169] len(Hs) = 8100, len(Ss) = 8100, len(Vs) = 8100
[20181207_065153 / lib_ip.py:4208] blue : variance --> out of range (variance = 0.365 / upper = 0.250 / lower = 0.010)
[20181207_065153 / lib_ip.py:3753] file = IMG_0984.JPG / val_Average = 133.5567	val_Variance = 0.3651	sd = 0.6042	max = 135	min = 132
[20181207_065153 / lib_ip.py:4272] len(Hs) = 8100, len(Ss) = 8100, len(Vs) = 8100
[20181207_065153 / lib_ip.py:4316] black : variance --> out of range (variance = 0.365 / upper = 0.000 / lower = 0.000)
[20181207_065153 / lib_ip.py:4477] file : IMG_0984.JPG 1 (black : variance --> out of range (variance = 0.365 / upper = 0.000 / lower = 0.000))
[20181207_065153 / lib_ip.py:4399] 
IMG_0984.JPG 2 ---------------------
[20181207_065154 / lib_ip.py:3753] file = IMG_0984.JPG / val_Average = 105.6960	val_Variance = 18.0012	sd = 4.2428	max = 135	min = 84
[20181207_065154 / lib_ip.py:3836] len(Hs) = 8100, len(Ss) = 8100, len(Vs) = 8100
[20181207_065154 / lib_ip.py:3869] yellow : variance --> out of range (variance = 18.001 / upper = 0.650 / lower = 0.000)
[20181207_065154 / lib_ip.py:3753] file = IMG_0984.JPG / val_Average = 105.6960	val_Variance = 18.0012	sd = 4.2428	max = 135	min = 84
[20181207_065154 / lib_ip.py:3936] len(Hs) = 8100, len(Ss) = 8100, len(Vs) = 8100
[20181207_065154 / lib_ip.py:3982] red : variance --> out of range (variance = 18.001 / upper = 0.430 / lower = 0.000)
[20181207_065154 / lib_ip.py:3753] file = IMG_0984.JPG / val_Average = 105.6960	val_Variance = 18.0012	sd = 4.2428	max = 135	min = 84
[20181207_065154 / lib_ip.py:4052] len(Hs) = 8100, len(Ss) = 8100, len(Vs) = 8100
[20181207_065154 / lib_ip.py:4099] green : variance --> out of range (variance = 18.001 / upper = 0.760 / lower = 0.000)
[20181207_065154 / lib_ip.py:3753] file = IMG_0984.JPG / val_Average = 105.6960	val_Variance = 18.0012	sd = 4.2428	max = 135	min = 84
[20181207_065154 / lib_ip.py:4169] len(Hs) = 8100, len(Ss) = 8100, len(Vs) = 8100
[20181207_065154 / lib_ip.py:4208] blue : variance --> out of range (variance = 18.001 / upper = 0.250 / lower = 0.010)
[20181207_065154 / lib_ip.py:3753] file = IMG_0984.JPG / val_Average = 105.6960	val_Variance = 18.0012	sd = 4.2428	max = 135	min = 84
[20181207_065154 / lib_ip.py:4272] len(Hs) = 8100, len(Ss) = 8100, len(Vs) = 8100
[20181207_065154 / lib_ip.py:4316] black : variance --> out of range (variance = 18.001 / upper = 0.000 / lower = 0.000)
[20181207_065154 / lib_ip.py:4477] file : IMG_0984.JPG 2 (black : variance --> out of range (variance = 18.001 / upper = 0.000 / lower = 0.000))
[20181207_065154 / lib_ip.py:4399] 
IMG_0984.JPG 3 ---------------------
[20181207_065154 / lib_ip.py:3753] file = IMG_0984.JPG / val_Average = 109.9478	val_Variance = 4.3922	sd = 2.0958	max = 122	min = 104
[20181207_065154 / lib_ip.py:3836] len(Hs) = 8100, len(Ss) = 8100, len(Vs) = 8100
[20181207_065154 / lib_ip.py:3869] yellow : variance --> out of range (variance = 4.392 / upper = 0.650 / lower = 0.000)
[20181207_065154 / lib_ip.py:3753] file = IMG_0984.JPG / val_Average = 109.9478	val_Variance = 4.3922	sd = 2.0958	max = 122	min = 104
[20181207_065155 / lib_ip.py:3936] len(Hs) = 8100, len(Ss) = 8100, len(Vs) = 8100
[20181207_065155 / lib_ip.py:3982] red : variance --> out of range (variance = 4.392 / upper = 0.430 / lower = 0.000)
[20181207_065155 / lib_ip.py:3753] file = IMG_0984.JPG / val_Average = 109.9478	val_Variance = 4.3922	sd = 2.0958	max = 122	min = 104
[20181207_065155 / lib_ip.py:4052] len(Hs) = 8100, len(Ss) = 8100, len(Vs) = 8100
[20181207_065155 / lib_ip.py:4099] green : variance --> out of range (variance = 4.392 / upper = 0.760 / lower = 0.000)
[20181207_065155 / lib_ip.py:3753] file = IMG_0984.JPG / val_Average = 109.9478	val_Variance = 4.3922	sd = 2.0958	max = 122	min = 104
[20181207_065155 / lib_ip.py:4169] len(Hs) = 8100, len(Ss) = 8100, len(Vs) = 8100
[20181207_065155 / lib_ip.py:4208] blue : variance --> out of range (variance = 4.392 / upper = 0.250 / lower = 0.010)
[20181207_065155 / lib_ip.py:3753] file = IMG_0984.JPG / val_Average = 109.9478	val_Variance = 4.3922	sd = 2.0958	max = 122	min = 104
[20181207_065155 / lib_ip.py:4272] len(Hs) = 8100, len(Ss) = 8100, len(Vs) = 8100
[20181207_065155 / lib_ip.py:4316] black : variance --> out of range (variance = 4.392 / upper = 0.000 / lower = 0.000)
[20181207_065155 / lib_ip.py:4477] file : IMG_0984.JPG 3 (black : variance --> out of range (variance = 4.392 / upper = 0.000 / lower = 0.000))
[20181207_065155 / lib_ip.py:2021] lo_Color_Names_2 =>
file = img.20181207_065150.IMG_0984.JPG.1.png / color name = other
file = img.20181207_065150.IMG_0984.JPG.2.png / color name = other
file = img.20181207_065150.IMG_0984.JPG.3.png / color name = other
file = img.20181207_065150.IMG_0984.JPG.4.png / color name = other
