[20190523_091246 / views.py:1886] exec_get_4_corners(request) ================================
[20190523_091249 / lib_ip.py:1961] lo_Color_Names =>
img.20190523_091247.2019-05-23_08-09-30_000.jpg.1.png => other
img.20190523_091247.2019-05-23_08-09-30_000.jpg.2.png => other
img.20190523_091247.2019-05-23_08-09-30_000.jpg.3.png => other
img.20190523_091247.2019-05-23_08-09-30_000.jpg.4.png => other
[20190523_091249 / lib_ip.py:4505] 
2019-05-23_08-09-30_000.jpg 0 ---------------------
[20190523_091250 / lib_ip.py:3753] file = 2019-05-23_08-09-30_000.jpg / val_Average = 121.9822	val_Variance = 0.4407	sd = 0.6638	max = 123	min = 121
[20190523_091250 / lib_ip.py:3836] len(Hs) = 8100, len(Ss) = 8100, len(Vs) = 8100
[20190523_091250 / lib_ip.py:3891] yellow : average --> out of range (average = 121.982 / upper = 99.200 / lower = 85.500)
[20190523_091250 / lib_ip.py:3753] file = 2019-05-23_08-09-30_000.jpg / val_Average = 121.9822	val_Variance = 0.4407	sd = 0.6638	max = 123	min = 121
[20190523_091250 / lib_ip.py:3936] len(Hs) = 8100, len(Ss) = 8100, len(Vs) = 8100
[20190523_091250 / lib_ip.py:3982] red : variance --> out of range (variance = 0.441 / upper = 0.430 / lower = 0.000)
[20190523_091250 / lib_ip.py:3753] file = 2019-05-23_08-09-30_000.jpg / val_Average = 121.9822	val_Variance = 0.4407	sd = 0.6638	max = 123	min = 121
[20190523_091250 / lib_ip.py:4052] len(Hs) = 8100, len(Ss) = 8100, len(Vs) = 8100
[20190523_091251 / lib_ip.py:4124] green : average --> out of range (average = 121.982 / upper = 85.000 / lower = 58.000)
[20190523_091251 / lib_ip.py:3753] file = 2019-05-23_08-09-30_000.jpg / val_Average = 121.9822	val_Variance = 0.4407	sd = 0.6638	max = 123	min = 121
[20190523_091251 / lib_ip.py:4169] len(Hs) = 8100, len(Ss) = 8100, len(Vs) = 8100
[20190523_091251 / lib_ip.py:4230] blue : average --> out of range (average = 121.982 / upper = 17.000 / lower = 8.850)
[20190523_091251 / lib_ip.py:3753] file = 2019-05-23_08-09-30_000.jpg / val_Average = 121.9822	val_Variance = 0.4407	sd = 0.6638	max = 123	min = 121
[20190523_091251 / lib_ip.py:4275] len(Hs) = 8100, len(Ss) = 8100, len(Vs) = 8100
[20190523_091252 / lib_ip.py:4336] pink : average --> out of range (average = 121.982 / upper = 141.000 / lower = 127.900)
[20190523_091252 / lib_ip.py:3753] file = 2019-05-23_08-09-30_000.jpg / val_Average = 121.9822	val_Variance = 0.4407	sd = 0.6638	max = 123	min = 121
[20190523_091252 / lib_ip.py:4378] len(Hs) = 8100, len(Ss) = 8100, len(Vs) = 8100
[20190523_091252 / lib_ip.py:4422] black : variance --> out of range (variance = 0.441 / upper = 0.000 / lower = 0.000)
[20190523_091252 / lib_ip.py:4593] file : 2019-05-23_08-09-30_000.jpg 0 (black : variance --> out of range (variance = 0.441 / upper = 0.000 / lower = 0.000))
[20190523_091252 / lib_ip.py:4505] 
2019-05-23_08-09-30_000.jpg 1 ---------------------
[20190523_091252 / lib_ip.py:3753] file = 2019-05-23_08-09-30_000.jpg / val_Average = 77.8970	val_Variance = 0.0975	sd = 0.3123	max = 79	min = 76
[20190523_091252 / lib_ip.py:3836] len(Hs) = 8100, len(Ss) = 8100, len(Vs) = 8100
[20190523_091252 / lib_ip.py:3891] yellow : average --> out of range (average = 77.897 / upper = 99.200 / lower = 85.500)
[20190523_091252 / lib_ip.py:3753] file = 2019-05-23_08-09-30_000.jpg / val_Average = 77.8970	val_Variance = 0.0975	sd = 0.3123	max = 79	min = 76
[20190523_091252 / lib_ip.py:3936] len(Hs) = 8100, len(Ss) = 8100, len(Vs) = 8100
[20190523_091253 / lib_ip.py:4007] red : average --> out of range (average = 77.897 / upper = 124.600 / lower = 115.000)
[20190523_091253 / lib_ip.py:3753] file = 2019-05-23_08-09-30_000.jpg / val_Average = 77.8970	val_Variance = 0.0975	sd = 0.3123	max = 79	min = 76
[20190523_091253 / lib_ip.py:4052] len(Hs) = 8100, len(Ss) = 8100, len(Vs) = 8100
[20190523_091253 / lib_ip.py:4505] 
2019-05-23_08-09-30_000.jpg 2 ---------------------
[20190523_091253 / lib_ip.py:3753] file = 2019-05-23_08-09-30_000.jpg / val_Average = 7.8463	val_Variance = 232.8133	sd = 15.2582	max = 176	min = 0
[20190523_091253 / lib_ip.py:3836] len(Hs) = 8100, len(Ss) = 8100, len(Vs) = 8100
[20190523_091253 / lib_ip.py:3869] yellow : variance --> out of range (variance = 232.813 / upper = 0.650 / lower = 0.000)
[20190523_091254 / lib_ip.py:3753] file = 2019-05-23_08-09-30_000.jpg / val_Average = 7.8463	val_Variance = 232.8133	sd = 15.2582	max = 176	min = 0
[20190523_091254 / lib_ip.py:3936] len(Hs) = 8100, len(Ss) = 8100, len(Vs) = 8100
[20190523_091254 / lib_ip.py:3982] red : variance --> out of range (variance = 232.813 / upper = 0.430 / lower = 0.000)
[20190523_091254 / lib_ip.py:3753] file = 2019-05-23_08-09-30_000.jpg / val_Average = 7.8463	val_Variance = 232.8133	sd = 15.2582	max = 176	min = 0
[20190523_091254 / lib_ip.py:4052] len(Hs) = 8100, len(Ss) = 8100, len(Vs) = 8100
[20190523_091254 / lib_ip.py:4099] green : variance --> out of range (variance = 232.813 / upper = 0.760 / lower = 0.000)
[20190523_091254 / lib_ip.py:3753] file = 2019-05-23_08-09-30_000.jpg / val_Average = 7.8463	val_Variance = 232.8133	sd = 15.2582	max = 176	min = 0
[20190523_091254 / lib_ip.py:4169] len(Hs) = 8100, len(Ss) = 8100, len(Vs) = 8100
[20190523_091254 / lib_ip.py:4208] blue : variance --> out of range (variance = 232.813 / upper = 0.930 / lower = 0.010)
[20190523_091255 / lib_ip.py:3753] file = 2019-05-23_08-09-30_000.jpg / val_Average = 7.8463	val_Variance = 232.8133	sd = 15.2582	max = 176	min = 0
[20190523_091255 / lib_ip.py:4275] len(Hs) = 8100, len(Ss) = 8100, len(Vs) = 8100
[20190523_091255 / lib_ip.py:4314] pink : variance --> out of range (variance = 232.813 / upper = 0.750 / lower = 0.030)
[20190523_091255 / lib_ip.py:3753] file = 2019-05-23_08-09-30_000.jpg / val_Average = 7.8463	val_Variance = 232.8133	sd = 15.2582	max = 176	min = 0
[20190523_091255 / lib_ip.py:4378] len(Hs) = 8100, len(Ss) = 8100, len(Vs) = 8100
[20190523_091255 / lib_ip.py:4422] black : variance --> out of range (variance = 232.813 / upper = 0.000 / lower = 0.000)
[20190523_091255 / lib_ip.py:4593] file : 2019-05-23_08-09-30_000.jpg 2 (black : variance --> out of range (variance = 232.813 / upper = 0.000 / lower = 0.000))
[20190523_091255 / lib_ip.py:4505] 
2019-05-23_08-09-30_000.jpg 3 ---------------------
[20190523_091255 / lib_ip.py:3753] file = 2019-05-23_08-09-30_000.jpg / val_Average = 100.5125	val_Variance = 10.1565	sd = 3.1869	max = 112	min = 86
[20190523_091255 / lib_ip.py:3836] len(Hs) = 8100, len(Ss) = 8100, len(Vs) = 8100
[20190523_091255 / lib_ip.py:3869] yellow : variance --> out of range (variance = 10.157 / upper = 0.650 / lower = 0.000)
[20190523_091255 / lib_ip.py:3753] file = 2019-05-23_08-09-30_000.jpg / val_Average = 100.5125	val_Variance = 10.1565	sd = 3.1869	max = 112	min = 86
[20190523_091255 / lib_ip.py:3936] len(Hs) = 8100, len(Ss) = 8100, len(Vs) = 8100
[20190523_091256 / lib_ip.py:3982] red : variance --> out of range (variance = 10.157 / upper = 0.430 / lower = 0.000)
[20190523_091256 / lib_ip.py:3753] file = 2019-05-23_08-09-30_000.jpg / val_Average = 100.5125	val_Variance = 10.1565	sd = 3.1869	max = 112	min = 86
[20190523_091256 / lib_ip.py:4052] len(Hs) = 8100, len(Ss) = 8100, len(Vs) = 8100
[20190523_091256 / lib_ip.py:4099] green : variance --> out of range (variance = 10.157 / upper = 0.760 / lower = 0.000)
[20190523_091256 / lib_ip.py:3753] file = 2019-05-23_08-09-30_000.jpg / val_Average = 100.5125	val_Variance = 10.1565	sd = 3.1869	max = 112	min = 86
[20190523_091256 / lib_ip.py:4169] len(Hs) = 8100, len(Ss) = 8100, len(Vs) = 8100
[20190523_091256 / lib_ip.py:4208] blue : variance --> out of range (variance = 10.157 / upper = 0.930 / lower = 0.010)
[20190523_091256 / lib_ip.py:3753] file = 2019-05-23_08-09-30_000.jpg / val_Average = 100.5125	val_Variance = 10.1565	sd = 3.1869	max = 112	min = 86
[20190523_091256 / lib_ip.py:4275] len(Hs) = 8100, len(Ss) = 8100, len(Vs) = 8100
[20190523_091256 / lib_ip.py:4314] pink : variance --> out of range (variance = 10.157 / upper = 0.750 / lower = 0.030)
[20190523_091256 / lib_ip.py:3753] file = 2019-05-23_08-09-30_000.jpg / val_Average = 100.5125	val_Variance = 10.1565	sd = 3.1869	max = 112	min = 86
[20190523_091257 / lib_ip.py:4378] len(Hs) = 8100, len(Ss) = 8100, len(Vs) = 8100
[20190523_091257 / lib_ip.py:4422] black : variance --> out of range (variance = 10.157 / upper = 0.000 / lower = 0.000)
[20190523_091257 / lib_ip.py:4593] file : 2019-05-23_08-09-30_000.jpg 3 (black : variance --> out of range (variance = 10.157 / upper = 0.000 / lower = 0.000))
[20190523_091257 / lib_ip.py:2021] lo_Color_Names_2 =>
file = img.20190523_091247.2019-05-23_08-09-30_000.jpg.1.png / color name = other
file = img.20190523_091247.2019-05-23_08-09-30_000.jpg.2.png / color name = green
file = img.20190523_091247.2019-05-23_08-09-30_000.jpg.3.png / color name = other
file = img.20190523_091247.2019-05-23_08-09-30_000.jpg.4.png / color name = other
