[20181111_091237 / views.py:1877] gen_Cake_CSV(request) ==> starting... =======================
[20181111_091239 / lib_ip.py:2273] inspecting ===> img.20181111_091239.2018-11-10_10-11-26_000.jpg.1.png
[20181111_091239 / lib_ip.py:4331] 
img.20181111_091239.2018-11-10_10-11-26_000.jpg.1.png 0 ---------------------
[20181111_091239 / lib_ip.py:3794] file = img.20181111_091239.2018-11-10_10-11-26_000.jpg.1.png / val_Average = 113.7149	val_Variance = 121.3048	sd = 11.0138	max = 170	min = 98
[20181111_091239 / lib_ip.py:3877] len(Hs) = 8100, len(Ss) = 8100, len(Vs) = 8100
[20181111_091239 / lib_ip.py:3910] yellow : variance --> out of range (variance = 121.305 / upper = 0.650 / lower = 0.000)
[20181111_091239 / lib_ip.py:3794] file = img.20181111_091239.2018-11-10_10-11-26_000.jpg.1.png / val_Average = 113.7149	val_Variance = 121.3048	sd = 11.0138	max = 170	min = 98
[20181111_091239 / lib_ip.py:3977] len(Hs) = 8100, len(Ss) = 8100, len(Vs) = 8100
[20181111_091239 / lib_ip.py:4023] red : variance --> out of range (variance = 121.305 / upper = 0.430 / lower = 0.000)
[20181111_091239 / lib_ip.py:3794] file = img.20181111_091239.2018-11-10_10-11-26_000.jpg.1.png / val_Average = 113.7149	val_Variance = 121.3048	sd = 11.0138	max = 170	min = 98
[20181111_091239 / lib_ip.py:4090] len(Hs) = 8100, len(Ss) = 8100, len(Vs) = 8100
[20181111_091239 / lib_ip.py:4137] green : variance --> out of range (variance = 121.305 / upper = 0.760 / lower = 0.000)
[20181111_091239 / lib_ip.py:3794] file = img.20181111_091239.2018-11-10_10-11-26_000.jpg.1.png / val_Average = 113.7149	val_Variance = 121.3048	sd = 11.0138	max = 170	min = 98
[20181111_091239 / lib_ip.py:4204] len(Hs) = 8100, len(Ss) = 8100, len(Vs) = 8100
[20181111_091240 / lib_ip.py:4248] black : variance --> out of range (variance = 121.305 / upper = 0.000 / lower = 0.000)
[20181111_091240 / lib_ip.py:4399] file : img.20181111_091239.2018-11-10_10-11-26_000.jpg.1.png 0 (black : variance --> out of range (variance = 121.305 / upper = 0.000 / lower = 0.000))
[20181111_091240 / lib_ip.py:2273] inspecting ===> img.20181111_091239.2018-11-10_10-11-26_000.jpg.2.png
[20181111_091240 / lib_ip.py:4331] 
img.20181111_091239.2018-11-10_10-11-26_000.jpg.2.png 1 ---------------------
[20181111_091240 / lib_ip.py:3794] file = img.20181111_091239.2018-11-10_10-11-26_000.jpg.2.png / val_Average = 96.9385	val_Variance = 59.1530	sd = 7.6911	max = 135	min = 0
[20181111_091240 / lib_ip.py:3877] len(Hs) = 8100, len(Ss) = 8100, len(Vs) = 8100
[20181111_091240 / lib_ip.py:3910] yellow : variance --> out of range (variance = 59.153 / upper = 0.650 / lower = 0.000)
[20181111_091240 / lib_ip.py:3794] file = img.20181111_091239.2018-11-10_10-11-26_000.jpg.2.png / val_Average = 96.9385	val_Variance = 59.1530	sd = 7.6911	max = 135	min = 0
[20181111_091240 / lib_ip.py:3977] len(Hs) = 8100, len(Ss) = 8100, len(Vs) = 8100
[20181111_091240 / lib_ip.py:4023] red : variance --> out of range (variance = 59.153 / upper = 0.430 / lower = 0.000)
[20181111_091240 / lib_ip.py:3794] file = img.20181111_091239.2018-11-10_10-11-26_000.jpg.2.png / val_Average = 96.9385	val_Variance = 59.1530	sd = 7.6911	max = 135	min = 0
[20181111_091240 / lib_ip.py:4090] len(Hs) = 8100, len(Ss) = 8100, len(Vs) = 8100
[20181111_091240 / lib_ip.py:4137] green : variance --> out of range (variance = 59.153 / upper = 0.760 / lower = 0.000)
[20181111_091240 / lib_ip.py:3794] file = img.20181111_091239.2018-11-10_10-11-26_000.jpg.2.png / val_Average = 96.9385	val_Variance = 59.1530	sd = 7.6911	max = 135	min = 0
[20181111_091240 / lib_ip.py:4204] len(Hs) = 8100, len(Ss) = 8100, len(Vs) = 8100
[20181111_091241 / lib_ip.py:4248] black : variance --> out of range (variance = 59.153 / upper = 0.000 / lower = 0.000)
[20181111_091241 / lib_ip.py:4399] file : img.20181111_091239.2018-11-10_10-11-26_000.jpg.2.png 1 (black : variance --> out of range (variance = 59.153 / upper = 0.000 / lower = 0.000))
[20181111_091241 / lib_ip.py:2273] inspecting ===> img.20181111_091239.2018-11-10_10-11-26_000.jpg.3.png
[20181111_091241 / lib_ip.py:4331] 
img.20181111_091239.2018-11-10_10-11-26_000.jpg.3.png 2 ---------------------
[20181111_091241 / lib_ip.py:3794] file = img.20181111_091239.2018-11-10_10-11-26_000.jpg.3.png / val_Average = 58.3225	val_Variance = 3234.5160	sd = 56.8728	max = 160	min = 0
[20181111_091241 / lib_ip.py:3877] len(Hs) = 8100, len(Ss) = 8100, len(Vs) = 8100
[20181111_091241 / lib_ip.py:3910] yellow : variance --> out of range (variance = 3234.516 / upper = 0.650 / lower = 0.000)
[20181111_091241 / lib_ip.py:3794] file = img.20181111_091239.2018-11-10_10-11-26_000.jpg.3.png / val_Average = 58.3225	val_Variance = 3234.5160	sd = 56.8728	max = 160	min = 0
[20181111_091241 / lib_ip.py:3977] len(Hs) = 8100, len(Ss) = 8100, len(Vs) = 8100
[20181111_091241 / lib_ip.py:4023] red : variance --> out of range (variance = 3234.516 / upper = 0.430 / lower = 0.000)
[20181111_091241 / lib_ip.py:3794] file = img.20181111_091239.2018-11-10_10-11-26_000.jpg.3.png / val_Average = 58.3225	val_Variance = 3234.5160	sd = 56.8728	max = 160	min = 0
[20181111_091241 / lib_ip.py:4090] len(Hs) = 8100, len(Ss) = 8100, len(Vs) = 8100
[20181111_091241 / lib_ip.py:4137] green : variance --> out of range (variance = 3234.516 / upper = 0.760 / lower = 0.000)
[20181111_091241 / lib_ip.py:3794] file = img.20181111_091239.2018-11-10_10-11-26_000.jpg.3.png / val_Average = 58.3225	val_Variance = 3234.5160	sd = 56.8728	max = 160	min = 0
[20181111_091242 / lib_ip.py:4204] len(Hs) = 8100, len(Ss) = 8100, len(Vs) = 8100
[20181111_091242 / lib_ip.py:4248] black : variance --> out of range (variance = 3234.516 / upper = 0.000 / lower = 0.000)
[20181111_091242 / lib_ip.py:4399] file : img.20181111_091239.2018-11-10_10-11-26_000.jpg.3.png 2 (black : variance --> out of range (variance = 3234.516 / upper = 0.000 / lower = 0.000))
[20181111_091242 / lib_ip.py:2273] inspecting ===> img.20181111_091239.2018-11-10_10-11-26_000.jpg.4.png
[20181111_091242 / lib_ip.py:4331] 
img.20181111_091239.2018-11-10_10-11-26_000.jpg.4.png 3 ---------------------
[20181111_091242 / lib_ip.py:3794] file = img.20181111_091239.2018-11-10_10-11-26_000.jpg.4.png / val_Average = 92.5106	val_Variance = 0.2573	sd = 0.5072	max = 93	min = 91
[20181111_091242 / lib_ip.py:3877] len(Hs) = 8100, len(Ss) = 8100, len(Vs) = 8100
[20181111_091242 / lib_ip.py:2273] inspecting ===> img.20181111_091239.2018-11-10_10-11-26_000.jpg.4.png
img.20181111_091239.2018-11-10_10-11-26_000.jpg.1.png => other
img.20181111_091239.2018-11-10_10-11-26_000.jpg.2.png => other
img.20181111_091239.2018-11-10_10-11-26_000.jpg.3.png => other
img.20181111_091239.2018-11-10_10-11-26_000.jpg.4.png => other
[20181111_091242 lib_ip.py:3300] =============== Get 4 corners
dpath_Images = C:\WORKS_2\WS\WS_Others.Art\JVEMV6\46_art\VIRTUAL\Admin_Projects\ip\images
fname_Image = img.20181111_091239.2018-11-10_10-11-26_000.jpg.4.png

[20181111_091244 / lib_ip.py:2273] inspecting ===> img.20181111_091244.2018-11-10_13-22-07_000.jpg.1.png
[20181111_091244 / lib_ip.py:4331] 
img.20181111_091244.2018-11-10_13-22-07_000.jpg.1.png 0 ---------------------
[20181111_091244 / lib_ip.py:3794] file = img.20181111_091244.2018-11-10_13-22-07_000.jpg.1.png / val_Average = 87.2610	val_Variance = 10.3820	sd = 3.2221	max = 96	min = 81
[20181111_091244 / lib_ip.py:3877] len(Hs) = 8100, len(Ss) = 8100, len(Vs) = 8100
[20181111_091244 / lib_ip.py:3910] yellow : variance --> out of range (variance = 10.382 / upper = 0.650 / lower = 0.000)
[20181111_091245 / lib_ip.py:3794] file = img.20181111_091244.2018-11-10_13-22-07_000.jpg.1.png / val_Average = 87.2610	val_Variance = 10.3820	sd = 3.2221	max = 96	min = 81
[20181111_091245 / lib_ip.py:3977] len(Hs) = 8100, len(Ss) = 8100, len(Vs) = 8100
[20181111_091245 / lib_ip.py:4023] red : variance --> out of range (variance = 10.382 / upper = 0.430 / lower = 0.000)
[20181111_091245 / lib_ip.py:3794] file = img.20181111_091244.2018-11-10_13-22-07_000.jpg.1.png / val_Average = 87.2610	val_Variance = 10.3820	sd = 3.2221	max = 96	min = 81
[20181111_091245 / lib_ip.py:4090] len(Hs) = 8100, len(Ss) = 8100, len(Vs) = 8100
[20181111_091245 / lib_ip.py:4137] green : variance --> out of range (variance = 10.382 / upper = 0.760 / lower = 0.000)
[20181111_091245 / lib_ip.py:3794] file = img.20181111_091244.2018-11-10_13-22-07_000.jpg.1.png / val_Average = 87.2610	val_Variance = 10.3820	sd = 3.2221	max = 96	min = 81
[20181111_091246 / lib_ip.py:4204] len(Hs) = 8100, len(Ss) = 8100, len(Vs) = 8100
[20181111_091246 / lib_ip.py:4248] black : variance --> out of range (variance = 10.382 / upper = 0.000 / lower = 0.000)
[20181111_091246 / lib_ip.py:4399] file : img.20181111_091244.2018-11-10_13-22-07_000.jpg.1.png 0 (black : variance --> out of range (variance = 10.382 / upper = 0.000 / lower = 0.000))
[20181111_091246 / lib_ip.py:2273] inspecting ===> img.20181111_091244.2018-11-10_13-22-07_000.jpg.2.png
[20181111_091246 / lib_ip.py:4331] 
img.20181111_091244.2018-11-10_13-22-07_000.jpg.2.png 1 ---------------------
[20181111_091246 / lib_ip.py:3794] file = img.20181111_091244.2018-11-10_13-22-07_000.jpg.2.png / val_Average = 118.5201	val_Variance = 0.2496	sd = 0.4996	max = 119	min = 118
[20181111_091246 / lib_ip.py:3877] len(Hs) = 8100, len(Ss) = 8100, len(Vs) = 8100
[20181111_091246 / lib_ip.py:3932] yellow : average --> out of range (average = 118.520 / upper = 99.200 / lower = 88.000)
[20181111_091247 / lib_ip.py:3794] file = img.20181111_091244.2018-11-10_13-22-07_000.jpg.2.png / val_Average = 118.5201	val_Variance = 0.2496	sd = 0.4996	max = 119	min = 118
[20181111_091247 / lib_ip.py:3977] len(Hs) = 8100, len(Ss) = 8100, len(Vs) = 8100
[20181111_091247 / lib_ip.py:2273] inspecting ===> img.20181111_091244.2018-11-10_13-22-07_000.jpg.3.png
[20181111_091247 / lib_ip.py:4331] 
img.20181111_091244.2018-11-10_13-22-07_000.jpg.3.png 2 ---------------------
[20181111_091247 / lib_ip.py:3794] file = img.20181111_091244.2018-11-10_13-22-07_000.jpg.3.png / val_Average = 101.9905	val_Variance = 5.1776	sd = 2.2754	max = 108	min = 92
[20181111_091247 / lib_ip.py:3877] len(Hs) = 8100, len(Ss) = 8100, len(Vs) = 8100
[20181111_091247 / lib_ip.py:3910] yellow : variance --> out of range (variance = 5.178 / upper = 0.650 / lower = 0.000)
[20181111_091248 / lib_ip.py:3794] file = img.20181111_091244.2018-11-10_13-22-07_000.jpg.3.png / val_Average = 101.9905	val_Variance = 5.1776	sd = 2.2754	max = 108	min = 92
[20181111_091248 / lib_ip.py:3977] len(Hs) = 8100, len(Ss) = 8100, len(Vs) = 8100
[20181111_091248 / lib_ip.py:4023] red : variance --> out of range (variance = 5.178 / upper = 0.430 / lower = 0.000)
[20181111_091248 / lib_ip.py:3794] file = img.20181111_091244.2018-11-10_13-22-07_000.jpg.3.png / val_Average = 101.9905	val_Variance = 5.1776	sd = 2.2754	max = 108	min = 92
[20181111_091248 / lib_ip.py:4090] len(Hs) = 8100, len(Ss) = 8100, len(Vs) = 8100
[20181111_091248 / lib_ip.py:4137] green : variance --> out of range (variance = 5.178 / upper = 0.760 / lower = 0.000)
[20181111_091249 / lib_ip.py:3794] file = img.20181111_091244.2018-11-10_13-22-07_000.jpg.3.png / val_Average = 101.9905	val_Variance = 5.1776	sd = 2.2754	max = 108	min = 92
[20181111_091249 / lib_ip.py:4204] len(Hs) = 8100, len(Ss) = 8100, len(Vs) = 8100
[20181111_091249 / lib_ip.py:4248] black : variance --> out of range (variance = 5.178 / upper = 0.000 / lower = 0.000)
[20181111_091249 / lib_ip.py:4399] file : img.20181111_091244.2018-11-10_13-22-07_000.jpg.3.png 2 (black : variance --> out of range (variance = 5.178 / upper = 0.000 / lower = 0.000))
[20181111_091249 / lib_ip.py:2273] inspecting ===> img.20181111_091244.2018-11-10_13-22-07_000.jpg.4.png
[20181111_091249 / lib_ip.py:4331] 
img.20181111_091244.2018-11-10_13-22-07_000.jpg.4.png 3 ---------------------
[20181111_091249 / lib_ip.py:3794] file = img.20181111_091244.2018-11-10_13-22-07_000.jpg.4.png / val_Average = 104.3684	val_Variance = 67.4272	sd = 8.2114	max = 160	min = 0
[20181111_091249 / lib_ip.py:3877] len(Hs) = 8100, len(Ss) = 8100, len(Vs) = 8100
[20181111_091249 / lib_ip.py:3910] yellow : variance --> out of range (variance = 67.427 / upper = 0.650 / lower = 0.000)
[20181111_091249 / lib_ip.py:3794] file = img.20181111_091244.2018-11-10_13-22-07_000.jpg.4.png / val_Average = 104.3684	val_Variance = 67.4272	sd = 8.2114	max = 160	min = 0
[20181111_091249 / lib_ip.py:3977] len(Hs) = 8100, len(Ss) = 8100, len(Vs) = 8100
[20181111_091250 / lib_ip.py:4023] red : variance --> out of range (variance = 67.427 / upper = 0.430 / lower = 0.000)
[20181111_091250 / lib_ip.py:3794] file = img.20181111_091244.2018-11-10_13-22-07_000.jpg.4.png / val_Average = 104.3684	val_Variance = 67.4272	sd = 8.2114	max = 160	min = 0
[20181111_091250 / lib_ip.py:4090] len(Hs) = 8100, len(Ss) = 8100, len(Vs) = 8100
[20181111_091250 / lib_ip.py:4137] green : variance --> out of range (variance = 67.427 / upper = 0.760 / lower = 0.000)
[20181111_091250 / lib_ip.py:3794] file = img.20181111_091244.2018-11-10_13-22-07_000.jpg.4.png / val_Average = 104.3684	val_Variance = 67.4272	sd = 8.2114	max = 160	min = 0
[20181111_091250 / lib_ip.py:4204] len(Hs) = 8100, len(Ss) = 8100, len(Vs) = 8100
[20181111_091250 / lib_ip.py:4248] black : variance --> out of range (variance = 67.427 / upper = 0.000 / lower = 0.000)
[20181111_091250 / lib_ip.py:4399] file : img.20181111_091244.2018-11-10_13-22-07_000.jpg.4.png 3 (black : variance --> out of range (variance = 67.427 / upper = 0.000 / lower = 0.000))
[20181111_091249 / lib_ip.py:2273] inspecting ===> img.20181111_091244.2018-11-10_13-22-07_000.jpg.4.png
img.20181111_091244.2018-11-10_13-22-07_000.jpg.1.png => other
img.20181111_091244.2018-11-10_13-22-07_000.jpg.2.png => other
img.20181111_091244.2018-11-10_13-22-07_000.jpg.3.png => other
img.20181111_091244.2018-11-10_13-22-07_000.jpg.4.png => other
[20181111_091250 lib_ip.py:3300] =============== Get 4 corners
dpath_Images = C:\WORKS_2\WS\WS_Others.Art\JVEMV6\46_art\VIRTUAL\Admin_Projects\ip\images
fname_Image = img.20181111_091244.2018-11-10_13-22-07_000.jpg.4.png

[20181111_091252 / lib_ip.py:2273] inspecting ===> img.20181111_091252.2018-11-10_14-42-05_000.jpg.1.png
[20181111_091253 / lib_ip.py:4331] 
img.20181111_091252.2018-11-10_14-42-05_000.jpg.1.png 0 ---------------------
[20181111_091253 / lib_ip.py:3794] file = img.20181111_091252.2018-11-10_14-42-05_000.jpg.1.png / val_Average = 99.7462	val_Variance = 46.2933	sd = 6.8039	max = 114	min = 0
[20181111_091253 / lib_ip.py:3877] len(Hs) = 8100, len(Ss) = 8100, len(Vs) = 8100
[20181111_091253 / lib_ip.py:3910] yellow : variance --> out of range (variance = 46.293 / upper = 0.650 / lower = 0.000)
[20181111_091253 / lib_ip.py:3794] file = img.20181111_091252.2018-11-10_14-42-05_000.jpg.1.png / val_Average = 99.7462	val_Variance = 46.2933	sd = 6.8039	max = 114	min = 0
[20181111_091253 / lib_ip.py:3977] len(Hs) = 8100, len(Ss) = 8100, len(Vs) = 8100
[20181111_091253 / lib_ip.py:4023] red : variance --> out of range (variance = 46.293 / upper = 0.430 / lower = 0.000)
[20181111_091253 / lib_ip.py:3794] file = img.20181111_091252.2018-11-10_14-42-05_000.jpg.1.png / val_Average = 99.7462	val_Variance = 46.2933	sd = 6.8039	max = 114	min = 0
[20181111_091253 / lib_ip.py:4090] len(Hs) = 8100, len(Ss) = 8100, len(Vs) = 8100
[20181111_091254 / lib_ip.py:4137] green : variance --> out of range (variance = 46.293 / upper = 0.760 / lower = 0.000)
[20181111_091254 / lib_ip.py:3794] file = img.20181111_091252.2018-11-10_14-42-05_000.jpg.1.png / val_Average = 99.7462	val_Variance = 46.2933	sd = 6.8039	max = 114	min = 0
[20181111_091254 / lib_ip.py:4204] len(Hs) = 8100, len(Ss) = 8100, len(Vs) = 8100
[20181111_091254 / lib_ip.py:4248] black : variance --> out of range (variance = 46.293 / upper = 0.000 / lower = 0.000)
[20181111_091254 / lib_ip.py:4399] file : img.20181111_091252.2018-11-10_14-42-05_000.jpg.1.png 0 (black : variance --> out of range (variance = 46.293 / upper = 0.000 / lower = 0.000))
[20181111_091254 / lib_ip.py:2273] inspecting ===> img.20181111_091252.2018-11-10_14-42-05_000.jpg.2.png
[20181111_091254 / lib_ip.py:4331] 
img.20181111_091252.2018-11-10_14-42-05_000.jpg.2.png 1 ---------------------
[20181111_091254 / lib_ip.py:3794] file = img.20181111_091252.2018-11-10_14-42-05_000.jpg.2.png / val_Average = 105.2319	val_Variance = 1.9149	sd = 1.3838	max = 115	min = 101
[20181111_091254 / lib_ip.py:3877] len(Hs) = 8100, len(Ss) = 8100, len(Vs) = 8100
[20181111_091254 / lib_ip.py:3910] yellow : variance --> out of range (variance = 1.915 / upper = 0.650 / lower = 0.000)
[20181111_091254 / lib_ip.py:3794] file = img.20181111_091252.2018-11-10_14-42-05_000.jpg.2.png / val_Average = 105.2319	val_Variance = 1.9149	sd = 1.3838	max = 115	min = 101
[20181111_091255 / lib_ip.py:3977] len(Hs) = 8100, len(Ss) = 8100, len(Vs) = 8100
[20181111_091255 / lib_ip.py:4023] red : variance --> out of range (variance = 1.915 / upper = 0.430 / lower = 0.000)
[20181111_091255 / lib_ip.py:3794] file = img.20181111_091252.2018-11-10_14-42-05_000.jpg.2.png / val_Average = 105.2319	val_Variance = 1.9149	sd = 1.3838	max = 115	min = 101
[20181111_091255 / lib_ip.py:4090] len(Hs) = 8100, len(Ss) = 8100, len(Vs) = 8100
[20181111_091255 / lib_ip.py:4137] green : variance --> out of range (variance = 1.915 / upper = 0.760 / lower = 0.000)
[20181111_091255 / lib_ip.py:3794] file = img.20181111_091252.2018-11-10_14-42-05_000.jpg.2.png / val_Average = 105.2319	val_Variance = 1.9149	sd = 1.3838	max = 115	min = 101
[20181111_091255 / lib_ip.py:4204] len(Hs) = 8100, len(Ss) = 8100, len(Vs) = 8100
[20181111_091255 / lib_ip.py:4248] black : variance --> out of range (variance = 1.915 / upper = 0.000 / lower = 0.000)
[20181111_091255 / lib_ip.py:4399] file : img.20181111_091252.2018-11-10_14-42-05_000.jpg.2.png 1 (black : variance --> out of range (variance = 1.915 / upper = 0.000 / lower = 0.000))
[20181111_091255 / lib_ip.py:2273] inspecting ===> img.20181111_091252.2018-11-10_14-42-05_000.jpg.3.png
[20181111_091256 / lib_ip.py:4331] 
img.20181111_091252.2018-11-10_14-42-05_000.jpg.3.png 2 ---------------------
[20181111_091256 / lib_ip.py:3794] file = img.20181111_091252.2018-11-10_14-42-05_000.jpg.3.png / val_Average = 119.2925	val_Variance = 0.3141	sd = 0.5604	max = 121	min = 115
[20181111_091256 / lib_ip.py:3877] len(Hs) = 8100, len(Ss) = 8100, len(Vs) = 8100
[20181111_091256 / lib_ip.py:3932] yellow : average --> out of range (average = 119.292 / upper = 99.200 / lower = 88.000)
[20181111_091256 / lib_ip.py:3794] file = img.20181111_091252.2018-11-10_14-42-05_000.jpg.3.png / val_Average = 119.2925	val_Variance = 0.3141	sd = 0.5604	max = 121	min = 115
[20181111_091256 / lib_ip.py:3977] len(Hs) = 8100, len(Ss) = 8100, len(Vs) = 8100
[20181111_091256 / lib_ip.py:2273] inspecting ===> img.20181111_091252.2018-11-10_14-42-05_000.jpg.4.png
[20181111_091257 / lib_ip.py:4331] 
img.20181111_091252.2018-11-10_14-42-05_000.jpg.4.png 3 ---------------------
[20181111_091257 / lib_ip.py:3794] file = img.20181111_091252.2018-11-10_14-42-05_000.jpg.4.png / val_Average = 77.5781	val_Variance = 0.2592	sd = 0.5091	max = 79	min = 76
[20181111_091257 / lib_ip.py:3877] len(Hs) = 8100, len(Ss) = 8100, len(Vs) = 8100
[20181111_091257 / lib_ip.py:3932] yellow : average --> out of range (average = 77.578 / upper = 99.200 / lower = 88.000)
[20181111_091257 / lib_ip.py:3794] file = img.20181111_091252.2018-11-10_14-42-05_000.jpg.4.png / val_Average = 77.5781	val_Variance = 0.2592	sd = 0.5091	max = 79	min = 76
[20181111_091257 / lib_ip.py:3977] len(Hs) = 8100, len(Ss) = 8100, len(Vs) = 8100
[20181111_091257 / lib_ip.py:4048] red : average --> out of range (average = 77.578 / upper = 124.000 / lower = 115.000)
[20181111_091258 / lib_ip.py:3794] file = img.20181111_091252.2018-11-10_14-42-05_000.jpg.4.png / val_Average = 77.5781	val_Variance = 0.2592	sd = 0.5091	max = 79	min = 76
[20181111_091258 / lib_ip.py:4090] len(Hs) = 8100, len(Ss) = 8100, len(Vs) = 8100
[20181111_091256 / lib_ip.py:2273] inspecting ===> img.20181111_091252.2018-11-10_14-42-05_000.jpg.4.png
img.20181111_091252.2018-11-10_14-42-05_000.jpg.1.png => other
img.20181111_091252.2018-11-10_14-42-05_000.jpg.2.png => other
img.20181111_091252.2018-11-10_14-42-05_000.jpg.3.png => other
img.20181111_091252.2018-11-10_14-42-05_000.jpg.4.png => other
[20181111_091258 lib_ip.py:3300] =============== Get 4 corners
dpath_Images = C:\WORKS_2\WS\WS_Others.Art\JVEMV6\46_art\VIRTUAL\Admin_Projects\ip\images
fname_Image = img.20181111_091252.2018-11-10_14-42-05_000.jpg.4.png

[20181111_091259 / lib_ip.py:2273] inspecting ===> img.20181111_091259.2018-11-10_14-42-29_000.jpg.1.png
[20181111_091300 / lib_ip.py:4331] 
img.20181111_091259.2018-11-10_14-42-29_000.jpg.1.png 0 ---------------------
[20181111_091300 / lib_ip.py:3794] file = img.20181111_091259.2018-11-10_14-42-29_000.jpg.1.png / val_Average = 105.8686	val_Variance = 1.3702	sd = 1.1705	max = 114	min = 98
[20181111_091300 / lib_ip.py:3877] len(Hs) = 8100, len(Ss) = 8100, len(Vs) = 8100
[20181111_091300 / lib_ip.py:3910] yellow : variance --> out of range (variance = 1.370 / upper = 0.650 / lower = 0.000)
[20181111_091301 / lib_ip.py:3794] file = img.20181111_091259.2018-11-10_14-42-29_000.jpg.1.png / val_Average = 105.8686	val_Variance = 1.3702	sd = 1.1705	max = 114	min = 98
[20181111_091301 / lib_ip.py:3977] len(Hs) = 8100, len(Ss) = 8100, len(Vs) = 8100
[20181111_091301 / lib_ip.py:4023] red : variance --> out of range (variance = 1.370 / upper = 0.430 / lower = 0.000)
[20181111_091301 / lib_ip.py:3794] file = img.20181111_091259.2018-11-10_14-42-29_000.jpg.1.png / val_Average = 105.8686	val_Variance = 1.3702	sd = 1.1705	max = 114	min = 98
[20181111_091301 / lib_ip.py:4090] len(Hs) = 8100, len(Ss) = 8100, len(Vs) = 8100
[20181111_091301 / lib_ip.py:4137] green : variance --> out of range (variance = 1.370 / upper = 0.760 / lower = 0.000)
[20181111_091301 / lib_ip.py:3794] file = img.20181111_091259.2018-11-10_14-42-29_000.jpg.1.png / val_Average = 105.8686	val_Variance = 1.3702	sd = 1.1705	max = 114	min = 98
[20181111_091301 / lib_ip.py:4204] len(Hs) = 8100, len(Ss) = 8100, len(Vs) = 8100
[20181111_091301 / lib_ip.py:4248] black : variance --> out of range (variance = 1.370 / upper = 0.000 / lower = 0.000)
[20181111_091301 / lib_ip.py:4399] file : img.20181111_091259.2018-11-10_14-42-29_000.jpg.1.png 0 (black : variance --> out of range (variance = 1.370 / upper = 0.000 / lower = 0.000))
[20181111_091301 / lib_ip.py:2273] inspecting ===> img.20181111_091259.2018-11-10_14-42-29_000.jpg.2.png
[20181111_091302 / lib_ip.py:4331] 
img.20181111_091259.2018-11-10_14-42-29_000.jpg.2.png 1 ---------------------
[20181111_091302 / lib_ip.py:3794] file = img.20181111_091259.2018-11-10_14-42-29_000.jpg.2.png / val_Average = 105.0353	val_Variance = 1.6968	sd = 1.3026	max = 109	min = 101
[20181111_091302 / lib_ip.py:3877] len(Hs) = 8100, len(Ss) = 8100, len(Vs) = 8100
[20181111_091302 / lib_ip.py:3910] yellow : variance --> out of range (variance = 1.697 / upper = 0.650 / lower = 0.000)
[20181111_091302 / lib_ip.py:3794] file = img.20181111_091259.2018-11-10_14-42-29_000.jpg.2.png / val_Average = 105.0353	val_Variance = 1.6968	sd = 1.3026	max = 109	min = 101
[20181111_091302 / lib_ip.py:3977] len(Hs) = 8100, len(Ss) = 8100, len(Vs) = 8100
[20181111_091302 / lib_ip.py:4023] red : variance --> out of range (variance = 1.697 / upper = 0.430 / lower = 0.000)
[20181111_091302 / lib_ip.py:3794] file = img.20181111_091259.2018-11-10_14-42-29_000.jpg.2.png / val_Average = 105.0353	val_Variance = 1.6968	sd = 1.3026	max = 109	min = 101
[20181111_091303 / lib_ip.py:4090] len(Hs) = 8100, len(Ss) = 8100, len(Vs) = 8100
[20181111_091303 / lib_ip.py:4137] green : variance --> out of range (variance = 1.697 / upper = 0.760 / lower = 0.000)
[20181111_091303 / lib_ip.py:3794] file = img.20181111_091259.2018-11-10_14-42-29_000.jpg.2.png / val_Average = 105.0353	val_Variance = 1.6968	sd = 1.3026	max = 109	min = 101
[20181111_091303 / lib_ip.py:4204] len(Hs) = 8100, len(Ss) = 8100, len(Vs) = 8100
[20181111_091303 / lib_ip.py:4248] black : variance --> out of range (variance = 1.697 / upper = 0.000 / lower = 0.000)
[20181111_091303 / lib_ip.py:4399] file : img.20181111_091259.2018-11-10_14-42-29_000.jpg.2.png 1 (black : variance --> out of range (variance = 1.697 / upper = 0.000 / lower = 0.000))
[20181111_091303 / lib_ip.py:2273] inspecting ===> img.20181111_091259.2018-11-10_14-42-29_000.jpg.3.png
[20181111_091304 / lib_ip.py:4331] 
img.20181111_091259.2018-11-10_14-42-29_000.jpg.3.png 2 ---------------------
[20181111_091304 / lib_ip.py:3794] file = img.20181111_091259.2018-11-10_14-42-29_000.jpg.3.png / val_Average = 119.7615	val_Variance = 0.1898	sd = 0.4356	max = 121	min = 119
[20181111_091304 / lib_ip.py:3877] len(Hs) = 8100, len(Ss) = 8100, len(Vs) = 8100
[20181111_091304 / lib_ip.py:3932] yellow : average --> out of range (average = 119.761 / upper = 99.200 / lower = 88.000)
[20181111_091304 / lib_ip.py:3794] file = img.20181111_091259.2018-11-10_14-42-29_000.jpg.3.png / val_Average = 119.7615	val_Variance = 0.1898	sd = 0.4356	max = 121	min = 119
[20181111_091304 / lib_ip.py:3977] len(Hs) = 8100, len(Ss) = 8100, len(Vs) = 8100
[20181111_091304 / lib_ip.py:2273] inspecting ===> img.20181111_091259.2018-11-10_14-42-29_000.jpg.4.png
[20181111_091305 / lib_ip.py:4331] 
img.20181111_091259.2018-11-10_14-42-29_000.jpg.4.png 3 ---------------------
[20181111_091305 / lib_ip.py:3794] file = img.20181111_091259.2018-11-10_14-42-29_000.jpg.4.png / val_Average = 77.0356	val_Variance = 0.0740	sd = 0.2721	max = 78	min = 76
[20181111_091305 / lib_ip.py:3877] len(Hs) = 8100, len(Ss) = 8100, len(Vs) = 8100
[20181111_091305 / lib_ip.py:3932] yellow : average --> out of range (average = 77.036 / upper = 99.200 / lower = 88.000)
[20181111_091305 / lib_ip.py:3794] file = img.20181111_091259.2018-11-10_14-42-29_000.jpg.4.png / val_Average = 77.0356	val_Variance = 0.0740	sd = 0.2721	max = 78	min = 76
[20181111_091305 / lib_ip.py:3977] len(Hs) = 8100, len(Ss) = 8100, len(Vs) = 8100
[20181111_091306 / lib_ip.py:4048] red : average --> out of range (average = 77.036 / upper = 124.000 / lower = 115.000)
[20181111_091306 / lib_ip.py:3794] file = img.20181111_091259.2018-11-10_14-42-29_000.jpg.4.png / val_Average = 77.0356	val_Variance = 0.0740	sd = 0.2721	max = 78	min = 76
[20181111_091306 / lib_ip.py:4090] len(Hs) = 8100, len(Ss) = 8100, len(Vs) = 8100
[20181111_091304 / lib_ip.py:2273] inspecting ===> img.20181111_091259.2018-11-10_14-42-29_000.jpg.4.png
img.20181111_091259.2018-11-10_14-42-29_000.jpg.1.png => other
img.20181111_091259.2018-11-10_14-42-29_000.jpg.2.png => other
img.20181111_091259.2018-11-10_14-42-29_000.jpg.3.png => other
img.20181111_091259.2018-11-10_14-42-29_000.jpg.4.png => other
[20181111_091306 lib_ip.py:3300] =============== Get 4 corners
dpath_Images = C:\WORKS_2\WS\WS_Others.Art\JVEMV6\46_art\VIRTUAL\Admin_Projects\ip\images
fname_Image = img.20181111_091259.2018-11-10_14-42-29_000.jpg.4.png

[20181111_091308 / lib_ip.py:2273] inspecting ===> img.20181111_091307.2018-11-10_14-42-46_000.jpg.1.png
[20181111_091308 / lib_ip.py:4331] 
img.20181111_091307.2018-11-10_14-42-46_000.jpg.1.png 0 ---------------------
[20181111_091309 / lib_ip.py:3794] file = img.20181111_091307.2018-11-10_14-42-46_000.jpg.1.png / val_Average = 119.8094	val_Variance = 0.1837	sd = 0.4286	max = 121	min = 119
[20181111_091309 / lib_ip.py:3877] len(Hs) = 8100, len(Ss) = 8100, len(Vs) = 8100
[20181111_091309 / lib_ip.py:3932] yellow : average --> out of range (average = 119.809 / upper = 99.200 / lower = 88.000)
[20181111_091309 / lib_ip.py:3794] file = img.20181111_091307.2018-11-10_14-42-46_000.jpg.1.png / val_Average = 119.8094	val_Variance = 0.1837	sd = 0.4286	max = 121	min = 119
[20181111_091309 / lib_ip.py:3977] len(Hs) = 8100, len(Ss) = 8100, len(Vs) = 8100
[20181111_091309 / lib_ip.py:2273] inspecting ===> img.20181111_091307.2018-11-10_14-42-46_000.jpg.2.png
[20181111_091310 / lib_ip.py:4331] 
img.20181111_091307.2018-11-10_14-42-46_000.jpg.2.png 1 ---------------------
[20181111_091310 / lib_ip.py:3794] file = img.20181111_091307.2018-11-10_14-42-46_000.jpg.2.png / val_Average = 116.5888	val_Variance = 24.3515	sd = 4.9347	max = 131	min = 106
[20181111_091311 / lib_ip.py:3877] len(Hs) = 8100, len(Ss) = 8100, len(Vs) = 8100
[20181111_091311 / lib_ip.py:3910] yellow : variance --> out of range (variance = 24.352 / upper = 0.650 / lower = 0.000)
[20181111_091311 / lib_ip.py:3794] file = img.20181111_091307.2018-11-10_14-42-46_000.jpg.2.png / val_Average = 116.5888	val_Variance = 24.3515	sd = 4.9347	max = 131	min = 106
[20181111_091311 / lib_ip.py:3977] len(Hs) = 8100, len(Ss) = 8100, len(Vs) = 8100
[20181111_091311 / lib_ip.py:4023] red : variance --> out of range (variance = 24.352 / upper = 0.430 / lower = 0.000)
[20181111_091311 / lib_ip.py:3794] file = img.20181111_091307.2018-11-10_14-42-46_000.jpg.2.png / val_Average = 116.5888	val_Variance = 24.3515	sd = 4.9347	max = 131	min = 106
[20181111_091311 / lib_ip.py:4090] len(Hs) = 8100, len(Ss) = 8100, len(Vs) = 8100
[20181111_091311 / lib_ip.py:4137] green : variance --> out of range (variance = 24.352 / upper = 0.760 / lower = 0.000)
[20181111_091312 / lib_ip.py:3794] file = img.20181111_091307.2018-11-10_14-42-46_000.jpg.2.png / val_Average = 116.5888	val_Variance = 24.3515	sd = 4.9347	max = 131	min = 106
[20181111_091312 / lib_ip.py:4204] len(Hs) = 8100, len(Ss) = 8100, len(Vs) = 8100
[20181111_091312 / lib_ip.py:4248] black : variance --> out of range (variance = 24.352 / upper = 0.000 / lower = 0.000)
[20181111_091312 / lib_ip.py:4399] file : img.20181111_091307.2018-11-10_14-42-46_000.jpg.2.png 1 (black : variance --> out of range (variance = 24.352 / upper = 0.000 / lower = 0.000))
[20181111_091312 / lib_ip.py:2273] inspecting ===> img.20181111_091307.2018-11-10_14-42-46_000.jpg.3.png
[20181111_091313 / lib_ip.py:4331] 
img.20181111_091307.2018-11-10_14-42-46_000.jpg.3.png 2 ---------------------
[20181111_091313 / lib_ip.py:3794] file = img.20181111_091307.2018-11-10_14-42-46_000.jpg.3.png / val_Average = 76.3499	val_Variance = 0.2292	sd = 0.4787	max = 77	min = 75
[20181111_091313 / lib_ip.py:3877] len(Hs) = 8100, len(Ss) = 8100, len(Vs) = 8100
[20181111_091313 / lib_ip.py:3932] yellow : average --> out of range (average = 76.350 / upper = 99.200 / lower = 88.000)
[20181111_091313 / lib_ip.py:3794] file = img.20181111_091307.2018-11-10_14-42-46_000.jpg.3.png / val_Average = 76.3499	val_Variance = 0.2292	sd = 0.4787	max = 77	min = 75
[20181111_091313 / lib_ip.py:3977] len(Hs) = 8100, len(Ss) = 8100, len(Vs) = 8100
[20181111_091314 / lib_ip.py:4048] red : average --> out of range (average = 76.350 / upper = 124.000 / lower = 115.000)
[20181111_091314 / lib_ip.py:3794] file = img.20181111_091307.2018-11-10_14-42-46_000.jpg.3.png / val_Average = 76.3499	val_Variance = 0.2292	sd = 0.4787	max = 77	min = 75
[20181111_091314 / lib_ip.py:4090] len(Hs) = 8100, len(Ss) = 8100, len(Vs) = 8100
[20181111_091314 / lib_ip.py:2273] inspecting ===> img.20181111_091307.2018-11-10_14-42-46_000.jpg.4.png
[20181111_091314 / lib_ip.py:4331] 
img.20181111_091307.2018-11-10_14-42-46_000.jpg.4.png 3 ---------------------
[20181111_091314 / lib_ip.py:3794] file = img.20181111_091307.2018-11-10_14-42-46_000.jpg.4.png / val_Average = 96.6080	val_Variance = 9.1443	sd = 3.0239	max = 114	min = 85
[20181111_091314 / lib_ip.py:3877] len(Hs) = 8100, len(Ss) = 8100, len(Vs) = 8100
[20181111_091314 / lib_ip.py:3910] yellow : variance --> out of range (variance = 9.144 / upper = 0.650 / lower = 0.000)
[20181111_091314 / lib_ip.py:3794] file = img.20181111_091307.2018-11-10_14-42-46_000.jpg.4.png / val_Average = 96.6080	val_Variance = 9.1443	sd = 3.0239	max = 114	min = 85
[20181111_091314 / lib_ip.py:3977] len(Hs) = 8100, len(Ss) = 8100, len(Vs) = 8100
[20181111_091315 / lib_ip.py:4023] red : variance --> out of range (variance = 9.144 / upper = 0.430 / lower = 0.000)
[20181111_091315 / lib_ip.py:3794] file = img.20181111_091307.2018-11-10_14-42-46_000.jpg.4.png / val_Average = 96.6080	val_Variance = 9.1443	sd = 3.0239	max = 114	min = 85
[20181111_091315 / lib_ip.py:4090] len(Hs) = 8100, len(Ss) = 8100, len(Vs) = 8100
[20181111_091315 / lib_ip.py:4137] green : variance --> out of range (variance = 9.144 / upper = 0.760 / lower = 0.000)
[20181111_091315 / lib_ip.py:3794] file = img.20181111_091307.2018-11-10_14-42-46_000.jpg.4.png / val_Average = 96.6080	val_Variance = 9.1443	sd = 3.0239	max = 114	min = 85
[20181111_091315 / lib_ip.py:4204] len(Hs) = 8100, len(Ss) = 8100, len(Vs) = 8100
[20181111_091315 / lib_ip.py:4248] black : variance --> out of range (variance = 9.144 / upper = 0.000 / lower = 0.000)
[20181111_091315 / lib_ip.py:4399] file : img.20181111_091307.2018-11-10_14-42-46_000.jpg.4.png 3 (black : variance --> out of range (variance = 9.144 / upper = 0.000 / lower = 0.000))
[20181111_091314 / lib_ip.py:2273] inspecting ===> img.20181111_091307.2018-11-10_14-42-46_000.jpg.4.png
img.20181111_091307.2018-11-10_14-42-46_000.jpg.1.png => other
img.20181111_091307.2018-11-10_14-42-46_000.jpg.2.png => other
img.20181111_091307.2018-11-10_14-42-46_000.jpg.3.png => other
img.20181111_091307.2018-11-10_14-42-46_000.jpg.4.png => other
[20181111_091315 lib_ip.py:3300] =============== Get 4 corners
dpath_Images = C:\WORKS_2\WS\WS_Others.Art\JVEMV6\46_art\VIRTUAL\Admin_Projects\ip\images
fname_Image = img.20181111_091307.2018-11-10_14-42-46_000.jpg.4.png

[20181111_091317 / lib_ip.py:2273] inspecting ===> img.20181111_091317.2018-11-10_14-57-30_000.jpg.1.png
[20181111_091317 / lib_ip.py:4331] 
img.20181111_091317.2018-11-10_14-57-30_000.jpg.1.png 0 ---------------------
[20181111_091317 / lib_ip.py:3794] file = img.20181111_091317.2018-11-10_14-57-30_000.jpg.1.png / val_Average = 118.2191	val_Variance = 32.0504	sd = 5.6613	max = 136	min = 109
[20181111_091317 / lib_ip.py:3877] len(Hs) = 8100, len(Ss) = 8100, len(Vs) = 8100
[20181111_091317 / lib_ip.py:3910] yellow : variance --> out of range (variance = 32.050 / upper = 0.650 / lower = 0.000)
[20181111_091317 / lib_ip.py:3794] file = img.20181111_091317.2018-11-10_14-57-30_000.jpg.1.png / val_Average = 118.2191	val_Variance = 32.0504	sd = 5.6613	max = 136	min = 109
[20181111_091317 / lib_ip.py:3977] len(Hs) = 8100, len(Ss) = 8100, len(Vs) = 8100
[20181111_091318 / lib_ip.py:4023] red : variance --> out of range (variance = 32.050 / upper = 0.430 / lower = 0.000)
[20181111_091318 / lib_ip.py:3794] file = img.20181111_091317.2018-11-10_14-57-30_000.jpg.1.png / val_Average = 118.2191	val_Variance = 32.0504	sd = 5.6613	max = 136	min = 109
[20181111_091318 / lib_ip.py:4090] len(Hs) = 8100, len(Ss) = 8100, len(Vs) = 8100
[20181111_091318 / lib_ip.py:4137] green : variance --> out of range (variance = 32.050 / upper = 0.760 / lower = 0.000)
[20181111_091318 / lib_ip.py:3794] file = img.20181111_091317.2018-11-10_14-57-30_000.jpg.1.png / val_Average = 118.2191	val_Variance = 32.0504	sd = 5.6613	max = 136	min = 109
[20181111_091318 / lib_ip.py:4204] len(Hs) = 8100, len(Ss) = 8100, len(Vs) = 8100
[20181111_091318 / lib_ip.py:4248] black : variance --> out of range (variance = 32.050 / upper = 0.000 / lower = 0.000)
[20181111_091318 / lib_ip.py:4399] file : img.20181111_091317.2018-11-10_14-57-30_000.jpg.1.png 0 (black : variance --> out of range (variance = 32.050 / upper = 0.000 / lower = 0.000))
[20181111_091318 / lib_ip.py:2273] inspecting ===> img.20181111_091317.2018-11-10_14-57-30_000.jpg.2.png
[20181111_091318 / lib_ip.py:4331] 
img.20181111_091317.2018-11-10_14-57-30_000.jpg.2.png 1 ---------------------
[20181111_091318 / lib_ip.py:3794] file = img.20181111_091317.2018-11-10_14-57-30_000.jpg.2.png / val_Average = 100.0077	val_Variance = 352.5434	sd = 18.7761	max = 160	min = 0
[20181111_091318 / lib_ip.py:3877] len(Hs) = 8100, len(Ss) = 8100, len(Vs) = 8100
[20181111_091319 / lib_ip.py:3910] yellow : variance --> out of range (variance = 352.543 / upper = 0.650 / lower = 0.000)
[20181111_091319 / lib_ip.py:3794] file = img.20181111_091317.2018-11-10_14-57-30_000.jpg.2.png / val_Average = 100.0077	val_Variance = 352.5434	sd = 18.7761	max = 160	min = 0
[20181111_091319 / lib_ip.py:3977] len(Hs) = 8100, len(Ss) = 8100, len(Vs) = 8100
[20181111_091319 / lib_ip.py:4023] red : variance --> out of range (variance = 352.543 / upper = 0.430 / lower = 0.000)
[20181111_091319 / lib_ip.py:3794] file = img.20181111_091317.2018-11-10_14-57-30_000.jpg.2.png / val_Average = 100.0077	val_Variance = 352.5434	sd = 18.7761	max = 160	min = 0
[20181111_091319 / lib_ip.py:4090] len(Hs) = 8100, len(Ss) = 8100, len(Vs) = 8100
[20181111_091319 / lib_ip.py:4137] green : variance --> out of range (variance = 352.543 / upper = 0.760 / lower = 0.000)
[20181111_091319 / lib_ip.py:3794] file = img.20181111_091317.2018-11-10_14-57-30_000.jpg.2.png / val_Average = 100.0077	val_Variance = 352.5434	sd = 18.7761	max = 160	min = 0
[20181111_091319 / lib_ip.py:4204] len(Hs) = 8100, len(Ss) = 8100, len(Vs) = 8100
[20181111_091319 / lib_ip.py:4248] black : variance --> out of range (variance = 352.543 / upper = 0.000 / lower = 0.000)
[20181111_091319 / lib_ip.py:4399] file : img.20181111_091317.2018-11-10_14-57-30_000.jpg.2.png 1 (black : variance --> out of range (variance = 352.543 / upper = 0.000 / lower = 0.000))
[20181111_091319 / lib_ip.py:2273] inspecting ===> img.20181111_091317.2018-11-10_14-57-30_000.jpg.3.png
[20181111_091319 / lib_ip.py:4331] 
img.20181111_091317.2018-11-10_14-57-30_000.jpg.3.png 2 ---------------------
[20181111_091319 / lib_ip.py:3794] file = img.20181111_091317.2018-11-10_14-57-30_000.jpg.3.png / val_Average = 74.8925	val_Variance = 0.1024	sd = 0.3200	max = 76	min = 74
[20181111_091319 / lib_ip.py:3877] len(Hs) = 8100, len(Ss) = 8100, len(Vs) = 8100
[20181111_091320 / lib_ip.py:3932] yellow : average --> out of range (average = 74.892 / upper = 99.200 / lower = 88.000)
[20181111_091320 / lib_ip.py:3794] file = img.20181111_091317.2018-11-10_14-57-30_000.jpg.3.png / val_Average = 74.8925	val_Variance = 0.1024	sd = 0.3200	max = 76	min = 74
[20181111_091320 / lib_ip.py:3977] len(Hs) = 8100, len(Ss) = 8100, len(Vs) = 8100
[20181111_091320 / lib_ip.py:4048] red : average --> out of range (average = 74.892 / upper = 124.000 / lower = 115.000)
[20181111_091320 / lib_ip.py:3794] file = img.20181111_091317.2018-11-10_14-57-30_000.jpg.3.png / val_Average = 74.8925	val_Variance = 0.1024	sd = 0.3200	max = 76	min = 74
[20181111_091320 / lib_ip.py:4090] len(Hs) = 8100, len(Ss) = 8100, len(Vs) = 8100
[20181111_091320 / lib_ip.py:2273] inspecting ===> img.20181111_091317.2018-11-10_14-57-30_000.jpg.4.png
[20181111_091320 / lib_ip.py:4331] 
img.20181111_091317.2018-11-10_14-57-30_000.jpg.4.png 3 ---------------------
[20181111_091320 / lib_ip.py:3794] file = img.20181111_091317.2018-11-10_14-57-30_000.jpg.4.png / val_Average = 74.7504	val_Variance = 0.1881	sd = 0.4337	max = 76	min = 74
[20181111_091320 / lib_ip.py:3877] len(Hs) = 8100, len(Ss) = 8100, len(Vs) = 8100
[20181111_091320 / lib_ip.py:3932] yellow : average --> out of range (average = 74.750 / upper = 99.200 / lower = 88.000)
[20181111_091320 / lib_ip.py:3794] file = img.20181111_091317.2018-11-10_14-57-30_000.jpg.4.png / val_Average = 74.7504	val_Variance = 0.1881	sd = 0.4337	max = 76	min = 74
[20181111_091320 / lib_ip.py:3977] len(Hs) = 8100, len(Ss) = 8100, len(Vs) = 8100
[20181111_091320 / lib_ip.py:4048] red : average --> out of range (average = 74.750 / upper = 124.000 / lower = 115.000)
[20181111_091320 / lib_ip.py:3794] file = img.20181111_091317.2018-11-10_14-57-30_000.jpg.4.png / val_Average = 74.7504	val_Variance = 0.1881	sd = 0.4337	max = 76	min = 74
[20181111_091320 / lib_ip.py:4090] len(Hs) = 8100, len(Ss) = 8100, len(Vs) = 8100
[20181111_091320 / lib_ip.py:2273] inspecting ===> img.20181111_091317.2018-11-10_14-57-30_000.jpg.4.png
img.20181111_091317.2018-11-10_14-57-30_000.jpg.1.png => other
img.20181111_091317.2018-11-10_14-57-30_000.jpg.2.png => other
img.20181111_091317.2018-11-10_14-57-30_000.jpg.3.png => other
img.20181111_091317.2018-11-10_14-57-30_000.jpg.4.png => other
[20181111_091320 lib_ip.py:3300] =============== Get 4 corners
dpath_Images = C:\WORKS_2\WS\WS_Others.Art\JVEMV6\46_art\VIRTUAL\Admin_Projects\ip\images
fname_Image = img.20181111_091317.2018-11-10_14-57-30_000.jpg.4.png

[20181111_091322 / lib_ip.py:2273] inspecting ===> img.20181111_091322.2018-11-10_15-36-59_000.jpg.1.png
[20181111_091322 / lib_ip.py:4331] 
img.20181111_091322.2018-11-10_15-36-59_000.jpg.1.png 0 ---------------------
[20181111_091322 / lib_ip.py:3794] file = img.20181111_091322.2018-11-10_15-36-59_000.jpg.1.png / val_Average = 75.8048	val_Variance = 0.1820	sd = 0.4266	max = 77	min = 75
[20181111_091322 / lib_ip.py:3877] len(Hs) = 8100, len(Ss) = 8100, len(Vs) = 8100
[20181111_091322 / lib_ip.py:3932] yellow : average --> out of range (average = 75.805 / upper = 99.200 / lower = 88.000)
[20181111_091323 / lib_ip.py:3794] file = img.20181111_091322.2018-11-10_15-36-59_000.jpg.1.png / val_Average = 75.8048	val_Variance = 0.1820	sd = 0.4266	max = 77	min = 75
[20181111_091323 / lib_ip.py:3977] len(Hs) = 8100, len(Ss) = 8100, len(Vs) = 8100
[20181111_091323 / lib_ip.py:4048] red : average --> out of range (average = 75.805 / upper = 124.000 / lower = 115.000)
[20181111_091323 / lib_ip.py:3794] file = img.20181111_091322.2018-11-10_15-36-59_000.jpg.1.png / val_Average = 75.8048	val_Variance = 0.1820	sd = 0.4266	max = 77	min = 75
[20181111_091323 / lib_ip.py:4090] len(Hs) = 8100, len(Ss) = 8100, len(Vs) = 8100
[20181111_091323 / lib_ip.py:2273] inspecting ===> img.20181111_091322.2018-11-10_15-36-59_000.jpg.2.png
[20181111_091323 / lib_ip.py:4331] 
img.20181111_091322.2018-11-10_15-36-59_000.jpg.2.png 1 ---------------------
[20181111_091323 / lib_ip.py:3794] file = img.20181111_091322.2018-11-10_15-36-59_000.jpg.2.png / val_Average = 105.3930	val_Variance = 0.5901	sd = 0.7682	max = 108	min = 102
[20181111_091324 / lib_ip.py:3877] len(Hs) = 8100, len(Ss) = 8100, len(Vs) = 8100
[20181111_091324 / lib_ip.py:3932] yellow : average --> out of range (average = 105.393 / upper = 99.200 / lower = 88.000)
[20181111_091324 / lib_ip.py:3794] file = img.20181111_091322.2018-11-10_15-36-59_000.jpg.2.png / val_Average = 105.3930	val_Variance = 0.5901	sd = 0.7682	max = 108	min = 102
[20181111_091324 / lib_ip.py:3977] len(Hs) = 8100, len(Ss) = 8100, len(Vs) = 8100
[20181111_091324 / lib_ip.py:4023] red : variance --> out of range (variance = 0.590 / upper = 0.430 / lower = 0.000)
[20181111_091324 / lib_ip.py:3794] file = img.20181111_091322.2018-11-10_15-36-59_000.jpg.2.png / val_Average = 105.3930	val_Variance = 0.5901	sd = 0.7682	max = 108	min = 102
[20181111_091324 / lib_ip.py:4090] len(Hs) = 8100, len(Ss) = 8100, len(Vs) = 8100
[20181111_091324 / lib_ip.py:4162] green : average --> out of range (average = 105.393 / upper = 83.000 / lower = 58.000)
[20181111_091324 / lib_ip.py:3794] file = img.20181111_091322.2018-11-10_15-36-59_000.jpg.2.png / val_Average = 105.3930	val_Variance = 0.5901	sd = 0.7682	max = 108	min = 102
[20181111_091325 / lib_ip.py:4204] len(Hs) = 8100, len(Ss) = 8100, len(Vs) = 8100
[20181111_091325 / lib_ip.py:4248] black : variance --> out of range (variance = 0.590 / upper = 0.000 / lower = 0.000)
[20181111_091325 / lib_ip.py:4399] file : img.20181111_091322.2018-11-10_15-36-59_000.jpg.2.png 1 (black : variance --> out of range (variance = 0.590 / upper = 0.000 / lower = 0.000))
[20181111_091325 / lib_ip.py:2273] inspecting ===> img.20181111_091322.2018-11-10_15-36-59_000.jpg.3.png
[20181111_091325 / lib_ip.py:4331] 
img.20181111_091322.2018-11-10_15-36-59_000.jpg.3.png 2 ---------------------
[20181111_091325 / lib_ip.py:3794] file = img.20181111_091322.2018-11-10_15-36-59_000.jpg.3.png / val_Average = 119.7956	val_Variance = 0.1794	sd = 0.4236	max = 121	min = 119
[20181111_091325 / lib_ip.py:3877] len(Hs) = 8100, len(Ss) = 8100, len(Vs) = 8100
[20181111_091325 / lib_ip.py:3932] yellow : average --> out of range (average = 119.796 / upper = 99.200 / lower = 88.000)
[20181111_091325 / lib_ip.py:3794] file = img.20181111_091322.2018-11-10_15-36-59_000.jpg.3.png / val_Average = 119.7956	val_Variance = 0.1794	sd = 0.4236	max = 121	min = 119
[20181111_091325 / lib_ip.py:3977] len(Hs) = 8100, len(Ss) = 8100, len(Vs) = 8100
[20181111_091326 / lib_ip.py:2273] inspecting ===> img.20181111_091322.2018-11-10_15-36-59_000.jpg.4.png
[20181111_091326 / lib_ip.py:4331] 
img.20181111_091322.2018-11-10_15-36-59_000.jpg.4.png 3 ---------------------
[20181111_091327 / lib_ip.py:3794] file = img.20181111_091322.2018-11-10_15-36-59_000.jpg.4.png / val_Average = 93.0242	val_Variance = 546.2192	sd = 23.3713	max = 174	min = 0
[20181111_091327 / lib_ip.py:3877] len(Hs) = 8100, len(Ss) = 8100, len(Vs) = 8100
[20181111_091327 / lib_ip.py:3910] yellow : variance --> out of range (variance = 546.219 / upper = 0.650 / lower = 0.000)
[20181111_091327 / lib_ip.py:3794] file = img.20181111_091322.2018-11-10_15-36-59_000.jpg.4.png / val_Average = 93.0242	val_Variance = 546.2192	sd = 23.3713	max = 174	min = 0
[20181111_091327 / lib_ip.py:3977] len(Hs) = 8100, len(Ss) = 8100, len(Vs) = 8100
[20181111_091327 / lib_ip.py:4023] red : variance --> out of range (variance = 546.219 / upper = 0.430 / lower = 0.000)
[20181111_091327 / lib_ip.py:3794] file = img.20181111_091322.2018-11-10_15-36-59_000.jpg.4.png / val_Average = 93.0242	val_Variance = 546.2192	sd = 23.3713	max = 174	min = 0
[20181111_091328 / lib_ip.py:4090] len(Hs) = 8100, len(Ss) = 8100, len(Vs) = 8100
[20181111_091328 / lib_ip.py:4137] green : variance --> out of range (variance = 546.219 / upper = 0.760 / lower = 0.000)
[20181111_091328 / lib_ip.py:3794] file = img.20181111_091322.2018-11-10_15-36-59_000.jpg.4.png / val_Average = 93.0242	val_Variance = 546.2192	sd = 23.3713	max = 174	min = 0
[20181111_091328 / lib_ip.py:4204] len(Hs) = 8100, len(Ss) = 8100, len(Vs) = 8100
[20181111_091328 / lib_ip.py:4248] black : variance --> out of range (variance = 546.219 / upper = 0.000 / lower = 0.000)
[20181111_091328 / lib_ip.py:4399] file : img.20181111_091322.2018-11-10_15-36-59_000.jpg.4.png 3 (black : variance --> out of range (variance = 546.219 / upper = 0.000 / lower = 0.000))
[20181111_091326 / lib_ip.py:2273] inspecting ===> img.20181111_091322.2018-11-10_15-36-59_000.jpg.4.png
img.20181111_091322.2018-11-10_15-36-59_000.jpg.1.png => other
img.20181111_091322.2018-11-10_15-36-59_000.jpg.2.png => other
img.20181111_091322.2018-11-10_15-36-59_000.jpg.3.png => other
img.20181111_091322.2018-11-10_15-36-59_000.jpg.4.png => other
[20181111_091328 lib_ip.py:3300] =============== Get 4 corners
dpath_Images = C:\WORKS_2\WS\WS_Others.Art\JVEMV6\46_art\VIRTUAL\Admin_Projects\ip\images
fname_Image = img.20181111_091322.2018-11-10_15-36-59_000.jpg.4.png

[20181111_091330 / lib_ip.py:2273] inspecting ===> img.20181111_091329.2018-11-10_17-59-07_000.jpg.1.png
[20181111_091330 / lib_ip.py:4331] 
img.20181111_091329.2018-11-10_17-59-07_000.jpg.1.png 0 ---------------------
[20181111_091330 / lib_ip.py:3794] file = img.20181111_091329.2018-11-10_17-59-07_000.jpg.1.png / val_Average = 78.0221	val_Variance = 0.3273	sd = 0.5721	max = 79	min = 75
[20181111_091330 / lib_ip.py:3877] len(Hs) = 8100, len(Ss) = 8100, len(Vs) = 8100
[20181111_091330 / lib_ip.py:3932] yellow : average --> out of range (average = 78.022 / upper = 99.200 / lower = 88.000)
[20181111_091331 / lib_ip.py:3794] file = img.20181111_091329.2018-11-10_17-59-07_000.jpg.1.png / val_Average = 78.0221	val_Variance = 0.3273	sd = 0.5721	max = 79	min = 75
[20181111_091331 / lib_ip.py:3977] len(Hs) = 8100, len(Ss) = 8100, len(Vs) = 8100
[20181111_091331 / lib_ip.py:4048] red : average --> out of range (average = 78.022 / upper = 124.000 / lower = 115.000)
[20181111_091331 / lib_ip.py:3794] file = img.20181111_091329.2018-11-10_17-59-07_000.jpg.1.png / val_Average = 78.0221	val_Variance = 0.3273	sd = 0.5721	max = 79	min = 75
[20181111_091331 / lib_ip.py:4090] len(Hs) = 8100, len(Ss) = 8100, len(Vs) = 8100
[20181111_091331 / lib_ip.py:2273] inspecting ===> img.20181111_091329.2018-11-10_17-59-07_000.jpg.2.png
[20181111_091331 / lib_ip.py:4331] 
img.20181111_091329.2018-11-10_17-59-07_000.jpg.2.png 1 ---------------------
[20181111_091331 / lib_ip.py:3794] file = img.20181111_091329.2018-11-10_17-59-07_000.jpg.2.png / val_Average = 108.4084	val_Variance = 4.0463	sd = 2.0115	max = 123	min = 99
[20181111_091332 / lib_ip.py:3877] len(Hs) = 8100, len(Ss) = 8100, len(Vs) = 8100
[20181111_091332 / lib_ip.py:3910] yellow : variance --> out of range (variance = 4.046 / upper = 0.650 / lower = 0.000)
[20181111_091332 / lib_ip.py:3794] file = img.20181111_091329.2018-11-10_17-59-07_000.jpg.2.png / val_Average = 108.4084	val_Variance = 4.0463	sd = 2.0115	max = 123	min = 99
[20181111_091332 / lib_ip.py:3977] len(Hs) = 8100, len(Ss) = 8100, len(Vs) = 8100
[20181111_091332 / lib_ip.py:4023] red : variance --> out of range (variance = 4.046 / upper = 0.430 / lower = 0.000)
[20181111_091332 / lib_ip.py:3794] file = img.20181111_091329.2018-11-10_17-59-07_000.jpg.2.png / val_Average = 108.4084	val_Variance = 4.0463	sd = 2.0115	max = 123	min = 99
[20181111_091332 / lib_ip.py:4090] len(Hs) = 8100, len(Ss) = 8100, len(Vs) = 8100
[20181111_091332 / lib_ip.py:4137] green : variance --> out of range (variance = 4.046 / upper = 0.760 / lower = 0.000)
[20181111_091332 / lib_ip.py:3794] file = img.20181111_091329.2018-11-10_17-59-07_000.jpg.2.png / val_Average = 108.4084	val_Variance = 4.0463	sd = 2.0115	max = 123	min = 99
[20181111_091332 / lib_ip.py:4204] len(Hs) = 8100, len(Ss) = 8100, len(Vs) = 8100
[20181111_091332 / lib_ip.py:4248] black : variance --> out of range (variance = 4.046 / upper = 0.000 / lower = 0.000)
[20181111_091332 / lib_ip.py:4399] file : img.20181111_091329.2018-11-10_17-59-07_000.jpg.2.png 1 (black : variance --> out of range (variance = 4.046 / upper = 0.000 / lower = 0.000))
[20181111_091332 / lib_ip.py:2273] inspecting ===> img.20181111_091329.2018-11-10_17-59-07_000.jpg.3.png
[20181111_091333 / lib_ip.py:4331] 
img.20181111_091329.2018-11-10_17-59-07_000.jpg.3.png 2 ---------------------
[20181111_091333 / lib_ip.py:3794] file = img.20181111_091329.2018-11-10_17-59-07_000.jpg.3.png / val_Average = 120.0644	val_Variance = 0.0845	sd = 0.2907	max = 121	min = 119
[20181111_091333 / lib_ip.py:3877] len(Hs) = 8100, len(Ss) = 8100, len(Vs) = 8100
[20181111_091333 / lib_ip.py:3932] yellow : average --> out of range (average = 120.064 / upper = 99.200 / lower = 88.000)
[20181111_091333 / lib_ip.py:3794] file = img.20181111_091329.2018-11-10_17-59-07_000.jpg.3.png / val_Average = 120.0644	val_Variance = 0.0845	sd = 0.2907	max = 121	min = 119
[20181111_091333 / lib_ip.py:3977] len(Hs) = 8100, len(Ss) = 8100, len(Vs) = 8100
[20181111_091333 / lib_ip.py:2273] inspecting ===> img.20181111_091329.2018-11-10_17-59-07_000.jpg.4.png
[20181111_091334 / lib_ip.py:4331] 
img.20181111_091329.2018-11-10_17-59-07_000.jpg.4.png 3 ---------------------
[20181111_091334 / lib_ip.py:3794] file = img.20181111_091329.2018-11-10_17-59-07_000.jpg.4.png / val_Average = 108.9869	val_Variance = 6.5235	sd = 2.5541	max = 115	min = 99
[20181111_091334 / lib_ip.py:3877] len(Hs) = 8100, len(Ss) = 8100, len(Vs) = 8100
[20181111_091334 / lib_ip.py:3910] yellow : variance --> out of range (variance = 6.524 / upper = 0.650 / lower = 0.000)
[20181111_091334 / lib_ip.py:3794] file = img.20181111_091329.2018-11-10_17-59-07_000.jpg.4.png / val_Average = 108.9869	val_Variance = 6.5235	sd = 2.5541	max = 115	min = 99
[20181111_091334 / lib_ip.py:3977] len(Hs) = 8100, len(Ss) = 8100, len(Vs) = 8100
[20181111_091334 / lib_ip.py:4023] red : variance --> out of range (variance = 6.524 / upper = 0.430 / lower = 0.000)
[20181111_091334 / lib_ip.py:3794] file = img.20181111_091329.2018-11-10_17-59-07_000.jpg.4.png / val_Average = 108.9869	val_Variance = 6.5235	sd = 2.5541	max = 115	min = 99
[20181111_091334 / lib_ip.py:4090] len(Hs) = 8100, len(Ss) = 8100, len(Vs) = 8100
[20181111_091334 / lib_ip.py:4137] green : variance --> out of range (variance = 6.524 / upper = 0.760 / lower = 0.000)
[20181111_091334 / lib_ip.py:3794] file = img.20181111_091329.2018-11-10_17-59-07_000.jpg.4.png / val_Average = 108.9869	val_Variance = 6.5235	sd = 2.5541	max = 115	min = 99
[20181111_091334 / lib_ip.py:4204] len(Hs) = 8100, len(Ss) = 8100, len(Vs) = 8100
[20181111_091335 / lib_ip.py:4248] black : variance --> out of range (variance = 6.524 / upper = 0.000 / lower = 0.000)
[20181111_091335 / lib_ip.py:4399] file : img.20181111_091329.2018-11-10_17-59-07_000.jpg.4.png 3 (black : variance --> out of range (variance = 6.524 / upper = 0.000 / lower = 0.000))
[20181111_091333 / lib_ip.py:2273] inspecting ===> img.20181111_091329.2018-11-10_17-59-07_000.jpg.4.png
img.20181111_091329.2018-11-10_17-59-07_000.jpg.1.png => other
img.20181111_091329.2018-11-10_17-59-07_000.jpg.2.png => other
img.20181111_091329.2018-11-10_17-59-07_000.jpg.3.png => other
img.20181111_091329.2018-11-10_17-59-07_000.jpg.4.png => other
[20181111_091335 lib_ip.py:3300] =============== Get 4 corners
dpath_Images = C:\WORKS_2\WS\WS_Others.Art\JVEMV6\46_art\VIRTUAL\Admin_Projects\ip\images
fname_Image = img.20181111_091329.2018-11-10_17-59-07_000.jpg.4.png

[20181111_091336 / lib_ip.py:2273] inspecting ===> img.20181111_091335.2018-11-10_19-58-35_000.jpg.1.png
[20181111_091336 / lib_ip.py:4331] 
img.20181111_091335.2018-11-10_19-58-35_000.jpg.1.png 0 ---------------------
[20181111_091336 / lib_ip.py:3794] file = img.20181111_091335.2018-11-10_19-58-35_000.jpg.1.png / val_Average = 60.2706	val_Variance = 2064.9026	sd = 45.4412	max = 135	min = 0
[20181111_091336 / lib_ip.py:3877] len(Hs) = 8100, len(Ss) = 8100, len(Vs) = 8100
[20181111_091336 / lib_ip.py:3910] yellow : variance --> out of range (variance = 2064.903 / upper = 0.650 / lower = 0.000)
[20181111_091336 / lib_ip.py:3794] file = img.20181111_091335.2018-11-10_19-58-35_000.jpg.1.png / val_Average = 60.2706	val_Variance = 2064.9026	sd = 45.4412	max = 135	min = 0
[20181111_091336 / lib_ip.py:3977] len(Hs) = 8100, len(Ss) = 8100, len(Vs) = 8100
[20181111_091337 / lib_ip.py:4023] red : variance --> out of range (variance = 2064.903 / upper = 0.430 / lower = 0.000)
[20181111_091337 / lib_ip.py:3794] file = img.20181111_091335.2018-11-10_19-58-35_000.jpg.1.png / val_Average = 60.2706	val_Variance = 2064.9026	sd = 45.4412	max = 135	min = 0
[20181111_091337 / lib_ip.py:4090] len(Hs) = 8100, len(Ss) = 8100, len(Vs) = 8100
[20181111_091337 / lib_ip.py:4137] green : variance --> out of range (variance = 2064.903 / upper = 0.760 / lower = 0.000)
[20181111_091337 / lib_ip.py:3794] file = img.20181111_091335.2018-11-10_19-58-35_000.jpg.1.png / val_Average = 60.2706	val_Variance = 2064.9026	sd = 45.4412	max = 135	min = 0
[20181111_091337 / lib_ip.py:4204] len(Hs) = 8100, len(Ss) = 8100, len(Vs) = 8100
[20181111_091337 / lib_ip.py:4248] black : variance --> out of range (variance = 2064.903 / upper = 0.000 / lower = 0.000)
[20181111_091337 / lib_ip.py:4399] file : img.20181111_091335.2018-11-10_19-58-35_000.jpg.1.png 0 (black : variance --> out of range (variance = 2064.903 / upper = 0.000 / lower = 0.000))
[20181111_091337 / lib_ip.py:2273] inspecting ===> img.20181111_091335.2018-11-10_19-58-35_000.jpg.2.png
[20181111_091337 / lib_ip.py:4331] 
img.20181111_091335.2018-11-10_19-58-35_000.jpg.2.png 1 ---------------------
[20181111_091337 / lib_ip.py:3794] file = img.20181111_091335.2018-11-10_19-58-35_000.jpg.2.png / val_Average = 83.1851	val_Variance = 961.2612	sd = 31.0042	max = 135	min = 0
[20181111_091337 / lib_ip.py:3877] len(Hs) = 8100, len(Ss) = 8100, len(Vs) = 8100
[20181111_091337 / lib_ip.py:3910] yellow : variance --> out of range (variance = 961.261 / upper = 0.650 / lower = 0.000)
[20181111_091338 / lib_ip.py:3794] file = img.20181111_091335.2018-11-10_19-58-35_000.jpg.2.png / val_Average = 83.1851	val_Variance = 961.2612	sd = 31.0042	max = 135	min = 0
[20181111_091338 / lib_ip.py:3977] len(Hs) = 8100, len(Ss) = 8100, len(Vs) = 8100
[20181111_091338 / lib_ip.py:4023] red : variance --> out of range (variance = 961.261 / upper = 0.430 / lower = 0.000)
[20181111_091338 / lib_ip.py:3794] file = img.20181111_091335.2018-11-10_19-58-35_000.jpg.2.png / val_Average = 83.1851	val_Variance = 961.2612	sd = 31.0042	max = 135	min = 0
[20181111_091338 / lib_ip.py:4090] len(Hs) = 8100, len(Ss) = 8100, len(Vs) = 8100
[20181111_091338 / lib_ip.py:4137] green : variance --> out of range (variance = 961.261 / upper = 0.760 / lower = 0.000)
[20181111_091338 / lib_ip.py:3794] file = img.20181111_091335.2018-11-10_19-58-35_000.jpg.2.png / val_Average = 83.1851	val_Variance = 961.2612	sd = 31.0042	max = 135	min = 0
[20181111_091338 / lib_ip.py:4204] len(Hs) = 8100, len(Ss) = 8100, len(Vs) = 8100
[20181111_091338 / lib_ip.py:4248] black : variance --> out of range (variance = 961.261 / upper = 0.000 / lower = 0.000)
[20181111_091338 / lib_ip.py:4399] file : img.20181111_091335.2018-11-10_19-58-35_000.jpg.2.png 1 (black : variance --> out of range (variance = 961.261 / upper = 0.000 / lower = 0.000))
[20181111_091338 / lib_ip.py:2273] inspecting ===> img.20181111_091335.2018-11-10_19-58-35_000.jpg.3.png
[20181111_091338 / lib_ip.py:4331] 
img.20181111_091335.2018-11-10_19-58-35_000.jpg.3.png 2 ---------------------
[20181111_091338 / lib_ip.py:3794] file = img.20181111_091335.2018-11-10_19-58-35_000.jpg.3.png / val_Average = 73.5247	val_Variance = 1372.4380	sd = 37.0464	max = 160	min = 0
[20181111_091338 / lib_ip.py:3877] len(Hs) = 8100, len(Ss) = 8100, len(Vs) = 8100
[20181111_091338 / lib_ip.py:3910] yellow : variance --> out of range (variance = 1372.438 / upper = 0.650 / lower = 0.000)
[20181111_091339 / lib_ip.py:3794] file = img.20181111_091335.2018-11-10_19-58-35_000.jpg.3.png / val_Average = 73.5247	val_Variance = 1372.4380	sd = 37.0464	max = 160	min = 0
[20181111_091339 / lib_ip.py:3977] len(Hs) = 8100, len(Ss) = 8100, len(Vs) = 8100
[20181111_091339 / lib_ip.py:4023] red : variance --> out of range (variance = 1372.438 / upper = 0.430 / lower = 0.000)
[20181111_091339 / lib_ip.py:3794] file = img.20181111_091335.2018-11-10_19-58-35_000.jpg.3.png / val_Average = 73.5247	val_Variance = 1372.4380	sd = 37.0464	max = 160	min = 0
[20181111_091339 / lib_ip.py:4090] len(Hs) = 8100, len(Ss) = 8100, len(Vs) = 8100
[20181111_091339 / lib_ip.py:4137] green : variance --> out of range (variance = 1372.438 / upper = 0.760 / lower = 0.000)
[20181111_091339 / lib_ip.py:3794] file = img.20181111_091335.2018-11-10_19-58-35_000.jpg.3.png / val_Average = 73.5247	val_Variance = 1372.4380	sd = 37.0464	max = 160	min = 0
[20181111_091339 / lib_ip.py:4204] len(Hs) = 8100, len(Ss) = 8100, len(Vs) = 8100
[20181111_091339 / lib_ip.py:4248] black : variance --> out of range (variance = 1372.438 / upper = 0.000 / lower = 0.000)
[20181111_091339 / lib_ip.py:4399] file : img.20181111_091335.2018-11-10_19-58-35_000.jpg.3.png 2 (black : variance --> out of range (variance = 1372.438 / upper = 0.000 / lower = 0.000))
[20181111_091339 / lib_ip.py:2273] inspecting ===> img.20181111_091335.2018-11-10_19-58-35_000.jpg.4.png
[20181111_091339 / lib_ip.py:4331] 
img.20181111_091335.2018-11-10_19-58-35_000.jpg.4.png 3 ---------------------
[20181111_091339 / lib_ip.py:3794] file = img.20181111_091335.2018-11-10_19-58-35_000.jpg.4.png / val_Average = 93.3451	val_Variance = 0.2260	sd = 0.4754	max = 94	min = 93
[20181111_091339 / lib_ip.py:3877] len(Hs) = 8100, len(Ss) = 8100, len(Vs) = 8100
[20181111_091339 / lib_ip.py:2273] inspecting ===> img.20181111_091335.2018-11-10_19-58-35_000.jpg.4.png
img.20181111_091335.2018-11-10_19-58-35_000.jpg.1.png => other
img.20181111_091335.2018-11-10_19-58-35_000.jpg.2.png => other
img.20181111_091335.2018-11-10_19-58-35_000.jpg.3.png => other
img.20181111_091335.2018-11-10_19-58-35_000.jpg.4.png => yellow
[20181111_091340 lib_ip.py:3300] =============== Get 4 corners
dpath_Images = C:\WORKS_2\WS\WS_Others.Art\JVEMV6\46_art\VIRTUAL\Admin_Projects\ip\images
fname_Image = img.20181111_091335.2018-11-10_19-58-35_000.jpg.4.png

[20181111_091341 / lib_ip.py:2273] inspecting ===> img.20181111_091340.2018-11-10_21-27-32_000.jpg.1.png
[20181111_091341 / lib_ip.py:4331] 
img.20181111_091340.2018-11-10_21-27-32_000.jpg.1.png 0 ---------------------
[20181111_091341 / lib_ip.py:3794] file = img.20181111_091340.2018-11-10_21-27-32_000.jpg.1.png / val_Average = 120.6204	val_Variance = 0.2355	sd = 0.4853	max = 121	min = 120
[20181111_091341 / lib_ip.py:3877] len(Hs) = 8100, len(Ss) = 8100, len(Vs) = 8100
[20181111_091341 / lib_ip.py:3932] yellow : average --> out of range (average = 120.620 / upper = 99.200 / lower = 88.000)
[20181111_091341 / lib_ip.py:3794] file = img.20181111_091340.2018-11-10_21-27-32_000.jpg.1.png / val_Average = 120.6204	val_Variance = 0.2355	sd = 0.4853	max = 121	min = 120
[20181111_091341 / lib_ip.py:3977] len(Hs) = 8100, len(Ss) = 8100, len(Vs) = 8100
[20181111_091341 / lib_ip.py:2273] inspecting ===> img.20181111_091340.2018-11-10_21-27-32_000.jpg.2.png
[20181111_091342 / lib_ip.py:4331] 
img.20181111_091340.2018-11-10_21-27-32_000.jpg.2.png 1 ---------------------
[20181111_091342 / lib_ip.py:3794] file = img.20181111_091340.2018-11-10_21-27-32_000.jpg.2.png / val_Average = 92.6649	val_Variance = 0.2248	sd = 0.4741	max = 94	min = 92
[20181111_091342 / lib_ip.py:3877] len(Hs) = 8100, len(Ss) = 8100, len(Vs) = 8100
[20181111_091343 / lib_ip.py:2273] inspecting ===> img.20181111_091340.2018-11-10_21-27-32_000.jpg.3.png
[20181111_091343 / lib_ip.py:4331] 
img.20181111_091340.2018-11-10_21-27-32_000.jpg.3.png 2 ---------------------
[20181111_091343 / lib_ip.py:3794] file = img.20181111_091340.2018-11-10_21-27-32_000.jpg.3.png / val_Average = 108.5826	val_Variance = 13.3207	sd = 3.6498	max = 117	min = 99
[20181111_091343 / lib_ip.py:3877] len(Hs) = 8100, len(Ss) = 8100, len(Vs) = 8100
[20181111_091343 / lib_ip.py:3910] yellow : variance --> out of range (variance = 13.321 / upper = 0.650 / lower = 0.000)
[20181111_091343 / lib_ip.py:3794] file = img.20181111_091340.2018-11-10_21-27-32_000.jpg.3.png / val_Average = 108.5826	val_Variance = 13.3207	sd = 3.6498	max = 117	min = 99
[20181111_091343 / lib_ip.py:3977] len(Hs) = 8100, len(Ss) = 8100, len(Vs) = 8100
[20181111_091343 / lib_ip.py:4023] red : variance --> out of range (variance = 13.321 / upper = 0.430 / lower = 0.000)
[20181111_091343 / lib_ip.py:3794] file = img.20181111_091340.2018-11-10_21-27-32_000.jpg.3.png / val_Average = 108.5826	val_Variance = 13.3207	sd = 3.6498	max = 117	min = 99
[20181111_091343 / lib_ip.py:4090] len(Hs) = 8100, len(Ss) = 8100, len(Vs) = 8100
[20181111_091343 / lib_ip.py:4137] green : variance --> out of range (variance = 13.321 / upper = 0.760 / lower = 0.000)
[20181111_091343 / lib_ip.py:3794] file = img.20181111_091340.2018-11-10_21-27-32_000.jpg.3.png / val_Average = 108.5826	val_Variance = 13.3207	sd = 3.6498	max = 117	min = 99
[20181111_091343 / lib_ip.py:4204] len(Hs) = 8100, len(Ss) = 8100, len(Vs) = 8100
[20181111_091343 / lib_ip.py:4248] black : variance --> out of range (variance = 13.321 / upper = 0.000 / lower = 0.000)
[20181111_091344 / lib_ip.py:4399] file : img.20181111_091340.2018-11-10_21-27-32_000.jpg.3.png 2 (black : variance --> out of range (variance = 13.321 / upper = 0.000 / lower = 0.000))
[20181111_091344 / lib_ip.py:2273] inspecting ===> img.20181111_091340.2018-11-10_21-27-32_000.jpg.4.png
[20181111_091344 / lib_ip.py:4331] 
img.20181111_091340.2018-11-10_21-27-32_000.jpg.4.png 3 ---------------------
[20181111_091344 / lib_ip.py:3794] file = img.20181111_091340.2018-11-10_21-27-32_000.jpg.4.png / val_Average = 105.2252	val_Variance = 1.4841	sd = 1.2182	max = 109	min = 101
[20181111_091344 / lib_ip.py:3877] len(Hs) = 8100, len(Ss) = 8100, len(Vs) = 8100
[20181111_091344 / lib_ip.py:3910] yellow : variance --> out of range (variance = 1.484 / upper = 0.650 / lower = 0.000)
[20181111_091344 / lib_ip.py:3794] file = img.20181111_091340.2018-11-10_21-27-32_000.jpg.4.png / val_Average = 105.2252	val_Variance = 1.4841	sd = 1.2182	max = 109	min = 101
[20181111_091344 / lib_ip.py:3977] len(Hs) = 8100, len(Ss) = 8100, len(Vs) = 8100
[20181111_091344 / lib_ip.py:4023] red : variance --> out of range (variance = 1.484 / upper = 0.430 / lower = 0.000)
[20181111_091345 / lib_ip.py:3794] file = img.20181111_091340.2018-11-10_21-27-32_000.jpg.4.png / val_Average = 105.2252	val_Variance = 1.4841	sd = 1.2182	max = 109	min = 101
[20181111_091345 / lib_ip.py:4090] len(Hs) = 8100, len(Ss) = 8100, len(Vs) = 8100
[20181111_091345 / lib_ip.py:4137] green : variance --> out of range (variance = 1.484 / upper = 0.760 / lower = 0.000)
[20181111_091345 / lib_ip.py:3794] file = img.20181111_091340.2018-11-10_21-27-32_000.jpg.4.png / val_Average = 105.2252	val_Variance = 1.4841	sd = 1.2182	max = 109	min = 101
[20181111_091345 / lib_ip.py:4204] len(Hs) = 8100, len(Ss) = 8100, len(Vs) = 8100
[20181111_091345 / lib_ip.py:4248] black : variance --> out of range (variance = 1.484 / upper = 0.000 / lower = 0.000)
[20181111_091345 / lib_ip.py:4399] file : img.20181111_091340.2018-11-10_21-27-32_000.jpg.4.png 3 (black : variance --> out of range (variance = 1.484 / upper = 0.000 / lower = 0.000))
[20181111_091344 / lib_ip.py:2273] inspecting ===> img.20181111_091340.2018-11-10_21-27-32_000.jpg.4.png
img.20181111_091340.2018-11-10_21-27-32_000.jpg.1.png => other
img.20181111_091340.2018-11-10_21-27-32_000.jpg.2.png => other
img.20181111_091340.2018-11-10_21-27-32_000.jpg.3.png => other
img.20181111_091340.2018-11-10_21-27-32_000.jpg.4.png => other
[20181111_091345 lib_ip.py:3300] =============== Get 4 corners
dpath_Images = C:\WORKS_2\WS\WS_Others.Art\JVEMV6\46_art\VIRTUAL\Admin_Projects\ip\images
fname_Image = img.20181111_091340.2018-11-10_21-27-32_000.jpg.4.png

[20181111_091347 / lib_ip.py:2273] inspecting ===> img.20181111_091346.2018-11-11_00-57-49_000.jpg.1.png
[20181111_091347 / lib_ip.py:4331] 
img.20181111_091346.2018-11-11_00-57-49_000.jpg.1.png 0 ---------------------
[20181111_091347 / lib_ip.py:3794] file = img.20181111_091346.2018-11-11_00-57-49_000.jpg.1.png / val_Average = 93.5742	val_Variance = 65.6425	sd = 8.1020	max = 135	min = 0
[20181111_091347 / lib_ip.py:3877] len(Hs) = 8100, len(Ss) = 8100, len(Vs) = 8100
[20181111_091347 / lib_ip.py:3910] yellow : variance --> out of range (variance = 65.643 / upper = 0.650 / lower = 0.000)
[20181111_091347 / lib_ip.py:3794] file = img.20181111_091346.2018-11-11_00-57-49_000.jpg.1.png / val_Average = 93.5742	val_Variance = 65.6425	sd = 8.1020	max = 135	min = 0
[20181111_091347 / lib_ip.py:3977] len(Hs) = 8100, len(Ss) = 8100, len(Vs) = 8100
[20181111_091347 / lib_ip.py:4023] red : variance --> out of range (variance = 65.643 / upper = 0.430 / lower = 0.000)
[20181111_091347 / lib_ip.py:3794] file = img.20181111_091346.2018-11-11_00-57-49_000.jpg.1.png / val_Average = 93.5742	val_Variance = 65.6425	sd = 8.1020	max = 135	min = 0
[20181111_091347 / lib_ip.py:4090] len(Hs) = 8100, len(Ss) = 8100, len(Vs) = 8100
[20181111_091347 / lib_ip.py:4137] green : variance --> out of range (variance = 65.643 / upper = 0.760 / lower = 0.000)
[20181111_091347 / lib_ip.py:3794] file = img.20181111_091346.2018-11-11_00-57-49_000.jpg.1.png / val_Average = 93.5742	val_Variance = 65.6425	sd = 8.1020	max = 135	min = 0
[20181111_091348 / lib_ip.py:4204] len(Hs) = 8100, len(Ss) = 8100, len(Vs) = 8100
[20181111_091348 / lib_ip.py:4248] black : variance --> out of range (variance = 65.643 / upper = 0.000 / lower = 0.000)
[20181111_091348 / lib_ip.py:4399] file : img.20181111_091346.2018-11-11_00-57-49_000.jpg.1.png 0 (black : variance --> out of range (variance = 65.643 / upper = 0.000 / lower = 0.000))
[20181111_091348 / lib_ip.py:2273] inspecting ===> img.20181111_091346.2018-11-11_00-57-49_000.jpg.2.png
[20181111_091348 / lib_ip.py:4331] 
img.20181111_091346.2018-11-11_00-57-49_000.jpg.2.png 1 ---------------------
[20181111_091348 / lib_ip.py:3794] file = img.20181111_091346.2018-11-11_00-57-49_000.jpg.2.png / val_Average = 65.1265	val_Variance = 170.5651	sd = 13.0601	max = 100	min = 0
[20181111_091348 / lib_ip.py:3877] len(Hs) = 8100, len(Ss) = 8100, len(Vs) = 8100
[20181111_091348 / lib_ip.py:3910] yellow : variance --> out of range (variance = 170.565 / upper = 0.650 / lower = 0.000)
[20181111_091348 / lib_ip.py:3794] file = img.20181111_091346.2018-11-11_00-57-49_000.jpg.2.png / val_Average = 65.1265	val_Variance = 170.5651	sd = 13.0601	max = 100	min = 0
[20181111_091348 / lib_ip.py:3977] len(Hs) = 8100, len(Ss) = 8100, len(Vs) = 8100
[20181111_091348 / lib_ip.py:4023] red : variance --> out of range (variance = 170.565 / upper = 0.430 / lower = 0.000)
[20181111_091348 / lib_ip.py:3794] file = img.20181111_091346.2018-11-11_00-57-49_000.jpg.2.png / val_Average = 65.1265	val_Variance = 170.5651	sd = 13.0601	max = 100	min = 0
[20181111_091348 / lib_ip.py:4090] len(Hs) = 8100, len(Ss) = 8100, len(Vs) = 8100
[20181111_091348 / lib_ip.py:4137] green : variance --> out of range (variance = 170.565 / upper = 0.760 / lower = 0.000)
[20181111_091348 / lib_ip.py:3794] file = img.20181111_091346.2018-11-11_00-57-49_000.jpg.2.png / val_Average = 65.1265	val_Variance = 170.5651	sd = 13.0601	max = 100	min = 0
[20181111_091348 / lib_ip.py:4204] len(Hs) = 8100, len(Ss) = 8100, len(Vs) = 8100
[20181111_091349 / lib_ip.py:4248] black : variance --> out of range (variance = 170.565 / upper = 0.000 / lower = 0.000)
[20181111_091349 / lib_ip.py:4399] file : img.20181111_091346.2018-11-11_00-57-49_000.jpg.2.png 1 (black : variance --> out of range (variance = 170.565 / upper = 0.000 / lower = 0.000))
[20181111_091349 / lib_ip.py:2273] inspecting ===> img.20181111_091346.2018-11-11_00-57-49_000.jpg.3.png
[20181111_091349 / lib_ip.py:4331] 
img.20181111_091346.2018-11-11_00-57-49_000.jpg.3.png 2 ---------------------
[20181111_091349 / lib_ip.py:3794] file = img.20181111_091346.2018-11-11_00-57-49_000.jpg.3.png / val_Average = 92.6601	val_Variance = 131.3518	sd = 11.4609	max = 135	min = 0
[20181111_091349 / lib_ip.py:3877] len(Hs) = 8100, len(Ss) = 8100, len(Vs) = 8100
[20181111_091349 / lib_ip.py:3910] yellow : variance --> out of range (variance = 131.352 / upper = 0.650 / lower = 0.000)
[20181111_091349 / lib_ip.py:3794] file = img.20181111_091346.2018-11-11_00-57-49_000.jpg.3.png / val_Average = 92.6601	val_Variance = 131.3518	sd = 11.4609	max = 135	min = 0
[20181111_091349 / lib_ip.py:3977] len(Hs) = 8100, len(Ss) = 8100, len(Vs) = 8100
[20181111_091349 / lib_ip.py:4023] red : variance --> out of range (variance = 131.352 / upper = 0.430 / lower = 0.000)
[20181111_091349 / lib_ip.py:3794] file = img.20181111_091346.2018-11-11_00-57-49_000.jpg.3.png / val_Average = 92.6601	val_Variance = 131.3518	sd = 11.4609	max = 135	min = 0
[20181111_091349 / lib_ip.py:4090] len(Hs) = 8100, len(Ss) = 8100, len(Vs) = 8100
[20181111_091349 / lib_ip.py:4137] green : variance --> out of range (variance = 131.352 / upper = 0.760 / lower = 0.000)
[20181111_091349 / lib_ip.py:3794] file = img.20181111_091346.2018-11-11_00-57-49_000.jpg.3.png / val_Average = 92.6601	val_Variance = 131.3518	sd = 11.4609	max = 135	min = 0
[20181111_091349 / lib_ip.py:4204] len(Hs) = 8100, len(Ss) = 8100, len(Vs) = 8100
[20181111_091349 / lib_ip.py:4248] black : variance --> out of range (variance = 131.352 / upper = 0.000 / lower = 0.000)
[20181111_091349 / lib_ip.py:4399] file : img.20181111_091346.2018-11-11_00-57-49_000.jpg.3.png 2 (black : variance --> out of range (variance = 131.352 / upper = 0.000 / lower = 0.000))
[20181111_091349 / lib_ip.py:2273] inspecting ===> img.20181111_091346.2018-11-11_00-57-49_000.jpg.4.png
[20181111_091350 / lib_ip.py:4331] 
img.20181111_091346.2018-11-11_00-57-49_000.jpg.4.png 3 ---------------------
[20181111_091350 / lib_ip.py:3794] file = img.20181111_091346.2018-11-11_00-57-49_000.jpg.4.png / val_Average = 80.0041	val_Variance = 276.2394	sd = 16.6205	max = 114	min = 57
[20181111_091350 / lib_ip.py:3877] len(Hs) = 8100, len(Ss) = 8100, len(Vs) = 8100
[20181111_091350 / lib_ip.py:3910] yellow : variance --> out of range (variance = 276.239 / upper = 0.650 / lower = 0.000)
[20181111_091350 / lib_ip.py:3794] file = img.20181111_091346.2018-11-11_00-57-49_000.jpg.4.png / val_Average = 80.0041	val_Variance = 276.2394	sd = 16.6205	max = 114	min = 57
[20181111_091350 / lib_ip.py:3977] len(Hs) = 8100, len(Ss) = 8100, len(Vs) = 8100
[20181111_091350 / lib_ip.py:4023] red : variance --> out of range (variance = 276.239 / upper = 0.430 / lower = 0.000)
[20181111_091350 / lib_ip.py:3794] file = img.20181111_091346.2018-11-11_00-57-49_000.jpg.4.png / val_Average = 80.0041	val_Variance = 276.2394	sd = 16.6205	max = 114	min = 57
[20181111_091350 / lib_ip.py:4090] len(Hs) = 8100, len(Ss) = 8100, len(Vs) = 8100
[20181111_091350 / lib_ip.py:4137] green : variance --> out of range (variance = 276.239 / upper = 0.760 / lower = 0.000)
[20181111_091350 / lib_ip.py:3794] file = img.20181111_091346.2018-11-11_00-57-49_000.jpg.4.png / val_Average = 80.0041	val_Variance = 276.2394	sd = 16.6205	max = 114	min = 57
[20181111_091350 / lib_ip.py:4204] len(Hs) = 8100, len(Ss) = 8100, len(Vs) = 8100
[20181111_091351 / lib_ip.py:4248] black : variance --> out of range (variance = 276.239 / upper = 0.000 / lower = 0.000)
[20181111_091351 / lib_ip.py:4399] file : img.20181111_091346.2018-11-11_00-57-49_000.jpg.4.png 3 (black : variance --> out of range (variance = 276.239 / upper = 0.000 / lower = 0.000))
[20181111_091349 / lib_ip.py:2273] inspecting ===> img.20181111_091346.2018-11-11_00-57-49_000.jpg.4.png
img.20181111_091346.2018-11-11_00-57-49_000.jpg.1.png => other
img.20181111_091346.2018-11-11_00-57-49_000.jpg.2.png => other
img.20181111_091346.2018-11-11_00-57-49_000.jpg.3.png => other
img.20181111_091346.2018-11-11_00-57-49_000.jpg.4.png => other
[20181111_091351 lib_ip.py:3300] =============== Get 4 corners
dpath_Images = C:\WORKS_2\WS\WS_Others.Art\JVEMV6\46_art\VIRTUAL\Admin_Projects\ip\images
fname_Image = img.20181111_091346.2018-11-11_00-57-49_000.jpg.4.png

[20181111_091351 / lib_ip.py:2273] inspecting ===> img.20181111_091351.2018-11-11_08-43-57_000.jpg.1.png
[20181111_091352 / lib_ip.py:4331] 
img.20181111_091351.2018-11-11_08-43-57_000.jpg.1.png 0 ---------------------
[20181111_091352 / lib_ip.py:3794] file = img.20181111_091351.2018-11-11_08-43-57_000.jpg.1.png / val_Average = 61.0709	val_Variance = 670.2910	sd = 25.8900	max = 100	min = 0
[20181111_091352 / lib_ip.py:3877] len(Hs) = 8100, len(Ss) = 8100, len(Vs) = 8100
[20181111_091352 / lib_ip.py:3910] yellow : variance --> out of range (variance = 670.291 / upper = 0.650 / lower = 0.000)
[20181111_091352 / lib_ip.py:3794] file = img.20181111_091351.2018-11-11_08-43-57_000.jpg.1.png / val_Average = 61.0709	val_Variance = 670.2910	sd = 25.8900	max = 100	min = 0
[20181111_091352 / lib_ip.py:3977] len(Hs) = 8100, len(Ss) = 8100, len(Vs) = 8100
[20181111_091352 / lib_ip.py:4023] red : variance --> out of range (variance = 670.291 / upper = 0.430 / lower = 0.000)
[20181111_091352 / lib_ip.py:3794] file = img.20181111_091351.2018-11-11_08-43-57_000.jpg.1.png / val_Average = 61.0709	val_Variance = 670.2910	sd = 25.8900	max = 100	min = 0
[20181111_091352 / lib_ip.py:4090] len(Hs) = 8100, len(Ss) = 8100, len(Vs) = 8100
[20181111_091352 / lib_ip.py:4137] green : variance --> out of range (variance = 670.291 / upper = 0.760 / lower = 0.000)
[20181111_091352 / lib_ip.py:3794] file = img.20181111_091351.2018-11-11_08-43-57_000.jpg.1.png / val_Average = 61.0709	val_Variance = 670.2910	sd = 25.8900	max = 100	min = 0
[20181111_091352 / lib_ip.py:4204] len(Hs) = 8100, len(Ss) = 8100, len(Vs) = 8100
[20181111_091352 / lib_ip.py:4248] black : variance --> out of range (variance = 670.291 / upper = 0.000 / lower = 0.000)
[20181111_091352 / lib_ip.py:4399] file : img.20181111_091351.2018-11-11_08-43-57_000.jpg.1.png 0 (black : variance --> out of range (variance = 670.291 / upper = 0.000 / lower = 0.000))
[20181111_091352 / lib_ip.py:2273] inspecting ===> img.20181111_091351.2018-11-11_08-43-57_000.jpg.2.png
[20181111_091353 / lib_ip.py:4331] 
img.20181111_091351.2018-11-11_08-43-57_000.jpg.2.png 1 ---------------------
[20181111_091353 / lib_ip.py:3794] file = img.20181111_091351.2018-11-11_08-43-57_000.jpg.2.png / val_Average = 74.9106	val_Variance = 0.4811	sd = 0.6936	max = 83	min = 73
[20181111_091353 / lib_ip.py:3877] len(Hs) = 8100, len(Ss) = 8100, len(Vs) = 8100
[20181111_091353 / lib_ip.py:3932] yellow : average --> out of range (average = 74.911 / upper = 99.200 / lower = 88.000)
[20181111_091353 / lib_ip.py:3794] file = img.20181111_091351.2018-11-11_08-43-57_000.jpg.2.png / val_Average = 74.9106	val_Variance = 0.4811	sd = 0.6936	max = 83	min = 73
[20181111_091353 / lib_ip.py:3977] len(Hs) = 8100, len(Ss) = 8100, len(Vs) = 8100
[20181111_091353 / lib_ip.py:4023] red : variance --> out of range (variance = 0.481 / upper = 0.430 / lower = 0.000)
[20181111_091353 / lib_ip.py:3794] file = img.20181111_091351.2018-11-11_08-43-57_000.jpg.2.png / val_Average = 74.9106	val_Variance = 0.4811	sd = 0.6936	max = 83	min = 73
[20181111_091353 / lib_ip.py:4090] len(Hs) = 8100, len(Ss) = 8100, len(Vs) = 8100
[20181111_091353 / lib_ip.py:2273] inspecting ===> img.20181111_091351.2018-11-11_08-43-57_000.jpg.3.png
[20181111_091353 / lib_ip.py:4331] 
img.20181111_091351.2018-11-11_08-43-57_000.jpg.3.png 2 ---------------------
[20181111_091353 / lib_ip.py:3794] file = img.20181111_091351.2018-11-11_08-43-57_000.jpg.3.png / val_Average = 139.5926	val_Variance = 63.7483	sd = 7.9843	max = 167	min = 117
[20181111_091354 / lib_ip.py:3877] len(Hs) = 8100, len(Ss) = 8100, len(Vs) = 8100
[20181111_091354 / lib_ip.py:3910] yellow : variance --> out of range (variance = 63.748 / upper = 0.650 / lower = 0.000)
[20181111_091354 / lib_ip.py:3794] file = img.20181111_091351.2018-11-11_08-43-57_000.jpg.3.png / val_Average = 139.5926	val_Variance = 63.7483	sd = 7.9843	max = 167	min = 117
[20181111_091354 / lib_ip.py:3977] len(Hs) = 8100, len(Ss) = 8100, len(Vs) = 8100
[20181111_091354 / lib_ip.py:4023] red : variance --> out of range (variance = 63.748 / upper = 0.430 / lower = 0.000)
[20181111_091354 / lib_ip.py:3794] file = img.20181111_091351.2018-11-11_08-43-57_000.jpg.3.png / val_Average = 139.5926	val_Variance = 63.7483	sd = 7.9843	max = 167	min = 117
[20181111_091354 / lib_ip.py:4090] len(Hs) = 8100, len(Ss) = 8100, len(Vs) = 8100
[20181111_091354 / lib_ip.py:4137] green : variance --> out of range (variance = 63.748 / upper = 0.760 / lower = 0.000)
[20181111_091354 / lib_ip.py:3794] file = img.20181111_091351.2018-11-11_08-43-57_000.jpg.3.png / val_Average = 139.5926	val_Variance = 63.7483	sd = 7.9843	max = 167	min = 117
[20181111_091354 / lib_ip.py:4204] len(Hs) = 8100, len(Ss) = 8100, len(Vs) = 8100
[20181111_091354 / lib_ip.py:4248] black : variance --> out of range (variance = 63.748 / upper = 0.000 / lower = 0.000)
[20181111_091354 / lib_ip.py:4399] file : img.20181111_091351.2018-11-11_08-43-57_000.jpg.3.png 2 (black : variance --> out of range (variance = 63.748 / upper = 0.000 / lower = 0.000))
[20181111_091354 / lib_ip.py:2273] inspecting ===> img.20181111_091351.2018-11-11_08-43-57_000.jpg.4.png
[20181111_091355 / lib_ip.py:4331] 
img.20181111_091351.2018-11-11_08-43-57_000.jpg.4.png 3 ---------------------
[20181111_091355 / lib_ip.py:3794] file = img.20181111_091351.2018-11-11_08-43-57_000.jpg.4.png / val_Average = 75.0026	val_Variance = 0.0028	sd = 0.0532	max = 76	min = 74
[20181111_091355 / lib_ip.py:3877] len(Hs) = 8100, len(Ss) = 8100, len(Vs) = 8100
[20181111_091355 / lib_ip.py:3932] yellow : average --> out of range (average = 75.003 / upper = 99.200 / lower = 88.000)
[20181111_091355 / lib_ip.py:3794] file = img.20181111_091351.2018-11-11_08-43-57_000.jpg.4.png / val_Average = 75.0026	val_Variance = 0.0028	sd = 0.0532	max = 76	min = 74
[20181111_091355 / lib_ip.py:3977] len(Hs) = 8100, len(Ss) = 8100, len(Vs) = 8100
[20181111_091355 / lib_ip.py:4048] red : average --> out of range (average = 75.003 / upper = 124.000 / lower = 115.000)
[20181111_091355 / lib_ip.py:3794] file = img.20181111_091351.2018-11-11_08-43-57_000.jpg.4.png / val_Average = 75.0026	val_Variance = 0.0028	sd = 0.0532	max = 76	min = 74
[20181111_091355 / lib_ip.py:4090] len(Hs) = 8100, len(Ss) = 8100, len(Vs) = 8100
[20181111_091354 / lib_ip.py:2273] inspecting ===> img.20181111_091351.2018-11-11_08-43-57_000.jpg.4.png
img.20181111_091351.2018-11-11_08-43-57_000.jpg.1.png => other
img.20181111_091351.2018-11-11_08-43-57_000.jpg.2.png => other
img.20181111_091351.2018-11-11_08-43-57_000.jpg.3.png => other
img.20181111_091351.2018-11-11_08-43-57_000.jpg.4.png => other
[20181111_091355 lib_ip.py:3300] =============== Get 4 corners
dpath_Images = C:\WORKS_2\WS\WS_Others.Art\JVEMV6\46_art\VIRTUAL\Admin_Projects\ip\images
fname_Image = img.20181111_091351.2018-11-11_08-43-57_000.jpg.4.png

[20181111_091356 / lib_ip.py:2273] inspecting ===> img.20181111_091356.2018-11-11_08-59-33_000.jpg.1.png
[20181111_091356 / lib_ip.py:4331] 
img.20181111_091356.2018-11-11_08-59-33_000.jpg.1.png 0 ---------------------
[20181111_091356 / lib_ip.py:3794] file = img.20181111_091356.2018-11-11_08-59-33_000.jpg.1.png / val_Average = 107.9641	val_Variance = 6066.0823	sd = 77.8851	max = 176	min = 0
[20181111_091356 / lib_ip.py:3877] len(Hs) = 8100, len(Ss) = 8100, len(Vs) = 8100
[20181111_091356 / lib_ip.py:3910] yellow : variance --> out of range (variance = 6066.082 / upper = 0.650 / lower = 0.000)
[20181111_091356 / lib_ip.py:3794] file = img.20181111_091356.2018-11-11_08-59-33_000.jpg.1.png / val_Average = 107.9641	val_Variance = 6066.0823	sd = 77.8851	max = 176	min = 0
[20181111_091356 / lib_ip.py:3977] len(Hs) = 8100, len(Ss) = 8100, len(Vs) = 8100
[20181111_091357 / lib_ip.py:4023] red : variance --> out of range (variance = 6066.082 / upper = 0.430 / lower = 0.000)
[20181111_091357 / lib_ip.py:3794] file = img.20181111_091356.2018-11-11_08-59-33_000.jpg.1.png / val_Average = 107.9641	val_Variance = 6066.0823	sd = 77.8851	max = 176	min = 0
[20181111_091357 / lib_ip.py:4090] len(Hs) = 8100, len(Ss) = 8100, len(Vs) = 8100
[20181111_091357 / lib_ip.py:4137] green : variance --> out of range (variance = 6066.082 / upper = 0.760 / lower = 0.000)
[20181111_091357 / lib_ip.py:3794] file = img.20181111_091356.2018-11-11_08-59-33_000.jpg.1.png / val_Average = 107.9641	val_Variance = 6066.0823	sd = 77.8851	max = 176	min = 0
[20181111_091357 / lib_ip.py:4204] len(Hs) = 8100, len(Ss) = 8100, len(Vs) = 8100
[20181111_091357 / lib_ip.py:4248] black : variance --> out of range (variance = 6066.082 / upper = 0.000 / lower = 0.000)
[20181111_091357 / lib_ip.py:4399] file : img.20181111_091356.2018-11-11_08-59-33_000.jpg.1.png 0 (black : variance --> out of range (variance = 6066.082 / upper = 0.000 / lower = 0.000))
[20181111_091357 / lib_ip.py:2273] inspecting ===> img.20181111_091356.2018-11-11_08-59-33_000.jpg.2.png
[20181111_091357 / lib_ip.py:4331] 
img.20181111_091356.2018-11-11_08-59-33_000.jpg.2.png 1 ---------------------
[20181111_091357 / lib_ip.py:3794] file = img.20181111_091356.2018-11-11_08-59-33_000.jpg.2.png / val_Average = 119.0849	val_Variance = 0.1214	sd = 0.3485	max = 120	min = 118
[20181111_091357 / lib_ip.py:3877] len(Hs) = 8100, len(Ss) = 8100, len(Vs) = 8100
[20181111_091357 / lib_ip.py:3932] yellow : average --> out of range (average = 119.085 / upper = 99.200 / lower = 88.000)
[20181111_091358 / lib_ip.py:3794] file = img.20181111_091356.2018-11-11_08-59-33_000.jpg.2.png / val_Average = 119.0849	val_Variance = 0.1214	sd = 0.3485	max = 120	min = 118
[20181111_091358 / lib_ip.py:3977] len(Hs) = 8100, len(Ss) = 8100, len(Vs) = 8100
[20181111_091358 / lib_ip.py:2273] inspecting ===> img.20181111_091356.2018-11-11_08-59-33_000.jpg.3.png
[20181111_091358 / lib_ip.py:4331] 
img.20181111_091356.2018-11-11_08-59-33_000.jpg.3.png 2 ---------------------
[20181111_091358 / lib_ip.py:3794] file = img.20181111_091356.2018-11-11_08-59-33_000.jpg.3.png / val_Average = 29.0788	val_Variance = 83.1795	sd = 9.1203	max = 70	min = 6
[20181111_091358 / lib_ip.py:3877] len(Hs) = 8100, len(Ss) = 8100, len(Vs) = 8100
[20181111_091358 / lib_ip.py:3910] yellow : variance --> out of range (variance = 83.179 / upper = 0.650 / lower = 0.000)
[20181111_091358 / lib_ip.py:3794] file = img.20181111_091356.2018-11-11_08-59-33_000.jpg.3.png / val_Average = 29.0788	val_Variance = 83.1795	sd = 9.1203	max = 70	min = 6
[20181111_091358 / lib_ip.py:3977] len(Hs) = 8100, len(Ss) = 8100, len(Vs) = 8100
[20181111_091358 / lib_ip.py:4023] red : variance --> out of range (variance = 83.179 / upper = 0.430 / lower = 0.000)
[20181111_091358 / lib_ip.py:3794] file = img.20181111_091356.2018-11-11_08-59-33_000.jpg.3.png / val_Average = 29.0788	val_Variance = 83.1795	sd = 9.1203	max = 70	min = 6
[20181111_091358 / lib_ip.py:4090] len(Hs) = 8100, len(Ss) = 8100, len(Vs) = 8100
[20181111_091358 / lib_ip.py:4137] green : variance --> out of range (variance = 83.179 / upper = 0.760 / lower = 0.000)
[20181111_091358 / lib_ip.py:3794] file = img.20181111_091356.2018-11-11_08-59-33_000.jpg.3.png / val_Average = 29.0788	val_Variance = 83.1795	sd = 9.1203	max = 70	min = 6
[20181111_091358 / lib_ip.py:4204] len(Hs) = 8100, len(Ss) = 8100, len(Vs) = 8100
[20181111_091358 / lib_ip.py:4248] black : variance --> out of range (variance = 83.179 / upper = 0.000 / lower = 0.000)
[20181111_091358 / lib_ip.py:4399] file : img.20181111_091356.2018-11-11_08-59-33_000.jpg.3.png 2 (black : variance --> out of range (variance = 83.179 / upper = 0.000 / lower = 0.000))
[20181111_091358 / lib_ip.py:2273] inspecting ===> img.20181111_091356.2018-11-11_08-59-33_000.jpg.4.png
[20181111_091359 / lib_ip.py:4331] 
img.20181111_091356.2018-11-11_08-59-33_000.jpg.4.png 3 ---------------------
[20181111_091359 / lib_ip.py:3794] file = img.20181111_091356.2018-11-11_08-59-33_000.jpg.4.png / val_Average = 76.4390	val_Variance = 0.4376	sd = 0.6615	max = 84	min = 73
[20181111_091359 / lib_ip.py:3877] len(Hs) = 8100, len(Ss) = 8100, len(Vs) = 8100
[20181111_091359 / lib_ip.py:3932] yellow : average --> out of range (average = 76.439 / upper = 99.200 / lower = 88.000)
[20181111_091359 / lib_ip.py:3794] file = img.20181111_091356.2018-11-11_08-59-33_000.jpg.4.png / val_Average = 76.4390	val_Variance = 0.4376	sd = 0.6615	max = 84	min = 73
[20181111_091359 / lib_ip.py:3977] len(Hs) = 8100, len(Ss) = 8100, len(Vs) = 8100
[20181111_091359 / lib_ip.py:4023] red : variance --> out of range (variance = 0.438 / upper = 0.430 / lower = 0.000)
[20181111_091359 / lib_ip.py:3794] file = img.20181111_091356.2018-11-11_08-59-33_000.jpg.4.png / val_Average = 76.4390	val_Variance = 0.4376	sd = 0.6615	max = 84	min = 73
[20181111_091359 / lib_ip.py:4090] len(Hs) = 8100, len(Ss) = 8100, len(Vs) = 8100
[20181111_091358 / lib_ip.py:2273] inspecting ===> img.20181111_091356.2018-11-11_08-59-33_000.jpg.4.png
img.20181111_091356.2018-11-11_08-59-33_000.jpg.1.png => other
img.20181111_091356.2018-11-11_08-59-33_000.jpg.2.png => other
img.20181111_091356.2018-11-11_08-59-33_000.jpg.3.png => other
img.20181111_091356.2018-11-11_08-59-33_000.jpg.4.png => other
[20181111_091359 lib_ip.py:3300] =============== Get 4 corners
dpath_Images = C:\WORKS_2\WS\WS_Others.Art\JVEMV6\46_art\VIRTUAL\Admin_Projects\ip\images
fname_Image = img.20181111_091356.2018-11-11_08-59-33_000.jpg.4.png

[20181111_091400 / lib_ip.py:2273] inspecting ===> img.20181111_091400.2018-11-11_08-59-39_000.jpg.1.png
[20181111_091400 / lib_ip.py:4331] 
img.20181111_091400.2018-11-11_08-59-39_000.jpg.1.png 0 ---------------------
[20181111_091400 / lib_ip.py:3794] file = img.20181111_091400.2018-11-11_08-59-39_000.jpg.1.png / val_Average = 24.4817	val_Variance = 2732.2467	sd = 52.2709	max = 179	min = 0
[20181111_091400 / lib_ip.py:3877] len(Hs) = 8100, len(Ss) = 8100, len(Vs) = 8100
[20181111_091400 / lib_ip.py:3910] yellow : variance --> out of range (variance = 2732.247 / upper = 0.650 / lower = 0.000)
[20181111_091400 / lib_ip.py:3794] file = img.20181111_091400.2018-11-11_08-59-39_000.jpg.1.png / val_Average = 24.4817	val_Variance = 2732.2467	sd = 52.2709	max = 179	min = 0
[20181111_091400 / lib_ip.py:3977] len(Hs) = 8100, len(Ss) = 8100, len(Vs) = 8100
[20181111_091400 / lib_ip.py:4023] red : variance --> out of range (variance = 2732.247 / upper = 0.430 / lower = 0.000)
[20181111_091400 / lib_ip.py:3794] file = img.20181111_091400.2018-11-11_08-59-39_000.jpg.1.png / val_Average = 24.4817	val_Variance = 2732.2467	sd = 52.2709	max = 179	min = 0
[20181111_091400 / lib_ip.py:4090] len(Hs) = 8100, len(Ss) = 8100, len(Vs) = 8100
[20181111_091401 / lib_ip.py:4137] green : variance --> out of range (variance = 2732.247 / upper = 0.760 / lower = 0.000)
[20181111_091401 / lib_ip.py:3794] file = img.20181111_091400.2018-11-11_08-59-39_000.jpg.1.png / val_Average = 24.4817	val_Variance = 2732.2467	sd = 52.2709	max = 179	min = 0
[20181111_091401 / lib_ip.py:4204] len(Hs) = 8100, len(Ss) = 8100, len(Vs) = 8100
[20181111_091401 / lib_ip.py:4248] black : variance --> out of range (variance = 2732.247 / upper = 0.000 / lower = 0.000)
[20181111_091401 / lib_ip.py:4399] file : img.20181111_091400.2018-11-11_08-59-39_000.jpg.1.png 0 (black : variance --> out of range (variance = 2732.247 / upper = 0.000 / lower = 0.000))
[20181111_091401 / lib_ip.py:2273] inspecting ===> img.20181111_091400.2018-11-11_08-59-39_000.jpg.2.png
[20181111_091401 / lib_ip.py:4331] 
img.20181111_091400.2018-11-11_08-59-39_000.jpg.2.png 1 ---------------------
[20181111_091401 / lib_ip.py:3794] file = img.20181111_091400.2018-11-11_08-59-39_000.jpg.2.png / val_Average = 26.9925	val_Variance = 841.6823	sd = 29.0118	max = 135	min = 0
[20181111_091401 / lib_ip.py:3877] len(Hs) = 8100, len(Ss) = 8100, len(Vs) = 8100
[20181111_091401 / lib_ip.py:3910] yellow : variance --> out of range (variance = 841.682 / upper = 0.650 / lower = 0.000)
[20181111_091402 / lib_ip.py:3794] file = img.20181111_091400.2018-11-11_08-59-39_000.jpg.2.png / val_Average = 26.9925	val_Variance = 841.6823	sd = 29.0118	max = 135	min = 0
[20181111_091402 / lib_ip.py:3977] len(Hs) = 8100, len(Ss) = 8100, len(Vs) = 8100
[20181111_091402 / lib_ip.py:4023] red : variance --> out of range (variance = 841.682 / upper = 0.430 / lower = 0.000)
[20181111_091402 / lib_ip.py:3794] file = img.20181111_091400.2018-11-11_08-59-39_000.jpg.2.png / val_Average = 26.9925	val_Variance = 841.6823	sd = 29.0118	max = 135	min = 0
[20181111_091402 / lib_ip.py:4090] len(Hs) = 8100, len(Ss) = 8100, len(Vs) = 8100
[20181111_091402 / lib_ip.py:4137] green : variance --> out of range (variance = 841.682 / upper = 0.760 / lower = 0.000)
[20181111_091402 / lib_ip.py:3794] file = img.20181111_091400.2018-11-11_08-59-39_000.jpg.2.png / val_Average = 26.9925	val_Variance = 841.6823	sd = 29.0118	max = 135	min = 0
[20181111_091402 / lib_ip.py:4204] len(Hs) = 8100, len(Ss) = 8100, len(Vs) = 8100
[20181111_091402 / lib_ip.py:4248] black : variance --> out of range (variance = 841.682 / upper = 0.000 / lower = 0.000)
[20181111_091402 / lib_ip.py:4399] file : img.20181111_091400.2018-11-11_08-59-39_000.jpg.2.png 1 (black : variance --> out of range (variance = 841.682 / upper = 0.000 / lower = 0.000))
[20181111_091402 / lib_ip.py:2273] inspecting ===> img.20181111_091400.2018-11-11_08-59-39_000.jpg.3.png
[20181111_091403 / lib_ip.py:4331] 
img.20181111_091400.2018-11-11_08-59-39_000.jpg.3.png 2 ---------------------
[20181111_091403 / lib_ip.py:3794] file = img.20181111_091400.2018-11-11_08-59-39_000.jpg.3.png / val_Average = 101.4007	val_Variance = 0.7209	sd = 0.8491	max = 104	min = 100
[20181111_091403 / lib_ip.py:3877] len(Hs) = 8100, len(Ss) = 8100, len(Vs) = 8100
[20181111_091403 / lib_ip.py:3910] yellow : variance --> out of range (variance = 0.721 / upper = 0.650 / lower = 0.000)
[20181111_091403 / lib_ip.py:3794] file = img.20181111_091400.2018-11-11_08-59-39_000.jpg.3.png / val_Average = 101.4007	val_Variance = 0.7209	sd = 0.8491	max = 104	min = 100
[20181111_091403 / lib_ip.py:3977] len(Hs) = 8100, len(Ss) = 8100, len(Vs) = 8100
[20181111_091403 / lib_ip.py:4023] red : variance --> out of range (variance = 0.721 / upper = 0.430 / lower = 0.000)
[20181111_091403 / lib_ip.py:3794] file = img.20181111_091400.2018-11-11_08-59-39_000.jpg.3.png / val_Average = 101.4007	val_Variance = 0.7209	sd = 0.8491	max = 104	min = 100
[20181111_091403 / lib_ip.py:4090] len(Hs) = 8100, len(Ss) = 8100, len(Vs) = 8100
[20181111_091403 / lib_ip.py:4162] green : average --> out of range (average = 101.401 / upper = 83.000 / lower = 58.000)
[20181111_091403 / lib_ip.py:3794] file = img.20181111_091400.2018-11-11_08-59-39_000.jpg.3.png / val_Average = 101.4007	val_Variance = 0.7209	sd = 0.8491	max = 104	min = 100
[20181111_091403 / lib_ip.py:4204] len(Hs) = 8100, len(Ss) = 8100, len(Vs) = 8100
[20181111_091403 / lib_ip.py:4248] black : variance --> out of range (variance = 0.721 / upper = 0.000 / lower = 0.000)
[20181111_091403 / lib_ip.py:4399] file : img.20181111_091400.2018-11-11_08-59-39_000.jpg.3.png 2 (black : variance --> out of range (variance = 0.721 / upper = 0.000 / lower = 0.000))
[20181111_091403 / lib_ip.py:2273] inspecting ===> img.20181111_091400.2018-11-11_08-59-39_000.jpg.4.png
[20181111_091403 / lib_ip.py:4331] 
img.20181111_091400.2018-11-11_08-59-39_000.jpg.4.png 3 ---------------------
[20181111_091403 / lib_ip.py:3794] file = img.20181111_091400.2018-11-11_08-59-39_000.jpg.4.png / val_Average = 102.0314	val_Variance = 1.0249	sd = 1.0124	max = 104	min = 100
[20181111_091403 / lib_ip.py:3877] len(Hs) = 8100, len(Ss) = 8100, len(Vs) = 8100
[20181111_091404 / lib_ip.py:3910] yellow : variance --> out of range (variance = 1.025 / upper = 0.650 / lower = 0.000)
[20181111_091404 / lib_ip.py:3794] file = img.20181111_091400.2018-11-11_08-59-39_000.jpg.4.png / val_Average = 102.0314	val_Variance = 1.0249	sd = 1.0124	max = 104	min = 100
[20181111_091404 / lib_ip.py:3977] len(Hs) = 8100, len(Ss) = 8100, len(Vs) = 8100
[20181111_091404 / lib_ip.py:4023] red : variance --> out of range (variance = 1.025 / upper = 0.430 / lower = 0.000)
[20181111_091404 / lib_ip.py:3794] file = img.20181111_091400.2018-11-11_08-59-39_000.jpg.4.png / val_Average = 102.0314	val_Variance = 1.0249	sd = 1.0124	max = 104	min = 100
[20181111_091404 / lib_ip.py:4090] len(Hs) = 8100, len(Ss) = 8100, len(Vs) = 8100
[20181111_091404 / lib_ip.py:4137] green : variance --> out of range (variance = 1.025 / upper = 0.760 / lower = 0.000)
[20181111_091404 / lib_ip.py:3794] file = img.20181111_091400.2018-11-11_08-59-39_000.jpg.4.png / val_Average = 102.0314	val_Variance = 1.0249	sd = 1.0124	max = 104	min = 100
[20181111_091404 / lib_ip.py:4204] len(Hs) = 8100, len(Ss) = 8100, len(Vs) = 8100
[20181111_091404 / lib_ip.py:4248] black : variance --> out of range (variance = 1.025 / upper = 0.000 / lower = 0.000)
[20181111_091404 / lib_ip.py:4399] file : img.20181111_091400.2018-11-11_08-59-39_000.jpg.4.png 3 (black : variance --> out of range (variance = 1.025 / upper = 0.000 / lower = 0.000))
[20181111_091403 / lib_ip.py:2273] inspecting ===> img.20181111_091400.2018-11-11_08-59-39_000.jpg.4.png
img.20181111_091400.2018-11-11_08-59-39_000.jpg.1.png => other
img.20181111_091400.2018-11-11_08-59-39_000.jpg.2.png => other
img.20181111_091400.2018-11-11_08-59-39_000.jpg.3.png => other
img.20181111_091400.2018-11-11_08-59-39_000.jpg.4.png => other
[20181111_091404 lib_ip.py:3300] =============== Get 4 corners
dpath_Images = C:\WORKS_2\WS\WS_Others.Art\JVEMV6\46_art\VIRTUAL\Admin_Projects\ip\images
fname_Image = img.20181111_091400.2018-11-11_08-59-39_000.jpg.4.png

[20181111_091404 / views.py:1411] gen csv => complete (20181111_091404)(elapsed = 86.874 sec / 14 files / 6.205 sec per file)
1)	2018-11-10_10-11-26_000.jpg => 	other other other yellow 
2)	2018-11-10_13-22-07_000.jpg => 	other red other other 
3)	2018-11-10_14-42-05_000.jpg => 	other other red green 
4)	2018-11-10_14-42-29_000.jpg => 	other other red green 
5)	2018-11-10_14-42-46_000.jpg => 	red other green other 
6)	2018-11-10_14-57-30_000.jpg => 	other other green green 
7)	2018-11-10_15-36-59_000.jpg => 	green other red other 
8)	2018-11-10_17-59-07_000.jpg => 	green other red other 
9)	2018-11-10_19-58-35_000.jpg => 	other other other yellow 
10)	2018-11-10_21-27-32_000.jpg => 	red yellow other other 
11)	2018-11-11_00-57-49_000.jpg => 	other other other other 
12)	2018-11-11_08-43-57_000.jpg => 	other green other green 
13)	2018-11-11_08-59-33_000.jpg => 	other red other green 
14)	2018-11-11_08-59-39_000.jpg => 	other other other other 
[20181111_091404 / views.py:1797] lo_ColorName_Set__Modified_2 =>
1)	2018-11-10_10-11-26_000.jpg => 	o o o y 
2)	2018-11-10_13-22-07_000.jpg => 	o o o r 
3)	2018-11-10_14-42-05_000.jpg => 	g o o r 
4)	2018-11-10_14-42-29_000.jpg => 	g o o r 
5)	2018-11-10_14-42-46_000.jpg => 	g o o r 
6)	2018-11-10_14-57-30_000.jpg => 	g g o o 
7)	2018-11-10_15-36-59_000.jpg => 	g o o r 
8)	2018-11-10_17-59-07_000.jpg => 	g o o r 
9)	2018-11-10_19-58-35_000.jpg => 	o o o y 
10)	2018-11-10_21-27-32_000.jpg => 	o o r y 
11)	2018-11-11_00-57-49_000.jpg => 	o o o o 
12)	2018-11-11_08-43-57_000.jpg => 	g g o o 
13)	2018-11-11_08-59-33_000.jpg => 	g o o r 
14)	2018-11-11_08-59-39_000.jpg => 	o o o o 
[20181111_091406 / views.py:1908] gen_Cake_CSV(request) ==> ending... =======================//

