[20181106_110407 / views.py:1877] gen_Cake_CSV(request) ==> starting... =======================
[20181106_110409 / lib_ip.py:2273] inspecting ===> img.20181106_110409.2018-11-05_14-29-44_000.jpg.1.png
[20181106_110409 / lib_ip.py:4331] 
img.20181106_110409.2018-11-05_14-29-44_000.jpg.1.png 0 ---------------------
[20181106_110409 / lib_ip.py:3794] file = img.20181106_110409.2018-11-05_14-29-44_000.jpg.1.png / val_Average = 110.9849	val_Variance = 32.6956	sd = 5.7180	max = 131	min = 104
[20181106_110409 / lib_ip.py:3877] len(Hs) = 8100, len(Ss) = 8100, len(Vs) = 8100
[20181106_110409 / lib_ip.py:3910] yellow : variance --> out of range (variance = 32.696 / upper = 0.650 / lower = 0.000)
[20181106_110409 / lib_ip.py:3794] file = img.20181106_110409.2018-11-05_14-29-44_000.jpg.1.png / val_Average = 110.9849	val_Variance = 32.6956	sd = 5.7180	max = 131	min = 104
[20181106_110409 / lib_ip.py:3977] len(Hs) = 8100, len(Ss) = 8100, len(Vs) = 8100
[20181106_110409 / lib_ip.py:4023] red : variance --> out of range (variance = 32.696 / upper = 0.430 / lower = 0.000)
[20181106_110410 / lib_ip.py:3794] file = img.20181106_110409.2018-11-05_14-29-44_000.jpg.1.png / val_Average = 110.9849	val_Variance = 32.6956	sd = 5.7180	max = 131	min = 104
[20181106_110410 / lib_ip.py:4090] len(Hs) = 8100, len(Ss) = 8100, len(Vs) = 8100
[20181106_110410 / lib_ip.py:4137] green : variance --> out of range (variance = 32.696 / upper = 0.760 / lower = 0.000)
[20181106_110410 / lib_ip.py:3794] file = img.20181106_110409.2018-11-05_14-29-44_000.jpg.1.png / val_Average = 110.9849	val_Variance = 32.6956	sd = 5.7180	max = 131	min = 104
[20181106_110410 / lib_ip.py:4204] len(Hs) = 8100, len(Ss) = 8100, len(Vs) = 8100
[20181106_110410 / lib_ip.py:4248] black : variance --> out of range (variance = 32.696 / upper = 0.000 / lower = 0.000)
[20181106_110410 / lib_ip.py:4399] file : img.20181106_110409.2018-11-05_14-29-44_000.jpg.1.png 0 (black : variance --> out of range (variance = 32.696 / upper = 0.000 / lower = 0.000))
[20181106_110410 / lib_ip.py:2273] inspecting ===> img.20181106_110409.2018-11-05_14-29-44_000.jpg.2.png
[20181106_110410 / lib_ip.py:4331] 
img.20181106_110409.2018-11-05_14-29-44_000.jpg.2.png 1 ---------------------
[20181106_110410 / lib_ip.py:3794] file = img.20181106_110409.2018-11-05_14-29-44_000.jpg.2.png / val_Average = 103.2525	val_Variance = 1.7033	sd = 1.3051	max = 109	min = 100
[20181106_110410 / lib_ip.py:3877] len(Hs) = 8100, len(Ss) = 8100, len(Vs) = 8100
[20181106_110410 / lib_ip.py:3910] yellow : variance --> out of range (variance = 1.703 / upper = 0.650 / lower = 0.000)
[20181106_110410 / lib_ip.py:3794] file = img.20181106_110409.2018-11-05_14-29-44_000.jpg.2.png / val_Average = 103.2525	val_Variance = 1.7033	sd = 1.3051	max = 109	min = 100
[20181106_110410 / lib_ip.py:3977] len(Hs) = 8100, len(Ss) = 8100, len(Vs) = 8100
[20181106_110410 / lib_ip.py:4023] red : variance --> out of range (variance = 1.703 / upper = 0.430 / lower = 0.000)
[20181106_110410 / lib_ip.py:3794] file = img.20181106_110409.2018-11-05_14-29-44_000.jpg.2.png / val_Average = 103.2525	val_Variance = 1.7033	sd = 1.3051	max = 109	min = 100
[20181106_110410 / lib_ip.py:4090] len(Hs) = 8100, len(Ss) = 8100, len(Vs) = 8100
[20181106_110411 / lib_ip.py:4137] green : variance --> out of range (variance = 1.703 / upper = 0.760 / lower = 0.000)
[20181106_110411 / lib_ip.py:3794] file = img.20181106_110409.2018-11-05_14-29-44_000.jpg.2.png / val_Average = 103.2525	val_Variance = 1.7033	sd = 1.3051	max = 109	min = 100
[20181106_110411 / lib_ip.py:4204] len(Hs) = 8100, len(Ss) = 8100, len(Vs) = 8100
[20181106_110411 / lib_ip.py:4248] black : variance --> out of range (variance = 1.703 / upper = 0.000 / lower = 0.000)
[20181106_110411 / lib_ip.py:4399] file : img.20181106_110409.2018-11-05_14-29-44_000.jpg.2.png 1 (black : variance --> out of range (variance = 1.703 / upper = 0.000 / lower = 0.000))
[20181106_110411 / lib_ip.py:2273] inspecting ===> img.20181106_110409.2018-11-05_14-29-44_000.jpg.3.png
[20181106_110411 / lib_ip.py:4331] 
img.20181106_110409.2018-11-05_14-29-44_000.jpg.3.png 2 ---------------------
[20181106_110411 / lib_ip.py:3794] file = img.20181106_110409.2018-11-05_14-29-44_000.jpg.3.png / val_Average = 73.5767	val_Variance = 0.2468	sd = 0.4968	max = 74	min = 72
[20181106_110411 / lib_ip.py:3877] len(Hs) = 8100, len(Ss) = 8100, len(Vs) = 8100
[20181106_110411 / lib_ip.py:3932] yellow : average --> out of range (average = 73.577 / upper = 99.200 / lower = 88.000)
[20181106_110411 / lib_ip.py:3794] file = img.20181106_110409.2018-11-05_14-29-44_000.jpg.3.png / val_Average = 73.5767	val_Variance = 0.2468	sd = 0.4968	max = 74	min = 72
[20181106_110411 / lib_ip.py:3977] len(Hs) = 8100, len(Ss) = 8100, len(Vs) = 8100
[20181106_110411 / lib_ip.py:4048] red : average --> out of range (average = 73.577 / upper = 124.000 / lower = 115.000)
[20181106_110411 / lib_ip.py:3794] file = img.20181106_110409.2018-11-05_14-29-44_000.jpg.3.png / val_Average = 73.5767	val_Variance = 0.2468	sd = 0.4968	max = 74	min = 72
[20181106_110411 / lib_ip.py:4090] len(Hs) = 8100, len(Ss) = 8100, len(Vs) = 8100
[20181106_110411 / lib_ip.py:2273] inspecting ===> img.20181106_110409.2018-11-05_14-29-44_000.jpg.4.png
[20181106_110412 / lib_ip.py:4331] 
img.20181106_110409.2018-11-05_14-29-44_000.jpg.4.png 3 ---------------------
[20181106_110412 / lib_ip.py:3794] file = img.20181106_110409.2018-11-05_14-29-44_000.jpg.4.png / val_Average = 75.0663	val_Variance = 0.0804	sd = 0.2836	max = 76	min = 74
[20181106_110412 / lib_ip.py:3877] len(Hs) = 8100, len(Ss) = 8100, len(Vs) = 8100
[20181106_110412 / lib_ip.py:3932] yellow : average --> out of range (average = 75.066 / upper = 99.200 / lower = 88.000)
[20181106_110412 / lib_ip.py:3794] file = img.20181106_110409.2018-11-05_14-29-44_000.jpg.4.png / val_Average = 75.0663	val_Variance = 0.0804	sd = 0.2836	max = 76	min = 74
[20181106_110412 / lib_ip.py:3977] len(Hs) = 8100, len(Ss) = 8100, len(Vs) = 8100
[20181106_110412 / lib_ip.py:4048] red : average --> out of range (average = 75.066 / upper = 124.000 / lower = 115.000)
[20181106_110412 / lib_ip.py:3794] file = img.20181106_110409.2018-11-05_14-29-44_000.jpg.4.png / val_Average = 75.0663	val_Variance = 0.0804	sd = 0.2836	max = 76	min = 74
[20181106_110412 / lib_ip.py:4090] len(Hs) = 8100, len(Ss) = 8100, len(Vs) = 8100
[20181106_110411 / lib_ip.py:2273] inspecting ===> img.20181106_110409.2018-11-05_14-29-44_000.jpg.4.png
img.20181106_110409.2018-11-05_14-29-44_000.jpg.1.png => other
img.20181106_110409.2018-11-05_14-29-44_000.jpg.2.png => other
img.20181106_110409.2018-11-05_14-29-44_000.jpg.3.png => other
img.20181106_110409.2018-11-05_14-29-44_000.jpg.4.png => other
[20181106_110412 lib_ip.py:3300] =============== Get 4 corners
dpath_Images = C:\WORKS_2\WS\WS_Others.Art\JVEMV6\46_art\VIRTUAL\Admin_Projects\ip\images
fname_Image = img.20181106_110409.2018-11-05_14-29-44_000.jpg.4.png

[20181106_110413 / lib_ip.py:2273] inspecting ===> img.20181106_110412.2018-11-05_15-19-31_000.jpg.1.png
[20181106_110413 / lib_ip.py:4331] 
img.20181106_110412.2018-11-05_15-19-31_000.jpg.1.png 0 ---------------------
[20181106_110413 / lib_ip.py:3794] file = img.20181106_110412.2018-11-05_15-19-31_000.jpg.1.png / val_Average = 67.7205	val_Variance = 1820.5806	sd = 42.6683	max = 160	min = 0
[20181106_110413 / lib_ip.py:3877] len(Hs) = 8100, len(Ss) = 8100, len(Vs) = 8100
[20181106_110413 / lib_ip.py:3910] yellow : variance --> out of range (variance = 1820.581 / upper = 0.650 / lower = 0.000)
[20181106_110413 / lib_ip.py:3794] file = img.20181106_110412.2018-11-05_15-19-31_000.jpg.1.png / val_Average = 67.7205	val_Variance = 1820.5806	sd = 42.6683	max = 160	min = 0
[20181106_110413 / lib_ip.py:3977] len(Hs) = 8100, len(Ss) = 8100, len(Vs) = 8100
[20181106_110413 / lib_ip.py:4023] red : variance --> out of range (variance = 1820.581 / upper = 0.430 / lower = 0.000)
[20181106_110413 / lib_ip.py:3794] file = img.20181106_110412.2018-11-05_15-19-31_000.jpg.1.png / val_Average = 67.7205	val_Variance = 1820.5806	sd = 42.6683	max = 160	min = 0
[20181106_110413 / lib_ip.py:4090] len(Hs) = 8100, len(Ss) = 8100, len(Vs) = 8100
[20181106_110413 / lib_ip.py:4137] green : variance --> out of range (variance = 1820.581 / upper = 0.760 / lower = 0.000)
[20181106_110413 / lib_ip.py:3794] file = img.20181106_110412.2018-11-05_15-19-31_000.jpg.1.png / val_Average = 67.7205	val_Variance = 1820.5806	sd = 42.6683	max = 160	min = 0
[20181106_110413 / lib_ip.py:4204] len(Hs) = 8100, len(Ss) = 8100, len(Vs) = 8100
[20181106_110413 / lib_ip.py:4248] black : variance --> out of range (variance = 1820.581 / upper = 0.000 / lower = 0.000)
[20181106_110413 / lib_ip.py:4399] file : img.20181106_110412.2018-11-05_15-19-31_000.jpg.1.png 0 (black : variance --> out of range (variance = 1820.581 / upper = 0.000 / lower = 0.000))
[20181106_110413 / lib_ip.py:2273] inspecting ===> img.20181106_110412.2018-11-05_15-19-31_000.jpg.2.png
[20181106_110414 / lib_ip.py:4331] 
img.20181106_110412.2018-11-05_15-19-31_000.jpg.2.png 1 ---------------------
[20181106_110414 / lib_ip.py:3794] file = img.20181106_110412.2018-11-05_15-19-31_000.jpg.2.png / val_Average = 100.8795	val_Variance = 43.3551	sd = 6.5845	max = 113	min = 38
[20181106_110414 / lib_ip.py:3877] len(Hs) = 8100, len(Ss) = 8100, len(Vs) = 8100
[20181106_110414 / lib_ip.py:3910] yellow : variance --> out of range (variance = 43.355 / upper = 0.650 / lower = 0.000)
[20181106_110414 / lib_ip.py:3794] file = img.20181106_110412.2018-11-05_15-19-31_000.jpg.2.png / val_Average = 100.8795	val_Variance = 43.3551	sd = 6.5845	max = 113	min = 38
[20181106_110414 / lib_ip.py:3977] len(Hs) = 8100, len(Ss) = 8100, len(Vs) = 8100
[20181106_110414 / lib_ip.py:4023] red : variance --> out of range (variance = 43.355 / upper = 0.430 / lower = 0.000)
[20181106_110414 / lib_ip.py:3794] file = img.20181106_110412.2018-11-05_15-19-31_000.jpg.2.png / val_Average = 100.8795	val_Variance = 43.3551	sd = 6.5845	max = 113	min = 38
[20181106_110414 / lib_ip.py:4090] len(Hs) = 8100, len(Ss) = 8100, len(Vs) = 8100
[20181106_110414 / lib_ip.py:4137] green : variance --> out of range (variance = 43.355 / upper = 0.760 / lower = 0.000)
[20181106_110414 / lib_ip.py:3794] file = img.20181106_110412.2018-11-05_15-19-31_000.jpg.2.png / val_Average = 100.8795	val_Variance = 43.3551	sd = 6.5845	max = 113	min = 38
[20181106_110414 / lib_ip.py:4204] len(Hs) = 8100, len(Ss) = 8100, len(Vs) = 8100
[20181106_110414 / lib_ip.py:4248] black : variance --> out of range (variance = 43.355 / upper = 0.000 / lower = 0.000)
[20181106_110414 / lib_ip.py:4399] file : img.20181106_110412.2018-11-05_15-19-31_000.jpg.2.png 1 (black : variance --> out of range (variance = 43.355 / upper = 0.000 / lower = 0.000))
[20181106_110414 / lib_ip.py:2273] inspecting ===> img.20181106_110412.2018-11-05_15-19-31_000.jpg.3.png
[20181106_110414 / lib_ip.py:4331] 
img.20181106_110412.2018-11-05_15-19-31_000.jpg.3.png 2 ---------------------
[20181106_110414 / lib_ip.py:3794] file = img.20181106_110412.2018-11-05_15-19-31_000.jpg.3.png / val_Average = 79.0922	val_Variance = 0.1151	sd = 0.3392	max = 80	min = 78
[20181106_110415 / lib_ip.py:3877] len(Hs) = 8100, len(Ss) = 8100, len(Vs) = 8100
[20181106_110415 / lib_ip.py:3932] yellow : average --> out of range (average = 79.092 / upper = 99.200 / lower = 88.000)
[20181106_110415 / lib_ip.py:3794] file = img.20181106_110412.2018-11-05_15-19-31_000.jpg.3.png / val_Average = 79.0922	val_Variance = 0.1151	sd = 0.3392	max = 80	min = 78
[20181106_110415 / lib_ip.py:3977] len(Hs) = 8100, len(Ss) = 8100, len(Vs) = 8100
[20181106_110415 / lib_ip.py:4048] red : average --> out of range (average = 79.092 / upper = 124.000 / lower = 115.000)
[20181106_110415 / lib_ip.py:3794] file = img.20181106_110412.2018-11-05_15-19-31_000.jpg.3.png / val_Average = 79.0922	val_Variance = 0.1151	sd = 0.3392	max = 80	min = 78
[20181106_110415 / lib_ip.py:4090] len(Hs) = 8100, len(Ss) = 8100, len(Vs) = 8100
[20181106_110415 / lib_ip.py:2273] inspecting ===> img.20181106_110412.2018-11-05_15-19-31_000.jpg.4.png
[20181106_110415 / lib_ip.py:4331] 
img.20181106_110412.2018-11-05_15-19-31_000.jpg.4.png 3 ---------------------
[20181106_110415 / lib_ip.py:3794] file = img.20181106_110412.2018-11-05_15-19-31_000.jpg.4.png / val_Average = 117.1777	val_Variance = 0.1461	sd = 0.3822	max = 118	min = 117
[20181106_110415 / lib_ip.py:3877] len(Hs) = 8100, len(Ss) = 8100, len(Vs) = 8100
[20181106_110415 / lib_ip.py:3932] yellow : average --> out of range (average = 117.178 / upper = 99.200 / lower = 88.000)
[20181106_110415 / lib_ip.py:3794] file = img.20181106_110412.2018-11-05_15-19-31_000.jpg.4.png / val_Average = 117.1777	val_Variance = 0.1461	sd = 0.3822	max = 118	min = 117
[20181106_110415 / lib_ip.py:3977] len(Hs) = 8100, len(Ss) = 8100, len(Vs) = 8100
[20181106_110415 / lib_ip.py:2273] inspecting ===> img.20181106_110412.2018-11-05_15-19-31_000.jpg.4.png
img.20181106_110412.2018-11-05_15-19-31_000.jpg.1.png => other
img.20181106_110412.2018-11-05_15-19-31_000.jpg.2.png => other
img.20181106_110412.2018-11-05_15-19-31_000.jpg.3.png => other
img.20181106_110412.2018-11-05_15-19-31_000.jpg.4.png => other
[20181106_110415 lib_ip.py:3300] =============== Get 4 corners
dpath_Images = C:\WORKS_2\WS\WS_Others.Art\JVEMV6\46_art\VIRTUAL\Admin_Projects\ip\images
fname_Image = img.20181106_110412.2018-11-05_15-19-31_000.jpg.4.png

[20181106_110416 / lib_ip.py:2273] inspecting ===> img.20181106_110416.2018-11-05_16-52-59_000.jpg.1.png
[20181106_110416 / lib_ip.py:4331] 
img.20181106_110416.2018-11-05_16-52-59_000.jpg.1.png 0 ---------------------
[20181106_110416 / lib_ip.py:3794] file = img.20181106_110416.2018-11-05_16-52-59_000.jpg.1.png / val_Average = 107.0480	val_Variance = 100.9583	sd = 10.0478	max = 135	min = 0
[20181106_110416 / lib_ip.py:3877] len(Hs) = 8100, len(Ss) = 8100, len(Vs) = 8100
[20181106_110416 / lib_ip.py:3910] yellow : variance --> out of range (variance = 100.958 / upper = 0.650 / lower = 0.000)
[20181106_110416 / lib_ip.py:3794] file = img.20181106_110416.2018-11-05_16-52-59_000.jpg.1.png / val_Average = 107.0480	val_Variance = 100.9583	sd = 10.0478	max = 135	min = 0
[20181106_110416 / lib_ip.py:3977] len(Hs) = 8100, len(Ss) = 8100, len(Vs) = 8100
[20181106_110417 / lib_ip.py:4023] red : variance --> out of range (variance = 100.958 / upper = 0.430 / lower = 0.000)
[20181106_110417 / lib_ip.py:3794] file = img.20181106_110416.2018-11-05_16-52-59_000.jpg.1.png / val_Average = 107.0480	val_Variance = 100.9583	sd = 10.0478	max = 135	min = 0
[20181106_110417 / lib_ip.py:4090] len(Hs) = 8100, len(Ss) = 8100, len(Vs) = 8100
[20181106_110417 / lib_ip.py:4137] green : variance --> out of range (variance = 100.958 / upper = 0.760 / lower = 0.000)
[20181106_110417 / lib_ip.py:3794] file = img.20181106_110416.2018-11-05_16-52-59_000.jpg.1.png / val_Average = 107.0480	val_Variance = 100.9583	sd = 10.0478	max = 135	min = 0
[20181106_110417 / lib_ip.py:4204] len(Hs) = 8100, len(Ss) = 8100, len(Vs) = 8100
[20181106_110417 / lib_ip.py:4248] black : variance --> out of range (variance = 100.958 / upper = 0.000 / lower = 0.000)
[20181106_110417 / lib_ip.py:4399] file : img.20181106_110416.2018-11-05_16-52-59_000.jpg.1.png 0 (black : variance --> out of range (variance = 100.958 / upper = 0.000 / lower = 0.000))
[20181106_110417 / lib_ip.py:2273] inspecting ===> img.20181106_110416.2018-11-05_16-52-59_000.jpg.2.png
[20181106_110417 / lib_ip.py:4331] 
img.20181106_110416.2018-11-05_16-52-59_000.jpg.2.png 1 ---------------------
[20181106_110417 / lib_ip.py:3794] file = img.20181106_110416.2018-11-05_16-52-59_000.jpg.2.png / val_Average = 106.2779	val_Variance = 4.7612	sd = 2.1820	max = 120	min = 94
[20181106_110417 / lib_ip.py:3877] len(Hs) = 8100, len(Ss) = 8100, len(Vs) = 8100
[20181106_110417 / lib_ip.py:3910] yellow : variance --> out of range (variance = 4.761 / upper = 0.650 / lower = 0.000)
[20181106_110418 / lib_ip.py:3794] file = img.20181106_110416.2018-11-05_16-52-59_000.jpg.2.png / val_Average = 106.2779	val_Variance = 4.7612	sd = 2.1820	max = 120	min = 94
[20181106_110418 / lib_ip.py:3977] len(Hs) = 8100, len(Ss) = 8100, len(Vs) = 8100
[20181106_110418 / lib_ip.py:4023] red : variance --> out of range (variance = 4.761 / upper = 0.430 / lower = 0.000)
[20181106_110418 / lib_ip.py:3794] file = img.20181106_110416.2018-11-05_16-52-59_000.jpg.2.png / val_Average = 106.2779	val_Variance = 4.7612	sd = 2.1820	max = 120	min = 94
[20181106_110418 / lib_ip.py:4090] len(Hs) = 8100, len(Ss) = 8100, len(Vs) = 8100
[20181106_110418 / lib_ip.py:4137] green : variance --> out of range (variance = 4.761 / upper = 0.760 / lower = 0.000)
[20181106_110418 / lib_ip.py:3794] file = img.20181106_110416.2018-11-05_16-52-59_000.jpg.2.png / val_Average = 106.2779	val_Variance = 4.7612	sd = 2.1820	max = 120	min = 94
[20181106_110418 / lib_ip.py:4204] len(Hs) = 8100, len(Ss) = 8100, len(Vs) = 8100
[20181106_110418 / lib_ip.py:4248] black : variance --> out of range (variance = 4.761 / upper = 0.000 / lower = 0.000)
[20181106_110418 / lib_ip.py:4399] file : img.20181106_110416.2018-11-05_16-52-59_000.jpg.2.png 1 (black : variance --> out of range (variance = 4.761 / upper = 0.000 / lower = 0.000))
[20181106_110418 / lib_ip.py:2273] inspecting ===> img.20181106_110416.2018-11-05_16-52-59_000.jpg.3.png
[20181106_110418 / lib_ip.py:4331] 
img.20181106_110416.2018-11-05_16-52-59_000.jpg.3.png 2 ---------------------
[20181106_110418 / lib_ip.py:3794] file = img.20181106_110416.2018-11-05_16-52-59_000.jpg.3.png / val_Average = 77.3495	val_Variance = 0.2950	sd = 0.5431	max = 79	min = 76
[20181106_110418 / lib_ip.py:3877] len(Hs) = 8100, len(Ss) = 8100, len(Vs) = 8100
[20181106_110418 / lib_ip.py:3932] yellow : average --> out of range (average = 77.350 / upper = 99.200 / lower = 88.000)
[20181106_110418 / lib_ip.py:3794] file = img.20181106_110416.2018-11-05_16-52-59_000.jpg.3.png / val_Average = 77.3495	val_Variance = 0.2950	sd = 0.5431	max = 79	min = 76
[20181106_110418 / lib_ip.py:3977] len(Hs) = 8100, len(Ss) = 8100, len(Vs) = 8100
[20181106_110418 / lib_ip.py:4048] red : average --> out of range (average = 77.350 / upper = 124.000 / lower = 115.000)
[20181106_110418 / lib_ip.py:3794] file = img.20181106_110416.2018-11-05_16-52-59_000.jpg.3.png / val_Average = 77.3495	val_Variance = 0.2950	sd = 0.5431	max = 79	min = 76
[20181106_110418 / lib_ip.py:4090] len(Hs) = 8100, len(Ss) = 8100, len(Vs) = 8100
[20181106_110419 / lib_ip.py:2273] inspecting ===> img.20181106_110416.2018-11-05_16-52-59_000.jpg.4.png
[20181106_110419 / lib_ip.py:4331] 
img.20181106_110416.2018-11-05_16-52-59_000.jpg.4.png 3 ---------------------
[20181106_110419 / lib_ip.py:3794] file = img.20181106_110416.2018-11-05_16-52-59_000.jpg.4.png / val_Average = 120.3884	val_Variance = 0.2551	sd = 0.5050	max = 121	min = 119
[20181106_110419 / lib_ip.py:3877] len(Hs) = 8100, len(Ss) = 8100, len(Vs) = 8100
[20181106_110419 / lib_ip.py:3932] yellow : average --> out of range (average = 120.388 / upper = 99.200 / lower = 88.000)
[20181106_110419 / lib_ip.py:3794] file = img.20181106_110416.2018-11-05_16-52-59_000.jpg.4.png / val_Average = 120.3884	val_Variance = 0.2551	sd = 0.5050	max = 121	min = 119
[20181106_110419 / lib_ip.py:3977] len(Hs) = 8100, len(Ss) = 8100, len(Vs) = 8100
[20181106_110419 / lib_ip.py:2273] inspecting ===> img.20181106_110416.2018-11-05_16-52-59_000.jpg.4.png
img.20181106_110416.2018-11-05_16-52-59_000.jpg.1.png => other
img.20181106_110416.2018-11-05_16-52-59_000.jpg.2.png => other
img.20181106_110416.2018-11-05_16-52-59_000.jpg.3.png => other
img.20181106_110416.2018-11-05_16-52-59_000.jpg.4.png => other
[20181106_110419 lib_ip.py:3300] =============== Get 4 corners
dpath_Images = C:\WORKS_2\WS\WS_Others.Art\JVEMV6\46_art\VIRTUAL\Admin_Projects\ip\images
fname_Image = img.20181106_110416.2018-11-05_16-52-59_000.jpg.4.png

[20181106_110420 / lib_ip.py:2273] inspecting ===> img.20181106_110420.2018-11-05_16-53-27_000.jpg.1.png
[20181106_110420 / lib_ip.py:4331] 
img.20181106_110420.2018-11-05_16-53-27_000.jpg.1.png 0 ---------------------
[20181106_110420 / lib_ip.py:3794] file = img.20181106_110420.2018-11-05_16-53-27_000.jpg.1.png / val_Average = 105.5579	val_Variance = 15.1669	sd = 3.8945	max = 120	min = 84
[20181106_110420 / lib_ip.py:3877] len(Hs) = 8100, len(Ss) = 8100, len(Vs) = 8100
[20181106_110420 / lib_ip.py:3910] yellow : variance --> out of range (variance = 15.167 / upper = 0.650 / lower = 0.000)
[20181106_110420 / lib_ip.py:3794] file = img.20181106_110420.2018-11-05_16-53-27_000.jpg.1.png / val_Average = 105.5579	val_Variance = 15.1669	sd = 3.8945	max = 120	min = 84
[20181106_110420 / lib_ip.py:3977] len(Hs) = 8100, len(Ss) = 8100, len(Vs) = 8100
[20181106_110420 / lib_ip.py:4023] red : variance --> out of range (variance = 15.167 / upper = 0.430 / lower = 0.000)
[20181106_110420 / lib_ip.py:3794] file = img.20181106_110420.2018-11-05_16-53-27_000.jpg.1.png / val_Average = 105.5579	val_Variance = 15.1669	sd = 3.8945	max = 120	min = 84
[20181106_110420 / lib_ip.py:4090] len(Hs) = 8100, len(Ss) = 8100, len(Vs) = 8100
[20181106_110420 / lib_ip.py:4137] green : variance --> out of range (variance = 15.167 / upper = 0.760 / lower = 0.000)
[20181106_110420 / lib_ip.py:3794] file = img.20181106_110420.2018-11-05_16-53-27_000.jpg.1.png / val_Average = 105.5579	val_Variance = 15.1669	sd = 3.8945	max = 120	min = 84
[20181106_110420 / lib_ip.py:4204] len(Hs) = 8100, len(Ss) = 8100, len(Vs) = 8100
[20181106_110420 / lib_ip.py:4248] black : variance --> out of range (variance = 15.167 / upper = 0.000 / lower = 0.000)
[20181106_110420 / lib_ip.py:4399] file : img.20181106_110420.2018-11-05_16-53-27_000.jpg.1.png 0 (black : variance --> out of range (variance = 15.167 / upper = 0.000 / lower = 0.000))
[20181106_110420 / lib_ip.py:2273] inspecting ===> img.20181106_110420.2018-11-05_16-53-27_000.jpg.2.png
[20181106_110421 / lib_ip.py:4331] 
img.20181106_110420.2018-11-05_16-53-27_000.jpg.2.png 1 ---------------------
[20181106_110421 / lib_ip.py:3794] file = img.20181106_110420.2018-11-05_16-53-27_000.jpg.2.png / val_Average = 105.5263	val_Variance = 3.9066	sd = 1.9765	max = 113	min = 100
[20181106_110421 / lib_ip.py:3877] len(Hs) = 8100, len(Ss) = 8100, len(Vs) = 8100
[20181106_110421 / lib_ip.py:3910] yellow : variance --> out of range (variance = 3.907 / upper = 0.650 / lower = 0.000)
[20181106_110421 / lib_ip.py:3794] file = img.20181106_110420.2018-11-05_16-53-27_000.jpg.2.png / val_Average = 105.5263	val_Variance = 3.9066	sd = 1.9765	max = 113	min = 100
[20181106_110421 / lib_ip.py:3977] len(Hs) = 8100, len(Ss) = 8100, len(Vs) = 8100
[20181106_110421 / lib_ip.py:4023] red : variance --> out of range (variance = 3.907 / upper = 0.430 / lower = 0.000)
[20181106_110421 / lib_ip.py:3794] file = img.20181106_110420.2018-11-05_16-53-27_000.jpg.2.png / val_Average = 105.5263	val_Variance = 3.9066	sd = 1.9765	max = 113	min = 100
[20181106_110421 / lib_ip.py:4090] len(Hs) = 8100, len(Ss) = 8100, len(Vs) = 8100
[20181106_110421 / lib_ip.py:4137] green : variance --> out of range (variance = 3.907 / upper = 0.760 / lower = 0.000)
[20181106_110421 / lib_ip.py:3794] file = img.20181106_110420.2018-11-05_16-53-27_000.jpg.2.png / val_Average = 105.5263	val_Variance = 3.9066	sd = 1.9765	max = 113	min = 100
[20181106_110421 / lib_ip.py:4204] len(Hs) = 8100, len(Ss) = 8100, len(Vs) = 8100
[20181106_110421 / lib_ip.py:4248] black : variance --> out of range (variance = 3.907 / upper = 0.000 / lower = 0.000)
[20181106_110421 / lib_ip.py:4399] file : img.20181106_110420.2018-11-05_16-53-27_000.jpg.2.png 1 (black : variance --> out of range (variance = 3.907 / upper = 0.000 / lower = 0.000))
[20181106_110421 / lib_ip.py:2273] inspecting ===> img.20181106_110420.2018-11-05_16-53-27_000.jpg.3.png
[20181106_110422 / lib_ip.py:4331] 
img.20181106_110420.2018-11-05_16-53-27_000.jpg.3.png 2 ---------------------
[20181106_110422 / lib_ip.py:3794] file = img.20181106_110420.2018-11-05_16-53-27_000.jpg.3.png / val_Average = 77.5128	val_Variance = 0.2797	sd = 0.5289	max = 79	min = 76
[20181106_110422 / lib_ip.py:3877] len(Hs) = 8100, len(Ss) = 8100, len(Vs) = 8100
[20181106_110422 / lib_ip.py:3932] yellow : average --> out of range (average = 77.513 / upper = 99.200 / lower = 88.000)
[20181106_110422 / lib_ip.py:3794] file = img.20181106_110420.2018-11-05_16-53-27_000.jpg.3.png / val_Average = 77.5128	val_Variance = 0.2797	sd = 0.5289	max = 79	min = 76
[20181106_110422 / lib_ip.py:3977] len(Hs) = 8100, len(Ss) = 8100, len(Vs) = 8100
[20181106_110422 / lib_ip.py:4048] red : average --> out of range (average = 77.513 / upper = 124.000 / lower = 115.000)
[20181106_110422 / lib_ip.py:3794] file = img.20181106_110420.2018-11-05_16-53-27_000.jpg.3.png / val_Average = 77.5128	val_Variance = 0.2797	sd = 0.5289	max = 79	min = 76
[20181106_110422 / lib_ip.py:4090] len(Hs) = 8100, len(Ss) = 8100, len(Vs) = 8100
[20181106_110422 / lib_ip.py:2273] inspecting ===> img.20181106_110420.2018-11-05_16-53-27_000.jpg.4.png
[20181106_110422 / lib_ip.py:4331] 
img.20181106_110420.2018-11-05_16-53-27_000.jpg.4.png 3 ---------------------
[20181106_110422 / lib_ip.py:3794] file = img.20181106_110420.2018-11-05_16-53-27_000.jpg.4.png / val_Average = 120.1673	val_Variance = 0.1820	sd = 0.4266	max = 121	min = 119
[20181106_110422 / lib_ip.py:3877] len(Hs) = 8100, len(Ss) = 8100, len(Vs) = 8100
[20181106_110422 / lib_ip.py:3932] yellow : average --> out of range (average = 120.167 / upper = 99.200 / lower = 88.000)
[20181106_110422 / lib_ip.py:3794] file = img.20181106_110420.2018-11-05_16-53-27_000.jpg.4.png / val_Average = 120.1673	val_Variance = 0.1820	sd = 0.4266	max = 121	min = 119
[20181106_110422 / lib_ip.py:3977] len(Hs) = 8100, len(Ss) = 8100, len(Vs) = 8100
[20181106_110422 / lib_ip.py:2273] inspecting ===> img.20181106_110420.2018-11-05_16-53-27_000.jpg.4.png
img.20181106_110420.2018-11-05_16-53-27_000.jpg.1.png => other
img.20181106_110420.2018-11-05_16-53-27_000.jpg.2.png => other
img.20181106_110420.2018-11-05_16-53-27_000.jpg.3.png => other
img.20181106_110420.2018-11-05_16-53-27_000.jpg.4.png => other
[20181106_110422 lib_ip.py:3300] =============== Get 4 corners
dpath_Images = C:\WORKS_2\WS\WS_Others.Art\JVEMV6\46_art\VIRTUAL\Admin_Projects\ip\images
fname_Image = img.20181106_110420.2018-11-05_16-53-27_000.jpg.4.png

[20181106_110423 / lib_ip.py:2273] inspecting ===> img.20181106_110423.2018-11-05_20-08-57_000.jpg.1.png
[20181106_110423 / lib_ip.py:4331] 
img.20181106_110423.2018-11-05_20-08-57_000.jpg.1.png 0 ---------------------
[20181106_110423 / lib_ip.py:3794] file = img.20181106_110423.2018-11-05_20-08-57_000.jpg.1.png / val_Average = 50.2721	val_Variance = 1780.4635	sd = 42.1955	max = 135	min = 0
[20181106_110423 / lib_ip.py:3877] len(Hs) = 8100, len(Ss) = 8100, len(Vs) = 8100
[20181106_110423 / lib_ip.py:3910] yellow : variance --> out of range (variance = 1780.463 / upper = 0.650 / lower = 0.000)
[20181106_110424 / lib_ip.py:3794] file = img.20181106_110423.2018-11-05_20-08-57_000.jpg.1.png / val_Average = 50.2721	val_Variance = 1780.4635	sd = 42.1955	max = 135	min = 0
[20181106_110424 / lib_ip.py:3977] len(Hs) = 8100, len(Ss) = 8100, len(Vs) = 8100
[20181106_110424 / lib_ip.py:4023] red : variance --> out of range (variance = 1780.463 / upper = 0.430 / lower = 0.000)
[20181106_110424 / lib_ip.py:3794] file = img.20181106_110423.2018-11-05_20-08-57_000.jpg.1.png / val_Average = 50.2721	val_Variance = 1780.4635	sd = 42.1955	max = 135	min = 0
[20181106_110424 / lib_ip.py:4090] len(Hs) = 8100, len(Ss) = 8100, len(Vs) = 8100
[20181106_110424 / lib_ip.py:4137] green : variance --> out of range (variance = 1780.463 / upper = 0.760 / lower = 0.000)
[20181106_110424 / lib_ip.py:3794] file = img.20181106_110423.2018-11-05_20-08-57_000.jpg.1.png / val_Average = 50.2721	val_Variance = 1780.4635	sd = 42.1955	max = 135	min = 0
[20181106_110424 / lib_ip.py:4204] len(Hs) = 8100, len(Ss) = 8100, len(Vs) = 8100
[20181106_110424 / lib_ip.py:4248] black : variance --> out of range (variance = 1780.463 / upper = 0.000 / lower = 0.000)
[20181106_110424 / lib_ip.py:4399] file : img.20181106_110423.2018-11-05_20-08-57_000.jpg.1.png 0 (black : variance --> out of range (variance = 1780.463 / upper = 0.000 / lower = 0.000))
[20181106_110424 / lib_ip.py:2273] inspecting ===> img.20181106_110423.2018-11-05_20-08-57_000.jpg.2.png
[20181106_110424 / lib_ip.py:4331] 
img.20181106_110423.2018-11-05_20-08-57_000.jpg.2.png 1 ---------------------
[20181106_110424 / lib_ip.py:3794] file = img.20181106_110423.2018-11-05_20-08-57_000.jpg.2.png / val_Average = 45.8421	val_Variance = 1856.5937	sd = 43.0882	max = 135	min = 0
[20181106_110424 / lib_ip.py:3877] len(Hs) = 8100, len(Ss) = 8100, len(Vs) = 8100
[20181106_110424 / lib_ip.py:3910] yellow : variance --> out of range (variance = 1856.594 / upper = 0.650 / lower = 0.000)
[20181106_110424 / lib_ip.py:3794] file = img.20181106_110423.2018-11-05_20-08-57_000.jpg.2.png / val_Average = 45.8421	val_Variance = 1856.5937	sd = 43.0882	max = 135	min = 0
[20181106_110424 / lib_ip.py:3977] len(Hs) = 8100, len(Ss) = 8100, len(Vs) = 8100
[20181106_110424 / lib_ip.py:4023] red : variance --> out of range (variance = 1856.594 / upper = 0.430 / lower = 0.000)
[20181106_110424 / lib_ip.py:3794] file = img.20181106_110423.2018-11-05_20-08-57_000.jpg.2.png / val_Average = 45.8421	val_Variance = 1856.5937	sd = 43.0882	max = 135	min = 0
[20181106_110424 / lib_ip.py:4090] len(Hs) = 8100, len(Ss) = 8100, len(Vs) = 8100
[20181106_110424 / lib_ip.py:4137] green : variance --> out of range (variance = 1856.594 / upper = 0.760 / lower = 0.000)
[20181106_110425 / lib_ip.py:3794] file = img.20181106_110423.2018-11-05_20-08-57_000.jpg.2.png / val_Average = 45.8421	val_Variance = 1856.5937	sd = 43.0882	max = 135	min = 0
[20181106_110425 / lib_ip.py:4204] len(Hs) = 8100, len(Ss) = 8100, len(Vs) = 8100
[20181106_110425 / lib_ip.py:4248] black : variance --> out of range (variance = 1856.594 / upper = 0.000 / lower = 0.000)
[20181106_110425 / lib_ip.py:4399] file : img.20181106_110423.2018-11-05_20-08-57_000.jpg.2.png 1 (black : variance --> out of range (variance = 1856.594 / upper = 0.000 / lower = 0.000))
[20181106_110425 / lib_ip.py:2273] inspecting ===> img.20181106_110423.2018-11-05_20-08-57_000.jpg.3.png
[20181106_110425 / lib_ip.py:4331] 
img.20181106_110423.2018-11-05_20-08-57_000.jpg.3.png 2 ---------------------
[20181106_110425 / lib_ip.py:3794] file = img.20181106_110423.2018-11-05_20-08-57_000.jpg.3.png / val_Average = 93.4247	val_Variance = 0.2443	sd = 0.4943	max = 94	min = 93
[20181106_110425 / lib_ip.py:3877] len(Hs) = 8100, len(Ss) = 8100, len(Vs) = 8100
[20181106_110425 / lib_ip.py:2273] inspecting ===> img.20181106_110423.2018-11-05_20-08-57_000.jpg.4.png
[20181106_110425 / lib_ip.py:4331] 
img.20181106_110423.2018-11-05_20-08-57_000.jpg.4.png 3 ---------------------
[20181106_110425 / lib_ip.py:3794] file = img.20181106_110423.2018-11-05_20-08-57_000.jpg.4.png / val_Average = 68.1872	val_Variance = 1609.8208	sd = 40.1226	max = 160	min = 0
[20181106_110425 / lib_ip.py:3877] len(Hs) = 8100, len(Ss) = 8100, len(Vs) = 8100
[20181106_110425 / lib_ip.py:3910] yellow : variance --> out of range (variance = 1609.821 / upper = 0.650 / lower = 0.000)
[20181106_110425 / lib_ip.py:3794] file = img.20181106_110423.2018-11-05_20-08-57_000.jpg.4.png / val_Average = 68.1872	val_Variance = 1609.8208	sd = 40.1226	max = 160	min = 0
[20181106_110425 / lib_ip.py:3977] len(Hs) = 8100, len(Ss) = 8100, len(Vs) = 8100
[20181106_110425 / lib_ip.py:4023] red : variance --> out of range (variance = 1609.821 / upper = 0.430 / lower = 0.000)
[20181106_110426 / lib_ip.py:3794] file = img.20181106_110423.2018-11-05_20-08-57_000.jpg.4.png / val_Average = 68.1872	val_Variance = 1609.8208	sd = 40.1226	max = 160	min = 0
[20181106_110426 / lib_ip.py:4090] len(Hs) = 8100, len(Ss) = 8100, len(Vs) = 8100
[20181106_110426 / lib_ip.py:4137] green : variance --> out of range (variance = 1609.821 / upper = 0.760 / lower = 0.000)
[20181106_110426 / lib_ip.py:3794] file = img.20181106_110423.2018-11-05_20-08-57_000.jpg.4.png / val_Average = 68.1872	val_Variance = 1609.8208	sd = 40.1226	max = 160	min = 0
[20181106_110426 / lib_ip.py:4204] len(Hs) = 8100, len(Ss) = 8100, len(Vs) = 8100
[20181106_110426 / lib_ip.py:4248] black : variance --> out of range (variance = 1609.821 / upper = 0.000 / lower = 0.000)
[20181106_110426 / lib_ip.py:4399] file : img.20181106_110423.2018-11-05_20-08-57_000.jpg.4.png 3 (black : variance --> out of range (variance = 1609.821 / upper = 0.000 / lower = 0.000))
[20181106_110425 / lib_ip.py:2273] inspecting ===> img.20181106_110423.2018-11-05_20-08-57_000.jpg.4.png
img.20181106_110423.2018-11-05_20-08-57_000.jpg.1.png => other
img.20181106_110423.2018-11-05_20-08-57_000.jpg.2.png => other
img.20181106_110423.2018-11-05_20-08-57_000.jpg.3.png => yellow
img.20181106_110423.2018-11-05_20-08-57_000.jpg.4.png => other
[20181106_110426 lib_ip.py:3300] =============== Get 4 corners
dpath_Images = C:\WORKS_2\WS\WS_Others.Art\JVEMV6\46_art\VIRTUAL\Admin_Projects\ip\images
fname_Image = img.20181106_110423.2018-11-05_20-08-57_000.jpg.4.png

[20181106_110426 / lib_ip.py:2273] inspecting ===> img.20181106_110426.2018-11-05_22-16-31_000.jpg.1.png
[20181106_110427 / lib_ip.py:4331] 
img.20181106_110426.2018-11-05_22-16-31_000.jpg.1.png 0 ---------------------
[20181106_110427 / lib_ip.py:3794] file = img.20181106_110426.2018-11-05_22-16-31_000.jpg.1.png / val_Average = 17.7720	val_Variance = 1.7753	sd = 1.3324	max = 22	min = 12
[20181106_110427 / lib_ip.py:3877] len(Hs) = 8100, len(Ss) = 8100, len(Vs) = 8100
[20181106_110427 / lib_ip.py:3910] yellow : variance --> out of range (variance = 1.775 / upper = 0.650 / lower = 0.000)
[20181106_110427 / lib_ip.py:3794] file = img.20181106_110426.2018-11-05_22-16-31_000.jpg.1.png / val_Average = 17.7720	val_Variance = 1.7753	sd = 1.3324	max = 22	min = 12
[20181106_110427 / lib_ip.py:3977] len(Hs) = 8100, len(Ss) = 8100, len(Vs) = 8100
[20181106_110427 / lib_ip.py:4023] red : variance --> out of range (variance = 1.775 / upper = 0.430 / lower = 0.000)
[20181106_110427 / lib_ip.py:3794] file = img.20181106_110426.2018-11-05_22-16-31_000.jpg.1.png / val_Average = 17.7720	val_Variance = 1.7753	sd = 1.3324	max = 22	min = 12
[20181106_110427 / lib_ip.py:4090] len(Hs) = 8100, len(Ss) = 8100, len(Vs) = 8100
[20181106_110427 / lib_ip.py:4137] green : variance --> out of range (variance = 1.775 / upper = 0.760 / lower = 0.000)
[20181106_110427 / lib_ip.py:3794] file = img.20181106_110426.2018-11-05_22-16-31_000.jpg.1.png / val_Average = 17.7720	val_Variance = 1.7753	sd = 1.3324	max = 22	min = 12
[20181106_110427 / lib_ip.py:4204] len(Hs) = 8100, len(Ss) = 8100, len(Vs) = 8100
[20181106_110427 / lib_ip.py:4248] black : variance --> out of range (variance = 1.775 / upper = 0.000 / lower = 0.000)
[20181106_110427 / lib_ip.py:4399] file : img.20181106_110426.2018-11-05_22-16-31_000.jpg.1.png 0 (black : variance --> out of range (variance = 1.775 / upper = 0.000 / lower = 0.000))
[20181106_110427 / lib_ip.py:2273] inspecting ===> img.20181106_110426.2018-11-05_22-16-31_000.jpg.2.png
[20181106_110427 / lib_ip.py:4331] 
img.20181106_110426.2018-11-05_22-16-31_000.jpg.2.png 1 ---------------------
[20181106_110428 / lib_ip.py:3794] file = img.20181106_110426.2018-11-05_22-16-31_000.jpg.2.png / val_Average = 85.1731	val_Variance = 30.7491	sd = 5.5452	max = 107	min = 69
[20181106_110428 / lib_ip.py:3877] len(Hs) = 8100, len(Ss) = 8100, len(Vs) = 8100
[20181106_110428 / lib_ip.py:3910] yellow : variance --> out of range (variance = 30.749 / upper = 0.650 / lower = 0.000)
[20181106_110428 / lib_ip.py:3794] file = img.20181106_110426.2018-11-05_22-16-31_000.jpg.2.png / val_Average = 85.1731	val_Variance = 30.7491	sd = 5.5452	max = 107	min = 69
[20181106_110428 / lib_ip.py:3977] len(Hs) = 8100, len(Ss) = 8100, len(Vs) = 8100
[20181106_110428 / lib_ip.py:4023] red : variance --> out of range (variance = 30.749 / upper = 0.430 / lower = 0.000)
[20181106_110428 / lib_ip.py:3794] file = img.20181106_110426.2018-11-05_22-16-31_000.jpg.2.png / val_Average = 85.1731	val_Variance = 30.7491	sd = 5.5452	max = 107	min = 69
[20181106_110428 / lib_ip.py:4090] len(Hs) = 8100, len(Ss) = 8100, len(Vs) = 8100
[20181106_110428 / lib_ip.py:4137] green : variance --> out of range (variance = 30.749 / upper = 0.760 / lower = 0.000)
[20181106_110428 / lib_ip.py:3794] file = img.20181106_110426.2018-11-05_22-16-31_000.jpg.2.png / val_Average = 85.1731	val_Variance = 30.7491	sd = 5.5452	max = 107	min = 69
[20181106_110428 / lib_ip.py:4204] len(Hs) = 8100, len(Ss) = 8100, len(Vs) = 8100
[20181106_110428 / lib_ip.py:4248] black : variance --> out of range (variance = 30.749 / upper = 0.000 / lower = 0.000)
[20181106_110428 / lib_ip.py:4399] file : img.20181106_110426.2018-11-05_22-16-31_000.jpg.2.png 1 (black : variance --> out of range (variance = 30.749 / upper = 0.000 / lower = 0.000))
[20181106_110428 / lib_ip.py:2273] inspecting ===> img.20181106_110426.2018-11-05_22-16-31_000.jpg.3.png
[20181106_110428 / lib_ip.py:4331] 
img.20181106_110426.2018-11-05_22-16-31_000.jpg.3.png 2 ---------------------
[20181106_110428 / lib_ip.py:3794] file = img.20181106_110426.2018-11-05_22-16-31_000.jpg.3.png / val_Average = 99.3968	val_Variance = 2.6139	sd = 1.6168	max = 105	min = 95
[20181106_110428 / lib_ip.py:3877] len(Hs) = 8100, len(Ss) = 8100, len(Vs) = 8100
[20181106_110428 / lib_ip.py:3910] yellow : variance --> out of range (variance = 2.614 / upper = 0.650 / lower = 0.000)
[20181106_110429 / lib_ip.py:3794] file = img.20181106_110426.2018-11-05_22-16-31_000.jpg.3.png / val_Average = 99.3968	val_Variance = 2.6139	sd = 1.6168	max = 105	min = 95
[20181106_110429 / lib_ip.py:3977] len(Hs) = 8100, len(Ss) = 8100, len(Vs) = 8100
[20181106_110429 / lib_ip.py:4023] red : variance --> out of range (variance = 2.614 / upper = 0.430 / lower = 0.000)
[20181106_110429 / lib_ip.py:3794] file = img.20181106_110426.2018-11-05_22-16-31_000.jpg.3.png / val_Average = 99.3968	val_Variance = 2.6139	sd = 1.6168	max = 105	min = 95
[20181106_110429 / lib_ip.py:4090] len(Hs) = 8100, len(Ss) = 8100, len(Vs) = 8100
[20181106_110429 / lib_ip.py:4137] green : variance --> out of range (variance = 2.614 / upper = 0.760 / lower = 0.000)
[20181106_110429 / lib_ip.py:3794] file = img.20181106_110426.2018-11-05_22-16-31_000.jpg.3.png / val_Average = 99.3968	val_Variance = 2.6139	sd = 1.6168	max = 105	min = 95
[20181106_110429 / lib_ip.py:4204] len(Hs) = 8100, len(Ss) = 8100, len(Vs) = 8100
[20181106_110429 / lib_ip.py:4248] black : variance --> out of range (variance = 2.614 / upper = 0.000 / lower = 0.000)
[20181106_110429 / lib_ip.py:4399] file : img.20181106_110426.2018-11-05_22-16-31_000.jpg.3.png 2 (black : variance --> out of range (variance = 2.614 / upper = 0.000 / lower = 0.000))
[20181106_110429 / lib_ip.py:2273] inspecting ===> img.20181106_110426.2018-11-05_22-16-31_000.jpg.4.png
[20181106_110429 / lib_ip.py:4331] 
img.20181106_110426.2018-11-05_22-16-31_000.jpg.4.png 3 ---------------------
[20181106_110429 / lib_ip.py:3794] file = img.20181106_110426.2018-11-05_22-16-31_000.jpg.4.png / val_Average = 104.2840	val_Variance = 2.4144	sd = 1.5538	max = 112	min = 99
[20181106_110429 / lib_ip.py:3877] len(Hs) = 8100, len(Ss) = 8100, len(Vs) = 8100
[20181106_110429 / lib_ip.py:3910] yellow : variance --> out of range (variance = 2.414 / upper = 0.650 / lower = 0.000)
[20181106_110429 / lib_ip.py:3794] file = img.20181106_110426.2018-11-05_22-16-31_000.jpg.4.png / val_Average = 104.2840	val_Variance = 2.4144	sd = 1.5538	max = 112	min = 99
[20181106_110429 / lib_ip.py:3977] len(Hs) = 8100, len(Ss) = 8100, len(Vs) = 8100
[20181106_110429 / lib_ip.py:4023] red : variance --> out of range (variance = 2.414 / upper = 0.430 / lower = 0.000)
[20181106_110429 / lib_ip.py:3794] file = img.20181106_110426.2018-11-05_22-16-31_000.jpg.4.png / val_Average = 104.2840	val_Variance = 2.4144	sd = 1.5538	max = 112	min = 99
[20181106_110429 / lib_ip.py:4090] len(Hs) = 8100, len(Ss) = 8100, len(Vs) = 8100
[20181106_110429 / lib_ip.py:4137] green : variance --> out of range (variance = 2.414 / upper = 0.760 / lower = 0.000)
[20181106_110430 / lib_ip.py:3794] file = img.20181106_110426.2018-11-05_22-16-31_000.jpg.4.png / val_Average = 104.2840	val_Variance = 2.4144	sd = 1.5538	max = 112	min = 99
[20181106_110430 / lib_ip.py:4204] len(Hs) = 8100, len(Ss) = 8100, len(Vs) = 8100
[20181106_110430 / lib_ip.py:4248] black : variance --> out of range (variance = 2.414 / upper = 0.000 / lower = 0.000)
[20181106_110430 / lib_ip.py:4399] file : img.20181106_110426.2018-11-05_22-16-31_000.jpg.4.png 3 (black : variance --> out of range (variance = 2.414 / upper = 0.000 / lower = 0.000))
[20181106_110429 / lib_ip.py:2273] inspecting ===> img.20181106_110426.2018-11-05_22-16-31_000.jpg.4.png
img.20181106_110426.2018-11-05_22-16-31_000.jpg.1.png => other
img.20181106_110426.2018-11-05_22-16-31_000.jpg.2.png => other
img.20181106_110426.2018-11-05_22-16-31_000.jpg.3.png => other
img.20181106_110426.2018-11-05_22-16-31_000.jpg.4.png => other
[20181106_110430 lib_ip.py:3300] =============== Get 4 corners
dpath_Images = C:\WORKS_2\WS\WS_Others.Art\JVEMV6\46_art\VIRTUAL\Admin_Projects\ip\images
fname_Image = img.20181106_110426.2018-11-05_22-16-31_000.jpg.4.png

[20181106_110430 / lib_ip.py:2273] inspecting ===> img.20181106_110430.2018-11-06_07-21-25_000.jpg.1.png
[20181106_110431 / lib_ip.py:4331] 
img.20181106_110430.2018-11-06_07-21-25_000.jpg.1.png 0 ---------------------
[20181106_110431 / lib_ip.py:3794] file = img.20181106_110430.2018-11-06_07-21-25_000.jpg.1.png / val_Average = 28.9254	val_Variance = 7.7310	sd = 2.7805	max = 41	min = 21
[20181106_110431 / lib_ip.py:3877] len(Hs) = 8100, len(Ss) = 8100, len(Vs) = 8100
[20181106_110431 / lib_ip.py:3910] yellow : variance --> out of range (variance = 7.731 / upper = 0.650 / lower = 0.000)
[20181106_110431 / lib_ip.py:3794] file = img.20181106_110430.2018-11-06_07-21-25_000.jpg.1.png / val_Average = 28.9254	val_Variance = 7.7310	sd = 2.7805	max = 41	min = 21
[20181106_110431 / lib_ip.py:3977] len(Hs) = 8100, len(Ss) = 8100, len(Vs) = 8100
[20181106_110431 / lib_ip.py:4023] red : variance --> out of range (variance = 7.731 / upper = 0.430 / lower = 0.000)
[20181106_110431 / lib_ip.py:3794] file = img.20181106_110430.2018-11-06_07-21-25_000.jpg.1.png / val_Average = 28.9254	val_Variance = 7.7310	sd = 2.7805	max = 41	min = 21
[20181106_110431 / lib_ip.py:4090] len(Hs) = 8100, len(Ss) = 8100, len(Vs) = 8100
[20181106_110431 / lib_ip.py:4137] green : variance --> out of range (variance = 7.731 / upper = 0.760 / lower = 0.000)
[20181106_110431 / lib_ip.py:3794] file = img.20181106_110430.2018-11-06_07-21-25_000.jpg.1.png / val_Average = 28.9254	val_Variance = 7.7310	sd = 2.7805	max = 41	min = 21
[20181106_110431 / lib_ip.py:4204] len(Hs) = 8100, len(Ss) = 8100, len(Vs) = 8100
[20181106_110431 / lib_ip.py:4248] black : variance --> out of range (variance = 7.731 / upper = 0.000 / lower = 0.000)
[20181106_110431 / lib_ip.py:4399] file : img.20181106_110430.2018-11-06_07-21-25_000.jpg.1.png 0 (black : variance --> out of range (variance = 7.731 / upper = 0.000 / lower = 0.000))
[20181106_110431 / lib_ip.py:2273] inspecting ===> img.20181106_110430.2018-11-06_07-21-25_000.jpg.2.png
[20181106_110431 / lib_ip.py:4331] 
img.20181106_110430.2018-11-06_07-21-25_000.jpg.2.png 1 ---------------------
[20181106_110431 / lib_ip.py:3794] file = img.20181106_110430.2018-11-06_07-21-25_000.jpg.2.png / val_Average = 110.4123	val_Variance = 32.8919	sd = 5.7352	max = 137	min = 0
[20181106_110431 / lib_ip.py:3877] len(Hs) = 8100, len(Ss) = 8100, len(Vs) = 8100
[20181106_110431 / lib_ip.py:3910] yellow : variance --> out of range (variance = 32.892 / upper = 0.650 / lower = 0.000)
[20181106_110431 / lib_ip.py:3794] file = img.20181106_110430.2018-11-06_07-21-25_000.jpg.2.png / val_Average = 110.4123	val_Variance = 32.8919	sd = 5.7352	max = 137	min = 0
[20181106_110432 / lib_ip.py:3977] len(Hs) = 8100, len(Ss) = 8100, len(Vs) = 8100
[20181106_110432 / lib_ip.py:4023] red : variance --> out of range (variance = 32.892 / upper = 0.430 / lower = 0.000)
[20181106_110432 / lib_ip.py:3794] file = img.20181106_110430.2018-11-06_07-21-25_000.jpg.2.png / val_Average = 110.4123	val_Variance = 32.8919	sd = 5.7352	max = 137	min = 0
[20181106_110432 / lib_ip.py:4090] len(Hs) = 8100, len(Ss) = 8100, len(Vs) = 8100
[20181106_110432 / lib_ip.py:4137] green : variance --> out of range (variance = 32.892 / upper = 0.760 / lower = 0.000)
[20181106_110432 / lib_ip.py:3794] file = img.20181106_110430.2018-11-06_07-21-25_000.jpg.2.png / val_Average = 110.4123	val_Variance = 32.8919	sd = 5.7352	max = 137	min = 0
[20181106_110432 / lib_ip.py:4204] len(Hs) = 8100, len(Ss) = 8100, len(Vs) = 8100
[20181106_110432 / lib_ip.py:4248] black : variance --> out of range (variance = 32.892 / upper = 0.000 / lower = 0.000)
[20181106_110432 / lib_ip.py:4399] file : img.20181106_110430.2018-11-06_07-21-25_000.jpg.2.png 1 (black : variance --> out of range (variance = 32.892 / upper = 0.000 / lower = 0.000))
[20181106_110432 / lib_ip.py:2273] inspecting ===> img.20181106_110430.2018-11-06_07-21-25_000.jpg.3.png
[20181106_110432 / lib_ip.py:4331] 
img.20181106_110430.2018-11-06_07-21-25_000.jpg.3.png 2 ---------------------
[20181106_110432 / lib_ip.py:3794] file = img.20181106_110430.2018-11-06_07-21-25_000.jpg.3.png / val_Average = 99.6088	val_Variance = 9.6643	sd = 3.1088	max = 109	min = 90
[20181106_110432 / lib_ip.py:3877] len(Hs) = 8100, len(Ss) = 8100, len(Vs) = 8100
[20181106_110432 / lib_ip.py:3910] yellow : variance --> out of range (variance = 9.664 / upper = 0.650 / lower = 0.000)
[20181106_110432 / lib_ip.py:3794] file = img.20181106_110430.2018-11-06_07-21-25_000.jpg.3.png / val_Average = 99.6088	val_Variance = 9.6643	sd = 3.1088	max = 109	min = 90
[20181106_110432 / lib_ip.py:3977] len(Hs) = 8100, len(Ss) = 8100, len(Vs) = 8100
[20181106_110433 / lib_ip.py:4023] red : variance --> out of range (variance = 9.664 / upper = 0.430 / lower = 0.000)
[20181106_110433 / lib_ip.py:3794] file = img.20181106_110430.2018-11-06_07-21-25_000.jpg.3.png / val_Average = 99.6088	val_Variance = 9.6643	sd = 3.1088	max = 109	min = 90
[20181106_110433 / lib_ip.py:4090] len(Hs) = 8100, len(Ss) = 8100, len(Vs) = 8100
[20181106_110433 / lib_ip.py:4137] green : variance --> out of range (variance = 9.664 / upper = 0.760 / lower = 0.000)
[20181106_110433 / lib_ip.py:3794] file = img.20181106_110430.2018-11-06_07-21-25_000.jpg.3.png / val_Average = 99.6088	val_Variance = 9.6643	sd = 3.1088	max = 109	min = 90
[20181106_110433 / lib_ip.py:4204] len(Hs) = 8100, len(Ss) = 8100, len(Vs) = 8100
[20181106_110433 / lib_ip.py:4248] black : variance --> out of range (variance = 9.664 / upper = 0.000 / lower = 0.000)
[20181106_110433 / lib_ip.py:4399] file : img.20181106_110430.2018-11-06_07-21-25_000.jpg.3.png 2 (black : variance --> out of range (variance = 9.664 / upper = 0.000 / lower = 0.000))
[20181106_110433 / lib_ip.py:2273] inspecting ===> img.20181106_110430.2018-11-06_07-21-25_000.jpg.4.png
[20181106_110433 / lib_ip.py:4331] 
img.20181106_110430.2018-11-06_07-21-25_000.jpg.4.png 3 ---------------------
[20181106_110433 / lib_ip.py:3794] file = img.20181106_110430.2018-11-06_07-21-25_000.jpg.4.png / val_Average = 26.2870	val_Variance = 0.9182	sd = 0.9582	max = 30	min = 23
[20181106_110433 / lib_ip.py:3877] len(Hs) = 8100, len(Ss) = 8100, len(Vs) = 8100
[20181106_110433 / lib_ip.py:3910] yellow : variance --> out of range (variance = 0.918 / upper = 0.650 / lower = 0.000)
[20181106_110433 / lib_ip.py:3794] file = img.20181106_110430.2018-11-06_07-21-25_000.jpg.4.png / val_Average = 26.2870	val_Variance = 0.9182	sd = 0.9582	max = 30	min = 23
[20181106_110433 / lib_ip.py:3977] len(Hs) = 8100, len(Ss) = 8100, len(Vs) = 8100
[20181106_110433 / lib_ip.py:4023] red : variance --> out of range (variance = 0.918 / upper = 0.430 / lower = 0.000)
[20181106_110433 / lib_ip.py:3794] file = img.20181106_110430.2018-11-06_07-21-25_000.jpg.4.png / val_Average = 26.2870	val_Variance = 0.9182	sd = 0.9582	max = 30	min = 23
[20181106_110433 / lib_ip.py:4090] len(Hs) = 8100, len(Ss) = 8100, len(Vs) = 8100
[20181106_110433 / lib_ip.py:4137] green : variance --> out of range (variance = 0.918 / upper = 0.760 / lower = 0.000)
[20181106_110433 / lib_ip.py:3794] file = img.20181106_110430.2018-11-06_07-21-25_000.jpg.4.png / val_Average = 26.2870	val_Variance = 0.9182	sd = 0.9582	max = 30	min = 23
[20181106_110433 / lib_ip.py:4204] len(Hs) = 8100, len(Ss) = 8100, len(Vs) = 8100
[20181106_110434 / lib_ip.py:4248] black : variance --> out of range (variance = 0.918 / upper = 0.000 / lower = 0.000)
[20181106_110434 / lib_ip.py:4399] file : img.20181106_110430.2018-11-06_07-21-25_000.jpg.4.png 3 (black : variance --> out of range (variance = 0.918 / upper = 0.000 / lower = 0.000))
[20181106_110433 / lib_ip.py:2273] inspecting ===> img.20181106_110430.2018-11-06_07-21-25_000.jpg.4.png
img.20181106_110430.2018-11-06_07-21-25_000.jpg.1.png => other
img.20181106_110430.2018-11-06_07-21-25_000.jpg.2.png => other
img.20181106_110430.2018-11-06_07-21-25_000.jpg.3.png => other
img.20181106_110430.2018-11-06_07-21-25_000.jpg.4.png => other
[20181106_110434 lib_ip.py:3300] =============== Get 4 corners
dpath_Images = C:\WORKS_2\WS\WS_Others.Art\JVEMV6\46_art\VIRTUAL\Admin_Projects\ip\images
fname_Image = img.20181106_110430.2018-11-06_07-21-25_000.jpg.4.png

[20181106_110434 / lib_ip.py:2273] inspecting ===> img.20181106_110434.2018-11-06_07-21-34_000.jpg.1.png
[20181106_110434 / lib_ip.py:4331] 
img.20181106_110434.2018-11-06_07-21-34_000.jpg.1.png 0 ---------------------
[20181106_110434 / lib_ip.py:3794] file = img.20181106_110434.2018-11-06_07-21-34_000.jpg.1.png / val_Average = 103.1025	val_Variance = 7.6502	sd = 2.7659	max = 114	min = 94
[20181106_110434 / lib_ip.py:3877] len(Hs) = 8100, len(Ss) = 8100, len(Vs) = 8100
[20181106_110435 / lib_ip.py:3910] yellow : variance --> out of range (variance = 7.650 / upper = 0.650 / lower = 0.000)
[20181106_110435 / lib_ip.py:3794] file = img.20181106_110434.2018-11-06_07-21-34_000.jpg.1.png / val_Average = 103.1025	val_Variance = 7.6502	sd = 2.7659	max = 114	min = 94
[20181106_110435 / lib_ip.py:3977] len(Hs) = 8100, len(Ss) = 8100, len(Vs) = 8100
[20181106_110435 / lib_ip.py:4023] red : variance --> out of range (variance = 7.650 / upper = 0.430 / lower = 0.000)
[20181106_110435 / lib_ip.py:3794] file = img.20181106_110434.2018-11-06_07-21-34_000.jpg.1.png / val_Average = 103.1025	val_Variance = 7.6502	sd = 2.7659	max = 114	min = 94
[20181106_110435 / lib_ip.py:4090] len(Hs) = 8100, len(Ss) = 8100, len(Vs) = 8100
[20181106_110435 / lib_ip.py:4137] green : variance --> out of range (variance = 7.650 / upper = 0.760 / lower = 0.000)
[20181106_110435 / lib_ip.py:3794] file = img.20181106_110434.2018-11-06_07-21-34_000.jpg.1.png / val_Average = 103.1025	val_Variance = 7.6502	sd = 2.7659	max = 114	min = 94
[20181106_110435 / lib_ip.py:4204] len(Hs) = 8100, len(Ss) = 8100, len(Vs) = 8100
[20181106_110435 / lib_ip.py:4248] black : variance --> out of range (variance = 7.650 / upper = 0.000 / lower = 0.000)
[20181106_110435 / lib_ip.py:4399] file : img.20181106_110434.2018-11-06_07-21-34_000.jpg.1.png 0 (black : variance --> out of range (variance = 7.650 / upper = 0.000 / lower = 0.000))
[20181106_110435 / lib_ip.py:2273] inspecting ===> img.20181106_110434.2018-11-06_07-21-34_000.jpg.2.png
[20181106_110435 / lib_ip.py:4331] 
img.20181106_110434.2018-11-06_07-21-34_000.jpg.2.png 1 ---------------------
[20181106_110435 / lib_ip.py:3794] file = img.20181106_110434.2018-11-06_07-21-34_000.jpg.2.png / val_Average = 114.8107	val_Variance = 19.6078	sd = 4.4281	max = 120	min = 107
[20181106_110435 / lib_ip.py:3877] len(Hs) = 8100, len(Ss) = 8100, len(Vs) = 8100
[20181106_110435 / lib_ip.py:3910] yellow : variance --> out of range (variance = 19.608 / upper = 0.650 / lower = 0.000)
[20181106_110435 / lib_ip.py:3794] file = img.20181106_110434.2018-11-06_07-21-34_000.jpg.2.png / val_Average = 114.8107	val_Variance = 19.6078	sd = 4.4281	max = 120	min = 107
[20181106_110435 / lib_ip.py:3977] len(Hs) = 8100, len(Ss) = 8100, len(Vs) = 8100
[20181106_110435 / lib_ip.py:4023] red : variance --> out of range (variance = 19.608 / upper = 0.430 / lower = 0.000)
[20181106_110435 / lib_ip.py:3794] file = img.20181106_110434.2018-11-06_07-21-34_000.jpg.2.png / val_Average = 114.8107	val_Variance = 19.6078	sd = 4.4281	max = 120	min = 107
[20181106_110435 / lib_ip.py:4090] len(Hs) = 8100, len(Ss) = 8100, len(Vs) = 8100
[20181106_110436 / lib_ip.py:4137] green : variance --> out of range (variance = 19.608 / upper = 0.760 / lower = 0.000)
[20181106_110436 / lib_ip.py:3794] file = img.20181106_110434.2018-11-06_07-21-34_000.jpg.2.png / val_Average = 114.8107	val_Variance = 19.6078	sd = 4.4281	max = 120	min = 107
[20181106_110436 / lib_ip.py:4204] len(Hs) = 8100, len(Ss) = 8100, len(Vs) = 8100
[20181106_110436 / lib_ip.py:4248] black : variance --> out of range (variance = 19.608 / upper = 0.000 / lower = 0.000)
[20181106_110436 / lib_ip.py:4399] file : img.20181106_110434.2018-11-06_07-21-34_000.jpg.2.png 1 (black : variance --> out of range (variance = 19.608 / upper = 0.000 / lower = 0.000))
[20181106_110436 / lib_ip.py:2273] inspecting ===> img.20181106_110434.2018-11-06_07-21-34_000.jpg.3.png
[20181106_110436 / lib_ip.py:4331] 
img.20181106_110434.2018-11-06_07-21-34_000.jpg.3.png 2 ---------------------
[20181106_110436 / lib_ip.py:3794] file = img.20181106_110434.2018-11-06_07-21-34_000.jpg.3.png / val_Average = 27.2181	val_Variance = 1.4673	sd = 1.2113	max = 32	min = 24
[20181106_110436 / lib_ip.py:3877] len(Hs) = 8100, len(Ss) = 8100, len(Vs) = 8100
[20181106_110436 / lib_ip.py:3910] yellow : variance --> out of range (variance = 1.467 / upper = 0.650 / lower = 0.000)
[20181106_110436 / lib_ip.py:3794] file = img.20181106_110434.2018-11-06_07-21-34_000.jpg.3.png / val_Average = 27.2181	val_Variance = 1.4673	sd = 1.2113	max = 32	min = 24
[20181106_110436 / lib_ip.py:3977] len(Hs) = 8100, len(Ss) = 8100, len(Vs) = 8100
[20181106_110436 / lib_ip.py:4023] red : variance --> out of range (variance = 1.467 / upper = 0.430 / lower = 0.000)
[20181106_110436 / lib_ip.py:3794] file = img.20181106_110434.2018-11-06_07-21-34_000.jpg.3.png / val_Average = 27.2181	val_Variance = 1.4673	sd = 1.2113	max = 32	min = 24
[20181106_110436 / lib_ip.py:4090] len(Hs) = 8100, len(Ss) = 8100, len(Vs) = 8100
[20181106_110436 / lib_ip.py:4137] green : variance --> out of range (variance = 1.467 / upper = 0.760 / lower = 0.000)
[20181106_110437 / lib_ip.py:3794] file = img.20181106_110434.2018-11-06_07-21-34_000.jpg.3.png / val_Average = 27.2181	val_Variance = 1.4673	sd = 1.2113	max = 32	min = 24
[20181106_110437 / lib_ip.py:4204] len(Hs) = 8100, len(Ss) = 8100, len(Vs) = 8100
[20181106_110437 / lib_ip.py:4248] black : variance --> out of range (variance = 1.467 / upper = 0.000 / lower = 0.000)
[20181106_110437 / lib_ip.py:4399] file : img.20181106_110434.2018-11-06_07-21-34_000.jpg.3.png 2 (black : variance --> out of range (variance = 1.467 / upper = 0.000 / lower = 0.000))
[20181106_110437 / lib_ip.py:2273] inspecting ===> img.20181106_110434.2018-11-06_07-21-34_000.jpg.4.png
[20181106_110437 / lib_ip.py:4331] 
img.20181106_110434.2018-11-06_07-21-34_000.jpg.4.png 3 ---------------------
[20181106_110437 / lib_ip.py:3794] file = img.20181106_110434.2018-11-06_07-21-34_000.jpg.4.png / val_Average = 24.9346	val_Variance = 0.3449	sd = 0.5872	max = 27	min = 23
[20181106_110437 / lib_ip.py:3877] len(Hs) = 8100, len(Ss) = 8100, len(Vs) = 8100
[20181106_110437 / lib_ip.py:3932] yellow : average --> out of range (average = 24.935 / upper = 99.200 / lower = 88.000)
[20181106_110437 / lib_ip.py:3794] file = img.20181106_110434.2018-11-06_07-21-34_000.jpg.4.png / val_Average = 24.9346	val_Variance = 0.3449	sd = 0.5872	max = 27	min = 23
[20181106_110437 / lib_ip.py:3977] len(Hs) = 8100, len(Ss) = 8100, len(Vs) = 8100
[20181106_110437 / lib_ip.py:4048] red : average --> out of range (average = 24.935 / upper = 124.000 / lower = 115.000)
[20181106_110437 / lib_ip.py:3794] file = img.20181106_110434.2018-11-06_07-21-34_000.jpg.4.png / val_Average = 24.9346	val_Variance = 0.3449	sd = 0.5872	max = 27	min = 23
[20181106_110437 / lib_ip.py:4090] len(Hs) = 8100, len(Ss) = 8100, len(Vs) = 8100
[20181106_110437 / lib_ip.py:4162] green : average --> out of range (average = 24.935 / upper = 83.000 / lower = 58.000)
[20181106_110437 / lib_ip.py:3794] file = img.20181106_110434.2018-11-06_07-21-34_000.jpg.4.png / val_Average = 24.9346	val_Variance = 0.3449	sd = 0.5872	max = 27	min = 23
[20181106_110437 / lib_ip.py:4204] len(Hs) = 8100, len(Ss) = 8100, len(Vs) = 8100
[20181106_110437 / lib_ip.py:4248] black : variance --> out of range (variance = 0.345 / upper = 0.000 / lower = 0.000)
[20181106_110437 / lib_ip.py:4399] file : img.20181106_110434.2018-11-06_07-21-34_000.jpg.4.png 3 (black : variance --> out of range (variance = 0.345 / upper = 0.000 / lower = 0.000))
[20181106_110437 / lib_ip.py:2273] inspecting ===> img.20181106_110434.2018-11-06_07-21-34_000.jpg.4.png
img.20181106_110434.2018-11-06_07-21-34_000.jpg.1.png => other
img.20181106_110434.2018-11-06_07-21-34_000.jpg.2.png => other
img.20181106_110434.2018-11-06_07-21-34_000.jpg.3.png => other
img.20181106_110434.2018-11-06_07-21-34_000.jpg.4.png => other
[20181106_110437 lib_ip.py:3300] =============== Get 4 corners
dpath_Images = C:\WORKS_2\WS\WS_Others.Art\JVEMV6\46_art\VIRTUAL\Admin_Projects\ip\images
fname_Image = img.20181106_110434.2018-11-06_07-21-34_000.jpg.4.png

[20181106_110438 / lib_ip.py:2273] inspecting ===> img.20181106_110438.2018-11-06_07-21-50_000.jpg.1.png
[20181106_110438 / lib_ip.py:4331] 
img.20181106_110438.2018-11-06_07-21-50_000.jpg.1.png 0 ---------------------
[20181106_110438 / lib_ip.py:3794] file = img.20181106_110438.2018-11-06_07-21-50_000.jpg.1.png / val_Average = 100.6468	val_Variance = 30.0840	sd = 5.4849	max = 120	min = 84
[20181106_110438 / lib_ip.py:3877] len(Hs) = 8100, len(Ss) = 8100, len(Vs) = 8100
[20181106_110438 / lib_ip.py:3910] yellow : variance --> out of range (variance = 30.084 / upper = 0.650 / lower = 0.000)
[20181106_110438 / lib_ip.py:3794] file = img.20181106_110438.2018-11-06_07-21-50_000.jpg.1.png / val_Average = 100.6468	val_Variance = 30.0840	sd = 5.4849	max = 120	min = 84
[20181106_110439 / lib_ip.py:3977] len(Hs) = 8100, len(Ss) = 8100, len(Vs) = 8100
[20181106_110439 / lib_ip.py:4023] red : variance --> out of range (variance = 30.084 / upper = 0.430 / lower = 0.000)
[20181106_110439 / lib_ip.py:3794] file = img.20181106_110438.2018-11-06_07-21-50_000.jpg.1.png / val_Average = 100.6468	val_Variance = 30.0840	sd = 5.4849	max = 120	min = 84
[20181106_110439 / lib_ip.py:4090] len(Hs) = 8100, len(Ss) = 8100, len(Vs) = 8100
[20181106_110439 / lib_ip.py:4137] green : variance --> out of range (variance = 30.084 / upper = 0.760 / lower = 0.000)
[20181106_110439 / lib_ip.py:3794] file = img.20181106_110438.2018-11-06_07-21-50_000.jpg.1.png / val_Average = 100.6468	val_Variance = 30.0840	sd = 5.4849	max = 120	min = 84
[20181106_110439 / lib_ip.py:4204] len(Hs) = 8100, len(Ss) = 8100, len(Vs) = 8100
[20181106_110439 / lib_ip.py:4248] black : variance --> out of range (variance = 30.084 / upper = 0.000 / lower = 0.000)
[20181106_110439 / lib_ip.py:4399] file : img.20181106_110438.2018-11-06_07-21-50_000.jpg.1.png 0 (black : variance --> out of range (variance = 30.084 / upper = 0.000 / lower = 0.000))
[20181106_110439 / lib_ip.py:2273] inspecting ===> img.20181106_110438.2018-11-06_07-21-50_000.jpg.2.png
[20181106_110439 / lib_ip.py:4331] 
img.20181106_110438.2018-11-06_07-21-50_000.jpg.2.png 1 ---------------------
[20181106_110439 / lib_ip.py:3794] file = img.20181106_110438.2018-11-06_07-21-50_000.jpg.2.png / val_Average = 99.6375	val_Variance = 14.0745	sd = 3.7516	max = 114	min = 84
[20181106_110439 / lib_ip.py:3877] len(Hs) = 8100, len(Ss) = 8100, len(Vs) = 8100
[20181106_110439 / lib_ip.py:3910] yellow : variance --> out of range (variance = 14.075 / upper = 0.650 / lower = 0.000)
[20181106_110439 / lib_ip.py:3794] file = img.20181106_110438.2018-11-06_07-21-50_000.jpg.2.png / val_Average = 99.6375	val_Variance = 14.0745	sd = 3.7516	max = 114	min = 84
[20181106_110439 / lib_ip.py:3977] len(Hs) = 8100, len(Ss) = 8100, len(Vs) = 8100
[20181106_110439 / lib_ip.py:4023] red : variance --> out of range (variance = 14.075 / upper = 0.430 / lower = 0.000)
[20181106_110439 / lib_ip.py:3794] file = img.20181106_110438.2018-11-06_07-21-50_000.jpg.2.png / val_Average = 99.6375	val_Variance = 14.0745	sd = 3.7516	max = 114	min = 84
[20181106_110439 / lib_ip.py:4090] len(Hs) = 8100, len(Ss) = 8100, len(Vs) = 8100
[20181106_110439 / lib_ip.py:4137] green : variance --> out of range (variance = 14.075 / upper = 0.760 / lower = 0.000)
[20181106_110440 / lib_ip.py:3794] file = img.20181106_110438.2018-11-06_07-21-50_000.jpg.2.png / val_Average = 99.6375	val_Variance = 14.0745	sd = 3.7516	max = 114	min = 84
[20181106_110440 / lib_ip.py:4204] len(Hs) = 8100, len(Ss) = 8100, len(Vs) = 8100
[20181106_110440 / lib_ip.py:4248] black : variance --> out of range (variance = 14.075 / upper = 0.000 / lower = 0.000)
[20181106_110440 / lib_ip.py:4399] file : img.20181106_110438.2018-11-06_07-21-50_000.jpg.2.png 1 (black : variance --> out of range (variance = 14.075 / upper = 0.000 / lower = 0.000))
[20181106_110440 / lib_ip.py:2273] inspecting ===> img.20181106_110438.2018-11-06_07-21-50_000.jpg.3.png
[20181106_110440 / lib_ip.py:4331] 
img.20181106_110438.2018-11-06_07-21-50_000.jpg.3.png 2 ---------------------
[20181106_110440 / lib_ip.py:3794] file = img.20181106_110438.2018-11-06_07-21-50_000.jpg.3.png / val_Average = 126.1412	val_Variance = 266.9386	sd = 16.3383	max = 169	min = 0
[20181106_110440 / lib_ip.py:3877] len(Hs) = 8100, len(Ss) = 8100, len(Vs) = 8100
[20181106_110440 / lib_ip.py:3910] yellow : variance --> out of range (variance = 266.939 / upper = 0.650 / lower = 0.000)
[20181106_110440 / lib_ip.py:3794] file = img.20181106_110438.2018-11-06_07-21-50_000.jpg.3.png / val_Average = 126.1412	val_Variance = 266.9386	sd = 16.3383	max = 169	min = 0
[20181106_110440 / lib_ip.py:3977] len(Hs) = 8100, len(Ss) = 8100, len(Vs) = 8100
[20181106_110440 / lib_ip.py:4023] red : variance --> out of range (variance = 266.939 / upper = 0.430 / lower = 0.000)
[20181106_110440 / lib_ip.py:3794] file = img.20181106_110438.2018-11-06_07-21-50_000.jpg.3.png / val_Average = 126.1412	val_Variance = 266.9386	sd = 16.3383	max = 169	min = 0
[20181106_110440 / lib_ip.py:4090] len(Hs) = 8100, len(Ss) = 8100, len(Vs) = 8100
[20181106_110440 / lib_ip.py:4137] green : variance --> out of range (variance = 266.939 / upper = 0.760 / lower = 0.000)
[20181106_110440 / lib_ip.py:3794] file = img.20181106_110438.2018-11-06_07-21-50_000.jpg.3.png / val_Average = 126.1412	val_Variance = 266.9386	sd = 16.3383	max = 169	min = 0
[20181106_110440 / lib_ip.py:4204] len(Hs) = 8100, len(Ss) = 8100, len(Vs) = 8100
[20181106_110440 / lib_ip.py:4248] black : variance --> out of range (variance = 266.939 / upper = 0.000 / lower = 0.000)
[20181106_110440 / lib_ip.py:4399] file : img.20181106_110438.2018-11-06_07-21-50_000.jpg.3.png 2 (black : variance --> out of range (variance = 266.939 / upper = 0.000 / lower = 0.000))
[20181106_110440 / lib_ip.py:2273] inspecting ===> img.20181106_110438.2018-11-06_07-21-50_000.jpg.4.png
[20181106_110441 / lib_ip.py:4331] 
img.20181106_110438.2018-11-06_07-21-50_000.jpg.4.png 3 ---------------------
[20181106_110441 / lib_ip.py:3794] file = img.20181106_110438.2018-11-06_07-21-50_000.jpg.4.png / val_Average = 114.6886	val_Variance = 73.6848	sd = 8.5840	max = 162	min = 87
[20181106_110441 / lib_ip.py:3877] len(Hs) = 8100, len(Ss) = 8100, len(Vs) = 8100
[20181106_110441 / lib_ip.py:3910] yellow : variance --> out of range (variance = 73.685 / upper = 0.650 / lower = 0.000)
[20181106_110441 / lib_ip.py:3794] file = img.20181106_110438.2018-11-06_07-21-50_000.jpg.4.png / val_Average = 114.6886	val_Variance = 73.6848	sd = 8.5840	max = 162	min = 87
[20181106_110441 / lib_ip.py:3977] len(Hs) = 8100, len(Ss) = 8100, len(Vs) = 8100
[20181106_110441 / lib_ip.py:4023] red : variance --> out of range (variance = 73.685 / upper = 0.430 / lower = 0.000)
[20181106_110441 / lib_ip.py:3794] file = img.20181106_110438.2018-11-06_07-21-50_000.jpg.4.png / val_Average = 114.6886	val_Variance = 73.6848	sd = 8.5840	max = 162	min = 87
[20181106_110441 / lib_ip.py:4090] len(Hs) = 8100, len(Ss) = 8100, len(Vs) = 8100
[20181106_110441 / lib_ip.py:4137] green : variance --> out of range (variance = 73.685 / upper = 0.760 / lower = 0.000)
[20181106_110441 / lib_ip.py:3794] file = img.20181106_110438.2018-11-06_07-21-50_000.jpg.4.png / val_Average = 114.6886	val_Variance = 73.6848	sd = 8.5840	max = 162	min = 87
[20181106_110441 / lib_ip.py:4204] len(Hs) = 8100, len(Ss) = 8100, len(Vs) = 8100
[20181106_110441 / lib_ip.py:4248] black : variance --> out of range (variance = 73.685 / upper = 0.000 / lower = 0.000)
[20181106_110441 / lib_ip.py:4399] file : img.20181106_110438.2018-11-06_07-21-50_000.jpg.4.png 3 (black : variance --> out of range (variance = 73.685 / upper = 0.000 / lower = 0.000))
[20181106_110440 / lib_ip.py:2273] inspecting ===> img.20181106_110438.2018-11-06_07-21-50_000.jpg.4.png
img.20181106_110438.2018-11-06_07-21-50_000.jpg.1.png => other
img.20181106_110438.2018-11-06_07-21-50_000.jpg.2.png => other
img.20181106_110438.2018-11-06_07-21-50_000.jpg.3.png => other
img.20181106_110438.2018-11-06_07-21-50_000.jpg.4.png => other
[20181106_110441 lib_ip.py:3300] =============== Get 4 corners
dpath_Images = C:\WORKS_2\WS\WS_Others.Art\JVEMV6\46_art\VIRTUAL\Admin_Projects\ip\images
fname_Image = img.20181106_110438.2018-11-06_07-21-50_000.jpg.4.png

[20181106_110442 / lib_ip.py:2273] inspecting ===> img.20181106_110442.2018-11-06_07-21-51_000.jpg.1.png
[20181106_110442 / lib_ip.py:4331] 
img.20181106_110442.2018-11-06_07-21-51_000.jpg.1.png 0 ---------------------
[20181106_110442 / lib_ip.py:3794] file = img.20181106_110442.2018-11-06_07-21-51_000.jpg.1.png / val_Average = 90.4217	val_Variance = 96.3044	sd = 9.8135	max = 160	min = 0
[20181106_110442 / lib_ip.py:3877] len(Hs) = 8100, len(Ss) = 8100, len(Vs) = 8100
[20181106_110442 / lib_ip.py:3910] yellow : variance --> out of range (variance = 96.304 / upper = 0.650 / lower = 0.000)
[20181106_110442 / lib_ip.py:3794] file = img.20181106_110442.2018-11-06_07-21-51_000.jpg.1.png / val_Average = 90.4217	val_Variance = 96.3044	sd = 9.8135	max = 160	min = 0
[20181106_110442 / lib_ip.py:3977] len(Hs) = 8100, len(Ss) = 8100, len(Vs) = 8100
[20181106_110442 / lib_ip.py:4023] red : variance --> out of range (variance = 96.304 / upper = 0.430 / lower = 0.000)
[20181106_110442 / lib_ip.py:3794] file = img.20181106_110442.2018-11-06_07-21-51_000.jpg.1.png / val_Average = 90.4217	val_Variance = 96.3044	sd = 9.8135	max = 160	min = 0
[20181106_110443 / lib_ip.py:4090] len(Hs) = 8100, len(Ss) = 8100, len(Vs) = 8100
[20181106_110443 / lib_ip.py:4137] green : variance --> out of range (variance = 96.304 / upper = 0.760 / lower = 0.000)
[20181106_110443 / lib_ip.py:3794] file = img.20181106_110442.2018-11-06_07-21-51_000.jpg.1.png / val_Average = 90.4217	val_Variance = 96.3044	sd = 9.8135	max = 160	min = 0
[20181106_110443 / lib_ip.py:4204] len(Hs) = 8100, len(Ss) = 8100, len(Vs) = 8100
[20181106_110443 / lib_ip.py:4248] black : variance --> out of range (variance = 96.304 / upper = 0.000 / lower = 0.000)
[20181106_110443 / lib_ip.py:4399] file : img.20181106_110442.2018-11-06_07-21-51_000.jpg.1.png 0 (black : variance --> out of range (variance = 96.304 / upper = 0.000 / lower = 0.000))
[20181106_110443 / lib_ip.py:2273] inspecting ===> img.20181106_110442.2018-11-06_07-21-51_000.jpg.2.png
[20181106_110443 / lib_ip.py:4331] 
img.20181106_110442.2018-11-06_07-21-51_000.jpg.2.png 1 ---------------------
[20181106_110443 / lib_ip.py:3794] file = img.20181106_110442.2018-11-06_07-21-51_000.jpg.2.png / val_Average = 84.2863	val_Variance = 49.9885	sd = 7.0703	max = 135	min = 0
[20181106_110443 / lib_ip.py:3877] len(Hs) = 8100, len(Ss) = 8100, len(Vs) = 8100
[20181106_110443 / lib_ip.py:3910] yellow : variance --> out of range (variance = 49.989 / upper = 0.650 / lower = 0.000)
[20181106_110443 / lib_ip.py:3794] file = img.20181106_110442.2018-11-06_07-21-51_000.jpg.2.png / val_Average = 84.2863	val_Variance = 49.9885	sd = 7.0703	max = 135	min = 0
[20181106_110443 / lib_ip.py:3977] len(Hs) = 8100, len(Ss) = 8100, len(Vs) = 8100
[20181106_110443 / lib_ip.py:4023] red : variance --> out of range (variance = 49.989 / upper = 0.430 / lower = 0.000)
[20181106_110443 / lib_ip.py:3794] file = img.20181106_110442.2018-11-06_07-21-51_000.jpg.2.png / val_Average = 84.2863	val_Variance = 49.9885	sd = 7.0703	max = 135	min = 0
[20181106_110443 / lib_ip.py:4090] len(Hs) = 8100, len(Ss) = 8100, len(Vs) = 8100
[20181106_110444 / lib_ip.py:4137] green : variance --> out of range (variance = 49.989 / upper = 0.760 / lower = 0.000)
[20181106_110444 / lib_ip.py:3794] file = img.20181106_110442.2018-11-06_07-21-51_000.jpg.2.png / val_Average = 84.2863	val_Variance = 49.9885	sd = 7.0703	max = 135	min = 0
[20181106_110444 / lib_ip.py:4204] len(Hs) = 8100, len(Ss) = 8100, len(Vs) = 8100
[20181106_110444 / lib_ip.py:4248] black : variance --> out of range (variance = 49.989 / upper = 0.000 / lower = 0.000)
[20181106_110444 / lib_ip.py:4399] file : img.20181106_110442.2018-11-06_07-21-51_000.jpg.2.png 1 (black : variance --> out of range (variance = 49.989 / upper = 0.000 / lower = 0.000))
[20181106_110444 / lib_ip.py:2273] inspecting ===> img.20181106_110442.2018-11-06_07-21-51_000.jpg.3.png
[20181106_110444 / lib_ip.py:4331] 
img.20181106_110442.2018-11-06_07-21-51_000.jpg.3.png 2 ---------------------
[20181106_110444 / lib_ip.py:3794] file = img.20181106_110442.2018-11-06_07-21-51_000.jpg.3.png / val_Average = 103.0920	val_Variance = 90.2122	sd = 9.4980	max = 144	min = 0
[20181106_110444 / lib_ip.py:3877] len(Hs) = 8100, len(Ss) = 8100, len(Vs) = 8100
[20181106_110444 / lib_ip.py:3910] yellow : variance --> out of range (variance = 90.212 / upper = 0.650 / lower = 0.000)
[20181106_110444 / lib_ip.py:3794] file = img.20181106_110442.2018-11-06_07-21-51_000.jpg.3.png / val_Average = 103.0920	val_Variance = 90.2122	sd = 9.4980	max = 144	min = 0
[20181106_110444 / lib_ip.py:3977] len(Hs) = 8100, len(Ss) = 8100, len(Vs) = 8100
[20181106_110444 / lib_ip.py:4023] red : variance --> out of range (variance = 90.212 / upper = 0.430 / lower = 0.000)
[20181106_110444 / lib_ip.py:3794] file = img.20181106_110442.2018-11-06_07-21-51_000.jpg.3.png / val_Average = 103.0920	val_Variance = 90.2122	sd = 9.4980	max = 144	min = 0
[20181106_110444 / lib_ip.py:4090] len(Hs) = 8100, len(Ss) = 8100, len(Vs) = 8100
[20181106_110444 / lib_ip.py:4137] green : variance --> out of range (variance = 90.212 / upper = 0.760 / lower = 0.000)
[20181106_110444 / lib_ip.py:3794] file = img.20181106_110442.2018-11-06_07-21-51_000.jpg.3.png / val_Average = 103.0920	val_Variance = 90.2122	sd = 9.4980	max = 144	min = 0
[20181106_110444 / lib_ip.py:4204] len(Hs) = 8100, len(Ss) = 8100, len(Vs) = 8100
[20181106_110444 / lib_ip.py:4248] black : variance --> out of range (variance = 90.212 / upper = 0.000 / lower = 0.000)
[20181106_110444 / lib_ip.py:4399] file : img.20181106_110442.2018-11-06_07-21-51_000.jpg.3.png 2 (black : variance --> out of range (variance = 90.212 / upper = 0.000 / lower = 0.000))
[20181106_110444 / lib_ip.py:2273] inspecting ===> img.20181106_110442.2018-11-06_07-21-51_000.jpg.4.png
[20181106_110445 / lib_ip.py:4331] 
img.20181106_110442.2018-11-06_07-21-51_000.jpg.4.png 3 ---------------------
[20181106_110445 / lib_ip.py:3794] file = img.20181106_110442.2018-11-06_07-21-51_000.jpg.4.png / val_Average = 104.9546	val_Variance = 20.6392	sd = 4.5430	max = 128	min = 85
[20181106_110445 / lib_ip.py:3877] len(Hs) = 8100, len(Ss) = 8100, len(Vs) = 8100
[20181106_110445 / lib_ip.py:3910] yellow : variance --> out of range (variance = 20.639 / upper = 0.650 / lower = 0.000)
[20181106_110445 / lib_ip.py:3794] file = img.20181106_110442.2018-11-06_07-21-51_000.jpg.4.png / val_Average = 104.9546	val_Variance = 20.6392	sd = 4.5430	max = 128	min = 85
[20181106_110445 / lib_ip.py:3977] len(Hs) = 8100, len(Ss) = 8100, len(Vs) = 8100
[20181106_110445 / lib_ip.py:4023] red : variance --> out of range (variance = 20.639 / upper = 0.430 / lower = 0.000)
[20181106_110445 / lib_ip.py:3794] file = img.20181106_110442.2018-11-06_07-21-51_000.jpg.4.png / val_Average = 104.9546	val_Variance = 20.6392	sd = 4.5430	max = 128	min = 85
[20181106_110445 / lib_ip.py:4090] len(Hs) = 8100, len(Ss) = 8100, len(Vs) = 8100
[20181106_110445 / lib_ip.py:4137] green : variance --> out of range (variance = 20.639 / upper = 0.760 / lower = 0.000)
[20181106_110445 / lib_ip.py:3794] file = img.20181106_110442.2018-11-06_07-21-51_000.jpg.4.png / val_Average = 104.9546	val_Variance = 20.6392	sd = 4.5430	max = 128	min = 85
[20181106_110445 / lib_ip.py:4204] len(Hs) = 8100, len(Ss) = 8100, len(Vs) = 8100
[20181106_110445 / lib_ip.py:4248] black : variance --> out of range (variance = 20.639 / upper = 0.000 / lower = 0.000)
[20181106_110445 / lib_ip.py:4399] file : img.20181106_110442.2018-11-06_07-21-51_000.jpg.4.png 3 (black : variance --> out of range (variance = 20.639 / upper = 0.000 / lower = 0.000))
[20181106_110444 / lib_ip.py:2273] inspecting ===> img.20181106_110442.2018-11-06_07-21-51_000.jpg.4.png
img.20181106_110442.2018-11-06_07-21-51_000.jpg.1.png => other
img.20181106_110442.2018-11-06_07-21-51_000.jpg.2.png => other
img.20181106_110442.2018-11-06_07-21-51_000.jpg.3.png => other
img.20181106_110442.2018-11-06_07-21-51_000.jpg.4.png => other
[20181106_110445 lib_ip.py:3300] =============== Get 4 corners
dpath_Images = C:\WORKS_2\WS\WS_Others.Art\JVEMV6\46_art\VIRTUAL\Admin_Projects\ip\images
fname_Image = img.20181106_110442.2018-11-06_07-21-51_000.jpg.4.png

[20181106_110446 / lib_ip.py:2273] inspecting ===> img.20181106_110446.2018-11-06_09-54-24_000.jpg.1.png
[20181106_110446 / lib_ip.py:4331] 
img.20181106_110446.2018-11-06_09-54-24_000.jpg.1.png 0 ---------------------
[20181106_110446 / lib_ip.py:3794] file = img.20181106_110446.2018-11-06_09-54-24_000.jpg.1.png / val_Average = 63.9777	val_Variance = 2557.5273	sd = 50.5720	max = 176	min = 0
[20181106_110446 / lib_ip.py:3877] len(Hs) = 8100, len(Ss) = 8100, len(Vs) = 8100
[20181106_110446 / lib_ip.py:3910] yellow : variance --> out of range (variance = 2557.527 / upper = 0.650 / lower = 0.000)
[20181106_110446 / lib_ip.py:3794] file = img.20181106_110446.2018-11-06_09-54-24_000.jpg.1.png / val_Average = 63.9777	val_Variance = 2557.5273	sd = 50.5720	max = 176	min = 0
[20181106_110446 / lib_ip.py:3977] len(Hs) = 8100, len(Ss) = 8100, len(Vs) = 8100
[20181106_110446 / lib_ip.py:4023] red : variance --> out of range (variance = 2557.527 / upper = 0.430 / lower = 0.000)
[20181106_110446 / lib_ip.py:3794] file = img.20181106_110446.2018-11-06_09-54-24_000.jpg.1.png / val_Average = 63.9777	val_Variance = 2557.5273	sd = 50.5720	max = 176	min = 0
[20181106_110446 / lib_ip.py:4090] len(Hs) = 8100, len(Ss) = 8100, len(Vs) = 8100
[20181106_110446 / lib_ip.py:4137] green : variance --> out of range (variance = 2557.527 / upper = 0.760 / lower = 0.000)
[20181106_110446 / lib_ip.py:3794] file = img.20181106_110446.2018-11-06_09-54-24_000.jpg.1.png / val_Average = 63.9777	val_Variance = 2557.5273	sd = 50.5720	max = 176	min = 0
[20181106_110446 / lib_ip.py:4204] len(Hs) = 8100, len(Ss) = 8100, len(Vs) = 8100
[20181106_110447 / lib_ip.py:4248] black : variance --> out of range (variance = 2557.527 / upper = 0.000 / lower = 0.000)
[20181106_110447 / lib_ip.py:4399] file : img.20181106_110446.2018-11-06_09-54-24_000.jpg.1.png 0 (black : variance --> out of range (variance = 2557.527 / upper = 0.000 / lower = 0.000))
[20181106_110447 / lib_ip.py:2273] inspecting ===> img.20181106_110446.2018-11-06_09-54-24_000.jpg.2.png
[20181106_110447 / lib_ip.py:4331] 
img.20181106_110446.2018-11-06_09-54-24_000.jpg.2.png 1 ---------------------
[20181106_110447 / lib_ip.py:3794] file = img.20181106_110446.2018-11-06_09-54-24_000.jpg.2.png / val_Average = 109.5875	val_Variance = 2.1537	sd = 1.4675	max = 116	min = 105
[20181106_110447 / lib_ip.py:3877] len(Hs) = 8100, len(Ss) = 8100, len(Vs) = 8100
[20181106_110447 / lib_ip.py:3910] yellow : variance --> out of range (variance = 2.154 / upper = 0.650 / lower = 0.000)
[20181106_110447 / lib_ip.py:3794] file = img.20181106_110446.2018-11-06_09-54-24_000.jpg.2.png / val_Average = 109.5875	val_Variance = 2.1537	sd = 1.4675	max = 116	min = 105
[20181106_110447 / lib_ip.py:3977] len(Hs) = 8100, len(Ss) = 8100, len(Vs) = 8100
[20181106_110447 / lib_ip.py:4023] red : variance --> out of range (variance = 2.154 / upper = 0.430 / lower = 0.000)
[20181106_110447 / lib_ip.py:3794] file = img.20181106_110446.2018-11-06_09-54-24_000.jpg.2.png / val_Average = 109.5875	val_Variance = 2.1537	sd = 1.4675	max = 116	min = 105
[20181106_110447 / lib_ip.py:4090] len(Hs) = 8100, len(Ss) = 8100, len(Vs) = 8100
[20181106_110447 / lib_ip.py:4137] green : variance --> out of range (variance = 2.154 / upper = 0.760 / lower = 0.000)
[20181106_110447 / lib_ip.py:3794] file = img.20181106_110446.2018-11-06_09-54-24_000.jpg.2.png / val_Average = 109.5875	val_Variance = 2.1537	sd = 1.4675	max = 116	min = 105
[20181106_110447 / lib_ip.py:4204] len(Hs) = 8100, len(Ss) = 8100, len(Vs) = 8100
[20181106_110447 / lib_ip.py:4248] black : variance --> out of range (variance = 2.154 / upper = 0.000 / lower = 0.000)
[20181106_110447 / lib_ip.py:4399] file : img.20181106_110446.2018-11-06_09-54-24_000.jpg.2.png 1 (black : variance --> out of range (variance = 2.154 / upper = 0.000 / lower = 0.000))
[20181106_110447 / lib_ip.py:2273] inspecting ===> img.20181106_110446.2018-11-06_09-54-24_000.jpg.3.png
[20181106_110448 / lib_ip.py:4331] 
img.20181106_110446.2018-11-06_09-54-24_000.jpg.3.png 2 ---------------------
[20181106_110448 / lib_ip.py:3794] file = img.20181106_110446.2018-11-06_09-54-24_000.jpg.3.png / val_Average = 36.5005	val_Variance = 3555.2078	sd = 59.6256	max = 174	min = 0
[20181106_110448 / lib_ip.py:3877] len(Hs) = 8100, len(Ss) = 8100, len(Vs) = 8100
[20181106_110448 / lib_ip.py:3910] yellow : variance --> out of range (variance = 3555.208 / upper = 0.650 / lower = 0.000)
[20181106_110448 / lib_ip.py:3794] file = img.20181106_110446.2018-11-06_09-54-24_000.jpg.3.png / val_Average = 36.5005	val_Variance = 3555.2078	sd = 59.6256	max = 174	min = 0
[20181106_110448 / lib_ip.py:3977] len(Hs) = 8100, len(Ss) = 8100, len(Vs) = 8100
[20181106_110448 / lib_ip.py:4023] red : variance --> out of range (variance = 3555.208 / upper = 0.430 / lower = 0.000)
[20181106_110448 / lib_ip.py:3794] file = img.20181106_110446.2018-11-06_09-54-24_000.jpg.3.png / val_Average = 36.5005	val_Variance = 3555.2078	sd = 59.6256	max = 174	min = 0
[20181106_110448 / lib_ip.py:4090] len(Hs) = 8100, len(Ss) = 8100, len(Vs) = 8100
[20181106_110448 / lib_ip.py:4137] green : variance --> out of range (variance = 3555.208 / upper = 0.760 / lower = 0.000)
[20181106_110448 / lib_ip.py:3794] file = img.20181106_110446.2018-11-06_09-54-24_000.jpg.3.png / val_Average = 36.5005	val_Variance = 3555.2078	sd = 59.6256	max = 174	min = 0
[20181106_110448 / lib_ip.py:4204] len(Hs) = 8100, len(Ss) = 8100, len(Vs) = 8100
[20181106_110448 / lib_ip.py:4248] black : variance --> out of range (variance = 3555.208 / upper = 0.000 / lower = 0.000)
[20181106_110448 / lib_ip.py:4399] file : img.20181106_110446.2018-11-06_09-54-24_000.jpg.3.png 2 (black : variance --> out of range (variance = 3555.208 / upper = 0.000 / lower = 0.000))
[20181106_110448 / lib_ip.py:2273] inspecting ===> img.20181106_110446.2018-11-06_09-54-24_000.jpg.4.png
[20181106_110448 / lib_ip.py:4331] 
img.20181106_110446.2018-11-06_09-54-24_000.jpg.4.png 3 ---------------------
[20181106_110449 / lib_ip.py:3794] file = img.20181106_110446.2018-11-06_09-54-24_000.jpg.4.png / val_Average = 119.2805	val_Variance = 8.7816	sd = 2.9634	max = 126	min = 112
[20181106_110449 / lib_ip.py:3877] len(Hs) = 8100, len(Ss) = 8100, len(Vs) = 8100
[20181106_110449 / lib_ip.py:3910] yellow : variance --> out of range (variance = 8.782 / upper = 0.650 / lower = 0.000)
[20181106_110449 / lib_ip.py:3794] file = img.20181106_110446.2018-11-06_09-54-24_000.jpg.4.png / val_Average = 119.2805	val_Variance = 8.7816	sd = 2.9634	max = 126	min = 112
[20181106_110449 / lib_ip.py:3977] len(Hs) = 8100, len(Ss) = 8100, len(Vs) = 8100
[20181106_110449 / lib_ip.py:4023] red : variance --> out of range (variance = 8.782 / upper = 0.430 / lower = 0.000)
[20181106_110449 / lib_ip.py:3794] file = img.20181106_110446.2018-11-06_09-54-24_000.jpg.4.png / val_Average = 119.2805	val_Variance = 8.7816	sd = 2.9634	max = 126	min = 112
[20181106_110449 / lib_ip.py:4090] len(Hs) = 8100, len(Ss) = 8100, len(Vs) = 8100
[20181106_110449 / lib_ip.py:4137] green : variance --> out of range (variance = 8.782 / upper = 0.760 / lower = 0.000)
[20181106_110449 / lib_ip.py:3794] file = img.20181106_110446.2018-11-06_09-54-24_000.jpg.4.png / val_Average = 119.2805	val_Variance = 8.7816	sd = 2.9634	max = 126	min = 112
[20181106_110449 / lib_ip.py:4204] len(Hs) = 8100, len(Ss) = 8100, len(Vs) = 8100
[20181106_110449 / lib_ip.py:4248] black : variance --> out of range (variance = 8.782 / upper = 0.000 / lower = 0.000)
[20181106_110449 / lib_ip.py:4399] file : img.20181106_110446.2018-11-06_09-54-24_000.jpg.4.png 3 (black : variance --> out of range (variance = 8.782 / upper = 0.000 / lower = 0.000))
[20181106_110448 / lib_ip.py:2273] inspecting ===> img.20181106_110446.2018-11-06_09-54-24_000.jpg.4.png
img.20181106_110446.2018-11-06_09-54-24_000.jpg.1.png => other
img.20181106_110446.2018-11-06_09-54-24_000.jpg.2.png => other
img.20181106_110446.2018-11-06_09-54-24_000.jpg.3.png => other
img.20181106_110446.2018-11-06_09-54-24_000.jpg.4.png => other
[20181106_110449 lib_ip.py:3300] =============== Get 4 corners
dpath_Images = C:\WORKS_2\WS\WS_Others.Art\JVEMV6\46_art\VIRTUAL\Admin_Projects\ip\images
fname_Image = img.20181106_110446.2018-11-06_09-54-24_000.jpg.4.png

[20181106_110449 / views.py:1411] gen csv => complete (20181106_110449)(elapsed = 41.752 sec / 11 files / 3.796 sec per file)
1)	2018-11-05_14-29-44_000.jpg => 	other other green green 
2)	2018-11-05_15-19-31_000.jpg => 	other other green red 
3)	2018-11-05_16-52-59_000.jpg => 	other other green red 
4)	2018-11-05_16-53-27_000.jpg => 	other other green red 
5)	2018-11-05_20-08-57_000.jpg => 	other other yellow other 
6)	2018-11-05_22-16-31_000.jpg => 	other other other other 
7)	2018-11-06_07-21-25_000.jpg => 	other other other other 
8)	2018-11-06_07-21-34_000.jpg => 	other other other other 
9)	2018-11-06_07-21-50_000.jpg => 	other other other other 
10)	2018-11-06_07-21-51_000.jpg => 	other other other other 
11)	2018-11-06_09-54-24_000.jpg => 	other other other other 
[20181106_110449 / views.py:1797] lo_ColorName_Set__Modified_2 =>
1)	2018-11-05_14-29-44_000.jpg => 	g g o o 
2)	2018-11-05_15-19-31_000.jpg => 	g o o r 
3)	2018-11-05_16-52-59_000.jpg => 	g o o r 
4)	2018-11-05_16-53-27_000.jpg => 	g o o r 
5)	2018-11-05_20-08-57_000.jpg => 	o o o y 
6)	2018-11-05_22-16-31_000.jpg => 	o o o o 
7)	2018-11-06_07-21-25_000.jpg => 	o o o o 
8)	2018-11-06_07-21-34_000.jpg => 	o o o o 
9)	2018-11-06_07-21-50_000.jpg => 	o o o o 
10)	2018-11-06_07-21-51_000.jpg => 	o o o o 
11)	2018-11-06_09-54-24_000.jpg => 	o o o o 
[20181106_110450 / views.py:1908] gen_Cake_CSV(request) ==> ending... =======================//

