[20190117_073512 / views.py:1878] exec_get_4_corners(request) ================================
[20190117_073515 / lib_ip.py:1961] lo_Color_Names =>
img.20190117_073513.2019-01-15_10-06-18_000.jpg.1.png => other
img.20190117_073513.2019-01-15_10-06-18_000.jpg.2.png => other
img.20190117_073513.2019-01-15_10-06-18_000.jpg.3.png => other
img.20190117_073513.2019-01-15_10-06-18_000.jpg.4.png => other
[20190117_073515 / lib_ip.py:4399] 
2019-01-15_10-06-18_000.jpg 0 ---------------------
[20190117_073515 / lib_ip.py:3753] file = 2019-01-15_10-06-18_000.jpg / val_Average = 104.2204	val_Variance = 2.2940	sd = 1.5146	max = 109	min = 99
[20190117_073515 / lib_ip.py:3836] len(Hs) = 8100, len(Ss) = 8100, len(Vs) = 8100
[20190117_073516 / lib_ip.py:3869] yellow : variance --> out of range (variance = 2.294 / upper = 0.650 / lower = 0.000)
[20190117_073516 / lib_ip.py:3753] file = 2019-01-15_10-06-18_000.jpg / val_Average = 104.2204	val_Variance = 2.2940	sd = 1.5146	max = 109	min = 99
[20190117_073516 / lib_ip.py:3936] len(Hs) = 8100, len(Ss) = 8100, len(Vs) = 8100
[20190117_073516 / lib_ip.py:3982] red : variance --> out of range (variance = 2.294 / upper = 0.430 / lower = 0.000)
[20190117_073516 / lib_ip.py:3753] file = 2019-01-15_10-06-18_000.jpg / val_Average = 104.2204	val_Variance = 2.2940	sd = 1.5146	max = 109	min = 99
[20190117_073516 / lib_ip.py:4052] len(Hs) = 8100, len(Ss) = 8100, len(Vs) = 8100
[20190117_073516 / lib_ip.py:4099] green : variance --> out of range (variance = 2.294 / upper = 0.760 / lower = 0.000)
[20190117_073516 / lib_ip.py:3753] file = 2019-01-15_10-06-18_000.jpg / val_Average = 104.2204	val_Variance = 2.2940	sd = 1.5146	max = 109	min = 99
[20190117_073516 / lib_ip.py:4169] len(Hs) = 8100, len(Ss) = 8100, len(Vs) = 8100
[20190117_073516 / lib_ip.py:4208] blue : variance --> out of range (variance = 2.294 / upper = 0.930 / lower = 0.010)
[20190117_073516 / lib_ip.py:3753] file = 2019-01-15_10-06-18_000.jpg / val_Average = 104.2204	val_Variance = 2.2940	sd = 1.5146	max = 109	min = 99
[20190117_073516 / lib_ip.py:4272] len(Hs) = 8100, len(Ss) = 8100, len(Vs) = 8100
[20190117_073516 / lib_ip.py:4316] black : variance --> out of range (variance = 2.294 / upper = 0.000 / lower = 0.000)
[20190117_073516 / lib_ip.py:4477] file : 2019-01-15_10-06-18_000.jpg 0 (black : variance --> out of range (variance = 2.294 / upper = 0.000 / lower = 0.000))
[20190117_073516 / lib_ip.py:4399] 
2019-01-15_10-06-18_000.jpg 1 ---------------------
[20190117_073517 / lib_ip.py:3753] file = 2019-01-15_10-06-18_000.jpg / val_Average = 67.1420	val_Variance = 696.6371	sd = 26.3939	max = 135	min = 0
[20190117_073517 / lib_ip.py:3836] len(Hs) = 8100, len(Ss) = 8100, len(Vs) = 8100
[20190117_073517 / lib_ip.py:3869] yellow : variance --> out of range (variance = 696.637 / upper = 0.650 / lower = 0.000)
[20190117_073517 / lib_ip.py:3753] file = 2019-01-15_10-06-18_000.jpg / val_Average = 67.1420	val_Variance = 696.6371	sd = 26.3939	max = 135	min = 0
[20190117_073517 / lib_ip.py:3936] len(Hs) = 8100, len(Ss) = 8100, len(Vs) = 8100
[20190117_073517 / lib_ip.py:3982] red : variance --> out of range (variance = 696.637 / upper = 0.430 / lower = 0.000)
[20190117_073517 / lib_ip.py:3753] file = 2019-01-15_10-06-18_000.jpg / val_Average = 67.1420	val_Variance = 696.6371	sd = 26.3939	max = 135	min = 0
[20190117_073517 / lib_ip.py:4052] len(Hs) = 8100, len(Ss) = 8100, len(Vs) = 8100
[20190117_073517 / lib_ip.py:4099] green : variance --> out of range (variance = 696.637 / upper = 0.760 / lower = 0.000)
[20190117_073517 / lib_ip.py:3753] file = 2019-01-15_10-06-18_000.jpg / val_Average = 67.1420	val_Variance = 696.6371	sd = 26.3939	max = 135	min = 0
[20190117_073517 / lib_ip.py:4169] len(Hs) = 8100, len(Ss) = 8100, len(Vs) = 8100
[20190117_073517 / lib_ip.py:4208] blue : variance --> out of range (variance = 696.637 / upper = 0.930 / lower = 0.010)
[20190117_073517 / lib_ip.py:3753] file = 2019-01-15_10-06-18_000.jpg / val_Average = 67.1420	val_Variance = 696.6371	sd = 26.3939	max = 135	min = 0
[20190117_073517 / lib_ip.py:4272] len(Hs) = 8100, len(Ss) = 8100, len(Vs) = 8100
[20190117_073517 / lib_ip.py:4316] black : variance --> out of range (variance = 696.637 / upper = 0.000 / lower = 0.000)
[20190117_073517 / lib_ip.py:4477] file : 2019-01-15_10-06-18_000.jpg 1 (black : variance --> out of range (variance = 696.637 / upper = 0.000 / lower = 0.000))
[20190117_073517 / lib_ip.py:4399] 
2019-01-15_10-06-18_000.jpg 2 ---------------------
[20190117_073517 / lib_ip.py:3753] file = 2019-01-15_10-06-18_000.jpg / val_Average = 0.0000	val_Variance = 0.0000	sd = 0.0000	max = 0	min = 0
[20190117_073517 / lib_ip.py:3836] len(Hs) = 8100, len(Ss) = 8100, len(Vs) = 8100
[20190117_073517 / lib_ip.py:3891] yellow : average --> out of range (average = 0.000 / upper = 99.200 / lower = 85.500)
[20190117_073518 / lib_ip.py:3753] file = 2019-01-15_10-06-18_000.jpg / val_Average = 0.0000	val_Variance = 0.0000	sd = 0.0000	max = 0	min = 0
[20190117_073518 / lib_ip.py:3936] len(Hs) = 8100, len(Ss) = 8100, len(Vs) = 8100
[20190117_073518 / lib_ip.py:4007] red : average --> out of range (average = 0.000 / upper = 124.000 / lower = 115.000)
[20190117_073518 / lib_ip.py:3753] file = 2019-01-15_10-06-18_000.jpg / val_Average = 0.0000	val_Variance = 0.0000	sd = 0.0000	max = 0	min = 0
[20190117_073518 / lib_ip.py:4052] len(Hs) = 8100, len(Ss) = 8100, len(Vs) = 8100
[20190117_073518 / lib_ip.py:4124] green : average --> out of range (average = 0.000 / upper = 83.000 / lower = 58.000)
[20190117_073518 / lib_ip.py:3753] file = 2019-01-15_10-06-18_000.jpg / val_Average = 0.0000	val_Variance = 0.0000	sd = 0.0000	max = 0	min = 0
[20190117_073518 / lib_ip.py:4169] len(Hs) = 8100, len(Ss) = 8100, len(Vs) = 8100
[20190117_073518 / lib_ip.py:4208] blue : variance --> out of range (variance = 0.000 / upper = 0.930 / lower = 0.010)
[20190117_073518 / lib_ip.py:3753] file = 2019-01-15_10-06-18_000.jpg / val_Average = 0.0000	val_Variance = 0.0000	sd = 0.0000	max = 0	min = 0
[20190117_073518 / lib_ip.py:4272] len(Hs) = 8100, len(Ss) = 8100, len(Vs) = 8100
[20190117_073518 / lib_ip.py:4399] 
2019-01-15_10-06-18_000.jpg 3 ---------------------
[20190117_073518 / lib_ip.py:3753] file = 2019-01-15_10-06-18_000.jpg / val_Average = 91.0421	val_Variance = 0.8791	sd = 0.9376	max = 92	min = 90
[20190117_073518 / lib_ip.py:3836] len(Hs) = 8100, len(Ss) = 8100, len(Vs) = 8100
[20190117_073518 / lib_ip.py:3869] yellow : variance --> out of range (variance = 0.879 / upper = 0.650 / lower = 0.000)
[20190117_073519 / lib_ip.py:3753] file = 2019-01-15_10-06-18_000.jpg / val_Average = 91.0421	val_Variance = 0.8791	sd = 0.9376	max = 92	min = 90
[20190117_073519 / lib_ip.py:3936] len(Hs) = 8100, len(Ss) = 8100, len(Vs) = 8100
[20190117_073519 / lib_ip.py:3982] red : variance --> out of range (variance = 0.879 / upper = 0.430 / lower = 0.000)
[20190117_073519 / lib_ip.py:3753] file = 2019-01-15_10-06-18_000.jpg / val_Average = 91.0421	val_Variance = 0.8791	sd = 0.9376	max = 92	min = 90
[20190117_073519 / lib_ip.py:4052] len(Hs) = 8100, len(Ss) = 8100, len(Vs) = 8100
[20190117_073519 / lib_ip.py:4099] green : variance --> out of range (variance = 0.879 / upper = 0.760 / lower = 0.000)
[20190117_073519 / lib_ip.py:3753] file = 2019-01-15_10-06-18_000.jpg / val_Average = 91.0421	val_Variance = 0.8791	sd = 0.9376	max = 92	min = 90
[20190117_073519 / lib_ip.py:4169] len(Hs) = 8100, len(Ss) = 8100, len(Vs) = 8100
[20190117_073519 / lib_ip.py:4230] blue : average --> out of range (average = 91.042 / upper = 17.000 / lower = 8.850)
[20190117_073519 / lib_ip.py:3753] file = 2019-01-15_10-06-18_000.jpg / val_Average = 91.0421	val_Variance = 0.8791	sd = 0.9376	max = 92	min = 90
[20190117_073519 / lib_ip.py:4272] len(Hs) = 8100, len(Ss) = 8100, len(Vs) = 8100
[20190117_073519 / lib_ip.py:4316] black : variance --> out of range (variance = 0.879 / upper = 0.000 / lower = 0.000)
[20190117_073519 / lib_ip.py:4477] file : 2019-01-15_10-06-18_000.jpg 3 (black : variance --> out of range (variance = 0.879 / upper = 0.000 / lower = 0.000))
[20190117_073519 / lib_ip.py:2021] lo_Color_Names_2 =>
file = img.20190117_073513.2019-01-15_10-06-18_000.jpg.1.png / color name = other
file = img.20190117_073513.2019-01-15_10-06-18_000.jpg.2.png / color name = other
file = img.20190117_073513.2019-01-15_10-06-18_000.jpg.3.png / color name = black
file = img.20190117_073513.2019-01-15_10-06-18_000.jpg.4.png / color name = other
