[20181011_072244 / views.py:1641] gen_Cake_CSV(request) ==> starting... =======================
[20181011_072246 / lib_ip.py:2273] inspecting ===> img.20181011_072246.2018-10-10_11-01-48_000.jpg.1.png
[20181011_072247 / lib_ip.py:4330] 
img.20181011_072246.2018-10-10_11-01-48_000.jpg.1.png 0
[20181011_072247 / lib_ip.py:3794] file = img.20181011_072246.2018-10-10_11-01-48_000.jpg.1.png / val_Average = 113.4989	val_Variance = 1067.7186	sd = 32.6760	max = 150	min = 0
[20181011_072247 / lib_ip.py:3877] len(Hs) = 8100, len(Ss) = 8100, len(Vs) = 8100
[20181011_072247 / lib_ip.py:3910] yellow : variance --> out of range (variance = 1067.719 / upper = 0.650 / lower = 0.000)
[20181011_072247 / lib_ip.py:3794] file = img.20181011_072246.2018-10-10_11-01-48_000.jpg.1.png / val_Average = 113.4989	val_Variance = 1067.7186	sd = 32.6760	max = 150	min = 0
[20181011_072247 / lib_ip.py:3977] len(Hs) = 8100, len(Ss) = 8100, len(Vs) = 8100
[20181011_072247 / lib_ip.py:4023] red : variance --> out of range (variance = 1067.719 / upper = 0.430 / lower = 0.000)
[20181011_072247 / lib_ip.py:3794] file = img.20181011_072246.2018-10-10_11-01-48_000.jpg.1.png / val_Average = 113.4989	val_Variance = 1067.7186	sd = 32.6760	max = 150	min = 0
[20181011_072247 / lib_ip.py:4090] len(Hs) = 8100, len(Ss) = 8100, len(Vs) = 8100
[20181011_072247 / lib_ip.py:4137] green : variance --> out of range (variance = 1067.719 / upper = 0.750 / lower = 0.000)
[20181011_072247 / lib_ip.py:3794] file = img.20181011_072246.2018-10-10_11-01-48_000.jpg.1.png / val_Average = 113.4989	val_Variance = 1067.7186	sd = 32.6760	max = 150	min = 0
[20181011_072247 / lib_ip.py:4204] len(Hs) = 8100, len(Ss) = 8100, len(Vs) = 8100
[20181011_072248 / lib_ip.py:4248] black : variance --> out of range (variance = 1067.719 / upper = 0.000 / lower = 0.000)
[20181011_072248 / lib_ip.py:4398] file : img.20181011_072246.2018-10-10_11-01-48_000.jpg.1.png 0 (black : variance --> out of range (variance = 1067.719 / upper = 0.000 / lower = 0.000))
[20181011_072248 / lib_ip.py:2273] inspecting ===> img.20181011_072246.2018-10-10_11-01-48_000.jpg.2.png
[20181011_072248 / lib_ip.py:4330] 
img.20181011_072246.2018-10-10_11-01-48_000.jpg.2.png 1
[20181011_072248 / lib_ip.py:3794] file = img.20181011_072246.2018-10-10_11-01-48_000.jpg.2.png / val_Average = 107.3484	val_Variance = 4.7233	sd = 2.1733	max = 116	min = 99
[20181011_072248 / lib_ip.py:3877] len(Hs) = 8100, len(Ss) = 8100, len(Vs) = 8100
[20181011_072248 / lib_ip.py:3910] yellow : variance --> out of range (variance = 4.723 / upper = 0.650 / lower = 0.000)
[20181011_072248 / lib_ip.py:3794] file = img.20181011_072246.2018-10-10_11-01-48_000.jpg.2.png / val_Average = 107.3484	val_Variance = 4.7233	sd = 2.1733	max = 116	min = 99
[20181011_072248 / lib_ip.py:3977] len(Hs) = 8100, len(Ss) = 8100, len(Vs) = 8100
[20181011_072248 / lib_ip.py:4023] red : variance --> out of range (variance = 4.723 / upper = 0.430 / lower = 0.000)
[20181011_072248 / lib_ip.py:3794] file = img.20181011_072246.2018-10-10_11-01-48_000.jpg.2.png / val_Average = 107.3484	val_Variance = 4.7233	sd = 2.1733	max = 116	min = 99
[20181011_072248 / lib_ip.py:4090] len(Hs) = 8100, len(Ss) = 8100, len(Vs) = 8100
[20181011_072248 / lib_ip.py:4137] green : variance --> out of range (variance = 4.723 / upper = 0.750 / lower = 0.000)
[20181011_072248 / lib_ip.py:3794] file = img.20181011_072246.2018-10-10_11-01-48_000.jpg.2.png / val_Average = 107.3484	val_Variance = 4.7233	sd = 2.1733	max = 116	min = 99
[20181011_072248 / lib_ip.py:4204] len(Hs) = 8100, len(Ss) = 8100, len(Vs) = 8100
[20181011_072248 / lib_ip.py:4248] black : variance --> out of range (variance = 4.723 / upper = 0.000 / lower = 0.000)
[20181011_072248 / lib_ip.py:4398] file : img.20181011_072246.2018-10-10_11-01-48_000.jpg.2.png 1 (black : variance --> out of range (variance = 4.723 / upper = 0.000 / lower = 0.000))
[20181011_072248 / lib_ip.py:2273] inspecting ===> img.20181011_072246.2018-10-10_11-01-48_000.jpg.3.png
[20181011_072249 / lib_ip.py:4330] 
img.20181011_072246.2018-10-10_11-01-48_000.jpg.3.png 2
[20181011_072249 / lib_ip.py:3794] file = img.20181011_072246.2018-10-10_11-01-48_000.jpg.3.png / val_Average = 93.0520	val_Variance = 0.3117	sd = 0.5583	max = 94	min = 92
[20181011_072249 / lib_ip.py:3877] len(Hs) = 8100, len(Ss) = 8100, len(Vs) = 8100
[20181011_072249 / lib_ip.py:2273] inspecting ===> img.20181011_072246.2018-10-10_11-01-48_000.jpg.4.png
[20181011_072249 / lib_ip.py:4330] 
img.20181011_072246.2018-10-10_11-01-48_000.jpg.4.png 3
[20181011_072249 / lib_ip.py:3794] file = img.20181011_072246.2018-10-10_11-01-48_000.jpg.4.png / val_Average = 84.5242	val_Variance = 201.7156	sd = 14.2027	max = 135	min = 0
[20181011_072249 / lib_ip.py:3877] len(Hs) = 8100, len(Ss) = 8100, len(Vs) = 8100
[20181011_072249 / lib_ip.py:3910] yellow : variance --> out of range (variance = 201.716 / upper = 0.650 / lower = 0.000)
[20181011_072249 / lib_ip.py:3794] file = img.20181011_072246.2018-10-10_11-01-48_000.jpg.4.png / val_Average = 84.5242	val_Variance = 201.7156	sd = 14.2027	max = 135	min = 0
[20181011_072249 / lib_ip.py:3977] len(Hs) = 8100, len(Ss) = 8100, len(Vs) = 8100
[20181011_072249 / lib_ip.py:4023] red : variance --> out of range (variance = 201.716 / upper = 0.430 / lower = 0.000)
[20181011_072250 / lib_ip.py:3794] file = img.20181011_072246.2018-10-10_11-01-48_000.jpg.4.png / val_Average = 84.5242	val_Variance = 201.7156	sd = 14.2027	max = 135	min = 0
[20181011_072250 / lib_ip.py:4090] len(Hs) = 8100, len(Ss) = 8100, len(Vs) = 8100
[20181011_072250 / lib_ip.py:4137] green : variance --> out of range (variance = 201.716 / upper = 0.750 / lower = 0.000)
[20181011_072250 / lib_ip.py:3794] file = img.20181011_072246.2018-10-10_11-01-48_000.jpg.4.png / val_Average = 84.5242	val_Variance = 201.7156	sd = 14.2027	max = 135	min = 0
[20181011_072250 / lib_ip.py:4204] len(Hs) = 8100, len(Ss) = 8100, len(Vs) = 8100
[20181011_072250 / lib_ip.py:4248] black : variance --> out of range (variance = 201.716 / upper = 0.000 / lower = 0.000)
[20181011_072250 / lib_ip.py:4398] file : img.20181011_072246.2018-10-10_11-01-48_000.jpg.4.png 3 (black : variance --> out of range (variance = 201.716 / upper = 0.000 / lower = 0.000))
[20181011_072249 / lib_ip.py:2273] inspecting ===> img.20181011_072246.2018-10-10_11-01-48_000.jpg.4.png
img.20181011_072246.2018-10-10_11-01-48_000.jpg.1.png => other
img.20181011_072246.2018-10-10_11-01-48_000.jpg.2.png => other
img.20181011_072246.2018-10-10_11-01-48_000.jpg.3.png => other
img.20181011_072246.2018-10-10_11-01-48_000.jpg.4.png => other
[20181011_072250 lib_ip.py:3300] =============== Get 4 corners
dpath_Images = C:\WORKS_2\WS\WS_Others.Art\JVEMV6\46_art\VIRTUAL\Admin_Projects\ip\images
fname_Image = img.20181011_072246.2018-10-10_11-01-48_000.jpg.4.png

[20181011_072250 / lib_ip.py:2273] inspecting ===> img.20181011_072250.2018-10-10_14-32-36_000.jpg.1.png
[20181011_072251 / lib_ip.py:4330] 
img.20181011_072250.2018-10-10_14-32-36_000.jpg.1.png 0
[20181011_072251 / lib_ip.py:3794] file = img.20181011_072250.2018-10-10_14-32-36_000.jpg.1.png / val_Average = 74.5109	val_Variance = 0.2607	sd = 0.5106	max = 75	min = 73
[20181011_072251 / lib_ip.py:3877] len(Hs) = 8100, len(Ss) = 8100, len(Vs) = 8100
[20181011_072251 / lib_ip.py:3932] yellow : average --> out of range (average = 74.511 / upper = 99.200 / lower = 88.000)
[20181011_072251 / lib_ip.py:3794] file = img.20181011_072250.2018-10-10_14-32-36_000.jpg.1.png / val_Average = 74.5109	val_Variance = 0.2607	sd = 0.5106	max = 75	min = 73
[20181011_072251 / lib_ip.py:3977] len(Hs) = 8100, len(Ss) = 8100, len(Vs) = 8100
[20181011_072251 / lib_ip.py:4048] red : average --> out of range (average = 74.511 / upper = 124.000 / lower = 115.000)
[20181011_072251 / lib_ip.py:3794] file = img.20181011_072250.2018-10-10_14-32-36_000.jpg.1.png / val_Average = 74.5109	val_Variance = 0.2607	sd = 0.5106	max = 75	min = 73
[20181011_072251 / lib_ip.py:4090] len(Hs) = 8100, len(Ss) = 8100, len(Vs) = 8100
[20181011_072251 / lib_ip.py:2273] inspecting ===> img.20181011_072250.2018-10-10_14-32-36_000.jpg.2.png
[20181011_072251 / lib_ip.py:4330] 
img.20181011_072250.2018-10-10_14-32-36_000.jpg.2.png 1
[20181011_072252 / lib_ip.py:3794] file = img.20181011_072250.2018-10-10_14-32-36_000.jpg.2.png / val_Average = 70.6562	val_Variance = 0.3394	sd = 0.5826	max = 72	min = 68
[20181011_072252 / lib_ip.py:3877] len(Hs) = 8100, len(Ss) = 8100, len(Vs) = 8100
[20181011_072252 / lib_ip.py:3932] yellow : average --> out of range (average = 70.656 / upper = 99.200 / lower = 88.000)
[20181011_072252 / lib_ip.py:3794] file = img.20181011_072250.2018-10-10_14-32-36_000.jpg.2.png / val_Average = 70.6562	val_Variance = 0.3394	sd = 0.5826	max = 72	min = 68
[20181011_072252 / lib_ip.py:3977] len(Hs) = 8100, len(Ss) = 8100, len(Vs) = 8100
[20181011_072252 / lib_ip.py:4048] red : average --> out of range (average = 70.656 / upper = 124.000 / lower = 115.000)
[20181011_072252 / lib_ip.py:3794] file = img.20181011_072250.2018-10-10_14-32-36_000.jpg.2.png / val_Average = 70.6562	val_Variance = 0.3394	sd = 0.5826	max = 72	min = 68
[20181011_072252 / lib_ip.py:4090] len(Hs) = 8100, len(Ss) = 8100, len(Vs) = 8100
[20181011_072252 / lib_ip.py:2273] inspecting ===> img.20181011_072250.2018-10-10_14-32-36_000.jpg.3.png
[20181011_072252 / lib_ip.py:4330] 
img.20181011_072250.2018-10-10_14-32-36_000.jpg.3.png 2
[20181011_072252 / lib_ip.py:3794] file = img.20181011_072250.2018-10-10_14-32-36_000.jpg.3.png / val_Average = 73.1590	val_Variance = 84.6061	sd = 9.1982	max = 96	min = 0
[20181011_072252 / lib_ip.py:3877] len(Hs) = 8100, len(Ss) = 8100, len(Vs) = 8100
[20181011_072252 / lib_ip.py:3910] yellow : variance --> out of range (variance = 84.606 / upper = 0.650 / lower = 0.000)
[20181011_072252 / lib_ip.py:3794] file = img.20181011_072250.2018-10-10_14-32-36_000.jpg.3.png / val_Average = 73.1590	val_Variance = 84.6061	sd = 9.1982	max = 96	min = 0
[20181011_072252 / lib_ip.py:3977] len(Hs) = 8100, len(Ss) = 8100, len(Vs) = 8100
[20181011_072252 / lib_ip.py:4023] red : variance --> out of range (variance = 84.606 / upper = 0.430 / lower = 0.000)
[20181011_072252 / lib_ip.py:3794] file = img.20181011_072250.2018-10-10_14-32-36_000.jpg.3.png / val_Average = 73.1590	val_Variance = 84.6061	sd = 9.1982	max = 96	min = 0
[20181011_072252 / lib_ip.py:4090] len(Hs) = 8100, len(Ss) = 8100, len(Vs) = 8100
[20181011_072253 / lib_ip.py:4137] green : variance --> out of range (variance = 84.606 / upper = 0.750 / lower = 0.000)
[20181011_072253 / lib_ip.py:3794] file = img.20181011_072250.2018-10-10_14-32-36_000.jpg.3.png / val_Average = 73.1590	val_Variance = 84.6061	sd = 9.1982	max = 96	min = 0
[20181011_072253 / lib_ip.py:4204] len(Hs) = 8100, len(Ss) = 8100, len(Vs) = 8100
[20181011_072253 / lib_ip.py:4248] black : variance --> out of range (variance = 84.606 / upper = 0.000 / lower = 0.000)
[20181011_072253 / lib_ip.py:4398] file : img.20181011_072250.2018-10-10_14-32-36_000.jpg.3.png 2 (black : variance --> out of range (variance = 84.606 / upper = 0.000 / lower = 0.000))
[20181011_072253 / lib_ip.py:2273] inspecting ===> img.20181011_072250.2018-10-10_14-32-36_000.jpg.4.png
[20181011_072253 / lib_ip.py:4330] 
img.20181011_072250.2018-10-10_14-32-36_000.jpg.4.png 3
[20181011_072253 / lib_ip.py:3794] file = img.20181011_072250.2018-10-10_14-32-36_000.jpg.4.png / val_Average = 9.4027	val_Variance = 453.0292	sd = 21.2845	max = 150	min = 0
[20181011_072253 / lib_ip.py:3877] len(Hs) = 8100, len(Ss) = 8100, len(Vs) = 8100
[20181011_072253 / lib_ip.py:3910] yellow : variance --> out of range (variance = 453.029 / upper = 0.650 / lower = 0.000)
[20181011_072253 / lib_ip.py:3794] file = img.20181011_072250.2018-10-10_14-32-36_000.jpg.4.png / val_Average = 9.4027	val_Variance = 453.0292	sd = 21.2845	max = 150	min = 0
[20181011_072253 / lib_ip.py:3977] len(Hs) = 8100, len(Ss) = 8100, len(Vs) = 8100
[20181011_072253 / lib_ip.py:4023] red : variance --> out of range (variance = 453.029 / upper = 0.430 / lower = 0.000)
[20181011_072253 / lib_ip.py:3794] file = img.20181011_072250.2018-10-10_14-32-36_000.jpg.4.png / val_Average = 9.4027	val_Variance = 453.0292	sd = 21.2845	max = 150	min = 0
[20181011_072253 / lib_ip.py:4090] len(Hs) = 8100, len(Ss) = 8100, len(Vs) = 8100
[20181011_072254 / lib_ip.py:4137] green : variance --> out of range (variance = 453.029 / upper = 0.750 / lower = 0.000)
[20181011_072254 / lib_ip.py:3794] file = img.20181011_072250.2018-10-10_14-32-36_000.jpg.4.png / val_Average = 9.4027	val_Variance = 453.0292	sd = 21.2845	max = 150	min = 0
[20181011_072254 / lib_ip.py:4204] len(Hs) = 8100, len(Ss) = 8100, len(Vs) = 8100
[20181011_072254 / lib_ip.py:4248] black : variance --> out of range (variance = 453.029 / upper = 0.000 / lower = 0.000)
[20181011_072254 / lib_ip.py:4398] file : img.20181011_072250.2018-10-10_14-32-36_000.jpg.4.png 3 (black : variance --> out of range (variance = 453.029 / upper = 0.000 / lower = 0.000))
[20181011_072253 / lib_ip.py:2273] inspecting ===> img.20181011_072250.2018-10-10_14-32-36_000.jpg.4.png
img.20181011_072250.2018-10-10_14-32-36_000.jpg.1.png => other
img.20181011_072250.2018-10-10_14-32-36_000.jpg.2.png => other
img.20181011_072250.2018-10-10_14-32-36_000.jpg.3.png => other
img.20181011_072250.2018-10-10_14-32-36_000.jpg.4.png => other
[20181011_072254 lib_ip.py:3300] =============== Get 4 corners
dpath_Images = C:\WORKS_2\WS\WS_Others.Art\JVEMV6\46_art\VIRTUAL\Admin_Projects\ip\images
fname_Image = img.20181011_072250.2018-10-10_14-32-36_000.jpg.4.png

[20181011_072255 / lib_ip.py:2273] inspecting ===> img.20181011_072254.2018-10-10_17-15-48_000.jpg.1.png
[20181011_072255 / lib_ip.py:4330] 
img.20181011_072254.2018-10-10_17-15-48_000.jpg.1.png 0
[20181011_072255 / lib_ip.py:3794] file = img.20181011_072254.2018-10-10_17-15-48_000.jpg.1.png / val_Average = 75.0119	val_Variance = 0.1616	sd = 0.4020	max = 76	min = 74
[20181011_072255 / lib_ip.py:3877] len(Hs) = 8100, len(Ss) = 8100, len(Vs) = 8100
[20181011_072255 / lib_ip.py:3932] yellow : average --> out of range (average = 75.012 / upper = 99.200 / lower = 88.000)
[20181011_072255 / lib_ip.py:3794] file = img.20181011_072254.2018-10-10_17-15-48_000.jpg.1.png / val_Average = 75.0119	val_Variance = 0.1616	sd = 0.4020	max = 76	min = 74
[20181011_072255 / lib_ip.py:3977] len(Hs) = 8100, len(Ss) = 8100, len(Vs) = 8100
[20181011_072255 / lib_ip.py:4048] red : average --> out of range (average = 75.012 / upper = 124.000 / lower = 115.000)
[20181011_072255 / lib_ip.py:3794] file = img.20181011_072254.2018-10-10_17-15-48_000.jpg.1.png / val_Average = 75.0119	val_Variance = 0.1616	sd = 0.4020	max = 76	min = 74
[20181011_072255 / lib_ip.py:4090] len(Hs) = 8100, len(Ss) = 8100, len(Vs) = 8100
[20181011_072256 / lib_ip.py:2273] inspecting ===> img.20181011_072254.2018-10-10_17-15-48_000.jpg.2.png
[20181011_072257 / lib_ip.py:4330] 
img.20181011_072254.2018-10-10_17-15-48_000.jpg.2.png 1
[20181011_072257 / lib_ip.py:3794] file = img.20181011_072254.2018-10-10_17-15-48_000.jpg.2.png / val_Average = 158.1054	val_Variance = 273.1595	sd = 16.5275	max = 175	min = 0
[20181011_072257 / lib_ip.py:3877] len(Hs) = 8100, len(Ss) = 8100, len(Vs) = 8100
[20181011_072257 / lib_ip.py:3910] yellow : variance --> out of range (variance = 273.160 / upper = 0.650 / lower = 0.000)
[20181011_072257 / lib_ip.py:3794] file = img.20181011_072254.2018-10-10_17-15-48_000.jpg.2.png / val_Average = 158.1054	val_Variance = 273.1595	sd = 16.5275	max = 175	min = 0
[20181011_072257 / lib_ip.py:3977] len(Hs) = 8100, len(Ss) = 8100, len(Vs) = 8100
[20181011_072257 / lib_ip.py:4023] red : variance --> out of range (variance = 273.160 / upper = 0.430 / lower = 0.000)
[20181011_072257 / lib_ip.py:3794] file = img.20181011_072254.2018-10-10_17-15-48_000.jpg.2.png / val_Average = 158.1054	val_Variance = 273.1595	sd = 16.5275	max = 175	min = 0
[20181011_072257 / lib_ip.py:4090] len(Hs) = 8100, len(Ss) = 8100, len(Vs) = 8100
[20181011_072257 / lib_ip.py:4137] green : variance --> out of range (variance = 273.160 / upper = 0.750 / lower = 0.000)
[20181011_072257 / lib_ip.py:3794] file = img.20181011_072254.2018-10-10_17-15-48_000.jpg.2.png / val_Average = 158.1054	val_Variance = 273.1595	sd = 16.5275	max = 175	min = 0
[20181011_072257 / lib_ip.py:4204] len(Hs) = 8100, len(Ss) = 8100, len(Vs) = 8100
[20181011_072258 / lib_ip.py:4248] black : variance --> out of range (variance = 273.160 / upper = 0.000 / lower = 0.000)
[20181011_072258 / lib_ip.py:4398] file : img.20181011_072254.2018-10-10_17-15-48_000.jpg.2.png 1 (black : variance --> out of range (variance = 273.160 / upper = 0.000 / lower = 0.000))
[20181011_072259 / lib_ip.py:2273] inspecting ===> img.20181011_072254.2018-10-10_17-15-48_000.jpg.3.png
[20181011_072259 / lib_ip.py:4330] 
img.20181011_072254.2018-10-10_17-15-48_000.jpg.3.png 2
[20181011_072259 / lib_ip.py:3794] file = img.20181011_072254.2018-10-10_17-15-48_000.jpg.3.png / val_Average = 75.4801	val_Variance = 0.2585	sd = 0.5084	max = 77	min = 75
[20181011_072259 / lib_ip.py:3877] len(Hs) = 8100, len(Ss) = 8100, len(Vs) = 8100
[20181011_072259 / lib_ip.py:3932] yellow : average --> out of range (average = 75.480 / upper = 99.200 / lower = 88.000)
[20181011_072259 / lib_ip.py:3794] file = img.20181011_072254.2018-10-10_17-15-48_000.jpg.3.png / val_Average = 75.4801	val_Variance = 0.2585	sd = 0.5084	max = 77	min = 75
[20181011_072259 / lib_ip.py:3977] len(Hs) = 8100, len(Ss) = 8100, len(Vs) = 8100
[20181011_072259 / lib_ip.py:4048] red : average --> out of range (average = 75.480 / upper = 124.000 / lower = 115.000)
[20181011_072259 / lib_ip.py:3794] file = img.20181011_072254.2018-10-10_17-15-48_000.jpg.3.png / val_Average = 75.4801	val_Variance = 0.2585	sd = 0.5084	max = 77	min = 75
[20181011_072259 / lib_ip.py:4090] len(Hs) = 8100, len(Ss) = 8100, len(Vs) = 8100
[20181011_072259 / lib_ip.py:2273] inspecting ===> img.20181011_072254.2018-10-10_17-15-48_000.jpg.4.png
[20181011_072259 / lib_ip.py:4330] 
img.20181011_072254.2018-10-10_17-15-48_000.jpg.4.png 3
[20181011_072300 / lib_ip.py:3794] file = img.20181011_072254.2018-10-10_17-15-48_000.jpg.4.png / val_Average = 102.5191	val_Variance = 2.0136	sd = 1.4190	max = 106	min = 98
[20181011_072300 / lib_ip.py:3877] len(Hs) = 8100, len(Ss) = 8100, len(Vs) = 8100
[20181011_072300 / lib_ip.py:3910] yellow : variance --> out of range (variance = 2.014 / upper = 0.650 / lower = 0.000)
[20181011_072300 / lib_ip.py:3794] file = img.20181011_072254.2018-10-10_17-15-48_000.jpg.4.png / val_Average = 102.5191	val_Variance = 2.0136	sd = 1.4190	max = 106	min = 98
[20181011_072300 / lib_ip.py:3977] len(Hs) = 8100, len(Ss) = 8100, len(Vs) = 8100
[20181011_072300 / lib_ip.py:4023] red : variance --> out of range (variance = 2.014 / upper = 0.430 / lower = 0.000)
[20181011_072300 / lib_ip.py:3794] file = img.20181011_072254.2018-10-10_17-15-48_000.jpg.4.png / val_Average = 102.5191	val_Variance = 2.0136	sd = 1.4190	max = 106	min = 98
[20181011_072300 / lib_ip.py:4090] len(Hs) = 8100, len(Ss) = 8100, len(Vs) = 8100
[20181011_072300 / lib_ip.py:4137] green : variance --> out of range (variance = 2.014 / upper = 0.750 / lower = 0.000)
[20181011_072300 / lib_ip.py:3794] file = img.20181011_072254.2018-10-10_17-15-48_000.jpg.4.png / val_Average = 102.5191	val_Variance = 2.0136	sd = 1.4190	max = 106	min = 98
[20181011_072300 / lib_ip.py:4204] len(Hs) = 8100, len(Ss) = 8100, len(Vs) = 8100
[20181011_072300 / lib_ip.py:4248] black : variance --> out of range (variance = 2.014 / upper = 0.000 / lower = 0.000)
[20181011_072300 / lib_ip.py:4398] file : img.20181011_072254.2018-10-10_17-15-48_000.jpg.4.png 3 (black : variance --> out of range (variance = 2.014 / upper = 0.000 / lower = 0.000))
[20181011_072259 / lib_ip.py:2273] inspecting ===> img.20181011_072254.2018-10-10_17-15-48_000.jpg.4.png
img.20181011_072254.2018-10-10_17-15-48_000.jpg.1.png => other
img.20181011_072254.2018-10-10_17-15-48_000.jpg.2.png => other
img.20181011_072254.2018-10-10_17-15-48_000.jpg.3.png => other
img.20181011_072254.2018-10-10_17-15-48_000.jpg.4.png => other
[20181011_072300 lib_ip.py:3300] =============== Get 4 corners
dpath_Images = C:\WORKS_2\WS\WS_Others.Art\JVEMV6\46_art\VIRTUAL\Admin_Projects\ip\images
fname_Image = img.20181011_072254.2018-10-10_17-15-48_000.jpg.4.png

[20181011_072301 / lib_ip.py:2273] inspecting ===> img.20181011_072301.2018-10-10_18-11-31_000.jpg.1.png
[20181011_072301 / lib_ip.py:4330] 
img.20181011_072301.2018-10-10_18-11-31_000.jpg.1.png 0
[20181011_072301 / lib_ip.py:3794] file = img.20181011_072301.2018-10-10_18-11-31_000.jpg.1.png / val_Average = 98.4638	val_Variance = 3025.6672	sd = 55.0061	max = 160	min = 0
[20181011_072301 / lib_ip.py:3877] len(Hs) = 8100, len(Ss) = 8100, len(Vs) = 8100
[20181011_072301 / lib_ip.py:3910] yellow : variance --> out of range (variance = 3025.667 / upper = 0.650 / lower = 0.000)
[20181011_072301 / lib_ip.py:3794] file = img.20181011_072301.2018-10-10_18-11-31_000.jpg.1.png / val_Average = 98.4638	val_Variance = 3025.6672	sd = 55.0061	max = 160	min = 0
[20181011_072301 / lib_ip.py:3977] len(Hs) = 8100, len(Ss) = 8100, len(Vs) = 8100
[20181011_072301 / lib_ip.py:4023] red : variance --> out of range (variance = 3025.667 / upper = 0.430 / lower = 0.000)
[20181011_072301 / lib_ip.py:3794] file = img.20181011_072301.2018-10-10_18-11-31_000.jpg.1.png / val_Average = 98.4638	val_Variance = 3025.6672	sd = 55.0061	max = 160	min = 0
[20181011_072301 / lib_ip.py:4090] len(Hs) = 8100, len(Ss) = 8100, len(Vs) = 8100
[20181011_072301 / lib_ip.py:4137] green : variance --> out of range (variance = 3025.667 / upper = 0.750 / lower = 0.000)
[20181011_072302 / lib_ip.py:3794] file = img.20181011_072301.2018-10-10_18-11-31_000.jpg.1.png / val_Average = 98.4638	val_Variance = 3025.6672	sd = 55.0061	max = 160	min = 0
[20181011_072302 / lib_ip.py:4204] len(Hs) = 8100, len(Ss) = 8100, len(Vs) = 8100
[20181011_072303 / lib_ip.py:4248] black : variance --> out of range (variance = 3025.667 / upper = 0.000 / lower = 0.000)
[20181011_072303 / lib_ip.py:4398] file : img.20181011_072301.2018-10-10_18-11-31_000.jpg.1.png 0 (black : variance --> out of range (variance = 3025.667 / upper = 0.000 / lower = 0.000))
[20181011_072303 / lib_ip.py:2273] inspecting ===> img.20181011_072301.2018-10-10_18-11-31_000.jpg.2.png
[20181011_072303 / lib_ip.py:4330] 
img.20181011_072301.2018-10-10_18-11-31_000.jpg.2.png 1
[20181011_072303 / lib_ip.py:3794] file = img.20181011_072301.2018-10-10_18-11-31_000.jpg.2.png / val_Average = 108.8767	val_Variance = 3.7222	sd = 1.9293	max = 118	min = 104
[20181011_072304 / lib_ip.py:3877] len(Hs) = 8100, len(Ss) = 8100, len(Vs) = 8100
[20181011_072304 / lib_ip.py:3910] yellow : variance --> out of range (variance = 3.722 / upper = 0.650 / lower = 0.000)
[20181011_072304 / lib_ip.py:3794] file = img.20181011_072301.2018-10-10_18-11-31_000.jpg.2.png / val_Average = 108.8767	val_Variance = 3.7222	sd = 1.9293	max = 118	min = 104
[20181011_072304 / lib_ip.py:3977] len(Hs) = 8100, len(Ss) = 8100, len(Vs) = 8100
[20181011_072304 / lib_ip.py:4023] red : variance --> out of range (variance = 3.722 / upper = 0.430 / lower = 0.000)
[20181011_072304 / lib_ip.py:3794] file = img.20181011_072301.2018-10-10_18-11-31_000.jpg.2.png / val_Average = 108.8767	val_Variance = 3.7222	sd = 1.9293	max = 118	min = 104
[20181011_072304 / lib_ip.py:4090] len(Hs) = 8100, len(Ss) = 8100, len(Vs) = 8100
[20181011_072304 / lib_ip.py:4137] green : variance --> out of range (variance = 3.722 / upper = 0.750 / lower = 0.000)
[20181011_072305 / lib_ip.py:3794] file = img.20181011_072301.2018-10-10_18-11-31_000.jpg.2.png / val_Average = 108.8767	val_Variance = 3.7222	sd = 1.9293	max = 118	min = 104
[20181011_072305 / lib_ip.py:4204] len(Hs) = 8100, len(Ss) = 8100, len(Vs) = 8100
[20181011_072305 / lib_ip.py:4248] black : variance --> out of range (variance = 3.722 / upper = 0.000 / lower = 0.000)
[20181011_072305 / lib_ip.py:4398] file : img.20181011_072301.2018-10-10_18-11-31_000.jpg.2.png 1 (black : variance --> out of range (variance = 3.722 / upper = 0.000 / lower = 0.000))
[20181011_072305 / lib_ip.py:2273] inspecting ===> img.20181011_072301.2018-10-10_18-11-31_000.jpg.3.png
[20181011_072306 / lib_ip.py:4330] 
img.20181011_072301.2018-10-10_18-11-31_000.jpg.3.png 2
[20181011_072306 / lib_ip.py:3794] file = img.20181011_072301.2018-10-10_18-11-31_000.jpg.3.png / val_Average = 75.8327	val_Variance = 0.2731	sd = 0.5226	max = 77	min = 73
[20181011_072306 / lib_ip.py:3877] len(Hs) = 8100, len(Ss) = 8100, len(Vs) = 8100
[20181011_072306 / lib_ip.py:3932] yellow : average --> out of range (average = 75.833 / upper = 99.200 / lower = 88.000)
[20181011_072306 / lib_ip.py:3794] file = img.20181011_072301.2018-10-10_18-11-31_000.jpg.3.png / val_Average = 75.8327	val_Variance = 0.2731	sd = 0.5226	max = 77	min = 73
[20181011_072306 / lib_ip.py:3977] len(Hs) = 8100, len(Ss) = 8100, len(Vs) = 8100
[20181011_072306 / lib_ip.py:4048] red : average --> out of range (average = 75.833 / upper = 124.000 / lower = 115.000)
[20181011_072306 / lib_ip.py:3794] file = img.20181011_072301.2018-10-10_18-11-31_000.jpg.3.png / val_Average = 75.8327	val_Variance = 0.2731	sd = 0.5226	max = 77	min = 73
[20181011_072306 / lib_ip.py:4090] len(Hs) = 8100, len(Ss) = 8100, len(Vs) = 8100
[20181011_072306 / lib_ip.py:2273] inspecting ===> img.20181011_072301.2018-10-10_18-11-31_000.jpg.4.png
[20181011_072307 / lib_ip.py:4330] 
img.20181011_072301.2018-10-10_18-11-31_000.jpg.4.png 3
[20181011_072307 / lib_ip.py:3794] file = img.20181011_072301.2018-10-10_18-11-31_000.jpg.4.png / val_Average = 121.7770	val_Variance = 0.3076	sd = 0.5546	max = 123	min = 120
[20181011_072307 / lib_ip.py:3877] len(Hs) = 8100, len(Ss) = 8100, len(Vs) = 8100
[20181011_072307 / lib_ip.py:3932] yellow : average --> out of range (average = 121.777 / upper = 99.200 / lower = 88.000)
[20181011_072307 / lib_ip.py:3794] file = img.20181011_072301.2018-10-10_18-11-31_000.jpg.4.png / val_Average = 121.7770	val_Variance = 0.3076	sd = 0.5546	max = 123	min = 120
[20181011_072307 / lib_ip.py:3977] len(Hs) = 8100, len(Ss) = 8100, len(Vs) = 8100
[20181011_072306 / lib_ip.py:2273] inspecting ===> img.20181011_072301.2018-10-10_18-11-31_000.jpg.4.png
img.20181011_072301.2018-10-10_18-11-31_000.jpg.1.png => other
img.20181011_072301.2018-10-10_18-11-31_000.jpg.2.png => other
img.20181011_072301.2018-10-10_18-11-31_000.jpg.3.png => other
img.20181011_072301.2018-10-10_18-11-31_000.jpg.4.png => other
[20181011_072307 lib_ip.py:3300] =============== Get 4 corners
dpath_Images = C:\WORKS_2\WS\WS_Others.Art\JVEMV6\46_art\VIRTUAL\Admin_Projects\ip\images
fname_Image = img.20181011_072301.2018-10-10_18-11-31_000.jpg.4.png

[20181011_072308 / lib_ip.py:2273] inspecting ===> img.20181011_072307.2018-10-10_18-12-00_000.jpg.1.png
[20181011_072308 / lib_ip.py:4330] 
img.20181011_072307.2018-10-10_18-12-00_000.jpg.1.png 0
[20181011_072308 / lib_ip.py:3794] file = img.20181011_072307.2018-10-10_18-12-00_000.jpg.1.png / val_Average = 75.3837	val_Variance = 0.3864	sd = 0.6216	max = 76	min = 73
[20181011_072308 / lib_ip.py:3877] len(Hs) = 8100, len(Ss) = 8100, len(Vs) = 8100
[20181011_072308 / lib_ip.py:3932] yellow : average --> out of range (average = 75.384 / upper = 99.200 / lower = 88.000)
[20181011_072308 / lib_ip.py:3794] file = img.20181011_072307.2018-10-10_18-12-00_000.jpg.1.png / val_Average = 75.3837	val_Variance = 0.3864	sd = 0.6216	max = 76	min = 73
[20181011_072308 / lib_ip.py:3977] len(Hs) = 8100, len(Ss) = 8100, len(Vs) = 8100
[20181011_072308 / lib_ip.py:4048] red : average --> out of range (average = 75.384 / upper = 124.000 / lower = 115.000)
[20181011_072308 / lib_ip.py:3794] file = img.20181011_072307.2018-10-10_18-12-00_000.jpg.1.png / val_Average = 75.3837	val_Variance = 0.3864	sd = 0.6216	max = 76	min = 73
[20181011_072308 / lib_ip.py:4090] len(Hs) = 8100, len(Ss) = 8100, len(Vs) = 8100
[20181011_072308 / lib_ip.py:2273] inspecting ===> img.20181011_072307.2018-10-10_18-12-00_000.jpg.2.png
[20181011_072309 / lib_ip.py:4330] 
img.20181011_072307.2018-10-10_18-12-00_000.jpg.2.png 1
[20181011_072309 / lib_ip.py:3794] file = img.20181011_072307.2018-10-10_18-12-00_000.jpg.2.png / val_Average = 93.5362	val_Variance = 3.9238	sd = 1.9808	max = 101	min = 89
[20181011_072309 / lib_ip.py:3877] len(Hs) = 8100, len(Ss) = 8100, len(Vs) = 8100
[20181011_072309 / lib_ip.py:3910] yellow : variance --> out of range (variance = 3.924 / upper = 0.650 / lower = 0.000)
[20181011_072309 / lib_ip.py:3794] file = img.20181011_072307.2018-10-10_18-12-00_000.jpg.2.png / val_Average = 93.5362	val_Variance = 3.9238	sd = 1.9808	max = 101	min = 89
[20181011_072309 / lib_ip.py:3977] len(Hs) = 8100, len(Ss) = 8100, len(Vs) = 8100
[20181011_072309 / lib_ip.py:4023] red : variance --> out of range (variance = 3.924 / upper = 0.430 / lower = 0.000)
[20181011_072309 / lib_ip.py:3794] file = img.20181011_072307.2018-10-10_18-12-00_000.jpg.2.png / val_Average = 93.5362	val_Variance = 3.9238	sd = 1.9808	max = 101	min = 89
[20181011_072309 / lib_ip.py:4090] len(Hs) = 8100, len(Ss) = 8100, len(Vs) = 8100
[20181011_072309 / lib_ip.py:4137] green : variance --> out of range (variance = 3.924 / upper = 0.750 / lower = 0.000)
[20181011_072309 / lib_ip.py:3794] file = img.20181011_072307.2018-10-10_18-12-00_000.jpg.2.png / val_Average = 93.5362	val_Variance = 3.9238	sd = 1.9808	max = 101	min = 89
[20181011_072309 / lib_ip.py:4204] len(Hs) = 8100, len(Ss) = 8100, len(Vs) = 8100
[20181011_072309 / lib_ip.py:4248] black : variance --> out of range (variance = 3.924 / upper = 0.000 / lower = 0.000)
[20181011_072309 / lib_ip.py:4398] file : img.20181011_072307.2018-10-10_18-12-00_000.jpg.2.png 1 (black : variance --> out of range (variance = 3.924 / upper = 0.000 / lower = 0.000))
[20181011_072309 / lib_ip.py:2273] inspecting ===> img.20181011_072307.2018-10-10_18-12-00_000.jpg.3.png
[20181011_072309 / lib_ip.py:4330] 
img.20181011_072307.2018-10-10_18-12-00_000.jpg.3.png 2
[20181011_072310 / lib_ip.py:3794] file = img.20181011_072307.2018-10-10_18-12-00_000.jpg.3.png / val_Average = 121.8442	val_Variance = 0.1323	sd = 0.3637	max = 123	min = 121
[20181011_072310 / lib_ip.py:3877] len(Hs) = 8100, len(Ss) = 8100, len(Vs) = 8100
[20181011_072310 / lib_ip.py:3932] yellow : average --> out of range (average = 121.844 / upper = 99.200 / lower = 88.000)
[20181011_072310 / lib_ip.py:3794] file = img.20181011_072307.2018-10-10_18-12-00_000.jpg.3.png / val_Average = 121.8442	val_Variance = 0.1323	sd = 0.3637	max = 123	min = 121
[20181011_072310 / lib_ip.py:3977] len(Hs) = 8100, len(Ss) = 8100, len(Vs) = 8100
[20181011_072310 / lib_ip.py:2273] inspecting ===> img.20181011_072307.2018-10-10_18-12-00_000.jpg.4.png
[20181011_072310 / lib_ip.py:4330] 
img.20181011_072307.2018-10-10_18-12-00_000.jpg.4.png 3
[20181011_072310 / lib_ip.py:3794] file = img.20181011_072307.2018-10-10_18-12-00_000.jpg.4.png / val_Average = 26.3463	val_Variance = 1524.6209	sd = 39.0464	max = 176	min = 0
[20181011_072310 / lib_ip.py:3877] len(Hs) = 8100, len(Ss) = 8100, len(Vs) = 8100
[20181011_072310 / lib_ip.py:3910] yellow : variance --> out of range (variance = 1524.621 / upper = 0.650 / lower = 0.000)
[20181011_072310 / lib_ip.py:3794] file = img.20181011_072307.2018-10-10_18-12-00_000.jpg.4.png / val_Average = 26.3463	val_Variance = 1524.6209	sd = 39.0464	max = 176	min = 0
[20181011_072310 / lib_ip.py:3977] len(Hs) = 8100, len(Ss) = 8100, len(Vs) = 8100
[20181011_072310 / lib_ip.py:4023] red : variance --> out of range (variance = 1524.621 / upper = 0.430 / lower = 0.000)
[20181011_072311 / lib_ip.py:3794] file = img.20181011_072307.2018-10-10_18-12-00_000.jpg.4.png / val_Average = 26.3463	val_Variance = 1524.6209	sd = 39.0464	max = 176	min = 0
[20181011_072311 / lib_ip.py:4090] len(Hs) = 8100, len(Ss) = 8100, len(Vs) = 8100
[20181011_072311 / lib_ip.py:4137] green : variance --> out of range (variance = 1524.621 / upper = 0.750 / lower = 0.000)
[20181011_072311 / lib_ip.py:3794] file = img.20181011_072307.2018-10-10_18-12-00_000.jpg.4.png / val_Average = 26.3463	val_Variance = 1524.6209	sd = 39.0464	max = 176	min = 0
[20181011_072311 / lib_ip.py:4204] len(Hs) = 8100, len(Ss) = 8100, len(Vs) = 8100
[20181011_072311 / lib_ip.py:4248] black : variance --> out of range (variance = 1524.621 / upper = 0.000 / lower = 0.000)
[20181011_072311 / lib_ip.py:4398] file : img.20181011_072307.2018-10-10_18-12-00_000.jpg.4.png 3 (black : variance --> out of range (variance = 1524.621 / upper = 0.000 / lower = 0.000))
[20181011_072310 / lib_ip.py:2273] inspecting ===> img.20181011_072307.2018-10-10_18-12-00_000.jpg.4.png
img.20181011_072307.2018-10-10_18-12-00_000.jpg.1.png => other
img.20181011_072307.2018-10-10_18-12-00_000.jpg.2.png => other
img.20181011_072307.2018-10-10_18-12-00_000.jpg.3.png => other
img.20181011_072307.2018-10-10_18-12-00_000.jpg.4.png => other
[20181011_072311 lib_ip.py:3300] =============== Get 4 corners
dpath_Images = C:\WORKS_2\WS\WS_Others.Art\JVEMV6\46_art\VIRTUAL\Admin_Projects\ip\images
fname_Image = img.20181011_072307.2018-10-10_18-12-00_000.jpg.4.png

[20181011_072311 / lib_ip.py:2273] inspecting ===> img.20181011_072311.2018-10-10_20-16-32_000.jpg.1.png
[20181011_072312 / lib_ip.py:4330] 
img.20181011_072311.2018-10-10_20-16-32_000.jpg.1.png 0
[20181011_072312 / lib_ip.py:3794] file = img.20181011_072311.2018-10-10_20-16-32_000.jpg.1.png / val_Average = 123.7709	val_Variance = 2.6137	sd = 1.6167	max = 129	min = 120
[20181011_072312 / lib_ip.py:3877] len(Hs) = 8100, len(Ss) = 8100, len(Vs) = 8100
[20181011_072312 / lib_ip.py:3910] yellow : variance --> out of range (variance = 2.614 / upper = 0.650 / lower = 0.000)
[20181011_072312 / lib_ip.py:3794] file = img.20181011_072311.2018-10-10_20-16-32_000.jpg.1.png / val_Average = 123.7709	val_Variance = 2.6137	sd = 1.6167	max = 129	min = 120
[20181011_072312 / lib_ip.py:3977] len(Hs) = 8100, len(Ss) = 8100, len(Vs) = 8100
[20181011_072312 / lib_ip.py:4023] red : variance --> out of range (variance = 2.614 / upper = 0.430 / lower = 0.000)
[20181011_072312 / lib_ip.py:3794] file = img.20181011_072311.2018-10-10_20-16-32_000.jpg.1.png / val_Average = 123.7709	val_Variance = 2.6137	sd = 1.6167	max = 129	min = 120
[20181011_072312 / lib_ip.py:4090] len(Hs) = 8100, len(Ss) = 8100, len(Vs) = 8100
[20181011_072313 / lib_ip.py:4137] green : variance --> out of range (variance = 2.614 / upper = 0.750 / lower = 0.000)
[20181011_072313 / lib_ip.py:3794] file = img.20181011_072311.2018-10-10_20-16-32_000.jpg.1.png / val_Average = 123.7709	val_Variance = 2.6137	sd = 1.6167	max = 129	min = 120
[20181011_072313 / lib_ip.py:4204] len(Hs) = 8100, len(Ss) = 8100, len(Vs) = 8100
[20181011_072313 / lib_ip.py:4248] black : variance --> out of range (variance = 2.614 / upper = 0.000 / lower = 0.000)
[20181011_072313 / lib_ip.py:4398] file : img.20181011_072311.2018-10-10_20-16-32_000.jpg.1.png 0 (black : variance --> out of range (variance = 2.614 / upper = 0.000 / lower = 0.000))
[20181011_072313 / lib_ip.py:2273] inspecting ===> img.20181011_072311.2018-10-10_20-16-32_000.jpg.2.png
[20181011_072313 / lib_ip.py:4330] 
img.20181011_072311.2018-10-10_20-16-32_000.jpg.2.png 1
[20181011_072313 / lib_ip.py:3794] file = img.20181011_072311.2018-10-10_20-16-32_000.jpg.2.png / val_Average = 39.2879	val_Variance = 1618.5186	sd = 40.2308	max = 135	min = 0
[20181011_072313 / lib_ip.py:3877] len(Hs) = 8100, len(Ss) = 8100, len(Vs) = 8100
[20181011_072313 / lib_ip.py:3910] yellow : variance --> out of range (variance = 1618.519 / upper = 0.650 / lower = 0.000)
[20181011_072313 / lib_ip.py:3794] file = img.20181011_072311.2018-10-10_20-16-32_000.jpg.2.png / val_Average = 39.2879	val_Variance = 1618.5186	sd = 40.2308	max = 135	min = 0
[20181011_072313 / lib_ip.py:3977] len(Hs) = 8100, len(Ss) = 8100, len(Vs) = 8100
[20181011_072313 / lib_ip.py:4023] red : variance --> out of range (variance = 1618.519 / upper = 0.430 / lower = 0.000)
[20181011_072313 / lib_ip.py:3794] file = img.20181011_072311.2018-10-10_20-16-32_000.jpg.2.png / val_Average = 39.2879	val_Variance = 1618.5186	sd = 40.2308	max = 135	min = 0
[20181011_072313 / lib_ip.py:4090] len(Hs) = 8100, len(Ss) = 8100, len(Vs) = 8100
[20181011_072313 / lib_ip.py:4137] green : variance --> out of range (variance = 1618.519 / upper = 0.750 / lower = 0.000)
[20181011_072313 / lib_ip.py:3794] file = img.20181011_072311.2018-10-10_20-16-32_000.jpg.2.png / val_Average = 39.2879	val_Variance = 1618.5186	sd = 40.2308	max = 135	min = 0
[20181011_072313 / lib_ip.py:4204] len(Hs) = 8100, len(Ss) = 8100, len(Vs) = 8100
[20181011_072314 / lib_ip.py:4248] black : variance --> out of range (variance = 1618.519 / upper = 0.000 / lower = 0.000)
[20181011_072314 / lib_ip.py:4398] file : img.20181011_072311.2018-10-10_20-16-32_000.jpg.2.png 1 (black : variance --> out of range (variance = 1618.519 / upper = 0.000 / lower = 0.000))
[20181011_072314 / lib_ip.py:2273] inspecting ===> img.20181011_072311.2018-10-10_20-16-32_000.jpg.3.png
[20181011_072314 / lib_ip.py:4330] 
img.20181011_072311.2018-10-10_20-16-32_000.jpg.3.png 2
[20181011_072314 / lib_ip.py:3794] file = img.20181011_072311.2018-10-10_20-16-32_000.jpg.3.png / val_Average = 92.5978	val_Variance = 0.2404	sd = 0.4903	max = 93	min = 92
[20181011_072314 / lib_ip.py:3877] len(Hs) = 8100, len(Ss) = 8100, len(Vs) = 8100
[20181011_072314 / lib_ip.py:2273] inspecting ===> img.20181011_072311.2018-10-10_20-16-32_000.jpg.4.png
[20181011_072315 / lib_ip.py:4330] 
img.20181011_072311.2018-10-10_20-16-32_000.jpg.4.png 3
[20181011_072315 / lib_ip.py:3794] file = img.20181011_072311.2018-10-10_20-16-32_000.jpg.4.png / val_Average = 60.2088	val_Variance = 1598.8800	sd = 39.9860	max = 160	min = 0
[20181011_072315 / lib_ip.py:3877] len(Hs) = 8100, len(Ss) = 8100, len(Vs) = 8100
[20181011_072315 / lib_ip.py:3910] yellow : variance --> out of range (variance = 1598.880 / upper = 0.650 / lower = 0.000)
[20181011_072315 / lib_ip.py:3794] file = img.20181011_072311.2018-10-10_20-16-32_000.jpg.4.png / val_Average = 60.2088	val_Variance = 1598.8800	sd = 39.9860	max = 160	min = 0
[20181011_072315 / lib_ip.py:3977] len(Hs) = 8100, len(Ss) = 8100, len(Vs) = 8100
[20181011_072315 / lib_ip.py:4023] red : variance --> out of range (variance = 1598.880 / upper = 0.430 / lower = 0.000)
[20181011_072315 / lib_ip.py:3794] file = img.20181011_072311.2018-10-10_20-16-32_000.jpg.4.png / val_Average = 60.2088	val_Variance = 1598.8800	sd = 39.9860	max = 160	min = 0
[20181011_072315 / lib_ip.py:4090] len(Hs) = 8100, len(Ss) = 8100, len(Vs) = 8100
[20181011_072315 / lib_ip.py:4137] green : variance --> out of range (variance = 1598.880 / upper = 0.750 / lower = 0.000)
[20181011_072315 / lib_ip.py:3794] file = img.20181011_072311.2018-10-10_20-16-32_000.jpg.4.png / val_Average = 60.2088	val_Variance = 1598.8800	sd = 39.9860	max = 160	min = 0
[20181011_072315 / lib_ip.py:4204] len(Hs) = 8100, len(Ss) = 8100, len(Vs) = 8100
[20181011_072315 / lib_ip.py:4248] black : variance --> out of range (variance = 1598.880 / upper = 0.000 / lower = 0.000)
[20181011_072315 / lib_ip.py:4398] file : img.20181011_072311.2018-10-10_20-16-32_000.jpg.4.png 3 (black : variance --> out of range (variance = 1598.880 / upper = 0.000 / lower = 0.000))
[20181011_072314 / lib_ip.py:2273] inspecting ===> img.20181011_072311.2018-10-10_20-16-32_000.jpg.4.png
img.20181011_072311.2018-10-10_20-16-32_000.jpg.1.png => other
img.20181011_072311.2018-10-10_20-16-32_000.jpg.2.png => other
img.20181011_072311.2018-10-10_20-16-32_000.jpg.3.png => other
img.20181011_072311.2018-10-10_20-16-32_000.jpg.4.png => other
[20181011_072315 lib_ip.py:3300] =============== Get 4 corners
dpath_Images = C:\WORKS_2\WS\WS_Others.Art\JVEMV6\46_art\VIRTUAL\Admin_Projects\ip\images
fname_Image = img.20181011_072311.2018-10-10_20-16-32_000.jpg.4.png

[20181011_072316 / lib_ip.py:2273] inspecting ===> img.20181011_072316.2018-10-10_22-18-03_000.jpg.1.png
[20181011_072316 / lib_ip.py:4330] 
img.20181011_072316.2018-10-10_22-18-03_000.jpg.1.png 0
[20181011_072316 / lib_ip.py:3794] file = img.20181011_072316.2018-10-10_22-18-03_000.jpg.1.png / val_Average = 23.2667	val_Variance = 69.0827	sd = 8.3116	max = 64	min = 11
[20181011_072316 / lib_ip.py:3877] len(Hs) = 8100, len(Ss) = 8100, len(Vs) = 8100
[20181011_072316 / lib_ip.py:3910] yellow : variance --> out of range (variance = 69.083 / upper = 0.650 / lower = 0.000)
[20181011_072316 / lib_ip.py:3794] file = img.20181011_072316.2018-10-10_22-18-03_000.jpg.1.png / val_Average = 23.2667	val_Variance = 69.0827	sd = 8.3116	max = 64	min = 11
[20181011_072316 / lib_ip.py:3977] len(Hs) = 8100, len(Ss) = 8100, len(Vs) = 8100
[20181011_072317 / lib_ip.py:4023] red : variance --> out of range (variance = 69.083 / upper = 0.430 / lower = 0.000)
[20181011_072317 / lib_ip.py:3794] file = img.20181011_072316.2018-10-10_22-18-03_000.jpg.1.png / val_Average = 23.2667	val_Variance = 69.0827	sd = 8.3116	max = 64	min = 11
[20181011_072317 / lib_ip.py:4090] len(Hs) = 8100, len(Ss) = 8100, len(Vs) = 8100
[20181011_072317 / lib_ip.py:4137] green : variance --> out of range (variance = 69.083 / upper = 0.750 / lower = 0.000)
[20181011_072317 / lib_ip.py:3794] file = img.20181011_072316.2018-10-10_22-18-03_000.jpg.1.png / val_Average = 23.2667	val_Variance = 69.0827	sd = 8.3116	max = 64	min = 11
[20181011_072317 / lib_ip.py:4204] len(Hs) = 8100, len(Ss) = 8100, len(Vs) = 8100
[20181011_072317 / lib_ip.py:4248] black : variance --> out of range (variance = 69.083 / upper = 0.000 / lower = 0.000)
[20181011_072317 / lib_ip.py:4398] file : img.20181011_072316.2018-10-10_22-18-03_000.jpg.1.png 0 (black : variance --> out of range (variance = 69.083 / upper = 0.000 / lower = 0.000))
[20181011_072317 / lib_ip.py:2273] inspecting ===> img.20181011_072316.2018-10-10_22-18-03_000.jpg.2.png
[20181011_072317 / lib_ip.py:4330] 
img.20181011_072316.2018-10-10_22-18-03_000.jpg.2.png 1
[20181011_072317 / lib_ip.py:3794] file = img.20181011_072316.2018-10-10_22-18-03_000.jpg.2.png / val_Average = 103.8874	val_Variance = 7.3016	sd = 2.7022	max = 112	min = 90
[20181011_072317 / lib_ip.py:3877] len(Hs) = 8100, len(Ss) = 8100, len(Vs) = 8100
[20181011_072317 / lib_ip.py:3910] yellow : variance --> out of range (variance = 7.302 / upper = 0.650 / lower = 0.000)
[20181011_072318 / lib_ip.py:3794] file = img.20181011_072316.2018-10-10_22-18-03_000.jpg.2.png / val_Average = 103.8874	val_Variance = 7.3016	sd = 2.7022	max = 112	min = 90
[20181011_072318 / lib_ip.py:3977] len(Hs) = 8100, len(Ss) = 8100, len(Vs) = 8100
[20181011_072318 / lib_ip.py:4023] red : variance --> out of range (variance = 7.302 / upper = 0.430 / lower = 0.000)
[20181011_072318 / lib_ip.py:3794] file = img.20181011_072316.2018-10-10_22-18-03_000.jpg.2.png / val_Average = 103.8874	val_Variance = 7.3016	sd = 2.7022	max = 112	min = 90
[20181011_072318 / lib_ip.py:4090] len(Hs) = 8100, len(Ss) = 8100, len(Vs) = 8100
[20181011_072318 / lib_ip.py:4137] green : variance --> out of range (variance = 7.302 / upper = 0.750 / lower = 0.000)
[20181011_072318 / lib_ip.py:3794] file = img.20181011_072316.2018-10-10_22-18-03_000.jpg.2.png / val_Average = 103.8874	val_Variance = 7.3016	sd = 2.7022	max = 112	min = 90
[20181011_072318 / lib_ip.py:4204] len(Hs) = 8100, len(Ss) = 8100, len(Vs) = 8100
[20181011_072318 / lib_ip.py:4248] black : variance --> out of range (variance = 7.302 / upper = 0.000 / lower = 0.000)
[20181011_072318 / lib_ip.py:4398] file : img.20181011_072316.2018-10-10_22-18-03_000.jpg.2.png 1 (black : variance --> out of range (variance = 7.302 / upper = 0.000 / lower = 0.000))
[20181011_072318 / lib_ip.py:2273] inspecting ===> img.20181011_072316.2018-10-10_22-18-03_000.jpg.3.png
[20181011_072318 / lib_ip.py:4330] 
img.20181011_072316.2018-10-10_22-18-03_000.jpg.3.png 2
[20181011_072319 / lib_ip.py:3794] file = img.20181011_072316.2018-10-10_22-18-03_000.jpg.3.png / val_Average = 101.7267	val_Variance = 2.7004	sd = 1.6433	max = 107	min = 96
[20181011_072319 / lib_ip.py:3877] len(Hs) = 8100, len(Ss) = 8100, len(Vs) = 8100
[20181011_072319 / lib_ip.py:3910] yellow : variance --> out of range (variance = 2.700 / upper = 0.650 / lower = 0.000)
[20181011_072319 / lib_ip.py:3794] file = img.20181011_072316.2018-10-10_22-18-03_000.jpg.3.png / val_Average = 101.7267	val_Variance = 2.7004	sd = 1.6433	max = 107	min = 96
[20181011_072319 / lib_ip.py:3977] len(Hs) = 8100, len(Ss) = 8100, len(Vs) = 8100
[20181011_072319 / lib_ip.py:4023] red : variance --> out of range (variance = 2.700 / upper = 0.430 / lower = 0.000)
[20181011_072319 / lib_ip.py:3794] file = img.20181011_072316.2018-10-10_22-18-03_000.jpg.3.png / val_Average = 101.7267	val_Variance = 2.7004	sd = 1.6433	max = 107	min = 96
[20181011_072319 / lib_ip.py:4090] len(Hs) = 8100, len(Ss) = 8100, len(Vs) = 8100
[20181011_072319 / lib_ip.py:4137] green : variance --> out of range (variance = 2.700 / upper = 0.750 / lower = 0.000)
[20181011_072319 / lib_ip.py:3794] file = img.20181011_072316.2018-10-10_22-18-03_000.jpg.3.png / val_Average = 101.7267	val_Variance = 2.7004	sd = 1.6433	max = 107	min = 96
[20181011_072319 / lib_ip.py:4204] len(Hs) = 8100, len(Ss) = 8100, len(Vs) = 8100
[20181011_072319 / lib_ip.py:4248] black : variance --> out of range (variance = 2.700 / upper = 0.000 / lower = 0.000)
[20181011_072319 / lib_ip.py:4398] file : img.20181011_072316.2018-10-10_22-18-03_000.jpg.3.png 2 (black : variance --> out of range (variance = 2.700 / upper = 0.000 / lower = 0.000))
[20181011_072319 / lib_ip.py:2273] inspecting ===> img.20181011_072316.2018-10-10_22-18-03_000.jpg.4.png
[20181011_072319 / lib_ip.py:4330] 
img.20181011_072316.2018-10-10_22-18-03_000.jpg.4.png 3
[20181011_072319 / lib_ip.py:3794] file = img.20181011_072316.2018-10-10_22-18-03_000.jpg.4.png / val_Average = 82.6562	val_Variance = 654.8333	sd = 25.5897	max = 107	min = 0
[20181011_072320 / lib_ip.py:3877] len(Hs) = 8100, len(Ss) = 8100, len(Vs) = 8100
[20181011_072320 / lib_ip.py:3910] yellow : variance --> out of range (variance = 654.833 / upper = 0.650 / lower = 0.000)
[20181011_072320 / lib_ip.py:3794] file = img.20181011_072316.2018-10-10_22-18-03_000.jpg.4.png / val_Average = 82.6562	val_Variance = 654.8333	sd = 25.5897	max = 107	min = 0
[20181011_072320 / lib_ip.py:3977] len(Hs) = 8100, len(Ss) = 8100, len(Vs) = 8100
[20181011_072320 / lib_ip.py:4023] red : variance --> out of range (variance = 654.833 / upper = 0.430 / lower = 0.000)
[20181011_072320 / lib_ip.py:3794] file = img.20181011_072316.2018-10-10_22-18-03_000.jpg.4.png / val_Average = 82.6562	val_Variance = 654.8333	sd = 25.5897	max = 107	min = 0
[20181011_072320 / lib_ip.py:4090] len(Hs) = 8100, len(Ss) = 8100, len(Vs) = 8100
[20181011_072320 / lib_ip.py:4137] green : variance --> out of range (variance = 654.833 / upper = 0.750 / lower = 0.000)
[20181011_072320 / lib_ip.py:3794] file = img.20181011_072316.2018-10-10_22-18-03_000.jpg.4.png / val_Average = 82.6562	val_Variance = 654.8333	sd = 25.5897	max = 107	min = 0
[20181011_072320 / lib_ip.py:4204] len(Hs) = 8100, len(Ss) = 8100, len(Vs) = 8100
[20181011_072320 / lib_ip.py:4248] black : variance --> out of range (variance = 654.833 / upper = 0.000 / lower = 0.000)
[20181011_072320 / lib_ip.py:4398] file : img.20181011_072316.2018-10-10_22-18-03_000.jpg.4.png 3 (black : variance --> out of range (variance = 654.833 / upper = 0.000 / lower = 0.000))
[20181011_072319 / lib_ip.py:2273] inspecting ===> img.20181011_072316.2018-10-10_22-18-03_000.jpg.4.png
img.20181011_072316.2018-10-10_22-18-03_000.jpg.1.png => other
img.20181011_072316.2018-10-10_22-18-03_000.jpg.2.png => other
img.20181011_072316.2018-10-10_22-18-03_000.jpg.3.png => other
img.20181011_072316.2018-10-10_22-18-03_000.jpg.4.png => other
[20181011_072320 lib_ip.py:3300] =============== Get 4 corners
dpath_Images = C:\WORKS_2\WS\WS_Others.Art\JVEMV6\46_art\VIRTUAL\Admin_Projects\ip\images
fname_Image = img.20181011_072316.2018-10-10_22-18-03_000.jpg.4.png

[20181011_072321 / lib_ip.py:2273] inspecting ===> img.20181011_072321.2018-10-10_22-18-15_000.jpg.1.png
[20181011_072321 / lib_ip.py:4330] 
img.20181011_072321.2018-10-10_22-18-15_000.jpg.1.png 0
[20181011_072321 / lib_ip.py:3794] file = img.20181011_072321.2018-10-10_22-18-15_000.jpg.1.png / val_Average = 105.5057	val_Variance = 0.6356	sd = 0.7973	max = 107	min = 103
[20181011_072321 / lib_ip.py:3877] len(Hs) = 8100, len(Ss) = 8100, len(Vs) = 8100
[20181011_072321 / lib_ip.py:3932] yellow : average --> out of range (average = 105.506 / upper = 99.200 / lower = 88.000)
[20181011_072321 / lib_ip.py:3794] file = img.20181011_072321.2018-10-10_22-18-15_000.jpg.1.png / val_Average = 105.5057	val_Variance = 0.6356	sd = 0.7973	max = 107	min = 103
[20181011_072321 / lib_ip.py:3977] len(Hs) = 8100, len(Ss) = 8100, len(Vs) = 8100
[20181011_072321 / lib_ip.py:4023] red : variance --> out of range (variance = 0.636 / upper = 0.430 / lower = 0.000)
[20181011_072322 / lib_ip.py:3794] file = img.20181011_072321.2018-10-10_22-18-15_000.jpg.1.png / val_Average = 105.5057	val_Variance = 0.6356	sd = 0.7973	max = 107	min = 103
[20181011_072322 / lib_ip.py:4090] len(Hs) = 8100, len(Ss) = 8100, len(Vs) = 8100
[20181011_072322 / lib_ip.py:4162] green : average --> out of range (average = 105.506 / upper = 83.000 / lower = 58.000)
[20181011_072322 / lib_ip.py:3794] file = img.20181011_072321.2018-10-10_22-18-15_000.jpg.1.png / val_Average = 105.5057	val_Variance = 0.6356	sd = 0.7973	max = 107	min = 103
[20181011_072322 / lib_ip.py:4204] len(Hs) = 8100, len(Ss) = 8100, len(Vs) = 8100
[20181011_072322 / lib_ip.py:4248] black : variance --> out of range (variance = 0.636 / upper = 0.000 / lower = 0.000)
[20181011_072322 / lib_ip.py:4398] file : img.20181011_072321.2018-10-10_22-18-15_000.jpg.1.png 0 (black : variance --> out of range (variance = 0.636 / upper = 0.000 / lower = 0.000))
[20181011_072322 / lib_ip.py:2273] inspecting ===> img.20181011_072321.2018-10-10_22-18-15_000.jpg.2.png
[20181011_072322 / lib_ip.py:4330] 
img.20181011_072321.2018-10-10_22-18-15_000.jpg.2.png 1
[20181011_072322 / lib_ip.py:3794] file = img.20181011_072321.2018-10-10_22-18-15_000.jpg.2.png / val_Average = 13.0352	val_Variance = 0.6567	sd = 0.8103	max = 17	min = 11
[20181011_072322 / lib_ip.py:3877] len(Hs) = 8100, len(Ss) = 8100, len(Vs) = 8100
[20181011_072322 / lib_ip.py:3910] yellow : variance --> out of range (variance = 0.657 / upper = 0.650 / lower = 0.000)
[20181011_072322 / lib_ip.py:3794] file = img.20181011_072321.2018-10-10_22-18-15_000.jpg.2.png / val_Average = 13.0352	val_Variance = 0.6567	sd = 0.8103	max = 17	min = 11
[20181011_072322 / lib_ip.py:3977] len(Hs) = 8100, len(Ss) = 8100, len(Vs) = 8100
[20181011_072323 / lib_ip.py:4023] red : variance --> out of range (variance = 0.657 / upper = 0.430 / lower = 0.000)
[20181011_072323 / lib_ip.py:3794] file = img.20181011_072321.2018-10-10_22-18-15_000.jpg.2.png / val_Average = 13.0352	val_Variance = 0.6567	sd = 0.8103	max = 17	min = 11
[20181011_072323 / lib_ip.py:4090] len(Hs) = 8100, len(Ss) = 8100, len(Vs) = 8100
[20181011_072323 / lib_ip.py:4162] green : average --> out of range (average = 13.035 / upper = 83.000 / lower = 58.000)
[20181011_072323 / lib_ip.py:3794] file = img.20181011_072321.2018-10-10_22-18-15_000.jpg.2.png / val_Average = 13.0352	val_Variance = 0.6567	sd = 0.8103	max = 17	min = 11
[20181011_072323 / lib_ip.py:4204] len(Hs) = 8100, len(Ss) = 8100, len(Vs) = 8100
[20181011_072323 / lib_ip.py:4248] black : variance --> out of range (variance = 0.657 / upper = 0.000 / lower = 0.000)
[20181011_072323 / lib_ip.py:4398] file : img.20181011_072321.2018-10-10_22-18-15_000.jpg.2.png 1 (black : variance --> out of range (variance = 0.657 / upper = 0.000 / lower = 0.000))
[20181011_072323 / lib_ip.py:2273] inspecting ===> img.20181011_072321.2018-10-10_22-18-15_000.jpg.3.png
[20181011_072323 / lib_ip.py:4330] 
img.20181011_072321.2018-10-10_22-18-15_000.jpg.3.png 2
[20181011_072323 / lib_ip.py:3794] file = img.20181011_072321.2018-10-10_22-18-15_000.jpg.3.png / val_Average = 18.0115	val_Variance = 64.8936	sd = 8.0557	max = 90	min = 0
[20181011_072323 / lib_ip.py:3877] len(Hs) = 8100, len(Ss) = 8100, len(Vs) = 8100
[20181011_072323 / lib_ip.py:3910] yellow : variance --> out of range (variance = 64.894 / upper = 0.650 / lower = 0.000)
[20181011_072323 / lib_ip.py:3794] file = img.20181011_072321.2018-10-10_22-18-15_000.jpg.3.png / val_Average = 18.0115	val_Variance = 64.8936	sd = 8.0557	max = 90	min = 0
[20181011_072323 / lib_ip.py:3977] len(Hs) = 8100, len(Ss) = 8100, len(Vs) = 8100
[20181011_072323 / lib_ip.py:4023] red : variance --> out of range (variance = 64.894 / upper = 0.430 / lower = 0.000)
[20181011_072324 / lib_ip.py:3794] file = img.20181011_072321.2018-10-10_22-18-15_000.jpg.3.png / val_Average = 18.0115	val_Variance = 64.8936	sd = 8.0557	max = 90	min = 0
[20181011_072324 / lib_ip.py:4090] len(Hs) = 8100, len(Ss) = 8100, len(Vs) = 8100
[20181011_072324 / lib_ip.py:4137] green : variance --> out of range (variance = 64.894 / upper = 0.750 / lower = 0.000)
[20181011_072324 / lib_ip.py:3794] file = img.20181011_072321.2018-10-10_22-18-15_000.jpg.3.png / val_Average = 18.0115	val_Variance = 64.8936	sd = 8.0557	max = 90	min = 0
[20181011_072324 / lib_ip.py:4204] len(Hs) = 8100, len(Ss) = 8100, len(Vs) = 8100
[20181011_072324 / lib_ip.py:4248] black : variance --> out of range (variance = 64.894 / upper = 0.000 / lower = 0.000)
[20181011_072324 / lib_ip.py:4398] file : img.20181011_072321.2018-10-10_22-18-15_000.jpg.3.png 2 (black : variance --> out of range (variance = 64.894 / upper = 0.000 / lower = 0.000))
[20181011_072324 / lib_ip.py:2273] inspecting ===> img.20181011_072321.2018-10-10_22-18-15_000.jpg.4.png
[20181011_072324 / lib_ip.py:4330] 
img.20181011_072321.2018-10-10_22-18-15_000.jpg.4.png 3
[20181011_072324 / lib_ip.py:3794] file = img.20181011_072321.2018-10-10_22-18-15_000.jpg.4.png / val_Average = 94.5730	val_Variance = 2107.4126	sd = 45.9066	max = 178	min = 0
[20181011_072324 / lib_ip.py:3877] len(Hs) = 8100, len(Ss) = 8100, len(Vs) = 8100
[20181011_072324 / lib_ip.py:3910] yellow : variance --> out of range (variance = 2107.413 / upper = 0.650 / lower = 0.000)
[20181011_072324 / lib_ip.py:3794] file = img.20181011_072321.2018-10-10_22-18-15_000.jpg.4.png / val_Average = 94.5730	val_Variance = 2107.4126	sd = 45.9066	max = 178	min = 0
[20181011_072324 / lib_ip.py:3977] len(Hs) = 8100, len(Ss) = 8100, len(Vs) = 8100
[20181011_072325 / lib_ip.py:4023] red : variance --> out of range (variance = 2107.413 / upper = 0.430 / lower = 0.000)
[20181011_072325 / lib_ip.py:3794] file = img.20181011_072321.2018-10-10_22-18-15_000.jpg.4.png / val_Average = 94.5730	val_Variance = 2107.4126	sd = 45.9066	max = 178	min = 0
[20181011_072325 / lib_ip.py:4090] len(Hs) = 8100, len(Ss) = 8100, len(Vs) = 8100
[20181011_072325 / lib_ip.py:4137] green : variance --> out of range (variance = 2107.413 / upper = 0.750 / lower = 0.000)
[20181011_072325 / lib_ip.py:3794] file = img.20181011_072321.2018-10-10_22-18-15_000.jpg.4.png / val_Average = 94.5730	val_Variance = 2107.4126	sd = 45.9066	max = 178	min = 0
[20181011_072325 / lib_ip.py:4204] len(Hs) = 8100, len(Ss) = 8100, len(Vs) = 8100
[20181011_072325 / lib_ip.py:4248] black : variance --> out of range (variance = 2107.413 / upper = 0.000 / lower = 0.000)
[20181011_072325 / lib_ip.py:4398] file : img.20181011_072321.2018-10-10_22-18-15_000.jpg.4.png 3 (black : variance --> out of range (variance = 2107.413 / upper = 0.000 / lower = 0.000))
[20181011_072324 / lib_ip.py:2273] inspecting ===> img.20181011_072321.2018-10-10_22-18-15_000.jpg.4.png
img.20181011_072321.2018-10-10_22-18-15_000.jpg.1.png => other
img.20181011_072321.2018-10-10_22-18-15_000.jpg.2.png => other
img.20181011_072321.2018-10-10_22-18-15_000.jpg.3.png => other
img.20181011_072321.2018-10-10_22-18-15_000.jpg.4.png => other
[20181011_072325 lib_ip.py:3300] =============== Get 4 corners
dpath_Images = C:\WORKS_2\WS\WS_Others.Art\JVEMV6\46_art\VIRTUAL\Admin_Projects\ip\images
fname_Image = img.20181011_072321.2018-10-10_22-18-15_000.jpg.4.png

[20181011_072325 / lib_ip.py:2273] inspecting ===> img.20181011_072325.2018-10-11_00-39-19_000.jpg.1.png
[20181011_072326 / lib_ip.py:4330] 
img.20181011_072325.2018-10-11_00-39-19_000.jpg.1.png 0
[20181011_072326 / lib_ip.py:3794] file = img.20181011_072325.2018-10-11_00-39-19_000.jpg.1.png / val_Average = 106.3388	val_Variance = 496.0672	sd = 22.2726	max = 160	min = 0
[20181011_072326 / lib_ip.py:3877] len(Hs) = 8100, len(Ss) = 8100, len(Vs) = 8100
[20181011_072326 / lib_ip.py:3910] yellow : variance --> out of range (variance = 496.067 / upper = 0.650 / lower = 0.000)
[20181011_072326 / lib_ip.py:3794] file = img.20181011_072325.2018-10-11_00-39-19_000.jpg.1.png / val_Average = 106.3388	val_Variance = 496.0672	sd = 22.2726	max = 160	min = 0
[20181011_072326 / lib_ip.py:3977] len(Hs) = 8100, len(Ss) = 8100, len(Vs) = 8100
[20181011_072326 / lib_ip.py:4023] red : variance --> out of range (variance = 496.067 / upper = 0.430 / lower = 0.000)
[20181011_072326 / lib_ip.py:3794] file = img.20181011_072325.2018-10-11_00-39-19_000.jpg.1.png / val_Average = 106.3388	val_Variance = 496.0672	sd = 22.2726	max = 160	min = 0
[20181011_072326 / lib_ip.py:4090] len(Hs) = 8100, len(Ss) = 8100, len(Vs) = 8100
[20181011_072326 / lib_ip.py:4137] green : variance --> out of range (variance = 496.067 / upper = 0.750 / lower = 0.000)
[20181011_072326 / lib_ip.py:3794] file = img.20181011_072325.2018-10-11_00-39-19_000.jpg.1.png / val_Average = 106.3388	val_Variance = 496.0672	sd = 22.2726	max = 160	min = 0
[20181011_072326 / lib_ip.py:4204] len(Hs) = 8100, len(Ss) = 8100, len(Vs) = 8100
[20181011_072326 / lib_ip.py:4248] black : variance --> out of range (variance = 496.067 / upper = 0.000 / lower = 0.000)
[20181011_072326 / lib_ip.py:4398] file : img.20181011_072325.2018-10-11_00-39-19_000.jpg.1.png 0 (black : variance --> out of range (variance = 496.067 / upper = 0.000 / lower = 0.000))
[20181011_072326 / lib_ip.py:2273] inspecting ===> img.20181011_072325.2018-10-11_00-39-19_000.jpg.2.png
[20181011_072327 / lib_ip.py:4330] 
img.20181011_072325.2018-10-11_00-39-19_000.jpg.2.png 1
[20181011_072327 / lib_ip.py:3794] file = img.20181011_072325.2018-10-11_00-39-19_000.jpg.2.png / val_Average = 106.5217	val_Variance = 418.3315	sd = 20.4532	max = 160	min = 0
[20181011_072327 / lib_ip.py:3877] len(Hs) = 8100, len(Ss) = 8100, len(Vs) = 8100
[20181011_072327 / lib_ip.py:3910] yellow : variance --> out of range (variance = 418.332 / upper = 0.650 / lower = 0.000)
[20181011_072327 / lib_ip.py:3794] file = img.20181011_072325.2018-10-11_00-39-19_000.jpg.2.png / val_Average = 106.5217	val_Variance = 418.3315	sd = 20.4532	max = 160	min = 0
[20181011_072327 / lib_ip.py:3977] len(Hs) = 8100, len(Ss) = 8100, len(Vs) = 8100
[20181011_072327 / lib_ip.py:4023] red : variance --> out of range (variance = 418.332 / upper = 0.430 / lower = 0.000)
[20181011_072327 / lib_ip.py:3794] file = img.20181011_072325.2018-10-11_00-39-19_000.jpg.2.png / val_Average = 106.5217	val_Variance = 418.3315	sd = 20.4532	max = 160	min = 0
[20181011_072327 / lib_ip.py:4090] len(Hs) = 8100, len(Ss) = 8100, len(Vs) = 8100
[20181011_072327 / lib_ip.py:4137] green : variance --> out of range (variance = 418.332 / upper = 0.750 / lower = 0.000)
[20181011_072327 / lib_ip.py:3794] file = img.20181011_072325.2018-10-11_00-39-19_000.jpg.2.png / val_Average = 106.5217	val_Variance = 418.3315	sd = 20.4532	max = 160	min = 0
[20181011_072327 / lib_ip.py:4204] len(Hs) = 8100, len(Ss) = 8100, len(Vs) = 8100
[20181011_072327 / lib_ip.py:4248] black : variance --> out of range (variance = 418.332 / upper = 0.000 / lower = 0.000)
[20181011_072327 / lib_ip.py:4398] file : img.20181011_072325.2018-10-11_00-39-19_000.jpg.2.png 1 (black : variance --> out of range (variance = 418.332 / upper = 0.000 / lower = 0.000))
[20181011_072328 / lib_ip.py:2273] inspecting ===> img.20181011_072325.2018-10-11_00-39-19_000.jpg.3.png
[20181011_072328 / lib_ip.py:4330] 
img.20181011_072325.2018-10-11_00-39-19_000.jpg.3.png 2
[20181011_072328 / lib_ip.py:3794] file = img.20181011_072325.2018-10-11_00-39-19_000.jpg.3.png / val_Average = 95.5304	val_Variance = 1241.7380	sd = 35.2383	max = 135	min = 0
[20181011_072328 / lib_ip.py:3877] len(Hs) = 8100, len(Ss) = 8100, len(Vs) = 8100
[20181011_072328 / lib_ip.py:3910] yellow : variance --> out of range (variance = 1241.738 / upper = 0.650 / lower = 0.000)
[20181011_072328 / lib_ip.py:3794] file = img.20181011_072325.2018-10-11_00-39-19_000.jpg.3.png / val_Average = 95.5304	val_Variance = 1241.7380	sd = 35.2383	max = 135	min = 0
[20181011_072328 / lib_ip.py:3977] len(Hs) = 8100, len(Ss) = 8100, len(Vs) = 8100
[20181011_072328 / lib_ip.py:4023] red : variance --> out of range (variance = 1241.738 / upper = 0.430 / lower = 0.000)
[20181011_072328 / lib_ip.py:3794] file = img.20181011_072325.2018-10-11_00-39-19_000.jpg.3.png / val_Average = 95.5304	val_Variance = 1241.7380	sd = 35.2383	max = 135	min = 0
[20181011_072328 / lib_ip.py:4090] len(Hs) = 8100, len(Ss) = 8100, len(Vs) = 8100
[20181011_072328 / lib_ip.py:4137] green : variance --> out of range (variance = 1241.738 / upper = 0.750 / lower = 0.000)
[20181011_072328 / lib_ip.py:3794] file = img.20181011_072325.2018-10-11_00-39-19_000.jpg.3.png / val_Average = 95.5304	val_Variance = 1241.7380	sd = 35.2383	max = 135	min = 0
[20181011_072328 / lib_ip.py:4204] len(Hs) = 8100, len(Ss) = 8100, len(Vs) = 8100
[20181011_072328 / lib_ip.py:4248] black : variance --> out of range (variance = 1241.738 / upper = 0.000 / lower = 0.000)
[20181011_072328 / lib_ip.py:4398] file : img.20181011_072325.2018-10-11_00-39-19_000.jpg.3.png 2 (black : variance --> out of range (variance = 1241.738 / upper = 0.000 / lower = 0.000))
[20181011_072328 / lib_ip.py:2273] inspecting ===> img.20181011_072325.2018-10-11_00-39-19_000.jpg.4.png
[20181011_072329 / lib_ip.py:4330] 
img.20181011_072325.2018-10-11_00-39-19_000.jpg.4.png 3
[20181011_072329 / lib_ip.py:3794] file = img.20181011_072325.2018-10-11_00-39-19_000.jpg.4.png / val_Average = 103.8501	val_Variance = 452.9617	sd = 21.2829	max = 160	min = 0
[20181011_072329 / lib_ip.py:3877] len(Hs) = 8100, len(Ss) = 8100, len(Vs) = 8100
[20181011_072329 / lib_ip.py:3910] yellow : variance --> out of range (variance = 452.962 / upper = 0.650 / lower = 0.000)
[20181011_072329 / lib_ip.py:3794] file = img.20181011_072325.2018-10-11_00-39-19_000.jpg.4.png / val_Average = 103.8501	val_Variance = 452.9617	sd = 21.2829	max = 160	min = 0
[20181011_072329 / lib_ip.py:3977] len(Hs) = 8100, len(Ss) = 8100, len(Vs) = 8100
[20181011_072329 / lib_ip.py:4023] red : variance --> out of range (variance = 452.962 / upper = 0.430 / lower = 0.000)
[20181011_072329 / lib_ip.py:3794] file = img.20181011_072325.2018-10-11_00-39-19_000.jpg.4.png / val_Average = 103.8501	val_Variance = 452.9617	sd = 21.2829	max = 160	min = 0
[20181011_072329 / lib_ip.py:4090] len(Hs) = 8100, len(Ss) = 8100, len(Vs) = 8100
[20181011_072329 / lib_ip.py:4137] green : variance --> out of range (variance = 452.962 / upper = 0.750 / lower = 0.000)
[20181011_072329 / lib_ip.py:3794] file = img.20181011_072325.2018-10-11_00-39-19_000.jpg.4.png / val_Average = 103.8501	val_Variance = 452.9617	sd = 21.2829	max = 160	min = 0
[20181011_072329 / lib_ip.py:4204] len(Hs) = 8100, len(Ss) = 8100, len(Vs) = 8100
[20181011_072330 / lib_ip.py:4248] black : variance --> out of range (variance = 452.962 / upper = 0.000 / lower = 0.000)
[20181011_072330 / lib_ip.py:4398] file : img.20181011_072325.2018-10-11_00-39-19_000.jpg.4.png 3 (black : variance --> out of range (variance = 452.962 / upper = 0.000 / lower = 0.000))
[20181011_072328 / lib_ip.py:2273] inspecting ===> img.20181011_072325.2018-10-11_00-39-19_000.jpg.4.png
img.20181011_072325.2018-10-11_00-39-19_000.jpg.1.png => other
img.20181011_072325.2018-10-11_00-39-19_000.jpg.2.png => other
img.20181011_072325.2018-10-11_00-39-19_000.jpg.3.png => other
img.20181011_072325.2018-10-11_00-39-19_000.jpg.4.png => other
[20181011_072330 lib_ip.py:3300] =============== Get 4 corners
dpath_Images = C:\WORKS_2\WS\WS_Others.Art\JVEMV6\46_art\VIRTUAL\Admin_Projects\ip\images
fname_Image = img.20181011_072325.2018-10-11_00-39-19_000.jpg.4.png

[20181011_072330 / views.py:1175] gen csv => complete (20181011_072330)(elapsed = 44.833 sec / 9 files / 4.981 sec per file)
1)	2018-10-10_11-01-48_000.jpg => 	other other yellow other 
2)	2018-10-10_14-32-36_000.jpg => 	green green other other 
3)	2018-10-10_17-15-48_000.jpg => 	green other green other 
4)	2018-10-10_18-11-31_000.jpg => 	other other green red 
5)	2018-10-10_18-12-00_000.jpg => 	green other red other 
6)	2018-10-10_20-16-32_000.jpg => 	other other yellow other 
7)	2018-10-10_22-18-03_000.jpg => 	other other other other 
8)	2018-10-10_22-18-15_000.jpg => 	other other other other 
9)	2018-10-11_00-39-19_000.jpg => 	other other other other 
[20181011_072330 / views.py:1561] lo_ColorName_Set__Modified_2 =>
1)	2018-10-10_11-01-48_000.jpg => 	o o o y 
2)	2018-10-10_14-32-36_000.jpg => 	g g o o 
3)	2018-10-10_17-15-48_000.jpg => 	g g o o 
4)	2018-10-10_18-11-31_000.jpg => 	g o o r 
5)	2018-10-10_18-12-00_000.jpg => 	g o o r 
6)	2018-10-10_20-16-32_000.jpg => 	o o o y 
7)	2018-10-10_22-18-03_000.jpg => 	o o o o 
8)	2018-10-10_22-18-15_000.jpg => 	o o o o 
9)	2018-10-11_00-39-19_000.jpg => 	o o o o 
[20181011_072331 / views.py:1672] gen_Cake_CSV(request) ==> ending... =======================//

[20181011_073714 / views.py:1719] exec_get_4_corners(request) ================================
[20181011_073717 / lib_ip.py:1960] lo_Color_Names =>
img.20181011_073715.2018-10-10_17-15-48_000.jpg.1.png => other
img.20181011_073715.2018-10-10_17-15-48_000.jpg.2.png => other
img.20181011_073715.2018-10-10_17-15-48_000.jpg.3.png => other
img.20181011_073715.2018-10-10_17-15-48_000.jpg.4.png => other
[20181011_073717 / lib_ip.py:4330] 
2018-10-10_17-15-48_000.jpg 0
[20181011_073717 / lib_ip.py:3794] file = 2018-10-10_17-15-48_000.jpg / val_Average = 75.0119	val_Variance = 0.1616	sd = 0.4020	max = 76	min = 74
[20181011_073717 / lib_ip.py:3877] len(Hs) = 8100, len(Ss) = 8100, len(Vs) = 8100
[20181011_073717 / lib_ip.py:3932] yellow : average --> out of range (average = 75.012 / upper = 99.200 / lower = 88.000)
[20181011_073717 / lib_ip.py:3794] file = 2018-10-10_17-15-48_000.jpg / val_Average = 75.0119	val_Variance = 0.1616	sd = 0.4020	max = 76	min = 74
[20181011_073717 / lib_ip.py:3977] len(Hs) = 8100, len(Ss) = 8100, len(Vs) = 8100
[20181011_073718 / lib_ip.py:4048] red : average --> out of range (average = 75.012 / upper = 124.000 / lower = 115.000)
[20181011_073718 / lib_ip.py:3794] file = 2018-10-10_17-15-48_000.jpg / val_Average = 75.0119	val_Variance = 0.1616	sd = 0.4020	max = 76	min = 74
[20181011_073718 / lib_ip.py:4090] len(Hs) = 8100, len(Ss) = 8100, len(Vs) = 8100
[20181011_073718 / lib_ip.py:4330] 
2018-10-10_17-15-48_000.jpg 1
[20181011_073718 / lib_ip.py:3794] file = 2018-10-10_17-15-48_000.jpg / val_Average = 158.1054	val_Variance = 273.1595	sd = 16.5275	max = 175	min = 0
[20181011_073718 / lib_ip.py:3877] len(Hs) = 8100, len(Ss) = 8100, len(Vs) = 8100
[20181011_073718 / lib_ip.py:3910] yellow : variance --> out of range (variance = 273.160 / upper = 0.650 / lower = 0.000)
[20181011_073718 / lib_ip.py:3794] file = 2018-10-10_17-15-48_000.jpg / val_Average = 158.1054	val_Variance = 273.1595	sd = 16.5275	max = 175	min = 0
[20181011_073718 / lib_ip.py:3977] len(Hs) = 8100, len(Ss) = 8100, len(Vs) = 8100
[20181011_073718 / lib_ip.py:4023] red : variance --> out of range (variance = 273.160 / upper = 0.430 / lower = 0.000)
[20181011_073718 / lib_ip.py:3794] file = 2018-10-10_17-15-48_000.jpg / val_Average = 158.1054	val_Variance = 273.1595	sd = 16.5275	max = 175	min = 0
[20181011_073718 / lib_ip.py:4090] len(Hs) = 8100, len(Ss) = 8100, len(Vs) = 8100
[20181011_073718 / lib_ip.py:4137] green : variance --> out of range (variance = 273.160 / upper = 0.750 / lower = 0.000)
[20181011_073718 / lib_ip.py:3794] file = 2018-10-10_17-15-48_000.jpg / val_Average = 158.1054	val_Variance = 273.1595	sd = 16.5275	max = 175	min = 0
[20181011_073718 / lib_ip.py:4204] len(Hs) = 8100, len(Ss) = 8100, len(Vs) = 8100
[20181011_073718 / lib_ip.py:4248] black : variance --> out of range (variance = 273.160 / upper = 0.000 / lower = 0.000)
[20181011_073718 / lib_ip.py:4398] file : 2018-10-10_17-15-48_000.jpg 1 (black : variance --> out of range (variance = 273.160 / upper = 0.000 / lower = 0.000))
[20181011_073718 / lib_ip.py:4330] 
2018-10-10_17-15-48_000.jpg 2
[20181011_073719 / lib_ip.py:3794] file = 2018-10-10_17-15-48_000.jpg / val_Average = 75.4801	val_Variance = 0.2585	sd = 0.5084	max = 77	min = 75
[20181011_073719 / lib_ip.py:3877] len(Hs) = 8100, len(Ss) = 8100, len(Vs) = 8100
[20181011_073719 / lib_ip.py:3932] yellow : average --> out of range (average = 75.480 / upper = 99.200 / lower = 88.000)
[20181011_073719 / lib_ip.py:3794] file = 2018-10-10_17-15-48_000.jpg / val_Average = 75.4801	val_Variance = 0.2585	sd = 0.5084	max = 77	min = 75
[20181011_073719 / lib_ip.py:3977] len(Hs) = 8100, len(Ss) = 8100, len(Vs) = 8100
[20181011_073719 / lib_ip.py:4048] red : average --> out of range (average = 75.480 / upper = 124.000 / lower = 115.000)
[20181011_073719 / lib_ip.py:3794] file = 2018-10-10_17-15-48_000.jpg / val_Average = 75.4801	val_Variance = 0.2585	sd = 0.5084	max = 77	min = 75
[20181011_073719 / lib_ip.py:4090] len(Hs) = 8100, len(Ss) = 8100, len(Vs) = 8100
[20181011_073719 / lib_ip.py:4330] 
2018-10-10_17-15-48_000.jpg 3
[20181011_073719 / lib_ip.py:3794] file = 2018-10-10_17-15-48_000.jpg / val_Average = 102.5191	val_Variance = 2.0136	sd = 1.4190	max = 106	min = 98
[20181011_073719 / lib_ip.py:3877] len(Hs) = 8100, len(Ss) = 8100, len(Vs) = 8100
[20181011_073719 / lib_ip.py:3910] yellow : variance --> out of range (variance = 2.014 / upper = 0.650 / lower = 0.000)
[20181011_073719 / lib_ip.py:3794] file = 2018-10-10_17-15-48_000.jpg / val_Average = 102.5191	val_Variance = 2.0136	sd = 1.4190	max = 106	min = 98
[20181011_073719 / lib_ip.py:3977] len(Hs) = 8100, len(Ss) = 8100, len(Vs) = 8100
[20181011_073719 / lib_ip.py:4023] red : variance --> out of range (variance = 2.014 / upper = 0.430 / lower = 0.000)
[20181011_073719 / lib_ip.py:3794] file = 2018-10-10_17-15-48_000.jpg / val_Average = 102.5191	val_Variance = 2.0136	sd = 1.4190	max = 106	min = 98
[20181011_073719 / lib_ip.py:4090] len(Hs) = 8100, len(Ss) = 8100, len(Vs) = 8100
[20181011_073720 / lib_ip.py:4137] green : variance --> out of range (variance = 2.014 / upper = 0.750 / lower = 0.000)
[20181011_073720 / lib_ip.py:3794] file = 2018-10-10_17-15-48_000.jpg / val_Average = 102.5191	val_Variance = 2.0136	sd = 1.4190	max = 106	min = 98
[20181011_073720 / lib_ip.py:4204] len(Hs) = 8100, len(Ss) = 8100, len(Vs) = 8100
[20181011_073730 / lib_ip.py:4248] black : variance --> out of range (variance = 2.014 / upper = 0.000 / lower = 0.000)
[20181011_073730 / lib_ip.py:4398] file : 2018-10-10_17-15-48_000.jpg 3 (black : variance --> out of range (variance = 2.014 / upper = 0.000 / lower = 0.000))
[20181011_073730 / lib_ip.py:2020] lo_Color_Names_2 =>
file = img.20181011_073715.2018-10-10_17-15-48_000.jpg.1.png / color name = green
file = img.20181011_073715.2018-10-10_17-15-48_000.jpg.2.png / color name = other
file = img.20181011_073715.2018-10-10_17-15-48_000.jpg.3.png / color name = green
file = img.20181011_073715.2018-10-10_17-15-48_000.jpg.4.png / color name = other
[20181011_074425 / views.py:1719] exec_get_4_corners(request) ================================
[20181011_074427 / lib_ip.py:1960] lo_Color_Names =>
img.20181011_074425.2018-10-10_17-15-48_000.jpg.1.png => other
img.20181011_074425.2018-10-10_17-15-48_000.jpg.2.png => other
img.20181011_074425.2018-10-10_17-15-48_000.jpg.3.png => other
img.20181011_074425.2018-10-10_17-15-48_000.jpg.4.png => other
[20181011_074427 / lib_ip.py:4330] 
2018-10-10_17-15-48_000.jpg 0
[20181011_074427 / lib_ip.py:3794] file = 2018-10-10_17-15-48_000.jpg / val_Average = 75.0119	val_Variance = 0.1616	sd = 0.4020	max = 76	min = 74
[20181011_074427 / lib_ip.py:3877] len(Hs) = 8100, len(Ss) = 8100, len(Vs) = 8100
[20181011_074427 / lib_ip.py:3932] yellow : average --> out of range (average = 75.012 / upper = 99.200 / lower = 88.000)
[20181011_074427 / lib_ip.py:3794] file = 2018-10-10_17-15-48_000.jpg / val_Average = 75.0119	val_Variance = 0.1616	sd = 0.4020	max = 76	min = 74
[20181011_074427 / lib_ip.py:3977] len(Hs) = 8100, len(Ss) = 8100, len(Vs) = 8100
[20181011_074427 / lib_ip.py:4048] red : average --> out of range (average = 75.012 / upper = 124.000 / lower = 115.000)
[20181011_074427 / lib_ip.py:3794] file = 2018-10-10_17-15-48_000.jpg / val_Average = 75.0119	val_Variance = 0.1616	sd = 0.4020	max = 76	min = 74
[20181011_074427 / lib_ip.py:4090] len(Hs) = 8100, len(Ss) = 8100, len(Vs) = 8100
[20181011_074427 / lib_ip.py:4330] 
2018-10-10_17-15-48_000.jpg 1
[20181011_074427 / lib_ip.py:3794] file = 2018-10-10_17-15-48_000.jpg / val_Average = 158.1054	val_Variance = 273.1595	sd = 16.5275	max = 175	min = 0
[20181011_074427 / lib_ip.py:3877] len(Hs) = 8100, len(Ss) = 8100, len(Vs) = 8100
[20181011_074427 / lib_ip.py:3910] yellow : variance --> out of range (variance = 273.160 / upper = 0.650 / lower = 0.000)
[20181011_074427 / lib_ip.py:3794] file = 2018-10-10_17-15-48_000.jpg / val_Average = 158.1054	val_Variance = 273.1595	sd = 16.5275	max = 175	min = 0
[20181011_074427 / lib_ip.py:3977] len(Hs) = 8100, len(Ss) = 8100, len(Vs) = 8100
[20181011_074427 / lib_ip.py:4023] red : variance --> out of range (variance = 273.160 / upper = 0.430 / lower = 0.000)
[20181011_074428 / lib_ip.py:3794] file = 2018-10-10_17-15-48_000.jpg / val_Average = 158.1054	val_Variance = 273.1595	sd = 16.5275	max = 175	min = 0
[20181011_074428 / lib_ip.py:4090] len(Hs) = 8100, len(Ss) = 8100, len(Vs) = 8100
[20181011_074428 / lib_ip.py:4137] green : variance --> out of range (variance = 273.160 / upper = 0.750 / lower = 0.000)
[20181011_074428 / lib_ip.py:3794] file = 2018-10-10_17-15-48_000.jpg / val_Average = 158.1054	val_Variance = 273.1595	sd = 16.5275	max = 175	min = 0
[20181011_074428 / lib_ip.py:4204] len(Hs) = 8100, len(Ss) = 8100, len(Vs) = 8100
[20181011_074428 / lib_ip.py:4248] black : variance --> out of range (variance = 273.160 / upper = 0.000 / lower = 0.000)
[20181011_074428 / lib_ip.py:4398] file : 2018-10-10_17-15-48_000.jpg 1 (black : variance --> out of range (variance = 273.160 / upper = 0.000 / lower = 0.000))
[20181011_074428 / lib_ip.py:4330] 
2018-10-10_17-15-48_000.jpg 2
[20181011_074428 / lib_ip.py:3794] file = 2018-10-10_17-15-48_000.jpg / val_Average = 75.4801	val_Variance = 0.2585	sd = 0.5084	max = 77	min = 75
[20181011_074428 / lib_ip.py:3877] len(Hs) = 8100, len(Ss) = 8100, len(Vs) = 8100
[20181011_074428 / lib_ip.py:3932] yellow : average --> out of range (average = 75.480 / upper = 99.200 / lower = 88.000)
[20181011_074428 / lib_ip.py:3794] file = 2018-10-10_17-15-48_000.jpg / val_Average = 75.4801	val_Variance = 0.2585	sd = 0.5084	max = 77	min = 75
[20181011_074428 / lib_ip.py:3977] len(Hs) = 8100, len(Ss) = 8100, len(Vs) = 8100
[20181011_074428 / lib_ip.py:4048] red : average --> out of range (average = 75.480 / upper = 124.000 / lower = 115.000)
[20181011_074428 / lib_ip.py:3794] file = 2018-10-10_17-15-48_000.jpg / val_Average = 75.4801	val_Variance = 0.2585	sd = 0.5084	max = 77	min = 75
[20181011_074428 / lib_ip.py:4090] len(Hs) = 8100, len(Ss) = 8100, len(Vs) = 8100
[20181011_074428 / lib_ip.py:4330] 
2018-10-10_17-15-48_000.jpg 3
[20181011_074428 / lib_ip.py:3794] file = 2018-10-10_17-15-48_000.jpg / val_Average = 102.5191	val_Variance = 2.0136	sd = 1.4190	max = 106	min = 98
[20181011_074428 / lib_ip.py:3877] len(Hs) = 8100, len(Ss) = 8100, len(Vs) = 8100
[20181011_074429 / lib_ip.py:3910] yellow : variance --> out of range (variance = 2.014 / upper = 0.650 / lower = 0.000)
[20181011_074429 / lib_ip.py:3794] file = 2018-10-10_17-15-48_000.jpg / val_Average = 102.5191	val_Variance = 2.0136	sd = 1.4190	max = 106	min = 98
[20181011_074429 / lib_ip.py:3977] len(Hs) = 8100, len(Ss) = 8100, len(Vs) = 8100
[20181011_074429 / lib_ip.py:4023] red : variance --> out of range (variance = 2.014 / upper = 0.430 / lower = 0.000)
[20181011_074429 / lib_ip.py:3794] file = 2018-10-10_17-15-48_000.jpg / val_Average = 102.5191	val_Variance = 2.0136	sd = 1.4190	max = 106	min = 98
[20181011_074429 / lib_ip.py:4090] len(Hs) = 8100, len(Ss) = 8100, len(Vs) = 8100
[20181011_074429 / lib_ip.py:4137] green : variance --> out of range (variance = 2.014 / upper = 0.750 / lower = 0.000)
[20181011_074429 / lib_ip.py:3794] file = 2018-10-10_17-15-48_000.jpg / val_Average = 102.5191	val_Variance = 2.0136	sd = 1.4190	max = 106	min = 98
[20181011_074429 / lib_ip.py:4204] len(Hs) = 8100, len(Ss) = 8100, len(Vs) = 8100
[20181011_074429 / lib_ip.py:4248] black : variance --> out of range (variance = 2.014 / upper = 0.000 / lower = 0.000)
[20181011_074429 / lib_ip.py:4398] file : 2018-10-10_17-15-48_000.jpg 3 (black : variance --> out of range (variance = 2.014 / upper = 0.000 / lower = 0.000))
[20181011_074429 / lib_ip.py:2020] lo_Color_Names_2 =>
file = img.20181011_074425.2018-10-10_17-15-48_000.jpg.1.png / color name = green
file = img.20181011_074425.2018-10-10_17-15-48_000.jpg.2.png / color name = other
file = img.20181011_074425.2018-10-10_17-15-48_000.jpg.3.png / color name = green
file = img.20181011_074425.2018-10-10_17-15-48_000.jpg.4.png / color name = other
