[20190127_075154 / views.py:1878] exec_get_4_corners(request) ================================
[20190127_075156 / lib_ip.py:1961] lo_Color_Names =>
img.20190127_075155.2019-01-27_07-26-52_000.jpg.1.png => other
img.20190127_075155.2019-01-27_07-26-52_000.jpg.2.png => other
img.20190127_075155.2019-01-27_07-26-52_000.jpg.3.png => other
img.20190127_075155.2019-01-27_07-26-52_000.jpg.4.png => other
[20190127_075156 / lib_ip.py:4399] 
2019-01-27_07-26-52_000.jpg 0 ---------------------
[20190127_075314 / views.py:1878] exec_get_4_corners(request) ================================
[20190127_075316 / lib_ip.py:1961] lo_Color_Names =>
img.20190127_075314.2019-01-27_07-26-52_000.jpg.1.png => other
img.20190127_075314.2019-01-27_07-26-52_000.jpg.2.png => other
img.20190127_075314.2019-01-27_07-26-52_000.jpg.3.png => other
img.20190127_075314.2019-01-27_07-26-52_000.jpg.4.png => other
[20190127_075316 / lib_ip.py:4399] 
2019-01-27_07-26-52_000.jpg 0 ---------------------
[20190127_075406 / views.py:1878] exec_get_4_corners(request) ================================
[20190127_075407 / lib_ip.py:1961] lo_Color_Names =>
img.20190127_075406.2019-01-27_07-26-52_000.jpg.1.png => other
img.20190127_075406.2019-01-27_07-26-52_000.jpg.2.png => other
img.20190127_075406.2019-01-27_07-26-52_000.jpg.3.png => other
img.20190127_075406.2019-01-27_07-26-52_000.jpg.4.png => other
[20190127_075407 / lib_ip.py:4399] 
2019-01-27_07-26-52_000.jpg 0 ---------------------
[20190127_075445 / views.py:1878] exec_get_4_corners(request) ================================
[20190127_075446 / lib_ip.py:1961] lo_Color_Names =>
img.20190127_075445.2019-01-27_07-26-52_000.jpg.1.png => other
img.20190127_075445.2019-01-27_07-26-52_000.jpg.2.png => other
img.20190127_075445.2019-01-27_07-26-52_000.jpg.3.png => other
img.20190127_075445.2019-01-27_07-26-52_000.jpg.4.png => other
[20190127_075446 / lib_ip.py:4399] 
2019-01-27_07-26-52_000.jpg 0 ---------------------
[20190127_075446 / lib_ip.py:3753] file = 2019-01-27_07-26-52_000.jpg / val_Average = 82.6999	val_Variance = 0.2147	sd = 0.4634	max = 84	min = 82
[20190127_075446 / lib_ip.py:3836] len(Hs) = 8100, len(Ss) = 8100, len(Vs) = 8100
[20190127_075446 / lib_ip.py:3891] yellow : average --> out of range (average = 82.700 / upper = 99.200 / lower = 85.500)
[20190127_075447 / lib_ip.py:3753] file = 2019-01-27_07-26-52_000.jpg / val_Average = 82.6999	val_Variance = 0.2147	sd = 0.4634	max = 84	min = 82
[20190127_075447 / lib_ip.py:3936] len(Hs) = 8100, len(Ss) = 8100, len(Vs) = 8100
[20190127_075447 / lib_ip.py:4007] red : average --> out of range (average = 82.700 / upper = 124.000 / lower = 115.000)
[20190127_075447 / lib_ip.py:3753] file = 2019-01-27_07-26-52_000.jpg / val_Average = 82.6999	val_Variance = 0.2147	sd = 0.4634	max = 84	min = 82
[20190127_075447 / lib_ip.py:4052] len(Hs) = 8100, len(Ss) = 8100, len(Vs) = 8100
[20190127_075447 / lib_ip.py:4399] 
2019-01-27_07-26-52_000.jpg 1 ---------------------
[20190127_075447 / lib_ip.py:3753] file = 2019-01-27_07-26-52_000.jpg / val_Average = 105.9596	val_Variance = 3.2360	sd = 1.7989	max = 117	min = 102
[20190127_075447 / lib_ip.py:3836] len(Hs) = 8100, len(Ss) = 8100, len(Vs) = 8100
[20190127_075447 / lib_ip.py:3869] yellow : variance --> out of range (variance = 3.236 / upper = 0.650 / lower = 0.000)
[20190127_075447 / lib_ip.py:3753] file = 2019-01-27_07-26-52_000.jpg / val_Average = 105.9596	val_Variance = 3.2360	sd = 1.7989	max = 117	min = 102
[20190127_075447 / lib_ip.py:3936] len(Hs) = 8100, len(Ss) = 8100, len(Vs) = 8100
[20190127_075447 / lib_ip.py:3982] red : variance --> out of range (variance = 3.236 / upper = 0.430 / lower = 0.000)
[20190127_075447 / lib_ip.py:3753] file = 2019-01-27_07-26-52_000.jpg / val_Average = 105.9596	val_Variance = 3.2360	sd = 1.7989	max = 117	min = 102
[20190127_075447 / lib_ip.py:4052] len(Hs) = 8100, len(Ss) = 8100, len(Vs) = 8100
[20190127_075447 / lib_ip.py:4099] green : variance --> out of range (variance = 3.236 / upper = 0.760 / lower = 0.000)
[20190127_075447 / lib_ip.py:3753] file = 2019-01-27_07-26-52_000.jpg / val_Average = 105.9596	val_Variance = 3.2360	sd = 1.7989	max = 117	min = 102
[20190127_075447 / lib_ip.py:4169] len(Hs) = 8100, len(Ss) = 8100, len(Vs) = 8100
[20190127_075447 / lib_ip.py:4208] blue : variance --> out of range (variance = 3.236 / upper = 0.930 / lower = 0.010)
[20190127_075447 / lib_ip.py:3753] file = 2019-01-27_07-26-52_000.jpg / val_Average = 105.9596	val_Variance = 3.2360	sd = 1.7989	max = 117	min = 102
[20190127_075448 / lib_ip.py:4272] len(Hs) = 8100, len(Ss) = 8100, len(Vs) = 8100
[20190127_075448 / lib_ip.py:4316] black : variance --> out of range (variance = 3.236 / upper = 0.000 / lower = 0.000)
[20190127_075448 / lib_ip.py:4477] file : 2019-01-27_07-26-52_000.jpg 1 (black : variance --> out of range (variance = 3.236 / upper = 0.000 / lower = 0.000))
[20190127_075448 / lib_ip.py:4399] 
2019-01-27_07-26-52_000.jpg 2 ---------------------
[20190127_075448 / lib_ip.py:3753] file = 2019-01-27_07-26-52_000.jpg / val_Average = 83.5190	val_Variance = 0.2509	sd = 0.5009	max = 84	min = 82
[20190127_075448 / lib_ip.py:3836] len(Hs) = 8100, len(Ss) = 8100, len(Vs) = 8100
[20190127_075448 / lib_ip.py:3891] yellow : average --> out of range (average = 83.519 / upper = 99.200 / lower = 85.500)
[20190127_075448 / lib_ip.py:3753] file = 2019-01-27_07-26-52_000.jpg / val_Average = 83.5190	val_Variance = 0.2509	sd = 0.5009	max = 84	min = 82
[20190127_075448 / lib_ip.py:3936] len(Hs) = 8100, len(Ss) = 8100, len(Vs) = 8100
[20190127_075448 / lib_ip.py:4007] red : average --> out of range (average = 83.519 / upper = 124.000 / lower = 115.000)
[20190127_075448 / lib_ip.py:3753] file = 2019-01-27_07-26-52_000.jpg / val_Average = 83.5190	val_Variance = 0.2509	sd = 0.5009	max = 84	min = 82
[20190127_075448 / lib_ip.py:4052] len(Hs) = 8100, len(Ss) = 8100, len(Vs) = 8100
[20190127_075448 / lib_ip.py:4399] 
2019-01-27_07-26-52_000.jpg 3 ---------------------
[20190127_075448 / lib_ip.py:3753] file = 2019-01-27_07-26-52_000.jpg / val_Average = 86.4878	val_Variance = 58.3239	sd = 7.6370	max = 135	min = 0
[20190127_075448 / lib_ip.py:3836] len(Hs) = 8100, len(Ss) = 8100, len(Vs) = 8100
[20190127_075448 / lib_ip.py:3869] yellow : variance --> out of range (variance = 58.324 / upper = 0.650 / lower = 0.000)
[20190127_075448 / lib_ip.py:3753] file = 2019-01-27_07-26-52_000.jpg / val_Average = 86.4878	val_Variance = 58.3239	sd = 7.6370	max = 135	min = 0
[20190127_075448 / lib_ip.py:3936] len(Hs) = 8100, len(Ss) = 8100, len(Vs) = 8100
[20190127_075449 / lib_ip.py:3982] red : variance --> out of range (variance = 58.324 / upper = 0.430 / lower = 0.000)
[20190127_075449 / lib_ip.py:3753] file = 2019-01-27_07-26-52_000.jpg / val_Average = 86.4878	val_Variance = 58.3239	sd = 7.6370	max = 135	min = 0
[20190127_075449 / lib_ip.py:4052] len(Hs) = 8100, len(Ss) = 8100, len(Vs) = 8100
[20190127_075449 / lib_ip.py:4099] green : variance --> out of range (variance = 58.324 / upper = 0.760 / lower = 0.000)
[20190127_075449 / lib_ip.py:3753] file = 2019-01-27_07-26-52_000.jpg / val_Average = 86.4878	val_Variance = 58.3239	sd = 7.6370	max = 135	min = 0
[20190127_075449 / lib_ip.py:4169] len(Hs) = 8100, len(Ss) = 8100, len(Vs) = 8100
[20190127_075449 / lib_ip.py:4208] blue : variance --> out of range (variance = 58.324 / upper = 0.930 / lower = 0.010)
[20190127_075449 / lib_ip.py:3753] file = 2019-01-27_07-26-52_000.jpg / val_Average = 86.4878	val_Variance = 58.3239	sd = 7.6370	max = 135	min = 0
[20190127_075449 / lib_ip.py:4272] len(Hs) = 8100, len(Ss) = 8100, len(Vs) = 8100
[20190127_075449 / lib_ip.py:4316] black : variance --> out of range (variance = 58.324 / upper = 0.000 / lower = 0.000)
[20190127_075449 / lib_ip.py:4477] file : 2019-01-27_07-26-52_000.jpg 3 (black : variance --> out of range (variance = 58.324 / upper = 0.000 / lower = 0.000))
[20190127_075449 / lib_ip.py:2021] lo_Color_Names_2 =>
file = img.20190127_075445.2019-01-27_07-26-52_000.jpg.1.png / color name = green
file = img.20190127_075445.2019-01-27_07-26-52_000.jpg.2.png / color name = other
file = img.20190127_075445.2019-01-27_07-26-52_000.jpg.3.png / color name = green
file = img.20190127_075445.2019-01-27_07-26-52_000.jpg.4.png / color name = other
