[20180923_062526 / views.py:1495] gen_Cake_CSV(request) ==> starting... =======================
[20180923_062528 / lib_ip.py:2273] inspecting ===> img.20180923_062528.2018-09-22_09-20-23_000.jpg.1.png
[20180923_062529 / lib_ip.py:4330] 
img.20180923_062528.2018-09-22_09-20-23_000.jpg.1.png 0
[20180923_062529 / lib_ip.py:3794] file = img.20180923_062528.2018-09-22_09-20-23_000.jpg.1.png / val_Average = 112.6712	val_Variance = 211.7064	sd = 14.5501	max = 160	min = 0
[20180923_062529 / lib_ip.py:3877] len(Hs) = 8100, len(Ss) = 8100, len(Vs) = 8100
[20180923_062529 / lib_ip.py:3910] yellow : variance --> out of range (variance = 211.706 / upper = 0.650 / lower = 0.000)
[20180923_062529 / lib_ip.py:3794] file = img.20180923_062528.2018-09-22_09-20-23_000.jpg.1.png / val_Average = 112.6712	val_Variance = 211.7064	sd = 14.5501	max = 160	min = 0
[20180923_062529 / lib_ip.py:3977] len(Hs) = 8100, len(Ss) = 8100, len(Vs) = 8100
[20180923_062529 / lib_ip.py:4023] red : variance --> out of range (variance = 211.706 / upper = 0.430 / lower = 0.000)
[20180923_062529 / lib_ip.py:3794] file = img.20180923_062528.2018-09-22_09-20-23_000.jpg.1.png / val_Average = 112.6712	val_Variance = 211.7064	sd = 14.5501	max = 160	min = 0
[20180923_062529 / lib_ip.py:4090] len(Hs) = 8100, len(Ss) = 8100, len(Vs) = 8100
[20180923_062529 / lib_ip.py:4137] green : variance --> out of range (variance = 211.706 / upper = 0.750 / lower = 0.000)
[20180923_062529 / lib_ip.py:3794] file = img.20180923_062528.2018-09-22_09-20-23_000.jpg.1.png / val_Average = 112.6712	val_Variance = 211.7064	sd = 14.5501	max = 160	min = 0
[20180923_062529 / lib_ip.py:4204] len(Hs) = 8100, len(Ss) = 8100, len(Vs) = 8100
[20180923_062530 / lib_ip.py:4248] black : variance --> out of range (variance = 211.706 / upper = 0.000 / lower = 0.000)
[20180923_062530 / lib_ip.py:4398] file : img.20180923_062528.2018-09-22_09-20-23_000.jpg.1.png 0 (black : variance --> out of range (variance = 211.706 / upper = 0.000 / lower = 0.000))
[20180923_062530 / lib_ip.py:2273] inspecting ===> img.20180923_062528.2018-09-22_09-20-23_000.jpg.2.png
[20180923_062530 / lib_ip.py:4330] 
img.20180923_062528.2018-09-22_09-20-23_000.jpg.2.png 1
[20180923_062530 / lib_ip.py:3794] file = img.20180923_062528.2018-09-22_09-20-23_000.jpg.2.png / val_Average = 67.8769	val_Variance = 1670.3909	sd = 40.8704	max = 160	min = 0
[20180923_062530 / lib_ip.py:3877] len(Hs) = 8100, len(Ss) = 8100, len(Vs) = 8100
[20180923_062530 / lib_ip.py:3910] yellow : variance --> out of range (variance = 1670.391 / upper = 0.650 / lower = 0.000)
[20180923_062530 / lib_ip.py:3794] file = img.20180923_062528.2018-09-22_09-20-23_000.jpg.2.png / val_Average = 67.8769	val_Variance = 1670.3909	sd = 40.8704	max = 160	min = 0
[20180923_062530 / lib_ip.py:3977] len(Hs) = 8100, len(Ss) = 8100, len(Vs) = 8100
[20180923_062530 / lib_ip.py:4023] red : variance --> out of range (variance = 1670.391 / upper = 0.430 / lower = 0.000)
[20180923_062531 / lib_ip.py:3794] file = img.20180923_062528.2018-09-22_09-20-23_000.jpg.2.png / val_Average = 67.8769	val_Variance = 1670.3909	sd = 40.8704	max = 160	min = 0
[20180923_062531 / lib_ip.py:4090] len(Hs) = 8100, len(Ss) = 8100, len(Vs) = 8100
[20180923_062531 / lib_ip.py:4137] green : variance --> out of range (variance = 1670.391 / upper = 0.750 / lower = 0.000)
[20180923_062531 / lib_ip.py:3794] file = img.20180923_062528.2018-09-22_09-20-23_000.jpg.2.png / val_Average = 67.8769	val_Variance = 1670.3909	sd = 40.8704	max = 160	min = 0
[20180923_062531 / lib_ip.py:4204] len(Hs) = 8100, len(Ss) = 8100, len(Vs) = 8100
[20180923_062531 / lib_ip.py:4248] black : variance --> out of range (variance = 1670.391 / upper = 0.000 / lower = 0.000)
[20180923_062531 / lib_ip.py:4398] file : img.20180923_062528.2018-09-22_09-20-23_000.jpg.2.png 1 (black : variance --> out of range (variance = 1670.391 / upper = 0.000 / lower = 0.000))
[20180923_062531 / lib_ip.py:2273] inspecting ===> img.20180923_062528.2018-09-22_09-20-23_000.jpg.3.png
[20180923_062531 / lib_ip.py:4330] 
img.20180923_062528.2018-09-22_09-20-23_000.jpg.3.png 2
[20180923_062531 / lib_ip.py:3794] file = img.20180923_062528.2018-09-22_09-20-23_000.jpg.3.png / val_Average = 93.0146	val_Variance = 0.0161	sd = 0.1268	max = 94	min = 92
[20180923_062531 / lib_ip.py:3877] len(Hs) = 8100, len(Ss) = 8100, len(Vs) = 8100
[20180923_062531 / lib_ip.py:2273] inspecting ===> img.20180923_062528.2018-09-22_09-20-23_000.jpg.4.png
[20180923_062532 / lib_ip.py:4330] 
img.20180923_062528.2018-09-22_09-20-23_000.jpg.4.png 3
[20180923_062532 / lib_ip.py:3794] file = img.20180923_062528.2018-09-22_09-20-23_000.jpg.4.png / val_Average = 40.6241	val_Variance = 1842.2452	sd = 42.9214	max = 135	min = 0
[20180923_062532 / lib_ip.py:3877] len(Hs) = 8100, len(Ss) = 8100, len(Vs) = 8100
[20180923_062532 / lib_ip.py:3910] yellow : variance --> out of range (variance = 1842.245 / upper = 0.650 / lower = 0.000)
[20180923_062532 / lib_ip.py:3794] file = img.20180923_062528.2018-09-22_09-20-23_000.jpg.4.png / val_Average = 40.6241	val_Variance = 1842.2452	sd = 42.9214	max = 135	min = 0
[20180923_062532 / lib_ip.py:3977] len(Hs) = 8100, len(Ss) = 8100, len(Vs) = 8100
[20180923_062532 / lib_ip.py:4023] red : variance --> out of range (variance = 1842.245 / upper = 0.430 / lower = 0.000)
[20180923_062532 / lib_ip.py:3794] file = img.20180923_062528.2018-09-22_09-20-23_000.jpg.4.png / val_Average = 40.6241	val_Variance = 1842.2452	sd = 42.9214	max = 135	min = 0
[20180923_062532 / lib_ip.py:4090] len(Hs) = 8100, len(Ss) = 8100, len(Vs) = 8100
[20180923_062532 / lib_ip.py:4137] green : variance --> out of range (variance = 1842.245 / upper = 0.750 / lower = 0.000)
[20180923_062533 / lib_ip.py:3794] file = img.20180923_062528.2018-09-22_09-20-23_000.jpg.4.png / val_Average = 40.6241	val_Variance = 1842.2452	sd = 42.9214	max = 135	min = 0
[20180923_062533 / lib_ip.py:4204] len(Hs) = 8100, len(Ss) = 8100, len(Vs) = 8100
[20180923_062533 / lib_ip.py:4248] black : variance --> out of range (variance = 1842.245 / upper = 0.000 / lower = 0.000)
[20180923_062533 / lib_ip.py:4398] file : img.20180923_062528.2018-09-22_09-20-23_000.jpg.4.png 3 (black : variance --> out of range (variance = 1842.245 / upper = 0.000 / lower = 0.000))
[20180923_062531 / lib_ip.py:2273] inspecting ===> img.20180923_062528.2018-09-22_09-20-23_000.jpg.4.png
img.20180923_062528.2018-09-22_09-20-23_000.jpg.1.png => other
img.20180923_062528.2018-09-22_09-20-23_000.jpg.2.png => other
img.20180923_062528.2018-09-22_09-20-23_000.jpg.3.png => other
img.20180923_062528.2018-09-22_09-20-23_000.jpg.4.png => other
[20180923_062533 lib_ip.py:3300] =============== Get 4 corners
dpath_Images = C:\WORKS_2\WS\WS_Others.Art\JVEMV6\46_art\VIRTUAL\Admin_Projects\ip\images
fname_Image = img.20180923_062528.2018-09-22_09-20-23_000.jpg.4.png

[20180923_062534 / lib_ip.py:2273] inspecting ===> img.20180923_062533.2018-09-22_12-13-49_000.jpg.1.png
[20180923_062534 / lib_ip.py:4330] 
img.20180923_062533.2018-09-22_12-13-49_000.jpg.1.png 0
[20180923_062534 / lib_ip.py:3794] file = img.20180923_062533.2018-09-22_12-13-49_000.jpg.1.png / val_Average = 75.2028	val_Variance = 0.1647	sd = 0.4058	max = 76	min = 74
[20180923_062534 / lib_ip.py:3877] len(Hs) = 8100, len(Ss) = 8100, len(Vs) = 8100
[20180923_062534 / lib_ip.py:3932] yellow : average --> out of range (average = 75.203 / upper = 99.200 / lower = 88.000)
[20180923_062534 / lib_ip.py:3794] file = img.20180923_062533.2018-09-22_12-13-49_000.jpg.1.png / val_Average = 75.2028	val_Variance = 0.1647	sd = 0.4058	max = 76	min = 74
[20180923_062534 / lib_ip.py:3977] len(Hs) = 8100, len(Ss) = 8100, len(Vs) = 8100
[20180923_062534 / lib_ip.py:4048] red : average --> out of range (average = 75.203 / upper = 124.000 / lower = 115.000)
[20180923_062534 / lib_ip.py:3794] file = img.20180923_062533.2018-09-22_12-13-49_000.jpg.1.png / val_Average = 75.2028	val_Variance = 0.1647	sd = 0.4058	max = 76	min = 74
[20180923_062535 / lib_ip.py:4090] len(Hs) = 8100, len(Ss) = 8100, len(Vs) = 8100
[20180923_062535 / lib_ip.py:2273] inspecting ===> img.20180923_062533.2018-09-22_12-13-49_000.jpg.2.png
[20180923_062535 / lib_ip.py:4330] 
img.20180923_062533.2018-09-22_12-13-49_000.jpg.2.png 1
[20180923_062535 / lib_ip.py:3794] file = img.20180923_062533.2018-09-22_12-13-49_000.jpg.2.png / val_Average = 74.7558	val_Variance = 4494.5700	sd = 67.0416	max = 174	min = 0
[20180923_062535 / lib_ip.py:3877] len(Hs) = 8100, len(Ss) = 8100, len(Vs) = 8100
[20180923_062535 / lib_ip.py:3910] yellow : variance --> out of range (variance = 4494.570 / upper = 0.650 / lower = 0.000)
[20180923_062535 / lib_ip.py:3794] file = img.20180923_062533.2018-09-22_12-13-49_000.jpg.2.png / val_Average = 74.7558	val_Variance = 4494.5700	sd = 67.0416	max = 174	min = 0
[20180923_062535 / lib_ip.py:3977] len(Hs) = 8100, len(Ss) = 8100, len(Vs) = 8100
[20180923_062535 / lib_ip.py:4023] red : variance --> out of range (variance = 4494.570 / upper = 0.430 / lower = 0.000)
[20180923_062535 / lib_ip.py:3794] file = img.20180923_062533.2018-09-22_12-13-49_000.jpg.2.png / val_Average = 74.7558	val_Variance = 4494.5700	sd = 67.0416	max = 174	min = 0
[20180923_062535 / lib_ip.py:4090] len(Hs) = 8100, len(Ss) = 8100, len(Vs) = 8100
[20180923_062535 / lib_ip.py:4137] green : variance --> out of range (variance = 4494.570 / upper = 0.750 / lower = 0.000)
[20180923_062536 / lib_ip.py:3794] file = img.20180923_062533.2018-09-22_12-13-49_000.jpg.2.png / val_Average = 74.7558	val_Variance = 4494.5700	sd = 67.0416	max = 174	min = 0
[20180923_062536 / lib_ip.py:4204] len(Hs) = 8100, len(Ss) = 8100, len(Vs) = 8100
[20180923_062536 / lib_ip.py:4248] black : variance --> out of range (variance = 4494.570 / upper = 0.000 / lower = 0.000)
[20180923_062536 / lib_ip.py:4398] file : img.20180923_062533.2018-09-22_12-13-49_000.jpg.2.png 1 (black : variance --> out of range (variance = 4494.570 / upper = 0.000 / lower = 0.000))
[20180923_062536 / lib_ip.py:2273] inspecting ===> img.20180923_062533.2018-09-22_12-13-49_000.jpg.3.png
[20180923_062536 / lib_ip.py:4330] 
img.20180923_062533.2018-09-22_12-13-49_000.jpg.3.png 2
[20180923_062536 / lib_ip.py:3794] file = img.20180923_062533.2018-09-22_12-13-49_000.jpg.3.png / val_Average = 119.4521	val_Variance = 0.2608	sd = 0.5107	max = 121	min = 119
[20180923_062536 / lib_ip.py:3877] len(Hs) = 8100, len(Ss) = 8100, len(Vs) = 8100
[20180923_062536 / lib_ip.py:3932] yellow : average --> out of range (average = 119.452 / upper = 99.200 / lower = 88.000)
[20180923_062536 / lib_ip.py:3794] file = img.20180923_062533.2018-09-22_12-13-49_000.jpg.3.png / val_Average = 119.4521	val_Variance = 0.2608	sd = 0.5107	max = 121	min = 119
[20180923_062536 / lib_ip.py:3977] len(Hs) = 8100, len(Ss) = 8100, len(Vs) = 8100
[20180923_062536 / lib_ip.py:2273] inspecting ===> img.20180923_062533.2018-09-22_12-13-49_000.jpg.4.png
[20180923_062537 / lib_ip.py:4330] 
img.20180923_062533.2018-09-22_12-13-49_000.jpg.4.png 3
[20180923_062537 / lib_ip.py:3794] file = img.20180923_062533.2018-09-22_12-13-49_000.jpg.4.png / val_Average = 96.6202	val_Variance = 4.5797	sd = 2.1400	max = 109	min = 85
[20180923_062537 / lib_ip.py:3877] len(Hs) = 8100, len(Ss) = 8100, len(Vs) = 8100
[20180923_062537 / lib_ip.py:3910] yellow : variance --> out of range (variance = 4.580 / upper = 0.650 / lower = 0.000)
[20180923_062537 / lib_ip.py:3794] file = img.20180923_062533.2018-09-22_12-13-49_000.jpg.4.png / val_Average = 96.6202	val_Variance = 4.5797	sd = 2.1400	max = 109	min = 85
[20180923_062537 / lib_ip.py:3977] len(Hs) = 8100, len(Ss) = 8100, len(Vs) = 8100
[20180923_062537 / lib_ip.py:4023] red : variance --> out of range (variance = 4.580 / upper = 0.430 / lower = 0.000)
[20180923_062537 / lib_ip.py:3794] file = img.20180923_062533.2018-09-22_12-13-49_000.jpg.4.png / val_Average = 96.6202	val_Variance = 4.5797	sd = 2.1400	max = 109	min = 85
[20180923_062538 / lib_ip.py:4090] len(Hs) = 8100, len(Ss) = 8100, len(Vs) = 8100
[20180923_062538 / lib_ip.py:4137] green : variance --> out of range (variance = 4.580 / upper = 0.750 / lower = 0.000)
[20180923_062538 / lib_ip.py:3794] file = img.20180923_062533.2018-09-22_12-13-49_000.jpg.4.png / val_Average = 96.6202	val_Variance = 4.5797	sd = 2.1400	max = 109	min = 85
[20180923_062538 / lib_ip.py:4204] len(Hs) = 8100, len(Ss) = 8100, len(Vs) = 8100
[20180923_062538 / lib_ip.py:4248] black : variance --> out of range (variance = 4.580 / upper = 0.000 / lower = 0.000)
[20180923_062538 / lib_ip.py:4398] file : img.20180923_062533.2018-09-22_12-13-49_000.jpg.4.png 3 (black : variance --> out of range (variance = 4.580 / upper = 0.000 / lower = 0.000))
[20180923_062536 / lib_ip.py:2273] inspecting ===> img.20180923_062533.2018-09-22_12-13-49_000.jpg.4.png
img.20180923_062533.2018-09-22_12-13-49_000.jpg.1.png => other
img.20180923_062533.2018-09-22_12-13-49_000.jpg.2.png => other
img.20180923_062533.2018-09-22_12-13-49_000.jpg.3.png => other
img.20180923_062533.2018-09-22_12-13-49_000.jpg.4.png => other
[20180923_062538 lib_ip.py:3300] =============== Get 4 corners
dpath_Images = C:\WORKS_2\WS\WS_Others.Art\JVEMV6\46_art\VIRTUAL\Admin_Projects\ip\images
fname_Image = img.20180923_062533.2018-09-22_12-13-49_000.jpg.4.png

[20180923_062538 / lib_ip.py:2273] inspecting ===> img.20180923_062538.2018-09-22_12-15-00_000.jpg.1.png
[20180923_062539 / lib_ip.py:4330] 
img.20180923_062538.2018-09-22_12-15-00_000.jpg.1.png 0
[20180923_062539 / lib_ip.py:3794] file = img.20180923_062538.2018-09-22_12-15-00_000.jpg.1.png / val_Average = 118.1146	val_Variance = 0.1407	sd = 0.3751	max = 119	min = 117
[20180923_062539 / lib_ip.py:3877] len(Hs) = 8100, len(Ss) = 8100, len(Vs) = 8100
[20180923_062539 / lib_ip.py:3932] yellow : average --> out of range (average = 118.115 / upper = 99.200 / lower = 88.000)
[20180923_062539 / lib_ip.py:3794] file = img.20180923_062538.2018-09-22_12-15-00_000.jpg.1.png / val_Average = 118.1146	val_Variance = 0.1407	sd = 0.3751	max = 119	min = 117
[20180923_062539 / lib_ip.py:3977] len(Hs) = 8100, len(Ss) = 8100, len(Vs) = 8100
[20180923_062539 / lib_ip.py:2273] inspecting ===> img.20180923_062538.2018-09-22_12-15-00_000.jpg.2.png
[20180923_062540 / lib_ip.py:4330] 
img.20180923_062538.2018-09-22_12-15-00_000.jpg.2.png 1
[20180923_062540 / lib_ip.py:3794] file = img.20180923_062538.2018-09-22_12-15-00_000.jpg.2.png / val_Average = 73.8152	val_Variance = 0.1608	sd = 0.4010	max = 75	min = 72
[20180923_062540 / lib_ip.py:3877] len(Hs) = 8100, len(Ss) = 8100, len(Vs) = 8100
[20180923_062540 / lib_ip.py:3932] yellow : average --> out of range (average = 73.815 / upper = 99.200 / lower = 88.000)
[20180923_062540 / lib_ip.py:3794] file = img.20180923_062538.2018-09-22_12-15-00_000.jpg.2.png / val_Average = 73.8152	val_Variance = 0.1608	sd = 0.4010	max = 75	min = 72
[20180923_062540 / lib_ip.py:3977] len(Hs) = 8100, len(Ss) = 8100, len(Vs) = 8100
[20180923_062540 / lib_ip.py:4048] red : average --> out of range (average = 73.815 / upper = 124.000 / lower = 115.000)
[20180923_062540 / lib_ip.py:3794] file = img.20180923_062538.2018-09-22_12-15-00_000.jpg.2.png / val_Average = 73.8152	val_Variance = 0.1608	sd = 0.4010	max = 75	min = 72
[20180923_062540 / lib_ip.py:4090] len(Hs) = 8100, len(Ss) = 8100, len(Vs) = 8100
[20180923_062540 / lib_ip.py:2273] inspecting ===> img.20180923_062538.2018-09-22_12-15-00_000.jpg.3.png
[20180923_062540 / lib_ip.py:4330] 
img.20180923_062538.2018-09-22_12-15-00_000.jpg.3.png 2
[20180923_062540 / lib_ip.py:3794] file = img.20180923_062538.2018-09-22_12-15-00_000.jpg.3.png / val_Average = 94.9883	val_Variance = 1.5531	sd = 1.2462	max = 99	min = 91
[20180923_062540 / lib_ip.py:3877] len(Hs) = 8100, len(Ss) = 8100, len(Vs) = 8100
[20180923_062541 / lib_ip.py:3910] yellow : variance --> out of range (variance = 1.553 / upper = 0.650 / lower = 0.000)
[20180923_062541 / lib_ip.py:3794] file = img.20180923_062538.2018-09-22_12-15-00_000.jpg.3.png / val_Average = 94.9883	val_Variance = 1.5531	sd = 1.2462	max = 99	min = 91
[20180923_062541 / lib_ip.py:3977] len(Hs) = 8100, len(Ss) = 8100, len(Vs) = 8100
[20180923_062541 / lib_ip.py:4023] red : variance --> out of range (variance = 1.553 / upper = 0.430 / lower = 0.000)
[20180923_062541 / lib_ip.py:3794] file = img.20180923_062538.2018-09-22_12-15-00_000.jpg.3.png / val_Average = 94.9883	val_Variance = 1.5531	sd = 1.2462	max = 99	min = 91
[20180923_062541 / lib_ip.py:4090] len(Hs) = 8100, len(Ss) = 8100, len(Vs) = 8100
[20180923_062541 / lib_ip.py:4137] green : variance --> out of range (variance = 1.553 / upper = 0.750 / lower = 0.000)
[20180923_062541 / lib_ip.py:3794] file = img.20180923_062538.2018-09-22_12-15-00_000.jpg.3.png / val_Average = 94.9883	val_Variance = 1.5531	sd = 1.2462	max = 99	min = 91
[20180923_062541 / lib_ip.py:4204] len(Hs) = 8100, len(Ss) = 8100, len(Vs) = 8100
[20180923_062542 / lib_ip.py:4248] black : variance --> out of range (variance = 1.553 / upper = 0.000 / lower = 0.000)
[20180923_062542 / lib_ip.py:4398] file : img.20180923_062538.2018-09-22_12-15-00_000.jpg.3.png 2 (black : variance --> out of range (variance = 1.553 / upper = 0.000 / lower = 0.000))
[20180923_062542 / lib_ip.py:2273] inspecting ===> img.20180923_062538.2018-09-22_12-15-00_000.jpg.4.png
[20180923_062542 / lib_ip.py:4330] 
img.20180923_062538.2018-09-22_12-15-00_000.jpg.4.png 3
[20180923_062542 / lib_ip.py:3794] file = img.20180923_062538.2018-09-22_12-15-00_000.jpg.4.png / val_Average = 102.2972	val_Variance = 1.0410	sd = 1.0203	max = 107	min = 98
[20180923_062542 / lib_ip.py:3877] len(Hs) = 8100, len(Ss) = 8100, len(Vs) = 8100
[20180923_062542 / lib_ip.py:3910] yellow : variance --> out of range (variance = 1.041 / upper = 0.650 / lower = 0.000)
[20180923_062542 / lib_ip.py:3794] file = img.20180923_062538.2018-09-22_12-15-00_000.jpg.4.png / val_Average = 102.2972	val_Variance = 1.0410	sd = 1.0203	max = 107	min = 98
[20180923_062542 / lib_ip.py:3977] len(Hs) = 8100, len(Ss) = 8100, len(Vs) = 8100
[20180923_062542 / lib_ip.py:4023] red : variance --> out of range (variance = 1.041 / upper = 0.430 / lower = 0.000)
[20180923_062542 / lib_ip.py:3794] file = img.20180923_062538.2018-09-22_12-15-00_000.jpg.4.png / val_Average = 102.2972	val_Variance = 1.0410	sd = 1.0203	max = 107	min = 98
[20180923_062542 / lib_ip.py:4090] len(Hs) = 8100, len(Ss) = 8100, len(Vs) = 8100
[20180923_062542 / lib_ip.py:4137] green : variance --> out of range (variance = 1.041 / upper = 0.750 / lower = 0.000)
[20180923_062543 / lib_ip.py:3794] file = img.20180923_062538.2018-09-22_12-15-00_000.jpg.4.png / val_Average = 102.2972	val_Variance = 1.0410	sd = 1.0203	max = 107	min = 98
[20180923_062543 / lib_ip.py:4204] len(Hs) = 8100, len(Ss) = 8100, len(Vs) = 8100
[20180923_062543 / lib_ip.py:4248] black : variance --> out of range (variance = 1.041 / upper = 0.000 / lower = 0.000)
[20180923_062543 / lib_ip.py:4398] file : img.20180923_062538.2018-09-22_12-15-00_000.jpg.4.png 3 (black : variance --> out of range (variance = 1.041 / upper = 0.000 / lower = 0.000))
[20180923_062542 / lib_ip.py:2273] inspecting ===> img.20180923_062538.2018-09-22_12-15-00_000.jpg.4.png
img.20180923_062538.2018-09-22_12-15-00_000.jpg.1.png => other
img.20180923_062538.2018-09-22_12-15-00_000.jpg.2.png => other
img.20180923_062538.2018-09-22_12-15-00_000.jpg.3.png => other
img.20180923_062538.2018-09-22_12-15-00_000.jpg.4.png => other
[20180923_062543 lib_ip.py:3300] =============== Get 4 corners
dpath_Images = C:\WORKS_2\WS\WS_Others.Art\JVEMV6\46_art\VIRTUAL\Admin_Projects\ip\images
fname_Image = img.20180923_062538.2018-09-22_12-15-00_000.jpg.4.png

[20180923_062543 / lib_ip.py:2273] inspecting ===> img.20180923_062543.2018-09-22_12-40-35_000.jpg.1.png
[20180923_062544 / lib_ip.py:4330] 
img.20180923_062543.2018-09-22_12-40-35_000.jpg.1.png 0
[20180923_062544 / lib_ip.py:3794] file = img.20180923_062543.2018-09-22_12-40-35_000.jpg.1.png / val_Average = 72.8107	val_Variance = 0.1534	sd = 0.3917	max = 73	min = 72
[20180923_062544 / lib_ip.py:3877] len(Hs) = 8100, len(Ss) = 8100, len(Vs) = 8100
[20180923_062544 / lib_ip.py:3932] yellow : average --> out of range (average = 72.811 / upper = 99.200 / lower = 88.000)
[20180923_062544 / lib_ip.py:3794] file = img.20180923_062543.2018-09-22_12-40-35_000.jpg.1.png / val_Average = 72.8107	val_Variance = 0.1534	sd = 0.3917	max = 73	min = 72
[20180923_062544 / lib_ip.py:3977] len(Hs) = 8100, len(Ss) = 8100, len(Vs) = 8100
[20180923_062544 / lib_ip.py:4048] red : average --> out of range (average = 72.811 / upper = 124.000 / lower = 115.000)
[20180923_062544 / lib_ip.py:3794] file = img.20180923_062543.2018-09-22_12-40-35_000.jpg.1.png / val_Average = 72.8107	val_Variance = 0.1534	sd = 0.3917	max = 73	min = 72
[20180923_062544 / lib_ip.py:4090] len(Hs) = 8100, len(Ss) = 8100, len(Vs) = 8100
[20180923_062544 / lib_ip.py:2273] inspecting ===> img.20180923_062543.2018-09-22_12-40-35_000.jpg.2.png
[20180923_062545 / lib_ip.py:4330] 
img.20180923_062543.2018-09-22_12-40-35_000.jpg.2.png 1
[20180923_062545 / lib_ip.py:3794] file = img.20180923_062543.2018-09-22_12-40-35_000.jpg.2.png / val_Average = 150.4693	val_Variance = 2459.5293	sd = 49.5936	max = 178	min = 0
[20180923_062545 / lib_ip.py:3877] len(Hs) = 8100, len(Ss) = 8100, len(Vs) = 8100
[20180923_062545 / lib_ip.py:3910] yellow : variance --> out of range (variance = 2459.529 / upper = 0.650 / lower = 0.000)
[20180923_062545 / lib_ip.py:3794] file = img.20180923_062543.2018-09-22_12-40-35_000.jpg.2.png / val_Average = 150.4693	val_Variance = 2459.5293	sd = 49.5936	max = 178	min = 0
[20180923_062545 / lib_ip.py:3977] len(Hs) = 8100, len(Ss) = 8100, len(Vs) = 8100
[20180923_062545 / lib_ip.py:4023] red : variance --> out of range (variance = 2459.529 / upper = 0.430 / lower = 0.000)
[20180923_062545 / lib_ip.py:3794] file = img.20180923_062543.2018-09-22_12-40-35_000.jpg.2.png / val_Average = 150.4693	val_Variance = 2459.5293	sd = 49.5936	max = 178	min = 0
[20180923_062545 / lib_ip.py:4090] len(Hs) = 8100, len(Ss) = 8100, len(Vs) = 8100
[20180923_062545 / lib_ip.py:4137] green : variance --> out of range (variance = 2459.529 / upper = 0.750 / lower = 0.000)
[20180923_062545 / lib_ip.py:3794] file = img.20180923_062543.2018-09-22_12-40-35_000.jpg.2.png / val_Average = 150.4693	val_Variance = 2459.5293	sd = 49.5936	max = 178	min = 0
[20180923_062545 / lib_ip.py:4204] len(Hs) = 8100, len(Ss) = 8100, len(Vs) = 8100
[20180923_062545 / lib_ip.py:4248] black : variance --> out of range (variance = 2459.529 / upper = 0.000 / lower = 0.000)
[20180923_062545 / lib_ip.py:4398] file : img.20180923_062543.2018-09-22_12-40-35_000.jpg.2.png 1 (black : variance --> out of range (variance = 2459.529 / upper = 0.000 / lower = 0.000))
[20180923_062545 / lib_ip.py:2273] inspecting ===> img.20180923_062543.2018-09-22_12-40-35_000.jpg.3.png
[20180923_062546 / lib_ip.py:4330] 
img.20180923_062543.2018-09-22_12-40-35_000.jpg.3.png 2
[20180923_062546 / lib_ip.py:3794] file = img.20180923_062543.2018-09-22_12-40-35_000.jpg.3.png / val_Average = 73.4804	val_Variance = 0.2516	sd = 0.5016	max = 74	min = 72
[20180923_062546 / lib_ip.py:3877] len(Hs) = 8100, len(Ss) = 8100, len(Vs) = 8100
[20180923_062546 / lib_ip.py:3932] yellow : average --> out of range (average = 73.480 / upper = 99.200 / lower = 88.000)
[20180923_062546 / lib_ip.py:3794] file = img.20180923_062543.2018-09-22_12-40-35_000.jpg.3.png / val_Average = 73.4804	val_Variance = 0.2516	sd = 0.5016	max = 74	min = 72
[20180923_062546 / lib_ip.py:3977] len(Hs) = 8100, len(Ss) = 8100, len(Vs) = 8100
[20180923_062546 / lib_ip.py:4048] red : average --> out of range (average = 73.480 / upper = 124.000 / lower = 115.000)
[20180923_062546 / lib_ip.py:3794] file = img.20180923_062543.2018-09-22_12-40-35_000.jpg.3.png / val_Average = 73.4804	val_Variance = 0.2516	sd = 0.5016	max = 74	min = 72
[20180923_062546 / lib_ip.py:4090] len(Hs) = 8100, len(Ss) = 8100, len(Vs) = 8100
[20180923_062547 / lib_ip.py:2273] inspecting ===> img.20180923_062543.2018-09-22_12-40-35_000.jpg.4.png
[20180923_062547 / lib_ip.py:4330] 
img.20180923_062543.2018-09-22_12-40-35_000.jpg.4.png 3
[20180923_062547 / lib_ip.py:3794] file = img.20180923_062543.2018-09-22_12-40-35_000.jpg.4.png / val_Average = 48.6935	val_Variance = 592.1491	sd = 24.3341	max = 135	min = 0
[20180923_062547 / lib_ip.py:3877] len(Hs) = 8100, len(Ss) = 8100, len(Vs) = 8100
[20180923_062547 / lib_ip.py:3910] yellow : variance --> out of range (variance = 592.149 / upper = 0.650 / lower = 0.000)
[20180923_062547 / lib_ip.py:3794] file = img.20180923_062543.2018-09-22_12-40-35_000.jpg.4.png / val_Average = 48.6935	val_Variance = 592.1491	sd = 24.3341	max = 135	min = 0
[20180923_062547 / lib_ip.py:3977] len(Hs) = 8100, len(Ss) = 8100, len(Vs) = 8100
[20180923_062547 / lib_ip.py:4023] red : variance --> out of range (variance = 592.149 / upper = 0.430 / lower = 0.000)
[20180923_062547 / lib_ip.py:3794] file = img.20180923_062543.2018-09-22_12-40-35_000.jpg.4.png / val_Average = 48.6935	val_Variance = 592.1491	sd = 24.3341	max = 135	min = 0
[20180923_062547 / lib_ip.py:4090] len(Hs) = 8100, len(Ss) = 8100, len(Vs) = 8100
[20180923_062547 / lib_ip.py:4137] green : variance --> out of range (variance = 592.149 / upper = 0.750 / lower = 0.000)
[20180923_062547 / lib_ip.py:3794] file = img.20180923_062543.2018-09-22_12-40-35_000.jpg.4.png / val_Average = 48.6935	val_Variance = 592.1491	sd = 24.3341	max = 135	min = 0
[20180923_062547 / lib_ip.py:4204] len(Hs) = 8100, len(Ss) = 8100, len(Vs) = 8100
[20180923_062547 / lib_ip.py:4248] black : variance --> out of range (variance = 592.149 / upper = 0.000 / lower = 0.000)
[20180923_062547 / lib_ip.py:4398] file : img.20180923_062543.2018-09-22_12-40-35_000.jpg.4.png 3 (black : variance --> out of range (variance = 592.149 / upper = 0.000 / lower = 0.000))
[20180923_062547 / lib_ip.py:2273] inspecting ===> img.20180923_062543.2018-09-22_12-40-35_000.jpg.4.png
img.20180923_062543.2018-09-22_12-40-35_000.jpg.1.png => other
img.20180923_062543.2018-09-22_12-40-35_000.jpg.2.png => other
img.20180923_062543.2018-09-22_12-40-35_000.jpg.3.png => other
img.20180923_062543.2018-09-22_12-40-35_000.jpg.4.png => other
[20180923_062547 lib_ip.py:3300] =============== Get 4 corners
dpath_Images = C:\WORKS_2\WS\WS_Others.Art\JVEMV6\46_art\VIRTUAL\Admin_Projects\ip\images
fname_Image = img.20180923_062543.2018-09-22_12-40-35_000.jpg.4.png

[20180923_062548 / lib_ip.py:2273] inspecting ===> img.20180923_062548.2018-09-22_14-30-50_000.jpg.1.png
[20180923_062549 / lib_ip.py:4330] 
img.20180923_062548.2018-09-22_14-30-50_000.jpg.1.png 0
[20180923_062549 / lib_ip.py:3794] file = img.20180923_062548.2018-09-22_14-30-50_000.jpg.1.png / val_Average = 46.4637	val_Variance = 425.0800	sd = 20.6175	max = 135	min = 0
[20180923_062549 / lib_ip.py:3877] len(Hs) = 8100, len(Ss) = 8100, len(Vs) = 8100
[20180923_062549 / lib_ip.py:3910] yellow : variance --> out of range (variance = 425.080 / upper = 0.650 / lower = 0.000)
[20180923_062549 / lib_ip.py:3794] file = img.20180923_062548.2018-09-22_14-30-50_000.jpg.1.png / val_Average = 46.4637	val_Variance = 425.0800	sd = 20.6175	max = 135	min = 0
[20180923_062549 / lib_ip.py:3977] len(Hs) = 8100, len(Ss) = 8100, len(Vs) = 8100
[20180923_062549 / lib_ip.py:4023] red : variance --> out of range (variance = 425.080 / upper = 0.430 / lower = 0.000)
[20180923_062549 / lib_ip.py:3794] file = img.20180923_062548.2018-09-22_14-30-50_000.jpg.1.png / val_Average = 46.4637	val_Variance = 425.0800	sd = 20.6175	max = 135	min = 0
[20180923_062549 / lib_ip.py:4090] len(Hs) = 8100, len(Ss) = 8100, len(Vs) = 8100
[20180923_062549 / lib_ip.py:4137] green : variance --> out of range (variance = 425.080 / upper = 0.750 / lower = 0.000)
[20180923_062549 / lib_ip.py:3794] file = img.20180923_062548.2018-09-22_14-30-50_000.jpg.1.png / val_Average = 46.4637	val_Variance = 425.0800	sd = 20.6175	max = 135	min = 0
[20180923_062549 / lib_ip.py:4204] len(Hs) = 8100, len(Ss) = 8100, len(Vs) = 8100
[20180923_062549 / lib_ip.py:4248] black : variance --> out of range (variance = 425.080 / upper = 0.000 / lower = 0.000)
[20180923_062550 / lib_ip.py:4398] file : img.20180923_062548.2018-09-22_14-30-50_000.jpg.1.png 0 (black : variance --> out of range (variance = 425.080 / upper = 0.000 / lower = 0.000))
[20180923_062550 / lib_ip.py:2273] inspecting ===> img.20180923_062548.2018-09-22_14-30-50_000.jpg.2.png
[20180923_062551 / lib_ip.py:4330] 
img.20180923_062548.2018-09-22_14-30-50_000.jpg.2.png 1
[20180923_062551 / lib_ip.py:3794] file = img.20180923_062548.2018-09-22_14-30-50_000.jpg.2.png / val_Average = 108.2714	val_Variance = 1.6634	sd = 1.2897	max = 113	min = 103
[20180923_062551 / lib_ip.py:3877] len(Hs) = 8100, len(Ss) = 8100, len(Vs) = 8100
[20180923_062551 / lib_ip.py:3910] yellow : variance --> out of range (variance = 1.663 / upper = 0.650 / lower = 0.000)
[20180923_062551 / lib_ip.py:3794] file = img.20180923_062548.2018-09-22_14-30-50_000.jpg.2.png / val_Average = 108.2714	val_Variance = 1.6634	sd = 1.2897	max = 113	min = 103
[20180923_062551 / lib_ip.py:3977] len(Hs) = 8100, len(Ss) = 8100, len(Vs) = 8100
[20180923_062551 / lib_ip.py:4023] red : variance --> out of range (variance = 1.663 / upper = 0.430 / lower = 0.000)
[20180923_062551 / lib_ip.py:3794] file = img.20180923_062548.2018-09-22_14-30-50_000.jpg.2.png / val_Average = 108.2714	val_Variance = 1.6634	sd = 1.2897	max = 113	min = 103
[20180923_062551 / lib_ip.py:4090] len(Hs) = 8100, len(Ss) = 8100, len(Vs) = 8100
[20180923_062551 / lib_ip.py:4137] green : variance --> out of range (variance = 1.663 / upper = 0.750 / lower = 0.000)
[20180923_062551 / lib_ip.py:3794] file = img.20180923_062548.2018-09-22_14-30-50_000.jpg.2.png / val_Average = 108.2714	val_Variance = 1.6634	sd = 1.2897	max = 113	min = 103
[20180923_062551 / lib_ip.py:4204] len(Hs) = 8100, len(Ss) = 8100, len(Vs) = 8100
[20180923_062551 / lib_ip.py:4248] black : variance --> out of range (variance = 1.663 / upper = 0.000 / lower = 0.000)
[20180923_062551 / lib_ip.py:4398] file : img.20180923_062548.2018-09-22_14-30-50_000.jpg.2.png 1 (black : variance --> out of range (variance = 1.663 / upper = 0.000 / lower = 0.000))
[20180923_062551 / lib_ip.py:2273] inspecting ===> img.20180923_062548.2018-09-22_14-30-50_000.jpg.3.png
[20180923_062552 / lib_ip.py:4330] 
img.20180923_062548.2018-09-22_14-30-50_000.jpg.3.png 2
[20180923_062552 / lib_ip.py:3794] file = img.20180923_062548.2018-09-22_14-30-50_000.jpg.3.png / val_Average = 106.2454	val_Variance = 2.2035	sd = 1.4844	max = 110	min = 101
[20180923_062552 / lib_ip.py:3877] len(Hs) = 8100, len(Ss) = 8100, len(Vs) = 8100
[20180923_062552 / lib_ip.py:3910] yellow : variance --> out of range (variance = 2.203 / upper = 0.650 / lower = 0.000)
[20180923_062552 / lib_ip.py:3794] file = img.20180923_062548.2018-09-22_14-30-50_000.jpg.3.png / val_Average = 106.2454	val_Variance = 2.2035	sd = 1.4844	max = 110	min = 101
[20180923_062552 / lib_ip.py:3977] len(Hs) = 8100, len(Ss) = 8100, len(Vs) = 8100
[20180923_062552 / lib_ip.py:4023] red : variance --> out of range (variance = 2.203 / upper = 0.430 / lower = 0.000)
[20180923_062552 / lib_ip.py:3794] file = img.20180923_062548.2018-09-22_14-30-50_000.jpg.3.png / val_Average = 106.2454	val_Variance = 2.2035	sd = 1.4844	max = 110	min = 101
[20180923_062552 / lib_ip.py:4090] len(Hs) = 8100, len(Ss) = 8100, len(Vs) = 8100
[20180923_062552 / lib_ip.py:4137] green : variance --> out of range (variance = 2.203 / upper = 0.750 / lower = 0.000)
[20180923_062553 / lib_ip.py:3794] file = img.20180923_062548.2018-09-22_14-30-50_000.jpg.3.png / val_Average = 106.2454	val_Variance = 2.2035	sd = 1.4844	max = 110	min = 101
[20180923_062553 / lib_ip.py:4204] len(Hs) = 8100, len(Ss) = 8100, len(Vs) = 8100
[20180923_062553 / lib_ip.py:4248] black : variance --> out of range (variance = 2.203 / upper = 0.000 / lower = 0.000)
[20180923_062553 / lib_ip.py:4398] file : img.20180923_062548.2018-09-22_14-30-50_000.jpg.3.png 2 (black : variance --> out of range (variance = 2.203 / upper = 0.000 / lower = 0.000))
[20180923_062553 / lib_ip.py:2273] inspecting ===> img.20180923_062548.2018-09-22_14-30-50_000.jpg.4.png
[20180923_062553 / lib_ip.py:4330] 
img.20180923_062548.2018-09-22_14-30-50_000.jpg.4.png 3
[20180923_062553 / lib_ip.py:3794] file = img.20180923_062548.2018-09-22_14-30-50_000.jpg.4.png / val_Average = 82.4157	val_Variance = 623.0268	sd = 24.9605	max = 135	min = 0
[20180923_062553 / lib_ip.py:3877] len(Hs) = 8100, len(Ss) = 8100, len(Vs) = 8100
[20180923_062553 / lib_ip.py:3910] yellow : variance --> out of range (variance = 623.027 / upper = 0.650 / lower = 0.000)
[20180923_062554 / lib_ip.py:3794] file = img.20180923_062548.2018-09-22_14-30-50_000.jpg.4.png / val_Average = 82.4157	val_Variance = 623.0268	sd = 24.9605	max = 135	min = 0
[20180923_062554 / lib_ip.py:3977] len(Hs) = 8100, len(Ss) = 8100, len(Vs) = 8100
[20180923_062554 / lib_ip.py:4023] red : variance --> out of range (variance = 623.027 / upper = 0.430 / lower = 0.000)
[20180923_062554 / lib_ip.py:3794] file = img.20180923_062548.2018-09-22_14-30-50_000.jpg.4.png / val_Average = 82.4157	val_Variance = 623.0268	sd = 24.9605	max = 135	min = 0
[20180923_062554 / lib_ip.py:4090] len(Hs) = 8100, len(Ss) = 8100, len(Vs) = 8100
[20180923_062554 / lib_ip.py:4137] green : variance --> out of range (variance = 623.027 / upper = 0.750 / lower = 0.000)
[20180923_062554 / lib_ip.py:3794] file = img.20180923_062548.2018-09-22_14-30-50_000.jpg.4.png / val_Average = 82.4157	val_Variance = 623.0268	sd = 24.9605	max = 135	min = 0
[20180923_062554 / lib_ip.py:4204] len(Hs) = 8100, len(Ss) = 8100, len(Vs) = 8100
[20180923_062554 / lib_ip.py:4248] black : variance --> out of range (variance = 623.027 / upper = 0.000 / lower = 0.000)
[20180923_062554 / lib_ip.py:4398] file : img.20180923_062548.2018-09-22_14-30-50_000.jpg.4.png 3 (black : variance --> out of range (variance = 623.027 / upper = 0.000 / lower = 0.000))
[20180923_062553 / lib_ip.py:2273] inspecting ===> img.20180923_062548.2018-09-22_14-30-50_000.jpg.4.png
img.20180923_062548.2018-09-22_14-30-50_000.jpg.1.png => other
img.20180923_062548.2018-09-22_14-30-50_000.jpg.2.png => other
img.20180923_062548.2018-09-22_14-30-50_000.jpg.3.png => other
img.20180923_062548.2018-09-22_14-30-50_000.jpg.4.png => other
[20180923_062554 lib_ip.py:3300] =============== Get 4 corners
dpath_Images = C:\WORKS_2\WS\WS_Others.Art\JVEMV6\46_art\VIRTUAL\Admin_Projects\ip\images
fname_Image = img.20180923_062548.2018-09-22_14-30-50_000.jpg.4.png

[20180923_062555 / lib_ip.py:2273] inspecting ===> img.20180923_062555.2018-09-22_14-34-01_000.jpg.1.png
[20180923_062556 / lib_ip.py:4330] 
img.20180923_062555.2018-09-22_14-34-01_000.jpg.1.png 0
[20180923_062556 / lib_ip.py:3794] file = img.20180923_062555.2018-09-22_14-34-01_000.jpg.1.png / val_Average = 72.3925	val_Variance = 902.3083	sd = 30.0384	max = 135	min = 0
[20180923_062556 / lib_ip.py:3877] len(Hs) = 8100, len(Ss) = 8100, len(Vs) = 8100
[20180923_062556 / lib_ip.py:3910] yellow : variance --> out of range (variance = 902.308 / upper = 0.650 / lower = 0.000)
[20180923_062556 / lib_ip.py:3794] file = img.20180923_062555.2018-09-22_14-34-01_000.jpg.1.png / val_Average = 72.3925	val_Variance = 902.3083	sd = 30.0384	max = 135	min = 0
[20180923_062556 / lib_ip.py:3977] len(Hs) = 8100, len(Ss) = 8100, len(Vs) = 8100
[20180923_062556 / lib_ip.py:4023] red : variance --> out of range (variance = 902.308 / upper = 0.430 / lower = 0.000)
[20180923_062556 / lib_ip.py:3794] file = img.20180923_062555.2018-09-22_14-34-01_000.jpg.1.png / val_Average = 72.3925	val_Variance = 902.3083	sd = 30.0384	max = 135	min = 0
[20180923_062556 / lib_ip.py:4090] len(Hs) = 8100, len(Ss) = 8100, len(Vs) = 8100
[20180923_062556 / lib_ip.py:4137] green : variance --> out of range (variance = 902.308 / upper = 0.750 / lower = 0.000)
[20180923_062557 / lib_ip.py:3794] file = img.20180923_062555.2018-09-22_14-34-01_000.jpg.1.png / val_Average = 72.3925	val_Variance = 902.3083	sd = 30.0384	max = 135	min = 0
[20180923_062557 / lib_ip.py:4204] len(Hs) = 8100, len(Ss) = 8100, len(Vs) = 8100
[20180923_062557 / lib_ip.py:4248] black : variance --> out of range (variance = 902.308 / upper = 0.000 / lower = 0.000)
[20180923_062557 / lib_ip.py:4398] file : img.20180923_062555.2018-09-22_14-34-01_000.jpg.1.png 0 (black : variance --> out of range (variance = 902.308 / upper = 0.000 / lower = 0.000))
[20180923_062557 / lib_ip.py:2273] inspecting ===> img.20180923_062555.2018-09-22_14-34-01_000.jpg.2.png
[20180923_062557 / lib_ip.py:4330] 
img.20180923_062555.2018-09-22_14-34-01_000.jpg.2.png 1
[20180923_062558 / lib_ip.py:3794] file = img.20180923_062555.2018-09-22_14-34-01_000.jpg.2.png / val_Average = 75.5088	val_Variance = 0.2512	sd = 0.5012	max = 77	min = 74
[20180923_062558 / lib_ip.py:3877] len(Hs) = 8100, len(Ss) = 8100, len(Vs) = 8100
[20180923_062558 / lib_ip.py:3932] yellow : average --> out of range (average = 75.509 / upper = 99.200 / lower = 88.000)
[20180923_062558 / lib_ip.py:3794] file = img.20180923_062555.2018-09-22_14-34-01_000.jpg.2.png / val_Average = 75.5088	val_Variance = 0.2512	sd = 0.5012	max = 77	min = 74
[20180923_062558 / lib_ip.py:3977] len(Hs) = 8100, len(Ss) = 8100, len(Vs) = 8100
[20180923_062558 / lib_ip.py:4048] red : average --> out of range (average = 75.509 / upper = 124.000 / lower = 115.000)
[20180923_062558 / lib_ip.py:3794] file = img.20180923_062555.2018-09-22_14-34-01_000.jpg.2.png / val_Average = 75.5088	val_Variance = 0.2512	sd = 0.5012	max = 77	min = 74
[20180923_062558 / lib_ip.py:4090] len(Hs) = 8100, len(Ss) = 8100, len(Vs) = 8100
[20180923_062558 / lib_ip.py:2273] inspecting ===> img.20180923_062555.2018-09-22_14-34-01_000.jpg.3.png
[20180923_062558 / lib_ip.py:4330] 
img.20180923_062555.2018-09-22_14-34-01_000.jpg.3.png 2
[20180923_062558 / lib_ip.py:3794] file = img.20180923_062555.2018-09-22_14-34-01_000.jpg.3.png / val_Average = 104.3946	val_Variance = 41.0949	sd = 6.4105	max = 135	min = 0
[20180923_062558 / lib_ip.py:3877] len(Hs) = 8100, len(Ss) = 8100, len(Vs) = 8100
[20180923_062558 / lib_ip.py:3910] yellow : variance --> out of range (variance = 41.095 / upper = 0.650 / lower = 0.000)
[20180923_062558 / lib_ip.py:3794] file = img.20180923_062555.2018-09-22_14-34-01_000.jpg.3.png / val_Average = 104.3946	val_Variance = 41.0949	sd = 6.4105	max = 135	min = 0
[20180923_062558 / lib_ip.py:3977] len(Hs) = 8100, len(Ss) = 8100, len(Vs) = 8100
[20180923_062559 / lib_ip.py:4023] red : variance --> out of range (variance = 41.095 / upper = 0.430 / lower = 0.000)
[20180923_062559 / lib_ip.py:3794] file = img.20180923_062555.2018-09-22_14-34-01_000.jpg.3.png / val_Average = 104.3946	val_Variance = 41.0949	sd = 6.4105	max = 135	min = 0
[20180923_062559 / lib_ip.py:4090] len(Hs) = 8100, len(Ss) = 8100, len(Vs) = 8100
[20180923_062559 / lib_ip.py:4137] green : variance --> out of range (variance = 41.095 / upper = 0.750 / lower = 0.000)
[20180923_062600 / lib_ip.py:3794] file = img.20180923_062555.2018-09-22_14-34-01_000.jpg.3.png / val_Average = 104.3946	val_Variance = 41.0949	sd = 6.4105	max = 135	min = 0
[20180923_062600 / lib_ip.py:4204] len(Hs) = 8100, len(Ss) = 8100, len(Vs) = 8100
[20180923_062600 / lib_ip.py:4248] black : variance --> out of range (variance = 41.095 / upper = 0.000 / lower = 0.000)
[20180923_062600 / lib_ip.py:4398] file : img.20180923_062555.2018-09-22_14-34-01_000.jpg.3.png 2 (black : variance --> out of range (variance = 41.095 / upper = 0.000 / lower = 0.000))
[20180923_062600 / lib_ip.py:2273] inspecting ===> img.20180923_062555.2018-09-22_14-34-01_000.jpg.4.png
[20180923_062600 / lib_ip.py:4330] 
img.20180923_062555.2018-09-22_14-34-01_000.jpg.4.png 3
[20180923_062600 / lib_ip.py:3794] file = img.20180923_062555.2018-09-22_14-34-01_000.jpg.4.png / val_Average = 120.3958	val_Variance = 0.2391	sd = 0.4890	max = 121	min = 120
[20180923_062600 / lib_ip.py:3877] len(Hs) = 8100, len(Ss) = 8100, len(Vs) = 8100
[20180923_062600 / lib_ip.py:3932] yellow : average --> out of range (average = 120.396 / upper = 99.200 / lower = 88.000)
[20180923_062600 / lib_ip.py:3794] file = img.20180923_062555.2018-09-22_14-34-01_000.jpg.4.png / val_Average = 120.3958	val_Variance = 0.2391	sd = 0.4890	max = 121	min = 120
[20180923_062600 / lib_ip.py:3977] len(Hs) = 8100, len(Ss) = 8100, len(Vs) = 8100
[20180923_062600 / lib_ip.py:2273] inspecting ===> img.20180923_062555.2018-09-22_14-34-01_000.jpg.4.png
img.20180923_062555.2018-09-22_14-34-01_000.jpg.1.png => other
img.20180923_062555.2018-09-22_14-34-01_000.jpg.2.png => other
img.20180923_062555.2018-09-22_14-34-01_000.jpg.3.png => other
img.20180923_062555.2018-09-22_14-34-01_000.jpg.4.png => other
[20180923_062600 lib_ip.py:3300] =============== Get 4 corners
dpath_Images = C:\WORKS_2\WS\WS_Others.Art\JVEMV6\46_art\VIRTUAL\Admin_Projects\ip\images
fname_Image = img.20180923_062555.2018-09-22_14-34-01_000.jpg.4.png

[20180923_062602 / lib_ip.py:2273] inspecting ===> img.20180923_062602.2018-09-22_14-55-32_000.jpg.1.png
[20180923_062602 / lib_ip.py:4330] 
img.20180923_062602.2018-09-22_14-55-32_000.jpg.1.png 0
[20180923_062602 / lib_ip.py:3794] file = img.20180923_062602.2018-09-22_14-55-32_000.jpg.1.png / val_Average = 72.6731	val_Variance = 0.2200	sd = 0.4691	max = 73	min = 72
[20180923_062602 / lib_ip.py:3877] len(Hs) = 8100, len(Ss) = 8100, len(Vs) = 8100
[20180923_062602 / lib_ip.py:3932] yellow : average --> out of range (average = 72.673 / upper = 99.200 / lower = 88.000)
[20180923_062602 / lib_ip.py:3794] file = img.20180923_062602.2018-09-22_14-55-32_000.jpg.1.png / val_Average = 72.6731	val_Variance = 0.2200	sd = 0.4691	max = 73	min = 72
[20180923_062602 / lib_ip.py:3977] len(Hs) = 8100, len(Ss) = 8100, len(Vs) = 8100
[20180923_062602 / lib_ip.py:4048] red : average --> out of range (average = 72.673 / upper = 124.000 / lower = 115.000)
[20180923_062602 / lib_ip.py:3794] file = img.20180923_062602.2018-09-22_14-55-32_000.jpg.1.png / val_Average = 72.6731	val_Variance = 0.2200	sd = 0.4691	max = 73	min = 72
[20180923_062602 / lib_ip.py:4090] len(Hs) = 8100, len(Ss) = 8100, len(Vs) = 8100
[20180923_062603 / lib_ip.py:2273] inspecting ===> img.20180923_062602.2018-09-22_14-55-32_000.jpg.2.png
[20180923_062603 / lib_ip.py:4330] 
img.20180923_062602.2018-09-22_14-55-32_000.jpg.2.png 1
[20180923_062603 / lib_ip.py:3794] file = img.20180923_062602.2018-09-22_14-55-32_000.jpg.2.png / val_Average = 72.2778	val_Variance = 0.2456	sd = 0.4955	max = 73	min = 71
[20180923_062603 / lib_ip.py:3877] len(Hs) = 8100, len(Ss) = 8100, len(Vs) = 8100
[20180923_062603 / lib_ip.py:3932] yellow : average --> out of range (average = 72.278 / upper = 99.200 / lower = 88.000)
[20180923_062603 / lib_ip.py:3794] file = img.20180923_062602.2018-09-22_14-55-32_000.jpg.2.png / val_Average = 72.2778	val_Variance = 0.2456	sd = 0.4955	max = 73	min = 71
[20180923_062603 / lib_ip.py:3977] len(Hs) = 8100, len(Ss) = 8100, len(Vs) = 8100
[20180923_062603 / lib_ip.py:4048] red : average --> out of range (average = 72.278 / upper = 124.000 / lower = 115.000)
[20180923_062603 / lib_ip.py:3794] file = img.20180923_062602.2018-09-22_14-55-32_000.jpg.2.png / val_Average = 72.2778	val_Variance = 0.2456	sd = 0.4955	max = 73	min = 71
[20180923_062603 / lib_ip.py:4090] len(Hs) = 8100, len(Ss) = 8100, len(Vs) = 8100
[20180923_062604 / lib_ip.py:2273] inspecting ===> img.20180923_062602.2018-09-22_14-55-32_000.jpg.3.png
[20180923_062604 / lib_ip.py:4330] 
img.20180923_062602.2018-09-22_14-55-32_000.jpg.3.png 2
[20180923_062604 / lib_ip.py:3794] file = img.20180923_062602.2018-09-22_14-55-32_000.jpg.3.png / val_Average = 64.2774	val_Variance = 439.6753	sd = 20.9684	max = 135	min = 0
[20180923_062604 / lib_ip.py:3877] len(Hs) = 8100, len(Ss) = 8100, len(Vs) = 8100
[20180923_062604 / lib_ip.py:3910] yellow : variance --> out of range (variance = 439.675 / upper = 0.650 / lower = 0.000)
[20180923_062604 / lib_ip.py:3794] file = img.20180923_062602.2018-09-22_14-55-32_000.jpg.3.png / val_Average = 64.2774	val_Variance = 439.6753	sd = 20.9684	max = 135	min = 0
[20180923_062604 / lib_ip.py:3977] len(Hs) = 8100, len(Ss) = 8100, len(Vs) = 8100
[20180923_062605 / lib_ip.py:4023] red : variance --> out of range (variance = 439.675 / upper = 0.430 / lower = 0.000)
[20180923_062605 / lib_ip.py:3794] file = img.20180923_062602.2018-09-22_14-55-32_000.jpg.3.png / val_Average = 64.2774	val_Variance = 439.6753	sd = 20.9684	max = 135	min = 0
[20180923_062605 / lib_ip.py:4090] len(Hs) = 8100, len(Ss) = 8100, len(Vs) = 8100
[20180923_062605 / lib_ip.py:4137] green : variance --> out of range (variance = 439.675 / upper = 0.750 / lower = 0.000)
[20180923_062605 / lib_ip.py:3794] file = img.20180923_062602.2018-09-22_14-55-32_000.jpg.3.png / val_Average = 64.2774	val_Variance = 439.6753	sd = 20.9684	max = 135	min = 0
[20180923_062605 / lib_ip.py:4204] len(Hs) = 8100, len(Ss) = 8100, len(Vs) = 8100
[20180923_062605 / lib_ip.py:4248] black : variance --> out of range (variance = 439.675 / upper = 0.000 / lower = 0.000)
[20180923_062605 / lib_ip.py:4398] file : img.20180923_062602.2018-09-22_14-55-32_000.jpg.3.png 2 (black : variance --> out of range (variance = 439.675 / upper = 0.000 / lower = 0.000))
[20180923_062605 / lib_ip.py:2273] inspecting ===> img.20180923_062602.2018-09-22_14-55-32_000.jpg.4.png
[20180923_062606 / lib_ip.py:4330] 
img.20180923_062602.2018-09-22_14-55-32_000.jpg.4.png 3
[20180923_062606 / lib_ip.py:3794] file = img.20180923_062602.2018-09-22_14-55-32_000.jpg.4.png / val_Average = 103.3184	val_Variance = 9.0968	sd = 3.0161	max = 115	min = 90
[20180923_062606 / lib_ip.py:3877] len(Hs) = 8100, len(Ss) = 8100, len(Vs) = 8100
[20180923_062606 / lib_ip.py:3910] yellow : variance --> out of range (variance = 9.097 / upper = 0.650 / lower = 0.000)
[20180923_062606 / lib_ip.py:3794] file = img.20180923_062602.2018-09-22_14-55-32_000.jpg.4.png / val_Average = 103.3184	val_Variance = 9.0968	sd = 3.0161	max = 115	min = 90
[20180923_062606 / lib_ip.py:3977] len(Hs) = 8100, len(Ss) = 8100, len(Vs) = 8100
[20180923_062606 / lib_ip.py:4023] red : variance --> out of range (variance = 9.097 / upper = 0.430 / lower = 0.000)
[20180923_062606 / lib_ip.py:3794] file = img.20180923_062602.2018-09-22_14-55-32_000.jpg.4.png / val_Average = 103.3184	val_Variance = 9.0968	sd = 3.0161	max = 115	min = 90
[20180923_062606 / lib_ip.py:4090] len(Hs) = 8100, len(Ss) = 8100, len(Vs) = 8100
[20180923_062606 / lib_ip.py:4137] green : variance --> out of range (variance = 9.097 / upper = 0.750 / lower = 0.000)
[20180923_062607 / lib_ip.py:3794] file = img.20180923_062602.2018-09-22_14-55-32_000.jpg.4.png / val_Average = 103.3184	val_Variance = 9.0968	sd = 3.0161	max = 115	min = 90
[20180923_062607 / lib_ip.py:4204] len(Hs) = 8100, len(Ss) = 8100, len(Vs) = 8100
[20180923_062607 / lib_ip.py:4248] black : variance --> out of range (variance = 9.097 / upper = 0.000 / lower = 0.000)
[20180923_062607 / lib_ip.py:4398] file : img.20180923_062602.2018-09-22_14-55-32_000.jpg.4.png 3 (black : variance --> out of range (variance = 9.097 / upper = 0.000 / lower = 0.000))
[20180923_062605 / lib_ip.py:2273] inspecting ===> img.20180923_062602.2018-09-22_14-55-32_000.jpg.4.png
img.20180923_062602.2018-09-22_14-55-32_000.jpg.1.png => other
img.20180923_062602.2018-09-22_14-55-32_000.jpg.2.png => other
img.20180923_062602.2018-09-22_14-55-32_000.jpg.3.png => other
img.20180923_062602.2018-09-22_14-55-32_000.jpg.4.png => other
[20180923_062607 lib_ip.py:3300] =============== Get 4 corners
dpath_Images = C:\WORKS_2\WS\WS_Others.Art\JVEMV6\46_art\VIRTUAL\Admin_Projects\ip\images
fname_Image = img.20180923_062602.2018-09-22_14-55-32_000.jpg.4.png

[20180923_062608 / lib_ip.py:2273] inspecting ===> img.20180923_062608.2018-09-22_16-35-29_000.jpg.1.png
[20180923_062608 / lib_ip.py:4330] 
img.20180923_062608.2018-09-22_16-35-29_000.jpg.1.png 0
[20180923_062608 / lib_ip.py:3794] file = img.20180923_062608.2018-09-22_16-35-29_000.jpg.1.png / val_Average = 106.7605	val_Variance = 39.6705	sd = 6.2985	max = 135	min = 84
[20180923_062608 / lib_ip.py:3877] len(Hs) = 8100, len(Ss) = 8100, len(Vs) = 8100
[20180923_062609 / lib_ip.py:3910] yellow : variance --> out of range (variance = 39.671 / upper = 0.650 / lower = 0.000)
[20180923_062609 / lib_ip.py:3794] file = img.20180923_062608.2018-09-22_16-35-29_000.jpg.1.png / val_Average = 106.7605	val_Variance = 39.6705	sd = 6.2985	max = 135	min = 84
[20180923_062609 / lib_ip.py:3977] len(Hs) = 8100, len(Ss) = 8100, len(Vs) = 8100
[20180923_062609 / lib_ip.py:4023] red : variance --> out of range (variance = 39.671 / upper = 0.430 / lower = 0.000)
[20180923_062609 / lib_ip.py:3794] file = img.20180923_062608.2018-09-22_16-35-29_000.jpg.1.png / val_Average = 106.7605	val_Variance = 39.6705	sd = 6.2985	max = 135	min = 84
[20180923_062609 / lib_ip.py:4090] len(Hs) = 8100, len(Ss) = 8100, len(Vs) = 8100
[20180923_062609 / lib_ip.py:4137] green : variance --> out of range (variance = 39.671 / upper = 0.750 / lower = 0.000)
[20180923_062609 / lib_ip.py:3794] file = img.20180923_062608.2018-09-22_16-35-29_000.jpg.1.png / val_Average = 106.7605	val_Variance = 39.6705	sd = 6.2985	max = 135	min = 84
[20180923_062609 / lib_ip.py:4204] len(Hs) = 8100, len(Ss) = 8100, len(Vs) = 8100
[20180923_062609 / lib_ip.py:4248] black : variance --> out of range (variance = 39.671 / upper = 0.000 / lower = 0.000)
[20180923_062610 / lib_ip.py:4398] file : img.20180923_062608.2018-09-22_16-35-29_000.jpg.1.png 0 (black : variance --> out of range (variance = 39.671 / upper = 0.000 / lower = 0.000))
[20180923_062610 / lib_ip.py:2273] inspecting ===> img.20180923_062608.2018-09-22_16-35-29_000.jpg.2.png
[20180923_062610 / lib_ip.py:4330] 
img.20180923_062608.2018-09-22_16-35-29_000.jpg.2.png 1
[20180923_062610 / lib_ip.py:3794] file = img.20180923_062608.2018-09-22_16-35-29_000.jpg.2.png / val_Average = 105.2073	val_Variance = 3.1697	sd = 1.7804	max = 110	min = 100
[20180923_062611 / lib_ip.py:3877] len(Hs) = 8100, len(Ss) = 8100, len(Vs) = 8100
[20180923_062611 / lib_ip.py:3910] yellow : variance --> out of range (variance = 3.170 / upper = 0.650 / lower = 0.000)
[20180923_062611 / lib_ip.py:3794] file = img.20180923_062608.2018-09-22_16-35-29_000.jpg.2.png / val_Average = 105.2073	val_Variance = 3.1697	sd = 1.7804	max = 110	min = 100
[20180923_062611 / lib_ip.py:3977] len(Hs) = 8100, len(Ss) = 8100, len(Vs) = 8100
[20180923_062611 / lib_ip.py:4023] red : variance --> out of range (variance = 3.170 / upper = 0.430 / lower = 0.000)
[20180923_062611 / lib_ip.py:3794] file = img.20180923_062608.2018-09-22_16-35-29_000.jpg.2.png / val_Average = 105.2073	val_Variance = 3.1697	sd = 1.7804	max = 110	min = 100
[20180923_062611 / lib_ip.py:4090] len(Hs) = 8100, len(Ss) = 8100, len(Vs) = 8100
[20180923_062611 / lib_ip.py:4137] green : variance --> out of range (variance = 3.170 / upper = 0.750 / lower = 0.000)
[20180923_062611 / lib_ip.py:3794] file = img.20180923_062608.2018-09-22_16-35-29_000.jpg.2.png / val_Average = 105.2073	val_Variance = 3.1697	sd = 1.7804	max = 110	min = 100
[20180923_062611 / lib_ip.py:4204] len(Hs) = 8100, len(Ss) = 8100, len(Vs) = 8100
[20180923_062611 / lib_ip.py:4248] black : variance --> out of range (variance = 3.170 / upper = 0.000 / lower = 0.000)
[20180923_062611 / lib_ip.py:4398] file : img.20180923_062608.2018-09-22_16-35-29_000.jpg.2.png 1 (black : variance --> out of range (variance = 3.170 / upper = 0.000 / lower = 0.000))
[20180923_062611 / lib_ip.py:2273] inspecting ===> img.20180923_062608.2018-09-22_16-35-29_000.jpg.3.png
[20180923_062612 / lib_ip.py:4330] 
img.20180923_062608.2018-09-22_16-35-29_000.jpg.3.png 2
[20180923_062612 / lib_ip.py:3794] file = img.20180923_062608.2018-09-22_16-35-29_000.jpg.3.png / val_Average = 76.2656	val_Variance = 0.3622	sd = 0.6018	max = 78	min = 75
[20180923_062612 / lib_ip.py:3877] len(Hs) = 8100, len(Ss) = 8100, len(Vs) = 8100
[20180923_062612 / lib_ip.py:3932] yellow : average --> out of range (average = 76.266 / upper = 99.200 / lower = 88.000)
[20180923_062612 / lib_ip.py:3794] file = img.20180923_062608.2018-09-22_16-35-29_000.jpg.3.png / val_Average = 76.2656	val_Variance = 0.3622	sd = 0.6018	max = 78	min = 75
[20180923_062612 / lib_ip.py:3977] len(Hs) = 8100, len(Ss) = 8100, len(Vs) = 8100
[20180923_062612 / lib_ip.py:4048] red : average --> out of range (average = 76.266 / upper = 124.000 / lower = 115.000)
[20180923_062612 / lib_ip.py:3794] file = img.20180923_062608.2018-09-22_16-35-29_000.jpg.3.png / val_Average = 76.2656	val_Variance = 0.3622	sd = 0.6018	max = 78	min = 75
[20180923_062612 / lib_ip.py:4090] len(Hs) = 8100, len(Ss) = 8100, len(Vs) = 8100
[20180923_062612 / lib_ip.py:2273] inspecting ===> img.20180923_062608.2018-09-22_16-35-29_000.jpg.4.png
[20180923_062613 / lib_ip.py:4330] 
img.20180923_062608.2018-09-22_16-35-29_000.jpg.4.png 3
[20180923_062613 / lib_ip.py:3794] file = img.20180923_062608.2018-09-22_16-35-29_000.jpg.4.png / val_Average = 120.3784	val_Variance = 0.2485	sd = 0.4985	max = 122	min = 119
[20180923_062613 / lib_ip.py:3877] len(Hs) = 8100, len(Ss) = 8100, len(Vs) = 8100
[20180923_062613 / lib_ip.py:3932] yellow : average --> out of range (average = 120.378 / upper = 99.200 / lower = 88.000)
[20180923_062613 / lib_ip.py:3794] file = img.20180923_062608.2018-09-22_16-35-29_000.jpg.4.png / val_Average = 120.3784	val_Variance = 0.2485	sd = 0.4985	max = 122	min = 119
[20180923_062613 / lib_ip.py:3977] len(Hs) = 8100, len(Ss) = 8100, len(Vs) = 8100
[20180923_062612 / lib_ip.py:2273] inspecting ===> img.20180923_062608.2018-09-22_16-35-29_000.jpg.4.png
img.20180923_062608.2018-09-22_16-35-29_000.jpg.1.png => other
img.20180923_062608.2018-09-22_16-35-29_000.jpg.2.png => other
img.20180923_062608.2018-09-22_16-35-29_000.jpg.3.png => other
img.20180923_062608.2018-09-22_16-35-29_000.jpg.4.png => other
[20180923_062613 lib_ip.py:3300] =============== Get 4 corners
dpath_Images = C:\WORKS_2\WS\WS_Others.Art\JVEMV6\46_art\VIRTUAL\Admin_Projects\ip\images
fname_Image = img.20180923_062608.2018-09-22_16-35-29_000.jpg.4.png

[20180923_062614 / lib_ip.py:2273] inspecting ===> img.20180923_062614.2018-09-22_16-36-03_000.jpg.1.png
[20180923_062614 / lib_ip.py:4330] 
img.20180923_062614.2018-09-22_16-36-03_000.jpg.1.png 0
[20180923_062614 / lib_ip.py:3794] file = img.20180923_062614.2018-09-22_16-36-03_000.jpg.1.png / val_Average = 105.4830	val_Variance = 51.3146	sd = 7.1634	max = 135	min = 60
[20180923_062614 / lib_ip.py:3877] len(Hs) = 8100, len(Ss) = 8100, len(Vs) = 8100
[20180923_062614 / lib_ip.py:3910] yellow : variance --> out of range (variance = 51.315 / upper = 0.650 / lower = 0.000)
[20180923_062614 / lib_ip.py:3794] file = img.20180923_062614.2018-09-22_16-36-03_000.jpg.1.png / val_Average = 105.4830	val_Variance = 51.3146	sd = 7.1634	max = 135	min = 60
[20180923_062614 / lib_ip.py:3977] len(Hs) = 8100, len(Ss) = 8100, len(Vs) = 8100
[20180923_062614 / lib_ip.py:4023] red : variance --> out of range (variance = 51.315 / upper = 0.430 / lower = 0.000)
[20180923_062615 / lib_ip.py:3794] file = img.20180923_062614.2018-09-22_16-36-03_000.jpg.1.png / val_Average = 105.4830	val_Variance = 51.3146	sd = 7.1634	max = 135	min = 60
[20180923_062615 / lib_ip.py:4090] len(Hs) = 8100, len(Ss) = 8100, len(Vs) = 8100
[20180923_062615 / lib_ip.py:4137] green : variance --> out of range (variance = 51.315 / upper = 0.750 / lower = 0.000)
[20180923_062615 / lib_ip.py:3794] file = img.20180923_062614.2018-09-22_16-36-03_000.jpg.1.png / val_Average = 105.4830	val_Variance = 51.3146	sd = 7.1634	max = 135	min = 60
[20180923_062615 / lib_ip.py:4204] len(Hs) = 8100, len(Ss) = 8100, len(Vs) = 8100
[20180923_062615 / lib_ip.py:4248] black : variance --> out of range (variance = 51.315 / upper = 0.000 / lower = 0.000)
[20180923_062615 / lib_ip.py:4398] file : img.20180923_062614.2018-09-22_16-36-03_000.jpg.1.png 0 (black : variance --> out of range (variance = 51.315 / upper = 0.000 / lower = 0.000))
[20180923_062615 / lib_ip.py:2273] inspecting ===> img.20180923_062614.2018-09-22_16-36-03_000.jpg.2.png
[20180923_062616 / lib_ip.py:4330] 
img.20180923_062614.2018-09-22_16-36-03_000.jpg.2.png 1
[20180923_062616 / lib_ip.py:3794] file = img.20180923_062614.2018-09-22_16-36-03_000.jpg.2.png / val_Average = 104.3480	val_Variance = 1.8852	sd = 1.3730	max = 110	min = 101
[20180923_062616 / lib_ip.py:3877] len(Hs) = 8100, len(Ss) = 8100, len(Vs) = 8100
[20180923_062616 / lib_ip.py:3910] yellow : variance --> out of range (variance = 1.885 / upper = 0.650 / lower = 0.000)
[20180923_062616 / lib_ip.py:3794] file = img.20180923_062614.2018-09-22_16-36-03_000.jpg.2.png / val_Average = 104.3480	val_Variance = 1.8852	sd = 1.3730	max = 110	min = 101
[20180923_062616 / lib_ip.py:3977] len(Hs) = 8100, len(Ss) = 8100, len(Vs) = 8100
[20180923_062616 / lib_ip.py:4023] red : variance --> out of range (variance = 1.885 / upper = 0.430 / lower = 0.000)
[20180923_062616 / lib_ip.py:3794] file = img.20180923_062614.2018-09-22_16-36-03_000.jpg.2.png / val_Average = 104.3480	val_Variance = 1.8852	sd = 1.3730	max = 110	min = 101
[20180923_062617 / lib_ip.py:4090] len(Hs) = 8100, len(Ss) = 8100, len(Vs) = 8100
[20180923_062617 / lib_ip.py:4137] green : variance --> out of range (variance = 1.885 / upper = 0.750 / lower = 0.000)
[20180923_062617 / lib_ip.py:3794] file = img.20180923_062614.2018-09-22_16-36-03_000.jpg.2.png / val_Average = 104.3480	val_Variance = 1.8852	sd = 1.3730	max = 110	min = 101
[20180923_062617 / lib_ip.py:4204] len(Hs) = 8100, len(Ss) = 8100, len(Vs) = 8100
[20180923_062617 / lib_ip.py:4248] black : variance --> out of range (variance = 1.885 / upper = 0.000 / lower = 0.000)
[20180923_062617 / lib_ip.py:4398] file : img.20180923_062614.2018-09-22_16-36-03_000.jpg.2.png 1 (black : variance --> out of range (variance = 1.885 / upper = 0.000 / lower = 0.000))
[20180923_062617 / lib_ip.py:2273] inspecting ===> img.20180923_062614.2018-09-22_16-36-03_000.jpg.3.png
[20180923_062617 / lib_ip.py:4330] 
img.20180923_062614.2018-09-22_16-36-03_000.jpg.3.png 2
[20180923_062617 / lib_ip.py:3794] file = img.20180923_062614.2018-09-22_16-36-03_000.jpg.3.png / val_Average = 75.9741	val_Variance = 0.2003	sd = 0.4476	max = 78	min = 75
[20180923_062618 / lib_ip.py:3877] len(Hs) = 8100, len(Ss) = 8100, len(Vs) = 8100
[20180923_062618 / lib_ip.py:3932] yellow : average --> out of range (average = 75.974 / upper = 99.200 / lower = 88.000)
[20180923_062618 / lib_ip.py:3794] file = img.20180923_062614.2018-09-22_16-36-03_000.jpg.3.png / val_Average = 75.9741	val_Variance = 0.2003	sd = 0.4476	max = 78	min = 75
[20180923_062618 / lib_ip.py:3977] len(Hs) = 8100, len(Ss) = 8100, len(Vs) = 8100
[20180923_062618 / lib_ip.py:4048] red : average --> out of range (average = 75.974 / upper = 124.000 / lower = 115.000)
[20180923_062618 / lib_ip.py:3794] file = img.20180923_062614.2018-09-22_16-36-03_000.jpg.3.png / val_Average = 75.9741	val_Variance = 0.2003	sd = 0.4476	max = 78	min = 75
[20180923_062618 / lib_ip.py:4090] len(Hs) = 8100, len(Ss) = 8100, len(Vs) = 8100
[20180923_062618 / lib_ip.py:2273] inspecting ===> img.20180923_062614.2018-09-22_16-36-03_000.jpg.4.png
[20180923_062619 / lib_ip.py:4330] 
img.20180923_062614.2018-09-22_16-36-03_000.jpg.4.png 3
[20180923_062619 / lib_ip.py:3794] file = img.20180923_062614.2018-09-22_16-36-03_000.jpg.4.png / val_Average = 120.7579	val_Variance = 0.3005	sd = 0.5482	max = 122	min = 119
[20180923_062619 / lib_ip.py:3877] len(Hs) = 8100, len(Ss) = 8100, len(Vs) = 8100
[20180923_062619 / lib_ip.py:3932] yellow : average --> out of range (average = 120.758 / upper = 99.200 / lower = 88.000)
[20180923_062619 / lib_ip.py:3794] file = img.20180923_062614.2018-09-22_16-36-03_000.jpg.4.png / val_Average = 120.7579	val_Variance = 0.3005	sd = 0.5482	max = 122	min = 119
[20180923_062619 / lib_ip.py:3977] len(Hs) = 8100, len(Ss) = 8100, len(Vs) = 8100
[20180923_062618 / lib_ip.py:2273] inspecting ===> img.20180923_062614.2018-09-22_16-36-03_000.jpg.4.png
img.20180923_062614.2018-09-22_16-36-03_000.jpg.1.png => other
img.20180923_062614.2018-09-22_16-36-03_000.jpg.2.png => other
img.20180923_062614.2018-09-22_16-36-03_000.jpg.3.png => other
img.20180923_062614.2018-09-22_16-36-03_000.jpg.4.png => other
[20180923_062619 lib_ip.py:3300] =============== Get 4 corners
dpath_Images = C:\WORKS_2\WS\WS_Others.Art\JVEMV6\46_art\VIRTUAL\Admin_Projects\ip\images
fname_Image = img.20180923_062614.2018-09-22_16-36-03_000.jpg.4.png

[20180923_062620 / lib_ip.py:2273] inspecting ===> img.20180923_062620.2018-09-22_16-36-19_000.jpg.1.png
[20180923_062621 / lib_ip.py:4330] 
img.20180923_062620.2018-09-22_16-36-19_000.jpg.1.png 0
[20180923_062621 / lib_ip.py:3794] file = img.20180923_062620.2018-09-22_16-36-19_000.jpg.1.png / val_Average = 113.6395	val_Variance = 6.8212	sd = 2.6117	max = 125	min = 106
[20180923_062621 / lib_ip.py:3877] len(Hs) = 8100, len(Ss) = 8100, len(Vs) = 8100
[20180923_062621 / lib_ip.py:3910] yellow : variance --> out of range (variance = 6.821 / upper = 0.650 / lower = 0.000)
[20180923_062621 / lib_ip.py:3794] file = img.20180923_062620.2018-09-22_16-36-19_000.jpg.1.png / val_Average = 113.6395	val_Variance = 6.8212	sd = 2.6117	max = 125	min = 106
[20180923_062621 / lib_ip.py:3977] len(Hs) = 8100, len(Ss) = 8100, len(Vs) = 8100
[20180923_062621 / lib_ip.py:4023] red : variance --> out of range (variance = 6.821 / upper = 0.430 / lower = 0.000)
[20180923_062621 / lib_ip.py:3794] file = img.20180923_062620.2018-09-22_16-36-19_000.jpg.1.png / val_Average = 113.6395	val_Variance = 6.8212	sd = 2.6117	max = 125	min = 106
[20180923_062621 / lib_ip.py:4090] len(Hs) = 8100, len(Ss) = 8100, len(Vs) = 8100
[20180923_062622 / lib_ip.py:4137] green : variance --> out of range (variance = 6.821 / upper = 0.750 / lower = 0.000)
[20180923_062622 / lib_ip.py:3794] file = img.20180923_062620.2018-09-22_16-36-19_000.jpg.1.png / val_Average = 113.6395	val_Variance = 6.8212	sd = 2.6117	max = 125	min = 106
[20180923_062622 / lib_ip.py:4204] len(Hs) = 8100, len(Ss) = 8100, len(Vs) = 8100
[20180923_062622 / lib_ip.py:4248] black : variance --> out of range (variance = 6.821 / upper = 0.000 / lower = 0.000)
[20180923_062622 / lib_ip.py:4398] file : img.20180923_062620.2018-09-22_16-36-19_000.jpg.1.png 0 (black : variance --> out of range (variance = 6.821 / upper = 0.000 / lower = 0.000))
[20180923_062622 / lib_ip.py:2273] inspecting ===> img.20180923_062620.2018-09-22_16-36-19_000.jpg.2.png
[20180923_062622 / lib_ip.py:4330] 
img.20180923_062620.2018-09-22_16-36-19_000.jpg.2.png 1
[20180923_062622 / lib_ip.py:3794] file = img.20180923_062620.2018-09-22_16-36-19_000.jpg.2.png / val_Average = 103.9348	val_Variance = 2.6530	sd = 1.6288	max = 108	min = 99
[20180923_062622 / lib_ip.py:3877] len(Hs) = 8100, len(Ss) = 8100, len(Vs) = 8100
[20180923_062622 / lib_ip.py:3910] yellow : variance --> out of range (variance = 2.653 / upper = 0.650 / lower = 0.000)
[20180923_062622 / lib_ip.py:3794] file = img.20180923_062620.2018-09-22_16-36-19_000.jpg.2.png / val_Average = 103.9348	val_Variance = 2.6530	sd = 1.6288	max = 108	min = 99
[20180923_062622 / lib_ip.py:3977] len(Hs) = 8100, len(Ss) = 8100, len(Vs) = 8100
[20180923_062623 / lib_ip.py:4023] red : variance --> out of range (variance = 2.653 / upper = 0.430 / lower = 0.000)
[20180923_062623 / lib_ip.py:3794] file = img.20180923_062620.2018-09-22_16-36-19_000.jpg.2.png / val_Average = 103.9348	val_Variance = 2.6530	sd = 1.6288	max = 108	min = 99
[20180923_062623 / lib_ip.py:4090] len(Hs) = 8100, len(Ss) = 8100, len(Vs) = 8100
[20180923_062623 / lib_ip.py:4137] green : variance --> out of range (variance = 2.653 / upper = 0.750 / lower = 0.000)
[20180923_062623 / lib_ip.py:3794] file = img.20180923_062620.2018-09-22_16-36-19_000.jpg.2.png / val_Average = 103.9348	val_Variance = 2.6530	sd = 1.6288	max = 108	min = 99
[20180923_062623 / lib_ip.py:4204] len(Hs) = 8100, len(Ss) = 8100, len(Vs) = 8100
[20180923_062623 / lib_ip.py:4248] black : variance --> out of range (variance = 2.653 / upper = 0.000 / lower = 0.000)
[20180923_062623 / lib_ip.py:4398] file : img.20180923_062620.2018-09-22_16-36-19_000.jpg.2.png 1 (black : variance --> out of range (variance = 2.653 / upper = 0.000 / lower = 0.000))
[20180923_062623 / lib_ip.py:2273] inspecting ===> img.20180923_062620.2018-09-22_16-36-19_000.jpg.3.png
[20180923_062623 / lib_ip.py:4330] 
img.20180923_062620.2018-09-22_16-36-19_000.jpg.3.png 2
[20180923_062623 / lib_ip.py:3794] file = img.20180923_062620.2018-09-22_16-36-19_000.jpg.3.png / val_Average = 75.8543	val_Variance = 0.1245	sd = 0.3528	max = 76	min = 75
[20180923_062624 / lib_ip.py:3877] len(Hs) = 8100, len(Ss) = 8100, len(Vs) = 8100
[20180923_062624 / lib_ip.py:3932] yellow : average --> out of range (average = 75.854 / upper = 99.200 / lower = 88.000)
[20180923_062624 / lib_ip.py:3794] file = img.20180923_062620.2018-09-22_16-36-19_000.jpg.3.png / val_Average = 75.8543	val_Variance = 0.1245	sd = 0.3528	max = 76	min = 75
[20180923_062624 / lib_ip.py:3977] len(Hs) = 8100, len(Ss) = 8100, len(Vs) = 8100
[20180923_062624 / lib_ip.py:4048] red : average --> out of range (average = 75.854 / upper = 124.000 / lower = 115.000)
[20180923_062624 / lib_ip.py:3794] file = img.20180923_062620.2018-09-22_16-36-19_000.jpg.3.png / val_Average = 75.8543	val_Variance = 0.1245	sd = 0.3528	max = 76	min = 75
[20180923_062624 / lib_ip.py:4090] len(Hs) = 8100, len(Ss) = 8100, len(Vs) = 8100
[20180923_062624 / lib_ip.py:2273] inspecting ===> img.20180923_062620.2018-09-22_16-36-19_000.jpg.4.png
[20180923_062624 / lib_ip.py:4330] 
img.20180923_062620.2018-09-22_16-36-19_000.jpg.4.png 3
[20180923_062624 / lib_ip.py:3794] file = img.20180923_062620.2018-09-22_16-36-19_000.jpg.4.png / val_Average = 120.4600	val_Variance = 0.2803	sd = 0.5294	max = 121	min = 119
[20180923_062624 / lib_ip.py:3877] len(Hs) = 8100, len(Ss) = 8100, len(Vs) = 8100
[20180923_062624 / lib_ip.py:3932] yellow : average --> out of range (average = 120.460 / upper = 99.200 / lower = 88.000)
[20180923_062624 / lib_ip.py:3794] file = img.20180923_062620.2018-09-22_16-36-19_000.jpg.4.png / val_Average = 120.4600	val_Variance = 0.2803	sd = 0.5294	max = 121	min = 119
[20180923_062625 / lib_ip.py:3977] len(Hs) = 8100, len(Ss) = 8100, len(Vs) = 8100
[20180923_062624 / lib_ip.py:2273] inspecting ===> img.20180923_062620.2018-09-22_16-36-19_000.jpg.4.png
img.20180923_062620.2018-09-22_16-36-19_000.jpg.1.png => other
img.20180923_062620.2018-09-22_16-36-19_000.jpg.2.png => other
img.20180923_062620.2018-09-22_16-36-19_000.jpg.3.png => other
img.20180923_062620.2018-09-22_16-36-19_000.jpg.4.png => other
[20180923_062625 lib_ip.py:3300] =============== Get 4 corners
dpath_Images = C:\WORKS_2\WS\WS_Others.Art\JVEMV6\46_art\VIRTUAL\Admin_Projects\ip\images
fname_Image = img.20180923_062620.2018-09-22_16-36-19_000.jpg.4.png

[20180923_062626 / lib_ip.py:2273] inspecting ===> img.20180923_062626.2018-09-22_17-40-31_000.jpg.1.png
[20180923_062626 / lib_ip.py:4330] 
img.20180923_062626.2018-09-22_17-40-31_000.jpg.1.png 0
[20180923_062626 / lib_ip.py:3794] file = img.20180923_062626.2018-09-22_17-40-31_000.jpg.1.png / val_Average = 106.6486	val_Variance = 13.2005	sd = 3.6332	max = 130	min = 98
[20180923_062626 / lib_ip.py:3877] len(Hs) = 8100, len(Ss) = 8100, len(Vs) = 8100
[20180923_062626 / lib_ip.py:3910] yellow : variance --> out of range (variance = 13.200 / upper = 0.650 / lower = 0.000)
[20180923_062626 / lib_ip.py:3794] file = img.20180923_062626.2018-09-22_17-40-31_000.jpg.1.png / val_Average = 106.6486	val_Variance = 13.2005	sd = 3.6332	max = 130	min = 98
[20180923_062626 / lib_ip.py:3977] len(Hs) = 8100, len(Ss) = 8100, len(Vs) = 8100
[20180923_062626 / lib_ip.py:4023] red : variance --> out of range (variance = 13.200 / upper = 0.430 / lower = 0.000)
[20180923_062626 / lib_ip.py:3794] file = img.20180923_062626.2018-09-22_17-40-31_000.jpg.1.png / val_Average = 106.6486	val_Variance = 13.2005	sd = 3.6332	max = 130	min = 98
[20180923_062627 / lib_ip.py:4090] len(Hs) = 8100, len(Ss) = 8100, len(Vs) = 8100
[20180923_062627 / lib_ip.py:4137] green : variance --> out of range (variance = 13.200 / upper = 0.750 / lower = 0.000)
[20180923_062627 / lib_ip.py:3794] file = img.20180923_062626.2018-09-22_17-40-31_000.jpg.1.png / val_Average = 106.6486	val_Variance = 13.2005	sd = 3.6332	max = 130	min = 98
[20180923_062627 / lib_ip.py:4204] len(Hs) = 8100, len(Ss) = 8100, len(Vs) = 8100
[20180923_062627 / lib_ip.py:4248] black : variance --> out of range (variance = 13.200 / upper = 0.000 / lower = 0.000)
[20180923_062627 / lib_ip.py:4398] file : img.20180923_062626.2018-09-22_17-40-31_000.jpg.1.png 0 (black : variance --> out of range (variance = 13.200 / upper = 0.000 / lower = 0.000))
[20180923_062627 / lib_ip.py:2273] inspecting ===> img.20180923_062626.2018-09-22_17-40-31_000.jpg.2.png
[20180923_062628 / lib_ip.py:4330] 
img.20180923_062626.2018-09-22_17-40-31_000.jpg.2.png 1
[20180923_062628 / lib_ip.py:3794] file = img.20180923_062626.2018-09-22_17-40-31_000.jpg.2.png / val_Average = 101.0699	val_Variance = 0.8761	sd = 0.9360	max = 103	min = 96
[20180923_062628 / lib_ip.py:3877] len(Hs) = 8100, len(Ss) = 8100, len(Vs) = 8100
[20180923_062628 / lib_ip.py:3910] yellow : variance --> out of range (variance = 0.876 / upper = 0.650 / lower = 0.000)
[20180923_062628 / lib_ip.py:3794] file = img.20180923_062626.2018-09-22_17-40-31_000.jpg.2.png / val_Average = 101.0699	val_Variance = 0.8761	sd = 0.9360	max = 103	min = 96
[20180923_062628 / lib_ip.py:3977] len(Hs) = 8100, len(Ss) = 8100, len(Vs) = 8100
[20180923_062628 / lib_ip.py:4023] red : variance --> out of range (variance = 0.876 / upper = 0.430 / lower = 0.000)
[20180923_062628 / lib_ip.py:3794] file = img.20180923_062626.2018-09-22_17-40-31_000.jpg.2.png / val_Average = 101.0699	val_Variance = 0.8761	sd = 0.9360	max = 103	min = 96
[20180923_062628 / lib_ip.py:4090] len(Hs) = 8100, len(Ss) = 8100, len(Vs) = 8100
[20180923_062628 / lib_ip.py:4137] green : variance --> out of range (variance = 0.876 / upper = 0.750 / lower = 0.000)
[20180923_062628 / lib_ip.py:3794] file = img.20180923_062626.2018-09-22_17-40-31_000.jpg.2.png / val_Average = 101.0699	val_Variance = 0.8761	sd = 0.9360	max = 103	min = 96
[20180923_062628 / lib_ip.py:4204] len(Hs) = 8100, len(Ss) = 8100, len(Vs) = 8100
[20180923_062628 / lib_ip.py:4248] black : variance --> out of range (variance = 0.876 / upper = 0.000 / lower = 0.000)
[20180923_062628 / lib_ip.py:4398] file : img.20180923_062626.2018-09-22_17-40-31_000.jpg.2.png 1 (black : variance --> out of range (variance = 0.876 / upper = 0.000 / lower = 0.000))
[20180923_062628 / lib_ip.py:2273] inspecting ===> img.20180923_062626.2018-09-22_17-40-31_000.jpg.3.png
[20180923_062629 / lib_ip.py:4330] 
img.20180923_062626.2018-09-22_17-40-31_000.jpg.3.png 2
[20180923_062629 / lib_ip.py:3794] file = img.20180923_062626.2018-09-22_17-40-31_000.jpg.3.png / val_Average = 106.1581	val_Variance = 3.1593	sd = 1.7774	max = 114	min = 102
[20180923_062629 / lib_ip.py:3877] len(Hs) = 8100, len(Ss) = 8100, len(Vs) = 8100
[20180923_062629 / lib_ip.py:3910] yellow : variance --> out of range (variance = 3.159 / upper = 0.650 / lower = 0.000)
[20180923_062629 / lib_ip.py:3794] file = img.20180923_062626.2018-09-22_17-40-31_000.jpg.3.png / val_Average = 106.1581	val_Variance = 3.1593	sd = 1.7774	max = 114	min = 102
[20180923_062629 / lib_ip.py:3977] len(Hs) = 8100, len(Ss) = 8100, len(Vs) = 8100
[20180923_062629 / lib_ip.py:4023] red : variance --> out of range (variance = 3.159 / upper = 0.430 / lower = 0.000)
[20180923_062629 / lib_ip.py:3794] file = img.20180923_062626.2018-09-22_17-40-31_000.jpg.3.png / val_Average = 106.1581	val_Variance = 3.1593	sd = 1.7774	max = 114	min = 102
[20180923_062629 / lib_ip.py:4090] len(Hs) = 8100, len(Ss) = 8100, len(Vs) = 8100
[20180923_062629 / lib_ip.py:4137] green : variance --> out of range (variance = 3.159 / upper = 0.750 / lower = 0.000)
[20180923_062629 / lib_ip.py:3794] file = img.20180923_062626.2018-09-22_17-40-31_000.jpg.3.png / val_Average = 106.1581	val_Variance = 3.1593	sd = 1.7774	max = 114	min = 102
[20180923_062630 / lib_ip.py:4204] len(Hs) = 8100, len(Ss) = 8100, len(Vs) = 8100
[20180923_062630 / lib_ip.py:4248] black : variance --> out of range (variance = 3.159 / upper = 0.000 / lower = 0.000)
[20180923_062630 / lib_ip.py:4398] file : img.20180923_062626.2018-09-22_17-40-31_000.jpg.3.png 2 (black : variance --> out of range (variance = 3.159 / upper = 0.000 / lower = 0.000))
[20180923_062630 / lib_ip.py:2273] inspecting ===> img.20180923_062626.2018-09-22_17-40-31_000.jpg.4.png
[20180923_062630 / lib_ip.py:4330] 
img.20180923_062626.2018-09-22_17-40-31_000.jpg.4.png 3
[20180923_062630 / lib_ip.py:3794] file = img.20180923_062626.2018-09-22_17-40-31_000.jpg.4.png / val_Average = 120.2889	val_Variance = 0.2333	sd = 0.4830	max = 121	min = 119
[20180923_062630 / lib_ip.py:3877] len(Hs) = 8100, len(Ss) = 8100, len(Vs) = 8100
[20180923_062630 / lib_ip.py:3932] yellow : average --> out of range (average = 120.289 / upper = 99.200 / lower = 88.000)
[20180923_062630 / lib_ip.py:3794] file = img.20180923_062626.2018-09-22_17-40-31_000.jpg.4.png / val_Average = 120.2889	val_Variance = 0.2333	sd = 0.4830	max = 121	min = 119
[20180923_062630 / lib_ip.py:3977] len(Hs) = 8100, len(Ss) = 8100, len(Vs) = 8100
[20180923_062630 / lib_ip.py:2273] inspecting ===> img.20180923_062626.2018-09-22_17-40-31_000.jpg.4.png
img.20180923_062626.2018-09-22_17-40-31_000.jpg.1.png => other
img.20180923_062626.2018-09-22_17-40-31_000.jpg.2.png => other
img.20180923_062626.2018-09-22_17-40-31_000.jpg.3.png => other
img.20180923_062626.2018-09-22_17-40-31_000.jpg.4.png => other
[20180923_062630 lib_ip.py:3300] =============== Get 4 corners
dpath_Images = C:\WORKS_2\WS\WS_Others.Art\JVEMV6\46_art\VIRTUAL\Admin_Projects\ip\images
fname_Image = img.20180923_062626.2018-09-22_17-40-31_000.jpg.4.png

[20180923_062631 / lib_ip.py:2273] inspecting ===> img.20180923_062631.2018-09-22_20-12-56_000.jpg.1.png
[20180923_062631 / lib_ip.py:4330] 
img.20180923_062631.2018-09-22_20-12-56_000.jpg.1.png 0
[20180923_062631 / lib_ip.py:3794] file = img.20180923_062631.2018-09-22_20-12-56_000.jpg.1.png / val_Average = 43.6863	val_Variance = 1857.1859	sd = 43.0951	max = 135	min = 0
[20180923_062631 / lib_ip.py:3877] len(Hs) = 8100, len(Ss) = 8100, len(Vs) = 8100
[20180923_062632 / lib_ip.py:3910] yellow : variance --> out of range (variance = 1857.186 / upper = 0.650 / lower = 0.000)
[20180923_062632 / lib_ip.py:3794] file = img.20180923_062631.2018-09-22_20-12-56_000.jpg.1.png / val_Average = 43.6863	val_Variance = 1857.1859	sd = 43.0951	max = 135	min = 0
[20180923_062632 / lib_ip.py:3977] len(Hs) = 8100, len(Ss) = 8100, len(Vs) = 8100
[20180923_062632 / lib_ip.py:4023] red : variance --> out of range (variance = 1857.186 / upper = 0.430 / lower = 0.000)
[20180923_062632 / lib_ip.py:3794] file = img.20180923_062631.2018-09-22_20-12-56_000.jpg.1.png / val_Average = 43.6863	val_Variance = 1857.1859	sd = 43.0951	max = 135	min = 0
[20180923_062632 / lib_ip.py:4090] len(Hs) = 8100, len(Ss) = 8100, len(Vs) = 8100
[20180923_062632 / lib_ip.py:4137] green : variance --> out of range (variance = 1857.186 / upper = 0.750 / lower = 0.000)
[20180923_062632 / lib_ip.py:3794] file = img.20180923_062631.2018-09-22_20-12-56_000.jpg.1.png / val_Average = 43.6863	val_Variance = 1857.1859	sd = 43.0951	max = 135	min = 0
[20180923_062632 / lib_ip.py:4204] len(Hs) = 8100, len(Ss) = 8100, len(Vs) = 8100
[20180923_062632 / lib_ip.py:4248] black : variance --> out of range (variance = 1857.186 / upper = 0.000 / lower = 0.000)
[20180923_062632 / lib_ip.py:4398] file : img.20180923_062631.2018-09-22_20-12-56_000.jpg.1.png 0 (black : variance --> out of range (variance = 1857.186 / upper = 0.000 / lower = 0.000))
[20180923_062632 / lib_ip.py:2273] inspecting ===> img.20180923_062631.2018-09-22_20-12-56_000.jpg.2.png
[20180923_062633 / lib_ip.py:4330] 
img.20180923_062631.2018-09-22_20-12-56_000.jpg.2.png 1
[20180923_062633 / lib_ip.py:3794] file = img.20180923_062631.2018-09-22_20-12-56_000.jpg.2.png / val_Average = 89.9543	val_Variance = 0.0633	sd = 0.2517	max = 91	min = 89
[20180923_062633 / lib_ip.py:3877] len(Hs) = 8100, len(Ss) = 8100, len(Vs) = 8100
[20180923_062633 / lib_ip.py:2273] inspecting ===> img.20180923_062631.2018-09-22_20-12-56_000.jpg.3.png
[20180923_062633 / lib_ip.py:4330] 
img.20180923_062631.2018-09-22_20-12-56_000.jpg.3.png 2
[20180923_062633 / lib_ip.py:3794] file = img.20180923_062631.2018-09-22_20-12-56_000.jpg.3.png / val_Average = 44.0777	val_Variance = 1768.4020	sd = 42.0524	max = 135	min = 0
[20180923_062633 / lib_ip.py:3877] len(Hs) = 8100, len(Ss) = 8100, len(Vs) = 8100
[20180923_062633 / lib_ip.py:3910] yellow : variance --> out of range (variance = 1768.402 / upper = 0.650 / lower = 0.000)
[20180923_062633 / lib_ip.py:3794] file = img.20180923_062631.2018-09-22_20-12-56_000.jpg.3.png / val_Average = 44.0777	val_Variance = 1768.4020	sd = 42.0524	max = 135	min = 0
[20180923_062633 / lib_ip.py:3977] len(Hs) = 8100, len(Ss) = 8100, len(Vs) = 8100
[20180923_062633 / lib_ip.py:4023] red : variance --> out of range (variance = 1768.402 / upper = 0.430 / lower = 0.000)
[20180923_062633 / lib_ip.py:3794] file = img.20180923_062631.2018-09-22_20-12-56_000.jpg.3.png / val_Average = 44.0777	val_Variance = 1768.4020	sd = 42.0524	max = 135	min = 0
[20180923_062634 / lib_ip.py:4090] len(Hs) = 8100, len(Ss) = 8100, len(Vs) = 8100
[20180923_062634 / lib_ip.py:4137] green : variance --> out of range (variance = 1768.402 / upper = 0.750 / lower = 0.000)
[20180923_062634 / lib_ip.py:3794] file = img.20180923_062631.2018-09-22_20-12-56_000.jpg.3.png / val_Average = 44.0777	val_Variance = 1768.4020	sd = 42.0524	max = 135	min = 0
[20180923_062634 / lib_ip.py:4204] len(Hs) = 8100, len(Ss) = 8100, len(Vs) = 8100
[20180923_062634 / lib_ip.py:4248] black : variance --> out of range (variance = 1768.402 / upper = 0.000 / lower = 0.000)
[20180923_062634 / lib_ip.py:4398] file : img.20180923_062631.2018-09-22_20-12-56_000.jpg.3.png 2 (black : variance --> out of range (variance = 1768.402 / upper = 0.000 / lower = 0.000))
[20180923_062634 / lib_ip.py:2273] inspecting ===> img.20180923_062631.2018-09-22_20-12-56_000.jpg.4.png
[20180923_062634 / lib_ip.py:4330] 
img.20180923_062631.2018-09-22_20-12-56_000.jpg.4.png 3
[20180923_062635 / lib_ip.py:3794] file = img.20180923_062631.2018-09-22_20-12-56_000.jpg.4.png / val_Average = 42.8479	val_Variance = 1812.6998	sd = 42.5758	max = 135	min = 0
[20180923_062635 / lib_ip.py:3877] len(Hs) = 8100, len(Ss) = 8100, len(Vs) = 8100
[20180923_062635 / lib_ip.py:3910] yellow : variance --> out of range (variance = 1812.700 / upper = 0.650 / lower = 0.000)
[20180923_062635 / lib_ip.py:3794] file = img.20180923_062631.2018-09-22_20-12-56_000.jpg.4.png / val_Average = 42.8479	val_Variance = 1812.6998	sd = 42.5758	max = 135	min = 0
[20180923_062635 / lib_ip.py:3977] len(Hs) = 8100, len(Ss) = 8100, len(Vs) = 8100
[20180923_062635 / lib_ip.py:4023] red : variance --> out of range (variance = 1812.700 / upper = 0.430 / lower = 0.000)
[20180923_062635 / lib_ip.py:3794] file = img.20180923_062631.2018-09-22_20-12-56_000.jpg.4.png / val_Average = 42.8479	val_Variance = 1812.6998	sd = 42.5758	max = 135	min = 0
[20180923_062635 / lib_ip.py:4090] len(Hs) = 8100, len(Ss) = 8100, len(Vs) = 8100
[20180923_062635 / lib_ip.py:4137] green : variance --> out of range (variance = 1812.700 / upper = 0.750 / lower = 0.000)
[20180923_062635 / lib_ip.py:3794] file = img.20180923_062631.2018-09-22_20-12-56_000.jpg.4.png / val_Average = 42.8479	val_Variance = 1812.6998	sd = 42.5758	max = 135	min = 0
[20180923_062635 / lib_ip.py:4204] len(Hs) = 8100, len(Ss) = 8100, len(Vs) = 8100
[20180923_062635 / lib_ip.py:4248] black : variance --> out of range (variance = 1812.700 / upper = 0.000 / lower = 0.000)
[20180923_062635 / lib_ip.py:4398] file : img.20180923_062631.2018-09-22_20-12-56_000.jpg.4.png 3 (black : variance --> out of range (variance = 1812.700 / upper = 0.000 / lower = 0.000))
[20180923_062634 / lib_ip.py:2273] inspecting ===> img.20180923_062631.2018-09-22_20-12-56_000.jpg.4.png
img.20180923_062631.2018-09-22_20-12-56_000.jpg.1.png => other
img.20180923_062631.2018-09-22_20-12-56_000.jpg.2.png => other
img.20180923_062631.2018-09-22_20-12-56_000.jpg.3.png => other
img.20180923_062631.2018-09-22_20-12-56_000.jpg.4.png => other
[20180923_062635 lib_ip.py:3300] =============== Get 4 corners
dpath_Images = C:\WORKS_2\WS\WS_Others.Art\JVEMV6\46_art\VIRTUAL\Admin_Projects\ip\images
fname_Image = img.20180923_062631.2018-09-22_20-12-56_000.jpg.4.png

[20180923_062636 / lib_ip.py:2273] inspecting ===> img.20180923_062636.2018-09-22_20-13-18_000.jpg.1.png
[20180923_062636 / lib_ip.py:4330] 
img.20180923_062636.2018-09-22_20-13-18_000.jpg.1.png 0
[20180923_062636 / lib_ip.py:3794] file = img.20180923_062636.2018-09-22_20-13-18_000.jpg.1.png / val_Average = 50.3216	val_Variance = 1817.1851	sd = 42.6285	max = 135	min = 0
[20180923_062636 / lib_ip.py:3877] len(Hs) = 8100, len(Ss) = 8100, len(Vs) = 8100
[20180923_062636 / lib_ip.py:3910] yellow : variance --> out of range (variance = 1817.185 / upper = 0.650 / lower = 0.000)
[20180923_062637 / lib_ip.py:3794] file = img.20180923_062636.2018-09-22_20-13-18_000.jpg.1.png / val_Average = 50.3216	val_Variance = 1817.1851	sd = 42.6285	max = 135	min = 0
[20180923_062637 / lib_ip.py:3977] len(Hs) = 8100, len(Ss) = 8100, len(Vs) = 8100
[20180923_062637 / lib_ip.py:4023] red : variance --> out of range (variance = 1817.185 / upper = 0.430 / lower = 0.000)
[20180923_062637 / lib_ip.py:3794] file = img.20180923_062636.2018-09-22_20-13-18_000.jpg.1.png / val_Average = 50.3216	val_Variance = 1817.1851	sd = 42.6285	max = 135	min = 0
[20180923_062637 / lib_ip.py:4090] len(Hs) = 8100, len(Ss) = 8100, len(Vs) = 8100
[20180923_062637 / lib_ip.py:4137] green : variance --> out of range (variance = 1817.185 / upper = 0.750 / lower = 0.000)
[20180923_062637 / lib_ip.py:3794] file = img.20180923_062636.2018-09-22_20-13-18_000.jpg.1.png / val_Average = 50.3216	val_Variance = 1817.1851	sd = 42.6285	max = 135	min = 0
[20180923_062637 / lib_ip.py:4204] len(Hs) = 8100, len(Ss) = 8100, len(Vs) = 8100
[20180923_062637 / lib_ip.py:4248] black : variance --> out of range (variance = 1817.185 / upper = 0.000 / lower = 0.000)
[20180923_062637 / lib_ip.py:4398] file : img.20180923_062636.2018-09-22_20-13-18_000.jpg.1.png 0 (black : variance --> out of range (variance = 1817.185 / upper = 0.000 / lower = 0.000))
[20180923_062637 / lib_ip.py:2273] inspecting ===> img.20180923_062636.2018-09-22_20-13-18_000.jpg.2.png
[20180923_062637 / lib_ip.py:4330] 
img.20180923_062636.2018-09-22_20-13-18_000.jpg.2.png 1
[20180923_062637 / lib_ip.py:3794] file = img.20180923_062636.2018-09-22_20-13-18_000.jpg.2.png / val_Average = 92.4928	val_Variance = 0.2499	sd = 0.4999	max = 93	min = 92
[20180923_062637 / lib_ip.py:3877] len(Hs) = 8100, len(Ss) = 8100, len(Vs) = 8100
[20180923_062638 / lib_ip.py:2273] inspecting ===> img.20180923_062636.2018-09-22_20-13-18_000.jpg.3.png
[20180923_062638 / lib_ip.py:4330] 
img.20180923_062636.2018-09-22_20-13-18_000.jpg.3.png 2
[20180923_062638 / lib_ip.py:3794] file = img.20180923_062636.2018-09-22_20-13-18_000.jpg.3.png / val_Average = 72.2764	val_Variance = 1191.8699	sd = 34.5235	max = 135	min = 0
[20180923_062638 / lib_ip.py:3877] len(Hs) = 8100, len(Ss) = 8100, len(Vs) = 8100
[20180923_062638 / lib_ip.py:3910] yellow : variance --> out of range (variance = 1191.870 / upper = 0.650 / lower = 0.000)
[20180923_062638 / lib_ip.py:3794] file = img.20180923_062636.2018-09-22_20-13-18_000.jpg.3.png / val_Average = 72.2764	val_Variance = 1191.8699	sd = 34.5235	max = 135	min = 0
[20180923_062638 / lib_ip.py:3977] len(Hs) = 8100, len(Ss) = 8100, len(Vs) = 8100
[20180923_062638 / lib_ip.py:4023] red : variance --> out of range (variance = 1191.870 / upper = 0.430 / lower = 0.000)
[20180923_062638 / lib_ip.py:3794] file = img.20180923_062636.2018-09-22_20-13-18_000.jpg.3.png / val_Average = 72.2764	val_Variance = 1191.8699	sd = 34.5235	max = 135	min = 0
[20180923_062638 / lib_ip.py:4090] len(Hs) = 8100, len(Ss) = 8100, len(Vs) = 8100
[20180923_062638 / lib_ip.py:4137] green : variance --> out of range (variance = 1191.870 / upper = 0.750 / lower = 0.000)
[20180923_062638 / lib_ip.py:3794] file = img.20180923_062636.2018-09-22_20-13-18_000.jpg.3.png / val_Average = 72.2764	val_Variance = 1191.8699	sd = 34.5235	max = 135	min = 0
[20180923_062638 / lib_ip.py:4204] len(Hs) = 8100, len(Ss) = 8100, len(Vs) = 8100
[20180923_062638 / lib_ip.py:4248] black : variance --> out of range (variance = 1191.870 / upper = 0.000 / lower = 0.000)
[20180923_062638 / lib_ip.py:4398] file : img.20180923_062636.2018-09-22_20-13-18_000.jpg.3.png 2 (black : variance --> out of range (variance = 1191.870 / upper = 0.000 / lower = 0.000))
[20180923_062638 / lib_ip.py:2273] inspecting ===> img.20180923_062636.2018-09-22_20-13-18_000.jpg.4.png
[20180923_062639 / lib_ip.py:4330] 
img.20180923_062636.2018-09-22_20-13-18_000.jpg.4.png 3
[20180923_062639 / lib_ip.py:3794] file = img.20180923_062636.2018-09-22_20-13-18_000.jpg.4.png / val_Average = 43.2995	val_Variance = 1273.0977	sd = 35.6805	max = 135	min = 0
[20180923_062639 / lib_ip.py:3877] len(Hs) = 8100, len(Ss) = 8100, len(Vs) = 8100
[20180923_062639 / lib_ip.py:3910] yellow : variance --> out of range (variance = 1273.098 / upper = 0.650 / lower = 0.000)
[20180923_062639 / lib_ip.py:3794] file = img.20180923_062636.2018-09-22_20-13-18_000.jpg.4.png / val_Average = 43.2995	val_Variance = 1273.0977	sd = 35.6805	max = 135	min = 0
[20180923_062639 / lib_ip.py:3977] len(Hs) = 8100, len(Ss) = 8100, len(Vs) = 8100
[20180923_062639 / lib_ip.py:4023] red : variance --> out of range (variance = 1273.098 / upper = 0.430 / lower = 0.000)
[20180923_062639 / lib_ip.py:3794] file = img.20180923_062636.2018-09-22_20-13-18_000.jpg.4.png / val_Average = 43.2995	val_Variance = 1273.0977	sd = 35.6805	max = 135	min = 0
[20180923_062639 / lib_ip.py:4090] len(Hs) = 8100, len(Ss) = 8100, len(Vs) = 8100
[20180923_062639 / lib_ip.py:4137] green : variance --> out of range (variance = 1273.098 / upper = 0.750 / lower = 0.000)
[20180923_062640 / lib_ip.py:3794] file = img.20180923_062636.2018-09-22_20-13-18_000.jpg.4.png / val_Average = 43.2995	val_Variance = 1273.0977	sd = 35.6805	max = 135	min = 0
[20180923_062640 / lib_ip.py:4204] len(Hs) = 8100, len(Ss) = 8100, len(Vs) = 8100
[20180923_062640 / lib_ip.py:4248] black : variance --> out of range (variance = 1273.098 / upper = 0.000 / lower = 0.000)
[20180923_062640 / lib_ip.py:4398] file : img.20180923_062636.2018-09-22_20-13-18_000.jpg.4.png 3 (black : variance --> out of range (variance = 1273.098 / upper = 0.000 / lower = 0.000))
[20180923_062638 / lib_ip.py:2273] inspecting ===> img.20180923_062636.2018-09-22_20-13-18_000.jpg.4.png
img.20180923_062636.2018-09-22_20-13-18_000.jpg.1.png => other
img.20180923_062636.2018-09-22_20-13-18_000.jpg.2.png => yellow
img.20180923_062636.2018-09-22_20-13-18_000.jpg.3.png => other
img.20180923_062636.2018-09-22_20-13-18_000.jpg.4.png => other
[20180923_062640 lib_ip.py:3300] =============== Get 4 corners
dpath_Images = C:\WORKS_2\WS\WS_Others.Art\JVEMV6\46_art\VIRTUAL\Admin_Projects\ip\images
fname_Image = img.20180923_062636.2018-09-22_20-13-18_000.jpg.4.png

[20180923_062640 / lib_ip.py:2273] inspecting ===> img.20180923_062640.2018-09-23_00-16-45_000.jpg.1.png
[20180923_062640 / lib_ip.py:4330] 
img.20180923_062640.2018-09-23_00-16-45_000.jpg.1.png 0
[20180923_062640 / lib_ip.py:3794] file = img.20180923_062640.2018-09-23_00-16-45_000.jpg.1.png / val_Average = 104.2890	val_Variance = 2.3312	sd = 1.5268	max = 109	min = 99
[20180923_062641 / lib_ip.py:3877] len(Hs) = 8100, len(Ss) = 8100, len(Vs) = 8100
[20180923_062641 / lib_ip.py:3910] yellow : variance --> out of range (variance = 2.331 / upper = 0.650 / lower = 0.000)
[20180923_062641 / lib_ip.py:3794] file = img.20180923_062640.2018-09-23_00-16-45_000.jpg.1.png / val_Average = 104.2890	val_Variance = 2.3312	sd = 1.5268	max = 109	min = 99
[20180923_062641 / lib_ip.py:3977] len(Hs) = 8100, len(Ss) = 8100, len(Vs) = 8100
[20180923_062641 / lib_ip.py:4023] red : variance --> out of range (variance = 2.331 / upper = 0.430 / lower = 0.000)
[20180923_062641 / lib_ip.py:3794] file = img.20180923_062640.2018-09-23_00-16-45_000.jpg.1.png / val_Average = 104.2890	val_Variance = 2.3312	sd = 1.5268	max = 109	min = 99
[20180923_062641 / lib_ip.py:4090] len(Hs) = 8100, len(Ss) = 8100, len(Vs) = 8100
[20180923_062641 / lib_ip.py:4137] green : variance --> out of range (variance = 2.331 / upper = 0.750 / lower = 0.000)
[20180923_062641 / lib_ip.py:3794] file = img.20180923_062640.2018-09-23_00-16-45_000.jpg.1.png / val_Average = 104.2890	val_Variance = 2.3312	sd = 1.5268	max = 109	min = 99
[20180923_062641 / lib_ip.py:4204] len(Hs) = 8100, len(Ss) = 8100, len(Vs) = 8100
[20180923_062641 / lib_ip.py:4248] black : variance --> out of range (variance = 2.331 / upper = 0.000 / lower = 0.000)
[20180923_062641 / lib_ip.py:4398] file : img.20180923_062640.2018-09-23_00-16-45_000.jpg.1.png 0 (black : variance --> out of range (variance = 2.331 / upper = 0.000 / lower = 0.000))
[20180923_062641 / lib_ip.py:2273] inspecting ===> img.20180923_062640.2018-09-23_00-16-45_000.jpg.2.png
[20180923_062642 / lib_ip.py:4330] 
img.20180923_062640.2018-09-23_00-16-45_000.jpg.2.png 1
[20180923_062642 / lib_ip.py:3794] file = img.20180923_062640.2018-09-23_00-16-45_000.jpg.2.png / val_Average = 104.1988	val_Variance = 8.2205	sd = 2.8671	max = 114	min = 100
[20180923_062642 / lib_ip.py:3877] len(Hs) = 8100, len(Ss) = 8100, len(Vs) = 8100
[20180923_062642 / lib_ip.py:3910] yellow : variance --> out of range (variance = 8.220 / upper = 0.650 / lower = 0.000)
[20180923_062642 / lib_ip.py:3794] file = img.20180923_062640.2018-09-23_00-16-45_000.jpg.2.png / val_Average = 104.1988	val_Variance = 8.2205	sd = 2.8671	max = 114	min = 100
[20180923_062642 / lib_ip.py:3977] len(Hs) = 8100, len(Ss) = 8100, len(Vs) = 8100
[20180923_062642 / lib_ip.py:4023] red : variance --> out of range (variance = 8.220 / upper = 0.430 / lower = 0.000)
[20180923_062642 / lib_ip.py:3794] file = img.20180923_062640.2018-09-23_00-16-45_000.jpg.2.png / val_Average = 104.1988	val_Variance = 8.2205	sd = 2.8671	max = 114	min = 100
[20180923_062642 / lib_ip.py:4090] len(Hs) = 8100, len(Ss) = 8100, len(Vs) = 8100
[20180923_062642 / lib_ip.py:4137] green : variance --> out of range (variance = 8.220 / upper = 0.750 / lower = 0.000)
[20180923_062642 / lib_ip.py:3794] file = img.20180923_062640.2018-09-23_00-16-45_000.jpg.2.png / val_Average = 104.1988	val_Variance = 8.2205	sd = 2.8671	max = 114	min = 100
[20180923_062642 / lib_ip.py:4204] len(Hs) = 8100, len(Ss) = 8100, len(Vs) = 8100
[20180923_062642 / lib_ip.py:4248] black : variance --> out of range (variance = 8.220 / upper = 0.000 / lower = 0.000)
[20180923_062642 / lib_ip.py:4398] file : img.20180923_062640.2018-09-23_00-16-45_000.jpg.2.png 1 (black : variance --> out of range (variance = 8.220 / upper = 0.000 / lower = 0.000))
[20180923_062643 / lib_ip.py:2273] inspecting ===> img.20180923_062640.2018-09-23_00-16-45_000.jpg.3.png
[20180923_062643 / lib_ip.py:4330] 
img.20180923_062640.2018-09-23_00-16-45_000.jpg.3.png 2
[20180923_062643 / lib_ip.py:3794] file = img.20180923_062640.2018-09-23_00-16-45_000.jpg.3.png / val_Average = 89.1884	val_Variance = 28.9890	sd = 5.3841	max = 112	min = 77
[20180923_062643 / lib_ip.py:3877] len(Hs) = 8100, len(Ss) = 8100, len(Vs) = 8100
[20180923_062643 / lib_ip.py:3910] yellow : variance --> out of range (variance = 28.989 / upper = 0.650 / lower = 0.000)
[20180923_062643 / lib_ip.py:3794] file = img.20180923_062640.2018-09-23_00-16-45_000.jpg.3.png / val_Average = 89.1884	val_Variance = 28.9890	sd = 5.3841	max = 112	min = 77
[20180923_062643 / lib_ip.py:3977] len(Hs) = 8100, len(Ss) = 8100, len(Vs) = 8100
[20180923_062643 / lib_ip.py:4023] red : variance --> out of range (variance = 28.989 / upper = 0.430 / lower = 0.000)
[20180923_062643 / lib_ip.py:3794] file = img.20180923_062640.2018-09-23_00-16-45_000.jpg.3.png / val_Average = 89.1884	val_Variance = 28.9890	sd = 5.3841	max = 112	min = 77
[20180923_062643 / lib_ip.py:4090] len(Hs) = 8100, len(Ss) = 8100, len(Vs) = 8100
[20180923_062643 / lib_ip.py:4137] green : variance --> out of range (variance = 28.989 / upper = 0.750 / lower = 0.000)
[20180923_062643 / lib_ip.py:3794] file = img.20180923_062640.2018-09-23_00-16-45_000.jpg.3.png / val_Average = 89.1884	val_Variance = 28.9890	sd = 5.3841	max = 112	min = 77
[20180923_062643 / lib_ip.py:4204] len(Hs) = 8100, len(Ss) = 8100, len(Vs) = 8100
[20180923_062644 / lib_ip.py:4248] black : variance --> out of range (variance = 28.989 / upper = 0.000 / lower = 0.000)
[20180923_062644 / lib_ip.py:4398] file : img.20180923_062640.2018-09-23_00-16-45_000.jpg.3.png 2 (black : variance --> out of range (variance = 28.989 / upper = 0.000 / lower = 0.000))
[20180923_062644 / lib_ip.py:2273] inspecting ===> img.20180923_062640.2018-09-23_00-16-45_000.jpg.4.png
[20180923_062644 / lib_ip.py:4330] 
img.20180923_062640.2018-09-23_00-16-45_000.jpg.4.png 3
[20180923_062644 / lib_ip.py:3794] file = img.20180923_062640.2018-09-23_00-16-45_000.jpg.4.png / val_Average = 73.7200	val_Variance = 327.7799	sd = 18.1047	max = 102	min = 55
[20180923_062644 / lib_ip.py:3877] len(Hs) = 8100, len(Ss) = 8100, len(Vs) = 8100
[20180923_062644 / lib_ip.py:3910] yellow : variance --> out of range (variance = 327.780 / upper = 0.650 / lower = 0.000)
[20180923_062644 / lib_ip.py:3794] file = img.20180923_062640.2018-09-23_00-16-45_000.jpg.4.png / val_Average = 73.7200	val_Variance = 327.7799	sd = 18.1047	max = 102	min = 55
[20180923_062644 / lib_ip.py:3977] len(Hs) = 8100, len(Ss) = 8100, len(Vs) = 8100
[20180923_062644 / lib_ip.py:4023] red : variance --> out of range (variance = 327.780 / upper = 0.430 / lower = 0.000)
[20180923_062645 / lib_ip.py:3794] file = img.20180923_062640.2018-09-23_00-16-45_000.jpg.4.png / val_Average = 73.7200	val_Variance = 327.7799	sd = 18.1047	max = 102	min = 55
[20180923_062645 / lib_ip.py:4090] len(Hs) = 8100, len(Ss) = 8100, len(Vs) = 8100
[20180923_062645 / lib_ip.py:4137] green : variance --> out of range (variance = 327.780 / upper = 0.750 / lower = 0.000)
[20180923_062645 / lib_ip.py:3794] file = img.20180923_062640.2018-09-23_00-16-45_000.jpg.4.png / val_Average = 73.7200	val_Variance = 327.7799	sd = 18.1047	max = 102	min = 55
[20180923_062645 / lib_ip.py:4204] len(Hs) = 8100, len(Ss) = 8100, len(Vs) = 8100
[20180923_062645 / lib_ip.py:4248] black : variance --> out of range (variance = 327.780 / upper = 0.000 / lower = 0.000)
[20180923_062645 / lib_ip.py:4398] file : img.20180923_062640.2018-09-23_00-16-45_000.jpg.4.png 3 (black : variance --> out of range (variance = 327.780 / upper = 0.000 / lower = 0.000))
[20180923_062644 / lib_ip.py:2273] inspecting ===> img.20180923_062640.2018-09-23_00-16-45_000.jpg.4.png
img.20180923_062640.2018-09-23_00-16-45_000.jpg.1.png => other
img.20180923_062640.2018-09-23_00-16-45_000.jpg.2.png => other
img.20180923_062640.2018-09-23_00-16-45_000.jpg.3.png => other
img.20180923_062640.2018-09-23_00-16-45_000.jpg.4.png => other
[20180923_062645 lib_ip.py:3300] =============== Get 4 corners
dpath_Images = C:\WORKS_2\WS\WS_Others.Art\JVEMV6\46_art\VIRTUAL\Admin_Projects\ip\images
fname_Image = img.20180923_062640.2018-09-23_00-16-45_000.jpg.4.png

[20180923_062645 / views.py:1029] gen csv => complete (20180923_062645)(elapsed = 78.507 sec / 14 files / 5.608 sec per file)
1)	2018-09-22_09-20-23_000.jpg => 	other other yellow other 
2)	2018-09-22_12-13-49_000.jpg => 	green other red other 
3)	2018-09-22_12-15-00_000.jpg => 	red green other other 
4)	2018-09-22_12-40-35_000.jpg => 	green other green other 
5)	2018-09-22_14-30-50_000.jpg => 	other other other other 
6)	2018-09-22_14-34-01_000.jpg => 	other green other red 
7)	2018-09-22_14-55-32_000.jpg => 	green green other other 
8)	2018-09-22_16-35-29_000.jpg => 	other other green red 
9)	2018-09-22_16-36-03_000.jpg => 	other other green red 
10)	2018-09-22_16-36-19_000.jpg => 	other other green red 
11)	2018-09-22_17-40-31_000.jpg => 	other other other red 
12)	2018-09-22_20-12-56_000.jpg => 	other yellow other other 
13)	2018-09-22_20-13-18_000.jpg => 	other yellow other other 
14)	2018-09-23_00-16-45_000.jpg => 	other other other other 
[20180923_062645 / views.py:1415] lo_ColorName_Set__Modified_2 =>
1)	2018-09-22_09-20-23_000.jpg => 	o o o y 
2)	2018-09-22_12-13-49_000.jpg => 	g o o r 
3)	2018-09-22_12-15-00_000.jpg => 	g o o r 
4)	2018-09-22_12-40-35_000.jpg => 	g g o o 
5)	2018-09-22_14-30-50_000.jpg => 	o o o o 
6)	2018-09-22_14-34-01_000.jpg => 	g o o r 
7)	2018-09-22_14-55-32_000.jpg => 	g g o o 
8)	2018-09-22_16-35-29_000.jpg => 	g o o r 
9)	2018-09-22_16-36-03_000.jpg => 	g o o r 
10)	2018-09-22_16-36-19_000.jpg => 	g o o r 
11)	2018-09-22_17-40-31_000.jpg => 	o o o r 
12)	2018-09-22_20-12-56_000.jpg => 	o o o y 
13)	2018-09-22_20-13-18_000.jpg => 	o o o y 
14)	2018-09-23_00-16-45_000.jpg => 	o o o o 
[20180923_062647 / views.py:1526] gen_Cake_CSV(request) ==> ending... =======================//

