[20190129_062128 / views.py:1814] gen_Cake_CSV(request) ==> starting... =======================
[20190129_062130 / lib_ip.py:2274] inspecting ===> img.20190129_062130.2019-01-28_06-40-51_000.jpg.1.png
[20190129_062130 / lib_ip.py:4399] 
img.20190129_062130.2019-01-28_06-40-51_000.jpg.1.png 0 ---------------------
[20190129_062130 / lib_ip.py:3753] file = img.20190129_062130.2019-01-28_06-40-51_000.jpg.1.png / val_Average = 76.0884	val_Variance = 0.1682	sd = 0.4102	max = 77	min = 75
[20190129_062130 / lib_ip.py:3836] len(Hs) = 8100, len(Ss) = 8100, len(Vs) = 8100
[20190129_062130 / lib_ip.py:3891] yellow : average --> out of range (average = 76.088 / upper = 99.200 / lower = 85.500)
[20190129_062130 / lib_ip.py:3753] file = img.20190129_062130.2019-01-28_06-40-51_000.jpg.1.png / val_Average = 76.0884	val_Variance = 0.1682	sd = 0.4102	max = 77	min = 75
[20190129_062130 / lib_ip.py:3936] len(Hs) = 8100, len(Ss) = 8100, len(Vs) = 8100
[20190129_062130 / lib_ip.py:4007] red : average --> out of range (average = 76.088 / upper = 124.000 / lower = 115.000)
[20190129_062131 / lib_ip.py:3753] file = img.20190129_062130.2019-01-28_06-40-51_000.jpg.1.png / val_Average = 76.0884	val_Variance = 0.1682	sd = 0.4102	max = 77	min = 75
[20190129_062131 / lib_ip.py:4052] len(Hs) = 8100, len(Ss) = 8100, len(Vs) = 8100
[20190129_062131 / lib_ip.py:2274] inspecting ===> img.20190129_062130.2019-01-28_06-40-51_000.jpg.2.png
[20190129_062131 / lib_ip.py:4399] 
img.20190129_062130.2019-01-28_06-40-51_000.jpg.2.png 1 ---------------------
[20190129_062131 / lib_ip.py:3753] file = img.20190129_062130.2019-01-28_06-40-51_000.jpg.2.png / val_Average = 75.9790	val_Variance = 0.0514	sd = 0.2267	max = 77	min = 75
[20190129_062131 / lib_ip.py:3836] len(Hs) = 8100, len(Ss) = 8100, len(Vs) = 8100
[20190129_062131 / lib_ip.py:3891] yellow : average --> out of range (average = 75.979 / upper = 99.200 / lower = 85.500)
[20190129_062131 / lib_ip.py:3753] file = img.20190129_062130.2019-01-28_06-40-51_000.jpg.2.png / val_Average = 75.9790	val_Variance = 0.0514	sd = 0.2267	max = 77	min = 75
[20190129_062131 / lib_ip.py:3936] len(Hs) = 8100, len(Ss) = 8100, len(Vs) = 8100
[20190129_062131 / lib_ip.py:4007] red : average --> out of range (average = 75.979 / upper = 124.000 / lower = 115.000)
[20190129_062131 / lib_ip.py:3753] file = img.20190129_062130.2019-01-28_06-40-51_000.jpg.2.png / val_Average = 75.9790	val_Variance = 0.0514	sd = 0.2267	max = 77	min = 75
[20190129_062131 / lib_ip.py:4052] len(Hs) = 8100, len(Ss) = 8100, len(Vs) = 8100
[20190129_062131 / lib_ip.py:2274] inspecting ===> img.20190129_062130.2019-01-28_06-40-51_000.jpg.3.png
[20190129_062131 / lib_ip.py:4399] 
img.20190129_062130.2019-01-28_06-40-51_000.jpg.3.png 2 ---------------------
[20190129_062132 / lib_ip.py:3753] file = img.20190129_062130.2019-01-28_06-40-51_000.jpg.3.png / val_Average = 79.8344	val_Variance = 155.0665	sd = 12.4526	max = 114	min = 0
[20190129_062132 / lib_ip.py:3836] len(Hs) = 8100, len(Ss) = 8100, len(Vs) = 8100
[20190129_062132 / lib_ip.py:3869] yellow : variance --> out of range (variance = 155.067 / upper = 0.650 / lower = 0.000)
[20190129_062132 / lib_ip.py:3753] file = img.20190129_062130.2019-01-28_06-40-51_000.jpg.3.png / val_Average = 79.8344	val_Variance = 155.0665	sd = 12.4526	max = 114	min = 0
[20190129_062132 / lib_ip.py:3936] len(Hs) = 8100, len(Ss) = 8100, len(Vs) = 8100
[20190129_062132 / lib_ip.py:3982] red : variance --> out of range (variance = 155.067 / upper = 0.430 / lower = 0.000)
[20190129_062132 / lib_ip.py:3753] file = img.20190129_062130.2019-01-28_06-40-51_000.jpg.3.png / val_Average = 79.8344	val_Variance = 155.0665	sd = 12.4526	max = 114	min = 0
[20190129_062132 / lib_ip.py:4052] len(Hs) = 8100, len(Ss) = 8100, len(Vs) = 8100
[20190129_062132 / lib_ip.py:4099] green : variance --> out of range (variance = 155.067 / upper = 0.760 / lower = 0.000)
[20190129_062132 / lib_ip.py:3753] file = img.20190129_062130.2019-01-28_06-40-51_000.jpg.3.png / val_Average = 79.8344	val_Variance = 155.0665	sd = 12.4526	max = 114	min = 0
[20190129_062132 / lib_ip.py:4169] len(Hs) = 8100, len(Ss) = 8100, len(Vs) = 8100
[20190129_062132 / lib_ip.py:4208] blue : variance --> out of range (variance = 155.067 / upper = 0.930 / lower = 0.010)
[20190129_062132 / lib_ip.py:3753] file = img.20190129_062130.2019-01-28_06-40-51_000.jpg.3.png / val_Average = 79.8344	val_Variance = 155.0665	sd = 12.4526	max = 114	min = 0
[20190129_062132 / lib_ip.py:4272] len(Hs) = 8100, len(Ss) = 8100, len(Vs) = 8100
[20190129_062132 / lib_ip.py:4316] black : variance --> out of range (variance = 155.067 / upper = 0.000 / lower = 0.000)
[20190129_062132 / lib_ip.py:4477] file : img.20190129_062130.2019-01-28_06-40-51_000.jpg.3.png 2 (black : variance --> out of range (variance = 155.067 / upper = 0.000 / lower = 0.000))
[20190129_062132 / lib_ip.py:2274] inspecting ===> img.20190129_062130.2019-01-28_06-40-51_000.jpg.4.png
[20190129_062133 / lib_ip.py:4399] 
img.20190129_062130.2019-01-28_06-40-51_000.jpg.4.png 3 ---------------------
[20190129_062133 / lib_ip.py:3753] file = img.20190129_062130.2019-01-28_06-40-51_000.jpg.4.png / val_Average = 105.0080	val_Variance = 0.9240	sd = 0.9613	max = 120	min = 101
[20190129_062133 / lib_ip.py:3836] len(Hs) = 8100, len(Ss) = 8100, len(Vs) = 8100
[20190129_062133 / lib_ip.py:3869] yellow : variance --> out of range (variance = 0.924 / upper = 0.650 / lower = 0.000)
[20190129_062133 / lib_ip.py:3753] file = img.20190129_062130.2019-01-28_06-40-51_000.jpg.4.png / val_Average = 105.0080	val_Variance = 0.9240	sd = 0.9613	max = 120	min = 101
[20190129_062133 / lib_ip.py:3936] len(Hs) = 8100, len(Ss) = 8100, len(Vs) = 8100
[20190129_062133 / lib_ip.py:3982] red : variance --> out of range (variance = 0.924 / upper = 0.430 / lower = 0.000)
[20190129_062133 / lib_ip.py:3753] file = img.20190129_062130.2019-01-28_06-40-51_000.jpg.4.png / val_Average = 105.0080	val_Variance = 0.9240	sd = 0.9613	max = 120	min = 101
[20190129_062133 / lib_ip.py:4052] len(Hs) = 8100, len(Ss) = 8100, len(Vs) = 8100
[20190129_062133 / lib_ip.py:4099] green : variance --> out of range (variance = 0.924 / upper = 0.760 / lower = 0.000)
[20190129_062133 / lib_ip.py:3753] file = img.20190129_062130.2019-01-28_06-40-51_000.jpg.4.png / val_Average = 105.0080	val_Variance = 0.9240	sd = 0.9613	max = 120	min = 101
[20190129_062133 / lib_ip.py:4169] len(Hs) = 8100, len(Ss) = 8100, len(Vs) = 8100
[20190129_062133 / lib_ip.py:4230] blue : average --> out of range (average = 105.008 / upper = 17.000 / lower = 8.850)
[20190129_062133 / lib_ip.py:3753] file = img.20190129_062130.2019-01-28_06-40-51_000.jpg.4.png / val_Average = 105.0080	val_Variance = 0.9240	sd = 0.9613	max = 120	min = 101
[20190129_062133 / lib_ip.py:4272] len(Hs) = 8100, len(Ss) = 8100, len(Vs) = 8100
[20190129_062133 / lib_ip.py:4316] black : variance --> out of range (variance = 0.924 / upper = 0.000 / lower = 0.000)
[20190129_062133 / lib_ip.py:4477] file : img.20190129_062130.2019-01-28_06-40-51_000.jpg.4.png 3 (black : variance --> out of range (variance = 0.924 / upper = 0.000 / lower = 0.000))
[20190129_062132 / lib_ip.py:2274] inspecting ===> img.20190129_062130.2019-01-28_06-40-51_000.jpg.4.png
img.20190129_062130.2019-01-28_06-40-51_000.jpg.1.png => other
img.20190129_062130.2019-01-28_06-40-51_000.jpg.2.png => other
img.20190129_062130.2019-01-28_06-40-51_000.jpg.3.png => other
img.20190129_062130.2019-01-28_06-40-51_000.jpg.4.png => other
[20190129_062133 lib_ip.py:3301] =============== Get 4 corners
dpath_Images = C:\WORKS_2\WS\WS_Others.Art\JVEMV6\46_art\VIRTUAL\Admin_Projects\ip\images
fname_Image = img.20190129_062130.2019-01-28_06-40-51_000.jpg.4.png

[20190129_062134 / lib_ip.py:2274] inspecting ===> img.20190129_062134.2019-01-28_09-57-02_000.jpg.1.png
[20190129_062134 / lib_ip.py:4399] 
img.20190129_062134.2019-01-28_09-57-02_000.jpg.1.png 0 ---------------------
[20190129_062134 / lib_ip.py:3753] file = img.20190129_062134.2019-01-28_09-57-02_000.jpg.1.png / val_Average = 76.5863	val_Variance = 0.2623	sd = 0.5122	max = 77	min = 75
[20190129_062134 / lib_ip.py:3836] len(Hs) = 8100, len(Ss) = 8100, len(Vs) = 8100
[20190129_062134 / lib_ip.py:3891] yellow : average --> out of range (average = 76.586 / upper = 99.200 / lower = 85.500)
[20190129_062135 / lib_ip.py:3753] file = img.20190129_062134.2019-01-28_09-57-02_000.jpg.1.png / val_Average = 76.5863	val_Variance = 0.2623	sd = 0.5122	max = 77	min = 75
[20190129_062135 / lib_ip.py:3936] len(Hs) = 8100, len(Ss) = 8100, len(Vs) = 8100
[20190129_062135 / lib_ip.py:4007] red : average --> out of range (average = 76.586 / upper = 124.000 / lower = 115.000)
[20190129_062135 / lib_ip.py:3753] file = img.20190129_062134.2019-01-28_09-57-02_000.jpg.1.png / val_Average = 76.5863	val_Variance = 0.2623	sd = 0.5122	max = 77	min = 75
[20190129_062135 / lib_ip.py:4052] len(Hs) = 8100, len(Ss) = 8100, len(Vs) = 8100
[20190129_062135 / lib_ip.py:2274] inspecting ===> img.20190129_062134.2019-01-28_09-57-02_000.jpg.2.png
[20190129_062135 / lib_ip.py:4399] 
img.20190129_062134.2019-01-28_09-57-02_000.jpg.2.png 1 ---------------------
[20190129_062135 / lib_ip.py:3753] file = img.20190129_062134.2019-01-28_09-57-02_000.jpg.2.png / val_Average = 111.5116	val_Variance = 25.3094	sd = 5.0308	max = 147	min = 99
[20190129_062135 / lib_ip.py:3836] len(Hs) = 8100, len(Ss) = 8100, len(Vs) = 8100
[20190129_062135 / lib_ip.py:3869] yellow : variance --> out of range (variance = 25.309 / upper = 0.650 / lower = 0.000)
[20190129_062135 / lib_ip.py:3753] file = img.20190129_062134.2019-01-28_09-57-02_000.jpg.2.png / val_Average = 111.5116	val_Variance = 25.3094	sd = 5.0308	max = 147	min = 99
[20190129_062135 / lib_ip.py:3936] len(Hs) = 8100, len(Ss) = 8100, len(Vs) = 8100
[20190129_062135 / lib_ip.py:3982] red : variance --> out of range (variance = 25.309 / upper = 0.430 / lower = 0.000)
[20190129_062135 / lib_ip.py:3753] file = img.20190129_062134.2019-01-28_09-57-02_000.jpg.2.png / val_Average = 111.5116	val_Variance = 25.3094	sd = 5.0308	max = 147	min = 99
[20190129_062135 / lib_ip.py:4052] len(Hs) = 8100, len(Ss) = 8100, len(Vs) = 8100
[20190129_062136 / lib_ip.py:4099] green : variance --> out of range (variance = 25.309 / upper = 0.760 / lower = 0.000)
[20190129_062136 / lib_ip.py:3753] file = img.20190129_062134.2019-01-28_09-57-02_000.jpg.2.png / val_Average = 111.5116	val_Variance = 25.3094	sd = 5.0308	max = 147	min = 99
[20190129_062136 / lib_ip.py:4169] len(Hs) = 8100, len(Ss) = 8100, len(Vs) = 8100
[20190129_062136 / lib_ip.py:4208] blue : variance --> out of range (variance = 25.309 / upper = 0.930 / lower = 0.010)
[20190129_062136 / lib_ip.py:3753] file = img.20190129_062134.2019-01-28_09-57-02_000.jpg.2.png / val_Average = 111.5116	val_Variance = 25.3094	sd = 5.0308	max = 147	min = 99
[20190129_062136 / lib_ip.py:4272] len(Hs) = 8100, len(Ss) = 8100, len(Vs) = 8100
[20190129_062136 / lib_ip.py:4316] black : variance --> out of range (variance = 25.309 / upper = 0.000 / lower = 0.000)
[20190129_062136 / lib_ip.py:4477] file : img.20190129_062134.2019-01-28_09-57-02_000.jpg.2.png 1 (black : variance --> out of range (variance = 25.309 / upper = 0.000 / lower = 0.000))
[20190129_062136 / lib_ip.py:2274] inspecting ===> img.20190129_062134.2019-01-28_09-57-02_000.jpg.3.png
[20190129_062136 / lib_ip.py:4399] 
img.20190129_062134.2019-01-28_09-57-02_000.jpg.3.png 2 ---------------------
[20190129_062136 / lib_ip.py:3753] file = img.20190129_062134.2019-01-28_09-57-02_000.jpg.3.png / val_Average = 13.8949	val_Variance = 0.1669	sd = 0.4085	max = 15	min = 12
[20190129_062136 / lib_ip.py:3836] len(Hs) = 8100, len(Ss) = 8100, len(Vs) = 8100
[20190129_062136 / lib_ip.py:3891] yellow : average --> out of range (average = 13.895 / upper = 99.200 / lower = 85.500)
[20190129_062136 / lib_ip.py:3753] file = img.20190129_062134.2019-01-28_09-57-02_000.jpg.3.png / val_Average = 13.8949	val_Variance = 0.1669	sd = 0.4085	max = 15	min = 12
[20190129_062136 / lib_ip.py:3936] len(Hs) = 8100, len(Ss) = 8100, len(Vs) = 8100
[20190129_062136 / lib_ip.py:4007] red : average --> out of range (average = 13.895 / upper = 124.000 / lower = 115.000)
[20190129_062136 / lib_ip.py:3753] file = img.20190129_062134.2019-01-28_09-57-02_000.jpg.3.png / val_Average = 13.8949	val_Variance = 0.1669	sd = 0.4085	max = 15	min = 12
[20190129_062136 / lib_ip.py:4052] len(Hs) = 8100, len(Ss) = 8100, len(Vs) = 8100
[20190129_062136 / lib_ip.py:4124] green : average --> out of range (average = 13.895 / upper = 85.000 / lower = 58.000)
[20190129_062137 / lib_ip.py:3753] file = img.20190129_062134.2019-01-28_09-57-02_000.jpg.3.png / val_Average = 13.8949	val_Variance = 0.1669	sd = 0.4085	max = 15	min = 12
[20190129_062137 / lib_ip.py:4169] len(Hs) = 8100, len(Ss) = 8100, len(Vs) = 8100
[20190129_062137 / lib_ip.py:2274] inspecting ===> img.20190129_062134.2019-01-28_09-57-02_000.jpg.4.png
[20190129_062137 / lib_ip.py:4399] 
img.20190129_062134.2019-01-28_09-57-02_000.jpg.4.png 3 ---------------------
[20190129_062137 / lib_ip.py:3753] file = img.20190129_062134.2019-01-28_09-57-02_000.jpg.4.png / val_Average = 32.9474	val_Variance = 2494.8056	sd = 49.9480	max = 175	min = 0
[20190129_062137 / lib_ip.py:3836] len(Hs) = 8100, len(Ss) = 8100, len(Vs) = 8100
[20190129_062137 / lib_ip.py:3869] yellow : variance --> out of range (variance = 2494.806 / upper = 0.650 / lower = 0.000)
[20190129_062137 / lib_ip.py:3753] file = img.20190129_062134.2019-01-28_09-57-02_000.jpg.4.png / val_Average = 32.9474	val_Variance = 2494.8056	sd = 49.9480	max = 175	min = 0
[20190129_062137 / lib_ip.py:3936] len(Hs) = 8100, len(Ss) = 8100, len(Vs) = 8100
[20190129_062137 / lib_ip.py:3982] red : variance --> out of range (variance = 2494.806 / upper = 0.430 / lower = 0.000)
[20190129_062137 / lib_ip.py:3753] file = img.20190129_062134.2019-01-28_09-57-02_000.jpg.4.png / val_Average = 32.9474	val_Variance = 2494.8056	sd = 49.9480	max = 175	min = 0
[20190129_062137 / lib_ip.py:4052] len(Hs) = 8100, len(Ss) = 8100, len(Vs) = 8100
[20190129_062138 / lib_ip.py:4099] green : variance --> out of range (variance = 2494.806 / upper = 0.760 / lower = 0.000)
[20190129_062138 / lib_ip.py:3753] file = img.20190129_062134.2019-01-28_09-57-02_000.jpg.4.png / val_Average = 32.9474	val_Variance = 2494.8056	sd = 49.9480	max = 175	min = 0
[20190129_062138 / lib_ip.py:4169] len(Hs) = 8100, len(Ss) = 8100, len(Vs) = 8100
[20190129_062138 / lib_ip.py:4208] blue : variance --> out of range (variance = 2494.806 / upper = 0.930 / lower = 0.010)
[20190129_062138 / lib_ip.py:3753] file = img.20190129_062134.2019-01-28_09-57-02_000.jpg.4.png / val_Average = 32.9474	val_Variance = 2494.8056	sd = 49.9480	max = 175	min = 0
[20190129_062138 / lib_ip.py:4272] len(Hs) = 8100, len(Ss) = 8100, len(Vs) = 8100
[20190129_062138 / lib_ip.py:4316] black : variance --> out of range (variance = 2494.806 / upper = 0.000 / lower = 0.000)
[20190129_062138 / lib_ip.py:4477] file : img.20190129_062134.2019-01-28_09-57-02_000.jpg.4.png 3 (black : variance --> out of range (variance = 2494.806 / upper = 0.000 / lower = 0.000))
[20190129_062137 / lib_ip.py:2274] inspecting ===> img.20190129_062134.2019-01-28_09-57-02_000.jpg.4.png
img.20190129_062134.2019-01-28_09-57-02_000.jpg.1.png => other
img.20190129_062134.2019-01-28_09-57-02_000.jpg.2.png => other
img.20190129_062134.2019-01-28_09-57-02_000.jpg.3.png => other
img.20190129_062134.2019-01-28_09-57-02_000.jpg.4.png => other
[20190129_062138 lib_ip.py:3301] =============== Get 4 corners
dpath_Images = C:\WORKS_2\WS\WS_Others.Art\JVEMV6\46_art\VIRTUAL\Admin_Projects\ip\images
fname_Image = img.20190129_062134.2019-01-28_09-57-02_000.jpg.4.png

[20190129_062138 / lib_ip.py:2274] inspecting ===> img.20190129_062138.2019-01-28_11-57-01_000.jpg.1.png
[20190129_062139 / lib_ip.py:4399] 
img.20190129_062138.2019-01-28_11-57-01_000.jpg.1.png 0 ---------------------
[20190129_062139 / lib_ip.py:3753] file = img.20190129_062138.2019-01-28_11-57-01_000.jpg.1.png / val_Average = 91.9353	val_Variance = 0.0605	sd = 0.2460	max = 92	min = 91
[20190129_062139 / lib_ip.py:3836] len(Hs) = 8100, len(Ss) = 8100, len(Vs) = 8100
[20190129_062139 / lib_ip.py:2274] inspecting ===> img.20190129_062138.2019-01-28_11-57-01_000.jpg.2.png
[20190129_062139 / lib_ip.py:4399] 
img.20190129_062138.2019-01-28_11-57-01_000.jpg.2.png 1 ---------------------
[20190129_062139 / lib_ip.py:3753] file = img.20190129_062138.2019-01-28_11-57-01_000.jpg.2.png / val_Average = 106.1432	val_Variance = 1.0291	sd = 1.0145	max = 109	min = 103
[20190129_062139 / lib_ip.py:3836] len(Hs) = 8100, len(Ss) = 8100, len(Vs) = 8100
[20190129_062139 / lib_ip.py:3869] yellow : variance --> out of range (variance = 1.029 / upper = 0.650 / lower = 0.000)
[20190129_062139 / lib_ip.py:3753] file = img.20190129_062138.2019-01-28_11-57-01_000.jpg.2.png / val_Average = 106.1432	val_Variance = 1.0291	sd = 1.0145	max = 109	min = 103
[20190129_062139 / lib_ip.py:3936] len(Hs) = 8100, len(Ss) = 8100, len(Vs) = 8100
[20190129_062140 / lib_ip.py:3982] red : variance --> out of range (variance = 1.029 / upper = 0.430 / lower = 0.000)
[20190129_062140 / lib_ip.py:3753] file = img.20190129_062138.2019-01-28_11-57-01_000.jpg.2.png / val_Average = 106.1432	val_Variance = 1.0291	sd = 1.0145	max = 109	min = 103
[20190129_062140 / lib_ip.py:4052] len(Hs) = 8100, len(Ss) = 8100, len(Vs) = 8100
[20190129_062140 / lib_ip.py:4099] green : variance --> out of range (variance = 1.029 / upper = 0.760 / lower = 0.000)
[20190129_062140 / lib_ip.py:3753] file = img.20190129_062138.2019-01-28_11-57-01_000.jpg.2.png / val_Average = 106.1432	val_Variance = 1.0291	sd = 1.0145	max = 109	min = 103
[20190129_062140 / lib_ip.py:4169] len(Hs) = 8100, len(Ss) = 8100, len(Vs) = 8100
[20190129_062140 / lib_ip.py:4208] blue : variance --> out of range (variance = 1.029 / upper = 0.930 / lower = 0.010)
[20190129_062140 / lib_ip.py:3753] file = img.20190129_062138.2019-01-28_11-57-01_000.jpg.2.png / val_Average = 106.1432	val_Variance = 1.0291	sd = 1.0145	max = 109	min = 103
[20190129_062140 / lib_ip.py:4272] len(Hs) = 8100, len(Ss) = 8100, len(Vs) = 8100
[20190129_062140 / lib_ip.py:4316] black : variance --> out of range (variance = 1.029 / upper = 0.000 / lower = 0.000)
[20190129_062140 / lib_ip.py:4477] file : img.20190129_062138.2019-01-28_11-57-01_000.jpg.2.png 1 (black : variance --> out of range (variance = 1.029 / upper = 0.000 / lower = 0.000))
[20190129_062140 / lib_ip.py:2274] inspecting ===> img.20190129_062138.2019-01-28_11-57-01_000.jpg.3.png
[20190129_062140 / lib_ip.py:4399] 
img.20190129_062138.2019-01-28_11-57-01_000.jpg.3.png 2 ---------------------
[20190129_062140 / lib_ip.py:3753] file = img.20190129_062138.2019-01-28_11-57-01_000.jpg.3.png / val_Average = 85.9242	val_Variance = 62.4096	sd = 7.9000	max = 114	min = 0
[20190129_062140 / lib_ip.py:3836] len(Hs) = 8100, len(Ss) = 8100, len(Vs) = 8100
[20190129_062140 / lib_ip.py:3869] yellow : variance --> out of range (variance = 62.410 / upper = 0.650 / lower = 0.000)
[20190129_062141 / lib_ip.py:3753] file = img.20190129_062138.2019-01-28_11-57-01_000.jpg.3.png / val_Average = 85.9242	val_Variance = 62.4096	sd = 7.9000	max = 114	min = 0
[20190129_062141 / lib_ip.py:3936] len(Hs) = 8100, len(Ss) = 8100, len(Vs) = 8100
[20190129_062141 / lib_ip.py:3982] red : variance --> out of range (variance = 62.410 / upper = 0.430 / lower = 0.000)
[20190129_062141 / lib_ip.py:3753] file = img.20190129_062138.2019-01-28_11-57-01_000.jpg.3.png / val_Average = 85.9242	val_Variance = 62.4096	sd = 7.9000	max = 114	min = 0
[20190129_062141 / lib_ip.py:4052] len(Hs) = 8100, len(Ss) = 8100, len(Vs) = 8100
[20190129_062141 / lib_ip.py:4099] green : variance --> out of range (variance = 62.410 / upper = 0.760 / lower = 0.000)
[20190129_062141 / lib_ip.py:3753] file = img.20190129_062138.2019-01-28_11-57-01_000.jpg.3.png / val_Average = 85.9242	val_Variance = 62.4096	sd = 7.9000	max = 114	min = 0
[20190129_062141 / lib_ip.py:4169] len(Hs) = 8100, len(Ss) = 8100, len(Vs) = 8100
[20190129_062141 / lib_ip.py:4208] blue : variance --> out of range (variance = 62.410 / upper = 0.930 / lower = 0.010)
[20190129_062141 / lib_ip.py:3753] file = img.20190129_062138.2019-01-28_11-57-01_000.jpg.3.png / val_Average = 85.9242	val_Variance = 62.4096	sd = 7.9000	max = 114	min = 0
[20190129_062141 / lib_ip.py:4272] len(Hs) = 8100, len(Ss) = 8100, len(Vs) = 8100
[20190129_062141 / lib_ip.py:4316] black : variance --> out of range (variance = 62.410 / upper = 0.000 / lower = 0.000)
[20190129_062141 / lib_ip.py:4477] file : img.20190129_062138.2019-01-28_11-57-01_000.jpg.3.png 2 (black : variance --> out of range (variance = 62.410 / upper = 0.000 / lower = 0.000))
[20190129_062141 / lib_ip.py:2274] inspecting ===> img.20190129_062138.2019-01-28_11-57-01_000.jpg.4.png
[20190129_062141 / lib_ip.py:4399] 
img.20190129_062138.2019-01-28_11-57-01_000.jpg.4.png 3 ---------------------
[20190129_062141 / lib_ip.py:3753] file = img.20190129_062138.2019-01-28_11-57-01_000.jpg.4.png / val_Average = 103.2311	val_Variance = 6.5668	sd = 2.5626	max = 110	min = 94
[20190129_062141 / lib_ip.py:3836] len(Hs) = 8100, len(Ss) = 8100, len(Vs) = 8100
[20190129_062142 / lib_ip.py:3869] yellow : variance --> out of range (variance = 6.567 / upper = 0.650 / lower = 0.000)
[20190129_062142 / lib_ip.py:3753] file = img.20190129_062138.2019-01-28_11-57-01_000.jpg.4.png / val_Average = 103.2311	val_Variance = 6.5668	sd = 2.5626	max = 110	min = 94
[20190129_062142 / lib_ip.py:3936] len(Hs) = 8100, len(Ss) = 8100, len(Vs) = 8100
[20190129_062142 / lib_ip.py:3982] red : variance --> out of range (variance = 6.567 / upper = 0.430 / lower = 0.000)
[20190129_062142 / lib_ip.py:3753] file = img.20190129_062138.2019-01-28_11-57-01_000.jpg.4.png / val_Average = 103.2311	val_Variance = 6.5668	sd = 2.5626	max = 110	min = 94
[20190129_062142 / lib_ip.py:4052] len(Hs) = 8100, len(Ss) = 8100, len(Vs) = 8100
[20190129_062142 / lib_ip.py:4099] green : variance --> out of range (variance = 6.567 / upper = 0.760 / lower = 0.000)
[20190129_062142 / lib_ip.py:3753] file = img.20190129_062138.2019-01-28_11-57-01_000.jpg.4.png / val_Average = 103.2311	val_Variance = 6.5668	sd = 2.5626	max = 110	min = 94
[20190129_062142 / lib_ip.py:4169] len(Hs) = 8100, len(Ss) = 8100, len(Vs) = 8100
[20190129_062142 / lib_ip.py:4208] blue : variance --> out of range (variance = 6.567 / upper = 0.930 / lower = 0.010)
[20190129_062142 / lib_ip.py:3753] file = img.20190129_062138.2019-01-28_11-57-01_000.jpg.4.png / val_Average = 103.2311	val_Variance = 6.5668	sd = 2.5626	max = 110	min = 94
[20190129_062142 / lib_ip.py:4272] len(Hs) = 8100, len(Ss) = 8100, len(Vs) = 8100
[20190129_062142 / lib_ip.py:4316] black : variance --> out of range (variance = 6.567 / upper = 0.000 / lower = 0.000)
[20190129_062142 / lib_ip.py:4477] file : img.20190129_062138.2019-01-28_11-57-01_000.jpg.4.png 3 (black : variance --> out of range (variance = 6.567 / upper = 0.000 / lower = 0.000))
[20190129_062141 / lib_ip.py:2274] inspecting ===> img.20190129_062138.2019-01-28_11-57-01_000.jpg.4.png
img.20190129_062138.2019-01-28_11-57-01_000.jpg.1.png => other
img.20190129_062138.2019-01-28_11-57-01_000.jpg.2.png => other
img.20190129_062138.2019-01-28_11-57-01_000.jpg.3.png => other
img.20190129_062138.2019-01-28_11-57-01_000.jpg.4.png => other
[20190129_062142 lib_ip.py:3301] =============== Get 4 corners
dpath_Images = C:\WORKS_2\WS\WS_Others.Art\JVEMV6\46_art\VIRTUAL\Admin_Projects\ip\images
fname_Image = img.20190129_062138.2019-01-28_11-57-01_000.jpg.4.png

[20190129_062143 / lib_ip.py:2274] inspecting ===> img.20190129_062143.2019-01-28_13-06-22_000.jpg.1.png
[20190129_062143 / lib_ip.py:4399] 
img.20190129_062143.2019-01-28_13-06-22_000.jpg.1.png 0 ---------------------
[20190129_062143 / lib_ip.py:3753] file = img.20190129_062143.2019-01-28_13-06-22_000.jpg.1.png / val_Average = 108.0164	val_Variance = 79.8211	sd = 8.9343	max = 155	min = 70
[20190129_062143 / lib_ip.py:3836] len(Hs) = 8100, len(Ss) = 8100, len(Vs) = 8100
[20190129_062143 / lib_ip.py:3869] yellow : variance --> out of range (variance = 79.821 / upper = 0.650 / lower = 0.000)
[20190129_062143 / lib_ip.py:3753] file = img.20190129_062143.2019-01-28_13-06-22_000.jpg.1.png / val_Average = 108.0164	val_Variance = 79.8211	sd = 8.9343	max = 155	min = 70
[20190129_062143 / lib_ip.py:3936] len(Hs) = 8100, len(Ss) = 8100, len(Vs) = 8100
[20190129_062143 / lib_ip.py:3982] red : variance --> out of range (variance = 79.821 / upper = 0.430 / lower = 0.000)
[20190129_062143 / lib_ip.py:3753] file = img.20190129_062143.2019-01-28_13-06-22_000.jpg.1.png / val_Average = 108.0164	val_Variance = 79.8211	sd = 8.9343	max = 155	min = 70
[20190129_062143 / lib_ip.py:4052] len(Hs) = 8100, len(Ss) = 8100, len(Vs) = 8100
[20190129_062144 / lib_ip.py:4099] green : variance --> out of range (variance = 79.821 / upper = 0.760 / lower = 0.000)
[20190129_062144 / lib_ip.py:3753] file = img.20190129_062143.2019-01-28_13-06-22_000.jpg.1.png / val_Average = 108.0164	val_Variance = 79.8211	sd = 8.9343	max = 155	min = 70
[20190129_062144 / lib_ip.py:4169] len(Hs) = 8100, len(Ss) = 8100, len(Vs) = 8100
[20190129_062144 / lib_ip.py:4208] blue : variance --> out of range (variance = 79.821 / upper = 0.930 / lower = 0.010)
[20190129_062144 / lib_ip.py:3753] file = img.20190129_062143.2019-01-28_13-06-22_000.jpg.1.png / val_Average = 108.0164	val_Variance = 79.8211	sd = 8.9343	max = 155	min = 70
[20190129_062144 / lib_ip.py:4272] len(Hs) = 8100, len(Ss) = 8100, len(Vs) = 8100
[20190129_062144 / lib_ip.py:4316] black : variance --> out of range (variance = 79.821 / upper = 0.000 / lower = 0.000)
[20190129_062144 / lib_ip.py:4477] file : img.20190129_062143.2019-01-28_13-06-22_000.jpg.1.png 0 (black : variance --> out of range (variance = 79.821 / upper = 0.000 / lower = 0.000))
[20190129_062144 / lib_ip.py:2274] inspecting ===> img.20190129_062143.2019-01-28_13-06-22_000.jpg.2.png
[20190129_062144 / lib_ip.py:4399] 
img.20190129_062143.2019-01-28_13-06-22_000.jpg.2.png 1 ---------------------
[20190129_062144 / lib_ip.py:3753] file = img.20190129_062143.2019-01-28_13-06-22_000.jpg.2.png / val_Average = 9.4867	val_Variance = 1029.1385	sd = 32.0802	max = 176	min = 0
[20190129_062144 / lib_ip.py:3836] len(Hs) = 8100, len(Ss) = 8100, len(Vs) = 8100
[20190129_062144 / lib_ip.py:3869] yellow : variance --> out of range (variance = 1029.138 / upper = 0.650 / lower = 0.000)
[20190129_062145 / lib_ip.py:3753] file = img.20190129_062143.2019-01-28_13-06-22_000.jpg.2.png / val_Average = 9.4867	val_Variance = 1029.1385	sd = 32.0802	max = 176	min = 0
[20190129_062145 / lib_ip.py:3936] len(Hs) = 8100, len(Ss) = 8100, len(Vs) = 8100
[20190129_062145 / lib_ip.py:3982] red : variance --> out of range (variance = 1029.138 / upper = 0.430 / lower = 0.000)
[20190129_062145 / lib_ip.py:3753] file = img.20190129_062143.2019-01-28_13-06-22_000.jpg.2.png / val_Average = 9.4867	val_Variance = 1029.1385	sd = 32.0802	max = 176	min = 0
[20190129_062145 / lib_ip.py:4052] len(Hs) = 8100, len(Ss) = 8100, len(Vs) = 8100
[20190129_062145 / lib_ip.py:4099] green : variance --> out of range (variance = 1029.138 / upper = 0.760 / lower = 0.000)
[20190129_062145 / lib_ip.py:3753] file = img.20190129_062143.2019-01-28_13-06-22_000.jpg.2.png / val_Average = 9.4867	val_Variance = 1029.1385	sd = 32.0802	max = 176	min = 0
[20190129_062145 / lib_ip.py:4169] len(Hs) = 8100, len(Ss) = 8100, len(Vs) = 8100
[20190129_062145 / lib_ip.py:4208] blue : variance --> out of range (variance = 1029.138 / upper = 0.930 / lower = 0.010)
[20190129_062145 / lib_ip.py:3753] file = img.20190129_062143.2019-01-28_13-06-22_000.jpg.2.png / val_Average = 9.4867	val_Variance = 1029.1385	sd = 32.0802	max = 176	min = 0
[20190129_062145 / lib_ip.py:4272] len(Hs) = 8100, len(Ss) = 8100, len(Vs) = 8100
[20190129_062145 / lib_ip.py:4316] black : variance --> out of range (variance = 1029.138 / upper = 0.000 / lower = 0.000)
[20190129_062145 / lib_ip.py:4477] file : img.20190129_062143.2019-01-28_13-06-22_000.jpg.2.png 1 (black : variance --> out of range (variance = 1029.138 / upper = 0.000 / lower = 0.000))
[20190129_062145 / lib_ip.py:2274] inspecting ===> img.20190129_062143.2019-01-28_13-06-22_000.jpg.3.png
[20190129_062145 / lib_ip.py:4399] 
img.20190129_062143.2019-01-28_13-06-22_000.jpg.3.png 2 ---------------------
[20190129_062145 / lib_ip.py:3753] file = img.20190129_062143.2019-01-28_13-06-22_000.jpg.3.png / val_Average = 15.0567	val_Variance = 0.2744	sd = 0.5239	max = 16	min = 13
[20190129_062145 / lib_ip.py:3836] len(Hs) = 8100, len(Ss) = 8100, len(Vs) = 8100
[20190129_062146 / lib_ip.py:3891] yellow : average --> out of range (average = 15.057 / upper = 99.200 / lower = 85.500)
[20190129_062146 / lib_ip.py:3753] file = img.20190129_062143.2019-01-28_13-06-22_000.jpg.3.png / val_Average = 15.0567	val_Variance = 0.2744	sd = 0.5239	max = 16	min = 13
[20190129_062146 / lib_ip.py:3936] len(Hs) = 8100, len(Ss) = 8100, len(Vs) = 8100
[20190129_062146 / lib_ip.py:4007] red : average --> out of range (average = 15.057 / upper = 124.000 / lower = 115.000)
[20190129_062146 / lib_ip.py:3753] file = img.20190129_062143.2019-01-28_13-06-22_000.jpg.3.png / val_Average = 15.0567	val_Variance = 0.2744	sd = 0.5239	max = 16	min = 13
[20190129_062146 / lib_ip.py:4052] len(Hs) = 8100, len(Ss) = 8100, len(Vs) = 8100
[20190129_062146 / lib_ip.py:4124] green : average --> out of range (average = 15.057 / upper = 85.000 / lower = 58.000)
[20190129_062146 / lib_ip.py:3753] file = img.20190129_062143.2019-01-28_13-06-22_000.jpg.3.png / val_Average = 15.0567	val_Variance = 0.2744	sd = 0.5239	max = 16	min = 13
[20190129_062146 / lib_ip.py:4169] len(Hs) = 8100, len(Ss) = 8100, len(Vs) = 8100
[20190129_062146 / lib_ip.py:2274] inspecting ===> img.20190129_062143.2019-01-28_13-06-22_000.jpg.4.png
[20190129_062146 / lib_ip.py:4399] 
img.20190129_062143.2019-01-28_13-06-22_000.jpg.4.png 3 ---------------------
[20190129_062146 / lib_ip.py:3753] file = img.20190129_062143.2019-01-28_13-06-22_000.jpg.4.png / val_Average = 85.0236	val_Variance = 17.3235	sd = 4.1622	max = 98	min = 65
[20190129_062146 / lib_ip.py:3836] len(Hs) = 8100, len(Ss) = 8100, len(Vs) = 8100
[20190129_062147 / lib_ip.py:3869] yellow : variance --> out of range (variance = 17.324 / upper = 0.650 / lower = 0.000)
[20190129_062147 / lib_ip.py:3753] file = img.20190129_062143.2019-01-28_13-06-22_000.jpg.4.png / val_Average = 85.0236	val_Variance = 17.3235	sd = 4.1622	max = 98	min = 65
[20190129_062147 / lib_ip.py:3936] len(Hs) = 8100, len(Ss) = 8100, len(Vs) = 8100
[20190129_062147 / lib_ip.py:3982] red : variance --> out of range (variance = 17.324 / upper = 0.430 / lower = 0.000)
[20190129_062147 / lib_ip.py:3753] file = img.20190129_062143.2019-01-28_13-06-22_000.jpg.4.png / val_Average = 85.0236	val_Variance = 17.3235	sd = 4.1622	max = 98	min = 65
[20190129_062147 / lib_ip.py:4052] len(Hs) = 8100, len(Ss) = 8100, len(Vs) = 8100
[20190129_062147 / lib_ip.py:4099] green : variance --> out of range (variance = 17.324 / upper = 0.760 / lower = 0.000)
[20190129_062147 / lib_ip.py:3753] file = img.20190129_062143.2019-01-28_13-06-22_000.jpg.4.png / val_Average = 85.0236	val_Variance = 17.3235	sd = 4.1622	max = 98	min = 65
[20190129_062147 / lib_ip.py:4169] len(Hs) = 8100, len(Ss) = 8100, len(Vs) = 8100
[20190129_062147 / lib_ip.py:4208] blue : variance --> out of range (variance = 17.324 / upper = 0.930 / lower = 0.010)
[20190129_062147 / lib_ip.py:3753] file = img.20190129_062143.2019-01-28_13-06-22_000.jpg.4.png / val_Average = 85.0236	val_Variance = 17.3235	sd = 4.1622	max = 98	min = 65
[20190129_062147 / lib_ip.py:4272] len(Hs) = 8100, len(Ss) = 8100, len(Vs) = 8100
[20190129_062147 / lib_ip.py:4316] black : variance --> out of range (variance = 17.324 / upper = 0.000 / lower = 0.000)
[20190129_062147 / lib_ip.py:4477] file : img.20190129_062143.2019-01-28_13-06-22_000.jpg.4.png 3 (black : variance --> out of range (variance = 17.324 / upper = 0.000 / lower = 0.000))
[20190129_062146 / lib_ip.py:2274] inspecting ===> img.20190129_062143.2019-01-28_13-06-22_000.jpg.4.png
img.20190129_062143.2019-01-28_13-06-22_000.jpg.1.png => other
img.20190129_062143.2019-01-28_13-06-22_000.jpg.2.png => other
img.20190129_062143.2019-01-28_13-06-22_000.jpg.3.png => other
img.20190129_062143.2019-01-28_13-06-22_000.jpg.4.png => other
[20190129_062147 lib_ip.py:3301] =============== Get 4 corners
dpath_Images = C:\WORKS_2\WS\WS_Others.Art\JVEMV6\46_art\VIRTUAL\Admin_Projects\ip\images
fname_Image = img.20190129_062143.2019-01-28_13-06-22_000.jpg.4.png

[20190129_062148 / lib_ip.py:2274] inspecting ===> img.20190129_062148.2019-01-28_13-59-55_000.jpg.1.png
[20190129_062148 / lib_ip.py:4399] 
img.20190129_062148.2019-01-28_13-59-55_000.jpg.1.png 0 ---------------------
[20190129_062148 / lib_ip.py:3753] file = img.20190129_062148.2019-01-28_13-59-55_000.jpg.1.png / val_Average = 95.2614	val_Variance = 68.1479	sd = 8.2552	max = 112	min = 54
[20190129_062148 / lib_ip.py:3836] len(Hs) = 8100, len(Ss) = 8100, len(Vs) = 8100
[20190129_062148 / lib_ip.py:3869] yellow : variance --> out of range (variance = 68.148 / upper = 0.650 / lower = 0.000)
[20190129_062148 / lib_ip.py:3753] file = img.20190129_062148.2019-01-28_13-59-55_000.jpg.1.png / val_Average = 95.2614	val_Variance = 68.1479	sd = 8.2552	max = 112	min = 54
[20190129_062148 / lib_ip.py:3936] len(Hs) = 8100, len(Ss) = 8100, len(Vs) = 8100
[20190129_062148 / lib_ip.py:3982] red : variance --> out of range (variance = 68.148 / upper = 0.430 / lower = 0.000)
[20190129_062148 / lib_ip.py:3753] file = img.20190129_062148.2019-01-28_13-59-55_000.jpg.1.png / val_Average = 95.2614	val_Variance = 68.1479	sd = 8.2552	max = 112	min = 54
[20190129_062148 / lib_ip.py:4052] len(Hs) = 8100, len(Ss) = 8100, len(Vs) = 8100
[20190129_062148 / lib_ip.py:4099] green : variance --> out of range (variance = 68.148 / upper = 0.760 / lower = 0.000)
[20190129_062149 / lib_ip.py:3753] file = img.20190129_062148.2019-01-28_13-59-55_000.jpg.1.png / val_Average = 95.2614	val_Variance = 68.1479	sd = 8.2552	max = 112	min = 54
[20190129_062149 / lib_ip.py:4169] len(Hs) = 8100, len(Ss) = 8100, len(Vs) = 8100
[20190129_062149 / lib_ip.py:4208] blue : variance --> out of range (variance = 68.148 / upper = 0.930 / lower = 0.010)
[20190129_062149 / lib_ip.py:3753] file = img.20190129_062148.2019-01-28_13-59-55_000.jpg.1.png / val_Average = 95.2614	val_Variance = 68.1479	sd = 8.2552	max = 112	min = 54
[20190129_062149 / lib_ip.py:4272] len(Hs) = 8100, len(Ss) = 8100, len(Vs) = 8100
[20190129_062149 / lib_ip.py:4316] black : variance --> out of range (variance = 68.148 / upper = 0.000 / lower = 0.000)
[20190129_062149 / lib_ip.py:4477] file : img.20190129_062148.2019-01-28_13-59-55_000.jpg.1.png 0 (black : variance --> out of range (variance = 68.148 / upper = 0.000 / lower = 0.000))
[20190129_062149 / lib_ip.py:2274] inspecting ===> img.20190129_062148.2019-01-28_13-59-55_000.jpg.2.png
[20190129_062149 / lib_ip.py:4399] 
img.20190129_062148.2019-01-28_13-59-55_000.jpg.2.png 1 ---------------------
[20190129_062149 / lib_ip.py:3753] file = img.20190129_062148.2019-01-28_13-59-55_000.jpg.2.png / val_Average = 106.4065	val_Variance = 2.4682	sd = 1.5710	max = 113	min = 101
[20190129_062149 / lib_ip.py:3836] len(Hs) = 8100, len(Ss) = 8100, len(Vs) = 8100
[20190129_062149 / lib_ip.py:3869] yellow : variance --> out of range (variance = 2.468 / upper = 0.650 / lower = 0.000)
[20190129_062149 / lib_ip.py:3753] file = img.20190129_062148.2019-01-28_13-59-55_000.jpg.2.png / val_Average = 106.4065	val_Variance = 2.4682	sd = 1.5710	max = 113	min = 101
[20190129_062149 / lib_ip.py:3936] len(Hs) = 8100, len(Ss) = 8100, len(Vs) = 8100
[20190129_062150 / lib_ip.py:3982] red : variance --> out of range (variance = 2.468 / upper = 0.430 / lower = 0.000)
[20190129_062150 / lib_ip.py:3753] file = img.20190129_062148.2019-01-28_13-59-55_000.jpg.2.png / val_Average = 106.4065	val_Variance = 2.4682	sd = 1.5710	max = 113	min = 101
[20190129_062150 / lib_ip.py:4052] len(Hs) = 8100, len(Ss) = 8100, len(Vs) = 8100
[20190129_062150 / lib_ip.py:4099] green : variance --> out of range (variance = 2.468 / upper = 0.760 / lower = 0.000)
[20190129_062150 / lib_ip.py:3753] file = img.20190129_062148.2019-01-28_13-59-55_000.jpg.2.png / val_Average = 106.4065	val_Variance = 2.4682	sd = 1.5710	max = 113	min = 101
[20190129_062150 / lib_ip.py:4169] len(Hs) = 8100, len(Ss) = 8100, len(Vs) = 8100
[20190129_062150 / lib_ip.py:4208] blue : variance --> out of range (variance = 2.468 / upper = 0.930 / lower = 0.010)
[20190129_062150 / lib_ip.py:3753] file = img.20190129_062148.2019-01-28_13-59-55_000.jpg.2.png / val_Average = 106.4065	val_Variance = 2.4682	sd = 1.5710	max = 113	min = 101
[20190129_062150 / lib_ip.py:4272] len(Hs) = 8100, len(Ss) = 8100, len(Vs) = 8100
[20190129_062150 / lib_ip.py:4316] black : variance --> out of range (variance = 2.468 / upper = 0.000 / lower = 0.000)
[20190129_062150 / lib_ip.py:4477] file : img.20190129_062148.2019-01-28_13-59-55_000.jpg.2.png 1 (black : variance --> out of range (variance = 2.468 / upper = 0.000 / lower = 0.000))
[20190129_062150 / lib_ip.py:2274] inspecting ===> img.20190129_062148.2019-01-28_13-59-55_000.jpg.3.png
[20190129_062150 / lib_ip.py:4399] 
img.20190129_062148.2019-01-28_13-59-55_000.jpg.3.png 2 ---------------------
[20190129_062150 / lib_ip.py:3753] file = img.20190129_062148.2019-01-28_13-59-55_000.jpg.3.png / val_Average = 119.9942	val_Variance = 0.1198	sd = 0.3462	max = 121	min = 119
[20190129_062150 / lib_ip.py:3836] len(Hs) = 8100, len(Ss) = 8100, len(Vs) = 8100
[20190129_062150 / lib_ip.py:3891] yellow : average --> out of range (average = 119.994 / upper = 99.200 / lower = 85.500)
[20190129_062150 / lib_ip.py:3753] file = img.20190129_062148.2019-01-28_13-59-55_000.jpg.3.png / val_Average = 119.9942	val_Variance = 0.1198	sd = 0.3462	max = 121	min = 119
[20190129_062150 / lib_ip.py:3936] len(Hs) = 8100, len(Ss) = 8100, len(Vs) = 8100
[20190129_062151 / lib_ip.py:2274] inspecting ===> img.20190129_062148.2019-01-28_13-59-55_000.jpg.4.png
[20190129_062151 / lib_ip.py:4399] 
img.20190129_062148.2019-01-28_13-59-55_000.jpg.4.png 3 ---------------------
[20190129_062151 / lib_ip.py:3753] file = img.20190129_062148.2019-01-28_13-59-55_000.jpg.4.png / val_Average = 119.9596	val_Variance = 0.0427	sd = 0.2066	max = 121	min = 119
[20190129_062151 / lib_ip.py:3836] len(Hs) = 8100, len(Ss) = 8100, len(Vs) = 8100
[20190129_062151 / lib_ip.py:3891] yellow : average --> out of range (average = 119.960 / upper = 99.200 / lower = 85.500)
[20190129_062151 / lib_ip.py:3753] file = img.20190129_062148.2019-01-28_13-59-55_000.jpg.4.png / val_Average = 119.9596	val_Variance = 0.0427	sd = 0.2066	max = 121	min = 119
[20190129_062151 / lib_ip.py:3936] len(Hs) = 8100, len(Ss) = 8100, len(Vs) = 8100
[20190129_062151 / lib_ip.py:2274] inspecting ===> img.20190129_062148.2019-01-28_13-59-55_000.jpg.4.png
img.20190129_062148.2019-01-28_13-59-55_000.jpg.1.png => other
img.20190129_062148.2019-01-28_13-59-55_000.jpg.2.png => other
img.20190129_062148.2019-01-28_13-59-55_000.jpg.3.png => other
img.20190129_062148.2019-01-28_13-59-55_000.jpg.4.png => other
[20190129_062151 lib_ip.py:3301] =============== Get 4 corners
dpath_Images = C:\WORKS_2\WS\WS_Others.Art\JVEMV6\46_art\VIRTUAL\Admin_Projects\ip\images
fname_Image = img.20190129_062148.2019-01-28_13-59-55_000.jpg.4.png

[20190129_062152 / lib_ip.py:2274] inspecting ===> img.20190129_062152.2019-01-28_18-04-39_000.jpg.1.png
[20190129_062152 / lib_ip.py:4399] 
img.20190129_062152.2019-01-28_18-04-39_000.jpg.1.png 0 ---------------------
[20190129_062152 / lib_ip.py:3753] file = img.20190129_062152.2019-01-28_18-04-39_000.jpg.1.png / val_Average = 78.0416	val_Variance = 0.0589	sd = 0.2427	max = 79	min = 77
[20190129_062152 / lib_ip.py:3836] len(Hs) = 8100, len(Ss) = 8100, len(Vs) = 8100
[20190129_062152 / lib_ip.py:3891] yellow : average --> out of range (average = 78.042 / upper = 99.200 / lower = 85.500)
[20190129_062152 / lib_ip.py:3753] file = img.20190129_062152.2019-01-28_18-04-39_000.jpg.1.png / val_Average = 78.0416	val_Variance = 0.0589	sd = 0.2427	max = 79	min = 77
[20190129_062152 / lib_ip.py:3936] len(Hs) = 8100, len(Ss) = 8100, len(Vs) = 8100
[20190129_062152 / lib_ip.py:4007] red : average --> out of range (average = 78.042 / upper = 124.000 / lower = 115.000)
[20190129_062152 / lib_ip.py:3753] file = img.20190129_062152.2019-01-28_18-04-39_000.jpg.1.png / val_Average = 78.0416	val_Variance = 0.0589	sd = 0.2427	max = 79	min = 77
[20190129_062152 / lib_ip.py:4052] len(Hs) = 8100, len(Ss) = 8100, len(Vs) = 8100
[20190129_062152 / lib_ip.py:2274] inspecting ===> img.20190129_062152.2019-01-28_18-04-39_000.jpg.2.png
[20190129_062153 / lib_ip.py:4399] 
img.20190129_062152.2019-01-28_18-04-39_000.jpg.2.png 1 ---------------------
[20190129_062153 / lib_ip.py:3753] file = img.20190129_062152.2019-01-28_18-04-39_000.jpg.2.png / val_Average = 106.8307	val_Variance = 2.0949	sd = 1.4474	max = 110	min = 104
[20190129_062153 / lib_ip.py:3836] len(Hs) = 8100, len(Ss) = 8100, len(Vs) = 8100
[20190129_062153 / lib_ip.py:3869] yellow : variance --> out of range (variance = 2.095 / upper = 0.650 / lower = 0.000)
[20190129_062153 / lib_ip.py:3753] file = img.20190129_062152.2019-01-28_18-04-39_000.jpg.2.png / val_Average = 106.8307	val_Variance = 2.0949	sd = 1.4474	max = 110	min = 104
[20190129_062153 / lib_ip.py:3936] len(Hs) = 8100, len(Ss) = 8100, len(Vs) = 8100
[20190129_062153 / lib_ip.py:3982] red : variance --> out of range (variance = 2.095 / upper = 0.430 / lower = 0.000)
[20190129_062153 / lib_ip.py:3753] file = img.20190129_062152.2019-01-28_18-04-39_000.jpg.2.png / val_Average = 106.8307	val_Variance = 2.0949	sd = 1.4474	max = 110	min = 104
[20190129_062153 / lib_ip.py:4052] len(Hs) = 8100, len(Ss) = 8100, len(Vs) = 8100
[20190129_062153 / lib_ip.py:4099] green : variance --> out of range (variance = 2.095 / upper = 0.760 / lower = 0.000)
[20190129_062153 / lib_ip.py:3753] file = img.20190129_062152.2019-01-28_18-04-39_000.jpg.2.png / val_Average = 106.8307	val_Variance = 2.0949	sd = 1.4474	max = 110	min = 104
[20190129_062153 / lib_ip.py:4169] len(Hs) = 8100, len(Ss) = 8100, len(Vs) = 8100
[20190129_062153 / lib_ip.py:4208] blue : variance --> out of range (variance = 2.095 / upper = 0.930 / lower = 0.010)
[20190129_062153 / lib_ip.py:3753] file = img.20190129_062152.2019-01-28_18-04-39_000.jpg.2.png / val_Average = 106.8307	val_Variance = 2.0949	sd = 1.4474	max = 110	min = 104
[20190129_062153 / lib_ip.py:4272] len(Hs) = 8100, len(Ss) = 8100, len(Vs) = 8100
[20190129_062154 / lib_ip.py:4316] black : variance --> out of range (variance = 2.095 / upper = 0.000 / lower = 0.000)
[20190129_062154 / lib_ip.py:4477] file : img.20190129_062152.2019-01-28_18-04-39_000.jpg.2.png 1 (black : variance --> out of range (variance = 2.095 / upper = 0.000 / lower = 0.000))
[20190129_062154 / lib_ip.py:2274] inspecting ===> img.20190129_062152.2019-01-28_18-04-39_000.jpg.3.png
[20190129_062154 / lib_ip.py:4399] 
img.20190129_062152.2019-01-28_18-04-39_000.jpg.3.png 2 ---------------------
[20190129_062154 / lib_ip.py:3753] file = img.20190129_062152.2019-01-28_18-04-39_000.jpg.3.png / val_Average = 120.0959	val_Variance = 0.1025	sd = 0.3202	max = 121	min = 119
[20190129_062154 / lib_ip.py:3836] len(Hs) = 8100, len(Ss) = 8100, len(Vs) = 8100
[20190129_062154 / lib_ip.py:3891] yellow : average --> out of range (average = 120.096 / upper = 99.200 / lower = 85.500)
[20190129_062154 / lib_ip.py:3753] file = img.20190129_062152.2019-01-28_18-04-39_000.jpg.3.png / val_Average = 120.0959	val_Variance = 0.1025	sd = 0.3202	max = 121	min = 119
[20190129_062154 / lib_ip.py:3936] len(Hs) = 8100, len(Ss) = 8100, len(Vs) = 8100
[20190129_062154 / lib_ip.py:2274] inspecting ===> img.20190129_062152.2019-01-28_18-04-39_000.jpg.4.png
[20190129_062154 / lib_ip.py:4399] 
img.20190129_062152.2019-01-28_18-04-39_000.jpg.4.png 3 ---------------------
[20190129_062154 / lib_ip.py:3753] file = img.20190129_062152.2019-01-28_18-04-39_000.jpg.4.png / val_Average = 107.0506	val_Variance = 3.3165	sd = 1.8211	max = 115	min = 102
[20190129_062154 / lib_ip.py:3836] len(Hs) = 8100, len(Ss) = 8100, len(Vs) = 8100
[20190129_062155 / lib_ip.py:3869] yellow : variance --> out of range (variance = 3.316 / upper = 0.650 / lower = 0.000)
[20190129_062155 / lib_ip.py:3753] file = img.20190129_062152.2019-01-28_18-04-39_000.jpg.4.png / val_Average = 107.0506	val_Variance = 3.3165	sd = 1.8211	max = 115	min = 102
[20190129_062155 / lib_ip.py:3936] len(Hs) = 8100, len(Ss) = 8100, len(Vs) = 8100
[20190129_062155 / lib_ip.py:3982] red : variance --> out of range (variance = 3.316 / upper = 0.430 / lower = 0.000)
[20190129_062155 / lib_ip.py:3753] file = img.20190129_062152.2019-01-28_18-04-39_000.jpg.4.png / val_Average = 107.0506	val_Variance = 3.3165	sd = 1.8211	max = 115	min = 102
[20190129_062155 / lib_ip.py:4052] len(Hs) = 8100, len(Ss) = 8100, len(Vs) = 8100
[20190129_062155 / lib_ip.py:4099] green : variance --> out of range (variance = 3.316 / upper = 0.760 / lower = 0.000)
[20190129_062155 / lib_ip.py:3753] file = img.20190129_062152.2019-01-28_18-04-39_000.jpg.4.png / val_Average = 107.0506	val_Variance = 3.3165	sd = 1.8211	max = 115	min = 102
[20190129_062155 / lib_ip.py:4169] len(Hs) = 8100, len(Ss) = 8100, len(Vs) = 8100
[20190129_062155 / lib_ip.py:4208] blue : variance --> out of range (variance = 3.316 / upper = 0.930 / lower = 0.010)
[20190129_062155 / lib_ip.py:3753] file = img.20190129_062152.2019-01-28_18-04-39_000.jpg.4.png / val_Average = 107.0506	val_Variance = 3.3165	sd = 1.8211	max = 115	min = 102
[20190129_062155 / lib_ip.py:4272] len(Hs) = 8100, len(Ss) = 8100, len(Vs) = 8100
[20190129_062155 / lib_ip.py:4316] black : variance --> out of range (variance = 3.316 / upper = 0.000 / lower = 0.000)
[20190129_062155 / lib_ip.py:4477] file : img.20190129_062152.2019-01-28_18-04-39_000.jpg.4.png 3 (black : variance --> out of range (variance = 3.316 / upper = 0.000 / lower = 0.000))
[20190129_062154 / lib_ip.py:2274] inspecting ===> img.20190129_062152.2019-01-28_18-04-39_000.jpg.4.png
img.20190129_062152.2019-01-28_18-04-39_000.jpg.1.png => other
img.20190129_062152.2019-01-28_18-04-39_000.jpg.2.png => other
img.20190129_062152.2019-01-28_18-04-39_000.jpg.3.png => other
img.20190129_062152.2019-01-28_18-04-39_000.jpg.4.png => other
[20190129_062155 lib_ip.py:3301] =============== Get 4 corners
dpath_Images = C:\WORKS_2\WS\WS_Others.Art\JVEMV6\46_art\VIRTUAL\Admin_Projects\ip\images
fname_Image = img.20190129_062152.2019-01-28_18-04-39_000.jpg.4.png

[20190129_062156 / lib_ip.py:2274] inspecting ===> img.20190129_062156.2019-01-28_18-04-58_000.jpg.1.png
[20190129_062156 / lib_ip.py:4399] 
img.20190129_062156.2019-01-28_18-04-58_000.jpg.1.png 0 ---------------------
[20190129_062156 / lib_ip.py:3753] file = img.20190129_062156.2019-01-28_18-04-58_000.jpg.1.png / val_Average = 77.5322	val_Variance = 0.2746	sd = 0.5241	max = 79	min = 76
[20190129_062156 / lib_ip.py:3836] len(Hs) = 8100, len(Ss) = 8100, len(Vs) = 8100
[20190129_062156 / lib_ip.py:3891] yellow : average --> out of range (average = 77.532 / upper = 99.200 / lower = 85.500)
[20190129_062156 / lib_ip.py:3753] file = img.20190129_062156.2019-01-28_18-04-58_000.jpg.1.png / val_Average = 77.5322	val_Variance = 0.2746	sd = 0.5241	max = 79	min = 76
[20190129_062156 / lib_ip.py:3936] len(Hs) = 8100, len(Ss) = 8100, len(Vs) = 8100
[20190129_062156 / lib_ip.py:4007] red : average --> out of range (average = 77.532 / upper = 124.000 / lower = 115.000)
[20190129_062156 / lib_ip.py:3753] file = img.20190129_062156.2019-01-28_18-04-58_000.jpg.1.png / val_Average = 77.5322	val_Variance = 0.2746	sd = 0.5241	max = 79	min = 76
[20190129_062156 / lib_ip.py:4052] len(Hs) = 8100, len(Ss) = 8100, len(Vs) = 8100
[20190129_062156 / lib_ip.py:2274] inspecting ===> img.20190129_062156.2019-01-28_18-04-58_000.jpg.2.png
[20190129_062157 / lib_ip.py:4399] 
img.20190129_062156.2019-01-28_18-04-58_000.jpg.2.png 1 ---------------------
[20190129_062157 / lib_ip.py:3753] file = img.20190129_062156.2019-01-28_18-04-58_000.jpg.2.png / val_Average = 111.4790	val_Variance = 31.1989	sd = 5.5856	max = 124	min = 101
[20190129_062157 / lib_ip.py:3836] len(Hs) = 8100, len(Ss) = 8100, len(Vs) = 8100
[20190129_062157 / lib_ip.py:3869] yellow : variance --> out of range (variance = 31.199 / upper = 0.650 / lower = 0.000)
[20190129_062157 / lib_ip.py:3753] file = img.20190129_062156.2019-01-28_18-04-58_000.jpg.2.png / val_Average = 111.4790	val_Variance = 31.1989	sd = 5.5856	max = 124	min = 101
[20190129_062157 / lib_ip.py:3936] len(Hs) = 8100, len(Ss) = 8100, len(Vs) = 8100
[20190129_062157 / lib_ip.py:3982] red : variance --> out of range (variance = 31.199 / upper = 0.430 / lower = 0.000)
[20190129_062157 / lib_ip.py:3753] file = img.20190129_062156.2019-01-28_18-04-58_000.jpg.2.png / val_Average = 111.4790	val_Variance = 31.1989	sd = 5.5856	max = 124	min = 101
[20190129_062157 / lib_ip.py:4052] len(Hs) = 8100, len(Ss) = 8100, len(Vs) = 8100
[20190129_062157 / lib_ip.py:4099] green : variance --> out of range (variance = 31.199 / upper = 0.760 / lower = 0.000)
[20190129_062157 / lib_ip.py:3753] file = img.20190129_062156.2019-01-28_18-04-58_000.jpg.2.png / val_Average = 111.4790	val_Variance = 31.1989	sd = 5.5856	max = 124	min = 101
[20190129_062157 / lib_ip.py:4169] len(Hs) = 8100, len(Ss) = 8100, len(Vs) = 8100
[20190129_062157 / lib_ip.py:4208] blue : variance --> out of range (variance = 31.199 / upper = 0.930 / lower = 0.010)
[20190129_062158 / lib_ip.py:3753] file = img.20190129_062156.2019-01-28_18-04-58_000.jpg.2.png / val_Average = 111.4790	val_Variance = 31.1989	sd = 5.5856	max = 124	min = 101
[20190129_062158 / lib_ip.py:4272] len(Hs) = 8100, len(Ss) = 8100, len(Vs) = 8100
[20190129_062158 / lib_ip.py:4316] black : variance --> out of range (variance = 31.199 / upper = 0.000 / lower = 0.000)
[20190129_062158 / lib_ip.py:4477] file : img.20190129_062156.2019-01-28_18-04-58_000.jpg.2.png 1 (black : variance --> out of range (variance = 31.199 / upper = 0.000 / lower = 0.000))
[20190129_062158 / lib_ip.py:2274] inspecting ===> img.20190129_062156.2019-01-28_18-04-58_000.jpg.3.png
[20190129_062159 / lib_ip.py:4399] 
img.20190129_062156.2019-01-28_18-04-58_000.jpg.3.png 2 ---------------------
[20190129_062159 / lib_ip.py:3753] file = img.20190129_062156.2019-01-28_18-04-58_000.jpg.3.png / val_Average = 119.9310	val_Variance = 0.0652	sd = 0.2554	max = 121	min = 119
[20190129_062159 / lib_ip.py:3836] len(Hs) = 8100, len(Ss) = 8100, len(Vs) = 8100
[20190129_062159 / lib_ip.py:3891] yellow : average --> out of range (average = 119.931 / upper = 99.200 / lower = 85.500)
[20190129_062159 / lib_ip.py:3753] file = img.20190129_062156.2019-01-28_18-04-58_000.jpg.3.png / val_Average = 119.9310	val_Variance = 0.0652	sd = 0.2554	max = 121	min = 119
[20190129_062159 / lib_ip.py:3936] len(Hs) = 8100, len(Ss) = 8100, len(Vs) = 8100
[20190129_062159 / lib_ip.py:2274] inspecting ===> img.20190129_062156.2019-01-28_18-04-58_000.jpg.4.png
[20190129_062159 / lib_ip.py:4399] 
img.20190129_062156.2019-01-28_18-04-58_000.jpg.4.png 3 ---------------------
[20190129_062159 / lib_ip.py:3753] file = img.20190129_062156.2019-01-28_18-04-58_000.jpg.4.png / val_Average = 107.0706	val_Variance = 3.2034	sd = 1.7898	max = 115	min = 99
[20190129_062159 / lib_ip.py:3836] len(Hs) = 8100, len(Ss) = 8100, len(Vs) = 8100
[20190129_062200 / lib_ip.py:3869] yellow : variance --> out of range (variance = 3.203 / upper = 0.650 / lower = 0.000)
[20190129_062200 / lib_ip.py:3753] file = img.20190129_062156.2019-01-28_18-04-58_000.jpg.4.png / val_Average = 107.0706	val_Variance = 3.2034	sd = 1.7898	max = 115	min = 99
[20190129_062200 / lib_ip.py:3936] len(Hs) = 8100, len(Ss) = 8100, len(Vs) = 8100
[20190129_062200 / lib_ip.py:3982] red : variance --> out of range (variance = 3.203 / upper = 0.430 / lower = 0.000)
[20190129_062200 / lib_ip.py:3753] file = img.20190129_062156.2019-01-28_18-04-58_000.jpg.4.png / val_Average = 107.0706	val_Variance = 3.2034	sd = 1.7898	max = 115	min = 99
[20190129_062200 / lib_ip.py:4052] len(Hs) = 8100, len(Ss) = 8100, len(Vs) = 8100
[20190129_062200 / lib_ip.py:4099] green : variance --> out of range (variance = 3.203 / upper = 0.760 / lower = 0.000)
[20190129_062200 / lib_ip.py:3753] file = img.20190129_062156.2019-01-28_18-04-58_000.jpg.4.png / val_Average = 107.0706	val_Variance = 3.2034	sd = 1.7898	max = 115	min = 99
[20190129_062200 / lib_ip.py:4169] len(Hs) = 8100, len(Ss) = 8100, len(Vs) = 8100
[20190129_062200 / lib_ip.py:4208] blue : variance --> out of range (variance = 3.203 / upper = 0.930 / lower = 0.010)
[20190129_062200 / lib_ip.py:3753] file = img.20190129_062156.2019-01-28_18-04-58_000.jpg.4.png / val_Average = 107.0706	val_Variance = 3.2034	sd = 1.7898	max = 115	min = 99
[20190129_062200 / lib_ip.py:4272] len(Hs) = 8100, len(Ss) = 8100, len(Vs) = 8100
[20190129_062200 / lib_ip.py:4316] black : variance --> out of range (variance = 3.203 / upper = 0.000 / lower = 0.000)
[20190129_062200 / lib_ip.py:4477] file : img.20190129_062156.2019-01-28_18-04-58_000.jpg.4.png 3 (black : variance --> out of range (variance = 3.203 / upper = 0.000 / lower = 0.000))
[20190129_062159 / lib_ip.py:2274] inspecting ===> img.20190129_062156.2019-01-28_18-04-58_000.jpg.4.png
img.20190129_062156.2019-01-28_18-04-58_000.jpg.1.png => other
img.20190129_062156.2019-01-28_18-04-58_000.jpg.2.png => other
img.20190129_062156.2019-01-28_18-04-58_000.jpg.3.png => other
img.20190129_062156.2019-01-28_18-04-58_000.jpg.4.png => other
[20190129_062200 lib_ip.py:3301] =============== Get 4 corners
dpath_Images = C:\WORKS_2\WS\WS_Others.Art\JVEMV6\46_art\VIRTUAL\Admin_Projects\ip\images
fname_Image = img.20190129_062156.2019-01-28_18-04-58_000.jpg.4.png

[20190129_062201 / lib_ip.py:2274] inspecting ===> img.20190129_062201.2019-01-28_18-05-23_000.jpg.1.png
[20190129_062201 / lib_ip.py:4399] 
img.20190129_062201.2019-01-28_18-05-23_000.jpg.1.png 0 ---------------------
[20190129_062201 / lib_ip.py:3753] file = img.20190129_062201.2019-01-28_18-05-23_000.jpg.1.png / val_Average = 107.5862	val_Variance = 436.8006	sd = 20.8998	max = 160	min = 0
[20190129_062201 / lib_ip.py:3836] len(Hs) = 8100, len(Ss) = 8100, len(Vs) = 8100
[20190129_062201 / lib_ip.py:3869] yellow : variance --> out of range (variance = 436.801 / upper = 0.650 / lower = 0.000)
[20190129_062201 / lib_ip.py:3753] file = img.20190129_062201.2019-01-28_18-05-23_000.jpg.1.png / val_Average = 107.5862	val_Variance = 436.8006	sd = 20.8998	max = 160	min = 0
[20190129_062201 / lib_ip.py:3936] len(Hs) = 8100, len(Ss) = 8100, len(Vs) = 8100
[20190129_062201 / lib_ip.py:3982] red : variance --> out of range (variance = 436.801 / upper = 0.430 / lower = 0.000)
[20190129_062202 / lib_ip.py:3753] file = img.20190129_062201.2019-01-28_18-05-23_000.jpg.1.png / val_Average = 107.5862	val_Variance = 436.8006	sd = 20.8998	max = 160	min = 0
[20190129_062202 / lib_ip.py:4052] len(Hs) = 8100, len(Ss) = 8100, len(Vs) = 8100
[20190129_062202 / lib_ip.py:4099] green : variance --> out of range (variance = 436.801 / upper = 0.760 / lower = 0.000)
[20190129_062202 / lib_ip.py:3753] file = img.20190129_062201.2019-01-28_18-05-23_000.jpg.1.png / val_Average = 107.5862	val_Variance = 436.8006	sd = 20.8998	max = 160	min = 0
[20190129_062202 / lib_ip.py:4169] len(Hs) = 8100, len(Ss) = 8100, len(Vs) = 8100
[20190129_062202 / lib_ip.py:4208] blue : variance --> out of range (variance = 436.801 / upper = 0.930 / lower = 0.010)
[20190129_062202 / lib_ip.py:3753] file = img.20190129_062201.2019-01-28_18-05-23_000.jpg.1.png / val_Average = 107.5862	val_Variance = 436.8006	sd = 20.8998	max = 160	min = 0
[20190129_062202 / lib_ip.py:4272] len(Hs) = 8100, len(Ss) = 8100, len(Vs) = 8100
[20190129_062202 / lib_ip.py:4316] black : variance --> out of range (variance = 436.801 / upper = 0.000 / lower = 0.000)
[20190129_062202 / lib_ip.py:4477] file : img.20190129_062201.2019-01-28_18-05-23_000.jpg.1.png 0 (black : variance --> out of range (variance = 436.801 / upper = 0.000 / lower = 0.000))
[20190129_062202 / lib_ip.py:2274] inspecting ===> img.20190129_062201.2019-01-28_18-05-23_000.jpg.2.png
[20190129_062202 / lib_ip.py:4399] 
img.20190129_062201.2019-01-28_18-05-23_000.jpg.2.png 1 ---------------------
[20190129_062202 / lib_ip.py:3753] file = img.20190129_062201.2019-01-28_18-05-23_000.jpg.2.png / val_Average = 107.0438	val_Variance = 1.8696	sd = 1.3673	max = 113	min = 103
[20190129_062202 / lib_ip.py:3836] len(Hs) = 8100, len(Ss) = 8100, len(Vs) = 8100
[20190129_062203 / lib_ip.py:3869] yellow : variance --> out of range (variance = 1.870 / upper = 0.650 / lower = 0.000)
[20190129_062203 / lib_ip.py:3753] file = img.20190129_062201.2019-01-28_18-05-23_000.jpg.2.png / val_Average = 107.0438	val_Variance = 1.8696	sd = 1.3673	max = 113	min = 103
[20190129_062203 / lib_ip.py:3936] len(Hs) = 8100, len(Ss) = 8100, len(Vs) = 8100
[20190129_062203 / lib_ip.py:3982] red : variance --> out of range (variance = 1.870 / upper = 0.430 / lower = 0.000)
[20190129_062203 / lib_ip.py:3753] file = img.20190129_062201.2019-01-28_18-05-23_000.jpg.2.png / val_Average = 107.0438	val_Variance = 1.8696	sd = 1.3673	max = 113	min = 103
[20190129_062203 / lib_ip.py:4052] len(Hs) = 8100, len(Ss) = 8100, len(Vs) = 8100
[20190129_062203 / lib_ip.py:4099] green : variance --> out of range (variance = 1.870 / upper = 0.760 / lower = 0.000)
[20190129_062203 / lib_ip.py:3753] file = img.20190129_062201.2019-01-28_18-05-23_000.jpg.2.png / val_Average = 107.0438	val_Variance = 1.8696	sd = 1.3673	max = 113	min = 103
[20190129_062203 / lib_ip.py:4169] len(Hs) = 8100, len(Ss) = 8100, len(Vs) = 8100
[20190129_062203 / lib_ip.py:4208] blue : variance --> out of range (variance = 1.870 / upper = 0.930 / lower = 0.010)
[20190129_062203 / lib_ip.py:3753] file = img.20190129_062201.2019-01-28_18-05-23_000.jpg.2.png / val_Average = 107.0438	val_Variance = 1.8696	sd = 1.3673	max = 113	min = 103
[20190129_062203 / lib_ip.py:4272] len(Hs) = 8100, len(Ss) = 8100, len(Vs) = 8100
[20190129_062203 / lib_ip.py:4316] black : variance --> out of range (variance = 1.870 / upper = 0.000 / lower = 0.000)
[20190129_062203 / lib_ip.py:4477] file : img.20190129_062201.2019-01-28_18-05-23_000.jpg.2.png 1 (black : variance --> out of range (variance = 1.870 / upper = 0.000 / lower = 0.000))
[20190129_062203 / lib_ip.py:2274] inspecting ===> img.20190129_062201.2019-01-28_18-05-23_000.jpg.3.png
[20190129_062204 / lib_ip.py:4399] 
img.20190129_062201.2019-01-28_18-05-23_000.jpg.3.png 2 ---------------------
[20190129_062204 / lib_ip.py:3753] file = img.20190129_062201.2019-01-28_18-05-23_000.jpg.3.png / val_Average = 77.0307	val_Variance = 0.3873	sd = 0.6224	max = 78	min = 75
[20190129_062204 / lib_ip.py:3836] len(Hs) = 8100, len(Ss) = 8100, len(Vs) = 8100
[20190129_062204 / lib_ip.py:3891] yellow : average --> out of range (average = 77.031 / upper = 99.200 / lower = 85.500)
[20190129_062204 / lib_ip.py:3753] file = img.20190129_062201.2019-01-28_18-05-23_000.jpg.3.png / val_Average = 77.0307	val_Variance = 0.3873	sd = 0.6224	max = 78	min = 75
[20190129_062204 / lib_ip.py:3936] len(Hs) = 8100, len(Ss) = 8100, len(Vs) = 8100
[20190129_062204 / lib_ip.py:4007] red : average --> out of range (average = 77.031 / upper = 124.000 / lower = 115.000)
[20190129_062204 / lib_ip.py:3753] file = img.20190129_062201.2019-01-28_18-05-23_000.jpg.3.png / val_Average = 77.0307	val_Variance = 0.3873	sd = 0.6224	max = 78	min = 75
[20190129_062204 / lib_ip.py:4052] len(Hs) = 8100, len(Ss) = 8100, len(Vs) = 8100
[20190129_062204 / lib_ip.py:2274] inspecting ===> img.20190129_062201.2019-01-28_18-05-23_000.jpg.4.png
[20190129_062204 / lib_ip.py:4399] 
img.20190129_062201.2019-01-28_18-05-23_000.jpg.4.png 3 ---------------------
[20190129_062204 / lib_ip.py:3753] file = img.20190129_062201.2019-01-28_18-05-23_000.jpg.4.png / val_Average = 120.2012	val_Variance = 0.2136	sd = 0.4621	max = 121	min = 119
[20190129_062204 / lib_ip.py:3836] len(Hs) = 8100, len(Ss) = 8100, len(Vs) = 8100
[20190129_062205 / lib_ip.py:3891] yellow : average --> out of range (average = 120.201 / upper = 99.200 / lower = 85.500)
[20190129_062205 / lib_ip.py:3753] file = img.20190129_062201.2019-01-28_18-05-23_000.jpg.4.png / val_Average = 120.2012	val_Variance = 0.2136	sd = 0.4621	max = 121	min = 119
[20190129_062205 / lib_ip.py:3936] len(Hs) = 8100, len(Ss) = 8100, len(Vs) = 8100
[20190129_062204 / lib_ip.py:2274] inspecting ===> img.20190129_062201.2019-01-28_18-05-23_000.jpg.4.png
img.20190129_062201.2019-01-28_18-05-23_000.jpg.1.png => other
img.20190129_062201.2019-01-28_18-05-23_000.jpg.2.png => other
img.20190129_062201.2019-01-28_18-05-23_000.jpg.3.png => other
img.20190129_062201.2019-01-28_18-05-23_000.jpg.4.png => other
[20190129_062205 lib_ip.py:3301] =============== Get 4 corners
dpath_Images = C:\WORKS_2\WS\WS_Others.Art\JVEMV6\46_art\VIRTUAL\Admin_Projects\ip\images
fname_Image = img.20190129_062201.2019-01-28_18-05-23_000.jpg.4.png

[20190129_062205 / lib_ip.py:2274] inspecting ===> img.20190129_062205.2019-01-28_20-12-19_000.jpg.1.png
[20190129_062206 / lib_ip.py:4399] 
img.20190129_062205.2019-01-28_20-12-19_000.jpg.1.png 0 ---------------------
[20190129_062206 / lib_ip.py:3753] file = img.20190129_062205.2019-01-28_20-12-19_000.jpg.1.png / val_Average = 68.6875	val_Variance = 1241.0005	sd = 35.2278	max = 160	min = 0
[20190129_062206 / lib_ip.py:3836] len(Hs) = 8100, len(Ss) = 8100, len(Vs) = 8100
[20190129_062206 / lib_ip.py:3869] yellow : variance --> out of range (variance = 1241.001 / upper = 0.650 / lower = 0.000)
[20190129_062206 / lib_ip.py:3753] file = img.20190129_062205.2019-01-28_20-12-19_000.jpg.1.png / val_Average = 68.6875	val_Variance = 1241.0005	sd = 35.2278	max = 160	min = 0
[20190129_062206 / lib_ip.py:3936] len(Hs) = 8100, len(Ss) = 8100, len(Vs) = 8100
[20190129_062206 / lib_ip.py:3982] red : variance --> out of range (variance = 1241.001 / upper = 0.430 / lower = 0.000)
[20190129_062206 / lib_ip.py:3753] file = img.20190129_062205.2019-01-28_20-12-19_000.jpg.1.png / val_Average = 68.6875	val_Variance = 1241.0005	sd = 35.2278	max = 160	min = 0
[20190129_062206 / lib_ip.py:4052] len(Hs) = 8100, len(Ss) = 8100, len(Vs) = 8100
[20190129_062206 / lib_ip.py:4099] green : variance --> out of range (variance = 1241.001 / upper = 0.760 / lower = 0.000)
[20190129_062206 / lib_ip.py:3753] file = img.20190129_062205.2019-01-28_20-12-19_000.jpg.1.png / val_Average = 68.6875	val_Variance = 1241.0005	sd = 35.2278	max = 160	min = 0
[20190129_062206 / lib_ip.py:4169] len(Hs) = 8100, len(Ss) = 8100, len(Vs) = 8100
[20190129_062206 / lib_ip.py:4208] blue : variance --> out of range (variance = 1241.001 / upper = 0.930 / lower = 0.010)
[20190129_062206 / lib_ip.py:3753] file = img.20190129_062205.2019-01-28_20-12-19_000.jpg.1.png / val_Average = 68.6875	val_Variance = 1241.0005	sd = 35.2278	max = 160	min = 0
[20190129_062206 / lib_ip.py:4272] len(Hs) = 8100, len(Ss) = 8100, len(Vs) = 8100
[20190129_062206 / lib_ip.py:4316] black : variance --> out of range (variance = 1241.001 / upper = 0.000 / lower = 0.000)
[20190129_062206 / lib_ip.py:4477] file : img.20190129_062205.2019-01-28_20-12-19_000.jpg.1.png 0 (black : variance --> out of range (variance = 1241.001 / upper = 0.000 / lower = 0.000))
[20190129_062206 / lib_ip.py:2274] inspecting ===> img.20190129_062205.2019-01-28_20-12-19_000.jpg.2.png
[20190129_062207 / lib_ip.py:4399] 
img.20190129_062205.2019-01-28_20-12-19_000.jpg.2.png 1 ---------------------
[20190129_062207 / lib_ip.py:3753] file = img.20190129_062205.2019-01-28_20-12-19_000.jpg.2.png / val_Average = 67.4062	val_Variance = 1522.5449	sd = 39.0198	max = 135	min = 0
[20190129_062207 / lib_ip.py:3836] len(Hs) = 8100, len(Ss) = 8100, len(Vs) = 8100
[20190129_062207 / lib_ip.py:3869] yellow : variance --> out of range (variance = 1522.545 / upper = 0.650 / lower = 0.000)
[20190129_062207 / lib_ip.py:3753] file = img.20190129_062205.2019-01-28_20-12-19_000.jpg.2.png / val_Average = 67.4062	val_Variance = 1522.5449	sd = 39.0198	max = 135	min = 0
[20190129_062207 / lib_ip.py:3936] len(Hs) = 8100, len(Ss) = 8100, len(Vs) = 8100
[20190129_062207 / lib_ip.py:3982] red : variance --> out of range (variance = 1522.545 / upper = 0.430 / lower = 0.000)
[20190129_062207 / lib_ip.py:3753] file = img.20190129_062205.2019-01-28_20-12-19_000.jpg.2.png / val_Average = 67.4062	val_Variance = 1522.5449	sd = 39.0198	max = 135	min = 0
[20190129_062207 / lib_ip.py:4052] len(Hs) = 8100, len(Ss) = 8100, len(Vs) = 8100
[20190129_062207 / lib_ip.py:4099] green : variance --> out of range (variance = 1522.545 / upper = 0.760 / lower = 0.000)
[20190129_062207 / lib_ip.py:3753] file = img.20190129_062205.2019-01-28_20-12-19_000.jpg.2.png / val_Average = 67.4062	val_Variance = 1522.5449	sd = 39.0198	max = 135	min = 0
[20190129_062207 / lib_ip.py:4169] len(Hs) = 8100, len(Ss) = 8100, len(Vs) = 8100
[20190129_062207 / lib_ip.py:4208] blue : variance --> out of range (variance = 1522.545 / upper = 0.930 / lower = 0.010)
[20190129_062208 / lib_ip.py:3753] file = img.20190129_062205.2019-01-28_20-12-19_000.jpg.2.png / val_Average = 67.4062	val_Variance = 1522.5449	sd = 39.0198	max = 135	min = 0
[20190129_062208 / lib_ip.py:4272] len(Hs) = 8100, len(Ss) = 8100, len(Vs) = 8100
[20190129_062208 / lib_ip.py:4316] black : variance --> out of range (variance = 1522.545 / upper = 0.000 / lower = 0.000)
[20190129_062208 / lib_ip.py:4477] file : img.20190129_062205.2019-01-28_20-12-19_000.jpg.2.png 1 (black : variance --> out of range (variance = 1522.545 / upper = 0.000 / lower = 0.000))
[20190129_062208 / lib_ip.py:2274] inspecting ===> img.20190129_062205.2019-01-28_20-12-19_000.jpg.3.png
[20190129_062208 / lib_ip.py:4399] 
img.20190129_062205.2019-01-28_20-12-19_000.jpg.3.png 2 ---------------------
[20190129_062208 / lib_ip.py:3753] file = img.20190129_062205.2019-01-28_20-12-19_000.jpg.3.png / val_Average = 92.2469	val_Variance = 0.1859	sd = 0.4312	max = 93	min = 92
[20190129_062208 / lib_ip.py:3836] len(Hs) = 8100, len(Ss) = 8100, len(Vs) = 8100
[20190129_062208 / lib_ip.py:2274] inspecting ===> img.20190129_062205.2019-01-28_20-12-19_000.jpg.4.png
[20190129_062208 / lib_ip.py:4399] 
img.20190129_062205.2019-01-28_20-12-19_000.jpg.4.png 3 ---------------------
[20190129_062208 / lib_ip.py:3753] file = img.20190129_062205.2019-01-28_20-12-19_000.jpg.4.png / val_Average = 64.6596	val_Variance = 1766.3564	sd = 42.0280	max = 160	min = 0
[20190129_062208 / lib_ip.py:3836] len(Hs) = 8100, len(Ss) = 8100, len(Vs) = 8100
[20190129_062208 / lib_ip.py:3869] yellow : variance --> out of range (variance = 1766.356 / upper = 0.650 / lower = 0.000)
[20190129_062208 / lib_ip.py:3753] file = img.20190129_062205.2019-01-28_20-12-19_000.jpg.4.png / val_Average = 64.6596	val_Variance = 1766.3564	sd = 42.0280	max = 160	min = 0
[20190129_062208 / lib_ip.py:3936] len(Hs) = 8100, len(Ss) = 8100, len(Vs) = 8100
[20190129_062209 / lib_ip.py:3982] red : variance --> out of range (variance = 1766.356 / upper = 0.430 / lower = 0.000)
[20190129_062209 / lib_ip.py:3753] file = img.20190129_062205.2019-01-28_20-12-19_000.jpg.4.png / val_Average = 64.6596	val_Variance = 1766.3564	sd = 42.0280	max = 160	min = 0
[20190129_062209 / lib_ip.py:4052] len(Hs) = 8100, len(Ss) = 8100, len(Vs) = 8100
[20190129_062209 / lib_ip.py:4099] green : variance --> out of range (variance = 1766.356 / upper = 0.760 / lower = 0.000)
[20190129_062209 / lib_ip.py:3753] file = img.20190129_062205.2019-01-28_20-12-19_000.jpg.4.png / val_Average = 64.6596	val_Variance = 1766.3564	sd = 42.0280	max = 160	min = 0
[20190129_062209 / lib_ip.py:4169] len(Hs) = 8100, len(Ss) = 8100, len(Vs) = 8100
[20190129_062209 / lib_ip.py:4208] blue : variance --> out of range (variance = 1766.356 / upper = 0.930 / lower = 0.010)
[20190129_062209 / lib_ip.py:3753] file = img.20190129_062205.2019-01-28_20-12-19_000.jpg.4.png / val_Average = 64.6596	val_Variance = 1766.3564	sd = 42.0280	max = 160	min = 0
[20190129_062209 / lib_ip.py:4272] len(Hs) = 8100, len(Ss) = 8100, len(Vs) = 8100
[20190129_062209 / lib_ip.py:4316] black : variance --> out of range (variance = 1766.356 / upper = 0.000 / lower = 0.000)
[20190129_062209 / lib_ip.py:4477] file : img.20190129_062205.2019-01-28_20-12-19_000.jpg.4.png 3 (black : variance --> out of range (variance = 1766.356 / upper = 0.000 / lower = 0.000))
[20190129_062208 / lib_ip.py:2274] inspecting ===> img.20190129_062205.2019-01-28_20-12-19_000.jpg.4.png
img.20190129_062205.2019-01-28_20-12-19_000.jpg.1.png => other
img.20190129_062205.2019-01-28_20-12-19_000.jpg.2.png => other
img.20190129_062205.2019-01-28_20-12-19_000.jpg.3.png => yellow
img.20190129_062205.2019-01-28_20-12-19_000.jpg.4.png => other
[20190129_062209 lib_ip.py:3301] =============== Get 4 corners
dpath_Images = C:\WORKS_2\WS\WS_Others.Art\JVEMV6\46_art\VIRTUAL\Admin_Projects\ip\images
fname_Image = img.20190129_062205.2019-01-28_20-12-19_000.jpg.4.png

[20190129_062209 / views.py:1411] gen csv => complete (20190129_062209)(elapsed = 40.545 sec / 9 files / 4.505 sec per file)
1)	2019-01-28_06-40-51_000.jpg => 	green green other other 
2)	2019-01-28_09-57-02_000.jpg => 	green other blue other 
3)	2019-01-28_11-57-01_000.jpg => 	yellow other other other 
4)	2019-01-28_13-06-22_000.jpg => 	other other blue other 
5)	2019-01-28_13-59-55_000.jpg => 	other other red red 
6)	2019-01-28_18-04-39_000.jpg => 	green other red other 
7)	2019-01-28_18-04-58_000.jpg => 	green other red other 
8)	2019-01-28_18-05-23_000.jpg => 	other other green red 
9)	2019-01-28_20-12-19_000.jpg => 	other other yellow other 
[20190129_062209 / views.py:1746] lo_ColorName_Set__Modified_2 =>
1)	2019-01-28_06-40-51_000.jpg => 	g g o o 
2)	2019-01-28_09-57-02_000.jpg => 	b g o o 
3)	2019-01-28_11-57-01_000.jpg => 	o o o y 
4)	2019-01-28_13-06-22_000.jpg => 	b o o o 
5)	2019-01-28_13-59-55_000.jpg => 	o o r r 
6)	2019-01-28_18-04-39_000.jpg => 	g o o r 
7)	2019-01-28_18-04-58_000.jpg => 	g o o r 
8)	2019-01-28_18-05-23_000.jpg => 	g o o r 
9)	2019-01-28_20-12-19_000.jpg => 	o o o y 
[20190129_062210 / views.py:1831] gen_Cake_CSV(request) ==> ending... =======================//

[20190129_063225 / views.py:1814] gen_Cake_CSV(request) ==> starting... =======================
[20190129_063226 / lib_ip.py:2274] inspecting ===> img.20190129_063226.2019-01-28_06-40-51_000.jpg.1.png
[20190129_063227 / lib_ip.py:4399] 
img.20190129_063226.2019-01-28_06-40-51_000.jpg.1.png 0 ---------------------
[20190129_063227 / lib_ip.py:3753] file = img.20190129_063226.2019-01-28_06-40-51_000.jpg.1.png / val_Average = 76.0884	val_Variance = 0.1682	sd = 0.4102	max = 77	min = 75
[20190129_063227 / lib_ip.py:3836] len(Hs) = 8100, len(Ss) = 8100, len(Vs) = 8100
[20190129_063227 / lib_ip.py:3891] yellow : average --> out of range (average = 76.088 / upper = 99.200 / lower = 85.500)
[20190129_063227 / lib_ip.py:3753] file = img.20190129_063226.2019-01-28_06-40-51_000.jpg.1.png / val_Average = 76.0884	val_Variance = 0.1682	sd = 0.4102	max = 77	min = 75
[20190129_063227 / lib_ip.py:3936] len(Hs) = 8100, len(Ss) = 8100, len(Vs) = 8100
[20190129_063227 / lib_ip.py:4007] red : average --> out of range (average = 76.088 / upper = 124.000 / lower = 115.000)
[20190129_063227 / lib_ip.py:3753] file = img.20190129_063226.2019-01-28_06-40-51_000.jpg.1.png / val_Average = 76.0884	val_Variance = 0.1682	sd = 0.4102	max = 77	min = 75
[20190129_063227 / lib_ip.py:4052] len(Hs) = 8100, len(Ss) = 8100, len(Vs) = 8100
[20190129_063227 / lib_ip.py:2274] inspecting ===> img.20190129_063226.2019-01-28_06-40-51_000.jpg.2.png
[20190129_063227 / lib_ip.py:4399] 
img.20190129_063226.2019-01-28_06-40-51_000.jpg.2.png 1 ---------------------
[20190129_063228 / lib_ip.py:3753] file = img.20190129_063226.2019-01-28_06-40-51_000.jpg.2.png / val_Average = 75.9790	val_Variance = 0.0514	sd = 0.2267	max = 77	min = 75
[20190129_063228 / lib_ip.py:3836] len(Hs) = 8100, len(Ss) = 8100, len(Vs) = 8100
[20190129_063228 / lib_ip.py:3891] yellow : average --> out of range (average = 75.979 / upper = 99.200 / lower = 85.500)
[20190129_063228 / lib_ip.py:3753] file = img.20190129_063226.2019-01-28_06-40-51_000.jpg.2.png / val_Average = 75.9790	val_Variance = 0.0514	sd = 0.2267	max = 77	min = 75
[20190129_063228 / lib_ip.py:3936] len(Hs) = 8100, len(Ss) = 8100, len(Vs) = 8100
[20190129_063228 / lib_ip.py:4007] red : average --> out of range (average = 75.979 / upper = 124.000 / lower = 115.000)
[20190129_063228 / lib_ip.py:3753] file = img.20190129_063226.2019-01-28_06-40-51_000.jpg.2.png / val_Average = 75.9790	val_Variance = 0.0514	sd = 0.2267	max = 77	min = 75
[20190129_063228 / lib_ip.py:4052] len(Hs) = 8100, len(Ss) = 8100, len(Vs) = 8100
[20190129_063228 / lib_ip.py:2274] inspecting ===> img.20190129_063226.2019-01-28_06-40-51_000.jpg.3.png
