[20181103_085736 / views.py:1955] exec_get_4_corners(request) ================================
[20181103_085739 / lib_ip.py:1960] lo_Color_Names =>
img.20181103_085738.2018-11-02_06-35-15_000.jpg.1.png => other
img.20181103_085738.2018-11-02_06-35-15_000.jpg.2.png => other
img.20181103_085738.2018-11-02_06-35-15_000.jpg.3.png => other
img.20181103_085738.2018-11-02_06-35-15_000.jpg.4.png => other
[20181103_085739 / lib_ip.py:4331] 
2018-11-02_06-35-15_000.jpg 0 ---------------------
[20181103_085739 / lib_ip.py:3794] file = 2018-11-02_06-35-15_000.jpg / val_Average = 79.6909	val_Variance = 0.2632	sd = 0.5130	max = 81	min = 79
[20181103_085739 / lib_ip.py:3877] len(Hs) = 8100, len(Ss) = 8100, len(Vs) = 8100
[20181103_085740 / lib_ip.py:3932] yellow : average --> out of range (average = 79.691 / upper = 99.200 / lower = 88.000)
[20181103_085740 / lib_ip.py:3794] file = 2018-11-02_06-35-15_000.jpg / val_Average = 79.6909	val_Variance = 0.2632	sd = 0.5130	max = 81	min = 79
[20181103_085740 / lib_ip.py:3977] len(Hs) = 8100, len(Ss) = 8100, len(Vs) = 8100
[20181103_085740 / lib_ip.py:4048] red : average --> out of range (average = 79.691 / upper = 124.000 / lower = 115.000)
[20181103_085740 / lib_ip.py:3794] file = 2018-11-02_06-35-15_000.jpg / val_Average = 79.6909	val_Variance = 0.2632	sd = 0.5130	max = 81	min = 79
[20181103_085740 / lib_ip.py:4090] len(Hs) = 8100, len(Ss) = 8100, len(Vs) = 8100
[20181103_085740 / lib_ip.py:4331] 
2018-11-02_06-35-15_000.jpg 1 ---------------------
[20181103_085740 / lib_ip.py:3794] file = 2018-11-02_06-35-15_000.jpg / val_Average = 79.7323	val_Variance = 0.7521	sd = 0.8672	max = 81	min = 79
[20181103_085740 / lib_ip.py:3877] len(Hs) = 8100, len(Ss) = 8100, len(Vs) = 8100
[20181103_085740 / lib_ip.py:3910] yellow : variance --> out of range (variance = 0.752 / upper = 0.650 / lower = 0.000)
[20181103_085740 / lib_ip.py:3794] file = 2018-11-02_06-35-15_000.jpg / val_Average = 79.7323	val_Variance = 0.7521	sd = 0.8672	max = 81	min = 79
[20181103_085740 / lib_ip.py:3977] len(Hs) = 8100, len(Ss) = 8100, len(Vs) = 8100
[20181103_085740 / lib_ip.py:4023] red : variance --> out of range (variance = 0.752 / upper = 0.430 / lower = 0.000)
[20181103_085740 / lib_ip.py:3794] file = 2018-11-02_06-35-15_000.jpg / val_Average = 79.7323	val_Variance = 0.7521	sd = 0.8672	max = 81	min = 79
[20181103_085740 / lib_ip.py:4090] len(Hs) = 8100, len(Ss) = 8100, len(Vs) = 8100
[20181103_085740 / lib_ip.py:4331] 
2018-11-02_06-35-15_000.jpg 2 ---------------------
[20181103_085741 / lib_ip.py:3794] file = 2018-11-02_06-35-15_000.jpg / val_Average = 20.4917	val_Variance = 2007.0114	sd = 44.7997	max = 178	min = 0
[20181103_085741 / lib_ip.py:3877] len(Hs) = 8100, len(Ss) = 8100, len(Vs) = 8100
[20181103_085741 / lib_ip.py:3910] yellow : variance --> out of range (variance = 2007.011 / upper = 0.650 / lower = 0.000)
[20181103_085741 / lib_ip.py:3794] file = 2018-11-02_06-35-15_000.jpg / val_Average = 20.4917	val_Variance = 2007.0114	sd = 44.7997	max = 178	min = 0
[20181103_085741 / lib_ip.py:3977] len(Hs) = 8100, len(Ss) = 8100, len(Vs) = 8100
[20181103_085741 / lib_ip.py:4023] red : variance --> out of range (variance = 2007.011 / upper = 0.430 / lower = 0.000)
[20181103_085741 / lib_ip.py:3794] file = 2018-11-02_06-35-15_000.jpg / val_Average = 20.4917	val_Variance = 2007.0114	sd = 44.7997	max = 178	min = 0
[20181103_085741 / lib_ip.py:4090] len(Hs) = 8100, len(Ss) = 8100, len(Vs) = 8100
[20181103_085741 / lib_ip.py:4137] green : variance --> out of range (variance = 2007.011 / upper = 0.760 / lower = 0.000)
[20181103_085741 / lib_ip.py:3794] file = 2018-11-02_06-35-15_000.jpg / val_Average = 20.4917	val_Variance = 2007.0114	sd = 44.7997	max = 178	min = 0
[20181103_085741 / lib_ip.py:4204] len(Hs) = 8100, len(Ss) = 8100, len(Vs) = 8100
[20181103_085741 / lib_ip.py:4248] black : variance --> out of range (variance = 2007.011 / upper = 0.000 / lower = 0.000)
[20181103_085741 / lib_ip.py:4399] file : 2018-11-02_06-35-15_000.jpg 2 (black : variance --> out of range (variance = 2007.011 / upper = 0.000 / lower = 0.000))
[20181103_085741 / lib_ip.py:4331] 
2018-11-02_06-35-15_000.jpg 3 ---------------------
[20181103_085741 / lib_ip.py:3794] file = 2018-11-02_06-35-15_000.jpg / val_Average = 107.9105	val_Variance = 1.8235	sd = 1.3504	max = 113	min = 103
[20181103_085741 / lib_ip.py:3877] len(Hs) = 8100, len(Ss) = 8100, len(Vs) = 8100
[20181103_085741 / lib_ip.py:3910] yellow : variance --> out of range (variance = 1.823 / upper = 0.650 / lower = 0.000)
[20181103_085741 / lib_ip.py:3794] file = 2018-11-02_06-35-15_000.jpg / val_Average = 107.9105	val_Variance = 1.8235	sd = 1.3504	max = 113	min = 103
[20181103_085741 / lib_ip.py:3977] len(Hs) = 8100, len(Ss) = 8100, len(Vs) = 8100
[20181103_085742 / lib_ip.py:4023] red : variance --> out of range (variance = 1.823 / upper = 0.430 / lower = 0.000)
[20181103_085742 / lib_ip.py:3794] file = 2018-11-02_06-35-15_000.jpg / val_Average = 107.9105	val_Variance = 1.8235	sd = 1.3504	max = 113	min = 103
[20181103_085742 / lib_ip.py:4090] len(Hs) = 8100, len(Ss) = 8100, len(Vs) = 8100
[20181103_085742 / lib_ip.py:4137] green : variance --> out of range (variance = 1.823 / upper = 0.760 / lower = 0.000)
[20181103_085742 / lib_ip.py:3794] file = 2018-11-02_06-35-15_000.jpg / val_Average = 107.9105	val_Variance = 1.8235	sd = 1.3504	max = 113	min = 103
[20181103_085742 / lib_ip.py:4204] len(Hs) = 8100, len(Ss) = 8100, len(Vs) = 8100
[20181103_085742 / lib_ip.py:4248] black : variance --> out of range (variance = 1.823 / upper = 0.000 / lower = 0.000)
[20181103_085742 / lib_ip.py:4399] file : 2018-11-02_06-35-15_000.jpg 3 (black : variance --> out of range (variance = 1.823 / upper = 0.000 / lower = 0.000))
[20181103_085742 / lib_ip.py:2020] lo_Color_Names_2 =>
file = img.20181103_085738.2018-11-02_06-35-15_000.jpg.1.png / color name = green
file = img.20181103_085738.2018-11-02_06-35-15_000.jpg.2.png / color name = green
file = img.20181103_085738.2018-11-02_06-35-15_000.jpg.3.png / color name = other
file = img.20181103_085738.2018-11-02_06-35-15_000.jpg.4.png / color name = other
[20181103_085905 / views.py:1955] exec_get_4_corners(request) ================================
[20181103_085907 / lib_ip.py:1960] lo_Color_Names =>
img.20181103_085906.2018-11-03_08-16-40_000.jpg.1.png => other
img.20181103_085906.2018-11-03_08-16-40_000.jpg.2.png => other
img.20181103_085906.2018-11-03_08-16-40_000.jpg.3.png => other
img.20181103_085906.2018-11-03_08-16-40_000.jpg.4.png => other
[20181103_085907 / lib_ip.py:4331] 
2018-11-03_08-16-40_000.jpg 0 ---------------------
[20181103_085907 / lib_ip.py:3794] file = 2018-11-03_08-16-40_000.jpg / val_Average = 100.6579	val_Variance = 9.1591	sd = 3.0264	max = 112	min = 90
[20181103_085907 / lib_ip.py:3877] len(Hs) = 8100, len(Ss) = 8100, len(Vs) = 8100
[20181103_085907 / lib_ip.py:3910] yellow : variance --> out of range (variance = 9.159 / upper = 0.650 / lower = 0.000)
[20181103_085908 / lib_ip.py:3794] file = 2018-11-03_08-16-40_000.jpg / val_Average = 100.6579	val_Variance = 9.1591	sd = 3.0264	max = 112	min = 90
[20181103_085908 / lib_ip.py:3977] len(Hs) = 8100, len(Ss) = 8100, len(Vs) = 8100
[20181103_085908 / lib_ip.py:4023] red : variance --> out of range (variance = 9.159 / upper = 0.430 / lower = 0.000)
[20181103_085908 / lib_ip.py:3794] file = 2018-11-03_08-16-40_000.jpg / val_Average = 100.6579	val_Variance = 9.1591	sd = 3.0264	max = 112	min = 90
[20181103_085908 / lib_ip.py:4090] len(Hs) = 8100, len(Ss) = 8100, len(Vs) = 8100
[20181103_085908 / lib_ip.py:4137] green : variance --> out of range (variance = 9.159 / upper = 0.760 / lower = 0.000)
[20181103_085908 / lib_ip.py:3794] file = 2018-11-03_08-16-40_000.jpg / val_Average = 100.6579	val_Variance = 9.1591	sd = 3.0264	max = 112	min = 90
[20181103_085908 / lib_ip.py:4204] len(Hs) = 8100, len(Ss) = 8100, len(Vs) = 8100
[20181103_085908 / lib_ip.py:4248] black : variance --> out of range (variance = 9.159 / upper = 0.000 / lower = 0.000)
[20181103_085908 / lib_ip.py:4399] file : 2018-11-03_08-16-40_000.jpg 0 (black : variance --> out of range (variance = 9.159 / upper = 0.000 / lower = 0.000))
[20181103_085908 / lib_ip.py:4331] 
2018-11-03_08-16-40_000.jpg 1 ---------------------
[20181103_085908 / lib_ip.py:3794] file = 2018-11-03_08-16-40_000.jpg / val_Average = 0.0000	val_Variance = 0.0000	sd = 0.0000	max = 0	min = 0
[20181103_085908 / lib_ip.py:3877] len(Hs) = 8100, len(Ss) = 8100, len(Vs) = 8100
[20181103_085908 / lib_ip.py:3932] yellow : average --> out of range (average = 0.000 / upper = 99.200 / lower = 88.000)
[20181103_085908 / lib_ip.py:3794] file = 2018-11-03_08-16-40_000.jpg / val_Average = 0.0000	val_Variance = 0.0000	sd = 0.0000	max = 0	min = 0
[20181103_085908 / lib_ip.py:3977] len(Hs) = 8100, len(Ss) = 8100, len(Vs) = 8100
[20181103_085908 / lib_ip.py:4048] red : average --> out of range (average = 0.000 / upper = 124.000 / lower = 115.000)
[20181103_085909 / lib_ip.py:3794] file = 2018-11-03_08-16-40_000.jpg / val_Average = 0.0000	val_Variance = 0.0000	sd = 0.0000	max = 0	min = 0
[20181103_085909 / lib_ip.py:4090] len(Hs) = 8100, len(Ss) = 8100, len(Vs) = 8100
[20181103_085909 / lib_ip.py:4162] green : average --> out of range (average = 0.000 / upper = 83.000 / lower = 58.000)
[20181103_085909 / lib_ip.py:3794] file = 2018-11-03_08-16-40_000.jpg / val_Average = 0.0000	val_Variance = 0.0000	sd = 0.0000	max = 0	min = 0
[20181103_085909 / lib_ip.py:4204] len(Hs) = 8100, len(Ss) = 8100, len(Vs) = 8100
[20181103_085909 / lib_ip.py:4331] 
2018-11-03_08-16-40_000.jpg 2 ---------------------
[20181103_085909 / lib_ip.py:3794] file = 2018-11-03_08-16-40_000.jpg / val_Average = 100.2433	val_Variance = 0.5634	sd = 0.7506	max = 102	min = 96
[20181103_085909 / lib_ip.py:3877] len(Hs) = 8100, len(Ss) = 8100, len(Vs) = 8100
[20181103_085909 / lib_ip.py:3932] yellow : average --> out of range (average = 100.243 / upper = 99.200 / lower = 88.000)
[20181103_085909 / lib_ip.py:3794] file = 2018-11-03_08-16-40_000.jpg / val_Average = 100.2433	val_Variance = 0.5634	sd = 0.7506	max = 102	min = 96
[20181103_085909 / lib_ip.py:3977] len(Hs) = 8100, len(Ss) = 8100, len(Vs) = 8100
[20181103_085909 / lib_ip.py:4023] red : variance --> out of range (variance = 0.563 / upper = 0.430 / lower = 0.000)
[20181103_085909 / lib_ip.py:3794] file = 2018-11-03_08-16-40_000.jpg / val_Average = 100.2433	val_Variance = 0.5634	sd = 0.7506	max = 102	min = 96
[20181103_085909 / lib_ip.py:4090] len(Hs) = 8100, len(Ss) = 8100, len(Vs) = 8100
[20181103_085909 / lib_ip.py:4162] green : average --> out of range (average = 100.243 / upper = 83.000 / lower = 58.000)
[20181103_085909 / lib_ip.py:3794] file = 2018-11-03_08-16-40_000.jpg / val_Average = 100.2433	val_Variance = 0.5634	sd = 0.7506	max = 102	min = 96
[20181103_085909 / lib_ip.py:4204] len(Hs) = 8100, len(Ss) = 8100, len(Vs) = 8100
[20181103_085909 / lib_ip.py:4248] black : variance --> out of range (variance = 0.563 / upper = 0.000 / lower = 0.000)
[20181103_085909 / lib_ip.py:4399] file : 2018-11-03_08-16-40_000.jpg 2 (black : variance --> out of range (variance = 0.563 / upper = 0.000 / lower = 0.000))
[20181103_085909 / lib_ip.py:4331] 
2018-11-03_08-16-40_000.jpg 3 ---------------------
[20181103_085910 / lib_ip.py:3794] file = 2018-11-03_08-16-40_000.jpg / val_Average = 100.9888	val_Variance = 0.5417	sd = 0.7360	max = 103	min = 98
[20181103_085910 / lib_ip.py:3877] len(Hs) = 8100, len(Ss) = 8100, len(Vs) = 8100
[20181103_085910 / lib_ip.py:3932] yellow : average --> out of range (average = 100.989 / upper = 99.200 / lower = 88.000)
[20181103_085910 / lib_ip.py:3794] file = 2018-11-03_08-16-40_000.jpg / val_Average = 100.9888	val_Variance = 0.5417	sd = 0.7360	max = 103	min = 98
[20181103_085910 / lib_ip.py:3977] len(Hs) = 8100, len(Ss) = 8100, len(Vs) = 8100
[20181103_085910 / lib_ip.py:4023] red : variance --> out of range (variance = 0.542 / upper = 0.430 / lower = 0.000)
[20181103_085910 / lib_ip.py:3794] file = 2018-11-03_08-16-40_000.jpg / val_Average = 100.9888	val_Variance = 0.5417	sd = 0.7360	max = 103	min = 98
[20181103_085910 / lib_ip.py:4090] len(Hs) = 8100, len(Ss) = 8100, len(Vs) = 8100
[20181103_085910 / lib_ip.py:4162] green : average --> out of range (average = 100.989 / upper = 83.000 / lower = 58.000)
[20181103_085910 / lib_ip.py:3794] file = 2018-11-03_08-16-40_000.jpg / val_Average = 100.9888	val_Variance = 0.5417	sd = 0.7360	max = 103	min = 98
[20181103_085910 / lib_ip.py:4204] len(Hs) = 8100, len(Ss) = 8100, len(Vs) = 8100
[20181103_085910 / lib_ip.py:4248] black : variance --> out of range (variance = 0.542 / upper = 0.000 / lower = 0.000)
[20181103_085910 / lib_ip.py:4399] file : 2018-11-03_08-16-40_000.jpg 3 (black : variance --> out of range (variance = 0.542 / upper = 0.000 / lower = 0.000))
[20181103_085910 / lib_ip.py:2020] lo_Color_Names_2 =>
file = img.20181103_085906.2018-11-03_08-16-40_000.jpg.1.png / color name = other
file = img.20181103_085906.2018-11-03_08-16-40_000.jpg.2.png / color name = black
file = img.20181103_085906.2018-11-03_08-16-40_000.jpg.3.png / color name = other
file = img.20181103_085906.2018-11-03_08-16-40_000.jpg.4.png / color name = other
