[20190613_080904 / views.py:1822] gen_Cake_CSV(request) ==> starting... =======================
[20190613_080905 / lib_ip.py:2274] inspecting ===> img.20190613_080905.2019-06-12_11-37-49_000.jpg.1.png
[20190613_080906 / lib_ip.py:4505] 
img.20190613_080905.2019-06-12_11-37-49_000.jpg.1.png 0 ---------------------
[20190613_080906 / lib_ip.py:3753] file = img.20190613_080905.2019-06-12_11-37-49_000.jpg.1.png / val_Average = 115.0506	val_Variance = 34.3434	sd = 5.8603	max = 131	min = 107
[20190613_080906 / lib_ip.py:3836] len(Hs) = 8100, len(Ss) = 8100, len(Vs) = 8100
[20190613_080906 / lib_ip.py:3869] yellow : variance --> out of range (variance = 34.343 / upper = 0.650 / lower = 0.000)
[20190613_080906 / lib_ip.py:3753] file = img.20190613_080905.2019-06-12_11-37-49_000.jpg.1.png / val_Average = 115.0506	val_Variance = 34.3434	sd = 5.8603	max = 131	min = 107
[20190613_080907 / lib_ip.py:3936] len(Hs) = 8100, len(Ss) = 8100, len(Vs) = 8100
[20190613_080907 / lib_ip.py:3982] red : variance --> out of range (variance = 34.343 / upper = 0.430 / lower = 0.000)
[20190613_080907 / lib_ip.py:3753] file = img.20190613_080905.2019-06-12_11-37-49_000.jpg.1.png / val_Average = 115.0506	val_Variance = 34.3434	sd = 5.8603	max = 131	min = 107
[20190613_080907 / lib_ip.py:4052] len(Hs) = 8100, len(Ss) = 8100, len(Vs) = 8100
[20190613_080907 / lib_ip.py:4099] green : variance --> out of range (variance = 34.343 / upper = 0.760 / lower = 0.000)
[20190613_080907 / lib_ip.py:3753] file = img.20190613_080905.2019-06-12_11-37-49_000.jpg.1.png / val_Average = 115.0506	val_Variance = 34.3434	sd = 5.8603	max = 131	min = 107
[20190613_080907 / lib_ip.py:4169] len(Hs) = 8100, len(Ss) = 8100, len(Vs) = 8100
[20190613_080908 / lib_ip.py:4208] blue : variance --> out of range (variance = 34.343 / upper = 0.930 / lower = 0.010)
[20190613_080908 / lib_ip.py:3753] file = img.20190613_080905.2019-06-12_11-37-49_000.jpg.1.png / val_Average = 115.0506	val_Variance = 34.3434	sd = 5.8603	max = 131	min = 107
[20190613_080908 / lib_ip.py:4275] len(Hs) = 8100, len(Ss) = 8100, len(Vs) = 8100
[20190613_080908 / lib_ip.py:4314] pink : variance --> out of range (variance = 34.343 / upper = 0.750 / lower = 0.030)
[20190613_080908 / lib_ip.py:3753] file = img.20190613_080905.2019-06-12_11-37-49_000.jpg.1.png / val_Average = 115.0506	val_Variance = 34.3434	sd = 5.8603	max = 131	min = 107
[20190613_080908 / lib_ip.py:4378] len(Hs) = 8100, len(Ss) = 8100, len(Vs) = 8100
[20190613_080908 / lib_ip.py:4422] black : variance --> out of range (variance = 34.343 / upper = 0.000 / lower = 0.000)
[20190613_080908 / lib_ip.py:4593] file : img.20190613_080905.2019-06-12_11-37-49_000.jpg.1.png 0 (black : variance --> out of range (variance = 34.343 / upper = 0.000 / lower = 0.000))
[20190613_080908 / lib_ip.py:2274] inspecting ===> img.20190613_080905.2019-06-12_11-37-49_000.jpg.2.png
[20190613_080909 / lib_ip.py:4505] 
img.20190613_080905.2019-06-12_11-37-49_000.jpg.2.png 1 ---------------------
[20190613_080909 / lib_ip.py:3753] file = img.20190613_080905.2019-06-12_11-37-49_000.jpg.2.png / val_Average = 94.5638	val_Variance = 359.1395	sd = 18.9510	max = 135	min = 0
[20190613_080909 / lib_ip.py:3836] len(Hs) = 8100, len(Ss) = 8100, len(Vs) = 8100
[20190613_080909 / lib_ip.py:3869] yellow : variance --> out of range (variance = 359.140 / upper = 0.650 / lower = 0.000)
[20190613_080909 / lib_ip.py:3753] file = img.20190613_080905.2019-06-12_11-37-49_000.jpg.2.png / val_Average = 94.5638	val_Variance = 359.1395	sd = 18.9510	max = 135	min = 0
[20190613_080909 / lib_ip.py:3936] len(Hs) = 8100, len(Ss) = 8100, len(Vs) = 8100
[20190613_080909 / lib_ip.py:3982] red : variance --> out of range (variance = 359.140 / upper = 0.430 / lower = 0.000)
[20190613_080910 / lib_ip.py:3753] file = img.20190613_080905.2019-06-12_11-37-49_000.jpg.2.png / val_Average = 94.5638	val_Variance = 359.1395	sd = 18.9510	max = 135	min = 0
[20190613_080910 / lib_ip.py:4052] len(Hs) = 8100, len(Ss) = 8100, len(Vs) = 8100
[20190613_080910 / lib_ip.py:4099] green : variance --> out of range (variance = 359.140 / upper = 0.760 / lower = 0.000)
[20190613_080910 / lib_ip.py:3753] file = img.20190613_080905.2019-06-12_11-37-49_000.jpg.2.png / val_Average = 94.5638	val_Variance = 359.1395	sd = 18.9510	max = 135	min = 0
[20190613_080910 / lib_ip.py:4169] len(Hs) = 8100, len(Ss) = 8100, len(Vs) = 8100
[20190613_080910 / lib_ip.py:4208] blue : variance --> out of range (variance = 359.140 / upper = 0.930 / lower = 0.010)
[20190613_080910 / lib_ip.py:3753] file = img.20190613_080905.2019-06-12_11-37-49_000.jpg.2.png / val_Average = 94.5638	val_Variance = 359.1395	sd = 18.9510	max = 135	min = 0
[20190613_080910 / lib_ip.py:4275] len(Hs) = 8100, len(Ss) = 8100, len(Vs) = 8100
[20190613_080910 / lib_ip.py:4314] pink : variance --> out of range (variance = 359.140 / upper = 0.750 / lower = 0.030)
[20190613_080911 / lib_ip.py:3753] file = img.20190613_080905.2019-06-12_11-37-49_000.jpg.2.png / val_Average = 94.5638	val_Variance = 359.1395	sd = 18.9510	max = 135	min = 0
[20190613_080911 / lib_ip.py:4378] len(Hs) = 8100, len(Ss) = 8100, len(Vs) = 8100
[20190613_080911 / lib_ip.py:4422] black : variance --> out of range (variance = 359.140 / upper = 0.000 / lower = 0.000)
[20190613_080911 / lib_ip.py:4593] file : img.20190613_080905.2019-06-12_11-37-49_000.jpg.2.png 1 (black : variance --> out of range (variance = 359.140 / upper = 0.000 / lower = 0.000))
[20190613_080911 / lib_ip.py:2274] inspecting ===> img.20190613_080905.2019-06-12_11-37-49_000.jpg.3.png
[20190613_080911 / lib_ip.py:4505] 
img.20190613_080905.2019-06-12_11-37-49_000.jpg.3.png 2 ---------------------
[20190613_080912 / lib_ip.py:3753] file = img.20190613_080905.2019-06-12_11-37-49_000.jpg.3.png / val_Average = 108.7807	val_Variance = 1.6104	sd = 1.2690	max = 115	min = 105
[20190613_080912 / lib_ip.py:3836] len(Hs) = 8100, len(Ss) = 8100, len(Vs) = 8100
[20190613_080912 / lib_ip.py:3869] yellow : variance --> out of range (variance = 1.610 / upper = 0.650 / lower = 0.000)
[20190613_080912 / lib_ip.py:3753] file = img.20190613_080905.2019-06-12_11-37-49_000.jpg.3.png / val_Average = 108.7807	val_Variance = 1.6104	sd = 1.2690	max = 115	min = 105
[20190613_080912 / lib_ip.py:3936] len(Hs) = 8100, len(Ss) = 8100, len(Vs) = 8100
[20190613_080912 / lib_ip.py:3982] red : variance --> out of range (variance = 1.610 / upper = 0.430 / lower = 0.000)
[20190613_080912 / lib_ip.py:3753] file = img.20190613_080905.2019-06-12_11-37-49_000.jpg.3.png / val_Average = 108.7807	val_Variance = 1.6104	sd = 1.2690	max = 115	min = 105
[20190613_080912 / lib_ip.py:4052] len(Hs) = 8100, len(Ss) = 8100, len(Vs) = 8100
[20190613_080912 / lib_ip.py:4099] green : variance --> out of range (variance = 1.610 / upper = 0.760 / lower = 0.000)
[20190613_080912 / lib_ip.py:3753] file = img.20190613_080905.2019-06-12_11-37-49_000.jpg.3.png / val_Average = 108.7807	val_Variance = 1.6104	sd = 1.2690	max = 115	min = 105
[20190613_080912 / lib_ip.py:4169] len(Hs) = 8100, len(Ss) = 8100, len(Vs) = 8100
[20190613_080912 / lib_ip.py:4208] blue : variance --> out of range (variance = 1.610 / upper = 0.930 / lower = 0.010)
[20190613_080912 / lib_ip.py:3753] file = img.20190613_080905.2019-06-12_11-37-49_000.jpg.3.png / val_Average = 108.7807	val_Variance = 1.6104	sd = 1.2690	max = 115	min = 105
[20190613_080913 / lib_ip.py:4275] len(Hs) = 8100, len(Ss) = 8100, len(Vs) = 8100
[20190613_080913 / lib_ip.py:4314] pink : variance --> out of range (variance = 1.610 / upper = 0.750 / lower = 0.030)
[20190613_080913 / lib_ip.py:3753] file = img.20190613_080905.2019-06-12_11-37-49_000.jpg.3.png / val_Average = 108.7807	val_Variance = 1.6104	sd = 1.2690	max = 115	min = 105
[20190613_080913 / lib_ip.py:4378] len(Hs) = 8100, len(Ss) = 8100, len(Vs) = 8100
[20190613_080913 / lib_ip.py:4422] black : variance --> out of range (variance = 1.610 / upper = 0.000 / lower = 0.000)
[20190613_080913 / lib_ip.py:4593] file : img.20190613_080905.2019-06-12_11-37-49_000.jpg.3.png 2 (black : variance --> out of range (variance = 1.610 / upper = 0.000 / lower = 0.000))
[20190613_080913 / lib_ip.py:2274] inspecting ===> img.20190613_080905.2019-06-12_11-37-49_000.jpg.4.png
[20190613_080913 / lib_ip.py:4505] 
img.20190613_080905.2019-06-12_11-37-49_000.jpg.4.png 3 ---------------------
[20190613_080913 / lib_ip.py:3753] file = img.20190613_080905.2019-06-12_11-37-49_000.jpg.4.png / val_Average = 92.0904	val_Variance = 0.0822	sd = 0.2867	max = 93	min = 92
[20190613_080913 / lib_ip.py:3836] len(Hs) = 8100, len(Ss) = 8100, len(Vs) = 8100
[20190613_080913 / lib_ip.py:2274] inspecting ===> img.20190613_080905.2019-06-12_11-37-49_000.jpg.4.png
img.20190613_080905.2019-06-12_11-37-49_000.jpg.1.png => other
img.20190613_080905.2019-06-12_11-37-49_000.jpg.2.png => other
img.20190613_080905.2019-06-12_11-37-49_000.jpg.3.png => other
img.20190613_080905.2019-06-12_11-37-49_000.jpg.4.png => other
[20190613_080913 lib_ip.py:3301] =============== Get 4 corners
dpath_Images = C:\WORKS_2\WS\WS_Others.Art\JVEMV6\46_art\VIRTUAL\Admin_Projects\ip\images
fname_Image = img.20190613_080905.2019-06-12_11-37-49_000.jpg.4.png

[20190613_080915 / lib_ip.py:2274] inspecting ===> img.20190613_080915.2019-06-12_16-29-40_000.jpg.1.png
[20190613_080915 / lib_ip.py:4505] 
img.20190613_080915.2019-06-12_16-29-40_000.jpg.1.png 0 ---------------------
[20190613_080915 / lib_ip.py:3753] file = img.20190613_080915.2019-06-12_16-29-40_000.jpg.1.png / val_Average = 75.9285	val_Variance = 0.1197	sd = 0.3460	max = 77	min = 75
[20190613_080915 / lib_ip.py:3836] len(Hs) = 8100, len(Ss) = 8100, len(Vs) = 8100
[20190613_080916 / lib_ip.py:3891] yellow : average --> out of range (average = 75.929 / upper = 99.200 / lower = 85.500)
[20190613_080916 / lib_ip.py:3753] file = img.20190613_080915.2019-06-12_16-29-40_000.jpg.1.png / val_Average = 75.9285	val_Variance = 0.1197	sd = 0.3460	max = 77	min = 75
[20190613_080916 / lib_ip.py:3936] len(Hs) = 8100, len(Ss) = 8100, len(Vs) = 8100
[20190613_080916 / lib_ip.py:4007] red : average --> out of range (average = 75.929 / upper = 124.600 / lower = 115.000)
[20190613_080916 / lib_ip.py:3753] file = img.20190613_080915.2019-06-12_16-29-40_000.jpg.1.png / val_Average = 75.9285	val_Variance = 0.1197	sd = 0.3460	max = 77	min = 75
[20190613_080916 / lib_ip.py:4052] len(Hs) = 8100, len(Ss) = 8100, len(Vs) = 8100
[20190613_080916 / lib_ip.py:2274] inspecting ===> img.20190613_080915.2019-06-12_16-29-40_000.jpg.2.png
[20190613_080916 / lib_ip.py:4505] 
img.20190613_080915.2019-06-12_16-29-40_000.jpg.2.png 1 ---------------------
[20190613_080916 / lib_ip.py:3753] file = img.20190613_080915.2019-06-12_16-29-40_000.jpg.2.png / val_Average = 94.4494	val_Variance = 554.4272	sd = 23.5463	max = 135	min = 0
[20190613_080916 / lib_ip.py:3836] len(Hs) = 8100, len(Ss) = 8100, len(Vs) = 8100
[20190613_080916 / lib_ip.py:3869] yellow : variance --> out of range (variance = 554.427 / upper = 0.650 / lower = 0.000)
[20190613_080917 / lib_ip.py:3753] file = img.20190613_080915.2019-06-12_16-29-40_000.jpg.2.png / val_Average = 94.4494	val_Variance = 554.4272	sd = 23.5463	max = 135	min = 0
[20190613_080917 / lib_ip.py:3936] len(Hs) = 8100, len(Ss) = 8100, len(Vs) = 8100
[20190613_080917 / lib_ip.py:3982] red : variance --> out of range (variance = 554.427 / upper = 0.430 / lower = 0.000)
[20190613_080917 / lib_ip.py:3753] file = img.20190613_080915.2019-06-12_16-29-40_000.jpg.2.png / val_Average = 94.4494	val_Variance = 554.4272	sd = 23.5463	max = 135	min = 0
[20190613_080917 / lib_ip.py:4052] len(Hs) = 8100, len(Ss) = 8100, len(Vs) = 8100
[20190613_080917 / lib_ip.py:4099] green : variance --> out of range (variance = 554.427 / upper = 0.760 / lower = 0.000)
[20190613_080918 / lib_ip.py:3753] file = img.20190613_080915.2019-06-12_16-29-40_000.jpg.2.png / val_Average = 94.4494	val_Variance = 554.4272	sd = 23.5463	max = 135	min = 0
[20190613_080918 / lib_ip.py:4169] len(Hs) = 8100, len(Ss) = 8100, len(Vs) = 8100
[20190613_080918 / lib_ip.py:4208] blue : variance --> out of range (variance = 554.427 / upper = 0.930 / lower = 0.010)
[20190613_080918 / lib_ip.py:3753] file = img.20190613_080915.2019-06-12_16-29-40_000.jpg.2.png / val_Average = 94.4494	val_Variance = 554.4272	sd = 23.5463	max = 135	min = 0
[20190613_080918 / lib_ip.py:4275] len(Hs) = 8100, len(Ss) = 8100, len(Vs) = 8100
[20190613_080918 / lib_ip.py:4314] pink : variance --> out of range (variance = 554.427 / upper = 0.750 / lower = 0.030)
[20190613_080918 / lib_ip.py:3753] file = img.20190613_080915.2019-06-12_16-29-40_000.jpg.2.png / val_Average = 94.4494	val_Variance = 554.4272	sd = 23.5463	max = 135	min = 0
[20190613_080918 / lib_ip.py:4378] len(Hs) = 8100, len(Ss) = 8100, len(Vs) = 8100
[20190613_080918 / lib_ip.py:4422] black : variance --> out of range (variance = 554.427 / upper = 0.000 / lower = 0.000)
[20190613_080919 / lib_ip.py:4593] file : img.20190613_080915.2019-06-12_16-29-40_000.jpg.2.png 1 (black : variance --> out of range (variance = 554.427 / upper = 0.000 / lower = 0.000))
[20190613_080919 / lib_ip.py:2274] inspecting ===> img.20190613_080915.2019-06-12_16-29-40_000.jpg.3.png
[20190613_080919 / lib_ip.py:4505] 
img.20190613_080915.2019-06-12_16-29-40_000.jpg.3.png 2 ---------------------
[20190613_080919 / lib_ip.py:3753] file = img.20190613_080915.2019-06-12_16-29-40_000.jpg.3.png / val_Average = 76.9521	val_Variance = 0.0456	sd = 0.2136	max = 77	min = 76
[20190613_080919 / lib_ip.py:3836] len(Hs) = 8100, len(Ss) = 8100, len(Vs) = 8100
[20190613_080919 / lib_ip.py:3891] yellow : average --> out of range (average = 76.952 / upper = 99.200 / lower = 85.500)
[20190613_080920 / lib_ip.py:3753] file = img.20190613_080915.2019-06-12_16-29-40_000.jpg.3.png / val_Average = 76.9521	val_Variance = 0.0456	sd = 0.2136	max = 77	min = 76
[20190613_080920 / lib_ip.py:3936] len(Hs) = 8100, len(Ss) = 8100, len(Vs) = 8100
[20190613_080920 / lib_ip.py:4007] red : average --> out of range (average = 76.952 / upper = 124.600 / lower = 115.000)
[20190613_080920 / lib_ip.py:3753] file = img.20190613_080915.2019-06-12_16-29-40_000.jpg.3.png / val_Average = 76.9521	val_Variance = 0.0456	sd = 0.2136	max = 77	min = 76
[20190613_080920 / lib_ip.py:4052] len(Hs) = 8100, len(Ss) = 8100, len(Vs) = 8100
[20190613_080920 / lib_ip.py:2274] inspecting ===> img.20190613_080915.2019-06-12_16-29-40_000.jpg.4.png
[20190613_080921 / lib_ip.py:4505] 
img.20190613_080915.2019-06-12_16-29-40_000.jpg.4.png 3 ---------------------
[20190613_080921 / lib_ip.py:3753] file = img.20190613_080915.2019-06-12_16-29-40_000.jpg.4.png / val_Average = 78.9653	val_Variance = 1615.1923	sd = 40.1895	max = 160	min = 0
[20190613_080921 / lib_ip.py:3836] len(Hs) = 8100, len(Ss) = 8100, len(Vs) = 8100
[20190613_080921 / lib_ip.py:3869] yellow : variance --> out of range (variance = 1615.192 / upper = 0.650 / lower = 0.000)
[20190613_080921 / lib_ip.py:3753] file = img.20190613_080915.2019-06-12_16-29-40_000.jpg.4.png / val_Average = 78.9653	val_Variance = 1615.1923	sd = 40.1895	max = 160	min = 0
[20190613_080921 / lib_ip.py:3936] len(Hs) = 8100, len(Ss) = 8100, len(Vs) = 8100
[20190613_080922 / lib_ip.py:3982] red : variance --> out of range (variance = 1615.192 / upper = 0.430 / lower = 0.000)
[20190613_080922 / lib_ip.py:3753] file = img.20190613_080915.2019-06-12_16-29-40_000.jpg.4.png / val_Average = 78.9653	val_Variance = 1615.1923	sd = 40.1895	max = 160	min = 0
[20190613_080922 / lib_ip.py:4052] len(Hs) = 8100, len(Ss) = 8100, len(Vs) = 8100
[20190613_080922 / lib_ip.py:4099] green : variance --> out of range (variance = 1615.192 / upper = 0.760 / lower = 0.000)
[20190613_080922 / lib_ip.py:3753] file = img.20190613_080915.2019-06-12_16-29-40_000.jpg.4.png / val_Average = 78.9653	val_Variance = 1615.1923	sd = 40.1895	max = 160	min = 0
[20190613_080922 / lib_ip.py:4169] len(Hs) = 8100, len(Ss) = 8100, len(Vs) = 8100
[20190613_080922 / lib_ip.py:4208] blue : variance --> out of range (variance = 1615.192 / upper = 0.930 / lower = 0.010)
[20190613_080923 / lib_ip.py:3753] file = img.20190613_080915.2019-06-12_16-29-40_000.jpg.4.png / val_Average = 78.9653	val_Variance = 1615.1923	sd = 40.1895	max = 160	min = 0
[20190613_080923 / lib_ip.py:4275] len(Hs) = 8100, len(Ss) = 8100, len(Vs) = 8100
[20190613_080923 / lib_ip.py:4314] pink : variance --> out of range (variance = 1615.192 / upper = 0.750 / lower = 0.030)
[20190613_080923 / lib_ip.py:3753] file = img.20190613_080915.2019-06-12_16-29-40_000.jpg.4.png / val_Average = 78.9653	val_Variance = 1615.1923	sd = 40.1895	max = 160	min = 0
[20190613_080923 / lib_ip.py:4378] len(Hs) = 8100, len(Ss) = 8100, len(Vs) = 8100
[20190613_080923 / lib_ip.py:4422] black : variance --> out of range (variance = 1615.192 / upper = 0.000 / lower = 0.000)
[20190613_080923 / lib_ip.py:4593] file : img.20190613_080915.2019-06-12_16-29-40_000.jpg.4.png 3 (black : variance --> out of range (variance = 1615.192 / upper = 0.000 / lower = 0.000))
[20190613_080920 / lib_ip.py:2274] inspecting ===> img.20190613_080915.2019-06-12_16-29-40_000.jpg.4.png
img.20190613_080915.2019-06-12_16-29-40_000.jpg.1.png => other
img.20190613_080915.2019-06-12_16-29-40_000.jpg.2.png => other
img.20190613_080915.2019-06-12_16-29-40_000.jpg.3.png => other
img.20190613_080915.2019-06-12_16-29-40_000.jpg.4.png => other
[20190613_080924 lib_ip.py:3301] =============== Get 4 corners
dpath_Images = C:\WORKS_2\WS\WS_Others.Art\JVEMV6\46_art\VIRTUAL\Admin_Projects\ip\images
fname_Image = img.20190613_080915.2019-06-12_16-29-40_000.jpg.4.png

[20190613_080925 / lib_ip.py:2274] inspecting ===> img.20190613_080924.2019-06-12_20-42-43_000.jpg.1.png
[20190613_080925 / lib_ip.py:4505] 
img.20190613_080924.2019-06-12_20-42-43_000.jpg.1.png 0 ---------------------
[20190613_080926 / lib_ip.py:3753] file = img.20190613_080924.2019-06-12_20-42-43_000.jpg.1.png / val_Average = 55.5556	val_Variance = 1956.6202	sd = 44.2337	max = 135	min = 0
[20190613_080926 / lib_ip.py:3836] len(Hs) = 8100, len(Ss) = 8100, len(Vs) = 8100
[20190613_080926 / lib_ip.py:3869] yellow : variance --> out of range (variance = 1956.620 / upper = 0.650 / lower = 0.000)
[20190613_080926 / lib_ip.py:3753] file = img.20190613_080924.2019-06-12_20-42-43_000.jpg.1.png / val_Average = 55.5556	val_Variance = 1956.6202	sd = 44.2337	max = 135	min = 0
[20190613_080926 / lib_ip.py:3936] len(Hs) = 8100, len(Ss) = 8100, len(Vs) = 8100
[20190613_080926 / lib_ip.py:3982] red : variance --> out of range (variance = 1956.620 / upper = 0.430 / lower = 0.000)
[20190613_080926 / lib_ip.py:3753] file = img.20190613_080924.2019-06-12_20-42-43_000.jpg.1.png / val_Average = 55.5556	val_Variance = 1956.6202	sd = 44.2337	max = 135	min = 0
[20190613_080926 / lib_ip.py:4052] len(Hs) = 8100, len(Ss) = 8100, len(Vs) = 8100
[20190613_080926 / lib_ip.py:4099] green : variance --> out of range (variance = 1956.620 / upper = 0.760 / lower = 0.000)
[20190613_080926 / lib_ip.py:3753] file = img.20190613_080924.2019-06-12_20-42-43_000.jpg.1.png / val_Average = 55.5556	val_Variance = 1956.6202	sd = 44.2337	max = 135	min = 0
[20190613_080926 / lib_ip.py:4169] len(Hs) = 8100, len(Ss) = 8100, len(Vs) = 8100
[20190613_080926 / lib_ip.py:4208] blue : variance --> out of range (variance = 1956.620 / upper = 0.930 / lower = 0.010)
[20190613_080927 / lib_ip.py:3753] file = img.20190613_080924.2019-06-12_20-42-43_000.jpg.1.png / val_Average = 55.5556	val_Variance = 1956.6202	sd = 44.2337	max = 135	min = 0
[20190613_080927 / lib_ip.py:4275] len(Hs) = 8100, len(Ss) = 8100, len(Vs) = 8100
[20190613_080927 / lib_ip.py:4314] pink : variance --> out of range (variance = 1956.620 / upper = 0.750 / lower = 0.030)
[20190613_080927 / lib_ip.py:3753] file = img.20190613_080924.2019-06-12_20-42-43_000.jpg.1.png / val_Average = 55.5556	val_Variance = 1956.6202	sd = 44.2337	max = 135	min = 0
[20190613_080927 / lib_ip.py:4378] len(Hs) = 8100, len(Ss) = 8100, len(Vs) = 8100
[20190613_080927 / lib_ip.py:4422] black : variance --> out of range (variance = 1956.620 / upper = 0.000 / lower = 0.000)
[20190613_080927 / lib_ip.py:4593] file : img.20190613_080924.2019-06-12_20-42-43_000.jpg.1.png 0 (black : variance --> out of range (variance = 1956.620 / upper = 0.000 / lower = 0.000))
[20190613_080927 / lib_ip.py:2274] inspecting ===> img.20190613_080924.2019-06-12_20-42-43_000.jpg.2.png
[20190613_080928 / lib_ip.py:4505] 
img.20190613_080924.2019-06-12_20-42-43_000.jpg.2.png 1 ---------------------
[20190613_080928 / lib_ip.py:3753] file = img.20190613_080924.2019-06-12_20-42-43_000.jpg.2.png / val_Average = 39.9470	val_Variance = 1916.1613	sd = 43.7740	max = 135	min = 0
[20190613_080928 / lib_ip.py:3836] len(Hs) = 8100, len(Ss) = 8100, len(Vs) = 8100
[20190613_080928 / lib_ip.py:3869] yellow : variance --> out of range (variance = 1916.161 / upper = 0.650 / lower = 0.000)
[20190613_080928 / lib_ip.py:3753] file = img.20190613_080924.2019-06-12_20-42-43_000.jpg.2.png / val_Average = 39.9470	val_Variance = 1916.1613	sd = 43.7740	max = 135	min = 0
[20190613_080928 / lib_ip.py:3936] len(Hs) = 8100, len(Ss) = 8100, len(Vs) = 8100
[20190613_080928 / lib_ip.py:3982] red : variance --> out of range (variance = 1916.161 / upper = 0.430 / lower = 0.000)
[20190613_080928 / lib_ip.py:3753] file = img.20190613_080924.2019-06-12_20-42-43_000.jpg.2.png / val_Average = 39.9470	val_Variance = 1916.1613	sd = 43.7740	max = 135	min = 0
[20190613_080928 / lib_ip.py:4052] len(Hs) = 8100, len(Ss) = 8100, len(Vs) = 8100
[20190613_080928 / lib_ip.py:4099] green : variance --> out of range (variance = 1916.161 / upper = 0.760 / lower = 0.000)
[20190613_080929 / lib_ip.py:3753] file = img.20190613_080924.2019-06-12_20-42-43_000.jpg.2.png / val_Average = 39.9470	val_Variance = 1916.1613	sd = 43.7740	max = 135	min = 0
[20190613_080929 / lib_ip.py:4169] len(Hs) = 8100, len(Ss) = 8100, len(Vs) = 8100
[20190613_080929 / lib_ip.py:4208] blue : variance --> out of range (variance = 1916.161 / upper = 0.930 / lower = 0.010)
[20190613_080929 / lib_ip.py:3753] file = img.20190613_080924.2019-06-12_20-42-43_000.jpg.2.png / val_Average = 39.9470	val_Variance = 1916.1613	sd = 43.7740	max = 135	min = 0
[20190613_080929 / lib_ip.py:4275] len(Hs) = 8100, len(Ss) = 8100, len(Vs) = 8100
[20190613_080929 / lib_ip.py:4314] pink : variance --> out of range (variance = 1916.161 / upper = 0.750 / lower = 0.030)
[20190613_080930 / lib_ip.py:3753] file = img.20190613_080924.2019-06-12_20-42-43_000.jpg.2.png / val_Average = 39.9470	val_Variance = 1916.1613	sd = 43.7740	max = 135	min = 0
[20190613_080930 / lib_ip.py:4378] len(Hs) = 8100, len(Ss) = 8100, len(Vs) = 8100
[20190613_080930 / lib_ip.py:4422] black : variance --> out of range (variance = 1916.161 / upper = 0.000 / lower = 0.000)
[20190613_080930 / lib_ip.py:4593] file : img.20190613_080924.2019-06-12_20-42-43_000.jpg.2.png 1 (black : variance --> out of range (variance = 1916.161 / upper = 0.000 / lower = 0.000))
[20190613_080930 / lib_ip.py:2274] inspecting ===> img.20190613_080924.2019-06-12_20-42-43_000.jpg.3.png
[20190613_080930 / lib_ip.py:4505] 
img.20190613_080924.2019-06-12_20-42-43_000.jpg.3.png 2 ---------------------
[20190613_080930 / lib_ip.py:3753] file = img.20190613_080924.2019-06-12_20-42-43_000.jpg.3.png / val_Average = 92.8980	val_Variance = 0.0950	sd = 0.3083	max = 94	min = 92
[20190613_080930 / lib_ip.py:3836] len(Hs) = 8100, len(Ss) = 8100, len(Vs) = 8100
[20190613_080930 / lib_ip.py:2274] inspecting ===> img.20190613_080924.2019-06-12_20-42-43_000.jpg.4.png
[20190613_080931 / lib_ip.py:4505] 
img.20190613_080924.2019-06-12_20-42-43_000.jpg.4.png 3 ---------------------
[20190613_080931 / lib_ip.py:3753] file = img.20190613_080924.2019-06-12_20-42-43_000.jpg.4.png / val_Average = 57.0485	val_Variance = 2475.4311	sd = 49.7537	max = 160	min = 0
[20190613_080931 / lib_ip.py:3836] len(Hs) = 8100, len(Ss) = 8100, len(Vs) = 8100
[20190613_080931 / lib_ip.py:3869] yellow : variance --> out of range (variance = 2475.431 / upper = 0.650 / lower = 0.000)
[20190613_080931 / lib_ip.py:3753] file = img.20190613_080924.2019-06-12_20-42-43_000.jpg.4.png / val_Average = 57.0485	val_Variance = 2475.4311	sd = 49.7537	max = 160	min = 0
[20190613_080931 / lib_ip.py:3936] len(Hs) = 8100, len(Ss) = 8100, len(Vs) = 8100
[20190613_080931 / lib_ip.py:3982] red : variance --> out of range (variance = 2475.431 / upper = 0.430 / lower = 0.000)
[20190613_080931 / lib_ip.py:3753] file = img.20190613_080924.2019-06-12_20-42-43_000.jpg.4.png / val_Average = 57.0485	val_Variance = 2475.4311	sd = 49.7537	max = 160	min = 0
[20190613_080931 / lib_ip.py:4052] len(Hs) = 8100, len(Ss) = 8100, len(Vs) = 8100
[20190613_080931 / lib_ip.py:4099] green : variance --> out of range (variance = 2475.431 / upper = 0.760 / lower = 0.000)
[20190613_080931 / lib_ip.py:3753] file = img.20190613_080924.2019-06-12_20-42-43_000.jpg.4.png / val_Average = 57.0485	val_Variance = 2475.4311	sd = 49.7537	max = 160	min = 0
[20190613_080931 / lib_ip.py:4169] len(Hs) = 8100, len(Ss) = 8100, len(Vs) = 8100
[20190613_080932 / lib_ip.py:4208] blue : variance --> out of range (variance = 2475.431 / upper = 0.930 / lower = 0.010)
[20190613_080932 / lib_ip.py:3753] file = img.20190613_080924.2019-06-12_20-42-43_000.jpg.4.png / val_Average = 57.0485	val_Variance = 2475.4311	sd = 49.7537	max = 160	min = 0
[20190613_080932 / lib_ip.py:4275] len(Hs) = 8100, len(Ss) = 8100, len(Vs) = 8100
[20190613_080932 / lib_ip.py:4314] pink : variance --> out of range (variance = 2475.431 / upper = 0.750 / lower = 0.030)
[20190613_080932 / lib_ip.py:3753] file = img.20190613_080924.2019-06-12_20-42-43_000.jpg.4.png / val_Average = 57.0485	val_Variance = 2475.4311	sd = 49.7537	max = 160	min = 0
[20190613_080932 / lib_ip.py:4378] len(Hs) = 8100, len(Ss) = 8100, len(Vs) = 8100
[20190613_080932 / lib_ip.py:4422] black : variance --> out of range (variance = 2475.431 / upper = 0.000 / lower = 0.000)
[20190613_080932 / lib_ip.py:4593] file : img.20190613_080924.2019-06-12_20-42-43_000.jpg.4.png 3 (black : variance --> out of range (variance = 2475.431 / upper = 0.000 / lower = 0.000))
[20190613_080930 / lib_ip.py:2274] inspecting ===> img.20190613_080924.2019-06-12_20-42-43_000.jpg.4.png
img.20190613_080924.2019-06-12_20-42-43_000.jpg.1.png => other
img.20190613_080924.2019-06-12_20-42-43_000.jpg.2.png => other
img.20190613_080924.2019-06-12_20-42-43_000.jpg.3.png => yellow
img.20190613_080924.2019-06-12_20-42-43_000.jpg.4.png => other
[20190613_080932 lib_ip.py:3301] =============== Get 4 corners
dpath_Images = C:\WORKS_2\WS\WS_Others.Art\JVEMV6\46_art\VIRTUAL\Admin_Projects\ip\images
fname_Image = img.20190613_080924.2019-06-12_20-42-43_000.jpg.4.png

[20190613_080933 / lib_ip.py:2274] inspecting ===> img.20190613_080933.2019-06-13_01-24-31_000.jpg.1.png
[20190613_080933 / lib_ip.py:4505] 
img.20190613_080933.2019-06-13_01-24-31_000.jpg.1.png 0 ---------------------
[20190613_080933 / lib_ip.py:3753] file = img.20190613_080933.2019-06-13_01-24-31_000.jpg.1.png / val_Average = 55.4177	val_Variance = 14.4509	sd = 3.8014	max = 73	min = 48
[20190613_080933 / lib_ip.py:3836] len(Hs) = 8100, len(Ss) = 8100, len(Vs) = 8100
[20190613_080934 / lib_ip.py:3869] yellow : variance --> out of range (variance = 14.451 / upper = 0.650 / lower = 0.000)
[20190613_080934 / lib_ip.py:3753] file = img.20190613_080933.2019-06-13_01-24-31_000.jpg.1.png / val_Average = 55.4177	val_Variance = 14.4509	sd = 3.8014	max = 73	min = 48
[20190613_080934 / lib_ip.py:3936] len(Hs) = 8100, len(Ss) = 8100, len(Vs) = 8100
[20190613_080934 / lib_ip.py:3982] red : variance --> out of range (variance = 14.451 / upper = 0.430 / lower = 0.000)
[20190613_080934 / lib_ip.py:3753] file = img.20190613_080933.2019-06-13_01-24-31_000.jpg.1.png / val_Average = 55.4177	val_Variance = 14.4509	sd = 3.8014	max = 73	min = 48
[20190613_080934 / lib_ip.py:4052] len(Hs) = 8100, len(Ss) = 8100, len(Vs) = 8100
[20190613_080934 / lib_ip.py:4099] green : variance --> out of range (variance = 14.451 / upper = 0.760 / lower = 0.000)
[20190613_080934 / lib_ip.py:3753] file = img.20190613_080933.2019-06-13_01-24-31_000.jpg.1.png / val_Average = 55.4177	val_Variance = 14.4509	sd = 3.8014	max = 73	min = 48
[20190613_080934 / lib_ip.py:4169] len(Hs) = 8100, len(Ss) = 8100, len(Vs) = 8100
[20190613_080934 / lib_ip.py:4208] blue : variance --> out of range (variance = 14.451 / upper = 0.930 / lower = 0.010)
[20190613_080934 / lib_ip.py:3753] file = img.20190613_080933.2019-06-13_01-24-31_000.jpg.1.png / val_Average = 55.4177	val_Variance = 14.4509	sd = 3.8014	max = 73	min = 48
[20190613_080934 / lib_ip.py:4275] len(Hs) = 8100, len(Ss) = 8100, len(Vs) = 8100
[20190613_080934 / lib_ip.py:4314] pink : variance --> out of range (variance = 14.451 / upper = 0.750 / lower = 0.030)
[20190613_080935 / lib_ip.py:3753] file = img.20190613_080933.2019-06-13_01-24-31_000.jpg.1.png / val_Average = 55.4177	val_Variance = 14.4509	sd = 3.8014	max = 73	min = 48
[20190613_080935 / lib_ip.py:4378] len(Hs) = 8100, len(Ss) = 8100, len(Vs) = 8100
[20190613_080935 / lib_ip.py:4422] black : variance --> out of range (variance = 14.451 / upper = 0.000 / lower = 0.000)
[20190613_080935 / lib_ip.py:4593] file : img.20190613_080933.2019-06-13_01-24-31_000.jpg.1.png 0 (black : variance --> out of range (variance = 14.451 / upper = 0.000 / lower = 0.000))
[20190613_080935 / lib_ip.py:2274] inspecting ===> img.20190613_080933.2019-06-13_01-24-31_000.jpg.2.png
[20190613_080935 / lib_ip.py:4505] 
img.20190613_080933.2019-06-13_01-24-31_000.jpg.2.png 1 ---------------------
[20190613_080936 / lib_ip.py:3753] file = img.20190613_080933.2019-06-13_01-24-31_000.jpg.2.png / val_Average = 83.9747	val_Variance = 1416.3548	sd = 37.6345	max = 160	min = 0
[20190613_080936 / lib_ip.py:3836] len(Hs) = 8100, len(Ss) = 8100, len(Vs) = 8100
[20190613_080936 / lib_ip.py:3869] yellow : variance --> out of range (variance = 1416.355 / upper = 0.650 / lower = 0.000)
[20190613_080936 / lib_ip.py:3753] file = img.20190613_080933.2019-06-13_01-24-31_000.jpg.2.png / val_Average = 83.9747	val_Variance = 1416.3548	sd = 37.6345	max = 160	min = 0
[20190613_080936 / lib_ip.py:3936] len(Hs) = 8100, len(Ss) = 8100, len(Vs) = 8100
[20190613_080936 / lib_ip.py:3982] red : variance --> out of range (variance = 1416.355 / upper = 0.430 / lower = 0.000)
[20190613_080936 / lib_ip.py:3753] file = img.20190613_080933.2019-06-13_01-24-31_000.jpg.2.png / val_Average = 83.9747	val_Variance = 1416.3548	sd = 37.6345	max = 160	min = 0
[20190613_080936 / lib_ip.py:4052] len(Hs) = 8100, len(Ss) = 8100, len(Vs) = 8100
[20190613_080936 / lib_ip.py:4099] green : variance --> out of range (variance = 1416.355 / upper = 0.760 / lower = 0.000)
[20190613_080936 / lib_ip.py:3753] file = img.20190613_080933.2019-06-13_01-24-31_000.jpg.2.png / val_Average = 83.9747	val_Variance = 1416.3548	sd = 37.6345	max = 160	min = 0
[20190613_080936 / lib_ip.py:4169] len(Hs) = 8100, len(Ss) = 8100, len(Vs) = 8100
[20190613_080936 / lib_ip.py:4208] blue : variance --> out of range (variance = 1416.355 / upper = 0.930 / lower = 0.010)
[20190613_080936 / lib_ip.py:3753] file = img.20190613_080933.2019-06-13_01-24-31_000.jpg.2.png / val_Average = 83.9747	val_Variance = 1416.3548	sd = 37.6345	max = 160	min = 0
[20190613_080936 / lib_ip.py:4275] len(Hs) = 8100, len(Ss) = 8100, len(Vs) = 8100
[20190613_080936 / lib_ip.py:4314] pink : variance --> out of range (variance = 1416.355 / upper = 0.750 / lower = 0.030)
[20190613_080936 / lib_ip.py:3753] file = img.20190613_080933.2019-06-13_01-24-31_000.jpg.2.png / val_Average = 83.9747	val_Variance = 1416.3548	sd = 37.6345	max = 160	min = 0
[20190613_080936 / lib_ip.py:4378] len(Hs) = 8100, len(Ss) = 8100, len(Vs) = 8100
[20190613_080936 / lib_ip.py:4422] black : variance --> out of range (variance = 1416.355 / upper = 0.000 / lower = 0.000)
[20190613_080936 / lib_ip.py:4593] file : img.20190613_080933.2019-06-13_01-24-31_000.jpg.2.png 1 (black : variance --> out of range (variance = 1416.355 / upper = 0.000 / lower = 0.000))
[20190613_080936 / lib_ip.py:2274] inspecting ===> img.20190613_080933.2019-06-13_01-24-31_000.jpg.3.png
[20190613_080937 / lib_ip.py:4505] 
img.20190613_080933.2019-06-13_01-24-31_000.jpg.3.png 2 ---------------------
[20190613_080937 / lib_ip.py:3753] file = img.20190613_080933.2019-06-13_01-24-31_000.jpg.3.png / val_Average = 41.1800	val_Variance = 1984.9276	sd = 44.5525	max = 135	min = 0
[20190613_080937 / lib_ip.py:3836] len(Hs) = 8100, len(Ss) = 8100, len(Vs) = 8100
[20190613_080937 / lib_ip.py:3869] yellow : variance --> out of range (variance = 1984.928 / upper = 0.650 / lower = 0.000)
[20190613_080937 / lib_ip.py:3753] file = img.20190613_080933.2019-06-13_01-24-31_000.jpg.3.png / val_Average = 41.1800	val_Variance = 1984.9276	sd = 44.5525	max = 135	min = 0
[20190613_080937 / lib_ip.py:3936] len(Hs) = 8100, len(Ss) = 8100, len(Vs) = 8100
[20190613_080937 / lib_ip.py:3982] red : variance --> out of range (variance = 1984.928 / upper = 0.430 / lower = 0.000)
[20190613_080937 / lib_ip.py:3753] file = img.20190613_080933.2019-06-13_01-24-31_000.jpg.3.png / val_Average = 41.1800	val_Variance = 1984.9276	sd = 44.5525	max = 135	min = 0
[20190613_080937 / lib_ip.py:4052] len(Hs) = 8100, len(Ss) = 8100, len(Vs) = 8100
[20190613_080937 / lib_ip.py:4099] green : variance --> out of range (variance = 1984.928 / upper = 0.760 / lower = 0.000)
[20190613_080937 / lib_ip.py:3753] file = img.20190613_080933.2019-06-13_01-24-31_000.jpg.3.png / val_Average = 41.1800	val_Variance = 1984.9276	sd = 44.5525	max = 135	min = 0
[20190613_080937 / lib_ip.py:4169] len(Hs) = 8100, len(Ss) = 8100, len(Vs) = 8100
[20190613_080937 / lib_ip.py:4208] blue : variance --> out of range (variance = 1984.928 / upper = 0.930 / lower = 0.010)
[20190613_080937 / lib_ip.py:3753] file = img.20190613_080933.2019-06-13_01-24-31_000.jpg.3.png / val_Average = 41.1800	val_Variance = 1984.9276	sd = 44.5525	max = 135	min = 0
[20190613_080938 / lib_ip.py:4275] len(Hs) = 8100, len(Ss) = 8100, len(Vs) = 8100
[20190613_080938 / lib_ip.py:4314] pink : variance --> out of range (variance = 1984.928 / upper = 0.750 / lower = 0.030)
[20190613_080938 / lib_ip.py:3753] file = img.20190613_080933.2019-06-13_01-24-31_000.jpg.3.png / val_Average = 41.1800	val_Variance = 1984.9276	sd = 44.5525	max = 135	min = 0
[20190613_080938 / lib_ip.py:4378] len(Hs) = 8100, len(Ss) = 8100, len(Vs) = 8100
[20190613_080938 / lib_ip.py:4422] black : variance --> out of range (variance = 1984.928 / upper = 0.000 / lower = 0.000)
[20190613_080938 / lib_ip.py:4593] file : img.20190613_080933.2019-06-13_01-24-31_000.jpg.3.png 2 (black : variance --> out of range (variance = 1984.928 / upper = 0.000 / lower = 0.000))
[20190613_080938 / lib_ip.py:2274] inspecting ===> img.20190613_080933.2019-06-13_01-24-31_000.jpg.4.png
[20190613_080938 / lib_ip.py:4505] 
img.20190613_080933.2019-06-13_01-24-31_000.jpg.4.png 3 ---------------------
[20190613_080938 / lib_ip.py:3753] file = img.20190613_080933.2019-06-13_01-24-31_000.jpg.4.png / val_Average = 116.0777	val_Variance = 7.6509	sd = 2.7660	max = 131	min = 101
[20190613_080938 / lib_ip.py:3836] len(Hs) = 8100, len(Ss) = 8100, len(Vs) = 8100
[20190613_080939 / lib_ip.py:3869] yellow : variance --> out of range (variance = 7.651 / upper = 0.650 / lower = 0.000)
[20190613_080939 / lib_ip.py:3753] file = img.20190613_080933.2019-06-13_01-24-31_000.jpg.4.png / val_Average = 116.0777	val_Variance = 7.6509	sd = 2.7660	max = 131	min = 101
[20190613_080939 / lib_ip.py:3936] len(Hs) = 8100, len(Ss) = 8100, len(Vs) = 8100
[20190613_080939 / lib_ip.py:3982] red : variance --> out of range (variance = 7.651 / upper = 0.430 / lower = 0.000)
[20190613_080939 / lib_ip.py:3753] file = img.20190613_080933.2019-06-13_01-24-31_000.jpg.4.png / val_Average = 116.0777	val_Variance = 7.6509	sd = 2.7660	max = 131	min = 101
[20190613_080939 / lib_ip.py:4052] len(Hs) = 8100, len(Ss) = 8100, len(Vs) = 8100
[20190613_080939 / lib_ip.py:4099] green : variance --> out of range (variance = 7.651 / upper = 0.760 / lower = 0.000)
[20190613_080939 / lib_ip.py:3753] file = img.20190613_080933.2019-06-13_01-24-31_000.jpg.4.png / val_Average = 116.0777	val_Variance = 7.6509	sd = 2.7660	max = 131	min = 101
[20190613_080939 / lib_ip.py:4169] len(Hs) = 8100, len(Ss) = 8100, len(Vs) = 8100
[20190613_080939 / lib_ip.py:4208] blue : variance --> out of range (variance = 7.651 / upper = 0.930 / lower = 0.010)
[20190613_080939 / lib_ip.py:3753] file = img.20190613_080933.2019-06-13_01-24-31_000.jpg.4.png / val_Average = 116.0777	val_Variance = 7.6509	sd = 2.7660	max = 131	min = 101
[20190613_080939 / lib_ip.py:4275] len(Hs) = 8100, len(Ss) = 8100, len(Vs) = 8100
[20190613_080939 / lib_ip.py:4314] pink : variance --> out of range (variance = 7.651 / upper = 0.750 / lower = 0.030)
[20190613_080939 / lib_ip.py:3753] file = img.20190613_080933.2019-06-13_01-24-31_000.jpg.4.png / val_Average = 116.0777	val_Variance = 7.6509	sd = 2.7660	max = 131	min = 101
[20190613_080939 / lib_ip.py:4378] len(Hs) = 8100, len(Ss) = 8100, len(Vs) = 8100
[20190613_080939 / lib_ip.py:4422] black : variance --> out of range (variance = 7.651 / upper = 0.000 / lower = 0.000)
[20190613_080939 / lib_ip.py:4593] file : img.20190613_080933.2019-06-13_01-24-31_000.jpg.4.png 3 (black : variance --> out of range (variance = 7.651 / upper = 0.000 / lower = 0.000))
[20190613_080938 / lib_ip.py:2274] inspecting ===> img.20190613_080933.2019-06-13_01-24-31_000.jpg.4.png
img.20190613_080933.2019-06-13_01-24-31_000.jpg.1.png => other
img.20190613_080933.2019-06-13_01-24-31_000.jpg.2.png => other
img.20190613_080933.2019-06-13_01-24-31_000.jpg.3.png => other
img.20190613_080933.2019-06-13_01-24-31_000.jpg.4.png => other
[20190613_080940 lib_ip.py:3301] =============== Get 4 corners
dpath_Images = C:\WORKS_2\WS\WS_Others.Art\JVEMV6\46_art\VIRTUAL\Admin_Projects\ip\images
fname_Image = img.20190613_080933.2019-06-13_01-24-31_000.jpg.4.png

[20190613_080940 / lib_ip.py:2274] inspecting ===> img.20190613_080940.2019-06-13_07-03-12_000.jpg.1.png
[20190613_080941 / lib_ip.py:4505] 
img.20190613_080940.2019-06-13_07-03-12_000.jpg.1.png 0 ---------------------
[20190613_080941 / lib_ip.py:3753] file = img.20190613_080940.2019-06-13_07-03-12_000.jpg.1.png / val_Average = 104.6577	val_Variance = 16.2224	sd = 4.0277	max = 115	min = 90
[20190613_080941 / lib_ip.py:3836] len(Hs) = 8100, len(Ss) = 8100, len(Vs) = 8100
[20190613_080941 / lib_ip.py:3869] yellow : variance --> out of range (variance = 16.222 / upper = 0.650 / lower = 0.000)
[20190613_080941 / lib_ip.py:3753] file = img.20190613_080940.2019-06-13_07-03-12_000.jpg.1.png / val_Average = 104.6577	val_Variance = 16.2224	sd = 4.0277	max = 115	min = 90
[20190613_080941 / lib_ip.py:3936] len(Hs) = 8100, len(Ss) = 8100, len(Vs) = 8100
[20190613_080941 / lib_ip.py:3982] red : variance --> out of range (variance = 16.222 / upper = 0.430 / lower = 0.000)
[20190613_080941 / lib_ip.py:3753] file = img.20190613_080940.2019-06-13_07-03-12_000.jpg.1.png / val_Average = 104.6577	val_Variance = 16.2224	sd = 4.0277	max = 115	min = 90
[20190613_080941 / lib_ip.py:4052] len(Hs) = 8100, len(Ss) = 8100, len(Vs) = 8100
[20190613_080941 / lib_ip.py:4099] green : variance --> out of range (variance = 16.222 / upper = 0.760 / lower = 0.000)
[20190613_080941 / lib_ip.py:3753] file = img.20190613_080940.2019-06-13_07-03-12_000.jpg.1.png / val_Average = 104.6577	val_Variance = 16.2224	sd = 4.0277	max = 115	min = 90
[20190613_080941 / lib_ip.py:4169] len(Hs) = 8100, len(Ss) = 8100, len(Vs) = 8100
[20190613_080941 / lib_ip.py:4208] blue : variance --> out of range (variance = 16.222 / upper = 0.930 / lower = 0.010)
[20190613_080941 / lib_ip.py:3753] file = img.20190613_080940.2019-06-13_07-03-12_000.jpg.1.png / val_Average = 104.6577	val_Variance = 16.2224	sd = 4.0277	max = 115	min = 90
[20190613_080941 / lib_ip.py:4275] len(Hs) = 8100, len(Ss) = 8100, len(Vs) = 8100
[20190613_080941 / lib_ip.py:4314] pink : variance --> out of range (variance = 16.222 / upper = 0.750 / lower = 0.030)
[20190613_080941 / lib_ip.py:3753] file = img.20190613_080940.2019-06-13_07-03-12_000.jpg.1.png / val_Average = 104.6577	val_Variance = 16.2224	sd = 4.0277	max = 115	min = 90
[20190613_080942 / lib_ip.py:4378] len(Hs) = 8100, len(Ss) = 8100, len(Vs) = 8100
[20190613_080942 / lib_ip.py:4422] black : variance --> out of range (variance = 16.222 / upper = 0.000 / lower = 0.000)
[20190613_080942 / lib_ip.py:4593] file : img.20190613_080940.2019-06-13_07-03-12_000.jpg.1.png 0 (black : variance --> out of range (variance = 16.222 / upper = 0.000 / lower = 0.000))
[20190613_080942 / lib_ip.py:2274] inspecting ===> img.20190613_080940.2019-06-13_07-03-12_000.jpg.2.png
[20190613_080942 / lib_ip.py:4505] 
img.20190613_080940.2019-06-13_07-03-12_000.jpg.2.png 1 ---------------------
[20190613_080942 / lib_ip.py:3753] file = img.20190613_080940.2019-06-13_07-03-12_000.jpg.2.png / val_Average = 2.3704	val_Variance = 172.1591	sd = 13.1209	max = 75	min = 0
[20190613_080942 / lib_ip.py:3836] len(Hs) = 8100, len(Ss) = 8100, len(Vs) = 8100
[20190613_080942 / lib_ip.py:3869] yellow : variance --> out of range (variance = 172.159 / upper = 0.650 / lower = 0.000)
[20190613_080942 / lib_ip.py:3753] file = img.20190613_080940.2019-06-13_07-03-12_000.jpg.2.png / val_Average = 2.3704	val_Variance = 172.1591	sd = 13.1209	max = 75	min = 0
[20190613_080942 / lib_ip.py:3936] len(Hs) = 8100, len(Ss) = 8100, len(Vs) = 8100
[20190613_080942 / lib_ip.py:3982] red : variance --> out of range (variance = 172.159 / upper = 0.430 / lower = 0.000)
[20190613_080942 / lib_ip.py:3753] file = img.20190613_080940.2019-06-13_07-03-12_000.jpg.2.png / val_Average = 2.3704	val_Variance = 172.1591	sd = 13.1209	max = 75	min = 0
[20190613_080943 / lib_ip.py:4052] len(Hs) = 8100, len(Ss) = 8100, len(Vs) = 8100
[20190613_080943 / lib_ip.py:4099] green : variance --> out of range (variance = 172.159 / upper = 0.760 / lower = 0.000)
[20190613_080943 / lib_ip.py:3753] file = img.20190613_080940.2019-06-13_07-03-12_000.jpg.2.png / val_Average = 2.3704	val_Variance = 172.1591	sd = 13.1209	max = 75	min = 0
[20190613_080943 / lib_ip.py:4169] len(Hs) = 8100, len(Ss) = 8100, len(Vs) = 8100
[20190613_080943 / lib_ip.py:4208] blue : variance --> out of range (variance = 172.159 / upper = 0.930 / lower = 0.010)
[20190613_080943 / lib_ip.py:3753] file = img.20190613_080940.2019-06-13_07-03-12_000.jpg.2.png / val_Average = 2.3704	val_Variance = 172.1591	sd = 13.1209	max = 75	min = 0
[20190613_080943 / lib_ip.py:4275] len(Hs) = 8100, len(Ss) = 8100, len(Vs) = 8100
[20190613_080943 / lib_ip.py:4314] pink : variance --> out of range (variance = 172.159 / upper = 0.750 / lower = 0.030)
[20190613_080943 / lib_ip.py:3753] file = img.20190613_080940.2019-06-13_07-03-12_000.jpg.2.png / val_Average = 2.3704	val_Variance = 172.1591	sd = 13.1209	max = 75	min = 0
[20190613_080943 / lib_ip.py:4378] len(Hs) = 8100, len(Ss) = 8100, len(Vs) = 8100
[20190613_080943 / lib_ip.py:4422] black : variance --> out of range (variance = 172.159 / upper = 0.000 / lower = 0.000)
[20190613_080943 / lib_ip.py:4593] file : img.20190613_080940.2019-06-13_07-03-12_000.jpg.2.png 1 (black : variance --> out of range (variance = 172.159 / upper = 0.000 / lower = 0.000))
[20190613_080943 / lib_ip.py:2274] inspecting ===> img.20190613_080940.2019-06-13_07-03-12_000.jpg.3.png
[20190613_080943 / lib_ip.py:4505] 
img.20190613_080940.2019-06-13_07-03-12_000.jpg.3.png 2 ---------------------
[20190613_080943 / lib_ip.py:3753] file = img.20190613_080940.2019-06-13_07-03-12_000.jpg.3.png / val_Average = 102.4017	val_Variance = 0.7339	sd = 0.8567	max = 104	min = 100
[20190613_080943 / lib_ip.py:3836] len(Hs) = 8100, len(Ss) = 8100, len(Vs) = 8100
[20190613_080943 / lib_ip.py:3869] yellow : variance --> out of range (variance = 0.734 / upper = 0.650 / lower = 0.000)
[20190613_080944 / lib_ip.py:3753] file = img.20190613_080940.2019-06-13_07-03-12_000.jpg.3.png / val_Average = 102.4017	val_Variance = 0.7339	sd = 0.8567	max = 104	min = 100
[20190613_080944 / lib_ip.py:3936] len(Hs) = 8100, len(Ss) = 8100, len(Vs) = 8100
[20190613_080944 / lib_ip.py:3982] red : variance --> out of range (variance = 0.734 / upper = 0.430 / lower = 0.000)
[20190613_080944 / lib_ip.py:3753] file = img.20190613_080940.2019-06-13_07-03-12_000.jpg.3.png / val_Average = 102.4017	val_Variance = 0.7339	sd = 0.8567	max = 104	min = 100
[20190613_080944 / lib_ip.py:4052] len(Hs) = 8100, len(Ss) = 8100, len(Vs) = 8100
[20190613_080944 / lib_ip.py:4124] green : average --> out of range (average = 102.402 / upper = 85.000 / lower = 58.000)
[20190613_080944 / lib_ip.py:3753] file = img.20190613_080940.2019-06-13_07-03-12_000.jpg.3.png / val_Average = 102.4017	val_Variance = 0.7339	sd = 0.8567	max = 104	min = 100
[20190613_080944 / lib_ip.py:4169] len(Hs) = 8100, len(Ss) = 8100, len(Vs) = 8100
[20190613_080944 / lib_ip.py:4230] blue : average --> out of range (average = 102.402 / upper = 17.000 / lower = 8.850)
[20190613_080944 / lib_ip.py:3753] file = img.20190613_080940.2019-06-13_07-03-12_000.jpg.3.png / val_Average = 102.4017	val_Variance = 0.7339	sd = 0.8567	max = 104	min = 100
[20190613_080944 / lib_ip.py:4275] len(Hs) = 8100, len(Ss) = 8100, len(Vs) = 8100
[20190613_080944 / lib_ip.py:4336] pink : average --> out of range (average = 102.402 / upper = 141.000 / lower = 127.900)
[20190613_080944 / lib_ip.py:3753] file = img.20190613_080940.2019-06-13_07-03-12_000.jpg.3.png / val_Average = 102.4017	val_Variance = 0.7339	sd = 0.8567	max = 104	min = 100
[20190613_080944 / lib_ip.py:4378] len(Hs) = 8100, len(Ss) = 8100, len(Vs) = 8100
[20190613_080944 / lib_ip.py:4422] black : variance --> out of range (variance = 0.734 / upper = 0.000 / lower = 0.000)
[20190613_080944 / lib_ip.py:4593] file : img.20190613_080940.2019-06-13_07-03-12_000.jpg.3.png 2 (black : variance --> out of range (variance = 0.734 / upper = 0.000 / lower = 0.000))
[20190613_080944 / lib_ip.py:2274] inspecting ===> img.20190613_080940.2019-06-13_07-03-12_000.jpg.4.png
[20190613_080945 / lib_ip.py:4505] 
img.20190613_080940.2019-06-13_07-03-12_000.jpg.4.png 3 ---------------------
[20190613_080945 / lib_ip.py:3753] file = img.20190613_080940.2019-06-13_07-03-12_000.jpg.4.png / val_Average = 102.3840	val_Variance = 0.7222	sd = 0.8498	max = 105	min = 100
[20190613_080945 / lib_ip.py:3836] len(Hs) = 8100, len(Ss) = 8100, len(Vs) = 8100
[20190613_080945 / lib_ip.py:3869] yellow : variance --> out of range (variance = 0.722 / upper = 0.650 / lower = 0.000)
[20190613_080945 / lib_ip.py:3753] file = img.20190613_080940.2019-06-13_07-03-12_000.jpg.4.png / val_Average = 102.3840	val_Variance = 0.7222	sd = 0.8498	max = 105	min = 100
[20190613_080945 / lib_ip.py:3936] len(Hs) = 8100, len(Ss) = 8100, len(Vs) = 8100
[20190613_080945 / lib_ip.py:3982] red : variance --> out of range (variance = 0.722 / upper = 0.430 / lower = 0.000)
[20190613_080945 / lib_ip.py:3753] file = img.20190613_080940.2019-06-13_07-03-12_000.jpg.4.png / val_Average = 102.3840	val_Variance = 0.7222	sd = 0.8498	max = 105	min = 100
[20190613_080945 / lib_ip.py:4052] len(Hs) = 8100, len(Ss) = 8100, len(Vs) = 8100
[20190613_080945 / lib_ip.py:4124] green : average --> out of range (average = 102.384 / upper = 85.000 / lower = 58.000)
[20190613_080945 / lib_ip.py:3753] file = img.20190613_080940.2019-06-13_07-03-12_000.jpg.4.png / val_Average = 102.3840	val_Variance = 0.7222	sd = 0.8498	max = 105	min = 100
[20190613_080945 / lib_ip.py:4169] len(Hs) = 8100, len(Ss) = 8100, len(Vs) = 8100
[20190613_080945 / lib_ip.py:4230] blue : average --> out of range (average = 102.384 / upper = 17.000 / lower = 8.850)
[20190613_080945 / lib_ip.py:3753] file = img.20190613_080940.2019-06-13_07-03-12_000.jpg.4.png / val_Average = 102.3840	val_Variance = 0.7222	sd = 0.8498	max = 105	min = 100
[20190613_080945 / lib_ip.py:4275] len(Hs) = 8100, len(Ss) = 8100, len(Vs) = 8100
[20190613_080946 / lib_ip.py:4336] pink : average --> out of range (average = 102.384 / upper = 141.000 / lower = 127.900)
[20190613_080946 / lib_ip.py:3753] file = img.20190613_080940.2019-06-13_07-03-12_000.jpg.4.png / val_Average = 102.3840	val_Variance = 0.7222	sd = 0.8498	max = 105	min = 100
[20190613_080946 / lib_ip.py:4378] len(Hs) = 8100, len(Ss) = 8100, len(Vs) = 8100
[20190613_080946 / lib_ip.py:4422] black : variance --> out of range (variance = 0.722 / upper = 0.000 / lower = 0.000)
[20190613_080946 / lib_ip.py:4593] file : img.20190613_080940.2019-06-13_07-03-12_000.jpg.4.png 3 (black : variance --> out of range (variance = 0.722 / upper = 0.000 / lower = 0.000))
[20190613_080944 / lib_ip.py:2274] inspecting ===> img.20190613_080940.2019-06-13_07-03-12_000.jpg.4.png
img.20190613_080940.2019-06-13_07-03-12_000.jpg.1.png => other
img.20190613_080940.2019-06-13_07-03-12_000.jpg.2.png => other
img.20190613_080940.2019-06-13_07-03-12_000.jpg.3.png => other
img.20190613_080940.2019-06-13_07-03-12_000.jpg.4.png => other
[20190613_080946 lib_ip.py:3301] =============== Get 4 corners
dpath_Images = C:\WORKS_2\WS\WS_Others.Art\JVEMV6\46_art\VIRTUAL\Admin_Projects\ip\images
fname_Image = img.20190613_080940.2019-06-13_07-03-12_000.jpg.4.png

[20190613_080946 / lib_ip.py:2274] inspecting ===> img.20190613_080946.2019-06-13_07-46-51_000.jpg.1.png
[20190613_080947 / lib_ip.py:4505] 
img.20190613_080946.2019-06-13_07-46-51_000.jpg.1.png 0 ---------------------
[20190613_080947 / lib_ip.py:3753] file = img.20190613_080946.2019-06-13_07-46-51_000.jpg.1.png / val_Average = 128.1330	val_Variance = 266.2768	sd = 16.3180	max = 168	min = 0
[20190613_080947 / lib_ip.py:3836] len(Hs) = 8100, len(Ss) = 8100, len(Vs) = 8100
[20190613_080947 / lib_ip.py:3869] yellow : variance --> out of range (variance = 266.277 / upper = 0.650 / lower = 0.000)
[20190613_080947 / lib_ip.py:3753] file = img.20190613_080946.2019-06-13_07-46-51_000.jpg.1.png / val_Average = 128.1330	val_Variance = 266.2768	sd = 16.3180	max = 168	min = 0
[20190613_080947 / lib_ip.py:3936] len(Hs) = 8100, len(Ss) = 8100, len(Vs) = 8100
[20190613_080947 / lib_ip.py:3982] red : variance --> out of range (variance = 266.277 / upper = 0.430 / lower = 0.000)
[20190613_080947 / lib_ip.py:3753] file = img.20190613_080946.2019-06-13_07-46-51_000.jpg.1.png / val_Average = 128.1330	val_Variance = 266.2768	sd = 16.3180	max = 168	min = 0
[20190613_080947 / lib_ip.py:4052] len(Hs) = 8100, len(Ss) = 8100, len(Vs) = 8100
[20190613_080947 / lib_ip.py:4099] green : variance --> out of range (variance = 266.277 / upper = 0.760 / lower = 0.000)
[20190613_080947 / lib_ip.py:3753] file = img.20190613_080946.2019-06-13_07-46-51_000.jpg.1.png / val_Average = 128.1330	val_Variance = 266.2768	sd = 16.3180	max = 168	min = 0
[20190613_080948 / lib_ip.py:4169] len(Hs) = 8100, len(Ss) = 8100, len(Vs) = 8100
[20190613_080948 / lib_ip.py:4208] blue : variance --> out of range (variance = 266.277 / upper = 0.930 / lower = 0.010)
[20190613_080948 / lib_ip.py:3753] file = img.20190613_080946.2019-06-13_07-46-51_000.jpg.1.png / val_Average = 128.1330	val_Variance = 266.2768	sd = 16.3180	max = 168	min = 0
[20190613_080948 / lib_ip.py:4275] len(Hs) = 8100, len(Ss) = 8100, len(Vs) = 8100
[20190613_080948 / lib_ip.py:4314] pink : variance --> out of range (variance = 266.277 / upper = 0.750 / lower = 0.030)
[20190613_080948 / lib_ip.py:3753] file = img.20190613_080946.2019-06-13_07-46-51_000.jpg.1.png / val_Average = 128.1330	val_Variance = 266.2768	sd = 16.3180	max = 168	min = 0
[20190613_080948 / lib_ip.py:4378] len(Hs) = 8100, len(Ss) = 8100, len(Vs) = 8100
[20190613_080948 / lib_ip.py:4422] black : variance --> out of range (variance = 266.277 / upper = 0.000 / lower = 0.000)
[20190613_080948 / lib_ip.py:4593] file : img.20190613_080946.2019-06-13_07-46-51_000.jpg.1.png 0 (black : variance --> out of range (variance = 266.277 / upper = 0.000 / lower = 0.000))
[20190613_080948 / lib_ip.py:2274] inspecting ===> img.20190613_080946.2019-06-13_07-46-51_000.jpg.2.png
[20190613_080948 / lib_ip.py:4505] 
img.20190613_080946.2019-06-13_07-46-51_000.jpg.2.png 1 ---------------------
[20190613_080949 / lib_ip.py:3753] file = img.20190613_080946.2019-06-13_07-46-51_000.jpg.2.png / val_Average = 75.2475	val_Variance = 0.3880	sd = 0.6229	max = 77	min = 73
[20190613_080949 / lib_ip.py:3836] len(Hs) = 8100, len(Ss) = 8100, len(Vs) = 8100
[20190613_080949 / lib_ip.py:3891] yellow : average --> out of range (average = 75.248 / upper = 99.200 / lower = 85.500)
[20190613_080949 / lib_ip.py:3753] file = img.20190613_080946.2019-06-13_07-46-51_000.jpg.2.png / val_Average = 75.2475	val_Variance = 0.3880	sd = 0.6229	max = 77	min = 73
[20190613_080949 / lib_ip.py:3936] len(Hs) = 8100, len(Ss) = 8100, len(Vs) = 8100
[20190613_080949 / lib_ip.py:4007] red : average --> out of range (average = 75.248 / upper = 124.600 / lower = 115.000)
[20190613_080949 / lib_ip.py:3753] file = img.20190613_080946.2019-06-13_07-46-51_000.jpg.2.png / val_Average = 75.2475	val_Variance = 0.3880	sd = 0.6229	max = 77	min = 73
[20190613_080949 / lib_ip.py:4052] len(Hs) = 8100, len(Ss) = 8100, len(Vs) = 8100
[20190613_080949 / lib_ip.py:2274] inspecting ===> img.20190613_080946.2019-06-13_07-46-51_000.jpg.3.png
[20190613_080949 / lib_ip.py:4505] 
img.20190613_080946.2019-06-13_07-46-51_000.jpg.3.png 2 ---------------------
[20190613_080950 / lib_ip.py:3753] file = img.20190613_080946.2019-06-13_07-46-51_000.jpg.3.png / val_Average = 110.1753	val_Variance = 11.2974	sd = 3.3612	max = 122	min = 98
[20190613_080950 / lib_ip.py:3836] len(Hs) = 8100, len(Ss) = 8100, len(Vs) = 8100
[20190613_080950 / lib_ip.py:3869] yellow : variance --> out of range (variance = 11.297 / upper = 0.650 / lower = 0.000)
[20190613_080950 / lib_ip.py:3753] file = img.20190613_080946.2019-06-13_07-46-51_000.jpg.3.png / val_Average = 110.1753	val_Variance = 11.2974	sd = 3.3612	max = 122	min = 98
[20190613_080950 / lib_ip.py:3936] len(Hs) = 8100, len(Ss) = 8100, len(Vs) = 8100
[20190613_080950 / lib_ip.py:3982] red : variance --> out of range (variance = 11.297 / upper = 0.430 / lower = 0.000)
[20190613_080950 / lib_ip.py:3753] file = img.20190613_080946.2019-06-13_07-46-51_000.jpg.3.png / val_Average = 110.1753	val_Variance = 11.2974	sd = 3.3612	max = 122	min = 98
[20190613_080950 / lib_ip.py:4052] len(Hs) = 8100, len(Ss) = 8100, len(Vs) = 8100
[20190613_080950 / lib_ip.py:4099] green : variance --> out of range (variance = 11.297 / upper = 0.760 / lower = 0.000)
[20190613_080950 / lib_ip.py:3753] file = img.20190613_080946.2019-06-13_07-46-51_000.jpg.3.png / val_Average = 110.1753	val_Variance = 11.2974	sd = 3.3612	max = 122	min = 98
[20190613_080950 / lib_ip.py:4169] len(Hs) = 8100, len(Ss) = 8100, len(Vs) = 8100
[20190613_080950 / lib_ip.py:4208] blue : variance --> out of range (variance = 11.297 / upper = 0.930 / lower = 0.010)
[20190613_080950 / lib_ip.py:3753] file = img.20190613_080946.2019-06-13_07-46-51_000.jpg.3.png / val_Average = 110.1753	val_Variance = 11.2974	sd = 3.3612	max = 122	min = 98
[20190613_080950 / lib_ip.py:4275] len(Hs) = 8100, len(Ss) = 8100, len(Vs) = 8100
[20190613_080950 / lib_ip.py:4314] pink : variance --> out of range (variance = 11.297 / upper = 0.750 / lower = 0.030)
[20190613_080950 / lib_ip.py:3753] file = img.20190613_080946.2019-06-13_07-46-51_000.jpg.3.png / val_Average = 110.1753	val_Variance = 11.2974	sd = 3.3612	max = 122	min = 98
[20190613_080950 / lib_ip.py:4378] len(Hs) = 8100, len(Ss) = 8100, len(Vs) = 8100
[20190613_080950 / lib_ip.py:4422] black : variance --> out of range (variance = 11.297 / upper = 0.000 / lower = 0.000)
[20190613_080951 / lib_ip.py:4593] file : img.20190613_080946.2019-06-13_07-46-51_000.jpg.3.png 2 (black : variance --> out of range (variance = 11.297 / upper = 0.000 / lower = 0.000))
[20190613_080951 / lib_ip.py:2274] inspecting ===> img.20190613_080946.2019-06-13_07-46-51_000.jpg.4.png
[20190613_080951 / lib_ip.py:4505] 
img.20190613_080946.2019-06-13_07-46-51_000.jpg.4.png 3 ---------------------
[20190613_080951 / lib_ip.py:3753] file = img.20190613_080946.2019-06-13_07-46-51_000.jpg.4.png / val_Average = 12.8090	val_Variance = 0.2481	sd = 0.4981	max = 14	min = 11
[20190613_080951 / lib_ip.py:3836] len(Hs) = 8100, len(Ss) = 8100, len(Vs) = 8100
[20190613_080951 / lib_ip.py:3891] yellow : average --> out of range (average = 12.809 / upper = 99.200 / lower = 85.500)
[20190613_080951 / lib_ip.py:3753] file = img.20190613_080946.2019-06-13_07-46-51_000.jpg.4.png / val_Average = 12.8090	val_Variance = 0.2481	sd = 0.4981	max = 14	min = 11
[20190613_080951 / lib_ip.py:3936] len(Hs) = 8100, len(Ss) = 8100, len(Vs) = 8100
[20190613_080951 / lib_ip.py:4007] red : average --> out of range (average = 12.809 / upper = 124.600 / lower = 115.000)
[20190613_080951 / lib_ip.py:3753] file = img.20190613_080946.2019-06-13_07-46-51_000.jpg.4.png / val_Average = 12.8090	val_Variance = 0.2481	sd = 0.4981	max = 14	min = 11
[20190613_080951 / lib_ip.py:4052] len(Hs) = 8100, len(Ss) = 8100, len(Vs) = 8100
[20190613_080952 / lib_ip.py:4124] green : average --> out of range (average = 12.809 / upper = 85.000 / lower = 58.000)
[20190613_080952 / lib_ip.py:3753] file = img.20190613_080946.2019-06-13_07-46-51_000.jpg.4.png / val_Average = 12.8090	val_Variance = 0.2481	sd = 0.4981	max = 14	min = 11
[20190613_080952 / lib_ip.py:4169] len(Hs) = 8100, len(Ss) = 8100, len(Vs) = 8100
[20190613_080951 / lib_ip.py:2274] inspecting ===> img.20190613_080946.2019-06-13_07-46-51_000.jpg.4.png
img.20190613_080946.2019-06-13_07-46-51_000.jpg.1.png => other
img.20190613_080946.2019-06-13_07-46-51_000.jpg.2.png => other
img.20190613_080946.2019-06-13_07-46-51_000.jpg.3.png => other
img.20190613_080946.2019-06-13_07-46-51_000.jpg.4.png => other
[20190613_080952 lib_ip.py:3301] =============== Get 4 corners
dpath_Images = C:\WORKS_2\WS\WS_Others.Art\JVEMV6\46_art\VIRTUAL\Admin_Projects\ip\images
fname_Image = img.20190613_080946.2019-06-13_07-46-51_000.jpg.4.png

[20190613_080952 / lib_ip.py:2274] inspecting ===> img.20190613_080952.2019-06-13_07-47-19_000.jpg.1.png
[20190613_080953 / lib_ip.py:4505] 
img.20190613_080952.2019-06-13_07-47-19_000.jpg.1.png 0 ---------------------
[20190613_080953 / lib_ip.py:3753] file = img.20190613_080952.2019-06-13_07-47-19_000.jpg.1.png / val_Average = 160.2909	val_Variance = 1312.1779	sd = 36.2240	max = 176	min = 0
[20190613_080953 / lib_ip.py:3836] len(Hs) = 8100, len(Ss) = 8100, len(Vs) = 8100
[20190613_080953 / lib_ip.py:3869] yellow : variance --> out of range (variance = 1312.178 / upper = 0.650 / lower = 0.000)
[20190613_080953 / lib_ip.py:3753] file = img.20190613_080952.2019-06-13_07-47-19_000.jpg.1.png / val_Average = 160.2909	val_Variance = 1312.1779	sd = 36.2240	max = 176	min = 0
[20190613_080953 / lib_ip.py:3936] len(Hs) = 8100, len(Ss) = 8100, len(Vs) = 8100
[20190613_080953 / lib_ip.py:3982] red : variance --> out of range (variance = 1312.178 / upper = 0.430 / lower = 0.000)
[20190613_080953 / lib_ip.py:3753] file = img.20190613_080952.2019-06-13_07-47-19_000.jpg.1.png / val_Average = 160.2909	val_Variance = 1312.1779	sd = 36.2240	max = 176	min = 0
[20190613_080953 / lib_ip.py:4052] len(Hs) = 8100, len(Ss) = 8100, len(Vs) = 8100
[20190613_080953 / lib_ip.py:4099] green : variance --> out of range (variance = 1312.178 / upper = 0.760 / lower = 0.000)
[20190613_080953 / lib_ip.py:3753] file = img.20190613_080952.2019-06-13_07-47-19_000.jpg.1.png / val_Average = 160.2909	val_Variance = 1312.1779	sd = 36.2240	max = 176	min = 0
[20190613_080953 / lib_ip.py:4169] len(Hs) = 8100, len(Ss) = 8100, len(Vs) = 8100
[20190613_080953 / lib_ip.py:4208] blue : variance --> out of range (variance = 1312.178 / upper = 0.930 / lower = 0.010)
[20190613_080953 / lib_ip.py:3753] file = img.20190613_080952.2019-06-13_07-47-19_000.jpg.1.png / val_Average = 160.2909	val_Variance = 1312.1779	sd = 36.2240	max = 176	min = 0
[20190613_080953 / lib_ip.py:4275] len(Hs) = 8100, len(Ss) = 8100, len(Vs) = 8100
[20190613_080953 / lib_ip.py:4314] pink : variance --> out of range (variance = 1312.178 / upper = 0.750 / lower = 0.030)
[20190613_080953 / lib_ip.py:3753] file = img.20190613_080952.2019-06-13_07-47-19_000.jpg.1.png / val_Average = 160.2909	val_Variance = 1312.1779	sd = 36.2240	max = 176	min = 0
[20190613_080953 / lib_ip.py:4378] len(Hs) = 8100, len(Ss) = 8100, len(Vs) = 8100
[20190613_080953 / lib_ip.py:4422] black : variance --> out of range (variance = 1312.178 / upper = 0.000 / lower = 0.000)
[20190613_080953 / lib_ip.py:4593] file : img.20190613_080952.2019-06-13_07-47-19_000.jpg.1.png 0 (black : variance --> out of range (variance = 1312.178 / upper = 0.000 / lower = 0.000))
[20190613_080953 / lib_ip.py:2274] inspecting ===> img.20190613_080952.2019-06-13_07-47-19_000.jpg.2.png
[20190613_080954 / lib_ip.py:4505] 
img.20190613_080952.2019-06-13_07-47-19_000.jpg.2.png 1 ---------------------
[20190613_080954 / lib_ip.py:3753] file = img.20190613_080952.2019-06-13_07-47-19_000.jpg.2.png / val_Average = 73.8389	val_Variance = 0.6902	sd = 0.8308	max = 76	min = 72
[20190613_080954 / lib_ip.py:3836] len(Hs) = 8100, len(Ss) = 8100, len(Vs) = 8100
[20190613_080954 / lib_ip.py:3869] yellow : variance --> out of range (variance = 0.690 / upper = 0.650 / lower = 0.000)
[20190613_080954 / lib_ip.py:3753] file = img.20190613_080952.2019-06-13_07-47-19_000.jpg.2.png / val_Average = 73.8389	val_Variance = 0.6902	sd = 0.8308	max = 76	min = 72
[20190613_080954 / lib_ip.py:3936] len(Hs) = 8100, len(Ss) = 8100, len(Vs) = 8100
[20190613_080954 / lib_ip.py:3982] red : variance --> out of range (variance = 0.690 / upper = 0.430 / lower = 0.000)
[20190613_080954 / lib_ip.py:3753] file = img.20190613_080952.2019-06-13_07-47-19_000.jpg.2.png / val_Average = 73.8389	val_Variance = 0.6902	sd = 0.8308	max = 76	min = 72
[20190613_080954 / lib_ip.py:4052] len(Hs) = 8100, len(Ss) = 8100, len(Vs) = 8100
[20190613_080954 / lib_ip.py:2274] inspecting ===> img.20190613_080952.2019-06-13_07-47-19_000.jpg.3.png
[20190613_080955 / lib_ip.py:4505] 
img.20190613_080952.2019-06-13_07-47-19_000.jpg.3.png 2 ---------------------
[20190613_080955 / lib_ip.py:3753] file = img.20190613_080952.2019-06-13_07-47-19_000.jpg.3.png / val_Average = 107.6141	val_Variance = 3.1269	sd = 1.7683	max = 113	min = 99
[20190613_080955 / lib_ip.py:3836] len(Hs) = 8100, len(Ss) = 8100, len(Vs) = 8100
[20190613_080955 / lib_ip.py:3869] yellow : variance --> out of range (variance = 3.127 / upper = 0.650 / lower = 0.000)
[20190613_080955 / lib_ip.py:3753] file = img.20190613_080952.2019-06-13_07-47-19_000.jpg.3.png / val_Average = 107.6141	val_Variance = 3.1269	sd = 1.7683	max = 113	min = 99
[20190613_080955 / lib_ip.py:3936] len(Hs) = 8100, len(Ss) = 8100, len(Vs) = 8100
[20190613_080955 / lib_ip.py:3982] red : variance --> out of range (variance = 3.127 / upper = 0.430 / lower = 0.000)
[20190613_080955 / lib_ip.py:3753] file = img.20190613_080952.2019-06-13_07-47-19_000.jpg.3.png / val_Average = 107.6141	val_Variance = 3.1269	sd = 1.7683	max = 113	min = 99
[20190613_080955 / lib_ip.py:4052] len(Hs) = 8100, len(Ss) = 8100, len(Vs) = 8100
[20190613_080955 / lib_ip.py:4099] green : variance --> out of range (variance = 3.127 / upper = 0.760 / lower = 0.000)
[20190613_080955 / lib_ip.py:3753] file = img.20190613_080952.2019-06-13_07-47-19_000.jpg.3.png / val_Average = 107.6141	val_Variance = 3.1269	sd = 1.7683	max = 113	min = 99
[20190613_080955 / lib_ip.py:4169] len(Hs) = 8100, len(Ss) = 8100, len(Vs) = 8100
[20190613_080955 / lib_ip.py:4208] blue : variance --> out of range (variance = 3.127 / upper = 0.930 / lower = 0.010)
[20190613_080955 / lib_ip.py:3753] file = img.20190613_080952.2019-06-13_07-47-19_000.jpg.3.png / val_Average = 107.6141	val_Variance = 3.1269	sd = 1.7683	max = 113	min = 99
[20190613_080955 / lib_ip.py:4275] len(Hs) = 8100, len(Ss) = 8100, len(Vs) = 8100
[20190613_080955 / lib_ip.py:4314] pink : variance --> out of range (variance = 3.127 / upper = 0.750 / lower = 0.030)
[20190613_080955 / lib_ip.py:3753] file = img.20190613_080952.2019-06-13_07-47-19_000.jpg.3.png / val_Average = 107.6141	val_Variance = 3.1269	sd = 1.7683	max = 113	min = 99
[20190613_080955 / lib_ip.py:4378] len(Hs) = 8100, len(Ss) = 8100, len(Vs) = 8100
[20190613_080956 / lib_ip.py:4422] black : variance --> out of range (variance = 3.127 / upper = 0.000 / lower = 0.000)
[20190613_080956 / lib_ip.py:4593] file : img.20190613_080952.2019-06-13_07-47-19_000.jpg.3.png 2 (black : variance --> out of range (variance = 3.127 / upper = 0.000 / lower = 0.000))
[20190613_080956 / lib_ip.py:2274] inspecting ===> img.20190613_080952.2019-06-13_07-47-19_000.jpg.4.png
[20190613_080956 / lib_ip.py:4505] 
img.20190613_080952.2019-06-13_07-47-19_000.jpg.4.png 3 ---------------------
[20190613_080956 / lib_ip.py:3753] file = img.20190613_080952.2019-06-13_07-47-19_000.jpg.4.png / val_Average = 120.0993	val_Variance = 0.1052	sd = 0.3244	max = 121	min = 119
[20190613_080956 / lib_ip.py:3836] len(Hs) = 8100, len(Ss) = 8100, len(Vs) = 8100
[20190613_080956 / lib_ip.py:3891] yellow : average --> out of range (average = 120.099 / upper = 99.200 / lower = 85.500)
[20190613_080956 / lib_ip.py:3753] file = img.20190613_080952.2019-06-13_07-47-19_000.jpg.4.png / val_Average = 120.0993	val_Variance = 0.1052	sd = 0.3244	max = 121	min = 119
[20190613_080956 / lib_ip.py:3936] len(Hs) = 8100, len(Ss) = 8100, len(Vs) = 8100
[20190613_080956 / lib_ip.py:2274] inspecting ===> img.20190613_080952.2019-06-13_07-47-19_000.jpg.4.png
img.20190613_080952.2019-06-13_07-47-19_000.jpg.1.png => other
img.20190613_080952.2019-06-13_07-47-19_000.jpg.2.png => other
img.20190613_080952.2019-06-13_07-47-19_000.jpg.3.png => other
img.20190613_080952.2019-06-13_07-47-19_000.jpg.4.png => other
[20190613_080956 lib_ip.py:3301] =============== Get 4 corners
dpath_Images = C:\WORKS_2\WS\WS_Others.Art\JVEMV6\46_art\VIRTUAL\Admin_Projects\ip\images
fname_Image = img.20190613_080952.2019-06-13_07-47-19_000.jpg.4.png

[20190613_080957 / lib_ip.py:2274] inspecting ===> img.20190613_080957.2019-06-13_07-48-17_000.jpg.1.png
[20190613_080958 / lib_ip.py:4505] 
img.20190613_080957.2019-06-13_07-48-17_000.jpg.1.png 0 ---------------------
[20190613_080958 / lib_ip.py:3753] file = img.20190613_080957.2019-06-13_07-48-17_000.jpg.1.png / val_Average = 11.0078	val_Variance = 0.4033	sd = 0.6350	max = 13	min = 8
[20190613_080958 / lib_ip.py:3836] len(Hs) = 8100, len(Ss) = 8100, len(Vs) = 8100
[20190613_080958 / lib_ip.py:3891] yellow : average --> out of range (average = 11.008 / upper = 99.200 / lower = 85.500)
[20190613_080958 / lib_ip.py:3753] file = img.20190613_080957.2019-06-13_07-48-17_000.jpg.1.png / val_Average = 11.0078	val_Variance = 0.4033	sd = 0.6350	max = 13	min = 8
[20190613_080958 / lib_ip.py:3936] len(Hs) = 8100, len(Ss) = 8100, len(Vs) = 8100
[20190613_080958 / lib_ip.py:4007] red : average --> out of range (average = 11.008 / upper = 124.600 / lower = 115.000)
[20190613_080959 / lib_ip.py:3753] file = img.20190613_080957.2019-06-13_07-48-17_000.jpg.1.png / val_Average = 11.0078	val_Variance = 0.4033	sd = 0.6350	max = 13	min = 8
[20190613_080959 / lib_ip.py:4052] len(Hs) = 8100, len(Ss) = 8100, len(Vs) = 8100
[20190613_080959 / lib_ip.py:4124] green : average --> out of range (average = 11.008 / upper = 85.000 / lower = 58.000)
[20190613_080959 / lib_ip.py:3753] file = img.20190613_080957.2019-06-13_07-48-17_000.jpg.1.png / val_Average = 11.0078	val_Variance = 0.4033	sd = 0.6350	max = 13	min = 8
[20190613_080959 / lib_ip.py:4169] len(Hs) = 8100, len(Ss) = 8100, len(Vs) = 8100
[20190613_080959 / lib_ip.py:2274] inspecting ===> img.20190613_080957.2019-06-13_07-48-17_000.jpg.2.png
[20190613_081000 / lib_ip.py:4505] 
img.20190613_080957.2019-06-13_07-48-17_000.jpg.2.png 1 ---------------------
[20190613_081000 / lib_ip.py:3753] file = img.20190613_080957.2019-06-13_07-48-17_000.jpg.2.png / val_Average = 12.3668	val_Variance = 0.2829	sd = 0.5319	max = 14	min = 11
[20190613_081000 / lib_ip.py:3836] len(Hs) = 8100, len(Ss) = 8100, len(Vs) = 8100
[20190613_081000 / lib_ip.py:3891] yellow : average --> out of range (average = 12.367 / upper = 99.200 / lower = 85.500)
[20190613_081000 / lib_ip.py:3753] file = img.20190613_080957.2019-06-13_07-48-17_000.jpg.2.png / val_Average = 12.3668	val_Variance = 0.2829	sd = 0.5319	max = 14	min = 11
[20190613_081000 / lib_ip.py:3936] len(Hs) = 8100, len(Ss) = 8100, len(Vs) = 8100
[20190613_081000 / lib_ip.py:4007] red : average --> out of range (average = 12.367 / upper = 124.600 / lower = 115.000)
[20190613_081000 / lib_ip.py:3753] file = img.20190613_080957.2019-06-13_07-48-17_000.jpg.2.png / val_Average = 12.3668	val_Variance = 0.2829	sd = 0.5319	max = 14	min = 11
[20190613_081001 / lib_ip.py:4052] len(Hs) = 8100, len(Ss) = 8100, len(Vs) = 8100
[20190613_081001 / lib_ip.py:4124] green : average --> out of range (average = 12.367 / upper = 85.000 / lower = 58.000)
[20190613_081001 / lib_ip.py:3753] file = img.20190613_080957.2019-06-13_07-48-17_000.jpg.2.png / val_Average = 12.3668	val_Variance = 0.2829	sd = 0.5319	max = 14	min = 11
[20190613_081001 / lib_ip.py:4169] len(Hs) = 8100, len(Ss) = 8100, len(Vs) = 8100
[20190613_081001 / lib_ip.py:2274] inspecting ===> img.20190613_080957.2019-06-13_07-48-17_000.jpg.3.png
[20190613_081001 / lib_ip.py:4505] 
img.20190613_080957.2019-06-13_07-48-17_000.jpg.3.png 2 ---------------------
[20190613_081002 / lib_ip.py:3753] file = img.20190613_080957.2019-06-13_07-48-17_000.jpg.3.png / val_Average = 112.5649	val_Variance = 15.5552	sd = 3.9440	max = 130	min = 99
[20190613_081002 / lib_ip.py:3836] len(Hs) = 8100, len(Ss) = 8100, len(Vs) = 8100
[20190613_081002 / lib_ip.py:3869] yellow : variance --> out of range (variance = 15.555 / upper = 0.650 / lower = 0.000)
[20190613_081002 / lib_ip.py:3753] file = img.20190613_080957.2019-06-13_07-48-17_000.jpg.3.png / val_Average = 112.5649	val_Variance = 15.5552	sd = 3.9440	max = 130	min = 99
[20190613_081002 / lib_ip.py:3936] len(Hs) = 8100, len(Ss) = 8100, len(Vs) = 8100
[20190613_081002 / lib_ip.py:3982] red : variance --> out of range (variance = 15.555 / upper = 0.430 / lower = 0.000)
[20190613_081002 / lib_ip.py:3753] file = img.20190613_080957.2019-06-13_07-48-17_000.jpg.3.png / val_Average = 112.5649	val_Variance = 15.5552	sd = 3.9440	max = 130	min = 99
[20190613_081002 / lib_ip.py:4052] len(Hs) = 8100, len(Ss) = 8100, len(Vs) = 8100
[20190613_081002 / lib_ip.py:4099] green : variance --> out of range (variance = 15.555 / upper = 0.760 / lower = 0.000)
[20190613_081003 / lib_ip.py:3753] file = img.20190613_080957.2019-06-13_07-48-17_000.jpg.3.png / val_Average = 112.5649	val_Variance = 15.5552	sd = 3.9440	max = 130	min = 99
[20190613_081003 / lib_ip.py:4169] len(Hs) = 8100, len(Ss) = 8100, len(Vs) = 8100
[20190613_081003 / lib_ip.py:4208] blue : variance --> out of range (variance = 15.555 / upper = 0.930 / lower = 0.010)
[20190613_081003 / lib_ip.py:3753] file = img.20190613_080957.2019-06-13_07-48-17_000.jpg.3.png / val_Average = 112.5649	val_Variance = 15.5552	sd = 3.9440	max = 130	min = 99
[20190613_081003 / lib_ip.py:4275] len(Hs) = 8100, len(Ss) = 8100, len(Vs) = 8100
[20190613_081003 / lib_ip.py:4314] pink : variance --> out of range (variance = 15.555 / upper = 0.750 / lower = 0.030)
[20190613_081003 / lib_ip.py:3753] file = img.20190613_080957.2019-06-13_07-48-17_000.jpg.3.png / val_Average = 112.5649	val_Variance = 15.5552	sd = 3.9440	max = 130	min = 99
[20190613_081003 / lib_ip.py:4378] len(Hs) = 8100, len(Ss) = 8100, len(Vs) = 8100
[20190613_081003 / lib_ip.py:4422] black : variance --> out of range (variance = 15.555 / upper = 0.000 / lower = 0.000)
[20190613_081003 / lib_ip.py:4593] file : img.20190613_080957.2019-06-13_07-48-17_000.jpg.3.png 2 (black : variance --> out of range (variance = 15.555 / upper = 0.000 / lower = 0.000))
[20190613_081003 / lib_ip.py:2274] inspecting ===> img.20190613_080957.2019-06-13_07-48-17_000.jpg.4.png
[20190613_081003 / lib_ip.py:4505] 
img.20190613_080957.2019-06-13_07-48-17_000.jpg.4.png 3 ---------------------
[20190613_081004 / lib_ip.py:3753] file = img.20190613_080957.2019-06-13_07-48-17_000.jpg.4.png / val_Average = 107.1028	val_Variance = 13.4328	sd = 3.6651	max = 123	min = 95
[20190613_081004 / lib_ip.py:3836] len(Hs) = 8100, len(Ss) = 8100, len(Vs) = 8100
[20190613_081004 / lib_ip.py:3869] yellow : variance --> out of range (variance = 13.433 / upper = 0.650 / lower = 0.000)
[20190613_081004 / lib_ip.py:3753] file = img.20190613_080957.2019-06-13_07-48-17_000.jpg.4.png / val_Average = 107.1028	val_Variance = 13.4328	sd = 3.6651	max = 123	min = 95
[20190613_081004 / lib_ip.py:3936] len(Hs) = 8100, len(Ss) = 8100, len(Vs) = 8100
[20190613_081004 / lib_ip.py:3982] red : variance --> out of range (variance = 13.433 / upper = 0.430 / lower = 0.000)
[20190613_081004 / lib_ip.py:3753] file = img.20190613_080957.2019-06-13_07-48-17_000.jpg.4.png / val_Average = 107.1028	val_Variance = 13.4328	sd = 3.6651	max = 123	min = 95
[20190613_081004 / lib_ip.py:4052] len(Hs) = 8100, len(Ss) = 8100, len(Vs) = 8100
[20190613_081005 / lib_ip.py:4099] green : variance --> out of range (variance = 13.433 / upper = 0.760 / lower = 0.000)
[20190613_081005 / lib_ip.py:3753] file = img.20190613_080957.2019-06-13_07-48-17_000.jpg.4.png / val_Average = 107.1028	val_Variance = 13.4328	sd = 3.6651	max = 123	min = 95
[20190613_081005 / lib_ip.py:4169] len(Hs) = 8100, len(Ss) = 8100, len(Vs) = 8100
[20190613_081005 / lib_ip.py:4208] blue : variance --> out of range (variance = 13.433 / upper = 0.930 / lower = 0.010)
[20190613_081005 / lib_ip.py:3753] file = img.20190613_080957.2019-06-13_07-48-17_000.jpg.4.png / val_Average = 107.1028	val_Variance = 13.4328	sd = 3.6651	max = 123	min = 95
[20190613_081005 / lib_ip.py:4275] len(Hs) = 8100, len(Ss) = 8100, len(Vs) = 8100
[20190613_081005 / lib_ip.py:4314] pink : variance --> out of range (variance = 13.433 / upper = 0.750 / lower = 0.030)
[20190613_081005 / lib_ip.py:3753] file = img.20190613_080957.2019-06-13_07-48-17_000.jpg.4.png / val_Average = 107.1028	val_Variance = 13.4328	sd = 3.6651	max = 123	min = 95
[20190613_081005 / lib_ip.py:4378] len(Hs) = 8100, len(Ss) = 8100, len(Vs) = 8100
[20190613_081005 / lib_ip.py:4422] black : variance --> out of range (variance = 13.433 / upper = 0.000 / lower = 0.000)
[20190613_081005 / lib_ip.py:4593] file : img.20190613_080957.2019-06-13_07-48-17_000.jpg.4.png 3 (black : variance --> out of range (variance = 13.433 / upper = 0.000 / lower = 0.000))
[20190613_081003 / lib_ip.py:2274] inspecting ===> img.20190613_080957.2019-06-13_07-48-17_000.jpg.4.png
img.20190613_080957.2019-06-13_07-48-17_000.jpg.1.png => other
img.20190613_080957.2019-06-13_07-48-17_000.jpg.2.png => other
img.20190613_080957.2019-06-13_07-48-17_000.jpg.3.png => other
img.20190613_080957.2019-06-13_07-48-17_000.jpg.4.png => other
[20190613_081005 lib_ip.py:3301] =============== Get 4 corners
dpath_Images = C:\WORKS_2\WS\WS_Others.Art\JVEMV6\46_art\VIRTUAL\Admin_Projects\ip\images
fname_Image = img.20190613_080957.2019-06-13_07-48-17_000.jpg.4.png

[20190613_081006 / lib_ip.py:2274] inspecting ===> img.20190613_081006.2019-06-13_07-48-38_000.jpg.1.png
[20190613_081007 / lib_ip.py:4505] 
img.20190613_081006.2019-06-13_07-48-38_000.jpg.1.png 0 ---------------------
[20190613_081007 / lib_ip.py:3753] file = img.20190613_081006.2019-06-13_07-48-38_000.jpg.1.png / val_Average = 12.0968	val_Variance = 0.3716	sd = 0.6096	max = 14	min = 10
[20190613_081007 / lib_ip.py:3836] len(Hs) = 8100, len(Ss) = 8100, len(Vs) = 8100
[20190613_081007 / lib_ip.py:3891] yellow : average --> out of range (average = 12.097 / upper = 99.200 / lower = 85.500)
[20190613_081007 / lib_ip.py:3753] file = img.20190613_081006.2019-06-13_07-48-38_000.jpg.1.png / val_Average = 12.0968	val_Variance = 0.3716	sd = 0.6096	max = 14	min = 10
[20190613_081007 / lib_ip.py:3936] len(Hs) = 8100, len(Ss) = 8100, len(Vs) = 8100
[20190613_081008 / lib_ip.py:4007] red : average --> out of range (average = 12.097 / upper = 124.600 / lower = 115.000)
[20190613_081008 / lib_ip.py:3753] file = img.20190613_081006.2019-06-13_07-48-38_000.jpg.1.png / val_Average = 12.0968	val_Variance = 0.3716	sd = 0.6096	max = 14	min = 10
[20190613_081008 / lib_ip.py:4052] len(Hs) = 8100, len(Ss) = 8100, len(Vs) = 8100
[20190613_081008 / lib_ip.py:4124] green : average --> out of range (average = 12.097 / upper = 85.000 / lower = 58.000)
[20190613_081009 / lib_ip.py:3753] file = img.20190613_081006.2019-06-13_07-48-38_000.jpg.1.png / val_Average = 12.0968	val_Variance = 0.3716	sd = 0.6096	max = 14	min = 10
[20190613_081009 / lib_ip.py:4169] len(Hs) = 8100, len(Ss) = 8100, len(Vs) = 8100
[20190613_081009 / lib_ip.py:2274] inspecting ===> img.20190613_081006.2019-06-13_07-48-38_000.jpg.2.png
[20190613_081010 / lib_ip.py:4505] 
img.20190613_081006.2019-06-13_07-48-38_000.jpg.2.png 1 ---------------------
[20190613_081010 / lib_ip.py:3753] file = img.20190613_081006.2019-06-13_07-48-38_000.jpg.2.png / val_Average = 13.1184	val_Variance = 0.1333	sd = 0.3651	max = 14	min = 12
[20190613_081010 / lib_ip.py:3836] len(Hs) = 8100, len(Ss) = 8100, len(Vs) = 8100
[20190613_081010 / lib_ip.py:3891] yellow : average --> out of range (average = 13.118 / upper = 99.200 / lower = 85.500)
[20190613_081010 / lib_ip.py:3753] file = img.20190613_081006.2019-06-13_07-48-38_000.jpg.2.png / val_Average = 13.1184	val_Variance = 0.1333	sd = 0.3651	max = 14	min = 12
[20190613_081010 / lib_ip.py:3936] len(Hs) = 8100, len(Ss) = 8100, len(Vs) = 8100
[20190613_081010 / lib_ip.py:4007] red : average --> out of range (average = 13.118 / upper = 124.600 / lower = 115.000)
[20190613_081010 / lib_ip.py:3753] file = img.20190613_081006.2019-06-13_07-48-38_000.jpg.2.png / val_Average = 13.1184	val_Variance = 0.1333	sd = 0.3651	max = 14	min = 12
[20190613_081010 / lib_ip.py:4052] len(Hs) = 8100, len(Ss) = 8100, len(Vs) = 8100
[20190613_081010 / lib_ip.py:4124] green : average --> out of range (average = 13.118 / upper = 85.000 / lower = 58.000)
[20190613_081011 / lib_ip.py:3753] file = img.20190613_081006.2019-06-13_07-48-38_000.jpg.2.png / val_Average = 13.1184	val_Variance = 0.1333	sd = 0.3651	max = 14	min = 12
[20190613_081011 / lib_ip.py:4169] len(Hs) = 8100, len(Ss) = 8100, len(Vs) = 8100
[20190613_081011 / lib_ip.py:2274] inspecting ===> img.20190613_081006.2019-06-13_07-48-38_000.jpg.3.png
[20190613_081011 / lib_ip.py:4505] 
img.20190613_081006.2019-06-13_07-48-38_000.jpg.3.png 2 ---------------------
[20190613_081011 / lib_ip.py:3753] file = img.20190613_081006.2019-06-13_07-48-38_000.jpg.3.png / val_Average = 110.1722	val_Variance = 47.6576	sd = 6.9035	max = 160	min = 0
[20190613_081011 / lib_ip.py:3836] len(Hs) = 8100, len(Ss) = 8100, len(Vs) = 8100
[20190613_081011 / lib_ip.py:3869] yellow : variance --> out of range (variance = 47.658 / upper = 0.650 / lower = 0.000)
[20190613_081011 / lib_ip.py:3753] file = img.20190613_081006.2019-06-13_07-48-38_000.jpg.3.png / val_Average = 110.1722	val_Variance = 47.6576	sd = 6.9035	max = 160	min = 0
[20190613_081011 / lib_ip.py:3936] len(Hs) = 8100, len(Ss) = 8100, len(Vs) = 8100
[20190613_081011 / lib_ip.py:3982] red : variance --> out of range (variance = 47.658 / upper = 0.430 / lower = 0.000)
[20190613_081011 / lib_ip.py:3753] file = img.20190613_081006.2019-06-13_07-48-38_000.jpg.3.png / val_Average = 110.1722	val_Variance = 47.6576	sd = 6.9035	max = 160	min = 0
[20190613_081011 / lib_ip.py:4052] len(Hs) = 8100, len(Ss) = 8100, len(Vs) = 8100
[20190613_081011 / lib_ip.py:4099] green : variance --> out of range (variance = 47.658 / upper = 0.760 / lower = 0.000)
[20190613_081012 / lib_ip.py:3753] file = img.20190613_081006.2019-06-13_07-48-38_000.jpg.3.png / val_Average = 110.1722	val_Variance = 47.6576	sd = 6.9035	max = 160	min = 0
[20190613_081012 / lib_ip.py:4169] len(Hs) = 8100, len(Ss) = 8100, len(Vs) = 8100
[20190613_081012 / lib_ip.py:4208] blue : variance --> out of range (variance = 47.658 / upper = 0.930 / lower = 0.010)
[20190613_081012 / lib_ip.py:3753] file = img.20190613_081006.2019-06-13_07-48-38_000.jpg.3.png / val_Average = 110.1722	val_Variance = 47.6576	sd = 6.9035	max = 160	min = 0
[20190613_081012 / lib_ip.py:4275] len(Hs) = 8100, len(Ss) = 8100, len(Vs) = 8100
[20190613_081012 / lib_ip.py:4314] pink : variance --> out of range (variance = 47.658 / upper = 0.750 / lower = 0.030)
[20190613_081012 / lib_ip.py:3753] file = img.20190613_081006.2019-06-13_07-48-38_000.jpg.3.png / val_Average = 110.1722	val_Variance = 47.6576	sd = 6.9035	max = 160	min = 0
[20190613_081012 / lib_ip.py:4378] len(Hs) = 8100, len(Ss) = 8100, len(Vs) = 8100
[20190613_081012 / lib_ip.py:4422] black : variance --> out of range (variance = 47.658 / upper = 0.000 / lower = 0.000)
[20190613_081012 / lib_ip.py:4593] file : img.20190613_081006.2019-06-13_07-48-38_000.jpg.3.png 2 (black : variance --> out of range (variance = 47.658 / upper = 0.000 / lower = 0.000))
[20190613_081012 / lib_ip.py:2274] inspecting ===> img.20190613_081006.2019-06-13_07-48-38_000.jpg.4.png
[20190613_081012 / lib_ip.py:4505] 
img.20190613_081006.2019-06-13_07-48-38_000.jpg.4.png 3 ---------------------
[20190613_081012 / lib_ip.py:3753] file = img.20190613_081006.2019-06-13_07-48-38_000.jpg.4.png / val_Average = 106.7256	val_Variance = 10.5300	sd = 3.2450	max = 120	min = 90
[20190613_081012 / lib_ip.py:3836] len(Hs) = 8100, len(Ss) = 8100, len(Vs) = 8100
[20190613_081013 / lib_ip.py:3869] yellow : variance --> out of range (variance = 10.530 / upper = 0.650 / lower = 0.000)
[20190613_081013 / lib_ip.py:3753] file = img.20190613_081006.2019-06-13_07-48-38_000.jpg.4.png / val_Average = 106.7256	val_Variance = 10.5300	sd = 3.2450	max = 120	min = 90
[20190613_081013 / lib_ip.py:3936] len(Hs) = 8100, len(Ss) = 8100, len(Vs) = 8100
[20190613_081013 / lib_ip.py:3982] red : variance --> out of range (variance = 10.530 / upper = 0.430 / lower = 0.000)
[20190613_081013 / lib_ip.py:3753] file = img.20190613_081006.2019-06-13_07-48-38_000.jpg.4.png / val_Average = 106.7256	val_Variance = 10.5300	sd = 3.2450	max = 120	min = 90
[20190613_081013 / lib_ip.py:4052] len(Hs) = 8100, len(Ss) = 8100, len(Vs) = 8100
[20190613_081013 / lib_ip.py:4099] green : variance --> out of range (variance = 10.530 / upper = 0.760 / lower = 0.000)
[20190613_081013 / lib_ip.py:3753] file = img.20190613_081006.2019-06-13_07-48-38_000.jpg.4.png / val_Average = 106.7256	val_Variance = 10.5300	sd = 3.2450	max = 120	min = 90
[20190613_081013 / lib_ip.py:4169] len(Hs) = 8100, len(Ss) = 8100, len(Vs) = 8100
[20190613_081013 / lib_ip.py:4208] blue : variance --> out of range (variance = 10.530 / upper = 0.930 / lower = 0.010)
[20190613_081014 / lib_ip.py:3753] file = img.20190613_081006.2019-06-13_07-48-38_000.jpg.4.png / val_Average = 106.7256	val_Variance = 10.5300	sd = 3.2450	max = 120	min = 90
[20190613_081014 / lib_ip.py:4275] len(Hs) = 8100, len(Ss) = 8100, len(Vs) = 8100
[20190613_081014 / lib_ip.py:4314] pink : variance --> out of range (variance = 10.530 / upper = 0.750 / lower = 0.030)
[20190613_081014 / lib_ip.py:3753] file = img.20190613_081006.2019-06-13_07-48-38_000.jpg.4.png / val_Average = 106.7256	val_Variance = 10.5300	sd = 3.2450	max = 120	min = 90
[20190613_081014 / lib_ip.py:4378] len(Hs) = 8100, len(Ss) = 8100, len(Vs) = 8100
[20190613_081014 / lib_ip.py:4422] black : variance --> out of range (variance = 10.530 / upper = 0.000 / lower = 0.000)
[20190613_081014 / lib_ip.py:4593] file : img.20190613_081006.2019-06-13_07-48-38_000.jpg.4.png 3 (black : variance --> out of range (variance = 10.530 / upper = 0.000 / lower = 0.000))
[20190613_081012 / lib_ip.py:2274] inspecting ===> img.20190613_081006.2019-06-13_07-48-38_000.jpg.4.png
img.20190613_081006.2019-06-13_07-48-38_000.jpg.1.png => other
img.20190613_081006.2019-06-13_07-48-38_000.jpg.2.png => other
img.20190613_081006.2019-06-13_07-48-38_000.jpg.3.png => other
img.20190613_081006.2019-06-13_07-48-38_000.jpg.4.png => other
[20190613_081014 lib_ip.py:3301] =============== Get 4 corners
dpath_Images = C:\WORKS_2\WS\WS_Others.Art\JVEMV6\46_art\VIRTUAL\Admin_Projects\ip\images
fname_Image = img.20190613_081006.2019-06-13_07-48-38_000.jpg.4.png

[20190613_081014 / views.py:1411] gen csv => complete (20190613_081014)(elapsed = 70.008 sec / 9 files / 7.779 sec per file)
1)	2019-06-12_11-37-49_000.jpg => 	other other other yellow 
2)	2019-06-12_16-29-40_000.jpg => 	green other green other 
3)	2019-06-12_20-42-43_000.jpg => 	other other yellow other 
4)	2019-06-13_01-24-31_000.jpg => 	other other other other 
5)	2019-06-13_07-03-12_000.jpg => 	other other other other 
6)	2019-06-13_07-46-51_000.jpg => 	other green other blue 
7)	2019-06-13_07-47-19_000.jpg => 	other green other red 
8)	2019-06-13_07-48-17_000.jpg => 	blue blue other other 
9)	2019-06-13_07-48-38_000.jpg => 	blue blue other other 
[20190613_081014 / views.py:1753] lo_ColorName_Set__Modified_2 =>
1)	2019-06-12_11-37-49_000.jpg => 	o o o y 
2)	2019-06-12_16-29-40_000.jpg => 	g g o o 
3)	2019-06-12_20-42-43_000.jpg => 	o o o y 
4)	2019-06-13_01-24-31_000.jpg => 	o o o o 
5)	2019-06-13_07-03-12_000.jpg => 	o o o o 
6)	2019-06-13_07-46-51_000.jpg => 	b g o o 
7)	2019-06-13_07-47-19_000.jpg => 	g o o r 
8)	2019-06-13_07-48-17_000.jpg => 	b b o o 
9)	2019-06-13_07-48-38_000.jpg => 	b b o o 
[20190613_081016 / views.py:1839] gen_Cake_CSV(request) ==> ending... =======================//

