[20190427_135039 / views.py:1886] exec_get_4_corners(request) ================================
[20190427_135041 / lib_ip.py:1961] lo_Color_Names =>
img.20190427_135040.2019-04-27_13-05-22_000.jpg.1.png => other
img.20190427_135040.2019-04-27_13-05-22_000.jpg.2.png => other
img.20190427_135040.2019-04-27_13-05-22_000.jpg.3.png => other
img.20190427_135040.2019-04-27_13-05-22_000.jpg.4.png => other
[20190427_135042 / lib_ip.py:4505] 
2019-04-27_13-05-22_000.jpg 0 ---------------------
[20190427_135042 / lib_ip.py:3753] file = 2019-04-27_13-05-22_000.jpg / val_Average = 110.0742	val_Variance = 3.4094	sd = 1.8465	max = 115	min = 105
[20190427_135042 / lib_ip.py:3836] len(Hs) = 8100, len(Ss) = 8100, len(Vs) = 8100
[20190427_135042 / lib_ip.py:3869] yellow : variance --> out of range (variance = 3.409 / upper = 0.650 / lower = 0.000)
[20190427_135043 / lib_ip.py:3753] file = 2019-04-27_13-05-22_000.jpg / val_Average = 110.0742	val_Variance = 3.4094	sd = 1.8465	max = 115	min = 105
[20190427_135043 / lib_ip.py:3936] len(Hs) = 8100, len(Ss) = 8100, len(Vs) = 8100
[20190427_135043 / lib_ip.py:3982] red : variance --> out of range (variance = 3.409 / upper = 0.430 / lower = 0.000)
[20190427_135043 / lib_ip.py:3753] file = 2019-04-27_13-05-22_000.jpg / val_Average = 110.0742	val_Variance = 3.4094	sd = 1.8465	max = 115	min = 105
[20190427_135043 / lib_ip.py:4052] len(Hs) = 8100, len(Ss) = 8100, len(Vs) = 8100
[20190427_135043 / lib_ip.py:4099] green : variance --> out of range (variance = 3.409 / upper = 0.760 / lower = 0.000)
[20190427_135043 / lib_ip.py:3753] file = 2019-04-27_13-05-22_000.jpg / val_Average = 110.0742	val_Variance = 3.4094	sd = 1.8465	max = 115	min = 105
[20190427_135043 / lib_ip.py:4169] len(Hs) = 8100, len(Ss) = 8100, len(Vs) = 8100
[20190427_135043 / lib_ip.py:4208] blue : variance --> out of range (variance = 3.409 / upper = 0.930 / lower = 0.010)
[20190427_135043 / lib_ip.py:3753] file = 2019-04-27_13-05-22_000.jpg / val_Average = 110.0742	val_Variance = 3.4094	sd = 1.8465	max = 115	min = 105
[20190427_135043 / lib_ip.py:4275] len(Hs) = 8100, len(Ss) = 8100, len(Vs) = 8100
[20190427_135043 / lib_ip.py:4314] pink : variance --> out of range (variance = 3.409 / upper = 0.750 / lower = 0.030)
[20190427_135043 / lib_ip.py:3753] file = 2019-04-27_13-05-22_000.jpg / val_Average = 110.0742	val_Variance = 3.4094	sd = 1.8465	max = 115	min = 105
[20190427_135043 / lib_ip.py:4378] len(Hs) = 8100, len(Ss) = 8100, len(Vs) = 8100
[20190427_135044 / lib_ip.py:4422] black : variance --> out of range (variance = 3.409 / upper = 0.000 / lower = 0.000)
[20190427_135044 / lib_ip.py:4593] file : 2019-04-27_13-05-22_000.jpg 0 (black : variance --> out of range (variance = 3.409 / upper = 0.000 / lower = 0.000))
[20190427_135044 / lib_ip.py:4505] 
2019-04-27_13-05-22_000.jpg 1 ---------------------
[20190427_135044 / lib_ip.py:3753] file = 2019-04-27_13-05-22_000.jpg / val_Average = 121.2700	val_Variance = 0.2514	sd = 0.5014	max = 122	min = 119
[20190427_135044 / lib_ip.py:3836] len(Hs) = 8100, len(Ss) = 8100, len(Vs) = 8100
[20190427_135044 / lib_ip.py:3891] yellow : average --> out of range (average = 121.270 / upper = 99.200 / lower = 85.500)
[20190427_135044 / lib_ip.py:3753] file = 2019-04-27_13-05-22_000.jpg / val_Average = 121.2700	val_Variance = 0.2514	sd = 0.5014	max = 122	min = 119
[20190427_135044 / lib_ip.py:3936] len(Hs) = 8100, len(Ss) = 8100, len(Vs) = 8100
[20190427_135044 / lib_ip.py:4505] 
2019-04-27_13-05-22_000.jpg 2 ---------------------
[20190427_135044 / lib_ip.py:3753] file = 2019-04-27_13-05-22_000.jpg / val_Average = 99.7432	val_Variance = 1.8760	sd = 1.3697	max = 104	min = 96
[20190427_135044 / lib_ip.py:3836] len(Hs) = 8100, len(Ss) = 8100, len(Vs) = 8100
[20190427_135044 / lib_ip.py:3869] yellow : variance --> out of range (variance = 1.876 / upper = 0.650 / lower = 0.000)
[20190427_135045 / lib_ip.py:3753] file = 2019-04-27_13-05-22_000.jpg / val_Average = 99.7432	val_Variance = 1.8760	sd = 1.3697	max = 104	min = 96
[20190427_135045 / lib_ip.py:3936] len(Hs) = 8100, len(Ss) = 8100, len(Vs) = 8100
[20190427_135045 / lib_ip.py:3982] red : variance --> out of range (variance = 1.876 / upper = 0.430 / lower = 0.000)
[20190427_135045 / lib_ip.py:3753] file = 2019-04-27_13-05-22_000.jpg / val_Average = 99.7432	val_Variance = 1.8760	sd = 1.3697	max = 104	min = 96
[20190427_135045 / lib_ip.py:4052] len(Hs) = 8100, len(Ss) = 8100, len(Vs) = 8100
[20190427_135045 / lib_ip.py:4099] green : variance --> out of range (variance = 1.876 / upper = 0.760 / lower = 0.000)
[20190427_135045 / lib_ip.py:3753] file = 2019-04-27_13-05-22_000.jpg / val_Average = 99.7432	val_Variance = 1.8760	sd = 1.3697	max = 104	min = 96
[20190427_135045 / lib_ip.py:4169] len(Hs) = 8100, len(Ss) = 8100, len(Vs) = 8100
[20190427_135045 / lib_ip.py:4208] blue : variance --> out of range (variance = 1.876 / upper = 0.930 / lower = 0.010)
[20190427_135045 / lib_ip.py:3753] file = 2019-04-27_13-05-22_000.jpg / val_Average = 99.7432	val_Variance = 1.8760	sd = 1.3697	max = 104	min = 96
[20190427_135045 / lib_ip.py:4275] len(Hs) = 8100, len(Ss) = 8100, len(Vs) = 8100
[20190427_135046 / lib_ip.py:4314] pink : variance --> out of range (variance = 1.876 / upper = 0.750 / lower = 0.030)
[20190427_135046 / lib_ip.py:3753] file = 2019-04-27_13-05-22_000.jpg / val_Average = 99.7432	val_Variance = 1.8760	sd = 1.3697	max = 104	min = 96
[20190427_135046 / lib_ip.py:4378] len(Hs) = 8100, len(Ss) = 8100, len(Vs) = 8100
[20190427_135046 / lib_ip.py:4422] black : variance --> out of range (variance = 1.876 / upper = 0.000 / lower = 0.000)
[20190427_135046 / lib_ip.py:4593] file : 2019-04-27_13-05-22_000.jpg 2 (black : variance --> out of range (variance = 1.876 / upper = 0.000 / lower = 0.000))
[20190427_135046 / lib_ip.py:4505] 
2019-04-27_13-05-22_000.jpg 3 ---------------------
[20190427_135046 / lib_ip.py:3753] file = 2019-04-27_13-05-22_000.jpg / val_Average = 86.0090	val_Variance = 0.1452	sd = 0.3811	max = 88	min = 85
[20190427_135046 / lib_ip.py:3836] len(Hs) = 8100, len(Ss) = 8100, len(Vs) = 8100
[20190427_135046 / lib_ip.py:2021] lo_Color_Names_2 =>
file = img.20190427_135040.2019-04-27_13-05-22_000.jpg.1.png / color name = other
file = img.20190427_135040.2019-04-27_13-05-22_000.jpg.2.png / color name = red
file = img.20190427_135040.2019-04-27_13-05-22_000.jpg.3.png / color name = other
file = img.20190427_135040.2019-04-27_13-05-22_000.jpg.4.png / color name = yellow
