[20190208_114718 / views.py:1880] exec_get_4_corners(request) ================================
[20190208_114721 / lib_ip.py:1961] lo_Color_Names =>
img.20190208_114720.2019-02-08_00-40-00_000.jpg.1.png => other
img.20190208_114720.2019-02-08_00-40-00_000.jpg.2.png => other
img.20190208_114720.2019-02-08_00-40-00_000.jpg.3.png => other
img.20190208_114720.2019-02-08_00-40-00_000.jpg.4.png => other
[20190208_114721 / lib_ip.py:4505] 
2019-02-08_00-40-00_000.jpg 0 ---------------------
[20190208_114721 / lib_ip.py:3753] file = 2019-02-08_00-40-00_000.jpg / val_Average = 140.7331	val_Variance = 0.2544	sd = 0.5044	max = 142	min = 139
[20190208_114721 / lib_ip.py:3836] len(Hs) = 8100, len(Ss) = 8100, len(Vs) = 8100
[20190208_114721 / lib_ip.py:3891] yellow : average --> out of range (average = 140.733 / upper = 99.200 / lower = 85.500)
[20190208_114721 / lib_ip.py:3753] file = 2019-02-08_00-40-00_000.jpg / val_Average = 140.7331	val_Variance = 0.2544	sd = 0.5044	max = 142	min = 139
[20190208_114721 / lib_ip.py:3936] len(Hs) = 8100, len(Ss) = 8100, len(Vs) = 8100
[20190208_114721 / lib_ip.py:4007] red : average --> out of range (average = 140.733 / upper = 124.000 / lower = 115.000)
[20190208_114721 / lib_ip.py:3753] file = 2019-02-08_00-40-00_000.jpg / val_Average = 140.7331	val_Variance = 0.2544	sd = 0.5044	max = 142	min = 139
[20190208_114722 / lib_ip.py:4052] len(Hs) = 8100, len(Ss) = 8100, len(Vs) = 8100
[20190208_114722 / lib_ip.py:4124] green : average --> out of range (average = 140.733 / upper = 85.000 / lower = 58.000)
[20190208_114722 / lib_ip.py:3753] file = 2019-02-08_00-40-00_000.jpg / val_Average = 140.7331	val_Variance = 0.2544	sd = 0.5044	max = 142	min = 139
[20190208_114722 / lib_ip.py:4169] len(Hs) = 8100, len(Ss) = 8100, len(Vs) = 8100
[20190208_114722 / lib_ip.py:4230] blue : average --> out of range (average = 140.733 / upper = 17.000 / lower = 8.850)
[20190208_114722 / lib_ip.py:3753] file = 2019-02-08_00-40-00_000.jpg / val_Average = 140.7331	val_Variance = 0.2544	sd = 0.5044	max = 142	min = 139
[20190208_114722 / lib_ip.py:4275] len(Hs) = 8100, len(Ss) = 8100, len(Vs) = 8100
[20190208_114722 / lib_ip.py:4505] 
2019-02-08_00-40-00_000.jpg 1 ---------------------
[20190208_114722 / lib_ip.py:3753] file = 2019-02-08_00-40-00_000.jpg / val_Average = 112.0699	val_Variance = 0.4823	sd = 0.6945	max = 115	min = 110
[20190208_114722 / lib_ip.py:3836] len(Hs) = 8100, len(Ss) = 8100, len(Vs) = 8100
[20190208_114722 / lib_ip.py:3891] yellow : average --> out of range (average = 112.070 / upper = 99.200 / lower = 85.500)
[20190208_114722 / lib_ip.py:3753] file = 2019-02-08_00-40-00_000.jpg / val_Average = 112.0699	val_Variance = 0.4823	sd = 0.6945	max = 115	min = 110
[20190208_114722 / lib_ip.py:3936] len(Hs) = 8100, len(Ss) = 8100, len(Vs) = 8100
[20190208_114722 / lib_ip.py:3982] red : variance --> out of range (variance = 0.482 / upper = 0.430 / lower = 0.000)
[20190208_114722 / lib_ip.py:3753] file = 2019-02-08_00-40-00_000.jpg / val_Average = 112.0699	val_Variance = 0.4823	sd = 0.6945	max = 115	min = 110
[20190208_114722 / lib_ip.py:4052] len(Hs) = 8100, len(Ss) = 8100, len(Vs) = 8100
[20190208_114722 / lib_ip.py:4124] green : average --> out of range (average = 112.070 / upper = 85.000 / lower = 58.000)
[20190208_114723 / lib_ip.py:3753] file = 2019-02-08_00-40-00_000.jpg / val_Average = 112.0699	val_Variance = 0.4823	sd = 0.6945	max = 115	min = 110
[20190208_114723 / lib_ip.py:4169] len(Hs) = 8100, len(Ss) = 8100, len(Vs) = 8100
[20190208_114723 / lib_ip.py:4230] blue : average --> out of range (average = 112.070 / upper = 17.000 / lower = 8.850)
[20190208_114723 / lib_ip.py:3753] file = 2019-02-08_00-40-00_000.jpg / val_Average = 112.0699	val_Variance = 0.4823	sd = 0.6945	max = 115	min = 110
[20190208_114723 / lib_ip.py:4275] len(Hs) = 8100, len(Ss) = 8100, len(Vs) = 8100
[20190208_114723 / lib_ip.py:4336] pink : average --> out of range (average = 112.070 / upper = 141.000 / lower = 127.900)
[20190208_114723 / lib_ip.py:3753] file = 2019-02-08_00-40-00_000.jpg / val_Average = 112.0699	val_Variance = 0.4823	sd = 0.6945	max = 115	min = 110
[20190208_114723 / lib_ip.py:4378] len(Hs) = 8100, len(Ss) = 8100, len(Vs) = 8100
[20190208_114723 / lib_ip.py:4422] black : variance --> out of range (variance = 0.482 / upper = 0.000 / lower = 0.000)
[20190208_114723 / lib_ip.py:4593] file : 2019-02-08_00-40-00_000.jpg 1 (black : variance --> out of range (variance = 0.482 / upper = 0.000 / lower = 0.000))
[20190208_114723 / lib_ip.py:4505] 
2019-02-08_00-40-00_000.jpg 2 ---------------------
[20190208_114723 / lib_ip.py:3753] file = 2019-02-08_00-40-00_000.jpg / val_Average = 108.0053	val_Variance = 2.3240	sd = 1.5245	max = 113	min = 104
[20190208_114723 / lib_ip.py:3836] len(Hs) = 8100, len(Ss) = 8100, len(Vs) = 8100
[20190208_114723 / lib_ip.py:3869] yellow : variance --> out of range (variance = 2.324 / upper = 0.650 / lower = 0.000)
[20190208_114723 / lib_ip.py:3753] file = 2019-02-08_00-40-00_000.jpg / val_Average = 108.0053	val_Variance = 2.3240	sd = 1.5245	max = 113	min = 104
[20190208_114723 / lib_ip.py:3936] len(Hs) = 8100, len(Ss) = 8100, len(Vs) = 8100
[20190208_114724 / lib_ip.py:3982] red : variance --> out of range (variance = 2.324 / upper = 0.430 / lower = 0.000)
[20190208_114724 / lib_ip.py:3753] file = 2019-02-08_00-40-00_000.jpg / val_Average = 108.0053	val_Variance = 2.3240	sd = 1.5245	max = 113	min = 104
[20190208_114724 / lib_ip.py:4052] len(Hs) = 8100, len(Ss) = 8100, len(Vs) = 8100
[20190208_114724 / lib_ip.py:4099] green : variance --> out of range (variance = 2.324 / upper = 0.760 / lower = 0.000)
[20190208_114724 / lib_ip.py:3753] file = 2019-02-08_00-40-00_000.jpg / val_Average = 108.0053	val_Variance = 2.3240	sd = 1.5245	max = 113	min = 104
[20190208_114724 / lib_ip.py:4169] len(Hs) = 8100, len(Ss) = 8100, len(Vs) = 8100
[20190208_114724 / lib_ip.py:4208] blue : variance --> out of range (variance = 2.324 / upper = 0.930 / lower = 0.010)
[20190208_114724 / lib_ip.py:3753] file = 2019-02-08_00-40-00_000.jpg / val_Average = 108.0053	val_Variance = 2.3240	sd = 1.5245	max = 113	min = 104
[20190208_114724 / lib_ip.py:4275] len(Hs) = 8100, len(Ss) = 8100, len(Vs) = 8100
[20190208_114724 / lib_ip.py:4314] pink : variance --> out of range (variance = 2.324 / upper = 0.750 / lower = 0.030)
[20190208_114724 / lib_ip.py:3753] file = 2019-02-08_00-40-00_000.jpg / val_Average = 108.0053	val_Variance = 2.3240	sd = 1.5245	max = 113	min = 104
[20190208_114724 / lib_ip.py:4378] len(Hs) = 8100, len(Ss) = 8100, len(Vs) = 8100
[20190208_114724 / lib_ip.py:4422] black : variance --> out of range (variance = 2.324 / upper = 0.000 / lower = 0.000)
[20190208_114724 / lib_ip.py:4593] file : 2019-02-08_00-40-00_000.jpg 2 (black : variance --> out of range (variance = 2.324 / upper = 0.000 / lower = 0.000))
[20190208_114724 / lib_ip.py:4505] 
2019-02-08_00-40-00_000.jpg 3 ---------------------
[20190208_114724 / lib_ip.py:3753] file = 2019-02-08_00-40-00_000.jpg / val_Average = 111.5048	val_Variance = 53.7658	sd = 7.3325	max = 150	min = 0
[20190208_114724 / lib_ip.py:3836] len(Hs) = 8100, len(Ss) = 8100, len(Vs) = 8100
[20190208_114724 / lib_ip.py:3869] yellow : variance --> out of range (variance = 53.766 / upper = 0.650 / lower = 0.000)
[20190208_114724 / lib_ip.py:3753] file = 2019-02-08_00-40-00_000.jpg / val_Average = 111.5048	val_Variance = 53.7658	sd = 7.3325	max = 150	min = 0
[20190208_114724 / lib_ip.py:3936] len(Hs) = 8100, len(Ss) = 8100, len(Vs) = 8100
[20190208_114725 / lib_ip.py:3982] red : variance --> out of range (variance = 53.766 / upper = 0.430 / lower = 0.000)
[20190208_114725 / lib_ip.py:3753] file = 2019-02-08_00-40-00_000.jpg / val_Average = 111.5048	val_Variance = 53.7658	sd = 7.3325	max = 150	min = 0
[20190208_114725 / lib_ip.py:4052] len(Hs) = 8100, len(Ss) = 8100, len(Vs) = 8100
[20190208_114725 / lib_ip.py:4099] green : variance --> out of range (variance = 53.766 / upper = 0.760 / lower = 0.000)
[20190208_114725 / lib_ip.py:3753] file = 2019-02-08_00-40-00_000.jpg / val_Average = 111.5048	val_Variance = 53.7658	sd = 7.3325	max = 150	min = 0
[20190208_114725 / lib_ip.py:4169] len(Hs) = 8100, len(Ss) = 8100, len(Vs) = 8100
[20190208_114725 / lib_ip.py:4208] blue : variance --> out of range (variance = 53.766 / upper = 0.930 / lower = 0.010)
[20190208_114725 / lib_ip.py:3753] file = 2019-02-08_00-40-00_000.jpg / val_Average = 111.5048	val_Variance = 53.7658	sd = 7.3325	max = 150	min = 0
[20190208_114725 / lib_ip.py:4275] len(Hs) = 8100, len(Ss) = 8100, len(Vs) = 8100
[20190208_114725 / lib_ip.py:4314] pink : variance --> out of range (variance = 53.766 / upper = 0.750 / lower = 0.030)
[20190208_114725 / lib_ip.py:3753] file = 2019-02-08_00-40-00_000.jpg / val_Average = 111.5048	val_Variance = 53.7658	sd = 7.3325	max = 150	min = 0
[20190208_114725 / lib_ip.py:4378] len(Hs) = 8100, len(Ss) = 8100, len(Vs) = 8100
[20190208_114725 / lib_ip.py:4422] black : variance --> out of range (variance = 53.766 / upper = 0.000 / lower = 0.000)
[20190208_114725 / lib_ip.py:4593] file : 2019-02-08_00-40-00_000.jpg 3 (black : variance --> out of range (variance = 53.766 / upper = 0.000 / lower = 0.000))
[20190208_114725 / lib_ip.py:2021] lo_Color_Names_2 =>
file = img.20190208_114720.2019-02-08_00-40-00_000.jpg.1.png / color name = pink
file = img.20190208_114720.2019-02-08_00-40-00_000.jpg.2.png / color name = other
file = img.20190208_114720.2019-02-08_00-40-00_000.jpg.3.png / color name = other
file = img.20190208_114720.2019-02-08_00-40-00_000.jpg.4.png / color name = other
