[20181208_093848 / views.py:1878] exec_get_4_corners(request) ================================
[20181208_093851 / lib_ip.py:1961] lo_Color_Names =>
img.20181208_093849.2018-12-07_10-49-45_000.jpg.1.png => other
img.20181208_093849.2018-12-07_10-49-45_000.jpg.2.png => other
img.20181208_093849.2018-12-07_10-49-45_000.jpg.3.png => other
img.20181208_093849.2018-12-07_10-49-45_000.jpg.4.png => other
[20181208_093851 / lib_ip.py:4399] 
2018-12-07_10-49-45_000.jpg 0 ---------------------
[20181208_093851 / lib_ip.py:3753] file = 2018-12-07_10-49-45_000.jpg / val_Average = 98.1889	val_Variance = 52.4789	sd = 7.2442	max = 112	min = 78
[20181208_093851 / lib_ip.py:3836] len(Hs) = 8100, len(Ss) = 8100, len(Vs) = 8100
[20181208_093851 / lib_ip.py:3869] yellow : variance --> out of range (variance = 52.479 / upper = 0.650 / lower = 0.000)
[20181208_093852 / lib_ip.py:3753] file = 2018-12-07_10-49-45_000.jpg / val_Average = 98.1889	val_Variance = 52.4789	sd = 7.2442	max = 112	min = 78
[20181208_093852 / lib_ip.py:3936] len(Hs) = 8100, len(Ss) = 8100, len(Vs) = 8100
[20181208_093852 / lib_ip.py:3982] red : variance --> out of range (variance = 52.479 / upper = 0.430 / lower = 0.000)
[20181208_093852 / lib_ip.py:3753] file = 2018-12-07_10-49-45_000.jpg / val_Average = 98.1889	val_Variance = 52.4789	sd = 7.2442	max = 112	min = 78
[20181208_093852 / lib_ip.py:4052] len(Hs) = 8100, len(Ss) = 8100, len(Vs) = 8100
[20181208_093852 / lib_ip.py:4099] green : variance --> out of range (variance = 52.479 / upper = 0.760 / lower = 0.000)
[20181208_093852 / lib_ip.py:3753] file = 2018-12-07_10-49-45_000.jpg / val_Average = 98.1889	val_Variance = 52.4789	sd = 7.2442	max = 112	min = 78
[20181208_093852 / lib_ip.py:4169] len(Hs) = 8100, len(Ss) = 8100, len(Vs) = 8100
[20181208_093852 / lib_ip.py:4208] blue : variance --> out of range (variance = 52.479 / upper = 0.250 / lower = 0.010)
[20181208_093852 / lib_ip.py:3753] file = 2018-12-07_10-49-45_000.jpg / val_Average = 98.1889	val_Variance = 52.4789	sd = 7.2442	max = 112	min = 78
[20181208_093852 / lib_ip.py:4272] len(Hs) = 8100, len(Ss) = 8100, len(Vs) = 8100
[20181208_093852 / lib_ip.py:4316] black : variance --> out of range (variance = 52.479 / upper = 0.000 / lower = 0.000)
[20181208_093852 / lib_ip.py:4477] file : 2018-12-07_10-49-45_000.jpg 0 (black : variance --> out of range (variance = 52.479 / upper = 0.000 / lower = 0.000))
[20181208_093852 / lib_ip.py:4399] 
2018-12-07_10-49-45_000.jpg 1 ---------------------
[20181208_093852 / lib_ip.py:3753] file = 2018-12-07_10-49-45_000.jpg / val_Average = 105.1464	val_Variance = 6.1262	sd = 2.4751	max = 115	min = 98
[20181208_093852 / lib_ip.py:3836] len(Hs) = 8100, len(Ss) = 8100, len(Vs) = 8100
[20181208_093852 / lib_ip.py:3869] yellow : variance --> out of range (variance = 6.126 / upper = 0.650 / lower = 0.000)
[20181208_093853 / lib_ip.py:3753] file = 2018-12-07_10-49-45_000.jpg / val_Average = 105.1464	val_Variance = 6.1262	sd = 2.4751	max = 115	min = 98
[20181208_093853 / lib_ip.py:3936] len(Hs) = 8100, len(Ss) = 8100, len(Vs) = 8100
[20181208_093853 / lib_ip.py:3982] red : variance --> out of range (variance = 6.126 / upper = 0.430 / lower = 0.000)
[20181208_093853 / lib_ip.py:3753] file = 2018-12-07_10-49-45_000.jpg / val_Average = 105.1464	val_Variance = 6.1262	sd = 2.4751	max = 115	min = 98
[20181208_093853 / lib_ip.py:4052] len(Hs) = 8100, len(Ss) = 8100, len(Vs) = 8100
[20181208_093853 / lib_ip.py:4099] green : variance --> out of range (variance = 6.126 / upper = 0.760 / lower = 0.000)
[20181208_093853 / lib_ip.py:3753] file = 2018-12-07_10-49-45_000.jpg / val_Average = 105.1464	val_Variance = 6.1262	sd = 2.4751	max = 115	min = 98
[20181208_093853 / lib_ip.py:4169] len(Hs) = 8100, len(Ss) = 8100, len(Vs) = 8100
[20181208_093853 / lib_ip.py:4208] blue : variance --> out of range (variance = 6.126 / upper = 0.250 / lower = 0.010)
[20181208_093853 / lib_ip.py:3753] file = 2018-12-07_10-49-45_000.jpg / val_Average = 105.1464	val_Variance = 6.1262	sd = 2.4751	max = 115	min = 98
[20181208_093853 / lib_ip.py:4272] len(Hs) = 8100, len(Ss) = 8100, len(Vs) = 8100
[20181208_093853 / lib_ip.py:4316] black : variance --> out of range (variance = 6.126 / upper = 0.000 / lower = 0.000)
[20181208_093853 / lib_ip.py:4477] file : 2018-12-07_10-49-45_000.jpg 1 (black : variance --> out of range (variance = 6.126 / upper = 0.000 / lower = 0.000))
[20181208_093853 / lib_ip.py:4399] 
2018-12-07_10-49-45_000.jpg 2 ---------------------
[20181208_093853 / lib_ip.py:3753] file = 2018-12-07_10-49-45_000.jpg / val_Average = 104.6448	val_Variance = 0.5438	sd = 0.7375	max = 107	min = 102
[20181208_093853 / lib_ip.py:3836] len(Hs) = 8100, len(Ss) = 8100, len(Vs) = 8100
[20181208_093853 / lib_ip.py:3891] yellow : average --> out of range (average = 104.645 / upper = 99.200 / lower = 88.000)
[20181208_093853 / lib_ip.py:3753] file = 2018-12-07_10-49-45_000.jpg / val_Average = 104.6448	val_Variance = 0.5438	sd = 0.7375	max = 107	min = 102
[20181208_093854 / lib_ip.py:3936] len(Hs) = 8100, len(Ss) = 8100, len(Vs) = 8100
[20181208_093854 / lib_ip.py:3982] red : variance --> out of range (variance = 0.544 / upper = 0.430 / lower = 0.000)
[20181208_093854 / lib_ip.py:3753] file = 2018-12-07_10-49-45_000.jpg / val_Average = 104.6448	val_Variance = 0.5438	sd = 0.7375	max = 107	min = 102
[20181208_093854 / lib_ip.py:4052] len(Hs) = 8100, len(Ss) = 8100, len(Vs) = 8100
[20181208_093854 / lib_ip.py:4124] green : average --> out of range (average = 104.645 / upper = 83.000 / lower = 58.000)
[20181208_093854 / lib_ip.py:3753] file = 2018-12-07_10-49-45_000.jpg / val_Average = 104.6448	val_Variance = 0.5438	sd = 0.7375	max = 107	min = 102
[20181208_093854 / lib_ip.py:4169] len(Hs) = 8100, len(Ss) = 8100, len(Vs) = 8100
[20181208_093854 / lib_ip.py:4208] blue : variance --> out of range (variance = 0.544 / upper = 0.250 / lower = 0.010)
[20181208_093854 / lib_ip.py:3753] file = 2018-12-07_10-49-45_000.jpg / val_Average = 104.6448	val_Variance = 0.5438	sd = 0.7375	max = 107	min = 102
[20181208_093854 / lib_ip.py:4272] len(Hs) = 8100, len(Ss) = 8100, len(Vs) = 8100
[20181208_093854 / lib_ip.py:4316] black : variance --> out of range (variance = 0.544 / upper = 0.000 / lower = 0.000)
[20181208_093854 / lib_ip.py:4477] file : 2018-12-07_10-49-45_000.jpg 2 (black : variance --> out of range (variance = 0.544 / upper = 0.000 / lower = 0.000))
[20181208_093854 / lib_ip.py:4399] 
2018-12-07_10-49-45_000.jpg 3 ---------------------
[20181208_093854 / lib_ip.py:3753] file = 2018-12-07_10-49-45_000.jpg / val_Average = 15.1111	val_Variance = 0.1170	sd = 0.3421	max = 17	min = 14
[20181208_093854 / lib_ip.py:3836] len(Hs) = 8100, len(Ss) = 8100, len(Vs) = 8100
[20181208_093854 / lib_ip.py:3891] yellow : average --> out of range (average = 15.111 / upper = 99.200 / lower = 88.000)
[20181208_093854 / lib_ip.py:3753] file = 2018-12-07_10-49-45_000.jpg / val_Average = 15.1111	val_Variance = 0.1170	sd = 0.3421	max = 17	min = 14
[20181208_093854 / lib_ip.py:3936] len(Hs) = 8100, len(Ss) = 8100, len(Vs) = 8100
[20181208_093854 / lib_ip.py:4007] red : average --> out of range (average = 15.111 / upper = 124.000 / lower = 115.000)
[20181208_093855 / lib_ip.py:3753] file = 2018-12-07_10-49-45_000.jpg / val_Average = 15.1111	val_Variance = 0.1170	sd = 0.3421	max = 17	min = 14
[20181208_093855 / lib_ip.py:4052] len(Hs) = 8100, len(Ss) = 8100, len(Vs) = 8100
[20181208_093855 / lib_ip.py:4124] green : average --> out of range (average = 15.111 / upper = 83.000 / lower = 58.000)
[20181208_093855 / lib_ip.py:3753] file = 2018-12-07_10-49-45_000.jpg / val_Average = 15.1111	val_Variance = 0.1170	sd = 0.3421	max = 17	min = 14
[20181208_093855 / lib_ip.py:4169] len(Hs) = 8100, len(Ss) = 8100, len(Vs) = 8100
[20181208_093855 / lib_ip.py:4230] blue : average --> out of range (average = 15.111 / upper = 13.300 / lower = 11.000)
[20181208_093855 / lib_ip.py:3753] file = 2018-12-07_10-49-45_000.jpg / val_Average = 15.1111	val_Variance = 0.1170	sd = 0.3421	max = 17	min = 14
[20181208_093855 / lib_ip.py:4272] len(Hs) = 8100, len(Ss) = 8100, len(Vs) = 8100
[20181208_093855 / lib_ip.py:4316] black : variance --> out of range (variance = 0.117 / upper = 0.000 / lower = 0.000)
[20181208_093855 / lib_ip.py:4477] file : 2018-12-07_10-49-45_000.jpg 3 (black : variance --> out of range (variance = 0.117 / upper = 0.000 / lower = 0.000))
[20181208_093855 / lib_ip.py:2021] lo_Color_Names_2 =>
file = img.20181208_093849.2018-12-07_10-49-45_000.jpg.1.png / color name = other
file = img.20181208_093849.2018-12-07_10-49-45_000.jpg.2.png / color name = other
file = img.20181208_093849.2018-12-07_10-49-45_000.jpg.3.png / color name = other
file = img.20181208_093849.2018-12-07_10-49-45_000.jpg.4.png / color name = other
