===============================
imageObj ==> instance made

===============================
imageObj ==> instance made

===============================
imageObj ==> instance made

===============================
[2018/04/07 13:13:35] imageObj ==> instance made

===============================
[2018/04/07 13:16:06 / 178] imageObj ==> instance made

===============================
[2018/04/07 13:19:57 / 851] imageObj ==> instance made

===============================
[2018/04/07 13:28:10 / 154] imageObj ==> instance made (lenOf_Stacks = 5)

===============================
[2018/04/07 13:31:01 / 154] imageObj ==> instance made (lenOf_Stacks = 5)

===============================
[2018/04/07 13:43:35 / 184] imageObj ==> instance made (num_Line_EndStack = 188 / num_Line_Current = 235)

===============================
[20180407_135147 / <function thisfile at 0x021C60F0>:252]
imageObj ==> instance made

===============================
[20180407_135248 / C:\WORKS_2\Programs\GIMP 2\plugins\plugin_2_1_4.py:252]
imageObj ==> instance made

===============================
[20180407_135404 / plugin_2_1_4.py:253]
imageObj ==> instance made

===============================
[20180407_135601 / plugin_2_1_4.py:253]
imageObj ==> instance made

===============================
[20180407_135726 / plugin_2_1_4.py:261]
imageObj ==> instance made

===============================
[20180407_135839 / plugin_2_1_4.py:268]
imageObj ==> instance made

===============================
[20180407_140044 / plugin_2_1_4.py:268]
imageObj ==> instance made

===============================
[20180407_140044 / plugin_2_1_4.py:274]
calling ---> im.add_Layer()

===============================
[20180407_140200 / plugin_2_1_4.py:275]
imageObj ==> instance made

===============================
[20180407_140200 / plugin_2_1_4.py:281]
calling ---> im.add_Layer()

===============================
[20180407_140315 / plugin_2_1_4.py:280]
imageObj ==> instance made

===============================
[20180407_140315 / plugin_2_1_4.py:286]
calling ---> im.add_Layer()

===============================
[20180407_140455 / plugin_2_1_4.py:280]
imageObj ==> instance made

===============================
[20180407_140455 / plugin_2_1_4.py:286]
calling ---> im.add_Layer()

===============================
[20180407_140455 / plugin_2_1_4.py:160]
add_Layer => starting...

===============================
[20180407_140455 / plugin_2_1_4.py:173]
gimp.Layer() ---> calling...

===============================
[20180407_140455 / plugin_2_1_4.py:183]
gimp.Layer() ---> done

===============================
[20180407_140455 / plugin_2_1_4.py:296]
imageObj ==> Layer added

===============================
[20180503_134802 / plugin_2_1_4.py:295]
imageObj ==> instance made

===============================
[20180503_134802 / plugin_2_1_4.py:301]
calling ---> im.add_Layer()

===============================
[20180503_134802 / plugin_2_1_4.py:175]
add_Layer => starting...

===============================
[20180503_134802 / plugin_2_1_4.py:188]
gimp.Layer() ---> calling...

===============================
[20180503_134802 / plugin_2_1_4.py:198]
gimp.Layer() ---> done

===============================
[20180503_134802 / plugin_2_1_4.py:311]
imageObj ==> Layer added

===============================
[20180503_140043 / plugin_2_1_4.py:349]
show_Message()

===============================
[20180503_140043 / plugin_2_1_4.py:359]
width => 640

===============================
[20180504_120445 / plugin_2_1_4.py:295]
imageObj ==> instance made

===============================
[20180504_120445 / plugin_2_1_4.py:301]
calling ---> im.add_Layer()

===============================
[20180504_120445 / plugin_2_1_4.py:175]
add_Layer => starting...

===============================
[20180504_120445 / plugin_2_1_4.py:188]
gimp.Layer() ---> calling...

===============================
[20180504_120445 / plugin_2_1_4.py:198]
gimp.Layer() ---> done

===============================
[20180504_120445 / plugin_2_1_4.py:311]
imageObj ==> Layer added

===============================
[20180504_121133 / plugin_2_1_4.py:274]
imageObj ==> instance made

===============================
[20180504_121133 / plugin_2_1_4.py:280]
calling ---> im.add_Layer()

===============================
[20180504_121133 / plugin_2_1_4.py:175]
add_Layer => starting...

===============================
[20180504_121133 / plugin_2_1_4.py:188]
gimp.Layer() ---> calling...

===============================
[20180504_121133 / plugin_2_1_4.py:198]
gimp.Layer() ---> done

===============================
[20180504_121133 / plugin_2_1_4.py:290]
imageObj ==> Layer added

===============================
[20180504_121133 / plugin_2_1_4.py:305]
drawable ==> obtained

===============================
[20180504_121257 / plugin_2_1_4.py:274]
imageObj ==> instance made

===============================
[20180504_121257 / plugin_2_1_4.py:280]
calling ---> im.add_Layer()

===============================
[20180504_121257 / plugin_2_1_4.py:175]
add_Layer => starting...

===============================
[20180504_121257 / plugin_2_1_4.py:188]
gimp.Layer() ---> calling...

===============================
[20180504_121257 / plugin_2_1_4.py:198]
gimp.Layer() ---> done

===============================
[20180504_121257 / plugin_2_1_4.py:290]
imageObj ==> Layer added

===============================
[20180504_121257 / plugin_2_1_4.py:305]
drawable ==> obtained

===============================
[20180504_121553 / plugin_2_1_4.py:274]
imageObj ==> instance made

===============================
[20180504_121553 / plugin_2_1_4.py:280]
calling ---> im.add_Layer()

===============================
[20180504_121553 / plugin_2_1_4.py:175]
add_Layer => starting...

===============================
[20180504_121553 / plugin_2_1_4.py:188]
gimp.Layer() ---> calling...

===============================
[20180504_121553 / plugin_2_1_4.py:198]
gimp.Layer() ---> done

===============================
[20180504_121553 / plugin_2_1_4.py:290]
imageObj ==> Layer added

===============================
[20180504_121553 / plugin_2_1_4.py:305]
drawable ==> obtained

===============================
[20180504_121553 / plugin_2_1_4.py:315]
bg ==> filled

===============================
[20180504_122550 / plugin_2_1_4.py:275]
imageObj ==> instance made

===============================
[20180504_122550 / plugin_2_1_4.py:281]
calling ---> im.add_Layer()

===============================
[20180504_122550 / plugin_2_1_4.py:175]
add_Layer => starting...

===============================
[20180504_122550 / plugin_2_1_4.py:188]
gimp.Layer() ---> calling...

===============================
[20180504_122550 / plugin_2_1_4.py:198]
gimp.Layer() ---> done

===============================
[20180504_122550 / plugin_2_1_4.py:291]
imageObj ==> Layer added

===============================
[20180504_122550 / plugin_2_1_4.py:309]
drawable ==> obtained

===============================
[20180504_122550 / plugin_2_1_4.py:320]
bg ==> filled

===============================
[20180504_122655 / plugin_2_1_4.py:275]
imageObj ==> instance made

===============================
[20180504_122655 / plugin_2_1_4.py:281]
calling ---> im.add_Layer()

===============================
[20180504_122655 / plugin_2_1_4.py:175]
add_Layer => starting...

===============================
[20180504_122655 / plugin_2_1_4.py:188]
gimp.Layer() ---> calling...

===============================
[20180504_122655 / plugin_2_1_4.py:198]
gimp.Layer() ---> done

===============================
[20180504_122655 / plugin_2_1_4.py:291]
imageObj ==> Layer added

===============================
[20180504_122655 / plugin_2_1_4.py:309]
drawable ==> obtained

===============================
[20180504_122655 / plugin_2_1_4.py:320]
bg ==> filled

===============================
[20180504_122701 / plugin_2_1_4.py:275]
imageObj ==> instance made

===============================
[20180504_122701 / plugin_2_1_4.py:281]
calling ---> im.add_Layer()

===============================
[20180504_122701 / plugin_2_1_4.py:175]
add_Layer => starting...

===============================
[20180504_122701 / plugin_2_1_4.py:188]
gimp.Layer() ---> calling...

===============================
[20180504_122701 / plugin_2_1_4.py:198]
gimp.Layer() ---> done

===============================
[20180504_122701 / plugin_2_1_4.py:291]
imageObj ==> Layer added

===============================
[20180504_122701 / plugin_2_1_4.py:309]
drawable ==> obtained

===============================
[20180504_122701 / plugin_2_1_4.py:320]
bg ==> filled

===============================
[20180504_122721 / plugin_2_1_4.py:275]
imageObj ==> instance made

===============================
[20180504_122721 / plugin_2_1_4.py:281]
calling ---> im.add_Layer()

===============================
[20180504_122721 / plugin_2_1_4.py:175]
add_Layer => starting...

===============================
[20180504_122721 / plugin_2_1_4.py:188]
gimp.Layer() ---> calling...

===============================
[20180504_122721 / plugin_2_1_4.py:198]
gimp.Layer() ---> done

===============================
[20180504_122721 / plugin_2_1_4.py:291]
imageObj ==> Layer added

===============================
[20180504_122721 / plugin_2_1_4.py:309]
drawable ==> obtained

===============================
[20180504_122721 / plugin_2_1_4.py:320]
bg ==> filled

===============================
[20180504_123910 / plugin_2_1_4.py:281]
imageObj ==> instance made

===============================
[20180504_123910 / plugin_2_1_4.py:287]
calling ---> im.add_Layer()

===============================
[20180504_123910 / plugin_2_1_4.py:175]
add_Layer => starting...

===============================
[20180504_123910 / plugin_2_1_4.py:188]
gimp.Layer() ---> calling...

===============================
[20180504_123910 / plugin_2_1_4.py:198]
gimp.Layer() ---> done

===============================
[20180504_123910 / plugin_2_1_4.py:297]
imageObj ==> Layer added

===============================
[20180504_123910 / plugin_2_1_4.py:315]
drawable ==> obtained

===============================
[20180504_123910 / plugin_2_1_4.py:326]
bg ==> filled

===============================
[20180504_123910 / plugin_2_1_4.py:281]
imageObj ==> instance made

===============================
[20180504_123910 / plugin_2_1_4.py:287]
calling ---> im.add_Layer()

===============================
[20180504_123910 / plugin_2_1_4.py:175]
add_Layer => starting...

===============================
[20180504_123910 / plugin_2_1_4.py:188]
gimp.Layer() ---> calling...

===============================
[20180504_123910 / plugin_2_1_4.py:198]
gimp.Layer() ---> done

===============================
[20180504_123910 / plugin_2_1_4.py:297]
imageObj ==> Layer added

===============================
[20180504_123910 / plugin_2_1_4.py:315]
drawable ==> obtained

===============================
[20180504_123910 / plugin_2_1_4.py:326]
bg ==> filled

===============================
[20180504_123940 / plugin_2_1_4.py:281]
imageObj ==> instance made

===============================
[20180504_123940 / plugin_2_1_4.py:287]
calling ---> im.add_Layer()

===============================
[20180504_123940 / plugin_2_1_4.py:175]
add_Layer => starting...

===============================
[20180504_123940 / plugin_2_1_4.py:188]
gimp.Layer() ---> calling...

===============================
[20180504_123940 / plugin_2_1_4.py:198]
gimp.Layer() ---> done

===============================
[20180504_123940 / plugin_2_1_4.py:297]
imageObj ==> Layer added

===============================
[20180504_123940 / plugin_2_1_4.py:315]
drawable ==> obtained

===============================
[20180504_123940 / plugin_2_1_4.py:326]
bg ==> filled

===============================
[20180504_123940 / plugin_2_1_4.py:281]
imageObj ==> instance made

===============================
[20180504_123940 / plugin_2_1_4.py:287]
calling ---> im.add_Layer()

===============================
[20180504_123940 / plugin_2_1_4.py:175]
add_Layer => starting...

===============================
[20180504_123940 / plugin_2_1_4.py:188]
gimp.Layer() ---> calling...

===============================
[20180504_123940 / plugin_2_1_4.py:198]
gimp.Layer() ---> done

===============================
[20180504_123940 / plugin_2_1_4.py:297]
imageObj ==> Layer added

===============================
[20180504_123940 / plugin_2_1_4.py:315]
drawable ==> obtained

===============================
[20180504_123940 / plugin_2_1_4.py:326]
bg ==> filled

===============================
[20180504_123940 / plugin_2_1_4.py:281]
imageObj ==> instance made

===============================
[20180504_123940 / plugin_2_1_4.py:287]
calling ---> im.add_Layer()

===============================
[20180504_123940 / plugin_2_1_4.py:175]
add_Layer => starting...

===============================
[20180504_123940 / plugin_2_1_4.py:188]
gimp.Layer() ---> calling...

===============================
[20180504_123940 / plugin_2_1_4.py:198]
gimp.Layer() ---> done

===============================
[20180504_123940 / plugin_2_1_4.py:297]
imageObj ==> Layer added

===============================
[20180504_123940 / plugin_2_1_4.py:315]
drawable ==> obtained

===============================
[20180504_123940 / plugin_2_1_4.py:326]
bg ==> filled

