[20180629_162535 / 1_1.py:135]=======================
[20180629_162615 / 1_1.py:135]=======================
[20180629_162615 / 1_1.py:152] change file name => name_Set[1] = 20180620 142410, item[1] = 20180620 142410
from : 20180620 142410.mp3 / to : 20180620_142410.m=1.mp3
[20180629_162615 / 1_1.py:152] change file name => name_Set[1] = 20180620 142656, item[1] = 20180620 142656
from : 20180620 142656.mp3 / to : 20180620_142656.m=1_var=1.mp3
[20180629_162615 / 1_1.py:152] change file name => name_Set[1] = 20180621 132041, item[1] = 20180621 132041
from : 20180621 132041.mp3 / to : 20180621_132041.m=1.mp3
[20180629_162615 / 1_1.py:152] change file name => name_Set[1] = 20180621 211720, item[1] = 20180621 211720
from : 20180621 211720.mp3 / to : 20180621_211720.m=1.mp3
[20180629_162615 / 1_1.py:152] change file name => name_Set[1] = 20180622 182608, item[1] = 20180622 182608
from : 20180622 182608.mp3 / to : 20180622_182608.m=2.mp3
[20180629_162615 / 1_1.py:152] change file name => name_Set[1] = 20180622 182712, item[1] = 20180622 182712
from : 20180622 182712.mp3 / to : 20180622_182712.m=1.mp3
[20180629_162615 / 1_1.py:152] change file name => name_Set[1] = 20180623 183927, item[1] = 20180623 183927
from : 20180623 183927.mp3 / to : 20180623_183927.m=2.mp3
[20180629_162615 / 1_1.py:152] change file name => name_Set[1] = 20180624 132601, item[1] = 20180624 132601
from : 20180624 132601.mp3 / to : 20180624_132601.m=2.mp3
[20180629_162615 / 1_1.py:152] change file name => name_Set[1] = 20180626 133622, item[1] = 20180626 133622
from : 20180626 133622.mp3 / to : 20180626_133622.R=1.mp3
[20180629_162754 / 1_1.py:135]=======================
[20180629_162754 / 1_1.py:152] change file name => name_Set[1] = 20180620 142410, item[1] = 20180620 142410
from : 20180620 142410.mp3 / to : 20180620_142410.m=1.mp3
[20180629_162754 / 1_1.py:152] change file name => name_Set[1] = 20180620 142656, item[1] = 20180620 142656
from : 20180620 142656.mp3 / to : 20180620_142656.m=1_var=1.mp3
[20180629_162754 / 1_1.py:152] change file name => name_Set[1] = 20180621 132041, item[1] = 20180621 132041
from : 20180621 132041.mp3 / to : 20180621_132041.m=1.mp3
[20180629_162754 / 1_1.py:152] change file name => name_Set[1] = 20180621 211720, item[1] = 20180621 211720
from : 20180621 211720.mp3 / to : 20180621_211720.m=1.mp3
[20180629_162754 / 1_1.py:152] change file name => name_Set[1] = 20180622 182608, item[1] = 20180622 182608
from : 20180622 182608.mp3 / to : 20180622_182608.m=2.mp3
[20180629_162754 / 1_1.py:152] change file name => name_Set[1] = 20180622 182712, item[1] = 20180622 182712
from : 20180622 182712.mp3 / to : 20180622_182712.m=1.mp3
[20180629_162754 / 1_1.py:152] change file name => name_Set[1] = 20180623 183927, item[1] = 20180623 183927
from : 20180623 183927.mp3 / to : 20180623_183927.m=2.mp3
[20180629_162754 / 1_1.py:152] change file name => name_Set[1] = 20180624 132601, item[1] = 20180624 132601
from : 20180624 132601.mp3 / to : 20180624_132601.m=2.mp3
[20180629_162754 / 1_1.py:152] change file name => name_Set[1] = 20180626 133622, item[1] = 20180626 133622
from : 20180626 133622.mp3 / to : 20180626_133622.R=1.mp3
renamed : 9 files

